sh: line 1: logger: command not found
/apps/conda/25.3.1/etc/profile.d/conda.sh: line 69: dirname: command not found
/apps/conda/25.3.1/etc/profile.d/conda.sh: line 69: dirname: command not found
/apps/conda/25.3.1/etc/profile.d/mamba.sh: line 59: basename: command not found
Error unknown MAMBA_EXE: "/apps/conda/25.3.1/bin/mamba", filename must be mamba or micromamba
Lmod has detected the following error: This module can only be used on RHEL9 nodes. 
While processing the following module(s):
    Module fullname  Module Filename
    ---------------  ---------------
    gcc/14.2.0       /apps/lmod/modulefiles/core/gcc/14.2.0.lua

pointnet_hippocampus_fs_37.py
/blue/stevenweisberg/ashishkumarsahoo/hippocampAI/conda_pyg_070923/lib/python3.8/site-packages/torch/cuda/__init__.py:155: UserWarning: 
NVIDIA B200 with CUDA capability sm_100 is not compatible with the current PyTorch installation.
The current PyTorch install supports CUDA capabilities sm_37 sm_50 sm_60 sm_61 sm_70 sm_75 sm_80 sm_86 compute_37.
If you want to use the NVIDIA B200 GPU with PyTorch, please check the instructions at https://pytorch.org/get-started/locally/

  warnings.warn(incompatible_device_warn.format(device_name, capability, " ".join(arch_list), device_name))
Number of GPUs available for training: 1
Fold 1
Epoch: 00, Training Loss: 0.0756, Train MSE: 0.0756, r (train): 0.2010, Test MSE: 0.0573, r (test): 0.2622
Epoch: 01, Training Loss: 0.0745, Train MSE: 0.0745, r (train): 0.3283, Test MSE: 0.0573, r (test): 0.3148
Epoch: 02, Training Loss: 0.0724, Train MSE: 0.0724, r (train): 0.4318, Test MSE: 0.0564, r (test): 0.3615
Epoch: 03, Training Loss: 0.0707, Train MSE: 0.0707, r (train): 0.5124, Test MSE: 0.0557, r (test): 0.4025
Epoch: 04, Training Loss: 0.0686, Train MSE: 0.0686, r (train): 0.5733, Test MSE: 0.0554, r (test): 0.3942
Epoch: 05, Training Loss: 0.0667, Train MSE: 0.0667, r (train): 0.6237, Test MSE: 0.0544, r (test): 0.4269
Epoch: 06, Training Loss: 0.0643, Train MSE: 0.0643, r (train): 0.6675, Test MSE: 0.0541, r (test): 0.4055
Epoch: 07, Training Loss: 0.0616, Train MSE: 0.0616, r (train): 0.7143, Test MSE: 0.0535, r (test): 0.4187
Epoch: 08, Training Loss: 0.0573, Train MSE: 0.0573, r (train): 0.7658, Test MSE: 0.0531, r (test): 0.4304
Epoch: 09, Training Loss: 0.0540, Train MSE: 0.0540, r (train): 0.7983, Test MSE: 0.0517, r (test): 0.4660
Epoch: 10, Training Loss: 0.0479, Train MSE: 0.0479, r (train): 0.8243, Test MSE: 0.0516, r (test): 0.4394
Epoch: 11, Training Loss: 0.0440, Train MSE: 0.0440, r (train): 0.8548, Test MSE: 0.0538, r (test): 0.3781
Epoch: 12, Training Loss: 0.0393, Train MSE: 0.0393, r (train): 0.8705, Test MSE: 0.0542, r (test): 0.3796
Epoch: 13, Training Loss: 0.0349, Train MSE: 0.0349, r (train): 0.8936, Test MSE: 0.0555, r (test): 0.3642
Epoch: 14, Training Loss: 0.0322, Train MSE: 0.0322, r (train): 0.9095, Test MSE: 0.0560, r (test): 0.3851
Epoch: 15, Training Loss: 0.0318, Train MSE: 0.0318, r (train): 0.9278, Test MSE: 0.0584, r (test): 0.3976
Epoch: 16, Training Loss: 0.0488, Train MSE: 0.0488, r (train): 0.9303, Test MSE: 0.0720, r (test): 0.3403
Epoch: 17, Training Loss: 0.0549, Train MSE: 0.0549, r (train): 0.9338, Test MSE: 0.0730, r (test): 0.3735
Epoch: 18, Training Loss: 0.0427, Train MSE: 0.0427, r (train): 0.9358, Test MSE: 0.0641, r (test): 0.3956
Epoch: 19, Training Loss: 0.0211, Train MSE: 0.0211, r (train): 0.9100, Test MSE: 0.0477, r (test): 0.4562
Epoch: 20, Training Loss: 0.0115, Train MSE: 0.0115, r (train): 0.9236, Test MSE: 0.0486, r (test): 0.5262
Epoch: 21, Training Loss: 0.0226, Train MSE: 0.0226, r (train): 0.9193, Test MSE: 0.0761, r (test): 0.3281
Epoch: 22, Training Loss: 0.0139, Train MSE: 0.0139, r (train): 0.9153, Test MSE: 0.0531, r (test): 0.3450
Epoch: 23, Training Loss: 0.0283, Train MSE: 0.0283, r (train): 0.9152, Test MSE: 0.0539, r (test): 0.3788
Epoch: 24, Training Loss: 0.0241, Train MSE: 0.0241, r (train): 0.8794, Test MSE: 0.0687, r (test): 0.4735
Epoch: 25, Training Loss: 0.0651, Train MSE: 0.0651, r (train): 0.9181, Test MSE: 0.1399, r (test): 0.2192
Epoch: 26, Training Loss: 0.0597, Train MSE: 0.0597, r (train): 0.9002, Test MSE: 0.1407, r (test): 0.1579
Epoch: 27, Training Loss: 0.0143, Train MSE: 0.0143, r (train): 0.9205, Test MSE: 0.0514, r (test): 0.4162
Epoch: 28, Training Loss: 0.0284, Train MSE: 0.0284, r (train): 0.9358, Test MSE: 0.0467, r (test): 0.5363
Epoch: 29, Training Loss: 0.0212, Train MSE: 0.0212, r (train): 0.9332, Test MSE: 0.0469, r (test): 0.5139
Epoch: 30, Training Loss: 0.0107, Train MSE: 0.0107, r (train): 0.9322, Test MSE: 0.0560, r (test): 0.4263
Epoch: 31, Training Loss: 0.0333, Train MSE: 0.0333, r (train): 0.9212, Test MSE: 0.1044, r (test): 0.2509
Epoch: 32, Training Loss: 0.0231, Train MSE: 0.0231, r (train): 0.9271, Test MSE: 0.0933, r (test): 0.1602
Epoch: 33, Training Loss: 0.0131, Train MSE: 0.0131, r (train): 0.9164, Test MSE: 0.0605, r (test): 0.2150
Epoch: 34, Training Loss: 0.0173, Train MSE: 0.0173, r (train): 0.9057, Test MSE: 0.0525, r (test): 0.3892
Epoch: 35, Training Loss: 0.0215, Train MSE: 0.0215, r (train): 0.8913, Test MSE: 0.0766, r (test): 0.0921
Epoch: 36, Training Loss: 0.0687, Train MSE: 0.0687, r (train): 0.8864, Test MSE: 0.1463, r (test): 0.1524
Epoch: 37, Training Loss: 0.0352, Train MSE: 0.0352, r (train): 0.8879, Test MSE: 0.1003, r (test): 0.0527
Epoch: 38, Training Loss: 0.0205, Train MSE: 0.0205, r (train): 0.8878, Test MSE: 0.0719, r (test): 0.1655
Epoch: 39, Training Loss: 0.0239, Train MSE: 0.0239, r (train): 0.8670, Test MSE: 0.0586, r (test): 0.1318
Epoch: 40, Training Loss: 0.0233, Train MSE: 0.0233, r (train): 0.8532, Test MSE: 0.0688, r (test): 0.0471
Epoch: 41, Training Loss: 0.0454, Train MSE: 0.0454, r (train): 0.8053, Test MSE: 0.1073, r (test): -0.0095
Epoch: 42, Training Loss: 0.0248, Train MSE: 0.0248, r (train): 0.8275, Test MSE: 0.0568, r (test): 0.4268
Epoch: 43, Training Loss: 0.0360, Train MSE: 0.0360, r (train): 0.8372, Test MSE: 0.0695, r (test): -0.0188
Epoch: 44, Training Loss: 0.0451, Train MSE: 0.0451, r (train): 0.8283, Test MSE: 0.0703, r (test): -0.0616
Epoch: 45, Training Loss: 0.0712, Train MSE: 0.0712, r (train): 0.8151, Test MSE: 0.0902, r (test): -0.1299
Epoch: 46, Training Loss: 0.0919, Train MSE: 0.0919, r (train): 0.7880, Test MSE: 0.0940, r (test): -0.0308
Epoch: 47, Training Loss: 0.1553, Train MSE: 0.1553, r (train): 0.7967, Test MSE: 0.1317, r (test): -0.0140
Epoch: 48, Training Loss: 0.1509, Train MSE: 0.1509, r (train): 0.7661, Test MSE: 0.1190, r (test): 0.0857
Epoch: 49, Training Loss: 0.1878, Train MSE: 0.1878, r (train): 0.8348, Test MSE: 0.1595, r (test): 0.0974
Epoch: 50, Training Loss: 0.2710, Train MSE: 0.2710, r (train): 0.8247, Test MSE: 0.2098, r (test): -0.0374
Epoch: 51, Training Loss: 0.1450, Train MSE: 0.1450, r (train): 0.8078, Test MSE: 0.1438, r (test): -0.2405
Epoch: 52, Training Loss: 0.0767, Train MSE: 0.0767, r (train): 0.8683, Test MSE: 0.0873, r (test): 0.1300
Epoch: 53, Training Loss: 0.0713, Train MSE: 0.0713, r (train): 0.8956, Test MSE: 0.0839, r (test): -0.0621
Epoch: 54, Training Loss: 0.0699, Train MSE: 0.0699, r (train): 0.8941, Test MSE: 0.0751, r (test): 0.1721
Epoch: 55, Training Loss: 0.0676, Train MSE: 0.0676, r (train): 0.9149, Test MSE: 0.0769, r (test): 0.2600
Epoch: 56, Training Loss: 0.0675, Train MSE: 0.0675, r (train): 0.9090, Test MSE: 0.0762, r (test): 0.3551
Epoch: 57, Training Loss: 0.0589, Train MSE: 0.0589, r (train): 0.9057, Test MSE: 0.0669, r (test): 0.2510
Epoch: 58, Training Loss: 0.0159, Train MSE: 0.0159, r (train): 0.9164, Test MSE: 0.0651, r (test): 0.1685
Epoch: 59, Training Loss: 0.0215, Train MSE: 0.0215, r (train): 0.9088, Test MSE: 0.0563, r (test): 0.3145
Epoch: 60, Training Loss: 0.0253, Train MSE: 0.0253, r (train): 0.8957, Test MSE: 0.0474, r (test): 0.4453
Epoch: 61, Training Loss: 0.0213, Train MSE: 0.0213, r (train): 0.9081, Test MSE: 0.0515, r (test): 0.3675
Epoch: 62, Training Loss: 0.0234, Train MSE: 0.0234, r (train): 0.8785, Test MSE: 0.0721, r (test): 0.4111
Epoch: 63, Training Loss: 0.0191, Train MSE: 0.0191, r (train): 0.8883, Test MSE: 0.0649, r (test): 0.4518
Epoch: 64, Training Loss: 0.0458, Train MSE: 0.0458, r (train): 0.8818, Test MSE: 0.0495, r (test): 0.4806
Epoch: 65, Training Loss: 0.0714, Train MSE: 0.0714, r (train): 0.8706, Test MSE: 0.0643, r (test): 0.4403
Epoch: 66, Training Loss: 0.0930, Train MSE: 0.0930, r (train): 0.8798, Test MSE: 0.0717, r (test): 0.4666
Epoch: 67, Training Loss: 0.1480, Train MSE: 0.1480, r (train): 0.8707, Test MSE: 0.1258, r (test): 0.2588
Epoch: 68, Training Loss: 0.1276, Train MSE: 0.1276, r (train): 0.8704, Test MSE: 0.1258, r (test): 0.0387
Epoch: 69, Training Loss: 0.0775, Train MSE: 0.0775, r (train): 0.8826, Test MSE: 0.0839, r (test): 0.1755
Epoch: 70, Training Loss: 0.0719, Train MSE: 0.0719, r (train): 0.9046, Test MSE: 0.0781, r (test): 0.1918
Epoch: 71, Training Loss: 0.0279, Train MSE: 0.0279, r (train): 0.9076, Test MSE: 0.0612, r (test): 0.1619
Epoch: 72, Training Loss: 0.0136, Train MSE: 0.0136, r (train): 0.9172, Test MSE: 0.0682, r (test): 0.1659
Epoch: 73, Training Loss: 0.0207, Train MSE: 0.0207, r (train): 0.9233, Test MSE: 0.0809, r (test): 0.3446
Epoch: 74, Training Loss: 0.0192, Train MSE: 0.0192, r (train): 0.9216, Test MSE: 0.0717, r (test): 0.4892
Epoch: 75, Training Loss: 0.0196, Train MSE: 0.0196, r (train): 0.9071, Test MSE: 0.0572, r (test): 0.5986
Epoch: 76, Training Loss: 0.0175, Train MSE: 0.0175, r (train): 0.9210, Test MSE: 0.0495, r (test): 0.5703
Epoch: 77, Training Loss: 0.0130, Train MSE: 0.0130, r (train): 0.9105, Test MSE: 0.0472, r (test): 0.5288
Epoch: 78, Training Loss: 0.0401, Train MSE: 0.0401, r (train): 0.9146, Test MSE: 0.0485, r (test): 0.5358
Epoch: 79, Training Loss: 0.0949, Train MSE: 0.0949, r (train): 0.8995, Test MSE: 0.0784, r (test): 0.5586
Epoch: 80, Training Loss: 0.1385, Train MSE: 0.1385, r (train): 0.9195, Test MSE: 0.1121, r (test): 0.3534
Epoch: 81, Training Loss: 0.0805, Train MSE: 0.0805, r (train): 0.9178, Test MSE: 0.0914, r (test): 0.1376
Epoch: 82, Training Loss: 0.0208, Train MSE: 0.0208, r (train): 0.9347, Test MSE: 0.0668, r (test): 0.0338
Epoch: 83, Training Loss: 0.0173, Train MSE: 0.0173, r (train): 0.9166, Test MSE: 0.0772, r (test): 0.2015
Epoch: 84, Training Loss: 0.0134, Train MSE: 0.0134, r (train): 0.9364, Test MSE: 0.0666, r (test): 0.4739
Epoch: 85, Training Loss: 0.0117, Train MSE: 0.0117, r (train): 0.9237, Test MSE: 0.0475, r (test): 0.5388
Epoch: 86, Training Loss: 0.0345, Train MSE: 0.0345, r (train): 0.9295, Test MSE: 0.0525, r (test): 0.4446
Epoch: 87, Training Loss: 0.0957, Train MSE: 0.0957, r (train): 0.9357, Test MSE: 0.0908, r (test): 0.5127
Epoch: 88, Training Loss: 0.0398, Train MSE: 0.0398, r (train): 0.9581, Test MSE: 0.0574, r (test): 0.3215
Epoch: 89, Training Loss: 0.0164, Train MSE: 0.0164, r (train): 0.9452, Test MSE: 0.0660, r (test): 0.0861
Epoch: 90, Training Loss: 0.0230, Train MSE: 0.0230, r (train): 0.9274, Test MSE: 0.0958, r (test): 0.1169
Epoch: 91, Training Loss: 0.0135, Train MSE: 0.0135, r (train): 0.9521, Test MSE: 0.0724, r (test): 0.2480
Epoch: 92, Training Loss: 0.0117, Train MSE: 0.0117, r (train): 0.9420, Test MSE: 0.0505, r (test): 0.4444
Epoch: 93, Training Loss: 0.0154, Train MSE: 0.0154, r (train): 0.9358, Test MSE: 0.0473, r (test): 0.4465
Epoch: 94, Training Loss: 0.0504, Train MSE: 0.0504, r (train): 0.9303, Test MSE: 0.0657, r (test): 0.3570
Epoch: 95, Training Loss: 0.0476, Train MSE: 0.0476, r (train): 0.9310, Test MSE: 0.0650, r (test): 0.2389
Epoch: 96, Training Loss: 0.0158, Train MSE: 0.0158, r (train): 0.9478, Test MSE: 0.0648, r (test): 0.1083
Epoch: 97, Training Loss: 0.0174, Train MSE: 0.0174, r (train): 0.9434, Test MSE: 0.0905, r (test): 0.0745
Epoch: 98, Training Loss: 0.0203, Train MSE: 0.0203, r (train): 0.9309, Test MSE: 0.0994, r (test): 0.0702
Epoch: 99, Training Loss: 0.0105, Train MSE: 0.0105, r (train): 0.9511, Test MSE: 0.0779, r (test): 0.1762
Predicted tensors for training set: 
tensor([ 0.9493,  0.2170,  0.3594,  0.3326,  0.4594,  0.5911,  0.3939, -0.0142,
         0.8452,  0.6896,  0.3484,  0.5852,  0.0263,  0.5145,  0.3435,  0.5056,
         0.0882,  0.2902,  0.6341,  0.7436,  0.0036,  0.6327,  0.2255,  0.4937,
         0.1554,  0.0843,  0.8700, -0.1729,  0.1714,  0.4993,  0.9683,  0.0610,
         0.6987,  0.7990,  0.3630,  1.0479,  0.5045,  0.7095,  1.0016,  0.7153,
         0.8647,  1.1115,  0.9020,  0.1394,  0.1449,  0.8342,  0.7006,  0.9591,
         1.0282,  0.4269,  0.5501,  0.2972,  0.4680, -0.0514,  0.7134,  0.5186,
         0.4962,  0.9099,  0.4175,  0.8971,  0.8106,  0.4400,  0.5407,  0.5657,
         0.0964,  0.7670,  0.8408,  0.8952,  0.9152,  0.1200,  0.6595,  0.2084])
Target tensorsfor training set: 
tensor([0.9535, 0.2649, 0.4341, 0.2916, 0.5187, 0.5220, 0.4440, 0.0389, 0.8728,
        0.7901, 0.5102, 0.5573, 0.1218, 0.6595, 0.4993, 0.6992, 0.2464, 0.4036,
        0.8453, 0.8561, 0.1493, 0.7125, 0.3309, 0.7171, 0.2594, 0.1294, 0.9127,
        0.0246, 0.2394, 0.5178, 0.9492, 0.0763, 0.6240, 0.6846, 0.3174, 0.8391,
        0.3829, 0.5783, 0.8363, 0.5023, 0.7507, 0.8556, 0.7497, 0.0981, 0.1360,
        0.7372, 0.6199, 0.8988, 0.9117, 0.4149, 0.5719, 0.4513, 0.4818, 0.0478,
        0.7791, 0.5658, 0.5300, 0.9621, 0.4526, 0.9215, 0.8524, 0.4654, 0.5564,
        0.5779, 0.1055, 0.7462, 0.8418, 0.9150, 0.9072, 0.1295, 0.6576, 0.2271])
Correlation for training set: 0.9510943346700249
Predicted tensors for test set: 
tensor([0.4516, 0.5344, 0.3283, 0.3384, 0.5144, 0.5488, 0.6070, 0.3813, 0.6560,
        0.4635, 0.6077, 0.3714, 0.0985, 0.5562, 0.5408, 0.3490, 0.4362, 0.3365])
Target tensors for test set: 
tensor([0.7371, 0.6671, 0.0636, 0.4373, 0.7144, 0.3453, 0.6465, 0.2255, 0.3077,
        0.7950, 0.9656, 0.2169, 0.5780, 0.4640, 0.7596, 0.7270, 0.6577, 0.8411])
Correlation for test set: 0.1761560344149273
Fold 2
Epoch: 00, Training Loss: 0.0760, Train MSE: 0.0760, r (train): 0.1209, Test MSE: 0.0685, r (test): 0.3237
Epoch: 01, Training Loss: 0.0742, Train MSE: 0.0742, r (train): 0.2611, Test MSE: 0.0688, r (test): 0.4033
Epoch: 02, Training Loss: 0.0721, Train MSE: 0.0721, r (train): 0.3734, Test MSE: 0.0679, r (test): 0.4501
Epoch: 03, Training Loss: 0.0705, Train MSE: 0.0705, r (train): 0.4509, Test MSE: 0.0671, r (test): 0.4931
Epoch: 04, Training Loss: 0.0693, Train MSE: 0.0693, r (train): 0.5129, Test MSE: 0.0672, r (test): 0.5120
Epoch: 05, Training Loss: 0.0676, Train MSE: 0.0676, r (train): 0.5740, Test MSE: 0.0666, r (test): 0.5346
Epoch: 06, Training Loss: 0.0658, Train MSE: 0.0658, r (train): 0.6273, Test MSE: 0.0666, r (test): 0.5139
Epoch: 07, Training Loss: 0.0635, Train MSE: 0.0635, r (train): 0.6665, Test MSE: 0.0657, r (test): 0.4973
Epoch: 08, Training Loss: 0.0612, Train MSE: 0.0612, r (train): 0.7147, Test MSE: 0.0649, r (test): 0.5110
Epoch: 09, Training Loss: 0.0589, Train MSE: 0.0589, r (train): 0.7373, Test MSE: 0.0644, r (test): 0.5180
Epoch: 10, Training Loss: 0.0554, Train MSE: 0.0554, r (train): 0.7766, Test MSE: 0.0648, r (test): 0.4435
Epoch: 11, Training Loss: 0.0524, Train MSE: 0.0524, r (train): 0.7869, Test MSE: 0.0620, r (test): 0.4750
Epoch: 12, Training Loss: 0.0491, Train MSE: 0.0491, r (train): 0.8070, Test MSE: 0.0621, r (test): 0.4330
Epoch: 13, Training Loss: 0.0443, Train MSE: 0.0443, r (train): 0.8220, Test MSE: 0.0595, r (test): 0.4339
Epoch: 14, Training Loss: 0.0388, Train MSE: 0.0388, r (train): 0.8512, Test MSE: 0.0618, r (test): 0.3522
Epoch: 15, Training Loss: 0.0345, Train MSE: 0.0345, r (train): 0.8534, Test MSE: 0.0627, r (test): 0.3513
Epoch: 16, Training Loss: 0.0283, Train MSE: 0.0283, r (train): 0.8728, Test MSE: 0.0625, r (test): 0.2893
Epoch: 17, Training Loss: 0.0254, Train MSE: 0.0254, r (train): 0.8850, Test MSE: 0.0666, r (test): 0.3024
Epoch: 18, Training Loss: 0.0183, Train MSE: 0.0183, r (train): 0.8969, Test MSE: 0.0624, r (test): 0.2898
Epoch: 19, Training Loss: 0.0159, Train MSE: 0.0159, r (train): 0.9090, Test MSE: 0.0584, r (test): 0.4101
Epoch: 20, Training Loss: 0.0130, Train MSE: 0.0130, r (train): 0.9168, Test MSE: 0.0556, r (test): 0.4332
Epoch: 21, Training Loss: 0.0125, Train MSE: 0.0125, r (train): 0.9212, Test MSE: 0.0602, r (test): 0.4145
Epoch: 22, Training Loss: 0.0138, Train MSE: 0.0138, r (train): 0.9096, Test MSE: 0.0468, r (test): 0.4929
Epoch: 23, Training Loss: 0.0304, Train MSE: 0.0304, r (train): 0.8795, Test MSE: 0.0437, r (test): 0.5215
Epoch: 24, Training Loss: 0.0260, Train MSE: 0.0260, r (train): 0.8927, Test MSE: 0.0392, r (test): 0.5800
Epoch: 25, Training Loss: 0.0220, Train MSE: 0.0220, r (train): 0.9145, Test MSE: 0.0702, r (test): 0.4823
Epoch: 26, Training Loss: 0.0373, Train MSE: 0.0373, r (train): 0.8935, Test MSE: 0.1141, r (test): 0.2261
Epoch: 27, Training Loss: 0.0176, Train MSE: 0.0176, r (train): 0.8977, Test MSE: 0.0599, r (test): 0.4091
Epoch: 28, Training Loss: 0.0174, Train MSE: 0.0174, r (train): 0.8852, Test MSE: 0.0491, r (test): 0.5279
Epoch: 29, Training Loss: 0.0190, Train MSE: 0.0190, r (train): 0.8753, Test MSE: 0.0673, r (test): 0.2450
Epoch: 30, Training Loss: 0.0401, Train MSE: 0.0401, r (train): 0.8649, Test MSE: 0.0566, r (test): 0.3103
Epoch: 31, Training Loss: 0.0495, Train MSE: 0.0495, r (train): 0.9028, Test MSE: 0.0732, r (test): 0.1813
Epoch: 32, Training Loss: 0.0101, Train MSE: 0.0101, r (train): 0.9410, Test MSE: 0.0639, r (test): 0.3166
Epoch: 33, Training Loss: 0.0283, Train MSE: 0.0283, r (train): 0.9304, Test MSE: 0.1001, r (test): 0.3405
Epoch: 34, Training Loss: 0.0255, Train MSE: 0.0255, r (train): 0.9223, Test MSE: 0.0877, r (test): 0.3883
Epoch: 35, Training Loss: 0.0186, Train MSE: 0.0186, r (train): 0.9208, Test MSE: 0.0725, r (test): 0.3153
Epoch: 36, Training Loss: 0.0180, Train MSE: 0.0180, r (train): 0.8940, Test MSE: 0.0693, r (test): 0.2508
Epoch: 37, Training Loss: 0.0342, Train MSE: 0.0342, r (train): 0.8908, Test MSE: 0.0966, r (test): 0.2430
Epoch: 38, Training Loss: 0.1188, Train MSE: 0.1188, r (train): 0.9030, Test MSE: 0.2066, r (test): 0.4206
Epoch: 39, Training Loss: 0.1322, Train MSE: 0.1322, r (train): 0.9153, Test MSE: 0.2202, r (test): 0.4715
Epoch: 40, Training Loss: 0.0509, Train MSE: 0.0509, r (train): 0.9128, Test MSE: 0.1232, r (test): 0.4562
Epoch: 41, Training Loss: 0.0964, Train MSE: 0.0964, r (train): 0.9243, Test MSE: 0.1836, r (test): 0.2540
Epoch: 42, Training Loss: 0.0876, Train MSE: 0.0876, r (train): 0.8981, Test MSE: 0.1714, r (test): 0.3467
Epoch: 43, Training Loss: 0.0744, Train MSE: 0.0744, r (train): 0.8970, Test MSE: 0.1588, r (test): 0.3484
Epoch: 44, Training Loss: 0.0593, Train MSE: 0.0593, r (train): 0.8878, Test MSE: 0.1266, r (test): 0.3819
Epoch: 45, Training Loss: 0.0383, Train MSE: 0.0383, r (train): 0.8732, Test MSE: 0.0918, r (test): 0.4065
Epoch: 46, Training Loss: 0.0225, Train MSE: 0.0225, r (train): 0.8659, Test MSE: 0.0580, r (test): 0.4492
Epoch: 47, Training Loss: 0.0218, Train MSE: 0.0218, r (train): 0.8528, Test MSE: 0.0567, r (test): 0.4467
Epoch: 48, Training Loss: 0.0197, Train MSE: 0.0197, r (train): 0.8744, Test MSE: 0.0401, r (test): 0.5488
Epoch: 49, Training Loss: 0.0473, Train MSE: 0.0473, r (train): 0.8433, Test MSE: 0.0540, r (test): 0.4949
Epoch: 50, Training Loss: 0.0542, Train MSE: 0.0542, r (train): 0.8600, Test MSE: 0.0689, r (test): 0.4496
Epoch: 51, Training Loss: 0.0613, Train MSE: 0.0613, r (train): 0.8695, Test MSE: 0.0744, r (test): 0.3860
Epoch: 52, Training Loss: 0.0300, Train MSE: 0.0300, r (train): 0.8973, Test MSE: 0.0640, r (test): 0.3351
Epoch: 53, Training Loss: 0.0124, Train MSE: 0.0124, r (train): 0.9250, Test MSE: 0.0583, r (test): 0.3330
Epoch: 54, Training Loss: 0.0239, Train MSE: 0.0239, r (train): 0.9134, Test MSE: 0.0713, r (test): 0.3913
Epoch: 55, Training Loss: 0.0374, Train MSE: 0.0374, r (train): 0.9097, Test MSE: 0.0925, r (test): 0.3206
Epoch: 56, Training Loss: 0.0583, Train MSE: 0.0583, r (train): 0.8961, Test MSE: 0.1119, r (test): 0.3926
Epoch: 57, Training Loss: 0.1019, Train MSE: 0.1019, r (train): 0.9195, Test MSE: 0.1858, r (test): 0.3922
Epoch: 58, Training Loss: 0.1092, Train MSE: 0.1092, r (train): 0.9303, Test MSE: 0.2049, r (test): 0.4256
Epoch: 59, Training Loss: 0.0484, Train MSE: 0.0484, r (train): 0.9339, Test MSE: 0.1286, r (test): 0.3546
Epoch: 60, Training Loss: 0.0218, Train MSE: 0.0218, r (train): 0.9300, Test MSE: 0.0890, r (test): 0.2823
Epoch: 61, Training Loss: 0.0136, Train MSE: 0.0136, r (train): 0.9132, Test MSE: 0.0559, r (test): 0.3846
Epoch: 62, Training Loss: 0.0269, Train MSE: 0.0269, r (train): 0.8869, Test MSE: 0.0529, r (test): 0.3498
Epoch: 63, Training Loss: 0.0275, Train MSE: 0.0275, r (train): 0.9068, Test MSE: 0.0604, r (test): 0.2885
Epoch: 64, Training Loss: 0.0226, Train MSE: 0.0226, r (train): 0.9161, Test MSE: 0.0573, r (test): 0.2990
Epoch: 65, Training Loss: 0.0114, Train MSE: 0.0114, r (train): 0.9365, Test MSE: 0.0594, r (test): 0.3399
Epoch: 66, Training Loss: 0.0591, Train MSE: 0.0591, r (train): 0.9458, Test MSE: 0.1278, r (test): 0.3008
Epoch: 67, Training Loss: 0.0666, Train MSE: 0.0666, r (train): 0.9295, Test MSE: 0.1372, r (test): 0.3068
Epoch: 68, Training Loss: 0.0481, Train MSE: 0.0481, r (train): 0.9343, Test MSE: 0.1373, r (test): 0.2732
Epoch: 69, Training Loss: 0.0150, Train MSE: 0.0150, r (train): 0.9148, Test MSE: 0.0740, r (test): 0.2815
Epoch: 70, Training Loss: 0.0118, Train MSE: 0.0118, r (train): 0.9212, Test MSE: 0.0590, r (test): 0.3113
Epoch: 71, Training Loss: 0.0097, Train MSE: 0.0097, r (train): 0.9412, Test MSE: 0.0632, r (test): 0.2823
Epoch: 72, Training Loss: 0.0259, Train MSE: 0.0259, r (train): 0.9360, Test MSE: 0.0893, r (test): 0.2527
Epoch: 73, Training Loss: 0.0725, Train MSE: 0.0725, r (train): 0.9405, Test MSE: 0.1555, r (test): 0.3124
Epoch: 74, Training Loss: 0.0473, Train MSE: 0.0473, r (train): 0.9324, Test MSE: 0.1307, r (test): 0.2409
Epoch: 75, Training Loss: 0.0150, Train MSE: 0.0150, r (train): 0.9421, Test MSE: 0.0788, r (test): 0.3239
Epoch: 76, Training Loss: 0.0121, Train MSE: 0.0121, r (train): 0.9269, Test MSE: 0.0518, r (test): 0.4259
Epoch: 77, Training Loss: 0.0111, Train MSE: 0.0111, r (train): 0.9252, Test MSE: 0.0516, r (test): 0.4157
Epoch: 78, Training Loss: 0.0102, Train MSE: 0.0102, r (train): 0.9319, Test MSE: 0.0682, r (test): 0.1892
Epoch: 79, Training Loss: 0.0257, Train MSE: 0.0257, r (train): 0.9280, Test MSE: 0.0862, r (test): 0.2168
Epoch: 80, Training Loss: 0.0646, Train MSE: 0.0646, r (train): 0.9400, Test MSE: 0.1458, r (test): 0.1328
Epoch: 81, Training Loss: 0.0591, Train MSE: 0.0591, r (train): 0.9478, Test MSE: 0.1350, r (test): 0.3134
Epoch: 82, Training Loss: 0.0106, Train MSE: 0.0106, r (train): 0.9428, Test MSE: 0.0742, r (test): 0.1511
Epoch: 83, Training Loss: 0.0152, Train MSE: 0.0152, r (train): 0.9344, Test MSE: 0.0595, r (test): 0.2211
Epoch: 84, Training Loss: 0.0146, Train MSE: 0.0146, r (train): 0.9377, Test MSE: 0.0527, r (test): 0.3409
Epoch: 85, Training Loss: 0.0117, Train MSE: 0.0117, r (train): 0.9479, Test MSE: 0.0507, r (test): 0.3697
Epoch: 86, Training Loss: 0.0076, Train MSE: 0.0076, r (train): 0.9507, Test MSE: 0.0566, r (test): 0.3177
Epoch: 87, Training Loss: 0.0315, Train MSE: 0.0315, r (train): 0.9283, Test MSE: 0.0914, r (test): 0.2746
Epoch: 88, Training Loss: 0.0347, Train MSE: 0.0347, r (train): 0.9376, Test MSE: 0.1198, r (test): 0.1757
Epoch: 89, Training Loss: 0.0137, Train MSE: 0.0137, r (train): 0.9406, Test MSE: 0.0692, r (test): 0.3995
Epoch: 90, Training Loss: 0.0179, Train MSE: 0.0179, r (train): 0.9446, Test MSE: 0.0572, r (test): 0.2405
Epoch: 91, Training Loss: 0.0195, Train MSE: 0.0195, r (train): 0.9420, Test MSE: 0.0453, r (test): 0.4839
Epoch: 92, Training Loss: 0.0075, Train MSE: 0.0075, r (train): 0.9566, Test MSE: 0.0489, r (test): 0.4441
Epoch: 93, Training Loss: 0.0118, Train MSE: 0.0118, r (train): 0.9430, Test MSE: 0.0574, r (test): 0.3720
Epoch: 94, Training Loss: 0.0217, Train MSE: 0.0217, r (train): 0.9491, Test MSE: 0.0797, r (test): 0.3686
Epoch: 95, Training Loss: 0.0106, Train MSE: 0.0106, r (train): 0.9409, Test MSE: 0.0659, r (test): 0.2943
Epoch: 96, Training Loss: 0.0196, Train MSE: 0.0196, r (train): 0.9260, Test MSE: 0.0393, r (test): 0.5662
Epoch: 97, Training Loss: 0.0147, Train MSE: 0.0147, r (train): 0.9492, Test MSE: 0.0495, r (test): 0.3771
Epoch: 98, Training Loss: 0.0193, Train MSE: 0.0193, r (train): 0.9486, Test MSE: 0.0480, r (test): 0.4438
Epoch: 99, Training Loss: 0.0109, Train MSE: 0.0109, r (train): 0.9254, Test MSE: 0.0731, r (test): 0.0543
Predicted tensors for training set: 
tensor([6.6729e-01, 6.0694e-01, 1.3149e-01, 4.5968e-01, 7.3058e-01, 3.5034e-01,
        6.6300e-01, 2.1664e-01, 3.0192e-01, 8.3727e-01, 8.9045e-01, 2.2385e-01,
        4.6090e-01, 4.7990e-01, 7.4210e-01, 7.5991e-01, 6.2623e-01, 7.9368e-01,
        8.1687e-01, 8.3721e-01, 1.2197e-01, 6.9019e-01, 3.3110e-01, 6.3099e-01,
        2.7289e-01, 7.4478e-02, 6.8254e-01, 2.5655e-02, 1.5765e-01, 4.0445e-01,
        8.3749e-01, 7.4460e-04, 4.7598e-01, 4.4615e-01, 2.4652e-01, 7.4508e-01,
        3.5633e-01, 4.7244e-01, 6.2702e-01, 5.0400e-01, 7.1167e-01, 7.9984e-01,
        7.7034e-01, 1.5954e-01, 2.9462e-01, 8.1446e-01, 7.6967e-01, 9.9680e-01,
        1.0618e+00, 6.1868e-01, 8.1026e-01, 7.3193e-01, 7.0106e-01, 3.4749e-01,
        9.0902e-01, 6.6125e-01, 6.0019e-01, 1.0201e+00, 4.7138e-01, 9.2620e-01,
        7.8214e-01, 4.4730e-01, 4.7172e-01, 5.3076e-01, 1.0924e-01, 6.4395e-01,
        7.2951e-01, 8.6945e-01, 8.5234e-01, 1.5484e-01, 6.9013e-01, 2.7828e-01])
Target tensorsfor training set: 
tensor([0.7371, 0.6671, 0.0636, 0.4373, 0.7144, 0.3453, 0.6465, 0.2255, 0.3077,
        0.7950, 0.9656, 0.2169, 0.5780, 0.4640, 0.7596, 0.7270, 0.6577, 0.8411,
        0.8453, 0.8561, 0.1493, 0.7125, 0.3309, 0.7171, 0.2594, 0.1294, 0.9127,
        0.0246, 0.2394, 0.5178, 0.9492, 0.0763, 0.6240, 0.6846, 0.3174, 0.8391,
        0.3829, 0.5783, 0.8363, 0.5023, 0.7507, 0.8556, 0.7497, 0.0981, 0.1360,
        0.7372, 0.6199, 0.8988, 0.9117, 0.4149, 0.5719, 0.4513, 0.4818, 0.0478,
        0.7791, 0.5658, 0.5300, 0.9621, 0.4526, 0.9215, 0.8524, 0.4654, 0.5564,
        0.5779, 0.1055, 0.7462, 0.8418, 0.9150, 0.9072, 0.1295, 0.6576, 0.2271])
Correlation for training set: 0.9254136908620973
Predicted tensors for test set: 
tensor([0.4811, 0.4661, 0.4860, 0.3842, 0.5979, 0.3656, 0.5724, 0.7350, 0.4716,
        0.5776, 0.6824, 0.5534, 0.4048, 0.8315, 0.3973, 0.5623, 0.4416, 0.7141])
Target tensors for test set: 
tensor([0.9535, 0.2649, 0.4341, 0.2916, 0.5187, 0.5220, 0.4440, 0.0389, 0.8728,
        0.7901, 0.5102, 0.5573, 0.1218, 0.6595, 0.4993, 0.6992, 0.2464, 0.4036])
Correlation for test set: 0.05433830531315467
Fold 3
Epoch: 00, Training Loss: 0.0677, Train MSE: 0.0677, r (train): 0.2089, Test MSE: 0.1040, r (test): 0.1797
Epoch: 01, Training Loss: 0.0667, Train MSE: 0.0667, r (train): 0.3388, Test MSE: 0.1060, r (test): 0.1222
Epoch: 02, Training Loss: 0.0657, Train MSE: 0.0657, r (train): 0.4074, Test MSE: 0.1068, r (test): 0.0963
Epoch: 03, Training Loss: 0.0643, Train MSE: 0.0643, r (train): 0.4779, Test MSE: 0.1076, r (test): 0.0517
Epoch: 04, Training Loss: 0.0629, Train MSE: 0.0629, r (train): 0.5323, Test MSE: 0.1084, r (test): 0.0234
Epoch: 05, Training Loss: 0.0605, Train MSE: 0.0605, r (train): 0.6036, Test MSE: 0.1103, r (test): -0.0900
Epoch: 06, Training Loss: 0.0581, Train MSE: 0.0581, r (train): 0.6738, Test MSE: 0.1110, r (test): -0.0856
Epoch: 07, Training Loss: 0.0548, Train MSE: 0.0548, r (train): 0.7225, Test MSE: 0.1112, r (test): -0.1020
Epoch: 08, Training Loss: 0.0513, Train MSE: 0.0513, r (train): 0.7620, Test MSE: 0.1132, r (test): -0.1757
Epoch: 09, Training Loss: 0.0458, Train MSE: 0.0458, r (train): 0.7940, Test MSE: 0.1119, r (test): -0.1857
Epoch: 10, Training Loss: 0.0412, Train MSE: 0.0412, r (train): 0.8188, Test MSE: 0.1107, r (test): -0.1510
Epoch: 11, Training Loss: 0.0372, Train MSE: 0.0372, r (train): 0.8242, Test MSE: 0.1119, r (test): -0.1909
Epoch: 12, Training Loss: 0.0298, Train MSE: 0.0298, r (train): 0.8545, Test MSE: 0.1073, r (test): -0.1319
Epoch: 13, Training Loss: 0.0246, Train MSE: 0.0246, r (train): 0.8722, Test MSE: 0.1058, r (test): -0.1201
Epoch: 14, Training Loss: 0.0223, Train MSE: 0.0223, r (train): 0.8736, Test MSE: 0.1096, r (test): -0.1875
Epoch: 15, Training Loss: 0.0207, Train MSE: 0.0207, r (train): 0.8806, Test MSE: 0.1095, r (test): -0.1258
Epoch: 16, Training Loss: 0.0236, Train MSE: 0.0236, r (train): 0.8887, Test MSE: 0.1117, r (test): -0.1243
Epoch: 17, Training Loss: 0.0237, Train MSE: 0.0237, r (train): 0.8900, Test MSE: 0.1066, r (test): -0.0042
Epoch: 18, Training Loss: 0.0236, Train MSE: 0.0236, r (train): 0.8973, Test MSE: 0.1011, r (test): 0.0088
Epoch: 19, Training Loss: 0.0139, Train MSE: 0.0139, r (train): 0.8954, Test MSE: 0.1199, r (test): -0.1683
Epoch: 20, Training Loss: 0.0172, Train MSE: 0.0172, r (train): 0.9014, Test MSE: 0.1262, r (test): -0.0615
Epoch: 21, Training Loss: 0.0299, Train MSE: 0.0299, r (train): 0.8847, Test MSE: 0.1146, r (test): -0.1533
Epoch: 22, Training Loss: 0.0402, Train MSE: 0.0402, r (train): 0.8759, Test MSE: 0.1117, r (test): 0.0108
Epoch: 23, Training Loss: 0.0152, Train MSE: 0.0152, r (train): 0.9035, Test MSE: 0.1173, r (test): -0.1363
Epoch: 24, Training Loss: 0.0269, Train MSE: 0.0269, r (train): 0.8912, Test MSE: 0.1383, r (test): -0.1265
Epoch: 25, Training Loss: 0.0181, Train MSE: 0.0181, r (train): 0.8809, Test MSE: 0.1122, r (test): -0.1732
Epoch: 26, Training Loss: 0.0240, Train MSE: 0.0240, r (train): 0.8664, Test MSE: 0.1266, r (test): -0.2721
Epoch: 27, Training Loss: 0.0383, Train MSE: 0.0383, r (train): 0.8548, Test MSE: 0.1364, r (test): 0.0226
Epoch: 28, Training Loss: 0.0212, Train MSE: 0.0212, r (train): 0.8373, Test MSE: 0.1181, r (test): -0.0643
Epoch: 29, Training Loss: 0.0252, Train MSE: 0.0252, r (train): 0.8247, Test MSE: 0.1090, r (test): -0.0113
Epoch: 30, Training Loss: 0.0237, Train MSE: 0.0237, r (train): 0.8407, Test MSE: 0.1300, r (test): -0.2145
Epoch: 31, Training Loss: 0.0414, Train MSE: 0.0414, r (train): 0.8251, Test MSE: 0.1463, r (test): -0.0165
Epoch: 32, Training Loss: 0.0941, Train MSE: 0.0941, r (train): 0.8380, Test MSE: 0.2141, r (test): -0.1519
Epoch: 33, Training Loss: 0.1520, Train MSE: 0.1520, r (train): 0.8655, Test MSE: 0.2759, r (test): -0.0971
Epoch: 34, Training Loss: 0.1396, Train MSE: 0.1396, r (train): 0.8020, Test MSE: 0.2382, r (test): 0.0042
Epoch: 35, Training Loss: 0.1001, Train MSE: 0.1001, r (train): 0.8429, Test MSE: 0.1935, r (test): 0.0688
Epoch: 36, Training Loss: 0.1370, Train MSE: 0.1370, r (train): 0.8328, Test MSE: 0.2444, r (test): 0.0832
Epoch: 37, Training Loss: 0.1832, Train MSE: 0.1832, r (train): 0.8248, Test MSE: 0.2855, r (test): 0.0970
Epoch: 38, Training Loss: 0.1419, Train MSE: 0.1419, r (train): 0.8339, Test MSE: 0.2443, r (test): 0.0434
Epoch: 39, Training Loss: 0.0709, Train MSE: 0.0709, r (train): 0.8605, Test MSE: 0.1538, r (test): 0.3024
Epoch: 40, Training Loss: 0.0637, Train MSE: 0.0637, r (train): 0.8749, Test MSE: 0.1622, r (test): 0.1413
Epoch: 41, Training Loss: 0.0921, Train MSE: 0.0921, r (train): 0.8719, Test MSE: 0.1968, r (test): -0.1315
Epoch: 42, Training Loss: 0.0526, Train MSE: 0.0526, r (train): 0.8542, Test MSE: 0.1469, r (test): -0.0788
Epoch: 43, Training Loss: 0.0497, Train MSE: 0.0497, r (train): 0.8733, Test MSE: 0.1420, r (test): 0.1593
Epoch: 44, Training Loss: 0.0256, Train MSE: 0.0256, r (train): 0.8549, Test MSE: 0.1155, r (test): 0.0509
Epoch: 45, Training Loss: 0.0199, Train MSE: 0.0199, r (train): 0.8642, Test MSE: 0.1034, r (test): -0.0255
Epoch: 46, Training Loss: 0.0224, Train MSE: 0.0224, r (train): 0.8812, Test MSE: 0.1123, r (test): -0.1915
Epoch: 47, Training Loss: 0.0157, Train MSE: 0.0157, r (train): 0.8926, Test MSE: 0.1111, r (test): -0.1877
Epoch: 48, Training Loss: 0.0234, Train MSE: 0.0234, r (train): 0.9209, Test MSE: 0.1325, r (test): -0.1365
Epoch: 49, Training Loss: 0.0452, Train MSE: 0.0452, r (train): 0.9315, Test MSE: 0.1531, r (test): -0.0156
Epoch: 50, Training Loss: 0.0513, Train MSE: 0.0513, r (train): 0.9289, Test MSE: 0.1537, r (test): 0.1204
Epoch: 51, Training Loss: 0.0509, Train MSE: 0.0509, r (train): 0.9407, Test MSE: 0.1573, r (test): 0.0818
Epoch: 52, Training Loss: 0.0188, Train MSE: 0.0188, r (train): 0.9303, Test MSE: 0.1209, r (test): 0.0166
Epoch: 53, Training Loss: 0.0170, Train MSE: 0.0170, r (train): 0.9214, Test MSE: 0.1169, r (test): -0.0244
Epoch: 54, Training Loss: 0.0312, Train MSE: 0.0312, r (train): 0.9029, Test MSE: 0.1371, r (test): -0.0240
Epoch: 55, Training Loss: 0.0413, Train MSE: 0.0413, r (train): 0.9074, Test MSE: 0.1476, r (test): 0.0658
Epoch: 56, Training Loss: 0.0517, Train MSE: 0.0517, r (train): 0.9140, Test MSE: 0.1633, r (test): 0.1024
Epoch: 57, Training Loss: 0.0484, Train MSE: 0.0484, r (train): 0.9259, Test MSE: 0.1516, r (test): 0.1643
Epoch: 58, Training Loss: 0.0358, Train MSE: 0.0358, r (train): 0.9296, Test MSE: 0.1435, r (test): 0.0175
Epoch: 59, Training Loss: 0.0145, Train MSE: 0.0145, r (train): 0.9250, Test MSE: 0.1101, r (test): 0.0249
Epoch: 60, Training Loss: 0.0135, Train MSE: 0.0135, r (train): 0.9170, Test MSE: 0.1086, r (test): 0.0410
Epoch: 61, Training Loss: 0.0251, Train MSE: 0.0251, r (train): 0.8761, Test MSE: 0.1182, r (test): 0.0532
Epoch: 62, Training Loss: 0.0353, Train MSE: 0.0353, r (train): 0.9105, Test MSE: 0.1364, r (test): 0.0949
Epoch: 63, Training Loss: 0.0358, Train MSE: 0.0358, r (train): 0.9253, Test MSE: 0.1522, r (test): -0.0971
Epoch: 64, Training Loss: 0.0325, Train MSE: 0.0325, r (train): 0.9069, Test MSE: 0.1473, r (test): -0.0320
Epoch: 65, Training Loss: 0.0298, Train MSE: 0.0298, r (train): 0.9466, Test MSE: 0.1416, r (test): 0.0786
Epoch: 66, Training Loss: 0.0193, Train MSE: 0.0193, r (train): 0.9303, Test MSE: 0.1194, r (test): 0.0671
Epoch: 67, Training Loss: 0.0144, Train MSE: 0.0144, r (train): 0.9251, Test MSE: 0.1086, r (test): 0.1331
Epoch: 68, Training Loss: 0.0139, Train MSE: 0.0139, r (train): 0.9029, Test MSE: 0.1071, r (test): -0.0424
Epoch: 69, Training Loss: 0.0142, Train MSE: 0.0142, r (train): 0.8949, Test MSE: 0.1099, r (test): -0.1767
Epoch: 70, Training Loss: 0.0161, Train MSE: 0.0161, r (train): 0.8911, Test MSE: 0.1106, r (test): -0.0567
Epoch: 71, Training Loss: 0.0267, Train MSE: 0.0267, r (train): 0.9262, Test MSE: 0.1331, r (test): -0.0318
Epoch: 72, Training Loss: 0.0511, Train MSE: 0.0511, r (train): 0.9297, Test MSE: 0.1484, r (test): 0.0939
Epoch: 73, Training Loss: 0.0196, Train MSE: 0.0196, r (train): 0.9337, Test MSE: 0.1094, r (test): 0.1319
Epoch: 74, Training Loss: 0.0122, Train MSE: 0.0122, r (train): 0.9436, Test MSE: 0.1129, r (test): 0.0001
Epoch: 75, Training Loss: 0.0106, Train MSE: 0.0106, r (train): 0.9374, Test MSE: 0.1038, r (test): 0.1009
Epoch: 76, Training Loss: 0.0071, Train MSE: 0.0071, r (train): 0.9471, Test MSE: 0.0978, r (test): 0.0864
Epoch: 77, Training Loss: 0.0104, Train MSE: 0.0104, r (train): 0.9332, Test MSE: 0.1053, r (test): -0.1102
Epoch: 78, Training Loss: 0.0128, Train MSE: 0.0128, r (train): 0.9083, Test MSE: 0.1083, r (test): -0.2015
Epoch: 79, Training Loss: 0.0180, Train MSE: 0.0180, r (train): 0.8589, Test MSE: 0.1045, r (test): -0.0642
Epoch: 80, Training Loss: 0.0137, Train MSE: 0.0137, r (train): 0.9333, Test MSE: 0.1178, r (test): -0.1177
Epoch: 81, Training Loss: 0.0318, Train MSE: 0.0318, r (train): 0.9438, Test MSE: 0.1293, r (test): 0.0498
Epoch: 82, Training Loss: 0.0233, Train MSE: 0.0233, r (train): 0.9346, Test MSE: 0.1119, r (test): 0.1927
Epoch: 83, Training Loss: 0.0103, Train MSE: 0.0103, r (train): 0.9448, Test MSE: 0.0947, r (test): 0.2890
Epoch: 84, Training Loss: 0.0072, Train MSE: 0.0072, r (train): 0.9493, Test MSE: 0.0947, r (test): 0.1855
Epoch: 85, Training Loss: 0.0209, Train MSE: 0.0209, r (train): 0.9528, Test MSE: 0.0989, r (test): 0.1221
Epoch: 86, Training Loss: 0.0210, Train MSE: 0.0210, r (train): 0.9588, Test MSE: 0.1091, r (test): -0.0368
Epoch: 87, Training Loss: 0.0193, Train MSE: 0.0193, r (train): 0.9600, Test MSE: 0.1002, r (test): 0.1188
Epoch: 88, Training Loss: 0.0082, Train MSE: 0.0082, r (train): 0.9545, Test MSE: 0.1024, r (test): 0.0551
Epoch: 89, Training Loss: 0.0134, Train MSE: 0.0134, r (train): 0.9589, Test MSE: 0.1095, r (test): 0.0709
Epoch: 90, Training Loss: 0.0091, Train MSE: 0.0091, r (train): 0.9499, Test MSE: 0.0971, r (test): 0.1839
Epoch: 91, Training Loss: 0.0062, Train MSE: 0.0062, r (train): 0.9637, Test MSE: 0.0911, r (test): 0.2953
Epoch: 92, Training Loss: 0.0076, Train MSE: 0.0076, r (train): 0.9444, Test MSE: 0.0957, r (test): 0.1171
Epoch: 93, Training Loss: 0.0110, Train MSE: 0.0110, r (train): 0.9666, Test MSE: 0.1021, r (test): 0.0055
Epoch: 94, Training Loss: 0.0175, Train MSE: 0.0175, r (train): 0.9466, Test MSE: 0.1063, r (test): -0.0761
Epoch: 95, Training Loss: 0.0078, Train MSE: 0.0078, r (train): 0.9420, Test MSE: 0.0997, r (test): 0.0687
Epoch: 96, Training Loss: 0.0126, Train MSE: 0.0126, r (train): 0.9650, Test MSE: 0.1137, r (test): 0.0113
Epoch: 97, Training Loss: 0.0049, Train MSE: 0.0049, r (train): 0.9726, Test MSE: 0.0965, r (test): 0.1889
Epoch: 98, Training Loss: 0.0179, Train MSE: 0.0179, r (train): 0.9521, Test MSE: 0.0981, r (test): 0.1327
Epoch: 99, Training Loss: 0.0274, Train MSE: 0.0274, r (train): 0.9445, Test MSE: 0.1108, r (test): -0.0151
Predicted tensors for training set: 
tensor([ 0.6442,  0.6107,  0.0846,  0.3976,  0.6134,  0.2900,  0.4891,  0.1229,
         0.1946,  0.5709,  0.6805,  0.1593,  0.3798,  0.3297,  0.4849,  0.4011,
         0.4405,  0.4797,  0.4804,  0.1271,  0.2978,  0.2206,  0.4253,  0.3851,
         0.2671, -0.1157,  0.7051,  0.6404,  0.3864,  0.4764,  0.0813,  0.5561,
         0.4242,  0.5586,  0.1447,  0.3269,  0.2890,  0.4659,  0.7005,  0.3804,
         0.6574,  0.6752,  0.6361, -0.0151,  0.0019,  0.5783,  0.4519,  0.6976,
         0.6881,  0.3019,  0.3855,  0.1591,  0.2776, -0.0694,  0.5460,  0.3994,
         0.3830,  0.6433,  0.3227,  0.7066,  0.6418,  0.3734,  0.4074,  0.4704,
         0.0318,  0.6636,  0.7546,  0.8116,  0.8712,  0.1965,  0.5700,  0.2232])
Target tensorsfor training set: 
tensor([0.7371, 0.6671, 0.0636, 0.4373, 0.7144, 0.3453, 0.6465, 0.2255, 0.3077,
        0.7950, 0.9656, 0.2169, 0.5780, 0.4640, 0.7596, 0.7270, 0.6577, 0.8411,
        0.9535, 0.2649, 0.4341, 0.2916, 0.5187, 0.5220, 0.4440, 0.0389, 0.8728,
        0.7901, 0.5102, 0.5573, 0.1218, 0.6595, 0.4993, 0.6992, 0.2464, 0.4036,
        0.3829, 0.5783, 0.8363, 0.5023, 0.7507, 0.8556, 0.7497, 0.0981, 0.1360,
        0.7372, 0.6199, 0.8988, 0.9117, 0.4149, 0.5719, 0.4513, 0.4818, 0.0478,
        0.7791, 0.5658, 0.5300, 0.9621, 0.4526, 0.9215, 0.8524, 0.4654, 0.5564,
        0.5779, 0.1055, 0.7462, 0.8418, 0.9150, 0.9072, 0.1295, 0.6576, 0.2271])
Correlation for training set: 0.9445053836427811
Predicted tensors for test set: 
tensor([0.3786, 0.5734, 0.4799, 0.4012, 0.3388, 0.4563, 0.3751, 0.5381, 0.3628,
        0.4147, 0.3574, 0.3241, 0.3817, 0.4208, 0.4892, 0.3658, 0.3449, 0.4219])
Target tensors for test set: 
tensor([0.8453, 0.8561, 0.1493, 0.7125, 0.3309, 0.7171, 0.2594, 0.1294, 0.9127,
        0.0246, 0.2394, 0.5178, 0.9492, 0.0763, 0.6240, 0.6846, 0.3174, 0.8391])
Correlation for test set: -0.015134067465126425
Fold 4
Epoch: 00, Training Loss: 0.0826, Train MSE: 0.0826, r (train): 0.3823, Test MSE: 0.0852, r (test): -0.1313
Epoch: 01, Training Loss: 0.0811, Train MSE: 0.0811, r (train): 0.4802, Test MSE: 0.0856, r (test): -0.1151
Epoch: 02, Training Loss: 0.0778, Train MSE: 0.0778, r (train): 0.5304, Test MSE: 0.0852, r (test): -0.1501
Epoch: 03, Training Loss: 0.0754, Train MSE: 0.0754, r (train): 0.5836, Test MSE: 0.0843, r (test): -0.1282
Epoch: 04, Training Loss: 0.0737, Train MSE: 0.0737, r (train): 0.6221, Test MSE: 0.0845, r (test): -0.1323
Epoch: 05, Training Loss: 0.0717, Train MSE: 0.0717, r (train): 0.6546, Test MSE: 0.0850, r (test): -0.1406
Epoch: 06, Training Loss: 0.0695, Train MSE: 0.0695, r (train): 0.6724, Test MSE: 0.0843, r (test): -0.1362
Epoch: 07, Training Loss: 0.0677, Train MSE: 0.0677, r (train): 0.7075, Test MSE: 0.0846, r (test): -0.1318
Epoch: 08, Training Loss: 0.0652, Train MSE: 0.0652, r (train): 0.7332, Test MSE: 0.0844, r (test): -0.1302
Epoch: 09, Training Loss: 0.0631, Train MSE: 0.0631, r (train): 0.7631, Test MSE: 0.0845, r (test): -0.1027
Epoch: 10, Training Loss: 0.0589, Train MSE: 0.0589, r (train): 0.7835, Test MSE: 0.0820, r (test): -0.0821
Epoch: 11, Training Loss: 0.0557, Train MSE: 0.0557, r (train): 0.7899, Test MSE: 0.0831, r (test): -0.0960
Epoch: 12, Training Loss: 0.0508, Train MSE: 0.0508, r (train): 0.8022, Test MSE: 0.0807, r (test): -0.0415
Epoch: 13, Training Loss: 0.0464, Train MSE: 0.0464, r (train): 0.8017, Test MSE: 0.0785, r (test): 0.0100
Epoch: 14, Training Loss: 0.0413, Train MSE: 0.0413, r (train): 0.8182, Test MSE: 0.0760, r (test): 0.0201
Epoch: 15, Training Loss: 0.0363, Train MSE: 0.0363, r (train): 0.8319, Test MSE: 0.0722, r (test): 0.1011
Epoch: 16, Training Loss: 0.0323, Train MSE: 0.0323, r (train): 0.8386, Test MSE: 0.0717, r (test): 0.1258
Epoch: 17, Training Loss: 0.0295, Train MSE: 0.0295, r (train): 0.8612, Test MSE: 0.0753, r (test): 0.0996
Epoch: 18, Training Loss: 0.0272, Train MSE: 0.0272, r (train): 0.8828, Test MSE: 0.0771, r (test): 0.1192
Epoch: 19, Training Loss: 0.0220, Train MSE: 0.0220, r (train): 0.9078, Test MSE: 0.0804, r (test): 0.0919
Epoch: 20, Training Loss: 0.0159, Train MSE: 0.0159, r (train): 0.9185, Test MSE: 0.0834, r (test): 0.0302
Epoch: 21, Training Loss: 0.0123, Train MSE: 0.0123, r (train): 0.9160, Test MSE: 0.0800, r (test): 0.1076
Epoch: 22, Training Loss: 0.0116, Train MSE: 0.0116, r (train): 0.9246, Test MSE: 0.0817, r (test): 0.1199
Epoch: 23, Training Loss: 0.0150, Train MSE: 0.0150, r (train): 0.9206, Test MSE: 0.0844, r (test): 0.1003
Epoch: 24, Training Loss: 0.0287, Train MSE: 0.0287, r (train): 0.9446, Test MSE: 0.0896, r (test): 0.1018
Epoch: 25, Training Loss: 0.0798, Train MSE: 0.0798, r (train): 0.9486, Test MSE: 0.1248, r (test): 0.0554
Epoch: 26, Training Loss: 0.0193, Train MSE: 0.0193, r (train): 0.9404, Test MSE: 0.0908, r (test): 0.0222
Epoch: 27, Training Loss: 0.0105, Train MSE: 0.0105, r (train): 0.9351, Test MSE: 0.0891, r (test): 0.0184
Epoch: 28, Training Loss: 0.0187, Train MSE: 0.0187, r (train): 0.9291, Test MSE: 0.0841, r (test): 0.0749
Epoch: 29, Training Loss: 0.0285, Train MSE: 0.0285, r (train): 0.9204, Test MSE: 0.0922, r (test): 0.0894
Epoch: 30, Training Loss: 0.0158, Train MSE: 0.0158, r (train): 0.9014, Test MSE: 0.0851, r (test): 0.0154
Epoch: 31, Training Loss: 0.0167, Train MSE: 0.0167, r (train): 0.8839, Test MSE: 0.0846, r (test): 0.0109
Epoch: 32, Training Loss: 0.0160, Train MSE: 0.0160, r (train): 0.8927, Test MSE: 0.0882, r (test): -0.0512
Epoch: 33, Training Loss: 0.0337, Train MSE: 0.0337, r (train): 0.9009, Test MSE: 0.0889, r (test): 0.0149
Epoch: 34, Training Loss: 0.0905, Train MSE: 0.0905, r (train): 0.9122, Test MSE: 0.1468, r (test): 0.0148
Epoch: 35, Training Loss: 0.1324, Train MSE: 0.1324, r (train): 0.9256, Test MSE: 0.1667, r (test): 0.0472
Epoch: 36, Training Loss: 0.1217, Train MSE: 0.1217, r (train): 0.9182, Test MSE: 0.1643, r (test): 0.0105
Epoch: 37, Training Loss: 0.1109, Train MSE: 0.1109, r (train): 0.9241, Test MSE: 0.1389, r (test): 0.0316
Epoch: 38, Training Loss: 0.0451, Train MSE: 0.0451, r (train): 0.9309, Test MSE: 0.1127, r (test): -0.0639
Epoch: 39, Training Loss: 0.0154, Train MSE: 0.0154, r (train): 0.9147, Test MSE: 0.0890, r (test): 0.0031
Epoch: 40, Training Loss: 0.0253, Train MSE: 0.0253, r (train): 0.9206, Test MSE: 0.0810, r (test): 0.1025
Epoch: 41, Training Loss: 0.0438, Train MSE: 0.0438, r (train): 0.9478, Test MSE: 0.1041, r (test): -0.0093
Epoch: 42, Training Loss: 0.0279, Train MSE: 0.0279, r (train): 0.9410, Test MSE: 0.0936, r (test): 0.0340
Epoch: 43, Training Loss: 0.0177, Train MSE: 0.0177, r (train): 0.9303, Test MSE: 0.0879, r (test): -0.0044
Epoch: 44, Training Loss: 0.0155, Train MSE: 0.0155, r (train): 0.9130, Test MSE: 0.0923, r (test): -0.0864
Epoch: 45, Training Loss: 0.0213, Train MSE: 0.0213, r (train): 0.9085, Test MSE: 0.1089, r (test): -0.1350
Epoch: 46, Training Loss: 0.0346, Train MSE: 0.0346, r (train): 0.8919, Test MSE: 0.1224, r (test): -0.1875
Epoch: 47, Training Loss: 0.0298, Train MSE: 0.0298, r (train): 0.9121, Test MSE: 0.1125, r (test): -0.0486
Epoch: 48, Training Loss: 0.0275, Train MSE: 0.0275, r (train): 0.8744, Test MSE: 0.0983, r (test): 0.0574
Epoch: 49, Training Loss: 0.0182, Train MSE: 0.0182, r (train): 0.9084, Test MSE: 0.0871, r (test): 0.1418
Epoch: 50, Training Loss: 0.0186, Train MSE: 0.0186, r (train): 0.9099, Test MSE: 0.0813, r (test): 0.1655
Epoch: 51, Training Loss: 0.0252, Train MSE: 0.0252, r (train): 0.8960, Test MSE: 0.0886, r (test): 0.0263
Epoch: 52, Training Loss: 0.0224, Train MSE: 0.0224, r (train): 0.8890, Test MSE: 0.0882, r (test): -0.0538
Epoch: 53, Training Loss: 0.0155, Train MSE: 0.0155, r (train): 0.9128, Test MSE: 0.0905, r (test): -0.1064
Epoch: 54, Training Loss: 0.0314, Train MSE: 0.0314, r (train): 0.9415, Test MSE: 0.0997, r (test): -0.0351
Epoch: 55, Training Loss: 0.0486, Train MSE: 0.0486, r (train): 0.9388, Test MSE: 0.1097, r (test): 0.0502
Epoch: 56, Training Loss: 0.0447, Train MSE: 0.0447, r (train): 0.9356, Test MSE: 0.1086, r (test): 0.0120
Epoch: 57, Training Loss: 0.0356, Train MSE: 0.0356, r (train): 0.9324, Test MSE: 0.1112, r (test): -0.0986
Epoch: 58, Training Loss: 0.0325, Train MSE: 0.0325, r (train): 0.9353, Test MSE: 0.1168, r (test): -0.0966
Epoch: 59, Training Loss: 0.0204, Train MSE: 0.0204, r (train): 0.9321, Test MSE: 0.1001, r (test): -0.1006
Epoch: 60, Training Loss: 0.0146, Train MSE: 0.0146, r (train): 0.9233, Test MSE: 0.0987, r (test): -0.1219
Epoch: 61, Training Loss: 0.0207, Train MSE: 0.0207, r (train): 0.9190, Test MSE: 0.1040, r (test): -0.1995
Epoch: 62, Training Loss: 0.0287, Train MSE: 0.0287, r (train): 0.9150, Test MSE: 0.0908, r (test): 0.0574
Epoch: 63, Training Loss: 0.0155, Train MSE: 0.0155, r (train): 0.9268, Test MSE: 0.0816, r (test): 0.0677
Epoch: 64, Training Loss: 0.0116, Train MSE: 0.0116, r (train): 0.9174, Test MSE: 0.0921, r (test): -0.1322
Epoch: 65, Training Loss: 0.0295, Train MSE: 0.0295, r (train): 0.9393, Test MSE: 0.1128, r (test): -0.1001
Epoch: 66, Training Loss: 0.0343, Train MSE: 0.0343, r (train): 0.9410, Test MSE: 0.1096, r (test): -0.0931
Epoch: 67, Training Loss: 0.0305, Train MSE: 0.0305, r (train): 0.9486, Test MSE: 0.1033, r (test): -0.0699
Epoch: 68, Training Loss: 0.0205, Train MSE: 0.0205, r (train): 0.9394, Test MSE: 0.1034, r (test): -0.1322
Epoch: 69, Training Loss: 0.0131, Train MSE: 0.0131, r (train): 0.9257, Test MSE: 0.0944, r (test): -0.0554
Epoch: 70, Training Loss: 0.0281, Train MSE: 0.0281, r (train): 0.9204, Test MSE: 0.1159, r (test): -0.0612
Epoch: 71, Training Loss: 0.0305, Train MSE: 0.0305, r (train): 0.9134, Test MSE: 0.0998, r (test): 0.0039
Epoch: 72, Training Loss: 0.0207, Train MSE: 0.0207, r (train): 0.9236, Test MSE: 0.0923, r (test): 0.0816
Epoch: 73, Training Loss: 0.0107, Train MSE: 0.0107, r (train): 0.9283, Test MSE: 0.0855, r (test): -0.0470
Epoch: 74, Training Loss: 0.0136, Train MSE: 0.0136, r (train): 0.9327, Test MSE: 0.0858, r (test): -0.0716
Epoch: 75, Training Loss: 0.0290, Train MSE: 0.0290, r (train): 0.9390, Test MSE: 0.0945, r (test): 0.0239
Epoch: 76, Training Loss: 0.0294, Train MSE: 0.0294, r (train): 0.9495, Test MSE: 0.1015, r (test): 0.0007
Epoch: 77, Training Loss: 0.0087, Train MSE: 0.0087, r (train): 0.9434, Test MSE: 0.0908, r (test): -0.0150
Epoch: 78, Training Loss: 0.0287, Train MSE: 0.0287, r (train): 0.9386, Test MSE: 0.1176, r (test): -0.0620
Epoch: 79, Training Loss: 0.0363, Train MSE: 0.0363, r (train): 0.9374, Test MSE: 0.1200, r (test): -0.0039
Epoch: 80, Training Loss: 0.0166, Train MSE: 0.0166, r (train): 0.9439, Test MSE: 0.0911, r (test): 0.0798
Epoch: 81, Training Loss: 0.0118, Train MSE: 0.0118, r (train): 0.9499, Test MSE: 0.0937, r (test): 0.0394
Epoch: 82, Training Loss: 0.0119, Train MSE: 0.0119, r (train): 0.9555, Test MSE: 0.0866, r (test): -0.0198
Epoch: 83, Training Loss: 0.0147, Train MSE: 0.0147, r (train): 0.9554, Test MSE: 0.0895, r (test): -0.0004
Epoch: 84, Training Loss: 0.0123, Train MSE: 0.0123, r (train): 0.9514, Test MSE: 0.0961, r (test): -0.0697
Epoch: 85, Training Loss: 0.0377, Train MSE: 0.0377, r (train): 0.9524, Test MSE: 0.1273, r (test): -0.1722
Epoch: 86, Training Loss: 0.0249, Train MSE: 0.0249, r (train): 0.9414, Test MSE: 0.1025, r (test): -0.0400
Epoch: 87, Training Loss: 0.0102, Train MSE: 0.0102, r (train): 0.9620, Test MSE: 0.0902, r (test): -0.0315
Epoch: 88, Training Loss: 0.0080, Train MSE: 0.0080, r (train): 0.9572, Test MSE: 0.0847, r (test): -0.0612
Epoch: 89, Training Loss: 0.0081, Train MSE: 0.0081, r (train): 0.9674, Test MSE: 0.0879, r (test): -0.0545
Epoch: 90, Training Loss: 0.0218, Train MSE: 0.0218, r (train): 0.9620, Test MSE: 0.1146, r (test): -0.1533
Epoch: 91, Training Loss: 0.0362, Train MSE: 0.0362, r (train): 0.9519, Test MSE: 0.1146, r (test): -0.1152
Epoch: 92, Training Loss: 0.0172, Train MSE: 0.0172, r (train): 0.9456, Test MSE: 0.0853, r (test): 0.0579
Epoch: 93, Training Loss: 0.0060, Train MSE: 0.0060, r (train): 0.9605, Test MSE: 0.0836, r (test): 0.0134
Epoch: 94, Training Loss: 0.0120, Train MSE: 0.0120, r (train): 0.9642, Test MSE: 0.0879, r (test): -0.0530
Epoch: 95, Training Loss: 0.0131, Train MSE: 0.0131, r (train): 0.9649, Test MSE: 0.0922, r (test): -0.0451
Epoch: 96, Training Loss: 0.0161, Train MSE: 0.0161, r (train): 0.9533, Test MSE: 0.1072, r (test): -0.1361
Epoch: 97, Training Loss: 0.0415, Train MSE: 0.0415, r (train): 0.9586, Test MSE: 0.1282, r (test): -0.1391
Epoch: 98, Training Loss: 0.0276, Train MSE: 0.0276, r (train): 0.9597, Test MSE: 0.1066, r (test): -0.1105
Epoch: 99, Training Loss: 0.0045, Train MSE: 0.0045, r (train): 0.9765, Test MSE: 0.0878, r (test): -0.0107
Predicted tensors for training set: 
tensor([ 0.8530,  0.6775,  0.1402,  0.4371,  0.7312,  0.3295,  0.6286,  0.2082,
         0.2935,  0.7678,  1.0199,  0.2248,  0.6427,  0.4485,  0.8275,  0.7025,
         0.6754,  0.8471,  0.8770,  0.2311,  0.3744,  0.2479,  0.5021,  0.4266,
         0.3428, -0.1716,  0.6383,  0.6208,  0.4659,  0.4622,  0.0392,  0.4770,
         0.4088,  0.6477,  0.1716,  0.3411,  0.8129,  0.9328,  0.1157,  0.7611,
         0.3447,  0.7167,  0.2565,  0.0904,  0.9458,  0.0394,  0.2346,  0.5206,
         0.9656,  0.0356,  0.6202,  0.6344,  0.3277,  0.7951,  0.7365,  0.5370,
         0.4798,  0.8880,  0.4076,  0.8660,  0.8134,  0.4009,  0.4848,  0.5154,
         0.0586,  0.7245,  0.8299,  0.8513,  0.8684,  0.1353,  0.6915,  0.1929])
Target tensorsfor training set: 
tensor([0.7371, 0.6671, 0.0636, 0.4373, 0.7144, 0.3453, 0.6465, 0.2255, 0.3077,
        0.7950, 0.9656, 0.2169, 0.5780, 0.4640, 0.7596, 0.7270, 0.6577, 0.8411,
        0.9535, 0.2649, 0.4341, 0.2916, 0.5187, 0.5220, 0.4440, 0.0389, 0.8728,
        0.7901, 0.5102, 0.5573, 0.1218, 0.6595, 0.4993, 0.6992, 0.2464, 0.4036,
        0.8453, 0.8561, 0.1493, 0.7125, 0.3309, 0.7171, 0.2594, 0.1294, 0.9127,
        0.0246, 0.2394, 0.5178, 0.9492, 0.0763, 0.6240, 0.6846, 0.3174, 0.8391,
        0.7791, 0.5658, 0.5300, 0.9621, 0.4526, 0.9215, 0.8524, 0.4654, 0.5564,
        0.5779, 0.1055, 0.7462, 0.8418, 0.9150, 0.9072, 0.1295, 0.6576, 0.2271])
Correlation for training set: 0.9764687128787688
Predicted tensors for test set: 
tensor([0.2430, 0.7099, 0.4047, 0.5844, 0.5978, 0.5205, 0.5857, 0.5091, 0.4522,
        0.2720, 0.5737, 0.4387, 0.4878, 0.3437, 0.5797, 0.6812, 0.4899, 0.5491])
Target tensors for test set: 
tensor([0.3829, 0.5783, 0.8363, 0.5023, 0.7507, 0.8556, 0.7497, 0.0981, 0.1360,
        0.7372, 0.6199, 0.8988, 0.9117, 0.4149, 0.5719, 0.4513, 0.4818, 0.0478])
Correlation for test set: -0.010656168942242424
Fold 5
Epoch: 00, Training Loss: 0.0738, Train MSE: 0.0738, r (train): 0.3351, Test MSE: 0.0734, r (test): -0.2940
Epoch: 01, Training Loss: 0.0735, Train MSE: 0.0735, r (train): 0.4113, Test MSE: 0.0733, r (test): -0.2685
Epoch: 02, Training Loss: 0.0716, Train MSE: 0.0716, r (train): 0.4541, Test MSE: 0.0722, r (test): -0.1773
Epoch: 03, Training Loss: 0.0700, Train MSE: 0.0700, r (train): 0.5169, Test MSE: 0.0730, r (test): -0.2402
Epoch: 04, Training Loss: 0.0682, Train MSE: 0.0682, r (train): 0.5758, Test MSE: 0.0729, r (test): -0.2510
Epoch: 05, Training Loss: 0.0669, Train MSE: 0.0669, r (train): 0.6280, Test MSE: 0.0730, r (test): -0.2526
Epoch: 06, Training Loss: 0.0657, Train MSE: 0.0657, r (train): 0.6536, Test MSE: 0.0725, r (test): -0.1960
Epoch: 07, Training Loss: 0.0634, Train MSE: 0.0634, r (train): 0.6991, Test MSE: 0.0724, r (test): -0.1492
Epoch: 08, Training Loss: 0.0617, Train MSE: 0.0617, r (train): 0.7216, Test MSE: 0.0721, r (test): -0.1090
Epoch: 09, Training Loss: 0.0590, Train MSE: 0.0590, r (train): 0.7475, Test MSE: 0.0724, r (test): -0.1272
Epoch: 10, Training Loss: 0.0545, Train MSE: 0.0545, r (train): 0.7854, Test MSE: 0.0714, r (test): -0.0109
Epoch: 11, Training Loss: 0.0488, Train MSE: 0.0488, r (train): 0.8209, Test MSE: 0.0695, r (test): 0.1130
Epoch: 12, Training Loss: 0.0411, Train MSE: 0.0411, r (train): 0.8391, Test MSE: 0.0697, r (test): 0.0908
Epoch: 13, Training Loss: 0.0315, Train MSE: 0.0315, r (train): 0.8558, Test MSE: 0.0698, r (test): 0.1196
Epoch: 14, Training Loss: 0.0272, Train MSE: 0.0272, r (train): 0.8590, Test MSE: 0.0749, r (test): 0.1093
Epoch: 15, Training Loss: 0.0213, Train MSE: 0.0213, r (train): 0.8776, Test MSE: 0.0817, r (test): 0.0592
Epoch: 16, Training Loss: 0.0229, Train MSE: 0.0229, r (train): 0.8865, Test MSE: 0.0876, r (test): 0.0232
Epoch: 17, Training Loss: 0.0141, Train MSE: 0.0141, r (train): 0.9015, Test MSE: 0.0929, r (test): 0.0830
Epoch: 18, Training Loss: 0.0248, Train MSE: 0.0248, r (train): 0.9109, Test MSE: 0.0867, r (test): 0.1164
Epoch: 19, Training Loss: 0.1259, Train MSE: 0.1259, r (train): 0.9063, Test MSE: 0.1548, r (test): 0.1615
Epoch: 20, Training Loss: 0.0564, Train MSE: 0.0564, r (train): 0.8830, Test MSE: 0.0953, r (test): 0.1123
Epoch: 21, Training Loss: 0.0914, Train MSE: 0.0914, r (train): 0.8902, Test MSE: 0.1100, r (test): 0.0838
Epoch: 22, Training Loss: 0.0766, Train MSE: 0.0766, r (train): 0.8611, Test MSE: 0.0961, r (test): 0.0362
Epoch: 23, Training Loss: 0.0504, Train MSE: 0.0504, r (train): 0.8762, Test MSE: 0.0793, r (test): 0.1640
Epoch: 24, Training Loss: 0.0641, Train MSE: 0.0641, r (train): 0.8648, Test MSE: 0.0866, r (test): 0.1127
Epoch: 25, Training Loss: 0.0672, Train MSE: 0.0672, r (train): 0.8608, Test MSE: 0.0863, r (test): -0.0215
Epoch: 26, Training Loss: 0.0613, Train MSE: 0.0613, r (train): 0.8731, Test MSE: 0.0900, r (test): -0.0878
Epoch: 27, Training Loss: 0.0728, Train MSE: 0.0728, r (train): 0.8757, Test MSE: 0.0921, r (test): 0.0403
Epoch: 28, Training Loss: 0.0858, Train MSE: 0.0858, r (train): 0.8691, Test MSE: 0.0963, r (test): 0.1194
Epoch: 29, Training Loss: 0.1292, Train MSE: 0.1292, r (train): 0.8563, Test MSE: 0.1315, r (test): 0.0880
Epoch: 30, Training Loss: 0.1107, Train MSE: 0.1107, r (train): 0.8498, Test MSE: 0.1167, r (test): 0.1755
Epoch: 31, Training Loss: 0.0817, Train MSE: 0.0817, r (train): 0.8779, Test MSE: 0.1028, r (test): 0.1456
Epoch: 32, Training Loss: 0.0507, Train MSE: 0.0507, r (train): 0.8712, Test MSE: 0.0974, r (test): 0.1099
Epoch: 33, Training Loss: 0.0267, Train MSE: 0.0267, r (train): 0.8834, Test MSE: 0.0863, r (test): 0.1404
Epoch: 34, Training Loss: 0.0175, Train MSE: 0.0175, r (train): 0.8911, Test MSE: 0.0907, r (test): 0.1380
Epoch: 35, Training Loss: 0.0187, Train MSE: 0.0187, r (train): 0.8804, Test MSE: 0.0929, r (test): 0.1410
Epoch: 36, Training Loss: 0.0175, Train MSE: 0.0175, r (train): 0.8892, Test MSE: 0.0928, r (test): 0.1792
Epoch: 37, Training Loss: 0.0167, Train MSE: 0.0167, r (train): 0.8865, Test MSE: 0.0941, r (test): 0.1045
Epoch: 38, Training Loss: 0.0207, Train MSE: 0.0207, r (train): 0.8731, Test MSE: 0.0981, r (test): 0.1265
Epoch: 39, Training Loss: 0.0146, Train MSE: 0.0146, r (train): 0.9065, Test MSE: 0.0877, r (test): -0.0069
Epoch: 40, Training Loss: 0.0212, Train MSE: 0.0212, r (train): 0.9002, Test MSE: 0.0887, r (test): 0.0210
Epoch: 41, Training Loss: 0.0453, Train MSE: 0.0453, r (train): 0.9024, Test MSE: 0.0841, r (test): 0.0813
Epoch: 42, Training Loss: 0.0717, Train MSE: 0.0717, r (train): 0.9030, Test MSE: 0.1023, r (test): 0.0815
Epoch: 43, Training Loss: 0.0530, Train MSE: 0.0530, r (train): 0.9035, Test MSE: 0.0946, r (test): 0.0841
Epoch: 44, Training Loss: 0.0142, Train MSE: 0.0142, r (train): 0.9111, Test MSE: 0.1042, r (test): 0.0960
Epoch: 45, Training Loss: 0.0329, Train MSE: 0.0329, r (train): 0.9075, Test MSE: 0.1285, r (test): 0.1301
Epoch: 46, Training Loss: 0.0330, Train MSE: 0.0330, r (train): 0.9287, Test MSE: 0.1618, r (test): 0.0171
Epoch: 47, Training Loss: 0.0238, Train MSE: 0.0238, r (train): 0.9319, Test MSE: 0.1510, r (test): -0.0016
Epoch: 48, Training Loss: 0.0102, Train MSE: 0.0102, r (train): 0.9411, Test MSE: 0.0957, r (test): 0.1292
Epoch: 49, Training Loss: 0.0229, Train MSE: 0.0229, r (train): 0.9306, Test MSE: 0.0855, r (test): 0.0890
Epoch: 50, Training Loss: 0.0385, Train MSE: 0.0385, r (train): 0.9104, Test MSE: 0.0807, r (test): 0.1325
Epoch: 51, Training Loss: 0.0159, Train MSE: 0.0159, r (train): 0.9135, Test MSE: 0.0849, r (test): 0.1632
Epoch: 52, Training Loss: 0.0167, Train MSE: 0.0167, r (train): 0.9157, Test MSE: 0.1093, r (test): 0.1350
Epoch: 53, Training Loss: 0.0457, Train MSE: 0.0457, r (train): 0.9257, Test MSE: 0.1755, r (test): 0.0819
Epoch: 54, Training Loss: 0.0227, Train MSE: 0.0227, r (train): 0.9436, Test MSE: 0.1478, r (test): 0.0616
Epoch: 55, Training Loss: 0.0097, Train MSE: 0.0097, r (train): 0.9453, Test MSE: 0.1017, r (test): 0.1379
Epoch: 56, Training Loss: 0.0144, Train MSE: 0.0144, r (train): 0.9348, Test MSE: 0.0948, r (test): 0.1013
Epoch: 57, Training Loss: 0.0143, Train MSE: 0.0143, r (train): 0.9229, Test MSE: 0.1277, r (test): -0.0030
Epoch: 58, Training Loss: 0.0479, Train MSE: 0.0479, r (train): 0.9224, Test MSE: 0.1808, r (test): 0.0497
Epoch: 59, Training Loss: 0.0443, Train MSE: 0.0443, r (train): 0.9391, Test MSE: 0.1875, r (test): 0.1133
Epoch: 60, Training Loss: 0.0098, Train MSE: 0.0098, r (train): 0.9392, Test MSE: 0.1043, r (test): 0.1826
Epoch: 61, Training Loss: 0.0125, Train MSE: 0.0125, r (train): 0.9276, Test MSE: 0.1055, r (test): 0.1186
Epoch: 62, Training Loss: 0.0123, Train MSE: 0.0123, r (train): 0.9292, Test MSE: 0.1049, r (test): 0.1202
Epoch: 63, Training Loss: 0.0335, Train MSE: 0.0335, r (train): 0.9143, Test MSE: 0.1495, r (test): 0.1540
Epoch: 64, Training Loss: 0.0702, Train MSE: 0.0702, r (train): 0.9242, Test MSE: 0.2073, r (test): 0.0712
Epoch: 65, Training Loss: 0.0300, Train MSE: 0.0300, r (train): 0.9456, Test MSE: 0.1315, r (test): 0.2026
Epoch: 66, Training Loss: 0.0101, Train MSE: 0.0101, r (train): 0.9500, Test MSE: 0.1027, r (test): 0.1699
Epoch: 67, Training Loss: 0.0140, Train MSE: 0.0140, r (train): 0.9413, Test MSE: 0.0912, r (test): 0.0567
Epoch: 68, Training Loss: 0.0115, Train MSE: 0.0115, r (train): 0.9422, Test MSE: 0.0941, r (test): 0.1204
Epoch: 69, Training Loss: 0.0091, Train MSE: 0.0091, r (train): 0.9507, Test MSE: 0.0954, r (test): 0.1504
Epoch: 70, Training Loss: 0.0335, Train MSE: 0.0335, r (train): 0.9496, Test MSE: 0.1601, r (test): 0.0327
Epoch: 71, Training Loss: 0.0293, Train MSE: 0.0293, r (train): 0.9524, Test MSE: 0.1393, r (test): 0.1131
Epoch: 72, Training Loss: 0.0076, Train MSE: 0.0076, r (train): 0.9585, Test MSE: 0.0947, r (test): 0.0873
Epoch: 73, Training Loss: 0.0082, Train MSE: 0.0082, r (train): 0.9515, Test MSE: 0.0911, r (test): 0.1392
Epoch: 74, Training Loss: 0.0088, Train MSE: 0.0088, r (train): 0.9640, Test MSE: 0.1024, r (test): 0.0712
Epoch: 75, Training Loss: 0.0184, Train MSE: 0.0184, r (train): 0.9564, Test MSE: 0.1180, r (test): 0.1252
Epoch: 76, Training Loss: 0.0284, Train MSE: 0.0284, r (train): 0.9574, Test MSE: 0.1239, r (test): 0.1117
Epoch: 77, Training Loss: 0.0102, Train MSE: 0.0102, r (train): 0.9508, Test MSE: 0.0899, r (test): 0.2448
Epoch: 78, Training Loss: 0.0172, Train MSE: 0.0172, r (train): 0.9490, Test MSE: 0.0755, r (test): 0.2061
Epoch: 79, Training Loss: 0.0124, Train MSE: 0.0124, r (train): 0.9600, Test MSE: 0.0904, r (test): 0.0028
Epoch: 80, Training Loss: 0.0075, Train MSE: 0.0075, r (train): 0.9584, Test MSE: 0.0955, r (test): 0.1038
Epoch: 81, Training Loss: 0.0267, Train MSE: 0.0267, r (train): 0.9494, Test MSE: 0.1260, r (test): 0.0441
Epoch: 82, Training Loss: 0.0194, Train MSE: 0.0194, r (train): 0.9549, Test MSE: 0.1097, r (test): 0.1667
Epoch: 83, Training Loss: 0.0058, Train MSE: 0.0058, r (train): 0.9674, Test MSE: 0.0827, r (test): 0.2093
Epoch: 84, Training Loss: 0.0097, Train MSE: 0.0097, r (train): 0.9645, Test MSE: 0.0865, r (test): 0.0591
Epoch: 85, Training Loss: 0.0058, Train MSE: 0.0058, r (train): 0.9662, Test MSE: 0.0938, r (test): 0.0739
Epoch: 86, Training Loss: 0.0155, Train MSE: 0.0155, r (train): 0.9631, Test MSE: 0.1103, r (test): 0.1587
Epoch: 87, Training Loss: 0.0121, Train MSE: 0.0121, r (train): 0.9650, Test MSE: 0.0963, r (test): 0.1743
Epoch: 88, Training Loss: 0.0091, Train MSE: 0.0091, r (train): 0.9509, Test MSE: 0.0642, r (test): 0.3748
Epoch: 89, Training Loss: 0.0243, Train MSE: 0.0243, r (train): 0.9523, Test MSE: 0.0733, r (test): 0.2331
Epoch: 90, Training Loss: 0.0063, Train MSE: 0.0063, r (train): 0.9775, Test MSE: 0.0850, r (test): 0.1601
Epoch: 91, Training Loss: 0.0143, Train MSE: 0.0143, r (train): 0.9602, Test MSE: 0.1194, r (test): 0.0676
Epoch: 92, Training Loss: 0.0148, Train MSE: 0.0148, r (train): 0.9602, Test MSE: 0.1063, r (test): 0.1544
Epoch: 93, Training Loss: 0.0075, Train MSE: 0.0075, r (train): 0.9512, Test MSE: 0.0686, r (test): 0.3151
Epoch: 94, Training Loss: 0.0209, Train MSE: 0.0209, r (train): 0.9373, Test MSE: 0.0721, r (test): 0.2322
Epoch: 95, Training Loss: 0.0158, Train MSE: 0.0158, r (train): 0.9554, Test MSE: 0.0739, r (test): 0.2153
Epoch: 96, Training Loss: 0.0046, Train MSE: 0.0046, r (train): 0.9737, Test MSE: 0.1007, r (test): 0.0701
Epoch: 97, Training Loss: 0.0163, Train MSE: 0.0163, r (train): 0.9627, Test MSE: 0.1175, r (test): 0.1001
Epoch: 98, Training Loss: 0.0048, Train MSE: 0.0048, r (train): 0.9666, Test MSE: 0.0825, r (test): 0.1811
Epoch: 99, Training Loss: 0.0232, Train MSE: 0.0232, r (train): 0.9765, Test MSE: 0.0789, r (test): 0.1980
Predicted tensors for training set: 
tensor([0.8479, 0.8716, 0.1480, 0.5835, 0.8554, 0.5160, 0.9015, 0.4127, 0.4919,
        1.0626, 1.2138, 0.3533, 0.7730, 0.6038, 1.0169, 0.9858, 0.9498, 1.0691,
        1.1445, 0.4721, 0.5633, 0.4138, 0.6494, 0.6085, 0.5955, 0.0961, 0.9374,
        0.9042, 0.5652, 0.6299, 0.1472, 0.7347, 0.5634, 0.7712, 0.2783, 0.5647,
        1.0158, 0.9552, 0.1844, 0.8579, 0.4519, 0.8997, 0.3545, 0.2486, 1.2073,
        0.1417, 0.4066, 0.6980, 1.1915, 0.2337, 0.8180, 0.8515, 0.4285, 1.0564,
        0.5287, 0.7656, 1.0032, 0.6287, 0.9197, 0.9839, 0.8741, 0.1432, 0.1895,
        0.8147, 0.6488, 0.9619, 0.9549, 0.4802, 0.6312, 0.4372, 0.5338, 0.1220])
Target tensorsfor training set: 
tensor([0.7371, 0.6671, 0.0636, 0.4373, 0.7144, 0.3453, 0.6465, 0.2255, 0.3077,
        0.7950, 0.9656, 0.2169, 0.5780, 0.4640, 0.7596, 0.7270, 0.6577, 0.8411,
        0.9535, 0.2649, 0.4341, 0.2916, 0.5187, 0.5220, 0.4440, 0.0389, 0.8728,
        0.7901, 0.5102, 0.5573, 0.1218, 0.6595, 0.4993, 0.6992, 0.2464, 0.4036,
        0.8453, 0.8561, 0.1493, 0.7125, 0.3309, 0.7171, 0.2594, 0.1294, 0.9127,
        0.0246, 0.2394, 0.5178, 0.9492, 0.0763, 0.6240, 0.6846, 0.3174, 0.8391,
        0.3829, 0.5783, 0.8363, 0.5023, 0.7507, 0.8556, 0.7497, 0.0981, 0.1360,
        0.7372, 0.6199, 0.8988, 0.9117, 0.4149, 0.5719, 0.4513, 0.4818, 0.0478])
Correlation for training set: 0.9765059326917813
Predicted tensors for test set: 
tensor([0.4440, 0.8158, 0.5543, 0.8603, 0.8290, 0.6936, 0.6177, 0.6890, 0.6243,
        0.6795, 0.7862, 0.8833, 0.8290, 0.6946, 0.5417, 0.6184, 0.5386, 0.2860])
Target tensors for test set: 
tensor([0.7791, 0.5658, 0.5300, 0.9621, 0.4526, 0.9215, 0.8524, 0.4654, 0.5564,
        0.5779, 0.1055, 0.7462, 0.8418, 0.9150, 0.9072, 0.1295, 0.6576, 0.2271])
Correlation for test set: 0.19799797034917216
Seed: 37
Fold losses: [tensor(0.0105), tensor(0.0109), tensor(0.0274), tensor(0.0045), tensor(0.0232)]
Fold MSE values: [tensor(0.0105), tensor(0.0109), tensor(0.0274), tensor(0.0045), tensor(0.0232)]
Target training values: [tensor([0.9535, 0.2649, 0.4341, 0.2916, 0.5187, 0.5220, 0.4440, 0.0389, 0.8728,
        0.7901, 0.5102, 0.5573, 0.1218, 0.6595, 0.4993, 0.6992, 0.2464, 0.4036,
        0.8453, 0.8561, 0.1493, 0.7125, 0.3309, 0.7171, 0.2594, 0.1294, 0.9127,
        0.0246, 0.2394, 0.5178, 0.9492, 0.0763, 0.6240, 0.6846, 0.3174, 0.8391,
        0.3829, 0.5783, 0.8363, 0.5023, 0.7507, 0.8556, 0.7497, 0.0981, 0.1360,
        0.7372, 0.6199, 0.8988, 0.9117, 0.4149, 0.5719, 0.4513, 0.4818, 0.0478,
        0.7791, 0.5658, 0.5300, 0.9621, 0.4526, 0.9215, 0.8524, 0.4654, 0.5564,
        0.5779, 0.1055, 0.7462, 0.8418, 0.9150, 0.9072, 0.1295, 0.6576, 0.2271]), tensor([0.7371, 0.6671, 0.0636, 0.4373, 0.7144, 0.3453, 0.6465, 0.2255, 0.3077,
        0.7950, 0.9656, 0.2169, 0.5780, 0.4640, 0.7596, 0.7270, 0.6577, 0.8411,
        0.8453, 0.8561, 0.1493, 0.7125, 0.3309, 0.7171, 0.2594, 0.1294, 0.9127,
        0.0246, 0.2394, 0.5178, 0.9492, 0.0763, 0.6240, 0.6846, 0.3174, 0.8391,
        0.3829, 0.5783, 0.8363, 0.5023, 0.7507, 0.8556, 0.7497, 0.0981, 0.1360,
        0.7372, 0.6199, 0.8988, 0.9117, 0.4149, 0.5719, 0.4513, 0.4818, 0.0478,
        0.7791, 0.5658, 0.5300, 0.9621, 0.4526, 0.9215, 0.8524, 0.4654, 0.5564,
        0.5779, 0.1055, 0.7462, 0.8418, 0.9150, 0.9072, 0.1295, 0.6576, 0.2271]), tensor([0.7371, 0.6671, 0.0636, 0.4373, 0.7144, 0.3453, 0.6465, 0.2255, 0.3077,
        0.7950, 0.9656, 0.2169, 0.5780, 0.4640, 0.7596, 0.7270, 0.6577, 0.8411,
        0.9535, 0.2649, 0.4341, 0.2916, 0.5187, 0.5220, 0.4440, 0.0389, 0.8728,
        0.7901, 0.5102, 0.5573, 0.1218, 0.6595, 0.4993, 0.6992, 0.2464, 0.4036,
        0.3829, 0.5783, 0.8363, 0.5023, 0.7507, 0.8556, 0.7497, 0.0981, 0.1360,
        0.7372, 0.6199, 0.8988, 0.9117, 0.4149, 0.5719, 0.4513, 0.4818, 0.0478,
        0.7791, 0.5658, 0.5300, 0.9621, 0.4526, 0.9215, 0.8524, 0.4654, 0.5564,
        0.5779, 0.1055, 0.7462, 0.8418, 0.9150, 0.9072, 0.1295, 0.6576, 0.2271]), tensor([0.7371, 0.6671, 0.0636, 0.4373, 0.7144, 0.3453, 0.6465, 0.2255, 0.3077,
        0.7950, 0.9656, 0.2169, 0.5780, 0.4640, 0.7596, 0.7270, 0.6577, 0.8411,
        0.9535, 0.2649, 0.4341, 0.2916, 0.5187, 0.5220, 0.4440, 0.0389, 0.8728,
        0.7901, 0.5102, 0.5573, 0.1218, 0.6595, 0.4993, 0.6992, 0.2464, 0.4036,
        0.8453, 0.8561, 0.1493, 0.7125, 0.3309, 0.7171, 0.2594, 0.1294, 0.9127,
        0.0246, 0.2394, 0.5178, 0.9492, 0.0763, 0.6240, 0.6846, 0.3174, 0.8391,
        0.7791, 0.5658, 0.5300, 0.9621, 0.4526, 0.9215, 0.8524, 0.4654, 0.5564,
        0.5779, 0.1055, 0.7462, 0.8418, 0.9150, 0.9072, 0.1295, 0.6576, 0.2271]), tensor([0.7371, 0.6671, 0.0636, 0.4373, 0.7144, 0.3453, 0.6465, 0.2255, 0.3077,
        0.7950, 0.9656, 0.2169, 0.5780, 0.4640, 0.7596, 0.7270, 0.6577, 0.8411,
        0.9535, 0.2649, 0.4341, 0.2916, 0.5187, 0.5220, 0.4440, 0.0389, 0.8728,
        0.7901, 0.5102, 0.5573, 0.1218, 0.6595, 0.4993, 0.6992, 0.2464, 0.4036,
        0.8453, 0.8561, 0.1493, 0.7125, 0.3309, 0.7171, 0.2594, 0.1294, 0.9127,
        0.0246, 0.2394, 0.5178, 0.9492, 0.0763, 0.6240, 0.6846, 0.3174, 0.8391,
        0.3829, 0.5783, 0.8363, 0.5023, 0.7507, 0.8556, 0.7497, 0.0981, 0.1360,
        0.7372, 0.6199, 0.8988, 0.9117, 0.4149, 0.5719, 0.4513, 0.4818, 0.0478])]
Prediction training values: [tensor([ 0.9493,  0.2170,  0.3594,  0.3326,  0.4594,  0.5911,  0.3939, -0.0142,
         0.8452,  0.6896,  0.3484,  0.5852,  0.0263,  0.5145,  0.3435,  0.5056,
         0.0882,  0.2902,  0.6341,  0.7436,  0.0036,  0.6327,  0.2255,  0.4937,
         0.1554,  0.0843,  0.8700, -0.1729,  0.1714,  0.4993,  0.9683,  0.0610,
         0.6987,  0.7990,  0.3630,  1.0479,  0.5045,  0.7095,  1.0016,  0.7153,
         0.8647,  1.1115,  0.9020,  0.1394,  0.1449,  0.8342,  0.7006,  0.9591,
         1.0282,  0.4269,  0.5501,  0.2972,  0.4680, -0.0514,  0.7134,  0.5186,
         0.4962,  0.9099,  0.4175,  0.8971,  0.8106,  0.4400,  0.5407,  0.5657,
         0.0964,  0.7670,  0.8408,  0.8952,  0.9152,  0.1200,  0.6595,  0.2084]), tensor([6.6729e-01, 6.0694e-01, 1.3149e-01, 4.5968e-01, 7.3058e-01, 3.5034e-01,
        6.6300e-01, 2.1664e-01, 3.0192e-01, 8.3727e-01, 8.9045e-01, 2.2385e-01,
        4.6090e-01, 4.7990e-01, 7.4210e-01, 7.5991e-01, 6.2623e-01, 7.9368e-01,
        8.1687e-01, 8.3721e-01, 1.2197e-01, 6.9019e-01, 3.3110e-01, 6.3099e-01,
        2.7289e-01, 7.4478e-02, 6.8254e-01, 2.5655e-02, 1.5765e-01, 4.0445e-01,
        8.3749e-01, 7.4460e-04, 4.7598e-01, 4.4615e-01, 2.4652e-01, 7.4508e-01,
        3.5633e-01, 4.7244e-01, 6.2702e-01, 5.0400e-01, 7.1167e-01, 7.9984e-01,
        7.7034e-01, 1.5954e-01, 2.9462e-01, 8.1446e-01, 7.6967e-01, 9.9680e-01,
        1.0618e+00, 6.1868e-01, 8.1026e-01, 7.3193e-01, 7.0106e-01, 3.4749e-01,
        9.0902e-01, 6.6125e-01, 6.0019e-01, 1.0201e+00, 4.7138e-01, 9.2620e-01,
        7.8214e-01, 4.4730e-01, 4.7172e-01, 5.3076e-01, 1.0924e-01, 6.4395e-01,
        7.2951e-01, 8.6945e-01, 8.5234e-01, 1.5484e-01, 6.9013e-01, 2.7828e-01]), tensor([ 0.6442,  0.6107,  0.0846,  0.3976,  0.6134,  0.2900,  0.4891,  0.1229,
         0.1946,  0.5709,  0.6805,  0.1593,  0.3798,  0.3297,  0.4849,  0.4011,
         0.4405,  0.4797,  0.4804,  0.1271,  0.2978,  0.2206,  0.4253,  0.3851,
         0.2671, -0.1157,  0.7051,  0.6404,  0.3864,  0.4764,  0.0813,  0.5561,
         0.4242,  0.5586,  0.1447,  0.3269,  0.2890,  0.4659,  0.7005,  0.3804,
         0.6574,  0.6752,  0.6361, -0.0151,  0.0019,  0.5783,  0.4519,  0.6976,
         0.6881,  0.3019,  0.3855,  0.1591,  0.2776, -0.0694,  0.5460,  0.3994,
         0.3830,  0.6433,  0.3227,  0.7066,  0.6418,  0.3734,  0.4074,  0.4704,
         0.0318,  0.6636,  0.7546,  0.8116,  0.8712,  0.1965,  0.5700,  0.2232]), tensor([ 0.8530,  0.6775,  0.1402,  0.4371,  0.7312,  0.3295,  0.6286,  0.2082,
         0.2935,  0.7678,  1.0199,  0.2248,  0.6427,  0.4485,  0.8275,  0.7025,
         0.6754,  0.8471,  0.8770,  0.2311,  0.3744,  0.2479,  0.5021,  0.4266,
         0.3428, -0.1716,  0.6383,  0.6208,  0.4659,  0.4622,  0.0392,  0.4770,
         0.4088,  0.6477,  0.1716,  0.3411,  0.8129,  0.9328,  0.1157,  0.7611,
         0.3447,  0.7167,  0.2565,  0.0904,  0.9458,  0.0394,  0.2346,  0.5206,
         0.9656,  0.0356,  0.6202,  0.6344,  0.3277,  0.7951,  0.7365,  0.5370,
         0.4798,  0.8880,  0.4076,  0.8660,  0.8134,  0.4009,  0.4848,  0.5154,
         0.0586,  0.7245,  0.8299,  0.8513,  0.8684,  0.1353,  0.6915,  0.1929]), tensor([0.8479, 0.8716, 0.1480, 0.5835, 0.8554, 0.5160, 0.9015, 0.4127, 0.4919,
        1.0626, 1.2138, 0.3533, 0.7730, 0.6038, 1.0169, 0.9858, 0.9498, 1.0691,
        1.1445, 0.4721, 0.5633, 0.4138, 0.6494, 0.6085, 0.5955, 0.0961, 0.9374,
        0.9042, 0.5652, 0.6299, 0.1472, 0.7347, 0.5634, 0.7712, 0.2783, 0.5647,
        1.0158, 0.9552, 0.1844, 0.8579, 0.4519, 0.8997, 0.3545, 0.2486, 1.2073,
        0.1417, 0.4066, 0.6980, 1.1915, 0.2337, 0.8180, 0.8515, 0.4285, 1.0564,
        0.5287, 0.7656, 1.0032, 0.6287, 0.9197, 0.9839, 0.8741, 0.1432, 0.1895,
        0.8147, 0.6488, 0.9619, 0.9549, 0.4802, 0.6312, 0.4372, 0.5338, 0.1220])]
Target values: [array([0.73709923, 0.6671056 , 0.06358391, 0.4372734 , 0.71435624,
       0.34531343, 0.6464906 , 0.2254639 , 0.30766785, 0.79497874,
       0.96564525, 0.21692123, 0.578045  , 0.46398443, 0.75962484,
       0.72703534, 0.65769196, 0.84113044], dtype=float32), array([0.95346546, 0.2649091 , 0.43409458, 0.29163042, 0.518717  ,
       0.5220161 , 0.44401234, 0.03887437, 0.8728059 , 0.7900961 ,
       0.51015127, 0.55726975, 0.12180944, 0.659493  , 0.4993471 ,
       0.69921327, 0.24636388, 0.40355092], dtype=float32), array([0.84525365, 0.85610735, 0.14931566, 0.71252435, 0.33092642,
       0.71714455, 0.25936916, 0.12937951, 0.912732  , 0.02463444,
       0.23939352, 0.51780254, 0.9491663 , 0.07633217, 0.62399   ,
       0.6846425 , 0.31742746, 0.8390776 ], dtype=float32), array([0.38285765, 0.57832706, 0.83626515, 0.50225437, 0.75073236,
       0.85557973, 0.7497406 , 0.09805249, 0.1360485 , 0.73719215,
       0.6198749 , 0.89876264, 0.9116711 , 0.41493568, 0.57190746,
       0.45128736, 0.48182514, 0.04781396], dtype=float32), array([0.77910316, 0.5658469 , 0.52996147, 0.96213573, 0.45263878,
       0.9215425 , 0.8524316 , 0.46544507, 0.55641776, 0.5778506 ,
       0.10552448, 0.7462256 , 0.8417677 , 0.91498566, 0.9071598 ,
       0.12948532, 0.6576234 , 0.22711647], dtype=float32)]
Prediction values: [array([0.45159492, 0.5343812 , 0.32830885, 0.33842573, 0.5144253 ,
       0.54880357, 0.6070215 , 0.3813313 , 0.65599173, 0.46348038,
       0.60768926, 0.3713593 , 0.09845287, 0.5561606 , 0.5407921 ,
       0.34901837, 0.43617037, 0.3365397 ], dtype=float32), array([0.48106557, 0.46605617, 0.48598593, 0.38417184, 0.59787655,
       0.3655996 , 0.5723735 , 0.7349975 , 0.47162703, 0.5776456 ,
       0.68239903, 0.5533919 , 0.40478104, 0.8314942 , 0.39731574,
       0.5622769 , 0.44160485, 0.71410984], dtype=float32), array([0.37855843, 0.57339334, 0.4798823 , 0.40118432, 0.33875445,
       0.45627663, 0.3750893 , 0.5381197 , 0.36283085, 0.41465938,
       0.35741907, 0.32408404, 0.38169044, 0.42081904, 0.4891789 ,
       0.36576977, 0.34489727, 0.421882  ], dtype=float32), array([0.24297583, 0.7098723 , 0.4047355 , 0.5844346 , 0.597777  ,
       0.5205099 , 0.5856698 , 0.5091287 , 0.4521833 , 0.2720425 ,
       0.57370394, 0.4387285 , 0.48780665, 0.34365314, 0.57966244,
       0.68121266, 0.4898962 , 0.5491449 ], dtype=float32), array([0.44403923, 0.8158403 , 0.554334  , 0.86027294, 0.8290041 ,
       0.6935754 , 0.6177122 , 0.688989  , 0.6243096 , 0.679508  ,
       0.78620535, 0.883287  , 0.82902557, 0.69463015, 0.54170215,
       0.61835134, 0.53858507, 0.28597838], dtype=float32)]
Time taken: 1208.891741514206 seconds
