sh: line 1: logger: command not found
/apps/conda/25.3.1/etc/profile.d/conda.sh: line 69: dirname: command not found
/apps/conda/25.3.1/etc/profile.d/conda.sh: line 69: dirname: command not found
/apps/conda/25.3.1/etc/profile.d/mamba.sh: line 59: basename: command not found
Error unknown MAMBA_EXE: "/apps/conda/25.3.1/bin/mamba", filename must be mamba or micromamba
Lmod has detected the following error: This module can only be used on RHEL9
nodes. 
While processing the following module(s):
    Module fullname  Module Filename
    ---------------  ---------------
    gcc/14.2.0       /apps/lmod/modulefiles/core/gcc/14.2.0.lua

pointnet_isthmuscingulate_fs_14.py
/blue/stevenweisberg/ashishkumarsahoo/hippocampAI/conda_pyg_070923/lib/python3.8/site-packages/torch/cuda/__init__.py:155: UserWarning: 
NVIDIA B200 with CUDA capability sm_100 is not compatible with the current PyTorch installation.
The current PyTorch install supports CUDA capabilities sm_37 sm_50 sm_60 sm_61 sm_70 sm_75 sm_80 sm_86 compute_37.
If you want to use the NVIDIA B200 GPU with PyTorch, please check the instructions at https://pytorch.org/get-started/locally/

  warnings.warn(incompatible_device_warn.format(device_name, capability, " ".join(arch_list), device_name))
Number of GPUs available for training: 1
Fold 1
Epoch: 00, Training Loss: 0.0855, Train MSE: 0.0855, r (train): 0.2155, Test MSE: 0.1105, r (test): -0.1889
Epoch: 01, Training Loss: 0.0537, Train MSE: 0.0537, r (train): 0.4514, Test MSE: 0.1260, r (test): -0.0460
Epoch: 02, Training Loss: 0.0492, Train MSE: 0.0492, r (train): 0.5479, Test MSE: 0.1136, r (test): -0.1844
Epoch: 03, Training Loss: 0.0485, Train MSE: 0.0485, r (train): 0.5628, Test MSE: 0.1140, r (test): -0.1950
Epoch: 04, Training Loss: 0.0453, Train MSE: 0.0453, r (train): 0.5783, Test MSE: 0.1179, r (test): -0.2048
Epoch: 05, Training Loss: 0.0445, Train MSE: 0.0445, r (train): 0.5959, Test MSE: 0.1180, r (test): -0.2132
Epoch: 06, Training Loss: 0.0418, Train MSE: 0.0418, r (train): 0.6066, Test MSE: 0.1219, r (test): -0.2271
Epoch: 07, Training Loss: 0.0435, Train MSE: 0.0435, r (train): 0.5608, Test MSE: 0.1297, r (test): -0.1274
Epoch: 08, Training Loss: 0.0586, Train MSE: 0.0586, r (train): 0.5384, Test MSE: 0.1286, r (test): -0.2128
Epoch: 09, Training Loss: 0.0632, Train MSE: 0.0632, r (train): 0.3111, Test MSE: 0.1115, r (test): 0.0665
Epoch: 10, Training Loss: 0.0487, Train MSE: 0.0487, r (train): 0.6067, Test MSE: 0.1086, r (test): -0.1677
Epoch: 11, Training Loss: 0.0793, Train MSE: 0.0793, r (train): 0.2044, Test MSE: 0.1245, r (test): 0.0680
Epoch: 12, Training Loss: 0.0426, Train MSE: 0.0426, r (train): 0.5901, Test MSE: 0.1445, r (test): -0.2848
Epoch: 13, Training Loss: 0.0904, Train MSE: 0.0904, r (train): 0.1990, Test MSE: 0.2008, r (test): 0.0299
Epoch: 14, Training Loss: 0.0518, Train MSE: 0.0518, r (train): 0.5198, Test MSE: 0.1621, r (test): -0.2656
Epoch: 15, Training Loss: 0.0422, Train MSE: 0.0422, r (train): 0.6239, Test MSE: 0.1215, r (test): -0.2485
Epoch: 16, Training Loss: 0.0382, Train MSE: 0.0382, r (train): 0.6955, Test MSE: 0.1204, r (test): -0.2564
Epoch: 17, Training Loss: 0.0347, Train MSE: 0.0347, r (train): 0.7083, Test MSE: 0.1265, r (test): -0.2601
Epoch: 18, Training Loss: 0.0328, Train MSE: 0.0328, r (train): 0.7116, Test MSE: 0.1313, r (test): -0.2830
Epoch: 19, Training Loss: 0.0317, Train MSE: 0.0317, r (train): 0.7313, Test MSE: 0.1294, r (test): -0.2309
Epoch: 20, Training Loss: 0.0304, Train MSE: 0.0304, r (train): 0.7556, Test MSE: 0.1290, r (test): -0.2602
Epoch: 21, Training Loss: 0.0283, Train MSE: 0.0283, r (train): 0.7737, Test MSE: 0.1301, r (test): -0.2317
Epoch: 22, Training Loss: 0.0261, Train MSE: 0.0261, r (train): 0.7944, Test MSE: 0.1335, r (test): -0.2200
Epoch: 23, Training Loss: 0.0237, Train MSE: 0.0237, r (train): 0.8189, Test MSE: 0.1355, r (test): -0.2271
Epoch: 24, Training Loss: 0.0226, Train MSE: 0.0226, r (train): 0.8303, Test MSE: 0.1341, r (test): -0.2258
Epoch: 25, Training Loss: 0.0212, Train MSE: 0.0212, r (train): 0.8218, Test MSE: 0.1388, r (test): -0.2138
Epoch: 26, Training Loss: 0.0493, Train MSE: 0.0493, r (train): 0.6996, Test MSE: 0.2090, r (test): -0.0538
Epoch: 27, Training Loss: 0.0333, Train MSE: 0.0333, r (train): 0.7219, Test MSE: 0.1360, r (test): -0.2817
Epoch: 28, Training Loss: 0.0388, Train MSE: 0.0388, r (train): 0.7183, Test MSE: 0.1156, r (test): -0.2341
Epoch: 29, Training Loss: 0.0270, Train MSE: 0.0270, r (train): 0.8534, Test MSE: 0.1653, r (test): -0.0681
Epoch: 30, Training Loss: 0.0211, Train MSE: 0.0211, r (train): 0.8309, Test MSE: 0.1383, r (test): -0.2510
Epoch: 31, Training Loss: 0.0178, Train MSE: 0.0178, r (train): 0.8831, Test MSE: 0.1641, r (test): -0.2504
Epoch: 32, Training Loss: 0.0146, Train MSE: 0.0146, r (train): 0.9054, Test MSE: 0.1331, r (test): -0.2153
Epoch: 33, Training Loss: 0.0128, Train MSE: 0.0128, r (train): 0.9093, Test MSE: 0.1321, r (test): -0.2697
Epoch: 34, Training Loss: 0.0126, Train MSE: 0.0126, r (train): 0.9130, Test MSE: 0.1547, r (test): -0.2542
Epoch: 35, Training Loss: 0.0107, Train MSE: 0.0107, r (train): 0.9224, Test MSE: 0.1358, r (test): -0.2723
Epoch: 36, Training Loss: 0.0104, Train MSE: 0.0104, r (train): 0.9221, Test MSE: 0.1363, r (test): -0.2377
Epoch: 37, Training Loss: 0.0105, Train MSE: 0.0105, r (train): 0.9169, Test MSE: 0.1397, r (test): -0.2690
Epoch: 38, Training Loss: 0.0156, Train MSE: 0.0156, r (train): 0.9161, Test MSE: 0.1291, r (test): -0.2259
Epoch: 39, Training Loss: 0.0503, Train MSE: 0.0503, r (train): 0.8473, Test MSE: 0.1367, r (test): -0.3372
Epoch: 40, Training Loss: 0.0400, Train MSE: 0.0400, r (train): 0.7548, Test MSE: 0.1923, r (test): -0.2562
Epoch: 41, Training Loss: 0.0214, Train MSE: 0.0214, r (train): 0.8225, Test MSE: 0.1477, r (test): -0.2110
Epoch: 42, Training Loss: 0.1545, Train MSE: 0.1545, r (train): 0.2865, Test MSE: 0.2801, r (test): -0.1406
Epoch: 43, Training Loss: 0.0301, Train MSE: 0.0301, r (train): 0.7578, Test MSE: 0.1766, r (test): -0.3787
Epoch: 44, Training Loss: 0.1386, Train MSE: 0.1386, r (train): 0.3108, Test MSE: 0.1567, r (test): -0.1609
Epoch: 45, Training Loss: 0.0702, Train MSE: 0.0702, r (train): 0.5797, Test MSE: 0.2153, r (test): -0.3751
Epoch: 46, Training Loss: 0.0180, Train MSE: 0.0180, r (train): 0.8700, Test MSE: 0.1737, r (test): -0.1170
Epoch: 47, Training Loss: 0.0119, Train MSE: 0.0119, r (train): 0.9243, Test MSE: 0.1382, r (test): -0.3090
Epoch: 48, Training Loss: 0.0110, Train MSE: 0.0110, r (train): 0.9342, Test MSE: 0.1417, r (test): -0.3173
Epoch: 49, Training Loss: 0.0246, Train MSE: 0.0246, r (train): 0.9303, Test MSE: 0.1308, r (test): -0.3131
Epoch: 50, Training Loss: 0.0260, Train MSE: 0.0260, r (train): 0.9314, Test MSE: 0.1340, r (test): -0.3379
Epoch: 51, Training Loss: 0.0275, Train MSE: 0.0275, r (train): 0.9318, Test MSE: 0.1350, r (test): -0.3373
Epoch: 52, Training Loss: 0.0368, Train MSE: 0.0368, r (train): 0.9270, Test MSE: 0.1383, r (test): -0.3138
Epoch: 53, Training Loss: 0.0446, Train MSE: 0.0446, r (train): 0.9242, Test MSE: 0.1377, r (test): -0.2778
Epoch: 54, Training Loss: 0.0366, Train MSE: 0.0366, r (train): 0.9234, Test MSE: 0.1387, r (test): -0.2502
Epoch: 55, Training Loss: 0.0199, Train MSE: 0.0199, r (train): 0.9224, Test MSE: 0.1404, r (test): -0.2393
Epoch: 56, Training Loss: 0.0121, Train MSE: 0.0121, r (train): 0.9238, Test MSE: 0.1603, r (test): -0.1984
Epoch: 57, Training Loss: 0.0112, Train MSE: 0.0112, r (train): 0.9069, Test MSE: 0.1799, r (test): -0.2188
Epoch: 58, Training Loss: 0.0105, Train MSE: 0.0105, r (train): 0.9144, Test MSE: 0.2156, r (test): -0.1931
Epoch: 59, Training Loss: 0.0199, Train MSE: 0.0199, r (train): 0.9050, Test MSE: 0.2634, r (test): -0.2106
Epoch: 60, Training Loss: 0.0211, Train MSE: 0.0211, r (train): 0.9069, Test MSE: 0.2378, r (test): -0.2432
Epoch: 61, Training Loss: 0.0134, Train MSE: 0.0134, r (train): 0.9147, Test MSE: 0.2114, r (test): -0.2198
Epoch: 62, Training Loss: 0.0120, Train MSE: 0.0120, r (train): 0.9093, Test MSE: 0.1739, r (test): -0.2516
Epoch: 63, Training Loss: 0.0140, Train MSE: 0.0140, r (train): 0.9118, Test MSE: 0.1600, r (test): -0.2379
Epoch: 64, Training Loss: 0.0247, Train MSE: 0.0247, r (train): 0.9054, Test MSE: 0.1392, r (test): -0.3150
Epoch: 65, Training Loss: 0.0421, Train MSE: 0.0421, r (train): 0.9136, Test MSE: 0.1333, r (test): -0.2103
Epoch: 66, Training Loss: 0.0783, Train MSE: 0.0783, r (train): 0.8976, Test MSE: 0.1384, r (test): -0.2744
Epoch: 67, Training Loss: 0.0898, Train MSE: 0.0898, r (train): 0.9026, Test MSE: 0.1464, r (test): -0.2257
Epoch: 68, Training Loss: 0.0666, Train MSE: 0.0666, r (train): 0.9166, Test MSE: 0.1465, r (test): -0.3255
Epoch: 69, Training Loss: 0.0520, Train MSE: 0.0520, r (train): 0.9127, Test MSE: 0.1477, r (test): -0.3067
Epoch: 70, Training Loss: 0.0413, Train MSE: 0.0413, r (train): 0.9099, Test MSE: 0.1407, r (test): -0.2803
Epoch: 71, Training Loss: 0.0228, Train MSE: 0.0228, r (train): 0.8912, Test MSE: 0.1533, r (test): -0.1287
Epoch: 72, Training Loss: 0.0116, Train MSE: 0.0116, r (train): 0.9208, Test MSE: 0.1737, r (test): -0.2720
Epoch: 73, Training Loss: 0.0106, Train MSE: 0.0106, r (train): 0.9129, Test MSE: 0.2048, r (test): -0.2309
Epoch: 74, Training Loss: 0.0144, Train MSE: 0.0144, r (train): 0.8984, Test MSE: 0.2391, r (test): -0.2177
Epoch: 75, Training Loss: 0.0161, Train MSE: 0.0161, r (train): 0.9004, Test MSE: 0.2557, r (test): -0.1524
Epoch: 76, Training Loss: 0.0133, Train MSE: 0.0133, r (train): 0.8959, Test MSE: 0.1848, r (test): -0.2136
Epoch: 77, Training Loss: 0.0219, Train MSE: 0.0219, r (train): 0.9134, Test MSE: 0.1580, r (test): -0.3019
Epoch: 78, Training Loss: 0.0747, Train MSE: 0.0747, r (train): 0.8825, Test MSE: 0.1519, r (test): -0.3689
Epoch: 79, Training Loss: 0.0563, Train MSE: 0.0563, r (train): 0.9120, Test MSE: 0.1485, r (test): -0.3048
Epoch: 80, Training Loss: 0.0478, Train MSE: 0.0478, r (train): 0.9037, Test MSE: 0.1458, r (test): -0.2264
Epoch: 81, Training Loss: 0.0328, Train MSE: 0.0328, r (train): 0.9205, Test MSE: 0.1426, r (test): -0.2320
Epoch: 82, Training Loss: 0.0282, Train MSE: 0.0282, r (train): 0.8840, Test MSE: 0.1478, r (test): -0.1938
Epoch: 83, Training Loss: 0.0205, Train MSE: 0.0205, r (train): 0.9044, Test MSE: 0.1666, r (test): -0.3837
Epoch: 84, Training Loss: 0.0146, Train MSE: 0.0146, r (train): 0.9125, Test MSE: 0.1551, r (test): -0.2344
Epoch: 85, Training Loss: 0.0162, Train MSE: 0.0162, r (train): 0.8923, Test MSE: 0.1842, r (test): -0.1813
Epoch: 86, Training Loss: 0.0138, Train MSE: 0.0138, r (train): 0.9093, Test MSE: 0.1711, r (test): -0.1684
Epoch: 87, Training Loss: 0.0317, Train MSE: 0.0317, r (train): 0.8966, Test MSE: 0.1506, r (test): -0.2790
Epoch: 88, Training Loss: 0.0512, Train MSE: 0.0512, r (train): 0.9016, Test MSE: 0.1359, r (test): -0.2592
Epoch: 89, Training Loss: 0.0972, Train MSE: 0.0972, r (train): 0.9151, Test MSE: 0.1454, r (test): -0.3677
Epoch: 90, Training Loss: 0.0713, Train MSE: 0.0713, r (train): 0.9097, Test MSE: 0.1403, r (test): -0.3106
Epoch: 91, Training Loss: 0.0519, Train MSE: 0.0519, r (train): 0.9289, Test MSE: 0.1450, r (test): -0.3306
Epoch: 92, Training Loss: 0.0203, Train MSE: 0.0203, r (train): 0.9205, Test MSE: 0.1523, r (test): -0.2111
Epoch: 93, Training Loss: 0.0165, Train MSE: 0.0165, r (train): 0.9209, Test MSE: 0.1495, r (test): -0.1568
Epoch: 94, Training Loss: 0.0122, Train MSE: 0.0122, r (train): 0.9381, Test MSE: 0.1942, r (test): -0.2971
Epoch: 95, Training Loss: 0.0161, Train MSE: 0.0161, r (train): 0.9273, Test MSE: 0.1752, r (test): -0.2464
Epoch: 96, Training Loss: 0.0186, Train MSE: 0.0186, r (train): 0.9023, Test MSE: 0.1776, r (test): -0.1889
Epoch: 97, Training Loss: 0.0156, Train MSE: 0.0156, r (train): 0.8921, Test MSE: 0.1769, r (test): -0.0926
Epoch: 98, Training Loss: 0.0348, Train MSE: 0.0348, r (train): 0.9175, Test MSE: 0.1497, r (test): -0.3457
Epoch: 99, Training Loss: 0.0742, Train MSE: 0.0742, r (train): 0.8906, Test MSE: 0.1436, r (test): -0.2520
Predicted tensors for training set: 
tensor([ 0.7027,  0.2815,  0.4630,  0.3578,  0.3673,  0.0542,  0.6063,  0.6512,
         0.4084,  0.4690,  0.3678,  0.5146,  0.3774,  0.4527,  0.2551,  0.2878,
         0.5331,  0.4018, -0.0034,  0.5383,  0.3747, -0.1451,  0.2681,  0.5198,
         0.6940,  0.3729,  0.5005,  0.3941,  0.4587,  0.6825,  0.2185,  0.2979,
         0.6445,  0.0953,  0.2748,  0.3388,  0.1677,  0.3910, -0.0030,  0.2291,
         0.1566,  0.5142,  0.5499, -0.1482, -0.2959, -0.1041, -0.1215, -0.0193,
         0.2738, -0.1160,  0.3493,  0.2011,  0.1651, -0.1951, -0.1691, -0.1829,
         0.2413,  0.2386,  0.4614,  0.7016,  0.6543,  0.3453,  0.6193,  0.3913,
         0.8690,  0.3882,  0.6680,  0.1388,  0.8389,  0.7396,  0.4283,  0.7847])
Target tensorsfor training set: 
tensor([0.9621, 0.4654, 0.6846, 0.4341, 0.5564, 0.2916, 0.8556, 0.8391, 0.6577,
        0.7901, 0.5780, 0.8418, 0.5719, 0.7144, 0.5658, 0.6240, 0.6199, 0.6671,
        0.2271, 0.9150, 0.5300, 0.1295, 0.5178, 0.8561, 0.9535, 0.5573, 0.7507,
        0.7270, 0.6992, 0.8728, 0.4818, 0.5783, 0.9492, 0.3174, 0.5187, 0.6465,
        0.4513, 0.7371, 0.3077, 0.5220, 0.4036, 0.9072, 0.9656, 0.1055, 0.0763,
        0.2594, 0.2255, 0.4373, 0.7171, 0.2464, 0.7497, 0.8988, 0.4993, 0.0981,
        0.1360, 0.0636, 0.5023, 0.4440, 0.6576, 0.8453, 0.7950, 0.4640, 0.7125,
        0.4149, 0.9127, 0.3829, 0.6595, 0.1218, 0.8524, 0.7372, 0.5102, 0.9215])
Correlation for training set: 0.890645584320933
Predicted tensors for test set: 
tensor([0.5511, 0.3634, 0.2761, 0.3734, 0.1778, 0.3136, 0.2586, 0.3890, 0.3945,
        0.4760, 0.4161, 0.1943, 0.5924, 0.4353, 0.1800, 0.2233, 0.3702, 0.7965])
Target tensors for test set: 
tensor([0.5779, 0.2394, 0.8363, 0.7462, 0.7791, 0.2649, 0.7596, 0.0246, 0.0478,
        0.1294, 0.3309, 0.9117, 0.1493, 0.8411, 0.2169, 0.3453, 0.0389, 0.4526])
Correlation for test set: -0.251955355750822
Fold 2
Epoch: 00, Training Loss: 0.1238, Train MSE: 0.1238, r (train): -0.0062, Test MSE: 0.0582, r (test): 0.1251
Epoch: 01, Training Loss: 0.0727, Train MSE: 0.0727, r (train): 0.3258, Test MSE: 0.0449, r (test): 0.0908
Epoch: 02, Training Loss: 0.0846, Train MSE: 0.0846, r (train): 0.3006, Test MSE: 0.0571, r (test): 0.0988
Epoch: 03, Training Loss: 0.0738, Train MSE: 0.0738, r (train): 0.3506, Test MSE: 0.0511, r (test): 0.0854
Epoch: 04, Training Loss: 0.0673, Train MSE: 0.0673, r (train): 0.4106, Test MSE: 0.0456, r (test): 0.0678
Epoch: 05, Training Loss: 0.0643, Train MSE: 0.0643, r (train): 0.4544, Test MSE: 0.0436, r (test): 0.0280
Epoch: 06, Training Loss: 0.0619, Train MSE: 0.0619, r (train): 0.4972, Test MSE: 0.0423, r (test): -0.0072
Epoch: 07, Training Loss: 0.0599, Train MSE: 0.0599, r (train): 0.5246, Test MSE: 0.0415, r (test): -0.0405
Epoch: 08, Training Loss: 0.0587, Train MSE: 0.0587, r (train): 0.5455, Test MSE: 0.0412, r (test): -0.0962
Epoch: 09, Training Loss: 0.0576, Train MSE: 0.0576, r (train): 0.5517, Test MSE: 0.0400, r (test): -0.1237
Epoch: 10, Training Loss: 0.0606, Train MSE: 0.0606, r (train): 0.5423, Test MSE: 0.0365, r (test): -0.1927
Epoch: 11, Training Loss: 0.0731, Train MSE: 0.0731, r (train): 0.4557, Test MSE: 0.0314, r (test): -0.1769
Epoch: 12, Training Loss: 0.0713, Train MSE: 0.0713, r (train): 0.4119, Test MSE: 0.0372, r (test): 0.0062
Epoch: 13, Training Loss: 0.0664, Train MSE: 0.0664, r (train): 0.4387, Test MSE: 0.0390, r (test): 0.0167
Epoch: 14, Training Loss: 0.1013, Train MSE: 0.1013, r (train): 0.3397, Test MSE: 0.0600, r (test): 0.0372
Epoch: 15, Training Loss: 0.0683, Train MSE: 0.0683, r (train): 0.4463, Test MSE: 0.0544, r (test): -0.0241
Epoch: 16, Training Loss: 0.0606, Train MSE: 0.0606, r (train): 0.5091, Test MSE: 0.0488, r (test): -0.0622
Epoch: 17, Training Loss: 0.0538, Train MSE: 0.0538, r (train): 0.5986, Test MSE: 0.0440, r (test): -0.1645
Epoch: 18, Training Loss: 0.0517, Train MSE: 0.0517, r (train): 0.6507, Test MSE: 0.0427, r (test): -0.2371
Epoch: 19, Training Loss: 0.0494, Train MSE: 0.0494, r (train): 0.6495, Test MSE: 0.0417, r (test): -0.2147
Epoch: 20, Training Loss: 0.0510, Train MSE: 0.0510, r (train): 0.6595, Test MSE: 0.0398, r (test): -0.2630
Epoch: 21, Training Loss: 0.0506, Train MSE: 0.0506, r (train): 0.6088, Test MSE: 0.0415, r (test): -0.1109
Epoch: 22, Training Loss: 0.0463, Train MSE: 0.0463, r (train): 0.7108, Test MSE: 0.0394, r (test): -0.0921
Epoch: 23, Training Loss: 0.0463, Train MSE: 0.0463, r (train): 0.6527, Test MSE: 0.0419, r (test): -0.0771
Epoch: 24, Training Loss: 0.0481, Train MSE: 0.0481, r (train): 0.7102, Test MSE: 0.0385, r (test): -0.2088
Epoch: 25, Training Loss: 0.0508, Train MSE: 0.0508, r (train): 0.6176, Test MSE: 0.0460, r (test): -0.0193
Epoch: 26, Training Loss: 0.0415, Train MSE: 0.0415, r (train): 0.7844, Test MSE: 0.0401, r (test): -0.1421
Epoch: 27, Training Loss: 0.0496, Train MSE: 0.0496, r (train): 0.6443, Test MSE: 0.0482, r (test): 0.0395
Epoch: 28, Training Loss: 0.0545, Train MSE: 0.0545, r (train): 0.5772, Test MSE: 0.0437, r (test): -0.1697
Epoch: 29, Training Loss: 0.0508, Train MSE: 0.0508, r (train): 0.6534, Test MSE: 0.0613, r (test): -0.0378
Epoch: 30, Training Loss: 0.0906, Train MSE: 0.0906, r (train): 0.3886, Test MSE: 0.0443, r (test): -0.1866
Epoch: 31, Training Loss: 0.0388, Train MSE: 0.0388, r (train): 0.7421, Test MSE: 0.0401, r (test): -0.0839
Epoch: 32, Training Loss: 0.0325, Train MSE: 0.0325, r (train): 0.8140, Test MSE: 0.0398, r (test): -0.0996
Epoch: 33, Training Loss: 0.0287, Train MSE: 0.0287, r (train): 0.8144, Test MSE: 0.0428, r (test): -0.0692
Epoch: 34, Training Loss: 0.0240, Train MSE: 0.0240, r (train): 0.8650, Test MSE: 0.0456, r (test): -0.0448
Epoch: 35, Training Loss: 0.0202, Train MSE: 0.0202, r (train): 0.8858, Test MSE: 0.0499, r (test): -0.0311
Epoch: 36, Training Loss: 0.0177, Train MSE: 0.0177, r (train): 0.9158, Test MSE: 0.0428, r (test): -0.0300
Epoch: 37, Training Loss: 0.0147, Train MSE: 0.0147, r (train): 0.9170, Test MSE: 0.0479, r (test): 0.0053
Epoch: 38, Training Loss: 0.0181, Train MSE: 0.0181, r (train): 0.9234, Test MSE: 0.0749, r (test): -0.0340
Epoch: 39, Training Loss: 0.0137, Train MSE: 0.0137, r (train): 0.9255, Test MSE: 0.0508, r (test): -0.0409
Epoch: 40, Training Loss: 0.0172, Train MSE: 0.0172, r (train): 0.9376, Test MSE: 0.0442, r (test): -0.0353
Epoch: 41, Training Loss: 0.0118, Train MSE: 0.0118, r (train): 0.9235, Test MSE: 0.0629, r (test): 0.0078
Epoch: 42, Training Loss: 0.0316, Train MSE: 0.0316, r (train): 0.8514, Test MSE: 0.0803, r (test): 0.1484
Epoch: 43, Training Loss: 0.0737, Train MSE: 0.0737, r (train): 0.6874, Test MSE: 0.1438, r (test): -0.0838
Epoch: 44, Training Loss: 0.0131, Train MSE: 0.0131, r (train): 0.9378, Test MSE: 0.0438, r (test): -0.0064
Epoch: 45, Training Loss: 0.0109, Train MSE: 0.0109, r (train): 0.9537, Test MSE: 0.0427, r (test): 0.0857
Epoch: 46, Training Loss: 0.0120, Train MSE: 0.0120, r (train): 0.9682, Test MSE: 0.0887, r (test): -0.0589
Epoch: 47, Training Loss: 0.0097, Train MSE: 0.0097, r (train): 0.9550, Test MSE: 0.0665, r (test): 0.1141
Epoch: 48, Training Loss: 0.0124, Train MSE: 0.0124, r (train): 0.9438, Test MSE: 0.0696, r (test): 0.0657
Epoch: 49, Training Loss: 0.0153, Train MSE: 0.0153, r (train): 0.9297, Test MSE: 0.0717, r (test): 0.1239
Epoch: 50, Training Loss: 0.0237, Train MSE: 0.0237, r (train): 0.9335, Test MSE: 0.1055, r (test): 0.0043
Epoch: 51, Training Loss: 0.0500, Train MSE: 0.0500, r (train): 0.9179, Test MSE: 0.1575, r (test): -0.0330
Epoch: 52, Training Loss: 0.0694, Train MSE: 0.0694, r (train): 0.9098, Test MSE: 0.1831, r (test): 0.0411
Epoch: 53, Training Loss: 0.0405, Train MSE: 0.0405, r (train): 0.9422, Test MSE: 0.1311, r (test): -0.0144
Epoch: 54, Training Loss: 0.0153, Train MSE: 0.0153, r (train): 0.9507, Test MSE: 0.0975, r (test): 0.0593
Epoch: 55, Training Loss: 0.0099, Train MSE: 0.0099, r (train): 0.9549, Test MSE: 0.0795, r (test): -0.0247
Epoch: 56, Training Loss: 0.0186, Train MSE: 0.0186, r (train): 0.8810, Test MSE: 0.0823, r (test): -0.0749
Epoch: 57, Training Loss: 0.0209, Train MSE: 0.0209, r (train): 0.8839, Test MSE: 0.0905, r (test): -0.0173
Epoch: 58, Training Loss: 0.0163, Train MSE: 0.0163, r (train): 0.8961, Test MSE: 0.0625, r (test): -0.0202
Epoch: 59, Training Loss: 0.0174, Train MSE: 0.0174, r (train): 0.9324, Test MSE: 0.0494, r (test): 0.0046
Epoch: 60, Training Loss: 0.0349, Train MSE: 0.0349, r (train): 0.9474, Test MSE: 0.0536, r (test): -0.0126
Epoch: 61, Training Loss: 0.0324, Train MSE: 0.0324, r (train): 0.9265, Test MSE: 0.0581, r (test): -0.0173
Epoch: 62, Training Loss: 0.0376, Train MSE: 0.0376, r (train): 0.9174, Test MSE: 0.0492, r (test): 0.0057
Epoch: 63, Training Loss: 0.0522, Train MSE: 0.0522, r (train): 0.9240, Test MSE: 0.0418, r (test): 0.1703
Epoch: 64, Training Loss: 0.0214, Train MSE: 0.0214, r (train): 0.9184, Test MSE: 0.0499, r (test): 0.1325
Epoch: 65, Training Loss: 0.0122, Train MSE: 0.0122, r (train): 0.9320, Test MSE: 0.0780, r (test): 0.0643
Epoch: 66, Training Loss: 0.0158, Train MSE: 0.0158, r (train): 0.9302, Test MSE: 0.0866, r (test): 0.0881
Epoch: 67, Training Loss: 0.0212, Train MSE: 0.0212, r (train): 0.9074, Test MSE: 0.0914, r (test): 0.0879
Epoch: 68, Training Loss: 0.0324, Train MSE: 0.0324, r (train): 0.9349, Test MSE: 0.1240, r (test): 0.0831
Epoch: 69, Training Loss: 0.0449, Train MSE: 0.0449, r (train): 0.9148, Test MSE: 0.1323, r (test): 0.1376
Epoch: 70, Training Loss: 0.0317, Train MSE: 0.0317, r (train): 0.9091, Test MSE: 0.1110, r (test): 0.1492
Epoch: 71, Training Loss: 0.0420, Train MSE: 0.0420, r (train): 0.8481, Test MSE: 0.1287, r (test): 0.1152
Epoch: 72, Training Loss: 0.0291, Train MSE: 0.0291, r (train): 0.8103, Test MSE: 0.0876, r (test): -0.0290
Epoch: 73, Training Loss: 0.0422, Train MSE: 0.0422, r (train): 0.9024, Test MSE: 0.0399, r (test): 0.0468
Epoch: 74, Training Loss: 0.0449, Train MSE: 0.0449, r (train): 0.9495, Test MSE: 0.0515, r (test): -0.0166
Epoch: 75, Training Loss: 0.0127, Train MSE: 0.0127, r (train): 0.9511, Test MSE: 0.0566, r (test): -0.0182
Epoch: 76, Training Loss: 0.0085, Train MSE: 0.0085, r (train): 0.9554, Test MSE: 0.0580, r (test): -0.0253
Epoch: 77, Training Loss: 0.0238, Train MSE: 0.0238, r (train): 0.9702, Test MSE: 0.1085, r (test): 0.0405
Epoch: 78, Training Loss: 0.0219, Train MSE: 0.0219, r (train): 0.9625, Test MSE: 0.0984, r (test): 0.0374
Epoch: 79, Training Loss: 0.0272, Train MSE: 0.0272, r (train): 0.9664, Test MSE: 0.1161, r (test): 0.0436
Epoch: 80, Training Loss: 0.0062, Train MSE: 0.0062, r (train): 0.9688, Test MSE: 0.0578, r (test): -0.0054
Epoch: 81, Training Loss: 0.0536, Train MSE: 0.0536, r (train): 0.9345, Test MSE: 0.0658, r (test): -0.0388
Epoch: 82, Training Loss: 0.0265, Train MSE: 0.0265, r (train): 0.9529, Test MSE: 0.0505, r (test): -0.0176
Epoch: 83, Training Loss: 0.0203, Train MSE: 0.0203, r (train): 0.8990, Test MSE: 0.0517, r (test): -0.0212
Epoch: 84, Training Loss: 0.0197, Train MSE: 0.0197, r (train): 0.9301, Test MSE: 0.1094, r (test): -0.0148
Epoch: 85, Training Loss: 0.0461, Train MSE: 0.0461, r (train): 0.9379, Test MSE: 0.1414, r (test): -0.0058
Epoch: 86, Training Loss: 0.0288, Train MSE: 0.0288, r (train): 0.9676, Test MSE: 0.1188, r (test): -0.0701
Epoch: 87, Training Loss: 0.0128, Train MSE: 0.0128, r (train): 0.9661, Test MSE: 0.0948, r (test): 0.0871
Epoch: 88, Training Loss: 0.0074, Train MSE: 0.0074, r (train): 0.9671, Test MSE: 0.0526, r (test): 0.0480
Epoch: 89, Training Loss: 0.0223, Train MSE: 0.0223, r (train): 0.9698, Test MSE: 0.0524, r (test): -0.0043
Epoch: 90, Training Loss: 0.0065, Train MSE: 0.0065, r (train): 0.9693, Test MSE: 0.0521, r (test): 0.0333
Epoch: 91, Training Loss: 0.0090, Train MSE: 0.0090, r (train): 0.9646, Test MSE: 0.0784, r (test): -0.0755
Epoch: 92, Training Loss: 0.0126, Train MSE: 0.0126, r (train): 0.9653, Test MSE: 0.0862, r (test): -0.0243
Epoch: 93, Training Loss: 0.0241, Train MSE: 0.0241, r (train): 0.9462, Test MSE: 0.1023, r (test): 0.1126
Epoch: 94, Training Loss: 0.0144, Train MSE: 0.0144, r (train): 0.9220, Test MSE: 0.0780, r (test): 0.0530
Epoch: 95, Training Loss: 0.0251, Train MSE: 0.0251, r (train): 0.9691, Test MSE: 0.0432, r (test): 0.0475
Epoch: 96, Training Loss: 0.0279, Train MSE: 0.0279, r (train): 0.9661, Test MSE: 0.0439, r (test): 0.0042
Epoch: 97, Training Loss: 0.0180, Train MSE: 0.0180, r (train): 0.9617, Test MSE: 0.0535, r (test): -0.0498
Epoch: 98, Training Loss: 0.0090, Train MSE: 0.0090, r (train): 0.9636, Test MSE: 0.0825, r (test): 0.0478
Epoch: 99, Training Loss: 0.0235, Train MSE: 0.0235, r (train): 0.9541, Test MSE: 0.1137, r (test): 0.0246
Predicted tensors for training set: 
tensor([ 0.5009,  0.2452,  0.7089,  0.6090,  0.5624,  0.0887,  0.5511, -0.1231,
        -0.1056,  0.0354,  0.1620,  0.7423, -0.0305,  0.5960,  0.1961,  0.2375,
        -0.0757,  0.0698,  0.1081,  0.8807,  0.4768,  0.2085,  0.5168,  0.8170,
         0.8676,  0.5067,  0.7008,  0.6648,  0.7200,  0.9174,  0.4050,  0.5387,
         0.8357,  0.2493,  0.4029,  0.5725,  0.3574,  0.6479,  0.2188,  0.4608,
         0.3971,  0.7946,  0.7175, -0.0360, -0.1131,  0.0653,  0.0197,  0.2962,
         0.4831, -0.0011,  0.5548,  0.5144,  0.2949, -0.1071, -0.2935, -0.0802,
         0.3931,  0.3277,  0.5134,  0.7080,  0.5614,  0.3246,  0.6081,  0.3170,
         0.8371,  0.3272,  0.5991, -0.0149,  0.7704,  0.7114,  0.4353,  0.8147])
Target tensorsfor training set: 
tensor([0.5779, 0.2394, 0.8363, 0.7462, 0.7791, 0.2649, 0.7596, 0.0246, 0.0478,
        0.1294, 0.3309, 0.9117, 0.1493, 0.8411, 0.2169, 0.3453, 0.0389, 0.4526,
        0.2271, 0.9150, 0.5300, 0.1295, 0.5178, 0.8561, 0.9535, 0.5573, 0.7507,
        0.7270, 0.6992, 0.8728, 0.4818, 0.5783, 0.9492, 0.3174, 0.5187, 0.6465,
        0.4513, 0.7371, 0.3077, 0.5220, 0.4036, 0.9072, 0.9656, 0.1055, 0.0763,
        0.2594, 0.2255, 0.4373, 0.7171, 0.2464, 0.7497, 0.8988, 0.4993, 0.0981,
        0.1360, 0.0636, 0.5023, 0.4440, 0.6576, 0.8453, 0.7950, 0.4640, 0.7125,
        0.4149, 0.9127, 0.3829, 0.6595, 0.1218, 0.8524, 0.7372, 0.5102, 0.9215])
Correlation for training set: 0.9540779948320794
Predicted tensors for test set: 
tensor([0.2324, 0.4206, 0.4664, 0.3075, 0.1993, 0.2680, 0.3115, 0.4764, 0.4443,
        0.4304, 0.5227, 0.3851, 0.7331, 0.3677, 0.1790, 0.4297, 0.4193, 0.3038])
Target tensors for test set: 
tensor([0.9621, 0.4654, 0.6846, 0.4341, 0.5564, 0.2916, 0.8556, 0.8391, 0.6577,
        0.7901, 0.5780, 0.8418, 0.5719, 0.7144, 0.5658, 0.6240, 0.6199, 0.6671])
Correlation for test set: 0.024588607250310545
Fold 3
Epoch: 00, Training Loss: 0.0941, Train MSE: 0.0941, r (train): 0.1778, Test MSE: 0.0654, r (test): 0.1903
Epoch: 01, Training Loss: 0.0718, Train MSE: 0.0718, r (train): 0.3057, Test MSE: 0.0536, r (test): 0.2048
Epoch: 02, Training Loss: 0.0710, Train MSE: 0.0710, r (train): 0.3278, Test MSE: 0.0620, r (test): 0.2194
Epoch: 03, Training Loss: 0.0653, Train MSE: 0.0653, r (train): 0.3813, Test MSE: 0.0615, r (test): 0.2392
Epoch: 04, Training Loss: 0.0626, Train MSE: 0.0626, r (train): 0.4150, Test MSE: 0.0602, r (test): 0.2543
Epoch: 05, Training Loss: 0.0605, Train MSE: 0.0605, r (train): 0.4446, Test MSE: 0.0594, r (test): 0.2546
Epoch: 06, Training Loss: 0.0587, Train MSE: 0.0587, r (train): 0.4687, Test MSE: 0.0582, r (test): 0.2757
Epoch: 07, Training Loss: 0.0573, Train MSE: 0.0573, r (train): 0.4856, Test MSE: 0.0575, r (test): 0.2646
Epoch: 08, Training Loss: 0.0560, Train MSE: 0.0560, r (train): 0.5041, Test MSE: 0.0560, r (test): 0.2686
Epoch: 09, Training Loss: 0.0559, Train MSE: 0.0559, r (train): 0.5023, Test MSE: 0.0563, r (test): 0.2691
Epoch: 10, Training Loss: 0.0547, Train MSE: 0.0547, r (train): 0.5208, Test MSE: 0.0559, r (test): 0.2703
Epoch: 11, Training Loss: 0.0561, Train MSE: 0.0561, r (train): 0.5012, Test MSE: 0.0569, r (test): 0.2728
Epoch: 12, Training Loss: 0.0520, Train MSE: 0.0520, r (train): 0.5649, Test MSE: 0.0568, r (test): 0.2666
Epoch: 13, Training Loss: 0.0534, Train MSE: 0.0534, r (train): 0.5347, Test MSE: 0.0570, r (test): 0.2574
Epoch: 14, Training Loss: 0.0491, Train MSE: 0.0491, r (train): 0.6135, Test MSE: 0.0566, r (test): 0.2694
Epoch: 15, Training Loss: 0.0532, Train MSE: 0.0532, r (train): 0.5441, Test MSE: 0.0570, r (test): 0.2734
Epoch: 16, Training Loss: 0.0460, Train MSE: 0.0460, r (train): 0.6914, Test MSE: 0.0562, r (test): 0.2964
Epoch: 17, Training Loss: 0.0599, Train MSE: 0.0599, r (train): 0.5245, Test MSE: 0.0602, r (test): 0.2229
Epoch: 18, Training Loss: 0.0477, Train MSE: 0.0477, r (train): 0.6541, Test MSE: 0.0600, r (test): 0.2451
Epoch: 19, Training Loss: 0.0508, Train MSE: 0.0508, r (train): 0.5945, Test MSE: 0.0639, r (test): 0.1110
Epoch: 20, Training Loss: 0.0610, Train MSE: 0.0610, r (train): 0.5079, Test MSE: 0.0700, r (test): 0.1505
Epoch: 21, Training Loss: 0.0579, Train MSE: 0.0579, r (train): 0.4853, Test MSE: 0.0593, r (test): 0.2316
Epoch: 22, Training Loss: 0.0805, Train MSE: 0.0805, r (train): 0.4659, Test MSE: 0.0561, r (test): 0.0925
Epoch: 23, Training Loss: 0.0566, Train MSE: 0.0566, r (train): 0.5932, Test MSE: 0.0752, r (test): 0.1745
Epoch: 24, Training Loss: 0.0386, Train MSE: 0.0386, r (train): 0.7561, Test MSE: 0.0689, r (test): 0.0374
Epoch: 25, Training Loss: 0.0312, Train MSE: 0.0312, r (train): 0.8132, Test MSE: 0.0689, r (test): -0.0398
Epoch: 26, Training Loss: 0.0256, Train MSE: 0.0256, r (train): 0.8419, Test MSE: 0.0678, r (test): -0.0746
Epoch: 27, Training Loss: 0.0217, Train MSE: 0.0217, r (train): 0.8654, Test MSE: 0.0673, r (test): -0.1177
Epoch: 28, Training Loss: 0.0181, Train MSE: 0.0181, r (train): 0.8994, Test MSE: 0.0713, r (test): -0.1537
Epoch: 29, Training Loss: 0.0157, Train MSE: 0.0157, r (train): 0.8958, Test MSE: 0.0787, r (test): -0.1896
Epoch: 30, Training Loss: 0.0184, Train MSE: 0.0184, r (train): 0.9021, Test MSE: 0.0795, r (test): -0.2379
Epoch: 31, Training Loss: 0.0197, Train MSE: 0.0197, r (train): 0.8714, Test MSE: 0.0968, r (test): -0.1895
Epoch: 32, Training Loss: 0.0258, Train MSE: 0.0258, r (train): 0.8731, Test MSE: 0.0870, r (test): -0.2786
Epoch: 33, Training Loss: 0.0165, Train MSE: 0.0165, r (train): 0.9275, Test MSE: 0.1235, r (test): -0.2724
Epoch: 34, Training Loss: 0.0108, Train MSE: 0.0108, r (train): 0.9259, Test MSE: 0.1057, r (test): -0.2823
Epoch: 35, Training Loss: 0.0306, Train MSE: 0.0306, r (train): 0.8665, Test MSE: 0.1085, r (test): -0.1724
Epoch: 36, Training Loss: 0.0196, Train MSE: 0.0196, r (train): 0.8634, Test MSE: 0.0911, r (test): -0.2393
Epoch: 37, Training Loss: 0.0210, Train MSE: 0.0210, r (train): 0.8931, Test MSE: 0.0919, r (test): -0.0749
Epoch: 38, Training Loss: 0.0177, Train MSE: 0.0177, r (train): 0.8942, Test MSE: 0.0885, r (test): -0.2093
Epoch: 39, Training Loss: 0.0243, Train MSE: 0.0243, r (train): 0.9106, Test MSE: 0.1101, r (test): -0.1614
Epoch: 40, Training Loss: 0.0333, Train MSE: 0.0333, r (train): 0.9081, Test MSE: 0.1234, r (test): -0.0997
Epoch: 41, Training Loss: 0.0617, Train MSE: 0.0617, r (train): 0.9099, Test MSE: 0.1686, r (test): -0.0326
Epoch: 42, Training Loss: 0.0956, Train MSE: 0.0956, r (train): 0.8731, Test MSE: 0.1922, r (test): 0.0507
Epoch: 43, Training Loss: 0.0658, Train MSE: 0.0658, r (train): 0.8987, Test MSE: 0.1871, r (test): -0.0962
Epoch: 44, Training Loss: 0.0728, Train MSE: 0.0728, r (train): 0.8853, Test MSE: 0.1997, r (test): 0.0686
Epoch: 45, Training Loss: 0.0369, Train MSE: 0.0369, r (train): 0.8362, Test MSE: 0.1296, r (test): -0.1302
Epoch: 46, Training Loss: 0.0506, Train MSE: 0.0506, r (train): 0.8363, Test MSE: 0.1878, r (test): -0.2555
Epoch: 47, Training Loss: 0.0460, Train MSE: 0.0460, r (train): 0.9096, Test MSE: 0.1912, r (test): -0.0290
Epoch: 48, Training Loss: 0.0364, Train MSE: 0.0364, r (train): 0.7452, Test MSE: 0.0984, r (test): -0.1832
Epoch: 49, Training Loss: 0.0352, Train MSE: 0.0352, r (train): 0.8306, Test MSE: 0.1375, r (test): -0.1972
Epoch: 50, Training Loss: 0.0755, Train MSE: 0.0755, r (train): 0.5312, Test MSE: 0.1182, r (test): -0.1314
Epoch: 51, Training Loss: 0.0426, Train MSE: 0.0426, r (train): 0.8788, Test MSE: 0.1724, r (test): -0.2753
Epoch: 52, Training Loss: 0.0243, Train MSE: 0.0243, r (train): 0.8317, Test MSE: 0.1030, r (test): -0.0832
Epoch: 53, Training Loss: 0.0371, Train MSE: 0.0371, r (train): 0.8877, Test MSE: 0.0971, r (test): -0.2043
Epoch: 54, Training Loss: 0.0206, Train MSE: 0.0206, r (train): 0.8648, Test MSE: 0.0983, r (test): -0.2175
Epoch: 55, Training Loss: 0.0274, Train MSE: 0.0274, r (train): 0.8698, Test MSE: 0.1000, r (test): -0.2358
Epoch: 56, Training Loss: 0.0070, Train MSE: 0.0070, r (train): 0.9550, Test MSE: 0.1021, r (test): -0.2209
Epoch: 57, Training Loss: 0.0117, Train MSE: 0.0117, r (train): 0.9570, Test MSE: 0.1203, r (test): -0.2356
Epoch: 58, Training Loss: 0.0272, Train MSE: 0.0272, r (train): 0.9595, Test MSE: 0.1475, r (test): -0.2308
Epoch: 59, Training Loss: 0.0337, Train MSE: 0.0337, r (train): 0.9569, Test MSE: 0.1504, r (test): -0.2390
Epoch: 60, Training Loss: 0.0291, Train MSE: 0.0291, r (train): 0.9568, Test MSE: 0.1575, r (test): -0.2833
Epoch: 61, Training Loss: 0.0131, Train MSE: 0.0131, r (train): 0.9554, Test MSE: 0.1467, r (test): -0.2424
Epoch: 62, Training Loss: 0.0096, Train MSE: 0.0096, r (train): 0.9560, Test MSE: 0.0945, r (test): -0.1122
Epoch: 63, Training Loss: 0.0142, Train MSE: 0.0142, r (train): 0.9612, Test MSE: 0.0958, r (test): -0.1519
Epoch: 64, Training Loss: 0.0124, Train MSE: 0.0124, r (train): 0.9571, Test MSE: 0.0990, r (test): -0.1724
Epoch: 65, Training Loss: 0.0098, Train MSE: 0.0098, r (train): 0.9472, Test MSE: 0.1029, r (test): -0.2046
Epoch: 66, Training Loss: 0.0072, Train MSE: 0.0072, r (train): 0.9550, Test MSE: 0.1101, r (test): -0.2281
Epoch: 67, Training Loss: 0.0151, Train MSE: 0.0151, r (train): 0.9573, Test MSE: 0.1227, r (test): -0.1764
Epoch: 68, Training Loss: 0.0336, Train MSE: 0.0336, r (train): 0.9476, Test MSE: 0.1432, r (test): -0.1742
Epoch: 69, Training Loss: 0.0541, Train MSE: 0.0541, r (train): 0.9219, Test MSE: 0.1683, r (test): -0.1386
Epoch: 70, Training Loss: 0.0404, Train MSE: 0.0404, r (train): 0.9545, Test MSE: 0.1667, r (test): -0.2393
Epoch: 71, Training Loss: 0.0215, Train MSE: 0.0215, r (train): 0.9399, Test MSE: 0.1440, r (test): -0.2754
Epoch: 72, Training Loss: 0.0101, Train MSE: 0.0101, r (train): 0.9298, Test MSE: 0.1288, r (test): -0.2658
Epoch: 73, Training Loss: 0.0161, Train MSE: 0.0161, r (train): 0.9392, Test MSE: 0.1073, r (test): -0.2476
Epoch: 74, Training Loss: 0.0374, Train MSE: 0.0374, r (train): 0.9265, Test MSE: 0.1027, r (test): -0.2524
Epoch: 75, Training Loss: 0.0118, Train MSE: 0.0118, r (train): 0.9461, Test MSE: 0.1104, r (test): -0.2434
Epoch: 76, Training Loss: 0.0080, Train MSE: 0.0080, r (train): 0.9457, Test MSE: 0.0986, r (test): -0.1707
Epoch: 77, Training Loss: 0.0116, Train MSE: 0.0116, r (train): 0.9312, Test MSE: 0.1031, r (test): -0.2900
Epoch: 78, Training Loss: 0.0109, Train MSE: 0.0109, r (train): 0.9408, Test MSE: 0.0948, r (test): -0.1626
Epoch: 79, Training Loss: 0.0174, Train MSE: 0.0174, r (train): 0.9472, Test MSE: 0.1239, r (test): -0.1365
Epoch: 80, Training Loss: 0.0437, Train MSE: 0.0437, r (train): 0.9429, Test MSE: 0.1636, r (test): -0.0578
Epoch: 81, Training Loss: 0.0444, Train MSE: 0.0444, r (train): 0.9482, Test MSE: 0.1596, r (test): -0.1925
Epoch: 82, Training Loss: 0.0356, Train MSE: 0.0356, r (train): 0.9220, Test MSE: 0.1337, r (test): -0.0812
Epoch: 83, Training Loss: 0.0175, Train MSE: 0.0175, r (train): 0.9222, Test MSE: 0.1351, r (test): -0.2006
Epoch: 84, Training Loss: 0.0099, Train MSE: 0.0099, r (train): 0.9583, Test MSE: 0.0952, r (test): -0.2192
Epoch: 85, Training Loss: 0.0242, Train MSE: 0.0242, r (train): 0.9497, Test MSE: 0.0929, r (test): -0.2478
Epoch: 86, Training Loss: 0.0147, Train MSE: 0.0147, r (train): 0.9500, Test MSE: 0.1000, r (test): -0.2430
Epoch: 87, Training Loss: 0.0096, Train MSE: 0.0096, r (train): 0.9404, Test MSE: 0.0983, r (test): -0.1149
Epoch: 88, Training Loss: 0.0111, Train MSE: 0.0111, r (train): 0.9353, Test MSE: 0.0872, r (test): -0.1372
Epoch: 89, Training Loss: 0.0241, Train MSE: 0.0241, r (train): 0.9264, Test MSE: 0.1043, r (test): -0.0417
Epoch: 90, Training Loss: 0.0433, Train MSE: 0.0433, r (train): 0.9275, Test MSE: 0.1327, r (test): 0.0556
Epoch: 91, Training Loss: 0.0362, Train MSE: 0.0362, r (train): 0.9296, Test MSE: 0.1295, r (test): -0.1474
Epoch: 92, Training Loss: 0.0249, Train MSE: 0.0249, r (train): 0.9164, Test MSE: 0.1286, r (test): -0.2849
Epoch: 93, Training Loss: 0.0114, Train MSE: 0.0114, r (train): 0.9388, Test MSE: 0.0978, r (test): -0.3037
Epoch: 94, Training Loss: 0.0167, Train MSE: 0.0167, r (train): 0.9346, Test MSE: 0.1015, r (test): -0.2977
Epoch: 95, Training Loss: 0.0291, Train MSE: 0.0291, r (train): 0.9387, Test MSE: 0.1078, r (test): -0.2368
Epoch: 96, Training Loss: 0.0317, Train MSE: 0.0317, r (train): 0.9418, Test MSE: 0.0993, r (test): -0.1972
Epoch: 97, Training Loss: 0.0176, Train MSE: 0.0176, r (train): 0.9403, Test MSE: 0.1007, r (test): -0.1978
Epoch: 98, Training Loss: 0.0226, Train MSE: 0.0226, r (train): 0.9364, Test MSE: 0.1363, r (test): -0.1398
Epoch: 99, Training Loss: 0.0359, Train MSE: 0.0359, r (train): 0.9455, Test MSE: 0.1564, r (test): -0.0795
Predicted tensors for training set: 
tensor([ 0.5609,  0.2158,  0.7042,  0.5408,  0.5723,  0.1378,  0.4857, -0.2088,
        -0.1298, -0.2271,  0.1320,  0.6969, -0.1029,  0.5766,  0.1249,  0.0943,
        -0.2652,  0.1817,  0.7509,  0.4172,  0.5248,  0.2589,  0.4232,  0.2892,
         0.8126,  0.8517,  0.5747,  0.7499,  0.5481,  0.7166,  0.5280,  0.7770,
         0.4339,  0.6058,  0.5165,  0.5893,  0.2651,  0.6061,  0.1542,  0.2528,
         0.1471,  0.7252,  0.7061, -0.2688, -0.2244, -0.0882, -0.1440,  0.2373,
         0.4337, -0.0384,  0.5255,  0.5419,  0.3311, -0.1408, -0.0459, -0.1525,
         0.3603,  0.2245,  0.4932,  0.6910,  0.6476,  0.3615,  0.6347,  0.3897,
         0.8657,  0.3495,  0.6786,  0.1372,  0.8123,  0.7009,  0.5115,  0.7724])
Target tensorsfor training set: 
tensor([0.5779, 0.2394, 0.8363, 0.7462, 0.7791, 0.2649, 0.7596, 0.0246, 0.0478,
        0.1294, 0.3309, 0.9117, 0.1493, 0.8411, 0.2169, 0.3453, 0.0389, 0.4526,
        0.9621, 0.4654, 0.6846, 0.4341, 0.5564, 0.2916, 0.8556, 0.8391, 0.6577,
        0.7901, 0.5780, 0.8418, 0.5719, 0.7144, 0.5658, 0.6240, 0.6199, 0.6671,
        0.4513, 0.7371, 0.3077, 0.5220, 0.4036, 0.9072, 0.9656, 0.1055, 0.0763,
        0.2594, 0.2255, 0.4373, 0.7171, 0.2464, 0.7497, 0.8988, 0.4993, 0.0981,
        0.1360, 0.0636, 0.5023, 0.4440, 0.6576, 0.8453, 0.7950, 0.4640, 0.7125,
        0.4149, 0.9127, 0.3829, 0.6595, 0.1218, 0.8524, 0.7372, 0.5102, 0.9215])
Correlation for training set: 0.9455204000322699
Predicted tensors for test set: 
tensor([ 0.5690,  0.5594,  0.2160,  0.2427,  0.4235,  0.2646,  0.4615,  0.4481,
         0.4522,  0.6492,  0.3677, -0.2552,  0.4258,  0.4684,  0.4568,  0.4301,
         0.3125,  0.4052])
Target tensors for test set: 
tensor([0.2271, 0.9150, 0.5300, 0.1295, 0.5178, 0.8561, 0.9535, 0.5573, 0.7507,
        0.7270, 0.6992, 0.8728, 0.4818, 0.5783, 0.9492, 0.3174, 0.5187, 0.6465])
Correlation for test set: -0.0795174849015513
Fold 4
Epoch: 00, Training Loss: 0.0759, Train MSE: 0.0759, r (train): 0.1982, Test MSE: 0.3709, r (test): -0.0160
Epoch: 01, Training Loss: 0.0883, Train MSE: 0.0883, r (train): 0.2832, Test MSE: 0.0863, r (test): 0.2661
Epoch: 02, Training Loss: 0.0822, Train MSE: 0.0822, r (train): 0.1313, Test MSE: 0.3512, r (test): -0.1595
Epoch: 03, Training Loss: 0.0592, Train MSE: 0.0592, r (train): 0.3841, Test MSE: 0.0977, r (test): 0.0107
Epoch: 04, Training Loss: 0.0662, Train MSE: 0.0662, r (train): 0.3381, Test MSE: 0.2235, r (test): -0.1150
Epoch: 05, Training Loss: 0.0562, Train MSE: 0.0562, r (train): 0.4341, Test MSE: 0.1040, r (test): -0.0044
Epoch: 06, Training Loss: 0.0580, Train MSE: 0.0580, r (train): 0.4901, Test MSE: 0.2070, r (test): -0.0969
Epoch: 07, Training Loss: 0.0532, Train MSE: 0.0532, r (train): 0.5103, Test MSE: 0.1413, r (test): -0.0568
Epoch: 08, Training Loss: 0.0544, Train MSE: 0.0544, r (train): 0.5562, Test MSE: 0.2133, r (test): -0.1079
Epoch: 09, Training Loss: 0.0512, Train MSE: 0.0512, r (train): 0.5534, Test MSE: 0.1695, r (test): -0.0886
Epoch: 10, Training Loss: 0.0515, Train MSE: 0.0515, r (train): 0.5830, Test MSE: 0.2313, r (test): -0.1152
Epoch: 11, Training Loss: 0.0501, Train MSE: 0.0501, r (train): 0.6003, Test MSE: 0.2330, r (test): -0.1068
Epoch: 12, Training Loss: 0.0485, Train MSE: 0.0485, r (train): 0.6283, Test MSE: 0.2540, r (test): -0.1021
Epoch: 13, Training Loss: 0.0475, Train MSE: 0.0475, r (train): 0.6358, Test MSE: 0.2887, r (test): -0.1111
Epoch: 14, Training Loss: 0.0464, Train MSE: 0.0464, r (train): 0.6541, Test MSE: 0.3392, r (test): -0.1170
Epoch: 15, Training Loss: 0.0441, Train MSE: 0.0441, r (train): 0.6684, Test MSE: 0.3630, r (test): -0.1220
Epoch: 16, Training Loss: 0.0435, Train MSE: 0.0435, r (train): 0.6527, Test MSE: 0.5167, r (test): -0.1467
Epoch: 17, Training Loss: 0.0399, Train MSE: 0.0399, r (train): 0.6712, Test MSE: 0.4425, r (test): -0.1637
Epoch: 18, Training Loss: 0.0460, Train MSE: 0.0460, r (train): 0.5781, Test MSE: 0.7699, r (test): -0.2036
Epoch: 19, Training Loss: 0.0463, Train MSE: 0.0463, r (train): 0.5863, Test MSE: 0.4043, r (test): -0.2509
Epoch: 20, Training Loss: 0.1442, Train MSE: 0.1442, r (train): 0.0731, Test MSE: 1.6023, r (test): -0.1689
Epoch: 21, Training Loss: 0.0456, Train MSE: 0.0456, r (train): 0.6887, Test MSE: 0.2534, r (test): -0.0286
Epoch: 22, Training Loss: 0.0369, Train MSE: 0.0369, r (train): 0.7168, Test MSE: 0.1842, r (test): -0.0976
Epoch: 23, Training Loss: 0.0324, Train MSE: 0.0324, r (train): 0.7606, Test MSE: 0.2782, r (test): -0.1861
Epoch: 24, Training Loss: 0.0291, Train MSE: 0.0291, r (train): 0.7842, Test MSE: 0.4240, r (test): -0.2104
Epoch: 25, Training Loss: 0.0234, Train MSE: 0.0234, r (train): 0.8625, Test MSE: 0.3387, r (test): -0.1959
Epoch: 26, Training Loss: 0.0265, Train MSE: 0.0265, r (train): 0.8315, Test MSE: 0.4974, r (test): -0.1599
Epoch: 27, Training Loss: 0.0233, Train MSE: 0.0233, r (train): 0.8418, Test MSE: 0.2129, r (test): -0.1580
Epoch: 28, Training Loss: 0.0193, Train MSE: 0.0193, r (train): 0.8517, Test MSE: 0.5775, r (test): -0.2185
Epoch: 29, Training Loss: 0.1008, Train MSE: 0.1008, r (train): 0.7544, Test MSE: 0.3227, r (test): -0.2626
Epoch: 30, Training Loss: 0.1138, Train MSE: 0.1138, r (train): 0.3712, Test MSE: 1.5915, r (test): -0.1873
Epoch: 31, Training Loss: 0.0316, Train MSE: 0.0316, r (train): 0.7709, Test MSE: 0.1803, r (test): -0.2074
Epoch: 32, Training Loss: 0.0220, Train MSE: 0.0220, r (train): 0.8518, Test MSE: 0.1764, r (test): -0.2434
Epoch: 33, Training Loss: 0.0180, Train MSE: 0.0180, r (train): 0.8594, Test MSE: 0.2695, r (test): -0.2073
Epoch: 34, Training Loss: 0.0254, Train MSE: 0.0254, r (train): 0.8568, Test MSE: 0.1804, r (test): -0.3016
Epoch: 35, Training Loss: 0.0196, Train MSE: 0.0196, r (train): 0.8479, Test MSE: 0.2907, r (test): -0.2271
Epoch: 36, Training Loss: 0.0170, Train MSE: 0.0170, r (train): 0.8748, Test MSE: 0.1774, r (test): -0.2377
Epoch: 37, Training Loss: 0.0224, Train MSE: 0.0224, r (train): 0.8398, Test MSE: 0.2897, r (test): -0.2323
Epoch: 38, Training Loss: 0.0193, Train MSE: 0.0193, r (train): 0.8763, Test MSE: 0.2054, r (test): -0.2412
Epoch: 39, Training Loss: 0.0194, Train MSE: 0.0194, r (train): 0.8733, Test MSE: 0.1958, r (test): -0.2454
Epoch: 40, Training Loss: 0.0217, Train MSE: 0.0217, r (train): 0.8592, Test MSE: 0.2456, r (test): -0.2187
Epoch: 41, Training Loss: 0.0307, Train MSE: 0.0307, r (train): 0.8666, Test MSE: 0.1883, r (test): -0.2438
Epoch: 42, Training Loss: 0.0271, Train MSE: 0.0271, r (train): 0.8674, Test MSE: 0.2515, r (test): -0.2277
Epoch: 43, Training Loss: 0.0257, Train MSE: 0.0257, r (train): 0.8480, Test MSE: 0.2239, r (test): -0.2839
Epoch: 44, Training Loss: 0.0255, Train MSE: 0.0255, r (train): 0.8565, Test MSE: 0.3668, r (test): -0.2558
Epoch: 45, Training Loss: 0.0199, Train MSE: 0.0199, r (train): 0.8662, Test MSE: 0.2450, r (test): -0.2283
Epoch: 46, Training Loss: 0.0166, Train MSE: 0.0166, r (train): 0.8871, Test MSE: 0.2608, r (test): -0.1911
Epoch: 47, Training Loss: 0.0611, Train MSE: 0.0611, r (train): 0.8606, Test MSE: 0.1858, r (test): -0.2211
Epoch: 48, Training Loss: 0.0321, Train MSE: 0.0321, r (train): 0.8811, Test MSE: 0.2501, r (test): -0.1858
Epoch: 49, Training Loss: 0.0194, Train MSE: 0.0194, r (train): 0.8498, Test MSE: 0.2773, r (test): -0.1879
Epoch: 50, Training Loss: 0.0286, Train MSE: 0.0286, r (train): 0.8785, Test MSE: 0.3887, r (test): -0.2614
Epoch: 51, Training Loss: 0.0143, Train MSE: 0.0143, r (train): 0.9018, Test MSE: 0.2452, r (test): -0.2163
Epoch: 52, Training Loss: 0.0180, Train MSE: 0.0180, r (train): 0.8942, Test MSE: 0.2408, r (test): -0.2050
Epoch: 53, Training Loss: 0.0198, Train MSE: 0.0198, r (train): 0.8885, Test MSE: 0.3203, r (test): -0.2588
Epoch: 54, Training Loss: 0.0557, Train MSE: 0.0557, r (train): 0.8768, Test MSE: 0.4291, r (test): -0.2529
Epoch: 55, Training Loss: 0.0505, Train MSE: 0.0505, r (train): 0.8723, Test MSE: 0.4873, r (test): -0.2419
Epoch: 56, Training Loss: 0.0426, Train MSE: 0.0426, r (train): 0.8661, Test MSE: 0.4637, r (test): -0.2294
Epoch: 57, Training Loss: 0.0580, Train MSE: 0.0580, r (train): 0.8384, Test MSE: 0.6605, r (test): -0.2242
Epoch: 58, Training Loss: 0.0984, Train MSE: 0.0984, r (train): 0.7717, Test MSE: 0.7377, r (test): -0.2304
Epoch: 59, Training Loss: 0.1109, Train MSE: 0.1109, r (train): 0.8474, Test MSE: 0.6102, r (test): -0.1990
Epoch: 60, Training Loss: 0.0763, Train MSE: 0.0763, r (train): 0.8506, Test MSE: 0.6344, r (test): -0.1953
Epoch: 61, Training Loss: 0.0195, Train MSE: 0.0195, r (train): 0.8738, Test MSE: 0.3612, r (test): -0.2027
Epoch: 62, Training Loss: 0.0211, Train MSE: 0.0211, r (train): 0.8818, Test MSE: 0.4270, r (test): -0.2119
Epoch: 63, Training Loss: 0.0161, Train MSE: 0.0161, r (train): 0.8846, Test MSE: 0.2123, r (test): -0.1650
Epoch: 64, Training Loss: 0.0167, Train MSE: 0.0167, r (train): 0.8935, Test MSE: 0.2409, r (test): -0.2117
Epoch: 65, Training Loss: 0.0233, Train MSE: 0.0233, r (train): 0.9005, Test MSE: 0.3195, r (test): -0.1773
Epoch: 66, Training Loss: 0.0150, Train MSE: 0.0150, r (train): 0.8945, Test MSE: 0.2123, r (test): -0.2049
Epoch: 67, Training Loss: 0.0187, Train MSE: 0.0187, r (train): 0.8885, Test MSE: 0.2658, r (test): -0.1737
Epoch: 68, Training Loss: 0.0181, Train MSE: 0.0181, r (train): 0.8880, Test MSE: 0.2368, r (test): -0.2126
Epoch: 69, Training Loss: 0.0316, Train MSE: 0.0316, r (train): 0.8762, Test MSE: 0.3391, r (test): -0.2317
Epoch: 70, Training Loss: 0.0681, Train MSE: 0.0681, r (train): 0.8761, Test MSE: 0.5345, r (test): -0.1775
Epoch: 71, Training Loss: 0.1135, Train MSE: 0.1135, r (train): 0.8782, Test MSE: 0.6569, r (test): -0.1889
Epoch: 72, Training Loss: 0.0697, Train MSE: 0.0697, r (train): 0.8958, Test MSE: 0.4392, r (test): -0.1935
Epoch: 73, Training Loss: 0.0584, Train MSE: 0.0584, r (train): 0.8311, Test MSE: 0.7765, r (test): -0.2285
Epoch: 74, Training Loss: 0.0550, Train MSE: 0.0550, r (train): 0.8776, Test MSE: 0.2969, r (test): -0.2353
Epoch: 75, Training Loss: 0.0409, Train MSE: 0.0409, r (train): 0.8820, Test MSE: 0.3929, r (test): -0.2055
Epoch: 76, Training Loss: 0.0168, Train MSE: 0.0168, r (train): 0.8998, Test MSE: 0.2166, r (test): -0.2105
Epoch: 77, Training Loss: 0.0207, Train MSE: 0.0207, r (train): 0.9014, Test MSE: 0.2030, r (test): -0.2145
Epoch: 78, Training Loss: 0.0163, Train MSE: 0.0163, r (train): 0.9068, Test MSE: 0.2362, r (test): -0.2366
Epoch: 79, Training Loss: 0.0178, Train MSE: 0.0178, r (train): 0.8977, Test MSE: 0.2356, r (test): -0.2626
Epoch: 80, Training Loss: 0.0151, Train MSE: 0.0151, r (train): 0.8946, Test MSE: 0.2181, r (test): -0.2742
Epoch: 81, Training Loss: 0.0336, Train MSE: 0.0336, r (train): 0.8867, Test MSE: 0.3256, r (test): -0.2977
Epoch: 82, Training Loss: 0.0438, Train MSE: 0.0438, r (train): 0.9184, Test MSE: 0.2799, r (test): -0.2744
Epoch: 83, Training Loss: 0.0575, Train MSE: 0.0575, r (train): 0.9227, Test MSE: 0.3481, r (test): -0.2484
Epoch: 84, Training Loss: 0.0596, Train MSE: 0.0596, r (train): 0.8924, Test MSE: 0.3228, r (test): -0.2027
Epoch: 85, Training Loss: 0.0570, Train MSE: 0.0570, r (train): 0.9247, Test MSE: 0.3263, r (test): -0.1732
Epoch: 86, Training Loss: 0.0419, Train MSE: 0.0419, r (train): 0.9231, Test MSE: 0.3278, r (test): -0.1766
Epoch: 87, Training Loss: 0.0184, Train MSE: 0.0184, r (train): 0.9196, Test MSE: 0.1969, r (test): -0.1587
Epoch: 88, Training Loss: 0.0166, Train MSE: 0.0166, r (train): 0.9217, Test MSE: 0.1809, r (test): -0.1994
Epoch: 89, Training Loss: 0.0235, Train MSE: 0.0235, r (train): 0.9144, Test MSE: 0.2154, r (test): -0.2663
Epoch: 90, Training Loss: 0.0293, Train MSE: 0.0293, r (train): 0.9146, Test MSE: 0.2332, r (test): -0.2751
Epoch: 91, Training Loss: 0.0493, Train MSE: 0.0493, r (train): 0.8914, Test MSE: 0.2718, r (test): -0.2489
Epoch: 92, Training Loss: 0.0512, Train MSE: 0.0512, r (train): 0.9118, Test MSE: 0.3122, r (test): -0.3012
Epoch: 93, Training Loss: 0.0570, Train MSE: 0.0570, r (train): 0.9363, Test MSE: 0.3540, r (test): -0.2349
Epoch: 94, Training Loss: 0.0426, Train MSE: 0.0426, r (train): 0.8969, Test MSE: 0.3178, r (test): -0.1952
Epoch: 95, Training Loss: 0.0294, Train MSE: 0.0294, r (train): 0.9174, Test MSE: 0.2283, r (test): -0.1594
Epoch: 96, Training Loss: 0.0195, Train MSE: 0.0195, r (train): 0.9214, Test MSE: 0.2044, r (test): -0.2193
Epoch: 97, Training Loss: 0.0148, Train MSE: 0.0148, r (train): 0.9118, Test MSE: 0.1306, r (test): -0.0750
Epoch: 98, Training Loss: 0.0131, Train MSE: 0.0131, r (train): 0.9061, Test MSE: 0.1158, r (test): -0.1747
Epoch: 99, Training Loss: 0.0265, Train MSE: 0.0265, r (train): 0.9174, Test MSE: 0.2060, r (test): -0.2545
Predicted tensors for training set: 
tensor([ 7.0872e-01,  2.6834e-01,  8.7023e-01,  6.8494e-01,  8.3647e-01,
         2.9174e-01,  8.0846e-01,  2.9826e-02, -4.4558e-02,  2.3729e-01,
         3.6420e-01,  1.0632e+00,  1.6148e-01,  8.2150e-01,  1.9139e-01,
         3.8158e-01,  8.8566e-02,  5.1226e-01,  1.0159e+00,  6.1504e-01,
         7.1135e-01,  3.9801e-01,  4.6463e-01,  4.1987e-01,  9.0017e-01,
         9.5814e-01,  6.0281e-01,  1.0072e+00,  6.5463e-01,  1.0430e+00,
         7.1098e-01,  9.3305e-01,  7.7728e-01,  9.2211e-01,  9.0043e-01,
         9.6006e-01,  6.3612e-01,  1.2742e+00,  7.5710e-01,  4.3929e-01,
         7.5211e-01,  1.4298e+00,  1.1413e+00,  8.3801e-01,  8.8593e-01,
         9.5944e-01,  8.2164e-01,  1.0708e+00,  6.3012e-01,  8.4020e-01,
         1.1105e+00,  4.4872e-01,  6.8285e-01,  7.4547e-01,  2.9915e-01,
        -1.3099e-03,  5.6396e-01,  4.6206e-01,  7.0528e-01,  8.8899e-01,
         8.7269e-01,  4.8561e-01,  6.6928e-01,  4.5804e-01,  8.7928e-01,
         4.1143e-01,  6.7726e-01,  1.0041e-01,  8.7652e-01,  7.3576e-01,
         4.8407e-01,  9.1839e-01])
Target tensorsfor training set: 
tensor([0.5779, 0.2394, 0.8363, 0.7462, 0.7791, 0.2649, 0.7596, 0.0246, 0.0478,
        0.1294, 0.3309, 0.9117, 0.1493, 0.8411, 0.2169, 0.3453, 0.0389, 0.4526,
        0.9621, 0.4654, 0.6846, 0.4341, 0.5564, 0.2916, 0.8556, 0.8391, 0.6577,
        0.7901, 0.5780, 0.8418, 0.5719, 0.7144, 0.5658, 0.6240, 0.6199, 0.6671,
        0.2271, 0.9150, 0.5300, 0.1295, 0.5178, 0.8561, 0.9535, 0.5573, 0.7507,
        0.7270, 0.6992, 0.8728, 0.4818, 0.5783, 0.9492, 0.3174, 0.5187, 0.6465,
        0.1360, 0.0636, 0.5023, 0.4440, 0.6576, 0.8453, 0.7950, 0.4640, 0.7125,
        0.4149, 0.9127, 0.3829, 0.6595, 0.1218, 0.8524, 0.7372, 0.5102, 0.9215])
Correlation for training set: 0.9174332451707033
Predicted tensors for test set: 
tensor([1.1291, 0.8396, 0.6956, 0.6761, 0.7295, 0.7304, 0.6487, 0.5137, 0.7562,
        0.5929, 1.2519, 0.6344, 0.6177, 0.8074, 0.6055, 0.5216, 0.5872, 0.8040])
Target tensors for test set: 
tensor([0.4513, 0.7371, 0.3077, 0.5220, 0.4036, 0.9072, 0.9656, 0.1055, 0.0763,
        0.2594, 0.2255, 0.4373, 0.7171, 0.2464, 0.7497, 0.8988, 0.4993, 0.0981])
Correlation for test set: -0.25451768708110467
Fold 5
Epoch: 00, Training Loss: 0.0730, Train MSE: 0.0730, r (train): 0.1391, Test MSE: 0.0566, r (test): 0.5679
Epoch: 01, Training Loss: 0.1872, Train MSE: 0.1872, r (train): 0.2146, Test MSE: 0.1345, r (test): 0.5719
Epoch: 02, Training Loss: 0.1015, Train MSE: 0.1015, r (train): 0.2704, Test MSE: 0.0724, r (test): 0.5655
Epoch: 03, Training Loss: 0.0662, Train MSE: 0.0662, r (train): 0.3043, Test MSE: 0.0633, r (test): 0.3870
Epoch: 04, Training Loss: 0.0887, Train MSE: 0.0887, r (train): 0.3021, Test MSE: 0.0654, r (test): 0.5717
Epoch: 05, Training Loss: 0.1005, Train MSE: 0.1005, r (train): 0.3155, Test MSE: 0.0811, r (test): 0.5708
Epoch: 06, Training Loss: 0.0668, Train MSE: 0.0668, r (train): 0.3153, Test MSE: 0.0505, r (test): 0.5429
Epoch: 07, Training Loss: 0.0915, Train MSE: 0.0915, r (train): 0.3125, Test MSE: 0.0714, r (test): 0.5806
Epoch: 08, Training Loss: 0.0629, Train MSE: 0.0629, r (train): 0.4201, Test MSE: 0.0564, r (test): 0.5684
Epoch: 09, Training Loss: 0.0605, Train MSE: 0.0605, r (train): 0.4413, Test MSE: 0.0526, r (test): 0.5780
Epoch: 10, Training Loss: 0.0764, Train MSE: 0.0764, r (train): 0.3823, Test MSE: 0.0664, r (test): 0.5727
Epoch: 11, Training Loss: 0.0578, Train MSE: 0.0578, r (train): 0.4720, Test MSE: 0.0510, r (test): 0.5754
Epoch: 12, Training Loss: 0.0925, Train MSE: 0.0925, r (train): 0.3415, Test MSE: 0.0707, r (test): 0.5691
Epoch: 13, Training Loss: 0.0569, Train MSE: 0.0569, r (train): 0.4942, Test MSE: 0.0618, r (test): 0.4358
Epoch: 14, Training Loss: 0.0618, Train MSE: 0.0618, r (train): 0.4459, Test MSE: 0.0552, r (test): 0.5757
Epoch: 15, Training Loss: 0.0599, Train MSE: 0.0599, r (train): 0.4961, Test MSE: 0.0574, r (test): 0.5854
Epoch: 16, Training Loss: 0.0520, Train MSE: 0.0520, r (train): 0.5744, Test MSE: 0.0512, r (test): 0.5848
Epoch: 17, Training Loss: 0.0585, Train MSE: 0.0585, r (train): 0.5054, Test MSE: 0.0564, r (test): 0.5801
Epoch: 18, Training Loss: 0.0502, Train MSE: 0.0502, r (train): 0.6039, Test MSE: 0.0535, r (test): 0.5847
Epoch: 19, Training Loss: 0.0500, Train MSE: 0.0500, r (train): 0.6046, Test MSE: 0.0527, r (test): 0.5893
Epoch: 20, Training Loss: 0.0532, Train MSE: 0.0532, r (train): 0.6043, Test MSE: 0.0600, r (test): 0.5895
Epoch: 21, Training Loss: 0.0450, Train MSE: 0.0450, r (train): 0.6792, Test MSE: 0.0474, r (test): 0.6042
Epoch: 22, Training Loss: 0.0749, Train MSE: 0.0749, r (train): 0.5079, Test MSE: 0.0778, r (test): 0.5808
Epoch: 23, Training Loss: 0.0504, Train MSE: 0.0504, r (train): 0.5635, Test MSE: 0.0570, r (test): 0.5560
Epoch: 24, Training Loss: 0.0521, Train MSE: 0.0521, r (train): 0.5844, Test MSE: 0.0588, r (test): 0.5835
Epoch: 25, Training Loss: 0.0656, Train MSE: 0.0656, r (train): 0.6478, Test MSE: 0.0842, r (test): 0.5888
Epoch: 26, Training Loss: 0.0398, Train MSE: 0.0398, r (train): 0.7420, Test MSE: 0.0563, r (test): 0.4791
Epoch: 27, Training Loss: 0.1002, Train MSE: 0.1002, r (train): 0.6107, Test MSE: 0.1140, r (test): 0.5796
Epoch: 28, Training Loss: 0.0300, Train MSE: 0.0300, r (train): 0.8125, Test MSE: 0.0579, r (test): 0.4644
Epoch: 29, Training Loss: 0.0352, Train MSE: 0.0352, r (train): 0.8419, Test MSE: 0.0687, r (test): 0.5599
Epoch: 30, Training Loss: 0.0209, Train MSE: 0.0209, r (train): 0.9124, Test MSE: 0.0682, r (test): 0.4950
Epoch: 31, Training Loss: 0.0293, Train MSE: 0.0293, r (train): 0.8519, Test MSE: 0.0665, r (test): 0.5583
Epoch: 32, Training Loss: 0.0298, Train MSE: 0.0298, r (train): 0.9133, Test MSE: 0.0921, r (test): 0.1351
Epoch: 33, Training Loss: 0.0137, Train MSE: 0.0137, r (train): 0.9084, Test MSE: 0.0534, r (test): 0.4820
Epoch: 34, Training Loss: 0.0109, Train MSE: 0.0109, r (train): 0.9396, Test MSE: 0.0607, r (test): 0.4627
Epoch: 35, Training Loss: 0.0119, Train MSE: 0.0119, r (train): 0.9154, Test MSE: 0.0590, r (test): 0.4112
Epoch: 36, Training Loss: 0.0231, Train MSE: 0.0231, r (train): 0.8566, Test MSE: 0.0657, r (test): 0.2744
Epoch: 37, Training Loss: 0.0244, Train MSE: 0.0244, r (train): 0.9127, Test MSE: 0.0700, r (test): 0.3664
Epoch: 38, Training Loss: 0.0266, Train MSE: 0.0266, r (train): 0.7975, Test MSE: 0.0645, r (test): 0.3324
Epoch: 39, Training Loss: 0.0342, Train MSE: 0.0342, r (train): 0.8713, Test MSE: 0.0747, r (test): 0.4689
Epoch: 40, Training Loss: 0.0301, Train MSE: 0.0301, r (train): 0.9126, Test MSE: 0.0996, r (test): 0.0647
Epoch: 41, Training Loss: 0.0184, Train MSE: 0.0184, r (train): 0.9286, Test MSE: 0.0710, r (test): 0.4833
Epoch: 42, Training Loss: 0.0110, Train MSE: 0.0110, r (train): 0.9213, Test MSE: 0.0580, r (test): 0.4369
Epoch: 43, Training Loss: 0.0269, Train MSE: 0.0269, r (train): 0.8854, Test MSE: 0.0663, r (test): 0.3441
Epoch: 44, Training Loss: 0.0116, Train MSE: 0.0116, r (train): 0.9315, Test MSE: 0.0627, r (test): 0.3160
Epoch: 45, Training Loss: 0.0224, Train MSE: 0.0224, r (train): 0.9206, Test MSE: 0.0784, r (test): 0.3599
Epoch: 46, Training Loss: 0.0319, Train MSE: 0.0319, r (train): 0.9215, Test MSE: 0.0872, r (test): 0.4502
Epoch: 47, Training Loss: 0.0173, Train MSE: 0.0173, r (train): 0.9165, Test MSE: 0.0701, r (test): 0.4043
Epoch: 48, Training Loss: 0.0161, Train MSE: 0.0161, r (train): 0.9059, Test MSE: 0.0554, r (test): 0.4522
Epoch: 49, Training Loss: 0.0154, Train MSE: 0.0154, r (train): 0.8988, Test MSE: 0.0588, r (test): 0.4474
Epoch: 50, Training Loss: 0.0317, Train MSE: 0.0317, r (train): 0.8950, Test MSE: 0.0881, r (test): 0.3535
Epoch: 51, Training Loss: 0.0447, Train MSE: 0.0447, r (train): 0.9023, Test MSE: 0.1099, r (test): 0.3453
Epoch: 52, Training Loss: 0.0353, Train MSE: 0.0353, r (train): 0.9086, Test MSE: 0.0861, r (test): 0.4786
Epoch: 53, Training Loss: 0.0162, Train MSE: 0.0162, r (train): 0.8955, Test MSE: 0.0626, r (test): 0.3399
Epoch: 54, Training Loss: 0.0140, Train MSE: 0.0140, r (train): 0.9080, Test MSE: 0.0644, r (test): 0.2932
Epoch: 55, Training Loss: 0.0427, Train MSE: 0.0427, r (train): 0.8759, Test MSE: 0.1010, r (test): 0.3346
Epoch: 56, Training Loss: 0.0438, Train MSE: 0.0438, r (train): 0.9018, Test MSE: 0.1115, r (test): 0.2151
Epoch: 57, Training Loss: 0.0444, Train MSE: 0.0444, r (train): 0.8846, Test MSE: 0.0859, r (test): 0.4576
Epoch: 58, Training Loss: 0.0190, Train MSE: 0.0190, r (train): 0.8976, Test MSE: 0.0664, r (test): 0.2758
Epoch: 59, Training Loss: 0.0189, Train MSE: 0.0189, r (train): 0.8827, Test MSE: 0.0600, r (test): 0.4390
Epoch: 60, Training Loss: 0.0190, Train MSE: 0.0190, r (train): 0.9039, Test MSE: 0.0726, r (test): 0.3553
Epoch: 61, Training Loss: 0.0201, Train MSE: 0.0201, r (train): 0.9109, Test MSE: 0.0661, r (test): 0.3059
Epoch: 62, Training Loss: 0.0428, Train MSE: 0.0428, r (train): 0.9081, Test MSE: 0.0755, r (test): 0.4247
Epoch: 63, Training Loss: 0.0476, Train MSE: 0.0476, r (train): 0.9022, Test MSE: 0.0821, r (test): 0.3834
Epoch: 64, Training Loss: 0.0320, Train MSE: 0.0320, r (train): 0.9089, Test MSE: 0.0674, r (test): 0.3937
Epoch: 65, Training Loss: 0.0361, Train MSE: 0.0361, r (train): 0.8963, Test MSE: 0.0659, r (test): 0.4027
Epoch: 66, Training Loss: 0.0327, Train MSE: 0.0327, r (train): 0.8840, Test MSE: 0.0699, r (test): 0.2551
Epoch: 67, Training Loss: 0.0222, Train MSE: 0.0222, r (train): 0.8599, Test MSE: 0.0656, r (test): 0.2415
Epoch: 68, Training Loss: 0.0185, Train MSE: 0.0185, r (train): 0.8671, Test MSE: 0.0585, r (test): 0.4416
Epoch: 69, Training Loss: 0.0237, Train MSE: 0.0237, r (train): 0.8445, Test MSE: 0.0587, r (test): 0.4014
Epoch: 70, Training Loss: 0.0406, Train MSE: 0.0406, r (train): 0.8247, Test MSE: 0.0950, r (test): 0.3560
Epoch: 71, Training Loss: 0.0568, Train MSE: 0.0568, r (train): 0.8334, Test MSE: 0.1074, r (test): 0.2804
Epoch: 72, Training Loss: 0.0408, Train MSE: 0.0408, r (train): 0.8936, Test MSE: 0.1042, r (test): 0.2376
Epoch: 73, Training Loss: 0.0282, Train MSE: 0.0282, r (train): 0.8964, Test MSE: 0.0820, r (test): 0.3302
Epoch: 74, Training Loss: 0.0178, Train MSE: 0.0178, r (train): 0.8936, Test MSE: 0.0721, r (test): 0.2786
Epoch: 75, Training Loss: 0.0222, Train MSE: 0.0222, r (train): 0.8590, Test MSE: 0.0636, r (test): 0.4290
Epoch: 76, Training Loss: 0.0166, Train MSE: 0.0166, r (train): 0.8912, Test MSE: 0.0670, r (test): 0.2910
Epoch: 77, Training Loss: 0.0245, Train MSE: 0.0245, r (train): 0.8924, Test MSE: 0.0822, r (test): 0.1403
Epoch: 78, Training Loss: 0.0399, Train MSE: 0.0399, r (train): 0.9118, Test MSE: 0.0871, r (test): 0.1820
Epoch: 79, Training Loss: 0.0582, Train MSE: 0.0582, r (train): 0.9093, Test MSE: 0.0990, r (test): 0.2193
Epoch: 80, Training Loss: 0.0481, Train MSE: 0.0481, r (train): 0.9090, Test MSE: 0.0950, r (test): 0.0919
Epoch: 81, Training Loss: 0.0229, Train MSE: 0.0229, r (train): 0.9036, Test MSE: 0.0674, r (test): 0.2836
Epoch: 82, Training Loss: 0.0134, Train MSE: 0.0134, r (train): 0.9102, Test MSE: 0.0693, r (test): 0.2331
Epoch: 83, Training Loss: 0.0206, Train MSE: 0.0206, r (train): 0.9179, Test MSE: 0.0842, r (test): 0.1411
Epoch: 84, Training Loss: 0.0245, Train MSE: 0.0245, r (train): 0.9153, Test MSE: 0.0701, r (test): 0.3222
Epoch: 85, Training Loss: 0.0235, Train MSE: 0.0235, r (train): 0.9217, Test MSE: 0.0657, r (test): 0.3624
Epoch: 86, Training Loss: 0.0610, Train MSE: 0.0610, r (train): 0.9102, Test MSE: 0.1015, r (test): 0.3146
Epoch: 87, Training Loss: 0.0319, Train MSE: 0.0319, r (train): 0.9130, Test MSE: 0.0786, r (test): 0.2374
Epoch: 88, Training Loss: 0.0301, Train MSE: 0.0301, r (train): 0.9195, Test MSE: 0.0751, r (test): 0.2573
Epoch: 89, Training Loss: 0.0293, Train MSE: 0.0293, r (train): 0.9243, Test MSE: 0.0743, r (test): 0.1577
Epoch: 90, Training Loss: 0.0439, Train MSE: 0.0439, r (train): 0.9094, Test MSE: 0.0874, r (test): 0.1555
Epoch: 91, Training Loss: 0.0256, Train MSE: 0.0256, r (train): 0.9138, Test MSE: 0.0783, r (test): 0.1412
Epoch: 92, Training Loss: 0.0265, Train MSE: 0.0265, r (train): 0.9304, Test MSE: 0.0687, r (test): 0.2907
Epoch: 93, Training Loss: 0.1052, Train MSE: 0.1052, r (train): 0.9227, Test MSE: 0.1405, r (test): 0.2000
Epoch: 94, Training Loss: 0.0390, Train MSE: 0.0390, r (train): 0.9320, Test MSE: 0.0845, r (test): 0.2557
Epoch: 95, Training Loss: 0.0272, Train MSE: 0.0272, r (train): 0.9245, Test MSE: 0.0718, r (test): 0.2573
Epoch: 96, Training Loss: 0.0407, Train MSE: 0.0407, r (train): 0.9369, Test MSE: 0.0821, r (test): 0.1954
Epoch: 97, Training Loss: 0.0492, Train MSE: 0.0492, r (train): 0.9247, Test MSE: 0.0951, r (test): 0.1743
Epoch: 98, Training Loss: 0.0267, Train MSE: 0.0267, r (train): 0.9342, Test MSE: 0.0710, r (test): 0.3146
Epoch: 99, Training Loss: 0.0294, Train MSE: 0.0294, r (train): 0.9314, Test MSE: 0.0804, r (test): 0.2144
Predicted tensors for training set: 
tensor([0.6055, 0.2216, 0.8460, 0.7392, 0.6674, 0.2163, 0.7863, 0.0397, 0.1599,
        0.1218, 0.3848, 0.9539, 0.1916, 0.8485, 0.2855, 0.4131, 0.1783, 0.6570,
        1.0685, 0.5850, 0.9092, 0.5644, 0.6133, 0.4897, 0.9810, 0.9815, 0.8094,
        0.9559, 0.8923, 1.0634, 0.8273, 1.1032, 0.7824, 0.8161, 0.9175, 0.8950,
        0.5812, 1.1231, 0.8076, 0.3451, 0.7031, 1.2129, 1.1895, 0.7743, 0.9675,
        0.9648, 0.9945, 1.2392, 0.5755, 0.8430, 1.0503, 0.4495, 0.6037, 0.7894,
        0.6542, 0.8654, 0.4409, 0.6648, 0.5227, 0.9372, 0.9544, 0.1277, 0.0760,
        0.2620, 0.4929, 0.4478, 0.7004, 0.2538, 0.7318, 0.9090, 0.4994, 0.1252])
Target tensorsfor training set: 
tensor([0.5779, 0.2394, 0.8363, 0.7462, 0.7791, 0.2649, 0.7596, 0.0246, 0.0478,
        0.1294, 0.3309, 0.9117, 0.1493, 0.8411, 0.2169, 0.3453, 0.0389, 0.4526,
        0.9621, 0.4654, 0.6846, 0.4341, 0.5564, 0.2916, 0.8556, 0.8391, 0.6577,
        0.7901, 0.5780, 0.8418, 0.5719, 0.7144, 0.5658, 0.6240, 0.6199, 0.6671,
        0.2271, 0.9150, 0.5300, 0.1295, 0.5178, 0.8561, 0.9535, 0.5573, 0.7507,
        0.7270, 0.6992, 0.8728, 0.4818, 0.5783, 0.9492, 0.3174, 0.5187, 0.6465,
        0.4513, 0.7371, 0.3077, 0.5220, 0.4036, 0.9072, 0.9656, 0.1055, 0.0763,
        0.2594, 0.2255, 0.4373, 0.7171, 0.2464, 0.7497, 0.8988, 0.4993, 0.0981])
Correlation for training set: 0.9314022466944181
Predicted tensors for test set: 
tensor([0.4243, 0.8377, 0.6190, 0.6904, 0.7832, 0.4853, 0.8025, 0.5227, 0.7335,
        0.7039, 0.7675, 0.7413, 0.6892, 0.5170, 0.6340, 0.6659, 0.7209, 0.6892])
Target tensors for test set: 
tensor([0.1360, 0.0636, 0.5023, 0.4440, 0.6576, 0.8453, 0.7950, 0.4640, 0.7125,
        0.4149, 0.9127, 0.3829, 0.6595, 0.1218, 0.8524, 0.7372, 0.5102, 0.9215])
Correlation for test set: 0.2144438957025002
Seed: 14
Fold losses: [tensor(0.0742), tensor(0.0235), tensor(0.0359), tensor(0.0265), tensor(0.0294)]
Fold MSE values: [tensor(0.0742), tensor(0.0235), tensor(0.0359), tensor(0.0265), tensor(0.0294)]
Target training values: [tensor([0.9621, 0.4654, 0.6846, 0.4341, 0.5564, 0.2916, 0.8556, 0.8391, 0.6577,
        0.7901, 0.5780, 0.8418, 0.5719, 0.7144, 0.5658, 0.6240, 0.6199, 0.6671,
        0.2271, 0.9150, 0.5300, 0.1295, 0.5178, 0.8561, 0.9535, 0.5573, 0.7507,
        0.7270, 0.6992, 0.8728, 0.4818, 0.5783, 0.9492, 0.3174, 0.5187, 0.6465,
        0.4513, 0.7371, 0.3077, 0.5220, 0.4036, 0.9072, 0.9656, 0.1055, 0.0763,
        0.2594, 0.2255, 0.4373, 0.7171, 0.2464, 0.7497, 0.8988, 0.4993, 0.0981,
        0.1360, 0.0636, 0.5023, 0.4440, 0.6576, 0.8453, 0.7950, 0.4640, 0.7125,
        0.4149, 0.9127, 0.3829, 0.6595, 0.1218, 0.8524, 0.7372, 0.5102, 0.9215]), tensor([0.5779, 0.2394, 0.8363, 0.7462, 0.7791, 0.2649, 0.7596, 0.0246, 0.0478,
        0.1294, 0.3309, 0.9117, 0.1493, 0.8411, 0.2169, 0.3453, 0.0389, 0.4526,
        0.2271, 0.9150, 0.5300, 0.1295, 0.5178, 0.8561, 0.9535, 0.5573, 0.7507,
        0.7270, 0.6992, 0.8728, 0.4818, 0.5783, 0.9492, 0.3174, 0.5187, 0.6465,
        0.4513, 0.7371, 0.3077, 0.5220, 0.4036, 0.9072, 0.9656, 0.1055, 0.0763,
        0.2594, 0.2255, 0.4373, 0.7171, 0.2464, 0.7497, 0.8988, 0.4993, 0.0981,
        0.1360, 0.0636, 0.5023, 0.4440, 0.6576, 0.8453, 0.7950, 0.4640, 0.7125,
        0.4149, 0.9127, 0.3829, 0.6595, 0.1218, 0.8524, 0.7372, 0.5102, 0.9215]), tensor([0.5779, 0.2394, 0.8363, 0.7462, 0.7791, 0.2649, 0.7596, 0.0246, 0.0478,
        0.1294, 0.3309, 0.9117, 0.1493, 0.8411, 0.2169, 0.3453, 0.0389, 0.4526,
        0.9621, 0.4654, 0.6846, 0.4341, 0.5564, 0.2916, 0.8556, 0.8391, 0.6577,
        0.7901, 0.5780, 0.8418, 0.5719, 0.7144, 0.5658, 0.6240, 0.6199, 0.6671,
        0.4513, 0.7371, 0.3077, 0.5220, 0.4036, 0.9072, 0.9656, 0.1055, 0.0763,
        0.2594, 0.2255, 0.4373, 0.7171, 0.2464, 0.7497, 0.8988, 0.4993, 0.0981,
        0.1360, 0.0636, 0.5023, 0.4440, 0.6576, 0.8453, 0.7950, 0.4640, 0.7125,
        0.4149, 0.9127, 0.3829, 0.6595, 0.1218, 0.8524, 0.7372, 0.5102, 0.9215]), tensor([0.5779, 0.2394, 0.8363, 0.7462, 0.7791, 0.2649, 0.7596, 0.0246, 0.0478,
        0.1294, 0.3309, 0.9117, 0.1493, 0.8411, 0.2169, 0.3453, 0.0389, 0.4526,
        0.9621, 0.4654, 0.6846, 0.4341, 0.5564, 0.2916, 0.8556, 0.8391, 0.6577,
        0.7901, 0.5780, 0.8418, 0.5719, 0.7144, 0.5658, 0.6240, 0.6199, 0.6671,
        0.2271, 0.9150, 0.5300, 0.1295, 0.5178, 0.8561, 0.9535, 0.5573, 0.7507,
        0.7270, 0.6992, 0.8728, 0.4818, 0.5783, 0.9492, 0.3174, 0.5187, 0.6465,
        0.1360, 0.0636, 0.5023, 0.4440, 0.6576, 0.8453, 0.7950, 0.4640, 0.7125,
        0.4149, 0.9127, 0.3829, 0.6595, 0.1218, 0.8524, 0.7372, 0.5102, 0.9215]), tensor([0.5779, 0.2394, 0.8363, 0.7462, 0.7791, 0.2649, 0.7596, 0.0246, 0.0478,
        0.1294, 0.3309, 0.9117, 0.1493, 0.8411, 0.2169, 0.3453, 0.0389, 0.4526,
        0.9621, 0.4654, 0.6846, 0.4341, 0.5564, 0.2916, 0.8556, 0.8391, 0.6577,
        0.7901, 0.5780, 0.8418, 0.5719, 0.7144, 0.5658, 0.6240, 0.6199, 0.6671,
        0.2271, 0.9150, 0.5300, 0.1295, 0.5178, 0.8561, 0.9535, 0.5573, 0.7507,
        0.7270, 0.6992, 0.8728, 0.4818, 0.5783, 0.9492, 0.3174, 0.5187, 0.6465,
        0.4513, 0.7371, 0.3077, 0.5220, 0.4036, 0.9072, 0.9656, 0.1055, 0.0763,
        0.2594, 0.2255, 0.4373, 0.7171, 0.2464, 0.7497, 0.8988, 0.4993, 0.0981])]
Prediction training values: [tensor([ 0.7027,  0.2815,  0.4630,  0.3578,  0.3673,  0.0542,  0.6063,  0.6512,
         0.4084,  0.4690,  0.3678,  0.5146,  0.3774,  0.4527,  0.2551,  0.2878,
         0.5331,  0.4018, -0.0034,  0.5383,  0.3747, -0.1451,  0.2681,  0.5198,
         0.6940,  0.3729,  0.5005,  0.3941,  0.4587,  0.6825,  0.2185,  0.2979,
         0.6445,  0.0953,  0.2748,  0.3388,  0.1677,  0.3910, -0.0030,  0.2291,
         0.1566,  0.5142,  0.5499, -0.1482, -0.2959, -0.1041, -0.1215, -0.0193,
         0.2738, -0.1160,  0.3493,  0.2011,  0.1651, -0.1951, -0.1691, -0.1829,
         0.2413,  0.2386,  0.4614,  0.7016,  0.6543,  0.3453,  0.6193,  0.3913,
         0.8690,  0.3882,  0.6680,  0.1388,  0.8389,  0.7396,  0.4283,  0.7847]), tensor([ 0.5009,  0.2452,  0.7089,  0.6090,  0.5624,  0.0887,  0.5511, -0.1231,
        -0.1056,  0.0354,  0.1620,  0.7423, -0.0305,  0.5960,  0.1961,  0.2375,
        -0.0757,  0.0698,  0.1081,  0.8807,  0.4768,  0.2085,  0.5168,  0.8170,
         0.8676,  0.5067,  0.7008,  0.6648,  0.7200,  0.9174,  0.4050,  0.5387,
         0.8357,  0.2493,  0.4029,  0.5725,  0.3574,  0.6479,  0.2188,  0.4608,
         0.3971,  0.7946,  0.7175, -0.0360, -0.1131,  0.0653,  0.0197,  0.2962,
         0.4831, -0.0011,  0.5548,  0.5144,  0.2949, -0.1071, -0.2935, -0.0802,
         0.3931,  0.3277,  0.5134,  0.7080,  0.5614,  0.3246,  0.6081,  0.3170,
         0.8371,  0.3272,  0.5991, -0.0149,  0.7704,  0.7114,  0.4353,  0.8147]), tensor([ 0.5609,  0.2158,  0.7042,  0.5408,  0.5723,  0.1378,  0.4857, -0.2088,
        -0.1298, -0.2271,  0.1320,  0.6969, -0.1029,  0.5766,  0.1249,  0.0943,
        -0.2652,  0.1817,  0.7509,  0.4172,  0.5248,  0.2589,  0.4232,  0.2892,
         0.8126,  0.8517,  0.5747,  0.7499,  0.5481,  0.7166,  0.5280,  0.7770,
         0.4339,  0.6058,  0.5165,  0.5893,  0.2651,  0.6061,  0.1542,  0.2528,
         0.1471,  0.7252,  0.7061, -0.2688, -0.2244, -0.0882, -0.1440,  0.2373,
         0.4337, -0.0384,  0.5255,  0.5419,  0.3311, -0.1408, -0.0459, -0.1525,
         0.3603,  0.2245,  0.4932,  0.6910,  0.6476,  0.3615,  0.6347,  0.3897,
         0.8657,  0.3495,  0.6786,  0.1372,  0.8123,  0.7009,  0.5115,  0.7724]), tensor([ 7.0872e-01,  2.6834e-01,  8.7023e-01,  6.8494e-01,  8.3647e-01,
         2.9174e-01,  8.0846e-01,  2.9826e-02, -4.4558e-02,  2.3729e-01,
         3.6420e-01,  1.0632e+00,  1.6148e-01,  8.2150e-01,  1.9139e-01,
         3.8158e-01,  8.8566e-02,  5.1226e-01,  1.0159e+00,  6.1504e-01,
         7.1135e-01,  3.9801e-01,  4.6463e-01,  4.1987e-01,  9.0017e-01,
         9.5814e-01,  6.0281e-01,  1.0072e+00,  6.5463e-01,  1.0430e+00,
         7.1098e-01,  9.3305e-01,  7.7728e-01,  9.2211e-01,  9.0043e-01,
         9.6006e-01,  6.3612e-01,  1.2742e+00,  7.5710e-01,  4.3929e-01,
         7.5211e-01,  1.4298e+00,  1.1413e+00,  8.3801e-01,  8.8593e-01,
         9.5944e-01,  8.2164e-01,  1.0708e+00,  6.3012e-01,  8.4020e-01,
         1.1105e+00,  4.4872e-01,  6.8285e-01,  7.4547e-01,  2.9915e-01,
        -1.3099e-03,  5.6396e-01,  4.6206e-01,  7.0528e-01,  8.8899e-01,
         8.7269e-01,  4.8561e-01,  6.6928e-01,  4.5804e-01,  8.7928e-01,
         4.1143e-01,  6.7726e-01,  1.0041e-01,  8.7652e-01,  7.3576e-01,
         4.8407e-01,  9.1839e-01]), tensor([0.6055, 0.2216, 0.8460, 0.7392, 0.6674, 0.2163, 0.7863, 0.0397, 0.1599,
        0.1218, 0.3848, 0.9539, 0.1916, 0.8485, 0.2855, 0.4131, 0.1783, 0.6570,
        1.0685, 0.5850, 0.9092, 0.5644, 0.6133, 0.4897, 0.9810, 0.9815, 0.8094,
        0.9559, 0.8923, 1.0634, 0.8273, 1.1032, 0.7824, 0.8161, 0.9175, 0.8950,
        0.5812, 1.1231, 0.8076, 0.3451, 0.7031, 1.2129, 1.1895, 0.7743, 0.9675,
        0.9648, 0.9945, 1.2392, 0.5755, 0.8430, 1.0503, 0.4495, 0.6037, 0.7894,
        0.6542, 0.8654, 0.4409, 0.6648, 0.5227, 0.9372, 0.9544, 0.1277, 0.0760,
        0.2620, 0.4929, 0.4478, 0.7004, 0.2538, 0.7318, 0.9090, 0.4994, 0.1252])]
Target values: [array([0.5778506 , 0.23939352, 0.83626515, 0.7462256 , 0.77910316,
       0.2649091 , 0.75962484, 0.02463444, 0.04781396, 0.12937951,
       0.33092642, 0.9116711 , 0.14931566, 0.84113044, 0.21692123,
       0.34531343, 0.03887437, 0.45263878], dtype=float32), array([0.96213573, 0.46544507, 0.6846425 , 0.43409458, 0.55641776,
       0.29163042, 0.85557973, 0.8390776 , 0.65769196, 0.7900961 ,
       0.578045  , 0.8417677 , 0.57190746, 0.71435624, 0.5658469 ,
       0.62399   , 0.6198749 , 0.6671056 ], dtype=float32), array([0.22711647, 0.91498566, 0.52996147, 0.12948532, 0.51780254,
       0.85610735, 0.95346546, 0.55726975, 0.75073236, 0.72703534,
       0.69921327, 0.8728059 , 0.48182514, 0.57832706, 0.9491663 ,
       0.31742746, 0.518717  , 0.6464906 ], dtype=float32), array([0.45128736, 0.73709923, 0.30766785, 0.5220161 , 0.40355092,
       0.9071598 , 0.96564525, 0.10552448, 0.07633217, 0.25936916,
       0.2254639 , 0.4372734 , 0.71714455, 0.24636388, 0.7497406 ,
       0.89876264, 0.4993471 , 0.09805249], dtype=float32), array([0.1360485 , 0.06358391, 0.50225437, 0.44401234, 0.6576234 ,
       0.84525365, 0.79497874, 0.46398443, 0.71252435, 0.41493568,
       0.912732  , 0.38285765, 0.659493  , 0.12180944, 0.8524316 ,
       0.73719215, 0.51015127, 0.9215425 ], dtype=float32)]
Prediction values: [array([0.551084  , 0.36339468, 0.27611846, 0.37342933, 0.17783909,
       0.31364313, 0.25855294, 0.38895717, 0.39448693, 0.47595355,
       0.41609296, 0.19427451, 0.59244484, 0.4352715 , 0.17999002,
       0.2232598 , 0.3702174 , 0.7965097 ], dtype=float32), array([0.23241556, 0.42060223, 0.46637097, 0.30745876, 0.1992948 ,
       0.2680473 , 0.3115233 , 0.47637808, 0.4442925 , 0.430363  ,
       0.52269864, 0.3850997 , 0.7330501 , 0.36770585, 0.17898214,
       0.42971614, 0.41934055, 0.30382043], dtype=float32), array([ 0.5689515 ,  0.55944306,  0.21601409,  0.24273127,  0.42352387,
        0.26457822,  0.46151385,  0.44806406,  0.45216745,  0.6492429 ,
        0.36770183, -0.25517732,  0.42575487,  0.4683516 ,  0.4567731 ,
        0.43011612,  0.3124995 ,  0.4052092 ], dtype=float32), array([1.1290656 , 0.8396236 , 0.6956184 , 0.6761302 , 0.72945833,
       0.7303628 , 0.6487105 , 0.51369196, 0.7561759 , 0.5929026 ,
       1.2519449 , 0.6343501 , 0.6177411 , 0.80741394, 0.60554266,
       0.5215809 , 0.5871813 , 0.8039908 ], dtype=float32), array([0.42433703, 0.8377475 , 0.61901927, 0.69041926, 0.7832193 ,
       0.48533684, 0.8024579 , 0.52272284, 0.73350984, 0.70390064,
       0.76754755, 0.74129105, 0.68922526, 0.51696444, 0.6339857 ,
       0.6659173 , 0.72092986, 0.689179  ], dtype=float32)]
Time taken: 999.8774399757385 seconds
