sh: line 1: logger: command not found
/apps/conda/25.3.1/etc/profile.d/conda.sh: line 69: dirname: command not found
/apps/conda/25.3.1/etc/profile.d/conda.sh: line 69: dirname: command not found
/apps/conda/25.3.1/etc/profile.d/mamba.sh: line 59: basename: command not found
Error unknown MAMBA_EXE: "/apps/conda/25.3.1/bin/mamba", filename must be mamba or micromamba
Lmod has detected the following error: This module can only be used on RHEL9 nodes. 
While processing the following module(s):
    Module fullname  Module Filename
    ---------------  ---------------
    gcc/14.2.0       /apps/lmod/modulefiles/core/gcc/14.2.0.lua

pointnet_amygdala_fs_65.py
/blue/stevenweisberg/ashishkumarsahoo/hippocampAI/conda_pyg_070923/lib/python3.8/site-packages/torch/cuda/__init__.py:155: UserWarning: 
NVIDIA B200 with CUDA capability sm_100 is not compatible with the current PyTorch installation.
The current PyTorch install supports CUDA capabilities sm_37 sm_50 sm_60 sm_61 sm_70 sm_75 sm_80 sm_86 compute_37.
If you want to use the NVIDIA B200 GPU with PyTorch, please check the instructions at https://pytorch.org/get-started/locally/

  warnings.warn(incompatible_device_warn.format(device_name, capability, " ".join(arch_list), device_name))
Number of GPUs available for training: 1
Fold 1
Epoch: 00, Training Loss: 0.0705, Train MSE: 0.0705, r (train): 0.2579, Test MSE: 0.0862, r (test): -0.5445
Epoch: 01, Training Loss: 0.0685, Train MSE: 0.0685, r (train): 0.3546, Test MSE: 0.0860, r (test): -0.5010
Epoch: 02, Training Loss: 0.0674, Train MSE: 0.0674, r (train): 0.3984, Test MSE: 0.0851, r (test): -0.4107
Epoch: 03, Training Loss: 0.0666, Train MSE: 0.0666, r (train): 0.4118, Test MSE: 0.0855, r (test): -0.3909
Epoch: 04, Training Loss: 0.0653, Train MSE: 0.0653, r (train): 0.4487, Test MSE: 0.0846, r (test): -0.3213
Epoch: 05, Training Loss: 0.0643, Train MSE: 0.0643, r (train): 0.4744, Test MSE: 0.0846, r (test): -0.2958
Epoch: 06, Training Loss: 0.0634, Train MSE: 0.0634, r (train): 0.4993, Test MSE: 0.0843, r (test): -0.2683
Epoch: 07, Training Loss: 0.0623, Train MSE: 0.0623, r (train): 0.5101, Test MSE: 0.0838, r (test): -0.2172
Epoch: 08, Training Loss: 0.0614, Train MSE: 0.0614, r (train): 0.5377, Test MSE: 0.0833, r (test): -0.1918
Epoch: 09, Training Loss: 0.0600, Train MSE: 0.0600, r (train): 0.5659, Test MSE: 0.0827, r (test): -0.1560
Epoch: 10, Training Loss: 0.0587, Train MSE: 0.0587, r (train): 0.5912, Test MSE: 0.0815, r (test): -0.1053
Epoch: 11, Training Loss: 0.0572, Train MSE: 0.0572, r (train): 0.6230, Test MSE: 0.0812, r (test): -0.0962
Epoch: 12, Training Loss: 0.0561, Train MSE: 0.0561, r (train): 0.6516, Test MSE: 0.0799, r (test): -0.0223
Epoch: 13, Training Loss: 0.0538, Train MSE: 0.0538, r (train): 0.6934, Test MSE: 0.0793, r (test): 0.0027
Epoch: 14, Training Loss: 0.0527, Train MSE: 0.0527, r (train): 0.7141, Test MSE: 0.0770, r (test): 0.0986
Epoch: 15, Training Loss: 0.0498, Train MSE: 0.0498, r (train): 0.7448, Test MSE: 0.0760, r (test): 0.1369
Epoch: 16, Training Loss: 0.0472, Train MSE: 0.0472, r (train): 0.7869, Test MSE: 0.0765, r (test): 0.1260
Epoch: 17, Training Loss: 0.0439, Train MSE: 0.0439, r (train): 0.7950, Test MSE: 0.0747, r (test): 0.1903
Epoch: 18, Training Loss: 0.0410, Train MSE: 0.0410, r (train): 0.8091, Test MSE: 0.0755, r (test): 0.1760
Epoch: 19, Training Loss: 0.0362, Train MSE: 0.0362, r (train): 0.8446, Test MSE: 0.0760, r (test): 0.1644
Epoch: 20, Training Loss: 0.0345, Train MSE: 0.0345, r (train): 0.8471, Test MSE: 0.0810, r (test): 0.0644
Epoch: 21, Training Loss: 0.0293, Train MSE: 0.0293, r (train): 0.8728, Test MSE: 0.0830, r (test): 0.0532
Epoch: 22, Training Loss: 0.0262, Train MSE: 0.0262, r (train): 0.8794, Test MSE: 0.0913, r (test): -0.0377
Epoch: 23, Training Loss: 0.0227, Train MSE: 0.0227, r (train): 0.8965, Test MSE: 0.0903, r (test): 0.0210
Epoch: 24, Training Loss: 0.0191, Train MSE: 0.0191, r (train): 0.8999, Test MSE: 0.0902, r (test): 0.0498
Epoch: 25, Training Loss: 0.0169, Train MSE: 0.0169, r (train): 0.9167, Test MSE: 0.0946, r (test): 0.0698
Epoch: 26, Training Loss: 0.0146, Train MSE: 0.0146, r (train): 0.9234, Test MSE: 0.1018, r (test): 0.0294
Epoch: 27, Training Loss: 0.0145, Train MSE: 0.0145, r (train): 0.9300, Test MSE: 0.1123, r (test): -0.0011
Epoch: 28, Training Loss: 0.0107, Train MSE: 0.0107, r (train): 0.9290, Test MSE: 0.1048, r (test): -0.0033
Epoch: 29, Training Loss: 0.0134, Train MSE: 0.0134, r (train): 0.9248, Test MSE: 0.1004, r (test): 0.0639
Epoch: 30, Training Loss: 0.0135, Train MSE: 0.0135, r (train): 0.9265, Test MSE: 0.1000, r (test): 0.0785
Epoch: 31, Training Loss: 0.0472, Train MSE: 0.0472, r (train): 0.9094, Test MSE: 0.1235, r (test): 0.1091
Epoch: 32, Training Loss: 0.0641, Train MSE: 0.0641, r (train): 0.9272, Test MSE: 0.1614, r (test): -0.0634
Epoch: 33, Training Loss: 0.0129, Train MSE: 0.0129, r (train): 0.9295, Test MSE: 0.1037, r (test): 0.0352
Epoch: 34, Training Loss: 0.0109, Train MSE: 0.0109, r (train): 0.9264, Test MSE: 0.1032, r (test): 0.0675
Epoch: 35, Training Loss: 0.0162, Train MSE: 0.0162, r (train): 0.9023, Test MSE: 0.0964, r (test): 0.0883
Epoch: 36, Training Loss: 0.0353, Train MSE: 0.0353, r (train): 0.9039, Test MSE: 0.1109, r (test): 0.0943
Epoch: 37, Training Loss: 0.0182, Train MSE: 0.0182, r (train): 0.9253, Test MSE: 0.1020, r (test): 0.1225
Epoch: 38, Training Loss: 0.0249, Train MSE: 0.0249, r (train): 0.8972, Test MSE: 0.1003, r (test): 0.1438
Epoch: 39, Training Loss: 0.0229, Train MSE: 0.0229, r (train): 0.8786, Test MSE: 0.0822, r (test): 0.2851
Epoch: 40, Training Loss: 0.0165, Train MSE: 0.0165, r (train): 0.8991, Test MSE: 0.0807, r (test): 0.2381
Epoch: 41, Training Loss: 0.0218, Train MSE: 0.0218, r (train): 0.9026, Test MSE: 0.0927, r (test): 0.1716
Epoch: 42, Training Loss: 0.0128, Train MSE: 0.0128, r (train): 0.9154, Test MSE: 0.0932, r (test): 0.0584
Epoch: 43, Training Loss: 0.0167, Train MSE: 0.0167, r (train): 0.9151, Test MSE: 0.0982, r (test): 0.0448
Epoch: 44, Training Loss: 0.0258, Train MSE: 0.0258, r (train): 0.8964, Test MSE: 0.1050, r (test): 0.0310
Epoch: 45, Training Loss: 0.0232, Train MSE: 0.0232, r (train): 0.8962, Test MSE: 0.0891, r (test): 0.1979
Epoch: 46, Training Loss: 0.0160, Train MSE: 0.0160, r (train): 0.8835, Test MSE: 0.0794, r (test): 0.2540
Epoch: 47, Training Loss: 0.0177, Train MSE: 0.0177, r (train): 0.8844, Test MSE: 0.0871, r (test): 0.1324
Epoch: 48, Training Loss: 0.0125, Train MSE: 0.0125, r (train): 0.9154, Test MSE: 0.0980, r (test): -0.0173
Epoch: 49, Training Loss: 0.0218, Train MSE: 0.0218, r (train): 0.9118, Test MSE: 0.1100, r (test): -0.0749
Epoch: 50, Training Loss: 0.0216, Train MSE: 0.0216, r (train): 0.9107, Test MSE: 0.0984, r (test): 0.0813
Epoch: 51, Training Loss: 0.0232, Train MSE: 0.0232, r (train): 0.8858, Test MSE: 0.0985, r (test): 0.1149
Epoch: 52, Training Loss: 0.0184, Train MSE: 0.0184, r (train): 0.8850, Test MSE: 0.0931, r (test): 0.1007
Epoch: 53, Training Loss: 0.0271, Train MSE: 0.0271, r (train): 0.8816, Test MSE: 0.1052, r (test): 0.0068
Epoch: 54, Training Loss: 0.0511, Train MSE: 0.0511, r (train): 0.8738, Test MSE: 0.1392, r (test): -0.1384
Epoch: 55, Training Loss: 0.0623, Train MSE: 0.0623, r (train): 0.8811, Test MSE: 0.1400, r (test): -0.0813
Epoch: 56, Training Loss: 0.0386, Train MSE: 0.0386, r (train): 0.8987, Test MSE: 0.1132, r (test): 0.0849
Epoch: 57, Training Loss: 0.0380, Train MSE: 0.0380, r (train): 0.8829, Test MSE: 0.1097, r (test): 0.1001
Epoch: 58, Training Loss: 0.0157, Train MSE: 0.0157, r (train): 0.8966, Test MSE: 0.1068, r (test): -0.0311
Epoch: 59, Training Loss: 0.0219, Train MSE: 0.0219, r (train): 0.8791, Test MSE: 0.1194, r (test): -0.1085
Epoch: 60, Training Loss: 0.0244, Train MSE: 0.0244, r (train): 0.8865, Test MSE: 0.1193, r (test): -0.0713
Epoch: 61, Training Loss: 0.0233, Train MSE: 0.0233, r (train): 0.8854, Test MSE: 0.1119, r (test): -0.0606
Epoch: 62, Training Loss: 0.0173, Train MSE: 0.0173, r (train): 0.8771, Test MSE: 0.1074, r (test): -0.0192
Epoch: 63, Training Loss: 0.0254, Train MSE: 0.0254, r (train): 0.8849, Test MSE: 0.1004, r (test): 0.1717
Epoch: 64, Training Loss: 0.0204, Train MSE: 0.0204, r (train): 0.8936, Test MSE: 0.1076, r (test): -0.0085
Epoch: 65, Training Loss: 0.0196, Train MSE: 0.0196, r (train): 0.8829, Test MSE: 0.1059, r (test): -0.0288
Epoch: 66, Training Loss: 0.0215, Train MSE: 0.0215, r (train): 0.8848, Test MSE: 0.0933, r (test): 0.1530
Epoch: 67, Training Loss: 0.0245, Train MSE: 0.0245, r (train): 0.8656, Test MSE: 0.1013, r (test): 0.0865
Epoch: 68, Training Loss: 0.0360, Train MSE: 0.0360, r (train): 0.8882, Test MSE: 0.1187, r (test): 0.0521
Epoch: 69, Training Loss: 0.0230, Train MSE: 0.0230, r (train): 0.9004, Test MSE: 0.1126, r (test): -0.0062
Epoch: 70, Training Loss: 0.0289, Train MSE: 0.0289, r (train): 0.8697, Test MSE: 0.1227, r (test): 0.0186
Epoch: 71, Training Loss: 0.0303, Train MSE: 0.0303, r (train): 0.8796, Test MSE: 0.1119, r (test): 0.0772
Epoch: 72, Training Loss: 0.0264, Train MSE: 0.0264, r (train): 0.8777, Test MSE: 0.1094, r (test): 0.0576
Epoch: 73, Training Loss: 0.0248, Train MSE: 0.0248, r (train): 0.8633, Test MSE: 0.1135, r (test): 0.0071
Epoch: 74, Training Loss: 0.0339, Train MSE: 0.0339, r (train): 0.8481, Test MSE: 0.1212, r (test): 0.0256
Epoch: 75, Training Loss: 0.0301, Train MSE: 0.0301, r (train): 0.8566, Test MSE: 0.1407, r (test): -0.1460
Epoch: 76, Training Loss: 0.0325, Train MSE: 0.0325, r (train): 0.8605, Test MSE: 0.1456, r (test): -0.1947
Epoch: 77, Training Loss: 0.0391, Train MSE: 0.0391, r (train): 0.8349, Test MSE: 0.1259, r (test): -0.0651
Epoch: 78, Training Loss: 0.0321, Train MSE: 0.0321, r (train): 0.8505, Test MSE: 0.1453, r (test): -0.1773
Epoch: 79, Training Loss: 0.0348, Train MSE: 0.0348, r (train): 0.8682, Test MSE: 0.1267, r (test): -0.0919
Epoch: 80, Training Loss: 0.0320, Train MSE: 0.0320, r (train): 0.8422, Test MSE: 0.1205, r (test): -0.1451
Epoch: 81, Training Loss: 0.0193, Train MSE: 0.0193, r (train): 0.8896, Test MSE: 0.1312, r (test): -0.2684
Epoch: 82, Training Loss: 0.0289, Train MSE: 0.0289, r (train): 0.8744, Test MSE: 0.1307, r (test): -0.2016
Epoch: 83, Training Loss: 0.0457, Train MSE: 0.0457, r (train): 0.8671, Test MSE: 0.1268, r (test): 0.0049
Epoch: 84, Training Loss: 0.0566, Train MSE: 0.0566, r (train): 0.8657, Test MSE: 0.1481, r (test): -0.1121
Epoch: 85, Training Loss: 0.0413, Train MSE: 0.0413, r (train): 0.8773, Test MSE: 0.1467, r (test): -0.2147
Epoch: 86, Training Loss: 0.0454, Train MSE: 0.0454, r (train): 0.8517, Test MSE: 0.1378, r (test): -0.0069
Epoch: 87, Training Loss: 0.0795, Train MSE: 0.0795, r (train): 0.8711, Test MSE: 0.1598, r (test): 0.0068
Epoch: 88, Training Loss: 0.0713, Train MSE: 0.0713, r (train): 0.8544, Test MSE: 0.1471, r (test): -0.0517
Epoch: 89, Training Loss: 0.0958, Train MSE: 0.0958, r (train): 0.8631, Test MSE: 0.1999, r (test): -0.1532
Epoch: 90, Training Loss: 0.0773, Train MSE: 0.0773, r (train): 0.8729, Test MSE: 0.1676, r (test): -0.0407
Epoch: 91, Training Loss: 0.0432, Train MSE: 0.0432, r (train): 0.8806, Test MSE: 0.1534, r (test): -0.1746
Epoch: 92, Training Loss: 0.0443, Train MSE: 0.0443, r (train): 0.8949, Test MSE: 0.1454, r (test): -0.0878
Epoch: 93, Training Loss: 0.0511, Train MSE: 0.0511, r (train): 0.8731, Test MSE: 0.1537, r (test): -0.1436
Epoch: 94, Training Loss: 0.0295, Train MSE: 0.0295, r (train): 0.8603, Test MSE: 0.1344, r (test): -0.2279
Epoch: 95, Training Loss: 0.0287, Train MSE: 0.0287, r (train): 0.8603, Test MSE: 0.1332, r (test): -0.2190
Epoch: 96, Training Loss: 0.0352, Train MSE: 0.0352, r (train): 0.8484, Test MSE: 0.1446, r (test): -0.2457
Epoch: 97, Training Loss: 0.0510, Train MSE: 0.0510, r (train): 0.8387, Test MSE: 0.1614, r (test): -0.2455
Epoch: 98, Training Loss: 0.0534, Train MSE: 0.0534, r (train): 0.8991, Test MSE: 0.1684, r (test): -0.3275
Epoch: 99, Training Loss: 0.0467, Train MSE: 0.0467, r (train): 0.8964, Test MSE: 0.1761, r (test): -0.3530
Predicted tensors for training set: 
tensor([ 0.2366,  0.4389,  0.8875,  0.7820,  0.4829,  0.1932,  0.8491,  0.5137,
         0.5395,  0.3514,  0.7257,  0.5017,  0.1847,  0.5136,  0.7399,  0.4243,
        -0.0147,  0.5297,  0.5184,  0.2752, -0.1098,  0.0461,  0.2199, -0.0652,
         0.4288,  0.2492,  0.1115,  0.3785,  0.0247,  0.1150,  0.3973,  0.2356,
         0.3414,  0.1662,  0.4919,  0.6377,  0.3232, -0.2612,  0.2478, -0.1803,
         0.2842,  0.5432, -0.1943,  0.0380,  0.2563,  0.1902,  0.4387,  0.1900,
         0.4888,  0.4843,  0.0635,  0.1976,  0.1519,  0.5738,  0.3616,  0.3702,
         0.6539,  0.7536,  0.3327,  0.8542,  0.5454,  0.6299, -0.0210,  0.7210,
         0.8054,  0.4589,  0.4654,  0.0945,  0.7025,  0.6000,  0.8846,  0.3130])
Target tensorsfor training set: 
tensor([0.2169, 0.4818, 0.9127, 0.9072, 0.5300, 0.2649, 0.9656, 0.6595, 0.7144,
        0.4993, 0.9215, 0.6465, 0.4640, 0.7901, 0.9492, 0.8418, 0.1493, 0.9117,
        0.8561, 0.4373, 0.0981, 0.1055, 0.2916, 0.1295, 0.6846, 0.4036, 0.3174,
        0.5780, 0.2255, 0.2594, 0.6240, 0.5220, 0.6577, 0.4341, 0.6576, 0.9535,
        0.7125, 0.1360, 0.5102, 0.2394, 0.8363, 0.8728, 0.0763, 0.2271, 0.5178,
        0.5573, 0.7497, 0.4440, 0.7371, 0.7171, 0.1294, 0.3829, 0.3077, 0.7270,
        0.5187, 0.5023, 0.7950, 0.8411, 0.4149, 0.9150, 0.6199, 0.6992, 0.0389,
        0.7596, 0.8524, 0.4526, 0.4654, 0.0636, 0.7462, 0.5783, 0.9621, 0.3453])
Correlation for training set: 0.8964250986504734
Predicted tensors for test set: 
tensor([0.2335, 0.6096, 0.1876, 0.1842, 0.4015, 0.3185, 0.3777, 0.5544, 0.1975,
        0.0923, 0.3968, 0.2618, 0.3052, 0.1187, 0.6449, 0.4995, 0.5356, 0.6150])
Target tensors for test set: 
tensor([0.8988, 0.1218, 0.7507, 0.6671, 0.8453, 0.5779, 0.2464, 0.5719, 0.5564,
        0.4513, 0.0478, 0.7791, 0.8391, 0.5658, 0.7372, 0.8556, 0.3309, 0.0246])
Correlation for test set: -0.35301026823184584
Fold 2
Epoch: 00, Training Loss: 0.0724, Train MSE: 0.0724, r (train): 0.0477, Test MSE: 0.0700, r (test): 0.5765
Epoch: 01, Training Loss: 0.0707, Train MSE: 0.0707, r (train): 0.2305, Test MSE: 0.0689, r (test): 0.5852
Epoch: 02, Training Loss: 0.0704, Train MSE: 0.0704, r (train): 0.3077, Test MSE: 0.0684, r (test): 0.5552
Epoch: 03, Training Loss: 0.0693, Train MSE: 0.0693, r (train): 0.4021, Test MSE: 0.0680, r (test): 0.5348
Epoch: 04, Training Loss: 0.0683, Train MSE: 0.0683, r (train): 0.4920, Test MSE: 0.0676, r (test): 0.5289
Epoch: 05, Training Loss: 0.0659, Train MSE: 0.0659, r (train): 0.5983, Test MSE: 0.0698, r (test): 0.4434
Epoch: 06, Training Loss: 0.0647, Train MSE: 0.0647, r (train): 0.6611, Test MSE: 0.0688, r (test): 0.3966
Epoch: 07, Training Loss: 0.0630, Train MSE: 0.0630, r (train): 0.7016, Test MSE: 0.0698, r (test): 0.3152
Epoch: 08, Training Loss: 0.0607, Train MSE: 0.0607, r (train): 0.7401, Test MSE: 0.0703, r (test): 0.2869
Epoch: 09, Training Loss: 0.0587, Train MSE: 0.0587, r (train): 0.7444, Test MSE: 0.0707, r (test): 0.2400
Epoch: 10, Training Loss: 0.0540, Train MSE: 0.0540, r (train): 0.7864, Test MSE: 0.0714, r (test): 0.2464
Epoch: 11, Training Loss: 0.0524, Train MSE: 0.0524, r (train): 0.8007, Test MSE: 0.0692, r (test): 0.2216
Epoch: 12, Training Loss: 0.0466, Train MSE: 0.0466, r (train): 0.8225, Test MSE: 0.0688, r (test): 0.2464
Epoch: 13, Training Loss: 0.0439, Train MSE: 0.0439, r (train): 0.8287, Test MSE: 0.0677, r (test): 0.1982
Epoch: 14, Training Loss: 0.0386, Train MSE: 0.0386, r (train): 0.8338, Test MSE: 0.0693, r (test): 0.1706
Epoch: 15, Training Loss: 0.0366, Train MSE: 0.0366, r (train): 0.8248, Test MSE: 0.0707, r (test): 0.1410
Epoch: 16, Training Loss: 0.0307, Train MSE: 0.0307, r (train): 0.8439, Test MSE: 0.0708, r (test): 0.1575
Epoch: 17, Training Loss: 0.0249, Train MSE: 0.0249, r (train): 0.8734, Test MSE: 0.0722, r (test): 0.1835
Epoch: 18, Training Loss: 0.0255, Train MSE: 0.0255, r (train): 0.8756, Test MSE: 0.0734, r (test): 0.1224
Epoch: 19, Training Loss: 0.0320, Train MSE: 0.0320, r (train): 0.8824, Test MSE: 0.0723, r (test): 0.1329
Epoch: 20, Training Loss: 0.0382, Train MSE: 0.0382, r (train): 0.8917, Test MSE: 0.0746, r (test): 0.1220
Epoch: 21, Training Loss: 0.0524, Train MSE: 0.0524, r (train): 0.8903, Test MSE: 0.0769, r (test): 0.1406
Epoch: 22, Training Loss: 0.0506, Train MSE: 0.0506, r (train): 0.8953, Test MSE: 0.0790, r (test): 0.1188
Epoch: 23, Training Loss: 0.0287, Train MSE: 0.0287, r (train): 0.8878, Test MSE: 0.0742, r (test): 0.0920
Epoch: 24, Training Loss: 0.0155, Train MSE: 0.0155, r (train): 0.8820, Test MSE: 0.0800, r (test): 0.2868
Epoch: 25, Training Loss: 0.0185, Train MSE: 0.0185, r (train): 0.8684, Test MSE: 0.0744, r (test): 0.2962
Epoch: 26, Training Loss: 0.0126, Train MSE: 0.0126, r (train): 0.9051, Test MSE: 0.0832, r (test): 0.1635
Epoch: 27, Training Loss: 0.0192, Train MSE: 0.0192, r (train): 0.9085, Test MSE: 0.1064, r (test): 0.1060
Epoch: 28, Training Loss: 0.0391, Train MSE: 0.0391, r (train): 0.9001, Test MSE: 0.1388, r (test): 0.1096
Epoch: 29, Training Loss: 0.0284, Train MSE: 0.0284, r (train): 0.8967, Test MSE: 0.1253, r (test): 0.0533
Epoch: 30, Training Loss: 0.0152, Train MSE: 0.0152, r (train): 0.9102, Test MSE: 0.0785, r (test): 0.2029
Epoch: 31, Training Loss: 0.0180, Train MSE: 0.0180, r (train): 0.9026, Test MSE: 0.0782, r (test): 0.1841
Epoch: 32, Training Loss: 0.0205, Train MSE: 0.0205, r (train): 0.8962, Test MSE: 0.0693, r (test): 0.2243
Epoch: 33, Training Loss: 0.0182, Train MSE: 0.0182, r (train): 0.8708, Test MSE: 0.0709, r (test): 0.2732
Epoch: 34, Training Loss: 0.0194, Train MSE: 0.0194, r (train): 0.8559, Test MSE: 0.0678, r (test): 0.3744
Epoch: 35, Training Loss: 0.0216, Train MSE: 0.0216, r (train): 0.8367, Test MSE: 0.0724, r (test): 0.3966
Epoch: 36, Training Loss: 0.0183, Train MSE: 0.0183, r (train): 0.8780, Test MSE: 0.0944, r (test): 0.0470
Epoch: 37, Training Loss: 0.0213, Train MSE: 0.0213, r (train): 0.8790, Test MSE: 0.0944, r (test): 0.2341
Epoch: 38, Training Loss: 0.0241, Train MSE: 0.0241, r (train): 0.8879, Test MSE: 0.0596, r (test): 0.3645
Epoch: 39, Training Loss: 0.0568, Train MSE: 0.0568, r (train): 0.8923, Test MSE: 0.0704, r (test): 0.2380
Epoch: 40, Training Loss: 0.0380, Train MSE: 0.0380, r (train): 0.8842, Test MSE: 0.0572, r (test): 0.3984
Epoch: 41, Training Loss: 0.0419, Train MSE: 0.0419, r (train): 0.8716, Test MSE: 0.0575, r (test): 0.3852
Epoch: 42, Training Loss: 0.0433, Train MSE: 0.0433, r (train): 0.8564, Test MSE: 0.0572, r (test): 0.3951
Epoch: 43, Training Loss: 0.0735, Train MSE: 0.0735, r (train): 0.8596, Test MSE: 0.0707, r (test): 0.3632
Epoch: 44, Training Loss: 0.0939, Train MSE: 0.0939, r (train): 0.8752, Test MSE: 0.0760, r (test): 0.3704
Epoch: 45, Training Loss: 0.1264, Train MSE: 0.1264, r (train): 0.8896, Test MSE: 0.0866, r (test): 0.4341
Epoch: 46, Training Loss: 0.1200, Train MSE: 0.1200, r (train): 0.8958, Test MSE: 0.0843, r (test): 0.3874
Epoch: 47, Training Loss: 0.0986, Train MSE: 0.0986, r (train): 0.8870, Test MSE: 0.0727, r (test): 0.4179
Epoch: 48, Training Loss: 0.0592, Train MSE: 0.0592, r (train): 0.8882, Test MSE: 0.0579, r (test): 0.4414
Epoch: 49, Training Loss: 0.0389, Train MSE: 0.0389, r (train): 0.8641, Test MSE: 0.0528, r (test): 0.4675
Epoch: 50, Training Loss: 0.0245, Train MSE: 0.0245, r (train): 0.8715, Test MSE: 0.0523, r (test): 0.4857
Epoch: 51, Training Loss: 0.0142, Train MSE: 0.0142, r (train): 0.8983, Test MSE: 0.0654, r (test): 0.3607
Epoch: 52, Training Loss: 0.0158, Train MSE: 0.0158, r (train): 0.8905, Test MSE: 0.0916, r (test): 0.1653
Epoch: 53, Training Loss: 0.0181, Train MSE: 0.0181, r (train): 0.8976, Test MSE: 0.0926, r (test): 0.3386
Epoch: 54, Training Loss: 0.0211, Train MSE: 0.0211, r (train): 0.8923, Test MSE: 0.0970, r (test): 0.3716
Epoch: 55, Training Loss: 0.0164, Train MSE: 0.0164, r (train): 0.8906, Test MSE: 0.0818, r (test): 0.4525
Epoch: 56, Training Loss: 0.0146, Train MSE: 0.0146, r (train): 0.9092, Test MSE: 0.0651, r (test): 0.3577
Epoch: 57, Training Loss: 0.0674, Train MSE: 0.0674, r (train): 0.9298, Test MSE: 0.0708, r (test): 0.4088
Epoch: 58, Training Loss: 0.0878, Train MSE: 0.0878, r (train): 0.9203, Test MSE: 0.0817, r (test): 0.3057
Epoch: 59, Training Loss: 0.0808, Train MSE: 0.0808, r (train): 0.9206, Test MSE: 0.0720, r (test): 0.3860
Epoch: 60, Training Loss: 0.0334, Train MSE: 0.0334, r (train): 0.9144, Test MSE: 0.0494, r (test): 0.5245
Epoch: 61, Training Loss: 0.0150, Train MSE: 0.0150, r (train): 0.9177, Test MSE: 0.0614, r (test): 0.3599
Epoch: 62, Training Loss: 0.0113, Train MSE: 0.0113, r (train): 0.9201, Test MSE: 0.0633, r (test): 0.4012
Epoch: 63, Training Loss: 0.0125, Train MSE: 0.0125, r (train): 0.9101, Test MSE: 0.0742, r (test): 0.3022
Epoch: 64, Training Loss: 0.0162, Train MSE: 0.0162, r (train): 0.8968, Test MSE: 0.0790, r (test): 0.4330
Epoch: 65, Training Loss: 0.0134, Train MSE: 0.0134, r (train): 0.9031, Test MSE: 0.0710, r (test): 0.3092
Epoch: 66, Training Loss: 0.0394, Train MSE: 0.0394, r (train): 0.9258, Test MSE: 0.0600, r (test): 0.3933
Epoch: 67, Training Loss: 0.0693, Train MSE: 0.0693, r (train): 0.9365, Test MSE: 0.0741, r (test): 0.3657
Epoch: 68, Training Loss: 0.0321, Train MSE: 0.0321, r (train): 0.9328, Test MSE: 0.0498, r (test): 0.5123
Epoch: 69, Training Loss: 0.0122, Train MSE: 0.0122, r (train): 0.9203, Test MSE: 0.0720, r (test): 0.3913
Epoch: 70, Training Loss: 0.0126, Train MSE: 0.0126, r (train): 0.9176, Test MSE: 0.0789, r (test): 0.3013
Epoch: 71, Training Loss: 0.0118, Train MSE: 0.0118, r (train): 0.9273, Test MSE: 0.0779, r (test): 0.3915
Epoch: 72, Training Loss: 0.0132, Train MSE: 0.0132, r (train): 0.9115, Test MSE: 0.0641, r (test): 0.4855
Epoch: 73, Training Loss: 0.0176, Train MSE: 0.0176, r (train): 0.9127, Test MSE: 0.0535, r (test): 0.5012
Epoch: 74, Training Loss: 0.0333, Train MSE: 0.0333, r (train): 0.9227, Test MSE: 0.0497, r (test): 0.5129
Epoch: 75, Training Loss: 0.0427, Train MSE: 0.0427, r (train): 0.9319, Test MSE: 0.0619, r (test): 0.3629
Epoch: 76, Training Loss: 0.0125, Train MSE: 0.0125, r (train): 0.9307, Test MSE: 0.0687, r (test): 0.4115
Epoch: 77, Training Loss: 0.0097, Train MSE: 0.0097, r (train): 0.9363, Test MSE: 0.0735, r (test): 0.4825
Epoch: 78, Training Loss: 0.0127, Train MSE: 0.0127, r (train): 0.9172, Test MSE: 0.0598, r (test): 0.4796
Epoch: 79, Training Loss: 0.0108, Train MSE: 0.0108, r (train): 0.9346, Test MSE: 0.0730, r (test): 0.3627
Epoch: 80, Training Loss: 0.0164, Train MSE: 0.0164, r (train): 0.9194, Test MSE: 0.0877, r (test): 0.4332
Epoch: 81, Training Loss: 0.0110, Train MSE: 0.0110, r (train): 0.9239, Test MSE: 0.0634, r (test): 0.4875
Epoch: 82, Training Loss: 0.0239, Train MSE: 0.0239, r (train): 0.9224, Test MSE: 0.0544, r (test): 0.4543
Epoch: 83, Training Loss: 0.0314, Train MSE: 0.0314, r (train): 0.9224, Test MSE: 0.0548, r (test): 0.4394
Epoch: 84, Training Loss: 0.0164, Train MSE: 0.0164, r (train): 0.9293, Test MSE: 0.0578, r (test): 0.4623
Epoch: 85, Training Loss: 0.0115, Train MSE: 0.0115, r (train): 0.9200, Test MSE: 0.0682, r (test): 0.5636
Epoch: 86, Training Loss: 0.0117, Train MSE: 0.0117, r (train): 0.9185, Test MSE: 0.0629, r (test): 0.5503
Epoch: 87, Training Loss: 0.0132, Train MSE: 0.0132, r (train): 0.9124, Test MSE: 0.0614, r (test): 0.5159
Epoch: 88, Training Loss: 0.0155, Train MSE: 0.0155, r (train): 0.9119, Test MSE: 0.0913, r (test): 0.3793
Epoch: 89, Training Loss: 0.0222, Train MSE: 0.0222, r (train): 0.9287, Test MSE: 0.1061, r (test): 0.3889
Epoch: 90, Training Loss: 0.0270, Train MSE: 0.0270, r (train): 0.9156, Test MSE: 0.1220, r (test): 0.2163
Epoch: 91, Training Loss: 0.0131, Train MSE: 0.0131, r (train): 0.9316, Test MSE: 0.0864, r (test): 0.3255
Epoch: 92, Training Loss: 0.0151, Train MSE: 0.0151, r (train): 0.9478, Test MSE: 0.0766, r (test): 0.3074
Epoch: 93, Training Loss: 0.0092, Train MSE: 0.0092, r (train): 0.9592, Test MSE: 0.0663, r (test): 0.4731
Epoch: 94, Training Loss: 0.0080, Train MSE: 0.0080, r (train): 0.9474, Test MSE: 0.0825, r (test): 0.2871
Epoch: 95, Training Loss: 0.0072, Train MSE: 0.0072, r (train): 0.9479, Test MSE: 0.0664, r (test): 0.4452
Epoch: 96, Training Loss: 0.0160, Train MSE: 0.0160, r (train): 0.9564, Test MSE: 0.0613, r (test): 0.3623
Epoch: 97, Training Loss: 0.0059, Train MSE: 0.0059, r (train): 0.9631, Test MSE: 0.0861, r (test): 0.3441
Epoch: 98, Training Loss: 0.0106, Train MSE: 0.0106, r (train): 0.9622, Test MSE: 0.1011, r (test): 0.2559
Epoch: 99, Training Loss: 0.0093, Train MSE: 0.0093, r (train): 0.9511, Test MSE: 0.0928, r (test): 0.2990
Predicted tensors for training set: 
tensor([ 0.8272,  0.1091,  0.7198,  0.5855,  0.8200,  0.4776,  0.1816,  0.4904,
         0.3640,  0.3209, -0.0716,  0.6063,  0.6448,  0.4584,  0.5824,  0.6700,
         0.2176, -0.2210,  0.7335,  0.3414,  0.0302, -0.0156,  0.2617,  0.0530,
         0.6126,  0.3424,  0.3435,  0.5623,  0.2455,  0.2123,  0.6286,  0.4923,
         0.6828,  0.4703,  0.6938,  0.9880,  0.6807,  0.0771,  0.5228,  0.1037,
         0.7666,  0.7888,  0.0266,  0.0512,  0.4029,  0.4083,  0.6202,  0.3545,
         0.6748,  0.6186,  0.1237,  0.3855,  0.3014,  0.7123,  0.5389,  0.5835,
         0.8342,  0.9664,  0.4981,  0.9979,  0.7892,  0.8583,  0.1634,  0.8583,
         0.9498,  0.5364,  0.5385,  0.1090,  0.7656,  0.5781,  0.9528,  0.3140])
Target tensorsfor training set: 
tensor([0.8988, 0.1218, 0.7507, 0.6671, 0.8453, 0.5779, 0.2464, 0.5719, 0.5564,
        0.4513, 0.0478, 0.7791, 0.8391, 0.5658, 0.7372, 0.8556, 0.3309, 0.0246,
        0.8561, 0.4373, 0.0981, 0.1055, 0.2916, 0.1295, 0.6846, 0.4036, 0.3174,
        0.5780, 0.2255, 0.2594, 0.6240, 0.5220, 0.6577, 0.4341, 0.6576, 0.9535,
        0.7125, 0.1360, 0.5102, 0.2394, 0.8363, 0.8728, 0.0763, 0.2271, 0.5178,
        0.5573, 0.7497, 0.4440, 0.7371, 0.7171, 0.1294, 0.3829, 0.3077, 0.7270,
        0.5187, 0.5023, 0.7950, 0.8411, 0.4149, 0.9150, 0.6199, 0.6992, 0.0389,
        0.7596, 0.8524, 0.4526, 0.4654, 0.0636, 0.7462, 0.5783, 0.9621, 0.3453])
Correlation for training set: 0.9510639996628565
Predicted tensors for test set: 
tensor([0.3316, 0.2534, 0.6862, 0.6422, 0.5191, 0.4876, 0.4827, 0.3102, 0.3781,
        0.4785, 0.5925, 0.5439, 0.5624, 0.5895, 0.4028, 0.3261, 0.5326, 0.6217])
Target tensors for test set: 
tensor([0.2169, 0.4818, 0.9127, 0.9072, 0.5300, 0.2649, 0.9656, 0.6595, 0.7144,
        0.4993, 0.9215, 0.6465, 0.4640, 0.7901, 0.9492, 0.8418, 0.1493, 0.9117])
Correlation for test set: 0.29902497760132235
Fold 3
Epoch: 00, Training Loss: 0.0709, Train MSE: 0.0709, r (train): 0.2202, Test MSE: 0.0736, r (test): 0.1884
Epoch: 01, Training Loss: 0.0693, Train MSE: 0.0693, r (train): 0.3491, Test MSE: 0.0721, r (test): 0.1457
Epoch: 02, Training Loss: 0.0677, Train MSE: 0.0677, r (train): 0.4276, Test MSE: 0.0703, r (test): 0.1435
Epoch: 03, Training Loss: 0.0663, Train MSE: 0.0663, r (train): 0.4683, Test MSE: 0.0710, r (test): 0.0801
Epoch: 04, Training Loss: 0.0648, Train MSE: 0.0648, r (train): 0.5020, Test MSE: 0.0711, r (test): 0.0600
Epoch: 05, Training Loss: 0.0635, Train MSE: 0.0635, r (train): 0.5182, Test MSE: 0.0725, r (test): 0.0543
Epoch: 06, Training Loss: 0.0623, Train MSE: 0.0623, r (train): 0.5367, Test MSE: 0.0724, r (test): 0.0556
Epoch: 07, Training Loss: 0.0610, Train MSE: 0.0610, r (train): 0.5685, Test MSE: 0.0741, r (test): 0.0736
Epoch: 08, Training Loss: 0.0589, Train MSE: 0.0589, r (train): 0.6000, Test MSE: 0.0739, r (test): 0.0956
Epoch: 09, Training Loss: 0.0568, Train MSE: 0.0568, r (train): 0.6433, Test MSE: 0.0756, r (test): 0.0475
Epoch: 10, Training Loss: 0.0549, Train MSE: 0.0549, r (train): 0.6569, Test MSE: 0.0776, r (test): 0.0647
Epoch: 11, Training Loss: 0.0527, Train MSE: 0.0527, r (train): 0.6826, Test MSE: 0.0765, r (test): 0.1377
Epoch: 12, Training Loss: 0.0506, Train MSE: 0.0506, r (train): 0.7118, Test MSE: 0.0790, r (test): 0.0942
Epoch: 13, Training Loss: 0.0489, Train MSE: 0.0489, r (train): 0.7300, Test MSE: 0.0837, r (test): 0.0200
Epoch: 14, Training Loss: 0.0447, Train MSE: 0.0447, r (train): 0.7733, Test MSE: 0.0841, r (test): 0.0907
Epoch: 15, Training Loss: 0.0402, Train MSE: 0.0402, r (train): 0.7953, Test MSE: 0.0793, r (test): 0.1575
Epoch: 16, Training Loss: 0.0355, Train MSE: 0.0355, r (train): 0.8143, Test MSE: 0.0774, r (test): 0.0788
Epoch: 17, Training Loss: 0.0275, Train MSE: 0.0275, r (train): 0.8569, Test MSE: 0.0670, r (test): 0.2188
Epoch: 18, Training Loss: 0.0223, Train MSE: 0.0223, r (train): 0.8878, Test MSE: 0.0620, r (test): 0.2505
Epoch: 19, Training Loss: 0.0197, Train MSE: 0.0197, r (train): 0.8980, Test MSE: 0.0636, r (test): 0.1813
Epoch: 20, Training Loss: 0.0177, Train MSE: 0.0177, r (train): 0.9171, Test MSE: 0.0659, r (test): 0.0840
Epoch: 21, Training Loss: 0.0190, Train MSE: 0.0190, r (train): 0.9056, Test MSE: 0.0676, r (test): 0.0582
Epoch: 22, Training Loss: 0.0203, Train MSE: 0.0203, r (train): 0.9008, Test MSE: 0.0671, r (test): 0.0671
Epoch: 23, Training Loss: 0.0146, Train MSE: 0.0146, r (train): 0.9148, Test MSE: 0.0618, r (test): 0.2162
Epoch: 24, Training Loss: 0.0141, Train MSE: 0.0141, r (train): 0.9001, Test MSE: 0.0684, r (test): 0.1050
Epoch: 25, Training Loss: 0.0263, Train MSE: 0.0263, r (train): 0.8803, Test MSE: 0.0775, r (test): -0.1692
Epoch: 26, Training Loss: 0.0242, Train MSE: 0.0242, r (train): 0.8708, Test MSE: 0.0762, r (test): -0.1219
Epoch: 27, Training Loss: 0.0241, Train MSE: 0.0241, r (train): 0.9041, Test MSE: 0.0923, r (test): 0.2712
Epoch: 28, Training Loss: 0.0337, Train MSE: 0.0337, r (train): 0.8982, Test MSE: 0.1167, r (test): 0.2633
Epoch: 29, Training Loss: 0.0364, Train MSE: 0.0364, r (train): 0.8990, Test MSE: 0.1109, r (test): 0.2778
Epoch: 30, Training Loss: 0.0408, Train MSE: 0.0408, r (train): 0.8900, Test MSE: 0.1192, r (test): 0.2903
Epoch: 31, Training Loss: 0.0090, Train MSE: 0.0090, r (train): 0.9418, Test MSE: 0.0718, r (test): 0.2933
Epoch: 32, Training Loss: 0.0085, Train MSE: 0.0085, r (train): 0.9647, Test MSE: 0.0667, r (test): 0.1868
Epoch: 33, Training Loss: 0.0142, Train MSE: 0.0142, r (train): 0.9582, Test MSE: 0.0717, r (test): 0.1141
Epoch: 34, Training Loss: 0.0094, Train MSE: 0.0094, r (train): 0.9585, Test MSE: 0.0676, r (test): 0.1345
Epoch: 35, Training Loss: 0.0110, Train MSE: 0.0110, r (train): 0.9374, Test MSE: 0.0862, r (test): 0.1617
Epoch: 36, Training Loss: 0.0148, Train MSE: 0.0148, r (train): 0.9240, Test MSE: 0.0742, r (test): 0.3841
Epoch: 37, Training Loss: 0.0108, Train MSE: 0.0108, r (train): 0.9227, Test MSE: 0.0649, r (test): 0.2916
Epoch: 38, Training Loss: 0.0286, Train MSE: 0.0286, r (train): 0.9359, Test MSE: 0.0704, r (test): 0.1794
Epoch: 39, Training Loss: 0.0230, Train MSE: 0.0230, r (train): 0.9601, Test MSE: 0.0631, r (test): 0.2160
Epoch: 40, Training Loss: 0.0306, Train MSE: 0.0306, r (train): 0.9424, Test MSE: 0.0650, r (test): 0.2049
Epoch: 41, Training Loss: 0.0193, Train MSE: 0.0193, r (train): 0.9325, Test MSE: 0.0745, r (test): 0.0277
Epoch: 42, Training Loss: 0.0084, Train MSE: 0.0084, r (train): 0.9445, Test MSE: 0.0612, r (test): 0.3705
Epoch: 43, Training Loss: 0.0127, Train MSE: 0.0127, r (train): 0.9372, Test MSE: 0.0719, r (test): 0.3405
Epoch: 44, Training Loss: 0.0150, Train MSE: 0.0150, r (train): 0.9247, Test MSE: 0.0607, r (test): 0.2371
Epoch: 45, Training Loss: 0.0394, Train MSE: 0.0394, r (train): 0.9514, Test MSE: 0.0770, r (test): 0.1412
Epoch: 46, Training Loss: 0.0413, Train MSE: 0.0413, r (train): 0.9510, Test MSE: 0.0738, r (test): 0.1403
Epoch: 47, Training Loss: 0.0141, Train MSE: 0.0141, r (train): 0.9602, Test MSE: 0.0686, r (test): 0.1645
Epoch: 48, Training Loss: 0.0081, Train MSE: 0.0081, r (train): 0.9577, Test MSE: 0.0667, r (test): 0.2013
Epoch: 49, Training Loss: 0.0102, Train MSE: 0.0102, r (train): 0.9525, Test MSE: 0.0645, r (test): 0.1930
Epoch: 50, Training Loss: 0.0258, Train MSE: 0.0258, r (train): 0.9511, Test MSE: 0.0686, r (test): 0.1517
Epoch: 51, Training Loss: 0.0212, Train MSE: 0.0212, r (train): 0.9419, Test MSE: 0.0690, r (test): 0.1001
Epoch: 52, Training Loss: 0.0094, Train MSE: 0.0094, r (train): 0.9379, Test MSE: 0.0743, r (test): 0.0546
Epoch: 53, Training Loss: 0.0173, Train MSE: 0.0173, r (train): 0.9345, Test MSE: 0.0920, r (test): 0.1315
Epoch: 54, Training Loss: 0.0268, Train MSE: 0.0268, r (train): 0.9367, Test MSE: 0.0931, r (test): 0.3172
Epoch: 55, Training Loss: 0.0219, Train MSE: 0.0219, r (train): 0.9273, Test MSE: 0.0871, r (test): 0.3786
Epoch: 56, Training Loss: 0.0106, Train MSE: 0.0106, r (train): 0.9304, Test MSE: 0.0763, r (test): 0.2873
Epoch: 57, Training Loss: 0.0104, Train MSE: 0.0104, r (train): 0.9302, Test MSE: 0.0669, r (test): 0.2661
Epoch: 58, Training Loss: 0.0134, Train MSE: 0.0134, r (train): 0.9240, Test MSE: 0.0789, r (test): 0.3130
Epoch: 59, Training Loss: 0.0235, Train MSE: 0.0235, r (train): 0.9019, Test MSE: 0.0970, r (test): 0.2952
Epoch: 60, Training Loss: 0.0394, Train MSE: 0.0394, r (train): 0.8943, Test MSE: 0.1123, r (test): 0.3802
Epoch: 61, Training Loss: 0.0143, Train MSE: 0.0143, r (train): 0.9096, Test MSE: 0.0650, r (test): 0.3680
Epoch: 62, Training Loss: 0.0091, Train MSE: 0.0091, r (train): 0.9465, Test MSE: 0.0593, r (test): 0.3503
Epoch: 63, Training Loss: 0.0151, Train MSE: 0.0151, r (train): 0.9415, Test MSE: 0.0560, r (test): 0.3191
Epoch: 64, Training Loss: 0.0254, Train MSE: 0.0254, r (train): 0.9309, Test MSE: 0.0598, r (test): 0.2945
Epoch: 65, Training Loss: 0.0193, Train MSE: 0.0193, r (train): 0.9338, Test MSE: 0.0673, r (test): 0.1866
Epoch: 66, Training Loss: 0.0388, Train MSE: 0.0388, r (train): 0.9108, Test MSE: 0.0732, r (test): 0.1591
Epoch: 67, Training Loss: 0.0760, Train MSE: 0.0760, r (train): 0.9215, Test MSE: 0.0892, r (test): 0.2098
Epoch: 68, Training Loss: 0.0748, Train MSE: 0.0748, r (train): 0.9389, Test MSE: 0.0956, r (test): 0.0995
Epoch: 69, Training Loss: 0.0590, Train MSE: 0.0590, r (train): 0.9394, Test MSE: 0.0922, r (test): 0.0716
Epoch: 70, Training Loss: 0.0167, Train MSE: 0.0167, r (train): 0.9426, Test MSE: 0.0676, r (test): 0.1653
Epoch: 71, Training Loss: 0.0090, Train MSE: 0.0090, r (train): 0.9419, Test MSE: 0.0689, r (test): 0.1570
Epoch: 72, Training Loss: 0.0097, Train MSE: 0.0097, r (train): 0.9413, Test MSE: 0.0645, r (test): 0.1995
Epoch: 73, Training Loss: 0.0123, Train MSE: 0.0123, r (train): 0.9173, Test MSE: 0.0744, r (test): 0.1962
Epoch: 74, Training Loss: 0.0138, Train MSE: 0.0138, r (train): 0.9178, Test MSE: 0.0873, r (test): 0.1045
Epoch: 75, Training Loss: 0.0228, Train MSE: 0.0228, r (train): 0.9177, Test MSE: 0.1029, r (test): 0.1152
Epoch: 76, Training Loss: 0.0214, Train MSE: 0.0214, r (train): 0.8951, Test MSE: 0.0919, r (test): 0.2313
Epoch: 77, Training Loss: 0.0148, Train MSE: 0.0148, r (train): 0.9143, Test MSE: 0.0588, r (test): 0.2957
Epoch: 78, Training Loss: 0.0276, Train MSE: 0.0276, r (train): 0.9130, Test MSE: 0.0674, r (test): 0.2057
Epoch: 79, Training Loss: 0.0733, Train MSE: 0.0733, r (train): 0.9246, Test MSE: 0.1036, r (test): 0.0754
Epoch: 80, Training Loss: 0.0685, Train MSE: 0.0685, r (train): 0.9348, Test MSE: 0.1088, r (test): -0.0270
Epoch: 81, Training Loss: 0.0524, Train MSE: 0.0524, r (train): 0.9151, Test MSE: 0.1075, r (test): -0.0605
Epoch: 82, Training Loss: 0.0475, Train MSE: 0.0475, r (train): 0.9414, Test MSE: 0.0823, r (test): 0.0948
Epoch: 83, Training Loss: 0.0101, Train MSE: 0.0101, r (train): 0.9404, Test MSE: 0.0654, r (test): 0.1733
Epoch: 84, Training Loss: 0.0100, Train MSE: 0.0100, r (train): 0.9389, Test MSE: 0.0693, r (test): 0.1385
Epoch: 85, Training Loss: 0.0095, Train MSE: 0.0095, r (train): 0.9406, Test MSE: 0.0769, r (test): 0.1757
Epoch: 86, Training Loss: 0.0126, Train MSE: 0.0126, r (train): 0.9373, Test MSE: 0.0862, r (test): 0.1994
Epoch: 87, Training Loss: 0.0114, Train MSE: 0.0114, r (train): 0.9202, Test MSE: 0.0750, r (test): 0.2390
Epoch: 88, Training Loss: 0.0125, Train MSE: 0.0125, r (train): 0.9254, Test MSE: 0.0796, r (test): 0.0751
Epoch: 89, Training Loss: 0.0476, Train MSE: 0.0476, r (train): 0.9384, Test MSE: 0.0826, r (test): 0.0279
Epoch: 90, Training Loss: 0.0523, Train MSE: 0.0523, r (train): 0.9461, Test MSE: 0.0912, r (test): 0.0135
Epoch: 91, Training Loss: 0.0281, Train MSE: 0.0281, r (train): 0.9407, Test MSE: 0.0955, r (test): -0.1179
Epoch: 92, Training Loss: 0.0072, Train MSE: 0.0072, r (train): 0.9538, Test MSE: 0.0858, r (test): 0.0363
Epoch: 93, Training Loss: 0.0112, Train MSE: 0.0112, r (train): 0.9494, Test MSE: 0.0889, r (test): 0.0744
Epoch: 94, Training Loss: 0.0081, Train MSE: 0.0081, r (train): 0.9556, Test MSE: 0.0802, r (test): 0.0597
Epoch: 95, Training Loss: 0.0150, Train MSE: 0.0150, r (train): 0.9593, Test MSE: 0.0650, r (test): 0.1415
Epoch: 96, Training Loss: 0.0348, Train MSE: 0.0348, r (train): 0.9443, Test MSE: 0.0797, r (test): -0.0548
Epoch: 97, Training Loss: 0.0312, Train MSE: 0.0312, r (train): 0.9402, Test MSE: 0.0849, r (test): 0.0361
Epoch: 98, Training Loss: 0.0099, Train MSE: 0.0099, r (train): 0.9527, Test MSE: 0.0822, r (test): 0.0195
Epoch: 99, Training Loss: 0.0067, Train MSE: 0.0067, r (train): 0.9647, Test MSE: 0.0862, r (test): 0.0588
Predicted tensors for training set: 
tensor([ 1.0930,  0.2040,  0.9064,  0.7511,  0.9594,  0.7577,  0.3376,  0.6375,
         0.6522,  0.5422,  0.1158,  0.9695,  1.0672,  0.7308,  0.8605,  0.9808,
         0.4090,  0.0635,  0.1883,  0.4944,  0.8909,  0.9398,  0.4896,  0.2263,
         1.0876,  0.6759,  0.7433,  0.3936,  0.8696,  0.5571,  0.3676,  0.7332,
         0.9238,  0.8319, -0.0413,  0.8806,  0.5868,  0.1082,  0.4731,  0.2255,
         0.7102,  0.8568,  0.0034,  0.1654,  0.5585,  0.5346,  0.7283,  0.4471,
         0.7603,  0.7265,  0.0792,  0.3522,  0.2937,  0.7381,  0.5112,  0.5292,
         0.8239,  0.8235,  0.4461,  0.9507,  0.6676,  0.7503, -0.0374,  0.7068,
         0.8468,  0.3997,  0.5121,  0.0416,  0.7383,  0.6255,  0.9417,  0.3958])
Target tensorsfor training set: 
tensor([0.8988, 0.1218, 0.7507, 0.6671, 0.8453, 0.5779, 0.2464, 0.5719, 0.5564,
        0.4513, 0.0478, 0.7791, 0.8391, 0.5658, 0.7372, 0.8556, 0.3309, 0.0246,
        0.2169, 0.4818, 0.9127, 0.9072, 0.5300, 0.2649, 0.9656, 0.6595, 0.7144,
        0.4993, 0.9215, 0.6465, 0.4640, 0.7901, 0.9492, 0.8418, 0.1493, 0.9117,
        0.7125, 0.1360, 0.5102, 0.2394, 0.8363, 0.8728, 0.0763, 0.2271, 0.5178,
        0.5573, 0.7497, 0.4440, 0.7371, 0.7171, 0.1294, 0.3829, 0.3077, 0.7270,
        0.5187, 0.5023, 0.7950, 0.8411, 0.4149, 0.9150, 0.6199, 0.6992, 0.0389,
        0.7596, 0.8524, 0.4526, 0.4654, 0.0636, 0.7462, 0.5783, 0.9621, 0.3453])
Correlation for training set: 0.9647227551233426
Predicted tensors for test set: 
tensor([0.5898, 0.7018, 0.4956, 0.5211, 0.4146, 0.5897, 0.3643, 0.4993, 0.5678,
        0.9663, 0.3797, 0.4113, 0.5422, 0.7691, 0.2388, 0.4336, 0.4605, 0.5081])
Target tensors for test set: 
tensor([0.8561, 0.4373, 0.0981, 0.1055, 0.2916, 0.1295, 0.6846, 0.4036, 0.3174,
        0.5780, 0.2255, 0.2594, 0.6240, 0.5220, 0.6577, 0.4341, 0.6576, 0.9535])
Correlation for test set: 0.05879084056007701
Fold 4
Epoch: 00, Training Loss: 0.0736, Train MSE: 0.0736, r (train): 0.2089, Test MSE: 0.0752, r (test): 0.3182
Epoch: 01, Training Loss: 0.0710, Train MSE: 0.0710, r (train): 0.3181, Test MSE: 0.0718, r (test): 0.3770
Epoch: 02, Training Loss: 0.0696, Train MSE: 0.0696, r (train): 0.3634, Test MSE: 0.0703, r (test): 0.3870
Epoch: 03, Training Loss: 0.0683, Train MSE: 0.0683, r (train): 0.3921, Test MSE: 0.0688, r (test): 0.4076
Epoch: 04, Training Loss: 0.0671, Train MSE: 0.0671, r (train): 0.4172, Test MSE: 0.0668, r (test): 0.4366
Epoch: 05, Training Loss: 0.0662, Train MSE: 0.0662, r (train): 0.4402, Test MSE: 0.0671, r (test): 0.4195
Epoch: 06, Training Loss: 0.0653, Train MSE: 0.0653, r (train): 0.4653, Test MSE: 0.0667, r (test): 0.4246
Epoch: 07, Training Loss: 0.0641, Train MSE: 0.0641, r (train): 0.4953, Test MSE: 0.0655, r (test): 0.4415
Epoch: 08, Training Loss: 0.0630, Train MSE: 0.0630, r (train): 0.5166, Test MSE: 0.0650, r (test): 0.4399
Epoch: 09, Training Loss: 0.0622, Train MSE: 0.0622, r (train): 0.5382, Test MSE: 0.0665, r (test): 0.4219
Epoch: 10, Training Loss: 0.0604, Train MSE: 0.0604, r (train): 0.5655, Test MSE: 0.0650, r (test): 0.4291
Epoch: 11, Training Loss: 0.0600, Train MSE: 0.0600, r (train): 0.5675, Test MSE: 0.0646, r (test): 0.4351
Epoch: 12, Training Loss: 0.0575, Train MSE: 0.0575, r (train): 0.6107, Test MSE: 0.0655, r (test): 0.4298
Epoch: 13, Training Loss: 0.0561, Train MSE: 0.0561, r (train): 0.6308, Test MSE: 0.0641, r (test): 0.4522
Epoch: 14, Training Loss: 0.0541, Train MSE: 0.0541, r (train): 0.6721, Test MSE: 0.0660, r (test): 0.4052
Epoch: 15, Training Loss: 0.0525, Train MSE: 0.0525, r (train): 0.6786, Test MSE: 0.0652, r (test): 0.4209
Epoch: 16, Training Loss: 0.0509, Train MSE: 0.0509, r (train): 0.7012, Test MSE: 0.0654, r (test): 0.4538
Epoch: 17, Training Loss: 0.0495, Train MSE: 0.0495, r (train): 0.7125, Test MSE: 0.0675, r (test): 0.4091
Epoch: 18, Training Loss: 0.0444, Train MSE: 0.0444, r (train): 0.7669, Test MSE: 0.0663, r (test): 0.4511
Epoch: 19, Training Loss: 0.0400, Train MSE: 0.0400, r (train): 0.7964, Test MSE: 0.0654, r (test): 0.4523
Epoch: 20, Training Loss: 0.0357, Train MSE: 0.0357, r (train): 0.8371, Test MSE: 0.0556, r (test): 0.4907
Epoch: 21, Training Loss: 0.0405, Train MSE: 0.0405, r (train): 0.8043, Test MSE: 0.0506, r (test): 0.5972
Epoch: 22, Training Loss: 0.0304, Train MSE: 0.0304, r (train): 0.8369, Test MSE: 0.0517, r (test): 0.5267
Epoch: 23, Training Loss: 0.0247, Train MSE: 0.0247, r (train): 0.8832, Test MSE: 0.0550, r (test): 0.5628
Epoch: 24, Training Loss: 0.0205, Train MSE: 0.0205, r (train): 0.8822, Test MSE: 0.0634, r (test): 0.4166
Epoch: 25, Training Loss: 0.0189, Train MSE: 0.0189, r (train): 0.8966, Test MSE: 0.0550, r (test): 0.5639
Epoch: 26, Training Loss: 0.0134, Train MSE: 0.0134, r (train): 0.9089, Test MSE: 0.0589, r (test): 0.4197
Epoch: 27, Training Loss: 0.0194, Train MSE: 0.0194, r (train): 0.9029, Test MSE: 0.0756, r (test): 0.4131
Epoch: 28, Training Loss: 0.0159, Train MSE: 0.0159, r (train): 0.8913, Test MSE: 0.0529, r (test): 0.4881
Epoch: 29, Training Loss: 0.0178, Train MSE: 0.0178, r (train): 0.8995, Test MSE: 0.0676, r (test): 0.5419
Epoch: 30, Training Loss: 0.0796, Train MSE: 0.0796, r (train): 0.8830, Test MSE: 0.1462, r (test): 0.4867
Epoch: 31, Training Loss: 0.0465, Train MSE: 0.0465, r (train): 0.8831, Test MSE: 0.0997, r (test): 0.4422
Epoch: 32, Training Loss: 0.0808, Train MSE: 0.0808, r (train): 0.8511, Test MSE: 0.1340, r (test): 0.3302
Epoch: 33, Training Loss: 0.0553, Train MSE: 0.0553, r (train): 0.8847, Test MSE: 0.1144, r (test): 0.4870
Epoch: 34, Training Loss: 0.1189, Train MSE: 0.1189, r (train): 0.8795, Test MSE: 0.2283, r (test): 0.4299
Epoch: 35, Training Loss: 0.0529, Train MSE: 0.0529, r (train): 0.9114, Test MSE: 0.1260, r (test): 0.3819
Epoch: 36, Training Loss: 0.0204, Train MSE: 0.0204, r (train): 0.9107, Test MSE: 0.0750, r (test): 0.3455
Epoch: 37, Training Loss: 0.0255, Train MSE: 0.0255, r (train): 0.8985, Test MSE: 0.0792, r (test): 0.3828
Epoch: 38, Training Loss: 0.0417, Train MSE: 0.0417, r (train): 0.9013, Test MSE: 0.0902, r (test): 0.5223
Epoch: 39, Training Loss: 0.0623, Train MSE: 0.0623, r (train): 0.8934, Test MSE: 0.1201, r (test): 0.5032
Epoch: 40, Training Loss: 0.0847, Train MSE: 0.0847, r (train): 0.8841, Test MSE: 0.1314, r (test): 0.5190
Epoch: 41, Training Loss: 0.0837, Train MSE: 0.0837, r (train): 0.8924, Test MSE: 0.1344, r (test): 0.5637
Epoch: 42, Training Loss: 0.0517, Train MSE: 0.0517, r (train): 0.8834, Test MSE: 0.0956, r (test): 0.5629
Epoch: 43, Training Loss: 0.0235, Train MSE: 0.0235, r (train): 0.8882, Test MSE: 0.0705, r (test): 0.4667
Epoch: 44, Training Loss: 0.0311, Train MSE: 0.0311, r (train): 0.8982, Test MSE: 0.0770, r (test): 0.5259
Epoch: 45, Training Loss: 0.0289, Train MSE: 0.0289, r (train): 0.8990, Test MSE: 0.0643, r (test): 0.5768
Epoch: 46, Training Loss: 0.0264, Train MSE: 0.0264, r (train): 0.9010, Test MSE: 0.0533, r (test): 0.6064
Epoch: 47, Training Loss: 0.0321, Train MSE: 0.0321, r (train): 0.8858, Test MSE: 0.0582, r (test): 0.6234
Epoch: 48, Training Loss: 0.0327, Train MSE: 0.0327, r (train): 0.8681, Test MSE: 0.0638, r (test): 0.5308
Epoch: 49, Training Loss: 0.0338, Train MSE: 0.0338, r (train): 0.8505, Test MSE: 0.0709, r (test): 0.5636
Epoch: 50, Training Loss: 0.0379, Train MSE: 0.0379, r (train): 0.8243, Test MSE: 0.0964, r (test): 0.4500
Epoch: 51, Training Loss: 0.0279, Train MSE: 0.0279, r (train): 0.8407, Test MSE: 0.0524, r (test): 0.4892
Epoch: 52, Training Loss: 0.0468, Train MSE: 0.0468, r (train): 0.8634, Test MSE: 0.0557, r (test): 0.4403
Epoch: 53, Training Loss: 0.0561, Train MSE: 0.0561, r (train): 0.8738, Test MSE: 0.0587, r (test): 0.4957
Epoch: 54, Training Loss: 0.0810, Train MSE: 0.0810, r (train): 0.8937, Test MSE: 0.0680, r (test): 0.5220
Epoch: 55, Training Loss: 0.0854, Train MSE: 0.0854, r (train): 0.8812, Test MSE: 0.0637, r (test): 0.5612
Epoch: 56, Training Loss: 0.0437, Train MSE: 0.0437, r (train): 0.8803, Test MSE: 0.0400, r (test): 0.6400
Epoch: 57, Training Loss: 0.0186, Train MSE: 0.0186, r (train): 0.8742, Test MSE: 0.0506, r (test): 0.5674
Epoch: 58, Training Loss: 0.0174, Train MSE: 0.0174, r (train): 0.8759, Test MSE: 0.0573, r (test): 0.5377
Epoch: 59, Training Loss: 0.0188, Train MSE: 0.0188, r (train): 0.8927, Test MSE: 0.0675, r (test): 0.4741
Epoch: 60, Training Loss: 0.0378, Train MSE: 0.0378, r (train): 0.8880, Test MSE: 0.1144, r (test): 0.3302
Epoch: 61, Training Loss: 0.0414, Train MSE: 0.0414, r (train): 0.8974, Test MSE: 0.1188, r (test): 0.3893
Epoch: 62, Training Loss: 0.0363, Train MSE: 0.0363, r (train): 0.9165, Test MSE: 0.1142, r (test): 0.3881
Epoch: 63, Training Loss: 0.0253, Train MSE: 0.0253, r (train): 0.9238, Test MSE: 0.0885, r (test): 0.4938
Epoch: 64, Training Loss: 0.0141, Train MSE: 0.0141, r (train): 0.9156, Test MSE: 0.0575, r (test): 0.6671
Epoch: 65, Training Loss: 0.0367, Train MSE: 0.0367, r (train): 0.9219, Test MSE: 0.0531, r (test): 0.4999
Epoch: 66, Training Loss: 0.0542, Train MSE: 0.0542, r (train): 0.9155, Test MSE: 0.0695, r (test): 0.2935
Epoch: 67, Training Loss: 0.0291, Train MSE: 0.0291, r (train): 0.9238, Test MSE: 0.0473, r (test): 0.5217
Epoch: 68, Training Loss: 0.0111, Train MSE: 0.0111, r (train): 0.9215, Test MSE: 0.0548, r (test): 0.5844
Epoch: 69, Training Loss: 0.0173, Train MSE: 0.0173, r (train): 0.9385, Test MSE: 0.0882, r (test): 0.4756
Epoch: 70, Training Loss: 0.0211, Train MSE: 0.0211, r (train): 0.9384, Test MSE: 0.0920, r (test): 0.3829
Epoch: 71, Training Loss: 0.0109, Train MSE: 0.0109, r (train): 0.9454, Test MSE: 0.0661, r (test): 0.4884
Epoch: 72, Training Loss: 0.0150, Train MSE: 0.0150, r (train): 0.9316, Test MSE: 0.0577, r (test): 0.3374
Epoch: 73, Training Loss: 0.0544, Train MSE: 0.0544, r (train): 0.9315, Test MSE: 0.0787, r (test): 0.1273
Epoch: 74, Training Loss: 0.0389, Train MSE: 0.0389, r (train): 0.9191, Test MSE: 0.0647, r (test): 0.3115
Epoch: 75, Training Loss: 0.0060, Train MSE: 0.0060, r (train): 0.9624, Test MSE: 0.0639, r (test): 0.4932
Epoch: 76, Training Loss: 0.0099, Train MSE: 0.0099, r (train): 0.9662, Test MSE: 0.0794, r (test): 0.4650
Epoch: 77, Training Loss: 0.0056, Train MSE: 0.0056, r (train): 0.9661, Test MSE: 0.0765, r (test): 0.2904
Epoch: 78, Training Loss: 0.0068, Train MSE: 0.0068, r (train): 0.9667, Test MSE: 0.0618, r (test): 0.3590
Epoch: 79, Training Loss: 0.0171, Train MSE: 0.0171, r (train): 0.9416, Test MSE: 0.0556, r (test): 0.3802
Epoch: 80, Training Loss: 0.0363, Train MSE: 0.0363, r (train): 0.9452, Test MSE: 0.0571, r (test): 0.4270
Epoch: 81, Training Loss: 0.0402, Train MSE: 0.0402, r (train): 0.9208, Test MSE: 0.0528, r (test): 0.4757
Epoch: 82, Training Loss: 0.0163, Train MSE: 0.0163, r (train): 0.8969, Test MSE: 0.0563, r (test): 0.4590
Epoch: 83, Training Loss: 0.0142, Train MSE: 0.0142, r (train): 0.9112, Test MSE: 0.0781, r (test): 0.3481
Epoch: 84, Training Loss: 0.0164, Train MSE: 0.0164, r (train): 0.9389, Test MSE: 0.0933, r (test): 0.3223
Epoch: 85, Training Loss: 0.0084, Train MSE: 0.0084, r (train): 0.9595, Test MSE: 0.0666, r (test): 0.4640
Epoch: 86, Training Loss: 0.0101, Train MSE: 0.0101, r (train): 0.9362, Test MSE: 0.0693, r (test): 0.3783
Epoch: 87, Training Loss: 0.0183, Train MSE: 0.0183, r (train): 0.9256, Test MSE: 0.0641, r (test): 0.2392
Epoch: 88, Training Loss: 0.0552, Train MSE: 0.0552, r (train): 0.9035, Test MSE: 0.0761, r (test): 0.1538
Epoch: 89, Training Loss: 0.0520, Train MSE: 0.0520, r (train): 0.9129, Test MSE: 0.0702, r (test): 0.2814
Epoch: 90, Training Loss: 0.0070, Train MSE: 0.0070, r (train): 0.9594, Test MSE: 0.0641, r (test): 0.3580
Epoch: 91, Training Loss: 0.0089, Train MSE: 0.0089, r (train): 0.9483, Test MSE: 0.0668, r (test): 0.4116
Epoch: 92, Training Loss: 0.0082, Train MSE: 0.0082, r (train): 0.9567, Test MSE: 0.0555, r (test): 0.4621
Epoch: 93, Training Loss: 0.0124, Train MSE: 0.0124, r (train): 0.9603, Test MSE: 0.0527, r (test): 0.4386
Epoch: 94, Training Loss: 0.0211, Train MSE: 0.0211, r (train): 0.9409, Test MSE: 0.0544, r (test): 0.4033
Epoch: 95, Training Loss: 0.0539, Train MSE: 0.0539, r (train): 0.9383, Test MSE: 0.0642, r (test): 0.3898
Epoch: 96, Training Loss: 0.0408, Train MSE: 0.0408, r (train): 0.9229, Test MSE: 0.0571, r (test): 0.4322
Epoch: 97, Training Loss: 0.0106, Train MSE: 0.0106, r (train): 0.9376, Test MSE: 0.0614, r (test): 0.4010
Epoch: 98, Training Loss: 0.0092, Train MSE: 0.0092, r (train): 0.9408, Test MSE: 0.0676, r (test): 0.3601
Epoch: 99, Training Loss: 0.0097, Train MSE: 0.0097, r (train): 0.9490, Test MSE: 0.0657, r (test): 0.4197
Predicted tensors for training set: 
tensor([ 0.9292,  0.1942,  0.7645,  0.7128,  0.9123,  0.6329,  0.3551,  0.5964,
         0.6797,  0.4675,  0.2497,  0.8039,  0.9918,  0.5968,  0.9133,  0.8424,
         0.3862, -0.0384,  0.3683,  0.4889,  1.0899,  0.9581,  0.6017,  0.3064,
         1.0091,  0.6523,  0.6580,  0.4948,  1.0324,  0.6525,  0.2989,  0.6839,
         0.7287,  0.6753,  0.0933,  0.7861,  0.7110,  0.2940, -0.0287,  0.0062,
         0.2220,  0.1008,  0.5946,  0.3001,  0.2917,  0.5788,  0.0389,  0.3155,
         0.7028,  0.5941,  0.7003,  0.4815,  0.7704,  1.1598,  0.5406,  0.6016,
         0.9012,  0.9928,  0.5060,  1.0443,  0.7462,  0.8746,  0.0264,  0.7990,
         0.8810,  0.4777,  0.4464,  0.0905,  0.8152,  0.5594,  1.0222,  0.3972])
Target tensorsfor training set: 
tensor([0.8988, 0.1218, 0.7507, 0.6671, 0.8453, 0.5779, 0.2464, 0.5719, 0.5564,
        0.4513, 0.0478, 0.7791, 0.8391, 0.5658, 0.7372, 0.8556, 0.3309, 0.0246,
        0.2169, 0.4818, 0.9127, 0.9072, 0.5300, 0.2649, 0.9656, 0.6595, 0.7144,
        0.4993, 0.9215, 0.6465, 0.4640, 0.7901, 0.9492, 0.8418, 0.1493, 0.9117,
        0.8561, 0.4373, 0.0981, 0.1055, 0.2916, 0.1295, 0.6846, 0.4036, 0.3174,
        0.5780, 0.2255, 0.2594, 0.6240, 0.5220, 0.6577, 0.4341, 0.6576, 0.9535,
        0.5187, 0.5023, 0.7950, 0.8411, 0.4149, 0.9150, 0.6199, 0.6992, 0.0389,
        0.7596, 0.8524, 0.4526, 0.4654, 0.0636, 0.7462, 0.5783, 0.9621, 0.3453])
Correlation for training set: 0.9489549630333841
Predicted tensors for test set: 
tensor([0.5130, 0.5688, 0.5551, 0.5636, 0.7877, 0.6988, 0.5064, 0.5084, 0.6269,
        0.9644, 0.5019, 0.4085, 0.5064, 0.8232, 0.5967, 0.4545, 0.4625, 0.7350])
Target tensors for test set: 
tensor([0.7125, 0.1360, 0.5102, 0.2394, 0.8363, 0.8728, 0.0763, 0.2271, 0.5178,
        0.5573, 0.7497, 0.4440, 0.7371, 0.7171, 0.1294, 0.3829, 0.3077, 0.7270])
Correlation for test set: 0.4197330321464138
Fold 5
Epoch: 00, Training Loss: 0.0709, Train MSE: 0.0709, r (train): 0.3027, Test MSE: 0.0717, r (test): -0.2750
Epoch: 01, Training Loss: 0.0690, Train MSE: 0.0690, r (train): 0.4595, Test MSE: 0.0740, r (test): -0.3245
Epoch: 02, Training Loss: 0.0682, Train MSE: 0.0682, r (train): 0.5061, Test MSE: 0.0748, r (test): -0.2717
Epoch: 03, Training Loss: 0.0669, Train MSE: 0.0669, r (train): 0.5326, Test MSE: 0.0754, r (test): -0.3056
Epoch: 04, Training Loss: 0.0657, Train MSE: 0.0657, r (train): 0.5689, Test MSE: 0.0760, r (test): -0.2823
Epoch: 05, Training Loss: 0.0647, Train MSE: 0.0647, r (train): 0.5869, Test MSE: 0.0764, r (test): -0.2835
Epoch: 06, Training Loss: 0.0639, Train MSE: 0.0639, r (train): 0.5938, Test MSE: 0.0761, r (test): -0.2590
Epoch: 07, Training Loss: 0.0626, Train MSE: 0.0626, r (train): 0.6291, Test MSE: 0.0771, r (test): -0.2668
Epoch: 08, Training Loss: 0.0610, Train MSE: 0.0610, r (train): 0.6485, Test MSE: 0.0763, r (test): -0.2310
Epoch: 09, Training Loss: 0.0591, Train MSE: 0.0591, r (train): 0.6765, Test MSE: 0.0766, r (test): -0.2363
Epoch: 10, Training Loss: 0.0578, Train MSE: 0.0578, r (train): 0.6903, Test MSE: 0.0763, r (test): -0.2105
Epoch: 11, Training Loss: 0.0554, Train MSE: 0.0554, r (train): 0.7237, Test MSE: 0.0757, r (test): -0.1936
Epoch: 12, Training Loss: 0.0525, Train MSE: 0.0525, r (train): 0.7432, Test MSE: 0.0778, r (test): -0.2387
Epoch: 13, Training Loss: 0.0483, Train MSE: 0.0483, r (train): 0.7860, Test MSE: 0.0762, r (test): -0.1882
Epoch: 14, Training Loss: 0.0461, Train MSE: 0.0461, r (train): 0.7959, Test MSE: 0.0785, r (test): -0.2095
Epoch: 15, Training Loss: 0.0410, Train MSE: 0.0410, r (train): 0.8343, Test MSE: 0.0804, r (test): -0.2272
Epoch: 16, Training Loss: 0.0355, Train MSE: 0.0355, r (train): 0.8768, Test MSE: 0.0894, r (test): -0.3300
Epoch: 17, Training Loss: 0.0311, Train MSE: 0.0311, r (train): 0.8848, Test MSE: 0.0903, r (test): -0.2882
Epoch: 18, Training Loss: 0.0225, Train MSE: 0.0225, r (train): 0.9051, Test MSE: 0.0928, r (test): -0.2891
Epoch: 19, Training Loss: 0.0155, Train MSE: 0.0155, r (train): 0.9129, Test MSE: 0.0919, r (test): -0.3336
Epoch: 20, Training Loss: 0.0134, Train MSE: 0.0134, r (train): 0.9194, Test MSE: 0.0882, r (test): -0.1633
Epoch: 21, Training Loss: 0.0152, Train MSE: 0.0152, r (train): 0.9118, Test MSE: 0.0905, r (test): -0.1614
Epoch: 22, Training Loss: 0.0130, Train MSE: 0.0130, r (train): 0.9336, Test MSE: 0.1051, r (test): -0.3585
Epoch: 23, Training Loss: 0.0135, Train MSE: 0.0135, r (train): 0.9224, Test MSE: 0.1079, r (test): -0.4725
Epoch: 24, Training Loss: 0.0298, Train MSE: 0.0298, r (train): 0.9307, Test MSE: 0.1357, r (test): -0.4201
Epoch: 25, Training Loss: 0.0120, Train MSE: 0.0120, r (train): 0.9209, Test MSE: 0.0918, r (test): -0.3431
Epoch: 26, Training Loss: 0.0098, Train MSE: 0.0098, r (train): 0.9354, Test MSE: 0.0940, r (test): -0.2485
Epoch: 27, Training Loss: 0.0184, Train MSE: 0.0184, r (train): 0.9193, Test MSE: 0.1131, r (test): -0.3495
Epoch: 28, Training Loss: 0.0151, Train MSE: 0.0151, r (train): 0.8996, Test MSE: 0.1076, r (test): -0.3666
Epoch: 29, Training Loss: 0.0369, Train MSE: 0.0369, r (train): 0.8784, Test MSE: 0.1086, r (test): -0.2661
Epoch: 30, Training Loss: 0.0915, Train MSE: 0.0915, r (train): 0.8832, Test MSE: 0.1582, r (test): -0.0443
Epoch: 31, Training Loss: 0.0181, Train MSE: 0.0181, r (train): 0.9255, Test MSE: 0.0965, r (test): -0.1551
Epoch: 32, Training Loss: 0.0083, Train MSE: 0.0083, r (train): 0.9474, Test MSE: 0.0922, r (test): -0.1652
Epoch: 33, Training Loss: 0.0156, Train MSE: 0.0156, r (train): 0.9477, Test MSE: 0.1070, r (test): -0.1643
Epoch: 34, Training Loss: 0.0088, Train MSE: 0.0088, r (train): 0.9489, Test MSE: 0.0965, r (test): -0.2267
Epoch: 35, Training Loss: 0.0260, Train MSE: 0.0260, r (train): 0.9227, Test MSE: 0.0980, r (test): -0.1083
Epoch: 36, Training Loss: 0.0109, Train MSE: 0.0109, r (train): 0.9247, Test MSE: 0.0894, r (test): -0.1240
Epoch: 37, Training Loss: 0.0287, Train MSE: 0.0287, r (train): 0.9497, Test MSE: 0.1287, r (test): -0.1941
Epoch: 38, Training Loss: 0.0303, Train MSE: 0.0303, r (train): 0.9488, Test MSE: 0.1270, r (test): -0.1604
Epoch: 39, Training Loss: 0.0117, Train MSE: 0.0117, r (train): 0.9447, Test MSE: 0.0972, r (test): -0.1758
Epoch: 40, Training Loss: 0.0113, Train MSE: 0.0113, r (train): 0.9198, Test MSE: 0.0890, r (test): -0.1230
Epoch: 41, Training Loss: 0.0391, Train MSE: 0.0391, r (train): 0.9372, Test MSE: 0.1308, r (test): -0.0835
Epoch: 42, Training Loss: 0.0749, Train MSE: 0.0749, r (train): 0.9317, Test MSE: 0.1762, r (test): -0.1797
Epoch: 43, Training Loss: 0.0318, Train MSE: 0.0318, r (train): 0.9453, Test MSE: 0.1249, r (test): -0.2197
Epoch: 44, Training Loss: 0.0119, Train MSE: 0.0119, r (train): 0.9474, Test MSE: 0.1009, r (test): -0.2041
Epoch: 45, Training Loss: 0.0089, Train MSE: 0.0089, r (train): 0.9419, Test MSE: 0.0934, r (test): -0.2714
Epoch: 46, Training Loss: 0.0221, Train MSE: 0.0221, r (train): 0.9407, Test MSE: 0.1134, r (test): -0.3482
Epoch: 47, Training Loss: 0.0322, Train MSE: 0.0322, r (train): 0.9352, Test MSE: 0.1212, r (test): -0.2642
Epoch: 48, Training Loss: 0.0197, Train MSE: 0.0197, r (train): 0.9327, Test MSE: 0.1036, r (test): -0.2925
Epoch: 49, Training Loss: 0.0111, Train MSE: 0.0111, r (train): 0.9221, Test MSE: 0.0925, r (test): -0.2754
Epoch: 50, Training Loss: 0.0192, Train MSE: 0.0192, r (train): 0.9137, Test MSE: 0.0960, r (test): -0.4033
Epoch: 51, Training Loss: 0.0166, Train MSE: 0.0166, r (train): 0.9086, Test MSE: 0.0868, r (test): -0.2663
Epoch: 52, Training Loss: 0.0267, Train MSE: 0.0267, r (train): 0.8812, Test MSE: 0.0944, r (test): -0.2676
Epoch: 53, Training Loss: 0.0405, Train MSE: 0.0405, r (train): 0.8610, Test MSE: 0.1035, r (test): -0.2714
Epoch: 54, Training Loss: 0.0499, Train MSE: 0.0499, r (train): 0.8291, Test MSE: 0.0992, r (test): -0.1381
Epoch: 55, Training Loss: 0.0313, Train MSE: 0.0313, r (train): 0.8943, Test MSE: 0.0980, r (test): -0.2074
Epoch: 56, Training Loss: 0.0217, Train MSE: 0.0217, r (train): 0.8848, Test MSE: 0.0902, r (test): -0.1817
Epoch: 57, Training Loss: 0.0221, Train MSE: 0.0221, r (train): 0.8877, Test MSE: 0.0907, r (test): -0.1422
Epoch: 58, Training Loss: 0.0226, Train MSE: 0.0226, r (train): 0.8911, Test MSE: 0.0863, r (test): -0.0670
Epoch: 59, Training Loss: 0.0279, Train MSE: 0.0279, r (train): 0.8863, Test MSE: 0.1060, r (test): 0.0197
Epoch: 60, Training Loss: 0.0237, Train MSE: 0.0237, r (train): 0.8791, Test MSE: 0.1048, r (test): -0.1739
Epoch: 61, Training Loss: 0.0254, Train MSE: 0.0254, r (train): 0.8509, Test MSE: 0.0986, r (test): -0.1736
Epoch: 62, Training Loss: 0.0459, Train MSE: 0.0459, r (train): 0.8570, Test MSE: 0.1381, r (test): -0.0450
Epoch: 63, Training Loss: 0.0999, Train MSE: 0.0999, r (train): 0.8672, Test MSE: 0.1901, r (test): -0.0705
Epoch: 64, Training Loss: 0.1692, Train MSE: 0.1692, r (train): 0.8854, Test MSE: 0.2521, r (test): 0.0214
Epoch: 65, Training Loss: 0.1363, Train MSE: 0.1363, r (train): 0.9151, Test MSE: 0.2414, r (test): -0.3546
Epoch: 66, Training Loss: 0.0524, Train MSE: 0.0524, r (train): 0.9155, Test MSE: 0.1462, r (test): -0.0979
Epoch: 67, Training Loss: 0.0272, Train MSE: 0.0272, r (train): 0.9095, Test MSE: 0.1178, r (test): -0.1535
Epoch: 68, Training Loss: 0.0473, Train MSE: 0.0473, r (train): 0.9282, Test MSE: 0.1419, r (test): -0.2311
Epoch: 69, Training Loss: 0.0372, Train MSE: 0.0372, r (train): 0.9228, Test MSE: 0.1247, r (test): -0.1582
Epoch: 70, Training Loss: 0.0200, Train MSE: 0.0200, r (train): 0.9198, Test MSE: 0.1019, r (test): -0.1436
Epoch: 71, Training Loss: 0.0144, Train MSE: 0.0144, r (train): 0.9078, Test MSE: 0.0902, r (test): -0.1312
Epoch: 72, Training Loss: 0.0142, Train MSE: 0.0142, r (train): 0.9086, Test MSE: 0.0826, r (test): -0.0763
Epoch: 73, Training Loss: 0.0150, Train MSE: 0.0150, r (train): 0.9058, Test MSE: 0.0913, r (test): -0.1576
Epoch: 74, Training Loss: 0.0250, Train MSE: 0.0250, r (train): 0.8848, Test MSE: 0.1057, r (test): -0.1469
Epoch: 75, Training Loss: 0.0313, Train MSE: 0.0313, r (train): 0.9015, Test MSE: 0.1194, r (test): -0.2050
Epoch: 76, Training Loss: 0.0836, Train MSE: 0.0836, r (train): 0.9097, Test MSE: 0.1962, r (test): -0.2213
Epoch: 77, Training Loss: 0.1265, Train MSE: 0.1265, r (train): 0.8998, Test MSE: 0.2412, r (test): -0.2587
Epoch: 78, Training Loss: 0.0754, Train MSE: 0.0754, r (train): 0.9098, Test MSE: 0.1768, r (test): -0.2869
Epoch: 79, Training Loss: 0.0328, Train MSE: 0.0328, r (train): 0.9221, Test MSE: 0.1216, r (test): -0.1445
Epoch: 80, Training Loss: 0.0236, Train MSE: 0.0236, r (train): 0.9313, Test MSE: 0.1099, r (test): -0.1233
Epoch: 81, Training Loss: 0.0189, Train MSE: 0.0189, r (train): 0.9123, Test MSE: 0.0913, r (test): -0.1034
Epoch: 82, Training Loss: 0.0118, Train MSE: 0.0118, r (train): 0.9279, Test MSE: 0.0874, r (test): -0.1706
Epoch: 83, Training Loss: 0.0145, Train MSE: 0.0145, r (train): 0.8979, Test MSE: 0.0946, r (test): -0.1606
Epoch: 84, Training Loss: 0.0257, Train MSE: 0.0257, r (train): 0.9182, Test MSE: 0.1125, r (test): -0.0549
Epoch: 85, Training Loss: 0.0624, Train MSE: 0.0624, r (train): 0.9362, Test MSE: 0.1479, r (test): -0.0051
Epoch: 86, Training Loss: 0.1193, Train MSE: 0.1193, r (train): 0.9188, Test MSE: 0.2234, r (test): -0.0032
Epoch: 87, Training Loss: 0.0371, Train MSE: 0.0371, r (train): 0.9257, Test MSE: 0.1138, r (test): -0.0760
Epoch: 88, Training Loss: 0.0126, Train MSE: 0.0126, r (train): 0.9319, Test MSE: 0.0916, r (test): -0.1604
Epoch: 89, Training Loss: 0.0267, Train MSE: 0.0267, r (train): 0.9343, Test MSE: 0.1066, r (test): -0.1652
Epoch: 90, Training Loss: 0.0291, Train MSE: 0.0291, r (train): 0.9322, Test MSE: 0.1093, r (test): -0.0774
Epoch: 91, Training Loss: 0.0239, Train MSE: 0.0239, r (train): 0.9410, Test MSE: 0.1015, r (test): -0.0792
Epoch: 92, Training Loss: 0.0125, Train MSE: 0.0125, r (train): 0.9348, Test MSE: 0.0996, r (test): -0.1686
Epoch: 93, Training Loss: 0.0168, Train MSE: 0.0168, r (train): 0.9255, Test MSE: 0.1029, r (test): -0.1222
Epoch: 94, Training Loss: 0.0400, Train MSE: 0.0400, r (train): 0.9231, Test MSE: 0.1296, r (test): -0.1500
Epoch: 95, Training Loss: 0.0711, Train MSE: 0.0711, r (train): 0.9252, Test MSE: 0.1614, r (test): -0.0986
Epoch: 96, Training Loss: 0.0524, Train MSE: 0.0524, r (train): 0.9307, Test MSE: 0.1302, r (test): -0.0933
Epoch: 97, Training Loss: 0.0132, Train MSE: 0.0132, r (train): 0.9232, Test MSE: 0.0766, r (test): 0.0446
Epoch: 98, Training Loss: 0.0121, Train MSE: 0.0121, r (train): 0.9344, Test MSE: 0.0798, r (test): -0.0242
Epoch: 99, Training Loss: 0.0132, Train MSE: 0.0132, r (train): 0.9269, Test MSE: 0.0826, r (test): -0.2044
Predicted tensors for training set: 
tensor([ 0.8200,  0.2198,  0.7550,  0.7544,  0.9020,  0.6276,  0.3430,  0.7457,
         0.6922,  0.5536,  0.2143,  0.9132,  1.1001,  0.8029,  1.0000,  1.0569,
         0.5477,  0.2206,  0.3529,  0.5972,  1.0370,  1.0094,  0.5272,  0.2770,
         0.9836,  0.6038,  0.6892,  0.4266,  0.8339,  0.5987,  0.3248,  0.6738,
         0.8430,  0.7510,  0.0415,  0.8207,  0.7096,  0.2467, -0.1864, -0.0877,
         0.0701, -0.0738,  0.6010,  0.3154,  0.2383,  0.4983,  0.1262,  0.2008,
         0.5906,  0.4820,  0.6122,  0.4094,  0.5463,  0.9164,  0.6907,  0.0837,
         0.4958,  0.2218,  0.8662,  0.8769,  0.0737,  0.2122,  0.4997,  0.5489,
         0.7378,  0.4472,  0.7175,  0.7518,  0.1408,  0.4032,  0.2572,  0.6843])
Target tensorsfor training set: 
tensor([0.8988, 0.1218, 0.7507, 0.6671, 0.8453, 0.5779, 0.2464, 0.5719, 0.5564,
        0.4513, 0.0478, 0.7791, 0.8391, 0.5658, 0.7372, 0.8556, 0.3309, 0.0246,
        0.2169, 0.4818, 0.9127, 0.9072, 0.5300, 0.2649, 0.9656, 0.6595, 0.7144,
        0.4993, 0.9215, 0.6465, 0.4640, 0.7901, 0.9492, 0.8418, 0.1493, 0.9117,
        0.8561, 0.4373, 0.0981, 0.1055, 0.2916, 0.1295, 0.6846, 0.4036, 0.3174,
        0.5780, 0.2255, 0.2594, 0.6240, 0.5220, 0.6577, 0.4341, 0.6576, 0.9535,
        0.7125, 0.1360, 0.5102, 0.2394, 0.8363, 0.8728, 0.0763, 0.2271, 0.5178,
        0.5573, 0.7497, 0.4440, 0.7371, 0.7171, 0.1294, 0.3829, 0.3077, 0.7270])
Correlation for training set: 0.9269360677098913
Predicted tensors for test set: 
tensor([0.5300, 0.7063, 0.4624, 0.5823, 0.5706, 0.4855, 0.6892, 0.5835, 0.6077,
        0.4340, 0.6149, 0.4802, 0.6006, 0.5376, 0.6530, 0.5027, 0.4412, 0.5027])
Target tensors for test set: 
tensor([0.5187, 0.5023, 0.7950, 0.8411, 0.4149, 0.9150, 0.6199, 0.6992, 0.0389,
        0.7596, 0.8524, 0.4526, 0.4654, 0.0636, 0.7462, 0.5783, 0.9621, 0.3453])
Correlation for test set: -0.20443830766151816
Seed: 65
Fold losses: [tensor(0.0467), tensor(0.0093), tensor(0.0067), tensor(0.0097), tensor(0.0132)]
Fold MSE values: [tensor(0.0467), tensor(0.0093), tensor(0.0067), tensor(0.0097), tensor(0.0132)]
Target training values: [tensor([0.2169, 0.4818, 0.9127, 0.9072, 0.5300, 0.2649, 0.9656, 0.6595, 0.7144,
        0.4993, 0.9215, 0.6465, 0.4640, 0.7901, 0.9492, 0.8418, 0.1493, 0.9117,
        0.8561, 0.4373, 0.0981, 0.1055, 0.2916, 0.1295, 0.6846, 0.4036, 0.3174,
        0.5780, 0.2255, 0.2594, 0.6240, 0.5220, 0.6577, 0.4341, 0.6576, 0.9535,
        0.7125, 0.1360, 0.5102, 0.2394, 0.8363, 0.8728, 0.0763, 0.2271, 0.5178,
        0.5573, 0.7497, 0.4440, 0.7371, 0.7171, 0.1294, 0.3829, 0.3077, 0.7270,
        0.5187, 0.5023, 0.7950, 0.8411, 0.4149, 0.9150, 0.6199, 0.6992, 0.0389,
        0.7596, 0.8524, 0.4526, 0.4654, 0.0636, 0.7462, 0.5783, 0.9621, 0.3453]), tensor([0.8988, 0.1218, 0.7507, 0.6671, 0.8453, 0.5779, 0.2464, 0.5719, 0.5564,
        0.4513, 0.0478, 0.7791, 0.8391, 0.5658, 0.7372, 0.8556, 0.3309, 0.0246,
        0.8561, 0.4373, 0.0981, 0.1055, 0.2916, 0.1295, 0.6846, 0.4036, 0.3174,
        0.5780, 0.2255, 0.2594, 0.6240, 0.5220, 0.6577, 0.4341, 0.6576, 0.9535,
        0.7125, 0.1360, 0.5102, 0.2394, 0.8363, 0.8728, 0.0763, 0.2271, 0.5178,
        0.5573, 0.7497, 0.4440, 0.7371, 0.7171, 0.1294, 0.3829, 0.3077, 0.7270,
        0.5187, 0.5023, 0.7950, 0.8411, 0.4149, 0.9150, 0.6199, 0.6992, 0.0389,
        0.7596, 0.8524, 0.4526, 0.4654, 0.0636, 0.7462, 0.5783, 0.9621, 0.3453]), tensor([0.8988, 0.1218, 0.7507, 0.6671, 0.8453, 0.5779, 0.2464, 0.5719, 0.5564,
        0.4513, 0.0478, 0.7791, 0.8391, 0.5658, 0.7372, 0.8556, 0.3309, 0.0246,
        0.2169, 0.4818, 0.9127, 0.9072, 0.5300, 0.2649, 0.9656, 0.6595, 0.7144,
        0.4993, 0.9215, 0.6465, 0.4640, 0.7901, 0.9492, 0.8418, 0.1493, 0.9117,
        0.7125, 0.1360, 0.5102, 0.2394, 0.8363, 0.8728, 0.0763, 0.2271, 0.5178,
        0.5573, 0.7497, 0.4440, 0.7371, 0.7171, 0.1294, 0.3829, 0.3077, 0.7270,
        0.5187, 0.5023, 0.7950, 0.8411, 0.4149, 0.9150, 0.6199, 0.6992, 0.0389,
        0.7596, 0.8524, 0.4526, 0.4654, 0.0636, 0.7462, 0.5783, 0.9621, 0.3453]), tensor([0.8988, 0.1218, 0.7507, 0.6671, 0.8453, 0.5779, 0.2464, 0.5719, 0.5564,
        0.4513, 0.0478, 0.7791, 0.8391, 0.5658, 0.7372, 0.8556, 0.3309, 0.0246,
        0.2169, 0.4818, 0.9127, 0.9072, 0.5300, 0.2649, 0.9656, 0.6595, 0.7144,
        0.4993, 0.9215, 0.6465, 0.4640, 0.7901, 0.9492, 0.8418, 0.1493, 0.9117,
        0.8561, 0.4373, 0.0981, 0.1055, 0.2916, 0.1295, 0.6846, 0.4036, 0.3174,
        0.5780, 0.2255, 0.2594, 0.6240, 0.5220, 0.6577, 0.4341, 0.6576, 0.9535,
        0.5187, 0.5023, 0.7950, 0.8411, 0.4149, 0.9150, 0.6199, 0.6992, 0.0389,
        0.7596, 0.8524, 0.4526, 0.4654, 0.0636, 0.7462, 0.5783, 0.9621, 0.3453]), tensor([0.8988, 0.1218, 0.7507, 0.6671, 0.8453, 0.5779, 0.2464, 0.5719, 0.5564,
        0.4513, 0.0478, 0.7791, 0.8391, 0.5658, 0.7372, 0.8556, 0.3309, 0.0246,
        0.2169, 0.4818, 0.9127, 0.9072, 0.5300, 0.2649, 0.9656, 0.6595, 0.7144,
        0.4993, 0.9215, 0.6465, 0.4640, 0.7901, 0.9492, 0.8418, 0.1493, 0.9117,
        0.8561, 0.4373, 0.0981, 0.1055, 0.2916, 0.1295, 0.6846, 0.4036, 0.3174,
        0.5780, 0.2255, 0.2594, 0.6240, 0.5220, 0.6577, 0.4341, 0.6576, 0.9535,
        0.7125, 0.1360, 0.5102, 0.2394, 0.8363, 0.8728, 0.0763, 0.2271, 0.5178,
        0.5573, 0.7497, 0.4440, 0.7371, 0.7171, 0.1294, 0.3829, 0.3077, 0.7270])]
Prediction training values: [tensor([ 0.2366,  0.4389,  0.8875,  0.7820,  0.4829,  0.1932,  0.8491,  0.5137,
         0.5395,  0.3514,  0.7257,  0.5017,  0.1847,  0.5136,  0.7399,  0.4243,
        -0.0147,  0.5297,  0.5184,  0.2752, -0.1098,  0.0461,  0.2199, -0.0652,
         0.4288,  0.2492,  0.1115,  0.3785,  0.0247,  0.1150,  0.3973,  0.2356,
         0.3414,  0.1662,  0.4919,  0.6377,  0.3232, -0.2612,  0.2478, -0.1803,
         0.2842,  0.5432, -0.1943,  0.0380,  0.2563,  0.1902,  0.4387,  0.1900,
         0.4888,  0.4843,  0.0635,  0.1976,  0.1519,  0.5738,  0.3616,  0.3702,
         0.6539,  0.7536,  0.3327,  0.8542,  0.5454,  0.6299, -0.0210,  0.7210,
         0.8054,  0.4589,  0.4654,  0.0945,  0.7025,  0.6000,  0.8846,  0.3130]), tensor([ 0.8272,  0.1091,  0.7198,  0.5855,  0.8200,  0.4776,  0.1816,  0.4904,
         0.3640,  0.3209, -0.0716,  0.6063,  0.6448,  0.4584,  0.5824,  0.6700,
         0.2176, -0.2210,  0.7335,  0.3414,  0.0302, -0.0156,  0.2617,  0.0530,
         0.6126,  0.3424,  0.3435,  0.5623,  0.2455,  0.2123,  0.6286,  0.4923,
         0.6828,  0.4703,  0.6938,  0.9880,  0.6807,  0.0771,  0.5228,  0.1037,
         0.7666,  0.7888,  0.0266,  0.0512,  0.4029,  0.4083,  0.6202,  0.3545,
         0.6748,  0.6186,  0.1237,  0.3855,  0.3014,  0.7123,  0.5389,  0.5835,
         0.8342,  0.9664,  0.4981,  0.9979,  0.7892,  0.8583,  0.1634,  0.8583,
         0.9498,  0.5364,  0.5385,  0.1090,  0.7656,  0.5781,  0.9528,  0.3140]), tensor([ 1.0930,  0.2040,  0.9064,  0.7511,  0.9594,  0.7577,  0.3376,  0.6375,
         0.6522,  0.5422,  0.1158,  0.9695,  1.0672,  0.7308,  0.8605,  0.9808,
         0.4090,  0.0635,  0.1883,  0.4944,  0.8909,  0.9398,  0.4896,  0.2263,
         1.0876,  0.6759,  0.7433,  0.3936,  0.8696,  0.5571,  0.3676,  0.7332,
         0.9238,  0.8319, -0.0413,  0.8806,  0.5868,  0.1082,  0.4731,  0.2255,
         0.7102,  0.8568,  0.0034,  0.1654,  0.5585,  0.5346,  0.7283,  0.4471,
         0.7603,  0.7265,  0.0792,  0.3522,  0.2937,  0.7381,  0.5112,  0.5292,
         0.8239,  0.8235,  0.4461,  0.9507,  0.6676,  0.7503, -0.0374,  0.7068,
         0.8468,  0.3997,  0.5121,  0.0416,  0.7383,  0.6255,  0.9417,  0.3958]), tensor([ 0.9292,  0.1942,  0.7645,  0.7128,  0.9123,  0.6329,  0.3551,  0.5964,
         0.6797,  0.4675,  0.2497,  0.8039,  0.9918,  0.5968,  0.9133,  0.8424,
         0.3862, -0.0384,  0.3683,  0.4889,  1.0899,  0.9581,  0.6017,  0.3064,
         1.0091,  0.6523,  0.6580,  0.4948,  1.0324,  0.6525,  0.2989,  0.6839,
         0.7287,  0.6753,  0.0933,  0.7861,  0.7110,  0.2940, -0.0287,  0.0062,
         0.2220,  0.1008,  0.5946,  0.3001,  0.2917,  0.5788,  0.0389,  0.3155,
         0.7028,  0.5941,  0.7003,  0.4815,  0.7704,  1.1598,  0.5406,  0.6016,
         0.9012,  0.9928,  0.5060,  1.0443,  0.7462,  0.8746,  0.0264,  0.7990,
         0.8810,  0.4777,  0.4464,  0.0905,  0.8152,  0.5594,  1.0222,  0.3972]), tensor([ 0.8200,  0.2198,  0.7550,  0.7544,  0.9020,  0.6276,  0.3430,  0.7457,
         0.6922,  0.5536,  0.2143,  0.9132,  1.1001,  0.8029,  1.0000,  1.0569,
         0.5477,  0.2206,  0.3529,  0.5972,  1.0370,  1.0094,  0.5272,  0.2770,
         0.9836,  0.6038,  0.6892,  0.4266,  0.8339,  0.5987,  0.3248,  0.6738,
         0.8430,  0.7510,  0.0415,  0.8207,  0.7096,  0.2467, -0.1864, -0.0877,
         0.0701, -0.0738,  0.6010,  0.3154,  0.2383,  0.4983,  0.1262,  0.2008,
         0.5906,  0.4820,  0.6122,  0.4094,  0.5463,  0.9164,  0.6907,  0.0837,
         0.4958,  0.2218,  0.8662,  0.8769,  0.0737,  0.2122,  0.4997,  0.5489,
         0.7378,  0.4472,  0.7175,  0.7518,  0.1408,  0.4032,  0.2572,  0.6843])]
Target values: [array([0.89876264, 0.12180944, 0.75073236, 0.6671056 , 0.84525365,
       0.5778506 , 0.24636388, 0.57190746, 0.55641776, 0.45128736,
       0.04781396, 0.77910316, 0.8390776 , 0.5658469 , 0.73719215,
       0.85557973, 0.33092642, 0.02463444], dtype=float32), array([0.21692123, 0.48182514, 0.912732  , 0.9071598 , 0.52996147,
       0.2649091 , 0.96564525, 0.659493  , 0.71435624, 0.4993471 ,
       0.9215425 , 0.6464906 , 0.46398443, 0.7900961 , 0.9491663 ,
       0.8417677 , 0.14931566, 0.9116711 ], dtype=float32), array([0.85610735, 0.4372734 , 0.09805249, 0.10552448, 0.29163042,
       0.12948532, 0.6846425 , 0.40355092, 0.31742746, 0.578045  ,
       0.2254639 , 0.25936916, 0.62399   , 0.5220161 , 0.65769196,
       0.43409458, 0.6576234 , 0.95346546], dtype=float32), array([0.71252435, 0.1360485 , 0.51015127, 0.23939352, 0.83626515,
       0.8728059 , 0.07633217, 0.22711647, 0.51780254, 0.55726975,
       0.7497406 , 0.44401234, 0.73709923, 0.71714455, 0.12937951,
       0.38285765, 0.30766785, 0.72703534], dtype=float32), array([0.518717  , 0.50225437, 0.79497874, 0.84113044, 0.41493568,
       0.91498566, 0.6198749 , 0.69921327, 0.03887437, 0.75962484,
       0.8524316 , 0.45263878, 0.46544507, 0.06358391, 0.7462256 ,
       0.57832706, 0.96213573, 0.34531343], dtype=float32)]
Prediction values: [array([0.23354712, 0.6096484 , 0.1876446 , 0.18419997, 0.4015463 ,
       0.31851903, 0.37769762, 0.5543725 , 0.19754651, 0.09231339,
       0.3967749 , 0.26180023, 0.30522352, 0.11874337, 0.6448671 ,
       0.4994605 , 0.53564054, 0.6150326 ], dtype=float32), array([0.3316089 , 0.25341168, 0.6862133 , 0.6421676 , 0.5191132 ,
       0.48762935, 0.48267657, 0.31018218, 0.37812054, 0.47851172,
       0.5924645 , 0.54393303, 0.5624034 , 0.58946174, 0.40283346,
       0.32607377, 0.5326451 , 0.6217146 ], dtype=float32), array([0.5898427 , 0.7017851 , 0.49561566, 0.5211241 , 0.41456962,
       0.5897206 , 0.364271  , 0.49929637, 0.56783986, 0.9663315 ,
       0.37965482, 0.41131425, 0.54224133, 0.7690759 , 0.23881328,
       0.43356586, 0.4604904 , 0.5081033 ], dtype=float32), array([0.51301646, 0.56878567, 0.5551385 , 0.5635853 , 0.78770804,
       0.6987881 , 0.50635755, 0.508428  , 0.62686884, 0.96441907,
       0.5018686 , 0.40846285, 0.5064427 , 0.823223  , 0.5967247 ,
       0.4545322 , 0.46253675, 0.73503506], dtype=float32), array([0.52995133, 0.7062967 , 0.46237934, 0.58225906, 0.57061887,
       0.4854573 , 0.6891959 , 0.58345634, 0.6077325 , 0.43401814,
       0.6149236 , 0.48024094, 0.6006125 , 0.5376045 , 0.65295094,
       0.50273716, 0.44120324, 0.50266856], dtype=float32)]
Time taken: 971.1932065486908 seconds
