sh: line 1: logger: command not found
/apps/conda/25.3.1/etc/profile.d/conda.sh: line 69: dirname: command not found
/apps/conda/25.3.1/etc/profile.d/conda.sh: line 69: dirname: command not found
/apps/conda/25.3.1/etc/profile.d/mamba.sh: line 59: basename: command not found
Error unknown MAMBA_EXE: "/apps/conda/25.3.1/bin/mamba", filename must be mamba or micromamba
Lmod has detected the following error: This module can only be used on RHEL9 nodes. 
While processing the following module(s):
    Module fullname  Module Filename
    ---------------  ---------------
    gcc/14.2.0       /apps/lmod/modulefiles/core/gcc/14.2.0.lua

pointnet_amygdala_fs_01.py
/blue/stevenweisberg/ashishkumarsahoo/hippocampAI/conda_pyg_070923/lib/python3.8/site-packages/torch/cuda/__init__.py:155: UserWarning: 
NVIDIA B200 with CUDA capability sm_100 is not compatible with the current PyTorch installation.
The current PyTorch install supports CUDA capabilities sm_37 sm_50 sm_60 sm_61 sm_70 sm_75 sm_80 sm_86 compute_37.
If you want to use the NVIDIA B200 GPU with PyTorch, please check the instructions at https://pytorch.org/get-started/locally/

  warnings.warn(incompatible_device_warn.format(device_name, capability, " ".join(arch_list), device_name))
Number of GPUs available for training: 1
Fold 1
Epoch: 00, Training Loss: 0.0964, Train MSE: 0.0964, r (train): 0.1311, Test MSE: 0.0636, r (test): 0.5417
Epoch: 01, Training Loss: 0.0938, Train MSE: 0.0938, r (train): 0.2582, Test MSE: 0.0624, r (test): 0.5939
Epoch: 02, Training Loss: 0.0928, Train MSE: 0.0928, r (train): 0.3072, Test MSE: 0.0614, r (test): 0.6094
Epoch: 03, Training Loss: 0.0908, Train MSE: 0.0908, r (train): 0.3614, Test MSE: 0.0610, r (test): 0.5760
Epoch: 04, Training Loss: 0.0887, Train MSE: 0.0887, r (train): 0.3919, Test MSE: 0.0593, r (test): 0.5828
Epoch: 05, Training Loss: 0.0881, Train MSE: 0.0881, r (train): 0.4362, Test MSE: 0.0600, r (test): 0.5588
Epoch: 06, Training Loss: 0.0868, Train MSE: 0.0868, r (train): 0.4619, Test MSE: 0.0599, r (test): 0.5129
Epoch: 07, Training Loss: 0.0855, Train MSE: 0.0855, r (train): 0.4926, Test MSE: 0.0597, r (test): 0.5203
Epoch: 08, Training Loss: 0.0850, Train MSE: 0.0850, r (train): 0.5174, Test MSE: 0.0602, r (test): 0.5027
Epoch: 09, Training Loss: 0.0840, Train MSE: 0.0840, r (train): 0.5539, Test MSE: 0.0601, r (test): 0.5216
Epoch: 10, Training Loss: 0.0812, Train MSE: 0.0812, r (train): 0.5830, Test MSE: 0.0597, r (test): 0.4998
Epoch: 11, Training Loss: 0.0798, Train MSE: 0.0798, r (train): 0.6112, Test MSE: 0.0601, r (test): 0.4840
Epoch: 12, Training Loss: 0.0772, Train MSE: 0.0772, r (train): 0.6448, Test MSE: 0.0601, r (test): 0.5033
Epoch: 13, Training Loss: 0.0783, Train MSE: 0.0783, r (train): 0.6746, Test MSE: 0.0628, r (test): 0.4980
Epoch: 14, Training Loss: 0.0771, Train MSE: 0.0771, r (train): 0.6825, Test MSE: 0.0617, r (test): 0.5446
Epoch: 15, Training Loss: 0.0712, Train MSE: 0.0712, r (train): 0.7205, Test MSE: 0.0614, r (test): 0.4732
Epoch: 16, Training Loss: 0.0674, Train MSE: 0.0674, r (train): 0.7503, Test MSE: 0.0600, r (test): 0.5529
Epoch: 17, Training Loss: 0.0661, Train MSE: 0.0661, r (train): 0.7694, Test MSE: 0.0609, r (test): 0.5128
Epoch: 18, Training Loss: 0.0649, Train MSE: 0.0649, r (train): 0.7882, Test MSE: 0.0600, r (test): 0.4872
Epoch: 19, Training Loss: 0.0643, Train MSE: 0.0643, r (train): 0.8125, Test MSE: 0.0624, r (test): 0.5068
Epoch: 20, Training Loss: 0.0519, Train MSE: 0.0519, r (train): 0.8501, Test MSE: 0.0547, r (test): 0.5107
Epoch: 21, Training Loss: 0.0462, Train MSE: 0.0462, r (train): 0.8763, Test MSE: 0.0607, r (test): 0.3829
Epoch: 22, Training Loss: 0.0455, Train MSE: 0.0455, r (train): 0.8778, Test MSE: 0.0558, r (test): 0.4799
Epoch: 23, Training Loss: 0.0612, Train MSE: 0.0612, r (train): 0.8891, Test MSE: 0.0645, r (test): 0.5185
Epoch: 24, Training Loss: 0.0420, Train MSE: 0.0420, r (train): 0.8939, Test MSE: 0.0516, r (test): 0.4754
Epoch: 25, Training Loss: 0.0904, Train MSE: 0.0904, r (train): 0.9169, Test MSE: 0.0838, r (test): 0.5614
Epoch: 26, Training Loss: 0.1570, Train MSE: 0.1570, r (train): 0.8961, Test MSE: 0.1383, r (test): 0.6875
Epoch: 27, Training Loss: 0.0981, Train MSE: 0.0981, r (train): 0.9170, Test MSE: 0.0885, r (test): 0.5383
Epoch: 28, Training Loss: 0.1084, Train MSE: 0.1084, r (train): 0.8942, Test MSE: 0.0878, r (test): 0.5621
Epoch: 29, Training Loss: 0.1328, Train MSE: 0.1328, r (train): 0.8813, Test MSE: 0.1088, r (test): 0.4992
Epoch: 30, Training Loss: 0.1059, Train MSE: 0.1059, r (train): 0.8770, Test MSE: 0.0888, r (test): 0.5719
Epoch: 31, Training Loss: 0.0514, Train MSE: 0.0514, r (train): 0.8806, Test MSE: 0.0506, r (test): 0.4410
Epoch: 32, Training Loss: 0.0223, Train MSE: 0.0223, r (train): 0.8837, Test MSE: 0.0479, r (test): 0.4671
Epoch: 33, Training Loss: 0.0237, Train MSE: 0.0237, r (train): 0.8916, Test MSE: 0.0391, r (test): 0.5254
Epoch: 34, Training Loss: 0.1218, Train MSE: 0.1218, r (train): 0.8738, Test MSE: 0.1243, r (test): 0.5029
Epoch: 35, Training Loss: 0.0674, Train MSE: 0.0674, r (train): 0.8171, Test MSE: 0.0532, r (test): 0.5613
Epoch: 36, Training Loss: 0.0598, Train MSE: 0.0598, r (train): 0.8747, Test MSE: 0.0705, r (test): 0.3448
Epoch: 37, Training Loss: 0.1587, Train MSE: 0.1587, r (train): 0.9148, Test MSE: 0.1520, r (test): 0.4325
Epoch: 38, Training Loss: 0.1189, Train MSE: 0.1189, r (train): 0.9205, Test MSE: 0.1233, r (test): 0.3152
Epoch: 39, Training Loss: 0.0652, Train MSE: 0.0652, r (train): 0.9125, Test MSE: 0.0715, r (test): 0.2860
Epoch: 40, Training Loss: 0.0544, Train MSE: 0.0544, r (train): 0.9031, Test MSE: 0.0614, r (test): 0.3758
Epoch: 41, Training Loss: 0.0588, Train MSE: 0.0588, r (train): 0.8983, Test MSE: 0.0698, r (test): 0.2833
Epoch: 42, Training Loss: 0.0349, Train MSE: 0.0349, r (train): 0.8846, Test MSE: 0.0581, r (test): 0.2369
Epoch: 43, Training Loss: 0.0303, Train MSE: 0.0303, r (train): 0.8678, Test MSE: 0.0531, r (test): 0.3081
Epoch: 44, Training Loss: 0.0259, Train MSE: 0.0259, r (train): 0.8493, Test MSE: 0.0592, r (test): 0.1716
Epoch: 45, Training Loss: 0.0221, Train MSE: 0.0221, r (train): 0.8730, Test MSE: 0.0689, r (test): 0.0500
Epoch: 46, Training Loss: 0.0356, Train MSE: 0.0356, r (train): 0.8368, Test MSE: 0.0688, r (test): 0.0515
Epoch: 47, Training Loss: 0.0366, Train MSE: 0.0366, r (train): 0.8338, Test MSE: 0.0597, r (test): 0.2908
Epoch: 48, Training Loss: 0.0233, Train MSE: 0.0233, r (train): 0.8970, Test MSE: 0.0767, r (test): 0.2598
Epoch: 49, Training Loss: 0.0309, Train MSE: 0.0309, r (train): 0.8928, Test MSE: 0.0900, r (test): 0.2507
Epoch: 50, Training Loss: 0.0199, Train MSE: 0.0199, r (train): 0.9095, Test MSE: 0.0701, r (test): 0.3992
Epoch: 51, Training Loss: 0.0244, Train MSE: 0.0244, r (train): 0.8864, Test MSE: 0.0587, r (test): 0.2736
Epoch: 52, Training Loss: 0.0219, Train MSE: 0.0219, r (train): 0.8907, Test MSE: 0.0698, r (test): 0.1948
Epoch: 53, Training Loss: 0.0589, Train MSE: 0.0589, r (train): 0.8567, Test MSE: 0.0838, r (test): 0.2169
Epoch: 54, Training Loss: 0.0791, Train MSE: 0.0791, r (train): 0.8768, Test MSE: 0.0918, r (test): 0.3920
Epoch: 55, Training Loss: 0.0634, Train MSE: 0.0634, r (train): 0.8977, Test MSE: 0.0816, r (test): 0.2212
Epoch: 56, Training Loss: 0.0346, Train MSE: 0.0346, r (train): 0.9061, Test MSE: 0.0617, r (test): 0.1802
Epoch: 57, Training Loss: 0.0168, Train MSE: 0.0168, r (train): 0.9159, Test MSE: 0.0627, r (test): 0.0907
Epoch: 58, Training Loss: 0.0154, Train MSE: 0.0154, r (train): 0.9210, Test MSE: 0.0601, r (test): 0.1737
Epoch: 59, Training Loss: 0.0196, Train MSE: 0.0196, r (train): 0.9089, Test MSE: 0.0602, r (test): 0.2603
Epoch: 60, Training Loss: 0.0222, Train MSE: 0.0222, r (train): 0.9129, Test MSE: 0.0777, r (test): 0.3587
Epoch: 61, Training Loss: 0.0259, Train MSE: 0.0259, r (train): 0.8858, Test MSE: 0.0887, r (test): 0.2037
Epoch: 62, Training Loss: 0.0162, Train MSE: 0.0162, r (train): 0.9085, Test MSE: 0.0545, r (test): 0.3274
Epoch: 63, Training Loss: 0.0345, Train MSE: 0.0345, r (train): 0.8730, Test MSE: 0.0613, r (test): 0.3474
Epoch: 64, Training Loss: 0.0497, Train MSE: 0.0497, r (train): 0.8972, Test MSE: 0.0716, r (test): 0.3322
Epoch: 65, Training Loss: 0.0513, Train MSE: 0.0513, r (train): 0.8989, Test MSE: 0.0681, r (test): 0.3576
Epoch: 66, Training Loss: 0.0329, Train MSE: 0.0329, r (train): 0.8861, Test MSE: 0.0621, r (test): 0.2045
Epoch: 67, Training Loss: 0.0141, Train MSE: 0.0141, r (train): 0.9108, Test MSE: 0.0673, r (test): 0.0193
Epoch: 68, Training Loss: 0.0161, Train MSE: 0.0161, r (train): 0.9001, Test MSE: 0.0622, r (test): 0.1129
Epoch: 69, Training Loss: 0.0198, Train MSE: 0.0198, r (train): 0.9147, Test MSE: 0.0754, r (test): 0.0696
Epoch: 70, Training Loss: 0.0786, Train MSE: 0.0786, r (train): 0.8994, Test MSE: 0.1442, r (test): 0.1820
Epoch: 71, Training Loss: 0.0217, Train MSE: 0.0217, r (train): 0.9121, Test MSE: 0.0859, r (test): 0.2108
Epoch: 72, Training Loss: 0.0178, Train MSE: 0.0178, r (train): 0.8877, Test MSE: 0.0730, r (test): 0.2260
Epoch: 73, Training Loss: 0.0209, Train MSE: 0.0209, r (train): 0.8939, Test MSE: 0.0692, r (test): 0.1878
Epoch: 74, Training Loss: 0.0289, Train MSE: 0.0289, r (train): 0.9012, Test MSE: 0.0658, r (test): 0.2451
Epoch: 75, Training Loss: 0.0270, Train MSE: 0.0270, r (train): 0.9024, Test MSE: 0.0610, r (test): 0.2461
Epoch: 76, Training Loss: 0.0163, Train MSE: 0.0163, r (train): 0.9278, Test MSE: 0.0571, r (test): 0.1931
Epoch: 77, Training Loss: 0.0155, Train MSE: 0.0155, r (train): 0.9272, Test MSE: 0.0635, r (test): 0.2120
Epoch: 78, Training Loss: 0.0163, Train MSE: 0.0163, r (train): 0.9112, Test MSE: 0.0663, r (test): 0.0907
Epoch: 79, Training Loss: 0.0187, Train MSE: 0.0187, r (train): 0.9311, Test MSE: 0.0721, r (test): 0.1949
Epoch: 80, Training Loss: 0.0148, Train MSE: 0.0148, r (train): 0.9304, Test MSE: 0.0714, r (test): 0.2305
Epoch: 81, Training Loss: 0.0214, Train MSE: 0.0214, r (train): 0.9041, Test MSE: 0.0742, r (test): 0.2073
Epoch: 82, Training Loss: 0.0176, Train MSE: 0.0176, r (train): 0.8902, Test MSE: 0.0662, r (test): 0.0675
Epoch: 83, Training Loss: 0.0159, Train MSE: 0.0159, r (train): 0.9102, Test MSE: 0.0774, r (test): -0.1428
Epoch: 84, Training Loss: 0.0264, Train MSE: 0.0264, r (train): 0.9282, Test MSE: 0.0795, r (test): 0.1765
Epoch: 85, Training Loss: 0.0577, Train MSE: 0.0577, r (train): 0.9079, Test MSE: 0.1275, r (test): 0.0033
Epoch: 86, Training Loss: 0.0579, Train MSE: 0.0579, r (train): 0.9231, Test MSE: 0.1306, r (test): 0.2088
Epoch: 87, Training Loss: 0.0376, Train MSE: 0.0376, r (train): 0.9084, Test MSE: 0.0968, r (test): 0.2460
Epoch: 88, Training Loss: 0.0314, Train MSE: 0.0314, r (train): 0.9168, Test MSE: 0.0853, r (test): 0.2543
Epoch: 89, Training Loss: 0.0197, Train MSE: 0.0197, r (train): 0.9079, Test MSE: 0.0667, r (test): 0.2130
Epoch: 90, Training Loss: 0.0182, Train MSE: 0.0182, r (train): 0.9072, Test MSE: 0.0685, r (test): 0.1172
Epoch: 91, Training Loss: 0.0207, Train MSE: 0.0207, r (train): 0.8634, Test MSE: 0.0728, r (test): 0.0604
Epoch: 92, Training Loss: 0.0198, Train MSE: 0.0198, r (train): 0.8999, Test MSE: 0.0750, r (test): 0.1438
Epoch: 93, Training Loss: 0.0104, Train MSE: 0.0104, r (train): 0.9406, Test MSE: 0.0661, r (test): 0.1412
Epoch: 94, Training Loss: 0.0312, Train MSE: 0.0312, r (train): 0.9301, Test MSE: 0.0866, r (test): 0.0467
Epoch: 95, Training Loss: 0.0399, Train MSE: 0.0399, r (train): 0.9528, Test MSE: 0.1139, r (test): 0.1347
Epoch: 96, Training Loss: 0.0292, Train MSE: 0.0292, r (train): 0.9483, Test MSE: 0.0848, r (test): 0.2128
Epoch: 97, Training Loss: 0.0357, Train MSE: 0.0357, r (train): 0.9317, Test MSE: 0.1089, r (test): 0.2238
Epoch: 98, Training Loss: 0.0197, Train MSE: 0.0197, r (train): 0.9003, Test MSE: 0.0791, r (test): 0.2564
Epoch: 99, Training Loss: 0.0191, Train MSE: 0.0191, r (train): 0.8867, Test MSE: 0.0641, r (test): 0.2266
Predicted tensors for training set: 
tensor([ 0.3710,  0.0273,  0.5581,  0.5184,  0.6743,  0.1589,  0.4891,  0.4648,
         0.6453,  0.6718,  0.8734,  0.9372,  0.6903,  0.9198,  0.3515,  0.8473,
         1.1056,  0.1177,  0.6524,  0.0710,  0.8660,  0.2619,  0.0461,  0.3378,
        -0.1353,  0.2043,  0.3084,  0.5115, -0.0690,  0.4700,  0.4736,  0.3862,
         0.3187,  0.2508,  0.6065,  0.2939, -0.0201, -0.0168,  0.2943,  0.0132,
         0.4878,  0.5589,  0.7842,  0.7030,  0.4924,  0.4757,  0.8281,  0.4759,
         0.3288,  0.9643,  0.8132,  0.3049,  1.0861,  0.4461,  0.7267,  0.9079,
         0.7268,  0.7250,  0.2476,  0.6550,  0.8793,  0.6734,  0.7753,  0.5368,
         0.7201,  0.7014,  0.5032,  0.4193,  0.4491,  0.8007,  0.8972,  0.7481])
Target tensorsfor training set: 
tensor([0.3077, 0.0389, 0.5187, 0.4640, 0.5564, 0.0981, 0.4341, 0.4526, 0.5780,
        0.6240, 0.9150, 0.9117, 0.5658, 0.8363, 0.2464, 0.9072, 0.9621, 0.0246,
        0.7791, 0.2255, 0.9656, 0.3174, 0.1295, 0.4818, 0.0763, 0.3453, 0.5779,
        0.7950, 0.0478, 0.8411, 0.8453, 0.6992, 0.5719, 0.3309, 0.9492, 0.4373,
        0.1218, 0.0636, 0.4036, 0.1294, 0.5023, 0.7462, 0.8988, 0.7596, 0.5102,
        0.2916, 0.8418, 0.2594, 0.2394, 0.8556, 0.6576, 0.1360, 0.9215, 0.2649,
        0.6595, 0.7372, 0.6846, 0.6199, 0.2169, 0.6577, 0.8728, 0.6671, 0.8391,
        0.5300, 0.7270, 0.7125, 0.5220, 0.4440, 0.3829, 0.7901, 0.9535, 0.7371])
Correlation for training set: 0.8867198623100496
Predicted tensors for test set: 
tensor([0.4413, 0.6573, 0.3215, 0.5197, 0.3716, 0.5921, 0.3366, 0.6773, 0.5844,
        0.7772, 0.4305, 0.3888, 0.3505, 0.6660, 0.5851, 0.5983, 0.3729, 0.2606])
Target tensors for test set: 
tensor([0.5783, 0.5573, 0.1055, 0.4149, 0.4993, 0.4654, 0.7497, 0.6465, 0.8561,
        0.7171, 0.7507, 0.5178, 0.2271, 0.1493, 0.9127, 0.8524, 0.4513, 0.7144])
Correlation for test set: 0.22661970202705464
Fold 2
Epoch: 00, Training Loss: 0.0833, Train MSE: 0.0833, r (train): 0.3062, Test MSE: 0.1238, r (test): -0.3896
Epoch: 01, Training Loss: 0.0797, Train MSE: 0.0797, r (train): 0.4231, Test MSE: 0.1203, r (test): -0.3262
Epoch: 02, Training Loss: 0.0778, Train MSE: 0.0778, r (train): 0.4871, Test MSE: 0.1192, r (test): -0.3212
Epoch: 03, Training Loss: 0.0754, Train MSE: 0.0754, r (train): 0.5239, Test MSE: 0.1175, r (test): -0.3137
Epoch: 04, Training Loss: 0.0742, Train MSE: 0.0742, r (train): 0.5396, Test MSE: 0.1174, r (test): -0.2764
Epoch: 05, Training Loss: 0.0738, Train MSE: 0.0738, r (train): 0.5410, Test MSE: 0.1177, r (test): -0.2842
Epoch: 06, Training Loss: 0.0731, Train MSE: 0.0731, r (train): 0.5611, Test MSE: 0.1185, r (test): -0.2466
Epoch: 07, Training Loss: 0.0713, Train MSE: 0.0713, r (train): 0.5928, Test MSE: 0.1176, r (test): -0.2317
Epoch: 08, Training Loss: 0.0705, Train MSE: 0.0705, r (train): 0.6220, Test MSE: 0.1185, r (test): -0.2212
Epoch: 09, Training Loss: 0.0702, Train MSE: 0.0702, r (train): 0.6451, Test MSE: 0.1192, r (test): -0.1971
Epoch: 10, Training Loss: 0.0686, Train MSE: 0.0686, r (train): 0.6885, Test MSE: 0.1192, r (test): -0.1912
Epoch: 11, Training Loss: 0.0668, Train MSE: 0.0668, r (train): 0.7220, Test MSE: 0.1187, r (test): -0.1692
Epoch: 12, Training Loss: 0.0625, Train MSE: 0.0625, r (train): 0.7525, Test MSE: 0.1183, r (test): -0.1474
Epoch: 13, Training Loss: 0.0588, Train MSE: 0.0588, r (train): 0.7700, Test MSE: 0.1167, r (test): -0.0835
Epoch: 14, Training Loss: 0.0534, Train MSE: 0.0534, r (train): 0.7995, Test MSE: 0.1123, r (test): -0.0474
Epoch: 15, Training Loss: 0.0488, Train MSE: 0.0488, r (train): 0.8376, Test MSE: 0.1096, r (test): 0.0480
Epoch: 16, Training Loss: 0.0499, Train MSE: 0.0499, r (train): 0.8590, Test MSE: 0.1155, r (test): 0.1097
Epoch: 17, Training Loss: 0.0467, Train MSE: 0.0467, r (train): 0.8878, Test MSE: 0.1132, r (test): 0.1899
Epoch: 18, Training Loss: 0.0548, Train MSE: 0.0548, r (train): 0.8962, Test MSE: 0.1179, r (test): 0.2284
Epoch: 19, Training Loss: 0.0544, Train MSE: 0.0544, r (train): 0.9058, Test MSE: 0.1274, r (test): 0.1933
Epoch: 20, Training Loss: 0.0332, Train MSE: 0.0332, r (train): 0.9252, Test MSE: 0.1087, r (test): 0.2095
Epoch: 21, Training Loss: 0.0945, Train MSE: 0.0945, r (train): 0.9262, Test MSE: 0.1654, r (test): 0.3515
Epoch: 22, Training Loss: 0.0928, Train MSE: 0.0928, r (train): 0.9181, Test MSE: 0.1738, r (test): 0.3367
Epoch: 23, Training Loss: 0.0541, Train MSE: 0.0541, r (train): 0.9308, Test MSE: 0.1337, r (test): 0.1822
Epoch: 24, Training Loss: 0.0594, Train MSE: 0.0594, r (train): 0.9278, Test MSE: 0.1285, r (test): 0.3189
Epoch: 25, Training Loss: 0.0569, Train MSE: 0.0569, r (train): 0.9228, Test MSE: 0.1372, r (test): 0.2135
Epoch: 26, Training Loss: 0.0299, Train MSE: 0.0299, r (train): 0.9339, Test MSE: 0.1060, r (test): 0.2003
Epoch: 27, Training Loss: 0.0146, Train MSE: 0.0146, r (train): 0.8978, Test MSE: 0.0925, r (test): 0.1917
Epoch: 28, Training Loss: 0.0227, Train MSE: 0.0227, r (train): 0.8592, Test MSE: 0.0911, r (test): 0.1661
Epoch: 29, Training Loss: 0.0149, Train MSE: 0.0149, r (train): 0.9099, Test MSE: 0.0890, r (test): 0.1851
Epoch: 30, Training Loss: 0.0132, Train MSE: 0.0132, r (train): 0.9140, Test MSE: 0.1009, r (test): 0.0062
Epoch: 31, Training Loss: 0.0242, Train MSE: 0.0242, r (train): 0.8997, Test MSE: 0.0989, r (test): 0.1193
Epoch: 32, Training Loss: 0.1131, Train MSE: 0.1131, r (train): 0.8902, Test MSE: 0.1853, r (test): 0.0747
Epoch: 33, Training Loss: 0.1443, Train MSE: 0.1443, r (train): 0.9193, Test MSE: 0.2152, r (test): 0.1874
Epoch: 34, Training Loss: 0.1210, Train MSE: 0.1210, r (train): 0.9118, Test MSE: 0.1816, r (test): 0.2478
Epoch: 35, Training Loss: 0.0209, Train MSE: 0.0209, r (train): 0.9073, Test MSE: 0.0957, r (test): 0.1804
Epoch: 36, Training Loss: 0.0173, Train MSE: 0.0173, r (train): 0.8687, Test MSE: 0.0741, r (test): 0.4133
Epoch: 37, Training Loss: 0.0518, Train MSE: 0.0518, r (train): 0.9114, Test MSE: 0.1351, r (test): 0.2211
Epoch: 38, Training Loss: 0.0938, Train MSE: 0.0938, r (train): 0.9458, Test MSE: 0.1652, r (test): 0.2913
Epoch: 39, Training Loss: 0.0463, Train MSE: 0.0463, r (train): 0.9281, Test MSE: 0.1209, r (test): 0.2326
Epoch: 40, Training Loss: 0.0288, Train MSE: 0.0288, r (train): 0.9049, Test MSE: 0.0984, r (test): 0.3027
Epoch: 41, Training Loss: 0.0386, Train MSE: 0.0386, r (train): 0.9065, Test MSE: 0.1053, r (test): 0.3521
Epoch: 42, Training Loss: 0.0479, Train MSE: 0.0479, r (train): 0.9009, Test MSE: 0.1166, r (test): 0.2593
Epoch: 43, Training Loss: 0.0275, Train MSE: 0.0275, r (train): 0.9018, Test MSE: 0.0900, r (test): 0.3458
Epoch: 44, Training Loss: 0.0134, Train MSE: 0.0134, r (train): 0.9015, Test MSE: 0.0860, r (test): 0.2408
Epoch: 45, Training Loss: 0.0158, Train MSE: 0.0158, r (train): 0.8877, Test MSE: 0.0866, r (test): 0.2470
Epoch: 46, Training Loss: 0.0161, Train MSE: 0.0161, r (train): 0.8842, Test MSE: 0.0861, r (test): 0.2380
Epoch: 47, Training Loss: 0.0193, Train MSE: 0.0193, r (train): 0.8770, Test MSE: 0.0924, r (test): 0.2359
Epoch: 48, Training Loss: 0.0330, Train MSE: 0.0330, r (train): 0.8816, Test MSE: 0.1224, r (test): -0.0126
Epoch: 49, Training Loss: 0.0184, Train MSE: 0.0184, r (train): 0.8786, Test MSE: 0.0978, r (test): 0.0140
Epoch: 50, Training Loss: 0.0203, Train MSE: 0.0203, r (train): 0.8793, Test MSE: 0.1051, r (test): 0.0509
Epoch: 51, Training Loss: 0.0137, Train MSE: 0.0137, r (train): 0.9011, Test MSE: 0.0991, r (test): 0.0617
Epoch: 52, Training Loss: 0.0231, Train MSE: 0.0231, r (train): 0.9073, Test MSE: 0.1288, r (test): -0.1012
Epoch: 53, Training Loss: 0.0445, Train MSE: 0.0445, r (train): 0.8950, Test MSE: 0.1568, r (test): -0.1314
Epoch: 54, Training Loss: 0.0647, Train MSE: 0.0647, r (train): 0.9142, Test MSE: 0.1580, r (test): -0.0088
Epoch: 55, Training Loss: 0.0933, Train MSE: 0.0933, r (train): 0.9162, Test MSE: 0.1872, r (test): -0.0061
Epoch: 56, Training Loss: 0.0655, Train MSE: 0.0655, r (train): 0.9173, Test MSE: 0.1478, r (test): 0.1224
Epoch: 57, Training Loss: 0.0438, Train MSE: 0.0438, r (train): 0.8855, Test MSE: 0.1366, r (test): -0.0619
Epoch: 58, Training Loss: 0.0411, Train MSE: 0.0411, r (train): 0.8798, Test MSE: 0.1293, r (test): 0.0658
Epoch: 59, Training Loss: 0.0283, Train MSE: 0.0283, r (train): 0.9225, Test MSE: 0.1260, r (test): -0.0827
Epoch: 60, Training Loss: 0.0135, Train MSE: 0.0135, r (train): 0.9270, Test MSE: 0.1023, r (test): 0.0548
Epoch: 61, Training Loss: 0.0087, Train MSE: 0.0087, r (train): 0.9382, Test MSE: 0.1034, r (test): 0.1074
Epoch: 62, Training Loss: 0.0113, Train MSE: 0.0113, r (train): 0.9384, Test MSE: 0.0983, r (test): 0.0889
Epoch: 63, Training Loss: 0.0100, Train MSE: 0.0100, r (train): 0.9343, Test MSE: 0.1079, r (test): 0.0173
Epoch: 64, Training Loss: 0.0118, Train MSE: 0.0118, r (train): 0.9217, Test MSE: 0.1197, r (test): -0.0938
Epoch: 65, Training Loss: 0.0165, Train MSE: 0.0165, r (train): 0.9142, Test MSE: 0.1201, r (test): -0.0881
Epoch: 66, Training Loss: 0.0306, Train MSE: 0.0306, r (train): 0.9202, Test MSE: 0.1363, r (test): -0.1408
Epoch: 67, Training Loss: 0.0389, Train MSE: 0.0389, r (train): 0.9270, Test MSE: 0.1415, r (test): -0.1011
Epoch: 68, Training Loss: 0.0227, Train MSE: 0.0227, r (train): 0.9113, Test MSE: 0.1186, r (test): -0.0720
Epoch: 69, Training Loss: 0.0258, Train MSE: 0.0258, r (train): 0.8838, Test MSE: 0.1019, r (test): 0.0939
Epoch: 70, Training Loss: 0.0195, Train MSE: 0.0195, r (train): 0.9034, Test MSE: 0.1170, r (test): -0.1000
Epoch: 71, Training Loss: 0.0121, Train MSE: 0.0121, r (train): 0.9273, Test MSE: 0.1015, r (test): 0.0555
Epoch: 72, Training Loss: 0.0129, Train MSE: 0.0129, r (train): 0.9093, Test MSE: 0.0949, r (test): 0.0189
Epoch: 73, Training Loss: 0.0157, Train MSE: 0.0157, r (train): 0.8997, Test MSE: 0.0938, r (test): 0.1544
Epoch: 74, Training Loss: 0.0202, Train MSE: 0.0202, r (train): 0.8594, Test MSE: 0.0940, r (test): 0.1774
Epoch: 75, Training Loss: 0.0110, Train MSE: 0.0110, r (train): 0.9273, Test MSE: 0.0973, r (test): 0.0685
Epoch: 76, Training Loss: 0.0115, Train MSE: 0.0115, r (train): 0.9219, Test MSE: 0.1152, r (test): -0.1956
Epoch: 77, Training Loss: 0.0144, Train MSE: 0.0144, r (train): 0.9292, Test MSE: 0.1104, r (test): -0.0215
Epoch: 78, Training Loss: 0.0118, Train MSE: 0.0118, r (train): 0.9194, Test MSE: 0.1086, r (test): -0.0903
Epoch: 79, Training Loss: 0.0116, Train MSE: 0.0116, r (train): 0.9344, Test MSE: 0.1101, r (test): -0.1451
Epoch: 80, Training Loss: 0.0191, Train MSE: 0.0191, r (train): 0.9309, Test MSE: 0.1130, r (test): -0.0942
Epoch: 81, Training Loss: 0.0118, Train MSE: 0.0118, r (train): 0.9246, Test MSE: 0.1014, r (test): -0.0065
Epoch: 82, Training Loss: 0.0188, Train MSE: 0.0188, r (train): 0.9146, Test MSE: 0.1145, r (test): -0.0843
Epoch: 83, Training Loss: 0.0231, Train MSE: 0.0231, r (train): 0.9149, Test MSE: 0.1155, r (test): 0.0027
Epoch: 84, Training Loss: 0.0360, Train MSE: 0.0360, r (train): 0.8898, Test MSE: 0.1309, r (test): 0.0214
Epoch: 85, Training Loss: 0.0313, Train MSE: 0.0313, r (train): 0.9010, Test MSE: 0.1320, r (test): 0.0077
Epoch: 86, Training Loss: 0.0429, Train MSE: 0.0429, r (train): 0.8937, Test MSE: 0.1525, r (test): -0.0747
Epoch: 87, Training Loss: 0.0131, Train MSE: 0.0131, r (train): 0.9232, Test MSE: 0.1104, r (test): -0.1088
Epoch: 88, Training Loss: 0.0217, Train MSE: 0.0217, r (train): 0.9179, Test MSE: 0.1189, r (test): -0.1154
Epoch: 89, Training Loss: 0.0211, Train MSE: 0.0211, r (train): 0.9292, Test MSE: 0.0992, r (test): 0.1150
Epoch: 90, Training Loss: 0.0209, Train MSE: 0.0209, r (train): 0.9263, Test MSE: 0.1095, r (test): 0.0218
Epoch: 91, Training Loss: 0.0163, Train MSE: 0.0163, r (train): 0.9256, Test MSE: 0.1077, r (test): 0.0840
Epoch: 92, Training Loss: 0.0157, Train MSE: 0.0157, r (train): 0.9026, Test MSE: 0.1068, r (test): 0.0624
Epoch: 93, Training Loss: 0.0130, Train MSE: 0.0130, r (train): 0.9189, Test MSE: 0.1126, r (test): 0.0136
Epoch: 94, Training Loss: 0.0183, Train MSE: 0.0183, r (train): 0.9272, Test MSE: 0.1112, r (test): 0.0421
Epoch: 95, Training Loss: 0.0294, Train MSE: 0.0294, r (train): 0.9324, Test MSE: 0.1219, r (test): 0.0840
Epoch: 96, Training Loss: 0.0311, Train MSE: 0.0311, r (train): 0.9238, Test MSE: 0.1251, r (test): 0.0482
Epoch: 97, Training Loss: 0.0102, Train MSE: 0.0102, r (train): 0.9355, Test MSE: 0.1154, r (test): -0.0951
Epoch: 98, Training Loss: 0.0122, Train MSE: 0.0122, r (train): 0.9275, Test MSE: 0.1196, r (test): -0.1924
Epoch: 99, Training Loss: 0.0101, Train MSE: 0.0101, r (train): 0.9599, Test MSE: 0.1046, r (test): -0.0131
Predicted tensors for training set: 
tensor([ 0.6926,  0.6448,  0.1687,  0.4384,  0.5310,  0.5885,  0.8463,  0.6287,
         0.9590,  0.8089,  0.8428,  0.5804,  0.3209,  0.1778,  1.0336,  0.9033,
         0.4979,  0.6398,  0.7662,  0.2051,  0.9240,  0.3177,  0.0878,  0.4488,
        -0.0299,  0.2448,  0.5274,  0.8496, -0.1391,  0.7658,  0.7836,  0.7220,
         0.5142,  0.1749,  0.9949,  0.3261,  0.0848,  0.0410,  0.4063,  0.1497,
         0.5542,  0.7923,  0.9660,  0.8245,  0.5903,  0.3789,  1.0073,  0.3587,
         0.3864,  1.0068,  0.8236,  0.2880,  1.1166,  0.3950,  0.8150,  1.0085,
         0.8094,  0.8228,  0.3588,  0.7953,  0.9966,  0.7901,  0.9815,  0.6219,
         0.8200,  0.7149,  0.5784,  0.4584,  0.4526,  0.8316,  0.9580,  0.7693])
Target tensorsfor training set: 
tensor([0.5783, 0.5573, 0.1055, 0.4149, 0.4993, 0.4654, 0.7497, 0.6465, 0.8561,
        0.7171, 0.7507, 0.5178, 0.2271, 0.1493, 0.9127, 0.8524, 0.4513, 0.7144,
        0.7791, 0.2255, 0.9656, 0.3174, 0.1295, 0.4818, 0.0763, 0.3453, 0.5779,
        0.7950, 0.0478, 0.8411, 0.8453, 0.6992, 0.5719, 0.3309, 0.9492, 0.4373,
        0.1218, 0.0636, 0.4036, 0.1294, 0.5023, 0.7462, 0.8988, 0.7596, 0.5102,
        0.2916, 0.8418, 0.2594, 0.2394, 0.8556, 0.6576, 0.1360, 0.9215, 0.2649,
        0.6595, 0.7372, 0.6846, 0.6199, 0.2169, 0.6577, 0.8728, 0.6671, 0.8391,
        0.5300, 0.7270, 0.7125, 0.5220, 0.4440, 0.3829, 0.7901, 0.9535, 0.7371])
Correlation for training set: 0.9598864823979418
Predicted tensors for test set: 
tensor([0.6433, 0.6526, 0.3557, 0.4408, 0.5892, 0.4750, 0.3613, 0.3772, 0.6533,
        0.4693, 0.3885, 0.6140, 0.5408, 0.7850, 0.6610, 0.7103, 0.4916, 0.6426])
Target tensors for test set: 
tensor([0.3077, 0.0389, 0.5187, 0.4640, 0.5564, 0.0981, 0.4341, 0.4526, 0.5780,
        0.6240, 0.9150, 0.9117, 0.5658, 0.8363, 0.2464, 0.9072, 0.9621, 0.0246])
Correlation for test set: -0.013082345728634242
Fold 3
Epoch: 00, Training Loss: 0.0803, Train MSE: 0.0803, r (train): 0.2665, Test MSE: 0.1096, r (test): 0.0481
Epoch: 01, Training Loss: 0.0775, Train MSE: 0.0775, r (train): 0.3817, Test MSE: 0.1073, r (test): 0.0480
Epoch: 02, Training Loss: 0.0758, Train MSE: 0.0758, r (train): 0.4302, Test MSE: 0.1066, r (test): 0.0009
Epoch: 03, Training Loss: 0.0753, Train MSE: 0.0753, r (train): 0.4542, Test MSE: 0.1064, r (test): 0.0166
Epoch: 04, Training Loss: 0.0735, Train MSE: 0.0735, r (train): 0.4922, Test MSE: 0.1066, r (test): -0.0281
Epoch: 05, Training Loss: 0.0723, Train MSE: 0.0723, r (train): 0.5337, Test MSE: 0.1066, r (test): -0.0390
Epoch: 06, Training Loss: 0.0706, Train MSE: 0.0706, r (train): 0.5512, Test MSE: 0.1056, r (test): -0.0332
Epoch: 07, Training Loss: 0.0705, Train MSE: 0.0705, r (train): 0.5828, Test MSE: 0.1075, r (test): -0.0561
Epoch: 08, Training Loss: 0.0687, Train MSE: 0.0687, r (train): 0.6140, Test MSE: 0.1080, r (test): -0.0940
Epoch: 09, Training Loss: 0.0666, Train MSE: 0.0666, r (train): 0.6485, Test MSE: 0.1074, r (test): -0.0907
Epoch: 10, Training Loss: 0.0662, Train MSE: 0.0662, r (train): 0.6349, Test MSE: 0.1081, r (test): -0.1092
Epoch: 11, Training Loss: 0.0632, Train MSE: 0.0632, r (train): 0.7195, Test MSE: 0.1095, r (test): -0.1089
Epoch: 12, Training Loss: 0.0621, Train MSE: 0.0621, r (train): 0.7237, Test MSE: 0.1109, r (test): -0.1519
Epoch: 13, Training Loss: 0.0589, Train MSE: 0.0589, r (train): 0.7576, Test MSE: 0.1117, r (test): -0.1905
Epoch: 14, Training Loss: 0.0537, Train MSE: 0.0537, r (train): 0.8062, Test MSE: 0.1139, r (test): -0.2418
Epoch: 15, Training Loss: 0.0499, Train MSE: 0.0499, r (train): 0.8240, Test MSE: 0.1168, r (test): -0.2276
Epoch: 16, Training Loss: 0.0431, Train MSE: 0.0431, r (train): 0.8523, Test MSE: 0.1139, r (test): -0.1731
Epoch: 17, Training Loss: 0.0386, Train MSE: 0.0386, r (train): 0.8624, Test MSE: 0.1174, r (test): -0.1754
Epoch: 18, Training Loss: 0.0261, Train MSE: 0.0261, r (train): 0.8745, Test MSE: 0.1036, r (test): -0.0880
Epoch: 19, Training Loss: 0.0187, Train MSE: 0.0187, r (train): 0.8847, Test MSE: 0.0953, r (test): -0.0005
Epoch: 20, Training Loss: 0.0134, Train MSE: 0.0134, r (train): 0.9101, Test MSE: 0.0981, r (test): -0.0116
Epoch: 21, Training Loss: 0.0133, Train MSE: 0.0133, r (train): 0.9239, Test MSE: 0.1011, r (test): -0.0072
Epoch: 22, Training Loss: 0.0151, Train MSE: 0.0151, r (train): 0.9305, Test MSE: 0.0963, r (test): 0.1265
Epoch: 23, Training Loss: 0.0299, Train MSE: 0.0299, r (train): 0.9590, Test MSE: 0.1297, r (test): -0.1686
Epoch: 24, Training Loss: 0.0455, Train MSE: 0.0455, r (train): 0.9399, Test MSE: 0.1515, r (test): -0.1891
Epoch: 25, Training Loss: 0.0167, Train MSE: 0.0167, r (train): 0.9502, Test MSE: 0.1174, r (test): -0.1716
Epoch: 26, Training Loss: 0.0090, Train MSE: 0.0090, r (train): 0.9384, Test MSE: 0.1088, r (test): -0.1563
Epoch: 27, Training Loss: 0.0190, Train MSE: 0.0190, r (train): 0.9353, Test MSE: 0.1012, r (test): 0.0725
Epoch: 28, Training Loss: 0.0560, Train MSE: 0.0560, r (train): 0.9519, Test MSE: 0.1587, r (test): -0.1360
Epoch: 29, Training Loss: 0.0224, Train MSE: 0.0224, r (train): 0.9652, Test MSE: 0.1245, r (test): -0.1236
Epoch: 30, Training Loss: 0.0049, Train MSE: 0.0049, r (train): 0.9659, Test MSE: 0.1038, r (test): -0.0876
Epoch: 31, Training Loss: 0.0046, Train MSE: 0.0046, r (train): 0.9673, Test MSE: 0.1115, r (test): -0.1965
Epoch: 32, Training Loss: 0.0096, Train MSE: 0.0096, r (train): 0.9492, Test MSE: 0.1069, r (test): -0.0484
Epoch: 33, Training Loss: 0.0143, Train MSE: 0.0143, r (train): 0.9392, Test MSE: 0.1056, r (test): 0.0396
Epoch: 34, Training Loss: 0.0277, Train MSE: 0.0277, r (train): 0.9177, Test MSE: 0.1200, r (test): 0.0442
Epoch: 35, Training Loss: 0.0364, Train MSE: 0.0364, r (train): 0.9147, Test MSE: 0.1290, r (test): 0.0021
Epoch: 36, Training Loss: 0.0522, Train MSE: 0.0522, r (train): 0.9022, Test MSE: 0.1579, r (test): -0.1919
Epoch: 37, Training Loss: 0.0130, Train MSE: 0.0130, r (train): 0.9336, Test MSE: 0.1042, r (test): -0.0067
Epoch: 38, Training Loss: 0.0153, Train MSE: 0.0153, r (train): 0.9143, Test MSE: 0.1071, r (test): -0.0937
Epoch: 39, Training Loss: 0.0168, Train MSE: 0.0168, r (train): 0.9306, Test MSE: 0.0993, r (test): 0.1561
Epoch: 40, Training Loss: 0.0551, Train MSE: 0.0551, r (train): 0.9190, Test MSE: 0.1702, r (test): -0.1073
Epoch: 41, Training Loss: 0.0130, Train MSE: 0.0130, r (train): 0.9133, Test MSE: 0.1021, r (test): -0.0026
Epoch: 42, Training Loss: 0.0106, Train MSE: 0.0106, r (train): 0.9349, Test MSE: 0.1182, r (test): -0.1230
Epoch: 43, Training Loss: 0.0072, Train MSE: 0.0072, r (train): 0.9495, Test MSE: 0.0954, r (test): 0.0572
Epoch: 44, Training Loss: 0.0144, Train MSE: 0.0144, r (train): 0.9329, Test MSE: 0.1038, r (test): 0.1040
Epoch: 45, Training Loss: 0.0143, Train MSE: 0.0143, r (train): 0.8987, Test MSE: 0.0907, r (test): 0.0882
Epoch: 46, Training Loss: 0.0220, Train MSE: 0.0220, r (train): 0.9337, Test MSE: 0.1082, r (test): 0.1563
Epoch: 47, Training Loss: 0.0129, Train MSE: 0.0129, r (train): 0.9362, Test MSE: 0.0880, r (test): 0.1946
Epoch: 48, Training Loss: 0.0107, Train MSE: 0.0107, r (train): 0.9228, Test MSE: 0.0896, r (test): 0.1439
Epoch: 49, Training Loss: 0.0219, Train MSE: 0.0219, r (train): 0.8729, Test MSE: 0.0985, r (test): 0.0109
Epoch: 50, Training Loss: 0.0095, Train MSE: 0.0095, r (train): 0.9303, Test MSE: 0.0938, r (test): 0.0543
Epoch: 51, Training Loss: 0.0136, Train MSE: 0.0136, r (train): 0.9147, Test MSE: 0.0885, r (test): 0.1563
Epoch: 52, Training Loss: 0.0122, Train MSE: 0.0122, r (train): 0.9368, Test MSE: 0.0952, r (test): 0.0920
Epoch: 53, Training Loss: 0.0416, Train MSE: 0.0416, r (train): 0.9265, Test MSE: 0.1200, r (test): 0.1333
Epoch: 54, Training Loss: 0.0500, Train MSE: 0.0500, r (train): 0.9219, Test MSE: 0.1193, r (test): 0.1993
Epoch: 55, Training Loss: 0.0473, Train MSE: 0.0473, r (train): 0.9349, Test MSE: 0.1190, r (test): 0.2011
Epoch: 56, Training Loss: 0.0460, Train MSE: 0.0460, r (train): 0.9346, Test MSE: 0.1162, r (test): 0.2186
Epoch: 57, Training Loss: 0.0505, Train MSE: 0.0505, r (train): 0.9375, Test MSE: 0.1319, r (test): 0.1091
Epoch: 58, Training Loss: 0.0390, Train MSE: 0.0390, r (train): 0.9059, Test MSE: 0.1130, r (test): 0.2114
Epoch: 59, Training Loss: 0.0325, Train MSE: 0.0325, r (train): 0.9056, Test MSE: 0.1195, r (test): -0.0297
Epoch: 60, Training Loss: 0.0123, Train MSE: 0.0123, r (train): 0.9231, Test MSE: 0.1052, r (test): -0.0171
Epoch: 61, Training Loss: 0.0103, Train MSE: 0.0103, r (train): 0.9343, Test MSE: 0.0964, r (test): 0.0806
Epoch: 62, Training Loss: 0.0135, Train MSE: 0.0135, r (train): 0.9284, Test MSE: 0.0991, r (test): 0.1019
Epoch: 63, Training Loss: 0.0126, Train MSE: 0.0126, r (train): 0.9136, Test MSE: 0.1033, r (test): -0.0211
Epoch: 64, Training Loss: 0.0142, Train MSE: 0.0142, r (train): 0.9174, Test MSE: 0.0957, r (test): 0.0767
Epoch: 65, Training Loss: 0.0107, Train MSE: 0.0107, r (train): 0.9262, Test MSE: 0.0914, r (test): 0.1334
Epoch: 66, Training Loss: 0.0076, Train MSE: 0.0076, r (train): 0.9508, Test MSE: 0.0960, r (test): 0.0726
Epoch: 67, Training Loss: 0.0247, Train MSE: 0.0247, r (train): 0.9434, Test MSE: 0.1150, r (test): 0.0205
Epoch: 68, Training Loss: 0.0386, Train MSE: 0.0386, r (train): 0.9464, Test MSE: 0.1288, r (test): -0.0117
Epoch: 69, Training Loss: 0.0355, Train MSE: 0.0355, r (train): 0.9464, Test MSE: 0.1144, r (test): 0.1515
Epoch: 70, Training Loss: 0.0237, Train MSE: 0.0237, r (train): 0.9422, Test MSE: 0.1043, r (test): 0.1623
Epoch: 71, Training Loss: 0.0137, Train MSE: 0.0137, r (train): 0.9438, Test MSE: 0.0968, r (test): 0.1752
Epoch: 72, Training Loss: 0.0116, Train MSE: 0.0116, r (train): 0.9290, Test MSE: 0.0958, r (test): 0.1410
Epoch: 73, Training Loss: 0.0109, Train MSE: 0.0109, r (train): 0.9264, Test MSE: 0.0955, r (test): 0.0662
Epoch: 74, Training Loss: 0.0198, Train MSE: 0.0198, r (train): 0.9298, Test MSE: 0.1186, r (test): -0.0684
Epoch: 75, Training Loss: 0.0068, Train MSE: 0.0068, r (train): 0.9498, Test MSE: 0.1069, r (test): -0.0452
Epoch: 76, Training Loss: 0.0080, Train MSE: 0.0080, r (train): 0.9575, Test MSE: 0.1009, r (test): -0.0098
Epoch: 77, Training Loss: 0.0169, Train MSE: 0.0169, r (train): 0.9603, Test MSE: 0.1045, r (test): 0.0534
Epoch: 78, Training Loss: 0.0284, Train MSE: 0.0284, r (train): 0.9638, Test MSE: 0.1091, r (test): 0.1010
Epoch: 79, Training Loss: 0.0141, Train MSE: 0.0141, r (train): 0.9607, Test MSE: 0.0893, r (test): 0.2128
Epoch: 80, Training Loss: 0.0093, Train MSE: 0.0093, r (train): 0.9509, Test MSE: 0.0860, r (test): 0.2423
Epoch: 81, Training Loss: 0.0078, Train MSE: 0.0078, r (train): 0.9477, Test MSE: 0.0962, r (test): 0.1554
Epoch: 82, Training Loss: 0.0140, Train MSE: 0.0140, r (train): 0.9419, Test MSE: 0.1066, r (test): 0.0425
Epoch: 83, Training Loss: 0.0153, Train MSE: 0.0153, r (train): 0.9309, Test MSE: 0.0968, r (test): 0.0236
Epoch: 84, Training Loss: 0.0086, Train MSE: 0.0086, r (train): 0.9590, Test MSE: 0.0920, r (test): 0.1500
Epoch: 85, Training Loss: 0.0100, Train MSE: 0.0100, r (train): 0.9660, Test MSE: 0.1024, r (test): 0.0488
Epoch: 86, Training Loss: 0.0208, Train MSE: 0.0208, r (train): 0.9638, Test MSE: 0.1015, r (test): 0.1846
Epoch: 87, Training Loss: 0.0221, Train MSE: 0.0221, r (train): 0.9616, Test MSE: 0.1031, r (test): 0.1706
Epoch: 88, Training Loss: 0.0074, Train MSE: 0.0074, r (train): 0.9579, Test MSE: 0.0870, r (test): 0.1748
Epoch: 89, Training Loss: 0.0066, Train MSE: 0.0066, r (train): 0.9639, Test MSE: 0.0930, r (test): 0.1493
Epoch: 90, Training Loss: 0.0081, Train MSE: 0.0081, r (train): 0.9621, Test MSE: 0.1011, r (test): 0.0339
Epoch: 91, Training Loss: 0.0109, Train MSE: 0.0109, r (train): 0.9475, Test MSE: 0.1016, r (test): -0.0149
Epoch: 92, Training Loss: 0.0076, Train MSE: 0.0076, r (train): 0.9524, Test MSE: 0.0986, r (test): 0.0077
Epoch: 93, Training Loss: 0.0155, Train MSE: 0.0155, r (train): 0.9665, Test MSE: 0.1092, r (test): -0.0285
Epoch: 94, Training Loss: 0.0149, Train MSE: 0.0149, r (train): 0.9585, Test MSE: 0.0961, r (test): 0.1682
Epoch: 95, Training Loss: 0.0084, Train MSE: 0.0084, r (train): 0.9635, Test MSE: 0.0918, r (test): 0.1058
Epoch: 96, Training Loss: 0.0097, Train MSE: 0.0097, r (train): 0.9548, Test MSE: 0.0940, r (test): 0.1417
Epoch: 97, Training Loss: 0.0142, Train MSE: 0.0142, r (train): 0.9516, Test MSE: 0.1017, r (test): 0.1110
Epoch: 98, Training Loss: 0.0100, Train MSE: 0.0100, r (train): 0.9416, Test MSE: 0.1145, r (test): -0.0859
Epoch: 99, Training Loss: 0.0088, Train MSE: 0.0088, r (train): 0.9548, Test MSE: 0.0960, r (test): 0.1423
Predicted tensors for training set: 
tensor([ 0.6543,  0.5308,  0.0813,  0.4723,  0.5092,  0.4690,  0.7085,  0.6181,
         0.8736,  0.6146,  0.6646,  0.4791,  0.1230,  0.1590,  0.8373,  0.6535,
         0.3398,  0.5237,  0.1865, -0.1198,  0.4650,  0.1908,  0.3331, -0.0157,
         0.3124,  0.3113,  0.4326,  0.5020,  0.8229,  0.8064,  0.5005,  0.7513,
         0.2653,  0.7854,  0.9016,  0.0977,  0.2307,  0.2158,  0.4664,  0.1331,
         0.5587,  0.7328,  0.8455,  0.7344,  0.5650,  0.2409,  0.8246,  0.2704,
         0.2609,  0.8796,  0.6760,  0.1009,  1.0024,  0.2645,  0.5830,  0.7015,
         0.5674,  0.5773,  0.1351,  0.5602,  0.7410,  0.5580,  0.7187,  0.4754,
         0.6225,  0.6406,  0.4572,  0.3769,  0.3777,  0.7381,  0.9119,  0.6259])
Target tensorsfor training set: 
tensor([0.5783, 0.5573, 0.1055, 0.4149, 0.4993, 0.4654, 0.7497, 0.6465, 0.8561,
        0.7171, 0.7507, 0.5178, 0.2271, 0.1493, 0.9127, 0.8524, 0.4513, 0.7144,
        0.3077, 0.0389, 0.5187, 0.4640, 0.5564, 0.0981, 0.4341, 0.4526, 0.5780,
        0.6240, 0.9150, 0.9117, 0.5658, 0.8363, 0.2464, 0.9072, 0.9621, 0.0246,
        0.1218, 0.0636, 0.4036, 0.1294, 0.5023, 0.7462, 0.8988, 0.7596, 0.5102,
        0.2916, 0.8418, 0.2594, 0.2394, 0.8556, 0.6576, 0.1360, 0.9215, 0.2649,
        0.6595, 0.7372, 0.6846, 0.6199, 0.2169, 0.6577, 0.8728, 0.6671, 0.8391,
        0.5300, 0.7270, 0.7125, 0.5220, 0.4440, 0.3829, 0.7901, 0.9535, 0.7371])
Correlation for training set: 0.9548090032485886
Predicted tensors for test set: 
tensor([0.6792, 0.5748, 0.5599, 0.4598, 0.4975, 0.2602, 0.4274, 0.6381, 0.5326,
        0.5404, 0.2742, 0.6004, 0.5012, 0.1373, 0.5076, 0.4545, 0.3281, 0.4893])
Target tensors for test set: 
tensor([0.7791, 0.2255, 0.9656, 0.3174, 0.1295, 0.4818, 0.0763, 0.3453, 0.5779,
        0.7950, 0.0478, 0.8411, 0.8453, 0.6992, 0.5719, 0.3309, 0.9492, 0.4373])
Correlation for test set: 0.1422571032043536
Fold 4
Epoch: 00, Training Loss: 0.0802, Train MSE: 0.0802, r (train): 0.0839, Test MSE: 0.1266, r (test): 0.3165
Epoch: 01, Training Loss: 0.0780, Train MSE: 0.0780, r (train): 0.2690, Test MSE: 0.1252, r (test): 0.4582
Epoch: 02, Training Loss: 0.0760, Train MSE: 0.0760, r (train): 0.3737, Test MSE: 0.1248, r (test): 0.4635
Epoch: 03, Training Loss: 0.0749, Train MSE: 0.0749, r (train): 0.4189, Test MSE: 0.1244, r (test): 0.4637
Epoch: 04, Training Loss: 0.0732, Train MSE: 0.0732, r (train): 0.4593, Test MSE: 0.1219, r (test): 0.4899
Epoch: 05, Training Loss: 0.0719, Train MSE: 0.0719, r (train): 0.4947, Test MSE: 0.1217, r (test): 0.4776
Epoch: 06, Training Loss: 0.0710, Train MSE: 0.0710, r (train): 0.5198, Test MSE: 0.1217, r (test): 0.4505
Epoch: 07, Training Loss: 0.0698, Train MSE: 0.0698, r (train): 0.5597, Test MSE: 0.1206, r (test): 0.4516
Epoch: 08, Training Loss: 0.0686, Train MSE: 0.0686, r (train): 0.5771, Test MSE: 0.1206, r (test): 0.4431
Epoch: 09, Training Loss: 0.0673, Train MSE: 0.0673, r (train): 0.6097, Test MSE: 0.1213, r (test): 0.4269
Epoch: 10, Training Loss: 0.0666, Train MSE: 0.0666, r (train): 0.6260, Test MSE: 0.1217, r (test): 0.4353
Epoch: 11, Training Loss: 0.0648, Train MSE: 0.0648, r (train): 0.6651, Test MSE: 0.1217, r (test): 0.4212
Epoch: 12, Training Loss: 0.0639, Train MSE: 0.0639, r (train): 0.6821, Test MSE: 0.1223, r (test): 0.4344
Epoch: 13, Training Loss: 0.0632, Train MSE: 0.0632, r (train): 0.7116, Test MSE: 0.1236, r (test): 0.4408
Epoch: 14, Training Loss: 0.0597, Train MSE: 0.0597, r (train): 0.7611, Test MSE: 0.1239, r (test): 0.4173
Epoch: 15, Training Loss: 0.0581, Train MSE: 0.0581, r (train): 0.7576, Test MSE: 0.1262, r (test): 0.4084
Epoch: 16, Training Loss: 0.0537, Train MSE: 0.0537, r (train): 0.8068, Test MSE: 0.1281, r (test): 0.3871
Epoch: 17, Training Loss: 0.0470, Train MSE: 0.0470, r (train): 0.8194, Test MSE: 0.1220, r (test): 0.3711
Epoch: 18, Training Loss: 0.0413, Train MSE: 0.0413, r (train): 0.8493, Test MSE: 0.1201, r (test): 0.3548
Epoch: 19, Training Loss: 0.0372, Train MSE: 0.0372, r (train): 0.8607, Test MSE: 0.1210, r (test): 0.3054
Epoch: 20, Training Loss: 0.0278, Train MSE: 0.0278, r (train): 0.8746, Test MSE: 0.1140, r (test): 0.2408
Epoch: 21, Training Loss: 0.0275, Train MSE: 0.0275, r (train): 0.8866, Test MSE: 0.1218, r (test): 0.2319
Epoch: 22, Training Loss: 0.0220, Train MSE: 0.0220, r (train): 0.8962, Test MSE: 0.1176, r (test): 0.1685
Epoch: 23, Training Loss: 0.0167, Train MSE: 0.0167, r (train): 0.9201, Test MSE: 0.1172, r (test): 0.1596
Epoch: 24, Training Loss: 0.0169, Train MSE: 0.0169, r (train): 0.9206, Test MSE: 0.1199, r (test): 0.2249
Epoch: 25, Training Loss: 0.0103, Train MSE: 0.0103, r (train): 0.9215, Test MSE: 0.1039, r (test): 0.1500
Epoch: 26, Training Loss: 0.0143, Train MSE: 0.0143, r (train): 0.9139, Test MSE: 0.1113, r (test): 0.2079
Epoch: 27, Training Loss: 0.0924, Train MSE: 0.0924, r (train): 0.9368, Test MSE: 0.2532, r (test): -0.0340
Epoch: 28, Training Loss: 0.1474, Train MSE: 0.1474, r (train): 0.9348, Test MSE: 0.3216, r (test): 0.0511
Epoch: 29, Training Loss: 0.0876, Train MSE: 0.0876, r (train): 0.9381, Test MSE: 0.2293, r (test): 0.0454
Epoch: 30, Training Loss: 0.0375, Train MSE: 0.0375, r (train): 0.9127, Test MSE: 0.1529, r (test): 0.1636
Epoch: 31, Training Loss: 0.0134, Train MSE: 0.0134, r (train): 0.9265, Test MSE: 0.1087, r (test): 0.1492
Epoch: 32, Training Loss: 0.0214, Train MSE: 0.0214, r (train): 0.9174, Test MSE: 0.1230, r (test): 0.2506
Epoch: 33, Training Loss: 0.0507, Train MSE: 0.0507, r (train): 0.9368, Test MSE: 0.1872, r (test): 0.2537
Epoch: 34, Training Loss: 0.1190, Train MSE: 0.1190, r (train): 0.9366, Test MSE: 0.2748, r (test): 0.2661
Epoch: 35, Training Loss: 0.0747, Train MSE: 0.0747, r (train): 0.9410, Test MSE: 0.2280, r (test): 0.0071
Epoch: 36, Training Loss: 0.0297, Train MSE: 0.0297, r (train): 0.9154, Test MSE: 0.1455, r (test): 0.1258
Epoch: 37, Training Loss: 0.0268, Train MSE: 0.0268, r (train): 0.9084, Test MSE: 0.1441, r (test): 0.1503
Epoch: 38, Training Loss: 0.0629, Train MSE: 0.0629, r (train): 0.9104, Test MSE: 0.2102, r (test): 0.2262
Epoch: 39, Training Loss: 0.1090, Train MSE: 0.1090, r (train): 0.9270, Test MSE: 0.2681, r (test): 0.2322
Epoch: 40, Training Loss: 0.0494, Train MSE: 0.0494, r (train): 0.9397, Test MSE: 0.1850, r (test): 0.0538
Epoch: 41, Training Loss: 0.0129, Train MSE: 0.0129, r (train): 0.9239, Test MSE: 0.1146, r (test): 0.1220
Epoch: 42, Training Loss: 0.0165, Train MSE: 0.0165, r (train): 0.8928, Test MSE: 0.1044, r (test): 0.1791
Epoch: 43, Training Loss: 0.0246, Train MSE: 0.0246, r (train): 0.9054, Test MSE: 0.1354, r (test): 0.2156
Epoch: 44, Training Loss: 0.0224, Train MSE: 0.0224, r (train): 0.9097, Test MSE: 0.1342, r (test): 0.2015
Epoch: 45, Training Loss: 0.0127, Train MSE: 0.0127, r (train): 0.9280, Test MSE: 0.1108, r (test): 0.1871
Epoch: 46, Training Loss: 0.0202, Train MSE: 0.0202, r (train): 0.9239, Test MSE: 0.0846, r (test): 0.1755
Epoch: 47, Training Loss: 0.0220, Train MSE: 0.0220, r (train): 0.9338, Test MSE: 0.0839, r (test): 0.2049
Epoch: 48, Training Loss: 0.0255, Train MSE: 0.0255, r (train): 0.9323, Test MSE: 0.0827, r (test): 0.2498
Epoch: 49, Training Loss: 0.0287, Train MSE: 0.0287, r (train): 0.9188, Test MSE: 0.0840, r (test): 0.2564
Epoch: 50, Training Loss: 0.0173, Train MSE: 0.0173, r (train): 0.9057, Test MSE: 0.0912, r (test): 0.0815
Epoch: 51, Training Loss: 0.0138, Train MSE: 0.0138, r (train): 0.8957, Test MSE: 0.1046, r (test): 0.0670
Epoch: 52, Training Loss: 0.0190, Train MSE: 0.0190, r (train): 0.9161, Test MSE: 0.1217, r (test): 0.1698
Epoch: 53, Training Loss: 0.0396, Train MSE: 0.0396, r (train): 0.9242, Test MSE: 0.1555, r (test): 0.1626
Epoch: 54, Training Loss: 0.0848, Train MSE: 0.0848, r (train): 0.9430, Test MSE: 0.2114, r (test): 0.2835
Epoch: 55, Training Loss: 0.0294, Train MSE: 0.0294, r (train): 0.9567, Test MSE: 0.1465, r (test): 0.1581
Epoch: 56, Training Loss: 0.0131, Train MSE: 0.0131, r (train): 0.9381, Test MSE: 0.1241, r (test): 0.0029
Epoch: 57, Training Loss: 0.0190, Train MSE: 0.0190, r (train): 0.9436, Test MSE: 0.1384, r (test): 0.0742
Epoch: 58, Training Loss: 0.0141, Train MSE: 0.0141, r (train): 0.9096, Test MSE: 0.1080, r (test): 0.0816
Epoch: 59, Training Loss: 0.0108, Train MSE: 0.0108, r (train): 0.9418, Test MSE: 0.0861, r (test): 0.1868
Epoch: 60, Training Loss: 0.0127, Train MSE: 0.0127, r (train): 0.9556, Test MSE: 0.0829, r (test): 0.2183
Epoch: 61, Training Loss: 0.0118, Train MSE: 0.0118, r (train): 0.9450, Test MSE: 0.0927, r (test): 0.0644
Epoch: 62, Training Loss: 0.0102, Train MSE: 0.0102, r (train): 0.9507, Test MSE: 0.1112, r (test): 0.0131
Epoch: 63, Training Loss: 0.0356, Train MSE: 0.0356, r (train): 0.9433, Test MSE: 0.1519, r (test): 0.1057
Epoch: 64, Training Loss: 0.0457, Train MSE: 0.0457, r (train): 0.9356, Test MSE: 0.1601, r (test): 0.2005
Epoch: 65, Training Loss: 0.0232, Train MSE: 0.0232, r (train): 0.9429, Test MSE: 0.1355, r (test): 0.1474
Epoch: 66, Training Loss: 0.0140, Train MSE: 0.0140, r (train): 0.9366, Test MSE: 0.1123, r (test): 0.2235
Epoch: 67, Training Loss: 0.0127, Train MSE: 0.0127, r (train): 0.9017, Test MSE: 0.0918, r (test): 0.2478
Epoch: 68, Training Loss: 0.0153, Train MSE: 0.0153, r (train): 0.9385, Test MSE: 0.0920, r (test): 0.1052
Epoch: 69, Training Loss: 0.0202, Train MSE: 0.0202, r (train): 0.9280, Test MSE: 0.0962, r (test): 0.0669
Epoch: 70, Training Loss: 0.0128, Train MSE: 0.0128, r (train): 0.9418, Test MSE: 0.0942, r (test): 0.0676
Epoch: 71, Training Loss: 0.0099, Train MSE: 0.0099, r (train): 0.9496, Test MSE: 0.1101, r (test): 0.0182
Epoch: 72, Training Loss: 0.0476, Train MSE: 0.0476, r (train): 0.9517, Test MSE: 0.1552, r (test): 0.2457
Epoch: 73, Training Loss: 0.0245, Train MSE: 0.0245, r (train): 0.9440, Test MSE: 0.1266, r (test): 0.1204
Epoch: 74, Training Loss: 0.0108, Train MSE: 0.0108, r (train): 0.9475, Test MSE: 0.1075, r (test): 0.0800
Epoch: 75, Training Loss: 0.0099, Train MSE: 0.0099, r (train): 0.9403, Test MSE: 0.1090, r (test): 0.1072
Epoch: 76, Training Loss: 0.0115, Train MSE: 0.0115, r (train): 0.9153, Test MSE: 0.0926, r (test): 0.1720
Epoch: 77, Training Loss: 0.0081, Train MSE: 0.0081, r (train): 0.9466, Test MSE: 0.1043, r (test): -0.0051
Epoch: 78, Training Loss: 0.0056, Train MSE: 0.0056, r (train): 0.9610, Test MSE: 0.1015, r (test): -0.0005
Epoch: 79, Training Loss: 0.0117, Train MSE: 0.0117, r (train): 0.9690, Test MSE: 0.1153, r (test): 0.1626
Epoch: 80, Training Loss: 0.0111, Train MSE: 0.0111, r (train): 0.9704, Test MSE: 0.1176, r (test): 0.1350
Epoch: 81, Training Loss: 0.0060, Train MSE: 0.0060, r (train): 0.9707, Test MSE: 0.0979, r (test): 0.0887
Epoch: 82, Training Loss: 0.0131, Train MSE: 0.0131, r (train): 0.9575, Test MSE: 0.0904, r (test): 0.1233
Epoch: 83, Training Loss: 0.0176, Train MSE: 0.0176, r (train): 0.9485, Test MSE: 0.1058, r (test): -0.0625
Epoch: 84, Training Loss: 0.0096, Train MSE: 0.0096, r (train): 0.9683, Test MSE: 0.0979, r (test): -0.0305
Epoch: 85, Training Loss: 0.0060, Train MSE: 0.0060, r (train): 0.9637, Test MSE: 0.0996, r (test): -0.0021
Epoch: 86, Training Loss: 0.0163, Train MSE: 0.0163, r (train): 0.9627, Test MSE: 0.1218, r (test): 0.0776
Epoch: 87, Training Loss: 0.0168, Train MSE: 0.0168, r (train): 0.9511, Test MSE: 0.1247, r (test): 0.0309
Epoch: 88, Training Loss: 0.0088, Train MSE: 0.0088, r (train): 0.9532, Test MSE: 0.1084, r (test): 0.0026
Epoch: 89, Training Loss: 0.0103, Train MSE: 0.0103, r (train): 0.9428, Test MSE: 0.1022, r (test): 0.2160
Epoch: 90, Training Loss: 0.0072, Train MSE: 0.0072, r (train): 0.9459, Test MSE: 0.1057, r (test): 0.0683
Epoch: 91, Training Loss: 0.0201, Train MSE: 0.0201, r (train): 0.9162, Test MSE: 0.0920, r (test): 0.0245
Epoch: 92, Training Loss: 0.0173, Train MSE: 0.0173, r (train): 0.9512, Test MSE: 0.0940, r (test): -0.0343
Epoch: 93, Training Loss: 0.0157, Train MSE: 0.0157, r (train): 0.9457, Test MSE: 0.1034, r (test): -0.2055
Epoch: 94, Training Loss: 0.0068, Train MSE: 0.0068, r (train): 0.9490, Test MSE: 0.0981, r (test): 0.0572
Epoch: 95, Training Loss: 0.0065, Train MSE: 0.0065, r (train): 0.9712, Test MSE: 0.1181, r (test): -0.0295
Epoch: 96, Training Loss: 0.0050, Train MSE: 0.0050, r (train): 0.9790, Test MSE: 0.1175, r (test): -0.1203
Epoch: 97, Training Loss: 0.0037, Train MSE: 0.0037, r (train): 0.9758, Test MSE: 0.1065, r (test): -0.0902
Epoch: 98, Training Loss: 0.0072, Train MSE: 0.0072, r (train): 0.9632, Test MSE: 0.1161, r (test): -0.1917
Epoch: 99, Training Loss: 0.0087, Train MSE: 0.0087, r (train): 0.9609, Test MSE: 0.1080, r (test): -0.0401
Predicted tensors for training set: 
tensor([ 0.5750,  0.5142,  0.0776,  0.3378,  0.4483,  0.4350,  0.6612,  0.6184,
         0.7944,  0.6478,  0.6738,  0.4423,  0.0759,  0.0270,  0.7786,  0.7241,
         0.2944,  0.5872,  0.2129, -0.2664,  0.4511,  0.4023,  0.4237,  0.0503,
         0.4052,  0.4510,  0.5921,  0.6698,  0.9576,  0.9234,  0.5649,  0.9558,
         0.2957,  0.8781,  1.0022,  0.0210,  0.7905,  0.2070,  0.8605,  0.2154,
         0.0340,  0.2591, -0.0165,  0.1934,  0.3732,  0.6166, -0.0806,  0.7352,
         0.7631,  0.6828,  0.4739,  0.2879,  0.8930,  0.4206,  0.6581,  0.7914,
         0.7828,  0.7043,  0.2360,  0.7726,  0.9681,  0.7403,  0.9742,  0.5577,
         0.7776,  0.7848,  0.5575,  0.5022,  0.4031,  0.8189,  0.9786,  0.7029])
Target tensorsfor training set: 
tensor([0.5783, 0.5573, 0.1055, 0.4149, 0.4993, 0.4654, 0.7497, 0.6465, 0.8561,
        0.7171, 0.7507, 0.5178, 0.2271, 0.1493, 0.9127, 0.8524, 0.4513, 0.7144,
        0.3077, 0.0389, 0.5187, 0.4640, 0.5564, 0.0981, 0.4341, 0.4526, 0.5780,
        0.6240, 0.9150, 0.9117, 0.5658, 0.8363, 0.2464, 0.9072, 0.9621, 0.0246,
        0.7791, 0.2255, 0.9656, 0.3174, 0.1295, 0.4818, 0.0763, 0.3453, 0.5779,
        0.7950, 0.0478, 0.8411, 0.8453, 0.6992, 0.5719, 0.3309, 0.9492, 0.4373,
        0.6595, 0.7372, 0.6846, 0.6199, 0.2169, 0.6577, 0.8728, 0.6671, 0.8391,
        0.5300, 0.7270, 0.7125, 0.5220, 0.4440, 0.3829, 0.7901, 0.9535, 0.7371])
Correlation for training set: 0.9608738553834513
Predicted tensors for test set: 
tensor([0.6270, 0.6115, 0.4788, 0.6790, 0.6330, 0.5543, 0.4125, 0.2999, 0.6249,
        0.4417, 0.5572, 0.5230, 0.6691, 0.6704, 0.4425, 0.3662, 0.7380, 0.4685])
Target tensors for test set: 
tensor([0.1218, 0.0636, 0.4036, 0.1294, 0.5023, 0.7462, 0.8988, 0.7596, 0.5102,
        0.2916, 0.8418, 0.2594, 0.2394, 0.8556, 0.6576, 0.1360, 0.9215, 0.2649])
Correlation for test set: -0.04011131968293764
Fold 5
Epoch: 00, Training Loss: 0.0750, Train MSE: 0.0750, r (train): 0.4045, Test MSE: 0.0524, r (test): -0.0012
Epoch: 01, Training Loss: 0.0733, Train MSE: 0.0733, r (train): 0.4643, Test MSE: 0.0530, r (test): 0.0765
Epoch: 02, Training Loss: 0.0722, Train MSE: 0.0722, r (train): 0.5047, Test MSE: 0.0548, r (test): 0.0682
Epoch: 03, Training Loss: 0.0707, Train MSE: 0.0707, r (train): 0.5213, Test MSE: 0.0548, r (test): 0.0619
Epoch: 04, Training Loss: 0.0695, Train MSE: 0.0695, r (train): 0.5465, Test MSE: 0.0555, r (test): 0.0822
Epoch: 05, Training Loss: 0.0673, Train MSE: 0.0673, r (train): 0.5839, Test MSE: 0.0557, r (test): 0.0622
Epoch: 06, Training Loss: 0.0656, Train MSE: 0.0656, r (train): 0.6069, Test MSE: 0.0569, r (test): 0.0792
Epoch: 07, Training Loss: 0.0638, Train MSE: 0.0638, r (train): 0.6203, Test MSE: 0.0559, r (test): 0.0705
Epoch: 08, Training Loss: 0.0624, Train MSE: 0.0624, r (train): 0.6306, Test MSE: 0.0571, r (test): 0.0513
Epoch: 09, Training Loss: 0.0599, Train MSE: 0.0599, r (train): 0.6331, Test MSE: 0.0588, r (test): 0.0310
Epoch: 10, Training Loss: 0.0573, Train MSE: 0.0573, r (train): 0.6431, Test MSE: 0.0554, r (test): 0.0310
Epoch: 11, Training Loss: 0.0534, Train MSE: 0.0534, r (train): 0.6756, Test MSE: 0.0587, r (test): -0.0150
Epoch: 12, Training Loss: 0.0506, Train MSE: 0.0506, r (train): 0.6981, Test MSE: 0.0627, r (test): -0.0168
Epoch: 13, Training Loss: 0.0444, Train MSE: 0.0444, r (train): 0.7545, Test MSE: 0.0613, r (test): -0.1148
Epoch: 14, Training Loss: 0.0371, Train MSE: 0.0371, r (train): 0.8083, Test MSE: 0.0661, r (test): -0.1173
Epoch: 15, Training Loss: 0.0329, Train MSE: 0.0329, r (train): 0.8309, Test MSE: 0.0685, r (test): -0.2189
Epoch: 16, Training Loss: 0.0259, Train MSE: 0.0259, r (train): 0.8685, Test MSE: 0.0739, r (test): -0.2135
Epoch: 17, Training Loss: 0.0232, Train MSE: 0.0232, r (train): 0.8869, Test MSE: 0.0731, r (test): -0.1828
Epoch: 18, Training Loss: 0.0174, Train MSE: 0.0174, r (train): 0.9140, Test MSE: 0.0769, r (test): -0.2838
Epoch: 19, Training Loss: 0.0129, Train MSE: 0.0129, r (train): 0.9253, Test MSE: 0.0890, r (test): -0.1982
Epoch: 20, Training Loss: 0.0149, Train MSE: 0.0149, r (train): 0.9307, Test MSE: 0.0759, r (test): -0.1669
Epoch: 21, Training Loss: 0.0120, Train MSE: 0.0120, r (train): 0.9483, Test MSE: 0.0822, r (test): -0.3583
Epoch: 22, Training Loss: 0.0085, Train MSE: 0.0085, r (train): 0.9454, Test MSE: 0.0924, r (test): -0.1620
Epoch: 23, Training Loss: 0.0081, Train MSE: 0.0081, r (train): 0.9478, Test MSE: 0.0919, r (test): -0.2013
Epoch: 24, Training Loss: 0.0073, Train MSE: 0.0073, r (train): 0.9567, Test MSE: 0.0830, r (test): -0.2063
Epoch: 25, Training Loss: 0.0302, Train MSE: 0.0302, r (train): 0.9506, Test MSE: 0.1574, r (test): -0.2021
Epoch: 26, Training Loss: 0.0394, Train MSE: 0.0394, r (train): 0.9416, Test MSE: 0.1805, r (test): -0.0900
Epoch: 27, Training Loss: 0.0527, Train MSE: 0.0527, r (train): 0.9393, Test MSE: 0.2020, r (test): -0.1097
Epoch: 28, Training Loss: 0.0384, Train MSE: 0.0384, r (train): 0.9379, Test MSE: 0.1825, r (test): -0.1615
Epoch: 29, Training Loss: 0.0513, Train MSE: 0.0513, r (train): 0.8978, Test MSE: 0.1883, r (test): -0.1036
Epoch: 30, Training Loss: 0.0182, Train MSE: 0.0182, r (train): 0.9145, Test MSE: 0.1156, r (test): -0.2507
Epoch: 31, Training Loss: 0.0172, Train MSE: 0.0172, r (train): 0.9263, Test MSE: 0.0817, r (test): -0.2392
Epoch: 32, Training Loss: 0.0285, Train MSE: 0.0285, r (train): 0.8910, Test MSE: 0.0752, r (test): -0.2192
Epoch: 33, Training Loss: 0.0165, Train MSE: 0.0165, r (train): 0.9077, Test MSE: 0.0791, r (test): -0.1593
Epoch: 34, Training Loss: 0.0097, Train MSE: 0.0097, r (train): 0.9395, Test MSE: 0.0866, r (test): -0.2038
Epoch: 35, Training Loss: 0.0069, Train MSE: 0.0069, r (train): 0.9564, Test MSE: 0.0867, r (test): -0.2466
Epoch: 36, Training Loss: 0.0389, Train MSE: 0.0389, r (train): 0.9574, Test MSE: 0.1666, r (test): -0.1383
Epoch: 37, Training Loss: 0.0432, Train MSE: 0.0432, r (train): 0.9664, Test MSE: 0.1908, r (test): -0.1722
Epoch: 38, Training Loss: 0.0066, Train MSE: 0.0066, r (train): 0.9580, Test MSE: 0.0971, r (test): -0.2686
Epoch: 39, Training Loss: 0.0056, Train MSE: 0.0056, r (train): 0.9682, Test MSE: 0.0851, r (test): -0.1676
Epoch: 40, Training Loss: 0.0130, Train MSE: 0.0130, r (train): 0.9672, Test MSE: 0.1121, r (test): -0.0566
Epoch: 41, Training Loss: 0.0387, Train MSE: 0.0387, r (train): 0.9563, Test MSE: 0.1564, r (test): -0.0466
Epoch: 42, Training Loss: 0.0073, Train MSE: 0.0073, r (train): 0.9684, Test MSE: 0.1069, r (test): -0.2857
Epoch: 43, Training Loss: 0.0081, Train MSE: 0.0081, r (train): 0.9653, Test MSE: 0.0863, r (test): -0.2923
Epoch: 44, Training Loss: 0.0090, Train MSE: 0.0090, r (train): 0.9686, Test MSE: 0.1078, r (test): -0.1009
Epoch: 45, Training Loss: 0.0214, Train MSE: 0.0214, r (train): 0.9550, Test MSE: 0.1314, r (test): -0.0497
Epoch: 46, Training Loss: 0.0077, Train MSE: 0.0077, r (train): 0.9590, Test MSE: 0.1002, r (test): -0.2462
Epoch: 47, Training Loss: 0.0169, Train MSE: 0.0169, r (train): 0.9684, Test MSE: 0.0730, r (test): -0.2622
Epoch: 48, Training Loss: 0.0071, Train MSE: 0.0071, r (train): 0.9571, Test MSE: 0.0881, r (test): -0.1206
Epoch: 49, Training Loss: 0.0199, Train MSE: 0.0199, r (train): 0.9374, Test MSE: 0.1180, r (test): -0.0001
Epoch: 50, Training Loss: 0.0125, Train MSE: 0.0125, r (train): 0.9350, Test MSE: 0.0725, r (test): -0.1911
Epoch: 51, Training Loss: 0.0365, Train MSE: 0.0365, r (train): 0.9614, Test MSE: 0.0628, r (test): -0.1886
Epoch: 52, Training Loss: 0.0081, Train MSE: 0.0081, r (train): 0.9584, Test MSE: 0.0899, r (test): -0.1394
Epoch: 53, Training Loss: 0.0109, Train MSE: 0.0109, r (train): 0.9361, Test MSE: 0.0969, r (test): -0.0711
Epoch: 54, Training Loss: 0.0216, Train MSE: 0.0216, r (train): 0.9370, Test MSE: 0.0653, r (test): -0.2301
Epoch: 55, Training Loss: 0.0479, Train MSE: 0.0479, r (train): 0.9407, Test MSE: 0.0609, r (test): -0.2613
Epoch: 56, Training Loss: 0.0102, Train MSE: 0.0102, r (train): 0.9462, Test MSE: 0.0888, r (test): -0.1960
Epoch: 57, Training Loss: 0.0145, Train MSE: 0.0145, r (train): 0.9205, Test MSE: 0.0711, r (test): -0.0671
Epoch: 58, Training Loss: 0.0256, Train MSE: 0.0256, r (train): 0.8870, Test MSE: 0.0704, r (test): -0.2183
Epoch: 59, Training Loss: 0.0237, Train MSE: 0.0237, r (train): 0.8893, Test MSE: 0.0687, r (test): -0.1408
Epoch: 60, Training Loss: 0.0255, Train MSE: 0.0255, r (train): 0.8868, Test MSE: 0.1255, r (test): -0.1823
Epoch: 61, Training Loss: 0.0355, Train MSE: 0.0355, r (train): 0.8796, Test MSE: 0.1490, r (test): -0.1417
Epoch: 62, Training Loss: 0.0402, Train MSE: 0.0402, r (train): 0.9100, Test MSE: 0.1540, r (test): -0.1466
Epoch: 63, Training Loss: 0.0852, Train MSE: 0.0852, r (train): 0.8915, Test MSE: 0.2261, r (test): -0.1106
Epoch: 64, Training Loss: 0.0769, Train MSE: 0.0769, r (train): 0.8973, Test MSE: 0.2255, r (test): -0.0123
Epoch: 65, Training Loss: 0.0872, Train MSE: 0.0872, r (train): 0.9023, Test MSE: 0.2399, r (test): -0.0978
Epoch: 66, Training Loss: 0.0992, Train MSE: 0.0992, r (train): 0.8770, Test MSE: 0.2617, r (test): -0.1772
Epoch: 67, Training Loss: 0.1143, Train MSE: 0.1143, r (train): 0.8879, Test MSE: 0.2586, r (test): 0.0139
Epoch: 68, Training Loss: 0.0524, Train MSE: 0.0524, r (train): 0.9368, Test MSE: 0.1775, r (test): -0.0669
Epoch: 69, Training Loss: 0.0517, Train MSE: 0.0517, r (train): 0.9086, Test MSE: 0.1631, r (test): 0.0344
Epoch: 70, Training Loss: 0.0336, Train MSE: 0.0336, r (train): 0.9129, Test MSE: 0.1231, r (test): 0.1468
Epoch: 71, Training Loss: 0.0188, Train MSE: 0.0188, r (train): 0.8974, Test MSE: 0.0826, r (test): 0.1068
Epoch: 72, Training Loss: 0.0184, Train MSE: 0.0184, r (train): 0.8947, Test MSE: 0.0524, r (test): 0.1021
Epoch: 73, Training Loss: 0.0314, Train MSE: 0.0314, r (train): 0.9157, Test MSE: 0.0486, r (test): 0.0817
Epoch: 74, Training Loss: 0.0303, Train MSE: 0.0303, r (train): 0.9179, Test MSE: 0.0533, r (test): 0.0287
Epoch: 75, Training Loss: 0.0330, Train MSE: 0.0330, r (train): 0.9149, Test MSE: 0.0507, r (test): -0.0591
Epoch: 76, Training Loss: 0.0253, Train MSE: 0.0253, r (train): 0.9233, Test MSE: 0.0562, r (test): -0.0838
Epoch: 77, Training Loss: 0.0209, Train MSE: 0.0209, r (train): 0.8616, Test MSE: 0.0773, r (test): -0.1617
Epoch: 78, Training Loss: 0.0175, Train MSE: 0.0175, r (train): 0.9020, Test MSE: 0.1125, r (test): -0.2980
Epoch: 79, Training Loss: 0.0550, Train MSE: 0.0550, r (train): 0.9219, Test MSE: 0.1934, r (test): -0.2147
Epoch: 80, Training Loss: 0.0906, Train MSE: 0.0906, r (train): 0.9227, Test MSE: 0.2266, r (test): -0.0333
Epoch: 81, Training Loss: 0.0614, Train MSE: 0.0614, r (train): 0.9559, Test MSE: 0.1936, r (test): -0.1158
Epoch: 82, Training Loss: 0.0097, Train MSE: 0.0097, r (train): 0.9512, Test MSE: 0.0749, r (test): 0.1169
Epoch: 83, Training Loss: 0.0151, Train MSE: 0.0151, r (train): 0.9499, Test MSE: 0.0511, r (test): 0.1206
Epoch: 84, Training Loss: 0.0151, Train MSE: 0.0151, r (train): 0.9451, Test MSE: 0.0594, r (test): -0.0294
Epoch: 85, Training Loss: 0.0149, Train MSE: 0.0149, r (train): 0.9070, Test MSE: 0.0788, r (test): -0.2039
Epoch: 86, Training Loss: 0.0443, Train MSE: 0.0443, r (train): 0.9128, Test MSE: 0.1677, r (test): -0.2295
Epoch: 87, Training Loss: 0.0785, Train MSE: 0.0785, r (train): 0.9266, Test MSE: 0.2182, r (test): -0.0921
Epoch: 88, Training Loss: 0.0225, Train MSE: 0.0225, r (train): 0.9581, Test MSE: 0.1381, r (test): 0.0348
Epoch: 89, Training Loss: 0.0073, Train MSE: 0.0073, r (train): 0.9555, Test MSE: 0.0732, r (test): 0.0840
Epoch: 90, Training Loss: 0.0102, Train MSE: 0.0102, r (train): 0.9566, Test MSE: 0.0721, r (test): -0.0261
Epoch: 91, Training Loss: 0.0214, Train MSE: 0.0214, r (train): 0.9218, Test MSE: 0.1288, r (test): -0.2232
Epoch: 92, Training Loss: 0.0574, Train MSE: 0.0574, r (train): 0.9389, Test MSE: 0.1987, r (test): -0.0715
Epoch: 93, Training Loss: 0.0233, Train MSE: 0.0233, r (train): 0.9660, Test MSE: 0.1413, r (test): 0.0019
Epoch: 94, Training Loss: 0.0077, Train MSE: 0.0077, r (train): 0.9599, Test MSE: 0.0616, r (test): 0.0806
Epoch: 95, Training Loss: 0.0095, Train MSE: 0.0095, r (train): 0.9635, Test MSE: 0.0628, r (test): 0.0304
Epoch: 96, Training Loss: 0.0202, Train MSE: 0.0202, r (train): 0.9047, Test MSE: 0.0959, r (test): -0.2154
Epoch: 97, Training Loss: 0.0289, Train MSE: 0.0289, r (train): 0.9404, Test MSE: 0.1406, r (test): -0.2112
Epoch: 98, Training Loss: 0.0420, Train MSE: 0.0420, r (train): 0.9333, Test MSE: 0.1669, r (test): -0.0457
Epoch: 99, Training Loss: 0.0113, Train MSE: 0.0113, r (train): 0.9573, Test MSE: 0.0980, r (test): 0.0363
Predicted tensors for training set: 
tensor([ 0.6817,  0.6935,  0.1635,  0.4535,  0.5154,  0.5410,  0.8097,  0.7048,
         0.8889,  0.7551,  0.8196,  0.5550,  0.2482,  0.1618,  0.9070,  0.8459,
         0.3792,  0.6788,  0.2720, -0.0603,  0.4605,  0.3986,  0.5040,  0.0135,
         0.3764,  0.3709,  0.4706,  0.5055,  0.7489,  0.7944,  0.4436,  0.6418,
         0.1851,  0.8007,  0.7954, -0.0411,  0.6876, -0.0124,  0.8396,  0.2601,
         0.0458,  0.3995,  0.0316,  0.2762,  0.4467,  0.7455, -0.0194,  0.7736,
         0.7125,  0.6857,  0.5224,  0.2846,  0.8206,  0.3418,  0.0226, -0.0230,
         0.2687,  0.0247,  0.3568,  0.5452,  0.6426,  0.5438,  0.3665,  0.1092,
         0.6693,  0.1722,  0.1999,  0.7191,  0.4735,  0.1148,  0.9083,  0.2962])
Target tensorsfor training set: 
tensor([0.5783, 0.5573, 0.1055, 0.4149, 0.4993, 0.4654, 0.7497, 0.6465, 0.8561,
        0.7171, 0.7507, 0.5178, 0.2271, 0.1493, 0.9127, 0.8524, 0.4513, 0.7144,
        0.3077, 0.0389, 0.5187, 0.4640, 0.5564, 0.0981, 0.4341, 0.4526, 0.5780,
        0.6240, 0.9150, 0.9117, 0.5658, 0.8363, 0.2464, 0.9072, 0.9621, 0.0246,
        0.7791, 0.2255, 0.9656, 0.3174, 0.1295, 0.4818, 0.0763, 0.3453, 0.5779,
        0.7950, 0.0478, 0.8411, 0.8453, 0.6992, 0.5719, 0.3309, 0.9492, 0.4373,
        0.1218, 0.0636, 0.4036, 0.1294, 0.5023, 0.7462, 0.8988, 0.7596, 0.5102,
        0.2916, 0.8418, 0.2594, 0.2394, 0.8556, 0.6576, 0.1360, 0.9215, 0.2649])
Correlation for training set: 0.9572754932220957
Predicted tensors for test set: 
tensor([0.4390, 0.5956, 0.2924, 0.4870, 0.3635, 0.1198, 0.5057, 0.5077, 0.3881,
        0.5361, 0.3414, 0.3722, 0.5198, 0.5238, 0.2683, 0.3924, 0.3428, 0.5538])
Target tensors for test set: 
tensor([0.6595, 0.7372, 0.6846, 0.6199, 0.2169, 0.6577, 0.8728, 0.6671, 0.8391,
        0.5300, 0.7270, 0.7125, 0.5220, 0.4440, 0.3829, 0.7901, 0.9535, 0.7371])
Correlation for test set: 0.036316718825327214
Seed: 1
Fold losses: [tensor(0.0191), tensor(0.0101), tensor(0.0088), tensor(0.0087), tensor(0.0113)]
Fold MSE values: [tensor(0.0191), tensor(0.0101), tensor(0.0088), tensor(0.0087), tensor(0.0113)]
Target training values: [tensor([0.3077, 0.0389, 0.5187, 0.4640, 0.5564, 0.0981, 0.4341, 0.4526, 0.5780,
        0.6240, 0.9150, 0.9117, 0.5658, 0.8363, 0.2464, 0.9072, 0.9621, 0.0246,
        0.7791, 0.2255, 0.9656, 0.3174, 0.1295, 0.4818, 0.0763, 0.3453, 0.5779,
        0.7950, 0.0478, 0.8411, 0.8453, 0.6992, 0.5719, 0.3309, 0.9492, 0.4373,
        0.1218, 0.0636, 0.4036, 0.1294, 0.5023, 0.7462, 0.8988, 0.7596, 0.5102,
        0.2916, 0.8418, 0.2594, 0.2394, 0.8556, 0.6576, 0.1360, 0.9215, 0.2649,
        0.6595, 0.7372, 0.6846, 0.6199, 0.2169, 0.6577, 0.8728, 0.6671, 0.8391,
        0.5300, 0.7270, 0.7125, 0.5220, 0.4440, 0.3829, 0.7901, 0.9535, 0.7371]), tensor([0.5783, 0.5573, 0.1055, 0.4149, 0.4993, 0.4654, 0.7497, 0.6465, 0.8561,
        0.7171, 0.7507, 0.5178, 0.2271, 0.1493, 0.9127, 0.8524, 0.4513, 0.7144,
        0.7791, 0.2255, 0.9656, 0.3174, 0.1295, 0.4818, 0.0763, 0.3453, 0.5779,
        0.7950, 0.0478, 0.8411, 0.8453, 0.6992, 0.5719, 0.3309, 0.9492, 0.4373,
        0.1218, 0.0636, 0.4036, 0.1294, 0.5023, 0.7462, 0.8988, 0.7596, 0.5102,
        0.2916, 0.8418, 0.2594, 0.2394, 0.8556, 0.6576, 0.1360, 0.9215, 0.2649,
        0.6595, 0.7372, 0.6846, 0.6199, 0.2169, 0.6577, 0.8728, 0.6671, 0.8391,
        0.5300, 0.7270, 0.7125, 0.5220, 0.4440, 0.3829, 0.7901, 0.9535, 0.7371]), tensor([0.5783, 0.5573, 0.1055, 0.4149, 0.4993, 0.4654, 0.7497, 0.6465, 0.8561,
        0.7171, 0.7507, 0.5178, 0.2271, 0.1493, 0.9127, 0.8524, 0.4513, 0.7144,
        0.3077, 0.0389, 0.5187, 0.4640, 0.5564, 0.0981, 0.4341, 0.4526, 0.5780,
        0.6240, 0.9150, 0.9117, 0.5658, 0.8363, 0.2464, 0.9072, 0.9621, 0.0246,
        0.1218, 0.0636, 0.4036, 0.1294, 0.5023, 0.7462, 0.8988, 0.7596, 0.5102,
        0.2916, 0.8418, 0.2594, 0.2394, 0.8556, 0.6576, 0.1360, 0.9215, 0.2649,
        0.6595, 0.7372, 0.6846, 0.6199, 0.2169, 0.6577, 0.8728, 0.6671, 0.8391,
        0.5300, 0.7270, 0.7125, 0.5220, 0.4440, 0.3829, 0.7901, 0.9535, 0.7371]), tensor([0.5783, 0.5573, 0.1055, 0.4149, 0.4993, 0.4654, 0.7497, 0.6465, 0.8561,
        0.7171, 0.7507, 0.5178, 0.2271, 0.1493, 0.9127, 0.8524, 0.4513, 0.7144,
        0.3077, 0.0389, 0.5187, 0.4640, 0.5564, 0.0981, 0.4341, 0.4526, 0.5780,
        0.6240, 0.9150, 0.9117, 0.5658, 0.8363, 0.2464, 0.9072, 0.9621, 0.0246,
        0.7791, 0.2255, 0.9656, 0.3174, 0.1295, 0.4818, 0.0763, 0.3453, 0.5779,
        0.7950, 0.0478, 0.8411, 0.8453, 0.6992, 0.5719, 0.3309, 0.9492, 0.4373,
        0.6595, 0.7372, 0.6846, 0.6199, 0.2169, 0.6577, 0.8728, 0.6671, 0.8391,
        0.5300, 0.7270, 0.7125, 0.5220, 0.4440, 0.3829, 0.7901, 0.9535, 0.7371]), tensor([0.5783, 0.5573, 0.1055, 0.4149, 0.4993, 0.4654, 0.7497, 0.6465, 0.8561,
        0.7171, 0.7507, 0.5178, 0.2271, 0.1493, 0.9127, 0.8524, 0.4513, 0.7144,
        0.3077, 0.0389, 0.5187, 0.4640, 0.5564, 0.0981, 0.4341, 0.4526, 0.5780,
        0.6240, 0.9150, 0.9117, 0.5658, 0.8363, 0.2464, 0.9072, 0.9621, 0.0246,
        0.7791, 0.2255, 0.9656, 0.3174, 0.1295, 0.4818, 0.0763, 0.3453, 0.5779,
        0.7950, 0.0478, 0.8411, 0.8453, 0.6992, 0.5719, 0.3309, 0.9492, 0.4373,
        0.1218, 0.0636, 0.4036, 0.1294, 0.5023, 0.7462, 0.8988, 0.7596, 0.5102,
        0.2916, 0.8418, 0.2594, 0.2394, 0.8556, 0.6576, 0.1360, 0.9215, 0.2649])]
Prediction training values: [tensor([ 0.3710,  0.0273,  0.5581,  0.5184,  0.6743,  0.1589,  0.4891,  0.4648,
         0.6453,  0.6718,  0.8734,  0.9372,  0.6903,  0.9198,  0.3515,  0.8473,
         1.1056,  0.1177,  0.6524,  0.0710,  0.8660,  0.2619,  0.0461,  0.3378,
        -0.1353,  0.2043,  0.3084,  0.5115, -0.0690,  0.4700,  0.4736,  0.3862,
         0.3187,  0.2508,  0.6065,  0.2939, -0.0201, -0.0168,  0.2943,  0.0132,
         0.4878,  0.5589,  0.7842,  0.7030,  0.4924,  0.4757,  0.8281,  0.4759,
         0.3288,  0.9643,  0.8132,  0.3049,  1.0861,  0.4461,  0.7267,  0.9079,
         0.7268,  0.7250,  0.2476,  0.6550,  0.8793,  0.6734,  0.7753,  0.5368,
         0.7201,  0.7014,  0.5032,  0.4193,  0.4491,  0.8007,  0.8972,  0.7481]), tensor([ 0.6926,  0.6448,  0.1687,  0.4384,  0.5310,  0.5885,  0.8463,  0.6287,
         0.9590,  0.8089,  0.8428,  0.5804,  0.3209,  0.1778,  1.0336,  0.9033,
         0.4979,  0.6398,  0.7662,  0.2051,  0.9240,  0.3177,  0.0878,  0.4488,
        -0.0299,  0.2448,  0.5274,  0.8496, -0.1391,  0.7658,  0.7836,  0.7220,
         0.5142,  0.1749,  0.9949,  0.3261,  0.0848,  0.0410,  0.4063,  0.1497,
         0.5542,  0.7923,  0.9660,  0.8245,  0.5903,  0.3789,  1.0073,  0.3587,
         0.3864,  1.0068,  0.8236,  0.2880,  1.1166,  0.3950,  0.8150,  1.0085,
         0.8094,  0.8228,  0.3588,  0.7953,  0.9966,  0.7901,  0.9815,  0.6219,
         0.8200,  0.7149,  0.5784,  0.4584,  0.4526,  0.8316,  0.9580,  0.7693]), tensor([ 0.6543,  0.5308,  0.0813,  0.4723,  0.5092,  0.4690,  0.7085,  0.6181,
         0.8736,  0.6146,  0.6646,  0.4791,  0.1230,  0.1590,  0.8373,  0.6535,
         0.3398,  0.5237,  0.1865, -0.1198,  0.4650,  0.1908,  0.3331, -0.0157,
         0.3124,  0.3113,  0.4326,  0.5020,  0.8229,  0.8064,  0.5005,  0.7513,
         0.2653,  0.7854,  0.9016,  0.0977,  0.2307,  0.2158,  0.4664,  0.1331,
         0.5587,  0.7328,  0.8455,  0.7344,  0.5650,  0.2409,  0.8246,  0.2704,
         0.2609,  0.8796,  0.6760,  0.1009,  1.0024,  0.2645,  0.5830,  0.7015,
         0.5674,  0.5773,  0.1351,  0.5602,  0.7410,  0.5580,  0.7187,  0.4754,
         0.6225,  0.6406,  0.4572,  0.3769,  0.3777,  0.7381,  0.9119,  0.6259]), tensor([ 0.5750,  0.5142,  0.0776,  0.3378,  0.4483,  0.4350,  0.6612,  0.6184,
         0.7944,  0.6478,  0.6738,  0.4423,  0.0759,  0.0270,  0.7786,  0.7241,
         0.2944,  0.5872,  0.2129, -0.2664,  0.4511,  0.4023,  0.4237,  0.0503,
         0.4052,  0.4510,  0.5921,  0.6698,  0.9576,  0.9234,  0.5649,  0.9558,
         0.2957,  0.8781,  1.0022,  0.0210,  0.7905,  0.2070,  0.8605,  0.2154,
         0.0340,  0.2591, -0.0165,  0.1934,  0.3732,  0.6166, -0.0806,  0.7352,
         0.7631,  0.6828,  0.4739,  0.2879,  0.8930,  0.4206,  0.6581,  0.7914,
         0.7828,  0.7043,  0.2360,  0.7726,  0.9681,  0.7403,  0.9742,  0.5577,
         0.7776,  0.7848,  0.5575,  0.5022,  0.4031,  0.8189,  0.9786,  0.7029]), tensor([ 0.6817,  0.6935,  0.1635,  0.4535,  0.5154,  0.5410,  0.8097,  0.7048,
         0.8889,  0.7551,  0.8196,  0.5550,  0.2482,  0.1618,  0.9070,  0.8459,
         0.3792,  0.6788,  0.2720, -0.0603,  0.4605,  0.3986,  0.5040,  0.0135,
         0.3764,  0.3709,  0.4706,  0.5055,  0.7489,  0.7944,  0.4436,  0.6418,
         0.1851,  0.8007,  0.7954, -0.0411,  0.6876, -0.0124,  0.8396,  0.2601,
         0.0458,  0.3995,  0.0316,  0.2762,  0.4467,  0.7455, -0.0194,  0.7736,
         0.7125,  0.6857,  0.5224,  0.2846,  0.8206,  0.3418,  0.0226, -0.0230,
         0.2687,  0.0247,  0.3568,  0.5452,  0.6426,  0.5438,  0.3665,  0.1092,
         0.6693,  0.1722,  0.1999,  0.7191,  0.4735,  0.1148,  0.9083,  0.2962])]
Target values: [array([0.57832706, 0.55726975, 0.10552448, 0.41493568, 0.4993471 ,
       0.46544507, 0.7497406 , 0.6464906 , 0.85610735, 0.71714455,
       0.75073236, 0.51780254, 0.22711647, 0.14931566, 0.912732  ,
       0.8524316 , 0.45128736, 0.71435624], dtype=float32), array([0.30766785, 0.03887437, 0.518717  , 0.46398443, 0.55641776,
       0.09805249, 0.43409458, 0.45263878, 0.578045  , 0.62399   ,
       0.91498566, 0.9116711 , 0.5658469 , 0.83626515, 0.24636388,
       0.9071598 , 0.96213573, 0.02463444], dtype=float32), array([0.77910316, 0.2254639 , 0.96564525, 0.31742746, 0.12948532,
       0.48182514, 0.07633217, 0.34531343, 0.5778506 , 0.79497874,
       0.04781396, 0.84113044, 0.84525365, 0.69921327, 0.57190746,
       0.33092642, 0.9491663 , 0.4372734 ], dtype=float32), array([0.12180944, 0.06358391, 0.40355092, 0.12937951, 0.50225437,
       0.7462256 , 0.89876264, 0.75962484, 0.51015127, 0.29163042,
       0.8417677 , 0.25936916, 0.23939352, 0.85557973, 0.6576234 ,
       0.1360485 , 0.9215425 , 0.2649091 ], dtype=float32), array([0.659493  , 0.73719215, 0.6846425 , 0.6198749 , 0.21692123,
       0.65769196, 0.8728059 , 0.6671056 , 0.8390776 , 0.52996147,
       0.72703534, 0.71252435, 0.5220161 , 0.44401234, 0.38285765,
       0.7900961 , 0.95346546, 0.73709923], dtype=float32)]
Prediction values: [array([0.44130924, 0.6573276 , 0.3215394 , 0.5197231 , 0.37158525,
       0.5921167 , 0.33659604, 0.6772893 , 0.5844256 , 0.7772314 ,
       0.430473  , 0.38883844, 0.35050184, 0.66604656, 0.5850814 ,
       0.5983079 , 0.3729389 , 0.26064363], dtype=float32), array([0.6432608 , 0.6525921 , 0.35566047, 0.44078067, 0.5891693 ,
       0.47499013, 0.36127236, 0.37724325, 0.6532711 , 0.46929845,
       0.38849288, 0.61398244, 0.54082584, 0.7849505 , 0.6609647 ,
       0.71029973, 0.49160665, 0.6425661 ], dtype=float32), array([0.67915773, 0.574764  , 0.5599481 , 0.45975366, 0.49746582,
       0.26020455, 0.42735383, 0.6380646 , 0.532584  , 0.54038393,
       0.274189  , 0.6004017 , 0.50121653, 0.13728605, 0.5076028 ,
       0.45454705, 0.32807422, 0.48932838], dtype=float32), array([0.6270101 , 0.6114635 , 0.4787516 , 0.6790007 , 0.63299876,
       0.5542851 , 0.4125211 , 0.29985029, 0.6248757 , 0.44166943,
       0.5571914 , 0.5229997 , 0.6690518 , 0.6704108 , 0.44250003,
       0.3661774 , 0.73799825, 0.46848345], dtype=float32), array([0.43900168, 0.59564555, 0.2923687 , 0.48702538, 0.3634659 ,
       0.11981388, 0.50568587, 0.5077259 , 0.388116  , 0.5361472 ,
       0.3414262 , 0.37217116, 0.5197506 , 0.52378035, 0.2682662 ,
       0.3923573 , 0.3428257 , 0.55382735], dtype=float32)]
Time taken: 998.3932447433472 seconds
