sh: line 1: logger: command not found
/apps/conda/25.3.1/etc/profile.d/conda.sh: line 69: dirname: command not found
/apps/conda/25.3.1/etc/profile.d/conda.sh: line 69: dirname: command not found
/apps/conda/25.3.1/etc/profile.d/mamba.sh: line 59: basename: command not found
Error unknown MAMBA_EXE: "/apps/conda/25.3.1/bin/mamba", filename must be mamba or micromamba
Lmod has detected the following error: This module can only be used on RHEL9
nodes. 
While processing the following module(s):
    Module fullname  Module Filename
    ---------------  ---------------
    gcc/14.2.0       /apps/lmod/modulefiles/core/gcc/14.2.0.lua

pointnet_isthmuscingulate_fs_01.py
/blue/stevenweisberg/ashishkumarsahoo/hippocampAI/conda_pyg_070923/lib/python3.8/site-packages/torch/cuda/__init__.py:155: UserWarning: 
NVIDIA B200 with CUDA capability sm_100 is not compatible with the current PyTorch installation.
The current PyTorch install supports CUDA capabilities sm_37 sm_50 sm_60 sm_61 sm_70 sm_75 sm_80 sm_86 compute_37.
If you want to use the NVIDIA B200 GPU with PyTorch, please check the instructions at https://pytorch.org/get-started/locally/

  warnings.warn(incompatible_device_warn.format(device_name, capability, " ".join(arch_list), device_name))
Number of GPUs available for training: 1
Fold 1
Epoch: 00, Training Loss: 0.1744, Train MSE: 0.1744, r (train): -0.0215, Test MSE: 0.0989, r (test): -0.4530
Epoch: 01, Training Loss: 0.1021, Train MSE: 0.1021, r (train): 0.2932, Test MSE: 0.0741, r (test): 0.0373
Epoch: 02, Training Loss: 0.1142, Train MSE: 0.1142, r (train): 0.2008, Test MSE: 0.0771, r (test): -0.1586
Epoch: 03, Training Loss: 0.0837, Train MSE: 0.0837, r (train): 0.4169, Test MSE: 0.0623, r (test): 0.2784
Epoch: 04, Training Loss: 0.1318, Train MSE: 0.1318, r (train): 0.1301, Test MSE: 0.0792, r (test): -0.1930
Epoch: 05, Training Loss: 0.0796, Train MSE: 0.0796, r (train): 0.3645, Test MSE: 0.0507, r (test): 0.3684
Epoch: 06, Training Loss: 0.0853, Train MSE: 0.0853, r (train): 0.3433, Test MSE: 0.0641, r (test): 0.0637
Epoch: 07, Training Loss: 0.0709, Train MSE: 0.0709, r (train): 0.4441, Test MSE: 0.0564, r (test): 0.0999
Epoch: 08, Training Loss: 0.0790, Train MSE: 0.0790, r (train): 0.4581, Test MSE: 0.0616, r (test): 0.1387
Epoch: 09, Training Loss: 0.0797, Train MSE: 0.0797, r (train): 0.4920, Test MSE: 0.0626, r (test): 0.1817
Epoch: 10, Training Loss: 0.0809, Train MSE: 0.0809, r (train): 0.5031, Test MSE: 0.0641, r (test): 0.1739
Epoch: 11, Training Loss: 0.0873, Train MSE: 0.0873, r (train): 0.4645, Test MSE: 0.0680, r (test): 0.1073
Epoch: 12, Training Loss: 0.0808, Train MSE: 0.0808, r (train): 0.5409, Test MSE: 0.0658, r (test): 0.1820
Epoch: 13, Training Loss: 0.0796, Train MSE: 0.0796, r (train): 0.5953, Test MSE: 0.0682, r (test): 0.2418
Epoch: 14, Training Loss: 0.1092, Train MSE: 0.1092, r (train): 0.2949, Test MSE: 0.0716, r (test): -0.0473
Epoch: 15, Training Loss: 0.0749, Train MSE: 0.0749, r (train): 0.4406, Test MSE: 0.0540, r (test): 0.3076
Epoch: 16, Training Loss: 0.0746, Train MSE: 0.0746, r (train): 0.5564, Test MSE: 0.0611, r (test): 0.1708
Epoch: 17, Training Loss: 0.0691, Train MSE: 0.0691, r (train): 0.5250, Test MSE: 0.0638, r (test): -0.0866
Epoch: 18, Training Loss: 0.0701, Train MSE: 0.0701, r (train): 0.6481, Test MSE: 0.0627, r (test): 0.2696
Epoch: 19, Training Loss: 0.0735, Train MSE: 0.0735, r (train): 0.7040, Test MSE: 0.0638, r (test): 0.3332
Epoch: 20, Training Loss: 0.0673, Train MSE: 0.0673, r (train): 0.7266, Test MSE: 0.0608, r (test): 0.3318
Epoch: 21, Training Loss: 0.0653, Train MSE: 0.0653, r (train): 0.7089, Test MSE: 0.0633, r (test): 0.2318
Epoch: 22, Training Loss: 0.0663, Train MSE: 0.0663, r (train): 0.7551, Test MSE: 0.0655, r (test): 0.2965
Epoch: 23, Training Loss: 0.0688, Train MSE: 0.0688, r (train): 0.7655, Test MSE: 0.0685, r (test): 0.2965
Epoch: 24, Training Loss: 0.0598, Train MSE: 0.0598, r (train): 0.7639, Test MSE: 0.0634, r (test): 0.2453
Epoch: 25, Training Loss: 0.0704, Train MSE: 0.0704, r (train): 0.7717, Test MSE: 0.0736, r (test): 0.2746
Epoch: 26, Training Loss: 0.0652, Train MSE: 0.0652, r (train): 0.6408, Test MSE: 0.0626, r (test): 0.0914
Epoch: 27, Training Loss: 0.0672, Train MSE: 0.0672, r (train): 0.7620, Test MSE: 0.0689, r (test): 0.3540
Epoch: 28, Training Loss: 0.0466, Train MSE: 0.0466, r (train): 0.8043, Test MSE: 0.0561, r (test): 0.2825
Epoch: 29, Training Loss: 0.0461, Train MSE: 0.0461, r (train): 0.8735, Test MSE: 0.0618, r (test): 0.3353
Epoch: 30, Training Loss: 0.0314, Train MSE: 0.0314, r (train): 0.9066, Test MSE: 0.0524, r (test): 0.3545
Epoch: 31, Training Loss: 0.0375, Train MSE: 0.0375, r (train): 0.9207, Test MSE: 0.0622, r (test): 0.3014
Epoch: 32, Training Loss: 0.0378, Train MSE: 0.0378, r (train): 0.9119, Test MSE: 0.0610, r (test): 0.2472
Epoch: 33, Training Loss: 0.0353, Train MSE: 0.0353, r (train): 0.9238, Test MSE: 0.0661, r (test): 0.2073
Epoch: 34, Training Loss: 0.0887, Train MSE: 0.0887, r (train): 0.7384, Test MSE: 0.0843, r (test): 0.1094
Epoch: 35, Training Loss: 0.0476, Train MSE: 0.0476, r (train): 0.8780, Test MSE: 0.0814, r (test): -0.0121
Epoch: 36, Training Loss: 0.0343, Train MSE: 0.0343, r (train): 0.8730, Test MSE: 0.0574, r (test): 0.2586
Epoch: 37, Training Loss: 0.0431, Train MSE: 0.0431, r (train): 0.8753, Test MSE: 0.0612, r (test): 0.3145
Epoch: 38, Training Loss: 0.0720, Train MSE: 0.0720, r (train): 0.8483, Test MSE: 0.0805, r (test): 0.0929
Epoch: 39, Training Loss: 0.0303, Train MSE: 0.0303, r (train): 0.9370, Test MSE: 0.0636, r (test): 0.1625
Epoch: 40, Training Loss: 0.0149, Train MSE: 0.0149, r (train): 0.9213, Test MSE: 0.0532, r (test): 0.2992
Epoch: 41, Training Loss: 0.0165, Train MSE: 0.0165, r (train): 0.9338, Test MSE: 0.0533, r (test): 0.3039
Epoch: 42, Training Loss: 0.0387, Train MSE: 0.0387, r (train): 0.9542, Test MSE: 0.0693, r (test): 0.2314
Epoch: 43, Training Loss: 0.0601, Train MSE: 0.0601, r (train): 0.9196, Test MSE: 0.0843, r (test): 0.0331
Epoch: 44, Training Loss: 0.0480, Train MSE: 0.0480, r (train): 0.9331, Test MSE: 0.0729, r (test): 0.1334
Epoch: 45, Training Loss: 0.0138, Train MSE: 0.0138, r (train): 0.9276, Test MSE: 0.0545, r (test): 0.2880
Epoch: 46, Training Loss: 0.0193, Train MSE: 0.0193, r (train): 0.9216, Test MSE: 0.0539, r (test): 0.3428
Epoch: 47, Training Loss: 0.0487, Train MSE: 0.0487, r (train): 0.9417, Test MSE: 0.0840, r (test): 0.1797
Epoch: 48, Training Loss: 0.0391, Train MSE: 0.0391, r (train): 0.9426, Test MSE: 0.0720, r (test): 0.2386
Epoch: 49, Training Loss: 0.0472, Train MSE: 0.0472, r (train): 0.8917, Test MSE: 0.0791, r (test): 0.0113
Epoch: 50, Training Loss: 0.0225, Train MSE: 0.0225, r (train): 0.9246, Test MSE: 0.0610, r (test): 0.1598
Epoch: 51, Training Loss: 0.0188, Train MSE: 0.0188, r (train): 0.8887, Test MSE: 0.0588, r (test): 0.2227
Epoch: 52, Training Loss: 0.0175, Train MSE: 0.0175, r (train): 0.9504, Test MSE: 0.0653, r (test): 0.1007
Epoch: 53, Training Loss: 0.0173, Train MSE: 0.0173, r (train): 0.9537, Test MSE: 0.0614, r (test): 0.1691
Epoch: 54, Training Loss: 0.0082, Train MSE: 0.0082, r (train): 0.9544, Test MSE: 0.0592, r (test): 0.1273
Epoch: 55, Training Loss: 0.0098, Train MSE: 0.0098, r (train): 0.9465, Test MSE: 0.0659, r (test): 0.0978
Epoch: 56, Training Loss: 0.0103, Train MSE: 0.0103, r (train): 0.9396, Test MSE: 0.0603, r (test): 0.1780
Epoch: 57, Training Loss: 0.0283, Train MSE: 0.0283, r (train): 0.9147, Test MSE: 0.0744, r (test): -0.0091
Epoch: 58, Training Loss: 0.0299, Train MSE: 0.0299, r (train): 0.9096, Test MSE: 0.0760, r (test): -0.0318
Epoch: 59, Training Loss: 0.0158, Train MSE: 0.0158, r (train): 0.9167, Test MSE: 0.0636, r (test): 0.0664
Epoch: 60, Training Loss: 0.0148, Train MSE: 0.0148, r (train): 0.9144, Test MSE: 0.0660, r (test): 0.1234
Epoch: 61, Training Loss: 0.0189, Train MSE: 0.0189, r (train): 0.8988, Test MSE: 0.0600, r (test): 0.2249
Epoch: 62, Training Loss: 0.0101, Train MSE: 0.0101, r (train): 0.9365, Test MSE: 0.0596, r (test): 0.1323
Epoch: 63, Training Loss: 0.0674, Train MSE: 0.0674, r (train): 0.8639, Test MSE: 0.1153, r (test): -0.1166
Epoch: 64, Training Loss: 0.0227, Train MSE: 0.0227, r (train): 0.9140, Test MSE: 0.0691, r (test): -0.0050
Epoch: 65, Training Loss: 0.0109, Train MSE: 0.0109, r (train): 0.9287, Test MSE: 0.0605, r (test): 0.0801
Epoch: 66, Training Loss: 0.0167, Train MSE: 0.0167, r (train): 0.9277, Test MSE: 0.0585, r (test): 0.1962
Epoch: 67, Training Loss: 0.0564, Train MSE: 0.0564, r (train): 0.9234, Test MSE: 0.0947, r (test): 0.0418
Epoch: 68, Training Loss: 0.0473, Train MSE: 0.0473, r (train): 0.9233, Test MSE: 0.0862, r (test): 0.0443
Epoch: 69, Training Loss: 0.0314, Train MSE: 0.0314, r (train): 0.8978, Test MSE: 0.0773, r (test): 0.0396
Epoch: 70, Training Loss: 0.0267, Train MSE: 0.0267, r (train): 0.9280, Test MSE: 0.0668, r (test): 0.1956
Epoch: 71, Training Loss: 0.0651, Train MSE: 0.0651, r (train): 0.8948, Test MSE: 0.1078, r (test): 0.1119
Epoch: 72, Training Loss: 0.1134, Train MSE: 0.1134, r (train): 0.8768, Test MSE: 0.1589, r (test): -0.0927
Epoch: 73, Training Loss: 0.0677, Train MSE: 0.0677, r (train): 0.9324, Test MSE: 0.0863, r (test): 0.2290
Epoch: 74, Training Loss: 0.0532, Train MSE: 0.0532, r (train): 0.9174, Test MSE: 0.0743, r (test): 0.3659
Epoch: 75, Training Loss: 0.0471, Train MSE: 0.0471, r (train): 0.9014, Test MSE: 0.0692, r (test): 0.2444
Epoch: 76, Training Loss: 0.0397, Train MSE: 0.0397, r (train): 0.9112, Test MSE: 0.0742, r (test): 0.2073
Epoch: 77, Training Loss: 0.0313, Train MSE: 0.0313, r (train): 0.9121, Test MSE: 0.0623, r (test): 0.2839
Epoch: 78, Training Loss: 0.0176, Train MSE: 0.0176, r (train): 0.9170, Test MSE: 0.0513, r (test): 0.3176
Epoch: 79, Training Loss: 0.0131, Train MSE: 0.0131, r (train): 0.9150, Test MSE: 0.0528, r (test): 0.3157
Epoch: 80, Training Loss: 0.0165, Train MSE: 0.0165, r (train): 0.9141, Test MSE: 0.0584, r (test): 0.1882
Epoch: 81, Training Loss: 0.0183, Train MSE: 0.0183, r (train): 0.8785, Test MSE: 0.0621, r (test): 0.0647
Epoch: 82, Training Loss: 0.0202, Train MSE: 0.0202, r (train): 0.8837, Test MSE: 0.0659, r (test): 0.0715
Epoch: 83, Training Loss: 0.0207, Train MSE: 0.0207, r (train): 0.9045, Test MSE: 0.0801, r (test): 0.0062
Epoch: 84, Training Loss: 0.0242, Train MSE: 0.0242, r (train): 0.8901, Test MSE: 0.0897, r (test): -0.0221
Epoch: 85, Training Loss: 0.0231, Train MSE: 0.0231, r (train): 0.8514, Test MSE: 0.0590, r (test): 0.1632
Epoch: 86, Training Loss: 0.0343, Train MSE: 0.0343, r (train): 0.8722, Test MSE: 0.0735, r (test): 0.0962
Epoch: 87, Training Loss: 0.0279, Train MSE: 0.0279, r (train): 0.8952, Test MSE: 0.0768, r (test): -0.0155
Epoch: 88, Training Loss: 0.0338, Train MSE: 0.0338, r (train): 0.9015, Test MSE: 0.0701, r (test): 0.0461
Epoch: 89, Training Loss: 0.0523, Train MSE: 0.0523, r (train): 0.9000, Test MSE: 0.0749, r (test): 0.1190
Epoch: 90, Training Loss: 0.0892, Train MSE: 0.0892, r (train): 0.8891, Test MSE: 0.1306, r (test): -0.0243
Epoch: 91, Training Loss: 0.0819, Train MSE: 0.0819, r (train): 0.8811, Test MSE: 0.1465, r (test): -0.0647
Epoch: 92, Training Loss: 0.0553, Train MSE: 0.0553, r (train): 0.9066, Test MSE: 0.0834, r (test): 0.2733
Epoch: 93, Training Loss: 0.0638, Train MSE: 0.0638, r (train): 0.9039, Test MSE: 0.0910, r (test): 0.2474
Epoch: 94, Training Loss: 0.0192, Train MSE: 0.0192, r (train): 0.9133, Test MSE: 0.0624, r (test): 0.1420
Epoch: 95, Training Loss: 0.0178, Train MSE: 0.0178, r (train): 0.9031, Test MSE: 0.0514, r (test): 0.2871
Epoch: 96, Training Loss: 0.0187, Train MSE: 0.0187, r (train): 0.9119, Test MSE: 0.0765, r (test): 0.0173
Epoch: 97, Training Loss: 0.0155, Train MSE: 0.0155, r (train): 0.9226, Test MSE: 0.0705, r (test): -0.0493
Epoch: 98, Training Loss: 0.0133, Train MSE: 0.0133, r (train): 0.9245, Test MSE: 0.0628, r (test): 0.2625
Epoch: 99, Training Loss: 0.0160, Train MSE: 0.0160, r (train): 0.9073, Test MSE: 0.0687, r (test): 0.0179
Predicted tensors for training set: 
tensor([ 0.3313,  0.0726,  0.4634,  0.3746,  0.5206,  0.2062,  0.3969,  0.4345,
         0.4293,  0.4481,  0.7187,  0.7048,  0.4041,  0.6132,  0.1411,  0.6872,
         0.6676, -0.0614,  0.5703,  0.0364,  0.6255,  0.2382,  0.2133,  0.3695,
         0.1181,  0.3316,  0.4855,  0.6870,  0.0784,  0.7563,  0.6864,  0.6804,
         0.5629,  0.3999,  0.9791,  0.4416,  0.3957,  0.3160,  0.5421,  0.4505,
         0.4563,  0.8297,  1.0365,  0.7507,  0.5032,  0.3394,  0.8203,  0.4463,
         0.3328,  0.7786,  0.6224,  0.1568,  0.7813,  0.2672,  0.5667,  0.5914,
         0.5683,  0.5180,  0.1987,  0.5525,  0.7669,  0.5574,  0.7835,  0.4696,
         0.6646,  0.6573,  0.4806,  0.4062,  0.3660,  0.7756,  0.8730,  0.6756])
Target tensorsfor training set: 
tensor([0.3077, 0.0389, 0.5187, 0.4640, 0.5564, 0.0981, 0.4341, 0.4526, 0.5780,
        0.6240, 0.9150, 0.9117, 0.5658, 0.8363, 0.2464, 0.9072, 0.9621, 0.0246,
        0.7791, 0.2255, 0.9656, 0.3174, 0.1295, 0.4818, 0.0763, 0.3453, 0.5779,
        0.7950, 0.0478, 0.8411, 0.8453, 0.6992, 0.5719, 0.3309, 0.9492, 0.4373,
        0.1218, 0.0636, 0.4036, 0.1294, 0.5023, 0.7462, 0.8988, 0.7596, 0.5102,
        0.2916, 0.8418, 0.2594, 0.2394, 0.8556, 0.6576, 0.1360, 0.9215, 0.2649,
        0.6595, 0.7372, 0.6846, 0.6199, 0.2169, 0.6577, 0.8728, 0.6671, 0.8391,
        0.5300, 0.7270, 0.7125, 0.5220, 0.4440, 0.3829, 0.7901, 0.9535, 0.7371])
Correlation for training set: 0.9073431418234206
Predicted tensors for test set: 
tensor([0.4436, 0.3212, 0.5268, 0.5254, 0.4563, 0.3396, 0.4124, 0.5231, 0.5243,
        0.4413, 0.4680, 0.3583, 0.5299, 0.5337, 0.7152, 0.3861, 0.5974, 0.5834])
Target tensors for test set: 
tensor([0.5783, 0.5573, 0.1055, 0.4149, 0.4993, 0.4654, 0.7497, 0.6465, 0.8561,
        0.7171, 0.7507, 0.5178, 0.2271, 0.1493, 0.9127, 0.8524, 0.4513, 0.7144])
Correlation for test set: 0.017942819703567606
Fold 2
Epoch: 00, Training Loss: 0.1057, Train MSE: 0.1057, r (train): -0.1590, Test MSE: 0.1033, r (test): -0.0353
Epoch: 01, Training Loss: 0.1033, Train MSE: 0.1033, r (train): 0.0220, Test MSE: 0.1074, r (test): 0.0008
Epoch: 02, Training Loss: 0.0700, Train MSE: 0.0700, r (train): 0.1895, Test MSE: 0.0941, r (test): 0.0098
Epoch: 03, Training Loss: 0.1095, Train MSE: 0.1095, r (train): 0.0780, Test MSE: 0.1033, r (test): -0.0013
Epoch: 04, Training Loss: 0.0724, Train MSE: 0.0724, r (train): 0.4071, Test MSE: 0.1083, r (test): 0.0369
Epoch: 05, Training Loss: 0.0856, Train MSE: 0.0856, r (train): 0.2724, Test MSE: 0.1067, r (test): 0.0034
Epoch: 06, Training Loss: 0.0701, Train MSE: 0.0701, r (train): 0.4953, Test MSE: 0.1136, r (test): -0.0187
Epoch: 07, Training Loss: 0.0850, Train MSE: 0.0850, r (train): 0.3306, Test MSE: 0.1097, r (test): -0.0379
Epoch: 08, Training Loss: 0.0662, Train MSE: 0.0662, r (train): 0.5567, Test MSE: 0.1244, r (test): -0.0299
Epoch: 09, Training Loss: 0.1108, Train MSE: 0.1108, r (train): 0.1995, Test MSE: 0.1016, r (test): -0.0730
Epoch: 10, Training Loss: 0.0687, Train MSE: 0.0687, r (train): 0.5486, Test MSE: 0.1290, r (test): -0.0243
Epoch: 11, Training Loss: 0.1012, Train MSE: 0.1012, r (train): 0.2096, Test MSE: 0.1035, r (test): -0.1069
Epoch: 12, Training Loss: 0.0571, Train MSE: 0.0571, r (train): 0.5850, Test MSE: 0.1063, r (test): 0.0085
Epoch: 13, Training Loss: 0.0854, Train MSE: 0.0854, r (train): 0.2645, Test MSE: 0.1025, r (test): -0.0830
Epoch: 14, Training Loss: 0.0821, Train MSE: 0.0821, r (train): 0.3939, Test MSE: 0.1144, r (test): -0.0513
Epoch: 15, Training Loss: 0.0636, Train MSE: 0.0636, r (train): 0.6534, Test MSE: 0.1289, r (test): -0.0556
Epoch: 16, Training Loss: 0.0639, Train MSE: 0.0639, r (train): 0.5840, Test MSE: 0.1251, r (test): -0.0585
Epoch: 17, Training Loss: 0.0612, Train MSE: 0.0612, r (train): 0.7165, Test MSE: 0.1410, r (test): -0.0525
Epoch: 18, Training Loss: 0.0625, Train MSE: 0.0625, r (train): 0.6099, Test MSE: 0.1309, r (test): -0.0845
Epoch: 19, Training Loss: 0.0552, Train MSE: 0.0552, r (train): 0.7577, Test MSE: 0.1542, r (test): -0.0817
Epoch: 20, Training Loss: 0.0561, Train MSE: 0.0561, r (train): 0.7354, Test MSE: 0.1516, r (test): -0.0787
Epoch: 21, Training Loss: 0.0539, Train MSE: 0.0539, r (train): 0.7939, Test MSE: 0.1820, r (test): -0.0962
Epoch: 22, Training Loss: 0.0576, Train MSE: 0.0576, r (train): 0.7674, Test MSE: 0.1821, r (test): -0.0889
Epoch: 23, Training Loss: 0.0453, Train MSE: 0.0453, r (train): 0.8182, Test MSE: 0.1836, r (test): -0.1039
Epoch: 24, Training Loss: 0.0672, Train MSE: 0.0672, r (train): 0.7897, Test MSE: 0.2177, r (test): -0.0933
Epoch: 25, Training Loss: 0.0414, Train MSE: 0.0414, r (train): 0.8170, Test MSE: 0.1667, r (test): -0.1019
Epoch: 26, Training Loss: 0.0763, Train MSE: 0.0763, r (train): 0.7787, Test MSE: 0.2188, r (test): -0.0937
Epoch: 27, Training Loss: 0.0423, Train MSE: 0.0423, r (train): 0.8698, Test MSE: 0.1787, r (test): -0.0978
Epoch: 28, Training Loss: 0.0612, Train MSE: 0.0612, r (train): 0.8652, Test MSE: 0.2199, r (test): -0.1009
Epoch: 29, Training Loss: 0.0533, Train MSE: 0.0533, r (train): 0.8890, Test MSE: 0.2128, r (test): -0.1072
Epoch: 30, Training Loss: 0.0689, Train MSE: 0.0689, r (train): 0.8709, Test MSE: 0.2514, r (test): -0.1001
Epoch: 31, Training Loss: 0.0584, Train MSE: 0.0584, r (train): 0.8871, Test MSE: 0.1773, r (test): -0.1202
Epoch: 32, Training Loss: 0.1098, Train MSE: 0.1098, r (train): 0.7892, Test MSE: 0.3114, r (test): -0.0748
Epoch: 33, Training Loss: 0.0768, Train MSE: 0.0768, r (train): 0.8930, Test MSE: 0.2049, r (test): -0.0763
Epoch: 34, Training Loss: 0.0868, Train MSE: 0.0868, r (train): 0.8429, Test MSE: 0.2532, r (test): -0.0943
Epoch: 35, Training Loss: 0.1170, Train MSE: 0.1170, r (train): 0.8124, Test MSE: 0.2492, r (test): -0.0537
Epoch: 36, Training Loss: 0.0335, Train MSE: 0.0335, r (train): 0.8602, Test MSE: 0.1309, r (test): -0.0060
Epoch: 37, Training Loss: 0.0328, Train MSE: 0.0328, r (train): 0.8763, Test MSE: 0.1143, r (test): -0.0525
Epoch: 38, Training Loss: 0.1044, Train MSE: 0.1044, r (train): 0.7267, Test MSE: 0.2318, r (test): -0.0206
Epoch: 39, Training Loss: 0.0964, Train MSE: 0.0964, r (train): 0.6858, Test MSE: 0.1557, r (test): 0.0121
Epoch: 40, Training Loss: 0.1137, Train MSE: 0.1137, r (train): 0.4421, Test MSE: 0.1124, r (test): -0.0734
Epoch: 41, Training Loss: 0.0756, Train MSE: 0.0756, r (train): 0.8093, Test MSE: 0.1891, r (test): -0.0072
Epoch: 42, Training Loss: 0.0365, Train MSE: 0.0365, r (train): 0.8850, Test MSE: 0.1090, r (test): 0.0192
Epoch: 43, Training Loss: 0.0366, Train MSE: 0.0366, r (train): 0.8949, Test MSE: 0.1138, r (test): 0.0016
Epoch: 44, Training Loss: 0.0413, Train MSE: 0.0413, r (train): 0.8871, Test MSE: 0.1198, r (test): -0.0126
Epoch: 45, Training Loss: 0.0369, Train MSE: 0.0369, r (train): 0.8859, Test MSE: 0.1148, r (test): -0.0075
Epoch: 46, Training Loss: 0.0356, Train MSE: 0.0356, r (train): 0.8784, Test MSE: 0.1084, r (test): -0.0015
Epoch: 47, Training Loss: 0.0314, Train MSE: 0.0314, r (train): 0.8733, Test MSE: 0.1053, r (test): -0.0231
Epoch: 48, Training Loss: 0.0307, Train MSE: 0.0307, r (train): 0.8649, Test MSE: 0.1039, r (test): -0.0557
Epoch: 49, Training Loss: 0.0348, Train MSE: 0.0348, r (train): 0.8544, Test MSE: 0.1053, r (test): -0.0648
Epoch: 50, Training Loss: 0.0422, Train MSE: 0.0422, r (train): 0.8433, Test MSE: 0.1166, r (test): -0.0825
Epoch: 51, Training Loss: 0.0475, Train MSE: 0.0475, r (train): 0.8315, Test MSE: 0.1241, r (test): -0.0719
Epoch: 52, Training Loss: 0.0431, Train MSE: 0.0431, r (train): 0.8274, Test MSE: 0.1180, r (test): -0.0522
Epoch: 53, Training Loss: 0.0473, Train MSE: 0.0473, r (train): 0.8215, Test MSE: 0.1072, r (test): 0.0582
Epoch: 54, Training Loss: 0.0459, Train MSE: 0.0459, r (train): 0.8069, Test MSE: 0.1113, r (test): -0.0725
Epoch: 55, Training Loss: 0.0539, Train MSE: 0.0539, r (train): 0.8393, Test MSE: 0.1404, r (test): -0.0599
Epoch: 56, Training Loss: 0.0729, Train MSE: 0.0729, r (train): 0.8403, Test MSE: 0.1560, r (test): -0.0063
Epoch: 57, Training Loss: 0.1323, Train MSE: 0.1323, r (train): 0.8373, Test MSE: 0.2135, r (test): -0.0045
Epoch: 58, Training Loss: 0.1010, Train MSE: 0.1010, r (train): 0.8511, Test MSE: 0.2114, r (test): -0.1150
Epoch: 59, Training Loss: 0.0593, Train MSE: 0.0593, r (train): 0.8506, Test MSE: 0.1388, r (test): -0.2017
Epoch: 60, Training Loss: 0.0622, Train MSE: 0.0622, r (train): 0.8442, Test MSE: 0.1236, r (test): -0.0464
Epoch: 61, Training Loss: 0.0751, Train MSE: 0.0751, r (train): 0.8657, Test MSE: 0.1577, r (test): -0.0629
Epoch: 62, Training Loss: 0.1027, Train MSE: 0.1027, r (train): 0.8750, Test MSE: 0.1898, r (test): -0.0501
Epoch: 63, Training Loss: 0.0612, Train MSE: 0.0612, r (train): 0.8768, Test MSE: 0.1229, r (test): 0.1331
Epoch: 64, Training Loss: 0.0522, Train MSE: 0.0522, r (train): 0.8778, Test MSE: 0.1185, r (test): 0.0833
Epoch: 65, Training Loss: 0.0275, Train MSE: 0.0275, r (train): 0.8820, Test MSE: 0.1038, r (test): -0.0343
Epoch: 66, Training Loss: 0.0287, Train MSE: 0.0287, r (train): 0.8619, Test MSE: 0.1012, r (test): -0.0744
Epoch: 67, Training Loss: 0.0308, Train MSE: 0.0308, r (train): 0.8448, Test MSE: 0.1027, r (test): -0.1143
Epoch: 68, Training Loss: 0.0280, Train MSE: 0.0280, r (train): 0.8401, Test MSE: 0.0975, r (test): 0.0136
Epoch: 69, Training Loss: 0.0258, Train MSE: 0.0258, r (train): 0.8533, Test MSE: 0.1140, r (test): -0.1430
Epoch: 70, Training Loss: 0.0266, Train MSE: 0.0266, r (train): 0.8311, Test MSE: 0.1040, r (test): -0.1701
Epoch: 71, Training Loss: 0.0272, Train MSE: 0.0272, r (train): 0.8201, Test MSE: 0.1019, r (test): -0.2301
Epoch: 72, Training Loss: 0.0245, Train MSE: 0.0245, r (train): 0.8404, Test MSE: 0.1056, r (test): -0.1553
Epoch: 73, Training Loss: 0.0369, Train MSE: 0.0369, r (train): 0.8486, Test MSE: 0.1183, r (test): -0.0366
Epoch: 74, Training Loss: 0.0548, Train MSE: 0.0548, r (train): 0.8482, Test MSE: 0.1257, r (test): -0.1064
Epoch: 75, Training Loss: 0.0623, Train MSE: 0.0623, r (train): 0.8120, Test MSE: 0.1132, r (test): 0.0312
Epoch: 76, Training Loss: 0.0531, Train MSE: 0.0531, r (train): 0.8326, Test MSE: 0.1175, r (test): -0.0022
Epoch: 77, Training Loss: 0.0768, Train MSE: 0.0768, r (train): 0.8235, Test MSE: 0.1448, r (test): -0.1068
Epoch: 78, Training Loss: 0.0778, Train MSE: 0.0778, r (train): 0.8305, Test MSE: 0.1358, r (test): -0.0634
Epoch: 79, Training Loss: 0.0728, Train MSE: 0.0728, r (train): 0.8124, Test MSE: 0.1541, r (test): -0.1601
Epoch: 80, Training Loss: 0.0648, Train MSE: 0.0648, r (train): 0.8143, Test MSE: 0.1357, r (test): -0.2137
Epoch: 81, Training Loss: 0.0685, Train MSE: 0.0685, r (train): 0.8703, Test MSE: 0.1522, r (test): -0.1295
Epoch: 82, Training Loss: 0.0311, Train MSE: 0.0311, r (train): 0.8778, Test MSE: 0.0956, r (test): 0.1182
Epoch: 83, Training Loss: 0.0283, Train MSE: 0.0283, r (train): 0.8310, Test MSE: 0.0972, r (test): -0.0153
Epoch: 84, Training Loss: 0.0201, Train MSE: 0.0201, r (train): 0.8870, Test MSE: 0.0847, r (test): 0.1781
Epoch: 85, Training Loss: 0.0235, Train MSE: 0.0235, r (train): 0.8889, Test MSE: 0.0871, r (test): 0.2499
Epoch: 86, Training Loss: 0.0208, Train MSE: 0.0208, r (train): 0.8860, Test MSE: 0.0876, r (test): 0.2517
Epoch: 87, Training Loss: 0.0302, Train MSE: 0.0302, r (train): 0.8736, Test MSE: 0.0960, r (test): 0.1591
Epoch: 88, Training Loss: 0.0211, Train MSE: 0.0211, r (train): 0.8739, Test MSE: 0.0891, r (test): 0.2250
Epoch: 89, Training Loss: 0.0224, Train MSE: 0.0224, r (train): 0.8787, Test MSE: 0.0904, r (test): 0.1437
Epoch: 90, Training Loss: 0.0238, Train MSE: 0.0238, r (train): 0.8826, Test MSE: 0.0900, r (test): 0.1593
Epoch: 91, Training Loss: 0.0273, Train MSE: 0.0273, r (train): 0.8572, Test MSE: 0.0876, r (test): 0.1314
Epoch: 92, Training Loss: 0.0308, Train MSE: 0.0308, r (train): 0.8575, Test MSE: 0.0912, r (test): 0.1686
Epoch: 93, Training Loss: 0.0251, Train MSE: 0.0251, r (train): 0.8732, Test MSE: 0.0846, r (test): 0.2142
Epoch: 94, Training Loss: 0.0221, Train MSE: 0.0221, r (train): 0.8834, Test MSE: 0.0747, r (test): 0.4115
Epoch: 95, Training Loss: 0.0345, Train MSE: 0.0345, r (train): 0.8891, Test MSE: 0.1059, r (test): 0.1505
Epoch: 96, Training Loss: 0.0386, Train MSE: 0.0386, r (train): 0.8732, Test MSE: 0.1018, r (test): 0.2934
Epoch: 97, Training Loss: 0.0499, Train MSE: 0.0499, r (train): 0.8863, Test MSE: 0.1140, r (test): 0.2647
Epoch: 98, Training Loss: 0.1015, Train MSE: 0.1015, r (train): 0.8583, Test MSE: 0.1531, r (test): 0.3408
Epoch: 99, Training Loss: 0.0694, Train MSE: 0.0694, r (train): 0.8589, Test MSE: 0.1241, r (test): 0.1519
Predicted tensors for training set: 
tensor([ 0.5192,  0.3496,  0.0327,  0.4277,  0.3679,  0.3556,  0.4137,  0.4123,
         0.6251,  0.3645,  0.4266,  0.2624,  0.0457, -0.0336,  0.4922,  0.4569,
         0.0462,  0.3113,  0.3257, -0.4506,  0.5184, -0.0166, -0.1695,  0.1642,
        -0.2573, -0.0350,  0.2433,  0.3181, -0.1954,  0.3855,  0.5367,  0.3598,
         0.3519,  0.1012,  0.5495,  0.1904, -0.1090, -0.0617,  0.1225, -0.1174,
         0.3748,  0.6114,  0.6497,  0.5304,  0.3503,  0.0742,  0.6390,  0.2992,
         0.1632,  0.8306,  0.6408,  0.1878,  0.7366,  0.2712,  0.5587,  0.6031,
         0.5803,  0.4050,  0.1465,  0.4668,  0.5254,  0.4209,  0.5254,  0.3766,
         0.5387,  0.4822,  0.3295,  0.4397,  0.2894,  0.7071,  0.8233,  0.6329])
Target tensorsfor training set: 
tensor([0.5783, 0.5573, 0.1055, 0.4149, 0.4993, 0.4654, 0.7497, 0.6465, 0.8561,
        0.7171, 0.7507, 0.5178, 0.2271, 0.1493, 0.9127, 0.8524, 0.4513, 0.7144,
        0.7791, 0.2255, 0.9656, 0.3174, 0.1295, 0.4818, 0.0763, 0.3453, 0.5779,
        0.7950, 0.0478, 0.8411, 0.8453, 0.6992, 0.5719, 0.3309, 0.9492, 0.4373,
        0.1218, 0.0636, 0.4036, 0.1294, 0.5023, 0.7462, 0.8988, 0.7596, 0.5102,
        0.2916, 0.8418, 0.2594, 0.2394, 0.8556, 0.6576, 0.1360, 0.9215, 0.2649,
        0.6595, 0.7372, 0.6846, 0.6199, 0.2169, 0.6577, 0.8728, 0.6671, 0.8391,
        0.5300, 0.7270, 0.7125, 0.5220, 0.4440, 0.3829, 0.7901, 0.9535, 0.7371])
Correlation for training set: 0.8589082494704388
Predicted tensors for test set: 
tensor([0.2635, 0.2519, 0.4853, 0.3562, 0.1617, 0.4209, 0.1751, 0.2402, 0.3270,
        0.3533, 0.3970, 0.3749, 0.3129, 0.3140, 0.3030, 0.4982, 0.3055, 0.4365])
Target tensors for test set: 
tensor([0.3077, 0.0389, 0.5187, 0.4640, 0.5564, 0.0981, 0.4341, 0.4526, 0.5780,
        0.6240, 0.9150, 0.9117, 0.5658, 0.8363, 0.2464, 0.9072, 0.9621, 0.0246])
Correlation for test set: 0.15185628511034102
Fold 3
Epoch: 00, Training Loss: 0.0770, Train MSE: 0.0770, r (train): 0.3843, Test MSE: 0.1419, r (test): -0.0761
Epoch: 01, Training Loss: 0.0871, Train MSE: 0.0871, r (train): 0.0875, Test MSE: 0.1755, r (test): -0.1783
Epoch: 02, Training Loss: 0.0906, Train MSE: 0.0906, r (train): 0.1761, Test MSE: 0.2347, r (test): -0.1682
Epoch: 03, Training Loss: 0.0888, Train MSE: 0.0888, r (train): 0.2762, Test MSE: 0.2793, r (test): -0.1548
Epoch: 04, Training Loss: 0.0868, Train MSE: 0.0868, r (train): 0.3206, Test MSE: 0.2132, r (test): -0.1060
Epoch: 05, Training Loss: 0.0691, Train MSE: 0.0691, r (train): 0.3880, Test MSE: 0.1494, r (test): -0.0880
Epoch: 06, Training Loss: 0.0729, Train MSE: 0.0729, r (train): 0.2053, Test MSE: 0.1762, r (test): -0.1634
Epoch: 07, Training Loss: 0.0813, Train MSE: 0.0813, r (train): 0.2321, Test MSE: 0.2117, r (test): -0.1644
Epoch: 08, Training Loss: 0.0812, Train MSE: 0.0812, r (train): 0.3074, Test MSE: 0.2126, r (test): -0.1497
Epoch: 09, Training Loss: 0.0781, Train MSE: 0.0781, r (train): 0.3696, Test MSE: 0.2168, r (test): -0.1482
Epoch: 10, Training Loss: 0.0739, Train MSE: 0.0739, r (train): 0.4266, Test MSE: 0.1880, r (test): -0.1403
Epoch: 11, Training Loss: 0.0851, Train MSE: 0.0851, r (train): 0.3505, Test MSE: 0.2583, r (test): -0.1660
Epoch: 12, Training Loss: 0.0739, Train MSE: 0.0739, r (train): 0.4193, Test MSE: 0.1752, r (test): -0.1236
Epoch: 13, Training Loss: 0.0920, Train MSE: 0.0920, r (train): 0.3472, Test MSE: 0.2799, r (test): -0.1593
Epoch: 14, Training Loss: 0.0671, Train MSE: 0.0671, r (train): 0.4519, Test MSE: 0.1113, r (test): 0.2082
Epoch: 15, Training Loss: 0.0823, Train MSE: 0.0823, r (train): 0.3411, Test MSE: 0.1705, r (test): -0.1390
Epoch: 16, Training Loss: 0.0849, Train MSE: 0.0849, r (train): 0.3661, Test MSE: 0.2644, r (test): -0.1530
Epoch: 17, Training Loss: 0.0571, Train MSE: 0.0571, r (train): 0.6334, Test MSE: 0.1462, r (test): -0.0267
Epoch: 18, Training Loss: 0.0721, Train MSE: 0.0721, r (train): 0.5893, Test MSE: 0.1663, r (test): -0.0276
Epoch: 19, Training Loss: 0.0577, Train MSE: 0.0577, r (train): 0.6918, Test MSE: 0.1267, r (test): 0.0811
Epoch: 20, Training Loss: 0.0775, Train MSE: 0.0775, r (train): 0.5006, Test MSE: 0.1589, r (test): 0.0080
Epoch: 21, Training Loss: 0.0620, Train MSE: 0.0620, r (train): 0.7316, Test MSE: 0.1576, r (test): 0.0527
Epoch: 22, Training Loss: 0.0655, Train MSE: 0.0655, r (train): 0.7252, Test MSE: 0.1942, r (test): -0.0497
Epoch: 23, Training Loss: 0.0358, Train MSE: 0.0358, r (train): 0.8468, Test MSE: 0.1321, r (test): 0.1128
Epoch: 24, Training Loss: 0.0307, Train MSE: 0.0307, r (train): 0.8757, Test MSE: 0.1309, r (test): 0.0781
Epoch: 25, Training Loss: 0.0385, Train MSE: 0.0385, r (train): 0.8738, Test MSE: 0.1420, r (test): 0.1401
Epoch: 26, Training Loss: 0.0193, Train MSE: 0.0193, r (train): 0.9091, Test MSE: 0.0902, r (test): 0.3847
Epoch: 27, Training Loss: 0.0279, Train MSE: 0.0279, r (train): 0.8768, Test MSE: 0.1374, r (test): 0.1248
Epoch: 28, Training Loss: 0.0209, Train MSE: 0.0209, r (train): 0.8925, Test MSE: 0.1074, r (test): 0.1856
Epoch: 29, Training Loss: 0.0229, Train MSE: 0.0229, r (train): 0.8843, Test MSE: 0.1544, r (test): 0.0567
Epoch: 30, Training Loss: 0.0792, Train MSE: 0.0792, r (train): 0.6416, Test MSE: 0.1386, r (test): 0.0493
Epoch: 31, Training Loss: 0.0404, Train MSE: 0.0404, r (train): 0.7181, Test MSE: 0.0976, r (test): 0.0868
Epoch: 32, Training Loss: 0.0462, Train MSE: 0.0462, r (train): 0.8263, Test MSE: 0.1526, r (test): 0.0491
Epoch: 33, Training Loss: 0.0208, Train MSE: 0.0208, r (train): 0.9220, Test MSE: 0.1328, r (test): 0.1105
Epoch: 34, Training Loss: 0.0310, Train MSE: 0.0310, r (train): 0.9298, Test MSE: 0.1672, r (test): 0.0923
Epoch: 35, Training Loss: 0.0460, Train MSE: 0.0460, r (train): 0.9321, Test MSE: 0.1775, r (test): 0.1276
Epoch: 36, Training Loss: 0.0742, Train MSE: 0.0742, r (train): 0.9107, Test MSE: 0.2350, r (test): 0.0680
Epoch: 37, Training Loss: 0.0578, Train MSE: 0.0578, r (train): 0.9138, Test MSE: 0.2049, r (test): 0.0725
Epoch: 38, Training Loss: 0.0191, Train MSE: 0.0191, r (train): 0.9168, Test MSE: 0.1317, r (test): 0.1451
Epoch: 39, Training Loss: 0.0270, Train MSE: 0.0270, r (train): 0.8574, Test MSE: 0.1225, r (test): 0.1851
Epoch: 40, Training Loss: 0.0487, Train MSE: 0.0487, r (train): 0.8656, Test MSE: 0.1472, r (test): 0.1409
Epoch: 41, Training Loss: 0.0364, Train MSE: 0.0364, r (train): 0.9133, Test MSE: 0.1296, r (test): 0.2662
Epoch: 42, Training Loss: 0.0166, Train MSE: 0.0166, r (train): 0.9320, Test MSE: 0.1063, r (test): 0.2751
Epoch: 43, Training Loss: 0.0105, Train MSE: 0.0105, r (train): 0.9349, Test MSE: 0.0907, r (test): 0.3038
Epoch: 44, Training Loss: 0.0111, Train MSE: 0.0111, r (train): 0.9246, Test MSE: 0.0804, r (test): 0.3530
Epoch: 45, Training Loss: 0.0179, Train MSE: 0.0179, r (train): 0.9015, Test MSE: 0.0829, r (test): 0.3933
Epoch: 46, Training Loss: 0.0136, Train MSE: 0.0136, r (train): 0.9153, Test MSE: 0.0801, r (test): 0.4309
Epoch: 47, Training Loss: 0.0167, Train MSE: 0.0167, r (train): 0.8761, Test MSE: 0.0990, r (test): 0.1223
Epoch: 48, Training Loss: 0.0160, Train MSE: 0.0160, r (train): 0.8860, Test MSE: 0.0736, r (test): 0.3959
Epoch: 49, Training Loss: 0.0147, Train MSE: 0.0147, r (train): 0.8974, Test MSE: 0.0708, r (test): 0.4714
Epoch: 50, Training Loss: 0.0328, Train MSE: 0.0328, r (train): 0.9006, Test MSE: 0.1022, r (test): 0.3377
Epoch: 51, Training Loss: 0.0320, Train MSE: 0.0320, r (train): 0.9053, Test MSE: 0.0939, r (test): 0.4227
Epoch: 52, Training Loss: 0.0299, Train MSE: 0.0299, r (train): 0.8633, Test MSE: 0.0910, r (test): 0.4015
Epoch: 53, Training Loss: 0.0615, Train MSE: 0.0615, r (train): 0.8903, Test MSE: 0.1395, r (test): 0.3758
Epoch: 54, Training Loss: 0.0811, Train MSE: 0.0811, r (train): 0.9000, Test MSE: 0.1639, r (test): 0.3410
Epoch: 55, Training Loss: 0.1214, Train MSE: 0.1214, r (train): 0.9066, Test MSE: 0.2128, r (test): 0.3040
Epoch: 56, Training Loss: 0.0616, Train MSE: 0.0616, r (train): 0.9039, Test MSE: 0.1256, r (test): 0.4295
Epoch: 57, Training Loss: 0.1183, Train MSE: 0.1183, r (train): 0.8732, Test MSE: 0.1922, r (test): 0.3756
Epoch: 58, Training Loss: 0.0454, Train MSE: 0.0454, r (train): 0.8883, Test MSE: 0.1113, r (test): 0.4733
Epoch: 59, Training Loss: 0.0556, Train MSE: 0.0556, r (train): 0.8800, Test MSE: 0.1415, r (test): 0.3842
Epoch: 60, Training Loss: 0.0399, Train MSE: 0.0399, r (train): 0.9248, Test MSE: 0.1067, r (test): 0.5215
Epoch: 61, Training Loss: 0.0174, Train MSE: 0.0174, r (train): 0.9130, Test MSE: 0.0827, r (test): 0.4204
Epoch: 62, Training Loss: 0.0157, Train MSE: 0.0157, r (train): 0.9051, Test MSE: 0.0785, r (test): 0.3534
Epoch: 63, Training Loss: 0.0175, Train MSE: 0.0175, r (train): 0.8997, Test MSE: 0.0692, r (test): 0.4427
Epoch: 64, Training Loss: 0.0166, Train MSE: 0.0166, r (train): 0.8820, Test MSE: 0.0731, r (test): 0.3882
Epoch: 65, Training Loss: 0.0272, Train MSE: 0.0272, r (train): 0.8524, Test MSE: 0.0928, r (test): 0.3387
Epoch: 66, Training Loss: 0.0227, Train MSE: 0.0227, r (train): 0.8216, Test MSE: 0.0758, r (test): 0.3785
Epoch: 67, Training Loss: 0.0189, Train MSE: 0.0189, r (train): 0.8557, Test MSE: 0.0860, r (test): 0.2521
Epoch: 68, Training Loss: 0.0231, Train MSE: 0.0231, r (train): 0.9012, Test MSE: 0.0798, r (test): 0.5148
Epoch: 69, Training Loss: 0.0285, Train MSE: 0.0285, r (train): 0.9372, Test MSE: 0.1041, r (test): 0.3876
Epoch: 70, Training Loss: 0.0554, Train MSE: 0.0554, r (train): 0.9304, Test MSE: 0.1330, r (test): 0.3564
Epoch: 71, Training Loss: 0.0431, Train MSE: 0.0431, r (train): 0.9289, Test MSE: 0.1368, r (test): 0.2606
Epoch: 72, Training Loss: 0.0339, Train MSE: 0.0339, r (train): 0.9055, Test MSE: 0.1033, r (test): 0.3495
Epoch: 73, Training Loss: 0.0248, Train MSE: 0.0248, r (train): 0.9116, Test MSE: 0.0903, r (test): 0.4005
Epoch: 74, Training Loss: 0.0166, Train MSE: 0.0166, r (train): 0.8950, Test MSE: 0.0791, r (test): 0.3824
Epoch: 75, Training Loss: 0.0133, Train MSE: 0.0133, r (train): 0.8991, Test MSE: 0.0691, r (test): 0.4579
Epoch: 76, Training Loss: 0.0147, Train MSE: 0.0147, r (train): 0.9253, Test MSE: 0.0721, r (test): 0.4194
Epoch: 77, Training Loss: 0.0122, Train MSE: 0.0122, r (train): 0.9228, Test MSE: 0.0722, r (test): 0.4041
Epoch: 78, Training Loss: 0.0143, Train MSE: 0.0143, r (train): 0.9083, Test MSE: 0.0792, r (test): 0.2997
Epoch: 79, Training Loss: 0.0156, Train MSE: 0.0156, r (train): 0.9001, Test MSE: 0.0602, r (test): 0.5520
Epoch: 80, Training Loss: 0.0168, Train MSE: 0.0168, r (train): 0.9197, Test MSE: 0.0690, r (test): 0.5965
Epoch: 81, Training Loss: 0.0314, Train MSE: 0.0314, r (train): 0.9131, Test MSE: 0.1009, r (test): 0.3099
Epoch: 82, Training Loss: 0.0263, Train MSE: 0.0263, r (train): 0.9212, Test MSE: 0.0915, r (test): 0.3656
Epoch: 83, Training Loss: 0.0252, Train MSE: 0.0252, r (train): 0.9135, Test MSE: 0.1465, r (test): 0.0892
Epoch: 84, Training Loss: 0.0148, Train MSE: 0.0148, r (train): 0.9184, Test MSE: 0.0734, r (test): 0.4178
Epoch: 85, Training Loss: 0.0150, Train MSE: 0.0150, r (train): 0.9113, Test MSE: 0.0822, r (test): 0.3278
Epoch: 86, Training Loss: 0.0158, Train MSE: 0.0158, r (train): 0.8850, Test MSE: 0.0868, r (test): 0.3229
Epoch: 87, Training Loss: 0.0149, Train MSE: 0.0149, r (train): 0.9002, Test MSE: 0.0721, r (test): 0.4875
Epoch: 88, Training Loss: 0.0121, Train MSE: 0.0121, r (train): 0.9105, Test MSE: 0.0691, r (test): 0.4483
Epoch: 89, Training Loss: 0.0137, Train MSE: 0.0137, r (train): 0.9141, Test MSE: 0.0685, r (test): 0.5009
Epoch: 90, Training Loss: 0.0110, Train MSE: 0.0110, r (train): 0.9310, Test MSE: 0.1066, r (test): 0.1480
Epoch: 91, Training Loss: 0.0101, Train MSE: 0.0101, r (train): 0.9328, Test MSE: 0.0737, r (test): 0.3824
Epoch: 92, Training Loss: 0.0088, Train MSE: 0.0088, r (train): 0.9397, Test MSE: 0.0849, r (test): 0.3036
Epoch: 93, Training Loss: 0.0097, Train MSE: 0.0097, r (train): 0.9329, Test MSE: 0.1041, r (test): 0.1144
Epoch: 94, Training Loss: 0.0170, Train MSE: 0.0170, r (train): 0.9444, Test MSE: 0.0827, r (test): 0.3246
Epoch: 95, Training Loss: 0.0281, Train MSE: 0.0281, r (train): 0.9338, Test MSE: 0.1089, r (test): 0.1065
Epoch: 96, Training Loss: 0.0291, Train MSE: 0.0291, r (train): 0.9214, Test MSE: 0.0948, r (test): 0.1974
Epoch: 97, Training Loss: 0.0375, Train MSE: 0.0375, r (train): 0.8899, Test MSE: 0.0929, r (test): 0.2720
Epoch: 98, Training Loss: 0.0308, Train MSE: 0.0308, r (train): 0.8963, Test MSE: 0.0882, r (test): 0.3730
Epoch: 99, Training Loss: 0.0088, Train MSE: 0.0088, r (train): 0.9359, Test MSE: 0.0886, r (test): 0.2435
Predicted tensors for training set: 
tensor([0.7082, 0.5597, 0.2553, 0.5435, 0.5358, 0.4884, 0.7020, 0.6935, 0.8808,
        0.7346, 0.7077, 0.5100, 0.2319, 0.1393, 0.7856, 0.7867, 0.4080, 0.5633,
        0.2383, 0.0912, 0.4861, 0.4889, 0.5394, 0.0990, 0.4670, 0.2558, 0.4717,
        0.6513, 0.8282, 0.7452, 0.4913, 0.6867, 0.1952, 0.7567, 0.7925, 0.1138,
        0.0228, 0.1231, 0.4843, 0.2677, 0.5349, 0.7202, 0.7628, 0.7180, 0.5843,
        0.4202, 0.8894, 0.4004, 0.3587, 0.8697, 0.6904, 0.2999, 0.9103, 0.5338,
        0.8245, 0.8299, 0.7126, 0.6672, 0.3549, 0.7793, 1.0372, 0.7126, 0.8970,
        0.5468, 0.7326, 0.7001, 0.4983, 0.4830, 0.4531, 0.8191, 0.9738, 0.7375])
Target tensorsfor training set: 
tensor([0.5783, 0.5573, 0.1055, 0.4149, 0.4993, 0.4654, 0.7497, 0.6465, 0.8561,
        0.7171, 0.7507, 0.5178, 0.2271, 0.1493, 0.9127, 0.8524, 0.4513, 0.7144,
        0.3077, 0.0389, 0.5187, 0.4640, 0.5564, 0.0981, 0.4341, 0.4526, 0.5780,
        0.6240, 0.9150, 0.9117, 0.5658, 0.8363, 0.2464, 0.9072, 0.9621, 0.0246,
        0.1218, 0.0636, 0.4036, 0.1294, 0.5023, 0.7462, 0.8988, 0.7596, 0.5102,
        0.2916, 0.8418, 0.2594, 0.2394, 0.8556, 0.6576, 0.1360, 0.9215, 0.2649,
        0.6595, 0.7372, 0.6846, 0.6199, 0.2169, 0.6577, 0.8728, 0.6671, 0.8391,
        0.5300, 0.7270, 0.7125, 0.5220, 0.4440, 0.3829, 0.7901, 0.9535, 0.7371])
Correlation for training set: 0.9359256677711688
Predicted tensors for test set: 
tensor([0.6512, 0.8447, 0.6789, 0.3541, 0.5537, 0.5850, 0.4450, 0.6330, 0.4690,
        0.6583, 0.4658, 0.6635, 0.4766, 0.6392, 0.8212, 0.6497, 0.5638, 0.5561])
Target tensors for test set: 
tensor([0.7791, 0.2255, 0.9656, 0.3174, 0.1295, 0.4818, 0.0763, 0.3453, 0.5779,
        0.7950, 0.0478, 0.8411, 0.8453, 0.6992, 0.5719, 0.3309, 0.9492, 0.4373])
Correlation for test set: 0.24348137839246015
Fold 4
Epoch: 00, Training Loss: 0.1211, Train MSE: 0.1211, r (train): 0.3179, Test MSE: 0.6698, r (test): -0.0015
Epoch: 01, Training Loss: 0.1790, Train MSE: 0.1790, r (train): -0.1497, Test MSE: 0.2060, r (test): -0.0839
Epoch: 02, Training Loss: 0.0672, Train MSE: 0.0672, r (train): 0.4448, Test MSE: 0.2320, r (test): 0.0042
Epoch: 03, Training Loss: 0.0616, Train MSE: 0.0616, r (train): 0.3591, Test MSE: 0.1486, r (test): -0.0286
Epoch: 04, Training Loss: 0.0597, Train MSE: 0.0597, r (train): 0.4960, Test MSE: 0.2045, r (test): -0.0277
Epoch: 05, Training Loss: 0.0624, Train MSE: 0.0624, r (train): 0.3856, Test MSE: 0.1890, r (test): -0.0138
Epoch: 06, Training Loss: 0.0631, Train MSE: 0.0631, r (train): 0.4958, Test MSE: 0.2939, r (test): -0.0476
Epoch: 07, Training Loss: 0.0722, Train MSE: 0.0722, r (train): 0.1898, Test MSE: 0.1439, r (test): 0.0014
Epoch: 08, Training Loss: 0.0770, Train MSE: 0.0770, r (train): 0.4394, Test MSE: 0.3601, r (test): -0.0287
Epoch: 09, Training Loss: 0.0767, Train MSE: 0.0767, r (train): 0.1294, Test MSE: 0.1167, r (test): -0.1781
Epoch: 10, Training Loss: 0.0604, Train MSE: 0.0604, r (train): 0.5334, Test MSE: 0.3161, r (test): 0.0073
Epoch: 11, Training Loss: 0.0531, Train MSE: 0.0531, r (train): 0.5662, Test MSE: 0.2191, r (test): -0.0301
Epoch: 12, Training Loss: 0.0527, Train MSE: 0.0527, r (train): 0.5764, Test MSE: 0.2455, r (test): -0.0172
Epoch: 13, Training Loss: 0.0533, Train MSE: 0.0533, r (train): 0.5800, Test MSE: 0.2711, r (test): -0.0148
Epoch: 14, Training Loss: 0.0536, Train MSE: 0.0536, r (train): 0.5978, Test MSE: 0.2901, r (test): -0.0155
Epoch: 15, Training Loss: 0.0519, Train MSE: 0.0519, r (train): 0.6179, Test MSE: 0.3224, r (test): -0.0139
Epoch: 16, Training Loss: 0.0526, Train MSE: 0.0526, r (train): 0.6060, Test MSE: 0.2779, r (test): -0.0139
Epoch: 17, Training Loss: 0.0512, Train MSE: 0.0512, r (train): 0.6561, Test MSE: 0.3664, r (test): -0.0283
Epoch: 18, Training Loss: 0.0489, Train MSE: 0.0489, r (train): 0.6342, Test MSE: 0.2801, r (test): -0.0147
Epoch: 19, Training Loss: 0.0514, Train MSE: 0.0514, r (train): 0.6558, Test MSE: 0.4403, r (test): -0.0212
Epoch: 20, Training Loss: 0.0439, Train MSE: 0.0439, r (train): 0.6938, Test MSE: 0.2653, r (test): -0.0346
Epoch: 21, Training Loss: 0.0492, Train MSE: 0.0492, r (train): 0.6901, Test MSE: 0.5202, r (test): -0.0212
Epoch: 22, Training Loss: 0.0457, Train MSE: 0.0457, r (train): 0.6475, Test MSE: 0.2326, r (test): -0.0735
Epoch: 23, Training Loss: 0.0559, Train MSE: 0.0559, r (train): 0.6135, Test MSE: 0.5534, r (test): -0.0134
Epoch: 24, Training Loss: 0.0362, Train MSE: 0.0362, r (train): 0.7792, Test MSE: 0.2214, r (test): -0.1482
Epoch: 25, Training Loss: 0.0427, Train MSE: 0.0427, r (train): 0.7594, Test MSE: 0.4507, r (test): -0.0314
Epoch: 26, Training Loss: 0.0404, Train MSE: 0.0404, r (train): 0.7965, Test MSE: 0.5249, r (test): -0.0309
Epoch: 27, Training Loss: 0.0264, Train MSE: 0.0264, r (train): 0.8519, Test MSE: 0.4658, r (test): -0.0805
Epoch: 28, Training Loss: 0.0133, Train MSE: 0.0133, r (train): 0.9123, Test MSE: 0.6926, r (test): -0.0334
Epoch: 29, Training Loss: 0.0295, Train MSE: 0.0295, r (train): 0.8828, Test MSE: 0.4393, r (test): -0.0961
Epoch: 30, Training Loss: 0.0172, Train MSE: 0.0172, r (train): 0.8640, Test MSE: 0.5106, r (test): -0.0488
Epoch: 31, Training Loss: 0.0351, Train MSE: 0.0351, r (train): 0.7113, Test MSE: 0.4647, r (test): -0.0562
Epoch: 32, Training Loss: 0.0114, Train MSE: 0.0114, r (train): 0.9122, Test MSE: 0.3478, r (test): -0.1107
Epoch: 33, Training Loss: 0.0179, Train MSE: 0.0179, r (train): 0.9016, Test MSE: 0.4568, r (test): -0.0823
Epoch: 34, Training Loss: 0.0161, Train MSE: 0.0161, r (train): 0.8865, Test MSE: 0.4445, r (test): -0.1216
Epoch: 35, Training Loss: 0.0478, Train MSE: 0.0478, r (train): 0.8809, Test MSE: 0.7222, r (test): -0.0648
Epoch: 36, Training Loss: 0.0099, Train MSE: 0.0099, r (train): 0.9237, Test MSE: 0.8579, r (test): -0.0850
Epoch: 37, Training Loss: 0.0153, Train MSE: 0.0153, r (train): 0.9490, Test MSE: 0.9445, r (test): -0.0772
Epoch: 38, Training Loss: 0.0095, Train MSE: 0.0095, r (train): 0.9375, Test MSE: 0.3407, r (test): -0.0766
Epoch: 39, Training Loss: 0.0077, Train MSE: 0.0077, r (train): 0.9498, Test MSE: 0.4726, r (test): -0.0941
Epoch: 40, Training Loss: 0.0150, Train MSE: 0.0150, r (train): 0.9184, Test MSE: 0.4939, r (test): -0.0724
Epoch: 41, Training Loss: 0.0171, Train MSE: 0.0171, r (train): 0.8674, Test MSE: 0.5275, r (test): -0.0405
Epoch: 42, Training Loss: 0.0163, Train MSE: 0.0163, r (train): 0.9427, Test MSE: 0.3824, r (test): -0.0491
Epoch: 43, Training Loss: 0.0221, Train MSE: 0.0221, r (train): 0.8754, Test MSE: 0.2863, r (test): -0.1009
Epoch: 44, Training Loss: 0.0136, Train MSE: 0.0136, r (train): 0.8949, Test MSE: 0.3828, r (test): -0.0172
Epoch: 45, Training Loss: 0.0171, Train MSE: 0.0171, r (train): 0.8930, Test MSE: 0.4234, r (test): 0.0114
Epoch: 46, Training Loss: 0.0194, Train MSE: 0.0194, r (train): 0.8680, Test MSE: 0.3201, r (test): 0.0140
Epoch: 47, Training Loss: 0.0135, Train MSE: 0.0135, r (train): 0.9036, Test MSE: 0.2109, r (test): -0.1029
Epoch: 48, Training Loss: 0.0170, Train MSE: 0.0170, r (train): 0.9326, Test MSE: 0.3288, r (test): -0.0274
Epoch: 49, Training Loss: 0.0332, Train MSE: 0.0332, r (train): 0.9284, Test MSE: 0.3305, r (test): 0.0151
Epoch: 50, Training Loss: 0.0148, Train MSE: 0.0148, r (train): 0.9252, Test MSE: 0.5206, r (test): -0.0161
Epoch: 51, Training Loss: 0.0305, Train MSE: 0.0305, r (train): 0.9174, Test MSE: 0.2783, r (test): 0.0153
Epoch: 52, Training Loss: 0.0312, Train MSE: 0.0312, r (train): 0.8949, Test MSE: 0.2865, r (test): -0.0035
Epoch: 53, Training Loss: 0.0927, Train MSE: 0.0927, r (train): 0.8833, Test MSE: 0.6524, r (test): 0.0167
Epoch: 54, Training Loss: 0.0429, Train MSE: 0.0429, r (train): 0.9111, Test MSE: 0.6055, r (test): -0.0285
Epoch: 55, Training Loss: 0.0601, Train MSE: 0.0601, r (train): 0.8948, Test MSE: 0.2902, r (test): -0.1065
Epoch: 56, Training Loss: 0.0404, Train MSE: 0.0404, r (train): 0.8631, Test MSE: 0.8171, r (test): -0.0279
Epoch: 57, Training Loss: 0.0224, Train MSE: 0.0224, r (train): 0.8622, Test MSE: 0.1674, r (test): -0.2787
Epoch: 58, Training Loss: 0.0193, Train MSE: 0.0193, r (train): 0.9136, Test MSE: 0.4640, r (test): -0.0458
Epoch: 59, Training Loss: 0.0149, Train MSE: 0.0149, r (train): 0.8911, Test MSE: 0.1569, r (test): -0.4888
Epoch: 60, Training Loss: 0.0150, Train MSE: 0.0150, r (train): 0.8957, Test MSE: 0.1890, r (test): -0.0956
Epoch: 61, Training Loss: 0.0182, Train MSE: 0.0182, r (train): 0.9235, Test MSE: 0.2507, r (test): -0.0452
Epoch: 62, Training Loss: 0.0322, Train MSE: 0.0322, r (train): 0.8966, Test MSE: 0.1780, r (test): 0.0184
Epoch: 63, Training Loss: 0.0351, Train MSE: 0.0351, r (train): 0.9340, Test MSE: 0.1563, r (test): 0.1320
Epoch: 64, Training Loss: 0.0160, Train MSE: 0.0160, r (train): 0.9380, Test MSE: 0.1142, r (test): 0.2030
Epoch: 65, Training Loss: 0.0066, Train MSE: 0.0066, r (train): 0.9520, Test MSE: 0.1097, r (test): 0.1559
Epoch: 66, Training Loss: 0.0211, Train MSE: 0.0211, r (train): 0.9436, Test MSE: 0.1491, r (test): 0.1115
Epoch: 67, Training Loss: 0.0326, Train MSE: 0.0326, r (train): 0.9470, Test MSE: 0.1951, r (test): 0.0592
Epoch: 68, Training Loss: 0.0195, Train MSE: 0.0195, r (train): 0.9493, Test MSE: 0.2650, r (test): -0.0101
Epoch: 69, Training Loss: 0.0100, Train MSE: 0.0100, r (train): 0.9403, Test MSE: 0.2447, r (test): -0.0212
Epoch: 70, Training Loss: 0.0204, Train MSE: 0.0204, r (train): 0.9326, Test MSE: 0.2021, r (test): 0.0102
Epoch: 71, Training Loss: 0.0195, Train MSE: 0.0195, r (train): 0.9280, Test MSE: 0.2055, r (test): 0.0609
Epoch: 72, Training Loss: 0.0221, Train MSE: 0.0221, r (train): 0.8827, Test MSE: 0.2408, r (test): 0.0682
Epoch: 73, Training Loss: 0.0099, Train MSE: 0.0099, r (train): 0.9282, Test MSE: 0.2169, r (test): 0.0360
Epoch: 74, Training Loss: 0.0241, Train MSE: 0.0241, r (train): 0.9400, Test MSE: 0.2308, r (test): 0.0239
Epoch: 75, Training Loss: 0.0148, Train MSE: 0.0148, r (train): 0.9389, Test MSE: 0.2525, r (test): -0.0267
Epoch: 76, Training Loss: 0.0125, Train MSE: 0.0125, r (train): 0.9271, Test MSE: 0.3282, r (test): -0.0117
Epoch: 77, Training Loss: 0.0197, Train MSE: 0.0197, r (train): 0.9338, Test MSE: 0.2748, r (test): 0.0052
Epoch: 78, Training Loss: 0.0194, Train MSE: 0.0194, r (train): 0.9155, Test MSE: 0.1924, r (test): 0.0360
Epoch: 79, Training Loss: 0.0180, Train MSE: 0.0180, r (train): 0.9180, Test MSE: 0.1907, r (test): 0.0579
Epoch: 80, Training Loss: 0.0087, Train MSE: 0.0087, r (train): 0.9449, Test MSE: 0.2142, r (test): 0.0791
Epoch: 81, Training Loss: 0.0075, Train MSE: 0.0075, r (train): 0.9540, Test MSE: 0.2349, r (test): 0.0220
Epoch: 82, Training Loss: 0.0130, Train MSE: 0.0130, r (train): 0.9409, Test MSE: 0.1988, r (test): 0.0376
Epoch: 83, Training Loss: 0.0090, Train MSE: 0.0090, r (train): 0.9511, Test MSE: 0.4359, r (test): 0.0039
Epoch: 84, Training Loss: 0.0323, Train MSE: 0.0323, r (train): 0.9603, Test MSE: 0.3400, r (test): 0.0075
Epoch: 85, Training Loss: 0.0304, Train MSE: 0.0304, r (train): 0.9509, Test MSE: 0.1842, r (test): 0.0491
Epoch: 86, Training Loss: 0.0205, Train MSE: 0.0205, r (train): 0.9301, Test MSE: 0.1789, r (test): 0.0720
Epoch: 87, Training Loss: 0.0098, Train MSE: 0.0098, r (train): 0.9409, Test MSE: 0.2278, r (test): 0.0672
Epoch: 88, Training Loss: 0.0076, Train MSE: 0.0076, r (train): 0.9484, Test MSE: 0.2008, r (test): 0.0794
Epoch: 89, Training Loss: 0.0152, Train MSE: 0.0152, r (train): 0.9396, Test MSE: 0.1832, r (test): 0.0177
Epoch: 90, Training Loss: 0.0094, Train MSE: 0.0094, r (train): 0.9491, Test MSE: 0.4008, r (test): 0.0298
Epoch: 91, Training Loss: 0.0412, Train MSE: 0.0412, r (train): 0.9361, Test MSE: 0.2339, r (test): -0.0311
Epoch: 92, Training Loss: 0.0238, Train MSE: 0.0238, r (train): 0.8875, Test MSE: 0.1158, r (test): 0.1538
Epoch: 93, Training Loss: 0.0238, Train MSE: 0.0238, r (train): 0.9017, Test MSE: 0.2185, r (test): 0.1167
Epoch: 94, Training Loss: 0.0201, Train MSE: 0.0201, r (train): 0.9584, Test MSE: 0.1318, r (test): 0.1737
Epoch: 95, Training Loss: 0.0073, Train MSE: 0.0073, r (train): 0.9633, Test MSE: 0.1444, r (test): 0.1547
Epoch: 96, Training Loss: 0.0119, Train MSE: 0.0119, r (train): 0.9647, Test MSE: 0.1515, r (test): 0.1731
Epoch: 97, Training Loss: 0.0075, Train MSE: 0.0075, r (train): 0.9691, Test MSE: 0.1884, r (test): 0.1279
Epoch: 98, Training Loss: 0.0104, Train MSE: 0.0104, r (train): 0.9715, Test MSE: 0.2046, r (test): 0.0650
Epoch: 99, Training Loss: 0.0362, Train MSE: 0.0362, r (train): 0.9619, Test MSE: 0.2551, r (test): 0.0701
Predicted tensors for training set: 
tensor([ 0.4628,  0.4577, -0.0988,  0.2614,  0.3875,  0.3070,  0.5609,  0.4110,
         0.6808,  0.4012,  0.5769,  0.3246, -0.0041, -0.0550,  0.6491,  0.6834,
         0.2190,  0.5347,  0.0708, -0.2307,  0.3850,  0.2248,  0.4295, -0.1234,
         0.3136,  0.2344,  0.4117,  0.4316,  0.7404,  0.7023,  0.3776,  0.6378,
         0.0598,  0.7429,  0.7700, -0.1966,  0.6266, -0.0535,  0.6859,  0.0816,
        -0.1098,  0.3015, -0.1479,  0.1660,  0.2261,  0.5609, -0.2035,  0.5078,
         0.6158,  0.5050,  0.3861,  0.0547,  0.7291,  0.2905,  0.5144,  0.5673,
         0.4927,  0.4976,  0.1265,  0.5681,  0.7120,  0.6168,  0.7647,  0.4864,
         0.6831,  0.6987,  0.4974,  0.4060,  0.3552,  0.7721,  0.7795,  0.7530])
Target tensorsfor training set: 
tensor([0.5783, 0.5573, 0.1055, 0.4149, 0.4993, 0.4654, 0.7497, 0.6465, 0.8561,
        0.7171, 0.7507, 0.5178, 0.2271, 0.1493, 0.9127, 0.8524, 0.4513, 0.7144,
        0.3077, 0.0389, 0.5187, 0.4640, 0.5564, 0.0981, 0.4341, 0.4526, 0.5780,
        0.6240, 0.9150, 0.9117, 0.5658, 0.8363, 0.2464, 0.9072, 0.9621, 0.0246,
        0.7791, 0.2255, 0.9656, 0.3174, 0.1295, 0.4818, 0.0763, 0.3453, 0.5779,
        0.7950, 0.0478, 0.8411, 0.8453, 0.6992, 0.5719, 0.3309, 0.9492, 0.4373,
        0.6595, 0.7372, 0.6846, 0.6199, 0.2169, 0.6577, 0.8728, 0.6671, 0.8391,
        0.5300, 0.7270, 0.7125, 0.5220, 0.4440, 0.3829, 0.7901, 0.9535, 0.7371])
Correlation for training set: 0.9619170716949552
Predicted tensors for test set: 
tensor([-0.6816,  0.3759,  0.3050,  0.6714,  0.4056,  0.5032, -0.6187,  0.6525,
         0.3709,  0.5418,  0.2152,  0.4258,  0.4143,  0.4525,  0.3851, -0.2650,
         0.4831,  0.4643])
Target tensors for test set: 
tensor([0.1218, 0.0636, 0.4036, 0.1294, 0.5023, 0.7462, 0.8988, 0.7596, 0.5102,
        0.2916, 0.8418, 0.2594, 0.2394, 0.8556, 0.6576, 0.1360, 0.9215, 0.2649])
Correlation for test set: 0.07005189823657519
Fold 5
Epoch: 00, Training Loss: 0.4225, Train MSE: 0.4225, r (train): -0.1559, Test MSE: 0.1195, r (test): -0.0679
Epoch: 01, Training Loss: 0.0718, Train MSE: 0.0718, r (train): 0.3088, Test MSE: 0.0385, r (test): 0.4463
Epoch: 02, Training Loss: 0.0666, Train MSE: 0.0666, r (train): 0.4710, Test MSE: 0.0551, r (test): 0.3848
Epoch: 03, Training Loss: 0.0738, Train MSE: 0.0738, r (train): 0.2927, Test MSE: 0.0367, r (test): 0.4562
Epoch: 04, Training Loss: 0.0645, Train MSE: 0.0645, r (train): 0.4481, Test MSE: 0.0419, r (test): 0.4200
Epoch: 05, Training Loss: 0.0612, Train MSE: 0.0612, r (train): 0.4928, Test MSE: 0.0438, r (test): 0.4029
Epoch: 06, Training Loss: 0.0604, Train MSE: 0.0604, r (train): 0.5006, Test MSE: 0.0428, r (test): 0.4057
Epoch: 07, Training Loss: 0.0787, Train MSE: 0.0787, r (train): 0.3249, Test MSE: 0.0359, r (test): 0.4165
Epoch: 08, Training Loss: 0.0580, Train MSE: 0.0580, r (train): 0.5189, Test MSE: 0.0430, r (test): 0.3724
Epoch: 09, Training Loss: 0.0973, Train MSE: 0.0973, r (train): 0.2881, Test MSE: 0.0331, r (test): 0.3344
Epoch: 10, Training Loss: 0.0905, Train MSE: 0.0905, r (train): 0.2678, Test MSE: 0.0815, r (test): 0.2507
Epoch: 11, Training Loss: 0.0924, Train MSE: 0.0924, r (train): 0.1032, Test MSE: 0.0432, r (test): 0.2931
Epoch: 12, Training Loss: 0.0690, Train MSE: 0.0690, r (train): 0.4425, Test MSE: 0.0312, r (test): 0.3848
Epoch: 13, Training Loss: 0.0611, Train MSE: 0.0611, r (train): 0.5470, Test MSE: 0.0668, r (test): 0.3177
Epoch: 14, Training Loss: 0.0518, Train MSE: 0.0518, r (train): 0.6441, Test MSE: 0.0520, r (test): 0.3265
Epoch: 15, Training Loss: 0.0500, Train MSE: 0.0500, r (train): 0.6522, Test MSE: 0.0501, r (test): 0.3314
Epoch: 16, Training Loss: 0.0491, Train MSE: 0.0491, r (train): 0.6469, Test MSE: 0.0570, r (test): 0.2994
Epoch: 17, Training Loss: 0.0475, Train MSE: 0.0475, r (train): 0.6852, Test MSE: 0.0584, r (test): 0.3199
Epoch: 18, Training Loss: 0.0451, Train MSE: 0.0451, r (train): 0.7215, Test MSE: 0.0572, r (test): 0.3281
Epoch: 19, Training Loss: 0.0426, Train MSE: 0.0426, r (train): 0.7683, Test MSE: 0.0547, r (test): 0.3300
Epoch: 20, Training Loss: 0.0420, Train MSE: 0.0420, r (train): 0.7493, Test MSE: 0.0523, r (test): 0.3205
Epoch: 21, Training Loss: 0.0392, Train MSE: 0.0392, r (train): 0.7722, Test MSE: 0.0576, r (test): 0.3222
Epoch: 22, Training Loss: 0.0644, Train MSE: 0.0644, r (train): 0.5371, Test MSE: 0.0365, r (test): 0.3030
Epoch: 23, Training Loss: 0.0557, Train MSE: 0.0557, r (train): 0.6413, Test MSE: 0.0794, r (test): 0.3315
Epoch: 24, Training Loss: 0.0433, Train MSE: 0.0433, r (train): 0.7167, Test MSE: 0.0449, r (test): 0.3485
Epoch: 25, Training Loss: 0.0328, Train MSE: 0.0328, r (train): 0.8288, Test MSE: 0.0608, r (test): 0.3276
Epoch: 26, Training Loss: 0.0269, Train MSE: 0.0269, r (train): 0.8668, Test MSE: 0.0502, r (test): 0.2862
Epoch: 27, Training Loss: 0.0244, Train MSE: 0.0244, r (train): 0.8767, Test MSE: 0.0589, r (test): 0.3288
Epoch: 28, Training Loss: 0.0207, Train MSE: 0.0207, r (train): 0.9064, Test MSE: 0.0498, r (test): 0.3100
Epoch: 29, Training Loss: 0.0175, Train MSE: 0.0175, r (train): 0.9158, Test MSE: 0.0613, r (test): 0.3238
Epoch: 30, Training Loss: 0.0146, Train MSE: 0.0146, r (train): 0.9400, Test MSE: 0.0521, r (test): 0.3284
Epoch: 31, Training Loss: 0.0127, Train MSE: 0.0127, r (train): 0.9310, Test MSE: 0.0626, r (test): 0.3422
Epoch: 32, Training Loss: 0.0154, Train MSE: 0.0154, r (train): 0.9225, Test MSE: 0.0528, r (test): 0.2337
Epoch: 33, Training Loss: 0.0152, Train MSE: 0.0152, r (train): 0.8989, Test MSE: 0.0633, r (test): 0.2699
Epoch: 34, Training Loss: 0.0297, Train MSE: 0.0297, r (train): 0.8852, Test MSE: 0.0352, r (test): 0.2452
Epoch: 35, Training Loss: 0.0118, Train MSE: 0.0118, r (train): 0.9252, Test MSE: 0.0669, r (test): 0.2926
Epoch: 36, Training Loss: 0.0105, Train MSE: 0.0105, r (train): 0.9497, Test MSE: 0.0642, r (test): 0.1073
Epoch: 37, Training Loss: 0.0084, Train MSE: 0.0084, r (train): 0.9457, Test MSE: 0.0728, r (test): 0.2329
Epoch: 38, Training Loss: 0.0096, Train MSE: 0.0096, r (train): 0.9666, Test MSE: 0.0473, r (test): 0.2079
Epoch: 39, Training Loss: 0.0103, Train MSE: 0.0103, r (train): 0.9430, Test MSE: 0.0531, r (test): 0.1819
Epoch: 40, Training Loss: 0.0470, Train MSE: 0.0470, r (train): 0.7155, Test MSE: 0.0692, r (test): 0.1684
Epoch: 41, Training Loss: 0.0508, Train MSE: 0.0508, r (train): 0.8573, Test MSE: 0.0467, r (test): 0.1112
Epoch: 42, Training Loss: 0.0162, Train MSE: 0.0162, r (train): 0.9162, Test MSE: 0.0481, r (test): 0.1634
Epoch: 43, Training Loss: 0.0113, Train MSE: 0.0113, r (train): 0.9403, Test MSE: 0.0542, r (test): 0.2522
Epoch: 44, Training Loss: 0.0094, Train MSE: 0.0094, r (train): 0.9468, Test MSE: 0.0551, r (test): 0.1751
Epoch: 45, Training Loss: 0.0123, Train MSE: 0.0123, r (train): 0.9431, Test MSE: 0.0911, r (test): 0.1535
Epoch: 46, Training Loss: 0.0052, Train MSE: 0.0052, r (train): 0.9731, Test MSE: 0.0795, r (test): 0.1602
Epoch: 47, Training Loss: 0.0051, Train MSE: 0.0051, r (train): 0.9716, Test MSE: 0.0711, r (test): 0.1012
Epoch: 48, Training Loss: 0.0088, Train MSE: 0.0088, r (train): 0.9558, Test MSE: 0.0532, r (test): 0.1760
Epoch: 49, Training Loss: 0.0193, Train MSE: 0.0193, r (train): 0.9428, Test MSE: 0.0484, r (test): 0.1505
Epoch: 50, Training Loss: 0.0071, Train MSE: 0.0071, r (train): 0.9614, Test MSE: 0.0795, r (test): 0.1304
Epoch: 51, Training Loss: 0.0162, Train MSE: 0.0162, r (train): 0.9511, Test MSE: 0.1040, r (test): 0.1991
Epoch: 52, Training Loss: 0.0416, Train MSE: 0.0416, r (train): 0.9367, Test MSE: 0.1633, r (test): 0.1029
Epoch: 53, Training Loss: 0.0507, Train MSE: 0.0507, r (train): 0.9310, Test MSE: 0.1728, r (test): -0.1050
Epoch: 54, Training Loss: 0.0104, Train MSE: 0.0104, r (train): 0.9701, Test MSE: 0.1071, r (test): 0.0031
Epoch: 55, Training Loss: 0.0073, Train MSE: 0.0073, r (train): 0.9563, Test MSE: 0.0796, r (test): 0.0530
Epoch: 56, Training Loss: 0.0107, Train MSE: 0.0107, r (train): 0.9341, Test MSE: 0.0903, r (test): 0.0931
Epoch: 57, Training Loss: 0.0379, Train MSE: 0.0379, r (train): 0.9301, Test MSE: 0.0414, r (test): 0.2172
Epoch: 58, Training Loss: 0.0289, Train MSE: 0.0289, r (train): 0.9198, Test MSE: 0.0395, r (test): 0.1896
Epoch: 59, Training Loss: 0.0269, Train MSE: 0.0269, r (train): 0.9509, Test MSE: 0.1303, r (test): -0.0106
Epoch: 60, Training Loss: 0.0261, Train MSE: 0.0261, r (train): 0.9547, Test MSE: 0.1321, r (test): 0.0088
Epoch: 61, Training Loss: 0.0094, Train MSE: 0.0094, r (train): 0.9692, Test MSE: 0.1042, r (test): -0.0523
Epoch: 62, Training Loss: 0.0126, Train MSE: 0.0126, r (train): 0.9679, Test MSE: 0.0542, r (test): 0.0460
Epoch: 63, Training Loss: 0.0076, Train MSE: 0.0076, r (train): 0.9647, Test MSE: 0.0938, r (test): 0.0835
Epoch: 64, Training Loss: 0.0278, Train MSE: 0.0278, r (train): 0.9522, Test MSE: 0.1513, r (test): -0.0756
Epoch: 65, Training Loss: 0.0050, Train MSE: 0.0050, r (train): 0.9696, Test MSE: 0.0722, r (test): 0.0023
Epoch: 66, Training Loss: 0.0176, Train MSE: 0.0176, r (train): 0.9662, Test MSE: 0.0496, r (test): 0.0862
Epoch: 67, Training Loss: 0.0067, Train MSE: 0.0067, r (train): 0.9647, Test MSE: 0.0894, r (test): 0.0800
Epoch: 68, Training Loss: 0.0127, Train MSE: 0.0127, r (train): 0.9230, Test MSE: 0.0894, r (test): -0.1177
Epoch: 69, Training Loss: 0.0157, Train MSE: 0.0157, r (train): 0.9604, Test MSE: 0.0501, r (test): 0.0557
Epoch: 70, Training Loss: 0.0282, Train MSE: 0.0282, r (train): 0.9679, Test MSE: 0.0465, r (test): 0.0394
Epoch: 71, Training Loss: 0.0076, Train MSE: 0.0076, r (train): 0.9608, Test MSE: 0.0746, r (test): 0.0242
Epoch: 72, Training Loss: 0.0127, Train MSE: 0.0127, r (train): 0.9209, Test MSE: 0.0718, r (test): 0.0188
Epoch: 73, Training Loss: 0.0323, Train MSE: 0.0323, r (train): 0.9347, Test MSE: 0.0400, r (test): 0.0923
Epoch: 74, Training Loss: 0.0505, Train MSE: 0.0505, r (train): 0.9412, Test MSE: 0.0414, r (test): 0.1407
Epoch: 75, Training Loss: 0.0104, Train MSE: 0.0104, r (train): 0.9368, Test MSE: 0.0659, r (test): 0.1959
Epoch: 76, Training Loss: 0.0134, Train MSE: 0.0134, r (train): 0.9387, Test MSE: 0.0473, r (test): 0.2366
Epoch: 77, Training Loss: 0.0283, Train MSE: 0.0283, r (train): 0.9290, Test MSE: 0.0406, r (test): 0.0578
Epoch: 78, Training Loss: 0.0143, Train MSE: 0.0143, r (train): 0.9425, Test MSE: 0.0479, r (test): 0.1731
Epoch: 79, Training Loss: 0.0113, Train MSE: 0.0113, r (train): 0.9439, Test MSE: 0.0832, r (test): 0.1490
Epoch: 80, Training Loss: 0.0123, Train MSE: 0.0123, r (train): 0.9297, Test MSE: 0.0894, r (test): 0.1215
Epoch: 81, Training Loss: 0.0201, Train MSE: 0.0201, r (train): 0.9016, Test MSE: 0.1007, r (test): 0.0604
Epoch: 82, Training Loss: 0.0219, Train MSE: 0.0219, r (train): 0.8936, Test MSE: 0.1058, r (test): 0.0950
Epoch: 83, Training Loss: 0.0557, Train MSE: 0.0557, r (train): 0.8191, Test MSE: 0.1399, r (test): 0.0408
Epoch: 84, Training Loss: 0.0281, Train MSE: 0.0281, r (train): 0.8080, Test MSE: 0.0732, r (test): -0.0331
Epoch: 85, Training Loss: 0.0419, Train MSE: 0.0419, r (train): 0.7635, Test MSE: 0.1093, r (test): 0.0957
Epoch: 86, Training Loss: 0.0835, Train MSE: 0.0835, r (train): 0.6763, Test MSE: 0.1323, r (test): -0.1006
Epoch: 87, Training Loss: 0.0612, Train MSE: 0.0612, r (train): 0.6809, Test MSE: 0.1150, r (test): 0.0039
Epoch: 88, Training Loss: 0.0138, Train MSE: 0.0138, r (train): 0.9279, Test MSE: 0.0899, r (test): -0.0100
Epoch: 89, Training Loss: 0.0092, Train MSE: 0.0092, r (train): 0.9627, Test MSE: 0.0816, r (test): 0.1912
Epoch: 90, Training Loss: 0.0095, Train MSE: 0.0095, r (train): 0.9637, Test MSE: 0.0881, r (test): 0.1063
Epoch: 91, Training Loss: 0.0064, Train MSE: 0.0064, r (train): 0.9616, Test MSE: 0.0695, r (test): 0.0472
Epoch: 92, Training Loss: 0.0247, Train MSE: 0.0247, r (train): 0.9278, Test MSE: 0.0464, r (test): 0.0840
Epoch: 93, Training Loss: 0.0285, Train MSE: 0.0285, r (train): 0.9576, Test MSE: 0.0409, r (test): 0.1506
Epoch: 94, Training Loss: 0.0188, Train MSE: 0.0188, r (train): 0.9650, Test MSE: 0.0425, r (test): 0.2097
Epoch: 95, Training Loss: 0.0057, Train MSE: 0.0057, r (train): 0.9677, Test MSE: 0.0660, r (test): 0.1601
Epoch: 96, Training Loss: 0.0155, Train MSE: 0.0155, r (train): 0.9658, Test MSE: 0.1196, r (test): 0.0919
Epoch: 97, Training Loss: 0.0369, Train MSE: 0.0369, r (train): 0.9511, Test MSE: 0.1538, r (test): 0.0483
Epoch: 98, Training Loss: 0.0361, Train MSE: 0.0361, r (train): 0.9388, Test MSE: 0.1518, r (test): 0.0444
Epoch: 99, Training Loss: 0.0237, Train MSE: 0.0237, r (train): 0.9337, Test MSE: 0.1186, r (test): 0.0749
Predicted tensors for training set: 
tensor([ 0.5859,  0.5313,  0.0575,  0.4531,  0.4276,  0.4529,  0.6537,  0.5856,
         0.7098,  0.4631,  0.5813,  0.3791,  0.1779,  0.1707,  0.6630,  0.6041,
         0.2654,  0.4670,  0.2910,  0.0754,  0.3217,  0.3235,  0.2815,  0.1318,
         0.2473,  0.2444,  0.3146,  0.4513,  0.6763,  0.6703,  0.4137,  0.6104,
         0.2998,  0.8223,  0.7989,  0.1434,  0.6283,  0.2231,  0.8922,  0.3056,
         0.2450,  0.3869,  0.1801,  0.3164,  0.4423,  0.6375,  0.0930,  0.6648,
         0.6290,  0.5271,  0.4198,  0.1699,  0.7030,  0.3167, -0.1399, -0.0717,
         0.1619, -0.0446,  0.4013,  0.5175,  0.5458,  0.6079,  0.4309,  0.2548,
         0.7325,  0.2045,  0.2478,  0.7529,  0.6325,  0.1087,  0.7982,  0.2754])
Target tensorsfor training set: 
tensor([0.5783, 0.5573, 0.1055, 0.4149, 0.4993, 0.4654, 0.7497, 0.6465, 0.8561,
        0.7171, 0.7507, 0.5178, 0.2271, 0.1493, 0.9127, 0.8524, 0.4513, 0.7144,
        0.3077, 0.0389, 0.5187, 0.4640, 0.5564, 0.0981, 0.4341, 0.4526, 0.5780,
        0.6240, 0.9150, 0.9117, 0.5658, 0.8363, 0.2464, 0.9072, 0.9621, 0.0246,
        0.7791, 0.2255, 0.9656, 0.3174, 0.1295, 0.4818, 0.0763, 0.3453, 0.5779,
        0.7950, 0.0478, 0.8411, 0.8453, 0.6992, 0.5719, 0.3309, 0.9492, 0.4373,
        0.1218, 0.0636, 0.4036, 0.1294, 0.5023, 0.7462, 0.8988, 0.7596, 0.5102,
        0.2916, 0.8418, 0.2594, 0.2394, 0.8556, 0.6576, 0.1360, 0.9215, 0.2649])
Correlation for training set: 0.9337448143112029
Predicted tensors for test set: 
tensor([0.4499, 0.5228, 0.3528, 0.3207, 0.3823, 0.4031, 0.1310, 0.4357, 0.4346,
        0.3450, 0.4323, 0.4004, 0.1304, 0.3144, 0.4244, 0.4475, 0.4017, 0.3213])
Target tensors for test set: 
tensor([0.6595, 0.7372, 0.6846, 0.6199, 0.2169, 0.6577, 0.8728, 0.6671, 0.8391,
        0.5300, 0.7270, 0.7125, 0.5220, 0.4440, 0.3829, 0.7901, 0.9535, 0.7371])
Correlation for test set: 0.07485451375904742
Seed: 1
Fold losses: [tensor(0.0160), tensor(0.0694), tensor(0.0088), tensor(0.0362), tensor(0.0237)]
Fold MSE values: [tensor(0.0160), tensor(0.0694), tensor(0.0088), tensor(0.0362), tensor(0.0237)]
Target training values: [tensor([0.3077, 0.0389, 0.5187, 0.4640, 0.5564, 0.0981, 0.4341, 0.4526, 0.5780,
        0.6240, 0.9150, 0.9117, 0.5658, 0.8363, 0.2464, 0.9072, 0.9621, 0.0246,
        0.7791, 0.2255, 0.9656, 0.3174, 0.1295, 0.4818, 0.0763, 0.3453, 0.5779,
        0.7950, 0.0478, 0.8411, 0.8453, 0.6992, 0.5719, 0.3309, 0.9492, 0.4373,
        0.1218, 0.0636, 0.4036, 0.1294, 0.5023, 0.7462, 0.8988, 0.7596, 0.5102,
        0.2916, 0.8418, 0.2594, 0.2394, 0.8556, 0.6576, 0.1360, 0.9215, 0.2649,
        0.6595, 0.7372, 0.6846, 0.6199, 0.2169, 0.6577, 0.8728, 0.6671, 0.8391,
        0.5300, 0.7270, 0.7125, 0.5220, 0.4440, 0.3829, 0.7901, 0.9535, 0.7371]), tensor([0.5783, 0.5573, 0.1055, 0.4149, 0.4993, 0.4654, 0.7497, 0.6465, 0.8561,
        0.7171, 0.7507, 0.5178, 0.2271, 0.1493, 0.9127, 0.8524, 0.4513, 0.7144,
        0.7791, 0.2255, 0.9656, 0.3174, 0.1295, 0.4818, 0.0763, 0.3453, 0.5779,
        0.7950, 0.0478, 0.8411, 0.8453, 0.6992, 0.5719, 0.3309, 0.9492, 0.4373,
        0.1218, 0.0636, 0.4036, 0.1294, 0.5023, 0.7462, 0.8988, 0.7596, 0.5102,
        0.2916, 0.8418, 0.2594, 0.2394, 0.8556, 0.6576, 0.1360, 0.9215, 0.2649,
        0.6595, 0.7372, 0.6846, 0.6199, 0.2169, 0.6577, 0.8728, 0.6671, 0.8391,
        0.5300, 0.7270, 0.7125, 0.5220, 0.4440, 0.3829, 0.7901, 0.9535, 0.7371]), tensor([0.5783, 0.5573, 0.1055, 0.4149, 0.4993, 0.4654, 0.7497, 0.6465, 0.8561,
        0.7171, 0.7507, 0.5178, 0.2271, 0.1493, 0.9127, 0.8524, 0.4513, 0.7144,
        0.3077, 0.0389, 0.5187, 0.4640, 0.5564, 0.0981, 0.4341, 0.4526, 0.5780,
        0.6240, 0.9150, 0.9117, 0.5658, 0.8363, 0.2464, 0.9072, 0.9621, 0.0246,
        0.1218, 0.0636, 0.4036, 0.1294, 0.5023, 0.7462, 0.8988, 0.7596, 0.5102,
        0.2916, 0.8418, 0.2594, 0.2394, 0.8556, 0.6576, 0.1360, 0.9215, 0.2649,
        0.6595, 0.7372, 0.6846, 0.6199, 0.2169, 0.6577, 0.8728, 0.6671, 0.8391,
        0.5300, 0.7270, 0.7125, 0.5220, 0.4440, 0.3829, 0.7901, 0.9535, 0.7371]), tensor([0.5783, 0.5573, 0.1055, 0.4149, 0.4993, 0.4654, 0.7497, 0.6465, 0.8561,
        0.7171, 0.7507, 0.5178, 0.2271, 0.1493, 0.9127, 0.8524, 0.4513, 0.7144,
        0.3077, 0.0389, 0.5187, 0.4640, 0.5564, 0.0981, 0.4341, 0.4526, 0.5780,
        0.6240, 0.9150, 0.9117, 0.5658, 0.8363, 0.2464, 0.9072, 0.9621, 0.0246,
        0.7791, 0.2255, 0.9656, 0.3174, 0.1295, 0.4818, 0.0763, 0.3453, 0.5779,
        0.7950, 0.0478, 0.8411, 0.8453, 0.6992, 0.5719, 0.3309, 0.9492, 0.4373,
        0.6595, 0.7372, 0.6846, 0.6199, 0.2169, 0.6577, 0.8728, 0.6671, 0.8391,
        0.5300, 0.7270, 0.7125, 0.5220, 0.4440, 0.3829, 0.7901, 0.9535, 0.7371]), tensor([0.5783, 0.5573, 0.1055, 0.4149, 0.4993, 0.4654, 0.7497, 0.6465, 0.8561,
        0.7171, 0.7507, 0.5178, 0.2271, 0.1493, 0.9127, 0.8524, 0.4513, 0.7144,
        0.3077, 0.0389, 0.5187, 0.4640, 0.5564, 0.0981, 0.4341, 0.4526, 0.5780,
        0.6240, 0.9150, 0.9117, 0.5658, 0.8363, 0.2464, 0.9072, 0.9621, 0.0246,
        0.7791, 0.2255, 0.9656, 0.3174, 0.1295, 0.4818, 0.0763, 0.3453, 0.5779,
        0.7950, 0.0478, 0.8411, 0.8453, 0.6992, 0.5719, 0.3309, 0.9492, 0.4373,
        0.1218, 0.0636, 0.4036, 0.1294, 0.5023, 0.7462, 0.8988, 0.7596, 0.5102,
        0.2916, 0.8418, 0.2594, 0.2394, 0.8556, 0.6576, 0.1360, 0.9215, 0.2649])]
Prediction training values: [tensor([ 0.3313,  0.0726,  0.4634,  0.3746,  0.5206,  0.2062,  0.3969,  0.4345,
         0.4293,  0.4481,  0.7187,  0.7048,  0.4041,  0.6132,  0.1411,  0.6872,
         0.6676, -0.0614,  0.5703,  0.0364,  0.6255,  0.2382,  0.2133,  0.3695,
         0.1181,  0.3316,  0.4855,  0.6870,  0.0784,  0.7563,  0.6864,  0.6804,
         0.5629,  0.3999,  0.9791,  0.4416,  0.3957,  0.3160,  0.5421,  0.4505,
         0.4563,  0.8297,  1.0365,  0.7507,  0.5032,  0.3394,  0.8203,  0.4463,
         0.3328,  0.7786,  0.6224,  0.1568,  0.7813,  0.2672,  0.5667,  0.5914,
         0.5683,  0.5180,  0.1987,  0.5525,  0.7669,  0.5574,  0.7835,  0.4696,
         0.6646,  0.6573,  0.4806,  0.4062,  0.3660,  0.7756,  0.8730,  0.6756]), tensor([ 0.5192,  0.3496,  0.0327,  0.4277,  0.3679,  0.3556,  0.4137,  0.4123,
         0.6251,  0.3645,  0.4266,  0.2624,  0.0457, -0.0336,  0.4922,  0.4569,
         0.0462,  0.3113,  0.3257, -0.4506,  0.5184, -0.0166, -0.1695,  0.1642,
        -0.2573, -0.0350,  0.2433,  0.3181, -0.1954,  0.3855,  0.5367,  0.3598,
         0.3519,  0.1012,  0.5495,  0.1904, -0.1090, -0.0617,  0.1225, -0.1174,
         0.3748,  0.6114,  0.6497,  0.5304,  0.3503,  0.0742,  0.6390,  0.2992,
         0.1632,  0.8306,  0.6408,  0.1878,  0.7366,  0.2712,  0.5587,  0.6031,
         0.5803,  0.4050,  0.1465,  0.4668,  0.5254,  0.4209,  0.5254,  0.3766,
         0.5387,  0.4822,  0.3295,  0.4397,  0.2894,  0.7071,  0.8233,  0.6329]), tensor([0.7082, 0.5597, 0.2553, 0.5435, 0.5358, 0.4884, 0.7020, 0.6935, 0.8808,
        0.7346, 0.7077, 0.5100, 0.2319, 0.1393, 0.7856, 0.7867, 0.4080, 0.5633,
        0.2383, 0.0912, 0.4861, 0.4889, 0.5394, 0.0990, 0.4670, 0.2558, 0.4717,
        0.6513, 0.8282, 0.7452, 0.4913, 0.6867, 0.1952, 0.7567, 0.7925, 0.1138,
        0.0228, 0.1231, 0.4843, 0.2677, 0.5349, 0.7202, 0.7628, 0.7180, 0.5843,
        0.4202, 0.8894, 0.4004, 0.3587, 0.8697, 0.6904, 0.2999, 0.9103, 0.5338,
        0.8245, 0.8299, 0.7126, 0.6672, 0.3549, 0.7793, 1.0372, 0.7126, 0.8970,
        0.5468, 0.7326, 0.7001, 0.4983, 0.4830, 0.4531, 0.8191, 0.9738, 0.7375]), tensor([ 0.4628,  0.4577, -0.0988,  0.2614,  0.3875,  0.3070,  0.5609,  0.4110,
         0.6808,  0.4012,  0.5769,  0.3246, -0.0041, -0.0550,  0.6491,  0.6834,
         0.2190,  0.5347,  0.0708, -0.2307,  0.3850,  0.2248,  0.4295, -0.1234,
         0.3136,  0.2344,  0.4117,  0.4316,  0.7404,  0.7023,  0.3776,  0.6378,
         0.0598,  0.7429,  0.7700, -0.1966,  0.6266, -0.0535,  0.6859,  0.0816,
        -0.1098,  0.3015, -0.1479,  0.1660,  0.2261,  0.5609, -0.2035,  0.5078,
         0.6158,  0.5050,  0.3861,  0.0547,  0.7291,  0.2905,  0.5144,  0.5673,
         0.4927,  0.4976,  0.1265,  0.5681,  0.7120,  0.6168,  0.7647,  0.4864,
         0.6831,  0.6987,  0.4974,  0.4060,  0.3552,  0.7721,  0.7795,  0.7530]), tensor([ 0.5859,  0.5313,  0.0575,  0.4531,  0.4276,  0.4529,  0.6537,  0.5856,
         0.7098,  0.4631,  0.5813,  0.3791,  0.1779,  0.1707,  0.6630,  0.6041,
         0.2654,  0.4670,  0.2910,  0.0754,  0.3217,  0.3235,  0.2815,  0.1318,
         0.2473,  0.2444,  0.3146,  0.4513,  0.6763,  0.6703,  0.4137,  0.6104,
         0.2998,  0.8223,  0.7989,  0.1434,  0.6283,  0.2231,  0.8922,  0.3056,
         0.2450,  0.3869,  0.1801,  0.3164,  0.4423,  0.6375,  0.0930,  0.6648,
         0.6290,  0.5271,  0.4198,  0.1699,  0.7030,  0.3167, -0.1399, -0.0717,
         0.1619, -0.0446,  0.4013,  0.5175,  0.5458,  0.6079,  0.4309,  0.2548,
         0.7325,  0.2045,  0.2478,  0.7529,  0.6325,  0.1087,  0.7982,  0.2754])]
Target values: [array([0.57832706, 0.55726975, 0.10552448, 0.41493568, 0.4993471 ,
       0.46544507, 0.7497406 , 0.6464906 , 0.85610735, 0.71714455,
       0.75073236, 0.51780254, 0.22711647, 0.14931566, 0.912732  ,
       0.8524316 , 0.45128736, 0.71435624], dtype=float32), array([0.30766785, 0.03887437, 0.518717  , 0.46398443, 0.55641776,
       0.09805249, 0.43409458, 0.45263878, 0.578045  , 0.62399   ,
       0.91498566, 0.9116711 , 0.5658469 , 0.83626515, 0.24636388,
       0.9071598 , 0.96213573, 0.02463444], dtype=float32), array([0.77910316, 0.2254639 , 0.96564525, 0.31742746, 0.12948532,
       0.48182514, 0.07633217, 0.34531343, 0.5778506 , 0.79497874,
       0.04781396, 0.84113044, 0.84525365, 0.69921327, 0.57190746,
       0.33092642, 0.9491663 , 0.4372734 ], dtype=float32), array([0.12180944, 0.06358391, 0.40355092, 0.12937951, 0.50225437,
       0.7462256 , 0.89876264, 0.75962484, 0.51015127, 0.29163042,
       0.8417677 , 0.25936916, 0.23939352, 0.85557973, 0.6576234 ,
       0.1360485 , 0.9215425 , 0.2649091 ], dtype=float32), array([0.659493  , 0.73719215, 0.6846425 , 0.6198749 , 0.21692123,
       0.65769196, 0.8728059 , 0.6671056 , 0.8390776 , 0.52996147,
       0.72703534, 0.71252435, 0.5220161 , 0.44401234, 0.38285765,
       0.7900961 , 0.95346546, 0.73709923], dtype=float32)]
Prediction values: [array([0.4435806 , 0.32117596, 0.52680457, 0.525421  , 0.45625544,
       0.33963463, 0.41241136, 0.52310514, 0.52427536, 0.44131348,
       0.46802953, 0.3582781 , 0.529874  , 0.5336757 , 0.71522033,
       0.38607347, 0.5973836 , 0.58339036], dtype=float32), array([0.26352844, 0.2518502 , 0.48530707, 0.3562399 , 0.16168977,
       0.4209211 , 0.1750851 , 0.240165  , 0.32703632, 0.35330236,
       0.3969913 , 0.37494445, 0.31288248, 0.31398165, 0.30303597,
       0.4981691 , 0.30554724, 0.43652827], dtype=float32), array([0.65122867, 0.84466064, 0.6789154 , 0.35413986, 0.55369437,
       0.585028  , 0.44500864, 0.63303506, 0.46896636, 0.6583439 ,
       0.46580935, 0.6634569 , 0.47662538, 0.639202  , 0.82115734,
       0.64968073, 0.56382823, 0.5561491 ], dtype=float32), array([-0.6816155 ,  0.37590724,  0.30496332,  0.67137665,  0.40561002,
        0.5032021 , -0.6186522 ,  0.6525464 ,  0.37090087,  0.54180557,
        0.21516079,  0.4258039 ,  0.4142651 ,  0.45253927,  0.3851031 ,
       -0.26504654,  0.48309487,  0.46431935], dtype=float32), array([0.44987798, 0.5228425 , 0.35283652, 0.32070082, 0.3823327 ,
       0.4030508 , 0.13098305, 0.4357238 , 0.43456474, 0.3449664 ,
       0.43229875, 0.40037024, 0.13039497, 0.31437647, 0.4244011 ,
       0.44754073, 0.40173382, 0.32126102], dtype=float32)]
Time taken: 994.3497052192688 seconds
