sh: line 1: logger: command not found
/apps/conda/25.3.1/etc/profile.d/conda.sh: line 69: dirname: command not found
/apps/conda/25.3.1/etc/profile.d/conda.sh: line 69: dirname: command not found
/apps/conda/25.3.1/etc/profile.d/mamba.sh: line 59: basename: command not found
Error unknown MAMBA_EXE: "/apps/conda/25.3.1/bin/mamba", filename must be mamba or micromamba
Lmod has detected the following error: This module can only be used on RHEL9 nodes. 
While processing the following module(s):
    Module fullname  Module Filename
    ---------------  ---------------
    gcc/14.2.0       /apps/lmod/modulefiles/core/gcc/14.2.0.lua

pointnet_entorhinal_fs_01.py
/blue/stevenweisberg/ashishkumarsahoo/hippocampAI/conda_pyg_070923/lib/python3.8/site-packages/torch/cuda/__init__.py:155: UserWarning: 
NVIDIA B200 with CUDA capability sm_100 is not compatible with the current PyTorch installation.
The current PyTorch install supports CUDA capabilities sm_37 sm_50 sm_60 sm_61 sm_70 sm_75 sm_80 sm_86 compute_37.
If you want to use the NVIDIA B200 GPU with PyTorch, please check the instructions at https://pytorch.org/get-started/locally/

  warnings.warn(incompatible_device_warn.format(device_name, capability, " ".join(arch_list), device_name))
Number of GPUs available for training: 1
Fold 1
Epoch: 00, Training Loss: 0.0883, Train MSE: 0.0883, r (train): 0.1467, Test MSE: 0.0705, r (test): -0.3279
Epoch: 01, Training Loss: 0.0860, Train MSE: 0.0860, r (train): 0.2692, Test MSE: 0.0694, r (test): -0.3206
Epoch: 02, Training Loss: 0.0842, Train MSE: 0.0842, r (train): 0.3612, Test MSE: 0.0685, r (test): -0.2689
Epoch: 03, Training Loss: 0.0825, Train MSE: 0.0825, r (train): 0.4366, Test MSE: 0.0687, r (test): -0.2590
Epoch: 04, Training Loss: 0.0808, Train MSE: 0.0808, r (train): 0.5229, Test MSE: 0.0703, r (test): -0.2618
Epoch: 05, Training Loss: 0.0780, Train MSE: 0.0780, r (train): 0.6026, Test MSE: 0.0698, r (test): -0.2488
Epoch: 06, Training Loss: 0.0732, Train MSE: 0.0732, r (train): 0.6956, Test MSE: 0.0702, r (test): -0.2854
Epoch: 07, Training Loss: 0.0670, Train MSE: 0.0670, r (train): 0.7545, Test MSE: 0.0705, r (test): -0.3319
Epoch: 08, Training Loss: 0.0611, Train MSE: 0.0611, r (train): 0.8015, Test MSE: 0.0716, r (test): -0.3347
Epoch: 09, Training Loss: 0.0537, Train MSE: 0.0537, r (train): 0.8369, Test MSE: 0.0714, r (test): -0.2977
Epoch: 10, Training Loss: 0.0410, Train MSE: 0.0410, r (train): 0.8714, Test MSE: 0.0721, r (test): -0.3275
Epoch: 11, Training Loss: 0.0328, Train MSE: 0.0328, r (train): 0.8924, Test MSE: 0.0723, r (test): -0.2952
Epoch: 12, Training Loss: 0.0239, Train MSE: 0.0239, r (train): 0.8961, Test MSE: 0.0756, r (test): -0.3412
Epoch: 13, Training Loss: 0.0240, Train MSE: 0.0240, r (train): 0.9069, Test MSE: 0.0814, r (test): -0.3988
Epoch: 14, Training Loss: 0.0359, Train MSE: 0.0359, r (train): 0.9207, Test MSE: 0.0918, r (test): -0.4411
Epoch: 15, Training Loss: 0.0368, Train MSE: 0.0368, r (train): 0.8925, Test MSE: 0.0996, r (test): -0.2983
Epoch: 16, Training Loss: 0.0173, Train MSE: 0.0173, r (train): 0.9095, Test MSE: 0.0777, r (test): -0.3024
Epoch: 17, Training Loss: 0.0577, Train MSE: 0.0577, r (train): 0.9084, Test MSE: 0.1227, r (test): -0.3890
Epoch: 18, Training Loss: 0.0482, Train MSE: 0.0482, r (train): 0.9213, Test MSE: 0.1248, r (test): -0.5563
Epoch: 19, Training Loss: 0.0239, Train MSE: 0.0239, r (train): 0.8949, Test MSE: 0.0956, r (test): -0.4119
Epoch: 20, Training Loss: 0.0204, Train MSE: 0.0204, r (train): 0.8824, Test MSE: 0.0821, r (test): -0.5117
Epoch: 21, Training Loss: 0.0204, Train MSE: 0.0204, r (train): 0.8958, Test MSE: 0.0887, r (test): -0.4359
Epoch: 22, Training Loss: 0.0468, Train MSE: 0.0468, r (train): 0.9292, Test MSE: 0.1207, r (test): -0.4986
Epoch: 23, Training Loss: 0.0871, Train MSE: 0.0871, r (train): 0.9331, Test MSE: 0.1624, r (test): -0.4188
Epoch: 24, Training Loss: 0.0318, Train MSE: 0.0318, r (train): 0.9331, Test MSE: 0.1098, r (test): -0.5841
Epoch: 25, Training Loss: 0.0263, Train MSE: 0.0263, r (train): 0.9237, Test MSE: 0.1046, r (test): -0.5403
Epoch: 26, Training Loss: 0.0681, Train MSE: 0.0681, r (train): 0.9139, Test MSE: 0.1511, r (test): -0.6224
Epoch: 27, Training Loss: 0.0644, Train MSE: 0.0644, r (train): 0.9313, Test MSE: 0.1435, r (test): -0.3726
Epoch: 28, Training Loss: 0.0313, Train MSE: 0.0313, r (train): 0.9383, Test MSE: 0.1160, r (test): -0.4726
Epoch: 29, Training Loss: 0.0205, Train MSE: 0.0205, r (train): 0.9340, Test MSE: 0.1034, r (test): -0.4381
Epoch: 30, Training Loss: 0.0181, Train MSE: 0.0181, r (train): 0.9268, Test MSE: 0.0973, r (test): -0.4257
Epoch: 31, Training Loss: 0.0186, Train MSE: 0.0186, r (train): 0.9332, Test MSE: 0.1024, r (test): -0.3607
Epoch: 32, Training Loss: 0.0169, Train MSE: 0.0169, r (train): 0.9174, Test MSE: 0.1049, r (test): -0.3478
Epoch: 33, Training Loss: 0.0301, Train MSE: 0.0301, r (train): 0.8974, Test MSE: 0.1038, r (test): -0.4102
Epoch: 34, Training Loss: 0.0237, Train MSE: 0.0237, r (train): 0.9424, Test MSE: 0.1004, r (test): -0.2617
Epoch: 35, Training Loss: 0.0378, Train MSE: 0.0378, r (train): 0.8879, Test MSE: 0.0932, r (test): -0.1362
Epoch: 36, Training Loss: 0.0201, Train MSE: 0.0201, r (train): 0.8909, Test MSE: 0.0743, r (test): -0.0579
Epoch: 37, Training Loss: 0.0236, Train MSE: 0.0236, r (train): 0.8699, Test MSE: 0.0759, r (test): -0.1286
Epoch: 38, Training Loss: 0.0151, Train MSE: 0.0151, r (train): 0.9003, Test MSE: 0.0809, r (test): -0.3834
Epoch: 39, Training Loss: 0.0387, Train MSE: 0.0387, r (train): 0.7869, Test MSE: 0.0848, r (test): -0.4666
Epoch: 40, Training Loss: 0.0224, Train MSE: 0.0224, r (train): 0.9262, Test MSE: 0.0919, r (test): -0.3400
Epoch: 41, Training Loss: 0.0830, Train MSE: 0.0830, r (train): 0.8764, Test MSE: 0.1514, r (test): -0.3515
Epoch: 42, Training Loss: 0.0793, Train MSE: 0.0793, r (train): 0.9174, Test MSE: 0.1548, r (test): -0.3230
Epoch: 43, Training Loss: 0.0528, Train MSE: 0.0528, r (train): 0.9058, Test MSE: 0.1361, r (test): -0.4862
Epoch: 44, Training Loss: 0.0305, Train MSE: 0.0305, r (train): 0.9117, Test MSE: 0.1155, r (test): -0.4171
Epoch: 45, Training Loss: 0.0148, Train MSE: 0.0148, r (train): 0.9206, Test MSE: 0.0949, r (test): -0.4054
Epoch: 46, Training Loss: 0.0178, Train MSE: 0.0178, r (train): 0.9250, Test MSE: 0.0960, r (test): -0.3255
Epoch: 47, Training Loss: 0.0131, Train MSE: 0.0131, r (train): 0.9400, Test MSE: 0.0886, r (test): -0.4555
Epoch: 48, Training Loss: 0.0149, Train MSE: 0.0149, r (train): 0.9160, Test MSE: 0.0799, r (test): -0.3152
Epoch: 49, Training Loss: 0.0114, Train MSE: 0.0114, r (train): 0.9260, Test MSE: 0.0878, r (test): -0.4602
Epoch: 50, Training Loss: 0.0202, Train MSE: 0.0202, r (train): 0.9153, Test MSE: 0.0996, r (test): -0.4817
Epoch: 51, Training Loss: 0.0349, Train MSE: 0.0349, r (train): 0.8875, Test MSE: 0.1115, r (test): -0.3156
Epoch: 52, Training Loss: 0.0282, Train MSE: 0.0282, r (train): 0.9350, Test MSE: 0.1171, r (test): -0.5102
Epoch: 53, Training Loss: 0.0116, Train MSE: 0.0116, r (train): 0.9416, Test MSE: 0.0942, r (test): -0.5204
Epoch: 54, Training Loss: 0.0181, Train MSE: 0.0181, r (train): 0.9355, Test MSE: 0.1030, r (test): -0.5193
Epoch: 55, Training Loss: 0.0236, Train MSE: 0.0236, r (train): 0.8929, Test MSE: 0.0937, r (test): -0.4063
Epoch: 56, Training Loss: 0.0157, Train MSE: 0.0157, r (train): 0.9346, Test MSE: 0.1027, r (test): -0.3650
Epoch: 57, Training Loss: 0.0260, Train MSE: 0.0260, r (train): 0.8847, Test MSE: 0.1002, r (test): -0.5315
Epoch: 58, Training Loss: 0.0218, Train MSE: 0.0218, r (train): 0.9275, Test MSE: 0.1090, r (test): -0.3960
Epoch: 59, Training Loss: 0.0107, Train MSE: 0.0107, r (train): 0.9409, Test MSE: 0.0932, r (test): -0.4026
Epoch: 60, Training Loss: 0.0096, Train MSE: 0.0096, r (train): 0.9543, Test MSE: 0.0944, r (test): -0.5277
Epoch: 61, Training Loss: 0.0264, Train MSE: 0.0264, r (train): 0.9587, Test MSE: 0.1075, r (test): -0.4451
Epoch: 62, Training Loss: 0.0157, Train MSE: 0.0157, r (train): 0.9615, Test MSE: 0.1042, r (test): -0.5433
Epoch: 63, Training Loss: 0.0194, Train MSE: 0.0194, r (train): 0.9487, Test MSE: 0.0987, r (test): -0.3726
Epoch: 64, Training Loss: 0.0112, Train MSE: 0.0112, r (train): 0.9659, Test MSE: 0.1056, r (test): -0.5171
Epoch: 65, Training Loss: 0.0090, Train MSE: 0.0090, r (train): 0.9534, Test MSE: 0.0934, r (test): -0.5176
Epoch: 66, Training Loss: 0.0103, Train MSE: 0.0103, r (train): 0.9511, Test MSE: 0.0910, r (test): -0.5001
Epoch: 67, Training Loss: 0.0115, Train MSE: 0.0115, r (train): 0.9589, Test MSE: 0.0984, r (test): -0.4975
Epoch: 68, Training Loss: 0.0396, Train MSE: 0.0396, r (train): 0.9346, Test MSE: 0.1072, r (test): -0.4026
Epoch: 69, Training Loss: 0.0372, Train MSE: 0.0372, r (train): 0.9242, Test MSE: 0.1106, r (test): -0.5262
Epoch: 70, Training Loss: 0.0170, Train MSE: 0.0170, r (train): 0.9294, Test MSE: 0.1060, r (test): -0.4735
Epoch: 71, Training Loss: 0.0131, Train MSE: 0.0131, r (train): 0.9281, Test MSE: 0.1008, r (test): -0.4943
Epoch: 72, Training Loss: 0.0137, Train MSE: 0.0137, r (train): 0.9321, Test MSE: 0.0995, r (test): -0.4113
Epoch: 73, Training Loss: 0.0103, Train MSE: 0.0103, r (train): 0.9365, Test MSE: 0.0998, r (test): -0.5012
Epoch: 74, Training Loss: 0.0349, Train MSE: 0.0349, r (train): 0.9422, Test MSE: 0.1243, r (test): -0.5173
Epoch: 75, Training Loss: 0.0431, Train MSE: 0.0431, r (train): 0.9003, Test MSE: 0.0940, r (test): -0.1727
Epoch: 76, Training Loss: 0.0229, Train MSE: 0.0229, r (train): 0.9557, Test MSE: 0.1155, r (test): -0.3906
Epoch: 77, Training Loss: 0.0112, Train MSE: 0.0112, r (train): 0.9536, Test MSE: 0.1039, r (test): -0.3904
Epoch: 78, Training Loss: 0.0149, Train MSE: 0.0149, r (train): 0.9059, Test MSE: 0.1076, r (test): -0.4959
Epoch: 79, Training Loss: 0.0107, Train MSE: 0.0107, r (train): 0.9611, Test MSE: 0.0995, r (test): -0.4991
Epoch: 80, Training Loss: 0.0165, Train MSE: 0.0165, r (train): 0.9568, Test MSE: 0.1134, r (test): -0.5400
Epoch: 81, Training Loss: 0.0441, Train MSE: 0.0441, r (train): 0.9648, Test MSE: 0.1369, r (test): -0.4938
Epoch: 82, Training Loss: 0.0159, Train MSE: 0.0159, r (train): 0.9500, Test MSE: 0.1086, r (test): -0.5770
Epoch: 83, Training Loss: 0.0077, Train MSE: 0.0077, r (train): 0.9537, Test MSE: 0.0949, r (test): -0.4885
Epoch: 84, Training Loss: 0.0101, Train MSE: 0.0101, r (train): 0.9533, Test MSE: 0.0994, r (test): -0.4789
Epoch: 85, Training Loss: 0.0071, Train MSE: 0.0071, r (train): 0.9600, Test MSE: 0.0934, r (test): -0.4809
Epoch: 86, Training Loss: 0.0251, Train MSE: 0.0251, r (train): 0.9283, Test MSE: 0.1141, r (test): -0.5399
Epoch: 87, Training Loss: 0.0310, Train MSE: 0.0310, r (train): 0.8920, Test MSE: 0.0924, r (test): -0.2535
Epoch: 88, Training Loss: 0.0144, Train MSE: 0.0144, r (train): 0.9086, Test MSE: 0.0874, r (test): -0.2910
Epoch: 89, Training Loss: 0.0099, Train MSE: 0.0099, r (train): 0.9553, Test MSE: 0.1092, r (test): -0.4658
Epoch: 90, Training Loss: 0.0164, Train MSE: 0.0164, r (train): 0.9262, Test MSE: 0.1070, r (test): -0.5999
Epoch: 91, Training Loss: 0.0154, Train MSE: 0.0154, r (train): 0.9560, Test MSE: 0.0983, r (test): -0.4626
Epoch: 92, Training Loss: 0.0205, Train MSE: 0.0205, r (train): 0.9511, Test MSE: 0.0937, r (test): -0.3980
Epoch: 93, Training Loss: 0.0045, Train MSE: 0.0045, r (train): 0.9715, Test MSE: 0.0899, r (test): -0.4205
Epoch: 94, Training Loss: 0.0141, Train MSE: 0.0141, r (train): 0.9670, Test MSE: 0.1086, r (test): -0.5762
Epoch: 95, Training Loss: 0.0036, Train MSE: 0.0036, r (train): 0.9771, Test MSE: 0.0957, r (test): -0.5922
Epoch: 96, Training Loss: 0.0168, Train MSE: 0.0168, r (train): 0.9526, Test MSE: 0.0977, r (test): -0.3265
Epoch: 97, Training Loss: 0.0087, Train MSE: 0.0087, r (train): 0.9450, Test MSE: 0.0760, r (test): -0.2501
Epoch: 98, Training Loss: 0.0138, Train MSE: 0.0138, r (train): 0.9547, Test MSE: 0.1003, r (test): -0.3777
Epoch: 99, Training Loss: 0.0151, Train MSE: 0.0151, r (train): 0.9526, Test MSE: 0.0995, r (test): -0.5936
Predicted tensors for training set: 
tensor([0.4767, 0.2100, 0.5286, 0.4683, 0.6694, 0.2158, 0.4949, 0.5634, 0.6504,
        0.6317, 0.9950, 0.9255, 0.6338, 0.8741, 0.4568, 1.0391, 1.0125, 0.2421,
        0.8752, 0.4253, 0.9704, 0.4908, 0.3522, 0.6202, 0.3154, 0.4422, 0.7322,
        0.8106, 0.3693, 0.8355, 0.9044, 0.8049, 0.6334, 0.4260, 0.9588, 0.4955,
        0.2805, 0.2683, 0.4315, 0.3340, 0.6013, 0.7690, 0.8428, 0.6920, 0.5027,
        0.3474, 0.7311, 0.1013, 0.3153, 0.8152, 0.7265, 0.1706, 0.9182, 0.3982,
        0.7362, 0.8326, 0.8375, 0.8615, 0.5062, 0.7607, 0.9474, 0.7745, 0.9342,
        0.6418, 0.8874, 0.7470, 0.6011, 0.5428, 0.4476, 0.7414, 0.9633, 0.7917])
Target tensorsfor training set: 
tensor([0.3077, 0.0389, 0.5187, 0.4640, 0.5564, 0.0981, 0.4341, 0.4526, 0.5780,
        0.6240, 0.9150, 0.9117, 0.5658, 0.8363, 0.2464, 0.9072, 0.9621, 0.0246,
        0.7791, 0.2255, 0.9656, 0.3174, 0.1295, 0.4818, 0.0763, 0.3453, 0.5779,
        0.7950, 0.0478, 0.8411, 0.8453, 0.6992, 0.5719, 0.3309, 0.9492, 0.4373,
        0.1218, 0.0636, 0.4036, 0.1294, 0.5023, 0.7462, 0.8988, 0.7596, 0.5102,
        0.2916, 0.8418, 0.2594, 0.2394, 0.8556, 0.6576, 0.1360, 0.9215, 0.2649,
        0.6595, 0.7372, 0.6846, 0.6199, 0.2169, 0.6577, 0.8728, 0.6671, 0.8391,
        0.5300, 0.7270, 0.7125, 0.5220, 0.4440, 0.3829, 0.7901, 0.9535, 0.7371])
Correlation for training set: 0.952614091807662
Predicted tensors for test set: 
tensor([0.6114, 0.6427, 0.7044, 0.5944, 0.6311, 0.8436, 0.3667, 0.5819, 0.7129,
        0.5923, 0.5665, 0.6394, 0.8017, 0.7257, 0.5591, 0.4956, 0.5762, 0.4575])
Target tensors for test set: 
tensor([0.5783, 0.5573, 0.1055, 0.4149, 0.4993, 0.4654, 0.7497, 0.6465, 0.8561,
        0.7171, 0.7507, 0.5178, 0.2271, 0.1493, 0.9127, 0.8524, 0.4513, 0.7144])
Correlation for test set: -0.5935644737300323
Fold 2
Epoch: 00, Training Loss: 0.0781, Train MSE: 0.0781, r (train): 0.0459, Test MSE: 0.1010, r (test): -0.0316
Epoch: 01, Training Loss: 0.0786, Train MSE: 0.0786, r (train): 0.1783, Test MSE: 0.1047, r (test): -0.0215
Epoch: 02, Training Loss: 0.0771, Train MSE: 0.0771, r (train): 0.2761, Test MSE: 0.1057, r (test): 0.0025
Epoch: 03, Training Loss: 0.0755, Train MSE: 0.0755, r (train): 0.3480, Test MSE: 0.1054, r (test): 0.0464
Epoch: 04, Training Loss: 0.0738, Train MSE: 0.0738, r (train): 0.4200, Test MSE: 0.1061, r (test): 0.0658
Epoch: 05, Training Loss: 0.0721, Train MSE: 0.0721, r (train): 0.5024, Test MSE: 0.1073, r (test): 0.0920
Epoch: 06, Training Loss: 0.0703, Train MSE: 0.0703, r (train): 0.5653, Test MSE: 0.1091, r (test): 0.0889
Epoch: 07, Training Loss: 0.0685, Train MSE: 0.0685, r (train): 0.6330, Test MSE: 0.1109, r (test): 0.1419
Epoch: 08, Training Loss: 0.0644, Train MSE: 0.0644, r (train): 0.7005, Test MSE: 0.1119, r (test): 0.1408
Epoch: 09, Training Loss: 0.0572, Train MSE: 0.0572, r (train): 0.7547, Test MSE: 0.1104, r (test): 0.1246
Epoch: 10, Training Loss: 0.0487, Train MSE: 0.0487, r (train): 0.8102, Test MSE: 0.1108, r (test): 0.1083
Epoch: 11, Training Loss: 0.0447, Train MSE: 0.0447, r (train): 0.8284, Test MSE: 0.1115, r (test): 0.0684
Epoch: 12, Training Loss: 0.0358, Train MSE: 0.0358, r (train): 0.8497, Test MSE: 0.1029, r (test): 0.1228
Epoch: 13, Training Loss: 0.0451, Train MSE: 0.0451, r (train): 0.8712, Test MSE: 0.1254, r (test): 0.0293
Epoch: 14, Training Loss: 0.0392, Train MSE: 0.0392, r (train): 0.8476, Test MSE: 0.1243, r (test): -0.0584
Epoch: 15, Training Loss: 0.0485, Train MSE: 0.0485, r (train): 0.8416, Test MSE: 0.1319, r (test): -0.1179
Epoch: 16, Training Loss: 0.1029, Train MSE: 0.1029, r (train): 0.8527, Test MSE: 0.1916, r (test): 0.0233
Epoch: 17, Training Loss: 0.1520, Train MSE: 0.1520, r (train): 0.8402, Test MSE: 0.2403, r (test): 0.0474
Epoch: 18, Training Loss: 0.1733, Train MSE: 0.1733, r (train): 0.8441, Test MSE: 0.2649, r (test): 0.1304
Epoch: 19, Training Loss: 0.1261, Train MSE: 0.1261, r (train): 0.8448, Test MSE: 0.2165, r (test): -0.0484
Epoch: 20, Training Loss: 0.0780, Train MSE: 0.0780, r (train): 0.8032, Test MSE: 0.1570, r (test): 0.0930
Epoch: 21, Training Loss: 0.0316, Train MSE: 0.0316, r (train): 0.8356, Test MSE: 0.1127, r (test): 0.0788
Epoch: 22, Training Loss: 0.0433, Train MSE: 0.0433, r (train): 0.8102, Test MSE: 0.1131, r (test): 0.1206
Epoch: 23, Training Loss: 0.0890, Train MSE: 0.0890, r (train): 0.8217, Test MSE: 0.1619, r (test): -0.0557
Epoch: 24, Training Loss: 0.1301, Train MSE: 0.1301, r (train): 0.8634, Test MSE: 0.2012, r (test): -0.0567
Epoch: 25, Training Loss: 0.1907, Train MSE: 0.1907, r (train): 0.8631, Test MSE: 0.2615, r (test): 0.0965
Epoch: 26, Training Loss: 0.1108, Train MSE: 0.1108, r (train): 0.8606, Test MSE: 0.1929, r (test): -0.0145
Epoch: 27, Training Loss: 0.0641, Train MSE: 0.0641, r (train): 0.8507, Test MSE: 0.1568, r (test): -0.2049
Epoch: 28, Training Loss: 0.0699, Train MSE: 0.0699, r (train): 0.8194, Test MSE: 0.1557, r (test): -0.1239
Epoch: 29, Training Loss: 0.0386, Train MSE: 0.0386, r (train): 0.8531, Test MSE: 0.1196, r (test): 0.0439
Epoch: 30, Training Loss: 0.0228, Train MSE: 0.0228, r (train): 0.8371, Test MSE: 0.0853, r (test): 0.1904
Epoch: 31, Training Loss: 0.0223, Train MSE: 0.0223, r (train): 0.8649, Test MSE: 0.0923, r (test): 0.0807
Epoch: 32, Training Loss: 0.0180, Train MSE: 0.0180, r (train): 0.8648, Test MSE: 0.0759, r (test): 0.3560
Epoch: 33, Training Loss: 0.0232, Train MSE: 0.0232, r (train): 0.8768, Test MSE: 0.0870, r (test): 0.2239
Epoch: 34, Training Loss: 0.0387, Train MSE: 0.0387, r (train): 0.8740, Test MSE: 0.1141, r (test): -0.0095
Epoch: 35, Training Loss: 0.0835, Train MSE: 0.0835, r (train): 0.8399, Test MSE: 0.1495, r (test): 0.1728
Epoch: 36, Training Loss: 0.1206, Train MSE: 0.1206, r (train): 0.8171, Test MSE: 0.1908, r (test): 0.2400
Epoch: 37, Training Loss: 0.0577, Train MSE: 0.0577, r (train): 0.8603, Test MSE: 0.1363, r (test): 0.0831
Epoch: 38, Training Loss: 0.0484, Train MSE: 0.0484, r (train): 0.8783, Test MSE: 0.1268, r (test): 0.0279
Epoch: 39, Training Loss: 0.0313, Train MSE: 0.0313, r (train): 0.8506, Test MSE: 0.1208, r (test): -0.0547
Epoch: 40, Training Loss: 0.0246, Train MSE: 0.0246, r (train): 0.8672, Test MSE: 0.1008, r (test): 0.0148
Epoch: 41, Training Loss: 0.0215, Train MSE: 0.0215, r (train): 0.8527, Test MSE: 0.0835, r (test): 0.2243
Epoch: 42, Training Loss: 0.0226, Train MSE: 0.0226, r (train): 0.8760, Test MSE: 0.0878, r (test): 0.1667
Epoch: 43, Training Loss: 0.0285, Train MSE: 0.0285, r (train): 0.9007, Test MSE: 0.0919, r (test): 0.2090
Epoch: 44, Training Loss: 0.0308, Train MSE: 0.0308, r (train): 0.8904, Test MSE: 0.0947, r (test): 0.1421
Epoch: 45, Training Loss: 0.0234, Train MSE: 0.0234, r (train): 0.8676, Test MSE: 0.0997, r (test): 0.0168
Epoch: 46, Training Loss: 0.0226, Train MSE: 0.0226, r (train): 0.8545, Test MSE: 0.0945, r (test): 0.0416
Epoch: 47, Training Loss: 0.0280, Train MSE: 0.0280, r (train): 0.8448, Test MSE: 0.0884, r (test): 0.1394
Epoch: 48, Training Loss: 0.0359, Train MSE: 0.0359, r (train): 0.8512, Test MSE: 0.0786, r (test): 0.3844
Epoch: 49, Training Loss: 0.0424, Train MSE: 0.0424, r (train): 0.8754, Test MSE: 0.1011, r (test): 0.1452
Epoch: 50, Training Loss: 0.0488, Train MSE: 0.0488, r (train): 0.8775, Test MSE: 0.0950, r (test): 0.1967
Epoch: 51, Training Loss: 0.0561, Train MSE: 0.0561, r (train): 0.8923, Test MSE: 0.0984, r (test): 0.2767
Epoch: 52, Training Loss: 0.0294, Train MSE: 0.0294, r (train): 0.8832, Test MSE: 0.0876, r (test): 0.2729
Epoch: 53, Training Loss: 0.0344, Train MSE: 0.0344, r (train): 0.8974, Test MSE: 0.0951, r (test): 0.2380
Epoch: 54, Training Loss: 0.0177, Train MSE: 0.0177, r (train): 0.9150, Test MSE: 0.0883, r (test): 0.2175
Epoch: 55, Training Loss: 0.0156, Train MSE: 0.0156, r (train): 0.9027, Test MSE: 0.0944, r (test): 0.1128
Epoch: 56, Training Loss: 0.0174, Train MSE: 0.0174, r (train): 0.8917, Test MSE: 0.0924, r (test): 0.1048
Epoch: 57, Training Loss: 0.0241, Train MSE: 0.0241, r (train): 0.8985, Test MSE: 0.1028, r (test): 0.1382
Epoch: 58, Training Loss: 0.0174, Train MSE: 0.0174, r (train): 0.8866, Test MSE: 0.0939, r (test): 0.1118
Epoch: 59, Training Loss: 0.0459, Train MSE: 0.0459, r (train): 0.9125, Test MSE: 0.1061, r (test): 0.0819
Epoch: 60, Training Loss: 0.0211, Train MSE: 0.0211, r (train): 0.9063, Test MSE: 0.0887, r (test): 0.2036
Epoch: 61, Training Loss: 0.0445, Train MSE: 0.0445, r (train): 0.9154, Test MSE: 0.1062, r (test): 0.2601
Epoch: 62, Training Loss: 0.0257, Train MSE: 0.0257, r (train): 0.9169, Test MSE: 0.0874, r (test): 0.2640
Epoch: 63, Training Loss: 0.0303, Train MSE: 0.0303, r (train): 0.9215, Test MSE: 0.0983, r (test): 0.1299
Epoch: 64, Training Loss: 0.0170, Train MSE: 0.0170, r (train): 0.9155, Test MSE: 0.1008, r (test): 0.0699
Epoch: 65, Training Loss: 0.0187, Train MSE: 0.0187, r (train): 0.8937, Test MSE: 0.0978, r (test): 0.0855
Epoch: 66, Training Loss: 0.0147, Train MSE: 0.0147, r (train): 0.9082, Test MSE: 0.0967, r (test): 0.0631
Epoch: 67, Training Loss: 0.0383, Train MSE: 0.0383, r (train): 0.9078, Test MSE: 0.1080, r (test): 0.0741
Epoch: 68, Training Loss: 0.0383, Train MSE: 0.0383, r (train): 0.8873, Test MSE: 0.1035, r (test): 0.0589
Epoch: 69, Training Loss: 0.0665, Train MSE: 0.0665, r (train): 0.9079, Test MSE: 0.1278, r (test): 0.1258
Epoch: 70, Training Loss: 0.0347, Train MSE: 0.0347, r (train): 0.9159, Test MSE: 0.0978, r (test): 0.1559
Epoch: 71, Training Loss: 0.0184, Train MSE: 0.0184, r (train): 0.9307, Test MSE: 0.1136, r (test): -0.0450
Epoch: 72, Training Loss: 0.0149, Train MSE: 0.0149, r (train): 0.9150, Test MSE: 0.0976, r (test): 0.0435
Epoch: 73, Training Loss: 0.0244, Train MSE: 0.0244, r (train): 0.9326, Test MSE: 0.1094, r (test): 0.0426
Epoch: 74, Training Loss: 0.0572, Train MSE: 0.0572, r (train): 0.9210, Test MSE: 0.1334, r (test): 0.0873
Epoch: 75, Training Loss: 0.0702, Train MSE: 0.0702, r (train): 0.9225, Test MSE: 0.1559, r (test): -0.0469
Epoch: 76, Training Loss: 0.0530, Train MSE: 0.0530, r (train): 0.9112, Test MSE: 0.1374, r (test): 0.0093
Epoch: 77, Training Loss: 0.0269, Train MSE: 0.0269, r (train): 0.9239, Test MSE: 0.1254, r (test): -0.1650
Epoch: 78, Training Loss: 0.0353, Train MSE: 0.0353, r (train): 0.9226, Test MSE: 0.1240, r (test): -0.0699
Epoch: 79, Training Loss: 0.0195, Train MSE: 0.0195, r (train): 0.9270, Test MSE: 0.1106, r (test): -0.0494
Epoch: 80, Training Loss: 0.0181, Train MSE: 0.0181, r (train): 0.8783, Test MSE: 0.1041, r (test): -0.0996
Epoch: 81, Training Loss: 0.0239, Train MSE: 0.0239, r (train): 0.8956, Test MSE: 0.0842, r (test): 0.2825
Epoch: 82, Training Loss: 0.0391, Train MSE: 0.0391, r (train): 0.9142, Test MSE: 0.1072, r (test): 0.1390
Epoch: 83, Training Loss: 0.0396, Train MSE: 0.0396, r (train): 0.9243, Test MSE: 0.1166, r (test): 0.0256
Epoch: 84, Training Loss: 0.0153, Train MSE: 0.0153, r (train): 0.9135, Test MSE: 0.0960, r (test): 0.1103
Epoch: 85, Training Loss: 0.0183, Train MSE: 0.0183, r (train): 0.9466, Test MSE: 0.1165, r (test): -0.0127
Epoch: 86, Training Loss: 0.0146, Train MSE: 0.0146, r (train): 0.9459, Test MSE: 0.1127, r (test): -0.0763
Epoch: 87, Training Loss: 0.0115, Train MSE: 0.0115, r (train): 0.9505, Test MSE: 0.1017, r (test): 0.0464
Epoch: 88, Training Loss: 0.0166, Train MSE: 0.0166, r (train): 0.9535, Test MSE: 0.1069, r (test): -0.0091
Epoch: 89, Training Loss: 0.0094, Train MSE: 0.0094, r (train): 0.9386, Test MSE: 0.0874, r (test): 0.1557
Epoch: 90, Training Loss: 0.0110, Train MSE: 0.0110, r (train): 0.9616, Test MSE: 0.0965, r (test): 0.0842
Epoch: 91, Training Loss: 0.0062, Train MSE: 0.0062, r (train): 0.9571, Test MSE: 0.0938, r (test): 0.0919
Epoch: 92, Training Loss: 0.0084, Train MSE: 0.0084, r (train): 0.9553, Test MSE: 0.1063, r (test): -0.0955
Epoch: 93, Training Loss: 0.0071, Train MSE: 0.0071, r (train): 0.9634, Test MSE: 0.0892, r (test): 0.1776
Epoch: 94, Training Loss: 0.0090, Train MSE: 0.0090, r (train): 0.9652, Test MSE: 0.0868, r (test): 0.1979
Epoch: 95, Training Loss: 0.0146, Train MSE: 0.0146, r (train): 0.9628, Test MSE: 0.0933, r (test): 0.1711
Epoch: 96, Training Loss: 0.0064, Train MSE: 0.0064, r (train): 0.9589, Test MSE: 0.0902, r (test): 0.1202
Epoch: 97, Training Loss: 0.0087, Train MSE: 0.0087, r (train): 0.9774, Test MSE: 0.1069, r (test): -0.0447
Epoch: 98, Training Loss: 0.0042, Train MSE: 0.0042, r (train): 0.9736, Test MSE: 0.0978, r (test): 0.0250
Epoch: 99, Training Loss: 0.0076, Train MSE: 0.0076, r (train): 0.9594, Test MSE: 0.0908, r (test): 0.1356
Predicted tensors for training set: 
tensor([ 0.6195,  0.4754,  0.1601,  0.3959,  0.4855,  0.3962,  0.6198,  0.5274,
         0.7529,  0.5952,  0.6578,  0.4374,  0.1285,  0.0838,  0.8374,  0.7407,
         0.3825,  0.7034,  0.7768,  0.3066,  0.9760,  0.4166,  0.1546,  0.4940,
         0.2448,  0.3882,  0.7087,  0.7469,  0.1508,  0.8305,  0.9281,  0.6921,
         0.5833,  0.3779,  0.9525,  0.4389,  0.0944,  0.0218,  0.3562,  0.1245,
         0.4549,  0.7162,  0.7992,  0.6540,  0.4124,  0.1909,  0.6958,  0.1106,
         0.1072,  0.7085,  0.4897, -0.0229,  0.7380,  0.1764,  0.5264,  0.6423,
         0.5852,  0.5195,  0.0361,  0.5843,  0.7912,  0.6355,  0.7996,  0.5029,
         0.6811,  0.6712,  0.4953,  0.4317,  0.3678,  0.7601,  0.9301,  0.6614])
Target tensorsfor training set: 
tensor([0.5783, 0.5573, 0.1055, 0.4149, 0.4993, 0.4654, 0.7497, 0.6465, 0.8561,
        0.7171, 0.7507, 0.5178, 0.2271, 0.1493, 0.9127, 0.8524, 0.4513, 0.7144,
        0.7791, 0.2255, 0.9656, 0.3174, 0.1295, 0.4818, 0.0763, 0.3453, 0.5779,
        0.7950, 0.0478, 0.8411, 0.8453, 0.6992, 0.5719, 0.3309, 0.9492, 0.4373,
        0.1218, 0.0636, 0.4036, 0.1294, 0.5023, 0.7462, 0.8988, 0.7596, 0.5102,
        0.2916, 0.8418, 0.2594, 0.2394, 0.8556, 0.6576, 0.1360, 0.9215, 0.2649,
        0.6595, 0.7372, 0.6846, 0.6199, 0.2169, 0.6577, 0.8728, 0.6671, 0.8391,
        0.5300, 0.7270, 0.7125, 0.5220, 0.4440, 0.3829, 0.7901, 0.9535, 0.7371])
Correlation for training set: 0.9593821629069769
Predicted tensors for test set: 
tensor([0.4909, 0.5146, 0.6159, 0.4865, 0.6322, 0.6133, 0.3925, 0.5760, 0.4253,
        0.6526, 0.4194, 0.4393, 0.4796, 0.4779, 0.1803, 0.5938, 0.5477, 0.4403])
Target tensors for test set: 
tensor([0.3077, 0.0389, 0.5187, 0.4640, 0.5564, 0.0981, 0.4341, 0.4526, 0.5780,
        0.6240, 0.9150, 0.9117, 0.5658, 0.8363, 0.2464, 0.9072, 0.9621, 0.0246])
Correlation for test set: 0.1355879338844163
Fold 3
Epoch: 00, Training Loss: 0.0744, Train MSE: 0.0744, r (train): 0.1459, Test MSE: 0.1118, r (test): -0.2159
Epoch: 01, Training Loss: 0.0753, Train MSE: 0.0753, r (train): 0.2465, Test MSE: 0.1190, r (test): -0.2189
Epoch: 02, Training Loss: 0.0727, Train MSE: 0.0727, r (train): 0.3129, Test MSE: 0.1171, r (test): -0.2085
Epoch: 03, Training Loss: 0.0713, Train MSE: 0.0713, r (train): 0.3782, Test MSE: 0.1179, r (test): -0.2114
Epoch: 04, Training Loss: 0.0697, Train MSE: 0.0697, r (train): 0.4410, Test MSE: 0.1187, r (test): -0.2115
Epoch: 05, Training Loss: 0.0679, Train MSE: 0.0679, r (train): 0.5186, Test MSE: 0.1201, r (test): -0.2024
Epoch: 06, Training Loss: 0.0664, Train MSE: 0.0664, r (train): 0.5913, Test MSE: 0.1233, r (test): -0.1996
Epoch: 07, Training Loss: 0.0626, Train MSE: 0.0626, r (train): 0.6768, Test MSE: 0.1225, r (test): -0.1894
Epoch: 08, Training Loss: 0.0593, Train MSE: 0.0593, r (train): 0.7328, Test MSE: 0.1252, r (test): -0.1872
Epoch: 09, Training Loss: 0.0549, Train MSE: 0.0549, r (train): 0.7811, Test MSE: 0.1291, r (test): -0.2218
Epoch: 10, Training Loss: 0.0474, Train MSE: 0.0474, r (train): 0.8233, Test MSE: 0.1302, r (test): -0.2302
Epoch: 11, Training Loss: 0.0360, Train MSE: 0.0360, r (train): 0.8616, Test MSE: 0.1283, r (test): -0.2063
Epoch: 12, Training Loss: 0.0336, Train MSE: 0.0336, r (train): 0.8665, Test MSE: 0.1361, r (test): -0.2149
Epoch: 13, Training Loss: 0.0255, Train MSE: 0.0255, r (train): 0.8944, Test MSE: 0.1315, r (test): -0.2082
Epoch: 14, Training Loss: 0.0243, Train MSE: 0.0243, r (train): 0.8664, Test MSE: 0.1304, r (test): -0.2055
Epoch: 15, Training Loss: 0.0196, Train MSE: 0.0196, r (train): 0.8655, Test MSE: 0.1089, r (test): -0.1115
Epoch: 16, Training Loss: 0.0109, Train MSE: 0.0109, r (train): 0.9246, Test MSE: 0.1143, r (test): -0.1540
Epoch: 17, Training Loss: 0.0140, Train MSE: 0.0140, r (train): 0.9358, Test MSE: 0.1404, r (test): -0.2600
Epoch: 18, Training Loss: 0.0321, Train MSE: 0.0321, r (train): 0.8971, Test MSE: 0.1670, r (test): -0.2568
Epoch: 19, Training Loss: 0.0201, Train MSE: 0.0201, r (train): 0.8772, Test MSE: 0.1356, r (test): -0.2087
Epoch: 20, Training Loss: 0.0379, Train MSE: 0.0379, r (train): 0.8768, Test MSE: 0.1565, r (test): -0.1529
Epoch: 21, Training Loss: 0.1039, Train MSE: 0.1039, r (train): 0.8679, Test MSE: 0.2334, r (test): -0.2068
Epoch: 22, Training Loss: 0.1750, Train MSE: 0.1750, r (train): 0.8703, Test MSE: 0.2907, r (test): -0.2235
Epoch: 23, Training Loss: 0.1071, Train MSE: 0.1071, r (train): 0.8487, Test MSE: 0.1998, r (test): -0.1197
Epoch: 24, Training Loss: 0.0313, Train MSE: 0.0313, r (train): 0.9210, Test MSE: 0.1557, r (test): -0.1803
Epoch: 25, Training Loss: 0.0084, Train MSE: 0.0084, r (train): 0.9411, Test MSE: 0.1297, r (test): -0.1627
Epoch: 26, Training Loss: 0.0072, Train MSE: 0.0072, r (train): 0.9542, Test MSE: 0.1247, r (test): -0.1774
Epoch: 27, Training Loss: 0.0244, Train MSE: 0.0244, r (train): 0.9399, Test MSE: 0.1341, r (test): -0.1443
Epoch: 28, Training Loss: 0.0294, Train MSE: 0.0294, r (train): 0.9301, Test MSE: 0.1429, r (test): -0.1766
Epoch: 29, Training Loss: 0.0094, Train MSE: 0.0094, r (train): 0.9342, Test MSE: 0.1183, r (test): -0.1200
Epoch: 30, Training Loss: 0.0147, Train MSE: 0.0147, r (train): 0.9347, Test MSE: 0.1100, r (test): -0.0449
Epoch: 31, Training Loss: 0.0156, Train MSE: 0.0156, r (train): 0.9220, Test MSE: 0.1067, r (test): -0.0379
Epoch: 32, Training Loss: 0.0150, Train MSE: 0.0150, r (train): 0.8937, Test MSE: 0.1109, r (test): -0.1619
Epoch: 33, Training Loss: 0.0148, Train MSE: 0.0148, r (train): 0.8883, Test MSE: 0.1073, r (test): -0.1417
Epoch: 34, Training Loss: 0.0292, Train MSE: 0.0292, r (train): 0.8724, Test MSE: 0.1182, r (test): -0.1942
Epoch: 35, Training Loss: 0.0549, Train MSE: 0.0549, r (train): 0.8303, Test MSE: 0.1284, r (test): -0.2422
Epoch: 36, Training Loss: 0.0391, Train MSE: 0.0391, r (train): 0.8925, Test MSE: 0.1155, r (test): -0.0953
Epoch: 37, Training Loss: 0.0195, Train MSE: 0.0195, r (train): 0.8980, Test MSE: 0.1213, r (test): -0.1032
Epoch: 38, Training Loss: 0.0295, Train MSE: 0.0295, r (train): 0.8819, Test MSE: 0.1531, r (test): -0.1612
Epoch: 39, Training Loss: 0.0697, Train MSE: 0.0697, r (train): 0.8793, Test MSE: 0.1862, r (test): -0.0278
Epoch: 40, Training Loss: 0.0296, Train MSE: 0.0296, r (train): 0.8564, Test MSE: 0.1359, r (test): -0.0920
Epoch: 41, Training Loss: 0.0288, Train MSE: 0.0288, r (train): 0.8977, Test MSE: 0.1494, r (test): -0.1548
Epoch: 42, Training Loss: 0.0380, Train MSE: 0.0380, r (train): 0.8735, Test MSE: 0.1420, r (test): -0.0904
Epoch: 43, Training Loss: 0.0774, Train MSE: 0.0774, r (train): 0.8991, Test MSE: 0.1987, r (test): -0.1728
Epoch: 44, Training Loss: 0.0946, Train MSE: 0.0946, r (train): 0.9191, Test MSE: 0.2213, r (test): -0.2024
Epoch: 45, Training Loss: 0.0542, Train MSE: 0.0542, r (train): 0.9358, Test MSE: 0.1783, r (test): -0.1508
Epoch: 46, Training Loss: 0.0282, Train MSE: 0.0282, r (train): 0.9169, Test MSE: 0.1390, r (test): -0.1408
Epoch: 47, Training Loss: 0.0199, Train MSE: 0.0199, r (train): 0.9131, Test MSE: 0.1334, r (test): -0.2591
Epoch: 48, Training Loss: 0.0174, Train MSE: 0.0174, r (train): 0.8859, Test MSE: 0.1108, r (test): -0.2257
Epoch: 49, Training Loss: 0.0290, Train MSE: 0.0290, r (train): 0.8686, Test MSE: 0.1183, r (test): -0.2742
Epoch: 50, Training Loss: 0.0328, Train MSE: 0.0328, r (train): 0.8672, Test MSE: 0.1111, r (test): -0.3080
Epoch: 51, Training Loss: 0.0344, Train MSE: 0.0344, r (train): 0.8599, Test MSE: 0.1051, r (test): -0.1414
Epoch: 52, Training Loss: 0.0208, Train MSE: 0.0208, r (train): 0.8679, Test MSE: 0.1004, r (test): -0.0462
Epoch: 53, Training Loss: 0.0237, Train MSE: 0.0237, r (train): 0.8327, Test MSE: 0.1096, r (test): -0.2136
Epoch: 54, Training Loss: 0.0346, Train MSE: 0.0346, r (train): 0.8407, Test MSE: 0.1435, r (test): -0.1990
Epoch: 55, Training Loss: 0.0596, Train MSE: 0.0596, r (train): 0.9247, Test MSE: 0.2023, r (test): -0.2310
Epoch: 56, Training Loss: 0.0614, Train MSE: 0.0614, r (train): 0.9277, Test MSE: 0.1986, r (test): -0.1906
Epoch: 57, Training Loss: 0.0209, Train MSE: 0.0209, r (train): 0.9357, Test MSE: 0.1565, r (test): -0.2447
Epoch: 58, Training Loss: 0.0132, Train MSE: 0.0132, r (train): 0.9323, Test MSE: 0.1189, r (test): -0.1294
Epoch: 59, Training Loss: 0.0179, Train MSE: 0.0179, r (train): 0.8969, Test MSE: 0.1248, r (test): -0.3151
Epoch: 60, Training Loss: 0.0270, Train MSE: 0.0270, r (train): 0.8811, Test MSE: 0.1088, r (test): -0.2134
Epoch: 61, Training Loss: 0.0228, Train MSE: 0.0228, r (train): 0.8737, Test MSE: 0.1013, r (test): -0.1300
Epoch: 62, Training Loss: 0.0202, Train MSE: 0.0202, r (train): 0.8626, Test MSE: 0.0993, r (test): -0.0940
Epoch: 63, Training Loss: 0.0179, Train MSE: 0.0179, r (train): 0.9032, Test MSE: 0.1239, r (test): -0.1446
Epoch: 64, Training Loss: 0.0500, Train MSE: 0.0500, r (train): 0.9349, Test MSE: 0.1662, r (test): -0.2574
Epoch: 65, Training Loss: 0.0121, Train MSE: 0.0121, r (train): 0.9483, Test MSE: 0.1300, r (test): -0.2399
Epoch: 66, Training Loss: 0.0201, Train MSE: 0.0201, r (train): 0.9388, Test MSE: 0.1145, r (test): -0.2601
Epoch: 67, Training Loss: 0.0338, Train MSE: 0.0338, r (train): 0.9099, Test MSE: 0.1179, r (test): -0.3049
Epoch: 68, Training Loss: 0.0214, Train MSE: 0.0214, r (train): 0.9166, Test MSE: 0.1020, r (test): -0.0983
Epoch: 69, Training Loss: 0.0156, Train MSE: 0.0156, r (train): 0.9249, Test MSE: 0.0968, r (test): 0.0326
Epoch: 70, Training Loss: 0.0187, Train MSE: 0.0187, r (train): 0.9286, Test MSE: 0.1207, r (test): -0.0806
Epoch: 71, Training Loss: 0.0185, Train MSE: 0.0185, r (train): 0.9165, Test MSE: 0.1258, r (test): -0.1627
Epoch: 72, Training Loss: 0.0114, Train MSE: 0.0114, r (train): 0.9186, Test MSE: 0.1024, r (test): -0.0933
Epoch: 73, Training Loss: 0.0135, Train MSE: 0.0135, r (train): 0.9240, Test MSE: 0.1060, r (test): -0.1304
Epoch: 74, Training Loss: 0.0208, Train MSE: 0.0208, r (train): 0.9205, Test MSE: 0.1165, r (test): -0.3836
Epoch: 75, Training Loss: 0.0222, Train MSE: 0.0222, r (train): 0.9211, Test MSE: 0.1105, r (test): -0.4001
Epoch: 76, Training Loss: 0.0250, Train MSE: 0.0250, r (train): 0.8721, Test MSE: 0.0919, r (test): 0.0104
Epoch: 77, Training Loss: 0.0143, Train MSE: 0.0143, r (train): 0.8944, Test MSE: 0.1083, r (test): -0.1729
Epoch: 78, Training Loss: 0.0091, Train MSE: 0.0091, r (train): 0.9389, Test MSE: 0.1142, r (test): -0.2320
Epoch: 79, Training Loss: 0.0160, Train MSE: 0.0160, r (train): 0.9581, Test MSE: 0.1079, r (test): -0.2227
Epoch: 80, Training Loss: 0.0635, Train MSE: 0.0635, r (train): 0.9446, Test MSE: 0.1257, r (test): -0.0387
Epoch: 81, Training Loss: 0.0351, Train MSE: 0.0351, r (train): 0.9428, Test MSE: 0.1183, r (test): -0.0430
Epoch: 82, Training Loss: 0.0189, Train MSE: 0.0189, r (train): 0.9528, Test MSE: 0.1041, r (test): -0.0354
Epoch: 83, Training Loss: 0.0219, Train MSE: 0.0219, r (train): 0.9491, Test MSE: 0.1129, r (test): -0.1317
Epoch: 84, Training Loss: 0.0106, Train MSE: 0.0106, r (train): 0.9406, Test MSE: 0.1043, r (test): -0.0716
Epoch: 85, Training Loss: 0.0104, Train MSE: 0.0104, r (train): 0.9219, Test MSE: 0.0986, r (test): -0.1031
Epoch: 86, Training Loss: 0.0206, Train MSE: 0.0206, r (train): 0.9224, Test MSE: 0.1033, r (test): -0.3542
Epoch: 87, Training Loss: 0.0450, Train MSE: 0.0450, r (train): 0.9278, Test MSE: 0.1092, r (test): 0.0692
Epoch: 88, Training Loss: 0.0428, Train MSE: 0.0428, r (train): 0.9592, Test MSE: 0.1209, r (test): -0.4213
Epoch: 89, Training Loss: 0.0312, Train MSE: 0.0312, r (train): 0.9590, Test MSE: 0.1028, r (test): -0.0158
Epoch: 90, Training Loss: 0.0112, Train MSE: 0.0112, r (train): 0.9376, Test MSE: 0.0953, r (test): -0.0635
Epoch: 91, Training Loss: 0.0116, Train MSE: 0.0116, r (train): 0.9389, Test MSE: 0.1154, r (test): -0.2780
Epoch: 92, Training Loss: 0.0137, Train MSE: 0.0137, r (train): 0.9323, Test MSE: 0.1076, r (test): -0.2824
Epoch: 93, Training Loss: 0.0243, Train MSE: 0.0243, r (train): 0.9324, Test MSE: 0.1167, r (test): -0.2371
Epoch: 94, Training Loss: 0.0251, Train MSE: 0.0251, r (train): 0.9054, Test MSE: 0.1114, r (test): -0.3843
Epoch: 95, Training Loss: 0.0167, Train MSE: 0.0167, r (train): 0.9170, Test MSE: 0.1005, r (test): -0.1799
Epoch: 96, Training Loss: 0.0193, Train MSE: 0.0193, r (train): 0.9103, Test MSE: 0.0921, r (test): -0.0157
Epoch: 97, Training Loss: 0.0142, Train MSE: 0.0142, r (train): 0.9080, Test MSE: 0.0998, r (test): -0.1255
Epoch: 98, Training Loss: 0.0133, Train MSE: 0.0133, r (train): 0.9545, Test MSE: 0.1161, r (test): -0.1236
Epoch: 99, Training Loss: 0.0085, Train MSE: 0.0085, r (train): 0.9404, Test MSE: 0.1004, r (test): -0.1014
Predicted tensors for training set: 
tensor([ 0.6049,  0.6332,  0.0677,  0.4743,  0.4855,  0.5243,  0.7301,  0.7880,
         0.9254,  0.7124,  0.7627,  0.5693,  0.1882,  0.2376,  0.8654,  0.8818,
         0.4685,  0.7893,  0.3161,  0.1307,  0.5598,  0.4955,  0.5752,  0.0915,
         0.4889,  0.4479,  0.5922,  0.6564,  0.8948,  0.9025,  0.5675,  0.7823,
         0.2121,  0.8392,  0.9621, -0.0288,  0.0163,  0.0746,  0.2827,  0.0433,
         0.3761,  0.6991,  0.8568,  0.6725,  0.4624,  0.2255,  0.6313,  0.0986,
         0.2419,  0.4304,  0.5538,  0.0542,  0.8225,  0.2591,  0.5057,  0.6616,
         0.6602,  0.6759,  0.3260,  0.7390,  0.8985,  0.7745,  0.9023,  0.6198,
         0.9198,  0.7756,  0.6544,  0.5079,  0.5077,  0.8166,  0.8705,  0.6271])
Target tensorsfor training set: 
tensor([0.5783, 0.5573, 0.1055, 0.4149, 0.4993, 0.4654, 0.7497, 0.6465, 0.8561,
        0.7171, 0.7507, 0.5178, 0.2271, 0.1493, 0.9127, 0.8524, 0.4513, 0.7144,
        0.3077, 0.0389, 0.5187, 0.4640, 0.5564, 0.0981, 0.4341, 0.4526, 0.5780,
        0.6240, 0.9150, 0.9117, 0.5658, 0.8363, 0.2464, 0.9072, 0.9621, 0.0246,
        0.1218, 0.0636, 0.4036, 0.1294, 0.5023, 0.7462, 0.8988, 0.7596, 0.5102,
        0.2916, 0.8418, 0.2594, 0.2394, 0.8556, 0.6576, 0.1360, 0.9215, 0.2649,
        0.6595, 0.7372, 0.6846, 0.6199, 0.2169, 0.6577, 0.8728, 0.6671, 0.8391,
        0.5300, 0.7270, 0.7125, 0.5220, 0.4440, 0.3829, 0.7901, 0.9535, 0.7371])
Correlation for training set: 0.9404412944873697
Predicted tensors for test set: 
tensor([0.3823, 0.6227, 0.4777, 0.5739, 0.4235, 0.5814, 0.6334, 0.6946, 0.6153,
        0.5687, 0.4941, 0.5239, 0.7349, 0.5362, 0.5835, 0.4420, 0.4661, 0.5889])
Target tensors for test set: 
tensor([0.7791, 0.2255, 0.9656, 0.3174, 0.1295, 0.4818, 0.0763, 0.3453, 0.5779,
        0.7950, 0.0478, 0.8411, 0.8453, 0.6992, 0.5719, 0.3309, 0.9492, 0.4373])
Correlation for test set: -0.10138699515430803
Fold 4
Epoch: 00, Training Loss: 0.0731, Train MSE: 0.0731, r (train): 0.1132, Test MSE: 0.1210, r (test): -0.0770
Epoch: 01, Training Loss: 0.0721, Train MSE: 0.0721, r (train): 0.2306, Test MSE: 0.1257, r (test): -0.0541
Epoch: 02, Training Loss: 0.0703, Train MSE: 0.0703, r (train): 0.3344, Test MSE: 0.1259, r (test): -0.0438
Epoch: 03, Training Loss: 0.0673, Train MSE: 0.0673, r (train): 0.4441, Test MSE: 0.1255, r (test): -0.0512
Epoch: 04, Training Loss: 0.0668, Train MSE: 0.0668, r (train): 0.5191, Test MSE: 0.1283, r (test): -0.0277
Epoch: 05, Training Loss: 0.0637, Train MSE: 0.0637, r (train): 0.6053, Test MSE: 0.1289, r (test): -0.0730
Epoch: 06, Training Loss: 0.0617, Train MSE: 0.0617, r (train): 0.6810, Test MSE: 0.1295, r (test): -0.0297
Epoch: 07, Training Loss: 0.0585, Train MSE: 0.0585, r (train): 0.7377, Test MSE: 0.1292, r (test): -0.0013
Epoch: 08, Training Loss: 0.0546, Train MSE: 0.0546, r (train): 0.7840, Test MSE: 0.1310, r (test): -0.0318
Epoch: 09, Training Loss: 0.0491, Train MSE: 0.0491, r (train): 0.8134, Test MSE: 0.1314, r (test): -0.0761
Epoch: 10, Training Loss: 0.0441, Train MSE: 0.0441, r (train): 0.8455, Test MSE: 0.1310, r (test): -0.0217
Epoch: 11, Training Loss: 0.0368, Train MSE: 0.0368, r (train): 0.8568, Test MSE: 0.1291, r (test): -0.0049
Epoch: 12, Training Loss: 0.0297, Train MSE: 0.0297, r (train): 0.8697, Test MSE: 0.1306, r (test): -0.0950
Epoch: 13, Training Loss: 0.0263, Train MSE: 0.0263, r (train): 0.8886, Test MSE: 0.1380, r (test): -0.0694
Epoch: 14, Training Loss: 0.0164, Train MSE: 0.0164, r (train): 0.9059, Test MSE: 0.1251, r (test): -0.0118
Epoch: 15, Training Loss: 0.0131, Train MSE: 0.0131, r (train): 0.9070, Test MSE: 0.1176, r (test): -0.0272
Epoch: 16, Training Loss: 0.0109, Train MSE: 0.0109, r (train): 0.9150, Test MSE: 0.1170, r (test): -0.1627
Epoch: 17, Training Loss: 0.0459, Train MSE: 0.0459, r (train): 0.8952, Test MSE: 0.2128, r (test): -0.1138
Epoch: 18, Training Loss: 0.1145, Train MSE: 0.1145, r (train): 0.8980, Test MSE: 0.3176, r (test): 0.0255
Epoch: 19, Training Loss: 0.0764, Train MSE: 0.0764, r (train): 0.9218, Test MSE: 0.2660, r (test): -0.0678
Epoch: 20, Training Loss: 0.0794, Train MSE: 0.0794, r (train): 0.9298, Test MSE: 0.2688, r (test): -0.1443
Epoch: 21, Training Loss: 0.0205, Train MSE: 0.0205, r (train): 0.9186, Test MSE: 0.1534, r (test): -0.1793
Epoch: 22, Training Loss: 0.0112, Train MSE: 0.0112, r (train): 0.9165, Test MSE: 0.1187, r (test): -0.1101
Epoch: 23, Training Loss: 0.0125, Train MSE: 0.0125, r (train): 0.9442, Test MSE: 0.1357, r (test): -0.0760
Epoch: 24, Training Loss: 0.0399, Train MSE: 0.0399, r (train): 0.9494, Test MSE: 0.1955, r (test): -0.0327
Epoch: 25, Training Loss: 0.0867, Train MSE: 0.0867, r (train): 0.9358, Test MSE: 0.2729, r (test): -0.0246
Epoch: 26, Training Loss: 0.0444, Train MSE: 0.0444, r (train): 0.9426, Test MSE: 0.2123, r (test): -0.0916
Epoch: 27, Training Loss: 0.0090, Train MSE: 0.0090, r (train): 0.9362, Test MSE: 0.1190, r (test): -0.0735
Epoch: 28, Training Loss: 0.0088, Train MSE: 0.0088, r (train): 0.9343, Test MSE: 0.1202, r (test): -0.1386
Epoch: 29, Training Loss: 0.0133, Train MSE: 0.0133, r (train): 0.9144, Test MSE: 0.1247, r (test): -0.0858
Epoch: 30, Training Loss: 0.0608, Train MSE: 0.0608, r (train): 0.9188, Test MSE: 0.2340, r (test): -0.1185
Epoch: 31, Training Loss: 0.0326, Train MSE: 0.0326, r (train): 0.9538, Test MSE: 0.2000, r (test): -0.0151
Epoch: 32, Training Loss: 0.0138, Train MSE: 0.0138, r (train): 0.9377, Test MSE: 0.0957, r (test): -0.0072
Epoch: 33, Training Loss: 0.0142, Train MSE: 0.0142, r (train): 0.9365, Test MSE: 0.1333, r (test): -0.0944
Epoch: 34, Training Loss: 0.0174, Train MSE: 0.0174, r (train): 0.9237, Test MSE: 0.1496, r (test): -0.1411
Epoch: 35, Training Loss: 0.0091, Train MSE: 0.0091, r (train): 0.9338, Test MSE: 0.1103, r (test): -0.0214
Epoch: 36, Training Loss: 0.0366, Train MSE: 0.0366, r (train): 0.9203, Test MSE: 0.0921, r (test): -0.0555
Epoch: 37, Training Loss: 0.0234, Train MSE: 0.0234, r (train): 0.9273, Test MSE: 0.1053, r (test): -0.1793
Epoch: 38, Training Loss: 0.0417, Train MSE: 0.0417, r (train): 0.9221, Test MSE: 0.1085, r (test): -0.2564
Epoch: 39, Training Loss: 0.0331, Train MSE: 0.0331, r (train): 0.9035, Test MSE: 0.1206, r (test): -0.3330
Epoch: 40, Training Loss: 0.0198, Train MSE: 0.0198, r (train): 0.8636, Test MSE: 0.1369, r (test): -0.2297
Epoch: 41, Training Loss: 0.0160, Train MSE: 0.0160, r (train): 0.8854, Test MSE: 0.1439, r (test): -0.2897
Epoch: 42, Training Loss: 0.0222, Train MSE: 0.0222, r (train): 0.8968, Test MSE: 0.1647, r (test): -0.2605
Epoch: 43, Training Loss: 0.0451, Train MSE: 0.0451, r (train): 0.8799, Test MSE: 0.2032, r (test): -0.2996
Epoch: 44, Training Loss: 0.0703, Train MSE: 0.0703, r (train): 0.8614, Test MSE: 0.2303, r (test): -0.2631
Epoch: 45, Training Loss: 0.0725, Train MSE: 0.0725, r (train): 0.8961, Test MSE: 0.2487, r (test): -0.2071
Epoch: 46, Training Loss: 0.0585, Train MSE: 0.0585, r (train): 0.9031, Test MSE: 0.2183, r (test): -0.1503
Epoch: 47, Training Loss: 0.0436, Train MSE: 0.0436, r (train): 0.9113, Test MSE: 0.1918, r (test): -0.0759
Epoch: 48, Training Loss: 0.0429, Train MSE: 0.0429, r (train): 0.8687, Test MSE: 0.1822, r (test): -0.0742
Epoch: 49, Training Loss: 0.0294, Train MSE: 0.0294, r (train): 0.8808, Test MSE: 0.1652, r (test): -0.0748
Epoch: 50, Training Loss: 0.0151, Train MSE: 0.0151, r (train): 0.8983, Test MSE: 0.1471, r (test): -0.4830
Epoch: 51, Training Loss: 0.0344, Train MSE: 0.0344, r (train): 0.8243, Test MSE: 0.1158, r (test): -0.3150
Epoch: 52, Training Loss: 0.0135, Train MSE: 0.0135, r (train): 0.9286, Test MSE: 0.1289, r (test): -0.3180
Epoch: 53, Training Loss: 0.0161, Train MSE: 0.0161, r (train): 0.8807, Test MSE: 0.1402, r (test): -0.3409
Epoch: 54, Training Loss: 0.0114, Train MSE: 0.0114, r (train): 0.9154, Test MSE: 0.1498, r (test): -0.2820
Epoch: 55, Training Loss: 0.0247, Train MSE: 0.0247, r (train): 0.9378, Test MSE: 0.1853, r (test): -0.2194
Epoch: 56, Training Loss: 0.0617, Train MSE: 0.0617, r (train): 0.9413, Test MSE: 0.2362, r (test): -0.1818
Epoch: 57, Training Loss: 0.0214, Train MSE: 0.0214, r (train): 0.9482, Test MSE: 0.1680, r (test): -0.1066
Epoch: 58, Training Loss: 0.0160, Train MSE: 0.0160, r (train): 0.9197, Test MSE: 0.1217, r (test): -0.0636
Epoch: 59, Training Loss: 0.0257, Train MSE: 0.0257, r (train): 0.9095, Test MSE: 0.1120, r (test): -0.4235
Epoch: 60, Training Loss: 0.0168, Train MSE: 0.0168, r (train): 0.9087, Test MSE: 0.1214, r (test): -0.4334
Epoch: 61, Training Loss: 0.0104, Train MSE: 0.0104, r (train): 0.9300, Test MSE: 0.1522, r (test): -0.3288
Epoch: 62, Training Loss: 0.0245, Train MSE: 0.0245, r (train): 0.9527, Test MSE: 0.1886, r (test): -0.2026
Epoch: 63, Training Loss: 0.0174, Train MSE: 0.0174, r (train): 0.9593, Test MSE: 0.1553, r (test): -0.0943
Epoch: 64, Training Loss: 0.0140, Train MSE: 0.0140, r (train): 0.9608, Test MSE: 0.1064, r (test): -0.1064
Epoch: 65, Training Loss: 0.0301, Train MSE: 0.0301, r (train): 0.9324, Test MSE: 0.1152, r (test): -0.3582
Epoch: 66, Training Loss: 0.0084, Train MSE: 0.0084, r (train): 0.9457, Test MSE: 0.1281, r (test): -0.2910
Epoch: 67, Training Loss: 0.0096, Train MSE: 0.0096, r (train): 0.9549, Test MSE: 0.1485, r (test): -0.2341
Epoch: 68, Training Loss: 0.0141, Train MSE: 0.0141, r (train): 0.9454, Test MSE: 0.1454, r (test): -0.1292
Epoch: 69, Training Loss: 0.0093, Train MSE: 0.0093, r (train): 0.9430, Test MSE: 0.1222, r (test): -0.1153
Epoch: 70, Training Loss: 0.0095, Train MSE: 0.0095, r (train): 0.9407, Test MSE: 0.1106, r (test): -0.0252
Epoch: 71, Training Loss: 0.0208, Train MSE: 0.0208, r (train): 0.9039, Test MSE: 0.1142, r (test): -0.3451
Epoch: 72, Training Loss: 0.0155, Train MSE: 0.0155, r (train): 0.9197, Test MSE: 0.1469, r (test): -0.3359
Epoch: 73, Training Loss: 0.0095, Train MSE: 0.0095, r (train): 0.9403, Test MSE: 0.1290, r (test): -0.1120
Epoch: 74, Training Loss: 0.0128, Train MSE: 0.0128, r (train): 0.9504, Test MSE: 0.1311, r (test): -0.0593
Epoch: 75, Training Loss: 0.0070, Train MSE: 0.0070, r (train): 0.9463, Test MSE: 0.1031, r (test): 0.0039
Epoch: 76, Training Loss: 0.0197, Train MSE: 0.0197, r (train): 0.9460, Test MSE: 0.0967, r (test): -0.0897
Epoch: 77, Training Loss: 0.0163, Train MSE: 0.0163, r (train): 0.9422, Test MSE: 0.1014, r (test): -0.1889
Epoch: 78, Training Loss: 0.0061, Train MSE: 0.0061, r (train): 0.9541, Test MSE: 0.1323, r (test): -0.2606
Epoch: 79, Training Loss: 0.0150, Train MSE: 0.0150, r (train): 0.9471, Test MSE: 0.1439, r (test): -0.1052
Epoch: 80, Training Loss: 0.0068, Train MSE: 0.0068, r (train): 0.9603, Test MSE: 0.1231, r (test): -0.1026
Epoch: 81, Training Loss: 0.0267, Train MSE: 0.0267, r (train): 0.9468, Test MSE: 0.1080, r (test): -0.1446
Epoch: 82, Training Loss: 0.0307, Train MSE: 0.0307, r (train): 0.9454, Test MSE: 0.0995, r (test): -0.1120
Epoch: 83, Training Loss: 0.0162, Train MSE: 0.0162, r (train): 0.9323, Test MSE: 0.1179, r (test): -0.3154
Epoch: 84, Training Loss: 0.0078, Train MSE: 0.0078, r (train): 0.9502, Test MSE: 0.1250, r (test): -0.2736
Epoch: 85, Training Loss: 0.0094, Train MSE: 0.0094, r (train): 0.9456, Test MSE: 0.1296, r (test): -0.1230
Epoch: 86, Training Loss: 0.0118, Train MSE: 0.0118, r (train): 0.9269, Test MSE: 0.1159, r (test): -0.0288
Epoch: 87, Training Loss: 0.0164, Train MSE: 0.0164, r (train): 0.9291, Test MSE: 0.0980, r (test): -0.0474
Epoch: 88, Training Loss: 0.0240, Train MSE: 0.0240, r (train): 0.9057, Test MSE: 0.1072, r (test): -0.2942
Epoch: 89, Training Loss: 0.0098, Train MSE: 0.0098, r (train): 0.9599, Test MSE: 0.1110, r (test): -0.2739
Epoch: 90, Training Loss: 0.0069, Train MSE: 0.0069, r (train): 0.9646, Test MSE: 0.1213, r (test): -0.2067
Epoch: 91, Training Loss: 0.0094, Train MSE: 0.0094, r (train): 0.9547, Test MSE: 0.1102, r (test): -0.1633
Epoch: 92, Training Loss: 0.0293, Train MSE: 0.0293, r (train): 0.9384, Test MSE: 0.1040, r (test): -0.3319
Epoch: 93, Training Loss: 0.0065, Train MSE: 0.0065, r (train): 0.9641, Test MSE: 0.1299, r (test): -0.4220
Epoch: 94, Training Loss: 0.0095, Train MSE: 0.0095, r (train): 0.9733, Test MSE: 0.1752, r (test): -0.3388
Epoch: 95, Training Loss: 0.0075, Train MSE: 0.0075, r (train): 0.9619, Test MSE: 0.1368, r (test): -0.1627
Epoch: 96, Training Loss: 0.0056, Train MSE: 0.0056, r (train): 0.9624, Test MSE: 0.1147, r (test): -0.0485
Epoch: 97, Training Loss: 0.0140, Train MSE: 0.0140, r (train): 0.9623, Test MSE: 0.1099, r (test): -0.1677
Epoch: 98, Training Loss: 0.0193, Train MSE: 0.0193, r (train): 0.9035, Test MSE: 0.1059, r (test): -0.1500
Epoch: 99, Training Loss: 0.0167, Train MSE: 0.0167, r (train): 0.9291, Test MSE: 0.1114, r (test): -0.2767
Predicted tensors for training set: 
tensor([0.5680, 0.5087, 0.2023, 0.4016, 0.4799, 0.4963, 0.6393, 0.6049, 0.7131,
        0.6044, 0.6456, 0.5167, 0.2662, 0.1741, 0.7040, 0.7247, 0.4318, 0.5931,
        0.3608, 0.1537, 0.3620, 0.4191, 0.4622, 0.1487, 0.4244, 0.4484, 0.4757,
        0.5568, 0.7321, 0.6767, 0.5146, 0.5926, 0.3815, 0.8141, 0.7736, 0.2157,
        0.6859, 0.3704, 0.7699, 0.3749, 0.3848, 0.5178, 0.2723, 0.4831, 0.5914,
        0.6328, 0.3794, 0.7562, 0.7948, 0.5383, 0.4354, 0.3753, 0.6608, 0.3280,
        0.5124, 0.5508, 0.4892, 0.4822, 0.1298, 0.5032, 0.6978, 0.5825, 0.6532,
        0.4757, 0.6127, 0.6707, 0.4773, 0.4195, 0.3500, 0.7291, 0.8683, 0.6843])
Target tensorsfor training set: 
tensor([0.5783, 0.5573, 0.1055, 0.4149, 0.4993, 0.4654, 0.7497, 0.6465, 0.8561,
        0.7171, 0.7507, 0.5178, 0.2271, 0.1493, 0.9127, 0.8524, 0.4513, 0.7144,
        0.3077, 0.0389, 0.5187, 0.4640, 0.5564, 0.0981, 0.4341, 0.4526, 0.5780,
        0.6240, 0.9150, 0.9117, 0.5658, 0.8363, 0.2464, 0.9072, 0.9621, 0.0246,
        0.7791, 0.2255, 0.9656, 0.3174, 0.1295, 0.4818, 0.0763, 0.3453, 0.5779,
        0.7950, 0.0478, 0.8411, 0.8453, 0.6992, 0.5719, 0.3309, 0.9492, 0.4373,
        0.6595, 0.7372, 0.6846, 0.6199, 0.2169, 0.6577, 0.8728, 0.6671, 0.8391,
        0.5300, 0.7270, 0.7125, 0.5220, 0.4440, 0.3829, 0.7901, 0.9535, 0.7371])
Correlation for training set: 0.9290999874070843
Predicted tensors for test set: 
tensor([0.6117, 0.5933, 0.4933, 0.6431, 0.4410, 0.5807, 0.5934, 0.5388, 0.4630,
        0.4783, 0.4656, 0.6849, 0.5068, 0.5898, 0.6717, 0.6660, 0.4886, 0.5283])
Target tensors for test set: 
tensor([0.1218, 0.0636, 0.4036, 0.1294, 0.5023, 0.7462, 0.8988, 0.7596, 0.5102,
        0.2916, 0.8418, 0.2594, 0.2394, 0.8556, 0.6576, 0.1360, 0.9215, 0.2649])
Correlation for test set: -0.27667525305156954
Fold 5
Epoch: 00, Training Loss: 0.0802, Train MSE: 0.0802, r (train): 0.0379, Test MSE: 0.0533, r (test): -0.2913
Epoch: 01, Training Loss: 0.0764, Train MSE: 0.0764, r (train): 0.1993, Test MSE: 0.0537, r (test): -0.4108
Epoch: 02, Training Loss: 0.0743, Train MSE: 0.0743, r (train): 0.2929, Test MSE: 0.0554, r (test): -0.4523
Epoch: 03, Training Loss: 0.0722, Train MSE: 0.0722, r (train): 0.3778, Test MSE: 0.0557, r (test): -0.4683
Epoch: 04, Training Loss: 0.0701, Train MSE: 0.0701, r (train): 0.4403, Test MSE: 0.0563, r (test): -0.4557
Epoch: 05, Training Loss: 0.0677, Train MSE: 0.0677, r (train): 0.5068, Test MSE: 0.0558, r (test): -0.4214
Epoch: 06, Training Loss: 0.0646, Train MSE: 0.0646, r (train): 0.5839, Test MSE: 0.0571, r (test): -0.4220
Epoch: 07, Training Loss: 0.0609, Train MSE: 0.0609, r (train): 0.6518, Test MSE: 0.0582, r (test): -0.3933
Epoch: 08, Training Loss: 0.0557, Train MSE: 0.0557, r (train): 0.7389, Test MSE: 0.0572, r (test): -0.3258
Epoch: 09, Training Loss: 0.0493, Train MSE: 0.0493, r (train): 0.7865, Test MSE: 0.0580, r (test): -0.2405
Epoch: 10, Training Loss: 0.0411, Train MSE: 0.0411, r (train): 0.8302, Test MSE: 0.0591, r (test): -0.2220
Epoch: 11, Training Loss: 0.0314, Train MSE: 0.0314, r (train): 0.8701, Test MSE: 0.0659, r (test): -0.1698
Epoch: 12, Training Loss: 0.0227, Train MSE: 0.0227, r (train): 0.8906, Test MSE: 0.0716, r (test): -0.1590
Epoch: 13, Training Loss: 0.0176, Train MSE: 0.0176, r (train): 0.8980, Test MSE: 0.0762, r (test): -0.1159
Epoch: 14, Training Loss: 0.0153, Train MSE: 0.0153, r (train): 0.9102, Test MSE: 0.0945, r (test): -0.1058
Epoch: 15, Training Loss: 0.0158, Train MSE: 0.0158, r (train): 0.9033, Test MSE: 0.0975, r (test): -0.1206
Epoch: 16, Training Loss: 0.0242, Train MSE: 0.0242, r (train): 0.8926, Test MSE: 0.1114, r (test): -0.0437
Epoch: 17, Training Loss: 0.0281, Train MSE: 0.0281, r (train): 0.8860, Test MSE: 0.1092, r (test): 0.0715
Epoch: 18, Training Loss: 0.0389, Train MSE: 0.0389, r (train): 0.8282, Test MSE: 0.0684, r (test): -0.0780
Epoch: 19, Training Loss: 0.0277, Train MSE: 0.0277, r (train): 0.8422, Test MSE: 0.0581, r (test): -0.0404
Epoch: 20, Training Loss: 0.0278, Train MSE: 0.0278, r (train): 0.8911, Test MSE: 0.0964, r (test): -0.0489
Epoch: 21, Training Loss: 0.0399, Train MSE: 0.0399, r (train): 0.9442, Test MSE: 0.1496, r (test): -0.0678
Epoch: 22, Training Loss: 0.0425, Train MSE: 0.0425, r (train): 0.9589, Test MSE: 0.1740, r (test): 0.0545
Epoch: 23, Training Loss: 0.0237, Train MSE: 0.0237, r (train): 0.9609, Test MSE: 0.1341, r (test): 0.0873
Epoch: 24, Training Loss: 0.0251, Train MSE: 0.0251, r (train): 0.9474, Test MSE: 0.1246, r (test): 0.0375
Epoch: 25, Training Loss: 0.0496, Train MSE: 0.0496, r (train): 0.9381, Test MSE: 0.1586, r (test): -0.0006
Epoch: 26, Training Loss: 0.0681, Train MSE: 0.0681, r (train): 0.9480, Test MSE: 0.1885, r (test): 0.0865
Epoch: 27, Training Loss: 0.0684, Train MSE: 0.0684, r (train): 0.9250, Test MSE: 0.2018, r (test): 0.1998
Epoch: 28, Training Loss: 0.0201, Train MSE: 0.0201, r (train): 0.8972, Test MSE: 0.0822, r (test): 0.1927
Epoch: 29, Training Loss: 0.0191, Train MSE: 0.0191, r (train): 0.8814, Test MSE: 0.0555, r (test): -0.0933
Epoch: 30, Training Loss: 0.0095, Train MSE: 0.0095, r (train): 0.9401, Test MSE: 0.0746, r (test): -0.0021
Epoch: 31, Training Loss: 0.0182, Train MSE: 0.0182, r (train): 0.9567, Test MSE: 0.1020, r (test): 0.0665
Epoch: 32, Training Loss: 0.0077, Train MSE: 0.0077, r (train): 0.9565, Test MSE: 0.0648, r (test): 0.0250
Epoch: 33, Training Loss: 0.0181, Train MSE: 0.0181, r (train): 0.9463, Test MSE: 0.0563, r (test): -0.0302
Epoch: 34, Training Loss: 0.0186, Train MSE: 0.0186, r (train): 0.9252, Test MSE: 0.0633, r (test): -0.1244
Epoch: 35, Training Loss: 0.0302, Train MSE: 0.0302, r (train): 0.9131, Test MSE: 0.0596, r (test): -0.1112
Epoch: 36, Training Loss: 0.0283, Train MSE: 0.0283, r (train): 0.8863, Test MSE: 0.0614, r (test): -0.0826
Epoch: 37, Training Loss: 0.0259, Train MSE: 0.0259, r (train): 0.8491, Test MSE: 0.0671, r (test): -0.2247
Epoch: 38, Training Loss: 0.0215, Train MSE: 0.0215, r (train): 0.8594, Test MSE: 0.0715, r (test): -0.1480
Epoch: 39, Training Loss: 0.0229, Train MSE: 0.0229, r (train): 0.8514, Test MSE: 0.0761, r (test): -0.0628
Epoch: 40, Training Loss: 0.0463, Train MSE: 0.0463, r (train): 0.8741, Test MSE: 0.1532, r (test): -0.1391
Epoch: 41, Training Loss: 0.0763, Train MSE: 0.0763, r (train): 0.8853, Test MSE: 0.1902, r (test): -0.0643
Epoch: 42, Training Loss: 0.0243, Train MSE: 0.0243, r (train): 0.9137, Test MSE: 0.1137, r (test): -0.0188
Epoch: 43, Training Loss: 0.1769, Train MSE: 0.1769, r (train): 0.9265, Test MSE: 0.3349, r (test): 0.1303
Epoch: 44, Training Loss: 0.1097, Train MSE: 0.1097, r (train): 0.9202, Test MSE: 0.2500, r (test): 0.1446
Epoch: 45, Training Loss: 0.0827, Train MSE: 0.0827, r (train): 0.8907, Test MSE: 0.2079, r (test): 0.0785
Epoch: 46, Training Loss: 0.0516, Train MSE: 0.0516, r (train): 0.8966, Test MSE: 0.1476, r (test): 0.1064
Epoch: 47, Training Loss: 0.0427, Train MSE: 0.0427, r (train): 0.8964, Test MSE: 0.1351, r (test): 0.1464
Epoch: 48, Training Loss: 0.0161, Train MSE: 0.0161, r (train): 0.9010, Test MSE: 0.0733, r (test): 0.1123
Epoch: 49, Training Loss: 0.0276, Train MSE: 0.0276, r (train): 0.9085, Test MSE: 0.0510, r (test): 0.0439
Epoch: 50, Training Loss: 0.0341, Train MSE: 0.0341, r (train): 0.8894, Test MSE: 0.0438, r (test): 0.0421
Epoch: 51, Training Loss: 0.0215, Train MSE: 0.0215, r (train): 0.9112, Test MSE: 0.0522, r (test): -0.0170
Epoch: 52, Training Loss: 0.0100, Train MSE: 0.0100, r (train): 0.9345, Test MSE: 0.0626, r (test): -0.0314
Epoch: 53, Training Loss: 0.0559, Train MSE: 0.0559, r (train): 0.9516, Test MSE: 0.1652, r (test): 0.0753
Epoch: 54, Training Loss: 0.0355, Train MSE: 0.0355, r (train): 0.9673, Test MSE: 0.1373, r (test): 0.1650
Epoch: 55, Training Loss: 0.0093, Train MSE: 0.0093, r (train): 0.9599, Test MSE: 0.0802, r (test): 0.0891
Epoch: 56, Training Loss: 0.0110, Train MSE: 0.0110, r (train): 0.9348, Test MSE: 0.0652, r (test): 0.0910
Epoch: 57, Training Loss: 0.0173, Train MSE: 0.0173, r (train): 0.9199, Test MSE: 0.0586, r (test): 0.1038
Epoch: 58, Training Loss: 0.0103, Train MSE: 0.0103, r (train): 0.9398, Test MSE: 0.0542, r (test): 0.0854
Epoch: 59, Training Loss: 0.0316, Train MSE: 0.0316, r (train): 0.9348, Test MSE: 0.1240, r (test): 0.0643
Epoch: 60, Training Loss: 0.0322, Train MSE: 0.0322, r (train): 0.9641, Test MSE: 0.1285, r (test): 0.0411
Epoch: 61, Training Loss: 0.0066, Train MSE: 0.0066, r (train): 0.9641, Test MSE: 0.0725, r (test): 0.0410
Epoch: 62, Training Loss: 0.0165, Train MSE: 0.0165, r (train): 0.9375, Test MSE: 0.0559, r (test): 0.0096
Epoch: 63, Training Loss: 0.0151, Train MSE: 0.0151, r (train): 0.9366, Test MSE: 0.0595, r (test): 0.0696
Epoch: 64, Training Loss: 0.0102, Train MSE: 0.0102, r (train): 0.9377, Test MSE: 0.0736, r (test): -0.0039
Epoch: 65, Training Loss: 0.0328, Train MSE: 0.0328, r (train): 0.9611, Test MSE: 0.1291, r (test): 0.0202
Epoch: 66, Training Loss: 0.0090, Train MSE: 0.0090, r (train): 0.9697, Test MSE: 0.0800, r (test): 0.0818
Epoch: 67, Training Loss: 0.0147, Train MSE: 0.0147, r (train): 0.9533, Test MSE: 0.0602, r (test): -0.0272
Epoch: 68, Training Loss: 0.0187, Train MSE: 0.0187, r (train): 0.9496, Test MSE: 0.0624, r (test): -0.0672
Epoch: 69, Training Loss: 0.0118, Train MSE: 0.0118, r (train): 0.9463, Test MSE: 0.0663, r (test): -0.0577
Epoch: 70, Training Loss: 0.0186, Train MSE: 0.0186, r (train): 0.9463, Test MSE: 0.0982, r (test): 0.1253
Epoch: 71, Training Loss: 0.0143, Train MSE: 0.0143, r (train): 0.9547, Test MSE: 0.1009, r (test): 0.0617
Epoch: 72, Training Loss: 0.0129, Train MSE: 0.0129, r (train): 0.9477, Test MSE: 0.0543, r (test): 0.0173
Epoch: 73, Training Loss: 0.0259, Train MSE: 0.0259, r (train): 0.9478, Test MSE: 0.0593, r (test): -0.0777
Epoch: 74, Training Loss: 0.0292, Train MSE: 0.0292, r (train): 0.9298, Test MSE: 0.0752, r (test): -0.1191
Epoch: 75, Training Loss: 0.0284, Train MSE: 0.0284, r (train): 0.9391, Test MSE: 0.0681, r (test): -0.0526
Epoch: 76, Training Loss: 0.0143, Train MSE: 0.0143, r (train): 0.9430, Test MSE: 0.0760, r (test): -0.0744
Epoch: 77, Training Loss: 0.0142, Train MSE: 0.0142, r (train): 0.9295, Test MSE: 0.0941, r (test): -0.0229
Epoch: 78, Training Loss: 0.0141, Train MSE: 0.0141, r (train): 0.9241, Test MSE: 0.0838, r (test): 0.1856
Epoch: 79, Training Loss: 0.0155, Train MSE: 0.0155, r (train): 0.9619, Test MSE: 0.0497, r (test): 0.1597
Epoch: 80, Training Loss: 0.0251, Train MSE: 0.0251, r (train): 0.9461, Test MSE: 0.0504, r (test): -0.0039
Epoch: 81, Training Loss: 0.0245, Train MSE: 0.0245, r (train): 0.9500, Test MSE: 0.0639, r (test): -0.0457
Epoch: 82, Training Loss: 0.0221, Train MSE: 0.0221, r (train): 0.9585, Test MSE: 0.0656, r (test): -0.1392
Epoch: 83, Training Loss: 0.0081, Train MSE: 0.0081, r (train): 0.9486, Test MSE: 0.0724, r (test): -0.0808
Epoch: 84, Training Loss: 0.0114, Train MSE: 0.0114, r (train): 0.9537, Test MSE: 0.0858, r (test): 0.0808
Epoch: 85, Training Loss: 0.0081, Train MSE: 0.0081, r (train): 0.9553, Test MSE: 0.0606, r (test): 0.0881
Epoch: 86, Training Loss: 0.0373, Train MSE: 0.0373, r (train): 0.9619, Test MSE: 0.0532, r (test): -0.0190
Epoch: 87, Training Loss: 0.0234, Train MSE: 0.0234, r (train): 0.9588, Test MSE: 0.0562, r (test): -0.0207
Epoch: 88, Training Loss: 0.0183, Train MSE: 0.0183, r (train): 0.9542, Test MSE: 0.0574, r (test): -0.0570
Epoch: 89, Training Loss: 0.0094, Train MSE: 0.0094, r (train): 0.9529, Test MSE: 0.0843, r (test): -0.0574
Epoch: 90, Training Loss: 0.0089, Train MSE: 0.0089, r (train): 0.9456, Test MSE: 0.0681, r (test): 0.1402
Epoch: 91, Training Loss: 0.0122, Train MSE: 0.0122, r (train): 0.9463, Test MSE: 0.0517, r (test): -0.0584
Epoch: 92, Training Loss: 0.0392, Train MSE: 0.0392, r (train): 0.9485, Test MSE: 0.0493, r (test): -0.1565
Epoch: 93, Training Loss: 0.0266, Train MSE: 0.0266, r (train): 0.9636, Test MSE: 0.0562, r (test): -0.2530
Epoch: 94, Training Loss: 0.0119, Train MSE: 0.0119, r (train): 0.9522, Test MSE: 0.0637, r (test): -0.1556
Epoch: 95, Training Loss: 0.0128, Train MSE: 0.0128, r (train): 0.9564, Test MSE: 0.0863, r (test): 0.1052
Epoch: 96, Training Loss: 0.0100, Train MSE: 0.0100, r (train): 0.9569, Test MSE: 0.0811, r (test): -0.0622
Epoch: 97, Training Loss: 0.0099, Train MSE: 0.0099, r (train): 0.9527, Test MSE: 0.0762, r (test): 0.1018
Epoch: 98, Training Loss: 0.0145, Train MSE: 0.0145, r (train): 0.9327, Test MSE: 0.0481, r (test): -0.0050
Epoch: 99, Training Loss: 0.0261, Train MSE: 0.0261, r (train): 0.9409, Test MSE: 0.0466, r (test): -0.0562
Predicted tensors for training set: 
tensor([0.6912, 0.5994, 0.1947, 0.5173, 0.5788, 0.5947, 0.8217, 0.7997, 0.9169,
        0.9157, 0.8123, 0.6932, 0.4827, 0.3991, 1.1289, 1.0713, 0.5778, 0.9178,
        0.4292, 0.2661, 0.7212, 0.5548, 0.7109, 0.1879, 0.5342, 0.5892, 0.6383,
        0.5652, 0.7280, 0.9037, 0.6110, 0.8344, 0.3231, 0.9488, 1.0117, 0.1648,
        0.7800, 0.2630, 1.0189, 0.4559, 0.3387, 0.6830, 0.2890, 0.5755, 0.7521,
        0.9454, 0.3851, 1.0933, 1.1022, 0.9430, 0.7380, 0.5358, 1.2709, 0.7204,
        0.3661, 0.3502, 0.6160, 0.3556, 0.6462, 0.9148, 0.9820, 0.9106, 0.6050,
        0.4005, 0.9245, 0.3609, 0.3076, 0.9144, 0.7049, 0.1682, 0.8605, 0.3050])
Target tensorsfor training set: 
tensor([0.5783, 0.5573, 0.1055, 0.4149, 0.4993, 0.4654, 0.7497, 0.6465, 0.8561,
        0.7171, 0.7507, 0.5178, 0.2271, 0.1493, 0.9127, 0.8524, 0.4513, 0.7144,
        0.3077, 0.0389, 0.5187, 0.4640, 0.5564, 0.0981, 0.4341, 0.4526, 0.5780,
        0.6240, 0.9150, 0.9117, 0.5658, 0.8363, 0.2464, 0.9072, 0.9621, 0.0246,
        0.7791, 0.2255, 0.9656, 0.3174, 0.1295, 0.4818, 0.0763, 0.3453, 0.5779,
        0.7950, 0.0478, 0.8411, 0.8453, 0.6992, 0.5719, 0.3309, 0.9492, 0.4373,
        0.1218, 0.0636, 0.4036, 0.1294, 0.5023, 0.7462, 0.8988, 0.7596, 0.5102,
        0.2916, 0.8418, 0.2594, 0.2394, 0.8556, 0.6576, 0.1360, 0.9215, 0.2649])
Correlation for training set: 0.9409136140921458
Predicted tensors for test set: 
tensor([0.5555, 0.7791, 0.5650, 0.5923, 0.7755, 0.7004, 0.6915, 0.6521, 0.3068,
        0.6781, 0.7009, 0.6864, 0.6763, 0.5660, 0.4268, 0.5996, 0.6793, 0.6598])
Target tensors for test set: 
tensor([0.6595, 0.7372, 0.6846, 0.6199, 0.2169, 0.6577, 0.8728, 0.6671, 0.8391,
        0.5300, 0.7270, 0.7125, 0.5220, 0.4440, 0.3829, 0.7901, 0.9535, 0.7371])
Correlation for test set: -0.05615499659628871
Seed: 1
Fold losses: [tensor(0.0151), tensor(0.0076), tensor(0.0085), tensor(0.0167), tensor(0.0261)]
Fold MSE values: [tensor(0.0151), tensor(0.0076), tensor(0.0085), tensor(0.0167), tensor(0.0261)]
Target training values: [tensor([0.3077, 0.0389, 0.5187, 0.4640, 0.5564, 0.0981, 0.4341, 0.4526, 0.5780,
        0.6240, 0.9150, 0.9117, 0.5658, 0.8363, 0.2464, 0.9072, 0.9621, 0.0246,
        0.7791, 0.2255, 0.9656, 0.3174, 0.1295, 0.4818, 0.0763, 0.3453, 0.5779,
        0.7950, 0.0478, 0.8411, 0.8453, 0.6992, 0.5719, 0.3309, 0.9492, 0.4373,
        0.1218, 0.0636, 0.4036, 0.1294, 0.5023, 0.7462, 0.8988, 0.7596, 0.5102,
        0.2916, 0.8418, 0.2594, 0.2394, 0.8556, 0.6576, 0.1360, 0.9215, 0.2649,
        0.6595, 0.7372, 0.6846, 0.6199, 0.2169, 0.6577, 0.8728, 0.6671, 0.8391,
        0.5300, 0.7270, 0.7125, 0.5220, 0.4440, 0.3829, 0.7901, 0.9535, 0.7371]), tensor([0.5783, 0.5573, 0.1055, 0.4149, 0.4993, 0.4654, 0.7497, 0.6465, 0.8561,
        0.7171, 0.7507, 0.5178, 0.2271, 0.1493, 0.9127, 0.8524, 0.4513, 0.7144,
        0.7791, 0.2255, 0.9656, 0.3174, 0.1295, 0.4818, 0.0763, 0.3453, 0.5779,
        0.7950, 0.0478, 0.8411, 0.8453, 0.6992, 0.5719, 0.3309, 0.9492, 0.4373,
        0.1218, 0.0636, 0.4036, 0.1294, 0.5023, 0.7462, 0.8988, 0.7596, 0.5102,
        0.2916, 0.8418, 0.2594, 0.2394, 0.8556, 0.6576, 0.1360, 0.9215, 0.2649,
        0.6595, 0.7372, 0.6846, 0.6199, 0.2169, 0.6577, 0.8728, 0.6671, 0.8391,
        0.5300, 0.7270, 0.7125, 0.5220, 0.4440, 0.3829, 0.7901, 0.9535, 0.7371]), tensor([0.5783, 0.5573, 0.1055, 0.4149, 0.4993, 0.4654, 0.7497, 0.6465, 0.8561,
        0.7171, 0.7507, 0.5178, 0.2271, 0.1493, 0.9127, 0.8524, 0.4513, 0.7144,
        0.3077, 0.0389, 0.5187, 0.4640, 0.5564, 0.0981, 0.4341, 0.4526, 0.5780,
        0.6240, 0.9150, 0.9117, 0.5658, 0.8363, 0.2464, 0.9072, 0.9621, 0.0246,
        0.1218, 0.0636, 0.4036, 0.1294, 0.5023, 0.7462, 0.8988, 0.7596, 0.5102,
        0.2916, 0.8418, 0.2594, 0.2394, 0.8556, 0.6576, 0.1360, 0.9215, 0.2649,
        0.6595, 0.7372, 0.6846, 0.6199, 0.2169, 0.6577, 0.8728, 0.6671, 0.8391,
        0.5300, 0.7270, 0.7125, 0.5220, 0.4440, 0.3829, 0.7901, 0.9535, 0.7371]), tensor([0.5783, 0.5573, 0.1055, 0.4149, 0.4993, 0.4654, 0.7497, 0.6465, 0.8561,
        0.7171, 0.7507, 0.5178, 0.2271, 0.1493, 0.9127, 0.8524, 0.4513, 0.7144,
        0.3077, 0.0389, 0.5187, 0.4640, 0.5564, 0.0981, 0.4341, 0.4526, 0.5780,
        0.6240, 0.9150, 0.9117, 0.5658, 0.8363, 0.2464, 0.9072, 0.9621, 0.0246,
        0.7791, 0.2255, 0.9656, 0.3174, 0.1295, 0.4818, 0.0763, 0.3453, 0.5779,
        0.7950, 0.0478, 0.8411, 0.8453, 0.6992, 0.5719, 0.3309, 0.9492, 0.4373,
        0.6595, 0.7372, 0.6846, 0.6199, 0.2169, 0.6577, 0.8728, 0.6671, 0.8391,
        0.5300, 0.7270, 0.7125, 0.5220, 0.4440, 0.3829, 0.7901, 0.9535, 0.7371]), tensor([0.5783, 0.5573, 0.1055, 0.4149, 0.4993, 0.4654, 0.7497, 0.6465, 0.8561,
        0.7171, 0.7507, 0.5178, 0.2271, 0.1493, 0.9127, 0.8524, 0.4513, 0.7144,
        0.3077, 0.0389, 0.5187, 0.4640, 0.5564, 0.0981, 0.4341, 0.4526, 0.5780,
        0.6240, 0.9150, 0.9117, 0.5658, 0.8363, 0.2464, 0.9072, 0.9621, 0.0246,
        0.7791, 0.2255, 0.9656, 0.3174, 0.1295, 0.4818, 0.0763, 0.3453, 0.5779,
        0.7950, 0.0478, 0.8411, 0.8453, 0.6992, 0.5719, 0.3309, 0.9492, 0.4373,
        0.1218, 0.0636, 0.4036, 0.1294, 0.5023, 0.7462, 0.8988, 0.7596, 0.5102,
        0.2916, 0.8418, 0.2594, 0.2394, 0.8556, 0.6576, 0.1360, 0.9215, 0.2649])]
Prediction training values: [tensor([0.4767, 0.2100, 0.5286, 0.4683, 0.6694, 0.2158, 0.4949, 0.5634, 0.6504,
        0.6317, 0.9950, 0.9255, 0.6338, 0.8741, 0.4568, 1.0391, 1.0125, 0.2421,
        0.8752, 0.4253, 0.9704, 0.4908, 0.3522, 0.6202, 0.3154, 0.4422, 0.7322,
        0.8106, 0.3693, 0.8355, 0.9044, 0.8049, 0.6334, 0.4260, 0.9588, 0.4955,
        0.2805, 0.2683, 0.4315, 0.3340, 0.6013, 0.7690, 0.8428, 0.6920, 0.5027,
        0.3474, 0.7311, 0.1013, 0.3153, 0.8152, 0.7265, 0.1706, 0.9182, 0.3982,
        0.7362, 0.8326, 0.8375, 0.8615, 0.5062, 0.7607, 0.9474, 0.7745, 0.9342,
        0.6418, 0.8874, 0.7470, 0.6011, 0.5428, 0.4476, 0.7414, 0.9633, 0.7917]), tensor([ 0.6195,  0.4754,  0.1601,  0.3959,  0.4855,  0.3962,  0.6198,  0.5274,
         0.7529,  0.5952,  0.6578,  0.4374,  0.1285,  0.0838,  0.8374,  0.7407,
         0.3825,  0.7034,  0.7768,  0.3066,  0.9760,  0.4166,  0.1546,  0.4940,
         0.2448,  0.3882,  0.7087,  0.7469,  0.1508,  0.8305,  0.9281,  0.6921,
         0.5833,  0.3779,  0.9525,  0.4389,  0.0944,  0.0218,  0.3562,  0.1245,
         0.4549,  0.7162,  0.7992,  0.6540,  0.4124,  0.1909,  0.6958,  0.1106,
         0.1072,  0.7085,  0.4897, -0.0229,  0.7380,  0.1764,  0.5264,  0.6423,
         0.5852,  0.5195,  0.0361,  0.5843,  0.7912,  0.6355,  0.7996,  0.5029,
         0.6811,  0.6712,  0.4953,  0.4317,  0.3678,  0.7601,  0.9301,  0.6614]), tensor([ 0.6049,  0.6332,  0.0677,  0.4743,  0.4855,  0.5243,  0.7301,  0.7880,
         0.9254,  0.7124,  0.7627,  0.5693,  0.1882,  0.2376,  0.8654,  0.8818,
         0.4685,  0.7893,  0.3161,  0.1307,  0.5598,  0.4955,  0.5752,  0.0915,
         0.4889,  0.4479,  0.5922,  0.6564,  0.8948,  0.9025,  0.5675,  0.7823,
         0.2121,  0.8392,  0.9621, -0.0288,  0.0163,  0.0746,  0.2827,  0.0433,
         0.3761,  0.6991,  0.8568,  0.6725,  0.4624,  0.2255,  0.6313,  0.0986,
         0.2419,  0.4304,  0.5538,  0.0542,  0.8225,  0.2591,  0.5057,  0.6616,
         0.6602,  0.6759,  0.3260,  0.7390,  0.8985,  0.7745,  0.9023,  0.6198,
         0.9198,  0.7756,  0.6544,  0.5079,  0.5077,  0.8166,  0.8705,  0.6271]), tensor([0.5680, 0.5087, 0.2023, 0.4016, 0.4799, 0.4963, 0.6393, 0.6049, 0.7131,
        0.6044, 0.6456, 0.5167, 0.2662, 0.1741, 0.7040, 0.7247, 0.4318, 0.5931,
        0.3608, 0.1537, 0.3620, 0.4191, 0.4622, 0.1487, 0.4244, 0.4484, 0.4757,
        0.5568, 0.7321, 0.6767, 0.5146, 0.5926, 0.3815, 0.8141, 0.7736, 0.2157,
        0.6859, 0.3704, 0.7699, 0.3749, 0.3848, 0.5178, 0.2723, 0.4831, 0.5914,
        0.6328, 0.3794, 0.7562, 0.7948, 0.5383, 0.4354, 0.3753, 0.6608, 0.3280,
        0.5124, 0.5508, 0.4892, 0.4822, 0.1298, 0.5032, 0.6978, 0.5825, 0.6532,
        0.4757, 0.6127, 0.6707, 0.4773, 0.4195, 0.3500, 0.7291, 0.8683, 0.6843]), tensor([0.6912, 0.5994, 0.1947, 0.5173, 0.5788, 0.5947, 0.8217, 0.7997, 0.9169,
        0.9157, 0.8123, 0.6932, 0.4827, 0.3991, 1.1289, 1.0713, 0.5778, 0.9178,
        0.4292, 0.2661, 0.7212, 0.5548, 0.7109, 0.1879, 0.5342, 0.5892, 0.6383,
        0.5652, 0.7280, 0.9037, 0.6110, 0.8344, 0.3231, 0.9488, 1.0117, 0.1648,
        0.7800, 0.2630, 1.0189, 0.4559, 0.3387, 0.6830, 0.2890, 0.5755, 0.7521,
        0.9454, 0.3851, 1.0933, 1.1022, 0.9430, 0.7380, 0.5358, 1.2709, 0.7204,
        0.3661, 0.3502, 0.6160, 0.3556, 0.6462, 0.9148, 0.9820, 0.9106, 0.6050,
        0.4005, 0.9245, 0.3609, 0.3076, 0.9144, 0.7049, 0.1682, 0.8605, 0.3050])]
Target values: [array([0.57832706, 0.55726975, 0.10552448, 0.41493568, 0.4993471 ,
       0.46544507, 0.7497406 , 0.6464906 , 0.85610735, 0.71714455,
       0.75073236, 0.51780254, 0.22711647, 0.14931566, 0.912732  ,
       0.8524316 , 0.45128736, 0.71435624], dtype=float32), array([0.30766785, 0.03887437, 0.518717  , 0.46398443, 0.55641776,
       0.09805249, 0.43409458, 0.45263878, 0.578045  , 0.62399   ,
       0.91498566, 0.9116711 , 0.5658469 , 0.83626515, 0.24636388,
       0.9071598 , 0.96213573, 0.02463444], dtype=float32), array([0.77910316, 0.2254639 , 0.96564525, 0.31742746, 0.12948532,
       0.48182514, 0.07633217, 0.34531343, 0.5778506 , 0.79497874,
       0.04781396, 0.84113044, 0.84525365, 0.69921327, 0.57190746,
       0.33092642, 0.9491663 , 0.4372734 ], dtype=float32), array([0.12180944, 0.06358391, 0.40355092, 0.12937951, 0.50225437,
       0.7462256 , 0.89876264, 0.75962484, 0.51015127, 0.29163042,
       0.8417677 , 0.25936916, 0.23939352, 0.85557973, 0.6576234 ,
       0.1360485 , 0.9215425 , 0.2649091 ], dtype=float32), array([0.659493  , 0.73719215, 0.6846425 , 0.6198749 , 0.21692123,
       0.65769196, 0.8728059 , 0.6671056 , 0.8390776 , 0.52996147,
       0.72703534, 0.71252435, 0.5220161 , 0.44401234, 0.38285765,
       0.7900961 , 0.95346546, 0.73709923], dtype=float32)]
Prediction values: [array([0.6113795 , 0.64273155, 0.7044014 , 0.59440595, 0.6310539 ,
       0.84360754, 0.36671883, 0.5818614 , 0.7128885 , 0.59229594,
       0.5664605 , 0.6393858 , 0.8017279 , 0.72570264, 0.5590667 ,
       0.49557534, 0.57621384, 0.4575124 ], dtype=float32), array([0.49085003, 0.514571  , 0.61591643, 0.48650596, 0.6321755 ,
       0.61332613, 0.39245886, 0.5760195 , 0.42526153, 0.6526365 ,
       0.41941747, 0.43925226, 0.47955143, 0.47790247, 0.18029286,
       0.5938204 , 0.54769355, 0.4403383 ], dtype=float32), array([0.38233024, 0.622656  , 0.4776557 , 0.5739053 , 0.4234729 ,
       0.58142436, 0.6333567 , 0.69458777, 0.61534065, 0.5687233 ,
       0.49409506, 0.52387214, 0.73491246, 0.5362047 , 0.58346117,
       0.44195306, 0.4661352 , 0.58894575], dtype=float32), array([0.6117271 , 0.5933131 , 0.49329567, 0.6431108 , 0.4410056 ,
       0.58067644, 0.59337294, 0.5387972 , 0.46301094, 0.47827554,
       0.46562845, 0.68493205, 0.5068205 , 0.5897583 , 0.67165595,
       0.6660029 , 0.4886483 , 0.52825475], dtype=float32), array([0.55554754, 0.7791391 , 0.5649962 , 0.5923406 , 0.7754588 ,
       0.70044714, 0.6914647 , 0.65205324, 0.30677527, 0.6780784 ,
       0.70093524, 0.68637234, 0.6763173 , 0.56600004, 0.4267509 ,
       0.5996031 , 0.67925614, 0.65982914], dtype=float32)]
Time taken: 934.2791681289673 seconds
