sh: line 1: logger: command not found
/apps/conda/25.3.1/etc/profile.d/conda.sh: line 69: dirname: command not found
/apps/conda/25.3.1/etc/profile.d/conda.sh: line 69: dirname: command not found
/apps/conda/25.3.1/etc/profile.d/mamba.sh: line 59: basename: command not found
Error unknown MAMBA_EXE: "/apps/conda/25.3.1/bin/mamba", filename must be mamba or micromamba
Lmod has detected the following error: This module can only be used on RHEL9 nodes. 
While processing the following module(s):
    Module fullname  Module Filename
    ---------------  ---------------
    gcc/14.2.0       /apps/lmod/modulefiles/core/gcc/14.2.0.lua

pointnet_hippocampus_fs_01.py
/blue/stevenweisberg/ashishkumarsahoo/hippocampAI/conda_pyg_070923/lib/python3.8/site-packages/torch/cuda/__init__.py:155: UserWarning: 
NVIDIA B200 with CUDA capability sm_100 is not compatible with the current PyTorch installation.
The current PyTorch install supports CUDA capabilities sm_37 sm_50 sm_60 sm_61 sm_70 sm_75 sm_80 sm_86 compute_37.
If you want to use the NVIDIA B200 GPU with PyTorch, please check the instructions at https://pytorch.org/get-started/locally/

  warnings.warn(incompatible_device_warn.format(device_name, capability, " ".join(arch_list), device_name))
Number of GPUs available for training: 1
Fold 1
Epoch: 00, Training Loss: 0.0942, Train MSE: 0.0942, r (train): 0.2852, Test MSE: 0.0761, r (test): -0.0678
Epoch: 01, Training Loss: 0.0891, Train MSE: 0.0891, r (train): 0.3852, Test MSE: 0.0722, r (test): -0.0346
Epoch: 02, Training Loss: 0.0868, Train MSE: 0.0868, r (train): 0.4573, Test MSE: 0.0714, r (test): -0.0215
Epoch: 03, Training Loss: 0.0841, Train MSE: 0.0841, r (train): 0.5245, Test MSE: 0.0699, r (test): 0.0254
Epoch: 04, Training Loss: 0.0830, Train MSE: 0.0830, r (train): 0.5732, Test MSE: 0.0713, r (test): 0.0205
Epoch: 05, Training Loss: 0.0797, Train MSE: 0.0797, r (train): 0.6259, Test MSE: 0.0697, r (test): 0.0600
Epoch: 06, Training Loss: 0.0767, Train MSE: 0.0767, r (train): 0.6657, Test MSE: 0.0678, r (test): 0.1247
Epoch: 07, Training Loss: 0.0733, Train MSE: 0.0733, r (train): 0.6975, Test MSE: 0.0690, r (test): 0.1199
Epoch: 08, Training Loss: 0.0703, Train MSE: 0.0703, r (train): 0.7172, Test MSE: 0.0692, r (test): 0.1266
Epoch: 09, Training Loss: 0.0649, Train MSE: 0.0649, r (train): 0.7569, Test MSE: 0.0670, r (test): 0.1593
Epoch: 10, Training Loss: 0.0606, Train MSE: 0.0606, r (train): 0.7753, Test MSE: 0.0658, r (test): 0.2020
Epoch: 11, Training Loss: 0.0515, Train MSE: 0.0515, r (train): 0.7962, Test MSE: 0.0625, r (test): 0.2454
Epoch: 12, Training Loss: 0.0447, Train MSE: 0.0447, r (train): 0.8191, Test MSE: 0.0644, r (test): 0.2092
Epoch: 13, Training Loss: 0.0380, Train MSE: 0.0380, r (train): 0.8356, Test MSE: 0.0651, r (test): 0.1447
Epoch: 14, Training Loss: 0.0341, Train MSE: 0.0341, r (train): 0.8334, Test MSE: 0.0688, r (test): 0.1294
Epoch: 15, Training Loss: 0.0312, Train MSE: 0.0312, r (train): 0.8419, Test MSE: 0.0692, r (test): 0.1189
Epoch: 16, Training Loss: 0.0214, Train MSE: 0.0214, r (train): 0.9000, Test MSE: 0.0662, r (test): 0.1725
Epoch: 17, Training Loss: 0.0241, Train MSE: 0.0241, r (train): 0.9160, Test MSE: 0.0804, r (test): 0.1376
Epoch: 18, Training Loss: 0.0304, Train MSE: 0.0304, r (train): 0.9210, Test MSE: 0.0844, r (test): 0.1898
Epoch: 19, Training Loss: 0.0306, Train MSE: 0.0306, r (train): 0.9206, Test MSE: 0.0872, r (test): 0.1641
Epoch: 20, Training Loss: 0.0336, Train MSE: 0.0336, r (train): 0.8839, Test MSE: 0.0892, r (test): 0.1687
Epoch: 21, Training Loss: 0.0395, Train MSE: 0.0395, r (train): 0.8912, Test MSE: 0.0929, r (test): 0.1381
Epoch: 22, Training Loss: 0.1036, Train MSE: 0.1036, r (train): 0.8671, Test MSE: 0.1610, r (test): 0.1117
Epoch: 23, Training Loss: 0.0543, Train MSE: 0.0543, r (train): 0.9057, Test MSE: 0.1219, r (test): 0.1159
Epoch: 24, Training Loss: 0.0301, Train MSE: 0.0301, r (train): 0.8858, Test MSE: 0.0808, r (test): 0.1470
Epoch: 25, Training Loss: 0.0169, Train MSE: 0.0169, r (train): 0.8963, Test MSE: 0.0680, r (test): 0.2073
Epoch: 26, Training Loss: 0.0186, Train MSE: 0.0186, r (train): 0.9027, Test MSE: 0.0776, r (test): 0.1894
Epoch: 27, Training Loss: 0.0563, Train MSE: 0.0563, r (train): 0.9141, Test MSE: 0.1242, r (test): 0.1016
Epoch: 28, Training Loss: 0.1031, Train MSE: 0.1031, r (train): 0.9383, Test MSE: 0.1700, r (test): 0.1998
Epoch: 29, Training Loss: 0.0824, Train MSE: 0.0824, r (train): 0.9434, Test MSE: 0.1538, r (test): 0.1189
Epoch: 30, Training Loss: 0.0807, Train MSE: 0.0807, r (train): 0.9210, Test MSE: 0.1571, r (test): 0.1126
Epoch: 31, Training Loss: 0.0669, Train MSE: 0.0669, r (train): 0.9245, Test MSE: 0.1384, r (test): 0.0146
Epoch: 32, Training Loss: 0.0541, Train MSE: 0.0541, r (train): 0.9183, Test MSE: 0.1466, r (test): -0.0919
Epoch: 33, Training Loss: 0.0382, Train MSE: 0.0382, r (train): 0.9101, Test MSE: 0.0974, r (test): 0.0373
Epoch: 34, Training Loss: 0.0366, Train MSE: 0.0366, r (train): 0.9084, Test MSE: 0.1106, r (test): -0.0716
Epoch: 35, Training Loss: 0.0386, Train MSE: 0.0386, r (train): 0.8908, Test MSE: 0.0953, r (test): -0.0229
Epoch: 36, Training Loss: 0.0274, Train MSE: 0.0274, r (train): 0.8876, Test MSE: 0.0884, r (test): 0.0246
Epoch: 37, Training Loss: 0.0194, Train MSE: 0.0194, r (train): 0.8669, Test MSE: 0.0744, r (test): 0.0531
Epoch: 38, Training Loss: 0.0162, Train MSE: 0.0162, r (train): 0.8919, Test MSE: 0.0972, r (test): -0.0211
Epoch: 39, Training Loss: 0.0408, Train MSE: 0.0408, r (train): 0.8450, Test MSE: 0.1075, r (test): 0.0219
Epoch: 40, Training Loss: 0.0452, Train MSE: 0.0452, r (train): 0.8806, Test MSE: 0.1139, r (test): 0.1654
Epoch: 41, Training Loss: 0.0498, Train MSE: 0.0498, r (train): 0.8752, Test MSE: 0.1064, r (test): 0.1522
Epoch: 42, Training Loss: 0.0509, Train MSE: 0.0509, r (train): 0.8558, Test MSE: 0.0975, r (test): 0.1933
Epoch: 43, Training Loss: 0.0168, Train MSE: 0.0168, r (train): 0.8854, Test MSE: 0.0774, r (test): 0.1070
Epoch: 44, Training Loss: 0.0106, Train MSE: 0.0106, r (train): 0.9298, Test MSE: 0.0721, r (test): 0.1207
Epoch: 45, Training Loss: 0.0148, Train MSE: 0.0148, r (train): 0.9013, Test MSE: 0.0564, r (test): 0.2442
Epoch: 46, Training Loss: 0.0200, Train MSE: 0.0200, r (train): 0.9210, Test MSE: 0.0664, r (test): 0.2683
Epoch: 47, Training Loss: 0.0397, Train MSE: 0.0397, r (train): 0.9169, Test MSE: 0.0991, r (test): 0.1290
Epoch: 48, Training Loss: 0.0631, Train MSE: 0.0631, r (train): 0.9304, Test MSE: 0.1291, r (test): 0.1280
Epoch: 49, Training Loss: 0.0871, Train MSE: 0.0871, r (train): 0.9337, Test MSE: 0.1747, r (test): 0.1448
Epoch: 50, Training Loss: 0.0692, Train MSE: 0.0692, r (train): 0.9332, Test MSE: 0.1364, r (test): 0.1876
Epoch: 51, Training Loss: 0.0333, Train MSE: 0.0333, r (train): 0.9350, Test MSE: 0.0935, r (test): 0.1467
Epoch: 52, Training Loss: 0.0142, Train MSE: 0.0142, r (train): 0.9188, Test MSE: 0.0700, r (test): 0.1840
Epoch: 53, Training Loss: 0.0141, Train MSE: 0.0141, r (train): 0.9141, Test MSE: 0.0820, r (test): 0.1463
Epoch: 54, Training Loss: 0.0186, Train MSE: 0.0186, r (train): 0.9174, Test MSE: 0.0866, r (test): 0.0949
Epoch: 55, Training Loss: 0.0101, Train MSE: 0.0101, r (train): 0.9380, Test MSE: 0.0771, r (test): 0.1001
Epoch: 56, Training Loss: 0.0141, Train MSE: 0.0141, r (train): 0.9412, Test MSE: 0.0746, r (test): 0.0512
Epoch: 57, Training Loss: 0.0520, Train MSE: 0.0520, r (train): 0.9487, Test MSE: 0.1132, r (test): 0.1026
Epoch: 58, Training Loss: 0.0539, Train MSE: 0.0539, r (train): 0.9402, Test MSE: 0.1236, r (test): 0.0541
Epoch: 59, Training Loss: 0.0170, Train MSE: 0.0170, r (train): 0.9544, Test MSE: 0.0912, r (test): 0.0349
Epoch: 60, Training Loss: 0.0133, Train MSE: 0.0133, r (train): 0.9278, Test MSE: 0.0894, r (test): 0.0253
Epoch: 61, Training Loss: 0.0211, Train MSE: 0.0211, r (train): 0.8996, Test MSE: 0.0952, r (test): 0.0360
Epoch: 62, Training Loss: 0.0098, Train MSE: 0.0098, r (train): 0.9416, Test MSE: 0.0804, r (test): -0.0305
Epoch: 63, Training Loss: 0.0082, Train MSE: 0.0082, r (train): 0.9502, Test MSE: 0.0780, r (test): -0.0238
Epoch: 64, Training Loss: 0.0257, Train MSE: 0.0257, r (train): 0.9429, Test MSE: 0.0986, r (test): 0.0871
Epoch: 65, Training Loss: 0.0233, Train MSE: 0.0233, r (train): 0.9492, Test MSE: 0.0997, r (test): 0.0259
Epoch: 66, Training Loss: 0.0123, Train MSE: 0.0123, r (train): 0.9431, Test MSE: 0.0860, r (test): 0.0457
Epoch: 67, Training Loss: 0.0224, Train MSE: 0.0224, r (train): 0.9214, Test MSE: 0.0876, r (test): 0.0767
Epoch: 68, Training Loss: 0.0132, Train MSE: 0.0132, r (train): 0.9382, Test MSE: 0.0833, r (test): -0.0441
Epoch: 69, Training Loss: 0.0093, Train MSE: 0.0093, r (train): 0.9489, Test MSE: 0.0731, r (test): 0.0749
Epoch: 70, Training Loss: 0.0114, Train MSE: 0.0114, r (train): 0.9279, Test MSE: 0.0765, r (test): -0.0424
Epoch: 71, Training Loss: 0.0125, Train MSE: 0.0125, r (train): 0.9638, Test MSE: 0.0960, r (test): -0.0432
Epoch: 72, Training Loss: 0.0111, Train MSE: 0.0111, r (train): 0.9630, Test MSE: 0.0908, r (test): 0.0063
Epoch: 73, Training Loss: 0.0116, Train MSE: 0.0116, r (train): 0.9475, Test MSE: 0.0818, r (test): 0.0430
Epoch: 74, Training Loss: 0.0223, Train MSE: 0.0223, r (train): 0.9343, Test MSE: 0.0886, r (test): 0.0728
Epoch: 75, Training Loss: 0.0167, Train MSE: 0.0167, r (train): 0.9224, Test MSE: 0.0856, r (test): -0.0429
Epoch: 76, Training Loss: 0.0103, Train MSE: 0.0103, r (train): 0.9372, Test MSE: 0.0763, r (test): -0.0819
Epoch: 77, Training Loss: 0.0199, Train MSE: 0.0199, r (train): 0.9495, Test MSE: 0.0953, r (test): 0.0149
Epoch: 78, Training Loss: 0.0242, Train MSE: 0.0242, r (train): 0.9411, Test MSE: 0.0984, r (test): -0.0167
Epoch: 79, Training Loss: 0.0125, Train MSE: 0.0125, r (train): 0.9536, Test MSE: 0.0930, r (test): -0.0596
Epoch: 80, Training Loss: 0.0148, Train MSE: 0.0148, r (train): 0.9314, Test MSE: 0.0897, r (test): -0.0605
Epoch: 81, Training Loss: 0.0349, Train MSE: 0.0349, r (train): 0.9138, Test MSE: 0.1125, r (test): 0.0688
Epoch: 82, Training Loss: 0.0113, Train MSE: 0.0113, r (train): 0.9418, Test MSE: 0.0795, r (test): -0.0169
Epoch: 83, Training Loss: 0.0134, Train MSE: 0.0134, r (train): 0.9205, Test MSE: 0.0822, r (test): -0.0855
Epoch: 84, Training Loss: 0.0100, Train MSE: 0.0100, r (train): 0.9355, Test MSE: 0.0749, r (test): -0.0862
Epoch: 85, Training Loss: 0.0104, Train MSE: 0.0104, r (train): 0.9481, Test MSE: 0.0733, r (test): 0.0199
Epoch: 86, Training Loss: 0.0071, Train MSE: 0.0071, r (train): 0.9594, Test MSE: 0.0742, r (test): 0.0521
Epoch: 87, Training Loss: 0.0204, Train MSE: 0.0204, r (train): 0.9468, Test MSE: 0.0891, r (test): -0.0149
Epoch: 88, Training Loss: 0.0358, Train MSE: 0.0358, r (train): 0.9402, Test MSE: 0.1053, r (test): 0.0265
Epoch: 89, Training Loss: 0.0158, Train MSE: 0.0158, r (train): 0.9324, Test MSE: 0.0760, r (test): -0.0146
Epoch: 90, Training Loss: 0.0146, Train MSE: 0.0146, r (train): 0.9244, Test MSE: 0.0821, r (test): -0.1173
Epoch: 91, Training Loss: 0.0218, Train MSE: 0.0218, r (train): 0.9542, Test MSE: 0.0869, r (test): -0.0425
Epoch: 92, Training Loss: 0.0095, Train MSE: 0.0095, r (train): 0.9603, Test MSE: 0.0822, r (test): -0.0205
Epoch: 93, Training Loss: 0.0152, Train MSE: 0.0152, r (train): 0.9442, Test MSE: 0.0805, r (test): -0.0207
Epoch: 94, Training Loss: 0.0266, Train MSE: 0.0266, r (train): 0.9341, Test MSE: 0.0948, r (test): 0.0494
Epoch: 95, Training Loss: 0.0391, Train MSE: 0.0391, r (train): 0.9455, Test MSE: 0.1254, r (test): -0.0841
Epoch: 96, Training Loss: 0.0218, Train MSE: 0.0218, r (train): 0.9138, Test MSE: 0.0907, r (test): 0.0352
Epoch: 97, Training Loss: 0.0135, Train MSE: 0.0135, r (train): 0.9123, Test MSE: 0.0778, r (test): -0.0912
Epoch: 98, Training Loss: 0.0107, Train MSE: 0.0107, r (train): 0.9443, Test MSE: 0.0952, r (test): -0.1058
Epoch: 99, Training Loss: 0.0139, Train MSE: 0.0139, r (train): 0.9516, Test MSE: 0.0967, r (test): -0.1242
Predicted tensors for training set: 
tensor([0.4577, 0.1428, 0.5780, 0.5488, 0.7230, 0.1549, 0.4399, 0.5094, 0.5765,
        0.6189, 1.0414, 1.0094, 0.6454, 0.8809, 0.4922, 0.9690, 1.0522, 0.1382,
        0.8746, 0.3762, 1.0905, 0.3315, 0.2013, 0.5630, 0.0661, 0.4272, 0.7179,
        0.7050, 0.1612, 0.8111, 0.7490, 0.7511, 0.4790, 0.3431, 0.9099, 0.3057,
        0.1004, 0.0572, 0.3317, 0.1733, 0.4415, 0.6999, 0.8671, 0.7241, 0.5908,
        0.3482, 0.8952, 0.3463, 0.3380, 0.9854, 0.7417, 0.3133, 1.1172, 0.4725,
        0.8980, 0.9198, 0.8870, 0.8089, 0.3937, 0.8567, 1.0713, 0.8542, 1.0359,
        0.7635, 0.8877, 0.8081, 0.6121, 0.4783, 0.4425, 0.8004, 1.0898, 0.7524])
Target tensorsfor training set: 
tensor([0.3077, 0.0389, 0.5187, 0.4640, 0.5564, 0.0981, 0.4341, 0.4526, 0.5780,
        0.6240, 0.9150, 0.9117, 0.5658, 0.8363, 0.2464, 0.9072, 0.9621, 0.0246,
        0.7791, 0.2255, 0.9656, 0.3174, 0.1295, 0.4818, 0.0763, 0.3453, 0.5779,
        0.7950, 0.0478, 0.8411, 0.8453, 0.6992, 0.5719, 0.3309, 0.9492, 0.4373,
        0.1218, 0.0636, 0.4036, 0.1294, 0.5023, 0.7462, 0.8988, 0.7596, 0.5102,
        0.2916, 0.8418, 0.2594, 0.2394, 0.8556, 0.6576, 0.1360, 0.9215, 0.2649,
        0.6595, 0.7372, 0.6846, 0.6199, 0.2169, 0.6577, 0.8728, 0.6671, 0.8391,
        0.5300, 0.7270, 0.7125, 0.5220, 0.4440, 0.3829, 0.7901, 0.9535, 0.7371])
Correlation for training set: 0.9515904760057758
Predicted tensors for test set: 
tensor([0.8954, 0.7071, 0.8195, 0.4828, 0.7212, 0.7311, 0.5816, 0.7266, 0.5330,
        0.7801, 0.4863, 0.5842, 0.5937, 0.5608, 0.6471, 0.8457, 0.9458, 0.3314])
Target tensors for test set: 
tensor([0.5783, 0.5573, 0.1055, 0.4149, 0.4993, 0.4654, 0.7497, 0.6465, 0.8561,
        0.7171, 0.7507, 0.5178, 0.2271, 0.1493, 0.9127, 0.8524, 0.4513, 0.7144])
Correlation for test set: -0.12420050037505873
Fold 2
Epoch: 00, Training Loss: 0.0846, Train MSE: 0.0846, r (train): 0.2353, Test MSE: 0.1207, r (test): -0.3956
Epoch: 01, Training Loss: 0.0808, Train MSE: 0.0808, r (train): 0.3344, Test MSE: 0.1201, r (test): -0.4370
Epoch: 02, Training Loss: 0.0792, Train MSE: 0.0792, r (train): 0.4015, Test MSE: 0.1194, r (test): -0.3379
Epoch: 03, Training Loss: 0.0768, Train MSE: 0.0768, r (train): 0.4608, Test MSE: 0.1182, r (test): -0.3276
Epoch: 04, Training Loss: 0.0760, Train MSE: 0.0760, r (train): 0.5028, Test MSE: 0.1190, r (test): -0.3415
Epoch: 05, Training Loss: 0.0746, Train MSE: 0.0746, r (train): 0.5449, Test MSE: 0.1185, r (test): -0.2922
Epoch: 06, Training Loss: 0.0729, Train MSE: 0.0729, r (train): 0.5780, Test MSE: 0.1176, r (test): -0.2643
Epoch: 07, Training Loss: 0.0717, Train MSE: 0.0717, r (train): 0.6141, Test MSE: 0.1179, r (test): -0.2840
Epoch: 08, Training Loss: 0.0699, Train MSE: 0.0699, r (train): 0.6473, Test MSE: 0.1175, r (test): -0.2527
Epoch: 09, Training Loss: 0.0686, Train MSE: 0.0686, r (train): 0.6881, Test MSE: 0.1182, r (test): -0.2825
Epoch: 10, Training Loss: 0.0648, Train MSE: 0.0648, r (train): 0.7196, Test MSE: 0.1161, r (test): -0.2098
Epoch: 11, Training Loss: 0.0627, Train MSE: 0.0627, r (train): 0.7571, Test MSE: 0.1170, r (test): -0.2115
Epoch: 12, Training Loss: 0.0588, Train MSE: 0.0588, r (train): 0.7870, Test MSE: 0.1169, r (test): -0.1698
Epoch: 13, Training Loss: 0.0539, Train MSE: 0.0539, r (train): 0.8176, Test MSE: 0.1148, r (test): -0.0777
Epoch: 14, Training Loss: 0.0439, Train MSE: 0.0439, r (train): 0.8460, Test MSE: 0.1107, r (test): -0.1594
Epoch: 15, Training Loss: 0.0384, Train MSE: 0.0384, r (train): 0.8725, Test MSE: 0.1120, r (test): -0.1908
Epoch: 16, Training Loss: 0.0298, Train MSE: 0.0298, r (train): 0.9031, Test MSE: 0.1090, r (test): -0.0644
Epoch: 17, Training Loss: 0.0207, Train MSE: 0.0207, r (train): 0.9204, Test MSE: 0.1056, r (test): -0.0671
Epoch: 18, Training Loss: 0.0161, Train MSE: 0.0161, r (train): 0.9301, Test MSE: 0.0977, r (test): 0.0178
Epoch: 19, Training Loss: 0.0132, Train MSE: 0.0132, r (train): 0.9458, Test MSE: 0.1019, r (test): -0.0102
Epoch: 20, Training Loss: 0.0124, Train MSE: 0.0124, r (train): 0.9366, Test MSE: 0.1000, r (test): -0.0010
Epoch: 21, Training Loss: 0.0099, Train MSE: 0.0099, r (train): 0.9308, Test MSE: 0.0970, r (test): 0.0421
Epoch: 22, Training Loss: 0.0166, Train MSE: 0.0166, r (train): 0.9141, Test MSE: 0.0951, r (test): 0.0758
Epoch: 23, Training Loss: 0.0364, Train MSE: 0.0364, r (train): 0.9132, Test MSE: 0.1188, r (test): 0.1413
Epoch: 24, Training Loss: 0.0874, Train MSE: 0.0874, r (train): 0.9071, Test MSE: 0.1719, r (test): 0.1676
Epoch: 25, Training Loss: 0.0564, Train MSE: 0.0564, r (train): 0.9182, Test MSE: 0.1444, r (test): 0.1687
Epoch: 26, Training Loss: 0.0495, Train MSE: 0.0495, r (train): 0.9192, Test MSE: 0.1457, r (test): 0.1493
Epoch: 27, Training Loss: 0.0330, Train MSE: 0.0330, r (train): 0.9294, Test MSE: 0.1264, r (test): 0.1991
Epoch: 28, Training Loss: 0.0188, Train MSE: 0.0188, r (train): 0.9544, Test MSE: 0.1155, r (test): 0.1552
Epoch: 29, Training Loss: 0.0080, Train MSE: 0.0080, r (train): 0.9511, Test MSE: 0.0878, r (test): 0.1922
Epoch: 30, Training Loss: 0.0072, Train MSE: 0.0072, r (train): 0.9477, Test MSE: 0.0882, r (test): 0.2828
Epoch: 31, Training Loss: 0.0087, Train MSE: 0.0087, r (train): 0.9385, Test MSE: 0.0914, r (test): 0.2023
Epoch: 32, Training Loss: 0.0215, Train MSE: 0.0215, r (train): 0.9548, Test MSE: 0.1030, r (test): 0.3010
Epoch: 33, Training Loss: 0.0580, Train MSE: 0.0580, r (train): 0.9536, Test MSE: 0.1463, r (test): 0.3136
Epoch: 34, Training Loss: 0.0471, Train MSE: 0.0471, r (train): 0.9440, Test MSE: 0.1335, r (test): 0.2881
Epoch: 35, Training Loss: 0.0178, Train MSE: 0.0178, r (train): 0.9471, Test MSE: 0.0963, r (test): 0.3718
Epoch: 36, Training Loss: 0.0077, Train MSE: 0.0077, r (train): 0.9531, Test MSE: 0.0825, r (test): 0.3822
Epoch: 37, Training Loss: 0.0119, Train MSE: 0.0119, r (train): 0.9457, Test MSE: 0.0763, r (test): 0.3523
Epoch: 38, Training Loss: 0.0078, Train MSE: 0.0078, r (train): 0.9501, Test MSE: 0.0852, r (test): 0.3118
Epoch: 39, Training Loss: 0.0170, Train MSE: 0.0170, r (train): 0.9586, Test MSE: 0.1033, r (test): 0.2956
Epoch: 40, Training Loss: 0.0223, Train MSE: 0.0223, r (train): 0.9368, Test MSE: 0.1118, r (test): 0.2086
Epoch: 41, Training Loss: 0.0069, Train MSE: 0.0069, r (train): 0.9509, Test MSE: 0.0837, r (test): 0.2619
Epoch: 42, Training Loss: 0.0122, Train MSE: 0.0122, r (train): 0.9432, Test MSE: 0.0789, r (test): 0.3055
Epoch: 43, Training Loss: 0.0135, Train MSE: 0.0135, r (train): 0.9462, Test MSE: 0.0779, r (test): 0.3258
Epoch: 44, Training Loss: 0.0074, Train MSE: 0.0074, r (train): 0.9489, Test MSE: 0.0814, r (test): 0.2886
Epoch: 45, Training Loss: 0.0103, Train MSE: 0.0103, r (train): 0.9242, Test MSE: 0.0820, r (test): 0.3489
Epoch: 46, Training Loss: 0.0198, Train MSE: 0.0198, r (train): 0.9326, Test MSE: 0.0842, r (test): 0.2304
Epoch: 47, Training Loss: 0.0228, Train MSE: 0.0228, r (train): 0.9253, Test MSE: 0.0875, r (test): 0.1570
Epoch: 48, Training Loss: 0.0261, Train MSE: 0.0261, r (train): 0.9191, Test MSE: 0.0859, r (test): 0.2112
Epoch: 49, Training Loss: 0.0179, Train MSE: 0.0179, r (train): 0.9170, Test MSE: 0.0824, r (test): 0.2292
Epoch: 50, Training Loss: 0.0069, Train MSE: 0.0069, r (train): 0.9516, Test MSE: 0.0908, r (test): 0.1121
Epoch: 51, Training Loss: 0.0173, Train MSE: 0.0173, r (train): 0.9407, Test MSE: 0.1062, r (test): 0.1697
Epoch: 52, Training Loss: 0.0225, Train MSE: 0.0225, r (train): 0.9151, Test MSE: 0.1149, r (test): 0.1407
Epoch: 53, Training Loss: 0.0189, Train MSE: 0.0189, r (train): 0.9136, Test MSE: 0.1088, r (test): 0.1546
Epoch: 54, Training Loss: 0.0166, Train MSE: 0.0166, r (train): 0.9222, Test MSE: 0.1153, r (test): -0.0521
Epoch: 55, Training Loss: 0.0348, Train MSE: 0.0348, r (train): 0.9158, Test MSE: 0.1202, r (test): 0.0747
Epoch: 56, Training Loss: 0.0774, Train MSE: 0.0774, r (train): 0.9247, Test MSE: 0.1620, r (test): 0.0935
Epoch: 57, Training Loss: 0.0629, Train MSE: 0.0629, r (train): 0.9236, Test MSE: 0.1453, r (test): 0.2403
Epoch: 58, Training Loss: 0.1057, Train MSE: 0.1057, r (train): 0.9221, Test MSE: 0.1903, r (test): 0.1725
Epoch: 59, Training Loss: 0.0468, Train MSE: 0.0468, r (train): 0.9173, Test MSE: 0.1440, r (test): 0.0631
Epoch: 60, Training Loss: 0.0358, Train MSE: 0.0358, r (train): 0.9324, Test MSE: 0.1326, r (test): 0.0701
Epoch: 61, Training Loss: 0.0200, Train MSE: 0.0200, r (train): 0.9295, Test MSE: 0.1073, r (test): 0.0877
Epoch: 62, Training Loss: 0.0177, Train MSE: 0.0177, r (train): 0.8990, Test MSE: 0.0923, r (test): 0.2454
Epoch: 63, Training Loss: 0.0146, Train MSE: 0.0146, r (train): 0.9041, Test MSE: 0.0971, r (test): 0.1051
Epoch: 64, Training Loss: 0.0127, Train MSE: 0.0127, r (train): 0.9069, Test MSE: 0.0893, r (test): 0.1538
Epoch: 65, Training Loss: 0.0148, Train MSE: 0.0148, r (train): 0.9118, Test MSE: 0.0896, r (test): 0.0493
Epoch: 66, Training Loss: 0.0143, Train MSE: 0.0143, r (train): 0.9290, Test MSE: 0.0834, r (test): 0.1977
Epoch: 67, Training Loss: 0.0239, Train MSE: 0.0239, r (train): 0.9129, Test MSE: 0.0833, r (test): 0.2294
Epoch: 68, Training Loss: 0.0109, Train MSE: 0.0109, r (train): 0.9417, Test MSE: 0.0760, r (test): 0.3746
Epoch: 69, Training Loss: 0.0157, Train MSE: 0.0157, r (train): 0.9512, Test MSE: 0.0948, r (test): 0.3658
Epoch: 70, Training Loss: 0.0216, Train MSE: 0.0216, r (train): 0.9403, Test MSE: 0.1132, r (test): 0.2763
Epoch: 71, Training Loss: 0.0348, Train MSE: 0.0348, r (train): 0.9356, Test MSE: 0.1366, r (test): 0.1201
Epoch: 72, Training Loss: 0.0521, Train MSE: 0.0521, r (train): 0.9323, Test MSE: 0.1446, r (test): 0.1854
Epoch: 73, Training Loss: 0.0322, Train MSE: 0.0322, r (train): 0.9306, Test MSE: 0.1158, r (test): 0.2216
Epoch: 74, Training Loss: 0.0095, Train MSE: 0.0095, r (train): 0.9360, Test MSE: 0.0838, r (test): 0.2478
Epoch: 75, Training Loss: 0.0148, Train MSE: 0.0148, r (train): 0.9254, Test MSE: 0.0819, r (test): 0.2494
Epoch: 76, Training Loss: 0.0250, Train MSE: 0.0250, r (train): 0.9116, Test MSE: 0.0851, r (test): 0.2243
Epoch: 77, Training Loss: 0.0142, Train MSE: 0.0142, r (train): 0.9377, Test MSE: 0.0753, r (test): 0.3823
Epoch: 78, Training Loss: 0.0084, Train MSE: 0.0084, r (train): 0.9424, Test MSE: 0.0841, r (test): 0.3431
Epoch: 79, Training Loss: 0.0221, Train MSE: 0.0221, r (train): 0.9513, Test MSE: 0.1064, r (test): 0.2973
Epoch: 80, Training Loss: 0.0328, Train MSE: 0.0328, r (train): 0.9406, Test MSE: 0.1197, r (test): 0.2220
Epoch: 81, Training Loss: 0.0110, Train MSE: 0.0110, r (train): 0.9367, Test MSE: 0.0923, r (test): 0.1842
Epoch: 82, Training Loss: 0.0113, Train MSE: 0.0113, r (train): 0.9473, Test MSE: 0.0788, r (test): 0.3092
Epoch: 83, Training Loss: 0.0162, Train MSE: 0.0162, r (train): 0.9299, Test MSE: 0.0758, r (test): 0.3661
Epoch: 84, Training Loss: 0.0080, Train MSE: 0.0080, r (train): 0.9444, Test MSE: 0.0844, r (test): 0.3086
Epoch: 85, Training Loss: 0.0119, Train MSE: 0.0119, r (train): 0.9665, Test MSE: 0.0895, r (test): 0.5716
Epoch: 86, Training Loss: 0.0215, Train MSE: 0.0215, r (train): 0.9545, Test MSE: 0.1011, r (test): 0.4560
Epoch: 87, Training Loss: 0.0093, Train MSE: 0.0093, r (train): 0.9482, Test MSE: 0.0769, r (test): 0.3937
Epoch: 88, Training Loss: 0.0184, Train MSE: 0.0184, r (train): 0.9350, Test MSE: 0.0787, r (test): 0.3337
Epoch: 89, Training Loss: 0.0143, Train MSE: 0.0143, r (train): 0.9505, Test MSE: 0.0756, r (test): 0.3703
Epoch: 90, Training Loss: 0.0076, Train MSE: 0.0076, r (train): 0.9553, Test MSE: 0.0873, r (test): 0.3798
Epoch: 91, Training Loss: 0.0165, Train MSE: 0.0165, r (train): 0.9531, Test MSE: 0.1033, r (test): 0.3378
Epoch: 92, Training Loss: 0.0135, Train MSE: 0.0135, r (train): 0.9477, Test MSE: 0.0906, r (test): 0.3159
Epoch: 93, Training Loss: 0.0097, Train MSE: 0.0097, r (train): 0.9332, Test MSE: 0.0814, r (test): 0.3138
Epoch: 94, Training Loss: 0.0178, Train MSE: 0.0178, r (train): 0.9335, Test MSE: 0.0772, r (test): 0.3727
Epoch: 95, Training Loss: 0.0135, Train MSE: 0.0135, r (train): 0.9445, Test MSE: 0.0819, r (test): 0.2408
Epoch: 96, Training Loss: 0.0106, Train MSE: 0.0106, r (train): 0.9293, Test MSE: 0.0867, r (test): 0.1949
Epoch: 97, Training Loss: 0.0111, Train MSE: 0.0111, r (train): 0.9433, Test MSE: 0.0973, r (test): 0.2179
Epoch: 98, Training Loss: 0.0142, Train MSE: 0.0142, r (train): 0.9407, Test MSE: 0.1021, r (test): 0.1736
Epoch: 99, Training Loss: 0.0104, Train MSE: 0.0104, r (train): 0.9449, Test MSE: 0.0918, r (test): 0.1916
Predicted tensors for training set: 
tensor([ 0.6224,  0.4824,  0.0659,  0.4341,  0.4636,  0.3678,  0.6767,  0.5938,
         0.8553,  0.6369,  0.7290,  0.4849,  0.1858,  0.0785,  0.9232,  0.7975,
         0.3879,  0.7070,  0.7322,  0.1894,  0.9632,  0.3322,  0.1783,  0.5306,
         0.0961,  0.4015,  0.6974,  0.8061,  0.1427,  0.8478,  0.8382,  0.7112,
         0.5624,  0.2924,  0.9015,  0.3392,  0.0092, -0.1148,  0.2773,  0.0286,
         0.3596,  0.6266,  0.7287,  0.7099,  0.4253,  0.2622,  0.8271,  0.2531,
         0.2239,  0.9518,  0.7488,  0.1862,  1.0951,  0.3476,  0.7594,  0.9855,
         0.8820,  0.8525,  0.3384,  0.9215,  1.1124,  0.7987,  1.0481,  0.6922,
         0.8736,  0.7951,  0.6153,  0.5159,  0.4323,  0.8552,  0.9839,  0.7413])
Target tensorsfor training set: 
tensor([0.5783, 0.5573, 0.1055, 0.4149, 0.4993, 0.4654, 0.7497, 0.6465, 0.8561,
        0.7171, 0.7507, 0.5178, 0.2271, 0.1493, 0.9127, 0.8524, 0.4513, 0.7144,
        0.7791, 0.2255, 0.9656, 0.3174, 0.1295, 0.4818, 0.0763, 0.3453, 0.5779,
        0.7950, 0.0478, 0.8411, 0.8453, 0.6992, 0.5719, 0.3309, 0.9492, 0.4373,
        0.1218, 0.0636, 0.4036, 0.1294, 0.5023, 0.7462, 0.8988, 0.7596, 0.5102,
        0.2916, 0.8418, 0.2594, 0.2394, 0.8556, 0.6576, 0.1360, 0.9215, 0.2649,
        0.6595, 0.7372, 0.6846, 0.6199, 0.2169, 0.6577, 0.8728, 0.6671, 0.8391,
        0.5300, 0.7270, 0.7125, 0.5220, 0.4440, 0.3829, 0.7901, 0.9535, 0.7371])
Correlation for training set: 0.9448964605376803
Predicted tensors for test set: 
tensor([0.5169, 0.6581, 0.6262, 0.5797, 0.4245, 0.6423, 0.4695, 0.6283, 0.4222,
        0.6297, 0.6369, 0.5814, 0.6340, 0.7899, 0.7469, 0.6465, 0.7175, 0.5329])
Target tensors for test set: 
tensor([0.3077, 0.0389, 0.5187, 0.4640, 0.5564, 0.0981, 0.4341, 0.4526, 0.5780,
        0.6240, 0.9150, 0.9117, 0.5658, 0.8363, 0.2464, 0.9072, 0.9621, 0.0246])
Correlation for test set: 0.1915666910407548
Fold 3
Epoch: 00, Training Loss: 0.0796, Train MSE: 0.0796, r (train): 0.2708, Test MSE: 0.1124, r (test): -0.1583
Epoch: 01, Training Loss: 0.0786, Train MSE: 0.0786, r (train): 0.3631, Test MSE: 0.1154, r (test): -0.2063
Epoch: 02, Training Loss: 0.0765, Train MSE: 0.0765, r (train): 0.3969, Test MSE: 0.1151, r (test): -0.2369
Epoch: 03, Training Loss: 0.0747, Train MSE: 0.0747, r (train): 0.4303, Test MSE: 0.1141, r (test): -0.2324
Epoch: 04, Training Loss: 0.0736, Train MSE: 0.0736, r (train): 0.4580, Test MSE: 0.1159, r (test): -0.2835
Epoch: 05, Training Loss: 0.0725, Train MSE: 0.0725, r (train): 0.4922, Test MSE: 0.1147, r (test): -0.2741
Epoch: 06, Training Loss: 0.0712, Train MSE: 0.0712, r (train): 0.5299, Test MSE: 0.1166, r (test): -0.3020
Epoch: 07, Training Loss: 0.0702, Train MSE: 0.0702, r (train): 0.5637, Test MSE: 0.1172, r (test): -0.2831
Epoch: 08, Training Loss: 0.0687, Train MSE: 0.0687, r (train): 0.6092, Test MSE: 0.1173, r (test): -0.2913
Epoch: 09, Training Loss: 0.0682, Train MSE: 0.0682, r (train): 0.6341, Test MSE: 0.1191, r (test): -0.2782
Epoch: 10, Training Loss: 0.0674, Train MSE: 0.0674, r (train): 0.6671, Test MSE: 0.1221, r (test): -0.3250
Epoch: 11, Training Loss: 0.0660, Train MSE: 0.0660, r (train): 0.6990, Test MSE: 0.1230, r (test): -0.3248
Epoch: 12, Training Loss: 0.0620, Train MSE: 0.0620, r (train): 0.7512, Test MSE: 0.1206, r (test): -0.2723
Epoch: 13, Training Loss: 0.0593, Train MSE: 0.0593, r (train): 0.8064, Test MSE: 0.1240, r (test): -0.2971
Epoch: 14, Training Loss: 0.0535, Train MSE: 0.0535, r (train): 0.8344, Test MSE: 0.1224, r (test): -0.3144
Epoch: 15, Training Loss: 0.0492, Train MSE: 0.0492, r (train): 0.8504, Test MSE: 0.1211, r (test): -0.2508
Epoch: 16, Training Loss: 0.0433, Train MSE: 0.0433, r (train): 0.8829, Test MSE: 0.1193, r (test): -0.2120
Epoch: 17, Training Loss: 0.0387, Train MSE: 0.0387, r (train): 0.8724, Test MSE: 0.1139, r (test): -0.1817
Epoch: 18, Training Loss: 0.0301, Train MSE: 0.0301, r (train): 0.9015, Test MSE: 0.1231, r (test): -0.2928
Epoch: 19, Training Loss: 0.0281, Train MSE: 0.0281, r (train): 0.9164, Test MSE: 0.1269, r (test): -0.2516
Epoch: 20, Training Loss: 0.0238, Train MSE: 0.0238, r (train): 0.9270, Test MSE: 0.1276, r (test): -0.2545
Epoch: 21, Training Loss: 0.0261, Train MSE: 0.0261, r (train): 0.9468, Test MSE: 0.1483, r (test): -0.2936
Epoch: 22, Training Loss: 0.0206, Train MSE: 0.0206, r (train): 0.9519, Test MSE: 0.1499, r (test): -0.2992
Epoch: 23, Training Loss: 0.0223, Train MSE: 0.0223, r (train): 0.9536, Test MSE: 0.1457, r (test): -0.2787
Epoch: 24, Training Loss: 0.0233, Train MSE: 0.0233, r (train): 0.9248, Test MSE: 0.1484, r (test): -0.2824
Epoch: 25, Training Loss: 0.0362, Train MSE: 0.0362, r (train): 0.9160, Test MSE: 0.1599, r (test): -0.3285
Epoch: 26, Training Loss: 0.0838, Train MSE: 0.0838, r (train): 0.9361, Test MSE: 0.2123, r (test): -0.2405
Epoch: 27, Training Loss: 0.0826, Train MSE: 0.0826, r (train): 0.9273, Test MSE: 0.2233, r (test): -0.3223
Epoch: 28, Training Loss: 0.0302, Train MSE: 0.0302, r (train): 0.9408, Test MSE: 0.1634, r (test): -0.2459
Epoch: 29, Training Loss: 0.0220, Train MSE: 0.0220, r (train): 0.9360, Test MSE: 0.1569, r (test): -0.3062
Epoch: 30, Training Loss: 0.0154, Train MSE: 0.0154, r (train): 0.9055, Test MSE: 0.1362, r (test): -0.3297
Epoch: 31, Training Loss: 0.0145, Train MSE: 0.0145, r (train): 0.8886, Test MSE: 0.1248, r (test): -0.2466
Epoch: 32, Training Loss: 0.0219, Train MSE: 0.0219, r (train): 0.8862, Test MSE: 0.1235, r (test): -0.1948
Epoch: 33, Training Loss: 0.0217, Train MSE: 0.0217, r (train): 0.8958, Test MSE: 0.1283, r (test): -0.1962
Epoch: 34, Training Loss: 0.0286, Train MSE: 0.0286, r (train): 0.9226, Test MSE: 0.1570, r (test): -0.2618
Epoch: 35, Training Loss: 0.1178, Train MSE: 0.1178, r (train): 0.9380, Test MSE: 0.2464, r (test): -0.2855
Epoch: 36, Training Loss: 0.1091, Train MSE: 0.1091, r (train): 0.9430, Test MSE: 0.2337, r (test): -0.2550
Epoch: 37, Training Loss: 0.0427, Train MSE: 0.0427, r (train): 0.9329, Test MSE: 0.1777, r (test): -0.3288
Epoch: 38, Training Loss: 0.0342, Train MSE: 0.0342, r (train): 0.9366, Test MSE: 0.1713, r (test): -0.3673
Epoch: 39, Training Loss: 0.0568, Train MSE: 0.0568, r (train): 0.9269, Test MSE: 0.1952, r (test): -0.3021
Epoch: 40, Training Loss: 0.0878, Train MSE: 0.0878, r (train): 0.9181, Test MSE: 0.2283, r (test): -0.3347
Epoch: 41, Training Loss: 0.0767, Train MSE: 0.0767, r (train): 0.9046, Test MSE: 0.2021, r (test): -0.2874
Epoch: 42, Training Loss: 0.0613, Train MSE: 0.0613, r (train): 0.8953, Test MSE: 0.1781, r (test): -0.2105
Epoch: 43, Training Loss: 0.0467, Train MSE: 0.0467, r (train): 0.8750, Test MSE: 0.1658, r (test): -0.2968
Epoch: 44, Training Loss: 0.0400, Train MSE: 0.0400, r (train): 0.8428, Test MSE: 0.1452, r (test): -0.2921
Epoch: 45, Training Loss: 0.0588, Train MSE: 0.0588, r (train): 0.8685, Test MSE: 0.1699, r (test): -0.2090
Epoch: 46, Training Loss: 0.0362, Train MSE: 0.0362, r (train): 0.8792, Test MSE: 0.1554, r (test): -0.3662
Epoch: 47, Training Loss: 0.0378, Train MSE: 0.0378, r (train): 0.8680, Test MSE: 0.1586, r (test): -0.3990
Epoch: 48, Training Loss: 0.0217, Train MSE: 0.0217, r (train): 0.8928, Test MSE: 0.1498, r (test): -0.3524
Epoch: 49, Training Loss: 0.0214, Train MSE: 0.0214, r (train): 0.8738, Test MSE: 0.1174, r (test): -0.1722
Epoch: 50, Training Loss: 0.0284, Train MSE: 0.0284, r (train): 0.8750, Test MSE: 0.1302, r (test): -0.1683
Epoch: 51, Training Loss: 0.0550, Train MSE: 0.0550, r (train): 0.8811, Test MSE: 0.1436, r (test): -0.1821
Epoch: 52, Training Loss: 0.0444, Train MSE: 0.0444, r (train): 0.9142, Test MSE: 0.1553, r (test): -0.2589
Epoch: 53, Training Loss: 0.0105, Train MSE: 0.0105, r (train): 0.9271, Test MSE: 0.1307, r (test): -0.2790
Epoch: 54, Training Loss: 0.0128, Train MSE: 0.0128, r (train): 0.9203, Test MSE: 0.1133, r (test): -0.0220
Epoch: 55, Training Loss: 0.0119, Train MSE: 0.0119, r (train): 0.9104, Test MSE: 0.1186, r (test): -0.1049
Epoch: 56, Training Loss: 0.0189, Train MSE: 0.0189, r (train): 0.8897, Test MSE: 0.1157, r (test): -0.0972
Epoch: 57, Training Loss: 0.0229, Train MSE: 0.0229, r (train): 0.8908, Test MSE: 0.1252, r (test): -0.1208
Epoch: 58, Training Loss: 0.0435, Train MSE: 0.0435, r (train): 0.9082, Test MSE: 0.1521, r (test): -0.1506
Epoch: 59, Training Loss: 0.0576, Train MSE: 0.0576, r (train): 0.9280, Test MSE: 0.1690, r (test): -0.1179
Epoch: 60, Training Loss: 0.0649, Train MSE: 0.0649, r (train): 0.9411, Test MSE: 0.1736, r (test): -0.0537
Epoch: 61, Training Loss: 0.0345, Train MSE: 0.0345, r (train): 0.9309, Test MSE: 0.1311, r (test): -0.0081
Epoch: 62, Training Loss: 0.0205, Train MSE: 0.0205, r (train): 0.9194, Test MSE: 0.1229, r (test): -0.1229
Epoch: 63, Training Loss: 0.0152, Train MSE: 0.0152, r (train): 0.9193, Test MSE: 0.1195, r (test): -0.1677
Epoch: 64, Training Loss: 0.0121, Train MSE: 0.0121, r (train): 0.9210, Test MSE: 0.1164, r (test): -0.1962
Epoch: 65, Training Loss: 0.0094, Train MSE: 0.0094, r (train): 0.9366, Test MSE: 0.1155, r (test): -0.0813
Epoch: 66, Training Loss: 0.0123, Train MSE: 0.0123, r (train): 0.9130, Test MSE: 0.1192, r (test): -0.1233
Epoch: 67, Training Loss: 0.0203, Train MSE: 0.0203, r (train): 0.9312, Test MSE: 0.1403, r (test): -0.1248
Epoch: 68, Training Loss: 0.0506, Train MSE: 0.0506, r (train): 0.9340, Test MSE: 0.1686, r (test): -0.0674
Epoch: 69, Training Loss: 0.0620, Train MSE: 0.0620, r (train): 0.9308, Test MSE: 0.1625, r (test): -0.0091
Epoch: 70, Training Loss: 0.0216, Train MSE: 0.0216, r (train): 0.9322, Test MSE: 0.1120, r (test): 0.0814
Epoch: 71, Training Loss: 0.0151, Train MSE: 0.0151, r (train): 0.9222, Test MSE: 0.1123, r (test): -0.0935
Epoch: 72, Training Loss: 0.0130, Train MSE: 0.0130, r (train): 0.9147, Test MSE: 0.1120, r (test): -0.0894
Epoch: 73, Training Loss: 0.0091, Train MSE: 0.0091, r (train): 0.9335, Test MSE: 0.1150, r (test): -0.1061
Epoch: 74, Training Loss: 0.0127, Train MSE: 0.0127, r (train): 0.9145, Test MSE: 0.1171, r (test): -0.1055
Epoch: 75, Training Loss: 0.0143, Train MSE: 0.0143, r (train): 0.9004, Test MSE: 0.1355, r (test): -0.1881
Epoch: 76, Training Loss: 0.0297, Train MSE: 0.0297, r (train): 0.9287, Test MSE: 0.1569, r (test): -0.1709
Epoch: 77, Training Loss: 0.0476, Train MSE: 0.0476, r (train): 0.9403, Test MSE: 0.1716, r (test): -0.1129
Epoch: 78, Training Loss: 0.0322, Train MSE: 0.0322, r (train): 0.9417, Test MSE: 0.1406, r (test): -0.1017
Epoch: 79, Training Loss: 0.0120, Train MSE: 0.0120, r (train): 0.9305, Test MSE: 0.1089, r (test): -0.0568
Epoch: 80, Training Loss: 0.0133, Train MSE: 0.0133, r (train): 0.9195, Test MSE: 0.1156, r (test): -0.2074
Epoch: 81, Training Loss: 0.0103, Train MSE: 0.0103, r (train): 0.9387, Test MSE: 0.1039, r (test): -0.0144
Epoch: 82, Training Loss: 0.0081, Train MSE: 0.0081, r (train): 0.9420, Test MSE: 0.1065, r (test): -0.0667
Epoch: 83, Training Loss: 0.0112, Train MSE: 0.0112, r (train): 0.9401, Test MSE: 0.1096, r (test): -0.0780
Epoch: 84, Training Loss: 0.0094, Train MSE: 0.0094, r (train): 0.9337, Test MSE: 0.1232, r (test): -0.0883
Epoch: 85, Training Loss: 0.0220, Train MSE: 0.0220, r (train): 0.9412, Test MSE: 0.1332, r (test): -0.0519
Epoch: 86, Training Loss: 0.0126, Train MSE: 0.0126, r (train): 0.9403, Test MSE: 0.1288, r (test): -0.1177
Epoch: 87, Training Loss: 0.0176, Train MSE: 0.0176, r (train): 0.9225, Test MSE: 0.0963, r (test): 0.1583
Epoch: 88, Training Loss: 0.0167, Train MSE: 0.0167, r (train): 0.9189, Test MSE: 0.1195, r (test): -0.0381
Epoch: 89, Training Loss: 0.0096, Train MSE: 0.0096, r (train): 0.9460, Test MSE: 0.1221, r (test): -0.1116
Epoch: 90, Training Loss: 0.0089, Train MSE: 0.0089, r (train): 0.9456, Test MSE: 0.1156, r (test): -0.0867
Epoch: 91, Training Loss: 0.0114, Train MSE: 0.0114, r (train): 0.9334, Test MSE: 0.1202, r (test): -0.0850
Epoch: 92, Training Loss: 0.0087, Train MSE: 0.0087, r (train): 0.9400, Test MSE: 0.1248, r (test): -0.0874
Epoch: 93, Training Loss: 0.0176, Train MSE: 0.0176, r (train): 0.9379, Test MSE: 0.1373, r (test): -0.1099
Epoch: 94, Training Loss: 0.0115, Train MSE: 0.0115, r (train): 0.9352, Test MSE: 0.1292, r (test): -0.1509
Epoch: 95, Training Loss: 0.0194, Train MSE: 0.0194, r (train): 0.9131, Test MSE: 0.1186, r (test): -0.0761
Epoch: 96, Training Loss: 0.0133, Train MSE: 0.0133, r (train): 0.9329, Test MSE: 0.1140, r (test): -0.1304
Epoch: 97, Training Loss: 0.0057, Train MSE: 0.0057, r (train): 0.9648, Test MSE: 0.1232, r (test): -0.2367
Epoch: 98, Training Loss: 0.0097, Train MSE: 0.0097, r (train): 0.9612, Test MSE: 0.1158, r (test): -0.1124
Epoch: 99, Training Loss: 0.0103, Train MSE: 0.0103, r (train): 0.9565, Test MSE: 0.1094, r (test): -0.0040
Predicted tensors for training set: 
tensor([ 4.9544e-01,  5.3702e-01,  7.5344e-02,  3.4919e-01,  4.4585e-01,
         4.0706e-01,  6.7760e-01,  5.5995e-01,  7.4279e-01,  5.5721e-01,
         5.9419e-01,  3.4613e-01,  3.2221e-02,  4.2805e-04,  7.1114e-01,
         7.0426e-01,  1.4827e-01,  6.3765e-01,  1.8480e-01, -1.5881e-02,
         4.3296e-01,  4.3978e-01,  5.0373e-01,  2.3601e-02,  3.5888e-01,
         3.7919e-01,  4.7884e-01,  4.7681e-01,  8.1761e-01,  8.4119e-01,
         4.2947e-01,  6.8014e-01,  8.8751e-02,  6.8554e-01,  8.0715e-01,
        -1.1143e-01,  7.3753e-03, -8.9657e-02,  2.9357e-01,  1.6333e-02,
         3.8762e-01,  6.7050e-01,  8.2503e-01,  7.1226e-01,  4.6731e-01,
         2.9376e-01,  8.2403e-01,  2.9557e-01,  2.7894e-01,  9.8810e-01,
         7.1405e-01,  1.6401e-01,  1.0139e+00,  2.9045e-01,  7.4155e-01,
         8.0194e-01,  7.1234e-01,  6.6663e-01,  2.3272e-01,  7.0119e-01,
         9.0767e-01,  6.9923e-01,  8.4656e-01,  5.3013e-01,  7.3849e-01,
         6.8309e-01,  5.2069e-01,  4.5148e-01,  3.3331e-01,  8.0386e-01,
         9.9439e-01,  7.2580e-01])
Target tensorsfor training set: 
tensor([0.5783, 0.5573, 0.1055, 0.4149, 0.4993, 0.4654, 0.7497, 0.6465, 0.8561,
        0.7171, 0.7507, 0.5178, 0.2271, 0.1493, 0.9127, 0.8524, 0.4513, 0.7144,
        0.3077, 0.0389, 0.5187, 0.4640, 0.5564, 0.0981, 0.4341, 0.4526, 0.5780,
        0.6240, 0.9150, 0.9117, 0.5658, 0.8363, 0.2464, 0.9072, 0.9621, 0.0246,
        0.1218, 0.0636, 0.4036, 0.1294, 0.5023, 0.7462, 0.8988, 0.7596, 0.5102,
        0.2916, 0.8418, 0.2594, 0.2394, 0.8556, 0.6576, 0.1360, 0.9215, 0.2649,
        0.6595, 0.7372, 0.6846, 0.6199, 0.2169, 0.6577, 0.8728, 0.6671, 0.8391,
        0.5300, 0.7270, 0.7125, 0.5220, 0.4440, 0.3829, 0.7901, 0.9535, 0.7371])
Correlation for training set: 0.9564786727347793
Predicted tensors for test set: 
tensor([0.3958, 0.3058, 0.7099, 0.3507, 0.6462, 0.3818, 0.4935, 0.3432, 0.7403,
        0.3906, 0.7698, 0.4084, 0.5593, 0.5772, 0.5992, 0.4108, 0.4213, 0.3040])
Target tensors for test set: 
tensor([0.7791, 0.2255, 0.9656, 0.3174, 0.1295, 0.4818, 0.0763, 0.3453, 0.5779,
        0.7950, 0.0478, 0.8411, 0.8453, 0.6992, 0.5719, 0.3309, 0.9492, 0.4373])
Correlation for test set: -0.004038951485839706
Fold 4
Epoch: 00, Training Loss: 0.0809, Train MSE: 0.0809, r (train): 0.1477, Test MSE: 0.1217, r (test): 0.3164
Epoch: 01, Training Loss: 0.0808, Train MSE: 0.0808, r (train): 0.2950, Test MSE: 0.1257, r (test): 0.2696
Epoch: 02, Training Loss: 0.0783, Train MSE: 0.0783, r (train): 0.3983, Test MSE: 0.1244, r (test): 0.2371
Epoch: 03, Training Loss: 0.0754, Train MSE: 0.0754, r (train): 0.5062, Test MSE: 0.1216, r (test): 0.2744
Epoch: 04, Training Loss: 0.0735, Train MSE: 0.0735, r (train): 0.5931, Test MSE: 0.1221, r (test): 0.2621
Epoch: 05, Training Loss: 0.0714, Train MSE: 0.0714, r (train): 0.6717, Test MSE: 0.1215, r (test): 0.2584
Epoch: 06, Training Loss: 0.0684, Train MSE: 0.0684, r (train): 0.7410, Test MSE: 0.1206, r (test): 0.2573
Epoch: 07, Training Loss: 0.0663, Train MSE: 0.0663, r (train): 0.7868, Test MSE: 0.1207, r (test): 0.2908
Epoch: 08, Training Loss: 0.0636, Train MSE: 0.0636, r (train): 0.8253, Test MSE: 0.1203, r (test): 0.3017
Epoch: 09, Training Loss: 0.0605, Train MSE: 0.0605, r (train): 0.8528, Test MSE: 0.1205, r (test): 0.3041
Epoch: 10, Training Loss: 0.0558, Train MSE: 0.0558, r (train): 0.8407, Test MSE: 0.1153, r (test): 0.2776
Epoch: 11, Training Loss: 0.0481, Train MSE: 0.0481, r (train): 0.8855, Test MSE: 0.1128, r (test): 0.2815
Epoch: 12, Training Loss: 0.0406, Train MSE: 0.0406, r (train): 0.8971, Test MSE: 0.1129, r (test): 0.2163
Epoch: 13, Training Loss: 0.0349, Train MSE: 0.0349, r (train): 0.8989, Test MSE: 0.1097, r (test): 0.2298
Epoch: 14, Training Loss: 0.0277, Train MSE: 0.0277, r (train): 0.8956, Test MSE: 0.1072, r (test): 0.1280
Epoch: 15, Training Loss: 0.0236, Train MSE: 0.0236, r (train): 0.9063, Test MSE: 0.1156, r (test): 0.0687
Epoch: 16, Training Loss: 0.0237, Train MSE: 0.0237, r (train): 0.9180, Test MSE: 0.1193, r (test): 0.0542
Epoch: 17, Training Loss: 0.0209, Train MSE: 0.0209, r (train): 0.9421, Test MSE: 0.1205, r (test): 0.0887
Epoch: 18, Training Loss: 0.0180, Train MSE: 0.0180, r (train): 0.9371, Test MSE: 0.1156, r (test): 0.1053
Epoch: 19, Training Loss: 0.0120, Train MSE: 0.0120, r (train): 0.9372, Test MSE: 0.1081, r (test): 0.1438
Epoch: 20, Training Loss: 0.0112, Train MSE: 0.0112, r (train): 0.9230, Test MSE: 0.1068, r (test): 0.1281
Epoch: 21, Training Loss: 0.0584, Train MSE: 0.0584, r (train): 0.8970, Test MSE: 0.1727, r (test): 0.0391
Epoch: 22, Training Loss: 0.0869, Train MSE: 0.0869, r (train): 0.9474, Test MSE: 0.2092, r (test): 0.0823
Epoch: 23, Training Loss: 0.0552, Train MSE: 0.0552, r (train): 0.9251, Test MSE: 0.1601, r (test): 0.0672
Epoch: 24, Training Loss: 0.0413, Train MSE: 0.0413, r (train): 0.9142, Test MSE: 0.1439, r (test): 0.1024
Epoch: 25, Training Loss: 0.0140, Train MSE: 0.0140, r (train): 0.9104, Test MSE: 0.1070, r (test): 0.0849
Epoch: 26, Training Loss: 0.0165, Train MSE: 0.0165, r (train): 0.8736, Test MSE: 0.0906, r (test): 0.1451
Epoch: 27, Training Loss: 0.0199, Train MSE: 0.0199, r (train): 0.9165, Test MSE: 0.1062, r (test): 0.2016
Epoch: 28, Training Loss: 0.0408, Train MSE: 0.0408, r (train): 0.9548, Test MSE: 0.1399, r (test): 0.1927
Epoch: 29, Training Loss: 0.0660, Train MSE: 0.0660, r (train): 0.9337, Test MSE: 0.1783, r (test): 0.1084
Epoch: 30, Training Loss: 0.0228, Train MSE: 0.0228, r (train): 0.9452, Test MSE: 0.1221, r (test): 0.0496
Epoch: 31, Training Loss: 0.0182, Train MSE: 0.0182, r (train): 0.9341, Test MSE: 0.1117, r (test): 0.1285
Epoch: 32, Training Loss: 0.0419, Train MSE: 0.0419, r (train): 0.9426, Test MSE: 0.1535, r (test): 0.0869
Epoch: 33, Training Loss: 0.0641, Train MSE: 0.0641, r (train): 0.9347, Test MSE: 0.1770, r (test): 0.1105
Epoch: 34, Training Loss: 0.0207, Train MSE: 0.0207, r (train): 0.9415, Test MSE: 0.1228, r (test): 0.0765
Epoch: 35, Training Loss: 0.0129, Train MSE: 0.0129, r (train): 0.9300, Test MSE: 0.1087, r (test): 0.0737
Epoch: 36, Training Loss: 0.0199, Train MSE: 0.0199, r (train): 0.9348, Test MSE: 0.1213, r (test): 0.0783
Epoch: 37, Training Loss: 0.0296, Train MSE: 0.0296, r (train): 0.9117, Test MSE: 0.1297, r (test): 0.1046
Epoch: 38, Training Loss: 0.0144, Train MSE: 0.0144, r (train): 0.8965, Test MSE: 0.1021, r (test): 0.0593
Epoch: 39, Training Loss: 0.0167, Train MSE: 0.0167, r (train): 0.9038, Test MSE: 0.1064, r (test): -0.0557
Epoch: 40, Training Loss: 0.0273, Train MSE: 0.0273, r (train): 0.9044, Test MSE: 0.0970, r (test): 0.0713
Epoch: 41, Training Loss: 0.0334, Train MSE: 0.0334, r (train): 0.8729, Test MSE: 0.0883, r (test): 0.2081
Epoch: 42, Training Loss: 0.0252, Train MSE: 0.0252, r (train): 0.8505, Test MSE: 0.0868, r (test): 0.1641
Epoch: 43, Training Loss: 0.0260, Train MSE: 0.0260, r (train): 0.8351, Test MSE: 0.0797, r (test): 0.2922
Epoch: 44, Training Loss: 0.0308, Train MSE: 0.0308, r (train): 0.8534, Test MSE: 0.0812, r (test): 0.2709
Epoch: 45, Training Loss: 0.0333, Train MSE: 0.0333, r (train): 0.8540, Test MSE: 0.0926, r (test): 0.1256
Epoch: 46, Training Loss: 0.0287, Train MSE: 0.0287, r (train): 0.8841, Test MSE: 0.0998, r (test): 0.0914
Epoch: 47, Training Loss: 0.0184, Train MSE: 0.0184, r (train): 0.8864, Test MSE: 0.1043, r (test): 0.0529
Epoch: 48, Training Loss: 0.0309, Train MSE: 0.0309, r (train): 0.8854, Test MSE: 0.1071, r (test): 0.1957
Epoch: 49, Training Loss: 0.0314, Train MSE: 0.0314, r (train): 0.8801, Test MSE: 0.1151, r (test): 0.1535
Epoch: 50, Training Loss: 0.0393, Train MSE: 0.0393, r (train): 0.8803, Test MSE: 0.1263, r (test): 0.1775
Epoch: 51, Training Loss: 0.0442, Train MSE: 0.0442, r (train): 0.9065, Test MSE: 0.1375, r (test): 0.1657
Epoch: 52, Training Loss: 0.0416, Train MSE: 0.0416, r (train): 0.9391, Test MSE: 0.1555, r (test): 0.0222
Epoch: 53, Training Loss: 0.0305, Train MSE: 0.0305, r (train): 0.9440, Test MSE: 0.1334, r (test): 0.0615
Epoch: 54, Training Loss: 0.0093, Train MSE: 0.0093, r (train): 0.9526, Test MSE: 0.1163, r (test): -0.0398
Epoch: 55, Training Loss: 0.0095, Train MSE: 0.0095, r (train): 0.9413, Test MSE: 0.1002, r (test): 0.0907
Epoch: 56, Training Loss: 0.0166, Train MSE: 0.0166, r (train): 0.8993, Test MSE: 0.0880, r (test): 0.1516
Epoch: 57, Training Loss: 0.0154, Train MSE: 0.0154, r (train): 0.9296, Test MSE: 0.0942, r (test): 0.0250
Epoch: 58, Training Loss: 0.0142, Train MSE: 0.0142, r (train): 0.9377, Test MSE: 0.1014, r (test): 0.1442
Epoch: 59, Training Loss: 0.0536, Train MSE: 0.0536, r (train): 0.9407, Test MSE: 0.1429, r (test): 0.0748
Epoch: 60, Training Loss: 0.0476, Train MSE: 0.0476, r (train): 0.9236, Test MSE: 0.1400, r (test): 0.1218
Epoch: 61, Training Loss: 0.0137, Train MSE: 0.0137, r (train): 0.9614, Test MSE: 0.1188, r (test): -0.0256
Epoch: 62, Training Loss: 0.0078, Train MSE: 0.0078, r (train): 0.9476, Test MSE: 0.1053, r (test): 0.0023
Epoch: 63, Training Loss: 0.0111, Train MSE: 0.0111, r (train): 0.9300, Test MSE: 0.1027, r (test): 0.0038
Epoch: 64, Training Loss: 0.0091, Train MSE: 0.0091, r (train): 0.9312, Test MSE: 0.0981, r (test): 0.0006
Epoch: 65, Training Loss: 0.0197, Train MSE: 0.0197, r (train): 0.9326, Test MSE: 0.1055, r (test): 0.2105
Epoch: 66, Training Loss: 0.0308, Train MSE: 0.0308, r (train): 0.9489, Test MSE: 0.1262, r (test): 0.1628
Epoch: 67, Training Loss: 0.0149, Train MSE: 0.0149, r (train): 0.9641, Test MSE: 0.1215, r (test): 0.0495
Epoch: 68, Training Loss: 0.0083, Train MSE: 0.0083, r (train): 0.9448, Test MSE: 0.1056, r (test): 0.0548
Epoch: 69, Training Loss: 0.0098, Train MSE: 0.0098, r (train): 0.9250, Test MSE: 0.1063, r (test): -0.0389
Epoch: 70, Training Loss: 0.0099, Train MSE: 0.0099, r (train): 0.9355, Test MSE: 0.0930, r (test): 0.1282
Epoch: 71, Training Loss: 0.0267, Train MSE: 0.0267, r (train): 0.9426, Test MSE: 0.1171, r (test): 0.1618
Epoch: 72, Training Loss: 0.0465, Train MSE: 0.0465, r (train): 0.9464, Test MSE: 0.1463, r (test): 0.0805
Epoch: 73, Training Loss: 0.0120, Train MSE: 0.0120, r (train): 0.9397, Test MSE: 0.1250, r (test): -0.0079
Epoch: 74, Training Loss: 0.0123, Train MSE: 0.0123, r (train): 0.9351, Test MSE: 0.1215, r (test): -0.0461
Epoch: 75, Training Loss: 0.0137, Train MSE: 0.0137, r (train): 0.9215, Test MSE: 0.1090, r (test): -0.0553
Epoch: 76, Training Loss: 0.0119, Train MSE: 0.0119, r (train): 0.9097, Test MSE: 0.0998, r (test): -0.0339
Epoch: 77, Training Loss: 0.0206, Train MSE: 0.0206, r (train): 0.9239, Test MSE: 0.1034, r (test): 0.2055
Epoch: 78, Training Loss: 0.0405, Train MSE: 0.0405, r (train): 0.9439, Test MSE: 0.1335, r (test): 0.0801
Epoch: 79, Training Loss: 0.0162, Train MSE: 0.0162, r (train): 0.9436, Test MSE: 0.1279, r (test): -0.0183
Epoch: 80, Training Loss: 0.0119, Train MSE: 0.0119, r (train): 0.9246, Test MSE: 0.1104, r (test): -0.0543
Epoch: 81, Training Loss: 0.0157, Train MSE: 0.0157, r (train): 0.9329, Test MSE: 0.1085, r (test): -0.0261
Epoch: 82, Training Loss: 0.0180, Train MSE: 0.0180, r (train): 0.9001, Test MSE: 0.0980, r (test): 0.0583
Epoch: 83, Training Loss: 0.0157, Train MSE: 0.0157, r (train): 0.9004, Test MSE: 0.1007, r (test): 0.1124
Epoch: 84, Training Loss: 0.0148, Train MSE: 0.0148, r (train): 0.9381, Test MSE: 0.1053, r (test): 0.1709
Epoch: 85, Training Loss: 0.0156, Train MSE: 0.0156, r (train): 0.9544, Test MSE: 0.1100, r (test): 0.2245
Epoch: 86, Training Loss: 0.0098, Train MSE: 0.0098, r (train): 0.9655, Test MSE: 0.1180, r (test): 0.0445
Epoch: 87, Training Loss: 0.0093, Train MSE: 0.0093, r (train): 0.9473, Test MSE: 0.1172, r (test): -0.0293
Epoch: 88, Training Loss: 0.0115, Train MSE: 0.0115, r (train): 0.9526, Test MSE: 0.0977, r (test): -0.0102
Epoch: 89, Training Loss: 0.0160, Train MSE: 0.0160, r (train): 0.9536, Test MSE: 0.1003, r (test): 0.0104
Epoch: 90, Training Loss: 0.0125, Train MSE: 0.0125, r (train): 0.9555, Test MSE: 0.1107, r (test): -0.0012
Epoch: 91, Training Loss: 0.0190, Train MSE: 0.0190, r (train): 0.9572, Test MSE: 0.1214, r (test): 0.0659
Epoch: 92, Training Loss: 0.0203, Train MSE: 0.0203, r (train): 0.9322, Test MSE: 0.1161, r (test): 0.0741
Epoch: 93, Training Loss: 0.0101, Train MSE: 0.0101, r (train): 0.9484, Test MSE: 0.0992, r (test): 0.0912
Epoch: 94, Training Loss: 0.0123, Train MSE: 0.0123, r (train): 0.9380, Test MSE: 0.1091, r (test): -0.0732
Epoch: 95, Training Loss: 0.0243, Train MSE: 0.0243, r (train): 0.9155, Test MSE: 0.1044, r (test): 0.0032
Epoch: 96, Training Loss: 0.0166, Train MSE: 0.0166, r (train): 0.9242, Test MSE: 0.0911, r (test): 0.0414
Epoch: 97, Training Loss: 0.0091, Train MSE: 0.0091, r (train): 0.9424, Test MSE: 0.0974, r (test): 0.1331
Epoch: 98, Training Loss: 0.0193, Train MSE: 0.0193, r (train): 0.9541, Test MSE: 0.1121, r (test): 0.1315
Epoch: 99, Training Loss: 0.0081, Train MSE: 0.0081, r (train): 0.9669, Test MSE: 0.1241, r (test): -0.0732
Predicted tensors for training set: 
tensor([ 0.5525,  0.5735,  0.0238,  0.4419,  0.4678,  0.4113,  0.6607,  0.6290,
         0.8715,  0.7174,  0.7481,  0.5209,  0.2530,  0.1626,  0.8179,  0.8761,
         0.4419,  0.7625,  0.2876, -0.0466,  0.5475,  0.5236,  0.6917,  0.0806,
         0.4871,  0.4457,  0.6340,  0.5396,  1.0119,  0.9728,  0.5593,  0.8602,
         0.1482,  0.9857,  0.9588, -0.0057,  0.8252,  0.1595,  0.9496,  0.3345,
         0.0899,  0.4229,  0.0287,  0.3771,  0.6946,  0.7703,  0.0850,  0.9461,
         1.0164,  0.7408,  0.6870,  0.4293,  1.1382,  0.6386,  0.8453,  0.8693,
         0.8457,  0.7915,  0.3571,  0.8519,  1.0644,  0.7996,  0.9913,  0.6334,
         0.8775,  0.8225,  0.6053,  0.4805,  0.4388,  0.8114,  0.9895,  0.7159])
Target tensorsfor training set: 
tensor([0.5783, 0.5573, 0.1055, 0.4149, 0.4993, 0.4654, 0.7497, 0.6465, 0.8561,
        0.7171, 0.7507, 0.5178, 0.2271, 0.1493, 0.9127, 0.8524, 0.4513, 0.7144,
        0.3077, 0.0389, 0.5187, 0.4640, 0.5564, 0.0981, 0.4341, 0.4526, 0.5780,
        0.6240, 0.9150, 0.9117, 0.5658, 0.8363, 0.2464, 0.9072, 0.9621, 0.0246,
        0.7791, 0.2255, 0.9656, 0.3174, 0.1295, 0.4818, 0.0763, 0.3453, 0.5779,
        0.7950, 0.0478, 0.8411, 0.8453, 0.6992, 0.5719, 0.3309, 0.9492, 0.4373,
        0.6595, 0.7372, 0.6846, 0.6199, 0.2169, 0.6577, 0.8728, 0.6671, 0.8391,
        0.5300, 0.7270, 0.7125, 0.5220, 0.4440, 0.3829, 0.7901, 0.9535, 0.7371])
Correlation for training set: 0.9668770644142727
Predicted tensors for test set: 
tensor([0.5794, 0.6560, 0.6069, 0.4119, 0.5752, 0.6523, 0.4621, 0.7191, 0.6734,
        0.6091, 0.5348, 0.8122, 0.5773, 0.6337, 0.1395, 0.6437, 0.7035, 0.5515])
Target tensors for test set: 
tensor([0.1218, 0.0636, 0.4036, 0.1294, 0.5023, 0.7462, 0.8988, 0.7596, 0.5102,
        0.2916, 0.8418, 0.2594, 0.2394, 0.8556, 0.6576, 0.1360, 0.9215, 0.2649])
Correlation for test set: -0.07322839583295396
Fold 5
Epoch: 00, Training Loss: 0.0767, Train MSE: 0.0767, r (train): 0.2254, Test MSE: 0.0448, r (test): 0.4541
Epoch: 01, Training Loss: 0.0749, Train MSE: 0.0749, r (train): 0.3399, Test MSE: 0.0429, r (test): 0.4423
Epoch: 02, Training Loss: 0.0734, Train MSE: 0.0734, r (train): 0.4135, Test MSE: 0.0421, r (test): 0.4249
Epoch: 03, Training Loss: 0.0717, Train MSE: 0.0717, r (train): 0.4792, Test MSE: 0.0418, r (test): 0.3934
Epoch: 04, Training Loss: 0.0702, Train MSE: 0.0702, r (train): 0.5340, Test MSE: 0.0409, r (test): 0.4026
Epoch: 05, Training Loss: 0.0678, Train MSE: 0.0678, r (train): 0.6029, Test MSE: 0.0401, r (test): 0.4139
Epoch: 06, Training Loss: 0.0657, Train MSE: 0.0657, r (train): 0.6535, Test MSE: 0.0395, r (test): 0.3988
Epoch: 07, Training Loss: 0.0632, Train MSE: 0.0632, r (train): 0.6910, Test MSE: 0.0400, r (test): 0.3787
Epoch: 08, Training Loss: 0.0602, Train MSE: 0.0602, r (train): 0.7379, Test MSE: 0.0397, r (test): 0.3680
Epoch: 09, Training Loss: 0.0572, Train MSE: 0.0572, r (train): 0.7543, Test MSE: 0.0370, r (test): 0.3780
Epoch: 10, Training Loss: 0.0531, Train MSE: 0.0531, r (train): 0.7804, Test MSE: 0.0363, r (test): 0.3790
Epoch: 11, Training Loss: 0.0498, Train MSE: 0.0498, r (train): 0.8011, Test MSE: 0.0350, r (test): 0.3489
Epoch: 12, Training Loss: 0.0443, Train MSE: 0.0443, r (train): 0.8280, Test MSE: 0.0346, r (test): 0.3540
Epoch: 13, Training Loss: 0.0378, Train MSE: 0.0378, r (train): 0.8474, Test MSE: 0.0372, r (test): 0.3214
Epoch: 14, Training Loss: 0.0302, Train MSE: 0.0302, r (train): 0.8789, Test MSE: 0.0396, r (test): 0.2738
Epoch: 15, Training Loss: 0.0247, Train MSE: 0.0247, r (train): 0.8924, Test MSE: 0.0442, r (test): 0.2324
Epoch: 16, Training Loss: 0.0160, Train MSE: 0.0160, r (train): 0.9249, Test MSE: 0.0491, r (test): 0.2100
Epoch: 17, Training Loss: 0.0116, Train MSE: 0.0116, r (train): 0.9385, Test MSE: 0.0628, r (test): 0.1334
Epoch: 18, Training Loss: 0.0076, Train MSE: 0.0076, r (train): 0.9550, Test MSE: 0.0714, r (test): 0.0924
Epoch: 19, Training Loss: 0.0088, Train MSE: 0.0088, r (train): 0.9597, Test MSE: 0.0677, r (test): 0.0324
Epoch: 20, Training Loss: 0.0098, Train MSE: 0.0098, r (train): 0.9383, Test MSE: 0.0797, r (test): -0.0218
Epoch: 21, Training Loss: 0.0264, Train MSE: 0.0264, r (train): 0.9439, Test MSE: 0.1600, r (test): -0.0164
Epoch: 22, Training Loss: 0.0343, Train MSE: 0.0343, r (train): 0.9331, Test MSE: 0.1660, r (test): 0.0152
Epoch: 23, Training Loss: 0.0231, Train MSE: 0.0231, r (train): 0.9220, Test MSE: 0.0409, r (test): 0.3071
Epoch: 24, Training Loss: 0.0036, Train MSE: 0.0036, r (train): 0.9777, Test MSE: 0.0658, r (test): 0.2436
Epoch: 25, Training Loss: 0.0065, Train MSE: 0.0065, r (train): 0.9787, Test MSE: 0.0957, r (test): 0.0878
Epoch: 26, Training Loss: 0.0129, Train MSE: 0.0129, r (train): 0.9675, Test MSE: 0.0572, r (test): 0.0735
Epoch: 27, Training Loss: 0.0327, Train MSE: 0.0327, r (train): 0.9522, Test MSE: 0.0437, r (test): 0.2025
Epoch: 28, Training Loss: 0.0332, Train MSE: 0.0332, r (train): 0.9553, Test MSE: 0.0439, r (test): 0.1784
Epoch: 29, Training Loss: 0.0083, Train MSE: 0.0083, r (train): 0.9581, Test MSE: 0.0657, r (test): 0.0783
Epoch: 30, Training Loss: 0.0319, Train MSE: 0.0319, r (train): 0.9646, Test MSE: 0.1483, r (test): 0.1497
Epoch: 31, Training Loss: 0.0244, Train MSE: 0.0244, r (train): 0.9641, Test MSE: 0.1165, r (test): 0.2455
Epoch: 32, Training Loss: 0.0067, Train MSE: 0.0067, r (train): 0.9767, Test MSE: 0.0864, r (test): 0.2022
Epoch: 33, Training Loss: 0.0068, Train MSE: 0.0068, r (train): 0.9652, Test MSE: 0.0660, r (test): 0.0843
Epoch: 34, Training Loss: 0.0042, Train MSE: 0.0042, r (train): 0.9775, Test MSE: 0.0688, r (test): 0.0758
Epoch: 35, Training Loss: 0.0190, Train MSE: 0.0190, r (train): 0.9727, Test MSE: 0.1308, r (test): 0.0678
Epoch: 36, Training Loss: 0.0076, Train MSE: 0.0076, r (train): 0.9784, Test MSE: 0.0920, r (test): 0.1589
Epoch: 37, Training Loss: 0.0111, Train MSE: 0.0111, r (train): 0.9617, Test MSE: 0.0529, r (test): 0.1708
Epoch: 38, Training Loss: 0.0069, Train MSE: 0.0069, r (train): 0.9764, Test MSE: 0.0685, r (test): 0.0905
Epoch: 39, Training Loss: 0.0136, Train MSE: 0.0136, r (train): 0.9716, Test MSE: 0.1211, r (test): 0.1075
Epoch: 40, Training Loss: 0.0042, Train MSE: 0.0042, r (train): 0.9763, Test MSE: 0.0758, r (test): 0.1463
Epoch: 41, Training Loss: 0.0269, Train MSE: 0.0269, r (train): 0.9648, Test MSE: 0.0448, r (test): 0.1539
Epoch: 42, Training Loss: 0.0046, Train MSE: 0.0046, r (train): 0.9720, Test MSE: 0.0736, r (test): 0.1371
Epoch: 43, Training Loss: 0.0115, Train MSE: 0.0115, r (train): 0.9696, Test MSE: 0.1089, r (test): 0.1207
Epoch: 44, Training Loss: 0.0092, Train MSE: 0.0092, r (train): 0.9657, Test MSE: 0.0560, r (test): 0.1342
Epoch: 45, Training Loss: 0.0340, Train MSE: 0.0340, r (train): 0.9679, Test MSE: 0.0519, r (test): 0.0546
Epoch: 46, Training Loss: 0.0040, Train MSE: 0.0040, r (train): 0.9775, Test MSE: 0.0861, r (test): 0.0761
Epoch: 47, Training Loss: 0.0053, Train MSE: 0.0053, r (train): 0.9685, Test MSE: 0.0868, r (test): 0.0902
Epoch: 48, Training Loss: 0.0135, Train MSE: 0.0135, r (train): 0.9553, Test MSE: 0.0577, r (test): 0.1013
Epoch: 49, Training Loss: 0.0316, Train MSE: 0.0316, r (train): 0.9340, Test MSE: 0.0545, r (test): -0.0159
Epoch: 50, Training Loss: 0.0046, Train MSE: 0.0046, r (train): 0.9728, Test MSE: 0.0890, r (test): -0.0152
Epoch: 51, Training Loss: 0.0120, Train MSE: 0.0120, r (train): 0.9695, Test MSE: 0.1203, r (test): -0.0117
Epoch: 52, Training Loss: 0.0094, Train MSE: 0.0094, r (train): 0.9449, Test MSE: 0.0705, r (test): 0.0063
Epoch: 53, Training Loss: 0.0146, Train MSE: 0.0146, r (train): 0.9184, Test MSE: 0.0721, r (test): 0.0055
Epoch: 54, Training Loss: 0.0191, Train MSE: 0.0191, r (train): 0.9544, Test MSE: 0.1430, r (test): -0.1664
Epoch: 55, Training Loss: 0.0280, Train MSE: 0.0280, r (train): 0.9558, Test MSE: 0.1703, r (test): -0.0968
Epoch: 56, Training Loss: 0.0396, Train MSE: 0.0396, r (train): 0.9497, Test MSE: 0.1917, r (test): -0.1630
Epoch: 57, Training Loss: 0.0383, Train MSE: 0.0383, r (train): 0.9192, Test MSE: 0.1781, r (test): -0.0977
Epoch: 58, Training Loss: 0.0370, Train MSE: 0.0370, r (train): 0.9284, Test MSE: 0.1751, r (test): -0.0432
Epoch: 59, Training Loss: 0.0224, Train MSE: 0.0224, r (train): 0.9329, Test MSE: 0.1344, r (test): 0.0626
Epoch: 60, Training Loss: 0.0260, Train MSE: 0.0260, r (train): 0.9465, Test MSE: 0.1515, r (test): 0.0536
Epoch: 61, Training Loss: 0.0450, Train MSE: 0.0450, r (train): 0.9353, Test MSE: 0.1763, r (test): 0.0344
Epoch: 62, Training Loss: 0.0159, Train MSE: 0.0159, r (train): 0.9292, Test MSE: 0.1067, r (test): 0.1042
Epoch: 63, Training Loss: 0.0169, Train MSE: 0.0169, r (train): 0.9360, Test MSE: 0.0535, r (test): 0.1614
Epoch: 64, Training Loss: 0.0185, Train MSE: 0.0185, r (train): 0.9403, Test MSE: 0.0576, r (test): 0.1456
Epoch: 65, Training Loss: 0.0187, Train MSE: 0.0187, r (train): 0.9193, Test MSE: 0.0573, r (test): 0.2163
Epoch: 66, Training Loss: 0.0319, Train MSE: 0.0319, r (train): 0.9200, Test MSE: 0.0458, r (test): 0.1885
Epoch: 67, Training Loss: 0.0600, Train MSE: 0.0600, r (train): 0.8970, Test MSE: 0.0394, r (test): 0.3024
Epoch: 68, Training Loss: 0.0487, Train MSE: 0.0487, r (train): 0.9126, Test MSE: 0.0331, r (test): 0.3516
Epoch: 69, Training Loss: 0.0484, Train MSE: 0.0484, r (train): 0.9223, Test MSE: 0.0405, r (test): 0.2812
Epoch: 70, Training Loss: 0.0204, Train MSE: 0.0204, r (train): 0.9332, Test MSE: 0.0504, r (test): 0.1694
Epoch: 71, Training Loss: 0.0142, Train MSE: 0.0142, r (train): 0.9285, Test MSE: 0.1034, r (test): -0.0562
Epoch: 72, Training Loss: 0.0149, Train MSE: 0.0149, r (train): 0.9396, Test MSE: 0.1059, r (test): -0.0201
Epoch: 73, Training Loss: 0.0387, Train MSE: 0.0387, r (train): 0.9115, Test MSE: 0.1651, r (test): -0.0746
Epoch: 74, Training Loss: 0.0306, Train MSE: 0.0306, r (train): 0.8999, Test MSE: 0.1461, r (test): -0.0445
Epoch: 75, Training Loss: 0.0412, Train MSE: 0.0412, r (train): 0.9153, Test MSE: 0.1605, r (test): -0.0067
Epoch: 76, Training Loss: 0.0285, Train MSE: 0.0285, r (train): 0.9205, Test MSE: 0.1225, r (test): 0.1891
Epoch: 77, Training Loss: 0.0245, Train MSE: 0.0245, r (train): 0.9270, Test MSE: 0.1301, r (test): 0.1096
Epoch: 78, Training Loss: 0.0100, Train MSE: 0.0100, r (train): 0.9394, Test MSE: 0.0513, r (test): 0.2876
Epoch: 79, Training Loss: 0.0350, Train MSE: 0.0350, r (train): 0.9439, Test MSE: 0.0369, r (test): 0.2933
Epoch: 80, Training Loss: 0.0237, Train MSE: 0.0237, r (train): 0.9639, Test MSE: 0.0409, r (test): 0.2477
Epoch: 81, Training Loss: 0.0066, Train MSE: 0.0066, r (train): 0.9638, Test MSE: 0.0806, r (test): 0.0774
Epoch: 82, Training Loss: 0.0243, Train MSE: 0.0243, r (train): 0.9583, Test MSE: 0.1441, r (test): -0.0611
Epoch: 83, Training Loss: 0.0350, Train MSE: 0.0350, r (train): 0.9468, Test MSE: 0.1683, r (test): -0.0753
Epoch: 84, Training Loss: 0.0104, Train MSE: 0.0104, r (train): 0.9522, Test MSE: 0.0965, r (test): 0.0223
Epoch: 85, Training Loss: 0.0228, Train MSE: 0.0228, r (train): 0.9424, Test MSE: 0.0394, r (test): 0.2722
Epoch: 86, Training Loss: 0.0187, Train MSE: 0.0187, r (train): 0.9625, Test MSE: 0.0409, r (test): 0.2925
Epoch: 87, Training Loss: 0.0064, Train MSE: 0.0064, r (train): 0.9633, Test MSE: 0.0743, r (test): 0.1529
Epoch: 88, Training Loss: 0.0197, Train MSE: 0.0197, r (train): 0.9568, Test MSE: 0.1268, r (test): -0.0673
Epoch: 89, Training Loss: 0.0179, Train MSE: 0.0179, r (train): 0.9513, Test MSE: 0.1288, r (test): -0.0601
Epoch: 90, Training Loss: 0.0072, Train MSE: 0.0072, r (train): 0.9605, Test MSE: 0.0634, r (test): 0.1689
Epoch: 91, Training Loss: 0.0318, Train MSE: 0.0318, r (train): 0.9562, Test MSE: 0.0324, r (test): 0.3478
Epoch: 92, Training Loss: 0.0168, Train MSE: 0.0168, r (train): 0.9609, Test MSE: 0.0498, r (test): 0.2186
Epoch: 93, Training Loss: 0.0076, Train MSE: 0.0076, r (train): 0.9569, Test MSE: 0.0719, r (test): 0.0985
Epoch: 94, Training Loss: 0.0171, Train MSE: 0.0171, r (train): 0.9641, Test MSE: 0.1143, r (test): 0.0888
Epoch: 95, Training Loss: 0.0070, Train MSE: 0.0070, r (train): 0.9724, Test MSE: 0.0898, r (test): 0.0340
Epoch: 96, Training Loss: 0.0255, Train MSE: 0.0255, r (train): 0.9573, Test MSE: 0.0438, r (test): 0.1969
Epoch: 97, Training Loss: 0.0263, Train MSE: 0.0263, r (train): 0.9654, Test MSE: 0.0457, r (test): 0.1545
Epoch: 98, Training Loss: 0.0078, Train MSE: 0.0078, r (train): 0.9658, Test MSE: 0.0615, r (test): 0.1596
Epoch: 99, Training Loss: 0.0138, Train MSE: 0.0138, r (train): 0.9526, Test MSE: 0.1052, r (test): 0.0411
Predicted tensors for training set: 
tensor([ 0.5369,  0.4836, -0.0399,  0.3139,  0.4491,  0.4144,  0.5525,  0.5431,
         0.6653,  0.4826,  0.5829,  0.3323,  0.1201,  0.1471,  0.8074,  0.7937,
         0.1313,  0.6688,  0.2966,  0.0454,  0.5625,  0.4176,  0.6173,  0.0531,
         0.5595,  0.4975,  0.6474,  0.7173,  0.9568,  1.0282,  0.5341,  0.9177,
         0.2335,  0.9634,  0.9827, -0.0179,  0.7563,  0.1462,  0.9484,  0.2737,
         0.0445,  0.5905, -0.1095,  0.2369,  0.4055,  0.7020, -0.2160,  0.6511,
         0.7131,  0.4512,  0.4058,  0.1228,  0.8366,  0.2662, -0.0466, -0.0617,
         0.2639, -0.0414,  0.4221,  0.6183,  0.8469,  0.7132,  0.4560,  0.2691,
         0.8063,  0.2351,  0.2261,  0.8424,  0.6172,  0.1493,  0.8664,  0.2017])
Target tensorsfor training set: 
tensor([0.5783, 0.5573, 0.1055, 0.4149, 0.4993, 0.4654, 0.7497, 0.6465, 0.8561,
        0.7171, 0.7507, 0.5178, 0.2271, 0.1493, 0.9127, 0.8524, 0.4513, 0.7144,
        0.3077, 0.0389, 0.5187, 0.4640, 0.5564, 0.0981, 0.4341, 0.4526, 0.5780,
        0.6240, 0.9150, 0.9117, 0.5658, 0.8363, 0.2464, 0.9072, 0.9621, 0.0246,
        0.7791, 0.2255, 0.9656, 0.3174, 0.1295, 0.4818, 0.0763, 0.3453, 0.5779,
        0.7950, 0.0478, 0.8411, 0.8453, 0.6992, 0.5719, 0.3309, 0.9492, 0.4373,
        0.1218, 0.0636, 0.4036, 0.1294, 0.5023, 0.7462, 0.8988, 0.7596, 0.5102,
        0.2916, 0.8418, 0.2594, 0.2394, 0.8556, 0.6576, 0.1360, 0.9215, 0.2649])
Correlation for training set: 0.952566320287011
Predicted tensors for test set: 
tensor([0.5802, 0.2238, 0.4141, 0.6686, 0.3347, 0.1153, 0.4183, 0.3604, 0.2646,
        0.2792, 0.4760, 0.4031, 0.3708, 0.4029, 0.6124, 0.4987, 0.5631, 0.4671])
Target tensors for test set: 
tensor([0.6595, 0.7372, 0.6846, 0.6199, 0.2169, 0.6577, 0.8728, 0.6671, 0.8391,
        0.5300, 0.7270, 0.7125, 0.5220, 0.4440, 0.3829, 0.7901, 0.9535, 0.7371])
Correlation for test set: 0.04108105902950564
Seed: 1
Fold losses: [tensor(0.0139), tensor(0.0104), tensor(0.0103), tensor(0.0081), tensor(0.0138)]
Fold MSE values: [tensor(0.0139), tensor(0.0104), tensor(0.0103), tensor(0.0081), tensor(0.0138)]
Target training values: [tensor([0.3077, 0.0389, 0.5187, 0.4640, 0.5564, 0.0981, 0.4341, 0.4526, 0.5780,
        0.6240, 0.9150, 0.9117, 0.5658, 0.8363, 0.2464, 0.9072, 0.9621, 0.0246,
        0.7791, 0.2255, 0.9656, 0.3174, 0.1295, 0.4818, 0.0763, 0.3453, 0.5779,
        0.7950, 0.0478, 0.8411, 0.8453, 0.6992, 0.5719, 0.3309, 0.9492, 0.4373,
        0.1218, 0.0636, 0.4036, 0.1294, 0.5023, 0.7462, 0.8988, 0.7596, 0.5102,
        0.2916, 0.8418, 0.2594, 0.2394, 0.8556, 0.6576, 0.1360, 0.9215, 0.2649,
        0.6595, 0.7372, 0.6846, 0.6199, 0.2169, 0.6577, 0.8728, 0.6671, 0.8391,
        0.5300, 0.7270, 0.7125, 0.5220, 0.4440, 0.3829, 0.7901, 0.9535, 0.7371]), tensor([0.5783, 0.5573, 0.1055, 0.4149, 0.4993, 0.4654, 0.7497, 0.6465, 0.8561,
        0.7171, 0.7507, 0.5178, 0.2271, 0.1493, 0.9127, 0.8524, 0.4513, 0.7144,
        0.7791, 0.2255, 0.9656, 0.3174, 0.1295, 0.4818, 0.0763, 0.3453, 0.5779,
        0.7950, 0.0478, 0.8411, 0.8453, 0.6992, 0.5719, 0.3309, 0.9492, 0.4373,
        0.1218, 0.0636, 0.4036, 0.1294, 0.5023, 0.7462, 0.8988, 0.7596, 0.5102,
        0.2916, 0.8418, 0.2594, 0.2394, 0.8556, 0.6576, 0.1360, 0.9215, 0.2649,
        0.6595, 0.7372, 0.6846, 0.6199, 0.2169, 0.6577, 0.8728, 0.6671, 0.8391,
        0.5300, 0.7270, 0.7125, 0.5220, 0.4440, 0.3829, 0.7901, 0.9535, 0.7371]), tensor([0.5783, 0.5573, 0.1055, 0.4149, 0.4993, 0.4654, 0.7497, 0.6465, 0.8561,
        0.7171, 0.7507, 0.5178, 0.2271, 0.1493, 0.9127, 0.8524, 0.4513, 0.7144,
        0.3077, 0.0389, 0.5187, 0.4640, 0.5564, 0.0981, 0.4341, 0.4526, 0.5780,
        0.6240, 0.9150, 0.9117, 0.5658, 0.8363, 0.2464, 0.9072, 0.9621, 0.0246,
        0.1218, 0.0636, 0.4036, 0.1294, 0.5023, 0.7462, 0.8988, 0.7596, 0.5102,
        0.2916, 0.8418, 0.2594, 0.2394, 0.8556, 0.6576, 0.1360, 0.9215, 0.2649,
        0.6595, 0.7372, 0.6846, 0.6199, 0.2169, 0.6577, 0.8728, 0.6671, 0.8391,
        0.5300, 0.7270, 0.7125, 0.5220, 0.4440, 0.3829, 0.7901, 0.9535, 0.7371]), tensor([0.5783, 0.5573, 0.1055, 0.4149, 0.4993, 0.4654, 0.7497, 0.6465, 0.8561,
        0.7171, 0.7507, 0.5178, 0.2271, 0.1493, 0.9127, 0.8524, 0.4513, 0.7144,
        0.3077, 0.0389, 0.5187, 0.4640, 0.5564, 0.0981, 0.4341, 0.4526, 0.5780,
        0.6240, 0.9150, 0.9117, 0.5658, 0.8363, 0.2464, 0.9072, 0.9621, 0.0246,
        0.7791, 0.2255, 0.9656, 0.3174, 0.1295, 0.4818, 0.0763, 0.3453, 0.5779,
        0.7950, 0.0478, 0.8411, 0.8453, 0.6992, 0.5719, 0.3309, 0.9492, 0.4373,
        0.6595, 0.7372, 0.6846, 0.6199, 0.2169, 0.6577, 0.8728, 0.6671, 0.8391,
        0.5300, 0.7270, 0.7125, 0.5220, 0.4440, 0.3829, 0.7901, 0.9535, 0.7371]), tensor([0.5783, 0.5573, 0.1055, 0.4149, 0.4993, 0.4654, 0.7497, 0.6465, 0.8561,
        0.7171, 0.7507, 0.5178, 0.2271, 0.1493, 0.9127, 0.8524, 0.4513, 0.7144,
        0.3077, 0.0389, 0.5187, 0.4640, 0.5564, 0.0981, 0.4341, 0.4526, 0.5780,
        0.6240, 0.9150, 0.9117, 0.5658, 0.8363, 0.2464, 0.9072, 0.9621, 0.0246,
        0.7791, 0.2255, 0.9656, 0.3174, 0.1295, 0.4818, 0.0763, 0.3453, 0.5779,
        0.7950, 0.0478, 0.8411, 0.8453, 0.6992, 0.5719, 0.3309, 0.9492, 0.4373,
        0.1218, 0.0636, 0.4036, 0.1294, 0.5023, 0.7462, 0.8988, 0.7596, 0.5102,
        0.2916, 0.8418, 0.2594, 0.2394, 0.8556, 0.6576, 0.1360, 0.9215, 0.2649])]
Prediction training values: [tensor([0.4577, 0.1428, 0.5780, 0.5488, 0.7230, 0.1549, 0.4399, 0.5094, 0.5765,
        0.6189, 1.0414, 1.0094, 0.6454, 0.8809, 0.4922, 0.9690, 1.0522, 0.1382,
        0.8746, 0.3762, 1.0905, 0.3315, 0.2013, 0.5630, 0.0661, 0.4272, 0.7179,
        0.7050, 0.1612, 0.8111, 0.7490, 0.7511, 0.4790, 0.3431, 0.9099, 0.3057,
        0.1004, 0.0572, 0.3317, 0.1733, 0.4415, 0.6999, 0.8671, 0.7241, 0.5908,
        0.3482, 0.8952, 0.3463, 0.3380, 0.9854, 0.7417, 0.3133, 1.1172, 0.4725,
        0.8980, 0.9198, 0.8870, 0.8089, 0.3937, 0.8567, 1.0713, 0.8542, 1.0359,
        0.7635, 0.8877, 0.8081, 0.6121, 0.4783, 0.4425, 0.8004, 1.0898, 0.7524]), tensor([ 0.6224,  0.4824,  0.0659,  0.4341,  0.4636,  0.3678,  0.6767,  0.5938,
         0.8553,  0.6369,  0.7290,  0.4849,  0.1858,  0.0785,  0.9232,  0.7975,
         0.3879,  0.7070,  0.7322,  0.1894,  0.9632,  0.3322,  0.1783,  0.5306,
         0.0961,  0.4015,  0.6974,  0.8061,  0.1427,  0.8478,  0.8382,  0.7112,
         0.5624,  0.2924,  0.9015,  0.3392,  0.0092, -0.1148,  0.2773,  0.0286,
         0.3596,  0.6266,  0.7287,  0.7099,  0.4253,  0.2622,  0.8271,  0.2531,
         0.2239,  0.9518,  0.7488,  0.1862,  1.0951,  0.3476,  0.7594,  0.9855,
         0.8820,  0.8525,  0.3384,  0.9215,  1.1124,  0.7987,  1.0481,  0.6922,
         0.8736,  0.7951,  0.6153,  0.5159,  0.4323,  0.8552,  0.9839,  0.7413]), tensor([ 4.9544e-01,  5.3702e-01,  7.5344e-02,  3.4919e-01,  4.4585e-01,
         4.0706e-01,  6.7760e-01,  5.5995e-01,  7.4279e-01,  5.5721e-01,
         5.9419e-01,  3.4613e-01,  3.2221e-02,  4.2805e-04,  7.1114e-01,
         7.0426e-01,  1.4827e-01,  6.3765e-01,  1.8480e-01, -1.5881e-02,
         4.3296e-01,  4.3978e-01,  5.0373e-01,  2.3601e-02,  3.5888e-01,
         3.7919e-01,  4.7884e-01,  4.7681e-01,  8.1761e-01,  8.4119e-01,
         4.2947e-01,  6.8014e-01,  8.8751e-02,  6.8554e-01,  8.0715e-01,
        -1.1143e-01,  7.3753e-03, -8.9657e-02,  2.9357e-01,  1.6333e-02,
         3.8762e-01,  6.7050e-01,  8.2503e-01,  7.1226e-01,  4.6731e-01,
         2.9376e-01,  8.2403e-01,  2.9557e-01,  2.7894e-01,  9.8810e-01,
         7.1405e-01,  1.6401e-01,  1.0139e+00,  2.9045e-01,  7.4155e-01,
         8.0194e-01,  7.1234e-01,  6.6663e-01,  2.3272e-01,  7.0119e-01,
         9.0767e-01,  6.9923e-01,  8.4656e-01,  5.3013e-01,  7.3849e-01,
         6.8309e-01,  5.2069e-01,  4.5148e-01,  3.3331e-01,  8.0386e-01,
         9.9439e-01,  7.2580e-01]), tensor([ 0.5525,  0.5735,  0.0238,  0.4419,  0.4678,  0.4113,  0.6607,  0.6290,
         0.8715,  0.7174,  0.7481,  0.5209,  0.2530,  0.1626,  0.8179,  0.8761,
         0.4419,  0.7625,  0.2876, -0.0466,  0.5475,  0.5236,  0.6917,  0.0806,
         0.4871,  0.4457,  0.6340,  0.5396,  1.0119,  0.9728,  0.5593,  0.8602,
         0.1482,  0.9857,  0.9588, -0.0057,  0.8252,  0.1595,  0.9496,  0.3345,
         0.0899,  0.4229,  0.0287,  0.3771,  0.6946,  0.7703,  0.0850,  0.9461,
         1.0164,  0.7408,  0.6870,  0.4293,  1.1382,  0.6386,  0.8453,  0.8693,
         0.8457,  0.7915,  0.3571,  0.8519,  1.0644,  0.7996,  0.9913,  0.6334,
         0.8775,  0.8225,  0.6053,  0.4805,  0.4388,  0.8114,  0.9895,  0.7159]), tensor([ 0.5369,  0.4836, -0.0399,  0.3139,  0.4491,  0.4144,  0.5525,  0.5431,
         0.6653,  0.4826,  0.5829,  0.3323,  0.1201,  0.1471,  0.8074,  0.7937,
         0.1313,  0.6688,  0.2966,  0.0454,  0.5625,  0.4176,  0.6173,  0.0531,
         0.5595,  0.4975,  0.6474,  0.7173,  0.9568,  1.0282,  0.5341,  0.9177,
         0.2335,  0.9634,  0.9827, -0.0179,  0.7563,  0.1462,  0.9484,  0.2737,
         0.0445,  0.5905, -0.1095,  0.2369,  0.4055,  0.7020, -0.2160,  0.6511,
         0.7131,  0.4512,  0.4058,  0.1228,  0.8366,  0.2662, -0.0466, -0.0617,
         0.2639, -0.0414,  0.4221,  0.6183,  0.8469,  0.7132,  0.4560,  0.2691,
         0.8063,  0.2351,  0.2261,  0.8424,  0.6172,  0.1493,  0.8664,  0.2017])]
Target values: [array([0.57832706, 0.55726975, 0.10552448, 0.41493568, 0.4993471 ,
       0.46544507, 0.7497406 , 0.6464906 , 0.85610735, 0.71714455,
       0.75073236, 0.51780254, 0.22711647, 0.14931566, 0.912732  ,
       0.8524316 , 0.45128736, 0.71435624], dtype=float32), array([0.30766785, 0.03887437, 0.518717  , 0.46398443, 0.55641776,
       0.09805249, 0.43409458, 0.45263878, 0.578045  , 0.62399   ,
       0.91498566, 0.9116711 , 0.5658469 , 0.83626515, 0.24636388,
       0.9071598 , 0.96213573, 0.02463444], dtype=float32), array([0.77910316, 0.2254639 , 0.96564525, 0.31742746, 0.12948532,
       0.48182514, 0.07633217, 0.34531343, 0.5778506 , 0.79497874,
       0.04781396, 0.84113044, 0.84525365, 0.69921327, 0.57190746,
       0.33092642, 0.9491663 , 0.4372734 ], dtype=float32), array([0.12180944, 0.06358391, 0.40355092, 0.12937951, 0.50225437,
       0.7462256 , 0.89876264, 0.75962484, 0.51015127, 0.29163042,
       0.8417677 , 0.25936916, 0.23939352, 0.85557973, 0.6576234 ,
       0.1360485 , 0.9215425 , 0.2649091 ], dtype=float32), array([0.659493  , 0.73719215, 0.6846425 , 0.6198749 , 0.21692123,
       0.65769196, 0.8728059 , 0.6671056 , 0.8390776 , 0.52996147,
       0.72703534, 0.71252435, 0.5220161 , 0.44401234, 0.38285765,
       0.7900961 , 0.95346546, 0.73709923], dtype=float32)]
Prediction values: [array([0.8954462 , 0.70713514, 0.8195037 , 0.4827959 , 0.72115505,
       0.7311473 , 0.5816399 , 0.72660226, 0.5329711 , 0.7801013 ,
       0.48631024, 0.5842334 , 0.5937306 , 0.56084895, 0.6470811 ,
       0.84566605, 0.9458095 , 0.33137292], dtype=float32), array([0.5169191 , 0.6581203 , 0.62616765, 0.5797202 , 0.42449874,
       0.64232224, 0.469508  , 0.62827045, 0.42217082, 0.6296793 ,
       0.63690007, 0.5814157 , 0.6339657 , 0.7898551 , 0.7468911 ,
       0.6465436 , 0.71751153, 0.53294575], dtype=float32), array([0.3957907 , 0.30581903, 0.70994735, 0.3507247 , 0.64619946,
       0.38179505, 0.49352103, 0.34322602, 0.74030286, 0.39056528,
       0.76982105, 0.40839362, 0.5592947 , 0.5772174 , 0.59915453,
       0.4108274 , 0.42132336, 0.3039853 ], dtype=float32), array([0.5793946 , 0.6560084 , 0.60687864, 0.41185755, 0.57522726,
       0.65231216, 0.4620862 , 0.7191107 , 0.6733611 , 0.6090575 ,
       0.5348193 , 0.8121694 , 0.5772902 , 0.6337022 , 0.1394721 ,
       0.6436655 , 0.7035352 , 0.551515  ], dtype=float32), array([0.5801969 , 0.22381353, 0.41407356, 0.6686468 , 0.3347252 ,
       0.11534408, 0.41834816, 0.360363  , 0.26460716, 0.2792012 ,
       0.4760078 , 0.40313545, 0.37078446, 0.4029169 , 0.6123676 ,
       0.49869817, 0.56312233, 0.46708176], dtype=float32)]
Time taken: 1109.2242357730865 seconds
