sh: line 1: logger: command not found
/apps/conda/25.3.1/etc/profile.d/conda.sh: line 69: dirname: command not found
/apps/conda/25.3.1/etc/profile.d/conda.sh: line 69: dirname: command not found
/apps/conda/25.3.1/etc/profile.d/mamba.sh: line 59: basename: command not found
Error unknown MAMBA_EXE: "/apps/conda/25.3.1/bin/mamba", filename must be mamba or micromamba
Lmod has detected the following error: This module can only be used on RHEL9 nodes. 
While processing the following module(s):
    Module fullname  Module Filename
    ---------------  ---------------
    gcc/14.2.0       /apps/lmod/modulefiles/core/gcc/14.2.0.lua

pointnet_hippocampus_fs_08.py
/blue/stevenweisberg/ashishkumarsahoo/hippocampAI/conda_pyg_070923/lib/python3.8/site-packages/torch/cuda/__init__.py:155: UserWarning: 
NVIDIA B200 with CUDA capability sm_100 is not compatible with the current PyTorch installation.
The current PyTorch install supports CUDA capabilities sm_37 sm_50 sm_60 sm_61 sm_70 sm_75 sm_80 sm_86 compute_37.
If you want to use the NVIDIA B200 GPU with PyTorch, please check the instructions at https://pytorch.org/get-started/locally/

  warnings.warn(incompatible_device_warn.format(device_name, capability, " ".join(arch_list), device_name))
Number of GPUs available for training: 1
Fold 1
Epoch: 00, Training Loss: 0.0766, Train MSE: 0.0766, r (train): 0.2697, Test MSE: 0.0824, r (test): -0.0823
Epoch: 01, Training Loss: 0.0748, Train MSE: 0.0748, r (train): 0.3559, Test MSE: 0.0820, r (test): -0.0897
Epoch: 02, Training Loss: 0.0734, Train MSE: 0.0734, r (train): 0.4181, Test MSE: 0.0814, r (test): -0.0506
Epoch: 03, Training Loss: 0.0713, Train MSE: 0.0713, r (train): 0.4902, Test MSE: 0.0808, r (test): -0.0396
Epoch: 04, Training Loss: 0.0695, Train MSE: 0.0695, r (train): 0.5511, Test MSE: 0.0807, r (test): -0.0700
Epoch: 05, Training Loss: 0.0676, Train MSE: 0.0676, r (train): 0.6101, Test MSE: 0.0808, r (test): -0.1118
Epoch: 06, Training Loss: 0.0661, Train MSE: 0.0661, r (train): 0.6656, Test MSE: 0.0812, r (test): -0.1155
Epoch: 07, Training Loss: 0.0648, Train MSE: 0.0648, r (train): 0.7028, Test MSE: 0.0817, r (test): -0.0926
Epoch: 08, Training Loss: 0.0638, Train MSE: 0.0638, r (train): 0.7348, Test MSE: 0.0833, r (test): -0.1364
Epoch: 09, Training Loss: 0.0618, Train MSE: 0.0618, r (train): 0.7493, Test MSE: 0.0831, r (test): -0.1415
Epoch: 10, Training Loss: 0.0588, Train MSE: 0.0588, r (train): 0.7849, Test MSE: 0.0836, r (test): -0.1751
Epoch: 11, Training Loss: 0.0564, Train MSE: 0.0564, r (train): 0.8138, Test MSE: 0.0863, r (test): -0.1754
Epoch: 12, Training Loss: 0.0506, Train MSE: 0.0506, r (train): 0.8299, Test MSE: 0.0865, r (test): -0.1343
Epoch: 13, Training Loss: 0.0496, Train MSE: 0.0496, r (train): 0.8430, Test MSE: 0.0896, r (test): -0.1076
Epoch: 14, Training Loss: 0.0390, Train MSE: 0.0390, r (train): 0.8602, Test MSE: 0.0874, r (test): -0.0969
Epoch: 15, Training Loss: 0.0324, Train MSE: 0.0324, r (train): 0.8572, Test MSE: 0.0869, r (test): -0.0691
Epoch: 16, Training Loss: 0.0259, Train MSE: 0.0259, r (train): 0.8597, Test MSE: 0.0863, r (test): -0.1088
Epoch: 17, Training Loss: 0.0239, Train MSE: 0.0239, r (train): 0.8606, Test MSE: 0.0899, r (test): -0.1355
Epoch: 18, Training Loss: 0.0247, Train MSE: 0.0247, r (train): 0.8504, Test MSE: 0.0839, r (test): -0.0356
Epoch: 19, Training Loss: 0.0304, Train MSE: 0.0304, r (train): 0.8221, Test MSE: 0.0851, r (test): 0.0498
Epoch: 20, Training Loss: 0.0419, Train MSE: 0.0419, r (train): 0.7978, Test MSE: 0.0920, r (test): 0.0572
Epoch: 21, Training Loss: 0.0387, Train MSE: 0.0387, r (train): 0.8114, Test MSE: 0.0971, r (test): -0.0173
Epoch: 22, Training Loss: 0.0619, Train MSE: 0.0619, r (train): 0.8263, Test MSE: 0.1248, r (test): -0.1553
Epoch: 23, Training Loss: 0.0854, Train MSE: 0.0854, r (train): 0.8453, Test MSE: 0.1326, r (test): -0.1653
Epoch: 24, Training Loss: 0.0433, Train MSE: 0.0433, r (train): 0.9079, Test MSE: 0.1188, r (test): -0.3074
Epoch: 25, Training Loss: 0.0139, Train MSE: 0.0139, r (train): 0.9263, Test MSE: 0.0925, r (test): -0.1185
Epoch: 26, Training Loss: 0.0100, Train MSE: 0.0100, r (train): 0.9297, Test MSE: 0.0973, r (test): -0.1601
Epoch: 27, Training Loss: 0.0179, Train MSE: 0.0179, r (train): 0.9199, Test MSE: 0.1029, r (test): -0.1909
Epoch: 28, Training Loss: 0.0579, Train MSE: 0.0579, r (train): 0.8850, Test MSE: 0.1237, r (test): -0.1934
Epoch: 29, Training Loss: 0.0507, Train MSE: 0.0507, r (train): 0.8859, Test MSE: 0.1197, r (test): -0.2428
Epoch: 30, Training Loss: 0.0176, Train MSE: 0.0176, r (train): 0.9106, Test MSE: 0.1006, r (test): -0.2249
Epoch: 31, Training Loss: 0.0127, Train MSE: 0.0127, r (train): 0.9088, Test MSE: 0.1026, r (test): -0.2326
Epoch: 32, Training Loss: 0.0178, Train MSE: 0.0178, r (train): 0.8983, Test MSE: 0.1102, r (test): -0.2307
Epoch: 33, Training Loss: 0.0573, Train MSE: 0.0573, r (train): 0.8506, Test MSE: 0.1198, r (test): -0.1642
Epoch: 34, Training Loss: 0.0571, Train MSE: 0.0571, r (train): 0.8625, Test MSE: 0.1161, r (test): -0.1933
Epoch: 35, Training Loss: 0.0123, Train MSE: 0.0123, r (train): 0.9138, Test MSE: 0.0938, r (test): -0.1598
Epoch: 36, Training Loss: 0.0190, Train MSE: 0.0190, r (train): 0.9044, Test MSE: 0.1157, r (test): -0.2765
Epoch: 37, Training Loss: 0.0211, Train MSE: 0.0211, r (train): 0.8834, Test MSE: 0.1066, r (test): -0.1715
Epoch: 38, Training Loss: 0.0429, Train MSE: 0.0429, r (train): 0.8608, Test MSE: 0.1165, r (test): -0.1935
Epoch: 39, Training Loss: 0.0147, Train MSE: 0.0147, r (train): 0.8983, Test MSE: 0.0958, r (test): -0.1423
Epoch: 40, Training Loss: 0.0195, Train MSE: 0.0195, r (train): 0.9004, Test MSE: 0.1094, r (test): -0.1530
Epoch: 41, Training Loss: 0.0221, Train MSE: 0.0221, r (train): 0.8716, Test MSE: 0.0957, r (test): -0.0514
Epoch: 42, Training Loss: 0.0180, Train MSE: 0.0180, r (train): 0.8739, Test MSE: 0.0975, r (test): -0.1609
Epoch: 43, Training Loss: 0.0183, Train MSE: 0.0183, r (train): 0.8990, Test MSE: 0.1033, r (test): -0.1767
Epoch: 44, Training Loss: 0.0171, Train MSE: 0.0171, r (train): 0.8757, Test MSE: 0.0945, r (test): -0.1295
Epoch: 45, Training Loss: 0.0264, Train MSE: 0.0264, r (train): 0.8679, Test MSE: 0.0991, r (test): -0.0757
Epoch: 46, Training Loss: 0.0205, Train MSE: 0.0205, r (train): 0.8850, Test MSE: 0.1081, r (test): -0.2299
Epoch: 47, Training Loss: 0.0184, Train MSE: 0.0184, r (train): 0.8685, Test MSE: 0.0885, r (test): -0.0309
Epoch: 48, Training Loss: 0.0248, Train MSE: 0.0248, r (train): 0.8502, Test MSE: 0.0879, r (test): 0.0390
Epoch: 49, Training Loss: 0.0196, Train MSE: 0.0196, r (train): 0.8694, Test MSE: 0.0864, r (test): -0.0616
Epoch: 50, Training Loss: 0.0210, Train MSE: 0.0210, r (train): 0.8588, Test MSE: 0.0903, r (test): -0.1207
Epoch: 51, Training Loss: 0.0259, Train MSE: 0.0259, r (train): 0.8480, Test MSE: 0.0870, r (test): 0.0203
Epoch: 52, Training Loss: 0.0332, Train MSE: 0.0332, r (train): 0.8497, Test MSE: 0.0967, r (test): -0.0499
Epoch: 53, Training Loss: 0.0528, Train MSE: 0.0528, r (train): 0.8432, Test MSE: 0.1162, r (test): -0.2477
Epoch: 54, Training Loss: 0.0580, Train MSE: 0.0580, r (train): 0.8575, Test MSE: 0.1152, r (test): -0.1057
Epoch: 55, Training Loss: 0.0244, Train MSE: 0.0244, r (train): 0.8531, Test MSE: 0.0952, r (test): -0.1279
Epoch: 56, Training Loss: 0.0226, Train MSE: 0.0226, r (train): 0.8599, Test MSE: 0.1008, r (test): -0.2251
Epoch: 57, Training Loss: 0.0370, Train MSE: 0.0370, r (train): 0.8552, Test MSE: 0.1095, r (test): -0.2086
Epoch: 58, Training Loss: 0.0387, Train MSE: 0.0387, r (train): 0.8601, Test MSE: 0.1137, r (test): -0.2643
Epoch: 59, Training Loss: 0.0372, Train MSE: 0.0372, r (train): 0.8438, Test MSE: 0.1054, r (test): -0.1483
Epoch: 60, Training Loss: 0.0320, Train MSE: 0.0320, r (train): 0.8297, Test MSE: 0.1067, r (test): -0.2703
Epoch: 61, Training Loss: 0.0361, Train MSE: 0.0361, r (train): 0.8158, Test MSE: 0.0970, r (test): -0.1008
Epoch: 62, Training Loss: 0.0306, Train MSE: 0.0306, r (train): 0.8183, Test MSE: 0.1136, r (test): -0.1972
Epoch: 63, Training Loss: 0.0288, Train MSE: 0.0288, r (train): 0.8455, Test MSE: 0.1054, r (test): -0.1568
Epoch: 64, Training Loss: 0.0382, Train MSE: 0.0382, r (train): 0.8525, Test MSE: 0.1170, r (test): -0.0372
Epoch: 65, Training Loss: 0.0616, Train MSE: 0.0616, r (train): 0.8195, Test MSE: 0.1486, r (test): -0.1594
Epoch: 66, Training Loss: 0.0320, Train MSE: 0.0320, r (train): 0.8160, Test MSE: 0.1008, r (test): -0.0231
Epoch: 67, Training Loss: 0.0484, Train MSE: 0.0484, r (train): 0.8784, Test MSE: 0.1316, r (test): -0.1721
Epoch: 68, Training Loss: 0.0924, Train MSE: 0.0924, r (train): 0.8323, Test MSE: 0.1605, r (test): -0.0984
Epoch: 69, Training Loss: 0.0649, Train MSE: 0.0649, r (train): 0.8360, Test MSE: 0.1157, r (test): 0.0579
Epoch: 70, Training Loss: 0.0429, Train MSE: 0.0429, r (train): 0.8552, Test MSE: 0.0888, r (test): 0.1107
Epoch: 71, Training Loss: 0.0314, Train MSE: 0.0314, r (train): 0.8546, Test MSE: 0.0992, r (test): -0.0539
Epoch: 72, Training Loss: 0.0221, Train MSE: 0.0221, r (train): 0.8875, Test MSE: 0.0987, r (test): -0.2387
Epoch: 73, Training Loss: 0.0171, Train MSE: 0.0171, r (train): 0.8779, Test MSE: 0.0837, r (test): -0.0539
Epoch: 74, Training Loss: 0.0247, Train MSE: 0.0247, r (train): 0.8708, Test MSE: 0.0951, r (test): -0.2091
Epoch: 75, Training Loss: 0.0230, Train MSE: 0.0230, r (train): 0.8621, Test MSE: 0.0879, r (test): -0.0091
Epoch: 76, Training Loss: 0.0177, Train MSE: 0.0177, r (train): 0.8957, Test MSE: 0.0895, r (test): -0.0288
Epoch: 77, Training Loss: 0.0208, Train MSE: 0.0208, r (train): 0.8745, Test MSE: 0.0959, r (test): -0.0085
Epoch: 78, Training Loss: 0.0378, Train MSE: 0.0378, r (train): 0.9033, Test MSE: 0.1189, r (test): -0.0454
Epoch: 79, Training Loss: 0.0778, Train MSE: 0.0778, r (train): 0.8767, Test MSE: 0.1496, r (test): -0.0425
Epoch: 80, Training Loss: 0.0904, Train MSE: 0.0904, r (train): 0.8750, Test MSE: 0.1399, r (test): 0.0449
Epoch: 81, Training Loss: 0.0614, Train MSE: 0.0614, r (train): 0.8800, Test MSE: 0.1256, r (test): -0.0586
Epoch: 82, Training Loss: 0.0341, Train MSE: 0.0341, r (train): 0.8998, Test MSE: 0.1177, r (test): -0.2161
Epoch: 83, Training Loss: 0.0309, Train MSE: 0.0309, r (train): 0.9039, Test MSE: 0.1230, r (test): -0.2706
Epoch: 84, Training Loss: 0.0181, Train MSE: 0.0181, r (train): 0.8922, Test MSE: 0.0905, r (test): -0.1513
Epoch: 85, Training Loss: 0.0189, Train MSE: 0.0189, r (train): 0.8785, Test MSE: 0.0754, r (test): 0.1564
Epoch: 86, Training Loss: 0.0204, Train MSE: 0.0204, r (train): 0.9008, Test MSE: 0.0930, r (test): -0.0277
Epoch: 87, Training Loss: 0.0914, Train MSE: 0.0914, r (train): 0.8973, Test MSE: 0.1719, r (test): -0.1233
Epoch: 88, Training Loss: 0.1110, Train MSE: 0.1110, r (train): 0.8697, Test MSE: 0.1821, r (test): -0.0128
Epoch: 89, Training Loss: 0.0857, Train MSE: 0.0857, r (train): 0.8670, Test MSE: 0.1274, r (test): 0.0305
Epoch: 90, Training Loss: 0.0492, Train MSE: 0.0492, r (train): 0.9097, Test MSE: 0.1272, r (test): -0.2033
Epoch: 91, Training Loss: 0.0305, Train MSE: 0.0305, r (train): 0.9132, Test MSE: 0.1101, r (test): -0.3018
Epoch: 92, Training Loss: 0.0428, Train MSE: 0.0428, r (train): 0.8858, Test MSE: 0.1133, r (test): -0.1745
Epoch: 93, Training Loss: 0.0186, Train MSE: 0.0186, r (train): 0.9142, Test MSE: 0.0831, r (test): 0.0488
Epoch: 94, Training Loss: 0.0524, Train MSE: 0.0524, r (train): 0.8831, Test MSE: 0.1156, r (test): -0.1488
Epoch: 95, Training Loss: 0.0539, Train MSE: 0.0539, r (train): 0.9059, Test MSE: 0.1299, r (test): -0.1062
Epoch: 96, Training Loss: 0.0872, Train MSE: 0.0872, r (train): 0.9078, Test MSE: 0.1720, r (test): -0.2452
Epoch: 97, Training Loss: 0.1014, Train MSE: 0.1014, r (train): 0.9105, Test MSE: 0.1772, r (test): -0.1762
Epoch: 98, Training Loss: 0.1072, Train MSE: 0.1072, r (train): 0.9072, Test MSE: 0.1747, r (test): -0.0853
Epoch: 99, Training Loss: 0.0615, Train MSE: 0.0615, r (train): 0.9238, Test MSE: 0.1262, r (test): -0.0217
Predicted tensors for training set: 
tensor([ 0.7027,  0.9883, -0.0732,  0.5888,  0.3651,  0.1376,  0.8274,  0.0532,
         0.5329,  0.2113,  0.0961,  0.4364,  0.5814,  0.6380,  0.8177,  0.4841,
         0.9297,  0.8550,  0.5572,  0.6557,  1.1178,  1.2641,  0.8290,  0.3357,
         1.2100,  1.1441,  0.9378,  0.7830,  0.5495,  1.1448,  0.5020,  1.0228,
         0.9025,  1.2327,  1.4087,  0.4938,  0.9845,  0.6902,  1.1076,  1.2031,
         1.3285,  1.0658,  1.1176,  0.6856,  1.0374,  0.9789,  0.8384,  0.9230,
         1.2096,  0.7307,  1.2653,  0.3424,  0.7797,  1.2648,  0.7051,  0.3742,
         0.8155,  1.1665,  0.6380,  0.8734,  0.9202,  1.0462,  0.5498,  0.2470,
         0.8588,  0.2314,  0.4033,  0.7202,  0.5988,  0.5725,  0.5246,  0.3376])
Target tensorsfor training set: 
tensor([0.6992, 0.9621, 0.0389, 0.7144, 0.3174, 0.1360, 0.8524, 0.0636, 0.5178,
        0.1294, 0.0478, 0.2916, 0.4341, 0.4640, 0.6671, 0.2271, 0.7497, 0.7462,
        0.3453, 0.4149, 0.9127, 0.9215, 0.5023, 0.0763, 0.8418, 0.7596, 0.5573,
        0.4440, 0.2255, 0.6576, 0.2394, 0.6199, 0.5658, 0.8363, 0.9535, 0.1055,
        0.5779, 0.4818, 0.7791, 0.8561, 0.9656, 0.8988, 0.8411, 0.4993, 0.7125,
        0.7270, 0.5719, 0.6595, 0.8556, 0.4513, 0.9117, 0.1295, 0.5102, 0.9150,
        0.5220, 0.2169, 0.6240, 0.8728, 0.4526, 0.6577, 0.7507, 0.8391, 0.4036,
        0.1218, 0.7371, 0.1493, 0.3077, 0.6465, 0.5780, 0.5300, 0.5564, 0.2649])
Correlation for training set: 0.9237505474423029
Predicted tensors for test set: 
tensor([0.9081, 0.6846, 0.8087, 0.6939, 0.9654, 0.7405, 0.8359, 0.6495, 0.7318,
        0.7167, 0.6989, 0.7665, 0.6948, 0.9092, 0.6759, 0.5072, 0.6256, 0.7298])
Target tensors for test set: 
tensor([0.2594, 0.8453, 0.5187, 0.6846, 0.9492, 0.0981, 0.3829, 0.4373, 0.2464,
        0.3309, 0.9072, 0.7901, 0.0246, 0.7171, 0.4654, 0.7950, 0.7372, 0.5783])
Correlation for test set: -0.021732098016559336
Fold 2
Epoch: 00, Training Loss: 0.0746, Train MSE: 0.0746, r (train): 0.2808, Test MSE: 0.0909, r (test): -0.2402
Epoch: 01, Training Loss: 0.0724, Train MSE: 0.0724, r (train): 0.3880, Test MSE: 0.0892, r (test): -0.1355
Epoch: 02, Training Loss: 0.0698, Train MSE: 0.0698, r (train): 0.4626, Test MSE: 0.0897, r (test): -0.1460
Epoch: 03, Training Loss: 0.0680, Train MSE: 0.0680, r (train): 0.5030, Test MSE: 0.0896, r (test): -0.1215
Epoch: 04, Training Loss: 0.0670, Train MSE: 0.0670, r (train): 0.5581, Test MSE: 0.0894, r (test): -0.1177
Epoch: 05, Training Loss: 0.0653, Train MSE: 0.0653, r (train): 0.5795, Test MSE: 0.0888, r (test): -0.0662
Epoch: 06, Training Loss: 0.0633, Train MSE: 0.0633, r (train): 0.6186, Test MSE: 0.0882, r (test): -0.0228
Epoch: 07, Training Loss: 0.0621, Train MSE: 0.0621, r (train): 0.6287, Test MSE: 0.0879, r (test): 0.0073
Epoch: 08, Training Loss: 0.0608, Train MSE: 0.0608, r (train): 0.6554, Test MSE: 0.0876, r (test): 0.0216
Epoch: 09, Training Loss: 0.0595, Train MSE: 0.0595, r (train): 0.6879, Test MSE: 0.0863, r (test): 0.0891
Epoch: 10, Training Loss: 0.0561, Train MSE: 0.0561, r (train): 0.7362, Test MSE: 0.0858, r (test): 0.1173
Epoch: 11, Training Loss: 0.0530, Train MSE: 0.0530, r (train): 0.7710, Test MSE: 0.0859, r (test): 0.1122
Epoch: 12, Training Loss: 0.0489, Train MSE: 0.0489, r (train): 0.7786, Test MSE: 0.0844, r (test): 0.1884
Epoch: 13, Training Loss: 0.0465, Train MSE: 0.0465, r (train): 0.8024, Test MSE: 0.0856, r (test): 0.1347
Epoch: 14, Training Loss: 0.0391, Train MSE: 0.0391, r (train): 0.8524, Test MSE: 0.0865, r (test): 0.1173
Epoch: 15, Training Loss: 0.0343, Train MSE: 0.0343, r (train): 0.8728, Test MSE: 0.0846, r (test): 0.1872
Epoch: 16, Training Loss: 0.0311, Train MSE: 0.0311, r (train): 0.8829, Test MSE: 0.0835, r (test): 0.2150
Epoch: 17, Training Loss: 0.0242, Train MSE: 0.0242, r (train): 0.8871, Test MSE: 0.0842, r (test): 0.2111
Epoch: 18, Training Loss: 0.0227, Train MSE: 0.0227, r (train): 0.8818, Test MSE: 0.0819, r (test): 0.2946
Epoch: 19, Training Loss: 0.0219, Train MSE: 0.0219, r (train): 0.8909, Test MSE: 0.0804, r (test): 0.3050
Epoch: 20, Training Loss: 0.0147, Train MSE: 0.0147, r (train): 0.8873, Test MSE: 0.0942, r (test): 0.1211
Epoch: 21, Training Loss: 0.0147, Train MSE: 0.0147, r (train): 0.8832, Test MSE: 0.1043, r (test): 0.1356
Epoch: 22, Training Loss: 0.0184, Train MSE: 0.0184, r (train): 0.8544, Test MSE: 0.1067, r (test): -0.0489
Epoch: 23, Training Loss: 0.0232, Train MSE: 0.0232, r (train): 0.8331, Test MSE: 0.1263, r (test): -0.1353
Epoch: 24, Training Loss: 0.0331, Train MSE: 0.0331, r (train): 0.8040, Test MSE: 0.1662, r (test): -0.3534
Epoch: 25, Training Loss: 0.0407, Train MSE: 0.0407, r (train): 0.8638, Test MSE: 0.0983, r (test): -0.1468
Epoch: 26, Training Loss: 0.1101, Train MSE: 0.1101, r (train): 0.8377, Test MSE: 0.1369, r (test): -0.3128
Epoch: 27, Training Loss: 0.0627, Train MSE: 0.0627, r (train): 0.8506, Test MSE: 0.1105, r (test): -0.2287
Epoch: 28, Training Loss: 0.1224, Train MSE: 0.1224, r (train): 0.8605, Test MSE: 0.1405, r (test): -0.3047
Epoch: 29, Training Loss: 0.1491, Train MSE: 0.1491, r (train): 0.8741, Test MSE: 0.1386, r (test): 0.1910
Epoch: 30, Training Loss: 0.0845, Train MSE: 0.0845, r (train): 0.8806, Test MSE: 0.1075, r (test): 0.1953
Epoch: 31, Training Loss: 0.0321, Train MSE: 0.0321, r (train): 0.8809, Test MSE: 0.0865, r (test): 0.1334
Epoch: 32, Training Loss: 0.0360, Train MSE: 0.0360, r (train): 0.8905, Test MSE: 0.0969, r (test): -0.0665
Epoch: 33, Training Loss: 0.0563, Train MSE: 0.0563, r (train): 0.8863, Test MSE: 0.1038, r (test): 0.0297
Epoch: 34, Training Loss: 0.0553, Train MSE: 0.0553, r (train): 0.8756, Test MSE: 0.0917, r (test): 0.2722
Epoch: 35, Training Loss: 0.0340, Train MSE: 0.0340, r (train): 0.8725, Test MSE: 0.0833, r (test): 0.2470
Epoch: 36, Training Loss: 0.0310, Train MSE: 0.0310, r (train): 0.8538, Test MSE: 0.0859, r (test): 0.1897
Epoch: 37, Training Loss: 0.0231, Train MSE: 0.0231, r (train): 0.8423, Test MSE: 0.0808, r (test): 0.2702
Epoch: 38, Training Loss: 0.0200, Train MSE: 0.0200, r (train): 0.8595, Test MSE: 0.1024, r (test): -0.0043
Epoch: 39, Training Loss: 0.0279, Train MSE: 0.0279, r (train): 0.8595, Test MSE: 0.0887, r (test): 0.1298
Epoch: 40, Training Loss: 0.0253, Train MSE: 0.0253, r (train): 0.8623, Test MSE: 0.1035, r (test): 0.0719
Epoch: 41, Training Loss: 0.0235, Train MSE: 0.0235, r (train): 0.8679, Test MSE: 0.0959, r (test): 0.1890
Epoch: 42, Training Loss: 0.0700, Train MSE: 0.0700, r (train): 0.8631, Test MSE: 0.1662, r (test): -0.0178
Epoch: 43, Training Loss: 0.0915, Train MSE: 0.0915, r (train): 0.8559, Test MSE: 0.1875, r (test): -0.0058
Epoch: 44, Training Loss: 0.1052, Train MSE: 0.1052, r (train): 0.8532, Test MSE: 0.2123, r (test): -0.0262
Epoch: 45, Training Loss: 0.0446, Train MSE: 0.0446, r (train): 0.8775, Test MSE: 0.1474, r (test): 0.0599
Epoch: 46, Training Loss: 0.0299, Train MSE: 0.0299, r (train): 0.8634, Test MSE: 0.1402, r (test): -0.0770
Epoch: 47, Training Loss: 0.0232, Train MSE: 0.0232, r (train): 0.8607, Test MSE: 0.1446, r (test): -0.3481
Epoch: 48, Training Loss: 0.0188, Train MSE: 0.0188, r (train): 0.8507, Test MSE: 0.1242, r (test): -0.3011
Epoch: 49, Training Loss: 0.0222, Train MSE: 0.0222, r (train): 0.8498, Test MSE: 0.1072, r (test): -0.1941
Epoch: 50, Training Loss: 0.0358, Train MSE: 0.0358, r (train): 0.8237, Test MSE: 0.1120, r (test): -0.2182
Epoch: 51, Training Loss: 0.0538, Train MSE: 0.0538, r (train): 0.8608, Test MSE: 0.1088, r (test): -0.0551
Epoch: 52, Training Loss: 0.0545, Train MSE: 0.0545, r (train): 0.8639, Test MSE: 0.1105, r (test): -0.1239
Epoch: 53, Training Loss: 0.0337, Train MSE: 0.0337, r (train): 0.8926, Test MSE: 0.0952, r (test): -0.0248
Epoch: 54, Training Loss: 0.0160, Train MSE: 0.0160, r (train): 0.9178, Test MSE: 0.0848, r (test): 0.2140
Epoch: 55, Training Loss: 0.0170, Train MSE: 0.0170, r (train): 0.9010, Test MSE: 0.1130, r (test): 0.0118
Epoch: 56, Training Loss: 0.0561, Train MSE: 0.0561, r (train): 0.8938, Test MSE: 0.1638, r (test): -0.0157
Epoch: 57, Training Loss: 0.0730, Train MSE: 0.0730, r (train): 0.8904, Test MSE: 0.1832, r (test): -0.0813
Epoch: 58, Training Loss: 0.0196, Train MSE: 0.0196, r (train): 0.9055, Test MSE: 0.1310, r (test): -0.0892
Epoch: 59, Training Loss: 0.0117, Train MSE: 0.0117, r (train): 0.9211, Test MSE: 0.0989, r (test): -0.0688
Epoch: 60, Training Loss: 0.0303, Train MSE: 0.0303, r (train): 0.9020, Test MSE: 0.0952, r (test): -0.0195
Epoch: 61, Training Loss: 0.0103, Train MSE: 0.0103, r (train): 0.9339, Test MSE: 0.0955, r (test): 0.0455
Epoch: 62, Training Loss: 0.0303, Train MSE: 0.0303, r (train): 0.9402, Test MSE: 0.1359, r (test): 0.0571
Epoch: 63, Training Loss: 0.0582, Train MSE: 0.0582, r (train): 0.9237, Test MSE: 0.1598, r (test): 0.0953
Epoch: 64, Training Loss: 0.0287, Train MSE: 0.0287, r (train): 0.9199, Test MSE: 0.1413, r (test): -0.0405
Epoch: 65, Training Loss: 0.0091, Train MSE: 0.0091, r (train): 0.9306, Test MSE: 0.1032, r (test): 0.0727
Epoch: 66, Training Loss: 0.0113, Train MSE: 0.0113, r (train): 0.9259, Test MSE: 0.0943, r (test): 0.0467
Epoch: 67, Training Loss: 0.0107, Train MSE: 0.0107, r (train): 0.9341, Test MSE: 0.1065, r (test): -0.0627
Epoch: 68, Training Loss: 0.0421, Train MSE: 0.0421, r (train): 0.9352, Test MSE: 0.1470, r (test): 0.0507
Epoch: 69, Training Loss: 0.0486, Train MSE: 0.0486, r (train): 0.9374, Test MSE: 0.1542, r (test): 0.1594
Epoch: 70, Training Loss: 0.0174, Train MSE: 0.0174, r (train): 0.9339, Test MSE: 0.1164, r (test): 0.0798
Epoch: 71, Training Loss: 0.0098, Train MSE: 0.0098, r (train): 0.9239, Test MSE: 0.1009, r (test): 0.0283
Epoch: 72, Training Loss: 0.0109, Train MSE: 0.0109, r (train): 0.9311, Test MSE: 0.0974, r (test): 0.0090
Epoch: 73, Training Loss: 0.0116, Train MSE: 0.0116, r (train): 0.9277, Test MSE: 0.1074, r (test): -0.0623
Epoch: 74, Training Loss: 0.0450, Train MSE: 0.0450, r (train): 0.9300, Test MSE: 0.1490, r (test): 0.1035
Epoch: 75, Training Loss: 0.0656, Train MSE: 0.0656, r (train): 0.9434, Test MSE: 0.1745, r (test): 0.0826
Epoch: 76, Training Loss: 0.0236, Train MSE: 0.0236, r (train): 0.9206, Test MSE: 0.1194, r (test): 0.1029
Epoch: 77, Training Loss: 0.0143, Train MSE: 0.0143, r (train): 0.8894, Test MSE: 0.1004, r (test): -0.0551
Epoch: 78, Training Loss: 0.0075, Train MSE: 0.0075, r (train): 0.9502, Test MSE: 0.0810, r (test): 0.2862
Epoch: 79, Training Loss: 0.0163, Train MSE: 0.0163, r (train): 0.9346, Test MSE: 0.1078, r (test): 0.0990
Epoch: 80, Training Loss: 0.0459, Train MSE: 0.0459, r (train): 0.9529, Test MSE: 0.1587, r (test): 0.0655
Epoch: 81, Training Loss: 0.0267, Train MSE: 0.0267, r (train): 0.9548, Test MSE: 0.1370, r (test): 0.0784
Epoch: 82, Training Loss: 0.0134, Train MSE: 0.0134, r (train): 0.9327, Test MSE: 0.1163, r (test): -0.2420
Epoch: 83, Training Loss: 0.0110, Train MSE: 0.0110, r (train): 0.9443, Test MSE: 0.0976, r (test): 0.1338
Epoch: 84, Training Loss: 0.0118, Train MSE: 0.0118, r (train): 0.9298, Test MSE: 0.1154, r (test): -0.4316
Epoch: 85, Training Loss: 0.0074, Train MSE: 0.0074, r (train): 0.9550, Test MSE: 0.1042, r (test): -0.0876
Epoch: 86, Training Loss: 0.0138, Train MSE: 0.0138, r (train): 0.9452, Test MSE: 0.1128, r (test): -0.0298
Epoch: 87, Training Loss: 0.0429, Train MSE: 0.0429, r (train): 0.9456, Test MSE: 0.1552, r (test): -0.0083
Epoch: 88, Training Loss: 0.0322, Train MSE: 0.0322, r (train): 0.9435, Test MSE: 0.1446, r (test): 0.0727
Epoch: 89, Training Loss: 0.0087, Train MSE: 0.0087, r (train): 0.9475, Test MSE: 0.1083, r (test): -0.1807
Epoch: 90, Training Loss: 0.0092, Train MSE: 0.0092, r (train): 0.9437, Test MSE: 0.1059, r (test): -0.1849
Epoch: 91, Training Loss: 0.0070, Train MSE: 0.0070, r (train): 0.9569, Test MSE: 0.0948, r (test): -0.0268
Epoch: 92, Training Loss: 0.0101, Train MSE: 0.0101, r (train): 0.9340, Test MSE: 0.1014, r (test): 0.0177
Epoch: 93, Training Loss: 0.0288, Train MSE: 0.0288, r (train): 0.9370, Test MSE: 0.1395, r (test): -0.0629
Epoch: 94, Training Loss: 0.0363, Train MSE: 0.0363, r (train): 0.9423, Test MSE: 0.1629, r (test): -0.0756
Epoch: 95, Training Loss: 0.0146, Train MSE: 0.0146, r (train): 0.9267, Test MSE: 0.1261, r (test): -0.1688
Epoch: 96, Training Loss: 0.0098, Train MSE: 0.0098, r (train): 0.9259, Test MSE: 0.0972, r (test): 0.1552
Epoch: 97, Training Loss: 0.0170, Train MSE: 0.0170, r (train): 0.9371, Test MSE: 0.0889, r (test): 0.0678
Epoch: 98, Training Loss: 0.0178, Train MSE: 0.0178, r (train): 0.9079, Test MSE: 0.0933, r (test): 0.0140
Epoch: 99, Training Loss: 0.0072, Train MSE: 0.0072, r (train): 0.9468, Test MSE: 0.1004, r (test): -0.0009
Predicted tensors for training set: 
tensor([0.2344, 0.7124, 0.4897, 0.5848, 0.9829, 0.1719, 0.4763, 0.4377, 0.2069,
        0.3873, 0.9393, 0.7447, 0.0152, 0.8063, 0.5229, 0.7296, 0.6546, 0.5642,
        0.4336, 0.4212, 0.6653, 0.8381, 0.5261, 0.0659, 0.7277, 0.7831, 0.5378,
        0.4084, 0.1299, 0.5567, 0.2575, 0.6089, 0.5389, 0.8723, 0.8585, 0.1197,
        0.5889, 0.5050, 0.7914, 1.0170, 1.1126, 1.0508, 0.9490, 0.6442, 0.8207,
        0.8650, 0.6048, 0.8282, 0.8593, 0.3856, 1.0363, 0.2888, 0.5728, 0.9156,
        0.5147, 0.2095, 0.5551, 0.7964, 0.3917, 0.5694, 0.5892, 0.6570, 0.3529,
        0.0888, 0.6157, 0.1084, 0.2787, 0.5935, 0.5531, 0.4874, 0.5300, 0.2537])
Target tensorsfor training set: 
tensor([0.2594, 0.8453, 0.5187, 0.6846, 0.9492, 0.0981, 0.3829, 0.4373, 0.2464,
        0.3309, 0.9072, 0.7901, 0.0246, 0.7171, 0.4654, 0.7950, 0.7372, 0.5783,
        0.3453, 0.4149, 0.9127, 0.9215, 0.5023, 0.0763, 0.8418, 0.7596, 0.5573,
        0.4440, 0.2255, 0.6576, 0.2394, 0.6199, 0.5658, 0.8363, 0.9535, 0.1055,
        0.5779, 0.4818, 0.7791, 0.8561, 0.9656, 0.8988, 0.8411, 0.4993, 0.7125,
        0.7270, 0.5719, 0.6595, 0.8556, 0.4513, 0.9117, 0.1295, 0.5102, 0.9150,
        0.5220, 0.2169, 0.6240, 0.8728, 0.4526, 0.6577, 0.7507, 0.8391, 0.4036,
        0.1218, 0.7371, 0.1493, 0.3077, 0.6465, 0.5780, 0.5300, 0.5564, 0.2649])
Correlation for training set: 0.9467621082899143
Predicted tensors for test set: 
tensor([0.5389, 0.5658, 0.5422, 0.5749, 0.4067, 0.6046, 0.5054, 0.4431, 0.6066,
        0.6512, 0.5995, 0.4430, 0.4891, 0.5985, 0.5022, 0.5810, 0.4980, 0.6258])
Target tensors for test set: 
tensor([0.6992, 0.9621, 0.0389, 0.7144, 0.3174, 0.1360, 0.8524, 0.0636, 0.5178,
        0.1294, 0.0478, 0.2916, 0.4341, 0.4640, 0.6671, 0.2271, 0.7497, 0.7462])
Correlation for test set: -0.0009438620158923509
Fold 3
Epoch: 00, Training Loss: 0.0702, Train MSE: 0.0702, r (train): 0.1795, Test MSE: 0.0733, r (test): 0.2599
Epoch: 01, Training Loss: 0.0711, Train MSE: 0.0711, r (train): 0.3136, Test MSE: 0.0779, r (test): 0.0875
Epoch: 02, Training Loss: 0.0681, Train MSE: 0.0681, r (train): 0.3918, Test MSE: 0.0768, r (test): 0.0364
Epoch: 03, Training Loss: 0.0668, Train MSE: 0.0668, r (train): 0.4247, Test MSE: 0.0768, r (test): -0.0113
Epoch: 04, Training Loss: 0.0652, Train MSE: 0.0652, r (train): 0.4712, Test MSE: 0.0773, r (test): -0.0708
Epoch: 05, Training Loss: 0.0643, Train MSE: 0.0643, r (train): 0.4896, Test MSE: 0.0773, r (test): -0.0748
Epoch: 06, Training Loss: 0.0632, Train MSE: 0.0632, r (train): 0.5244, Test MSE: 0.0775, r (test): -0.0926
Epoch: 07, Training Loss: 0.0631, Train MSE: 0.0631, r (train): 0.5449, Test MSE: 0.0792, r (test): -0.1570
Epoch: 08, Training Loss: 0.0612, Train MSE: 0.0612, r (train): 0.5645, Test MSE: 0.0778, r (test): -0.0993
Epoch: 09, Training Loss: 0.0602, Train MSE: 0.0602, r (train): 0.5822, Test MSE: 0.0787, r (test): -0.1325
Epoch: 10, Training Loss: 0.0602, Train MSE: 0.0602, r (train): 0.5988, Test MSE: 0.0800, r (test): -0.1372
Epoch: 11, Training Loss: 0.0609, Train MSE: 0.0609, r (train): 0.5733, Test MSE: 0.0799, r (test): -0.1071
Epoch: 12, Training Loss: 0.0556, Train MSE: 0.0556, r (train): 0.6858, Test MSE: 0.0807, r (test): -0.1693
Epoch: 13, Training Loss: 0.0554, Train MSE: 0.0554, r (train): 0.6983, Test MSE: 0.0809, r (test): -0.0822
Epoch: 14, Training Loss: 0.0536, Train MSE: 0.0536, r (train): 0.7299, Test MSE: 0.0846, r (test): -0.2174
Epoch: 15, Training Loss: 0.0538, Train MSE: 0.0538, r (train): 0.7170, Test MSE: 0.0889, r (test): -0.2185
Epoch: 16, Training Loss: 0.0531, Train MSE: 0.0531, r (train): 0.7453, Test MSE: 0.0851, r (test): -0.1369
Epoch: 17, Training Loss: 0.0484, Train MSE: 0.0484, r (train): 0.7767, Test MSE: 0.0877, r (test): -0.0716
Epoch: 18, Training Loss: 0.0475, Train MSE: 0.0475, r (train): 0.7789, Test MSE: 0.0904, r (test): -0.1997
Epoch: 19, Training Loss: 0.0422, Train MSE: 0.0422, r (train): 0.8167, Test MSE: 0.0940, r (test): -0.2035
Epoch: 20, Training Loss: 0.0416, Train MSE: 0.0416, r (train): 0.8190, Test MSE: 0.0972, r (test): -0.1189
Epoch: 21, Training Loss: 0.0358, Train MSE: 0.0358, r (train): 0.8362, Test MSE: 0.1019, r (test): -0.1390
Epoch: 22, Training Loss: 0.0293, Train MSE: 0.0293, r (train): 0.8571, Test MSE: 0.1090, r (test): -0.1846
Epoch: 23, Training Loss: 0.0283, Train MSE: 0.0283, r (train): 0.8645, Test MSE: 0.1052, r (test): -0.0969
Epoch: 24, Training Loss: 0.0196, Train MSE: 0.0196, r (train): 0.8653, Test MSE: 0.1059, r (test): -0.1601
Epoch: 25, Training Loss: 0.0194, Train MSE: 0.0194, r (train): 0.8755, Test MSE: 0.1080, r (test): -0.1506
Epoch: 26, Training Loss: 0.0195, Train MSE: 0.0195, r (train): 0.8851, Test MSE: 0.1169, r (test): -0.1878
Epoch: 27, Training Loss: 0.0252, Train MSE: 0.0252, r (train): 0.9080, Test MSE: 0.1239, r (test): -0.1784
Epoch: 28, Training Loss: 0.0265, Train MSE: 0.0265, r (train): 0.9085, Test MSE: 0.1237, r (test): -0.0939
Epoch: 29, Training Loss: 0.0481, Train MSE: 0.0481, r (train): 0.9142, Test MSE: 0.1367, r (test): -0.0624
Epoch: 30, Training Loss: 0.0591, Train MSE: 0.0591, r (train): 0.9087, Test MSE: 0.1526, r (test): -0.1270
Epoch: 31, Training Loss: 0.0231, Train MSE: 0.0231, r (train): 0.9065, Test MSE: 0.1110, r (test): -0.1225
Epoch: 32, Training Loss: 0.0205, Train MSE: 0.0205, r (train): 0.9150, Test MSE: 0.1106, r (test): -0.0184
Epoch: 33, Training Loss: 0.0221, Train MSE: 0.0221, r (train): 0.9136, Test MSE: 0.1187, r (test): -0.0909
Epoch: 34, Training Loss: 0.0528, Train MSE: 0.0528, r (train): 0.9166, Test MSE: 0.1517, r (test): -0.0170
Epoch: 35, Training Loss: 0.0699, Train MSE: 0.0699, r (train): 0.9183, Test MSE: 0.1784, r (test): -0.0532
Epoch: 36, Training Loss: 0.0183, Train MSE: 0.0183, r (train): 0.9142, Test MSE: 0.1179, r (test): -0.0681
Epoch: 37, Training Loss: 0.0162, Train MSE: 0.0162, r (train): 0.9040, Test MSE: 0.1065, r (test): 0.0277
Epoch: 38, Training Loss: 0.0125, Train MSE: 0.0125, r (train): 0.9187, Test MSE: 0.0957, r (test): 0.0915
Epoch: 39, Training Loss: 0.0306, Train MSE: 0.0306, r (train): 0.8948, Test MSE: 0.1143, r (test): 0.0870
Epoch: 40, Training Loss: 0.0396, Train MSE: 0.0396, r (train): 0.9008, Test MSE: 0.1162, r (test): 0.1776
Epoch: 41, Training Loss: 0.0133, Train MSE: 0.0133, r (train): 0.9190, Test MSE: 0.0821, r (test): 0.2425
Epoch: 42, Training Loss: 0.0135, Train MSE: 0.0135, r (train): 0.9348, Test MSE: 0.0763, r (test): 0.2683
Epoch: 43, Training Loss: 0.0331, Train MSE: 0.0331, r (train): 0.9266, Test MSE: 0.1120, r (test): 0.0549
Epoch: 44, Training Loss: 0.0287, Train MSE: 0.0287, r (train): 0.9158, Test MSE: 0.0913, r (test): 0.1383
Epoch: 45, Training Loss: 0.0191, Train MSE: 0.0191, r (train): 0.9119, Test MSE: 0.0874, r (test): 0.1242
Epoch: 46, Training Loss: 0.0178, Train MSE: 0.0178, r (train): 0.8941, Test MSE: 0.0832, r (test): 0.1269
Epoch: 47, Training Loss: 0.0334, Train MSE: 0.0334, r (train): 0.8985, Test MSE: 0.0923, r (test): 0.2466
Epoch: 48, Training Loss: 0.0320, Train MSE: 0.0320, r (train): 0.9151, Test MSE: 0.0891, r (test): 0.3521
Epoch: 49, Training Loss: 0.0247, Train MSE: 0.0247, r (train): 0.9158, Test MSE: 0.0987, r (test): 0.1026
Epoch: 50, Training Loss: 0.0173, Train MSE: 0.0173, r (train): 0.9078, Test MSE: 0.0800, r (test): 0.1687
Epoch: 51, Training Loss: 0.0111, Train MSE: 0.0111, r (train): 0.9209, Test MSE: 0.0856, r (test): 0.0726
Epoch: 52, Training Loss: 0.0139, Train MSE: 0.0139, r (train): 0.9062, Test MSE: 0.0881, r (test): 0.0377
Epoch: 53, Training Loss: 0.0196, Train MSE: 0.0196, r (train): 0.8948, Test MSE: 0.0909, r (test): 0.0521
Epoch: 54, Training Loss: 0.0249, Train MSE: 0.0249, r (train): 0.9232, Test MSE: 0.1044, r (test): 0.0597
Epoch: 55, Training Loss: 0.0216, Train MSE: 0.0216, r (train): 0.9213, Test MSE: 0.1143, r (test): -0.0348
Epoch: 56, Training Loss: 0.0132, Train MSE: 0.0132, r (train): 0.9201, Test MSE: 0.0940, r (test): 0.0737
Epoch: 57, Training Loss: 0.0319, Train MSE: 0.0319, r (train): 0.9171, Test MSE: 0.1042, r (test): 0.1281
Epoch: 58, Training Loss: 0.0413, Train MSE: 0.0413, r (train): 0.9101, Test MSE: 0.1054, r (test): 0.1393
Epoch: 59, Training Loss: 0.0277, Train MSE: 0.0277, r (train): 0.9163, Test MSE: 0.1017, r (test): 0.0760
Epoch: 60, Training Loss: 0.0305, Train MSE: 0.0305, r (train): 0.9012, Test MSE: 0.0970, r (test): 0.1308
Epoch: 61, Training Loss: 0.0232, Train MSE: 0.0232, r (train): 0.8538, Test MSE: 0.0820, r (test): 0.0799
Epoch: 62, Training Loss: 0.0230, Train MSE: 0.0230, r (train): 0.9311, Test MSE: 0.0842, r (test): 0.2758
Epoch: 63, Training Loss: 0.0119, Train MSE: 0.0119, r (train): 0.9241, Test MSE: 0.0823, r (test): 0.1128
Epoch: 64, Training Loss: 0.0104, Train MSE: 0.0104, r (train): 0.9295, Test MSE: 0.0799, r (test): 0.1313
Epoch: 65, Training Loss: 0.0108, Train MSE: 0.0108, r (train): 0.9365, Test MSE: 0.0818, r (test): 0.1069
Epoch: 66, Training Loss: 0.0116, Train MSE: 0.0116, r (train): 0.9344, Test MSE: 0.0798, r (test): 0.1495
Epoch: 67, Training Loss: 0.0179, Train MSE: 0.0179, r (train): 0.9131, Test MSE: 0.0762, r (test): 0.2490
Epoch: 68, Training Loss: 0.0258, Train MSE: 0.0258, r (train): 0.9138, Test MSE: 0.0846, r (test): 0.2791
Epoch: 69, Training Loss: 0.0404, Train MSE: 0.0404, r (train): 0.9226, Test MSE: 0.1009, r (test): 0.2745
Epoch: 70, Training Loss: 0.0544, Train MSE: 0.0544, r (train): 0.9268, Test MSE: 0.1096, r (test): 0.2800
Epoch: 71, Training Loss: 0.0964, Train MSE: 0.0964, r (train): 0.9291, Test MSE: 0.1458, r (test): 0.2995
Epoch: 72, Training Loss: 0.0660, Train MSE: 0.0660, r (train): 0.9298, Test MSE: 0.1172, r (test): 0.3268
Epoch: 73, Training Loss: 0.0358, Train MSE: 0.0358, r (train): 0.9165, Test MSE: 0.0959, r (test): 0.1280
Epoch: 74, Training Loss: 0.0169, Train MSE: 0.0169, r (train): 0.9066, Test MSE: 0.0812, r (test): 0.1462
Epoch: 75, Training Loss: 0.0178, Train MSE: 0.0178, r (train): 0.8953, Test MSE: 0.0911, r (test): 0.0414
Epoch: 76, Training Loss: 0.0212, Train MSE: 0.0212, r (train): 0.8635, Test MSE: 0.0948, r (test): -0.0288
Epoch: 77, Training Loss: 0.0249, Train MSE: 0.0249, r (train): 0.8775, Test MSE: 0.0825, r (test): 0.2175
Epoch: 78, Training Loss: 0.0163, Train MSE: 0.0163, r (train): 0.9086, Test MSE: 0.0825, r (test): 0.1594
Epoch: 79, Training Loss: 0.0171, Train MSE: 0.0171, r (train): 0.9219, Test MSE: 0.0806, r (test): 0.2000
Epoch: 80, Training Loss: 0.0288, Train MSE: 0.0288, r (train): 0.9256, Test MSE: 0.0806, r (test): 0.3576
Epoch: 81, Training Loss: 0.0791, Train MSE: 0.0791, r (train): 0.9255, Test MSE: 0.1239, r (test): 0.4224
Epoch: 82, Training Loss: 0.0806, Train MSE: 0.0806, r (train): 0.9397, Test MSE: 0.1401, r (test): 0.2989
Epoch: 83, Training Loss: 0.0404, Train MSE: 0.0404, r (train): 0.9384, Test MSE: 0.0990, r (test): 0.2181
Epoch: 84, Training Loss: 0.0164, Train MSE: 0.0164, r (train): 0.9287, Test MSE: 0.0814, r (test): 0.1966
Epoch: 85, Training Loss: 0.0155, Train MSE: 0.0155, r (train): 0.9132, Test MSE: 0.0740, r (test): 0.2500
Epoch: 86, Training Loss: 0.0120, Train MSE: 0.0120, r (train): 0.9215, Test MSE: 0.0758, r (test): 0.2146
Epoch: 87, Training Loss: 0.0119, Train MSE: 0.0119, r (train): 0.9331, Test MSE: 0.0783, r (test): 0.1963
Epoch: 88, Training Loss: 0.0300, Train MSE: 0.0300, r (train): 0.9438, Test MSE: 0.0950, r (test): 0.2121
Epoch: 89, Training Loss: 0.0643, Train MSE: 0.0643, r (train): 0.9389, Test MSE: 0.1250, r (test): 0.2731
Epoch: 90, Training Loss: 0.0845, Train MSE: 0.0845, r (train): 0.9211, Test MSE: 0.1545, r (test): 0.3061
Epoch: 91, Training Loss: 0.0473, Train MSE: 0.0473, r (train): 0.9383, Test MSE: 0.1152, r (test): 0.2252
Epoch: 92, Training Loss: 0.0158, Train MSE: 0.0158, r (train): 0.9176, Test MSE: 0.0800, r (test): 0.1782
Epoch: 93, Training Loss: 0.0145, Train MSE: 0.0145, r (train): 0.9173, Test MSE: 0.0776, r (test): 0.1632
Epoch: 94, Training Loss: 0.0234, Train MSE: 0.0234, r (train): 0.9086, Test MSE: 0.0768, r (test): 0.2632
Epoch: 95, Training Loss: 0.0217, Train MSE: 0.0217, r (train): 0.9412, Test MSE: 0.0841, r (test): 0.2662
Epoch: 96, Training Loss: 0.0392, Train MSE: 0.0392, r (train): 0.9512, Test MSE: 0.1116, r (test): 0.2119
Epoch: 97, Training Loss: 0.0461, Train MSE: 0.0461, r (train): 0.9366, Test MSE: 0.0964, r (test): 0.4099
Epoch: 98, Training Loss: 0.0370, Train MSE: 0.0370, r (train): 0.9440, Test MSE: 0.0992, r (test): 0.2358
Epoch: 99, Training Loss: 0.0336, Train MSE: 0.0336, r (train): 0.9297, Test MSE: 0.0918, r (test): 0.3647
Predicted tensors for training set: 
tensor([0.2930, 0.8170, 0.4729, 0.7149, 0.9090, 0.1958, 0.4053, 0.4335, 0.2483,
        0.3855, 0.9006, 0.8829, 0.1876, 0.8192, 0.6586, 0.8777, 0.8042, 0.7603,
        0.8695, 1.1845, 0.3282, 0.8560, 0.4791, 0.3292, 0.9165, 0.2224, 0.7326,
        0.2770, 0.2426, 0.4774, 0.5462, 0.6456, 0.7594, 0.3161, 0.8506, 0.8364,
        0.7108, 0.6370, 0.9370, 0.8254, 1.1609, 1.1047, 1.0592, 0.8218, 1.0055,
        1.0728, 0.8637, 0.9306, 1.1475, 0.8798, 1.2512, 0.3472, 0.8034, 1.2756,
        0.8294, 0.4068, 0.8805, 1.1544, 0.6391, 0.8545, 0.9133, 0.9934, 0.5751,
        0.1928, 0.8517, 0.2280, 0.3817, 0.7061, 0.5828, 0.5378, 0.5507, 0.3276])
Target tensorsfor training set: 
tensor([0.2594, 0.8453, 0.5187, 0.6846, 0.9492, 0.0981, 0.3829, 0.4373, 0.2464,
        0.3309, 0.9072, 0.7901, 0.0246, 0.7171, 0.4654, 0.7950, 0.7372, 0.5783,
        0.6992, 0.9621, 0.0389, 0.7144, 0.3174, 0.1360, 0.8524, 0.0636, 0.5178,
        0.1294, 0.0478, 0.2916, 0.4341, 0.4640, 0.6671, 0.2271, 0.7497, 0.7462,
        0.5779, 0.4818, 0.7791, 0.8561, 0.9656, 0.8988, 0.8411, 0.4993, 0.7125,
        0.7270, 0.5719, 0.6595, 0.8556, 0.4513, 0.9117, 0.1295, 0.5102, 0.9150,
        0.5220, 0.2169, 0.6240, 0.8728, 0.4526, 0.6577, 0.7507, 0.8391, 0.4036,
        0.1218, 0.7371, 0.1493, 0.3077, 0.6465, 0.5780, 0.5300, 0.5564, 0.2649])
Correlation for training set: 0.9297070461523557
Predicted tensors for test set: 
tensor([0.5325, 0.4743, 0.7272, 0.8970, 0.6197, 0.6406, 0.8436, 0.9426, 0.6795,
        0.7123, 0.5870, 0.5419, 0.4729, 0.9526, 0.8885, 0.5086, 0.7974, 0.8674])
Target tensors for test set: 
tensor([0.3453, 0.4149, 0.9127, 0.9215, 0.5023, 0.0763, 0.8418, 0.7596, 0.5573,
        0.4440, 0.2255, 0.6576, 0.2394, 0.6199, 0.5658, 0.8363, 0.9535, 0.1055])
Correlation for test set: 0.364736845014368
Fold 4
Epoch: 00, Training Loss: 0.0694, Train MSE: 0.0694, r (train): 0.3145, Test MSE: 0.0757, r (test): -0.2824
Epoch: 01, Training Loss: 0.0675, Train MSE: 0.0675, r (train): 0.4255, Test MSE: 0.0721, r (test): -0.2805
Epoch: 02, Training Loss: 0.0660, Train MSE: 0.0660, r (train): 0.4828, Test MSE: 0.0724, r (test): -0.2947
Epoch: 03, Training Loss: 0.0648, Train MSE: 0.0648, r (train): 0.5343, Test MSE: 0.0713, r (test): -0.2880
Epoch: 04, Training Loss: 0.0625, Train MSE: 0.0625, r (train): 0.6029, Test MSE: 0.0729, r (test): -0.3004
Epoch: 05, Training Loss: 0.0605, Train MSE: 0.0605, r (train): 0.6456, Test MSE: 0.0723, r (test): -0.2796
Epoch: 06, Training Loss: 0.0585, Train MSE: 0.0585, r (train): 0.6841, Test MSE: 0.0729, r (test): -0.3040
Epoch: 07, Training Loss: 0.0562, Train MSE: 0.0562, r (train): 0.7129, Test MSE: 0.0735, r (test): -0.3038
Epoch: 08, Training Loss: 0.0525, Train MSE: 0.0525, r (train): 0.7634, Test MSE: 0.0752, r (test): -0.2921
Epoch: 09, Training Loss: 0.0486, Train MSE: 0.0486, r (train): 0.7915, Test MSE: 0.0756, r (test): -0.2857
Epoch: 10, Training Loss: 0.0443, Train MSE: 0.0443, r (train): 0.8266, Test MSE: 0.0776, r (test): -0.3052
Epoch: 11, Training Loss: 0.0391, Train MSE: 0.0391, r (train): 0.8613, Test MSE: 0.0806, r (test): -0.2890
Epoch: 12, Training Loss: 0.0348, Train MSE: 0.0348, r (train): 0.8656, Test MSE: 0.0761, r (test): -0.1805
Epoch: 13, Training Loss: 0.0281, Train MSE: 0.0281, r (train): 0.8935, Test MSE: 0.0732, r (test): -0.2524
Epoch: 14, Training Loss: 0.0223, Train MSE: 0.0223, r (train): 0.9095, Test MSE: 0.0736, r (test): -0.2915
Epoch: 15, Training Loss: 0.0163, Train MSE: 0.0163, r (train): 0.9265, Test MSE: 0.0779, r (test): -0.3748
Epoch: 16, Training Loss: 0.0117, Train MSE: 0.0117, r (train): 0.9387, Test MSE: 0.0775, r (test): -0.3061
Epoch: 17, Training Loss: 0.0096, Train MSE: 0.0096, r (train): 0.9416, Test MSE: 0.0779, r (test): -0.3314
Epoch: 18, Training Loss: 0.0148, Train MSE: 0.0148, r (train): 0.9290, Test MSE: 0.0734, r (test): -0.3452
Epoch: 19, Training Loss: 0.0259, Train MSE: 0.0259, r (train): 0.9249, Test MSE: 0.0698, r (test): -0.2668
Epoch: 20, Training Loss: 0.0715, Train MSE: 0.0715, r (train): 0.9442, Test MSE: 0.0848, r (test): -0.3616
Epoch: 21, Training Loss: 0.0768, Train MSE: 0.0768, r (train): 0.9086, Test MSE: 0.0857, r (test): -0.3598
Epoch: 22, Training Loss: 0.0633, Train MSE: 0.0633, r (train): 0.9052, Test MSE: 0.0871, r (test): -0.3351
Epoch: 23, Training Loss: 0.0703, Train MSE: 0.0703, r (train): 0.9017, Test MSE: 0.0855, r (test): -0.3389
Epoch: 24, Training Loss: 0.0191, Train MSE: 0.0191, r (train): 0.8651, Test MSE: 0.0794, r (test): -0.1666
Epoch: 25, Training Loss: 0.0381, Train MSE: 0.0381, r (train): 0.9082, Test MSE: 0.1446, r (test): -0.1074
Epoch: 26, Training Loss: 0.0206, Train MSE: 0.0206, r (train): 0.9705, Test MSE: 0.1404, r (test): -0.2065
Epoch: 27, Training Loss: 0.0029, Train MSE: 0.0029, r (train): 0.9821, Test MSE: 0.0887, r (test): -0.2766
Epoch: 28, Training Loss: 0.0143, Train MSE: 0.0143, r (train): 0.9858, Test MSE: 0.0752, r (test): -0.2549
Epoch: 29, Training Loss: 0.0078, Train MSE: 0.0078, r (train): 0.9775, Test MSE: 0.0747, r (test): -0.2064
Epoch: 30, Training Loss: 0.0194, Train MSE: 0.0194, r (train): 0.9712, Test MSE: 0.1410, r (test): -0.0344
Epoch: 31, Training Loss: 0.0023, Train MSE: 0.0023, r (train): 0.9853, Test MSE: 0.0961, r (test): -0.1756
Epoch: 32, Training Loss: 0.0180, Train MSE: 0.0180, r (train): 0.9833, Test MSE: 0.0699, r (test): -0.1701
Epoch: 33, Training Loss: 0.0090, Train MSE: 0.0090, r (train): 0.9744, Test MSE: 0.0785, r (test): -0.2805
Epoch: 34, Training Loss: 0.0149, Train MSE: 0.0149, r (train): 0.9809, Test MSE: 0.1354, r (test): -0.1378
Epoch: 35, Training Loss: 0.0038, Train MSE: 0.0038, r (train): 0.9823, Test MSE: 0.0840, r (test): -0.2154
Epoch: 36, Training Loss: 0.0133, Train MSE: 0.0133, r (train): 0.9826, Test MSE: 0.0731, r (test): -0.2357
Epoch: 37, Training Loss: 0.0067, Train MSE: 0.0067, r (train): 0.9684, Test MSE: 0.1090, r (test): -0.2737
Epoch: 38, Training Loss: 0.0069, Train MSE: 0.0069, r (train): 0.9826, Test MSE: 0.1198, r (test): -0.2267
Epoch: 39, Training Loss: 0.0132, Train MSE: 0.0132, r (train): 0.9787, Test MSE: 0.0764, r (test): -0.3006
Epoch: 40, Training Loss: 0.0091, Train MSE: 0.0091, r (train): 0.9733, Test MSE: 0.0867, r (test): -0.3856
Epoch: 41, Training Loss: 0.0174, Train MSE: 0.0174, r (train): 0.9750, Test MSE: 0.1465, r (test): -0.1637
Epoch: 42, Training Loss: 0.0028, Train MSE: 0.0028, r (train): 0.9832, Test MSE: 0.0955, r (test): -0.2514
Epoch: 43, Training Loss: 0.0124, Train MSE: 0.0124, r (train): 0.9753, Test MSE: 0.0795, r (test): -0.3180
Epoch: 44, Training Loss: 0.0236, Train MSE: 0.0236, r (train): 0.9628, Test MSE: 0.1582, r (test): -0.2467
Epoch: 45, Training Loss: 0.0037, Train MSE: 0.0037, r (train): 0.9775, Test MSE: 0.1066, r (test): -0.2508
Epoch: 46, Training Loss: 0.0170, Train MSE: 0.0170, r (train): 0.9702, Test MSE: 0.0808, r (test): -0.3761
Epoch: 47, Training Loss: 0.0099, Train MSE: 0.0099, r (train): 0.9545, Test MSE: 0.0869, r (test): -0.3842
Epoch: 48, Training Loss: 0.0312, Train MSE: 0.0312, r (train): 0.9558, Test MSE: 0.1684, r (test): -0.1571
Epoch: 49, Training Loss: 0.0035, Train MSE: 0.0035, r (train): 0.9768, Test MSE: 0.0969, r (test): -0.2421
Epoch: 50, Training Loss: 0.0107, Train MSE: 0.0107, r (train): 0.9718, Test MSE: 0.0844, r (test): -0.3252
Epoch: 51, Training Loss: 0.0071, Train MSE: 0.0071, r (train): 0.9563, Test MSE: 0.1175, r (test): -0.3408
Epoch: 52, Training Loss: 0.0337, Train MSE: 0.0337, r (train): 0.9573, Test MSE: 0.1678, r (test): -0.2026
Epoch: 53, Training Loss: 0.0119, Train MSE: 0.0119, r (train): 0.9621, Test MSE: 0.0760, r (test): -0.1737
Epoch: 54, Training Loss: 0.0144, Train MSE: 0.0144, r (train): 0.9518, Test MSE: 0.0843, r (test): -0.3969
Epoch: 55, Training Loss: 0.0146, Train MSE: 0.0146, r (train): 0.9362, Test MSE: 0.1220, r (test): -0.1738
Epoch: 56, Training Loss: 0.0045, Train MSE: 0.0045, r (train): 0.9727, Test MSE: 0.1051, r (test): -0.2129
Epoch: 57, Training Loss: 0.0167, Train MSE: 0.0167, r (train): 0.9767, Test MSE: 0.0758, r (test): -0.2731
Epoch: 58, Training Loss: 0.0092, Train MSE: 0.0092, r (train): 0.9511, Test MSE: 0.1133, r (test): -0.3541
Epoch: 59, Training Loss: 0.0067, Train MSE: 0.0067, r (train): 0.9581, Test MSE: 0.0925, r (test): -0.2457
Epoch: 60, Training Loss: 0.0152, Train MSE: 0.0152, r (train): 0.9776, Test MSE: 0.0806, r (test): -0.2549
Epoch: 61, Training Loss: 0.0069, Train MSE: 0.0069, r (train): 0.9595, Test MSE: 0.1067, r (test): -0.3313
Epoch: 62, Training Loss: 0.0114, Train MSE: 0.0114, r (train): 0.9450, Test MSE: 0.0815, r (test): -0.1112
Epoch: 63, Training Loss: 0.0110, Train MSE: 0.0110, r (train): 0.9682, Test MSE: 0.0817, r (test): -0.2185
Epoch: 64, Training Loss: 0.0087, Train MSE: 0.0087, r (train): 0.9629, Test MSE: 0.0865, r (test): -0.3321
Epoch: 65, Training Loss: 0.0078, Train MSE: 0.0078, r (train): 0.9516, Test MSE: 0.1011, r (test): -0.1721
Epoch: 66, Training Loss: 0.0107, Train MSE: 0.0107, r (train): 0.9453, Test MSE: 0.0821, r (test): -0.1976
Epoch: 67, Training Loss: 0.0189, Train MSE: 0.0189, r (train): 0.9602, Test MSE: 0.0770, r (test): -0.2083
Epoch: 68, Training Loss: 0.0199, Train MSE: 0.0199, r (train): 0.9658, Test MSE: 0.0802, r (test): -0.3486
Epoch: 69, Training Loss: 0.0055, Train MSE: 0.0055, r (train): 0.9638, Test MSE: 0.1011, r (test): -0.2631
Epoch: 70, Training Loss: 0.0110, Train MSE: 0.0110, r (train): 0.9427, Test MSE: 0.0777, r (test): -0.0798
Epoch: 71, Training Loss: 0.0162, Train MSE: 0.0162, r (train): 0.9439, Test MSE: 0.0779, r (test): -0.2432
Epoch: 72, Training Loss: 0.0089, Train MSE: 0.0089, r (train): 0.9574, Test MSE: 0.0931, r (test): -0.4579
Epoch: 73, Training Loss: 0.0175, Train MSE: 0.0175, r (train): 0.9624, Test MSE: 0.1476, r (test): -0.4054
Epoch: 74, Training Loss: 0.0066, Train MSE: 0.0066, r (train): 0.9554, Test MSE: 0.1035, r (test): -0.2359
Epoch: 75, Training Loss: 0.0169, Train MSE: 0.0169, r (train): 0.9451, Test MSE: 0.1318, r (test): -0.3758
Epoch: 76, Training Loss: 0.0267, Train MSE: 0.0267, r (train): 0.9331, Test MSE: 0.1450, r (test): -0.2871
Epoch: 77, Training Loss: 0.0452, Train MSE: 0.0452, r (train): 0.9027, Test MSE: 0.1537, r (test): -0.0112
Epoch: 78, Training Loss: 0.0320, Train MSE: 0.0320, r (train): 0.9273, Test MSE: 0.1537, r (test): -0.1414
Epoch: 79, Training Loss: 0.0176, Train MSE: 0.0176, r (train): 0.9288, Test MSE: 0.1257, r (test): -0.3274
Epoch: 80, Training Loss: 0.0138, Train MSE: 0.0138, r (train): 0.9287, Test MSE: 0.1271, r (test): -0.3025
Epoch: 81, Training Loss: 0.0150, Train MSE: 0.0150, r (train): 0.9147, Test MSE: 0.1048, r (test): -0.0634
Epoch: 82, Training Loss: 0.0164, Train MSE: 0.0164, r (train): 0.9246, Test MSE: 0.0756, r (test): -0.1405
Epoch: 83, Training Loss: 0.0219, Train MSE: 0.0219, r (train): 0.9099, Test MSE: 0.0678, r (test): -0.0530
Epoch: 84, Training Loss: 0.0154, Train MSE: 0.0154, r (train): 0.9283, Test MSE: 0.0737, r (test): -0.1204
Epoch: 85, Training Loss: 0.0177, Train MSE: 0.0177, r (train): 0.9514, Test MSE: 0.0757, r (test): -0.1576
Epoch: 86, Training Loss: 0.0102, Train MSE: 0.0102, r (train): 0.9360, Test MSE: 0.1000, r (test): -0.2294
Epoch: 87, Training Loss: 0.0119, Train MSE: 0.0119, r (train): 0.9383, Test MSE: 0.1323, r (test): -0.2259
Epoch: 88, Training Loss: 0.0228, Train MSE: 0.0228, r (train): 0.9651, Test MSE: 0.1602, r (test): -0.2235
Epoch: 89, Training Loss: 0.0218, Train MSE: 0.0218, r (train): 0.9590, Test MSE: 0.1502, r (test): -0.1627
Epoch: 90, Training Loss: 0.0116, Train MSE: 0.0116, r (train): 0.9617, Test MSE: 0.1320, r (test): -0.2165
Epoch: 91, Training Loss: 0.0085, Train MSE: 0.0085, r (train): 0.9565, Test MSE: 0.0960, r (test): -0.1714
Epoch: 92, Training Loss: 0.0173, Train MSE: 0.0173, r (train): 0.9463, Test MSE: 0.0770, r (test): -0.1113
Epoch: 93, Training Loss: 0.0116, Train MSE: 0.0116, r (train): 0.9390, Test MSE: 0.0810, r (test): -0.1313
Epoch: 94, Training Loss: 0.0099, Train MSE: 0.0099, r (train): 0.9359, Test MSE: 0.1150, r (test): -0.2699
Epoch: 95, Training Loss: 0.0197, Train MSE: 0.0197, r (train): 0.9360, Test MSE: 0.1293, r (test): -0.1548
Epoch: 96, Training Loss: 0.0157, Train MSE: 0.0157, r (train): 0.9685, Test MSE: 0.1497, r (test): -0.2031
Epoch: 97, Training Loss: 0.0224, Train MSE: 0.0224, r (train): 0.9468, Test MSE: 0.1439, r (test): -0.3112
Epoch: 98, Training Loss: 0.0059, Train MSE: 0.0059, r (train): 0.9591, Test MSE: 0.0947, r (test): -0.1005
Epoch: 99, Training Loss: 0.0118, Train MSE: 0.0118, r (train): 0.9599, Test MSE: 0.0766, r (test): -0.2690
Predicted tensors for training set: 
tensor([ 0.3566,  0.9621,  0.6280,  0.7469,  1.0305,  0.1976,  0.4637,  0.5601,
         0.4581,  0.4467,  1.0238,  0.9959,  0.1817,  0.8875,  0.5810,  0.9277,
         0.7833,  0.7102,  0.8716,  0.9745,  0.0837,  0.6964,  0.3607,  0.2529,
         0.7314,  0.1282,  0.5499,  0.1704, -0.0034,  0.3684,  0.3929,  0.5049,
         0.6200,  0.1868,  0.6739,  0.6891,  0.4057,  0.4684,  0.8602,  0.8630,
         0.5510,  0.2311,  0.7802,  0.8019,  0.6660,  0.5398,  0.3973,  0.7925,
         0.3493,  0.7357,  0.7352,  1.0195,  1.1071,  0.3348,  0.6842,  0.3484,
         0.7462,  1.0339,  0.6000,  0.8191,  0.8827,  0.8722,  0.4676,  0.1722,
         0.7630,  0.2231,  0.3433,  0.7136,  0.5950,  0.5404,  0.5990,  0.3764])
Target tensorsfor training set: 
tensor([0.2594, 0.8453, 0.5187, 0.6846, 0.9492, 0.0981, 0.3829, 0.4373, 0.2464,
        0.3309, 0.9072, 0.7901, 0.0246, 0.7171, 0.4654, 0.7950, 0.7372, 0.5783,
        0.6992, 0.9621, 0.0389, 0.7144, 0.3174, 0.1360, 0.8524, 0.0636, 0.5178,
        0.1294, 0.0478, 0.2916, 0.4341, 0.4640, 0.6671, 0.2271, 0.7497, 0.7462,
        0.3453, 0.4149, 0.9127, 0.9215, 0.5023, 0.0763, 0.8418, 0.7596, 0.5573,
        0.4440, 0.2255, 0.6576, 0.2394, 0.6199, 0.5658, 0.8363, 0.9535, 0.1055,
        0.5220, 0.2169, 0.6240, 0.8728, 0.4526, 0.6577, 0.7507, 0.8391, 0.4036,
        0.1218, 0.7371, 0.1493, 0.3077, 0.6465, 0.5780, 0.5300, 0.5564, 0.2649])
Correlation for training set: 0.9599382280808192
Predicted tensors for test set: 
tensor([0.6960, 0.5491, 0.6197, 0.5634, 0.5389, 0.4586, 0.4539, 0.7017, 0.5131,
        0.5848, 0.6079, 0.9567, 0.6200, 0.5924, 0.5175, 0.6019, 0.6473, 0.6688])
Target tensors for test set: 
tensor([0.5779, 0.4818, 0.7791, 0.8561, 0.9656, 0.8988, 0.8411, 0.4993, 0.7125,
        0.7270, 0.5719, 0.6595, 0.8556, 0.4513, 0.9117, 0.1295, 0.5102, 0.9150])
Correlation for test set: -0.26904089037529744
Fold 5
Epoch: 00, Training Loss: 0.0920, Train MSE: 0.0920, r (train): 0.0611, Test MSE: 0.0692, r (test): 0.2852
Epoch: 01, Training Loss: 0.0939, Train MSE: 0.0939, r (train): 0.1912, Test MSE: 0.0746, r (test): 0.3171
Epoch: 02, Training Loss: 0.0949, Train MSE: 0.0949, r (train): 0.2813, Test MSE: 0.0775, r (test): 0.3672
Epoch: 03, Training Loss: 0.0940, Train MSE: 0.0940, r (train): 0.3644, Test MSE: 0.0774, r (test): 0.4216
Epoch: 04, Training Loss: 0.0934, Train MSE: 0.0934, r (train): 0.4225, Test MSE: 0.0777, r (test): 0.4233
Epoch: 05, Training Loss: 0.0929, Train MSE: 0.0929, r (train): 0.4689, Test MSE: 0.0782, r (test): 0.4488
Epoch: 06, Training Loss: 0.0915, Train MSE: 0.0915, r (train): 0.5277, Test MSE: 0.0779, r (test): 0.4582
Epoch: 07, Training Loss: 0.0902, Train MSE: 0.0902, r (train): 0.5944, Test MSE: 0.0779, r (test): 0.4813
Epoch: 08, Training Loss: 0.0898, Train MSE: 0.0898, r (train): 0.6250, Test MSE: 0.0793, r (test): 0.4102
Epoch: 09, Training Loss: 0.0852, Train MSE: 0.0852, r (train): 0.6644, Test MSE: 0.0762, r (test): 0.4035
Epoch: 10, Training Loss: 0.0837, Train MSE: 0.0837, r (train): 0.7113, Test MSE: 0.0761, r (test): 0.4509
Epoch: 11, Training Loss: 0.0810, Train MSE: 0.0810, r (train): 0.7429, Test MSE: 0.0759, r (test): 0.4132
Epoch: 12, Training Loss: 0.0757, Train MSE: 0.0757, r (train): 0.7827, Test MSE: 0.0747, r (test): 0.4119
Epoch: 13, Training Loss: 0.0677, Train MSE: 0.0677, r (train): 0.7928, Test MSE: 0.0676, r (test): 0.4247
Epoch: 14, Training Loss: 0.0620, Train MSE: 0.0620, r (train): 0.8121, Test MSE: 0.0681, r (test): 0.3511
Epoch: 15, Training Loss: 0.0629, Train MSE: 0.0629, r (train): 0.8201, Test MSE: 0.0702, r (test): 0.3751
Epoch: 16, Training Loss: 0.0564, Train MSE: 0.0564, r (train): 0.8381, Test MSE: 0.0721, r (test): 0.2146
Epoch: 17, Training Loss: 0.0485, Train MSE: 0.0485, r (train): 0.8590, Test MSE: 0.0675, r (test): 0.2809
Epoch: 18, Training Loss: 0.0451, Train MSE: 0.0451, r (train): 0.8834, Test MSE: 0.0717, r (test): 0.2801
Epoch: 19, Training Loss: 0.0458, Train MSE: 0.0458, r (train): 0.9008, Test MSE: 0.0750, r (test): 0.3481
Epoch: 20, Training Loss: 0.0408, Train MSE: 0.0408, r (train): 0.8973, Test MSE: 0.0709, r (test): 0.3446
Epoch: 21, Training Loss: 0.1041, Train MSE: 0.1041, r (train): 0.9059, Test MSE: 0.1249, r (test): 0.4750
Epoch: 22, Training Loss: 0.1179, Train MSE: 0.1179, r (train): 0.9141, Test MSE: 0.1486, r (test): 0.4704
Epoch: 23, Training Loss: 0.1350, Train MSE: 0.1350, r (train): 0.8990, Test MSE: 0.1707, r (test): 0.4617
Epoch: 24, Training Loss: 0.0550, Train MSE: 0.0550, r (train): 0.9002, Test MSE: 0.0953, r (test): 0.3643
Epoch: 25, Training Loss: 0.0429, Train MSE: 0.0429, r (train): 0.8853, Test MSE: 0.0756, r (test): 0.4389
Epoch: 26, Training Loss: 0.1085, Train MSE: 0.1085, r (train): 0.8778, Test MSE: 0.1154, r (test): 0.4551
Epoch: 27, Training Loss: 0.0497, Train MSE: 0.0497, r (train): 0.8619, Test MSE: 0.0849, r (test): 0.2354
Epoch: 28, Training Loss: 0.0386, Train MSE: 0.0386, r (train): 0.8433, Test MSE: 0.0742, r (test): 0.1480
Epoch: 29, Training Loss: 0.0736, Train MSE: 0.0736, r (train): 0.8719, Test MSE: 0.1074, r (test): 0.3949
Epoch: 30, Training Loss: 0.1453, Train MSE: 0.1453, r (train): 0.8861, Test MSE: 0.1763, r (test): 0.2983
Epoch: 31, Training Loss: 0.1479, Train MSE: 0.1479, r (train): 0.8913, Test MSE: 0.1936, r (test): 0.2325
Epoch: 32, Training Loss: 0.1153, Train MSE: 0.1153, r (train): 0.8874, Test MSE: 0.1399, r (test): 0.5397
Epoch: 33, Training Loss: 0.0447, Train MSE: 0.0447, r (train): 0.8913, Test MSE: 0.0791, r (test): 0.4219
Epoch: 34, Training Loss: 0.0322, Train MSE: 0.0322, r (train): 0.8702, Test MSE: 0.0675, r (test): 0.3250
Epoch: 35, Training Loss: 0.0349, Train MSE: 0.0349, r (train): 0.8220, Test MSE: 0.0680, r (test): 0.2183
Epoch: 36, Training Loss: 0.0247, Train MSE: 0.0247, r (train): 0.8436, Test MSE: 0.0592, r (test): 0.2131
Epoch: 37, Training Loss: 0.0262, Train MSE: 0.0262, r (train): 0.8381, Test MSE: 0.0572, r (test): 0.3350
Epoch: 38, Training Loss: 0.0234, Train MSE: 0.0234, r (train): 0.8366, Test MSE: 0.0513, r (test): 0.1674
Epoch: 39, Training Loss: 0.0276, Train MSE: 0.0276, r (train): 0.8160, Test MSE: 0.0380, r (test): 0.4868
Epoch: 40, Training Loss: 0.0222, Train MSE: 0.0222, r (train): 0.8722, Test MSE: 0.0484, r (test): 0.2423
Epoch: 41, Training Loss: 0.0185, Train MSE: 0.0185, r (train): 0.8896, Test MSE: 0.0456, r (test): 0.3898
Epoch: 42, Training Loss: 0.0204, Train MSE: 0.0204, r (train): 0.8717, Test MSE: 0.0486, r (test): 0.3170
Epoch: 43, Training Loss: 0.0289, Train MSE: 0.0289, r (train): 0.8828, Test MSE: 0.0580, r (test): 0.4183
Epoch: 44, Training Loss: 0.0605, Train MSE: 0.0605, r (train): 0.8911, Test MSE: 0.0904, r (test): 0.4701
Epoch: 45, Training Loss: 0.0892, Train MSE: 0.0892, r (train): 0.8871, Test MSE: 0.1194, r (test): 0.4146
Epoch: 46, Training Loss: 0.1371, Train MSE: 0.1371, r (train): 0.8914, Test MSE: 0.1675, r (test): 0.4957
Epoch: 47, Training Loss: 0.1324, Train MSE: 0.1324, r (train): 0.8844, Test MSE: 0.1560, r (test): 0.3869
Epoch: 48, Training Loss: 0.0735, Train MSE: 0.0735, r (train): 0.9006, Test MSE: 0.1321, r (test): 0.3711
Epoch: 49, Training Loss: 0.0435, Train MSE: 0.0435, r (train): 0.8888, Test MSE: 0.0926, r (test): 0.1358
Epoch: 50, Training Loss: 0.0191, Train MSE: 0.0191, r (train): 0.8689, Test MSE: 0.0523, r (test): 0.1631
Epoch: 51, Training Loss: 0.0240, Train MSE: 0.0240, r (train): 0.8507, Test MSE: 0.0473, r (test): 0.2360
Epoch: 52, Training Loss: 0.0187, Train MSE: 0.0187, r (train): 0.8794, Test MSE: 0.0444, r (test): 0.4248
Epoch: 53, Training Loss: 0.0460, Train MSE: 0.0460, r (train): 0.9053, Test MSE: 0.0819, r (test): 0.5074
Epoch: 54, Training Loss: 0.0942, Train MSE: 0.0942, r (train): 0.9119, Test MSE: 0.1367, r (test): 0.4772
Epoch: 55, Training Loss: 0.1036, Train MSE: 0.1036, r (train): 0.9101, Test MSE: 0.1532, r (test): 0.4352
Epoch: 56, Training Loss: 0.0556, Train MSE: 0.0556, r (train): 0.9021, Test MSE: 0.0870, r (test): 0.5499
Epoch: 57, Training Loss: 0.0181, Train MSE: 0.0181, r (train): 0.8994, Test MSE: 0.0551, r (test): 0.3286
Epoch: 58, Training Loss: 0.0244, Train MSE: 0.0244, r (train): 0.8646, Test MSE: 0.0596, r (test): 0.2243
Epoch: 59, Training Loss: 0.0202, Train MSE: 0.0202, r (train): 0.8949, Test MSE: 0.0563, r (test): 0.3198
Epoch: 60, Training Loss: 0.0254, Train MSE: 0.0254, r (train): 0.8474, Test MSE: 0.0481, r (test): 0.5220
Epoch: 61, Training Loss: 0.0292, Train MSE: 0.0292, r (train): 0.8779, Test MSE: 0.0530, r (test): 0.5024
Epoch: 62, Training Loss: 0.0517, Train MSE: 0.0517, r (train): 0.8979, Test MSE: 0.0861, r (test): 0.4331
Epoch: 63, Training Loss: 0.0989, Train MSE: 0.0989, r (train): 0.8877, Test MSE: 0.1300, r (test): 0.4721
Epoch: 64, Training Loss: 0.1071, Train MSE: 0.1071, r (train): 0.8952, Test MSE: 0.1578, r (test): 0.4350
Epoch: 65, Training Loss: 0.0610, Train MSE: 0.0610, r (train): 0.8831, Test MSE: 0.0981, r (test): 0.2466
Epoch: 66, Training Loss: 0.0254, Train MSE: 0.0254, r (train): 0.8909, Test MSE: 0.0566, r (test): 0.2919
Epoch: 67, Training Loss: 0.0201, Train MSE: 0.0201, r (train): 0.8780, Test MSE: 0.0703, r (test): -0.0180
Epoch: 68, Training Loss: 0.0169, Train MSE: 0.0169, r (train): 0.8973, Test MSE: 0.0596, r (test): 0.0573
Epoch: 69, Training Loss: 0.0223, Train MSE: 0.0223, r (train): 0.8772, Test MSE: 0.0514, r (test): 0.2520
Epoch: 70, Training Loss: 0.0191, Train MSE: 0.0191, r (train): 0.8898, Test MSE: 0.0428, r (test): 0.5038
Epoch: 71, Training Loss: 0.0359, Train MSE: 0.0359, r (train): 0.9117, Test MSE: 0.0679, r (test): 0.4808
Epoch: 72, Training Loss: 0.0525, Train MSE: 0.0525, r (train): 0.9126, Test MSE: 0.0939, r (test): 0.2846
Epoch: 73, Training Loss: 0.0259, Train MSE: 0.0259, r (train): 0.9104, Test MSE: 0.0566, r (test): 0.2341
Epoch: 74, Training Loss: 0.0230, Train MSE: 0.0230, r (train): 0.8946, Test MSE: 0.0528, r (test): 0.2062
Epoch: 75, Training Loss: 0.0222, Train MSE: 0.0222, r (train): 0.9052, Test MSE: 0.0586, r (test): 0.0200
Epoch: 76, Training Loss: 0.0289, Train MSE: 0.0289, r (train): 0.8955, Test MSE: 0.0486, r (test): 0.2715
Epoch: 77, Training Loss: 0.0237, Train MSE: 0.0237, r (train): 0.8882, Test MSE: 0.0510, r (test): 0.2688
Epoch: 78, Training Loss: 0.0212, Train MSE: 0.0212, r (train): 0.9054, Test MSE: 0.0557, r (test): 0.2187
Epoch: 79, Training Loss: 0.0160, Train MSE: 0.0160, r (train): 0.9193, Test MSE: 0.0385, r (test): 0.5304
Epoch: 80, Training Loss: 0.0222, Train MSE: 0.0222, r (train): 0.9074, Test MSE: 0.0584, r (test): 0.3774
Epoch: 81, Training Loss: 0.0340, Train MSE: 0.0340, r (train): 0.9023, Test MSE: 0.0871, r (test): 0.2190
Epoch: 82, Training Loss: 0.0212, Train MSE: 0.0212, r (train): 0.9092, Test MSE: 0.0734, r (test): 0.0247
Epoch: 83, Training Loss: 0.0273, Train MSE: 0.0273, r (train): 0.9234, Test MSE: 0.0743, r (test): -0.1508
Epoch: 84, Training Loss: 0.0323, Train MSE: 0.0323, r (train): 0.9095, Test MSE: 0.0770, r (test): -0.2089
Epoch: 85, Training Loss: 0.0314, Train MSE: 0.0314, r (train): 0.9370, Test MSE: 0.0748, r (test): -0.0308
Epoch: 86, Training Loss: 0.0478, Train MSE: 0.0478, r (train): 0.9264, Test MSE: 0.0721, r (test): 0.1051
Epoch: 87, Training Loss: 0.0184, Train MSE: 0.0184, r (train): 0.9051, Test MSE: 0.0427, r (test): 0.3760
Epoch: 88, Training Loss: 0.0161, Train MSE: 0.0161, r (train): 0.9346, Test MSE: 0.0581, r (test): 0.2200
Epoch: 89, Training Loss: 0.0174, Train MSE: 0.0174, r (train): 0.9284, Test MSE: 0.0766, r (test): 0.0108
Epoch: 90, Training Loss: 0.0277, Train MSE: 0.0277, r (train): 0.9437, Test MSE: 0.0762, r (test): -0.0794
Epoch: 91, Training Loss: 0.0362, Train MSE: 0.0362, r (train): 0.9378, Test MSE: 0.0948, r (test): -0.1721
Epoch: 92, Training Loss: 0.0331, Train MSE: 0.0331, r (train): 0.9340, Test MSE: 0.0860, r (test): -0.0471
Epoch: 93, Training Loss: 0.0208, Train MSE: 0.0208, r (train): 0.9531, Test MSE: 0.0594, r (test): 0.0668
Epoch: 94, Training Loss: 0.0135, Train MSE: 0.0135, r (train): 0.9397, Test MSE: 0.0544, r (test): 0.1082
Epoch: 95, Training Loss: 0.0139, Train MSE: 0.0139, r (train): 0.9306, Test MSE: 0.0509, r (test): 0.2634
Epoch: 96, Training Loss: 0.0120, Train MSE: 0.0120, r (train): 0.9436, Test MSE: 0.0569, r (test): 0.1411
Epoch: 97, Training Loss: 0.0134, Train MSE: 0.0134, r (train): 0.9419, Test MSE: 0.0647, r (test): -0.0606
Epoch: 98, Training Loss: 0.0338, Train MSE: 0.0338, r (train): 0.9032, Test MSE: 0.0731, r (test): -0.0147
Epoch: 99, Training Loss: 0.0398, Train MSE: 0.0398, r (train): 0.8616, Test MSE: 0.0532, r (test): 0.2181
Predicted tensors for training set: 
tensor([ 0.2950,  0.7605,  0.4524,  0.5694,  0.7314,  0.1088,  0.2718,  0.4007,
         0.1720,  0.1928,  0.6409,  0.6323,  0.1766,  0.5759,  0.3139,  0.5691,
         0.5039,  0.2796,  0.2356,  0.5609, -0.2252,  0.5193,  0.1687,  0.3576,
         0.3963,  0.1378,  0.3871,  0.0814,  0.1075,  0.3186,  0.3872,  0.4174,
         0.4807,  0.2587,  0.6479,  0.5661,  0.4188,  0.3724,  0.6521,  0.7083,
         0.4303,  0.3335,  0.6276,  0.6195,  0.4626,  0.4005,  0.2644,  0.4171,
         0.0588,  0.4202,  0.3618,  0.4792,  0.5599, -0.0784,  0.3388,  0.2575,
         0.4667,  0.4911,  0.5468,  0.5936,  0.6245,  0.3679,  0.5266,  0.5828,
         0.4834,  0.6220,  0.7490,  0.4160,  0.8689,  0.1180,  0.4399,  0.8153])
Target tensorsfor training set: 
tensor([0.2594, 0.8453, 0.5187, 0.6846, 0.9492, 0.0981, 0.3829, 0.4373, 0.2464,
        0.3309, 0.9072, 0.7901, 0.0246, 0.7171, 0.4654, 0.7950, 0.7372, 0.5783,
        0.6992, 0.9621, 0.0389, 0.7144, 0.3174, 0.1360, 0.8524, 0.0636, 0.5178,
        0.1294, 0.0478, 0.2916, 0.4341, 0.4640, 0.6671, 0.2271, 0.7497, 0.7462,
        0.3453, 0.4149, 0.9127, 0.9215, 0.5023, 0.0763, 0.8418, 0.7596, 0.5573,
        0.4440, 0.2255, 0.6576, 0.2394, 0.6199, 0.5658, 0.8363, 0.9535, 0.1055,
        0.5779, 0.4818, 0.7791, 0.8561, 0.9656, 0.8988, 0.8411, 0.4993, 0.7125,
        0.7270, 0.5719, 0.6595, 0.8556, 0.4513, 0.9117, 0.1295, 0.5102, 0.9150])
Correlation for training set: 0.8616457638370355
Predicted tensors for test set: 
tensor([0.5796, 0.4464, 0.3549, 0.5778, 0.3991, 0.4406, 0.5661, 0.3078, 0.5817,
        0.3871, 0.3907, 0.3575, 0.3783, 0.4782, 0.3780, 0.4215, 0.6027, 0.4168])
Target tensors for test set: 
tensor([0.5220, 0.2169, 0.6240, 0.8728, 0.4526, 0.6577, 0.7507, 0.8391, 0.4036,
        0.1218, 0.7371, 0.1493, 0.3077, 0.6465, 0.5780, 0.5300, 0.5564, 0.2649])
Correlation for test set: 0.21810286166028311
Seed: 8
Fold losses: [tensor(0.0615), tensor(0.0072), tensor(0.0336), tensor(0.0118), tensor(0.0398)]
Fold MSE values: [tensor(0.0615), tensor(0.0072), tensor(0.0336), tensor(0.0118), tensor(0.0398)]
Target training values: [tensor([0.6992, 0.9621, 0.0389, 0.7144, 0.3174, 0.1360, 0.8524, 0.0636, 0.5178,
        0.1294, 0.0478, 0.2916, 0.4341, 0.4640, 0.6671, 0.2271, 0.7497, 0.7462,
        0.3453, 0.4149, 0.9127, 0.9215, 0.5023, 0.0763, 0.8418, 0.7596, 0.5573,
        0.4440, 0.2255, 0.6576, 0.2394, 0.6199, 0.5658, 0.8363, 0.9535, 0.1055,
        0.5779, 0.4818, 0.7791, 0.8561, 0.9656, 0.8988, 0.8411, 0.4993, 0.7125,
        0.7270, 0.5719, 0.6595, 0.8556, 0.4513, 0.9117, 0.1295, 0.5102, 0.9150,
        0.5220, 0.2169, 0.6240, 0.8728, 0.4526, 0.6577, 0.7507, 0.8391, 0.4036,
        0.1218, 0.7371, 0.1493, 0.3077, 0.6465, 0.5780, 0.5300, 0.5564, 0.2649]), tensor([0.2594, 0.8453, 0.5187, 0.6846, 0.9492, 0.0981, 0.3829, 0.4373, 0.2464,
        0.3309, 0.9072, 0.7901, 0.0246, 0.7171, 0.4654, 0.7950, 0.7372, 0.5783,
        0.3453, 0.4149, 0.9127, 0.9215, 0.5023, 0.0763, 0.8418, 0.7596, 0.5573,
        0.4440, 0.2255, 0.6576, 0.2394, 0.6199, 0.5658, 0.8363, 0.9535, 0.1055,
        0.5779, 0.4818, 0.7791, 0.8561, 0.9656, 0.8988, 0.8411, 0.4993, 0.7125,
        0.7270, 0.5719, 0.6595, 0.8556, 0.4513, 0.9117, 0.1295, 0.5102, 0.9150,
        0.5220, 0.2169, 0.6240, 0.8728, 0.4526, 0.6577, 0.7507, 0.8391, 0.4036,
        0.1218, 0.7371, 0.1493, 0.3077, 0.6465, 0.5780, 0.5300, 0.5564, 0.2649]), tensor([0.2594, 0.8453, 0.5187, 0.6846, 0.9492, 0.0981, 0.3829, 0.4373, 0.2464,
        0.3309, 0.9072, 0.7901, 0.0246, 0.7171, 0.4654, 0.7950, 0.7372, 0.5783,
        0.6992, 0.9621, 0.0389, 0.7144, 0.3174, 0.1360, 0.8524, 0.0636, 0.5178,
        0.1294, 0.0478, 0.2916, 0.4341, 0.4640, 0.6671, 0.2271, 0.7497, 0.7462,
        0.5779, 0.4818, 0.7791, 0.8561, 0.9656, 0.8988, 0.8411, 0.4993, 0.7125,
        0.7270, 0.5719, 0.6595, 0.8556, 0.4513, 0.9117, 0.1295, 0.5102, 0.9150,
        0.5220, 0.2169, 0.6240, 0.8728, 0.4526, 0.6577, 0.7507, 0.8391, 0.4036,
        0.1218, 0.7371, 0.1493, 0.3077, 0.6465, 0.5780, 0.5300, 0.5564, 0.2649]), tensor([0.2594, 0.8453, 0.5187, 0.6846, 0.9492, 0.0981, 0.3829, 0.4373, 0.2464,
        0.3309, 0.9072, 0.7901, 0.0246, 0.7171, 0.4654, 0.7950, 0.7372, 0.5783,
        0.6992, 0.9621, 0.0389, 0.7144, 0.3174, 0.1360, 0.8524, 0.0636, 0.5178,
        0.1294, 0.0478, 0.2916, 0.4341, 0.4640, 0.6671, 0.2271, 0.7497, 0.7462,
        0.3453, 0.4149, 0.9127, 0.9215, 0.5023, 0.0763, 0.8418, 0.7596, 0.5573,
        0.4440, 0.2255, 0.6576, 0.2394, 0.6199, 0.5658, 0.8363, 0.9535, 0.1055,
        0.5220, 0.2169, 0.6240, 0.8728, 0.4526, 0.6577, 0.7507, 0.8391, 0.4036,
        0.1218, 0.7371, 0.1493, 0.3077, 0.6465, 0.5780, 0.5300, 0.5564, 0.2649]), tensor([0.2594, 0.8453, 0.5187, 0.6846, 0.9492, 0.0981, 0.3829, 0.4373, 0.2464,
        0.3309, 0.9072, 0.7901, 0.0246, 0.7171, 0.4654, 0.7950, 0.7372, 0.5783,
        0.6992, 0.9621, 0.0389, 0.7144, 0.3174, 0.1360, 0.8524, 0.0636, 0.5178,
        0.1294, 0.0478, 0.2916, 0.4341, 0.4640, 0.6671, 0.2271, 0.7497, 0.7462,
        0.3453, 0.4149, 0.9127, 0.9215, 0.5023, 0.0763, 0.8418, 0.7596, 0.5573,
        0.4440, 0.2255, 0.6576, 0.2394, 0.6199, 0.5658, 0.8363, 0.9535, 0.1055,
        0.5779, 0.4818, 0.7791, 0.8561, 0.9656, 0.8988, 0.8411, 0.4993, 0.7125,
        0.7270, 0.5719, 0.6595, 0.8556, 0.4513, 0.9117, 0.1295, 0.5102, 0.9150])]
Prediction training values: [tensor([ 0.7027,  0.9883, -0.0732,  0.5888,  0.3651,  0.1376,  0.8274,  0.0532,
         0.5329,  0.2113,  0.0961,  0.4364,  0.5814,  0.6380,  0.8177,  0.4841,
         0.9297,  0.8550,  0.5572,  0.6557,  1.1178,  1.2641,  0.8290,  0.3357,
         1.2100,  1.1441,  0.9378,  0.7830,  0.5495,  1.1448,  0.5020,  1.0228,
         0.9025,  1.2327,  1.4087,  0.4938,  0.9845,  0.6902,  1.1076,  1.2031,
         1.3285,  1.0658,  1.1176,  0.6856,  1.0374,  0.9789,  0.8384,  0.9230,
         1.2096,  0.7307,  1.2653,  0.3424,  0.7797,  1.2648,  0.7051,  0.3742,
         0.8155,  1.1665,  0.6380,  0.8734,  0.9202,  1.0462,  0.5498,  0.2470,
         0.8588,  0.2314,  0.4033,  0.7202,  0.5988,  0.5725,  0.5246,  0.3376]), tensor([0.2344, 0.7124, 0.4897, 0.5848, 0.9829, 0.1719, 0.4763, 0.4377, 0.2069,
        0.3873, 0.9393, 0.7447, 0.0152, 0.8063, 0.5229, 0.7296, 0.6546, 0.5642,
        0.4336, 0.4212, 0.6653, 0.8381, 0.5261, 0.0659, 0.7277, 0.7831, 0.5378,
        0.4084, 0.1299, 0.5567, 0.2575, 0.6089, 0.5389, 0.8723, 0.8585, 0.1197,
        0.5889, 0.5050, 0.7914, 1.0170, 1.1126, 1.0508, 0.9490, 0.6442, 0.8207,
        0.8650, 0.6048, 0.8282, 0.8593, 0.3856, 1.0363, 0.2888, 0.5728, 0.9156,
        0.5147, 0.2095, 0.5551, 0.7964, 0.3917, 0.5694, 0.5892, 0.6570, 0.3529,
        0.0888, 0.6157, 0.1084, 0.2787, 0.5935, 0.5531, 0.4874, 0.5300, 0.2537]), tensor([0.2930, 0.8170, 0.4729, 0.7149, 0.9090, 0.1958, 0.4053, 0.4335, 0.2483,
        0.3855, 0.9006, 0.8829, 0.1876, 0.8192, 0.6586, 0.8777, 0.8042, 0.7603,
        0.8695, 1.1845, 0.3282, 0.8560, 0.4791, 0.3292, 0.9165, 0.2224, 0.7326,
        0.2770, 0.2426, 0.4774, 0.5462, 0.6456, 0.7594, 0.3161, 0.8506, 0.8364,
        0.7108, 0.6370, 0.9370, 0.8254, 1.1609, 1.1047, 1.0592, 0.8218, 1.0055,
        1.0728, 0.8637, 0.9306, 1.1475, 0.8798, 1.2512, 0.3472, 0.8034, 1.2756,
        0.8294, 0.4068, 0.8805, 1.1544, 0.6391, 0.8545, 0.9133, 0.9934, 0.5751,
        0.1928, 0.8517, 0.2280, 0.3817, 0.7061, 0.5828, 0.5378, 0.5507, 0.3276]), tensor([ 0.3566,  0.9621,  0.6280,  0.7469,  1.0305,  0.1976,  0.4637,  0.5601,
         0.4581,  0.4467,  1.0238,  0.9959,  0.1817,  0.8875,  0.5810,  0.9277,
         0.7833,  0.7102,  0.8716,  0.9745,  0.0837,  0.6964,  0.3607,  0.2529,
         0.7314,  0.1282,  0.5499,  0.1704, -0.0034,  0.3684,  0.3929,  0.5049,
         0.6200,  0.1868,  0.6739,  0.6891,  0.4057,  0.4684,  0.8602,  0.8630,
         0.5510,  0.2311,  0.7802,  0.8019,  0.6660,  0.5398,  0.3973,  0.7925,
         0.3493,  0.7357,  0.7352,  1.0195,  1.1071,  0.3348,  0.6842,  0.3484,
         0.7462,  1.0339,  0.6000,  0.8191,  0.8827,  0.8722,  0.4676,  0.1722,
         0.7630,  0.2231,  0.3433,  0.7136,  0.5950,  0.5404,  0.5990,  0.3764]), tensor([ 0.2950,  0.7605,  0.4524,  0.5694,  0.7314,  0.1088,  0.2718,  0.4007,
         0.1720,  0.1928,  0.6409,  0.6323,  0.1766,  0.5759,  0.3139,  0.5691,
         0.5039,  0.2796,  0.2356,  0.5609, -0.2252,  0.5193,  0.1687,  0.3576,
         0.3963,  0.1378,  0.3871,  0.0814,  0.1075,  0.3186,  0.3872,  0.4174,
         0.4807,  0.2587,  0.6479,  0.5661,  0.4188,  0.3724,  0.6521,  0.7083,
         0.4303,  0.3335,  0.6276,  0.6195,  0.4626,  0.4005,  0.2644,  0.4171,
         0.0588,  0.4202,  0.3618,  0.4792,  0.5599, -0.0784,  0.3388,  0.2575,
         0.4667,  0.4911,  0.5468,  0.5936,  0.6245,  0.3679,  0.5266,  0.5828,
         0.4834,  0.6220,  0.7490,  0.4160,  0.8689,  0.1180,  0.4399,  0.8153])]
Target values: [array([0.25936916, 0.84525365, 0.518717  , 0.6846425 , 0.9491663 ,
       0.09805249, 0.38285765, 0.4372734 , 0.24636388, 0.33092642,
       0.9071598 , 0.7900961 , 0.02463444, 0.71714455, 0.46544507,
       0.79497874, 0.73719215, 0.57832706], dtype=float32), array([0.69921327, 0.96213573, 0.03887437, 0.71435624, 0.31742746,
       0.1360485 , 0.8524316 , 0.06358391, 0.51780254, 0.12937951,
       0.04781396, 0.29163042, 0.43409458, 0.46398443, 0.6671056 ,
       0.22711647, 0.7497406 , 0.7462256 ], dtype=float32), array([0.34531343, 0.41493568, 0.912732  , 0.9215425 , 0.50225437,
       0.07633217, 0.8417677 , 0.75962484, 0.55726975, 0.44401234,
       0.2254639 , 0.6576234 , 0.23939352, 0.6198749 , 0.5658469 ,
       0.83626515, 0.95346546, 0.10552448], dtype=float32), array([0.5778506 , 0.48182514, 0.77910316, 0.85610735, 0.96564525,
       0.89876264, 0.84113044, 0.4993471 , 0.71252435, 0.72703534,
       0.57190746, 0.659493  , 0.85557973, 0.45128736, 0.9116711 ,
       0.12948532, 0.51015127, 0.91498566], dtype=float32), array([0.5220161 , 0.21692123, 0.62399   , 0.8728059 , 0.45263878,
       0.65769196, 0.75073236, 0.8390776 , 0.40355092, 0.12180944,
       0.73709923, 0.14931566, 0.30766785, 0.6464906 , 0.578045  ,
       0.52996147, 0.55641776, 0.2649091 ], dtype=float32)]
Prediction values: [array([0.908112  , 0.6845671 , 0.808672  , 0.6938837 , 0.9653587 ,
       0.7405145 , 0.8359481 , 0.6495497 , 0.7317716 , 0.71666694,
       0.69889736, 0.76649296, 0.69477266, 0.9092432 , 0.67587656,
       0.5072148 , 0.625559  , 0.7297578 ], dtype=float32), array([0.5389131 , 0.56576246, 0.54224885, 0.57486385, 0.4066919 ,
       0.60456896, 0.50538737, 0.44309324, 0.6066015 , 0.6511644 ,
       0.59952706, 0.44296145, 0.4891041 , 0.59852046, 0.50217354,
       0.5810052 , 0.49802366, 0.6257611 ], dtype=float32), array([0.5324781 , 0.4742991 , 0.7272373 , 0.896959  , 0.61971015,
       0.64064175, 0.84357417, 0.9425761 , 0.6795463 , 0.71229094,
       0.5870357 , 0.5419011 , 0.47286654, 0.95257396, 0.8884727 ,
       0.50857186, 0.79742795, 0.86744785], dtype=float32), array([0.6959533 , 0.54909724, 0.6196525 , 0.5634131 , 0.5389374 ,
       0.4585969 , 0.45393294, 0.70165503, 0.5130559 , 0.5848458 ,
       0.60786635, 0.956735  , 0.6199554 , 0.5923563 , 0.5175057 ,
       0.6019335 , 0.6472614 , 0.66878   ], dtype=float32), array([0.57960415, 0.4464188 , 0.35494286, 0.57781947, 0.39914674,
       0.4405522 , 0.5661143 , 0.3077784 , 0.5816628 , 0.38705447,
       0.390693  , 0.35753423, 0.37834382, 0.4782462 , 0.37795374,
       0.42149892, 0.60272574, 0.41681886], dtype=float32)]
Time taken: 1111.7833077907562 seconds
