sh: line 1: logger: command not found
/apps/conda/25.3.1/etc/profile.d/conda.sh: line 69: dirname: command not found
/apps/conda/25.3.1/etc/profile.d/conda.sh: line 69: dirname: command not found
/apps/conda/25.3.1/etc/profile.d/mamba.sh: line 59: basename: command not found
Error unknown MAMBA_EXE: "/apps/conda/25.3.1/bin/mamba", filename must be mamba or micromamba
Lmod has detected the following error: This module can only be used on RHEL9 nodes. 
While processing the following module(s):
    Module fullname  Module Filename
    ---------------  ---------------
    gcc/14.2.0       /apps/lmod/modulefiles/core/gcc/14.2.0.lua

pointnet_thalamus_fs_01.py
/blue/stevenweisberg/ashishkumarsahoo/hippocampAI/conda_pyg_070923/lib/python3.8/site-packages/torch/cuda/__init__.py:155: UserWarning: 
NVIDIA B200 with CUDA capability sm_100 is not compatible with the current PyTorch installation.
The current PyTorch install supports CUDA capabilities sm_37 sm_50 sm_60 sm_61 sm_70 sm_75 sm_80 sm_86 compute_37.
If you want to use the NVIDIA B200 GPU with PyTorch, please check the instructions at https://pytorch.org/get-started/locally/

  warnings.warn(incompatible_device_warn.format(device_name, capability, " ".join(arch_list), device_name))
Number of GPUs available for training: 1
Fold 1
Epoch: 00, Training Loss: 0.0848, Train MSE: 0.0848, r (train): 0.2591, Test MSE: 0.0602, r (test): 0.1391
Epoch: 01, Training Loss: 0.0889, Train MSE: 0.0889, r (train): 0.3787, Test MSE: 0.0649, r (test): 0.1505
Epoch: 02, Training Loss: 0.0835, Train MSE: 0.0835, r (train): 0.3732, Test MSE: 0.0616, r (test): 0.1281
Epoch: 03, Training Loss: 0.0839, Train MSE: 0.0839, r (train): 0.4249, Test MSE: 0.0628, r (test): 0.1201
Epoch: 04, Training Loss: 0.0822, Train MSE: 0.0822, r (train): 0.4330, Test MSE: 0.0622, r (test): 0.1208
Epoch: 05, Training Loss: 0.0817, Train MSE: 0.0817, r (train): 0.4757, Test MSE: 0.0620, r (test): 0.1667
Epoch: 06, Training Loss: 0.0804, Train MSE: 0.0804, r (train): 0.4955, Test MSE: 0.0613, r (test): 0.1739
Epoch: 07, Training Loss: 0.0806, Train MSE: 0.0806, r (train): 0.5380, Test MSE: 0.0621, r (test): 0.1982
Epoch: 08, Training Loss: 0.0779, Train MSE: 0.0779, r (train): 0.5622, Test MSE: 0.0608, r (test): 0.2107
Epoch: 09, Training Loss: 0.0786, Train MSE: 0.0786, r (train): 0.5952, Test MSE: 0.0623, r (test): 0.2221
Epoch: 10, Training Loss: 0.0747, Train MSE: 0.0747, r (train): 0.5993, Test MSE: 0.0592, r (test): 0.2490
Epoch: 11, Training Loss: 0.0764, Train MSE: 0.0764, r (train): 0.6436, Test MSE: 0.0620, r (test): 0.2620
Epoch: 12, Training Loss: 0.0761, Train MSE: 0.0761, r (train): 0.6564, Test MSE: 0.0623, r (test): 0.2982
Epoch: 13, Training Loss: 0.0768, Train MSE: 0.0768, r (train): 0.6889, Test MSE: 0.0633, r (test): 0.3372
Epoch: 14, Training Loss: 0.0727, Train MSE: 0.0727, r (train): 0.7304, Test MSE: 0.0637, r (test): 0.2994
Epoch: 15, Training Loss: 0.0731, Train MSE: 0.0731, r (train): 0.7602, Test MSE: 0.0673, r (test): 0.2721
Epoch: 16, Training Loss: 0.0665, Train MSE: 0.0665, r (train): 0.8055, Test MSE: 0.0637, r (test): 0.3372
Epoch: 17, Training Loss: 0.0718, Train MSE: 0.0718, r (train): 0.8203, Test MSE: 0.0702, r (test): 0.3347
Epoch: 18, Training Loss: 0.0630, Train MSE: 0.0630, r (train): 0.8498, Test MSE: 0.0673, r (test): 0.3860
Epoch: 19, Training Loss: 0.0794, Train MSE: 0.0794, r (train): 0.8648, Test MSE: 0.0829, r (test): 0.4565
Epoch: 20, Training Loss: 0.0459, Train MSE: 0.0459, r (train): 0.8942, Test MSE: 0.0556, r (test): 0.5167
Epoch: 21, Training Loss: 0.0946, Train MSE: 0.0946, r (train): 0.8804, Test MSE: 0.1052, r (test): 0.5299
Epoch: 22, Training Loss: 0.0384, Train MSE: 0.0384, r (train): 0.9192, Test MSE: 0.0521, r (test): 0.5441
Epoch: 23, Training Loss: 0.0956, Train MSE: 0.0956, r (train): 0.9075, Test MSE: 0.1011, r (test): 0.6017
Epoch: 24, Training Loss: 0.0254, Train MSE: 0.0254, r (train): 0.9279, Test MSE: 0.0432, r (test): 0.5712
Epoch: 25, Training Loss: 0.1073, Train MSE: 0.1073, r (train): 0.9292, Test MSE: 0.1331, r (test): 0.5672
Epoch: 26, Training Loss: 0.0523, Train MSE: 0.0523, r (train): 0.9260, Test MSE: 0.0689, r (test): 0.5838
Epoch: 27, Training Loss: 0.1169, Train MSE: 0.1169, r (train): 0.9385, Test MSE: 0.1202, r (test): 0.5185
Epoch: 28, Training Loss: 0.0450, Train MSE: 0.0450, r (train): 0.9455, Test MSE: 0.0674, r (test): 0.4606
Epoch: 29, Training Loss: 0.1580, Train MSE: 0.1580, r (train): 0.9184, Test MSE: 0.1518, r (test): 0.5155
Epoch: 30, Training Loss: 0.0745, Train MSE: 0.0745, r (train): 0.9377, Test MSE: 0.0922, r (test): 0.4731
Epoch: 31, Training Loss: 0.1529, Train MSE: 0.1529, r (train): 0.9227, Test MSE: 0.1505, r (test): 0.4837
Epoch: 32, Training Loss: 0.0345, Train MSE: 0.0345, r (train): 0.9280, Test MSE: 0.0473, r (test): 0.5895
Epoch: 33, Training Loss: 0.1079, Train MSE: 0.1079, r (train): 0.9161, Test MSE: 0.1105, r (test): 0.6030
Epoch: 34, Training Loss: 0.0145, Train MSE: 0.0145, r (train): 0.9101, Test MSE: 0.0467, r (test): 0.5690
Epoch: 35, Training Loss: 0.0195, Train MSE: 0.0195, r (train): 0.9442, Test MSE: 0.0415, r (test): 0.5497
Epoch: 36, Training Loss: 0.0125, Train MSE: 0.0125, r (train): 0.9416, Test MSE: 0.0403, r (test): 0.5055
Epoch: 37, Training Loss: 0.0336, Train MSE: 0.0336, r (train): 0.9395, Test MSE: 0.0592, r (test): 0.5307
Epoch: 38, Training Loss: 0.0734, Train MSE: 0.0734, r (train): 0.9398, Test MSE: 0.1021, r (test): 0.5079
Epoch: 39, Training Loss: 0.0987, Train MSE: 0.0987, r (train): 0.9365, Test MSE: 0.1360, r (test): 0.4900
Epoch: 40, Training Loss: 0.0580, Train MSE: 0.0580, r (train): 0.9445, Test MSE: 0.0807, r (test): 0.4979
Epoch: 41, Training Loss: 0.0329, Train MSE: 0.0329, r (train): 0.9460, Test MSE: 0.0532, r (test): 0.5489
Epoch: 42, Training Loss: 0.0218, Train MSE: 0.0218, r (train): 0.9398, Test MSE: 0.0409, r (test): 0.6299
Epoch: 43, Training Loss: 0.0101, Train MSE: 0.0101, r (train): 0.9408, Test MSE: 0.0423, r (test): 0.5228
Epoch: 44, Training Loss: 0.0132, Train MSE: 0.0132, r (train): 0.9280, Test MSE: 0.0487, r (test): 0.4632
Epoch: 45, Training Loss: 0.0226, Train MSE: 0.0226, r (train): 0.9264, Test MSE: 0.0520, r (test): 0.5329
Epoch: 46, Training Loss: 0.0248, Train MSE: 0.0248, r (train): 0.9069, Test MSE: 0.0569, r (test): 0.4850
Epoch: 47, Training Loss: 0.0159, Train MSE: 0.0159, r (train): 0.8938, Test MSE: 0.0405, r (test): 0.5355
Epoch: 48, Training Loss: 0.0298, Train MSE: 0.0298, r (train): 0.9009, Test MSE: 0.0656, r (test): 0.4846
Epoch: 49, Training Loss: 0.0307, Train MSE: 0.0307, r (train): 0.9109, Test MSE: 0.0606, r (test): 0.5423
Epoch: 50, Training Loss: 0.0673, Train MSE: 0.0673, r (train): 0.8890, Test MSE: 0.1106, r (test): 0.3960
Epoch: 51, Training Loss: 0.0205, Train MSE: 0.0205, r (train): 0.9503, Test MSE: 0.0671, r (test): 0.3758
Epoch: 52, Training Loss: 0.0267, Train MSE: 0.0267, r (train): 0.9075, Test MSE: 0.0686, r (test): 0.3389
Epoch: 53, Training Loss: 0.0130, Train MSE: 0.0130, r (train): 0.9233, Test MSE: 0.0394, r (test): 0.5373
Epoch: 54, Training Loss: 0.0142, Train MSE: 0.0142, r (train): 0.9157, Test MSE: 0.0489, r (test): 0.5204
Epoch: 55, Training Loss: 0.0143, Train MSE: 0.0143, r (train): 0.9044, Test MSE: 0.0438, r (test): 0.5395
Epoch: 56, Training Loss: 0.0146, Train MSE: 0.0146, r (train): 0.9357, Test MSE: 0.0499, r (test): 0.5920
Epoch: 57, Training Loss: 0.0124, Train MSE: 0.0124, r (train): 0.9265, Test MSE: 0.0367, r (test): 0.5665
Epoch: 58, Training Loss: 0.0178, Train MSE: 0.0178, r (train): 0.9357, Test MSE: 0.0370, r (test): 0.5865
Epoch: 59, Training Loss: 0.0441, Train MSE: 0.0441, r (train): 0.9246, Test MSE: 0.0546, r (test): 0.6007
Epoch: 60, Training Loss: 0.0555, Train MSE: 0.0555, r (train): 0.9314, Test MSE: 0.0663, r (test): 0.5745
Epoch: 61, Training Loss: 0.0869, Train MSE: 0.0869, r (train): 0.9119, Test MSE: 0.0899, r (test): 0.5875
Epoch: 62, Training Loss: 0.1041, Train MSE: 0.1041, r (train): 0.9106, Test MSE: 0.1176, r (test): 0.5831
Epoch: 63, Training Loss: 0.1370, Train MSE: 0.1370, r (train): 0.9130, Test MSE: 0.1460, r (test): 0.5869
Epoch: 64, Training Loss: 0.0977, Train MSE: 0.0977, r (train): 0.9327, Test MSE: 0.1134, r (test): 0.5531
Epoch: 65, Training Loss: 0.0723, Train MSE: 0.0723, r (train): 0.9307, Test MSE: 0.0811, r (test): 0.5519
Epoch: 66, Training Loss: 0.0461, Train MSE: 0.0461, r (train): 0.9342, Test MSE: 0.0572, r (test): 0.5617
Epoch: 67, Training Loss: 0.0251, Train MSE: 0.0251, r (train): 0.9265, Test MSE: 0.0510, r (test): 0.5582
Epoch: 68, Training Loss: 0.0151, Train MSE: 0.0151, r (train): 0.9096, Test MSE: 0.0371, r (test): 0.5711
Epoch: 69, Training Loss: 0.0099, Train MSE: 0.0099, r (train): 0.9408, Test MSE: 0.0411, r (test): 0.5267
Epoch: 70, Training Loss: 0.0170, Train MSE: 0.0170, r (train): 0.9295, Test MSE: 0.0427, r (test): 0.6530
Epoch: 71, Training Loss: 0.0286, Train MSE: 0.0286, r (train): 0.9048, Test MSE: 0.0465, r (test): 0.6608
Epoch: 72, Training Loss: 0.0404, Train MSE: 0.0404, r (train): 0.8748, Test MSE: 0.0667, r (test): 0.5624
Epoch: 73, Training Loss: 0.0077, Train MSE: 0.0077, r (train): 0.9508, Test MSE: 0.0387, r (test): 0.5509
Epoch: 74, Training Loss: 0.0164, Train MSE: 0.0164, r (train): 0.9007, Test MSE: 0.0423, r (test): 0.5049
Epoch: 75, Training Loss: 0.0124, Train MSE: 0.0124, r (train): 0.9308, Test MSE: 0.0369, r (test): 0.5819
Epoch: 76, Training Loss: 0.0367, Train MSE: 0.0367, r (train): 0.9394, Test MSE: 0.0680, r (test): 0.5639
Epoch: 77, Training Loss: 0.1192, Train MSE: 0.1192, r (train): 0.9440, Test MSE: 0.1425, r (test): 0.5676
Epoch: 78, Training Loss: 0.0526, Train MSE: 0.0526, r (train): 0.9567, Test MSE: 0.0633, r (test): 0.6061
Epoch: 79, Training Loss: 0.0308, Train MSE: 0.0308, r (train): 0.9574, Test MSE: 0.0544, r (test): 0.5877
Epoch: 80, Training Loss: 0.0130, Train MSE: 0.0130, r (train): 0.9414, Test MSE: 0.0423, r (test): 0.6054
Epoch: 81, Training Loss: 0.0178, Train MSE: 0.0178, r (train): 0.9370, Test MSE: 0.0417, r (test): 0.6279
Epoch: 82, Training Loss: 0.0129, Train MSE: 0.0129, r (train): 0.9515, Test MSE: 0.0448, r (test): 0.6368
Epoch: 83, Training Loss: 0.0135, Train MSE: 0.0135, r (train): 0.9169, Test MSE: 0.0332, r (test): 0.6207
Epoch: 84, Training Loss: 0.0166, Train MSE: 0.0166, r (train): 0.9467, Test MSE: 0.0429, r (test): 0.5487
Epoch: 85, Training Loss: 0.0575, Train MSE: 0.0575, r (train): 0.9535, Test MSE: 0.0818, r (test): 0.5642
Epoch: 86, Training Loss: 0.0282, Train MSE: 0.0282, r (train): 0.9654, Test MSE: 0.0491, r (test): 0.6069
Epoch: 87, Training Loss: 0.0086, Train MSE: 0.0086, r (train): 0.9548, Test MSE: 0.0352, r (test): 0.6658
Epoch: 88, Training Loss: 0.0266, Train MSE: 0.0266, r (train): 0.9375, Test MSE: 0.0634, r (test): 0.6305
Epoch: 89, Training Loss: 0.0058, Train MSE: 0.0058, r (train): 0.9629, Test MSE: 0.0351, r (test): 0.6453
Epoch: 90, Training Loss: 0.0072, Train MSE: 0.0072, r (train): 0.9570, Test MSE: 0.0362, r (test): 0.5864
Epoch: 91, Training Loss: 0.0209, Train MSE: 0.0209, r (train): 0.9516, Test MSE: 0.0416, r (test): 0.5887
Epoch: 92, Training Loss: 0.0213, Train MSE: 0.0213, r (train): 0.9665, Test MSE: 0.0477, r (test): 0.5498
Epoch: 93, Training Loss: 0.0188, Train MSE: 0.0188, r (train): 0.9594, Test MSE: 0.0416, r (test): 0.6141
Epoch: 94, Training Loss: 0.0089, Train MSE: 0.0089, r (train): 0.9549, Test MSE: 0.0388, r (test): 0.6399
Epoch: 95, Training Loss: 0.0094, Train MSE: 0.0094, r (train): 0.9532, Test MSE: 0.0376, r (test): 0.6324
Epoch: 96, Training Loss: 0.0089, Train MSE: 0.0089, r (train): 0.9643, Test MSE: 0.0462, r (test): 0.5572
Epoch: 97, Training Loss: 0.0110, Train MSE: 0.0110, r (train): 0.9499, Test MSE: 0.0357, r (test): 0.5819
Epoch: 98, Training Loss: 0.0072, Train MSE: 0.0072, r (train): 0.9644, Test MSE: 0.0448, r (test): 0.5636
Epoch: 99, Training Loss: 0.0151, Train MSE: 0.0151, r (train): 0.9672, Test MSE: 0.0392, r (test): 0.5870
Predicted tensors for training set: 
tensor([0.3280, 0.1149, 0.6076, 0.5261, 0.6268, 0.1129, 0.4599, 0.5798, 0.5934,
        0.6020, 0.9891, 1.0343, 0.6532, 0.8640, 0.3063, 0.9724, 1.0487, 0.0270,
        0.8411, 0.2118, 1.0109, 0.2671, 0.0921, 0.4636, 0.1491, 0.4477, 0.6758,
        0.8912, 0.0234, 0.8709, 0.8709, 0.7996, 0.6221, 0.3630, 1.0109, 0.4384,
        0.0823, 0.1100, 0.4765, 0.2201, 0.5646, 0.8504, 1.0339, 0.9052, 0.6042,
        0.4696, 1.0162, 0.3855, 0.3501, 1.0534, 0.7790, 0.2889, 1.0962, 0.4185,
        0.8994, 1.0411, 0.9803, 0.8612, 0.4019, 0.9378, 1.2026, 0.8433, 0.9921,
        0.6272, 0.8398, 0.8168, 0.5823, 0.5033, 0.4392, 0.8570, 0.8797, 0.8448])
Target tensorsfor training set: 
tensor([0.3077, 0.0389, 0.5187, 0.4640, 0.5564, 0.0981, 0.4341, 0.4526, 0.5780,
        0.6240, 0.9150, 0.9117, 0.5658, 0.8363, 0.2464, 0.9072, 0.9621, 0.0246,
        0.7791, 0.2255, 0.9656, 0.3174, 0.1295, 0.4818, 0.0763, 0.3453, 0.5779,
        0.7950, 0.0478, 0.8411, 0.8453, 0.6992, 0.5719, 0.3309, 0.9492, 0.4373,
        0.1218, 0.0636, 0.4036, 0.1294, 0.5023, 0.7462, 0.8988, 0.7596, 0.5102,
        0.2916, 0.8418, 0.2594, 0.2394, 0.8556, 0.6576, 0.1360, 0.9215, 0.2649,
        0.6595, 0.7372, 0.6846, 0.6199, 0.2169, 0.6577, 0.8728, 0.6671, 0.8391,
        0.5300, 0.7270, 0.7125, 0.5220, 0.4440, 0.3829, 0.7901, 0.9535, 0.7371])
Correlation for training set: 0.9671788983695006
Predicted tensors for test set: 
tensor([0.2357, 0.5085, 0.4630, 0.6176, 0.5061, 0.6705, 0.8016, 0.4371, 0.7794,
        0.6523, 0.9132, 0.4182, 0.5530, 0.5205, 0.9595, 0.6993, 0.5546, 0.7512])
Target tensors for test set: 
tensor([0.5783, 0.5573, 0.1055, 0.4149, 0.4993, 0.4654, 0.7497, 0.6465, 0.8561,
        0.7171, 0.7507, 0.5178, 0.2271, 0.1493, 0.9127, 0.8524, 0.4513, 0.7144])
Correlation for test set: 0.5869729643823476
Fold 2
Epoch: 00, Training Loss: 0.0724, Train MSE: 0.0724, r (train): 0.2543, Test MSE: 0.0971, r (test): 0.3632
Epoch: 01, Training Loss: 0.0798, Train MSE: 0.0798, r (train): 0.3609, Test MSE: 0.1083, r (test): 0.4296
Epoch: 02, Training Loss: 0.0755, Train MSE: 0.0755, r (train): 0.3689, Test MSE: 0.1037, r (test): 0.4267
Epoch: 03, Training Loss: 0.0758, Train MSE: 0.0758, r (train): 0.4327, Test MSE: 0.1057, r (test): 0.4259
Epoch: 04, Training Loss: 0.0737, Train MSE: 0.0737, r (train): 0.4466, Test MSE: 0.1031, r (test): 0.4642
Epoch: 05, Training Loss: 0.0738, Train MSE: 0.0738, r (train): 0.4905, Test MSE: 0.1044, r (test): 0.4529
Epoch: 06, Training Loss: 0.0723, Train MSE: 0.0723, r (train): 0.5316, Test MSE: 0.1038, r (test): 0.4656
Epoch: 07, Training Loss: 0.0712, Train MSE: 0.0712, r (train): 0.5843, Test MSE: 0.1061, r (test): 0.4169
Epoch: 08, Training Loss: 0.0686, Train MSE: 0.0686, r (train): 0.6183, Test MSE: 0.1045, r (test): 0.4274
Epoch: 09, Training Loss: 0.0689, Train MSE: 0.0689, r (train): 0.6687, Test MSE: 0.1089, r (test): 0.3822
Epoch: 10, Training Loss: 0.0630, Train MSE: 0.0630, r (train): 0.6863, Test MSE: 0.1035, r (test): 0.3801
Epoch: 11, Training Loss: 0.0671, Train MSE: 0.0671, r (train): 0.7317, Test MSE: 0.1143, r (test): 0.3093
Epoch: 12, Training Loss: 0.0520, Train MSE: 0.0520, r (train): 0.7386, Test MSE: 0.0978, r (test): 0.3102
Epoch: 13, Training Loss: 0.0699, Train MSE: 0.0699, r (train): 0.7653, Test MSE: 0.1234, r (test): 0.2924
Epoch: 14, Training Loss: 0.0515, Train MSE: 0.0515, r (train): 0.7991, Test MSE: 0.1082, r (test): 0.2764
Epoch: 15, Training Loss: 0.0642, Train MSE: 0.0642, r (train): 0.8315, Test MSE: 0.1280, r (test): 0.2563
Epoch: 16, Training Loss: 0.0636, Train MSE: 0.0636, r (train): 0.8494, Test MSE: 0.1297, r (test): 0.2549
Epoch: 17, Training Loss: 0.0768, Train MSE: 0.0768, r (train): 0.8696, Test MSE: 0.1509, r (test): 0.2511
Epoch: 18, Training Loss: 0.0565, Train MSE: 0.0565, r (train): 0.8878, Test MSE: 0.1331, r (test): 0.2154
Epoch: 19, Training Loss: 0.1355, Train MSE: 0.1355, r (train): 0.8877, Test MSE: 0.2104, r (test): 0.3191
Epoch: 20, Training Loss: 0.0435, Train MSE: 0.0435, r (train): 0.9070, Test MSE: 0.1143, r (test): 0.2807
Epoch: 21, Training Loss: 0.2179, Train MSE: 0.2179, r (train): 0.8717, Test MSE: 0.3093, r (test): 0.1881
Epoch: 22, Training Loss: 0.0679, Train MSE: 0.0679, r (train): 0.8957, Test MSE: 0.1353, r (test): 0.2687
Epoch: 23, Training Loss: 0.1094, Train MSE: 0.1094, r (train): 0.8663, Test MSE: 0.1900, r (test): 0.2785
Epoch: 24, Training Loss: 0.0606, Train MSE: 0.0606, r (train): 0.8722, Test MSE: 0.1330, r (test): 0.2192
Epoch: 25, Training Loss: 0.0447, Train MSE: 0.0447, r (train): 0.8756, Test MSE: 0.1234, r (test): 0.2051
Epoch: 26, Training Loss: 0.0187, Train MSE: 0.0187, r (train): 0.8532, Test MSE: 0.0869, r (test): 0.2306
Epoch: 27, Training Loss: 0.0172, Train MSE: 0.0172, r (train): 0.8724, Test MSE: 0.0834, r (test): 0.2681
Epoch: 28, Training Loss: 0.0139, Train MSE: 0.0139, r (train): 0.8969, Test MSE: 0.0796, r (test): 0.3259
Epoch: 29, Training Loss: 0.0593, Train MSE: 0.0593, r (train): 0.9007, Test MSE: 0.1297, r (test): 0.3123
Epoch: 30, Training Loss: 0.0446, Train MSE: 0.0446, r (train): 0.9244, Test MSE: 0.1159, r (test): 0.2935
Epoch: 31, Training Loss: 0.0373, Train MSE: 0.0373, r (train): 0.9264, Test MSE: 0.1092, r (test): 0.3335
Epoch: 32, Training Loss: 0.0245, Train MSE: 0.0245, r (train): 0.9286, Test MSE: 0.1011, r (test): 0.2720
Epoch: 33, Training Loss: 0.0282, Train MSE: 0.0282, r (train): 0.9171, Test MSE: 0.1011, r (test): 0.2828
Epoch: 34, Training Loss: 0.0284, Train MSE: 0.0284, r (train): 0.8994, Test MSE: 0.0970, r (test): 0.2696
Epoch: 35, Training Loss: 0.0551, Train MSE: 0.0551, r (train): 0.8974, Test MSE: 0.1289, r (test): 0.1922
Epoch: 36, Training Loss: 0.0207, Train MSE: 0.0207, r (train): 0.9066, Test MSE: 0.1012, r (test): 0.1153
Epoch: 37, Training Loss: 0.0153, Train MSE: 0.0153, r (train): 0.8884, Test MSE: 0.0943, r (test): 0.1067
Epoch: 38, Training Loss: 0.0163, Train MSE: 0.0163, r (train): 0.9054, Test MSE: 0.0959, r (test): 0.1456
Epoch: 39, Training Loss: 0.0131, Train MSE: 0.0131, r (train): 0.9020, Test MSE: 0.0913, r (test): 0.1924
Epoch: 40, Training Loss: 0.0125, Train MSE: 0.0125, r (train): 0.9107, Test MSE: 0.0842, r (test): 0.2571
Epoch: 41, Training Loss: 0.0245, Train MSE: 0.0245, r (train): 0.8998, Test MSE: 0.1033, r (test): 0.2036
Epoch: 42, Training Loss: 0.0170, Train MSE: 0.0170, r (train): 0.9117, Test MSE: 0.0864, r (test): 0.2807
Epoch: 43, Training Loss: 0.0167, Train MSE: 0.0167, r (train): 0.8888, Test MSE: 0.0828, r (test): 0.2841
Epoch: 44, Training Loss: 0.0210, Train MSE: 0.0210, r (train): 0.8685, Test MSE: 0.0885, r (test): 0.1779
Epoch: 45, Training Loss: 0.0345, Train MSE: 0.0345, r (train): 0.8854, Test MSE: 0.1088, r (test): 0.0688
Epoch: 46, Training Loss: 0.0207, Train MSE: 0.0207, r (train): 0.9022, Test MSE: 0.1013, r (test): 0.0470
Epoch: 47, Training Loss: 0.0307, Train MSE: 0.0307, r (train): 0.9008, Test MSE: 0.1011, r (test): 0.1826
Epoch: 48, Training Loss: 0.0138, Train MSE: 0.0138, r (train): 0.9024, Test MSE: 0.0786, r (test): 0.3246
Epoch: 49, Training Loss: 0.0143, Train MSE: 0.0143, r (train): 0.8997, Test MSE: 0.0870, r (test): 0.2058
Epoch: 50, Training Loss: 0.0123, Train MSE: 0.0123, r (train): 0.9118, Test MSE: 0.0972, r (test): 0.1244
Epoch: 51, Training Loss: 0.0175, Train MSE: 0.0175, r (train): 0.8799, Test MSE: 0.0910, r (test): 0.1666
Epoch: 52, Training Loss: 0.0239, Train MSE: 0.0239, r (train): 0.8807, Test MSE: 0.0869, r (test): 0.2617
Epoch: 53, Training Loss: 0.0179, Train MSE: 0.0179, r (train): 0.8793, Test MSE: 0.0825, r (test): 0.3139
Epoch: 54, Training Loss: 0.0188, Train MSE: 0.0188, r (train): 0.8898, Test MSE: 0.0887, r (test): 0.2589
Epoch: 55, Training Loss: 0.0391, Train MSE: 0.0391, r (train): 0.8694, Test MSE: 0.1169, r (test): 0.2360
Epoch: 56, Training Loss: 0.0176, Train MSE: 0.0176, r (train): 0.9086, Test MSE: 0.0833, r (test): 0.3637
Epoch: 57, Training Loss: 0.0785, Train MSE: 0.0785, r (train): 0.8773, Test MSE: 0.1358, r (test): 0.3927
Epoch: 58, Training Loss: 0.0388, Train MSE: 0.0388, r (train): 0.8822, Test MSE: 0.1012, r (test): 0.4365
Epoch: 59, Training Loss: 0.0633, Train MSE: 0.0633, r (train): 0.8714, Test MSE: 0.1187, r (test): 0.4370
Epoch: 60, Training Loss: 0.0571, Train MSE: 0.0571, r (train): 0.8500, Test MSE: 0.1176, r (test): 0.4351
Epoch: 61, Training Loss: 0.0961, Train MSE: 0.0961, r (train): 0.8248, Test MSE: 0.1457, r (test): 0.4635
Epoch: 62, Training Loss: 0.1329, Train MSE: 0.1329, r (train): 0.8286, Test MSE: 0.1663, r (test): 0.5082
Epoch: 63, Training Loss: 0.0846, Train MSE: 0.0846, r (train): 0.8615, Test MSE: 0.1403, r (test): 0.4381
Epoch: 64, Training Loss: 0.0486, Train MSE: 0.0486, r (train): 0.8807, Test MSE: 0.0984, r (test): 0.4692
Epoch: 65, Training Loss: 0.0411, Train MSE: 0.0411, r (train): 0.9076, Test MSE: 0.1096, r (test): 0.4180
Epoch: 66, Training Loss: 0.0157, Train MSE: 0.0157, r (train): 0.9073, Test MSE: 0.0832, r (test): 0.3095
Epoch: 67, Training Loss: 0.0141, Train MSE: 0.0141, r (train): 0.9232, Test MSE: 0.0729, r (test): 0.4084
Epoch: 68, Training Loss: 0.0149, Train MSE: 0.0149, r (train): 0.9330, Test MSE: 0.0696, r (test): 0.4963
Epoch: 69, Training Loss: 0.0094, Train MSE: 0.0094, r (train): 0.9361, Test MSE: 0.0669, r (test): 0.4922
Epoch: 70, Training Loss: 0.0122, Train MSE: 0.0122, r (train): 0.9164, Test MSE: 0.0712, r (test): 0.4333
Epoch: 71, Training Loss: 0.0111, Train MSE: 0.0111, r (train): 0.9182, Test MSE: 0.0750, r (test): 0.3704
Epoch: 72, Training Loss: 0.0152, Train MSE: 0.0152, r (train): 0.8880, Test MSE: 0.0776, r (test): 0.3687
Epoch: 73, Training Loss: 0.0292, Train MSE: 0.0292, r (train): 0.8692, Test MSE: 0.0765, r (test): 0.5030
Epoch: 74, Training Loss: 0.0484, Train MSE: 0.0484, r (train): 0.9081, Test MSE: 0.1062, r (test): 0.4920
Epoch: 75, Training Loss: 0.0247, Train MSE: 0.0247, r (train): 0.9164, Test MSE: 0.0947, r (test): 0.3968
Epoch: 76, Training Loss: 0.0151, Train MSE: 0.0151, r (train): 0.9337, Test MSE: 0.0771, r (test): 0.4530
Epoch: 77, Training Loss: 0.0197, Train MSE: 0.0197, r (train): 0.9227, Test MSE: 0.0779, r (test): 0.3775
Epoch: 78, Training Loss: 0.0160, Train MSE: 0.0160, r (train): 0.9423, Test MSE: 0.0725, r (test): 0.4359
Epoch: 79, Training Loss: 0.0157, Train MSE: 0.0157, r (train): 0.9467, Test MSE: 0.0765, r (test): 0.4248
Epoch: 80, Training Loss: 0.0100, Train MSE: 0.0100, r (train): 0.9368, Test MSE: 0.0676, r (test): 0.4701
Epoch: 81, Training Loss: 0.0169, Train MSE: 0.0169, r (train): 0.9064, Test MSE: 0.0775, r (test): 0.4214
Epoch: 82, Training Loss: 0.0296, Train MSE: 0.0296, r (train): 0.8673, Test MSE: 0.0988, r (test): 0.3105
Epoch: 83, Training Loss: 0.0434, Train MSE: 0.0434, r (train): 0.9183, Test MSE: 0.1242, r (test): 0.3908
Epoch: 84, Training Loss: 0.0143, Train MSE: 0.0143, r (train): 0.9263, Test MSE: 0.0840, r (test): 0.3732
Epoch: 85, Training Loss: 0.0140, Train MSE: 0.0140, r (train): 0.9325, Test MSE: 0.0746, r (test): 0.4224
Epoch: 86, Training Loss: 0.0190, Train MSE: 0.0190, r (train): 0.9413, Test MSE: 0.0801, r (test): 0.3429
Epoch: 87, Training Loss: 0.0108, Train MSE: 0.0108, r (train): 0.9413, Test MSE: 0.0763, r (test): 0.3535
Epoch: 88, Training Loss: 0.0119, Train MSE: 0.0119, r (train): 0.9321, Test MSE: 0.0795, r (test): 0.3159
Epoch: 89, Training Loss: 0.0129, Train MSE: 0.0129, r (train): 0.9144, Test MSE: 0.0796, r (test): 0.4100
Epoch: 90, Training Loss: 0.0153, Train MSE: 0.0153, r (train): 0.9253, Test MSE: 0.0898, r (test): 0.3905
Epoch: 91, Training Loss: 0.0150, Train MSE: 0.0150, r (train): 0.9407, Test MSE: 0.0784, r (test): 0.3775
Epoch: 92, Training Loss: 0.0290, Train MSE: 0.0290, r (train): 0.9388, Test MSE: 0.0851, r (test): 0.3571
Epoch: 93, Training Loss: 0.0286, Train MSE: 0.0286, r (train): 0.9361, Test MSE: 0.0880, r (test): 0.3245
Epoch: 94, Training Loss: 0.0131, Train MSE: 0.0131, r (train): 0.9258, Test MSE: 0.0721, r (test): 0.4250
Epoch: 95, Training Loss: 0.0117, Train MSE: 0.0117, r (train): 0.9302, Test MSE: 0.0796, r (test): 0.3672
Epoch: 96, Training Loss: 0.0142, Train MSE: 0.0142, r (train): 0.9414, Test MSE: 0.0964, r (test): 0.3025
Epoch: 97, Training Loss: 0.0174, Train MSE: 0.0174, r (train): 0.9441, Test MSE: 0.0856, r (test): 0.3190
Epoch: 98, Training Loss: 0.0128, Train MSE: 0.0128, r (train): 0.9462, Test MSE: 0.0799, r (test): 0.3482
Epoch: 99, Training Loss: 0.0432, Train MSE: 0.0432, r (train): 0.9538, Test MSE: 0.1182, r (test): 0.2464
Predicted tensors for training set: 
tensor([ 3.8850e-01,  3.4827e-01, -1.3368e-01,  3.0821e-01,  2.8243e-01,
         2.6996e-01,  5.6953e-01,  4.7494e-01,  5.2516e-01,  4.8789e-01,
         5.2984e-01,  2.0653e-01, -1.0476e-02, -1.4861e-01,  6.8155e-01,
         6.3156e-01,  1.8219e-01,  4.8030e-01,  5.4842e-01, -8.2794e-02,
         6.2575e-01,  3.9609e-02, -1.3155e-01,  2.8177e-01, -2.0241e-01,
         9.2849e-02,  3.6376e-01,  5.1867e-01, -2.8267e-01,  5.4471e-01,
         6.4346e-01,  4.8649e-01,  3.4758e-01,  1.4385e-01,  7.1940e-01,
         2.0616e-01, -6.0932e-02, -9.8790e-02,  2.0118e-01, -3.8074e-02,
         2.9742e-01,  4.9459e-01,  6.2943e-01,  5.8976e-01,  3.7281e-01,
         1.3938e-01,  6.2743e-01,  1.5484e-01,  1.3142e-01,  6.1806e-01,
         4.8669e-01,  4.0016e-04,  7.1676e-01,  1.5508e-01,  4.7383e-01,
         4.4327e-01,  5.3120e-01,  4.3489e-01,  2.8614e-02,  4.8166e-01,
         7.1526e-01,  5.7132e-01,  8.2378e-01,  4.7983e-01,  6.1345e-01,
         6.6062e-01,  5.3371e-01,  4.0981e-01,  3.4377e-01,  6.6497e-01,
         1.0599e+00,  6.1173e-01])
Target tensorsfor training set: 
tensor([0.5783, 0.5573, 0.1055, 0.4149, 0.4993, 0.4654, 0.7497, 0.6465, 0.8561,
        0.7171, 0.7507, 0.5178, 0.2271, 0.1493, 0.9127, 0.8524, 0.4513, 0.7144,
        0.7791, 0.2255, 0.9656, 0.3174, 0.1295, 0.4818, 0.0763, 0.3453, 0.5779,
        0.7950, 0.0478, 0.8411, 0.8453, 0.6992, 0.5719, 0.3309, 0.9492, 0.4373,
        0.1218, 0.0636, 0.4036, 0.1294, 0.5023, 0.7462, 0.8988, 0.7596, 0.5102,
        0.2916, 0.8418, 0.2594, 0.2394, 0.8556, 0.6576, 0.1360, 0.9215, 0.2649,
        0.6595, 0.7372, 0.6846, 0.6199, 0.2169, 0.6577, 0.8728, 0.6671, 0.8391,
        0.5300, 0.7270, 0.7125, 0.5220, 0.4440, 0.3829, 0.7901, 0.9535, 0.7371])
Correlation for training set: 0.9537536574889383
Predicted tensors for test set: 
tensor([-0.0793,  0.0345,  0.3777,  0.3593,  0.3864,  0.2261,  0.7107,  0.3842,
         0.4963,  0.3238,  0.3539,  0.4570,  0.5775,  0.2931,  0.4658,  0.4755,
         0.2600,  0.4487])
Target tensors for test set: 
tensor([0.3077, 0.0389, 0.5187, 0.4640, 0.5564, 0.0981, 0.4341, 0.4526, 0.5780,
        0.6240, 0.9150, 0.9117, 0.5658, 0.8363, 0.2464, 0.9072, 0.9621, 0.0246])
Correlation for test set: 0.2464289046913127
Fold 3
Epoch: 00, Training Loss: 0.0726, Train MSE: 0.0726, r (train): 0.2545, Test MSE: 0.1015, r (test): -0.2708
Epoch: 01, Training Loss: 0.0795, Train MSE: 0.0795, r (train): 0.3872, Test MSE: 0.1126, r (test): -0.3281
Epoch: 02, Training Loss: 0.0750, Train MSE: 0.0750, r (train): 0.3949, Test MSE: 0.1087, r (test): -0.3254
Epoch: 03, Training Loss: 0.0750, Train MSE: 0.0750, r (train): 0.4442, Test MSE: 0.1095, r (test): -0.2498
Epoch: 04, Training Loss: 0.0721, Train MSE: 0.0721, r (train): 0.4694, Test MSE: 0.1070, r (test): -0.1838
Epoch: 05, Training Loss: 0.0721, Train MSE: 0.0721, r (train): 0.5086, Test MSE: 0.1081, r (test): -0.1487
Epoch: 06, Training Loss: 0.0713, Train MSE: 0.0713, r (train): 0.5305, Test MSE: 0.1084, r (test): -0.1196
Epoch: 07, Training Loss: 0.0712, Train MSE: 0.0712, r (train): 0.5585, Test MSE: 0.1084, r (test): -0.0114
Epoch: 08, Training Loss: 0.0707, Train MSE: 0.0707, r (train): 0.5924, Test MSE: 0.1106, r (test): -0.0429
Epoch: 09, Training Loss: 0.0685, Train MSE: 0.0685, r (train): 0.6143, Test MSE: 0.1092, r (test): 0.0181
Epoch: 10, Training Loss: 0.0723, Train MSE: 0.0723, r (train): 0.6608, Test MSE: 0.1152, r (test): 0.0705
Epoch: 11, Training Loss: 0.0663, Train MSE: 0.0663, r (train): 0.6762, Test MSE: 0.1105, r (test): 0.1303
Epoch: 12, Training Loss: 0.0759, Train MSE: 0.0759, r (train): 0.7085, Test MSE: 0.1250, r (test): 0.1075
Epoch: 13, Training Loss: 0.0622, Train MSE: 0.0622, r (train): 0.7244, Test MSE: 0.1118, r (test): 0.2216
Epoch: 14, Training Loss: 0.0754, Train MSE: 0.0754, r (train): 0.7327, Test MSE: 0.1273, r (test): 0.1842
Epoch: 15, Training Loss: 0.0593, Train MSE: 0.0593, r (train): 0.7908, Test MSE: 0.1171, r (test): 0.1907
Epoch: 16, Training Loss: 0.0740, Train MSE: 0.0740, r (train): 0.8113, Test MSE: 0.1353, r (test): 0.2320
Epoch: 17, Training Loss: 0.0548, Train MSE: 0.0548, r (train): 0.8482, Test MSE: 0.1169, r (test): 0.2797
Epoch: 18, Training Loss: 0.0644, Train MSE: 0.0644, r (train): 0.8704, Test MSE: 0.1379, r (test): 0.1809
Epoch: 19, Training Loss: 0.0546, Train MSE: 0.0546, r (train): 0.8901, Test MSE: 0.1313, r (test): 0.2092
Epoch: 20, Training Loss: 0.0834, Train MSE: 0.0834, r (train): 0.9092, Test MSE: 0.1583, r (test): 0.2951
Epoch: 21, Training Loss: 0.0410, Train MSE: 0.0410, r (train): 0.9141, Test MSE: 0.1220, r (test): 0.1630
Epoch: 22, Training Loss: 0.1211, Train MSE: 0.1211, r (train): 0.8950, Test MSE: 0.2069, r (test): 0.1140
Epoch: 23, Training Loss: 0.0281, Train MSE: 0.0281, r (train): 0.9143, Test MSE: 0.1076, r (test): 0.2304
Epoch: 24, Training Loss: 0.0588, Train MSE: 0.0588, r (train): 0.8963, Test MSE: 0.1384, r (test): 0.1725
Epoch: 25, Training Loss: 0.0207, Train MSE: 0.0207, r (train): 0.8797, Test MSE: 0.0922, r (test): 0.1640
Epoch: 26, Training Loss: 0.0233, Train MSE: 0.0233, r (train): 0.8857, Test MSE: 0.1030, r (test): 0.0956
Epoch: 27, Training Loss: 0.0140, Train MSE: 0.0140, r (train): 0.8950, Test MSE: 0.0880, r (test): 0.1932
Epoch: 28, Training Loss: 0.0228, Train MSE: 0.0228, r (train): 0.8749, Test MSE: 0.0948, r (test): 0.1744
Epoch: 29, Training Loss: 0.0663, Train MSE: 0.0663, r (train): 0.8774, Test MSE: 0.1514, r (test): 0.1291
Epoch: 30, Training Loss: 0.0643, Train MSE: 0.0643, r (train): 0.8779, Test MSE: 0.1294, r (test): 0.3020
Epoch: 31, Training Loss: 0.0921, Train MSE: 0.0921, r (train): 0.8865, Test MSE: 0.1750, r (test): 0.2954
Epoch: 32, Training Loss: 0.0557, Train MSE: 0.0557, r (train): 0.8872, Test MSE: 0.1369, r (test): 0.1978
Epoch: 33, Training Loss: 0.0288, Train MSE: 0.0288, r (train): 0.8739, Test MSE: 0.0968, r (test): 0.2380
Epoch: 34, Training Loss: 0.0237, Train MSE: 0.0237, r (train): 0.8705, Test MSE: 0.0830, r (test): 0.2840
Epoch: 35, Training Loss: 0.0241, Train MSE: 0.0241, r (train): 0.8693, Test MSE: 0.0944, r (test): 0.2736
Epoch: 36, Training Loss: 0.0259, Train MSE: 0.0259, r (train): 0.8674, Test MSE: 0.0865, r (test): 0.2908
Epoch: 37, Training Loss: 0.0202, Train MSE: 0.0202, r (train): 0.8915, Test MSE: 0.0835, r (test): 0.3004
Epoch: 38, Training Loss: 0.0286, Train MSE: 0.0286, r (train): 0.9060, Test MSE: 0.0938, r (test): 0.3880
Epoch: 39, Training Loss: 0.0236, Train MSE: 0.0236, r (train): 0.9033, Test MSE: 0.0899, r (test): 0.2841
Epoch: 40, Training Loss: 0.0111, Train MSE: 0.0111, r (train): 0.9166, Test MSE: 0.0749, r (test): 0.3667
Epoch: 41, Training Loss: 0.0195, Train MSE: 0.0195, r (train): 0.9236, Test MSE: 0.1003, r (test): 0.0786
Epoch: 42, Training Loss: 0.0225, Train MSE: 0.0225, r (train): 0.9339, Test MSE: 0.0975, r (test): 0.1357
Epoch: 43, Training Loss: 0.0389, Train MSE: 0.0389, r (train): 0.9259, Test MSE: 0.1075, r (test): 0.2118
Epoch: 44, Training Loss: 0.0375, Train MSE: 0.0375, r (train): 0.9417, Test MSE: 0.1140, r (test): 0.1813
Epoch: 45, Training Loss: 0.0312, Train MSE: 0.0312, r (train): 0.9311, Test MSE: 0.1066, r (test): 0.2195
Epoch: 46, Training Loss: 0.0161, Train MSE: 0.0161, r (train): 0.9265, Test MSE: 0.0883, r (test): 0.2533
Epoch: 47, Training Loss: 0.0114, Train MSE: 0.0114, r (train): 0.9380, Test MSE: 0.0850, r (test): 0.2223
Epoch: 48, Training Loss: 0.0154, Train MSE: 0.0154, r (train): 0.9177, Test MSE: 0.0899, r (test): 0.1054
Epoch: 49, Training Loss: 0.0126, Train MSE: 0.0126, r (train): 0.9106, Test MSE: 0.0818, r (test): 0.2835
Epoch: 50, Training Loss: 0.0145, Train MSE: 0.0145, r (train): 0.8975, Test MSE: 0.0879, r (test): 0.1134
Epoch: 51, Training Loss: 0.0243, Train MSE: 0.0243, r (train): 0.9077, Test MSE: 0.0988, r (test): 0.0406
Epoch: 52, Training Loss: 0.0220, Train MSE: 0.0220, r (train): 0.9197, Test MSE: 0.0996, r (test): 0.1188
Epoch: 53, Training Loss: 0.0505, Train MSE: 0.0505, r (train): 0.9204, Test MSE: 0.1382, r (test): 0.0869
Epoch: 54, Training Loss: 0.0505, Train MSE: 0.0505, r (train): 0.9208, Test MSE: 0.1228, r (test): 0.2107
Epoch: 55, Training Loss: 0.0186, Train MSE: 0.0186, r (train): 0.9256, Test MSE: 0.1059, r (test): 0.0575
Epoch: 56, Training Loss: 0.0168, Train MSE: 0.0168, r (train): 0.9172, Test MSE: 0.0929, r (test): 0.1700
Epoch: 57, Training Loss: 0.0135, Train MSE: 0.0135, r (train): 0.9345, Test MSE: 0.0911, r (test): 0.1661
Epoch: 58, Training Loss: 0.0165, Train MSE: 0.0165, r (train): 0.9303, Test MSE: 0.0877, r (test): 0.2090
Epoch: 59, Training Loss: 0.0172, Train MSE: 0.0172, r (train): 0.9313, Test MSE: 0.0824, r (test): 0.3816
Epoch: 60, Training Loss: 0.0142, Train MSE: 0.0142, r (train): 0.8953, Test MSE: 0.0903, r (test): 0.0215
Epoch: 61, Training Loss: 0.0254, Train MSE: 0.0254, r (train): 0.9066, Test MSE: 0.1042, r (test): 0.0619
Epoch: 62, Training Loss: 0.0543, Train MSE: 0.0543, r (train): 0.9053, Test MSE: 0.1365, r (test): -0.0011
Epoch: 63, Training Loss: 0.0345, Train MSE: 0.0345, r (train): 0.9059, Test MSE: 0.1167, r (test): 0.0899
Epoch: 64, Training Loss: 0.0550, Train MSE: 0.0550, r (train): 0.8966, Test MSE: 0.1276, r (test): 0.1646
Epoch: 65, Training Loss: 0.0240, Train MSE: 0.0240, r (train): 0.9186, Test MSE: 0.1055, r (test): 0.0838
Epoch: 66, Training Loss: 0.0224, Train MSE: 0.0224, r (train): 0.8801, Test MSE: 0.1030, r (test): 0.0623
Epoch: 67, Training Loss: 0.0172, Train MSE: 0.0172, r (train): 0.9204, Test MSE: 0.0823, r (test): 0.2467
Epoch: 68, Training Loss: 0.0266, Train MSE: 0.0266, r (train): 0.9027, Test MSE: 0.0975, r (test): 0.1888
Epoch: 69, Training Loss: 0.0176, Train MSE: 0.0176, r (train): 0.9083, Test MSE: 0.0780, r (test): 0.4735
Epoch: 70, Training Loss: 0.0121, Train MSE: 0.0121, r (train): 0.9107, Test MSE: 0.0888, r (test): 0.0803
Epoch: 71, Training Loss: 0.0091, Train MSE: 0.0091, r (train): 0.9362, Test MSE: 0.0951, r (test): 0.0065
Epoch: 72, Training Loss: 0.0194, Train MSE: 0.0194, r (train): 0.9202, Test MSE: 0.0946, r (test): 0.1451
Epoch: 73, Training Loss: 0.0244, Train MSE: 0.0244, r (train): 0.9418, Test MSE: 0.1115, r (test): 0.0343
Epoch: 74, Training Loss: 0.0140, Train MSE: 0.0140, r (train): 0.9270, Test MSE: 0.0916, r (test): 0.1397
Epoch: 75, Training Loss: 0.0157, Train MSE: 0.0157, r (train): 0.9147, Test MSE: 0.1002, r (test): 0.0463
Epoch: 76, Training Loss: 0.0121, Train MSE: 0.0121, r (train): 0.9439, Test MSE: 0.0887, r (test): 0.2534
Epoch: 77, Training Loss: 0.0120, Train MSE: 0.0120, r (train): 0.9378, Test MSE: 0.0843, r (test): 0.2257
Epoch: 78, Training Loss: 0.0117, Train MSE: 0.0117, r (train): 0.9227, Test MSE: 0.0909, r (test): 0.1020
Epoch: 79, Training Loss: 0.0215, Train MSE: 0.0215, r (train): 0.9318, Test MSE: 0.0985, r (test): 0.1717
Epoch: 80, Training Loss: 0.0161, Train MSE: 0.0161, r (train): 0.9318, Test MSE: 0.1045, r (test): 0.0136
Epoch: 81, Training Loss: 0.0191, Train MSE: 0.0191, r (train): 0.9332, Test MSE: 0.0999, r (test): 0.1034
Epoch: 82, Training Loss: 0.0352, Train MSE: 0.0352, r (train): 0.8971, Test MSE: 0.1169, r (test): 0.0047
Epoch: 83, Training Loss: 0.0108, Train MSE: 0.0108, r (train): 0.9586, Test MSE: 0.0842, r (test): 0.2694
Epoch: 84, Training Loss: 0.0104, Train MSE: 0.0104, r (train): 0.9545, Test MSE: 0.0874, r (test): 0.2917
Epoch: 85, Training Loss: 0.0075, Train MSE: 0.0075, r (train): 0.9446, Test MSE: 0.0811, r (test): 0.2606
Epoch: 86, Training Loss: 0.0091, Train MSE: 0.0091, r (train): 0.9549, Test MSE: 0.0919, r (test): 0.1031
Epoch: 87, Training Loss: 0.0083, Train MSE: 0.0083, r (train): 0.9439, Test MSE: 0.0798, r (test): 0.2850
Epoch: 88, Training Loss: 0.0092, Train MSE: 0.0092, r (train): 0.9581, Test MSE: 0.0937, r (test): 0.1294
Epoch: 89, Training Loss: 0.0071, Train MSE: 0.0071, r (train): 0.9647, Test MSE: 0.0934, r (test): 0.0511
Epoch: 90, Training Loss: 0.0139, Train MSE: 0.0139, r (train): 0.9543, Test MSE: 0.1022, r (test): -0.0604
Epoch: 91, Training Loss: 0.0168, Train MSE: 0.0168, r (train): 0.9472, Test MSE: 0.0966, r (test): 0.1178
Epoch: 92, Training Loss: 0.0135, Train MSE: 0.0135, r (train): 0.9618, Test MSE: 0.1004, r (test): 0.0302
Epoch: 93, Training Loss: 0.0118, Train MSE: 0.0118, r (train): 0.9526, Test MSE: 0.0935, r (test): 0.1279
Epoch: 94, Training Loss: 0.0078, Train MSE: 0.0078, r (train): 0.9452, Test MSE: 0.0940, r (test): 0.0267
Epoch: 95, Training Loss: 0.0099, Train MSE: 0.0099, r (train): 0.9478, Test MSE: 0.0936, r (test): 0.0272
Epoch: 96, Training Loss: 0.0135, Train MSE: 0.0135, r (train): 0.9404, Test MSE: 0.1032, r (test): -0.1168
Epoch: 97, Training Loss: 0.0137, Train MSE: 0.0137, r (train): 0.9371, Test MSE: 0.1049, r (test): -0.1037
Epoch: 98, Training Loss: 0.0354, Train MSE: 0.0354, r (train): 0.9429, Test MSE: 0.1285, r (test): -0.1155
Epoch: 99, Training Loss: 0.0330, Train MSE: 0.0330, r (train): 0.9316, Test MSE: 0.1147, r (test): 0.0015
Predicted tensors for training set: 
tensor([ 0.5889,  0.4924,  0.1536,  0.3464,  0.3353,  0.3576,  0.6128,  0.4699,
         0.6480,  0.5035,  0.4827,  0.3520,  0.0630, -0.1037,  0.5520,  0.6427,
         0.2145,  0.4238,  0.1344, -0.2416,  0.2528,  0.3388,  0.2920, -0.0272,
         0.1416,  0.2785,  0.4353,  0.4231,  0.7638,  0.7569,  0.4093,  0.6741,
        -0.0335,  0.7181,  0.7090, -0.0907, -0.0137, -0.0905,  0.2552,  0.0108,
         0.3345,  0.5301,  0.6606,  0.4294,  0.2680,  0.1739,  0.5095,  0.0996,
         0.1323,  0.6405,  0.4336, -0.1170,  0.7207,  0.1484,  0.4341,  0.5387,
         0.5092,  0.5070,  0.1020,  0.5643,  0.7384,  0.6288,  0.8030,  0.5787,
         0.7527,  0.7454,  0.5374,  0.5028,  0.3840,  0.7646,  0.9627,  0.7192])
Target tensorsfor training set: 
tensor([0.5783, 0.5573, 0.1055, 0.4149, 0.4993, 0.4654, 0.7497, 0.6465, 0.8561,
        0.7171, 0.7507, 0.5178, 0.2271, 0.1493, 0.9127, 0.8524, 0.4513, 0.7144,
        0.3077, 0.0389, 0.5187, 0.4640, 0.5564, 0.0981, 0.4341, 0.4526, 0.5780,
        0.6240, 0.9150, 0.9117, 0.5658, 0.8363, 0.2464, 0.9072, 0.9621, 0.0246,
        0.1218, 0.0636, 0.4036, 0.1294, 0.5023, 0.7462, 0.8988, 0.7596, 0.5102,
        0.2916, 0.8418, 0.2594, 0.2394, 0.8556, 0.6576, 0.1360, 0.9215, 0.2649,
        0.6595, 0.7372, 0.6846, 0.6199, 0.2169, 0.6577, 0.8728, 0.6671, 0.8391,
        0.5300, 0.7270, 0.7125, 0.5220, 0.4440, 0.3829, 0.7901, 0.9535, 0.7371])
Correlation for training set: 0.9316138586034607
Predicted tensors for test set: 
tensor([0.4975, 0.3716, 0.4002, 0.3821, 0.3054, 0.3921, 0.3544, 0.3156, 0.3070,
        0.3184, 0.4889, 0.2795, 0.4649, 0.3737, 0.3654, 0.4632, 0.3542, 0.2206])
Target tensors for test set: 
tensor([0.7791, 0.2255, 0.9656, 0.3174, 0.1295, 0.4818, 0.0763, 0.3453, 0.5779,
        0.7950, 0.0478, 0.8411, 0.8453, 0.6992, 0.5719, 0.3309, 0.9492, 0.4373])
Correlation for test set: 0.0015345742483861364
Fold 4
Epoch: 00, Training Loss: 0.0710, Train MSE: 0.0710, r (train): 0.2135, Test MSE: 0.1122, r (test): 0.1185
Epoch: 01, Training Loss: 0.0743, Train MSE: 0.0743, r (train): 0.3158, Test MSE: 0.1222, r (test): 0.2028
Epoch: 02, Training Loss: 0.0722, Train MSE: 0.0722, r (train): 0.3806, Test MSE: 0.1206, r (test): 0.2152
Epoch: 03, Training Loss: 0.0709, Train MSE: 0.0709, r (train): 0.4153, Test MSE: 0.1193, r (test): 0.2399
Epoch: 04, Training Loss: 0.0701, Train MSE: 0.0701, r (train): 0.4510, Test MSE: 0.1191, r (test): 0.2426
Epoch: 05, Training Loss: 0.0695, Train MSE: 0.0695, r (train): 0.4856, Test MSE: 0.1189, r (test): 0.2622
Epoch: 06, Training Loss: 0.0678, Train MSE: 0.0678, r (train): 0.5036, Test MSE: 0.1172, r (test): 0.2645
Epoch: 07, Training Loss: 0.0672, Train MSE: 0.0672, r (train): 0.5298, Test MSE: 0.1170, r (test): 0.2825
Epoch: 08, Training Loss: 0.0664, Train MSE: 0.0664, r (train): 0.5595, Test MSE: 0.1173, r (test): 0.2775
Epoch: 09, Training Loss: 0.0649, Train MSE: 0.0649, r (train): 0.5797, Test MSE: 0.1159, r (test): 0.2835
Epoch: 10, Training Loss: 0.0640, Train MSE: 0.0640, r (train): 0.6044, Test MSE: 0.1167, r (test): 0.2859
Epoch: 11, Training Loss: 0.0637, Train MSE: 0.0637, r (train): 0.6251, Test MSE: 0.1169, r (test): 0.3014
Epoch: 12, Training Loss: 0.0623, Train MSE: 0.0623, r (train): 0.6389, Test MSE: 0.1155, r (test): 0.3064
Epoch: 13, Training Loss: 0.0614, Train MSE: 0.0614, r (train): 0.6829, Test MSE: 0.1172, r (test): 0.3271
Epoch: 14, Training Loss: 0.0584, Train MSE: 0.0584, r (train): 0.6982, Test MSE: 0.1142, r (test): 0.3359
Epoch: 15, Training Loss: 0.0595, Train MSE: 0.0595, r (train): 0.7278, Test MSE: 0.1196, r (test): 0.3247
Epoch: 16, Training Loss: 0.0544, Train MSE: 0.0544, r (train): 0.7722, Test MSE: 0.1156, r (test): 0.3422
Epoch: 17, Training Loss: 0.0570, Train MSE: 0.0570, r (train): 0.7912, Test MSE: 0.1256, r (test): 0.3370
Epoch: 18, Training Loss: 0.0461, Train MSE: 0.0461, r (train): 0.7937, Test MSE: 0.1089, r (test): 0.3471
Epoch: 19, Training Loss: 0.0631, Train MSE: 0.0631, r (train): 0.8203, Test MSE: 0.1369, r (test): 0.3731
Epoch: 20, Training Loss: 0.0440, Train MSE: 0.0440, r (train): 0.7996, Test MSE: 0.1071, r (test): 0.3689
Epoch: 21, Training Loss: 0.0482, Train MSE: 0.0482, r (train): 0.8615, Test MSE: 0.1251, r (test): 0.3540
Epoch: 22, Training Loss: 0.0389, Train MSE: 0.0389, r (train): 0.8828, Test MSE: 0.1150, r (test): 0.4099
Epoch: 23, Training Loss: 0.0510, Train MSE: 0.0510, r (train): 0.8963, Test MSE: 0.1279, r (test): 0.3793
Epoch: 24, Training Loss: 0.0344, Train MSE: 0.0344, r (train): 0.9087, Test MSE: 0.1138, r (test): 0.3641
Epoch: 25, Training Loss: 0.0790, Train MSE: 0.0790, r (train): 0.9146, Test MSE: 0.1663, r (test): 0.3926
Epoch: 26, Training Loss: 0.0178, Train MSE: 0.0178, r (train): 0.9051, Test MSE: 0.0923, r (test): 0.3052
Epoch: 27, Training Loss: 0.0815, Train MSE: 0.0815, r (train): 0.8994, Test MSE: 0.1778, r (test): 0.3508
Epoch: 28, Training Loss: 0.0282, Train MSE: 0.0282, r (train): 0.9184, Test MSE: 0.1118, r (test): 0.2965
Epoch: 29, Training Loss: 0.0644, Train MSE: 0.0644, r (train): 0.9076, Test MSE: 0.1536, r (test): 0.3386
Epoch: 30, Training Loss: 0.0604, Train MSE: 0.0604, r (train): 0.9001, Test MSE: 0.1449, r (test): 0.3916
Epoch: 31, Training Loss: 0.1275, Train MSE: 0.1275, r (train): 0.8871, Test MSE: 0.2264, r (test): 0.3665
Epoch: 32, Training Loss: 0.1580, Train MSE: 0.1580, r (train): 0.8778, Test MSE: 0.2657, r (test): 0.3747
Epoch: 33, Training Loss: 0.1186, Train MSE: 0.1186, r (train): 0.8672, Test MSE: 0.2080, r (test): 0.4080
Epoch: 34, Training Loss: 0.1133, Train MSE: 0.1133, r (train): 0.8691, Test MSE: 0.1980, r (test): 0.3854
Epoch: 35, Training Loss: 0.1049, Train MSE: 0.1049, r (train): 0.8727, Test MSE: 0.1969, r (test): 0.3531
Epoch: 36, Training Loss: 0.0713, Train MSE: 0.0713, r (train): 0.8720, Test MSE: 0.1495, r (test): 0.3481
Epoch: 37, Training Loss: 0.0437, Train MSE: 0.0437, r (train): 0.8457, Test MSE: 0.1104, r (test): 0.3539
Epoch: 38, Training Loss: 0.0483, Train MSE: 0.0483, r (train): 0.8223, Test MSE: 0.1113, r (test): 0.3628
Epoch: 39, Training Loss: 0.0684, Train MSE: 0.0684, r (train): 0.8341, Test MSE: 0.1510, r (test): 0.3868
Epoch: 40, Training Loss: 0.1025, Train MSE: 0.1025, r (train): 0.8360, Test MSE: 0.1891, r (test): 0.3469
Epoch: 41, Training Loss: 0.0557, Train MSE: 0.0557, r (train): 0.8035, Test MSE: 0.1158, r (test): 0.3998
Epoch: 42, Training Loss: 0.1295, Train MSE: 0.1295, r (train): 0.8190, Test MSE: 0.2210, r (test): 0.3576
Epoch: 43, Training Loss: 0.0440, Train MSE: 0.0440, r (train): 0.8179, Test MSE: 0.1113, r (test): 0.3416
Epoch: 44, Training Loss: 0.0552, Train MSE: 0.0552, r (train): 0.8164, Test MSE: 0.1362, r (test): 0.3047
Epoch: 45, Training Loss: 0.0304, Train MSE: 0.0304, r (train): 0.8175, Test MSE: 0.0999, r (test): 0.3052
Epoch: 46, Training Loss: 0.0243, Train MSE: 0.0243, r (train): 0.8181, Test MSE: 0.0860, r (test): 0.3320
Epoch: 47, Training Loss: 0.0251, Train MSE: 0.0251, r (train): 0.8295, Test MSE: 0.0858, r (test): 0.3038
Epoch: 48, Training Loss: 0.0261, Train MSE: 0.0261, r (train): 0.8240, Test MSE: 0.0845, r (test): 0.2692
Epoch: 49, Training Loss: 0.0671, Train MSE: 0.0671, r (train): 0.7842, Test MSE: 0.0855, r (test): 0.4496
Epoch: 50, Training Loss: 0.0839, Train MSE: 0.0839, r (train): 0.8417, Test MSE: 0.1127, r (test): 0.3243
Epoch: 51, Training Loss: 0.0388, Train MSE: 0.0388, r (train): 0.8488, Test MSE: 0.0824, r (test): 0.3404
Epoch: 52, Training Loss: 0.0212, Train MSE: 0.0212, r (train): 0.8702, Test MSE: 0.0791, r (test): 0.3327
Epoch: 53, Training Loss: 0.0172, Train MSE: 0.0172, r (train): 0.8660, Test MSE: 0.0836, r (test): 0.3558
Epoch: 54, Training Loss: 0.0135, Train MSE: 0.0135, r (train): 0.9089, Test MSE: 0.1026, r (test): 0.2348
Epoch: 55, Training Loss: 0.0190, Train MSE: 0.0190, r (train): 0.9060, Test MSE: 0.1091, r (test): 0.2047
Epoch: 56, Training Loss: 0.0300, Train MSE: 0.0300, r (train): 0.9278, Test MSE: 0.1176, r (test): 0.3338
Epoch: 57, Training Loss: 0.0300, Train MSE: 0.0300, r (train): 0.9522, Test MSE: 0.1215, r (test): 0.3178
Epoch: 58, Training Loss: 0.0326, Train MSE: 0.0326, r (train): 0.9467, Test MSE: 0.1272, r (test): 0.3310
Epoch: 59, Training Loss: 0.0139, Train MSE: 0.0139, r (train): 0.9429, Test MSE: 0.0925, r (test): 0.3429
Epoch: 60, Training Loss: 0.0161, Train MSE: 0.0161, r (train): 0.9271, Test MSE: 0.1019, r (test): 0.2509
Epoch: 61, Training Loss: 0.0115, Train MSE: 0.0115, r (train): 0.9166, Test MSE: 0.0845, r (test): 0.2991
Epoch: 62, Training Loss: 0.0106, Train MSE: 0.0106, r (train): 0.9232, Test MSE: 0.0863, r (test): 0.3712
Epoch: 63, Training Loss: 0.0072, Train MSE: 0.0072, r (train): 0.9465, Test MSE: 0.0894, r (test): 0.2609
Epoch: 64, Training Loss: 0.0230, Train MSE: 0.0230, r (train): 0.9397, Test MSE: 0.1171, r (test): 0.2713
Epoch: 65, Training Loss: 0.0272, Train MSE: 0.0272, r (train): 0.9361, Test MSE: 0.1237, r (test): 0.2795
Epoch: 66, Training Loss: 0.0272, Train MSE: 0.0272, r (train): 0.9389, Test MSE: 0.1175, r (test): 0.3089
Epoch: 67, Training Loss: 0.0109, Train MSE: 0.0109, r (train): 0.9379, Test MSE: 0.0885, r (test): 0.2801
Epoch: 68, Training Loss: 0.0130, Train MSE: 0.0130, r (train): 0.9271, Test MSE: 0.0801, r (test): 0.3296
Epoch: 69, Training Loss: 0.0102, Train MSE: 0.0102, r (train): 0.9368, Test MSE: 0.0875, r (test): 0.2644
Epoch: 70, Training Loss: 0.0173, Train MSE: 0.0173, r (train): 0.9141, Test MSE: 0.0955, r (test): 0.2997
Epoch: 71, Training Loss: 0.0083, Train MSE: 0.0083, r (train): 0.9508, Test MSE: 0.0841, r (test): 0.3019
Epoch: 72, Training Loss: 0.0188, Train MSE: 0.0188, r (train): 0.9517, Test MSE: 0.0884, r (test): 0.2839
Epoch: 73, Training Loss: 0.0144, Train MSE: 0.0144, r (train): 0.9471, Test MSE: 0.1012, r (test): 0.3094
Epoch: 74, Training Loss: 0.0091, Train MSE: 0.0091, r (train): 0.9433, Test MSE: 0.0911, r (test): 0.2850
Epoch: 75, Training Loss: 0.0089, Train MSE: 0.0089, r (train): 0.9459, Test MSE: 0.0939, r (test): 0.2854
Epoch: 76, Training Loss: 0.0135, Train MSE: 0.0135, r (train): 0.9335, Test MSE: 0.0903, r (test): 0.3382
Epoch: 77, Training Loss: 0.0177, Train MSE: 0.0177, r (train): 0.9338, Test MSE: 0.0966, r (test): 0.3311
Epoch: 78, Training Loss: 0.0130, Train MSE: 0.0130, r (train): 0.9479, Test MSE: 0.0945, r (test): 0.2914
Epoch: 79, Training Loss: 0.0130, Train MSE: 0.0130, r (train): 0.9423, Test MSE: 0.0831, r (test): 0.2893
Epoch: 80, Training Loss: 0.0154, Train MSE: 0.0154, r (train): 0.9270, Test MSE: 0.0845, r (test): 0.2886
Epoch: 81, Training Loss: 0.0146, Train MSE: 0.0146, r (train): 0.9299, Test MSE: 0.0798, r (test): 0.3386
Epoch: 82, Training Loss: 0.0262, Train MSE: 0.0262, r (train): 0.9302, Test MSE: 0.0816, r (test): 0.3586
Epoch: 83, Training Loss: 0.0136, Train MSE: 0.0136, r (train): 0.9230, Test MSE: 0.0852, r (test): 0.2597
Epoch: 84, Training Loss: 0.0215, Train MSE: 0.0215, r (train): 0.9278, Test MSE: 0.0864, r (test): 0.2660
Epoch: 85, Training Loss: 0.0124, Train MSE: 0.0124, r (train): 0.9337, Test MSE: 0.0999, r (test): 0.2687
Epoch: 86, Training Loss: 0.0143, Train MSE: 0.0143, r (train): 0.9399, Test MSE: 0.1078, r (test): 0.3209
Epoch: 87, Training Loss: 0.0333, Train MSE: 0.0333, r (train): 0.9302, Test MSE: 0.1119, r (test): 0.3505
Epoch: 88, Training Loss: 0.0255, Train MSE: 0.0255, r (train): 0.9445, Test MSE: 0.1026, r (test): 0.3866
Epoch: 89, Training Loss: 0.0131, Train MSE: 0.0131, r (train): 0.9219, Test MSE: 0.0751, r (test): 0.4468
Epoch: 90, Training Loss: 0.0125, Train MSE: 0.0125, r (train): 0.9197, Test MSE: 0.0772, r (test): 0.3555
Epoch: 91, Training Loss: 0.0209, Train MSE: 0.0209, r (train): 0.9278, Test MSE: 0.0743, r (test): 0.3978
Epoch: 92, Training Loss: 0.0277, Train MSE: 0.0277, r (train): 0.9351, Test MSE: 0.0893, r (test): 0.2372
Epoch: 93, Training Loss: 0.0376, Train MSE: 0.0376, r (train): 0.9222, Test MSE: 0.1005, r (test): 0.2249
Epoch: 94, Training Loss: 0.0088, Train MSE: 0.0088, r (train): 0.9462, Test MSE: 0.0909, r (test): 0.2734
Epoch: 95, Training Loss: 0.0062, Train MSE: 0.0062, r (train): 0.9662, Test MSE: 0.0856, r (test): 0.3484
Epoch: 96, Training Loss: 0.0099, Train MSE: 0.0099, r (train): 0.9577, Test MSE: 0.0884, r (test): 0.3333
Epoch: 97, Training Loss: 0.0124, Train MSE: 0.0124, r (train): 0.9549, Test MSE: 0.0901, r (test): 0.3092
Epoch: 98, Training Loss: 0.0107, Train MSE: 0.0107, r (train): 0.9451, Test MSE: 0.0832, r (test): 0.3175
Epoch: 99, Training Loss: 0.0163, Train MSE: 0.0163, r (train): 0.9434, Test MSE: 0.0709, r (test): 0.4405
Predicted tensors for training set: 
tensor([ 0.4472,  0.4196, -0.0706,  0.2758,  0.3825,  0.2931,  0.5393,  0.4962,
         0.6910,  0.5376,  0.5499,  0.3116,  0.0323, -0.0792,  0.7442,  0.6662,
         0.2919,  0.5687,  0.1666, -0.0454,  0.4084,  0.4702,  0.5009,  0.0476,
         0.3790,  0.4851,  0.5311,  0.5631,  0.8536,  0.8077,  0.4673,  0.8001,
         0.1725,  0.7724,  0.8603, -0.0992,  0.6501,  0.1139,  0.8193,  0.1808,
        -0.0232,  0.3243, -0.1822,  0.1498,  0.4420,  0.6716, -0.1579,  0.7444,
         0.7685,  0.6617,  0.5185,  0.3477,  1.0159,  0.3649,  0.7268,  0.8092,
         0.8587,  0.7459,  0.1978,  0.7542,  1.0558,  0.7938,  1.0267,  0.5967,
         0.8232,  0.7578,  0.5144,  0.4839,  0.3974,  0.7191,  0.9970,  0.7002])
Target tensorsfor training set: 
tensor([0.5783, 0.5573, 0.1055, 0.4149, 0.4993, 0.4654, 0.7497, 0.6465, 0.8561,
        0.7171, 0.7507, 0.5178, 0.2271, 0.1493, 0.9127, 0.8524, 0.4513, 0.7144,
        0.3077, 0.0389, 0.5187, 0.4640, 0.5564, 0.0981, 0.4341, 0.4526, 0.5780,
        0.6240, 0.9150, 0.9117, 0.5658, 0.8363, 0.2464, 0.9072, 0.9621, 0.0246,
        0.7791, 0.2255, 0.9656, 0.3174, 0.1295, 0.4818, 0.0763, 0.3453, 0.5779,
        0.7950, 0.0478, 0.8411, 0.8453, 0.6992, 0.5719, 0.3309, 0.9492, 0.4373,
        0.6595, 0.7372, 0.6846, 0.6199, 0.2169, 0.6577, 0.8728, 0.6671, 0.8391,
        0.5300, 0.7270, 0.7125, 0.5220, 0.4440, 0.3829, 0.7901, 0.9535, 0.7371])
Correlation for training set: 0.9433797956441105
Predicted tensors for test set: 
tensor([0.2978, 0.5193, 0.3465, 0.2170, 0.3379, 0.4346, 0.4499, 0.8773, 0.5798,
        0.3887, 0.5809, 0.5001, 0.4629, 0.4989, 0.5843, 0.4284, 0.3942, 0.2476])
Target tensors for test set: 
tensor([0.1218, 0.0636, 0.4036, 0.1294, 0.5023, 0.7462, 0.8988, 0.7596, 0.5102,
        0.2916, 0.8418, 0.2594, 0.2394, 0.8556, 0.6576, 0.1360, 0.9215, 0.2649])
Correlation for test set: 0.4405449241944542
Fold 5
Epoch: 00, Training Loss: 0.0778, Train MSE: 0.0778, r (train): 0.2226, Test MSE: 0.0419, r (test): 0.4252
Epoch: 01, Training Loss: 0.0761, Train MSE: 0.0761, r (train): 0.4038, Test MSE: 0.0421, r (test): 0.4175
Epoch: 02, Training Loss: 0.0749, Train MSE: 0.0749, r (train): 0.4883, Test MSE: 0.0430, r (test): 0.4052
Epoch: 03, Training Loss: 0.0736, Train MSE: 0.0736, r (train): 0.5279, Test MSE: 0.0430, r (test): 0.3984
Epoch: 04, Training Loss: 0.0719, Train MSE: 0.0719, r (train): 0.5742, Test MSE: 0.0438, r (test): 0.3830
Epoch: 05, Training Loss: 0.0699, Train MSE: 0.0699, r (train): 0.6062, Test MSE: 0.0439, r (test): 0.3748
Epoch: 06, Training Loss: 0.0678, Train MSE: 0.0678, r (train): 0.6390, Test MSE: 0.0436, r (test): 0.3652
Epoch: 07, Training Loss: 0.0653, Train MSE: 0.0653, r (train): 0.6649, Test MSE: 0.0449, r (test): 0.3409
Epoch: 08, Training Loss: 0.0626, Train MSE: 0.0626, r (train): 0.6888, Test MSE: 0.0449, r (test): 0.3119
Epoch: 09, Training Loss: 0.0595, Train MSE: 0.0595, r (train): 0.7093, Test MSE: 0.0447, r (test): 0.2968
Epoch: 10, Training Loss: 0.0561, Train MSE: 0.0561, r (train): 0.7320, Test MSE: 0.0471, r (test): 0.2767
Epoch: 11, Training Loss: 0.0522, Train MSE: 0.0522, r (train): 0.7529, Test MSE: 0.0489, r (test): 0.2150
Epoch: 12, Training Loss: 0.0475, Train MSE: 0.0475, r (train): 0.7881, Test MSE: 0.0500, r (test): 0.1931
Epoch: 13, Training Loss: 0.0412, Train MSE: 0.0412, r (train): 0.8244, Test MSE: 0.0535, r (test): 0.1551
Epoch: 14, Training Loss: 0.0365, Train MSE: 0.0365, r (train): 0.8473, Test MSE: 0.0561, r (test): 0.0769
Epoch: 15, Training Loss: 0.0313, Train MSE: 0.0313, r (train): 0.8651, Test MSE: 0.0637, r (test): 0.0406
Epoch: 16, Training Loss: 0.0252, Train MSE: 0.0252, r (train): 0.9012, Test MSE: 0.0727, r (test): 0.0100
Epoch: 17, Training Loss: 0.0204, Train MSE: 0.0204, r (train): 0.9149, Test MSE: 0.0702, r (test): 0.0356
Epoch: 18, Training Loss: 0.0168, Train MSE: 0.0168, r (train): 0.9299, Test MSE: 0.0751, r (test): -0.0648
Epoch: 19, Training Loss: 0.0123, Train MSE: 0.0123, r (train): 0.9479, Test MSE: 0.0746, r (test): 0.0650
Epoch: 20, Training Loss: 0.0076, Train MSE: 0.0076, r (train): 0.9596, Test MSE: 0.0624, r (test): 0.1235
Epoch: 21, Training Loss: 0.0076, Train MSE: 0.0076, r (train): 0.9686, Test MSE: 0.0755, r (test): 0.1072
Epoch: 22, Training Loss: 0.0085, Train MSE: 0.0085, r (train): 0.9692, Test MSE: 0.0790, r (test): 0.1290
Epoch: 23, Training Loss: 0.0056, Train MSE: 0.0056, r (train): 0.9645, Test MSE: 0.0678, r (test): 0.1399
Epoch: 24, Training Loss: 0.0130, Train MSE: 0.0130, r (train): 0.9566, Test MSE: 0.0584, r (test): 0.0712
Epoch: 25, Training Loss: 0.0093, Train MSE: 0.0093, r (train): 0.9523, Test MSE: 0.0650, r (test): -0.0530
Epoch: 26, Training Loss: 0.0085, Train MSE: 0.0085, r (train): 0.9544, Test MSE: 0.0762, r (test): -0.1441
Epoch: 27, Training Loss: 0.0136, Train MSE: 0.0136, r (train): 0.9211, Test MSE: 0.0815, r (test): -0.0552
Epoch: 28, Training Loss: 0.0441, Train MSE: 0.0441, r (train): 0.9237, Test MSE: 0.1437, r (test): 0.1380
Epoch: 29, Training Loss: 0.0077, Train MSE: 0.0077, r (train): 0.9569, Test MSE: 0.0647, r (test): 0.1375
Epoch: 30, Training Loss: 0.0083, Train MSE: 0.0083, r (train): 0.9717, Test MSE: 0.0877, r (test): 0.0433
Epoch: 31, Training Loss: 0.0082, Train MSE: 0.0082, r (train): 0.9684, Test MSE: 0.0867, r (test): 0.0549
Epoch: 32, Training Loss: 0.0180, Train MSE: 0.0180, r (train): 0.9583, Test MSE: 0.1130, r (test): -0.0451
Epoch: 33, Training Loss: 0.0196, Train MSE: 0.0196, r (train): 0.9334, Test MSE: 0.1078, r (test): -0.0241
Epoch: 34, Training Loss: 0.0101, Train MSE: 0.0101, r (train): 0.9443, Test MSE: 0.0837, r (test): -0.0216
Epoch: 35, Training Loss: 0.0111, Train MSE: 0.0111, r (train): 0.9378, Test MSE: 0.0782, r (test): -0.0718
Epoch: 36, Training Loss: 0.0136, Train MSE: 0.0136, r (train): 0.9251, Test MSE: 0.0727, r (test): -0.0713
Epoch: 37, Training Loss: 0.0205, Train MSE: 0.0205, r (train): 0.8945, Test MSE: 0.0832, r (test): -0.0106
Epoch: 38, Training Loss: 0.0205, Train MSE: 0.0205, r (train): 0.9014, Test MSE: 0.0511, r (test): 0.1386
Epoch: 39, Training Loss: 0.0142, Train MSE: 0.0142, r (train): 0.9056, Test MSE: 0.0632, r (test): 0.0275
Epoch: 40, Training Loss: 0.0191, Train MSE: 0.0191, r (train): 0.9054, Test MSE: 0.0878, r (test): 0.0485
Epoch: 41, Training Loss: 0.0712, Train MSE: 0.0712, r (train): 0.9000, Test MSE: 0.1825, r (test): 0.0374
Epoch: 42, Training Loss: 0.0740, Train MSE: 0.0740, r (train): 0.9208, Test MSE: 0.1784, r (test): -0.1083
Epoch: 43, Training Loss: 0.0598, Train MSE: 0.0598, r (train): 0.9507, Test MSE: 0.1863, r (test): -0.2578
Epoch: 44, Training Loss: 0.0355, Train MSE: 0.0355, r (train): 0.9417, Test MSE: 0.1512, r (test): -0.2074
Epoch: 45, Training Loss: 0.0308, Train MSE: 0.0308, r (train): 0.9448, Test MSE: 0.1440, r (test): -0.2282
Epoch: 46, Training Loss: 0.0195, Train MSE: 0.0195, r (train): 0.9357, Test MSE: 0.1104, r (test): -0.1911
Epoch: 47, Training Loss: 0.0155, Train MSE: 0.0155, r (train): 0.9159, Test MSE: 0.0811, r (test): -0.0438
Epoch: 48, Training Loss: 0.0306, Train MSE: 0.0306, r (train): 0.9242, Test MSE: 0.0967, r (test): 0.2834
Epoch: 49, Training Loss: 0.0838, Train MSE: 0.0838, r (train): 0.9005, Test MSE: 0.1962, r (test): 0.1615
Epoch: 50, Training Loss: 0.0785, Train MSE: 0.0785, r (train): 0.9387, Test MSE: 0.1811, r (test): 0.0601
Epoch: 51, Training Loss: 0.0502, Train MSE: 0.0502, r (train): 0.9249, Test MSE: 0.1384, r (test): 0.1275
Epoch: 52, Training Loss: 0.0393, Train MSE: 0.0393, r (train): 0.9166, Test MSE: 0.1107, r (test): 0.2780
Epoch: 53, Training Loss: 0.0734, Train MSE: 0.0734, r (train): 0.9236, Test MSE: 0.1717, r (test): 0.1037
Epoch: 54, Training Loss: 0.0213, Train MSE: 0.0213, r (train): 0.9247, Test MSE: 0.0862, r (test): 0.1199
Epoch: 55, Training Loss: 0.0159, Train MSE: 0.0159, r (train): 0.9252, Test MSE: 0.0695, r (test): 0.1230
Epoch: 56, Training Loss: 0.0176, Train MSE: 0.0176, r (train): 0.9207, Test MSE: 0.0862, r (test): 0.1202
Epoch: 57, Training Loss: 0.0177, Train MSE: 0.0177, r (train): 0.9137, Test MSE: 0.0943, r (test): 0.1878
Epoch: 58, Training Loss: 0.0130, Train MSE: 0.0130, r (train): 0.9194, Test MSE: 0.0878, r (test): 0.2265
Epoch: 59, Training Loss: 0.0155, Train MSE: 0.0155, r (train): 0.9065, Test MSE: 0.0717, r (test): 0.1028
Epoch: 60, Training Loss: 0.0363, Train MSE: 0.0363, r (train): 0.9032, Test MSE: 0.0780, r (test): 0.2128
Epoch: 61, Training Loss: 0.0619, Train MSE: 0.0619, r (train): 0.9164, Test MSE: 0.1280, r (test): 0.2531
Epoch: 62, Training Loss: 0.0569, Train MSE: 0.0569, r (train): 0.9049, Test MSE: 0.1222, r (test): 0.2357
Epoch: 63, Training Loss: 0.0370, Train MSE: 0.0370, r (train): 0.9132, Test MSE: 0.0891, r (test): 0.1532
Epoch: 64, Training Loss: 0.0290, Train MSE: 0.0290, r (train): 0.8975, Test MSE: 0.0852, r (test): 0.1108
Epoch: 65, Training Loss: 0.0178, Train MSE: 0.0178, r (train): 0.9091, Test MSE: 0.0733, r (test): -0.0325
Epoch: 66, Training Loss: 0.0159, Train MSE: 0.0159, r (train): 0.9350, Test MSE: 0.1009, r (test): -0.2198
Epoch: 67, Training Loss: 0.0386, Train MSE: 0.0386, r (train): 0.8869, Test MSE: 0.1508, r (test): -0.3276
Epoch: 68, Training Loss: 0.0699, Train MSE: 0.0699, r (train): 0.8994, Test MSE: 0.2529, r (test): -0.5290
Epoch: 69, Training Loss: 0.0368, Train MSE: 0.0368, r (train): 0.9231, Test MSE: 0.1948, r (test): -0.5446
Epoch: 70, Training Loss: 0.0529, Train MSE: 0.0529, r (train): 0.9253, Test MSE: 0.2086, r (test): -0.4611
Epoch: 71, Training Loss: 0.0494, Train MSE: 0.0494, r (train): 0.9372, Test MSE: 0.1926, r (test): -0.4471
Epoch: 72, Training Loss: 0.0440, Train MSE: 0.0440, r (train): 0.9164, Test MSE: 0.1302, r (test): -0.0264
Epoch: 73, Training Loss: 0.0232, Train MSE: 0.0232, r (train): 0.9301, Test MSE: 0.1257, r (test): -0.2559
Epoch: 74, Training Loss: 0.0112, Train MSE: 0.0112, r (train): 0.9333, Test MSE: 0.0888, r (test): -0.2384
Epoch: 75, Training Loss: 0.0172, Train MSE: 0.0172, r (train): 0.9406, Test MSE: 0.0620, r (test): 0.0285
Epoch: 76, Training Loss: 0.0276, Train MSE: 0.0276, r (train): 0.9568, Test MSE: 0.0712, r (test): 0.0864
Epoch: 77, Training Loss: 0.0108, Train MSE: 0.0108, r (train): 0.9599, Test MSE: 0.0630, r (test): 0.0822
Epoch: 78, Training Loss: 0.0138, Train MSE: 0.0138, r (train): 0.9543, Test MSE: 0.1204, r (test): -0.3547
Epoch: 79, Training Loss: 0.0368, Train MSE: 0.0368, r (train): 0.9205, Test MSE: 0.1923, r (test): -0.5018
Epoch: 80, Training Loss: 0.0557, Train MSE: 0.0557, r (train): 0.9254, Test MSE: 0.2048, r (test): -0.4394
Epoch: 81, Training Loss: 0.0544, Train MSE: 0.0544, r (train): 0.9467, Test MSE: 0.2115, r (test): -0.4705
Epoch: 82, Training Loss: 0.0325, Train MSE: 0.0325, r (train): 0.9475, Test MSE: 0.1463, r (test): -0.2916
Epoch: 83, Training Loss: 0.0106, Train MSE: 0.0106, r (train): 0.9370, Test MSE: 0.0849, r (test): -0.2459
Epoch: 84, Training Loss: 0.0152, Train MSE: 0.0152, r (train): 0.9536, Test MSE: 0.0760, r (test): -0.1948
Epoch: 85, Training Loss: 0.0175, Train MSE: 0.0175, r (train): 0.9524, Test MSE: 0.0659, r (test): -0.1277
Epoch: 86, Training Loss: 0.0083, Train MSE: 0.0083, r (train): 0.9549, Test MSE: 0.0901, r (test): -0.2689
Epoch: 87, Training Loss: 0.0183, Train MSE: 0.0183, r (train): 0.9595, Test MSE: 0.1623, r (test): -0.5376
Epoch: 88, Training Loss: 0.0418, Train MSE: 0.0418, r (train): 0.9514, Test MSE: 0.2341, r (test): -0.5386
Epoch: 89, Training Loss: 0.0545, Train MSE: 0.0545, r (train): 0.9378, Test MSE: 0.2043, r (test): -0.4735
Epoch: 90, Training Loss: 0.0412, Train MSE: 0.0412, r (train): 0.9484, Test MSE: 0.1916, r (test): -0.4245
Epoch: 91, Training Loss: 0.0079, Train MSE: 0.0079, r (train): 0.9576, Test MSE: 0.1140, r (test): -0.4223
Epoch: 92, Training Loss: 0.0161, Train MSE: 0.0161, r (train): 0.9575, Test MSE: 0.0942, r (test): -0.4176
Epoch: 93, Training Loss: 0.0165, Train MSE: 0.0165, r (train): 0.9477, Test MSE: 0.0990, r (test): -0.4008
Epoch: 94, Training Loss: 0.0094, Train MSE: 0.0094, r (train): 0.9513, Test MSE: 0.1329, r (test): -0.5472
Epoch: 95, Training Loss: 0.0284, Train MSE: 0.0284, r (train): 0.9268, Test MSE: 0.1817, r (test): -0.5752
Epoch: 96, Training Loss: 0.0449, Train MSE: 0.0449, r (train): 0.9542, Test MSE: 0.2289, r (test): -0.5719
Epoch: 97, Training Loss: 0.0345, Train MSE: 0.0345, r (train): 0.9548, Test MSE: 0.1675, r (test): -0.4032
Epoch: 98, Training Loss: 0.0064, Train MSE: 0.0064, r (train): 0.9673, Test MSE: 0.1213, r (test): -0.3445
Epoch: 99, Training Loss: 0.0126, Train MSE: 0.0126, r (train): 0.9646, Test MSE: 0.0903, r (test): -0.3724
Predicted tensors for training set: 
tensor([ 0.6086,  0.6903,  0.1539,  0.4882,  0.5818,  0.6414,  0.9829,  0.7079,
         1.0660,  0.8537,  0.9389,  0.6341,  0.4201,  0.2392,  1.2582,  1.1151,
         0.5514,  0.9044,  0.4656,  0.1813,  0.6154,  0.5733,  0.6126,  0.1272,
         0.4519,  0.5128,  0.6369,  0.5983,  0.9450,  0.9776,  0.5915,  0.8736,
         0.2077,  0.9066,  0.9787, -0.0486,  0.7397,  0.1665,  0.9626,  0.1873,
         0.0216,  0.3912,  0.0183,  0.3306,  0.5824,  0.8214, -0.0050,  0.9035,
         0.9157,  0.8157,  0.6824,  0.4175,  1.0851,  0.5276,  0.2080,  0.1777,
         0.4783,  0.2551,  0.6700,  0.9251,  1.0324,  0.8814,  0.6011,  0.3685,
         0.9303,  0.2989,  0.3022,  0.8874,  0.6806,  0.2211,  0.9143,  0.3580])
Target tensorsfor training set: 
tensor([0.5783, 0.5573, 0.1055, 0.4149, 0.4993, 0.4654, 0.7497, 0.6465, 0.8561,
        0.7171, 0.7507, 0.5178, 0.2271, 0.1493, 0.9127, 0.8524, 0.4513, 0.7144,
        0.3077, 0.0389, 0.5187, 0.4640, 0.5564, 0.0981, 0.4341, 0.4526, 0.5780,
        0.6240, 0.9150, 0.9117, 0.5658, 0.8363, 0.2464, 0.9072, 0.9621, 0.0246,
        0.7791, 0.2255, 0.9656, 0.3174, 0.1295, 0.4818, 0.0763, 0.3453, 0.5779,
        0.7950, 0.0478, 0.8411, 0.8453, 0.6992, 0.5719, 0.3309, 0.9492, 0.4373,
        0.1218, 0.0636, 0.4036, 0.1294, 0.5023, 0.7462, 0.8988, 0.7596, 0.5102,
        0.2916, 0.8418, 0.2594, 0.2394, 0.8556, 0.6576, 0.1360, 0.9215, 0.2649])
Correlation for training set: 0.9645751125985988
Predicted tensors for test set: 
tensor([0.5494, 0.8001, 0.9436, 0.6533, 0.7062, 0.9023, 0.6553, 0.5301, 0.3729,
        0.4898, 0.7549, 0.5114, 0.4285, 0.7779, 0.7504, 0.5425, 0.2282, 0.4659])
Target tensors for test set: 
tensor([0.6595, 0.7372, 0.6846, 0.6199, 0.2169, 0.6577, 0.8728, 0.6671, 0.8391,
        0.5300, 0.7270, 0.7125, 0.5220, 0.4440, 0.3829, 0.7901, 0.9535, 0.7371])
Correlation for test set: -0.3723855980685833
Seed: 1
Fold losses: [tensor(0.0151), tensor(0.0432), tensor(0.0330), tensor(0.0163), tensor(0.0126)]
Fold MSE values: [tensor(0.0151), tensor(0.0432), tensor(0.0330), tensor(0.0163), tensor(0.0126)]
Target training values: [tensor([0.3077, 0.0389, 0.5187, 0.4640, 0.5564, 0.0981, 0.4341, 0.4526, 0.5780,
        0.6240, 0.9150, 0.9117, 0.5658, 0.8363, 0.2464, 0.9072, 0.9621, 0.0246,
        0.7791, 0.2255, 0.9656, 0.3174, 0.1295, 0.4818, 0.0763, 0.3453, 0.5779,
        0.7950, 0.0478, 0.8411, 0.8453, 0.6992, 0.5719, 0.3309, 0.9492, 0.4373,
        0.1218, 0.0636, 0.4036, 0.1294, 0.5023, 0.7462, 0.8988, 0.7596, 0.5102,
        0.2916, 0.8418, 0.2594, 0.2394, 0.8556, 0.6576, 0.1360, 0.9215, 0.2649,
        0.6595, 0.7372, 0.6846, 0.6199, 0.2169, 0.6577, 0.8728, 0.6671, 0.8391,
        0.5300, 0.7270, 0.7125, 0.5220, 0.4440, 0.3829, 0.7901, 0.9535, 0.7371]), tensor([0.5783, 0.5573, 0.1055, 0.4149, 0.4993, 0.4654, 0.7497, 0.6465, 0.8561,
        0.7171, 0.7507, 0.5178, 0.2271, 0.1493, 0.9127, 0.8524, 0.4513, 0.7144,
        0.7791, 0.2255, 0.9656, 0.3174, 0.1295, 0.4818, 0.0763, 0.3453, 0.5779,
        0.7950, 0.0478, 0.8411, 0.8453, 0.6992, 0.5719, 0.3309, 0.9492, 0.4373,
        0.1218, 0.0636, 0.4036, 0.1294, 0.5023, 0.7462, 0.8988, 0.7596, 0.5102,
        0.2916, 0.8418, 0.2594, 0.2394, 0.8556, 0.6576, 0.1360, 0.9215, 0.2649,
        0.6595, 0.7372, 0.6846, 0.6199, 0.2169, 0.6577, 0.8728, 0.6671, 0.8391,
        0.5300, 0.7270, 0.7125, 0.5220, 0.4440, 0.3829, 0.7901, 0.9535, 0.7371]), tensor([0.5783, 0.5573, 0.1055, 0.4149, 0.4993, 0.4654, 0.7497, 0.6465, 0.8561,
        0.7171, 0.7507, 0.5178, 0.2271, 0.1493, 0.9127, 0.8524, 0.4513, 0.7144,
        0.3077, 0.0389, 0.5187, 0.4640, 0.5564, 0.0981, 0.4341, 0.4526, 0.5780,
        0.6240, 0.9150, 0.9117, 0.5658, 0.8363, 0.2464, 0.9072, 0.9621, 0.0246,
        0.1218, 0.0636, 0.4036, 0.1294, 0.5023, 0.7462, 0.8988, 0.7596, 0.5102,
        0.2916, 0.8418, 0.2594, 0.2394, 0.8556, 0.6576, 0.1360, 0.9215, 0.2649,
        0.6595, 0.7372, 0.6846, 0.6199, 0.2169, 0.6577, 0.8728, 0.6671, 0.8391,
        0.5300, 0.7270, 0.7125, 0.5220, 0.4440, 0.3829, 0.7901, 0.9535, 0.7371]), tensor([0.5783, 0.5573, 0.1055, 0.4149, 0.4993, 0.4654, 0.7497, 0.6465, 0.8561,
        0.7171, 0.7507, 0.5178, 0.2271, 0.1493, 0.9127, 0.8524, 0.4513, 0.7144,
        0.3077, 0.0389, 0.5187, 0.4640, 0.5564, 0.0981, 0.4341, 0.4526, 0.5780,
        0.6240, 0.9150, 0.9117, 0.5658, 0.8363, 0.2464, 0.9072, 0.9621, 0.0246,
        0.7791, 0.2255, 0.9656, 0.3174, 0.1295, 0.4818, 0.0763, 0.3453, 0.5779,
        0.7950, 0.0478, 0.8411, 0.8453, 0.6992, 0.5719, 0.3309, 0.9492, 0.4373,
        0.6595, 0.7372, 0.6846, 0.6199, 0.2169, 0.6577, 0.8728, 0.6671, 0.8391,
        0.5300, 0.7270, 0.7125, 0.5220, 0.4440, 0.3829, 0.7901, 0.9535, 0.7371]), tensor([0.5783, 0.5573, 0.1055, 0.4149, 0.4993, 0.4654, 0.7497, 0.6465, 0.8561,
        0.7171, 0.7507, 0.5178, 0.2271, 0.1493, 0.9127, 0.8524, 0.4513, 0.7144,
        0.3077, 0.0389, 0.5187, 0.4640, 0.5564, 0.0981, 0.4341, 0.4526, 0.5780,
        0.6240, 0.9150, 0.9117, 0.5658, 0.8363, 0.2464, 0.9072, 0.9621, 0.0246,
        0.7791, 0.2255, 0.9656, 0.3174, 0.1295, 0.4818, 0.0763, 0.3453, 0.5779,
        0.7950, 0.0478, 0.8411, 0.8453, 0.6992, 0.5719, 0.3309, 0.9492, 0.4373,
        0.1218, 0.0636, 0.4036, 0.1294, 0.5023, 0.7462, 0.8988, 0.7596, 0.5102,
        0.2916, 0.8418, 0.2594, 0.2394, 0.8556, 0.6576, 0.1360, 0.9215, 0.2649])]
Prediction training values: [tensor([0.3280, 0.1149, 0.6076, 0.5261, 0.6268, 0.1129, 0.4599, 0.5798, 0.5934,
        0.6020, 0.9891, 1.0343, 0.6532, 0.8640, 0.3063, 0.9724, 1.0487, 0.0270,
        0.8411, 0.2118, 1.0109, 0.2671, 0.0921, 0.4636, 0.1491, 0.4477, 0.6758,
        0.8912, 0.0234, 0.8709, 0.8709, 0.7996, 0.6221, 0.3630, 1.0109, 0.4384,
        0.0823, 0.1100, 0.4765, 0.2201, 0.5646, 0.8504, 1.0339, 0.9052, 0.6042,
        0.4696, 1.0162, 0.3855, 0.3501, 1.0534, 0.7790, 0.2889, 1.0962, 0.4185,
        0.8994, 1.0411, 0.9803, 0.8612, 0.4019, 0.9378, 1.2026, 0.8433, 0.9921,
        0.6272, 0.8398, 0.8168, 0.5823, 0.5033, 0.4392, 0.8570, 0.8797, 0.8448]), tensor([ 3.8850e-01,  3.4827e-01, -1.3368e-01,  3.0821e-01,  2.8243e-01,
         2.6996e-01,  5.6953e-01,  4.7494e-01,  5.2516e-01,  4.8789e-01,
         5.2984e-01,  2.0653e-01, -1.0476e-02, -1.4861e-01,  6.8155e-01,
         6.3156e-01,  1.8219e-01,  4.8030e-01,  5.4842e-01, -8.2794e-02,
         6.2575e-01,  3.9609e-02, -1.3155e-01,  2.8177e-01, -2.0241e-01,
         9.2849e-02,  3.6376e-01,  5.1867e-01, -2.8267e-01,  5.4471e-01,
         6.4346e-01,  4.8649e-01,  3.4758e-01,  1.4385e-01,  7.1940e-01,
         2.0616e-01, -6.0932e-02, -9.8790e-02,  2.0118e-01, -3.8074e-02,
         2.9742e-01,  4.9459e-01,  6.2943e-01,  5.8976e-01,  3.7281e-01,
         1.3938e-01,  6.2743e-01,  1.5484e-01,  1.3142e-01,  6.1806e-01,
         4.8669e-01,  4.0016e-04,  7.1676e-01,  1.5508e-01,  4.7383e-01,
         4.4327e-01,  5.3120e-01,  4.3489e-01,  2.8614e-02,  4.8166e-01,
         7.1526e-01,  5.7132e-01,  8.2378e-01,  4.7983e-01,  6.1345e-01,
         6.6062e-01,  5.3371e-01,  4.0981e-01,  3.4377e-01,  6.6497e-01,
         1.0599e+00,  6.1173e-01]), tensor([ 0.5889,  0.4924,  0.1536,  0.3464,  0.3353,  0.3576,  0.6128,  0.4699,
         0.6480,  0.5035,  0.4827,  0.3520,  0.0630, -0.1037,  0.5520,  0.6427,
         0.2145,  0.4238,  0.1344, -0.2416,  0.2528,  0.3388,  0.2920, -0.0272,
         0.1416,  0.2785,  0.4353,  0.4231,  0.7638,  0.7569,  0.4093,  0.6741,
        -0.0335,  0.7181,  0.7090, -0.0907, -0.0137, -0.0905,  0.2552,  0.0108,
         0.3345,  0.5301,  0.6606,  0.4294,  0.2680,  0.1739,  0.5095,  0.0996,
         0.1323,  0.6405,  0.4336, -0.1170,  0.7207,  0.1484,  0.4341,  0.5387,
         0.5092,  0.5070,  0.1020,  0.5643,  0.7384,  0.6288,  0.8030,  0.5787,
         0.7527,  0.7454,  0.5374,  0.5028,  0.3840,  0.7646,  0.9627,  0.7192]), tensor([ 0.4472,  0.4196, -0.0706,  0.2758,  0.3825,  0.2931,  0.5393,  0.4962,
         0.6910,  0.5376,  0.5499,  0.3116,  0.0323, -0.0792,  0.7442,  0.6662,
         0.2919,  0.5687,  0.1666, -0.0454,  0.4084,  0.4702,  0.5009,  0.0476,
         0.3790,  0.4851,  0.5311,  0.5631,  0.8536,  0.8077,  0.4673,  0.8001,
         0.1725,  0.7724,  0.8603, -0.0992,  0.6501,  0.1139,  0.8193,  0.1808,
        -0.0232,  0.3243, -0.1822,  0.1498,  0.4420,  0.6716, -0.1579,  0.7444,
         0.7685,  0.6617,  0.5185,  0.3477,  1.0159,  0.3649,  0.7268,  0.8092,
         0.8587,  0.7459,  0.1978,  0.7542,  1.0558,  0.7938,  1.0267,  0.5967,
         0.8232,  0.7578,  0.5144,  0.4839,  0.3974,  0.7191,  0.9970,  0.7002]), tensor([ 0.6086,  0.6903,  0.1539,  0.4882,  0.5818,  0.6414,  0.9829,  0.7079,
         1.0660,  0.8537,  0.9389,  0.6341,  0.4201,  0.2392,  1.2582,  1.1151,
         0.5514,  0.9044,  0.4656,  0.1813,  0.6154,  0.5733,  0.6126,  0.1272,
         0.4519,  0.5128,  0.6369,  0.5983,  0.9450,  0.9776,  0.5915,  0.8736,
         0.2077,  0.9066,  0.9787, -0.0486,  0.7397,  0.1665,  0.9626,  0.1873,
         0.0216,  0.3912,  0.0183,  0.3306,  0.5824,  0.8214, -0.0050,  0.9035,
         0.9157,  0.8157,  0.6824,  0.4175,  1.0851,  0.5276,  0.2080,  0.1777,
         0.4783,  0.2551,  0.6700,  0.9251,  1.0324,  0.8814,  0.6011,  0.3685,
         0.9303,  0.2989,  0.3022,  0.8874,  0.6806,  0.2211,  0.9143,  0.3580])]
Target values: [array([0.57832706, 0.55726975, 0.10552448, 0.41493568, 0.4993471 ,
       0.46544507, 0.7497406 , 0.6464906 , 0.85610735, 0.71714455,
       0.75073236, 0.51780254, 0.22711647, 0.14931566, 0.912732  ,
       0.8524316 , 0.45128736, 0.71435624], dtype=float32), array([0.30766785, 0.03887437, 0.518717  , 0.46398443, 0.55641776,
       0.09805249, 0.43409458, 0.45263878, 0.578045  , 0.62399   ,
       0.91498566, 0.9116711 , 0.5658469 , 0.83626515, 0.24636388,
       0.9071598 , 0.96213573, 0.02463444], dtype=float32), array([0.77910316, 0.2254639 , 0.96564525, 0.31742746, 0.12948532,
       0.48182514, 0.07633217, 0.34531343, 0.5778506 , 0.79497874,
       0.04781396, 0.84113044, 0.84525365, 0.69921327, 0.57190746,
       0.33092642, 0.9491663 , 0.4372734 ], dtype=float32), array([0.12180944, 0.06358391, 0.40355092, 0.12937951, 0.50225437,
       0.7462256 , 0.89876264, 0.75962484, 0.51015127, 0.29163042,
       0.8417677 , 0.25936916, 0.23939352, 0.85557973, 0.6576234 ,
       0.1360485 , 0.9215425 , 0.2649091 ], dtype=float32), array([0.659493  , 0.73719215, 0.6846425 , 0.6198749 , 0.21692123,
       0.65769196, 0.8728059 , 0.6671056 , 0.8390776 , 0.52996147,
       0.72703534, 0.71252435, 0.5220161 , 0.44401234, 0.38285765,
       0.7900961 , 0.95346546, 0.73709923], dtype=float32)]
Prediction values: [array([0.23574893, 0.508546  , 0.46300873, 0.61759603, 0.5060506 ,
       0.6705359 , 0.8015782 , 0.4371288 , 0.77935463, 0.6523476 ,
       0.91321665, 0.4181945 , 0.5529597 , 0.52050245, 0.959496  ,
       0.6992562 , 0.5545968 , 0.7511713 ], dtype=float32), array([-0.07929637,  0.03454291,  0.37771335,  0.35929778,  0.38639775,
        0.22611752,  0.71071094,  0.38423106,  0.49633765,  0.32380897,
        0.35388413,  0.456982  ,  0.57748336,  0.2930504 ,  0.46580178,
        0.47553295,  0.260047  ,  0.4486602 ], dtype=float32), array([0.49750343, 0.37161314, 0.40019798, 0.38210452, 0.30541062,
       0.39212993, 0.3543944 , 0.31560355, 0.30699536, 0.31838286,
       0.48894438, 0.27951524, 0.46490365, 0.37370598, 0.36543113,
       0.46320504, 0.35421574, 0.22058097], dtype=float32), array([0.29784405, 0.5193239 , 0.34653464, 0.21695247, 0.33789682,
       0.43455374, 0.44988936, 0.8772621 , 0.5798019 , 0.38866794,
       0.5809208 , 0.5001205 , 0.46289656, 0.4988503 , 0.58429074,
       0.42842498, 0.39419928, 0.24755469], dtype=float32), array([0.5493629 , 0.80014455, 0.94360256, 0.65333676, 0.7062441 ,
       0.9023211 , 0.6553036 , 0.5300655 , 0.37292436, 0.48975176,
       0.7549149 , 0.5113909 , 0.42847657, 0.7779461 , 0.7504411 ,
       0.5425274 , 0.2281734 , 0.4658713 ], dtype=float32)]
Time taken: 1418.8781440258026 seconds
