sh: line 1: logger: command not found
/apps/conda/25.3.1/etc/profile.d/conda.sh: line 69: dirname: command not found
/apps/conda/25.3.1/etc/profile.d/conda.sh: line 69: dirname: command not found
/apps/conda/25.3.1/etc/profile.d/mamba.sh: line 59: basename: command not found
Error unknown MAMBA_EXE: "/apps/conda/25.3.1/bin/mamba", filename must be mamba or micromamba
Lmod has detected the following error: This module can only be used on RHEL9 nodes. 
While processing the following module(s):
    Module fullname  Module Filename
    ---------------  ---------------
    gcc/14.2.0       /apps/lmod/modulefiles/core/gcc/14.2.0.lua

pointnet_hippocampus_fs_01.py
/blue/stevenweisberg/ashishkumarsahoo/hippocampAI/conda_pyg_070923/lib/python3.8/site-packages/torch/cuda/__init__.py:155: UserWarning: 
NVIDIA B200 with CUDA capability sm_100 is not compatible with the current PyTorch installation.
The current PyTorch install supports CUDA capabilities sm_37 sm_50 sm_60 sm_61 sm_70 sm_75 sm_80 sm_86 compute_37.
If you want to use the NVIDIA B200 GPU with PyTorch, please check the instructions at https://pytorch.org/get-started/locally/

  warnings.warn(incompatible_device_warn.format(device_name, capability, " ".join(arch_list), device_name))
Number of GPUs available for training: 1
Fold 1
Epoch: 00, Training Loss: 0.0939, Train MSE: 0.0939, r (train): 0.2836, Test MSE: 0.0733, r (test): -0.0397
Epoch: 01, Training Loss: 0.0889, Train MSE: 0.0889, r (train): 0.4022, Test MSE: 0.0704, r (test): 0.0072
Epoch: 02, Training Loss: 0.0872, Train MSE: 0.0872, r (train): 0.4368, Test MSE: 0.0700, r (test): -0.0065
Epoch: 03, Training Loss: 0.0858, Train MSE: 0.0858, r (train): 0.4937, Test MSE: 0.0701, r (test): -0.0090
Epoch: 04, Training Loss: 0.0847, Train MSE: 0.0847, r (train): 0.5301, Test MSE: 0.0704, r (test): -0.0051
Epoch: 05, Training Loss: 0.0834, Train MSE: 0.0834, r (train): 0.5519, Test MSE: 0.0708, r (test): -0.0236
Epoch: 06, Training Loss: 0.0821, Train MSE: 0.0821, r (train): 0.5837, Test MSE: 0.0705, r (test): -0.0021
Epoch: 07, Training Loss: 0.0807, Train MSE: 0.0807, r (train): 0.6173, Test MSE: 0.0708, r (test): 0.0223
Epoch: 08, Training Loss: 0.0785, Train MSE: 0.0785, r (train): 0.6373, Test MSE: 0.0712, r (test): -0.0195
Epoch: 09, Training Loss: 0.0751, Train MSE: 0.0751, r (train): 0.6855, Test MSE: 0.0711, r (test): 0.0465
Epoch: 10, Training Loss: 0.0723, Train MSE: 0.0723, r (train): 0.6989, Test MSE: 0.0698, r (test): 0.0821
Epoch: 11, Training Loss: 0.0672, Train MSE: 0.0672, r (train): 0.7153, Test MSE: 0.0684, r (test): 0.0860
Epoch: 12, Training Loss: 0.0645, Train MSE: 0.0645, r (train): 0.7507, Test MSE: 0.0702, r (test): 0.0985
Epoch: 13, Training Loss: 0.0546, Train MSE: 0.0546, r (train): 0.7776, Test MSE: 0.0649, r (test): 0.1054
Epoch: 14, Training Loss: 0.0450, Train MSE: 0.0450, r (train): 0.8165, Test MSE: 0.0626, r (test): 0.0787
Epoch: 15, Training Loss: 0.0417, Train MSE: 0.0417, r (train): 0.8393, Test MSE: 0.0668, r (test): 0.0066
Epoch: 16, Training Loss: 0.0349, Train MSE: 0.0349, r (train): 0.8652, Test MSE: 0.0671, r (test): 0.0152
Epoch: 17, Training Loss: 0.0295, Train MSE: 0.0295, r (train): 0.8786, Test MSE: 0.0687, r (test): 0.0205
Epoch: 18, Training Loss: 0.0226, Train MSE: 0.0226, r (train): 0.8951, Test MSE: 0.0707, r (test): 0.0520
Epoch: 19, Training Loss: 0.0190, Train MSE: 0.0190, r (train): 0.9084, Test MSE: 0.0717, r (test): 0.1071
Epoch: 20, Training Loss: 0.0168, Train MSE: 0.0168, r (train): 0.9251, Test MSE: 0.0620, r (test): 0.2520
Epoch: 21, Training Loss: 0.0296, Train MSE: 0.0296, r (train): 0.9334, Test MSE: 0.0897, r (test): 0.0508
Epoch: 22, Training Loss: 0.0179, Train MSE: 0.0179, r (train): 0.9165, Test MSE: 0.0714, r (test): 0.1179
Epoch: 23, Training Loss: 0.0187, Train MSE: 0.0187, r (train): 0.9023, Test MSE: 0.0828, r (test): 0.0719
Epoch: 24, Training Loss: 0.0130, Train MSE: 0.0130, r (train): 0.9388, Test MSE: 0.0567, r (test): 0.2678
Epoch: 25, Training Loss: 0.0263, Train MSE: 0.0263, r (train): 0.9582, Test MSE: 0.0748, r (test): 0.1892
Epoch: 26, Training Loss: 0.0563, Train MSE: 0.0563, r (train): 0.9500, Test MSE: 0.1056, r (test): 0.1420
Epoch: 27, Training Loss: 0.0491, Train MSE: 0.0491, r (train): 0.9317, Test MSE: 0.0972, r (test): 0.1291
Epoch: 28, Training Loss: 0.0266, Train MSE: 0.0266, r (train): 0.9049, Test MSE: 0.0802, r (test): -0.0027
Epoch: 29, Training Loss: 0.0178, Train MSE: 0.0178, r (train): 0.8790, Test MSE: 0.0755, r (test): 0.0384
Epoch: 30, Training Loss: 0.0240, Train MSE: 0.0240, r (train): 0.8663, Test MSE: 0.0683, r (test): 0.0749
Epoch: 31, Training Loss: 0.0513, Train MSE: 0.0513, r (train): 0.9109, Test MSE: 0.0870, r (test): 0.2359
Epoch: 32, Training Loss: 0.1125, Train MSE: 0.1125, r (train): 0.9190, Test MSE: 0.1288, r (test): 0.2922
Epoch: 33, Training Loss: 0.1277, Train MSE: 0.1277, r (train): 0.9183, Test MSE: 0.1409, r (test): 0.2423
Epoch: 34, Training Loss: 0.0840, Train MSE: 0.0840, r (train): 0.8892, Test MSE: 0.0899, r (test): 0.3175
Epoch: 35, Training Loss: 0.0856, Train MSE: 0.0856, r (train): 0.8674, Test MSE: 0.0987, r (test): 0.1950
Epoch: 36, Training Loss: 0.1186, Train MSE: 0.1186, r (train): 0.9050, Test MSE: 0.1016, r (test): 0.3566
Epoch: 37, Training Loss: 0.1553, Train MSE: 0.1553, r (train): 0.9042, Test MSE: 0.1330, r (test): 0.2832
Epoch: 38, Training Loss: 0.1315, Train MSE: 0.1315, r (train): 0.9029, Test MSE: 0.1142, r (test): 0.2301
Epoch: 39, Training Loss: 0.0680, Train MSE: 0.0680, r (train): 0.8986, Test MSE: 0.0763, r (test): 0.2289
Epoch: 40, Training Loss: 0.0505, Train MSE: 0.0505, r (train): 0.8823, Test MSE: 0.0734, r (test): 0.0926
Epoch: 41, Training Loss: 0.0213, Train MSE: 0.0213, r (train): 0.8992, Test MSE: 0.0680, r (test): 0.0909
Epoch: 42, Training Loss: 0.0177, Train MSE: 0.0177, r (train): 0.8896, Test MSE: 0.0780, r (test): 0.0900
Epoch: 43, Training Loss: 0.0228, Train MSE: 0.0228, r (train): 0.8462, Test MSE: 0.0720, r (test): 0.0491
Epoch: 44, Training Loss: 0.0212, Train MSE: 0.0212, r (train): 0.8772, Test MSE: 0.0743, r (test): 0.1663
Epoch: 45, Training Loss: 0.0238, Train MSE: 0.0238, r (train): 0.8825, Test MSE: 0.0812, r (test): 0.1159
Epoch: 46, Training Loss: 0.0181, Train MSE: 0.0181, r (train): 0.9102, Test MSE: 0.0833, r (test): -0.0735
Epoch: 47, Training Loss: 0.0294, Train MSE: 0.0294, r (train): 0.8821, Test MSE: 0.0907, r (test): 0.0029
Epoch: 48, Training Loss: 0.0287, Train MSE: 0.0287, r (train): 0.8716, Test MSE: 0.0966, r (test): -0.0215
Epoch: 49, Training Loss: 0.0166, Train MSE: 0.0166, r (train): 0.9106, Test MSE: 0.0982, r (test): -0.0174
Epoch: 50, Training Loss: 0.0227, Train MSE: 0.0227, r (train): 0.9166, Test MSE: 0.0774, r (test): 0.1304
Epoch: 51, Training Loss: 0.0824, Train MSE: 0.0824, r (train): 0.9100, Test MSE: 0.1171, r (test): 0.0877
Epoch: 52, Training Loss: 0.0747, Train MSE: 0.0747, r (train): 0.9338, Test MSE: 0.1262, r (test): 0.0987
Epoch: 53, Training Loss: 0.0637, Train MSE: 0.0637, r (train): 0.9199, Test MSE: 0.0941, r (test): 0.1401
Epoch: 54, Training Loss: 0.0390, Train MSE: 0.0390, r (train): 0.9043, Test MSE: 0.0665, r (test): 0.2272
Epoch: 55, Training Loss: 0.0256, Train MSE: 0.0256, r (train): 0.9392, Test MSE: 0.0712, r (test): 0.1378
Epoch: 56, Training Loss: 0.0120, Train MSE: 0.0120, r (train): 0.9215, Test MSE: 0.0751, r (test): 0.0071
Epoch: 57, Training Loss: 0.0195, Train MSE: 0.0195, r (train): 0.9354, Test MSE: 0.0914, r (test): 0.0015
Epoch: 58, Training Loss: 0.0165, Train MSE: 0.0165, r (train): 0.9535, Test MSE: 0.0852, r (test): 0.1844
Epoch: 59, Training Loss: 0.0135, Train MSE: 0.0135, r (train): 0.9303, Test MSE: 0.0655, r (test): 0.1059
Epoch: 60, Training Loss: 0.0130, Train MSE: 0.0130, r (train): 0.9166, Test MSE: 0.0676, r (test): 0.0349
Epoch: 61, Training Loss: 0.0209, Train MSE: 0.0209, r (train): 0.9405, Test MSE: 0.0813, r (test): 0.0764
Epoch: 62, Training Loss: 0.0513, Train MSE: 0.0513, r (train): 0.9536, Test MSE: 0.0855, r (test): 0.2201
Epoch: 63, Training Loss: 0.0198, Train MSE: 0.0198, r (train): 0.9403, Test MSE: 0.0675, r (test): 0.1554
Epoch: 64, Training Loss: 0.0111, Train MSE: 0.0111, r (train): 0.9321, Test MSE: 0.0710, r (test): 0.1382
Epoch: 65, Training Loss: 0.0175, Train MSE: 0.0175, r (train): 0.9335, Test MSE: 0.0882, r (test): 0.0461
Epoch: 66, Training Loss: 0.0137, Train MSE: 0.0137, r (train): 0.9463, Test MSE: 0.0759, r (test): 0.1042
Epoch: 67, Training Loss: 0.0084, Train MSE: 0.0084, r (train): 0.9458, Test MSE: 0.0666, r (test): 0.0724
Epoch: 68, Training Loss: 0.0171, Train MSE: 0.0171, r (train): 0.9430, Test MSE: 0.0634, r (test): 0.1542
Epoch: 69, Training Loss: 0.0387, Train MSE: 0.0387, r (train): 0.9531, Test MSE: 0.0717, r (test): 0.1732
Epoch: 70, Training Loss: 0.0076, Train MSE: 0.0076, r (train): 0.9505, Test MSE: 0.0704, r (test): 0.0489
Epoch: 71, Training Loss: 0.0230, Train MSE: 0.0230, r (train): 0.9476, Test MSE: 0.1020, r (test): 0.0129
Epoch: 72, Training Loss: 0.0264, Train MSE: 0.0264, r (train): 0.9429, Test MSE: 0.1123, r (test): 0.0353
Epoch: 73, Training Loss: 0.0104, Train MSE: 0.0104, r (train): 0.9465, Test MSE: 0.0741, r (test): 0.0617
Epoch: 74, Training Loss: 0.0104, Train MSE: 0.0104, r (train): 0.9460, Test MSE: 0.0764, r (test): 0.0070
Epoch: 75, Training Loss: 0.0228, Train MSE: 0.0228, r (train): 0.9604, Test MSE: 0.0697, r (test): 0.1084
Epoch: 76, Training Loss: 0.0077, Train MSE: 0.0077, r (train): 0.9509, Test MSE: 0.0709, r (test): 0.0535
Epoch: 77, Training Loss: 0.0227, Train MSE: 0.0227, r (train): 0.9490, Test MSE: 0.1068, r (test): 0.0088
Epoch: 78, Training Loss: 0.0231, Train MSE: 0.0231, r (train): 0.9486, Test MSE: 0.1084, r (test): -0.1042
Epoch: 79, Training Loss: 0.0098, Train MSE: 0.0098, r (train): 0.9563, Test MSE: 0.0749, r (test): 0.1211
Epoch: 80, Training Loss: 0.0083, Train MSE: 0.0083, r (train): 0.9512, Test MSE: 0.0693, r (test): 0.0664
Epoch: 81, Training Loss: 0.0158, Train MSE: 0.0158, r (train): 0.9431, Test MSE: 0.0637, r (test): 0.1575
Epoch: 82, Training Loss: 0.0082, Train MSE: 0.0082, r (train): 0.9547, Test MSE: 0.0731, r (test): -0.0033
Epoch: 83, Training Loss: 0.0216, Train MSE: 0.0216, r (train): 0.9400, Test MSE: 0.0991, r (test): -0.1052
Epoch: 84, Training Loss: 0.0307, Train MSE: 0.0307, r (train): 0.9475, Test MSE: 0.1150, r (test): -0.1113
Epoch: 85, Training Loss: 0.0144, Train MSE: 0.0144, r (train): 0.9489, Test MSE: 0.0745, r (test): 0.0784
Epoch: 86, Training Loss: 0.0099, Train MSE: 0.0099, r (train): 0.9476, Test MSE: 0.0791, r (test): -0.0108
Epoch: 87, Training Loss: 0.0131, Train MSE: 0.0131, r (train): 0.9361, Test MSE: 0.0745, r (test): -0.0394
Epoch: 88, Training Loss: 0.0101, Train MSE: 0.0101, r (train): 0.9388, Test MSE: 0.0603, r (test): 0.1294
Epoch: 89, Training Loss: 0.0174, Train MSE: 0.0174, r (train): 0.9331, Test MSE: 0.0886, r (test): -0.0617
Epoch: 90, Training Loss: 0.0272, Train MSE: 0.0272, r (train): 0.9536, Test MSE: 0.0932, r (test): -0.0136
Epoch: 91, Training Loss: 0.0188, Train MSE: 0.0188, r (train): 0.9534, Test MSE: 0.0895, r (test): 0.0134
Epoch: 92, Training Loss: 0.0060, Train MSE: 0.0060, r (train): 0.9761, Test MSE: 0.0813, r (test): -0.0260
Epoch: 93, Training Loss: 0.0044, Train MSE: 0.0044, r (train): 0.9786, Test MSE: 0.0798, r (test): 0.0617
Epoch: 94, Training Loss: 0.0067, Train MSE: 0.0067, r (train): 0.9796, Test MSE: 0.0717, r (test): 0.0728
Epoch: 95, Training Loss: 0.0061, Train MSE: 0.0061, r (train): 0.9621, Test MSE: 0.0705, r (test): 0.0290
Epoch: 96, Training Loss: 0.0194, Train MSE: 0.0194, r (train): 0.9544, Test MSE: 0.0759, r (test): 0.0720
Epoch: 97, Training Loss: 0.0307, Train MSE: 0.0307, r (train): 0.9477, Test MSE: 0.1014, r (test): -0.1270
Epoch: 98, Training Loss: 0.0083, Train MSE: 0.0083, r (train): 0.9679, Test MSE: 0.0824, r (test): -0.0610
Epoch: 99, Training Loss: 0.0068, Train MSE: 0.0068, r (train): 0.9654, Test MSE: 0.0815, r (test): -0.0838
Predicted tensors for training set: 
tensor([ 0.2970,  0.0013,  0.5285,  0.4751,  0.7163,  0.0746,  0.5607,  0.5198,
         0.6285,  0.6601,  1.0132,  1.0338,  0.6362,  0.9731,  0.1762,  1.0093,
         0.9990, -0.0173,  0.7184,  0.0796,  0.9756,  0.2070,  0.0222,  0.3562,
        -0.0654,  0.2623,  0.4806,  0.5806, -0.0702,  0.8050,  0.6521,  0.5962,
         0.4737,  0.2572,  0.9038,  0.4256,  0.0895,  0.1284,  0.4803,  0.1615,
         0.5240,  0.8447,  0.9379,  0.9030,  0.6031,  0.2827,  0.8858,  0.2743,
         0.2309,  0.7905,  0.6346,  0.0905,  0.8410,  0.2567,  0.4636,  0.6541,
         0.6062,  0.5834,  0.1947,  0.6434,  0.8878,  0.7403,  0.9205,  0.5490,
         0.7591,  0.7115,  0.5520,  0.4290,  0.3646,  0.8304,  0.9413,  0.7899])
Target tensorsfor training set: 
tensor([0.3077, 0.0389, 0.5187, 0.4640, 0.5564, 0.0981, 0.4341, 0.4526, 0.5780,
        0.6240, 0.9150, 0.9117, 0.5658, 0.8363, 0.2464, 0.9072, 0.9621, 0.0246,
        0.7791, 0.2255, 0.9656, 0.3174, 0.1295, 0.4818, 0.0763, 0.3453, 0.5779,
        0.7950, 0.0478, 0.8411, 0.8453, 0.6992, 0.5719, 0.3309, 0.9492, 0.4373,
        0.1218, 0.0636, 0.4036, 0.1294, 0.5023, 0.7462, 0.8988, 0.7596, 0.5102,
        0.2916, 0.8418, 0.2594, 0.2394, 0.8556, 0.6576, 0.1360, 0.9215, 0.2649,
        0.6595, 0.7372, 0.6846, 0.6199, 0.2169, 0.6577, 0.8728, 0.6671, 0.8391,
        0.5300, 0.7270, 0.7125, 0.5220, 0.4440, 0.3829, 0.7901, 0.9535, 0.7371])
Correlation for training set: 0.965403469824878
Predicted tensors for test set: 
tensor([0.7370, 0.4126, 0.7106, 0.2335, 0.5743, 0.5218, 0.4080, 0.4553, 0.5625,
        0.4474, 0.6616, 0.4275, 0.4793, 0.4179, 0.3960, 0.5558, 0.8572, 0.5419])
Target tensors for test set: 
tensor([0.5783, 0.5573, 0.1055, 0.4149, 0.4993, 0.4654, 0.7497, 0.6465, 0.8561,
        0.7171, 0.7507, 0.5178, 0.2271, 0.1493, 0.9127, 0.8524, 0.4513, 0.7144])
Correlation for test set: -0.08380969825026673
Fold 2
Epoch: 00, Training Loss: 0.0818, Train MSE: 0.0818, r (train): 0.2721, Test MSE: 0.1158, r (test): -0.2085
Epoch: 01, Training Loss: 0.0799, Train MSE: 0.0799, r (train): 0.3510, Test MSE: 0.1159, r (test): -0.1942
Epoch: 02, Training Loss: 0.0785, Train MSE: 0.0785, r (train): 0.3908, Test MSE: 0.1149, r (test): -0.2043
Epoch: 03, Training Loss: 0.0770, Train MSE: 0.0770, r (train): 0.4411, Test MSE: 0.1141, r (test): -0.1753
Epoch: 04, Training Loss: 0.0759, Train MSE: 0.0759, r (train): 0.4773, Test MSE: 0.1136, r (test): -0.1590
Epoch: 05, Training Loss: 0.0751, Train MSE: 0.0751, r (train): 0.5195, Test MSE: 0.1135, r (test): -0.1284
Epoch: 06, Training Loss: 0.0728, Train MSE: 0.0728, r (train): 0.5523, Test MSE: 0.1122, r (test): -0.1378
Epoch: 07, Training Loss: 0.0712, Train MSE: 0.0712, r (train): 0.5890, Test MSE: 0.1117, r (test): -0.0712
Epoch: 08, Training Loss: 0.0693, Train MSE: 0.0693, r (train): 0.6256, Test MSE: 0.1108, r (test): -0.0356
Epoch: 09, Training Loss: 0.0672, Train MSE: 0.0672, r (train): 0.6643, Test MSE: 0.1098, r (test): 0.0229
Epoch: 10, Training Loss: 0.0641, Train MSE: 0.0641, r (train): 0.6996, Test MSE: 0.1099, r (test): -0.0278
Epoch: 11, Training Loss: 0.0615, Train MSE: 0.0615, r (train): 0.7294, Test MSE: 0.1076, r (test): 0.0544
Epoch: 12, Training Loss: 0.0578, Train MSE: 0.0578, r (train): 0.7678, Test MSE: 0.1060, r (test): 0.0894
Epoch: 13, Training Loss: 0.0554, Train MSE: 0.0554, r (train): 0.7882, Test MSE: 0.1055, r (test): 0.0933
Epoch: 14, Training Loss: 0.0486, Train MSE: 0.0486, r (train): 0.8351, Test MSE: 0.1025, r (test): 0.0928
Epoch: 15, Training Loss: 0.0413, Train MSE: 0.0413, r (train): 0.8558, Test MSE: 0.1009, r (test): 0.0627
Epoch: 16, Training Loss: 0.0383, Train MSE: 0.0383, r (train): 0.8728, Test MSE: 0.1003, r (test): 0.0572
Epoch: 17, Training Loss: 0.0282, Train MSE: 0.0282, r (train): 0.8969, Test MSE: 0.0893, r (test): 0.2706
Epoch: 18, Training Loss: 0.0289, Train MSE: 0.0289, r (train): 0.9056, Test MSE: 0.0883, r (test): 0.3528
Epoch: 19, Training Loss: 0.0344, Train MSE: 0.0344, r (train): 0.9061, Test MSE: 0.0935, r (test): 0.3550
Epoch: 20, Training Loss: 0.0208, Train MSE: 0.0208, r (train): 0.9206, Test MSE: 0.0772, r (test): 0.4670
Epoch: 21, Training Loss: 0.0157, Train MSE: 0.0157, r (train): 0.9300, Test MSE: 0.0773, r (test): 0.3704
Epoch: 22, Training Loss: 0.0254, Train MSE: 0.0254, r (train): 0.9353, Test MSE: 0.0816, r (test): 0.3631
Epoch: 23, Training Loss: 0.0527, Train MSE: 0.0527, r (train): 0.9315, Test MSE: 0.1031, r (test): 0.3794
Epoch: 24, Training Loss: 0.1042, Train MSE: 0.1042, r (train): 0.9039, Test MSE: 0.1395, r (test): 0.4236
Epoch: 25, Training Loss: 0.0207, Train MSE: 0.0207, r (train): 0.9035, Test MSE: 0.0709, r (test): 0.5323
Epoch: 26, Training Loss: 0.0203, Train MSE: 0.0203, r (train): 0.8730, Test MSE: 0.0770, r (test): 0.3725
Epoch: 27, Training Loss: 0.0646, Train MSE: 0.0646, r (train): 0.9392, Test MSE: 0.1187, r (test): 0.4018
Epoch: 28, Training Loss: 0.0941, Train MSE: 0.0941, r (train): 0.9321, Test MSE: 0.1449, r (test): 0.3555
Epoch: 29, Training Loss: 0.0478, Train MSE: 0.0478, r (train): 0.9093, Test MSE: 0.0971, r (test): 0.4144
Epoch: 30, Training Loss: 0.0184, Train MSE: 0.0184, r (train): 0.9105, Test MSE: 0.0735, r (test): 0.4789
Epoch: 31, Training Loss: 0.0128, Train MSE: 0.0128, r (train): 0.9173, Test MSE: 0.0737, r (test): 0.4390
Epoch: 32, Training Loss: 0.0164, Train MSE: 0.0164, r (train): 0.9346, Test MSE: 0.0814, r (test): 0.3834
Epoch: 33, Training Loss: 0.0349, Train MSE: 0.0349, r (train): 0.9417, Test MSE: 0.0957, r (test): 0.3704
Epoch: 34, Training Loss: 0.0729, Train MSE: 0.0729, r (train): 0.9370, Test MSE: 0.1349, r (test): 0.2707
Epoch: 35, Training Loss: 0.0889, Train MSE: 0.0889, r (train): 0.9371, Test MSE: 0.1503, r (test): 0.2370
Epoch: 36, Training Loss: 0.0263, Train MSE: 0.0263, r (train): 0.9340, Test MSE: 0.0946, r (test): 0.2543
Epoch: 37, Training Loss: 0.0185, Train MSE: 0.0185, r (train): 0.9061, Test MSE: 0.0790, r (test): 0.3677
Epoch: 38, Training Loss: 0.0183, Train MSE: 0.0183, r (train): 0.9062, Test MSE: 0.0921, r (test): 0.1599
Epoch: 39, Training Loss: 0.0266, Train MSE: 0.0266, r (train): 0.9096, Test MSE: 0.0896, r (test): 0.3053
Epoch: 40, Training Loss: 0.0490, Train MSE: 0.0490, r (train): 0.9091, Test MSE: 0.1064, r (test): 0.3706
Epoch: 41, Training Loss: 0.0467, Train MSE: 0.0467, r (train): 0.9195, Test MSE: 0.0912, r (test): 0.4722
Epoch: 42, Training Loss: 0.0272, Train MSE: 0.0272, r (train): 0.9153, Test MSE: 0.0857, r (test): 0.3416
Epoch: 43, Training Loss: 0.0118, Train MSE: 0.0118, r (train): 0.9113, Test MSE: 0.0734, r (test): 0.4720
Epoch: 44, Training Loss: 0.0238, Train MSE: 0.0238, r (train): 0.9101, Test MSE: 0.0904, r (test): 0.3418
Epoch: 45, Training Loss: 0.0181, Train MSE: 0.0181, r (train): 0.9127, Test MSE: 0.0948, r (test): 0.1955
Epoch: 46, Training Loss: 0.0134, Train MSE: 0.0134, r (train): 0.9240, Test MSE: 0.0747, r (test): 0.3732
Epoch: 47, Training Loss: 0.0190, Train MSE: 0.0190, r (train): 0.9153, Test MSE: 0.0779, r (test): 0.4009
Epoch: 48, Training Loss: 0.0262, Train MSE: 0.0262, r (train): 0.9250, Test MSE: 0.0801, r (test): 0.4514
Epoch: 49, Training Loss: 0.0149, Train MSE: 0.0149, r (train): 0.8881, Test MSE: 0.0750, r (test): 0.4120
Epoch: 50, Training Loss: 0.0125, Train MSE: 0.0125, r (train): 0.9275, Test MSE: 0.0813, r (test): 0.3375
Epoch: 51, Training Loss: 0.0112, Train MSE: 0.0112, r (train): 0.9355, Test MSE: 0.0773, r (test): 0.3570
Epoch: 52, Training Loss: 0.0150, Train MSE: 0.0150, r (train): 0.9478, Test MSE: 0.0710, r (test): 0.4704
Epoch: 53, Training Loss: 0.0113, Train MSE: 0.0113, r (train): 0.9277, Test MSE: 0.0744, r (test): 0.3824
Epoch: 54, Training Loss: 0.0091, Train MSE: 0.0091, r (train): 0.9334, Test MSE: 0.0774, r (test): 0.3408
Epoch: 55, Training Loss: 0.0142, Train MSE: 0.0142, r (train): 0.9343, Test MSE: 0.0865, r (test): 0.2792
Epoch: 56, Training Loss: 0.0369, Train MSE: 0.0369, r (train): 0.9407, Test MSE: 0.1070, r (test): 0.3037
Epoch: 57, Training Loss: 0.0348, Train MSE: 0.0348, r (train): 0.9252, Test MSE: 0.0951, r (test): 0.3421
Epoch: 58, Training Loss: 0.0150, Train MSE: 0.0150, r (train): 0.9338, Test MSE: 0.0815, r (test): 0.3465
Epoch: 59, Training Loss: 0.0200, Train MSE: 0.0200, r (train): 0.9079, Test MSE: 0.1010, r (test): 0.0725
Epoch: 60, Training Loss: 0.0292, Train MSE: 0.0292, r (train): 0.9109, Test MSE: 0.1052, r (test): 0.1757
Epoch: 61, Training Loss: 0.0366, Train MSE: 0.0366, r (train): 0.9320, Test MSE: 0.1203, r (test): 0.0687
Epoch: 62, Training Loss: 0.0246, Train MSE: 0.0246, r (train): 0.9241, Test MSE: 0.1004, r (test): 0.2054
Epoch: 63, Training Loss: 0.0142, Train MSE: 0.0142, r (train): 0.9299, Test MSE: 0.0923, r (test): 0.1894
Epoch: 64, Training Loss: 0.0145, Train MSE: 0.0145, r (train): 0.9051, Test MSE: 0.0897, r (test): 0.1893
Epoch: 65, Training Loss: 0.0149, Train MSE: 0.0149, r (train): 0.9127, Test MSE: 0.0893, r (test): 0.1748
Epoch: 66, Training Loss: 0.0147, Train MSE: 0.0147, r (train): 0.8969, Test MSE: 0.0902, r (test): 0.1551
Epoch: 67, Training Loss: 0.0213, Train MSE: 0.0213, r (train): 0.8999, Test MSE: 0.0900, r (test): 0.3021
Epoch: 68, Training Loss: 0.0273, Train MSE: 0.0273, r (train): 0.9040, Test MSE: 0.0988, r (test): 0.3081
Epoch: 69, Training Loss: 0.0209, Train MSE: 0.0209, r (train): 0.9256, Test MSE: 0.0895, r (test): 0.3819
Epoch: 70, Training Loss: 0.0250, Train MSE: 0.0250, r (train): 0.9091, Test MSE: 0.0956, r (test): 0.3635
Epoch: 71, Training Loss: 0.0202, Train MSE: 0.0202, r (train): 0.9046, Test MSE: 0.0808, r (test): 0.4392
Epoch: 72, Training Loss: 0.0133, Train MSE: 0.0133, r (train): 0.9210, Test MSE: 0.0627, r (test): 0.5508
Epoch: 73, Training Loss: 0.0173, Train MSE: 0.0173, r (train): 0.9249, Test MSE: 0.0697, r (test): 0.4487
Epoch: 74, Training Loss: 0.0291, Train MSE: 0.0291, r (train): 0.9121, Test MSE: 0.0707, r (test): 0.5369
Epoch: 75, Training Loss: 0.0264, Train MSE: 0.0264, r (train): 0.9138, Test MSE: 0.0800, r (test): 0.3671
Epoch: 76, Training Loss: 0.0250, Train MSE: 0.0250, r (train): 0.9010, Test MSE: 0.0938, r (test): 0.2301
Epoch: 77, Training Loss: 0.0287, Train MSE: 0.0287, r (train): 0.9155, Test MSE: 0.0830, r (test): 0.4579
Epoch: 78, Training Loss: 0.0214, Train MSE: 0.0214, r (train): 0.9151, Test MSE: 0.0890, r (test): 0.2780
Epoch: 79, Training Loss: 0.0149, Train MSE: 0.0149, r (train): 0.8960, Test MSE: 0.0851, r (test): 0.2183
Epoch: 80, Training Loss: 0.0193, Train MSE: 0.0193, r (train): 0.8929, Test MSE: 0.0875, r (test): 0.1952
Epoch: 81, Training Loss: 0.0410, Train MSE: 0.0410, r (train): 0.8626, Test MSE: 0.1026, r (test): 0.2076
Epoch: 82, Training Loss: 0.0654, Train MSE: 0.0654, r (train): 0.8857, Test MSE: 0.1238, r (test): 0.3381
Epoch: 83, Training Loss: 0.0359, Train MSE: 0.0359, r (train): 0.9191, Test MSE: 0.1033, r (test): 0.3685
Epoch: 84, Training Loss: 0.0483, Train MSE: 0.0483, r (train): 0.9195, Test MSE: 0.1098, r (test): 0.5434
Epoch: 85, Training Loss: 0.0194, Train MSE: 0.0194, r (train): 0.9015, Test MSE: 0.0745, r (test): 0.4736
Epoch: 86, Training Loss: 0.0141, Train MSE: 0.0141, r (train): 0.9217, Test MSE: 0.0630, r (test): 0.5362
Epoch: 87, Training Loss: 0.0148, Train MSE: 0.0148, r (train): 0.9267, Test MSE: 0.0677, r (test): 0.4724
Epoch: 88, Training Loss: 0.0212, Train MSE: 0.0212, r (train): 0.9297, Test MSE: 0.0839, r (test): 0.3723
Epoch: 89, Training Loss: 0.0167, Train MSE: 0.0167, r (train): 0.9384, Test MSE: 0.0770, r (test): 0.4597
Epoch: 90, Training Loss: 0.0230, Train MSE: 0.0230, r (train): 0.9299, Test MSE: 0.0849, r (test): 0.4042
Epoch: 91, Training Loss: 0.0110, Train MSE: 0.0110, r (train): 0.9245, Test MSE: 0.0814, r (test): 0.2804
Epoch: 92, Training Loss: 0.0223, Train MSE: 0.0223, r (train): 0.9269, Test MSE: 0.0854, r (test): 0.3639
Epoch: 93, Training Loss: 0.0460, Train MSE: 0.0460, r (train): 0.9039, Test MSE: 0.1004, r (test): 0.4728
Epoch: 94, Training Loss: 0.0304, Train MSE: 0.0304, r (train): 0.9402, Test MSE: 0.0855, r (test): 0.4982
Epoch: 95, Training Loss: 0.0162, Train MSE: 0.0162, r (train): 0.9376, Test MSE: 0.0705, r (test): 0.5471
Epoch: 96, Training Loss: 0.0101, Train MSE: 0.0101, r (train): 0.9300, Test MSE: 0.0693, r (test): 0.4505
Epoch: 97, Training Loss: 0.0069, Train MSE: 0.0069, r (train): 0.9534, Test MSE: 0.0721, r (test): 0.4172
Epoch: 98, Training Loss: 0.0089, Train MSE: 0.0089, r (train): 0.9512, Test MSE: 0.0710, r (test): 0.4275
Epoch: 99, Training Loss: 0.0202, Train MSE: 0.0202, r (train): 0.9570, Test MSE: 0.0838, r (test): 0.4800
Predicted tensors for training set: 
tensor([ 0.4679,  0.4813,  0.0120,  0.3100,  0.4314,  0.3742,  0.5833,  0.5295,
         0.6734,  0.6485,  0.5494,  0.3853,  0.1085,  0.0215,  0.7767,  0.6293,
         0.2881,  0.4589,  0.6233,  0.0359,  0.7659,  0.1321, -0.0150,  0.3086,
        -0.1249,  0.0901,  0.4210,  0.6580, -0.1007,  0.6193,  0.6545,  0.5277,
         0.4117,  0.2042,  0.7778,  0.2392, -0.0651, -0.1041,  0.2260,  0.0202,
         0.3799,  0.5577,  0.6907,  0.5112,  0.3375,  0.2121,  0.6194,  0.0890,
         0.1459,  0.7105,  0.4991,  0.0524,  0.7960,  0.1802,  0.5615,  0.6415,
         0.6341,  0.5884,  0.1940,  0.6703,  0.8925,  0.6842,  0.8837,  0.5655,
         0.7575,  0.7484,  0.5248,  0.4916,  0.3877,  0.7708,  0.9624,  0.6872])
Target tensorsfor training set: 
tensor([0.5783, 0.5573, 0.1055, 0.4149, 0.4993, 0.4654, 0.7497, 0.6465, 0.8561,
        0.7171, 0.7507, 0.5178, 0.2271, 0.1493, 0.9127, 0.8524, 0.4513, 0.7144,
        0.7791, 0.2255, 0.9656, 0.3174, 0.1295, 0.4818, 0.0763, 0.3453, 0.5779,
        0.7950, 0.0478, 0.8411, 0.8453, 0.6992, 0.5719, 0.3309, 0.9492, 0.4373,
        0.1218, 0.0636, 0.4036, 0.1294, 0.5023, 0.7462, 0.8988, 0.7596, 0.5102,
        0.2916, 0.8418, 0.2594, 0.2394, 0.8556, 0.6576, 0.1360, 0.9215, 0.2649,
        0.6595, 0.7372, 0.6846, 0.6199, 0.2169, 0.6577, 0.8728, 0.6671, 0.8391,
        0.5300, 0.7270, 0.7125, 0.5220, 0.4440, 0.3829, 0.7901, 0.9535, 0.7371])
Correlation for training set: 0.9570204588695878
Predicted tensors for test set: 
tensor([0.2237, 0.5243, 0.3151, 0.4091, 0.3383, 0.1278, 0.2713, 0.5118, 0.2559,
        0.4576, 0.5468, 0.4520, 0.5957, 0.4401, 0.3382, 0.4927, 0.4821, 0.3346])
Target tensors for test set: 
tensor([0.3077, 0.0389, 0.5187, 0.4640, 0.5564, 0.0981, 0.4341, 0.4526, 0.5780,
        0.6240, 0.9150, 0.9117, 0.5658, 0.8363, 0.2464, 0.9072, 0.9621, 0.0246])
Correlation for test set: 0.47998705508581796
Fold 3
Epoch: 00, Training Loss: 0.0802, Train MSE: 0.0802, r (train): 0.2318, Test MSE: 0.1124, r (test): -0.2897
Epoch: 01, Training Loss: 0.0798, Train MSE: 0.0798, r (train): 0.3316, Test MSE: 0.1147, r (test): -0.2386
Epoch: 02, Training Loss: 0.0776, Train MSE: 0.0776, r (train): 0.3905, Test MSE: 0.1148, r (test): -0.2519
Epoch: 03, Training Loss: 0.0759, Train MSE: 0.0759, r (train): 0.4415, Test MSE: 0.1147, r (test): -0.2582
Epoch: 04, Training Loss: 0.0744, Train MSE: 0.0744, r (train): 0.4814, Test MSE: 0.1155, r (test): -0.2681
Epoch: 05, Training Loss: 0.0726, Train MSE: 0.0726, r (train): 0.5273, Test MSE: 0.1153, r (test): -0.2737
Epoch: 06, Training Loss: 0.0711, Train MSE: 0.0711, r (train): 0.5784, Test MSE: 0.1157, r (test): -0.2750
Epoch: 07, Training Loss: 0.0689, Train MSE: 0.0689, r (train): 0.6373, Test MSE: 0.1170, r (test): -0.2972
Epoch: 08, Training Loss: 0.0667, Train MSE: 0.0667, r (train): 0.6902, Test MSE: 0.1165, r (test): -0.2627
Epoch: 09, Training Loss: 0.0652, Train MSE: 0.0652, r (train): 0.7401, Test MSE: 0.1182, r (test): -0.2865
Epoch: 10, Training Loss: 0.0625, Train MSE: 0.0625, r (train): 0.7812, Test MSE: 0.1179, r (test): -0.1960
Epoch: 11, Training Loss: 0.0596, Train MSE: 0.0596, r (train): 0.8177, Test MSE: 0.1191, r (test): -0.1820
Epoch: 12, Training Loss: 0.0540, Train MSE: 0.0540, r (train): 0.8396, Test MSE: 0.1177, r (test): -0.1865
Epoch: 13, Training Loss: 0.0518, Train MSE: 0.0518, r (train): 0.8563, Test MSE: 0.1216, r (test): -0.1971
Epoch: 14, Training Loss: 0.0440, Train MSE: 0.0440, r (train): 0.8701, Test MSE: 0.1186, r (test): -0.1995
Epoch: 15, Training Loss: 0.0361, Train MSE: 0.0361, r (train): 0.8867, Test MSE: 0.1192, r (test): -0.1819
Epoch: 16, Training Loss: 0.0339, Train MSE: 0.0339, r (train): 0.9055, Test MSE: 0.1292, r (test): -0.2436
Epoch: 17, Training Loss: 0.0276, Train MSE: 0.0276, r (train): 0.9093, Test MSE: 0.1248, r (test): -0.2492
Epoch: 18, Training Loss: 0.0227, Train MSE: 0.0227, r (train): 0.9252, Test MSE: 0.1418, r (test): -0.4152
Epoch: 19, Training Loss: 0.0192, Train MSE: 0.0192, r (train): 0.9341, Test MSE: 0.1338, r (test): -0.3896
Epoch: 20, Training Loss: 0.0229, Train MSE: 0.0229, r (train): 0.9339, Test MSE: 0.1397, r (test): -0.4165
Epoch: 21, Training Loss: 0.0244, Train MSE: 0.0244, r (train): 0.9223, Test MSE: 0.1408, r (test): -0.3848
Epoch: 22, Training Loss: 0.0264, Train MSE: 0.0264, r (train): 0.9148, Test MSE: 0.1330, r (test): -0.2338
Epoch: 23, Training Loss: 0.1001, Train MSE: 0.1001, r (train): 0.9278, Test MSE: 0.2205, r (test): -0.3237
Epoch: 24, Training Loss: 0.1547, Train MSE: 0.1547, r (train): 0.9162, Test MSE: 0.2725, r (test): -0.3417
Epoch: 25, Training Loss: 0.1151, Train MSE: 0.1151, r (train): 0.9333, Test MSE: 0.2401, r (test): -0.3419
Epoch: 26, Training Loss: 0.0558, Train MSE: 0.0558, r (train): 0.9136, Test MSE: 0.1602, r (test): -0.2401
Epoch: 27, Training Loss: 0.0193, Train MSE: 0.0193, r (train): 0.9116, Test MSE: 0.1188, r (test): -0.2197
Epoch: 28, Training Loss: 0.0187, Train MSE: 0.0187, r (train): 0.9138, Test MSE: 0.1267, r (test): -0.3823
Epoch: 29, Training Loss: 0.0224, Train MSE: 0.0224, r (train): 0.9262, Test MSE: 0.1402, r (test): -0.4106
Epoch: 30, Training Loss: 0.0195, Train MSE: 0.0195, r (train): 0.9541, Test MSE: 0.1327, r (test): -0.2060
Epoch: 31, Training Loss: 0.0438, Train MSE: 0.0438, r (train): 0.9474, Test MSE: 0.1573, r (test): -0.2433
Epoch: 32, Training Loss: 0.0918, Train MSE: 0.0918, r (train): 0.9458, Test MSE: 0.1961, r (test): -0.1830
Epoch: 33, Training Loss: 0.0789, Train MSE: 0.0789, r (train): 0.9240, Test MSE: 0.1787, r (test): -0.2023
Epoch: 34, Training Loss: 0.0332, Train MSE: 0.0332, r (train): 0.9363, Test MSE: 0.1445, r (test): -0.3041
Epoch: 35, Training Loss: 0.0306, Train MSE: 0.0306, r (train): 0.9143, Test MSE: 0.1355, r (test): -0.3212
Epoch: 36, Training Loss: 0.0129, Train MSE: 0.0129, r (train): 0.9258, Test MSE: 0.1291, r (test): -0.4464
Epoch: 37, Training Loss: 0.0139, Train MSE: 0.0139, r (train): 0.9241, Test MSE: 0.1193, r (test): -0.2937
Epoch: 38, Training Loss: 0.0544, Train MSE: 0.0544, r (train): 0.9294, Test MSE: 0.1517, r (test): -0.2211
Epoch: 39, Training Loss: 0.0796, Train MSE: 0.0796, r (train): 0.9269, Test MSE: 0.1713, r (test): -0.0580
Epoch: 40, Training Loss: 0.0674, Train MSE: 0.0674, r (train): 0.9299, Test MSE: 0.1814, r (test): -0.4637
Epoch: 41, Training Loss: 0.0231, Train MSE: 0.0231, r (train): 0.9192, Test MSE: 0.1386, r (test): -0.4525
Epoch: 42, Training Loss: 0.0168, Train MSE: 0.0168, r (train): 0.9426, Test MSE: 0.1261, r (test): -0.3216
Epoch: 43, Training Loss: 0.0120, Train MSE: 0.0120, r (train): 0.9285, Test MSE: 0.1279, r (test): -0.4366
Epoch: 44, Training Loss: 0.0145, Train MSE: 0.0145, r (train): 0.9149, Test MSE: 0.1199, r (test): -0.3926
Epoch: 45, Training Loss: 0.0203, Train MSE: 0.0203, r (train): 0.9062, Test MSE: 0.1238, r (test): -0.3670
Epoch: 46, Training Loss: 0.0230, Train MSE: 0.0230, r (train): 0.8906, Test MSE: 0.1271, r (test): -0.4009
Epoch: 47, Training Loss: 0.0149, Train MSE: 0.0149, r (train): 0.8929, Test MSE: 0.1230, r (test): -0.3829
Epoch: 48, Training Loss: 0.0294, Train MSE: 0.0294, r (train): 0.8736, Test MSE: 0.1360, r (test): -0.3413
Epoch: 49, Training Loss: 0.0628, Train MSE: 0.0628, r (train): 0.8908, Test MSE: 0.1791, r (test): -0.3002
Epoch: 50, Training Loss: 0.0320, Train MSE: 0.0320, r (train): 0.9275, Test MSE: 0.1544, r (test): -0.4485
Epoch: 51, Training Loss: 0.0118, Train MSE: 0.0118, r (train): 0.9358, Test MSE: 0.1358, r (test): -0.4118
Epoch: 52, Training Loss: 0.0111, Train MSE: 0.0111, r (train): 0.9267, Test MSE: 0.1287, r (test): -0.3588
Epoch: 53, Training Loss: 0.0127, Train MSE: 0.0127, r (train): 0.9275, Test MSE: 0.1235, r (test): -0.2788
Epoch: 54, Training Loss: 0.0236, Train MSE: 0.0236, r (train): 0.9194, Test MSE: 0.1303, r (test): -0.2343
Epoch: 55, Training Loss: 0.0394, Train MSE: 0.0394, r (train): 0.9271, Test MSE: 0.1593, r (test): -0.3821
Epoch: 56, Training Loss: 0.0842, Train MSE: 0.0842, r (train): 0.9183, Test MSE: 0.2077, r (test): -0.3980
Epoch: 57, Training Loss: 0.0836, Train MSE: 0.0836, r (train): 0.9145, Test MSE: 0.2067, r (test): -0.4652
Epoch: 58, Training Loss: 0.0536, Train MSE: 0.0536, r (train): 0.9260, Test MSE: 0.1803, r (test): -0.4283
Epoch: 59, Training Loss: 0.0580, Train MSE: 0.0580, r (train): 0.9326, Test MSE: 0.1867, r (test): -0.4891
Epoch: 60, Training Loss: 0.0310, Train MSE: 0.0310, r (train): 0.9279, Test MSE: 0.1494, r (test): -0.4130
Epoch: 61, Training Loss: 0.0172, Train MSE: 0.0172, r (train): 0.9017, Test MSE: 0.1189, r (test): -0.3911
Epoch: 62, Training Loss: 0.0173, Train MSE: 0.0173, r (train): 0.9093, Test MSE: 0.1229, r (test): -0.3217
Epoch: 63, Training Loss: 0.0195, Train MSE: 0.0195, r (train): 0.9080, Test MSE: 0.1231, r (test): -0.2638
Epoch: 64, Training Loss: 0.0262, Train MSE: 0.0262, r (train): 0.8836, Test MSE: 0.1371, r (test): -0.3115
Epoch: 65, Training Loss: 0.0289, Train MSE: 0.0289, r (train): 0.9042, Test MSE: 0.1503, r (test): -0.3660
Epoch: 66, Training Loss: 0.0138, Train MSE: 0.0138, r (train): 0.9360, Test MSE: 0.1300, r (test): -0.3113
Epoch: 67, Training Loss: 0.0119, Train MSE: 0.0119, r (train): 0.9301, Test MSE: 0.1318, r (test): -0.2849
Epoch: 68, Training Loss: 0.0300, Train MSE: 0.0300, r (train): 0.9396, Test MSE: 0.1461, r (test): -0.3363
Epoch: 69, Training Loss: 0.0295, Train MSE: 0.0295, r (train): 0.9390, Test MSE: 0.1589, r (test): -0.4500
Epoch: 70, Training Loss: 0.0397, Train MSE: 0.0397, r (train): 0.9355, Test MSE: 0.1552, r (test): -0.3330
Epoch: 71, Training Loss: 0.0452, Train MSE: 0.0452, r (train): 0.9296, Test MSE: 0.1710, r (test): -0.3654
Epoch: 72, Training Loss: 0.0245, Train MSE: 0.0245, r (train): 0.9338, Test MSE: 0.1356, r (test): -0.3209
Epoch: 73, Training Loss: 0.0174, Train MSE: 0.0174, r (train): 0.9347, Test MSE: 0.1394, r (test): -0.4232
Epoch: 74, Training Loss: 0.0203, Train MSE: 0.0203, r (train): 0.9161, Test MSE: 0.1335, r (test): -0.3838
Epoch: 75, Training Loss: 0.0220, Train MSE: 0.0220, r (train): 0.9111, Test MSE: 0.1455, r (test): -0.4656
Epoch: 76, Training Loss: 0.0254, Train MSE: 0.0254, r (train): 0.8939, Test MSE: 0.1413, r (test): -0.3452
Epoch: 77, Training Loss: 0.0211, Train MSE: 0.0211, r (train): 0.8882, Test MSE: 0.1452, r (test): -0.4709
Epoch: 78, Training Loss: 0.0130, Train MSE: 0.0130, r (train): 0.9031, Test MSE: 0.1369, r (test): -0.4483
Epoch: 79, Training Loss: 0.0141, Train MSE: 0.0141, r (train): 0.9156, Test MSE: 0.1341, r (test): -0.3740
Epoch: 80, Training Loss: 0.0429, Train MSE: 0.0429, r (train): 0.9274, Test MSE: 0.1472, r (test): -0.2171
Epoch: 81, Training Loss: 0.0324, Train MSE: 0.0324, r (train): 0.9471, Test MSE: 0.1417, r (test): -0.2864
Epoch: 82, Training Loss: 0.0211, Train MSE: 0.0211, r (train): 0.9497, Test MSE: 0.1388, r (test): -0.4785
Epoch: 83, Training Loss: 0.0135, Train MSE: 0.0135, r (train): 0.9384, Test MSE: 0.1139, r (test): -0.3529
Epoch: 84, Training Loss: 0.0233, Train MSE: 0.0233, r (train): 0.9079, Test MSE: 0.1197, r (test): -0.4284
Epoch: 85, Training Loss: 0.0160, Train MSE: 0.0160, r (train): 0.9039, Test MSE: 0.1290, r (test): -0.3051
Epoch: 86, Training Loss: 0.0117, Train MSE: 0.0117, r (train): 0.9296, Test MSE: 0.1394, r (test): -0.3564
Epoch: 87, Training Loss: 0.0092, Train MSE: 0.0092, r (train): 0.9327, Test MSE: 0.1356, r (test): -0.3803
Epoch: 88, Training Loss: 0.0221, Train MSE: 0.0221, r (train): 0.9538, Test MSE: 0.1302, r (test): -0.2916
Epoch: 89, Training Loss: 0.0222, Train MSE: 0.0222, r (train): 0.9484, Test MSE: 0.1140, r (test): -0.1532
Epoch: 90, Training Loss: 0.0122, Train MSE: 0.0122, r (train): 0.9317, Test MSE: 0.1159, r (test): -0.2814
Epoch: 91, Training Loss: 0.0236, Train MSE: 0.0236, r (train): 0.9342, Test MSE: 0.1187, r (test): -0.3832
Epoch: 92, Training Loss: 0.0317, Train MSE: 0.0317, r (train): 0.9215, Test MSE: 0.1373, r (test): -0.4218
Epoch: 93, Training Loss: 0.0134, Train MSE: 0.0134, r (train): 0.9206, Test MSE: 0.1222, r (test): -0.3368
Epoch: 94, Training Loss: 0.0151, Train MSE: 0.0151, r (train): 0.9305, Test MSE: 0.1201, r (test): -0.1923
Epoch: 95, Training Loss: 0.0134, Train MSE: 0.0134, r (train): 0.9416, Test MSE: 0.1154, r (test): -0.1877
Epoch: 96, Training Loss: 0.0092, Train MSE: 0.0092, r (train): 0.9620, Test MSE: 0.1132, r (test): -0.2445
Epoch: 97, Training Loss: 0.0099, Train MSE: 0.0099, r (train): 0.9497, Test MSE: 0.1131, r (test): -0.2080
Epoch: 98, Training Loss: 0.0251, Train MSE: 0.0251, r (train): 0.9350, Test MSE: 0.1276, r (test): -0.3268
Epoch: 99, Training Loss: 0.0243, Train MSE: 0.0243, r (train): 0.9470, Test MSE: 0.1319, r (test): -0.2904
Predicted tensors for training set: 
tensor([ 0.4893,  0.4305,  0.0711,  0.3669,  0.3455,  0.3223,  0.5976,  0.4902,
         0.7097,  0.5805,  0.5156,  0.3575, -0.0628,  0.0251,  0.6060,  0.4926,
         0.1581,  0.3961,  0.0993, -0.2292,  0.2864,  0.1743,  0.2786, -0.0957,
         0.2177,  0.2023,  0.3444,  0.5200,  0.7419,  0.6653,  0.4134,  0.7657,
         0.2261,  0.8212,  0.8490,  0.0343,  0.1227,  0.0102,  0.3478,  0.0529,
         0.3961,  0.5817,  0.8162,  0.6412,  0.3871,  0.1815,  0.7251,  0.1233,
         0.1632,  0.7148,  0.4790,  0.0687,  0.7829,  0.1919,  0.5801,  0.6475,
         0.5843,  0.5097,  0.1842,  0.6022,  0.7683,  0.5814,  0.7056,  0.4487,
         0.6668,  0.6643,  0.4544,  0.4154,  0.3352,  0.7603,  0.9511,  0.7365])
Target tensorsfor training set: 
tensor([0.5783, 0.5573, 0.1055, 0.4149, 0.4993, 0.4654, 0.7497, 0.6465, 0.8561,
        0.7171, 0.7507, 0.5178, 0.2271, 0.1493, 0.9127, 0.8524, 0.4513, 0.7144,
        0.3077, 0.0389, 0.5187, 0.4640, 0.5564, 0.0981, 0.4341, 0.4526, 0.5780,
        0.6240, 0.9150, 0.9117, 0.5658, 0.8363, 0.2464, 0.9072, 0.9621, 0.0246,
        0.1218, 0.0636, 0.4036, 0.1294, 0.5023, 0.7462, 0.8988, 0.7596, 0.5102,
        0.2916, 0.8418, 0.2594, 0.2394, 0.8556, 0.6576, 0.1360, 0.9215, 0.2649,
        0.6595, 0.7372, 0.6846, 0.6199, 0.2169, 0.6577, 0.8728, 0.6671, 0.8391,
        0.5300, 0.7270, 0.7125, 0.5220, 0.4440, 0.3829, 0.7901, 0.9535, 0.7371])
Correlation for training set: 0.9469744673276568
Predicted tensors for test set: 
tensor([0.1844, 0.2801, 0.5080, 0.3309, 0.3838, 0.3400, 0.4264, 0.4459, 0.3795,
        0.3049, 0.5963, 0.3055, 0.3047, 0.4552, 0.4852, 0.4158, 0.3661, 0.3090])
Target tensors for test set: 
tensor([0.7791, 0.2255, 0.9656, 0.3174, 0.1295, 0.4818, 0.0763, 0.3453, 0.5779,
        0.7950, 0.0478, 0.8411, 0.8453, 0.6992, 0.5719, 0.3309, 0.9492, 0.4373])
Correlation for test set: -0.29039973410032494
Fold 4
Epoch: 00, Training Loss: 0.0803, Train MSE: 0.0803, r (train): 0.1417, Test MSE: 0.1180, r (test): 0.4207
Epoch: 01, Training Loss: 0.0812, Train MSE: 0.0812, r (train): 0.2472, Test MSE: 0.1220, r (test): 0.3991
Epoch: 02, Training Loss: 0.0787, Train MSE: 0.0787, r (train): 0.3044, Test MSE: 0.1202, r (test): 0.3903
Epoch: 03, Training Loss: 0.0766, Train MSE: 0.0766, r (train): 0.3758, Test MSE: 0.1188, r (test): 0.4108
Epoch: 04, Training Loss: 0.0748, Train MSE: 0.0748, r (train): 0.4268, Test MSE: 0.1170, r (test): 0.4233
Epoch: 05, Training Loss: 0.0741, Train MSE: 0.0741, r (train): 0.4746, Test MSE: 0.1177, r (test): 0.4244
Epoch: 06, Training Loss: 0.0723, Train MSE: 0.0723, r (train): 0.5300, Test MSE: 0.1161, r (test): 0.4110
Epoch: 07, Training Loss: 0.0704, Train MSE: 0.0704, r (train): 0.5851, Test MSE: 0.1152, r (test): 0.4290
Epoch: 08, Training Loss: 0.0689, Train MSE: 0.0689, r (train): 0.6383, Test MSE: 0.1155, r (test): 0.4221
Epoch: 09, Training Loss: 0.0666, Train MSE: 0.0666, r (train): 0.6862, Test MSE: 0.1141, r (test): 0.4380
Epoch: 10, Training Loss: 0.0644, Train MSE: 0.0644, r (train): 0.7328, Test MSE: 0.1140, r (test): 0.4358
Epoch: 11, Training Loss: 0.0627, Train MSE: 0.0627, r (train): 0.7639, Test MSE: 0.1140, r (test): 0.4310
Epoch: 12, Training Loss: 0.0594, Train MSE: 0.0594, r (train): 0.8052, Test MSE: 0.1129, r (test): 0.4299
Epoch: 13, Training Loss: 0.0543, Train MSE: 0.0543, r (train): 0.8313, Test MSE: 0.1099, r (test): 0.4343
Epoch: 14, Training Loss: 0.0497, Train MSE: 0.0497, r (train): 0.8682, Test MSE: 0.1094, r (test): 0.4245
Epoch: 15, Training Loss: 0.0430, Train MSE: 0.0430, r (train): 0.8847, Test MSE: 0.1028, r (test): 0.3990
Epoch: 16, Training Loss: 0.0327, Train MSE: 0.0327, r (train): 0.9109, Test MSE: 0.1003, r (test): 0.3892
Epoch: 17, Training Loss: 0.0244, Train MSE: 0.0244, r (train): 0.9242, Test MSE: 0.0924, r (test): 0.3978
Epoch: 18, Training Loss: 0.0240, Train MSE: 0.0240, r (train): 0.9287, Test MSE: 0.1070, r (test): 0.3135
Epoch: 19, Training Loss: 0.0202, Train MSE: 0.0202, r (train): 0.9378, Test MSE: 0.1031, r (test): 0.3371
Epoch: 20, Training Loss: 0.0194, Train MSE: 0.0194, r (train): 0.9259, Test MSE: 0.0995, r (test): 0.3432
Epoch: 21, Training Loss: 0.0246, Train MSE: 0.0246, r (train): 0.9309, Test MSE: 0.1107, r (test): 0.3430
Epoch: 22, Training Loss: 0.0530, Train MSE: 0.0530, r (train): 0.9351, Test MSE: 0.1465, r (test): 0.3855
Epoch: 23, Training Loss: 0.0248, Train MSE: 0.0248, r (train): 0.9369, Test MSE: 0.1043, r (test): 0.3528
Epoch: 24, Training Loss: 0.0080, Train MSE: 0.0080, r (train): 0.9405, Test MSE: 0.0761, r (test): 0.4118
Epoch: 25, Training Loss: 0.0411, Train MSE: 0.0411, r (train): 0.9487, Test MSE: 0.1345, r (test): 0.3453
Epoch: 26, Training Loss: 0.0637, Train MSE: 0.0637, r (train): 0.9604, Test MSE: 0.1715, r (test): 0.3376
Epoch: 27, Training Loss: 0.0492, Train MSE: 0.0492, r (train): 0.9616, Test MSE: 0.1463, r (test): 0.3950
Epoch: 28, Training Loss: 0.0471, Train MSE: 0.0471, r (train): 0.9481, Test MSE: 0.1340, r (test): 0.4697
Epoch: 29, Training Loss: 0.0739, Train MSE: 0.0739, r (train): 0.9303, Test MSE: 0.1935, r (test): 0.2726
Epoch: 30, Training Loss: 0.0295, Train MSE: 0.0295, r (train): 0.9092, Test MSE: 0.1316, r (test): 0.0793
Epoch: 31, Training Loss: 0.0138, Train MSE: 0.0138, r (train): 0.9387, Test MSE: 0.0834, r (test): 0.2763
Epoch: 32, Training Loss: 0.0079, Train MSE: 0.0079, r (train): 0.9490, Test MSE: 0.0824, r (test): 0.3651
Epoch: 33, Training Loss: 0.0158, Train MSE: 0.0158, r (train): 0.9476, Test MSE: 0.0929, r (test): 0.4168
Epoch: 34, Training Loss: 0.0437, Train MSE: 0.0437, r (train): 0.9462, Test MSE: 0.1271, r (test): 0.4885
Epoch: 35, Training Loss: 0.0924, Train MSE: 0.0924, r (train): 0.9468, Test MSE: 0.1936, r (test): 0.4588
Epoch: 36, Training Loss: 0.0786, Train MSE: 0.0786, r (train): 0.9179, Test MSE: 0.1855, r (test): 0.4376
Epoch: 37, Training Loss: 0.0116, Train MSE: 0.0116, r (train): 0.9454, Test MSE: 0.0991, r (test): 0.2405
Epoch: 38, Training Loss: 0.0092, Train MSE: 0.0092, r (train): 0.9538, Test MSE: 0.0929, r (test): 0.3652
Epoch: 39, Training Loss: 0.0202, Train MSE: 0.0202, r (train): 0.9512, Test MSE: 0.1000, r (test): 0.5183
Epoch: 40, Training Loss: 0.0567, Train MSE: 0.0567, r (train): 0.9387, Test MSE: 0.1458, r (test): 0.4643
Epoch: 41, Training Loss: 0.0122, Train MSE: 0.0122, r (train): 0.9391, Test MSE: 0.0980, r (test): 0.3405
Epoch: 42, Training Loss: 0.0067, Train MSE: 0.0067, r (train): 0.9500, Test MSE: 0.0771, r (test): 0.4515
Epoch: 43, Training Loss: 0.0115, Train MSE: 0.0115, r (train): 0.9534, Test MSE: 0.0842, r (test): 0.4906
Epoch: 44, Training Loss: 0.0204, Train MSE: 0.0204, r (train): 0.9303, Test MSE: 0.0968, r (test): 0.5155
Epoch: 45, Training Loss: 0.0135, Train MSE: 0.0135, r (train): 0.9144, Test MSE: 0.0909, r (test): 0.3433
Epoch: 46, Training Loss: 0.0181, Train MSE: 0.0181, r (train): 0.9006, Test MSE: 0.0755, r (test): 0.3704
Epoch: 47, Training Loss: 0.0269, Train MSE: 0.0269, r (train): 0.8898, Test MSE: 0.0647, r (test): 0.5513
Epoch: 48, Training Loss: 0.0130, Train MSE: 0.0130, r (train): 0.9293, Test MSE: 0.0587, r (test): 0.6126
Epoch: 49, Training Loss: 0.0327, Train MSE: 0.0327, r (train): 0.8958, Test MSE: 0.0649, r (test): 0.5515
Epoch: 50, Training Loss: 0.0281, Train MSE: 0.0281, r (train): 0.9000, Test MSE: 0.0622, r (test): 0.5692
Epoch: 51, Training Loss: 0.0381, Train MSE: 0.0381, r (train): 0.8721, Test MSE: 0.0680, r (test): 0.5262
Epoch: 52, Training Loss: 0.0266, Train MSE: 0.0266, r (train): 0.8690, Test MSE: 0.0686, r (test): 0.4700
Epoch: 53, Training Loss: 0.0318, Train MSE: 0.0318, r (train): 0.8301, Test MSE: 0.0676, r (test): 0.4877
Epoch: 54, Training Loss: 0.0253, Train MSE: 0.0253, r (train): 0.8337, Test MSE: 0.0663, r (test): 0.4970
Epoch: 55, Training Loss: 0.0252, Train MSE: 0.0252, r (train): 0.8368, Test MSE: 0.0706, r (test): 0.4354
Epoch: 56, Training Loss: 0.0261, Train MSE: 0.0261, r (train): 0.8687, Test MSE: 0.0737, r (test): 0.3911
Epoch: 57, Training Loss: 0.0193, Train MSE: 0.0193, r (train): 0.8710, Test MSE: 0.0767, r (test): 0.3591
Epoch: 58, Training Loss: 0.0386, Train MSE: 0.0386, r (train): 0.9022, Test MSE: 0.1328, r (test): 0.3736
Epoch: 59, Training Loss: 0.0829, Train MSE: 0.0829, r (train): 0.9218, Test MSE: 0.2029, r (test): 0.4063
Epoch: 60, Training Loss: 0.0618, Train MSE: 0.0618, r (train): 0.9137, Test MSE: 0.1592, r (test): 0.4377
Epoch: 61, Training Loss: 0.0315, Train MSE: 0.0315, r (train): 0.8975, Test MSE: 0.1111, r (test): 0.4353
Epoch: 62, Training Loss: 0.0450, Train MSE: 0.0450, r (train): 0.9144, Test MSE: 0.1394, r (test): 0.3877
Epoch: 63, Training Loss: 0.0553, Train MSE: 0.0553, r (train): 0.9093, Test MSE: 0.1515, r (test): 0.4200
Epoch: 64, Training Loss: 0.0509, Train MSE: 0.0509, r (train): 0.9115, Test MSE: 0.1432, r (test): 0.4271
Epoch: 65, Training Loss: 0.0220, Train MSE: 0.0220, r (train): 0.9166, Test MSE: 0.1017, r (test): 0.4310
Epoch: 66, Training Loss: 0.0108, Train MSE: 0.0108, r (train): 0.9290, Test MSE: 0.0772, r (test): 0.4560
Epoch: 67, Training Loss: 0.0157, Train MSE: 0.0157, r (train): 0.9236, Test MSE: 0.0698, r (test): 0.4847
Epoch: 68, Training Loss: 0.0323, Train MSE: 0.0323, r (train): 0.9262, Test MSE: 0.0656, r (test): 0.6026
Epoch: 69, Training Loss: 0.0466, Train MSE: 0.0466, r (train): 0.9379, Test MSE: 0.0671, r (test): 0.6548
Epoch: 70, Training Loss: 0.0287, Train MSE: 0.0287, r (train): 0.9088, Test MSE: 0.0652, r (test): 0.6002
Epoch: 71, Training Loss: 0.0077, Train MSE: 0.0077, r (train): 0.9532, Test MSE: 0.0776, r (test): 0.4017
Epoch: 72, Training Loss: 0.0135, Train MSE: 0.0135, r (train): 0.9539, Test MSE: 0.0995, r (test): 0.4860
Epoch: 73, Training Loss: 0.0409, Train MSE: 0.0409, r (train): 0.9630, Test MSE: 0.1386, r (test): 0.4801
Epoch: 74, Training Loss: 0.0233, Train MSE: 0.0233, r (train): 0.9705, Test MSE: 0.1110, r (test): 0.5351
Epoch: 75, Training Loss: 0.0074, Train MSE: 0.0074, r (train): 0.9543, Test MSE: 0.0761, r (test): 0.4957
Epoch: 76, Training Loss: 0.0145, Train MSE: 0.0145, r (train): 0.9537, Test MSE: 0.0699, r (test): 0.4431
Epoch: 77, Training Loss: 0.0197, Train MSE: 0.0197, r (train): 0.9486, Test MSE: 0.0624, r (test): 0.5924
Epoch: 78, Training Loss: 0.0162, Train MSE: 0.0162, r (train): 0.9179, Test MSE: 0.0751, r (test): 0.4037
Epoch: 79, Training Loss: 0.0054, Train MSE: 0.0054, r (train): 0.9623, Test MSE: 0.0773, r (test): 0.5117
Epoch: 80, Training Loss: 0.0202, Train MSE: 0.0202, r (train): 0.9716, Test MSE: 0.1140, r (test): 0.5203
Epoch: 81, Training Loss: 0.0233, Train MSE: 0.0233, r (train): 0.9738, Test MSE: 0.1131, r (test): 0.5470
Epoch: 82, Training Loss: 0.0058, Train MSE: 0.0058, r (train): 0.9586, Test MSE: 0.0728, r (test): 0.4798
Epoch: 83, Training Loss: 0.0194, Train MSE: 0.0194, r (train): 0.9527, Test MSE: 0.0697, r (test): 0.4475
Epoch: 84, Training Loss: 0.0181, Train MSE: 0.0181, r (train): 0.9605, Test MSE: 0.0628, r (test): 0.5581
Epoch: 85, Training Loss: 0.0092, Train MSE: 0.0092, r (train): 0.9534, Test MSE: 0.0689, r (test): 0.5092
Epoch: 86, Training Loss: 0.0081, Train MSE: 0.0081, r (train): 0.9620, Test MSE: 0.0850, r (test): 0.4604
Epoch: 87, Training Loss: 0.0175, Train MSE: 0.0175, r (train): 0.9712, Test MSE: 0.1050, r (test): 0.4564
Epoch: 88, Training Loss: 0.0058, Train MSE: 0.0058, r (train): 0.9692, Test MSE: 0.0888, r (test): 0.4364
Epoch: 89, Training Loss: 0.0162, Train MSE: 0.0162, r (train): 0.9694, Test MSE: 0.0743, r (test): 0.3871
Epoch: 90, Training Loss: 0.0321, Train MSE: 0.0321, r (train): 0.9493, Test MSE: 0.0709, r (test): 0.5061
Epoch: 91, Training Loss: 0.0121, Train MSE: 0.0121, r (train): 0.9496, Test MSE: 0.0637, r (test): 0.5395
Epoch: 92, Training Loss: 0.0047, Train MSE: 0.0047, r (train): 0.9681, Test MSE: 0.0679, r (test): 0.5316
Epoch: 93, Training Loss: 0.0116, Train MSE: 0.0116, r (train): 0.9767, Test MSE: 0.0905, r (test): 0.4647
Epoch: 94, Training Loss: 0.0079, Train MSE: 0.0079, r (train): 0.9696, Test MSE: 0.0832, r (test): 0.3945
Epoch: 95, Training Loss: 0.0080, Train MSE: 0.0080, r (train): 0.9552, Test MSE: 0.0699, r (test): 0.5056
Epoch: 96, Training Loss: 0.0127, Train MSE: 0.0127, r (train): 0.9621, Test MSE: 0.0648, r (test): 0.5609
Epoch: 97, Training Loss: 0.0137, Train MSE: 0.0137, r (train): 0.9500, Test MSE: 0.0699, r (test): 0.4806
Epoch: 98, Training Loss: 0.0107, Train MSE: 0.0107, r (train): 0.9430, Test MSE: 0.0657, r (test): 0.5877
Epoch: 99, Training Loss: 0.0060, Train MSE: 0.0060, r (train): 0.9580, Test MSE: 0.0689, r (test): 0.5803
Predicted tensors for training set: 
tensor([ 0.6685,  0.5762,  0.2323,  0.4225,  0.5391,  0.5755,  0.8091,  0.6829,
         0.9798,  0.8262,  0.8192,  0.5985,  0.2140,  0.1673,  0.9344,  0.9272,
         0.5329,  0.7629,  0.2451,  0.0709,  0.4777,  0.4739,  0.5637,  0.0842,
         0.5159,  0.3522,  0.5518,  0.6331,  0.8838,  0.8605,  0.5743,  0.7930,
         0.1557,  0.7948,  0.9071, -0.0115,  0.7245,  0.1551,  0.7880,  0.3626,
         0.0468,  0.4396,  0.1197,  0.4161,  0.6168,  0.7993,  0.1144,  0.9748,
         0.8961,  0.8047,  0.6421,  0.4953,  1.0443,  0.5578,  0.9217,  0.7898,
         0.6828,  0.7164,  0.2586,  0.6293,  0.8182,  0.5826,  0.7268,  0.4783,
         0.6538,  0.6254,  0.4883,  0.3917,  0.3690,  0.7618,  0.9755,  0.7794])
Target tensorsfor training set: 
tensor([0.5783, 0.5573, 0.1055, 0.4149, 0.4993, 0.4654, 0.7497, 0.6465, 0.8561,
        0.7171, 0.7507, 0.5178, 0.2271, 0.1493, 0.9127, 0.8524, 0.4513, 0.7144,
        0.3077, 0.0389, 0.5187, 0.4640, 0.5564, 0.0981, 0.4341, 0.4526, 0.5780,
        0.6240, 0.9150, 0.9117, 0.5658, 0.8363, 0.2464, 0.9072, 0.9621, 0.0246,
        0.7791, 0.2255, 0.9656, 0.3174, 0.1295, 0.4818, 0.0763, 0.3453, 0.5779,
        0.7950, 0.0478, 0.8411, 0.8453, 0.6992, 0.5719, 0.3309, 0.9492, 0.4373,
        0.6595, 0.7372, 0.6846, 0.6199, 0.2169, 0.6577, 0.8728, 0.6671, 0.8391,
        0.5300, 0.7270, 0.7125, 0.5220, 0.4440, 0.3829, 0.7901, 0.9535, 0.7371])
Correlation for training set: 0.9579995081478838
Predicted tensors for test set: 
tensor([0.4110, 0.4012, 0.5387, 0.6050, 0.5843, 0.5987, 0.5363, 0.7817, 0.6811,
        0.5268, 0.7311, 0.6577, 0.4726, 0.6260, 0.6662, 0.4998, 0.5512, 0.3455])
Target tensors for test set: 
tensor([0.1218, 0.0636, 0.4036, 0.1294, 0.5023, 0.7462, 0.8988, 0.7596, 0.5102,
        0.2916, 0.8418, 0.2594, 0.2394, 0.8556, 0.6576, 0.1360, 0.9215, 0.2649])
Correlation for test set: 0.5802826213055053
Fold 5
Epoch: 00, Training Loss: 0.0764, Train MSE: 0.0764, r (train): 0.2478, Test MSE: 0.0444, r (test): 0.5237
Epoch: 01, Training Loss: 0.0741, Train MSE: 0.0741, r (train): 0.3895, Test MSE: 0.0423, r (test): 0.4786
Epoch: 02, Training Loss: 0.0720, Train MSE: 0.0720, r (train): 0.4987, Test MSE: 0.0416, r (test): 0.4430
Epoch: 03, Training Loss: 0.0698, Train MSE: 0.0698, r (train): 0.5647, Test MSE: 0.0409, r (test): 0.4095
Epoch: 04, Training Loss: 0.0673, Train MSE: 0.0673, r (train): 0.6262, Test MSE: 0.0403, r (test): 0.4008
Epoch: 05, Training Loss: 0.0645, Train MSE: 0.0645, r (train): 0.6802, Test MSE: 0.0392, r (test): 0.3967
Epoch: 06, Training Loss: 0.0608, Train MSE: 0.0608, r (train): 0.7350, Test MSE: 0.0386, r (test): 0.3752
Epoch: 07, Training Loss: 0.0573, Train MSE: 0.0573, r (train): 0.7648, Test MSE: 0.0375, r (test): 0.3705
Epoch: 08, Training Loss: 0.0530, Train MSE: 0.0530, r (train): 0.8027, Test MSE: 0.0374, r (test): 0.3312
Epoch: 09, Training Loss: 0.0474, Train MSE: 0.0474, r (train): 0.8298, Test MSE: 0.0360, r (test): 0.3192
Epoch: 10, Training Loss: 0.0410, Train MSE: 0.0410, r (train): 0.8536, Test MSE: 0.0358, r (test): 0.3443
Epoch: 11, Training Loss: 0.0338, Train MSE: 0.0338, r (train): 0.8869, Test MSE: 0.0379, r (test): 0.3178
Epoch: 12, Training Loss: 0.0273, Train MSE: 0.0273, r (train): 0.9025, Test MSE: 0.0422, r (test): 0.2700
Epoch: 13, Training Loss: 0.0208, Train MSE: 0.0208, r (train): 0.9195, Test MSE: 0.0444, r (test): 0.2453
Epoch: 14, Training Loss: 0.0159, Train MSE: 0.0159, r (train): 0.9394, Test MSE: 0.0439, r (test): 0.2930
Epoch: 15, Training Loss: 0.0111, Train MSE: 0.0111, r (train): 0.9544, Test MSE: 0.0511, r (test): 0.2458
Epoch: 16, Training Loss: 0.0216, Train MSE: 0.0216, r (train): 0.9518, Test MSE: 0.0462, r (test): 0.2273
Epoch: 17, Training Loss: 0.0095, Train MSE: 0.0095, r (train): 0.9403, Test MSE: 0.0660, r (test): 0.1951
Epoch: 18, Training Loss: 0.0070, Train MSE: 0.0070, r (train): 0.9629, Test MSE: 0.0860, r (test): 0.1546
Epoch: 19, Training Loss: 0.0083, Train MSE: 0.0083, r (train): 0.9465, Test MSE: 0.0917, r (test): 0.0971
Epoch: 20, Training Loss: 0.0087, Train MSE: 0.0087, r (train): 0.9607, Test MSE: 0.0782, r (test): 0.0939
Epoch: 21, Training Loss: 0.0073, Train MSE: 0.0073, r (train): 0.9661, Test MSE: 0.0641, r (test): 0.2043
Epoch: 22, Training Loss: 0.0072, Train MSE: 0.0072, r (train): 0.9597, Test MSE: 0.0830, r (test): 0.1492
Epoch: 23, Training Loss: 0.0245, Train MSE: 0.0245, r (train): 0.9523, Test MSE: 0.0696, r (test): 0.1389
Epoch: 24, Training Loss: 0.0176, Train MSE: 0.0176, r (train): 0.9748, Test MSE: 0.0583, r (test): 0.1815
Epoch: 25, Training Loss: 0.0079, Train MSE: 0.0079, r (train): 0.9534, Test MSE: 0.0898, r (test): 0.0799
Epoch: 26, Training Loss: 0.0103, Train MSE: 0.0103, r (train): 0.9363, Test MSE: 0.0760, r (test): 0.1314
Epoch: 27, Training Loss: 0.0083, Train MSE: 0.0083, r (train): 0.9468, Test MSE: 0.0675, r (test): 0.2736
Epoch: 28, Training Loss: 0.0104, Train MSE: 0.0104, r (train): 0.9417, Test MSE: 0.0589, r (test): 0.2501
Epoch: 29, Training Loss: 0.0272, Train MSE: 0.0272, r (train): 0.9594, Test MSE: 0.1276, r (test): 0.1688
Epoch: 30, Training Loss: 0.0491, Train MSE: 0.0491, r (train): 0.9604, Test MSE: 0.1640, r (test): 0.2272
Epoch: 31, Training Loss: 0.0187, Train MSE: 0.0187, r (train): 0.9521, Test MSE: 0.1009, r (test): 0.2351
Epoch: 32, Training Loss: 0.0124, Train MSE: 0.0124, r (train): 0.9378, Test MSE: 0.0860, r (test): 0.1872
Epoch: 33, Training Loss: 0.0110, Train MSE: 0.0110, r (train): 0.9408, Test MSE: 0.0675, r (test): 0.2105
Epoch: 34, Training Loss: 0.0075, Train MSE: 0.0075, r (train): 0.9572, Test MSE: 0.0823, r (test): 0.1705
Epoch: 35, Training Loss: 0.0282, Train MSE: 0.0282, r (train): 0.9592, Test MSE: 0.1443, r (test): 0.1644
Epoch: 36, Training Loss: 0.0423, Train MSE: 0.0423, r (train): 0.9597, Test MSE: 0.1551, r (test): 0.2438
Epoch: 37, Training Loss: 0.0208, Train MSE: 0.0208, r (train): 0.9715, Test MSE: 0.1228, r (test): 0.2011
Epoch: 38, Training Loss: 0.0107, Train MSE: 0.0107, r (train): 0.9542, Test MSE: 0.0890, r (test): 0.2155
Epoch: 39, Training Loss: 0.0098, Train MSE: 0.0098, r (train): 0.9457, Test MSE: 0.0925, r (test): 0.1575
Epoch: 40, Training Loss: 0.0217, Train MSE: 0.0217, r (train): 0.9522, Test MSE: 0.1301, r (test): 0.1399
Epoch: 41, Training Loss: 0.0503, Train MSE: 0.0503, r (train): 0.9479, Test MSE: 0.1659, r (test): 0.1496
Epoch: 42, Training Loss: 0.0462, Train MSE: 0.0462, r (train): 0.9631, Test MSE: 0.1686, r (test): 0.1293
Epoch: 43, Training Loss: 0.0173, Train MSE: 0.0173, r (train): 0.9560, Test MSE: 0.1036, r (test): 0.2205
Epoch: 44, Training Loss: 0.0229, Train MSE: 0.0229, r (train): 0.9504, Test MSE: 0.1283, r (test): 0.1884
Epoch: 45, Training Loss: 0.0363, Train MSE: 0.0363, r (train): 0.9512, Test MSE: 0.1508, r (test): 0.2727
Epoch: 46, Training Loss: 0.0528, Train MSE: 0.0528, r (train): 0.9302, Test MSE: 0.1779, r (test): 0.2438
Epoch: 47, Training Loss: 0.0250, Train MSE: 0.0250, r (train): 0.9423, Test MSE: 0.1227, r (test): 0.2475
Epoch: 48, Training Loss: 0.0231, Train MSE: 0.0231, r (train): 0.9440, Test MSE: 0.1366, r (test): 0.1166
Epoch: 49, Training Loss: 0.0105, Train MSE: 0.0105, r (train): 0.9408, Test MSE: 0.0891, r (test): 0.1366
Epoch: 50, Training Loss: 0.0151, Train MSE: 0.0151, r (train): 0.9182, Test MSE: 0.0875, r (test): 0.2760
Epoch: 51, Training Loss: 0.0117, Train MSE: 0.0117, r (train): 0.9241, Test MSE: 0.0641, r (test): 0.2828
Epoch: 52, Training Loss: 0.0192, Train MSE: 0.0192, r (train): 0.8715, Test MSE: 0.0816, r (test): 0.0946
Epoch: 53, Training Loss: 0.0260, Train MSE: 0.0260, r (train): 0.9164, Test MSE: 0.0485, r (test): 0.2526
Epoch: 54, Training Loss: 0.0348, Train MSE: 0.0348, r (train): 0.9369, Test MSE: 0.0632, r (test): 0.2380
Epoch: 55, Training Loss: 0.0349, Train MSE: 0.0349, r (train): 0.9292, Test MSE: 0.0504, r (test): 0.3059
Epoch: 56, Training Loss: 0.0292, Train MSE: 0.0292, r (train): 0.9295, Test MSE: 0.0651, r (test): 0.2591
Epoch: 57, Training Loss: 0.0277, Train MSE: 0.0277, r (train): 0.9331, Test MSE: 0.0540, r (test): 0.2969
Epoch: 58, Training Loss: 0.0354, Train MSE: 0.0354, r (train): 0.9201, Test MSE: 0.0520, r (test): 0.2781
Epoch: 59, Training Loss: 0.0428, Train MSE: 0.0428, r (train): 0.9007, Test MSE: 0.0489, r (test): 0.2798
Epoch: 60, Training Loss: 0.0126, Train MSE: 0.0126, r (train): 0.9267, Test MSE: 0.0632, r (test): 0.1855
Epoch: 61, Training Loss: 0.0300, Train MSE: 0.0300, r (train): 0.9341, Test MSE: 0.0554, r (test): 0.2147
Epoch: 62, Training Loss: 0.0146, Train MSE: 0.0146, r (train): 0.9169, Test MSE: 0.0777, r (test): 0.2176
Epoch: 63, Training Loss: 0.0218, Train MSE: 0.0218, r (train): 0.9258, Test MSE: 0.1098, r (test): 0.1984
Epoch: 64, Training Loss: 0.0218, Train MSE: 0.0218, r (train): 0.9098, Test MSE: 0.1009, r (test): 0.1404
Epoch: 65, Training Loss: 0.0267, Train MSE: 0.0267, r (train): 0.9025, Test MSE: 0.1243, r (test): 0.1371
Epoch: 66, Training Loss: 0.0724, Train MSE: 0.0724, r (train): 0.8576, Test MSE: 0.2114, r (test): 0.0583
Epoch: 67, Training Loss: 0.0869, Train MSE: 0.0869, r (train): 0.8701, Test MSE: 0.2306, r (test): 0.0310
Epoch: 68, Training Loss: 0.0393, Train MSE: 0.0393, r (train): 0.9155, Test MSE: 0.1666, r (test): 0.0564
Epoch: 69, Training Loss: 0.0220, Train MSE: 0.0220, r (train): 0.9322, Test MSE: 0.1300, r (test): 0.1261
Epoch: 70, Training Loss: 0.0089, Train MSE: 0.0089, r (train): 0.9461, Test MSE: 0.0787, r (test): 0.1971
Epoch: 71, Training Loss: 0.0341, Train MSE: 0.0341, r (train): 0.9310, Test MSE: 0.0597, r (test): 0.2094
Epoch: 72, Training Loss: 0.0092, Train MSE: 0.0092, r (train): 0.9581, Test MSE: 0.0654, r (test): 0.2280
Epoch: 73, Training Loss: 0.0118, Train MSE: 0.0118, r (train): 0.9548, Test MSE: 0.0999, r (test): 0.2022
Epoch: 74, Training Loss: 0.0369, Train MSE: 0.0369, r (train): 0.9602, Test MSE: 0.1642, r (test): 0.0935
Epoch: 75, Training Loss: 0.0331, Train MSE: 0.0331, r (train): 0.9302, Test MSE: 0.1613, r (test): 0.0440
Epoch: 76, Training Loss: 0.0131, Train MSE: 0.0131, r (train): 0.9446, Test MSE: 0.1159, r (test): 0.1990
Epoch: 77, Training Loss: 0.0071, Train MSE: 0.0071, r (train): 0.9570, Test MSE: 0.0697, r (test): 0.1871
Epoch: 78, Training Loss: 0.0167, Train MSE: 0.0167, r (train): 0.9605, Test MSE: 0.0619, r (test): 0.1618
Epoch: 79, Training Loss: 0.0100, Train MSE: 0.0100, r (train): 0.9629, Test MSE: 0.0693, r (test): 0.1336
Epoch: 80, Training Loss: 0.0103, Train MSE: 0.0103, r (train): 0.9497, Test MSE: 0.0941, r (test): 0.1564
Epoch: 81, Training Loss: 0.0364, Train MSE: 0.0364, r (train): 0.9560, Test MSE: 0.1578, r (test): 0.1716
Epoch: 82, Training Loss: 0.0233, Train MSE: 0.0233, r (train): 0.9608, Test MSE: 0.1436, r (test): 0.1197
Epoch: 83, Training Loss: 0.0075, Train MSE: 0.0075, r (train): 0.9633, Test MSE: 0.0819, r (test): 0.1695
Epoch: 84, Training Loss: 0.0155, Train MSE: 0.0155, r (train): 0.9493, Test MSE: 0.0741, r (test): 0.1135
Epoch: 85, Training Loss: 0.0126, Train MSE: 0.0126, r (train): 0.9409, Test MSE: 0.0743, r (test): 0.1804
Epoch: 86, Training Loss: 0.0138, Train MSE: 0.0138, r (train): 0.9553, Test MSE: 0.1103, r (test): 0.1223
Epoch: 87, Training Loss: 0.0279, Train MSE: 0.0279, r (train): 0.9473, Test MSE: 0.1395, r (test): 0.0871
Epoch: 88, Training Loss: 0.0296, Train MSE: 0.0296, r (train): 0.9463, Test MSE: 0.1534, r (test): 0.0825
Epoch: 89, Training Loss: 0.0082, Train MSE: 0.0082, r (train): 0.9651, Test MSE: 0.1048, r (test): 0.2302
Epoch: 90, Training Loss: 0.0151, Train MSE: 0.0151, r (train): 0.9474, Test MSE: 0.0709, r (test): 0.2310
Epoch: 91, Training Loss: 0.0079, Train MSE: 0.0079, r (train): 0.9614, Test MSE: 0.0692, r (test): 0.2469
Epoch: 92, Training Loss: 0.0155, Train MSE: 0.0155, r (train): 0.9323, Test MSE: 0.1132, r (test): 0.0572
Epoch: 93, Training Loss: 0.0298, Train MSE: 0.0298, r (train): 0.9475, Test MSE: 0.1499, r (test): 0.1719
Epoch: 94, Training Loss: 0.0144, Train MSE: 0.0144, r (train): 0.9615, Test MSE: 0.1155, r (test): 0.2517
Epoch: 95, Training Loss: 0.0062, Train MSE: 0.0062, r (train): 0.9648, Test MSE: 0.0808, r (test): 0.2089
Epoch: 96, Training Loss: 0.0151, Train MSE: 0.0151, r (train): 0.9643, Test MSE: 0.0656, r (test): 0.2163
Epoch: 97, Training Loss: 0.0077, Train MSE: 0.0077, r (train): 0.9527, Test MSE: 0.0709, r (test): 0.2290
Epoch: 98, Training Loss: 0.0158, Train MSE: 0.0158, r (train): 0.9704, Test MSE: 0.1264, r (test): 0.1953
Epoch: 99, Training Loss: 0.0113, Train MSE: 0.0113, r (train): 0.9722, Test MSE: 0.1066, r (test): 0.2524
Predicted tensors for training set: 
tensor([ 0.6130,  0.5895,  0.1127,  0.3308,  0.4727,  0.4282,  0.6404,  0.5455,
         0.7948,  0.5663,  0.6518,  0.4353,  0.1667,  0.1468,  0.7221,  0.7296,
         0.3439,  0.5456,  0.2451, -0.1085,  0.4652,  0.4095,  0.5669,  0.0891,
         0.4132,  0.4025,  0.5338,  0.5666,  0.8102,  0.8403,  0.5488,  0.8130,
         0.2670,  0.8581,  0.8563,  0.0726,  0.7199,  0.1938,  0.9023,  0.2929,
         0.1084,  0.4235,  0.0413,  0.2680,  0.4704,  0.6806, -0.0120,  0.7040,
         0.6786,  0.5118,  0.4245,  0.2160,  0.7194,  0.2714,  0.0131, -0.0364,
         0.2096,  0.0612,  0.3263,  0.5006,  0.6985,  0.4986,  0.4414,  0.2424,
         0.6694,  0.2147,  0.2178,  0.7701,  0.6110,  0.1476,  0.8147,  0.2322])
Target tensorsfor training set: 
tensor([0.5783, 0.5573, 0.1055, 0.4149, 0.4993, 0.4654, 0.7497, 0.6465, 0.8561,
        0.7171, 0.7507, 0.5178, 0.2271, 0.1493, 0.9127, 0.8524, 0.4513, 0.7144,
        0.3077, 0.0389, 0.5187, 0.4640, 0.5564, 0.0981, 0.4341, 0.4526, 0.5780,
        0.6240, 0.9150, 0.9117, 0.5658, 0.8363, 0.2464, 0.9072, 0.9621, 0.0246,
        0.7791, 0.2255, 0.9656, 0.3174, 0.1295, 0.4818, 0.0763, 0.3453, 0.5779,
        0.7950, 0.0478, 0.8411, 0.8453, 0.6992, 0.5719, 0.3309, 0.9492, 0.4373,
        0.1218, 0.0636, 0.4036, 0.1294, 0.5023, 0.7462, 0.8988, 0.7596, 0.5102,
        0.2916, 0.8418, 0.2594, 0.2394, 0.8556, 0.6576, 0.1360, 0.9215, 0.2649])
Correlation for training set: 0.9722181626515455
Predicted tensors for test set: 
tensor([0.7300, 0.1969, 0.4125, 0.6710, 0.2801, 0.2156, 0.4798, 0.2322, 0.4889,
        0.2612, 0.3522, 0.3938, 0.4357, 0.2160, 0.3775, 0.4588, 0.3521, 0.5534])
Target tensors for test set: 
tensor([0.6595, 0.7372, 0.6846, 0.6199, 0.2169, 0.6577, 0.8728, 0.6671, 0.8391,
        0.5300, 0.7270, 0.7125, 0.5220, 0.4440, 0.3829, 0.7901, 0.9535, 0.7371])
Correlation for test set: 0.2523889436232995
Seed: 1
Fold losses: [tensor(0.0068), tensor(0.0202), tensor(0.0243), tensor(0.0060), tensor(0.0113)]
Fold MSE values: [tensor(0.0068), tensor(0.0202), tensor(0.0243), tensor(0.0060), tensor(0.0113)]
Target training values: [tensor([0.3077, 0.0389, 0.5187, 0.4640, 0.5564, 0.0981, 0.4341, 0.4526, 0.5780,
        0.6240, 0.9150, 0.9117, 0.5658, 0.8363, 0.2464, 0.9072, 0.9621, 0.0246,
        0.7791, 0.2255, 0.9656, 0.3174, 0.1295, 0.4818, 0.0763, 0.3453, 0.5779,
        0.7950, 0.0478, 0.8411, 0.8453, 0.6992, 0.5719, 0.3309, 0.9492, 0.4373,
        0.1218, 0.0636, 0.4036, 0.1294, 0.5023, 0.7462, 0.8988, 0.7596, 0.5102,
        0.2916, 0.8418, 0.2594, 0.2394, 0.8556, 0.6576, 0.1360, 0.9215, 0.2649,
        0.6595, 0.7372, 0.6846, 0.6199, 0.2169, 0.6577, 0.8728, 0.6671, 0.8391,
        0.5300, 0.7270, 0.7125, 0.5220, 0.4440, 0.3829, 0.7901, 0.9535, 0.7371]), tensor([0.5783, 0.5573, 0.1055, 0.4149, 0.4993, 0.4654, 0.7497, 0.6465, 0.8561,
        0.7171, 0.7507, 0.5178, 0.2271, 0.1493, 0.9127, 0.8524, 0.4513, 0.7144,
        0.7791, 0.2255, 0.9656, 0.3174, 0.1295, 0.4818, 0.0763, 0.3453, 0.5779,
        0.7950, 0.0478, 0.8411, 0.8453, 0.6992, 0.5719, 0.3309, 0.9492, 0.4373,
        0.1218, 0.0636, 0.4036, 0.1294, 0.5023, 0.7462, 0.8988, 0.7596, 0.5102,
        0.2916, 0.8418, 0.2594, 0.2394, 0.8556, 0.6576, 0.1360, 0.9215, 0.2649,
        0.6595, 0.7372, 0.6846, 0.6199, 0.2169, 0.6577, 0.8728, 0.6671, 0.8391,
        0.5300, 0.7270, 0.7125, 0.5220, 0.4440, 0.3829, 0.7901, 0.9535, 0.7371]), tensor([0.5783, 0.5573, 0.1055, 0.4149, 0.4993, 0.4654, 0.7497, 0.6465, 0.8561,
        0.7171, 0.7507, 0.5178, 0.2271, 0.1493, 0.9127, 0.8524, 0.4513, 0.7144,
        0.3077, 0.0389, 0.5187, 0.4640, 0.5564, 0.0981, 0.4341, 0.4526, 0.5780,
        0.6240, 0.9150, 0.9117, 0.5658, 0.8363, 0.2464, 0.9072, 0.9621, 0.0246,
        0.1218, 0.0636, 0.4036, 0.1294, 0.5023, 0.7462, 0.8988, 0.7596, 0.5102,
        0.2916, 0.8418, 0.2594, 0.2394, 0.8556, 0.6576, 0.1360, 0.9215, 0.2649,
        0.6595, 0.7372, 0.6846, 0.6199, 0.2169, 0.6577, 0.8728, 0.6671, 0.8391,
        0.5300, 0.7270, 0.7125, 0.5220, 0.4440, 0.3829, 0.7901, 0.9535, 0.7371]), tensor([0.5783, 0.5573, 0.1055, 0.4149, 0.4993, 0.4654, 0.7497, 0.6465, 0.8561,
        0.7171, 0.7507, 0.5178, 0.2271, 0.1493, 0.9127, 0.8524, 0.4513, 0.7144,
        0.3077, 0.0389, 0.5187, 0.4640, 0.5564, 0.0981, 0.4341, 0.4526, 0.5780,
        0.6240, 0.9150, 0.9117, 0.5658, 0.8363, 0.2464, 0.9072, 0.9621, 0.0246,
        0.7791, 0.2255, 0.9656, 0.3174, 0.1295, 0.4818, 0.0763, 0.3453, 0.5779,
        0.7950, 0.0478, 0.8411, 0.8453, 0.6992, 0.5719, 0.3309, 0.9492, 0.4373,
        0.6595, 0.7372, 0.6846, 0.6199, 0.2169, 0.6577, 0.8728, 0.6671, 0.8391,
        0.5300, 0.7270, 0.7125, 0.5220, 0.4440, 0.3829, 0.7901, 0.9535, 0.7371]), tensor([0.5783, 0.5573, 0.1055, 0.4149, 0.4993, 0.4654, 0.7497, 0.6465, 0.8561,
        0.7171, 0.7507, 0.5178, 0.2271, 0.1493, 0.9127, 0.8524, 0.4513, 0.7144,
        0.3077, 0.0389, 0.5187, 0.4640, 0.5564, 0.0981, 0.4341, 0.4526, 0.5780,
        0.6240, 0.9150, 0.9117, 0.5658, 0.8363, 0.2464, 0.9072, 0.9621, 0.0246,
        0.7791, 0.2255, 0.9656, 0.3174, 0.1295, 0.4818, 0.0763, 0.3453, 0.5779,
        0.7950, 0.0478, 0.8411, 0.8453, 0.6992, 0.5719, 0.3309, 0.9492, 0.4373,
        0.1218, 0.0636, 0.4036, 0.1294, 0.5023, 0.7462, 0.8988, 0.7596, 0.5102,
        0.2916, 0.8418, 0.2594, 0.2394, 0.8556, 0.6576, 0.1360, 0.9215, 0.2649])]
Prediction training values: [tensor([ 0.2970,  0.0013,  0.5285,  0.4751,  0.7163,  0.0746,  0.5607,  0.5198,
         0.6285,  0.6601,  1.0132,  1.0338,  0.6362,  0.9731,  0.1762,  1.0093,
         0.9990, -0.0173,  0.7184,  0.0796,  0.9756,  0.2070,  0.0222,  0.3562,
        -0.0654,  0.2623,  0.4806,  0.5806, -0.0702,  0.8050,  0.6521,  0.5962,
         0.4737,  0.2572,  0.9038,  0.4256,  0.0895,  0.1284,  0.4803,  0.1615,
         0.5240,  0.8447,  0.9379,  0.9030,  0.6031,  0.2827,  0.8858,  0.2743,
         0.2309,  0.7905,  0.6346,  0.0905,  0.8410,  0.2567,  0.4636,  0.6541,
         0.6062,  0.5834,  0.1947,  0.6434,  0.8878,  0.7403,  0.9205,  0.5490,
         0.7591,  0.7115,  0.5520,  0.4290,  0.3646,  0.8304,  0.9413,  0.7899]), tensor([ 0.4679,  0.4813,  0.0120,  0.3100,  0.4314,  0.3742,  0.5833,  0.5295,
         0.6734,  0.6485,  0.5494,  0.3853,  0.1085,  0.0215,  0.7767,  0.6293,
         0.2881,  0.4589,  0.6233,  0.0359,  0.7659,  0.1321, -0.0150,  0.3086,
        -0.1249,  0.0901,  0.4210,  0.6580, -0.1007,  0.6193,  0.6545,  0.5277,
         0.4117,  0.2042,  0.7778,  0.2392, -0.0651, -0.1041,  0.2260,  0.0202,
         0.3799,  0.5577,  0.6907,  0.5112,  0.3375,  0.2121,  0.6194,  0.0890,
         0.1459,  0.7105,  0.4991,  0.0524,  0.7960,  0.1802,  0.5615,  0.6415,
         0.6341,  0.5884,  0.1940,  0.6703,  0.8925,  0.6842,  0.8837,  0.5655,
         0.7575,  0.7484,  0.5248,  0.4916,  0.3877,  0.7708,  0.9624,  0.6872]), tensor([ 0.4893,  0.4305,  0.0711,  0.3669,  0.3455,  0.3223,  0.5976,  0.4902,
         0.7097,  0.5805,  0.5156,  0.3575, -0.0628,  0.0251,  0.6060,  0.4926,
         0.1581,  0.3961,  0.0993, -0.2292,  0.2864,  0.1743,  0.2786, -0.0957,
         0.2177,  0.2023,  0.3444,  0.5200,  0.7419,  0.6653,  0.4134,  0.7657,
         0.2261,  0.8212,  0.8490,  0.0343,  0.1227,  0.0102,  0.3478,  0.0529,
         0.3961,  0.5817,  0.8162,  0.6412,  0.3871,  0.1815,  0.7251,  0.1233,
         0.1632,  0.7148,  0.4790,  0.0687,  0.7829,  0.1919,  0.5801,  0.6475,
         0.5843,  0.5097,  0.1842,  0.6022,  0.7683,  0.5814,  0.7056,  0.4487,
         0.6668,  0.6643,  0.4544,  0.4154,  0.3352,  0.7603,  0.9511,  0.7365]), tensor([ 0.6685,  0.5762,  0.2323,  0.4225,  0.5391,  0.5755,  0.8091,  0.6829,
         0.9798,  0.8262,  0.8192,  0.5985,  0.2140,  0.1673,  0.9344,  0.9272,
         0.5329,  0.7629,  0.2451,  0.0709,  0.4777,  0.4739,  0.5637,  0.0842,
         0.5159,  0.3522,  0.5518,  0.6331,  0.8838,  0.8605,  0.5743,  0.7930,
         0.1557,  0.7948,  0.9071, -0.0115,  0.7245,  0.1551,  0.7880,  0.3626,
         0.0468,  0.4396,  0.1197,  0.4161,  0.6168,  0.7993,  0.1144,  0.9748,
         0.8961,  0.8047,  0.6421,  0.4953,  1.0443,  0.5578,  0.9217,  0.7898,
         0.6828,  0.7164,  0.2586,  0.6293,  0.8182,  0.5826,  0.7268,  0.4783,
         0.6538,  0.6254,  0.4883,  0.3917,  0.3690,  0.7618,  0.9755,  0.7794]), tensor([ 0.6130,  0.5895,  0.1127,  0.3308,  0.4727,  0.4282,  0.6404,  0.5455,
         0.7948,  0.5663,  0.6518,  0.4353,  0.1667,  0.1468,  0.7221,  0.7296,
         0.3439,  0.5456,  0.2451, -0.1085,  0.4652,  0.4095,  0.5669,  0.0891,
         0.4132,  0.4025,  0.5338,  0.5666,  0.8102,  0.8403,  0.5488,  0.8130,
         0.2670,  0.8581,  0.8563,  0.0726,  0.7199,  0.1938,  0.9023,  0.2929,
         0.1084,  0.4235,  0.0413,  0.2680,  0.4704,  0.6806, -0.0120,  0.7040,
         0.6786,  0.5118,  0.4245,  0.2160,  0.7194,  0.2714,  0.0131, -0.0364,
         0.2096,  0.0612,  0.3263,  0.5006,  0.6985,  0.4986,  0.4414,  0.2424,
         0.6694,  0.2147,  0.2178,  0.7701,  0.6110,  0.1476,  0.8147,  0.2322])]
Target values: [array([0.57832706, 0.55726975, 0.10552448, 0.41493568, 0.4993471 ,
       0.46544507, 0.7497406 , 0.6464906 , 0.85610735, 0.71714455,
       0.75073236, 0.51780254, 0.22711647, 0.14931566, 0.912732  ,
       0.8524316 , 0.45128736, 0.71435624], dtype=float32), array([0.30766785, 0.03887437, 0.518717  , 0.46398443, 0.55641776,
       0.09805249, 0.43409458, 0.45263878, 0.578045  , 0.62399   ,
       0.91498566, 0.9116711 , 0.5658469 , 0.83626515, 0.24636388,
       0.9071598 , 0.96213573, 0.02463444], dtype=float32), array([0.77910316, 0.2254639 , 0.96564525, 0.31742746, 0.12948532,
       0.48182514, 0.07633217, 0.34531343, 0.5778506 , 0.79497874,
       0.04781396, 0.84113044, 0.84525365, 0.69921327, 0.57190746,
       0.33092642, 0.9491663 , 0.4372734 ], dtype=float32), array([0.12180944, 0.06358391, 0.40355092, 0.12937951, 0.50225437,
       0.7462256 , 0.89876264, 0.75962484, 0.51015127, 0.29163042,
       0.8417677 , 0.25936916, 0.23939352, 0.85557973, 0.6576234 ,
       0.1360485 , 0.9215425 , 0.2649091 ], dtype=float32), array([0.659493  , 0.73719215, 0.6846425 , 0.6198749 , 0.21692123,
       0.65769196, 0.8728059 , 0.6671056 , 0.8390776 , 0.52996147,
       0.72703534, 0.71252435, 0.5220161 , 0.44401234, 0.38285765,
       0.7900961 , 0.95346546, 0.73709923], dtype=float32)]
Prediction values: [array([0.736951  , 0.4125701 , 0.71056557, 0.23351379, 0.5742917 ,
       0.5218272 , 0.4079756 , 0.45529807, 0.5624759 , 0.44739115,
       0.6616168 , 0.42752334, 0.47926804, 0.4179332 , 0.39595807,
       0.5558294 , 0.8572235 , 0.54194784], dtype=float32), array([0.22372451, 0.5242502 , 0.31513894, 0.40905815, 0.33825123,
       0.12775303, 0.2713352 , 0.51184267, 0.25591725, 0.4575718 ,
       0.5468316 , 0.45195788, 0.5956592 , 0.440062  , 0.33815986,
       0.49275   , 0.4821021 , 0.3346148 ], dtype=float32), array([0.18441541, 0.2800601 , 0.5080031 , 0.33093655, 0.38379803,
       0.34001642, 0.42641744, 0.44591406, 0.37950963, 0.30493432,
       0.5962534 , 0.30552235, 0.30473062, 0.4551779 , 0.48521838,
       0.4158269 , 0.36611837, 0.3090216 ], dtype=float32), array([0.41103777, 0.40118715, 0.5386668 , 0.6049596 , 0.58432704,
       0.59867966, 0.53626084, 0.7817394 , 0.6810764 , 0.5268368 ,
       0.73113686, 0.657695  , 0.47261655, 0.6260255 , 0.6661552 ,
       0.4998158 , 0.5511866 , 0.3455403 ], dtype=float32), array([0.73002875, 0.1968731 , 0.41254658, 0.67103744, 0.28012264,
       0.21561329, 0.47983634, 0.23221496, 0.48886374, 0.26121962,
       0.35221997, 0.39383912, 0.43569708, 0.21598138, 0.37751484,
       0.4587813 , 0.3521267 , 0.55338115], dtype=float32)]
Time taken: 1127.737120628357 seconds
