sh: line 1: logger: command not found
/apps/conda/25.3.1/etc/profile.d/conda.sh: line 69: dirname: command not found
/apps/conda/25.3.1/etc/profile.d/conda.sh: line 69: dirname: command not found
/apps/conda/25.3.1/etc/profile.d/mamba.sh: line 59: basename: command not found
Error unknown MAMBA_EXE: "/apps/conda/25.3.1/bin/mamba", filename must be mamba or micromamba
Lmod has detected the following error: This module can only be used on RHEL9
nodes. 
While processing the following module(s):
    Module fullname  Module Filename
    ---------------  ---------------
    gcc/14.2.0       /apps/lmod/modulefiles/core/gcc/14.2.0.lua

pointnet_isthmuscingulate_fs_08.py
/blue/stevenweisberg/ashishkumarsahoo/hippocampAI/conda_pyg_070923/lib/python3.8/site-packages/torch/cuda/__init__.py:155: UserWarning: 
NVIDIA B200 with CUDA capability sm_100 is not compatible with the current PyTorch installation.
The current PyTorch install supports CUDA capabilities sm_37 sm_50 sm_60 sm_61 sm_70 sm_75 sm_80 sm_86 compute_37.
If you want to use the NVIDIA B200 GPU with PyTorch, please check the instructions at https://pytorch.org/get-started/locally/

  warnings.warn(incompatible_device_warn.format(device_name, capability, " ".join(arch_list), device_name))
Number of GPUs available for training: 1
Fold 1
Epoch: 00, Training Loss: 0.2267, Train MSE: 0.2267, r (train): 0.2585, Test MSE: 0.1230, r (test): 0.1241
Epoch: 01, Training Loss: 0.0824, Train MSE: 0.0824, r (train): 0.1513, Test MSE: 0.0727, r (test): 0.2780
Epoch: 02, Training Loss: 0.0849, Train MSE: 0.0849, r (train): 0.3273, Test MSE: 0.0782, r (test): 0.1028
Epoch: 03, Training Loss: 0.0710, Train MSE: 0.0710, r (train): 0.2926, Test MSE: 0.0726, r (test): 0.1699
Epoch: 04, Training Loss: 0.0771, Train MSE: 0.0771, r (train): 0.3379, Test MSE: 0.0744, r (test): 0.1009
Epoch: 05, Training Loss: 0.0695, Train MSE: 0.0695, r (train): 0.3204, Test MSE: 0.0731, r (test): 0.1118
Epoch: 06, Training Loss: 0.0742, Train MSE: 0.0742, r (train): 0.3571, Test MSE: 0.0744, r (test): 0.0514
Epoch: 07, Training Loss: 0.0683, Train MSE: 0.0683, r (train): 0.3176, Test MSE: 0.0735, r (test): 0.0536
Epoch: 08, Training Loss: 0.0690, Train MSE: 0.0690, r (train): 0.3906, Test MSE: 0.0747, r (test): -0.0075
Epoch: 09, Training Loss: 0.0648, Train MSE: 0.0648, r (train): 0.3444, Test MSE: 0.0740, r (test): 0.0182
Epoch: 10, Training Loss: 0.0651, Train MSE: 0.0651, r (train): 0.4112, Test MSE: 0.0742, r (test): -0.0169
Epoch: 11, Training Loss: 0.0628, Train MSE: 0.0628, r (train): 0.3637, Test MSE: 0.0748, r (test): -0.0292
Epoch: 12, Training Loss: 0.0623, Train MSE: 0.0623, r (train): 0.4391, Test MSE: 0.0744, r (test): -0.0222
Epoch: 13, Training Loss: 0.0631, Train MSE: 0.0631, r (train): 0.3643, Test MSE: 0.0765, r (test): -0.0354
Epoch: 14, Training Loss: 0.0564, Train MSE: 0.0564, r (train): 0.4733, Test MSE: 0.0752, r (test): -0.0674
Epoch: 15, Training Loss: 0.0552, Train MSE: 0.0552, r (train): 0.4898, Test MSE: 0.0771, r (test): -0.0682
Epoch: 16, Training Loss: 0.0539, Train MSE: 0.0539, r (train): 0.5047, Test MSE: 0.0772, r (test): -0.0380
Epoch: 17, Training Loss: 0.0537, Train MSE: 0.0537, r (train): 0.5210, Test MSE: 0.0781, r (test): -0.0243
Epoch: 18, Training Loss: 0.0530, Train MSE: 0.0530, r (train): 0.5331, Test MSE: 0.0783, r (test): -0.0154
Epoch: 19, Training Loss: 0.0535, Train MSE: 0.0535, r (train): 0.5598, Test MSE: 0.0798, r (test): -0.0017
Epoch: 20, Training Loss: 0.0517, Train MSE: 0.0517, r (train): 0.5309, Test MSE: 0.0764, r (test): 0.0090
Epoch: 21, Training Loss: 0.0566, Train MSE: 0.0566, r (train): 0.5323, Test MSE: 0.0791, r (test): 0.0240
Epoch: 22, Training Loss: 0.0569, Train MSE: 0.0569, r (train): 0.5012, Test MSE: 0.0739, r (test): 0.0303
Epoch: 23, Training Loss: 0.0571, Train MSE: 0.0571, r (train): 0.4657, Test MSE: 0.0745, r (test): 0.1782
Epoch: 24, Training Loss: 0.0580, Train MSE: 0.0580, r (train): 0.4977, Test MSE: 0.0752, r (test): -0.0254
Epoch: 25, Training Loss: 0.0503, Train MSE: 0.0503, r (train): 0.5648, Test MSE: 0.0746, r (test): 0.0433
Epoch: 26, Training Loss: 0.0492, Train MSE: 0.0492, r (train): 0.5821, Test MSE: 0.0744, r (test): -0.0036
Epoch: 27, Training Loss: 0.0457, Train MSE: 0.0457, r (train): 0.6273, Test MSE: 0.0748, r (test): 0.0667
Epoch: 28, Training Loss: 0.0435, Train MSE: 0.0435, r (train): 0.6472, Test MSE: 0.0727, r (test): 0.1774
Epoch: 29, Training Loss: 0.0417, Train MSE: 0.0417, r (train): 0.6850, Test MSE: 0.0731, r (test): 0.1661
Epoch: 30, Training Loss: 0.0410, Train MSE: 0.0410, r (train): 0.6847, Test MSE: 0.0709, r (test): 0.2400
Epoch: 31, Training Loss: 0.0401, Train MSE: 0.0401, r (train): 0.7131, Test MSE: 0.0710, r (test): 0.2169
Epoch: 32, Training Loss: 0.0387, Train MSE: 0.0387, r (train): 0.7092, Test MSE: 0.0716, r (test): 0.1821
Epoch: 33, Training Loss: 0.0362, Train MSE: 0.0362, r (train): 0.7974, Test MSE: 0.0726, r (test): 0.1608
Epoch: 34, Training Loss: 0.0498, Train MSE: 0.0498, r (train): 0.6669, Test MSE: 0.0721, r (test): 0.2931
Epoch: 35, Training Loss: 0.0358, Train MSE: 0.0358, r (train): 0.7483, Test MSE: 0.0709, r (test): 0.2946
Epoch: 36, Training Loss: 0.0465, Train MSE: 0.0465, r (train): 0.7096, Test MSE: 0.0724, r (test): 0.3577
Epoch: 37, Training Loss: 0.0376, Train MSE: 0.0376, r (train): 0.6949, Test MSE: 0.0683, r (test): 0.3363
Epoch: 38, Training Loss: 0.0666, Train MSE: 0.0666, r (train): 0.6481, Test MSE: 0.0824, r (test): 0.1936
Epoch: 39, Training Loss: 0.0295, Train MSE: 0.0295, r (train): 0.8124, Test MSE: 0.0694, r (test): 0.3019
Epoch: 40, Training Loss: 0.0435, Train MSE: 0.0435, r (train): 0.7598, Test MSE: 0.0778, r (test): 0.1728
Epoch: 41, Training Loss: 0.0214, Train MSE: 0.0214, r (train): 0.8679, Test MSE: 0.0686, r (test): 0.3153
Epoch: 42, Training Loss: 0.0185, Train MSE: 0.0185, r (train): 0.8845, Test MSE: 0.0652, r (test): 0.4481
Epoch: 43, Training Loss: 0.0190, Train MSE: 0.0190, r (train): 0.8873, Test MSE: 0.0659, r (test): 0.4474
Epoch: 44, Training Loss: 0.0176, Train MSE: 0.0176, r (train): 0.9032, Test MSE: 0.0637, r (test): 0.5734
Epoch: 45, Training Loss: 0.0114, Train MSE: 0.0114, r (train): 0.9236, Test MSE: 0.0646, r (test): 0.4858
Epoch: 46, Training Loss: 0.0125, Train MSE: 0.0125, r (train): 0.9146, Test MSE: 0.0684, r (test): 0.2933
Epoch: 47, Training Loss: 0.0170, Train MSE: 0.0170, r (train): 0.9061, Test MSE: 0.0715, r (test): 0.3398
Epoch: 48, Training Loss: 0.0208, Train MSE: 0.0208, r (train): 0.9028, Test MSE: 0.0768, r (test): 0.2095
Epoch: 49, Training Loss: 0.0291, Train MSE: 0.0291, r (train): 0.8191, Test MSE: 0.0671, r (test): 0.4166
Epoch: 50, Training Loss: 0.0244, Train MSE: 0.0244, r (train): 0.8788, Test MSE: 0.0778, r (test): 0.1685
Epoch: 51, Training Loss: 0.0132, Train MSE: 0.0132, r (train): 0.9035, Test MSE: 0.0683, r (test): 0.3015
Epoch: 52, Training Loss: 0.0119, Train MSE: 0.0119, r (train): 0.9171, Test MSE: 0.0605, r (test): 0.4729
Epoch: 53, Training Loss: 0.0111, Train MSE: 0.0111, r (train): 0.9369, Test MSE: 0.0679, r (test): 0.3191
Epoch: 54, Training Loss: 0.0222, Train MSE: 0.0222, r (train): 0.9203, Test MSE: 0.0700, r (test): 0.3942
Epoch: 55, Training Loss: 0.0191, Train MSE: 0.0191, r (train): 0.9046, Test MSE: 0.0774, r (test): 0.1802
Epoch: 56, Training Loss: 0.0232, Train MSE: 0.0232, r (train): 0.8945, Test MSE: 0.0803, r (test): 0.1510
Epoch: 57, Training Loss: 0.0266, Train MSE: 0.0266, r (train): 0.8691, Test MSE: 0.0795, r (test): 0.1427
Epoch: 58, Training Loss: 0.0167, Train MSE: 0.0167, r (train): 0.8955, Test MSE: 0.0678, r (test): 0.3000
Epoch: 59, Training Loss: 0.0145, Train MSE: 0.0145, r (train): 0.8960, Test MSE: 0.0672, r (test): 0.3788
Epoch: 60, Training Loss: 0.0169, Train MSE: 0.0169, r (train): 0.8960, Test MSE: 0.0681, r (test): 0.3075
Epoch: 61, Training Loss: 0.0232, Train MSE: 0.0232, r (train): 0.8986, Test MSE: 0.0743, r (test): 0.2361
Epoch: 62, Training Loss: 0.0143, Train MSE: 0.0143, r (train): 0.9053, Test MSE: 0.0668, r (test): 0.3214
Epoch: 63, Training Loss: 0.0124, Train MSE: 0.0124, r (train): 0.9097, Test MSE: 0.0689, r (test): 0.2564
Epoch: 64, Training Loss: 0.0152, Train MSE: 0.0152, r (train): 0.9038, Test MSE: 0.0690, r (test): 0.2689
Epoch: 65, Training Loss: 0.0210, Train MSE: 0.0210, r (train): 0.8436, Test MSE: 0.0650, r (test): 0.3789
Epoch: 66, Training Loss: 0.0666, Train MSE: 0.0666, r (train): 0.8126, Test MSE: 0.0981, r (test): -0.0595
Epoch: 67, Training Loss: 0.0203, Train MSE: 0.0203, r (train): 0.8842, Test MSE: 0.0780, r (test): 0.0644
Epoch: 68, Training Loss: 0.0203, Train MSE: 0.0203, r (train): 0.9098, Test MSE: 0.0719, r (test): 0.2997
Epoch: 69, Training Loss: 0.0149, Train MSE: 0.0149, r (train): 0.8934, Test MSE: 0.0673, r (test): 0.3095
Epoch: 70, Training Loss: 0.0227, Train MSE: 0.0227, r (train): 0.8816, Test MSE: 0.0752, r (test): 0.1204
Epoch: 71, Training Loss: 0.0271, Train MSE: 0.0271, r (train): 0.9243, Test MSE: 0.0772, r (test): 0.3087
Epoch: 72, Training Loss: 0.0141, Train MSE: 0.0141, r (train): 0.9084, Test MSE: 0.0700, r (test): 0.2356
Epoch: 73, Training Loss: 0.0188, Train MSE: 0.0188, r (train): 0.8762, Test MSE: 0.0752, r (test): 0.0728
Epoch: 74, Training Loss: 0.0273, Train MSE: 0.0273, r (train): 0.9131, Test MSE: 0.0739, r (test): 0.3818
Epoch: 75, Training Loss: 0.0221, Train MSE: 0.0221, r (train): 0.9272, Test MSE: 0.0801, r (test): 0.2799
Epoch: 76, Training Loss: 0.0265, Train MSE: 0.0265, r (train): 0.9046, Test MSE: 0.0832, r (test): 0.2594
Epoch: 77, Training Loss: 0.0271, Train MSE: 0.0271, r (train): 0.9130, Test MSE: 0.0770, r (test): 0.3369
Epoch: 78, Training Loss: 0.0352, Train MSE: 0.0352, r (train): 0.8858, Test MSE: 0.0795, r (test): 0.1490
Epoch: 79, Training Loss: 0.0336, Train MSE: 0.0336, r (train): 0.8988, Test MSE: 0.0860, r (test): 0.2041
Epoch: 80, Training Loss: 0.0140, Train MSE: 0.0140, r (train): 0.9011, Test MSE: 0.0670, r (test): 0.3233
Epoch: 81, Training Loss: 0.0408, Train MSE: 0.0408, r (train): 0.9056, Test MSE: 0.0745, r (test): 0.4488
Epoch: 82, Training Loss: 0.0185, Train MSE: 0.0185, r (train): 0.8956, Test MSE: 0.0718, r (test): 0.2313
Epoch: 83, Training Loss: 0.0137, Train MSE: 0.0137, r (train): 0.9192, Test MSE: 0.0766, r (test): 0.0969
Epoch: 84, Training Loss: 0.0253, Train MSE: 0.0253, r (train): 0.9000, Test MSE: 0.0706, r (test): 0.2542
Epoch: 85, Training Loss: 0.0163, Train MSE: 0.0163, r (train): 0.9078, Test MSE: 0.0735, r (test): 0.1874
Epoch: 86, Training Loss: 0.0158, Train MSE: 0.0158, r (train): 0.9051, Test MSE: 0.0698, r (test): 0.2553
Epoch: 87, Training Loss: 0.0248, Train MSE: 0.0248, r (train): 0.8939, Test MSE: 0.0715, r (test): 0.2079
Epoch: 88, Training Loss: 0.0176, Train MSE: 0.0176, r (train): 0.8973, Test MSE: 0.0645, r (test): 0.3780
Epoch: 89, Training Loss: 0.0403, Train MSE: 0.0403, r (train): 0.8622, Test MSE: 0.0957, r (test): 0.2284
Epoch: 90, Training Loss: 0.0331, Train MSE: 0.0331, r (train): 0.8676, Test MSE: 0.0829, r (test): 0.1912
Epoch: 91, Training Loss: 0.0281, Train MSE: 0.0281, r (train): 0.8915, Test MSE: 0.0618, r (test): 0.4533
Epoch: 92, Training Loss: 0.0128, Train MSE: 0.0128, r (train): 0.9211, Test MSE: 0.0718, r (test): 0.1870
Epoch: 93, Training Loss: 0.0436, Train MSE: 0.0436, r (train): 0.9381, Test MSE: 0.0853, r (test): 0.3321
Epoch: 94, Training Loss: 0.0495, Train MSE: 0.0495, r (train): 0.9084, Test MSE: 0.0865, r (test): 0.3972
Epoch: 95, Training Loss: 0.0746, Train MSE: 0.0746, r (train): 0.9048, Test MSE: 0.1144, r (test): 0.1033
Epoch: 96, Training Loss: 0.0471, Train MSE: 0.0471, r (train): 0.9019, Test MSE: 0.0832, r (test): 0.4373
Epoch: 97, Training Loss: 0.0741, Train MSE: 0.0741, r (train): 0.8989, Test MSE: 0.1042, r (test): 0.2321
Epoch: 98, Training Loss: 0.1169, Train MSE: 0.1169, r (train): 0.7672, Test MSE: 0.1193, r (test): 0.1635
Epoch: 99, Training Loss: 0.0770, Train MSE: 0.0770, r (train): 0.8796, Test MSE: 0.1038, r (test): 0.3818
Predicted tensors for training set: 
tensor([0.7098, 1.0638, 0.2874, 0.8025, 0.4154, 0.0537, 0.9785, 0.3729, 0.7539,
        0.4626, 0.4458, 0.5612, 0.8169, 0.8082, 1.0185, 0.6678, 1.2658, 1.1942,
        0.7284, 0.8693, 1.4486, 1.2753, 0.8528, 0.4834, 1.0710, 1.0848, 0.9100,
        0.7282, 0.5368, 0.9092, 0.5656, 0.7164, 0.8604, 1.0704, 1.0800, 0.5518,
        0.8365, 0.7727, 0.9086, 0.9613, 1.2607, 1.1152, 0.8686, 0.6570, 0.8829,
        0.9348, 0.6856, 0.8648, 1.0927, 0.6895, 1.0726, 0.4278, 0.7807, 1.2321,
        0.8343, 0.4709, 0.9063, 1.4487, 0.6772, 0.9149, 0.8189, 0.9914, 0.5962,
        0.4647, 0.8546, 0.3151, 0.3594, 0.6696, 0.6307, 0.5565, 0.6171, 0.4720])
Target tensorsfor training set: 
tensor([0.6992, 0.9621, 0.0389, 0.7144, 0.3174, 0.1360, 0.8524, 0.0636, 0.5178,
        0.1294, 0.0478, 0.2916, 0.4341, 0.4640, 0.6671, 0.2271, 0.7497, 0.7462,
        0.3453, 0.4149, 0.9127, 0.9215, 0.5023, 0.0763, 0.8418, 0.7596, 0.5573,
        0.4440, 0.2255, 0.6576, 0.2394, 0.6199, 0.5658, 0.8363, 0.9535, 0.1055,
        0.5779, 0.4818, 0.7791, 0.8561, 0.9656, 0.8988, 0.8411, 0.4993, 0.7125,
        0.7270, 0.5719, 0.6595, 0.8556, 0.4513, 0.9117, 0.1295, 0.5102, 0.9150,
        0.5220, 0.2169, 0.6240, 0.8728, 0.4526, 0.6577, 0.7507, 0.8391, 0.4036,
        0.1218, 0.7371, 0.1493, 0.3077, 0.6465, 0.5780, 0.5300, 0.5564, 0.2649])
Correlation for training set: 0.8795504876758817
Predicted tensors for test set: 
tensor([0.7047, 0.7732, 0.7667, 0.6883, 0.8018, 0.7349, 0.7829, 0.6813, 0.8738,
        0.6103, 0.7415, 0.6712, 0.6021, 0.7674, 0.6686, 0.9018, 0.8085, 0.8018])
Target tensors for test set: 
tensor([0.2594, 0.8453, 0.5187, 0.6846, 0.9492, 0.0981, 0.3829, 0.4373, 0.2464,
        0.3309, 0.9072, 0.7901, 0.0246, 0.7171, 0.4654, 0.7950, 0.7372, 0.5783])
Correlation for test set: 0.38183078804511483
Fold 2
Epoch: 00, Training Loss: 0.0663, Train MSE: 0.0663, r (train): 0.3604, Test MSE: 0.0957, r (test): 0.0547
Epoch: 01, Training Loss: 0.0861, Train MSE: 0.0861, r (train): 0.3312, Test MSE: 0.0901, r (test): 0.0515
Epoch: 02, Training Loss: 0.1023, Train MSE: 0.1023, r (train): 0.3956, Test MSE: 0.0916, r (test): 0.0647
Epoch: 03, Training Loss: 0.0708, Train MSE: 0.0708, r (train): 0.2567, Test MSE: 0.0931, r (test): 0.0120
Epoch: 04, Training Loss: 0.1111, Train MSE: 0.1111, r (train): 0.3643, Test MSE: 0.0916, r (test): 0.0880
Epoch: 05, Training Loss: 0.0618, Train MSE: 0.0618, r (train): 0.3344, Test MSE: 0.0957, r (test): -0.0208
Epoch: 06, Training Loss: 0.0520, Train MSE: 0.0520, r (train): 0.4919, Test MSE: 0.1022, r (test): -0.0177
Epoch: 07, Training Loss: 0.0484, Train MSE: 0.0484, r (train): 0.5175, Test MSE: 0.1092, r (test): -0.0623
Epoch: 08, Training Loss: 0.0466, Train MSE: 0.0466, r (train): 0.5441, Test MSE: 0.1163, r (test): -0.0986
Epoch: 09, Training Loss: 0.0456, Train MSE: 0.0456, r (train): 0.5788, Test MSE: 0.1211, r (test): -0.1186
Epoch: 10, Training Loss: 0.0444, Train MSE: 0.0444, r (train): 0.5838, Test MSE: 0.1124, r (test): -0.1155
Epoch: 11, Training Loss: 0.0435, Train MSE: 0.0435, r (train): 0.6043, Test MSE: 0.1141, r (test): -0.1213
Epoch: 12, Training Loss: 0.0437, Train MSE: 0.0437, r (train): 0.5953, Test MSE: 0.1093, r (test): -0.1038
Epoch: 13, Training Loss: 0.0419, Train MSE: 0.0419, r (train): 0.6390, Test MSE: 0.1126, r (test): -0.1456
Epoch: 14, Training Loss: 0.0439, Train MSE: 0.0439, r (train): 0.5995, Test MSE: 0.1075, r (test): -0.1175
Epoch: 15, Training Loss: 0.0429, Train MSE: 0.0429, r (train): 0.6911, Test MSE: 0.1216, r (test): -0.1952
Epoch: 16, Training Loss: 0.1022, Train MSE: 0.1022, r (train): 0.4472, Test MSE: 0.0958, r (test): 0.0555
Epoch: 17, Training Loss: 0.0532, Train MSE: 0.0532, r (train): 0.5523, Test MSE: 0.0972, r (test): -0.0792
Epoch: 18, Training Loss: 0.0630, Train MSE: 0.0630, r (train): 0.5721, Test MSE: 0.0940, r (test): -0.0444
Epoch: 19, Training Loss: 0.0400, Train MSE: 0.0400, r (train): 0.6745, Test MSE: 0.1072, r (test): -0.1285
Epoch: 20, Training Loss: 0.0387, Train MSE: 0.0387, r (train): 0.6625, Test MSE: 0.1079, r (test): -0.1483
Epoch: 21, Training Loss: 0.0382, Train MSE: 0.0382, r (train): 0.7641, Test MSE: 0.1252, r (test): -0.1428
Epoch: 22, Training Loss: 0.0438, Train MSE: 0.0438, r (train): 0.6630, Test MSE: 0.0978, r (test): -0.0504
Epoch: 23, Training Loss: 0.0339, Train MSE: 0.0339, r (train): 0.7390, Test MSE: 0.1073, r (test): -0.0510
Epoch: 24, Training Loss: 0.0427, Train MSE: 0.0427, r (train): 0.7135, Test MSE: 0.0962, r (test): -0.0397
Epoch: 25, Training Loss: 0.0293, Train MSE: 0.0293, r (train): 0.8124, Test MSE: 0.1076, r (test): -0.1175
Epoch: 26, Training Loss: 0.0338, Train MSE: 0.0338, r (train): 0.7647, Test MSE: 0.1018, r (test): -0.1676
Epoch: 27, Training Loss: 0.0284, Train MSE: 0.0284, r (train): 0.8101, Test MSE: 0.1027, r (test): -0.0530
Epoch: 28, Training Loss: 0.0290, Train MSE: 0.0290, r (train): 0.8283, Test MSE: 0.1004, r (test): -0.1109
Epoch: 29, Training Loss: 0.0198, Train MSE: 0.0198, r (train): 0.8731, Test MSE: 0.1050, r (test): -0.0707
Epoch: 30, Training Loss: 0.0234, Train MSE: 0.0234, r (train): 0.8576, Test MSE: 0.1019, r (test): -0.1134
Epoch: 31, Training Loss: 0.0158, Train MSE: 0.0158, r (train): 0.8816, Test MSE: 0.1114, r (test): -0.0641
Epoch: 32, Training Loss: 0.0222, Train MSE: 0.0222, r (train): 0.8775, Test MSE: 0.1055, r (test): -0.1633
Epoch: 33, Training Loss: 0.0135, Train MSE: 0.0135, r (train): 0.8952, Test MSE: 0.1097, r (test): -0.0963
Epoch: 34, Training Loss: 0.0236, Train MSE: 0.0236, r (train): 0.8662, Test MSE: 0.1027, r (test): -0.0530
Epoch: 35, Training Loss: 0.0252, Train MSE: 0.0252, r (train): 0.7939, Test MSE: 0.1028, r (test): -0.0858
Epoch: 36, Training Loss: 0.0524, Train MSE: 0.0524, r (train): 0.8072, Test MSE: 0.1049, r (test): -0.0965
Epoch: 37, Training Loss: 0.0497, Train MSE: 0.0497, r (train): 0.7868, Test MSE: 0.1082, r (test): -0.0563
Epoch: 38, Training Loss: 0.0326, Train MSE: 0.0326, r (train): 0.8096, Test MSE: 0.1008, r (test): -0.0970
Epoch: 39, Training Loss: 0.0230, Train MSE: 0.0230, r (train): 0.8740, Test MSE: 0.1053, r (test): -0.1066
Epoch: 40, Training Loss: 0.0148, Train MSE: 0.0148, r (train): 0.8816, Test MSE: 0.1159, r (test): -0.1355
Epoch: 41, Training Loss: 0.0136, Train MSE: 0.0136, r (train): 0.9165, Test MSE: 0.1121, r (test): -0.1633
Epoch: 42, Training Loss: 0.0110, Train MSE: 0.0110, r (train): 0.9190, Test MSE: 0.1178, r (test): -0.2039
Epoch: 43, Training Loss: 0.0201, Train MSE: 0.0201, r (train): 0.9100, Test MSE: 0.1077, r (test): -0.1378
Epoch: 44, Training Loss: 0.0324, Train MSE: 0.0324, r (train): 0.8900, Test MSE: 0.1035, r (test): -0.0707
Epoch: 45, Training Loss: 0.0316, Train MSE: 0.0316, r (train): 0.8895, Test MSE: 0.1016, r (test): -0.0342
Epoch: 46, Training Loss: 0.0118, Train MSE: 0.0118, r (train): 0.9057, Test MSE: 0.1151, r (test): -0.0638
Epoch: 47, Training Loss: 0.0149, Train MSE: 0.0149, r (train): 0.9103, Test MSE: 0.1433, r (test): -0.2119
Epoch: 48, Training Loss: 0.0139, Train MSE: 0.0139, r (train): 0.8888, Test MSE: 0.1281, r (test): -0.2224
Epoch: 49, Training Loss: 0.0344, Train MSE: 0.0344, r (train): 0.8816, Test MSE: 0.1136, r (test): -0.2456
Epoch: 50, Training Loss: 0.0376, Train MSE: 0.0376, r (train): 0.8714, Test MSE: 0.1044, r (test): -0.0983
Epoch: 51, Training Loss: 0.0302, Train MSE: 0.0302, r (train): 0.8862, Test MSE: 0.1087, r (test): -0.1026
Epoch: 52, Training Loss: 0.0116, Train MSE: 0.0116, r (train): 0.9102, Test MSE: 0.1189, r (test): -0.1350
Epoch: 53, Training Loss: 0.0141, Train MSE: 0.0141, r (train): 0.8886, Test MSE: 0.1270, r (test): -0.2299
Epoch: 54, Training Loss: 0.0288, Train MSE: 0.0288, r (train): 0.8748, Test MSE: 0.1078, r (test): -0.1962
Epoch: 55, Training Loss: 0.0680, Train MSE: 0.0680, r (train): 0.8375, Test MSE: 0.1051, r (test): 0.0424
Epoch: 56, Training Loss: 0.0283, Train MSE: 0.0283, r (train): 0.8528, Test MSE: 0.0999, r (test): -0.0202
Epoch: 57, Training Loss: 0.0140, Train MSE: 0.0140, r (train): 0.9006, Test MSE: 0.1194, r (test): -0.0000
Epoch: 58, Training Loss: 0.0116, Train MSE: 0.0116, r (train): 0.9105, Test MSE: 0.1188, r (test): -0.1294
Epoch: 59, Training Loss: 0.0273, Train MSE: 0.0273, r (train): 0.8814, Test MSE: 0.0948, r (test): 0.0294
Epoch: 60, Training Loss: 0.0284, Train MSE: 0.0284, r (train): 0.8856, Test MSE: 0.0943, r (test): 0.0585
Epoch: 61, Training Loss: 0.0151, Train MSE: 0.0151, r (train): 0.8984, Test MSE: 0.1220, r (test): -0.0029
Epoch: 62, Training Loss: 0.0212, Train MSE: 0.0212, r (train): 0.9091, Test MSE: 0.1356, r (test): -0.0090
Epoch: 63, Training Loss: 0.0168, Train MSE: 0.0168, r (train): 0.8904, Test MSE: 0.1142, r (test): -0.0399
Epoch: 64, Training Loss: 0.0205, Train MSE: 0.0205, r (train): 0.8785, Test MSE: 0.0978, r (test): 0.0862
Epoch: 65, Training Loss: 0.0177, Train MSE: 0.0177, r (train): 0.8798, Test MSE: 0.1179, r (test): 0.0301
Epoch: 66, Training Loss: 0.0288, Train MSE: 0.0288, r (train): 0.8957, Test MSE: 0.1503, r (test): -0.0204
Epoch: 67, Training Loss: 0.0454, Train MSE: 0.0454, r (train): 0.8956, Test MSE: 0.1713, r (test): -0.0184
Epoch: 68, Training Loss: 0.0424, Train MSE: 0.0424, r (train): 0.8683, Test MSE: 0.1735, r (test): -0.0990
Epoch: 69, Training Loss: 0.0224, Train MSE: 0.0224, r (train): 0.8824, Test MSE: 0.1315, r (test): -0.0715
Epoch: 70, Training Loss: 0.0219, Train MSE: 0.0219, r (train): 0.8500, Test MSE: 0.1248, r (test): -0.0721
Epoch: 71, Training Loss: 0.0227, Train MSE: 0.0227, r (train): 0.8559, Test MSE: 0.1440, r (test): -0.0974
Epoch: 72, Training Loss: 0.0273, Train MSE: 0.0273, r (train): 0.8726, Test MSE: 0.1657, r (test): -0.2884
Epoch: 73, Training Loss: 0.0240, Train MSE: 0.0240, r (train): 0.8779, Test MSE: 0.1555, r (test): -0.2828
Epoch: 74, Training Loss: 0.0178, Train MSE: 0.0178, r (train): 0.8565, Test MSE: 0.1189, r (test): -0.2363
Epoch: 75, Training Loss: 0.0308, Train MSE: 0.0308, r (train): 0.8503, Test MSE: 0.1088, r (test): -0.1914
Epoch: 76, Training Loss: 0.0416, Train MSE: 0.0416, r (train): 0.8768, Test MSE: 0.0947, r (test): 0.0558
Epoch: 77, Training Loss: 0.0145, Train MSE: 0.0145, r (train): 0.8895, Test MSE: 0.1130, r (test): -0.1907
Epoch: 78, Training Loss: 0.0163, Train MSE: 0.0163, r (train): 0.8880, Test MSE: 0.1211, r (test): -0.3558
Epoch: 79, Training Loss: 0.0370, Train MSE: 0.0370, r (train): 0.8294, Test MSE: 0.0994, r (test): -0.0403
Epoch: 80, Training Loss: 0.0285, Train MSE: 0.0285, r (train): 0.8854, Test MSE: 0.1003, r (test): -0.0916
Epoch: 81, Training Loss: 0.0157, Train MSE: 0.0157, r (train): 0.8914, Test MSE: 0.1069, r (test): -0.0263
Epoch: 82, Training Loss: 0.0168, Train MSE: 0.0168, r (train): 0.8880, Test MSE: 0.1115, r (test): -0.1316
Epoch: 83, Training Loss: 0.0197, Train MSE: 0.0197, r (train): 0.8886, Test MSE: 0.1337, r (test): -0.3084
Epoch: 84, Training Loss: 0.0289, Train MSE: 0.0289, r (train): 0.8626, Test MSE: 0.1007, r (test): -0.0430
Epoch: 85, Training Loss: 0.0293, Train MSE: 0.0293, r (train): 0.8369, Test MSE: 0.0971, r (test): 0.0410
Epoch: 86, Training Loss: 0.0144, Train MSE: 0.0144, r (train): 0.9004, Test MSE: 0.1131, r (test): -0.0681
Epoch: 87, Training Loss: 0.0369, Train MSE: 0.0369, r (train): 0.9055, Test MSE: 0.1773, r (test): -0.1112
Epoch: 88, Training Loss: 0.0486, Train MSE: 0.0486, r (train): 0.9031, Test MSE: 0.1682, r (test): -0.0379
Epoch: 89, Training Loss: 0.0304, Train MSE: 0.0304, r (train): 0.8645, Test MSE: 0.1386, r (test): 0.0804
Epoch: 90, Training Loss: 0.0648, Train MSE: 0.0648, r (train): 0.9124, Test MSE: 0.1970, r (test): -0.0875
Epoch: 91, Training Loss: 0.1156, Train MSE: 0.1156, r (train): 0.8804, Test MSE: 0.2693, r (test): -0.1798
Epoch: 92, Training Loss: 0.0678, Train MSE: 0.0678, r (train): 0.8751, Test MSE: 0.2190, r (test): -0.2022
Epoch: 93, Training Loss: 0.0320, Train MSE: 0.0320, r (train): 0.8928, Test MSE: 0.1722, r (test): -0.2326
Epoch: 94, Training Loss: 0.0134, Train MSE: 0.0134, r (train): 0.9049, Test MSE: 0.1296, r (test): -0.1952
Epoch: 95, Training Loss: 0.0165, Train MSE: 0.0165, r (train): 0.9004, Test MSE: 0.1175, r (test): -0.1849
Epoch: 96, Training Loss: 0.0230, Train MSE: 0.0230, r (train): 0.8543, Test MSE: 0.1075, r (test): -0.2319
Epoch: 97, Training Loss: 0.0206, Train MSE: 0.0206, r (train): 0.8837, Test MSE: 0.1023, r (test): -0.1468
Epoch: 98, Training Loss: 0.0240, Train MSE: 0.0240, r (train): 0.8589, Test MSE: 0.0984, r (test): -0.0923
Epoch: 99, Training Loss: 0.0179, Train MSE: 0.0179, r (train): 0.8912, Test MSE: 0.1118, r (test): -0.0563
Predicted tensors for training set: 
tensor([ 0.3163,  0.8475,  0.5578,  0.7021,  0.9591,  0.1763,  0.4313,  0.4301,
         0.3361,  0.3995,  0.9285,  0.9698,  0.1444,  0.7745,  0.5045,  0.8340,
         0.6508,  0.5727,  0.4122,  0.4429,  0.9046,  0.8668,  0.4846,  0.1757,
         0.8081,  0.7094,  0.6390,  0.4486,  0.2374,  0.7335,  0.3068,  0.7576,
         0.7080,  0.9354,  1.0521,  0.2471,  0.6900,  0.6067,  0.8561,  0.9886,
         1.4066,  1.3144,  0.9831,  0.5878,  0.6827,  0.7832,  0.6626,  0.8174,
         0.8002,  0.4497,  0.8570,  0.1012,  0.4490,  0.8000,  0.3823,  0.1389,
         0.4589,  0.7909,  0.2384,  0.3814,  0.4447,  0.5932,  0.1929, -0.1474,
         0.4521,  0.0840,  0.2195,  0.5282,  0.4970,  0.4323,  0.5546,  0.2932])
Target tensorsfor training set: 
tensor([0.2594, 0.8453, 0.5187, 0.6846, 0.9492, 0.0981, 0.3829, 0.4373, 0.2464,
        0.3309, 0.9072, 0.7901, 0.0246, 0.7171, 0.4654, 0.7950, 0.7372, 0.5783,
        0.3453, 0.4149, 0.9127, 0.9215, 0.5023, 0.0763, 0.8418, 0.7596, 0.5573,
        0.4440, 0.2255, 0.6576, 0.2394, 0.6199, 0.5658, 0.8363, 0.9535, 0.1055,
        0.5779, 0.4818, 0.7791, 0.8561, 0.9656, 0.8988, 0.8411, 0.4993, 0.7125,
        0.7270, 0.5719, 0.6595, 0.8556, 0.4513, 0.9117, 0.1295, 0.5102, 0.9150,
        0.5220, 0.2169, 0.6240, 0.8728, 0.4526, 0.6577, 0.7507, 0.8391, 0.4036,
        0.1218, 0.7371, 0.1493, 0.3077, 0.6465, 0.5780, 0.5300, 0.5564, 0.2649])
Correlation for training set: 0.891222972221031
Predicted tensors for test set: 
tensor([0.5805, 0.5175, 0.5200, 0.7142, 0.6467, 0.4206, 0.3772, 0.5094, 0.4960,
        0.6799, 0.4765, 0.5831, 0.3710, 0.6090, 0.5585, 0.7572, 0.5568, 0.5770])
Target tensors for test set: 
tensor([0.6992, 0.9621, 0.0389, 0.7144, 0.3174, 0.1360, 0.8524, 0.0636, 0.5178,
        0.1294, 0.0478, 0.2916, 0.4341, 0.4640, 0.6671, 0.2271, 0.7497, 0.7462])
Correlation for test set: -0.05630083228290717
Fold 3
Epoch: 00, Training Loss: 0.0887, Train MSE: 0.0887, r (train): 0.0247, Test MSE: 0.1620, r (test): -0.2912
Epoch: 01, Training Loss: 0.2132, Train MSE: 0.2132, r (train): 0.1451, Test MSE: 0.2829, r (test): 0.4430
Epoch: 02, Training Loss: 0.1318, Train MSE: 0.1318, r (train): 0.2270, Test MSE: 0.1873, r (test): 0.4050
Epoch: 03, Training Loss: 0.0661, Train MSE: 0.0661, r (train): 0.3219, Test MSE: 0.0690, r (test): 0.4713
Epoch: 04, Training Loss: 0.0632, Train MSE: 0.0632, r (train): 0.3451, Test MSE: 0.0586, r (test): 0.5109
Epoch: 05, Training Loss: 0.0613, Train MSE: 0.0613, r (train): 0.3762, Test MSE: 0.0600, r (test): 0.4977
Epoch: 06, Training Loss: 0.0601, Train MSE: 0.0601, r (train): 0.3997, Test MSE: 0.0552, r (test): 0.5428
Epoch: 07, Training Loss: 0.0596, Train MSE: 0.0596, r (train): 0.4063, Test MSE: 0.0579, r (test): 0.5124
Epoch: 08, Training Loss: 0.0594, Train MSE: 0.0594, r (train): 0.4119, Test MSE: 0.0552, r (test): 0.5423
Epoch: 09, Training Loss: 0.0588, Train MSE: 0.0588, r (train): 0.4222, Test MSE: 0.0652, r (test): 0.4790
Epoch: 10, Training Loss: 0.0572, Train MSE: 0.0572, r (train): 0.4522, Test MSE: 0.0536, r (test): 0.5801
Epoch: 11, Training Loss: 0.0583, Train MSE: 0.0583, r (train): 0.4444, Test MSE: 0.0571, r (test): 0.5117
Epoch: 12, Training Loss: 0.0583, Train MSE: 0.0583, r (train): 0.5117, Test MSE: 0.0559, r (test): 0.6984
Epoch: 13, Training Loss: 0.0556, Train MSE: 0.0556, r (train): 0.4724, Test MSE: 0.0577, r (test): 0.5259
Epoch: 14, Training Loss: 0.0540, Train MSE: 0.0540, r (train): 0.5466, Test MSE: 0.0523, r (test): 0.6034
Epoch: 15, Training Loss: 0.0529, Train MSE: 0.0529, r (train): 0.5198, Test MSE: 0.0533, r (test): 0.5503
Epoch: 16, Training Loss: 0.0510, Train MSE: 0.0510, r (train): 0.6153, Test MSE: 0.0539, r (test): 0.6524
Epoch: 17, Training Loss: 0.0532, Train MSE: 0.0532, r (train): 0.5159, Test MSE: 0.0682, r (test): 0.4991
Epoch: 18, Training Loss: 0.0482, Train MSE: 0.0482, r (train): 0.6324, Test MSE: 0.0531, r (test): 0.6938
Epoch: 19, Training Loss: 0.0486, Train MSE: 0.0486, r (train): 0.5722, Test MSE: 0.0632, r (test): 0.5199
Epoch: 20, Training Loss: 0.0446, Train MSE: 0.0446, r (train): 0.7314, Test MSE: 0.0550, r (test): 0.5282
Epoch: 21, Training Loss: 0.0403, Train MSE: 0.0403, r (train): 0.6610, Test MSE: 0.1044, r (test): 0.4313
Epoch: 22, Training Loss: 0.0345, Train MSE: 0.0345, r (train): 0.7499, Test MSE: 0.0909, r (test): 0.4175
Epoch: 23, Training Loss: 0.0536, Train MSE: 0.0536, r (train): 0.6129, Test MSE: 0.1555, r (test): 0.4423
Epoch: 24, Training Loss: 0.0570, Train MSE: 0.0570, r (train): 0.4672, Test MSE: 0.0531, r (test): 0.5675
Epoch: 25, Training Loss: 0.1013, Train MSE: 0.1013, r (train): 0.4602, Test MSE: 0.2246, r (test): 0.4306
Epoch: 26, Training Loss: 0.0689, Train MSE: 0.0689, r (train): 0.6278, Test MSE: 0.1511, r (test): 0.4267
Epoch: 27, Training Loss: 0.0335, Train MSE: 0.0335, r (train): 0.7682, Test MSE: 0.0829, r (test): 0.4143
Epoch: 28, Training Loss: 0.0250, Train MSE: 0.0250, r (train): 0.8436, Test MSE: 0.0640, r (test): 0.4550
Epoch: 29, Training Loss: 0.0184, Train MSE: 0.0184, r (train): 0.8662, Test MSE: 0.0769, r (test): 0.4335
Epoch: 30, Training Loss: 0.0181, Train MSE: 0.0181, r (train): 0.8881, Test MSE: 0.0642, r (test): 0.4530
Epoch: 31, Training Loss: 0.0203, Train MSE: 0.0203, r (train): 0.8667, Test MSE: 0.0623, r (test): 0.5309
Epoch: 32, Training Loss: 0.0210, Train MSE: 0.0210, r (train): 0.8571, Test MSE: 0.0714, r (test): 0.4867
Epoch: 33, Training Loss: 0.0183, Train MSE: 0.0183, r (train): 0.9079, Test MSE: 0.0745, r (test): 0.4655
Epoch: 34, Training Loss: 0.0190, Train MSE: 0.0190, r (train): 0.9070, Test MSE: 0.0726, r (test): 0.5022
Epoch: 35, Training Loss: 0.0173, Train MSE: 0.0173, r (train): 0.9382, Test MSE: 0.0742, r (test): 0.4876
Epoch: 36, Training Loss: 0.0386, Train MSE: 0.0386, r (train): 0.9316, Test MSE: 0.0705, r (test): 0.5484
Epoch: 37, Training Loss: 0.0358, Train MSE: 0.0358, r (train): 0.9284, Test MSE: 0.0723, r (test): 0.5327
Epoch: 38, Training Loss: 0.0393, Train MSE: 0.0393, r (train): 0.9277, Test MSE: 0.0731, r (test): 0.5217
Epoch: 39, Training Loss: 0.0384, Train MSE: 0.0384, r (train): 0.8869, Test MSE: 0.0632, r (test): 0.5471
Epoch: 40, Training Loss: 0.0367, Train MSE: 0.0367, r (train): 0.8865, Test MSE: 0.0737, r (test): 0.4297
Epoch: 41, Training Loss: 0.0270, Train MSE: 0.0270, r (train): 0.8794, Test MSE: 0.0573, r (test): 0.5383
Epoch: 42, Training Loss: 0.0195, Train MSE: 0.0195, r (train): 0.8684, Test MSE: 0.0773, r (test): 0.4251
Epoch: 43, Training Loss: 0.0176, Train MSE: 0.0176, r (train): 0.8831, Test MSE: 0.0773, r (test): 0.5234
Epoch: 44, Training Loss: 0.0414, Train MSE: 0.0414, r (train): 0.8356, Test MSE: 0.0966, r (test): 0.5252
Epoch: 45, Training Loss: 0.0733, Train MSE: 0.0733, r (train): 0.7940, Test MSE: 0.1341, r (test): 0.5246
Epoch: 46, Training Loss: 0.0834, Train MSE: 0.0834, r (train): 0.8334, Test MSE: 0.1849, r (test): 0.5151
Epoch: 47, Training Loss: 0.0656, Train MSE: 0.0656, r (train): 0.8123, Test MSE: 0.1170, r (test): 0.5343
Epoch: 48, Training Loss: 0.0509, Train MSE: 0.0509, r (train): 0.8305, Test MSE: 0.0875, r (test): 0.5476
Epoch: 49, Training Loss: 0.0342, Train MSE: 0.0342, r (train): 0.7833, Test MSE: 0.0774, r (test): 0.4808
Epoch: 50, Training Loss: 0.0197, Train MSE: 0.0197, r (train): 0.8757, Test MSE: 0.0716, r (test): 0.5067
Epoch: 51, Training Loss: 0.0226, Train MSE: 0.0226, r (train): 0.8771, Test MSE: 0.0619, r (test): 0.4420
Epoch: 52, Training Loss: 0.0581, Train MSE: 0.0581, r (train): 0.8890, Test MSE: 0.0778, r (test): 0.4409
Epoch: 53, Training Loss: 0.0846, Train MSE: 0.0846, r (train): 0.8731, Test MSE: 0.1001, r (test): 0.4430
Epoch: 54, Training Loss: 0.0907, Train MSE: 0.0907, r (train): 0.8880, Test MSE: 0.1000, r (test): 0.4485
Epoch: 55, Training Loss: 0.0350, Train MSE: 0.0350, r (train): 0.8686, Test MSE: 0.0776, r (test): 0.3755
Epoch: 56, Training Loss: 0.0164, Train MSE: 0.0164, r (train): 0.8809, Test MSE: 0.0668, r (test): 0.4866
Epoch: 57, Training Loss: 0.0181, Train MSE: 0.0181, r (train): 0.8764, Test MSE: 0.0674, r (test): 0.4968
Epoch: 58, Training Loss: 0.0231, Train MSE: 0.0231, r (train): 0.8888, Test MSE: 0.0755, r (test): 0.5175
Epoch: 59, Training Loss: 0.0226, Train MSE: 0.0226, r (train): 0.9114, Test MSE: 0.0541, r (test): 0.5357
Epoch: 60, Training Loss: 0.0753, Train MSE: 0.0753, r (train): 0.9027, Test MSE: 0.0857, r (test): 0.5642
Epoch: 61, Training Loss: 0.0420, Train MSE: 0.0420, r (train): 0.9230, Test MSE: 0.0672, r (test): 0.5211
Epoch: 62, Training Loss: 0.0133, Train MSE: 0.0133, r (train): 0.9191, Test MSE: 0.0519, r (test): 0.5661
Epoch: 63, Training Loss: 0.0135, Train MSE: 0.0135, r (train): 0.9048, Test MSE: 0.0565, r (test): 0.5334
Epoch: 64, Training Loss: 0.0252, Train MSE: 0.0252, r (train): 0.9127, Test MSE: 0.0534, r (test): 0.5563
Epoch: 65, Training Loss: 0.0923, Train MSE: 0.0923, r (train): 0.9292, Test MSE: 0.0842, r (test): 0.6161
Epoch: 66, Training Loss: 0.0903, Train MSE: 0.0903, r (train): 0.9059, Test MSE: 0.0912, r (test): 0.6073
Epoch: 67, Training Loss: 0.0254, Train MSE: 0.0254, r (train): 0.9078, Test MSE: 0.0476, r (test): 0.6155
Epoch: 68, Training Loss: 0.0147, Train MSE: 0.0147, r (train): 0.8990, Test MSE: 0.0500, r (test): 0.5964
Epoch: 69, Training Loss: 0.0217, Train MSE: 0.0217, r (train): 0.9120, Test MSE: 0.0513, r (test): 0.5670
Epoch: 70, Training Loss: 0.0661, Train MSE: 0.0661, r (train): 0.9172, Test MSE: 0.0574, r (test): 0.6622
Epoch: 71, Training Loss: 0.1278, Train MSE: 0.1278, r (train): 0.8870, Test MSE: 0.1104, r (test): 0.5856
Epoch: 72, Training Loss: 0.0431, Train MSE: 0.0431, r (train): 0.9095, Test MSE: 0.0479, r (test): 0.6992
Epoch: 73, Training Loss: 0.0157, Train MSE: 0.0157, r (train): 0.9088, Test MSE: 0.0506, r (test): 0.5949
Epoch: 74, Training Loss: 0.0200, Train MSE: 0.0200, r (train): 0.9011, Test MSE: 0.0541, r (test): 0.5369
Epoch: 75, Training Loss: 0.0205, Train MSE: 0.0205, r (train): 0.9171, Test MSE: 0.0523, r (test): 0.5705
Epoch: 76, Training Loss: 0.0377, Train MSE: 0.0377, r (train): 0.8985, Test MSE: 0.0562, r (test): 0.6113
Epoch: 77, Training Loss: 0.0978, Train MSE: 0.0978, r (train): 0.8950, Test MSE: 0.1074, r (test): 0.4095
Epoch: 78, Training Loss: 0.0709, Train MSE: 0.0709, r (train): 0.8926, Test MSE: 0.0937, r (test): 0.3690
Epoch: 79, Training Loss: 0.0200, Train MSE: 0.0200, r (train): 0.9084, Test MSE: 0.0439, r (test): 0.6765
Epoch: 80, Training Loss: 0.0129, Train MSE: 0.0129, r (train): 0.9081, Test MSE: 0.0562, r (test): 0.5374
Epoch: 81, Training Loss: 0.0114, Train MSE: 0.0114, r (train): 0.9248, Test MSE: 0.0622, r (test): 0.4480
Epoch: 82, Training Loss: 0.0287, Train MSE: 0.0287, r (train): 0.9337, Test MSE: 0.0557, r (test): 0.5792
Epoch: 83, Training Loss: 0.0637, Train MSE: 0.0637, r (train): 0.9307, Test MSE: 0.0677, r (test): 0.6324
Epoch: 84, Training Loss: 0.0361, Train MSE: 0.0361, r (train): 0.9452, Test MSE: 0.0632, r (test): 0.5796
Epoch: 85, Training Loss: 0.0120, Train MSE: 0.0120, r (train): 0.9128, Test MSE: 0.0586, r (test): 0.5373
Epoch: 86, Training Loss: 0.0102, Train MSE: 0.0102, r (train): 0.9432, Test MSE: 0.0619, r (test): 0.4284
Epoch: 87, Training Loss: 0.0153, Train MSE: 0.0153, r (train): 0.9470, Test MSE: 0.0555, r (test): 0.5202
Epoch: 88, Training Loss: 0.0341, Train MSE: 0.0341, r (train): 0.9426, Test MSE: 0.0568, r (test): 0.6690
Epoch: 89, Training Loss: 0.0512, Train MSE: 0.0512, r (train): 0.9283, Test MSE: 0.0997, r (test): 0.2127
Epoch: 90, Training Loss: 0.0741, Train MSE: 0.0741, r (train): 0.9114, Test MSE: 0.0942, r (test): 0.4845
Epoch: 91, Training Loss: 0.0098, Train MSE: 0.0098, r (train): 0.9333, Test MSE: 0.0641, r (test): 0.4099
Epoch: 92, Training Loss: 0.0122, Train MSE: 0.0122, r (train): 0.9361, Test MSE: 0.0644, r (test): 0.4979
Epoch: 93, Training Loss: 0.0133, Train MSE: 0.0133, r (train): 0.9471, Test MSE: 0.0692, r (test): 0.5704
Epoch: 94, Training Loss: 0.0505, Train MSE: 0.0505, r (train): 0.8858, Test MSE: 0.0746, r (test): 0.3521
Epoch: 95, Training Loss: 0.0966, Train MSE: 0.0966, r (train): 0.9292, Test MSE: 0.1997, r (test): -0.0454
Epoch: 96, Training Loss: 0.0110, Train MSE: 0.0110, r (train): 0.9261, Test MSE: 0.0763, r (test): 0.1862
Epoch: 97, Training Loss: 0.0098, Train MSE: 0.0098, r (train): 0.9547, Test MSE: 0.0751, r (test): 0.2992
Epoch: 98, Training Loss: 0.0058, Train MSE: 0.0058, r (train): 0.9697, Test MSE: 0.0707, r (test): 0.3404
Epoch: 99, Training Loss: 0.0108, Train MSE: 0.0108, r (train): 0.9695, Test MSE: 0.0640, r (test): 0.4245
Predicted tensors for training set: 
tensor([ 0.3429,  0.9030,  0.5705,  0.8520,  1.0638,  0.1715,  0.4778,  0.4113,
         0.3139,  0.4323,  1.0399,  0.8569,  0.0946,  0.7325,  0.5194,  0.8344,
         0.8119,  0.4490,  0.6970,  0.8815, -0.0300,  0.6662,  0.3216,  0.2262,
         0.7724,  0.0575,  0.5105,  0.1425,  0.0422,  0.3025,  0.4019,  0.5169,
         0.7599,  0.3181,  0.8540,  0.8493,  0.7381,  0.6335,  0.9663,  1.0754,
         1.1874,  1.0815,  1.0374,  0.6515,  0.9041,  0.9684,  0.7478,  0.8220,
         0.9817,  0.6050,  1.0621,  0.2301,  0.6188,  1.0305,  0.6136,  0.2971,
         0.7092,  0.9267,  0.5092,  0.7040,  0.7757,  0.8882,  0.4148,  0.1841,
         0.7637,  0.1664,  0.3163,  0.6687,  0.5880,  0.5406,  0.5711,  0.3061])
Target tensorsfor training set: 
tensor([0.2594, 0.8453, 0.5187, 0.6846, 0.9492, 0.0981, 0.3829, 0.4373, 0.2464,
        0.3309, 0.9072, 0.7901, 0.0246, 0.7171, 0.4654, 0.7950, 0.7372, 0.5783,
        0.6992, 0.9621, 0.0389, 0.7144, 0.3174, 0.1360, 0.8524, 0.0636, 0.5178,
        0.1294, 0.0478, 0.2916, 0.4341, 0.4640, 0.6671, 0.2271, 0.7497, 0.7462,
        0.5779, 0.4818, 0.7791, 0.8561, 0.9656, 0.8988, 0.8411, 0.4993, 0.7125,
        0.7270, 0.5719, 0.6595, 0.8556, 0.4513, 0.9117, 0.1295, 0.5102, 0.9150,
        0.5220, 0.2169, 0.6240, 0.8728, 0.4526, 0.6577, 0.7507, 0.8391, 0.4036,
        0.1218, 0.7371, 0.1493, 0.3077, 0.6465, 0.5780, 0.5300, 0.5564, 0.2649])
Correlation for training set: 0.9695324139660945
Predicted tensors for test set: 
tensor([0.4100, 0.6964, 0.7095, 0.6864, 0.4888, 0.4899, 0.6988, 0.5870, 0.4647,
        0.5847, 0.6496, 0.6537, 0.4826, 0.5366, 0.7183, 0.6092, 0.6020, 0.6322])
Target tensors for test set: 
tensor([0.3453, 0.4149, 0.9127, 0.9215, 0.5023, 0.0763, 0.8418, 0.7596, 0.5573,
        0.4440, 0.2255, 0.6576, 0.2394, 0.6199, 0.5658, 0.8363, 0.9535, 0.1055])
Correlation for test set: 0.4245025877192018
Fold 4
Epoch: 00, Training Loss: 0.0658, Train MSE: 0.0658, r (train): 0.3231, Test MSE: 0.0767, r (test): 0.0520
Epoch: 01, Training Loss: 0.0659, Train MSE: 0.0659, r (train): 0.3531, Test MSE: 0.1193, r (test): -0.0193
Epoch: 02, Training Loss: 0.0681, Train MSE: 0.0681, r (train): 0.3263, Test MSE: 0.0757, r (test): 0.0123
Epoch: 03, Training Loss: 0.0708, Train MSE: 0.0708, r (train): 0.4114, Test MSE: 0.0604, r (test): 0.0118
Epoch: 04, Training Loss: 0.0606, Train MSE: 0.0606, r (train): 0.4142, Test MSE: 0.0990, r (test): -0.0292
Epoch: 05, Training Loss: 0.0611, Train MSE: 0.0611, r (train): 0.4075, Test MSE: 0.0925, r (test): -0.0348
Epoch: 06, Training Loss: 0.0665, Train MSE: 0.0665, r (train): 0.4922, Test MSE: 0.0606, r (test): -0.0092
Epoch: 07, Training Loss: 0.0596, Train MSE: 0.0596, r (train): 0.4876, Test MSE: 0.0745, r (test): -0.0462
Epoch: 08, Training Loss: 0.0578, Train MSE: 0.0578, r (train): 0.4687, Test MSE: 0.0910, r (test): -0.0543
Epoch: 09, Training Loss: 0.0615, Train MSE: 0.0615, r (train): 0.5421, Test MSE: 0.0681, r (test): -0.0651
Epoch: 10, Training Loss: 0.0587, Train MSE: 0.0587, r (train): 0.5746, Test MSE: 0.0675, r (test): -0.0692
Epoch: 11, Training Loss: 0.0536, Train MSE: 0.0536, r (train): 0.5354, Test MSE: 0.0912, r (test): -0.0616
Epoch: 12, Training Loss: 0.0537, Train MSE: 0.0537, r (train): 0.5650, Test MSE: 0.0816, r (test): -0.0628
Epoch: 13, Training Loss: 0.0532, Train MSE: 0.0532, r (train): 0.6590, Test MSE: 0.0694, r (test): -0.0813
Epoch: 14, Training Loss: 0.0488, Train MSE: 0.0488, r (train): 0.6420, Test MSE: 0.0773, r (test): -0.0469
Epoch: 15, Training Loss: 0.0482, Train MSE: 0.0482, r (train): 0.6360, Test MSE: 0.0808, r (test): -0.0328
Epoch: 16, Training Loss: 0.0477, Train MSE: 0.0477, r (train): 0.6017, Test MSE: 0.0923, r (test): -0.0675
Epoch: 17, Training Loss: 0.0583, Train MSE: 0.0583, r (train): 0.5608, Test MSE: 0.1586, r (test): -0.0843
Epoch: 18, Training Loss: 0.0503, Train MSE: 0.0503, r (train): 0.5746, Test MSE: 0.0847, r (test): -0.0276
Epoch: 19, Training Loss: 0.0511, Train MSE: 0.0511, r (train): 0.7628, Test MSE: 0.0602, r (test): -0.0188
Epoch: 20, Training Loss: 0.0362, Train MSE: 0.0362, r (train): 0.7348, Test MSE: 0.0942, r (test): -0.0411
Epoch: 21, Training Loss: 0.0362, Train MSE: 0.0362, r (train): 0.7614, Test MSE: 0.1255, r (test): -0.0751
Epoch: 22, Training Loss: 0.0305, Train MSE: 0.0305, r (train): 0.8069, Test MSE: 0.1024, r (test): -0.0327
Epoch: 23, Training Loss: 0.0237, Train MSE: 0.0237, r (train): 0.8768, Test MSE: 0.0877, r (test): -0.1082
Epoch: 24, Training Loss: 0.0248, Train MSE: 0.0248, r (train): 0.8618, Test MSE: 0.0748, r (test): -0.0324
Epoch: 25, Training Loss: 0.0206, Train MSE: 0.0206, r (train): 0.8890, Test MSE: 0.0730, r (test): -0.0659
Epoch: 26, Training Loss: 0.0183, Train MSE: 0.0183, r (train): 0.8731, Test MSE: 0.0847, r (test): -0.0144
Epoch: 27, Training Loss: 0.0285, Train MSE: 0.0285, r (train): 0.8800, Test MSE: 0.0604, r (test): 0.0614
Epoch: 28, Training Loss: 0.0271, Train MSE: 0.0271, r (train): 0.8565, Test MSE: 0.0770, r (test): -0.1617
Epoch: 29, Training Loss: 0.0247, Train MSE: 0.0247, r (train): 0.8479, Test MSE: 0.1365, r (test): -0.1169
Epoch: 30, Training Loss: 0.0143, Train MSE: 0.0143, r (train): 0.8994, Test MSE: 0.0810, r (test): -0.0610
Epoch: 31, Training Loss: 0.0578, Train MSE: 0.0578, r (train): 0.7929, Test MSE: 0.2135, r (test): -0.1162
Epoch: 32, Training Loss: 0.0306, Train MSE: 0.0306, r (train): 0.8822, Test MSE: 0.1607, r (test): -0.1967
Epoch: 33, Training Loss: 0.0622, Train MSE: 0.0622, r (train): 0.8540, Test MSE: 0.2140, r (test): -0.1352
Epoch: 34, Training Loss: 0.0450, Train MSE: 0.0450, r (train): 0.8059, Test MSE: 0.0598, r (test): 0.0792
Epoch: 35, Training Loss: 0.0199, Train MSE: 0.0199, r (train): 0.8904, Test MSE: 0.0522, r (test): 0.2885
Epoch: 36, Training Loss: 0.0293, Train MSE: 0.0293, r (train): 0.8152, Test MSE: 0.0663, r (test): 0.1140
Epoch: 37, Training Loss: 0.0183, Train MSE: 0.0183, r (train): 0.8782, Test MSE: 0.1062, r (test): -0.0143
Epoch: 38, Training Loss: 0.0124, Train MSE: 0.0124, r (train): 0.9447, Test MSE: 0.0679, r (test): 0.1047
Epoch: 39, Training Loss: 0.0175, Train MSE: 0.0175, r (train): 0.9565, Test MSE: 0.0626, r (test): 0.0692
Epoch: 40, Training Loss: 0.0286, Train MSE: 0.0286, r (train): 0.9598, Test MSE: 0.0569, r (test): 0.0689
Epoch: 41, Training Loss: 0.0340, Train MSE: 0.0340, r (train): 0.9506, Test MSE: 0.0569, r (test): 0.0867
Epoch: 42, Training Loss: 0.0542, Train MSE: 0.0542, r (train): 0.9428, Test MSE: 0.0600, r (test): 0.0821
Epoch: 43, Training Loss: 0.0679, Train MSE: 0.0679, r (train): 0.9289, Test MSE: 0.0615, r (test): 0.0431
Epoch: 44, Training Loss: 0.0783, Train MSE: 0.0783, r (train): 0.9170, Test MSE: 0.0620, r (test): 0.0720
Epoch: 45, Training Loss: 0.0491, Train MSE: 0.0491, r (train): 0.9068, Test MSE: 0.0635, r (test): -0.0402
Epoch: 46, Training Loss: 0.0484, Train MSE: 0.0484, r (train): 0.8997, Test MSE: 0.0612, r (test): -0.0040
Epoch: 47, Training Loss: 0.0267, Train MSE: 0.0267, r (train): 0.8798, Test MSE: 0.0669, r (test): 0.0989
Epoch: 48, Training Loss: 0.0167, Train MSE: 0.0167, r (train): 0.8796, Test MSE: 0.1103, r (test): -0.0899
Epoch: 49, Training Loss: 0.0327, Train MSE: 0.0327, r (train): 0.8353, Test MSE: 0.1550, r (test): -0.0957
Epoch: 50, Training Loss: 0.0285, Train MSE: 0.0285, r (train): 0.9004, Test MSE: 0.1494, r (test): -0.1156
Epoch: 51, Training Loss: 0.0367, Train MSE: 0.0367, r (train): 0.9181, Test MSE: 0.1798, r (test): -0.1173
Epoch: 52, Training Loss: 0.0321, Train MSE: 0.0321, r (train): 0.9256, Test MSE: 0.1669, r (test): -0.0808
Epoch: 53, Training Loss: 0.0358, Train MSE: 0.0358, r (train): 0.9337, Test MSE: 0.1766, r (test): -0.2197
Epoch: 54, Training Loss: 0.0320, Train MSE: 0.0320, r (train): 0.9222, Test MSE: 0.1584, r (test): -0.1362
Epoch: 55, Training Loss: 0.0148, Train MSE: 0.0148, r (train): 0.9179, Test MSE: 0.1140, r (test): -0.0322
Epoch: 56, Training Loss: 0.0137, Train MSE: 0.0137, r (train): 0.9213, Test MSE: 0.0872, r (test): 0.0367
Epoch: 57, Training Loss: 0.0324, Train MSE: 0.0324, r (train): 0.9328, Test MSE: 0.0647, r (test): 0.0036
Epoch: 58, Training Loss: 0.0217, Train MSE: 0.0217, r (train): 0.9327, Test MSE: 0.0650, r (test): 0.0712
Epoch: 59, Training Loss: 0.0341, Train MSE: 0.0341, r (train): 0.9288, Test MSE: 0.0670, r (test): -0.0487
Epoch: 60, Training Loss: 0.0773, Train MSE: 0.0773, r (train): 0.9205, Test MSE: 0.0776, r (test): -0.0056
Epoch: 61, Training Loss: 0.0662, Train MSE: 0.0662, r (train): 0.9077, Test MSE: 0.0714, r (test): 0.0053
Epoch: 62, Training Loss: 0.0470, Train MSE: 0.0470, r (train): 0.8949, Test MSE: 0.0725, r (test): 0.0030
Epoch: 63, Training Loss: 0.0171, Train MSE: 0.0171, r (train): 0.8831, Test MSE: 0.1021, r (test): -0.0705
Epoch: 64, Training Loss: 0.0156, Train MSE: 0.0156, r (train): 0.8941, Test MSE: 0.1287, r (test): -0.0703
Epoch: 65, Training Loss: 0.0319, Train MSE: 0.0319, r (train): 0.8934, Test MSE: 0.1631, r (test): -0.0561
Epoch: 66, Training Loss: 0.0497, Train MSE: 0.0497, r (train): 0.8928, Test MSE: 0.2244, r (test): -0.1085
Epoch: 67, Training Loss: 0.0435, Train MSE: 0.0435, r (train): 0.8752, Test MSE: 0.2103, r (test): -0.3288
Epoch: 68, Training Loss: 0.0196, Train MSE: 0.0196, r (train): 0.8973, Test MSE: 0.1453, r (test): -0.0894
Epoch: 69, Training Loss: 0.0213, Train MSE: 0.0213, r (train): 0.8879, Test MSE: 0.0904, r (test): -0.0400
Epoch: 70, Training Loss: 0.0205, Train MSE: 0.0205, r (train): 0.9120, Test MSE: 0.0996, r (test): -0.1066
Epoch: 71, Training Loss: 0.0570, Train MSE: 0.0570, r (train): 0.9074, Test MSE: 0.0727, r (test): -0.0207
Epoch: 72, Training Loss: 0.0931, Train MSE: 0.0931, r (train): 0.9288, Test MSE: 0.0726, r (test): -0.0263
Epoch: 73, Training Loss: 0.0264, Train MSE: 0.0264, r (train): 0.9108, Test MSE: 0.0880, r (test): -0.1031
Epoch: 74, Training Loss: 0.0118, Train MSE: 0.0118, r (train): 0.9231, Test MSE: 0.1178, r (test): -0.1267
Epoch: 75, Training Loss: 0.0124, Train MSE: 0.0124, r (train): 0.9358, Test MSE: 0.1162, r (test): 0.0299
Epoch: 76, Training Loss: 0.0169, Train MSE: 0.0169, r (train): 0.9601, Test MSE: 0.1599, r (test): -0.1972
Epoch: 77, Training Loss: 0.0092, Train MSE: 0.0092, r (train): 0.9446, Test MSE: 0.1297, r (test): -0.1840
Epoch: 78, Training Loss: 0.0265, Train MSE: 0.0265, r (train): 0.9319, Test MSE: 0.0733, r (test): -0.1276
Epoch: 79, Training Loss: 0.0743, Train MSE: 0.0743, r (train): 0.9164, Test MSE: 0.0747, r (test): -0.0057
Epoch: 80, Training Loss: 0.0141, Train MSE: 0.0141, r (train): 0.9297, Test MSE: 0.0903, r (test): -0.1106
Epoch: 81, Training Loss: 0.0162, Train MSE: 0.0162, r (train): 0.9304, Test MSE: 0.1248, r (test): 0.0282
Epoch: 82, Training Loss: 0.0472, Train MSE: 0.0472, r (train): 0.9073, Test MSE: 0.1920, r (test): 0.1450
Epoch: 83, Training Loss: 0.0066, Train MSE: 0.0066, r (train): 0.9655, Test MSE: 0.1242, r (test): -0.2474
Epoch: 84, Training Loss: 0.0116, Train MSE: 0.0116, r (train): 0.9387, Test MSE: 0.0939, r (test): -0.2119
Epoch: 85, Training Loss: 0.0514, Train MSE: 0.0514, r (train): 0.9439, Test MSE: 0.0635, r (test): -0.0475
Epoch: 86, Training Loss: 0.0352, Train MSE: 0.0352, r (train): 0.9396, Test MSE: 0.0651, r (test): -0.0398
Epoch: 87, Training Loss: 0.0115, Train MSE: 0.0115, r (train): 0.9434, Test MSE: 0.1134, r (test): -0.1084
Epoch: 88, Training Loss: 0.0211, Train MSE: 0.0211, r (train): 0.9532, Test MSE: 0.1584, r (test): -0.1178
Epoch: 89, Training Loss: 0.0166, Train MSE: 0.0166, r (train): 0.9403, Test MSE: 0.1414, r (test): -0.2645
Epoch: 90, Training Loss: 0.0121, Train MSE: 0.0121, r (train): 0.9254, Test MSE: 0.0897, r (test): -0.0834
Epoch: 91, Training Loss: 0.0488, Train MSE: 0.0488, r (train): 0.9267, Test MSE: 0.0693, r (test): -0.0663
Epoch: 92, Training Loss: 0.0515, Train MSE: 0.0515, r (train): 0.9387, Test MSE: 0.0648, r (test): -0.0536
Epoch: 93, Training Loss: 0.0253, Train MSE: 0.0253, r (train): 0.9469, Test MSE: 0.0655, r (test): -0.0727
Epoch: 94, Training Loss: 0.0059, Train MSE: 0.0059, r (train): 0.9602, Test MSE: 0.1126, r (test): -0.2943
Epoch: 95, Training Loss: 0.0280, Train MSE: 0.0280, r (train): 0.9656, Test MSE: 0.1532, r (test): -0.0986
Epoch: 96, Training Loss: 0.0243, Train MSE: 0.0243, r (train): 0.9429, Test MSE: 0.1483, r (test): -0.1920
Epoch: 97, Training Loss: 0.0100, Train MSE: 0.0100, r (train): 0.9443, Test MSE: 0.0817, r (test): -0.0386
Epoch: 98, Training Loss: 0.0264, Train MSE: 0.0264, r (train): 0.9469, Test MSE: 0.0526, r (test): 0.1373
Epoch: 99, Training Loss: 0.0526, Train MSE: 0.0526, r (train): 0.8078, Test MSE: 0.0666, r (test): 0.0124
Predicted tensors for training set: 
tensor([0.2450, 0.8526, 0.5493, 0.7698, 0.9304, 0.1626, 0.4795, 0.4657, 0.2951,
        0.4325, 1.0953, 0.9656, 0.2213, 0.9177, 0.5664, 1.0023, 0.9308, 0.7852,
        0.9558, 1.0966, 0.2377, 0.9490, 0.4501, 0.3543, 0.9226, 0.2790, 0.6418,
        0.2837, 0.3081, 0.4050, 0.5656, 0.6402, 0.7101, 0.3468, 0.7793, 0.7369,
        0.4144, 0.4487, 0.8526, 0.8783, 0.5171, 0.1743, 0.7746, 0.7800, 0.6341,
        0.5292, 1.4820, 0.7530, 0.3519, 0.8157, 0.7261, 1.0705, 1.1848, 0.3881,
        0.7223, 0.3879, 0.8461, 1.1767, 1.2663, 0.8905, 0.9062, 0.9966, 0.5780,
        0.3090, 0.8682, 0.2756, 0.3802, 0.7060, 0.6759, 0.5464, 0.6345, 0.2824])
Target tensorsfor training set: 
tensor([0.2594, 0.8453, 0.5187, 0.6846, 0.9492, 0.0981, 0.3829, 0.4373, 0.2464,
        0.3309, 0.9072, 0.7901, 0.0246, 0.7171, 0.4654, 0.7950, 0.7372, 0.5783,
        0.6992, 0.9621, 0.0389, 0.7144, 0.3174, 0.1360, 0.8524, 0.0636, 0.5178,
        0.1294, 0.0478, 0.2916, 0.4341, 0.4640, 0.6671, 0.2271, 0.7497, 0.7462,
        0.3453, 0.4149, 0.9127, 0.9215, 0.5023, 0.0763, 0.8418, 0.7596, 0.5573,
        0.4440, 0.2255, 0.6576, 0.2394, 0.6199, 0.5658, 0.8363, 0.9535, 0.1055,
        0.5220, 0.2169, 0.6240, 0.8728, 0.4526, 0.6577, 0.7507, 0.8391, 0.4036,
        0.1218, 0.7371, 0.1493, 0.3077, 0.6465, 0.5780, 0.5300, 0.5564, 0.2649])
Correlation for training set: 0.8078466952190232
Predicted tensors for test set: 
tensor([0.7613, 0.5240, 0.5348, 0.7373, 0.5194, 0.7101, 0.5071, 0.5994, 0.5677,
        0.5113, 0.5271, 0.4040, 0.5250, 0.7301, 0.4758, 0.5246, 0.7461, 0.8168])
Target tensors for test set: 
tensor([0.5779, 0.4818, 0.7791, 0.8561, 0.9656, 0.8988, 0.8411, 0.4993, 0.7125,
        0.7270, 0.5719, 0.6595, 0.8556, 0.4513, 0.9117, 0.1295, 0.5102, 0.9150])
Correlation for test set: 0.01242973400466257
Fold 5
Epoch: 00, Training Loss: 0.1475, Train MSE: 0.1475, r (train): 0.1860, Test MSE: 0.1589, r (test): 0.4240
Epoch: 01, Training Loss: 0.1028, Train MSE: 0.1028, r (train): 0.0717, Test MSE: 0.1067, r (test): 0.0281
Epoch: 02, Training Loss: 0.1063, Train MSE: 0.1063, r (train): 0.1494, Test MSE: 0.1189, r (test): 0.0100
Epoch: 03, Training Loss: 0.0955, Train MSE: 0.0955, r (train): 0.1884, Test MSE: 0.0863, r (test): 0.2865
Epoch: 04, Training Loss: 0.1105, Train MSE: 0.1105, r (train): 0.1827, Test MSE: 0.1271, r (test): -0.0115
Epoch: 05, Training Loss: 0.0951, Train MSE: 0.0951, r (train): 0.2767, Test MSE: 0.0895, r (test): 0.3196
Epoch: 06, Training Loss: 0.1043, Train MSE: 0.1043, r (train): 0.2224, Test MSE: 0.1093, r (test): 0.1300
Epoch: 07, Training Loss: 0.1062, Train MSE: 0.1062, r (train): 0.2830, Test MSE: 0.1231, r (test): 0.0603
Epoch: 08, Training Loss: 0.0902, Train MSE: 0.0902, r (train): 0.3484, Test MSE: 0.0792, r (test): 0.3976
Epoch: 09, Training Loss: 0.1104, Train MSE: 0.1104, r (train): 0.2847, Test MSE: 0.1404, r (test): -0.0505
Epoch: 10, Training Loss: 0.0723, Train MSE: 0.0723, r (train): 0.4299, Test MSE: 0.0552, r (test): 0.4806
Epoch: 11, Training Loss: 0.1254, Train MSE: 0.1254, r (train): 0.2141, Test MSE: 0.1642, r (test): -0.1500
Epoch: 12, Training Loss: 0.0983, Train MSE: 0.0983, r (train): 0.4475, Test MSE: 0.1152, r (test): 0.2225
Epoch: 13, Training Loss: 0.0804, Train MSE: 0.0804, r (train): 0.2656, Test MSE: 0.0766, r (test): 0.4843
Epoch: 14, Training Loss: 0.1804, Train MSE: 0.1804, r (train): 0.0711, Test MSE: 0.2875, r (test): -0.3205
Epoch: 15, Training Loss: 0.1310, Train MSE: 0.1310, r (train): 0.2715, Test MSE: 0.1997, r (test): -0.2574
Epoch: 16, Training Loss: 0.0669, Train MSE: 0.0669, r (train): 0.5490, Test MSE: 0.0540, r (test): 0.4706
Epoch: 17, Training Loss: 0.0938, Train MSE: 0.0938, r (train): 0.2582, Test MSE: 0.0765, r (test): 0.2961
Epoch: 18, Training Loss: 0.1282, Train MSE: 0.1282, r (train): 0.4022, Test MSE: 0.1804, r (test): -0.0687
Epoch: 19, Training Loss: 0.0658, Train MSE: 0.0658, r (train): 0.6185, Test MSE: 0.0640, r (test): 0.4035
Epoch: 20, Training Loss: 0.0722, Train MSE: 0.0722, r (train): 0.6320, Test MSE: 0.0741, r (test): 0.3367
Epoch: 21, Training Loss: 0.0875, Train MSE: 0.0875, r (train): 0.6564, Test MSE: 0.1151, r (test): 0.1568
Epoch: 22, Training Loss: 0.0632, Train MSE: 0.0632, r (train): 0.7107, Test MSE: 0.0652, r (test): 0.4342
Epoch: 23, Training Loss: 0.0691, Train MSE: 0.0691, r (train): 0.7422, Test MSE: 0.0787, r (test): 0.3889
Epoch: 24, Training Loss: 0.0636, Train MSE: 0.0636, r (train): 0.7624, Test MSE: 0.0754, r (test): 0.3840
Epoch: 25, Training Loss: 0.0592, Train MSE: 0.0592, r (train): 0.7825, Test MSE: 0.0685, r (test): 0.4010
Epoch: 26, Training Loss: 0.0621, Train MSE: 0.0621, r (train): 0.7823, Test MSE: 0.0903, r (test): 0.2916
Epoch: 27, Training Loss: 0.0423, Train MSE: 0.0423, r (train): 0.7804, Test MSE: 0.0500, r (test): 0.4088
Epoch: 28, Training Loss: 0.0514, Train MSE: 0.0514, r (train): 0.8530, Test MSE: 0.0795, r (test): 0.2457
Epoch: 29, Training Loss: 0.0488, Train MSE: 0.0488, r (train): 0.8669, Test MSE: 0.0768, r (test): 0.3187
Epoch: 30, Training Loss: 0.0454, Train MSE: 0.0454, r (train): 0.8847, Test MSE: 0.0749, r (test): 0.3279
Epoch: 31, Training Loss: 0.0467, Train MSE: 0.0467, r (train): 0.9064, Test MSE: 0.0769, r (test): 0.3353
Epoch: 32, Training Loss: 0.0380, Train MSE: 0.0380, r (train): 0.8836, Test MSE: 0.0952, r (test): 0.1779
Epoch: 33, Training Loss: 0.0364, Train MSE: 0.0364, r (train): 0.9059, Test MSE: 0.0756, r (test): 0.2793
Epoch: 34, Training Loss: 0.0346, Train MSE: 0.0346, r (train): 0.8355, Test MSE: 0.1145, r (test): -0.0882
Epoch: 35, Training Loss: 0.1231, Train MSE: 0.1231, r (train): 0.3965, Test MSE: 0.1005, r (test): 0.2830
Epoch: 36, Training Loss: 0.0514, Train MSE: 0.0514, r (train): 0.6051, Test MSE: 0.0544, r (test): 0.1410
Epoch: 37, Training Loss: 0.0333, Train MSE: 0.0333, r (train): 0.8891, Test MSE: 0.0617, r (test): 0.1223
Epoch: 38, Training Loss: 0.0406, Train MSE: 0.0406, r (train): 0.9256, Test MSE: 0.0806, r (test): 0.2106
Epoch: 39, Training Loss: 0.0255, Train MSE: 0.0255, r (train): 0.9427, Test MSE: 0.0720, r (test): 0.2034
Epoch: 40, Training Loss: 0.0185, Train MSE: 0.0185, r (train): 0.9503, Test MSE: 0.0663, r (test): 0.1851
Epoch: 41, Training Loss: 0.0334, Train MSE: 0.0334, r (train): 0.9671, Test MSE: 0.0885, r (test): 0.1896
Epoch: 42, Training Loss: 0.0345, Train MSE: 0.0345, r (train): 0.9608, Test MSE: 0.0922, r (test): 0.1108
Epoch: 43, Training Loss: 0.0467, Train MSE: 0.0467, r (train): 0.9631, Test MSE: 0.1042, r (test): 0.1300
Epoch: 44, Training Loss: 0.0453, Train MSE: 0.0453, r (train): 0.9517, Test MSE: 0.1046, r (test): 0.0364
Epoch: 45, Training Loss: 0.0484, Train MSE: 0.0484, r (train): 0.9520, Test MSE: 0.1047, r (test): 0.0978
Epoch: 46, Training Loss: 0.0349, Train MSE: 0.0349, r (train): 0.9529, Test MSE: 0.0921, r (test): 0.1082
Epoch: 47, Training Loss: 0.0181, Train MSE: 0.0181, r (train): 0.9501, Test MSE: 0.0721, r (test): 0.1466
Epoch: 48, Training Loss: 0.0132, Train MSE: 0.0132, r (train): 0.9387, Test MSE: 0.0665, r (test): 0.1477
Epoch: 49, Training Loss: 0.0124, Train MSE: 0.0124, r (train): 0.9282, Test MSE: 0.0691, r (test): 0.1305
Epoch: 50, Training Loss: 0.0298, Train MSE: 0.0298, r (train): 0.9105, Test MSE: 0.0857, r (test): 0.0848
Epoch: 51, Training Loss: 0.0389, Train MSE: 0.0389, r (train): 0.8921, Test MSE: 0.0851, r (test): 0.0944
Epoch: 52, Training Loss: 0.0321, Train MSE: 0.0321, r (train): 0.9084, Test MSE: 0.0884, r (test): 0.1039
Epoch: 53, Training Loss: 0.0154, Train MSE: 0.0154, r (train): 0.8966, Test MSE: 0.0843, r (test): 0.1634
Epoch: 54, Training Loss: 0.0473, Train MSE: 0.0473, r (train): 0.8335, Test MSE: 0.1552, r (test): 0.2605
Epoch: 55, Training Loss: 0.0486, Train MSE: 0.0486, r (train): 0.9288, Test MSE: 0.1337, r (test): 0.0208
Epoch: 56, Training Loss: 0.0083, Train MSE: 0.0083, r (train): 0.9548, Test MSE: 0.0761, r (test): 0.1541
Epoch: 57, Training Loss: 0.0176, Train MSE: 0.0176, r (train): 0.9236, Test MSE: 0.0774, r (test): 0.0744
Epoch: 58, Training Loss: 0.0114, Train MSE: 0.0114, r (train): 0.9309, Test MSE: 0.0860, r (test): 0.2190
Epoch: 59, Training Loss: 0.0164, Train MSE: 0.0164, r (train): 0.9475, Test MSE: 0.0862, r (test): 0.0203
Epoch: 60, Training Loss: 0.0263, Train MSE: 0.0263, r (train): 0.9483, Test MSE: 0.0893, r (test): 0.0991
Epoch: 61, Training Loss: 0.0581, Train MSE: 0.0581, r (train): 0.9304, Test MSE: 0.1305, r (test): -0.0047
Epoch: 62, Training Loss: 0.0888, Train MSE: 0.0888, r (train): 0.9388, Test MSE: 0.1511, r (test): 0.1029
Epoch: 63, Training Loss: 0.0614, Train MSE: 0.0614, r (train): 0.9382, Test MSE: 0.1232, r (test): 0.0602
Epoch: 64, Training Loss: 0.0430, Train MSE: 0.0430, r (train): 0.9029, Test MSE: 0.1006, r (test): 0.0375
Epoch: 65, Training Loss: 0.0361, Train MSE: 0.0361, r (train): 0.9207, Test MSE: 0.0898, r (test): 0.1243
Epoch: 66, Training Loss: 0.0239, Train MSE: 0.0239, r (train): 0.9189, Test MSE: 0.0857, r (test): 0.1326
Epoch: 67, Training Loss: 0.0155, Train MSE: 0.0155, r (train): 0.9016, Test MSE: 0.0951, r (test): 0.1194
Epoch: 68, Training Loss: 0.0371, Train MSE: 0.0371, r (train): 0.9047, Test MSE: 0.1336, r (test): 0.1499
Epoch: 69, Training Loss: 0.0471, Train MSE: 0.0471, r (train): 0.8706, Test MSE: 0.1456, r (test): 0.2016
Epoch: 70, Training Loss: 0.0345, Train MSE: 0.0345, r (train): 0.9009, Test MSE: 0.1159, r (test): 0.1295
Epoch: 71, Training Loss: 0.0519, Train MSE: 0.0519, r (train): 0.8669, Test MSE: 0.1696, r (test): 0.1301
Epoch: 72, Training Loss: 0.0376, Train MSE: 0.0376, r (train): 0.9009, Test MSE: 0.1308, r (test): -0.0390
Epoch: 73, Training Loss: 0.0225, Train MSE: 0.0225, r (train): 0.8632, Test MSE: 0.1216, r (test): 0.1422
Epoch: 74, Training Loss: 0.0241, Train MSE: 0.0241, r (train): 0.8845, Test MSE: 0.0957, r (test): -0.1084
Epoch: 75, Training Loss: 0.0379, Train MSE: 0.0379, r (train): 0.9347, Test MSE: 0.1114, r (test): 0.0792
Epoch: 76, Training Loss: 0.0578, Train MSE: 0.0578, r (train): 0.8901, Test MSE: 0.1494, r (test): -0.1967
Epoch: 77, Training Loss: 0.0705, Train MSE: 0.0705, r (train): 0.8960, Test MSE: 0.1697, r (test): -0.0182
Epoch: 78, Training Loss: 0.0870, Train MSE: 0.0870, r (train): 0.8954, Test MSE: 0.1640, r (test): 0.0523
Epoch: 79, Training Loss: 0.0580, Train MSE: 0.0580, r (train): 0.9058, Test MSE: 0.1399, r (test): -0.0330
Epoch: 80, Training Loss: 0.0247, Train MSE: 0.0247, r (train): 0.9109, Test MSE: 0.0884, r (test): 0.0029
Epoch: 81, Training Loss: 0.0177, Train MSE: 0.0177, r (train): 0.9045, Test MSE: 0.1078, r (test): 0.0583
Epoch: 82, Training Loss: 0.0315, Train MSE: 0.0315, r (train): 0.9029, Test MSE: 0.1375, r (test): 0.1206
Epoch: 83, Training Loss: 0.0238, Train MSE: 0.0238, r (train): 0.9091, Test MSE: 0.1101, r (test): 0.0400
Epoch: 84, Training Loss: 0.0161, Train MSE: 0.0161, r (train): 0.9183, Test MSE: 0.0857, r (test): -0.0209
Epoch: 85, Training Loss: 0.0108, Train MSE: 0.0108, r (train): 0.9523, Test MSE: 0.1134, r (test): -0.1293
Epoch: 86, Training Loss: 0.0455, Train MSE: 0.0455, r (train): 0.9435, Test MSE: 0.1693, r (test): -0.1738
Epoch: 87, Training Loss: 0.0391, Train MSE: 0.0391, r (train): 0.9482, Test MSE: 0.1282, r (test): 0.0237
Epoch: 88, Training Loss: 0.0100, Train MSE: 0.0100, r (train): 0.9533, Test MSE: 0.0940, r (test): -0.0015
Epoch: 89, Training Loss: 0.0172, Train MSE: 0.0172, r (train): 0.9416, Test MSE: 0.1261, r (test): 0.1764
Epoch: 90, Training Loss: 0.0295, Train MSE: 0.0295, r (train): 0.8975, Test MSE: 0.1229, r (test): 0.2155
Epoch: 91, Training Loss: 0.0203, Train MSE: 0.0203, r (train): 0.8845, Test MSE: 0.0850, r (test): -0.0985
Epoch: 92, Training Loss: 0.0171, Train MSE: 0.0171, r (train): 0.9626, Test MSE: 0.1327, r (test): -0.0973
Epoch: 93, Training Loss: 0.0209, Train MSE: 0.0209, r (train): 0.9585, Test MSE: 0.1343, r (test): -0.1274
Epoch: 94, Training Loss: 0.0173, Train MSE: 0.0173, r (train): 0.9574, Test MSE: 0.1097, r (test): -0.1299
Epoch: 95, Training Loss: 0.0089, Train MSE: 0.0089, r (train): 0.9514, Test MSE: 0.1009, r (test): -0.0046
Epoch: 96, Training Loss: 0.0209, Train MSE: 0.0209, r (train): 0.9492, Test MSE: 0.1206, r (test): 0.0604
Epoch: 97, Training Loss: 0.0239, Train MSE: 0.0239, r (train): 0.9051, Test MSE: 0.1166, r (test): 0.0951
Epoch: 98, Training Loss: 0.0189, Train MSE: 0.0189, r (train): 0.8806, Test MSE: 0.1024, r (test): -0.1842
Epoch: 99, Training Loss: 0.0351, Train MSE: 0.0351, r (train): 0.9276, Test MSE: 0.1533, r (test): -0.2350
Predicted tensors for training set: 
tensor([0.3458, 0.9486, 0.6334, 0.7816, 0.9536, 0.2629, 0.4689, 0.5376, 0.3605,
        0.4040, 1.0606, 0.8991, 0.1438, 0.8048, 0.6071, 0.8598, 0.8964, 0.7376,
        0.7974, 1.1153, 0.2858, 0.7880, 0.4474, 0.3213, 0.9686, 0.2647, 0.6225,
        0.2569, 0.1706, 0.4518, 0.5296, 0.5527, 0.6729, 0.4365, 0.8370, 0.7169,
        0.5364, 0.5802, 1.0008, 0.9431, 0.6090, 0.2582, 1.0370, 0.9442, 0.7777,
        0.6202, 0.5955, 0.8965, 0.5037, 0.9742, 0.9410, 1.0819, 1.2074, 0.6525,
        1.0016, 0.6764, 1.0761, 1.0828, 1.2071, 1.3303, 1.0931, 0.5956, 0.8369,
        0.7703, 0.6841, 0.7006, 0.8484, 0.5062, 0.9452, 0.1876, 0.5875, 1.0177])
Target tensorsfor training set: 
tensor([0.2594, 0.8453, 0.5187, 0.6846, 0.9492, 0.0981, 0.3829, 0.4373, 0.2464,
        0.3309, 0.9072, 0.7901, 0.0246, 0.7171, 0.4654, 0.7950, 0.7372, 0.5783,
        0.6992, 0.9621, 0.0389, 0.7144, 0.3174, 0.1360, 0.8524, 0.0636, 0.5178,
        0.1294, 0.0478, 0.2916, 0.4341, 0.4640, 0.6671, 0.2271, 0.7497, 0.7462,
        0.3453, 0.4149, 0.9127, 0.9215, 0.5023, 0.0763, 0.8418, 0.7596, 0.5573,
        0.4440, 0.2255, 0.6576, 0.2394, 0.6199, 0.5658, 0.8363, 0.9535, 0.1055,
        0.5779, 0.4818, 0.7791, 0.8561, 0.9656, 0.8988, 0.8411, 0.4993, 0.7125,
        0.7270, 0.5719, 0.6595, 0.8556, 0.4513, 0.9117, 0.1295, 0.5102, 0.9150])
Correlation for training set: 0.9276286834787968
Predicted tensors for test set: 
tensor([0.5868, 0.6739, 0.7198, 0.0710, 1.2797, 0.6091, 0.7327, 0.7696, 0.7894,
        0.4958, 0.6669, 0.8856, 0.7848, 0.8191, 0.6214, 0.7051, 0.5972, 0.5399])
Target tensors for test set: 
tensor([0.5220, 0.2169, 0.6240, 0.8728, 0.4526, 0.6577, 0.7507, 0.8391, 0.4036,
        0.1218, 0.7371, 0.1493, 0.3077, 0.6465, 0.5780, 0.5300, 0.5564, 0.2649])
Correlation for test set: -0.2350043423801952
Seed: 8
Fold losses: [tensor(0.0770), tensor(0.0179), tensor(0.0108), tensor(0.0526), tensor(0.0351)]
Fold MSE values: [tensor(0.0770), tensor(0.0179), tensor(0.0108), tensor(0.0526), tensor(0.0351)]
Target training values: [tensor([0.6992, 0.9621, 0.0389, 0.7144, 0.3174, 0.1360, 0.8524, 0.0636, 0.5178,
        0.1294, 0.0478, 0.2916, 0.4341, 0.4640, 0.6671, 0.2271, 0.7497, 0.7462,
        0.3453, 0.4149, 0.9127, 0.9215, 0.5023, 0.0763, 0.8418, 0.7596, 0.5573,
        0.4440, 0.2255, 0.6576, 0.2394, 0.6199, 0.5658, 0.8363, 0.9535, 0.1055,
        0.5779, 0.4818, 0.7791, 0.8561, 0.9656, 0.8988, 0.8411, 0.4993, 0.7125,
        0.7270, 0.5719, 0.6595, 0.8556, 0.4513, 0.9117, 0.1295, 0.5102, 0.9150,
        0.5220, 0.2169, 0.6240, 0.8728, 0.4526, 0.6577, 0.7507, 0.8391, 0.4036,
        0.1218, 0.7371, 0.1493, 0.3077, 0.6465, 0.5780, 0.5300, 0.5564, 0.2649]), tensor([0.2594, 0.8453, 0.5187, 0.6846, 0.9492, 0.0981, 0.3829, 0.4373, 0.2464,
        0.3309, 0.9072, 0.7901, 0.0246, 0.7171, 0.4654, 0.7950, 0.7372, 0.5783,
        0.3453, 0.4149, 0.9127, 0.9215, 0.5023, 0.0763, 0.8418, 0.7596, 0.5573,
        0.4440, 0.2255, 0.6576, 0.2394, 0.6199, 0.5658, 0.8363, 0.9535, 0.1055,
        0.5779, 0.4818, 0.7791, 0.8561, 0.9656, 0.8988, 0.8411, 0.4993, 0.7125,
        0.7270, 0.5719, 0.6595, 0.8556, 0.4513, 0.9117, 0.1295, 0.5102, 0.9150,
        0.5220, 0.2169, 0.6240, 0.8728, 0.4526, 0.6577, 0.7507, 0.8391, 0.4036,
        0.1218, 0.7371, 0.1493, 0.3077, 0.6465, 0.5780, 0.5300, 0.5564, 0.2649]), tensor([0.2594, 0.8453, 0.5187, 0.6846, 0.9492, 0.0981, 0.3829, 0.4373, 0.2464,
        0.3309, 0.9072, 0.7901, 0.0246, 0.7171, 0.4654, 0.7950, 0.7372, 0.5783,
        0.6992, 0.9621, 0.0389, 0.7144, 0.3174, 0.1360, 0.8524, 0.0636, 0.5178,
        0.1294, 0.0478, 0.2916, 0.4341, 0.4640, 0.6671, 0.2271, 0.7497, 0.7462,
        0.5779, 0.4818, 0.7791, 0.8561, 0.9656, 0.8988, 0.8411, 0.4993, 0.7125,
        0.7270, 0.5719, 0.6595, 0.8556, 0.4513, 0.9117, 0.1295, 0.5102, 0.9150,
        0.5220, 0.2169, 0.6240, 0.8728, 0.4526, 0.6577, 0.7507, 0.8391, 0.4036,
        0.1218, 0.7371, 0.1493, 0.3077, 0.6465, 0.5780, 0.5300, 0.5564, 0.2649]), tensor([0.2594, 0.8453, 0.5187, 0.6846, 0.9492, 0.0981, 0.3829, 0.4373, 0.2464,
        0.3309, 0.9072, 0.7901, 0.0246, 0.7171, 0.4654, 0.7950, 0.7372, 0.5783,
        0.6992, 0.9621, 0.0389, 0.7144, 0.3174, 0.1360, 0.8524, 0.0636, 0.5178,
        0.1294, 0.0478, 0.2916, 0.4341, 0.4640, 0.6671, 0.2271, 0.7497, 0.7462,
        0.3453, 0.4149, 0.9127, 0.9215, 0.5023, 0.0763, 0.8418, 0.7596, 0.5573,
        0.4440, 0.2255, 0.6576, 0.2394, 0.6199, 0.5658, 0.8363, 0.9535, 0.1055,
        0.5220, 0.2169, 0.6240, 0.8728, 0.4526, 0.6577, 0.7507, 0.8391, 0.4036,
        0.1218, 0.7371, 0.1493, 0.3077, 0.6465, 0.5780, 0.5300, 0.5564, 0.2649]), tensor([0.2594, 0.8453, 0.5187, 0.6846, 0.9492, 0.0981, 0.3829, 0.4373, 0.2464,
        0.3309, 0.9072, 0.7901, 0.0246, 0.7171, 0.4654, 0.7950, 0.7372, 0.5783,
        0.6992, 0.9621, 0.0389, 0.7144, 0.3174, 0.1360, 0.8524, 0.0636, 0.5178,
        0.1294, 0.0478, 0.2916, 0.4341, 0.4640, 0.6671, 0.2271, 0.7497, 0.7462,
        0.3453, 0.4149, 0.9127, 0.9215, 0.5023, 0.0763, 0.8418, 0.7596, 0.5573,
        0.4440, 0.2255, 0.6576, 0.2394, 0.6199, 0.5658, 0.8363, 0.9535, 0.1055,
        0.5779, 0.4818, 0.7791, 0.8561, 0.9656, 0.8988, 0.8411, 0.4993, 0.7125,
        0.7270, 0.5719, 0.6595, 0.8556, 0.4513, 0.9117, 0.1295, 0.5102, 0.9150])]
Prediction training values: [tensor([0.7098, 1.0638, 0.2874, 0.8025, 0.4154, 0.0537, 0.9785, 0.3729, 0.7539,
        0.4626, 0.4458, 0.5612, 0.8169, 0.8082, 1.0185, 0.6678, 1.2658, 1.1942,
        0.7284, 0.8693, 1.4486, 1.2753, 0.8528, 0.4834, 1.0710, 1.0848, 0.9100,
        0.7282, 0.5368, 0.9092, 0.5656, 0.7164, 0.8604, 1.0704, 1.0800, 0.5518,
        0.8365, 0.7727, 0.9086, 0.9613, 1.2607, 1.1152, 0.8686, 0.6570, 0.8829,
        0.9348, 0.6856, 0.8648, 1.0927, 0.6895, 1.0726, 0.4278, 0.7807, 1.2321,
        0.8343, 0.4709, 0.9063, 1.4487, 0.6772, 0.9149, 0.8189, 0.9914, 0.5962,
        0.4647, 0.8546, 0.3151, 0.3594, 0.6696, 0.6307, 0.5565, 0.6171, 0.4720]), tensor([ 0.3163,  0.8475,  0.5578,  0.7021,  0.9591,  0.1763,  0.4313,  0.4301,
         0.3361,  0.3995,  0.9285,  0.9698,  0.1444,  0.7745,  0.5045,  0.8340,
         0.6508,  0.5727,  0.4122,  0.4429,  0.9046,  0.8668,  0.4846,  0.1757,
         0.8081,  0.7094,  0.6390,  0.4486,  0.2374,  0.7335,  0.3068,  0.7576,
         0.7080,  0.9354,  1.0521,  0.2471,  0.6900,  0.6067,  0.8561,  0.9886,
         1.4066,  1.3144,  0.9831,  0.5878,  0.6827,  0.7832,  0.6626,  0.8174,
         0.8002,  0.4497,  0.8570,  0.1012,  0.4490,  0.8000,  0.3823,  0.1389,
         0.4589,  0.7909,  0.2384,  0.3814,  0.4447,  0.5932,  0.1929, -0.1474,
         0.4521,  0.0840,  0.2195,  0.5282,  0.4970,  0.4323,  0.5546,  0.2932]), tensor([ 0.3429,  0.9030,  0.5705,  0.8520,  1.0638,  0.1715,  0.4778,  0.4113,
         0.3139,  0.4323,  1.0399,  0.8569,  0.0946,  0.7325,  0.5194,  0.8344,
         0.8119,  0.4490,  0.6970,  0.8815, -0.0300,  0.6662,  0.3216,  0.2262,
         0.7724,  0.0575,  0.5105,  0.1425,  0.0422,  0.3025,  0.4019,  0.5169,
         0.7599,  0.3181,  0.8540,  0.8493,  0.7381,  0.6335,  0.9663,  1.0754,
         1.1874,  1.0815,  1.0374,  0.6515,  0.9041,  0.9684,  0.7478,  0.8220,
         0.9817,  0.6050,  1.0621,  0.2301,  0.6188,  1.0305,  0.6136,  0.2971,
         0.7092,  0.9267,  0.5092,  0.7040,  0.7757,  0.8882,  0.4148,  0.1841,
         0.7637,  0.1664,  0.3163,  0.6687,  0.5880,  0.5406,  0.5711,  0.3061]), tensor([0.2450, 0.8526, 0.5493, 0.7698, 0.9304, 0.1626, 0.4795, 0.4657, 0.2951,
        0.4325, 1.0953, 0.9656, 0.2213, 0.9177, 0.5664, 1.0023, 0.9308, 0.7852,
        0.9558, 1.0966, 0.2377, 0.9490, 0.4501, 0.3543, 0.9226, 0.2790, 0.6418,
        0.2837, 0.3081, 0.4050, 0.5656, 0.6402, 0.7101, 0.3468, 0.7793, 0.7369,
        0.4144, 0.4487, 0.8526, 0.8783, 0.5171, 0.1743, 0.7746, 0.7800, 0.6341,
        0.5292, 1.4820, 0.7530, 0.3519, 0.8157, 0.7261, 1.0705, 1.1848, 0.3881,
        0.7223, 0.3879, 0.8461, 1.1767, 1.2663, 0.8905, 0.9062, 0.9966, 0.5780,
        0.3090, 0.8682, 0.2756, 0.3802, 0.7060, 0.6759, 0.5464, 0.6345, 0.2824]), tensor([0.3458, 0.9486, 0.6334, 0.7816, 0.9536, 0.2629, 0.4689, 0.5376, 0.3605,
        0.4040, 1.0606, 0.8991, 0.1438, 0.8048, 0.6071, 0.8598, 0.8964, 0.7376,
        0.7974, 1.1153, 0.2858, 0.7880, 0.4474, 0.3213, 0.9686, 0.2647, 0.6225,
        0.2569, 0.1706, 0.4518, 0.5296, 0.5527, 0.6729, 0.4365, 0.8370, 0.7169,
        0.5364, 0.5802, 1.0008, 0.9431, 0.6090, 0.2582, 1.0370, 0.9442, 0.7777,
        0.6202, 0.5955, 0.8965, 0.5037, 0.9742, 0.9410, 1.0819, 1.2074, 0.6525,
        1.0016, 0.6764, 1.0761, 1.0828, 1.2071, 1.3303, 1.0931, 0.5956, 0.8369,
        0.7703, 0.6841, 0.7006, 0.8484, 0.5062, 0.9452, 0.1876, 0.5875, 1.0177])]
Target values: [array([0.25936916, 0.84525365, 0.518717  , 0.6846425 , 0.9491663 ,
       0.09805249, 0.38285765, 0.4372734 , 0.24636388, 0.33092642,
       0.9071598 , 0.7900961 , 0.02463444, 0.71714455, 0.46544507,
       0.79497874, 0.73719215, 0.57832706], dtype=float32), array([0.69921327, 0.96213573, 0.03887437, 0.71435624, 0.31742746,
       0.1360485 , 0.8524316 , 0.06358391, 0.51780254, 0.12937951,
       0.04781396, 0.29163042, 0.43409458, 0.46398443, 0.6671056 ,
       0.22711647, 0.7497406 , 0.7462256 ], dtype=float32), array([0.34531343, 0.41493568, 0.912732  , 0.9215425 , 0.50225437,
       0.07633217, 0.8417677 , 0.75962484, 0.55726975, 0.44401234,
       0.2254639 , 0.6576234 , 0.23939352, 0.6198749 , 0.5658469 ,
       0.83626515, 0.95346546, 0.10552448], dtype=float32), array([0.5778506 , 0.48182514, 0.77910316, 0.85610735, 0.96564525,
       0.89876264, 0.84113044, 0.4993471 , 0.71252435, 0.72703534,
       0.57190746, 0.659493  , 0.85557973, 0.45128736, 0.9116711 ,
       0.12948532, 0.51015127, 0.91498566], dtype=float32), array([0.5220161 , 0.21692123, 0.62399   , 0.8728059 , 0.45263878,
       0.65769196, 0.75073236, 0.8390776 , 0.40355092, 0.12180944,
       0.73709923, 0.14931566, 0.30766785, 0.6464906 , 0.578045  ,
       0.52996147, 0.55641776, 0.2649091 ], dtype=float32)]
Prediction values: [array([0.7046606 , 0.77319664, 0.76669955, 0.68825054, 0.801821  ,
       0.734865  , 0.78289115, 0.68132687, 0.8737826 , 0.6103296 ,
       0.74151933, 0.6712201 , 0.6020703 , 0.7673806 , 0.6685979 ,
       0.90181726, 0.80852747, 0.80183905], dtype=float32), array([0.5804526 , 0.51745987, 0.5200303 , 0.7141701 , 0.64670897,
       0.42062968, 0.377195  , 0.50939137, 0.4960476 , 0.67990124,
       0.47647604, 0.58308554, 0.37097707, 0.60897404, 0.5584966 ,
       0.75722563, 0.55683273, 0.57704467], dtype=float32), array([0.4099854 , 0.6964237 , 0.7094703 , 0.6863852 , 0.48876658,
       0.4899205 , 0.69882387, 0.5870154 , 0.46471167, 0.58470833,
       0.6496106 , 0.65370154, 0.48263094, 0.5365828 , 0.71825767,
       0.6091546 , 0.6020103 , 0.6321758 ], dtype=float32), array([0.76128393, 0.5240495 , 0.5348339 , 0.73733306, 0.5193932 ,
       0.71009433, 0.5070917 , 0.59939677, 0.567672  , 0.5113144 ,
       0.5271078 , 0.40395364, 0.52504593, 0.73009306, 0.47582346,
       0.5246168 , 0.7460823 , 0.81679845], dtype=float32), array([0.58684504, 0.67386025, 0.71975476, 0.07095592, 1.2796725 ,
       0.6090717 , 0.73274386, 0.7695962 , 0.78936136, 0.49580416,
       0.66693556, 0.88559234, 0.78476125, 0.81913215, 0.6213565 ,
       0.7050552 , 0.59719497, 0.5399204 ], dtype=float32)]
Time taken: 757.1138625144958 seconds
