sh: line 1: logger: command not found
/apps/conda/25.3.1/etc/profile.d/conda.sh: line 69: dirname: command not found
/apps/conda/25.3.1/etc/profile.d/conda.sh: line 69: dirname: command not found
/apps/conda/25.3.1/etc/profile.d/mamba.sh: line 59: basename: command not found
Error unknown MAMBA_EXE: "/apps/conda/25.3.1/bin/mamba", filename must be mamba or micromamba
Lmod has detected the following error: This module can only be used on RHEL9 nodes. 
While processing the following module(s):
    Module fullname  Module Filename
    ---------------  ---------------
    gcc/14.2.0       /apps/lmod/modulefiles/core/gcc/14.2.0.lua

pointnet_parahippocampus_fs_65.py
/blue/stevenweisberg/ashishkumarsahoo/hippocampAI/conda_pyg_070923/lib/python3.8/site-packages/torch/cuda/__init__.py:155: UserWarning: 
NVIDIA B200 with CUDA capability sm_100 is not compatible with the current PyTorch installation.
The current PyTorch install supports CUDA capabilities sm_37 sm_50 sm_60 sm_61 sm_70 sm_75 sm_80 sm_86 compute_37.
If you want to use the NVIDIA B200 GPU with PyTorch, please check the instructions at https://pytorch.org/get-started/locally/

  warnings.warn(incompatible_device_warn.format(device_name, capability, " ".join(arch_list), device_name))
Number of GPUs available for training: 1
Fold 1
Epoch: 00, Training Loss: 0.0686, Train MSE: 0.0686, r (train): 0.2351, Test MSE: 0.0775, r (test): 0.2386
Epoch: 01, Training Loss: 0.0656, Train MSE: 0.0656, r (train): 0.2891, Test MSE: 0.0830, r (test): 0.0395
Epoch: 02, Training Loss: 0.0641, Train MSE: 0.0641, r (train): 0.3219, Test MSE: 0.0734, r (test): 0.2347
Epoch: 03, Training Loss: 0.0642, Train MSE: 0.0642, r (train): 0.3384, Test MSE: 0.0765, r (test): 0.2821
Epoch: 04, Training Loss: 0.0621, Train MSE: 0.0621, r (train): 0.4100, Test MSE: 0.0799, r (test): 0.2755
Epoch: 05, Training Loss: 0.0594, Train MSE: 0.0594, r (train): 0.4553, Test MSE: 0.0784, r (test): 0.2842
Epoch: 06, Training Loss: 0.0581, Train MSE: 0.0581, r (train): 0.4870, Test MSE: 0.0813, r (test): 0.2763
Epoch: 07, Training Loss: 0.0566, Train MSE: 0.0566, r (train): 0.5105, Test MSE: 0.0818, r (test): 0.2825
Epoch: 08, Training Loss: 0.0595, Train MSE: 0.0595, r (train): 0.4644, Test MSE: 0.0838, r (test): 0.3316
Epoch: 09, Training Loss: 0.0532, Train MSE: 0.0532, r (train): 0.5453, Test MSE: 0.0841, r (test): 0.3293
Epoch: 10, Training Loss: 0.0525, Train MSE: 0.0525, r (train): 0.5676, Test MSE: 0.0887, r (test): 0.2882
Epoch: 11, Training Loss: 0.0495, Train MSE: 0.0495, r (train): 0.6153, Test MSE: 0.0976, r (test): 0.3054
Epoch: 12, Training Loss: 0.0476, Train MSE: 0.0476, r (train): 0.6531, Test MSE: 0.0998, r (test): 0.1916
Epoch: 13, Training Loss: 0.0581, Train MSE: 0.0581, r (train): 0.5741, Test MSE: 0.1414, r (test): 0.3339
Epoch: 14, Training Loss: 0.0586, Train MSE: 0.0586, r (train): 0.5458, Test MSE: 0.1058, r (test): 0.3385
Epoch: 15, Training Loss: 0.0372, Train MSE: 0.0372, r (train): 0.7225, Test MSE: 0.0927, r (test): 0.1764
Epoch: 16, Training Loss: 0.0513, Train MSE: 0.0513, r (train): 0.6290, Test MSE: 0.1070, r (test): 0.3060
Epoch: 17, Training Loss: 0.0419, Train MSE: 0.0419, r (train): 0.6907, Test MSE: 0.1312, r (test): -0.1430
Epoch: 18, Training Loss: 0.0488, Train MSE: 0.0488, r (train): 0.6768, Test MSE: 0.1248, r (test): 0.2956
Epoch: 19, Training Loss: 0.0352, Train MSE: 0.0352, r (train): 0.7173, Test MSE: 0.0813, r (test): 0.0945
Epoch: 20, Training Loss: 0.0372, Train MSE: 0.0372, r (train): 0.7466, Test MSE: 0.0982, r (test): 0.0643
Epoch: 21, Training Loss: 0.0361, Train MSE: 0.0361, r (train): 0.7078, Test MSE: 0.0775, r (test): 0.2012
Epoch: 22, Training Loss: 0.0345, Train MSE: 0.0345, r (train): 0.8038, Test MSE: 0.1019, r (test): 0.1780
Epoch: 23, Training Loss: 0.0293, Train MSE: 0.0293, r (train): 0.7683, Test MSE: 0.0827, r (test): 0.2566
Epoch: 24, Training Loss: 0.0221, Train MSE: 0.0221, r (train): 0.8462, Test MSE: 0.0829, r (test): 0.2894
Epoch: 25, Training Loss: 0.0201, Train MSE: 0.0201, r (train): 0.8739, Test MSE: 0.0866, r (test): 0.2498
Epoch: 26, Training Loss: 0.0207, Train MSE: 0.0207, r (train): 0.8693, Test MSE: 0.0846, r (test): 0.3047
Epoch: 27, Training Loss: 0.0163, Train MSE: 0.0163, r (train): 0.8815, Test MSE: 0.0872, r (test): 0.1584
Epoch: 28, Training Loss: 0.0164, Train MSE: 0.0164, r (train): 0.8886, Test MSE: 0.0860, r (test): 0.2338
Epoch: 29, Training Loss: 0.0181, Train MSE: 0.0181, r (train): 0.8786, Test MSE: 0.0937, r (test): 0.1256
Epoch: 30, Training Loss: 0.0166, Train MSE: 0.0166, r (train): 0.8840, Test MSE: 0.0865, r (test): 0.1337
Epoch: 31, Training Loss: 0.0204, Train MSE: 0.0204, r (train): 0.8928, Test MSE: 0.0978, r (test): 0.0792
Epoch: 32, Training Loss: 0.0154, Train MSE: 0.0154, r (train): 0.9046, Test MSE: 0.0929, r (test): 0.1000
Epoch: 33, Training Loss: 0.0239, Train MSE: 0.0239, r (train): 0.8934, Test MSE: 0.1100, r (test): -0.0007
Epoch: 34, Training Loss: 0.0250, Train MSE: 0.0250, r (train): 0.8449, Test MSE: 0.0933, r (test): 0.1360
Epoch: 35, Training Loss: 0.0244, Train MSE: 0.0244, r (train): 0.8845, Test MSE: 0.1005, r (test): 0.0408
Epoch: 36, Training Loss: 0.0162, Train MSE: 0.0162, r (train): 0.9138, Test MSE: 0.1064, r (test): -0.0486
Epoch: 37, Training Loss: 0.0261, Train MSE: 0.0261, r (train): 0.8549, Test MSE: 0.0883, r (test): 0.0698
Epoch: 38, Training Loss: 0.0244, Train MSE: 0.0244, r (train): 0.8560, Test MSE: 0.0976, r (test): 0.0626
Epoch: 39, Training Loss: 0.0130, Train MSE: 0.0130, r (train): 0.9052, Test MSE: 0.0795, r (test): 0.1655
Epoch: 40, Training Loss: 0.0281, Train MSE: 0.0281, r (train): 0.9163, Test MSE: 0.0981, r (test): 0.2891
Epoch: 41, Training Loss: 0.0390, Train MSE: 0.0390, r (train): 0.8907, Test MSE: 0.1048, r (test): 0.2630
Epoch: 42, Training Loss: 0.0202, Train MSE: 0.0202, r (train): 0.8657, Test MSE: 0.0891, r (test): 0.1096
Epoch: 43, Training Loss: 0.0211, Train MSE: 0.0211, r (train): 0.8907, Test MSE: 0.0942, r (test): 0.1560
Epoch: 44, Training Loss: 0.0482, Train MSE: 0.0482, r (train): 0.9031, Test MSE: 0.1269, r (test): 0.1684
Epoch: 45, Training Loss: 0.0366, Train MSE: 0.0366, r (train): 0.9064, Test MSE: 0.1189, r (test): 0.0434
Epoch: 46, Training Loss: 0.0263, Train MSE: 0.0263, r (train): 0.8861, Test MSE: 0.1022, r (test): 0.0107
Epoch: 47, Training Loss: 0.0394, Train MSE: 0.0394, r (train): 0.8726, Test MSE: 0.1153, r (test): 0.1340
Epoch: 48, Training Loss: 0.0299, Train MSE: 0.0299, r (train): 0.8964, Test MSE: 0.1288, r (test): -0.1264
Epoch: 49, Training Loss: 0.0204, Train MSE: 0.0204, r (train): 0.9012, Test MSE: 0.1165, r (test): -0.1520
Epoch: 50, Training Loss: 0.0243, Train MSE: 0.0243, r (train): 0.8752, Test MSE: 0.1207, r (test): -0.1869
Epoch: 51, Training Loss: 0.0194, Train MSE: 0.0194, r (train): 0.9191, Test MSE: 0.1312, r (test): -0.1468
Epoch: 52, Training Loss: 0.0190, Train MSE: 0.0190, r (train): 0.9296, Test MSE: 0.1272, r (test): -0.1401
Epoch: 53, Training Loss: 0.0220, Train MSE: 0.0220, r (train): 0.9251, Test MSE: 0.1306, r (test): -0.1382
Epoch: 54, Training Loss: 0.0373, Train MSE: 0.0373, r (train): 0.8890, Test MSE: 0.1307, r (test): -0.1459
Epoch: 55, Training Loss: 0.0222, Train MSE: 0.0222, r (train): 0.8875, Test MSE: 0.1283, r (test): -0.0796
Epoch: 56, Training Loss: 0.0212, Train MSE: 0.0212, r (train): 0.8873, Test MSE: 0.1116, r (test): -0.0577
Epoch: 57, Training Loss: 0.0209, Train MSE: 0.0209, r (train): 0.9005, Test MSE: 0.1092, r (test): -0.1049
Epoch: 58, Training Loss: 0.0186, Train MSE: 0.0186, r (train): 0.8969, Test MSE: 0.1254, r (test): -0.1630
Epoch: 59, Training Loss: 0.0215, Train MSE: 0.0215, r (train): 0.8788, Test MSE: 0.0897, r (test): 0.0324
Epoch: 60, Training Loss: 0.0331, Train MSE: 0.0331, r (train): 0.8591, Test MSE: 0.1096, r (test): 0.0482
Epoch: 61, Training Loss: 0.0244, Train MSE: 0.0244, r (train): 0.9082, Test MSE: 0.1061, r (test): -0.0569
Epoch: 62, Training Loss: 0.0228, Train MSE: 0.0228, r (train): 0.9305, Test MSE: 0.1170, r (test): -0.1472
Epoch: 63, Training Loss: 0.0157, Train MSE: 0.0157, r (train): 0.9080, Test MSE: 0.1376, r (test): -0.2735
Epoch: 64, Training Loss: 0.0384, Train MSE: 0.0384, r (train): 0.9106, Test MSE: 0.1851, r (test): -0.2957
Epoch: 65, Training Loss: 0.0351, Train MSE: 0.0351, r (train): 0.9152, Test MSE: 0.1766, r (test): -0.1899
Epoch: 66, Training Loss: 0.0292, Train MSE: 0.0292, r (train): 0.9027, Test MSE: 0.1439, r (test): -0.2001
Epoch: 67, Training Loss: 0.0421, Train MSE: 0.0421, r (train): 0.9034, Test MSE: 0.1452, r (test): -0.1727
Epoch: 68, Training Loss: 0.0392, Train MSE: 0.0392, r (train): 0.8960, Test MSE: 0.1140, r (test): 0.0229
Epoch: 69, Training Loss: 0.0166, Train MSE: 0.0166, r (train): 0.8852, Test MSE: 0.0951, r (test): -0.0007
Epoch: 70, Training Loss: 0.0175, Train MSE: 0.0175, r (train): 0.9153, Test MSE: 0.0973, r (test): 0.0133
Epoch: 71, Training Loss: 0.0204, Train MSE: 0.0204, r (train): 0.9001, Test MSE: 0.1129, r (test): -0.1235
Epoch: 72, Training Loss: 0.0141, Train MSE: 0.0141, r (train): 0.9207, Test MSE: 0.1495, r (test): -0.2270
Epoch: 73, Training Loss: 0.0118, Train MSE: 0.0118, r (train): 0.9338, Test MSE: 0.1429, r (test): -0.2598
Epoch: 74, Training Loss: 0.0191, Train MSE: 0.0191, r (train): 0.9422, Test MSE: 0.1553, r (test): -0.2295
Epoch: 75, Training Loss: 0.0237, Train MSE: 0.0237, r (train): 0.9522, Test MSE: 0.1326, r (test): -0.1565
Epoch: 76, Training Loss: 0.0385, Train MSE: 0.0385, r (train): 0.9500, Test MSE: 0.1495, r (test): -0.2106
Epoch: 77, Training Loss: 0.0303, Train MSE: 0.0303, r (train): 0.9425, Test MSE: 0.1406, r (test): -0.1764
Epoch: 78, Training Loss: 0.0240, Train MSE: 0.0240, r (train): 0.9299, Test MSE: 0.1194, r (test): -0.1245
Epoch: 79, Training Loss: 0.0174, Train MSE: 0.0174, r (train): 0.9142, Test MSE: 0.0952, r (test): -0.0472
Epoch: 80, Training Loss: 0.0184, Train MSE: 0.0184, r (train): 0.9061, Test MSE: 0.1258, r (test): -0.2145
Epoch: 81, Training Loss: 0.0130, Train MSE: 0.0130, r (train): 0.9263, Test MSE: 0.1172, r (test): -0.2087
Epoch: 82, Training Loss: 0.0161, Train MSE: 0.0161, r (train): 0.9216, Test MSE: 0.1491, r (test): -0.2486
Epoch: 83, Training Loss: 0.0725, Train MSE: 0.0725, r (train): 0.9004, Test MSE: 0.2499, r (test): -0.3329
Epoch: 84, Training Loss: 0.0556, Train MSE: 0.0556, r (train): 0.9154, Test MSE: 0.2160, r (test): -0.2521
Epoch: 85, Training Loss: 0.0431, Train MSE: 0.0431, r (train): 0.9032, Test MSE: 0.1544, r (test): -0.2958
Epoch: 86, Training Loss: 0.0450, Train MSE: 0.0450, r (train): 0.9147, Test MSE: 0.1656, r (test): -0.3641
Epoch: 87, Training Loss: 0.0327, Train MSE: 0.0327, r (train): 0.8692, Test MSE: 0.1406, r (test): -0.2969
Epoch: 88, Training Loss: 0.0224, Train MSE: 0.0224, r (train): 0.9335, Test MSE: 0.1059, r (test): -0.0931
Epoch: 89, Training Loss: 0.0110, Train MSE: 0.0110, r (train): 0.9343, Test MSE: 0.0988, r (test): -0.0705
Epoch: 90, Training Loss: 0.0135, Train MSE: 0.0135, r (train): 0.9308, Test MSE: 0.1249, r (test): -0.1536
Epoch: 91, Training Loss: 0.0211, Train MSE: 0.0211, r (train): 0.9293, Test MSE: 0.1496, r (test): -0.1413
Epoch: 92, Training Loss: 0.0302, Train MSE: 0.0302, r (train): 0.9224, Test MSE: 0.1441, r (test): -0.1744
Epoch: 93, Training Loss: 0.0372, Train MSE: 0.0372, r (train): 0.9299, Test MSE: 0.1505, r (test): -0.2007
Epoch: 94, Training Loss: 0.0298, Train MSE: 0.0298, r (train): 0.9147, Test MSE: 0.1820, r (test): -0.3001
Epoch: 95, Training Loss: 0.0379, Train MSE: 0.0379, r (train): 0.8836, Test MSE: 0.1282, r (test): -0.3181
Epoch: 96, Training Loss: 0.0298, Train MSE: 0.0298, r (train): 0.9469, Test MSE: 0.1508, r (test): -0.2090
Epoch: 97, Training Loss: 0.0088, Train MSE: 0.0088, r (train): 0.9440, Test MSE: 0.1203, r (test): -0.1060
Epoch: 98, Training Loss: 0.0071, Train MSE: 0.0071, r (train): 0.9550, Test MSE: 0.1125, r (test): -0.1271
Epoch: 99, Training Loss: 0.0150, Train MSE: 0.0150, r (train): 0.9586, Test MSE: 0.1497, r (test): -0.2271
Predicted tensors for training set: 
tensor([ 0.1896,  0.3814,  0.8754,  0.8887,  0.4094,  0.1002,  0.9105,  0.6281,
         0.6726,  0.4523,  0.8864,  0.5818,  0.4203,  0.7483,  0.8509,  0.7956,
         0.1182,  0.8551,  0.7467,  0.3869,  0.0154,  0.0406,  0.1212,  0.0181,
         0.5686,  0.2871,  0.2179,  0.4286,  0.0686,  0.0451,  0.4472,  0.3799,
         0.4010,  0.2492,  0.4488,  0.7034,  0.5242, -0.0543,  0.3279,  0.0486,
         0.6632,  0.7027, -0.1375, -0.0763,  0.2048,  0.4207,  0.6107,  0.3408,
         0.5602,  0.6312,  0.0872,  0.3193,  0.2813,  0.6925,  0.5184,  0.4795,
         0.7938,  0.8487,  0.4160,  0.9485,  0.6195,  0.7096,  0.0479,  0.7891,
         0.8738,  0.4605,  0.4506,  0.0713,  0.7364,  0.5471,  0.9247,  0.3510])
Target tensorsfor training set: 
tensor([0.2169, 0.4818, 0.9127, 0.9072, 0.5300, 0.2649, 0.9656, 0.6595, 0.7144,
        0.4993, 0.9215, 0.6465, 0.4640, 0.7901, 0.9492, 0.8418, 0.1493, 0.9117,
        0.8561, 0.4373, 0.0981, 0.1055, 0.2916, 0.1295, 0.6846, 0.4036, 0.3174,
        0.5780, 0.2255, 0.2594, 0.6240, 0.5220, 0.6577, 0.4341, 0.6576, 0.9535,
        0.7125, 0.1360, 0.5102, 0.2394, 0.8363, 0.8728, 0.0763, 0.2271, 0.5178,
        0.5573, 0.7497, 0.4440, 0.7371, 0.7171, 0.1294, 0.3829, 0.3077, 0.7270,
        0.5187, 0.5023, 0.7950, 0.8411, 0.4149, 0.9150, 0.6199, 0.6992, 0.0389,
        0.7596, 0.8524, 0.4526, 0.4654, 0.0636, 0.7462, 0.5783, 0.9621, 0.3453])
Correlation for training set: 0.9585960890092129
Predicted tensors for test set: 
tensor([ 0.3584,  0.2916,  0.5488,  0.5013,  0.2449,  0.5730,  0.6545,  0.3354,
         0.6372,  0.4438,  0.3930,  0.4768, -0.1517,  0.6783,  0.5434,  0.4576,
         0.3161,  0.5863])
Target tensors for test set: 
tensor([0.8988, 0.1218, 0.7507, 0.6671, 0.8453, 0.5779, 0.2464, 0.5719, 0.5564,
        0.4513, 0.0478, 0.7791, 0.8391, 0.5658, 0.7372, 0.8556, 0.3309, 0.0246])
Correlation for test set: -0.22713563582812676
Fold 2
Epoch: 00, Training Loss: 0.1106, Train MSE: 0.1106, r (train): 0.0547, Test MSE: 0.1224, r (test): -0.3238
Epoch: 01, Training Loss: 0.0726, Train MSE: 0.0726, r (train): 0.2979, Test MSE: 0.0843, r (test): -0.0922
Epoch: 02, Training Loss: 0.0719, Train MSE: 0.0719, r (train): 0.3731, Test MSE: 0.0827, r (test): -0.0955
Epoch: 03, Training Loss: 0.0690, Train MSE: 0.0690, r (train): 0.4378, Test MSE: 0.0822, r (test): -0.1036
Epoch: 04, Training Loss: 0.0709, Train MSE: 0.0709, r (train): 0.4648, Test MSE: 0.0821, r (test): -0.1232
Epoch: 05, Training Loss: 0.0674, Train MSE: 0.0674, r (train): 0.4948, Test MSE: 0.0834, r (test): -0.1402
Epoch: 06, Training Loss: 0.0642, Train MSE: 0.0642, r (train): 0.5486, Test MSE: 0.0830, r (test): -0.1426
Epoch: 07, Training Loss: 0.0654, Train MSE: 0.0654, r (train): 0.5694, Test MSE: 0.0827, r (test): -0.1317
Epoch: 08, Training Loss: 0.0619, Train MSE: 0.0619, r (train): 0.6036, Test MSE: 0.0845, r (test): -0.1383
Epoch: 09, Training Loss: 0.0650, Train MSE: 0.0650, r (train): 0.6082, Test MSE: 0.0891, r (test): -0.1864
Epoch: 10, Training Loss: 0.0575, Train MSE: 0.0575, r (train): 0.6341, Test MSE: 0.0887, r (test): -0.1464
Epoch: 11, Training Loss: 0.0579, Train MSE: 0.0579, r (train): 0.6448, Test MSE: 0.0970, r (test): -0.2309
Epoch: 12, Training Loss: 0.0549, Train MSE: 0.0549, r (train): 0.6506, Test MSE: 0.1037, r (test): -0.2649
Epoch: 13, Training Loss: 0.0502, Train MSE: 0.0502, r (train): 0.6656, Test MSE: 0.1226, r (test): -0.3728
Epoch: 14, Training Loss: 0.0481, Train MSE: 0.0481, r (train): 0.6834, Test MSE: 0.1011, r (test): -0.2120
Epoch: 15, Training Loss: 0.0544, Train MSE: 0.0544, r (train): 0.6802, Test MSE: 0.1227, r (test): -0.3142
Epoch: 16, Training Loss: 0.0532, Train MSE: 0.0532, r (train): 0.5902, Test MSE: 0.1025, r (test): -0.0111
Epoch: 17, Training Loss: 0.0922, Train MSE: 0.0922, r (train): 0.6107, Test MSE: 0.0794, r (test): 0.1291
Epoch: 18, Training Loss: 0.0453, Train MSE: 0.0453, r (train): 0.5938, Test MSE: 0.1379, r (test): -0.5986
Epoch: 19, Training Loss: 0.0419, Train MSE: 0.0419, r (train): 0.7202, Test MSE: 0.0937, r (test): -0.0769
Epoch: 20, Training Loss: 0.0324, Train MSE: 0.0324, r (train): 0.7879, Test MSE: 0.1011, r (test): -0.1909
Epoch: 21, Training Loss: 0.0300, Train MSE: 0.0300, r (train): 0.7791, Test MSE: 0.1095, r (test): -0.2246
Epoch: 22, Training Loss: 0.0288, Train MSE: 0.0288, r (train): 0.7714, Test MSE: 0.1217, r (test): -0.1597
Epoch: 23, Training Loss: 0.0440, Train MSE: 0.0440, r (train): 0.8060, Test MSE: 0.1016, r (test): -0.2333
Epoch: 24, Training Loss: 0.0349, Train MSE: 0.0349, r (train): 0.7945, Test MSE: 0.1123, r (test): -0.2169
Epoch: 25, Training Loss: 0.0240, Train MSE: 0.0240, r (train): 0.8116, Test MSE: 0.1235, r (test): -0.0755
Epoch: 26, Training Loss: 0.0247, Train MSE: 0.0247, r (train): 0.8037, Test MSE: 0.1336, r (test): -0.1140
Epoch: 27, Training Loss: 0.0581, Train MSE: 0.0581, r (train): 0.7933, Test MSE: 0.0968, r (test): -0.0809
Epoch: 28, Training Loss: 0.0289, Train MSE: 0.0289, r (train): 0.8005, Test MSE: 0.1221, r (test): -0.3169
Epoch: 29, Training Loss: 0.0259, Train MSE: 0.0259, r (train): 0.8024, Test MSE: 0.1465, r (test): -0.1706
Epoch: 30, Training Loss: 0.0176, Train MSE: 0.0176, r (train): 0.8671, Test MSE: 0.1150, r (test): 0.0225
Epoch: 31, Training Loss: 0.0324, Train MSE: 0.0324, r (train): 0.8694, Test MSE: 0.0923, r (test): -0.0379
Epoch: 32, Training Loss: 0.0244, Train MSE: 0.0244, r (train): 0.8145, Test MSE: 0.1330, r (test): -0.1985
Epoch: 33, Training Loss: 0.0253, Train MSE: 0.0253, r (train): 0.8431, Test MSE: 0.1588, r (test): 0.0079
Epoch: 34, Training Loss: 0.0189, Train MSE: 0.0189, r (train): 0.8913, Test MSE: 0.0980, r (test): 0.0105
Epoch: 35, Training Loss: 0.0249, Train MSE: 0.0249, r (train): 0.8724, Test MSE: 0.1169, r (test): -0.1387
Epoch: 36, Training Loss: 0.0285, Train MSE: 0.0285, r (train): 0.7761, Test MSE: 0.1508, r (test): -0.1310
Epoch: 37, Training Loss: 0.0181, Train MSE: 0.0181, r (train): 0.8670, Test MSE: 0.1212, r (test): 0.0327
Epoch: 38, Training Loss: 0.0334, Train MSE: 0.0334, r (train): 0.8841, Test MSE: 0.0824, r (test): 0.1251
Epoch: 39, Training Loss: 0.0486, Train MSE: 0.0486, r (train): 0.8810, Test MSE: 0.0988, r (test): -0.1163
Epoch: 40, Training Loss: 0.0235, Train MSE: 0.0235, r (train): 0.8217, Test MSE: 0.1259, r (test): -0.2980
Epoch: 41, Training Loss: 0.0288, Train MSE: 0.0288, r (train): 0.8708, Test MSE: 0.1066, r (test): -0.2437
Epoch: 42, Training Loss: 0.0437, Train MSE: 0.0437, r (train): 0.9125, Test MSE: 0.0854, r (test): 0.0105
Epoch: 43, Training Loss: 0.0432, Train MSE: 0.0432, r (train): 0.8981, Test MSE: 0.0982, r (test): -0.0758
Epoch: 44, Training Loss: 0.0342, Train MSE: 0.0342, r (train): 0.8890, Test MSE: 0.0847, r (test): 0.0113
Epoch: 45, Training Loss: 0.0829, Train MSE: 0.0829, r (train): 0.9028, Test MSE: 0.0911, r (test): 0.0913
Epoch: 46, Training Loss: 0.0869, Train MSE: 0.0869, r (train): 0.8971, Test MSE: 0.1074, r (test): -0.1014
Epoch: 47, Training Loss: 0.0303, Train MSE: 0.0303, r (train): 0.9091, Test MSE: 0.0921, r (test): -0.0011
Epoch: 48, Training Loss: 0.0285, Train MSE: 0.0285, r (train): 0.8930, Test MSE: 0.0718, r (test): 0.1628
Epoch: 49, Training Loss: 0.0268, Train MSE: 0.0268, r (train): 0.9102, Test MSE: 0.0700, r (test): 0.2298
Epoch: 50, Training Loss: 0.0199, Train MSE: 0.0199, r (train): 0.8903, Test MSE: 0.0905, r (test): 0.0847
Epoch: 51, Training Loss: 0.0144, Train MSE: 0.0144, r (train): 0.8977, Test MSE: 0.1222, r (test): 0.1375
Epoch: 52, Training Loss: 0.0138, Train MSE: 0.0138, r (train): 0.9015, Test MSE: 0.1003, r (test): 0.1475
Epoch: 53, Training Loss: 0.0154, Train MSE: 0.0154, r (train): 0.9021, Test MSE: 0.0983, r (test): 0.2188
Epoch: 54, Training Loss: 0.0201, Train MSE: 0.0201, r (train): 0.8534, Test MSE: 0.1089, r (test): -0.0593
Epoch: 55, Training Loss: 0.0218, Train MSE: 0.0218, r (train): 0.8383, Test MSE: 0.1061, r (test): -0.0351
Epoch: 56, Training Loss: 0.0464, Train MSE: 0.0464, r (train): 0.7407, Test MSE: 0.1127, r (test): -0.2652
Epoch: 57, Training Loss: 0.0434, Train MSE: 0.0434, r (train): 0.8599, Test MSE: 0.0880, r (test): -0.0192
Epoch: 58, Training Loss: 0.0546, Train MSE: 0.0546, r (train): 0.8911, Test MSE: 0.0849, r (test): 0.0182
Epoch: 59, Training Loss: 0.0750, Train MSE: 0.0750, r (train): 0.8829, Test MSE: 0.0940, r (test): -0.0202
Epoch: 60, Training Loss: 0.0686, Train MSE: 0.0686, r (train): 0.8983, Test MSE: 0.0656, r (test): 0.3104
Epoch: 61, Training Loss: 0.0327, Train MSE: 0.0327, r (train): 0.9072, Test MSE: 0.0639, r (test): 0.2697
Epoch: 62, Training Loss: 0.0278, Train MSE: 0.0278, r (train): 0.9191, Test MSE: 0.0704, r (test): 0.1758
Epoch: 63, Training Loss: 0.0203, Train MSE: 0.0203, r (train): 0.9016, Test MSE: 0.0724, r (test): 0.2544
Epoch: 64, Training Loss: 0.0169, Train MSE: 0.0169, r (train): 0.8899, Test MSE: 0.0900, r (test): 0.2725
Epoch: 65, Training Loss: 0.0143, Train MSE: 0.0143, r (train): 0.9007, Test MSE: 0.0859, r (test): 0.1484
Epoch: 66, Training Loss: 0.0234, Train MSE: 0.0234, r (train): 0.9067, Test MSE: 0.1422, r (test): 0.1233
Epoch: 67, Training Loss: 0.0170, Train MSE: 0.0170, r (train): 0.9226, Test MSE: 0.1289, r (test): 0.1127
Epoch: 68, Training Loss: 0.0154, Train MSE: 0.0154, r (train): 0.8851, Test MSE: 0.1112, r (test): -0.0543
Epoch: 69, Training Loss: 0.0142, Train MSE: 0.0142, r (train): 0.9040, Test MSE: 0.0981, r (test): -0.0092
Epoch: 70, Training Loss: 0.0163, Train MSE: 0.0163, r (train): 0.9128, Test MSE: 0.1055, r (test): 0.1206
Epoch: 71, Training Loss: 0.0355, Train MSE: 0.0355, r (train): 0.9084, Test MSE: 0.0766, r (test): 0.1427
Epoch: 72, Training Loss: 0.0422, Train MSE: 0.0422, r (train): 0.9282, Test MSE: 0.0770, r (test): 0.1074
Epoch: 73, Training Loss: 0.0352, Train MSE: 0.0352, r (train): 0.9026, Test MSE: 0.0625, r (test): 0.2737
Epoch: 74, Training Loss: 0.0159, Train MSE: 0.0159, r (train): 0.8938, Test MSE: 0.0803, r (test): 0.2558
Epoch: 75, Training Loss: 0.0158, Train MSE: 0.0158, r (train): 0.9113, Test MSE: 0.1034, r (test): 0.2545
Epoch: 76, Training Loss: 0.0199, Train MSE: 0.0199, r (train): 0.9228, Test MSE: 0.1475, r (test): 0.0974
Epoch: 77, Training Loss: 0.0178, Train MSE: 0.0178, r (train): 0.9320, Test MSE: 0.1365, r (test): 0.0456
Epoch: 78, Training Loss: 0.0136, Train MSE: 0.0136, r (train): 0.9406, Test MSE: 0.1444, r (test): 0.0569
Epoch: 79, Training Loss: 0.0125, Train MSE: 0.0125, r (train): 0.9161, Test MSE: 0.1290, r (test): 0.0081
Epoch: 80, Training Loss: 0.0132, Train MSE: 0.0132, r (train): 0.9338, Test MSE: 0.0971, r (test): -0.0001
Epoch: 81, Training Loss: 0.0258, Train MSE: 0.0258, r (train): 0.9300, Test MSE: 0.0836, r (test): -0.0230
Epoch: 82, Training Loss: 0.0183, Train MSE: 0.0183, r (train): 0.9265, Test MSE: 0.0672, r (test): 0.2197
Epoch: 83, Training Loss: 0.0243, Train MSE: 0.0243, r (train): 0.8814, Test MSE: 0.1027, r (test): 0.1572
Epoch: 84, Training Loss: 0.0139, Train MSE: 0.0139, r (train): 0.9246, Test MSE: 0.0943, r (test): 0.4318
Epoch: 85, Training Loss: 0.0130, Train MSE: 0.0130, r (train): 0.9379, Test MSE: 0.1100, r (test): 0.0427
Epoch: 86, Training Loss: 0.0269, Train MSE: 0.0269, r (train): 0.9261, Test MSE: 0.1286, r (test): 0.1428
Epoch: 87, Training Loss: 0.0137, Train MSE: 0.0137, r (train): 0.9137, Test MSE: 0.1112, r (test): 0.1830
Epoch: 88, Training Loss: 0.0159, Train MSE: 0.0159, r (train): 0.9427, Test MSE: 0.0733, r (test): 0.1087
Epoch: 89, Training Loss: 0.0149, Train MSE: 0.0149, r (train): 0.9402, Test MSE: 0.0651, r (test): 0.2800
Epoch: 90, Training Loss: 0.0120, Train MSE: 0.0120, r (train): 0.9552, Test MSE: 0.1175, r (test): 0.1421
Epoch: 91, Training Loss: 0.0170, Train MSE: 0.0170, r (train): 0.9502, Test MSE: 0.1196, r (test): 0.2954
Epoch: 92, Training Loss: 0.0178, Train MSE: 0.0178, r (train): 0.9427, Test MSE: 0.1119, r (test): 0.2815
Epoch: 93, Training Loss: 0.0272, Train MSE: 0.0272, r (train): 0.9522, Test MSE: 0.1410, r (test): 0.1593
Epoch: 94, Training Loss: 0.0111, Train MSE: 0.0111, r (train): 0.9394, Test MSE: 0.1052, r (test): 0.1197
Epoch: 95, Training Loss: 0.0105, Train MSE: 0.0105, r (train): 0.9602, Test MSE: 0.0739, r (test): 0.2259
Epoch: 96, Training Loss: 0.0076, Train MSE: 0.0076, r (train): 0.9592, Test MSE: 0.0736, r (test): 0.1889
Epoch: 97, Training Loss: 0.0173, Train MSE: 0.0173, r (train): 0.9538, Test MSE: 0.1225, r (test): 0.2807
Epoch: 98, Training Loss: 0.0122, Train MSE: 0.0122, r (train): 0.9678, Test MSE: 0.1105, r (test): 0.3100
Epoch: 99, Training Loss: 0.0239, Train MSE: 0.0239, r (train): 0.9382, Test MSE: 0.1320, r (test): 0.1166
Predicted tensors for training set: 
tensor([ 0.8070,  0.0329,  0.6518,  0.5410,  0.7478,  0.4109,  0.1725,  0.4719,
         0.4192,  0.3712, -0.0067,  0.6986,  0.4552,  0.3669,  0.4897,  0.6440,
         0.2688, -0.0498,  0.6233,  0.3638, -0.0060, -0.1056,  0.0498, -0.1965,
         0.3276,  0.1829,  0.2201,  0.3052,  0.0340, -0.1359,  0.3948,  0.3868,
         0.5679,  0.2957,  0.5772,  0.7027,  0.5764,  0.0902,  0.4109,  0.1479,
         0.7174,  0.7800,  0.0642,  0.2190,  0.1403,  0.4790,  0.6682,  0.3824,
         0.6404,  0.6208,  0.0662,  0.3147,  0.2506,  0.6365,  0.4858,  0.4079,
         0.6822,  0.6569,  0.3291,  0.7324,  0.5196,  0.6295,  0.0025,  0.6940,
         0.7991,  0.4206,  0.4351,  0.0598,  0.7151,  0.5679,  0.9205,  0.3238])
Target tensorsfor training set: 
tensor([0.8988, 0.1218, 0.7507, 0.6671, 0.8453, 0.5779, 0.2464, 0.5719, 0.5564,
        0.4513, 0.0478, 0.7791, 0.8391, 0.5658, 0.7372, 0.8556, 0.3309, 0.0246,
        0.8561, 0.4373, 0.0981, 0.1055, 0.2916, 0.1295, 0.6846, 0.4036, 0.3174,
        0.5780, 0.2255, 0.2594, 0.6240, 0.5220, 0.6577, 0.4341, 0.6576, 0.9535,
        0.7125, 0.1360, 0.5102, 0.2394, 0.8363, 0.8728, 0.0763, 0.2271, 0.5178,
        0.5573, 0.7497, 0.4440, 0.7371, 0.7171, 0.1294, 0.3829, 0.3077, 0.7270,
        0.5187, 0.5023, 0.7950, 0.8411, 0.4149, 0.9150, 0.6199, 0.6992, 0.0389,
        0.7596, 0.8524, 0.4526, 0.4654, 0.0636, 0.7462, 0.5783, 0.9621, 0.3453])
Correlation for training set: 0.9382382570923814
Predicted tensors for test set: 
tensor([0.4753, 0.4974, 0.3698, 0.4654, 0.5745, 0.2932, 0.3567, 0.1871, 0.3833,
        0.3782, 0.4843, 0.5040, 0.3681, 0.3100, 0.5212, 0.3311, 0.3631, 0.5155])
Target tensors for test set: 
tensor([0.2169, 0.4818, 0.9127, 0.9072, 0.5300, 0.2649, 0.9656, 0.6595, 0.7144,
        0.4993, 0.9215, 0.6465, 0.4640, 0.7901, 0.9492, 0.8418, 0.1493, 0.9117])
Correlation for test set: 0.116616757037821
Fold 3
Epoch: 00, Training Loss: 0.0889, Train MSE: 0.0889, r (train): 0.1889, Test MSE: 0.1497, r (test): -0.1249
Epoch: 01, Training Loss: 0.0977, Train MSE: 0.0977, r (train): 0.2185, Test MSE: 0.1777, r (test): -0.0992
Epoch: 02, Training Loss: 0.0940, Train MSE: 0.0940, r (train): 0.2378, Test MSE: 0.1730, r (test): -0.0838
Epoch: 03, Training Loss: 0.0687, Train MSE: 0.0687, r (train): 0.3259, Test MSE: 0.1079, r (test): 0.0274
Epoch: 04, Training Loss: 0.0590, Train MSE: 0.0590, r (train): 0.4541, Test MSE: 0.0897, r (test): 0.0812
Epoch: 05, Training Loss: 0.0561, Train MSE: 0.0561, r (train): 0.4973, Test MSE: 0.0917, r (test): 0.0826
Epoch: 06, Training Loss: 0.0536, Train MSE: 0.0536, r (train): 0.5267, Test MSE: 0.0892, r (test): 0.0801
Epoch: 07, Training Loss: 0.0517, Train MSE: 0.0517, r (train): 0.5492, Test MSE: 0.0870, r (test): 0.0856
Epoch: 08, Training Loss: 0.0505, Train MSE: 0.0505, r (train): 0.5622, Test MSE: 0.0901, r (test): 0.0742
Epoch: 09, Training Loss: 0.0490, Train MSE: 0.0490, r (train): 0.5768, Test MSE: 0.0854, r (test): 0.0887
Epoch: 10, Training Loss: 0.0485, Train MSE: 0.0485, r (train): 0.5891, Test MSE: 0.0829, r (test): 0.0868
Epoch: 11, Training Loss: 0.0483, Train MSE: 0.0483, r (train): 0.5796, Test MSE: 0.0883, r (test): 0.0505
Epoch: 12, Training Loss: 0.0477, Train MSE: 0.0477, r (train): 0.5910, Test MSE: 0.0807, r (test): 0.0991
Epoch: 13, Training Loss: 0.0549, Train MSE: 0.0549, r (train): 0.5071, Test MSE: 0.0902, r (test): 0.0854
Epoch: 14, Training Loss: 0.0547, Train MSE: 0.0547, r (train): 0.5267, Test MSE: 0.1062, r (test): -0.0208
Epoch: 15, Training Loss: 0.0572, Train MSE: 0.0572, r (train): 0.4798, Test MSE: 0.0726, r (test): 0.1501
Epoch: 16, Training Loss: 0.0535, Train MSE: 0.0535, r (train): 0.6009, Test MSE: 0.1422, r (test): -0.0393
Epoch: 17, Training Loss: 0.0385, Train MSE: 0.0385, r (train): 0.7249, Test MSE: 0.0837, r (test): 0.0650
Epoch: 18, Training Loss: 0.0382, Train MSE: 0.0382, r (train): 0.6966, Test MSE: 0.0862, r (test): 0.0666
Epoch: 19, Training Loss: 0.0351, Train MSE: 0.0351, r (train): 0.7555, Test MSE: 0.0780, r (test): 0.1017
Epoch: 20, Training Loss: 0.0317, Train MSE: 0.0317, r (train): 0.7771, Test MSE: 0.0763, r (test): 0.1430
Epoch: 21, Training Loss: 0.0271, Train MSE: 0.0271, r (train): 0.8145, Test MSE: 0.0828, r (test): 0.0940
Epoch: 22, Training Loss: 0.0283, Train MSE: 0.0283, r (train): 0.7963, Test MSE: 0.0893, r (test): 0.0596
Epoch: 23, Training Loss: 0.0279, Train MSE: 0.0279, r (train): 0.7891, Test MSE: 0.0951, r (test): 0.0670
Epoch: 24, Training Loss: 0.0311, Train MSE: 0.0311, r (train): 0.7609, Test MSE: 0.1172, r (test): -0.0043
Epoch: 25, Training Loss: 0.0345, Train MSE: 0.0345, r (train): 0.7445, Test MSE: 0.1052, r (test): 0.0533
Epoch: 26, Training Loss: 0.0334, Train MSE: 0.0334, r (train): 0.7414, Test MSE: 0.1284, r (test): 0.0674
Epoch: 27, Training Loss: 0.0294, Train MSE: 0.0294, r (train): 0.7988, Test MSE: 0.1148, r (test): 0.1529
Epoch: 28, Training Loss: 0.0249, Train MSE: 0.0249, r (train): 0.8230, Test MSE: 0.0853, r (test): 0.1410
Epoch: 29, Training Loss: 0.0176, Train MSE: 0.0176, r (train): 0.8778, Test MSE: 0.0787, r (test): 0.2601
Epoch: 30, Training Loss: 0.0230, Train MSE: 0.0230, r (train): 0.8785, Test MSE: 0.0734, r (test): 0.2267
Epoch: 31, Training Loss: 0.0321, Train MSE: 0.0321, r (train): 0.8009, Test MSE: 0.0622, r (test): 0.3538
Epoch: 32, Training Loss: 0.0287, Train MSE: 0.0287, r (train): 0.8989, Test MSE: 0.0587, r (test): 0.3203
Epoch: 33, Training Loss: 0.0192, Train MSE: 0.0192, r (train): 0.9127, Test MSE: 0.0604, r (test): 0.3443
Epoch: 34, Training Loss: 0.0292, Train MSE: 0.0292, r (train): 0.9154, Test MSE: 0.0620, r (test): 0.2788
Epoch: 35, Training Loss: 0.0375, Train MSE: 0.0375, r (train): 0.8900, Test MSE: 0.0648, r (test): 0.2136
Epoch: 36, Training Loss: 0.0545, Train MSE: 0.0545, r (train): 0.9038, Test MSE: 0.0685, r (test): 0.1843
Epoch: 37, Training Loss: 0.0644, Train MSE: 0.0644, r (train): 0.9079, Test MSE: 0.0736, r (test): 0.1782
Epoch: 38, Training Loss: 0.0855, Train MSE: 0.0855, r (train): 0.8777, Test MSE: 0.0844, r (test): 0.1752
Epoch: 39, Training Loss: 0.0565, Train MSE: 0.0565, r (train): 0.9224, Test MSE: 0.0916, r (test): -0.0414
Epoch: 40, Training Loss: 0.0360, Train MSE: 0.0360, r (train): 0.9000, Test MSE: 0.0803, r (test): 0.0223
Epoch: 41, Training Loss: 0.0482, Train MSE: 0.0482, r (train): 0.8878, Test MSE: 0.1128, r (test): -0.1870
Epoch: 42, Training Loss: 0.0413, Train MSE: 0.0413, r (train): 0.8944, Test MSE: 0.1107, r (test): -0.0426
Epoch: 43, Training Loss: 0.0388, Train MSE: 0.0388, r (train): 0.8471, Test MSE: 0.1111, r (test): -0.0943
Epoch: 44, Training Loss: 0.0289, Train MSE: 0.0289, r (train): 0.8443, Test MSE: 0.1906, r (test): -0.0048
Epoch: 45, Training Loss: 0.0308, Train MSE: 0.0308, r (train): 0.8787, Test MSE: 0.1943, r (test): -0.1175
Epoch: 46, Training Loss: 0.0387, Train MSE: 0.0387, r (train): 0.8022, Test MSE: 0.2009, r (test): -0.0939
Epoch: 47, Training Loss: 0.0278, Train MSE: 0.0278, r (train): 0.8478, Test MSE: 0.1840, r (test): -0.2427
Epoch: 48, Training Loss: 0.0272, Train MSE: 0.0272, r (train): 0.8819, Test MSE: 0.1648, r (test): -0.0218
Epoch: 49, Training Loss: 0.0495, Train MSE: 0.0495, r (train): 0.8972, Test MSE: 0.2034, r (test): 0.0952
Epoch: 50, Training Loss: 0.0246, Train MSE: 0.0246, r (train): 0.8291, Test MSE: 0.1431, r (test): -0.0161
Epoch: 51, Training Loss: 0.0293, Train MSE: 0.0293, r (train): 0.8378, Test MSE: 0.1093, r (test): 0.1681
Epoch: 52, Training Loss: 0.0205, Train MSE: 0.0205, r (train): 0.8516, Test MSE: 0.1077, r (test): -0.0062
Epoch: 53, Training Loss: 0.0162, Train MSE: 0.0162, r (train): 0.9137, Test MSE: 0.0875, r (test): 0.0827
Epoch: 54, Training Loss: 0.0160, Train MSE: 0.0160, r (train): 0.9195, Test MSE: 0.0711, r (test): 0.1159
Epoch: 55, Training Loss: 0.0238, Train MSE: 0.0238, r (train): 0.9344, Test MSE: 0.0781, r (test): -0.0285
Epoch: 56, Training Loss: 0.0452, Train MSE: 0.0452, r (train): 0.9541, Test MSE: 0.0770, r (test): -0.0617
Epoch: 57, Training Loss: 0.0269, Train MSE: 0.0269, r (train): 0.9658, Test MSE: 0.0799, r (test): -0.1228
Epoch: 58, Training Loss: 0.0104, Train MSE: 0.0104, r (train): 0.9557, Test MSE: 0.0847, r (test): -0.0719
Epoch: 59, Training Loss: 0.0167, Train MSE: 0.0167, r (train): 0.8914, Test MSE: 0.1217, r (test): -0.0696
Epoch: 60, Training Loss: 0.0256, Train MSE: 0.0256, r (train): 0.8976, Test MSE: 0.1614, r (test): -0.0154
Epoch: 61, Training Loss: 0.0116, Train MSE: 0.0116, r (train): 0.9419, Test MSE: 0.1163, r (test): 0.1619
Epoch: 62, Training Loss: 0.0146, Train MSE: 0.0146, r (train): 0.9122, Test MSE: 0.0977, r (test): 0.3036
Epoch: 63, Training Loss: 0.0200, Train MSE: 0.0200, r (train): 0.9020, Test MSE: 0.0656, r (test): 0.3699
Epoch: 64, Training Loss: 0.0275, Train MSE: 0.0275, r (train): 0.8805, Test MSE: 0.0550, r (test): 0.3596
Epoch: 65, Training Loss: 0.0314, Train MSE: 0.0314, r (train): 0.9426, Test MSE: 0.0661, r (test): 0.1134
Epoch: 66, Training Loss: 0.0192, Train MSE: 0.0192, r (train): 0.9741, Test MSE: 0.0629, r (test): 0.2056
Epoch: 67, Training Loss: 0.0119, Train MSE: 0.0119, r (train): 0.9648, Test MSE: 0.0685, r (test): 0.1262
Epoch: 68, Training Loss: 0.0073, Train MSE: 0.0073, r (train): 0.9487, Test MSE: 0.0855, r (test): 0.1646
Epoch: 69, Training Loss: 0.0200, Train MSE: 0.0200, r (train): 0.9312, Test MSE: 0.1419, r (test): 0.1846
Epoch: 70, Training Loss: 0.0165, Train MSE: 0.0165, r (train): 0.9437, Test MSE: 0.1244, r (test): 0.1623
Epoch: 71, Training Loss: 0.0130, Train MSE: 0.0130, r (train): 0.9180, Test MSE: 0.0896, r (test): 0.2814
Epoch: 72, Training Loss: 0.0301, Train MSE: 0.0301, r (train): 0.9244, Test MSE: 0.0598, r (test): 0.2699
Epoch: 73, Training Loss: 0.0392, Train MSE: 0.0392, r (train): 0.9130, Test MSE: 0.0684, r (test): 0.1344
Epoch: 74, Training Loss: 0.0214, Train MSE: 0.0214, r (train): 0.9520, Test MSE: 0.0710, r (test): 0.1033
Epoch: 75, Training Loss: 0.0147, Train MSE: 0.0147, r (train): 0.9431, Test MSE: 0.0757, r (test): 0.0480
Epoch: 76, Training Loss: 0.0186, Train MSE: 0.0186, r (train): 0.9233, Test MSE: 0.1306, r (test): 0.1499
Epoch: 77, Training Loss: 0.0138, Train MSE: 0.0138, r (train): 0.9353, Test MSE: 0.1254, r (test): 0.1028
Epoch: 78, Training Loss: 0.0189, Train MSE: 0.0189, r (train): 0.9534, Test MSE: 0.1532, r (test): 0.0693
Epoch: 79, Training Loss: 0.0095, Train MSE: 0.0095, r (train): 0.9471, Test MSE: 0.0970, r (test): 0.2767
Epoch: 80, Training Loss: 0.0209, Train MSE: 0.0209, r (train): 0.9375, Test MSE: 0.0632, r (test): 0.2608
Epoch: 81, Training Loss: 0.0126, Train MSE: 0.0126, r (train): 0.9460, Test MSE: 0.0749, r (test): 0.2690
Epoch: 82, Training Loss: 0.0091, Train MSE: 0.0091, r (train): 0.9760, Test MSE: 0.0714, r (test): 0.1686
Epoch: 83, Training Loss: 0.0087, Train MSE: 0.0087, r (train): 0.9634, Test MSE: 0.0761, r (test): 0.1226
Epoch: 84, Training Loss: 0.0070, Train MSE: 0.0070, r (train): 0.9556, Test MSE: 0.1050, r (test): 0.0513
Epoch: 85, Training Loss: 0.0189, Train MSE: 0.0189, r (train): 0.9302, Test MSE: 0.1665, r (test): -0.0071
Epoch: 86, Training Loss: 0.0184, Train MSE: 0.0184, r (train): 0.9228, Test MSE: 0.1360, r (test): 0.1634
Epoch: 87, Training Loss: 0.0180, Train MSE: 0.0180, r (train): 0.8940, Test MSE: 0.0797, r (test): 0.3447
Epoch: 88, Training Loss: 0.0380, Train MSE: 0.0380, r (train): 0.8743, Test MSE: 0.0658, r (test): 0.2745
Epoch: 89, Training Loss: 0.0205, Train MSE: 0.0205, r (train): 0.9554, Test MSE: 0.0806, r (test): 0.0316
Epoch: 90, Training Loss: 0.0319, Train MSE: 0.0319, r (train): 0.9256, Test MSE: 0.0658, r (test): 0.1021
Epoch: 91, Training Loss: 0.0227, Train MSE: 0.0227, r (train): 0.9410, Test MSE: 0.0851, r (test): -0.1534
Epoch: 92, Training Loss: 0.0116, Train MSE: 0.0116, r (train): 0.9170, Test MSE: 0.0990, r (test): -0.0885
Epoch: 93, Training Loss: 0.0240, Train MSE: 0.0240, r (train): 0.9252, Test MSE: 0.1595, r (test): -0.0852
Epoch: 94, Training Loss: 0.0205, Train MSE: 0.0205, r (train): 0.9400, Test MSE: 0.1492, r (test): -0.0219
Epoch: 95, Training Loss: 0.0176, Train MSE: 0.0176, r (train): 0.9002, Test MSE: 0.1190, r (test): 0.0891
Epoch: 96, Training Loss: 0.0203, Train MSE: 0.0203, r (train): 0.8573, Test MSE: 0.0895, r (test): 0.2421
Epoch: 97, Training Loss: 0.0125, Train MSE: 0.0125, r (train): 0.9537, Test MSE: 0.0779, r (test): -0.0155
Epoch: 98, Training Loss: 0.0232, Train MSE: 0.0232, r (train): 0.9611, Test MSE: 0.0699, r (test): 0.1390
Epoch: 99, Training Loss: 0.0151, Train MSE: 0.0151, r (train): 0.9640, Test MSE: 0.0776, r (test): 0.0432
Predicted tensors for training set: 
tensor([ 0.8215,  0.1949,  0.6647,  0.5832,  0.8088,  0.5880,  0.2149,  0.5474,
         0.5129,  0.3433, -0.0238,  0.6852,  0.7020,  0.4953,  0.5638,  0.7395,
         0.1922, -0.0746,  0.2299,  0.2999,  0.7058,  0.6880,  0.4566,  0.0578,
         0.8097,  0.4507,  0.5810,  0.3978,  0.7815,  0.5603,  0.3550,  0.7359,
         0.8570,  0.7726,  0.0829,  0.8296,  0.6228,  0.1230,  0.5097,  0.2148,
         0.8026,  0.7751,  0.1499,  0.2557,  0.4529,  0.4615,  0.6941,  0.3891,
         0.6138,  0.5987,  0.0658,  0.2752,  0.1815,  0.5710,  0.4347,  0.4083,
         0.5908,  0.5947,  0.1976,  0.6348,  0.3941,  0.5091, -0.0439,  0.5500,
         0.6399,  0.3518,  0.3604,  0.0324,  0.6847,  0.4690,  0.9171,  0.3484])
Target tensorsfor training set: 
tensor([0.8988, 0.1218, 0.7507, 0.6671, 0.8453, 0.5779, 0.2464, 0.5719, 0.5564,
        0.4513, 0.0478, 0.7791, 0.8391, 0.5658, 0.7372, 0.8556, 0.3309, 0.0246,
        0.2169, 0.4818, 0.9127, 0.9072, 0.5300, 0.2649, 0.9656, 0.6595, 0.7144,
        0.4993, 0.9215, 0.6465, 0.4640, 0.7901, 0.9492, 0.8418, 0.1493, 0.9117,
        0.7125, 0.1360, 0.5102, 0.2394, 0.8363, 0.8728, 0.0763, 0.2271, 0.5178,
        0.5573, 0.7497, 0.4440, 0.7371, 0.7171, 0.1294, 0.3829, 0.3077, 0.7270,
        0.5187, 0.5023, 0.7950, 0.8411, 0.4149, 0.9150, 0.6199, 0.6992, 0.0389,
        0.7596, 0.8524, 0.4526, 0.4654, 0.0636, 0.7462, 0.5783, 0.9621, 0.3453])
Correlation for training set: 0.9639566605603079
Predicted tensors for test set: 
tensor([0.4872, 0.3946, 0.2796, 0.5721, 0.5033, 0.4073, 0.5082, 0.3293, 0.3826,
        0.5548, 0.9432, 0.4599, 0.4770, 0.4450, 0.3377, 0.4731, 0.5613, 0.5680])
Target tensors for test set: 
tensor([0.8561, 0.4373, 0.0981, 0.1055, 0.2916, 0.1295, 0.6846, 0.4036, 0.3174,
        0.5780, 0.2255, 0.2594, 0.6240, 0.5220, 0.6577, 0.4341, 0.6576, 0.9535])
Correlation for test set: 0.043206057238780085
Fold 4
Epoch: 00, Training Loss: 0.0659, Train MSE: 0.0659, r (train): 0.3209, Test MSE: 0.0858, r (test): -0.1140
Epoch: 01, Training Loss: 0.0953, Train MSE: 0.0953, r (train): 0.1817, Test MSE: 0.1287, r (test): -0.0009
Epoch: 02, Training Loss: 0.1022, Train MSE: 0.1022, r (train): 0.2504, Test MSE: 0.1634, r (test): -0.1755
Epoch: 03, Training Loss: 0.0729, Train MSE: 0.0729, r (train): 0.4042, Test MSE: 0.1446, r (test): -0.3390
Epoch: 04, Training Loss: 0.0599, Train MSE: 0.0599, r (train): 0.4934, Test MSE: 0.1291, r (test): -0.4050
Epoch: 05, Training Loss: 0.0539, Train MSE: 0.0539, r (train): 0.5637, Test MSE: 0.1197, r (test): -0.4375
Epoch: 06, Training Loss: 0.0499, Train MSE: 0.0499, r (train): 0.6188, Test MSE: 0.1138, r (test): -0.4331
Epoch: 07, Training Loss: 0.0489, Train MSE: 0.0489, r (train): 0.6397, Test MSE: 0.1144, r (test): -0.4188
Epoch: 08, Training Loss: 0.0497, Train MSE: 0.0497, r (train): 0.6360, Test MSE: 0.1144, r (test): -0.3463
Epoch: 09, Training Loss: 0.0481, Train MSE: 0.0481, r (train): 0.6526, Test MSE: 0.1159, r (test): -0.3592
Epoch: 10, Training Loss: 0.0456, Train MSE: 0.0456, r (train): 0.6808, Test MSE: 0.1097, r (test): -0.4464
Epoch: 11, Training Loss: 0.0452, Train MSE: 0.0452, r (train): 0.6868, Test MSE: 0.1123, r (test): -0.3428
Epoch: 12, Training Loss: 0.0386, Train MSE: 0.0386, r (train): 0.7295, Test MSE: 0.1037, r (test): -0.4851
Epoch: 13, Training Loss: 0.0413, Train MSE: 0.0413, r (train): 0.7204, Test MSE: 0.1062, r (test): -0.4469
Epoch: 14, Training Loss: 0.0398, Train MSE: 0.0398, r (train): 0.7015, Test MSE: 0.1013, r (test): -0.3950
Epoch: 15, Training Loss: 0.0390, Train MSE: 0.0390, r (train): 0.7691, Test MSE: 0.1101, r (test): -0.4724
Epoch: 16, Training Loss: 0.0366, Train MSE: 0.0366, r (train): 0.7412, Test MSE: 0.1187, r (test): -0.3548
Epoch: 17, Training Loss: 0.0341, Train MSE: 0.0341, r (train): 0.7439, Test MSE: 0.0962, r (test): -0.3198
Epoch: 18, Training Loss: 0.0402, Train MSE: 0.0402, r (train): 0.7024, Test MSE: 0.1098, r (test): -0.4930
Epoch: 19, Training Loss: 0.0433, Train MSE: 0.0433, r (train): 0.7450, Test MSE: 0.1343, r (test): -0.3734
Epoch: 20, Training Loss: 0.0239, Train MSE: 0.0239, r (train): 0.8270, Test MSE: 0.1055, r (test): -0.4805
Epoch: 21, Training Loss: 0.0284, Train MSE: 0.0284, r (train): 0.7941, Test MSE: 0.1233, r (test): -0.5379
Epoch: 22, Training Loss: 0.0233, Train MSE: 0.0233, r (train): 0.8457, Test MSE: 0.1335, r (test): -0.4593
Epoch: 23, Training Loss: 0.0247, Train MSE: 0.0247, r (train): 0.8184, Test MSE: 0.1292, r (test): -0.4848
Epoch: 24, Training Loss: 0.0231, Train MSE: 0.0231, r (train): 0.8436, Test MSE: 0.1386, r (test): -0.4965
Epoch: 25, Training Loss: 0.0229, Train MSE: 0.0229, r (train): 0.8406, Test MSE: 0.1343, r (test): -0.4349
Epoch: 26, Training Loss: 0.0233, Train MSE: 0.0233, r (train): 0.8529, Test MSE: 0.1310, r (test): -0.4598
Epoch: 27, Training Loss: 0.0250, Train MSE: 0.0250, r (train): 0.8841, Test MSE: 0.1203, r (test): -0.4095
Epoch: 28, Training Loss: 0.0458, Train MSE: 0.0458, r (train): 0.8323, Test MSE: 0.1410, r (test): -0.4528
Epoch: 29, Training Loss: 0.0299, Train MSE: 0.0299, r (train): 0.8494, Test MSE: 0.1399, r (test): -0.4288
Epoch: 30, Training Loss: 0.0452, Train MSE: 0.0452, r (train): 0.7073, Test MSE: 0.1459, r (test): -0.2988
Epoch: 31, Training Loss: 0.0864, Train MSE: 0.0864, r (train): 0.7289, Test MSE: 0.0980, r (test): -0.3043
Epoch: 32, Training Loss: 0.0191, Train MSE: 0.0191, r (train): 0.8824, Test MSE: 0.1053, r (test): -0.3961
Epoch: 33, Training Loss: 0.0178, Train MSE: 0.0178, r (train): 0.9273, Test MSE: 0.1068, r (test): -0.4078
Epoch: 34, Training Loss: 0.0140, Train MSE: 0.0140, r (train): 0.9274, Test MSE: 0.1220, r (test): -0.4909
Epoch: 35, Training Loss: 0.0197, Train MSE: 0.0197, r (train): 0.9480, Test MSE: 0.1046, r (test): -0.4068
Epoch: 36, Training Loss: 0.0270, Train MSE: 0.0270, r (train): 0.9452, Test MSE: 0.1086, r (test): -0.3606
Epoch: 37, Training Loss: 0.0463, Train MSE: 0.0463, r (train): 0.9315, Test MSE: 0.1193, r (test): -0.3967
Epoch: 38, Training Loss: 0.0486, Train MSE: 0.0486, r (train): 0.9357, Test MSE: 0.1040, r (test): -0.2347
Epoch: 39, Training Loss: 0.0397, Train MSE: 0.0397, r (train): 0.9337, Test MSE: 0.0930, r (test): -0.2487
Epoch: 40, Training Loss: 0.0467, Train MSE: 0.0467, r (train): 0.9313, Test MSE: 0.1086, r (test): -0.3675
Epoch: 41, Training Loss: 0.0220, Train MSE: 0.0220, r (train): 0.9403, Test MSE: 0.0957, r (test): -0.3239
Epoch: 42, Training Loss: 0.0280, Train MSE: 0.0280, r (train): 0.9092, Test MSE: 0.0804, r (test): -0.1953
Epoch: 43, Training Loss: 0.0311, Train MSE: 0.0311, r (train): 0.8964, Test MSE: 0.0832, r (test): -0.3021
Epoch: 44, Training Loss: 0.0133, Train MSE: 0.0133, r (train): 0.9048, Test MSE: 0.1004, r (test): -0.3692
Epoch: 45, Training Loss: 0.0129, Train MSE: 0.0129, r (train): 0.9198, Test MSE: 0.1197, r (test): -0.4221
Epoch: 46, Training Loss: 0.0146, Train MSE: 0.0146, r (train): 0.9077, Test MSE: 0.1347, r (test): -0.6098
Epoch: 47, Training Loss: 0.0102, Train MSE: 0.0102, r (train): 0.9318, Test MSE: 0.1155, r (test): -0.4914
Epoch: 48, Training Loss: 0.0091, Train MSE: 0.0091, r (train): 0.9472, Test MSE: 0.1159, r (test): -0.3500
Epoch: 49, Training Loss: 0.0114, Train MSE: 0.0114, r (train): 0.9292, Test MSE: 0.1323, r (test): -0.4129
Epoch: 50, Training Loss: 0.0229, Train MSE: 0.0229, r (train): 0.9178, Test MSE: 0.1153, r (test): -0.3752
Epoch: 51, Training Loss: 0.0368, Train MSE: 0.0368, r (train): 0.9107, Test MSE: 0.1014, r (test): -0.1749
Epoch: 52, Training Loss: 0.0321, Train MSE: 0.0321, r (train): 0.9213, Test MSE: 0.1275, r (test): -0.3335
Epoch: 53, Training Loss: 0.0193, Train MSE: 0.0193, r (train): 0.8811, Test MSE: 0.1302, r (test): -0.4058
Epoch: 54, Training Loss: 0.0273, Train MSE: 0.0273, r (train): 0.9003, Test MSE: 0.1103, r (test): -0.3819
Epoch: 55, Training Loss: 0.0568, Train MSE: 0.0568, r (train): 0.9202, Test MSE: 0.1052, r (test): -0.2353
Epoch: 56, Training Loss: 0.0366, Train MSE: 0.0366, r (train): 0.9476, Test MSE: 0.1089, r (test): -0.3191
Epoch: 57, Training Loss: 0.0405, Train MSE: 0.0405, r (train): 0.9475, Test MSE: 0.1062, r (test): -0.3393
Epoch: 58, Training Loss: 0.0236, Train MSE: 0.0236, r (train): 0.9531, Test MSE: 0.0917, r (test): -0.2559
Epoch: 59, Training Loss: 0.0224, Train MSE: 0.0224, r (train): 0.9535, Test MSE: 0.0949, r (test): -0.2363
Epoch: 60, Training Loss: 0.0091, Train MSE: 0.0091, r (train): 0.9456, Test MSE: 0.1010, r (test): -0.3741
Epoch: 61, Training Loss: 0.0091, Train MSE: 0.0091, r (train): 0.9458, Test MSE: 0.1157, r (test): -0.3934
Epoch: 62, Training Loss: 0.0158, Train MSE: 0.0158, r (train): 0.9366, Test MSE: 0.1513, r (test): -0.6152
Epoch: 63, Training Loss: 0.0148, Train MSE: 0.0148, r (train): 0.9204, Test MSE: 0.1085, r (test): -0.4708
Epoch: 64, Training Loss: 0.0140, Train MSE: 0.0140, r (train): 0.9186, Test MSE: 0.1332, r (test): -0.3520
Epoch: 65, Training Loss: 0.0225, Train MSE: 0.0225, r (train): 0.9379, Test MSE: 0.1191, r (test): -0.4029
Epoch: 66, Training Loss: 0.0186, Train MSE: 0.0186, r (train): 0.9367, Test MSE: 0.1062, r (test): -0.3276
Epoch: 67, Training Loss: 0.0230, Train MSE: 0.0230, r (train): 0.9196, Test MSE: 0.1042, r (test): -0.3670
Epoch: 68, Training Loss: 0.0623, Train MSE: 0.0623, r (train): 0.9062, Test MSE: 0.0915, r (test): -0.2357
Epoch: 69, Training Loss: 0.0621, Train MSE: 0.0621, r (train): 0.9554, Test MSE: 0.0999, r (test): -0.2156
Epoch: 70, Training Loss: 0.0252, Train MSE: 0.0252, r (train): 0.9608, Test MSE: 0.0942, r (test): -0.3213
Epoch: 71, Training Loss: 0.0186, Train MSE: 0.0186, r (train): 0.9294, Test MSE: 0.0935, r (test): -0.1755
Epoch: 72, Training Loss: 0.0124, Train MSE: 0.0124, r (train): 0.9316, Test MSE: 0.1017, r (test): -0.2911
Epoch: 73, Training Loss: 0.0096, Train MSE: 0.0096, r (train): 0.9407, Test MSE: 0.1245, r (test): -0.4707
Epoch: 74, Training Loss: 0.0150, Train MSE: 0.0150, r (train): 0.9319, Test MSE: 0.1386, r (test): -0.6397
Epoch: 75, Training Loss: 0.0102, Train MSE: 0.0102, r (train): 0.9559, Test MSE: 0.1125, r (test): -0.3682
Epoch: 76, Training Loss: 0.0145, Train MSE: 0.0145, r (train): 0.9340, Test MSE: 0.1148, r (test): -0.3894
Epoch: 77, Training Loss: 0.0306, Train MSE: 0.0306, r (train): 0.9415, Test MSE: 0.1125, r (test): -0.4519
Epoch: 78, Training Loss: 0.0531, Train MSE: 0.0531, r (train): 0.9352, Test MSE: 0.1086, r (test): -0.4977
Epoch: 79, Training Loss: 0.0602, Train MSE: 0.0602, r (train): 0.9317, Test MSE: 0.1132, r (test): -0.3240
Epoch: 80, Training Loss: 0.0182, Train MSE: 0.0182, r (train): 0.9358, Test MSE: 0.0847, r (test): -0.1406
Epoch: 81, Training Loss: 0.0105, Train MSE: 0.0105, r (train): 0.9389, Test MSE: 0.0955, r (test): -0.1980
Epoch: 82, Training Loss: 0.0108, Train MSE: 0.0108, r (train): 0.9284, Test MSE: 0.1066, r (test): -0.1369
Epoch: 83, Training Loss: 0.0138, Train MSE: 0.0138, r (train): 0.9318, Test MSE: 0.1236, r (test): -0.1786
Epoch: 84, Training Loss: 0.0208, Train MSE: 0.0208, r (train): 0.9229, Test MSE: 0.1591, r (test): -0.5184
Epoch: 85, Training Loss: 0.0206, Train MSE: 0.0206, r (train): 0.9137, Test MSE: 0.1339, r (test): -0.5190
Epoch: 86, Training Loss: 0.0137, Train MSE: 0.0137, r (train): 0.9382, Test MSE: 0.1116, r (test): -0.4047
Epoch: 87, Training Loss: 0.0264, Train MSE: 0.0264, r (train): 0.8675, Test MSE: 0.1170, r (test): -0.4513
Epoch: 88, Training Loss: 0.0231, Train MSE: 0.0231, r (train): 0.9133, Test MSE: 0.1010, r (test): -0.5066
Epoch: 89, Training Loss: 0.0423, Train MSE: 0.0423, r (train): 0.9414, Test MSE: 0.1023, r (test): -0.2680
Epoch: 90, Training Loss: 0.0111, Train MSE: 0.0111, r (train): 0.9376, Test MSE: 0.1044, r (test): -0.3592
Epoch: 91, Training Loss: 0.0153, Train MSE: 0.0153, r (train): 0.9682, Test MSE: 0.0939, r (test): -0.3799
Epoch: 92, Training Loss: 0.0072, Train MSE: 0.0072, r (train): 0.9720, Test MSE: 0.1007, r (test): -0.2865
Epoch: 93, Training Loss: 0.0042, Train MSE: 0.0042, r (train): 0.9787, Test MSE: 0.1223, r (test): -0.3815
Epoch: 94, Training Loss: 0.0045, Train MSE: 0.0045, r (train): 0.9716, Test MSE: 0.1122, r (test): -0.3692
Epoch: 95, Training Loss: 0.0074, Train MSE: 0.0074, r (train): 0.9690, Test MSE: 0.1086, r (test): -0.3301
Epoch: 96, Training Loss: 0.0128, Train MSE: 0.0128, r (train): 0.9602, Test MSE: 0.1198, r (test): -0.4100
Epoch: 97, Training Loss: 0.0236, Train MSE: 0.0236, r (train): 0.9508, Test MSE: 0.1019, r (test): -0.4758
Epoch: 98, Training Loss: 0.0403, Train MSE: 0.0403, r (train): 0.9562, Test MSE: 0.0940, r (test): -0.4452
Epoch: 99, Training Loss: 0.0190, Train MSE: 0.0190, r (train): 0.9575, Test MSE: 0.0952, r (test): -0.4937
Predicted tensors for training set: 
tensor([ 0.8334,  0.1709,  0.7007,  0.6524,  0.9726,  0.6251,  0.2394,  0.5517,
         0.4760,  0.4092, -0.0177,  0.6622,  0.6808,  0.5156,  0.5446,  0.6513,
         0.2179, -0.0565,  0.1466,  0.3377,  0.7683,  0.7162,  0.3144,  0.0754,
         0.8003,  0.4416,  0.5747,  0.4478,  0.7673,  0.5652,  0.3793,  0.7515,
         0.8219,  0.7843,  0.0023,  0.8190,  0.7736,  0.3493, -0.0124,  0.1390,
         0.1156, -0.0665,  0.5535,  0.3240,  0.2054,  0.4785,  0.2094,  0.1409,
         0.5102,  0.3592,  0.4890,  0.2661,  0.4445,  0.7178,  0.3833,  0.3497,
         0.5834,  0.5909,  0.1577,  0.6741,  0.4343,  0.4783, -0.0470,  0.5627,
         0.6620,  0.3281,  0.3911, -0.0314,  0.6600,  0.5498,  0.9061,  0.3519])
Target tensorsfor training set: 
tensor([0.8988, 0.1218, 0.7507, 0.6671, 0.8453, 0.5779, 0.2464, 0.5719, 0.5564,
        0.4513, 0.0478, 0.7791, 0.8391, 0.5658, 0.7372, 0.8556, 0.3309, 0.0246,
        0.2169, 0.4818, 0.9127, 0.9072, 0.5300, 0.2649, 0.9656, 0.6595, 0.7144,
        0.4993, 0.9215, 0.6465, 0.4640, 0.7901, 0.9492, 0.8418, 0.1493, 0.9117,
        0.8561, 0.4373, 0.0981, 0.1055, 0.2916, 0.1295, 0.6846, 0.4036, 0.3174,
        0.5780, 0.2255, 0.2594, 0.6240, 0.5220, 0.6577, 0.4341, 0.6576, 0.9535,
        0.5187, 0.5023, 0.7950, 0.8411, 0.4149, 0.9150, 0.6199, 0.6992, 0.0389,
        0.7596, 0.8524, 0.4526, 0.4654, 0.0636, 0.7462, 0.5783, 0.9621, 0.3453])
Correlation for training set: 0.9575317032945193
Predicted tensors for test set: 
tensor([0.4175, 0.4704, 0.5053, 0.6232, 0.5197, 0.4313, 0.6558, 0.4510, 0.5416,
        0.6459, 0.3235, 0.4708, 0.3322, 0.5110, 0.4934, 0.5615, 0.5410, 0.4627])
Target tensors for test set: 
tensor([0.7125, 0.1360, 0.5102, 0.2394, 0.8363, 0.8728, 0.0763, 0.2271, 0.5178,
        0.5573, 0.7497, 0.4440, 0.7371, 0.7171, 0.1294, 0.3829, 0.3077, 0.7270])
Correlation for test set: -0.4937317501098891
Fold 5
Epoch: 00, Training Loss: 0.0830, Train MSE: 0.0830, r (train): 0.2109, Test MSE: 0.0961, r (test): 0.3123
Epoch: 01, Training Loss: 0.0681, Train MSE: 0.0681, r (train): 0.2736, Test MSE: 0.0773, r (test): 0.1028
Epoch: 02, Training Loss: 0.0629, Train MSE: 0.0629, r (train): 0.3817, Test MSE: 0.0739, r (test): 0.1667
Epoch: 03, Training Loss: 0.0599, Train MSE: 0.0599, r (train): 0.4388, Test MSE: 0.0726, r (test): 0.1115
Epoch: 04, Training Loss: 0.0567, Train MSE: 0.0567, r (train): 0.4927, Test MSE: 0.0731, r (test): 0.1227
Epoch: 05, Training Loss: 0.0542, Train MSE: 0.0542, r (train): 0.5315, Test MSE: 0.0749, r (test): 0.0766
Epoch: 06, Training Loss: 0.0524, Train MSE: 0.0524, r (train): 0.5543, Test MSE: 0.0751, r (test): 0.0855
Epoch: 07, Training Loss: 0.0512, Train MSE: 0.0512, r (train): 0.5672, Test MSE: 0.0778, r (test): 0.0716
Epoch: 08, Training Loss: 0.0505, Train MSE: 0.0505, r (train): 0.5770, Test MSE: 0.0787, r (test): 0.0948
Epoch: 09, Training Loss: 0.0521, Train MSE: 0.0521, r (train): 0.5691, Test MSE: 0.0776, r (test): 0.1100
Epoch: 10, Training Loss: 0.0638, Train MSE: 0.0638, r (train): 0.5200, Test MSE: 0.0858, r (test): 0.0417
Epoch: 11, Training Loss: 0.0483, Train MSE: 0.0483, r (train): 0.6134, Test MSE: 0.0814, r (test): 0.1058
Epoch: 12, Training Loss: 0.0435, Train MSE: 0.0435, r (train): 0.6438, Test MSE: 0.0819, r (test): 0.1103
Epoch: 13, Training Loss: 0.0678, Train MSE: 0.0678, r (train): 0.5729, Test MSE: 0.1055, r (test): -0.0275
Epoch: 14, Training Loss: 0.0377, Train MSE: 0.0377, r (train): 0.7145, Test MSE: 0.0872, r (test): 0.1662
Epoch: 15, Training Loss: 0.0371, Train MSE: 0.0371, r (train): 0.7117, Test MSE: 0.0834, r (test): 0.1280
Epoch: 16, Training Loss: 0.0340, Train MSE: 0.0340, r (train): 0.7479, Test MSE: 0.0831, r (test): 0.1265
Epoch: 17, Training Loss: 0.0325, Train MSE: 0.0325, r (train): 0.7683, Test MSE: 0.0941, r (test): 0.1815
Epoch: 18, Training Loss: 0.0271, Train MSE: 0.0271, r (train): 0.7952, Test MSE: 0.0848, r (test): 0.1743
Epoch: 19, Training Loss: 0.0292, Train MSE: 0.0292, r (train): 0.7775, Test MSE: 0.0913, r (test): 0.1774
Epoch: 20, Training Loss: 0.0294, Train MSE: 0.0294, r (train): 0.8010, Test MSE: 0.0875, r (test): 0.2573
Epoch: 21, Training Loss: 0.0279, Train MSE: 0.0279, r (train): 0.8057, Test MSE: 0.0879, r (test): 0.1293
Epoch: 22, Training Loss: 0.0314, Train MSE: 0.0314, r (train): 0.8226, Test MSE: 0.0984, r (test): 0.2132
Epoch: 23, Training Loss: 0.0216, Train MSE: 0.0216, r (train): 0.8592, Test MSE: 0.0856, r (test): 0.2140
Epoch: 24, Training Loss: 0.0203, Train MSE: 0.0203, r (train): 0.8535, Test MSE: 0.0956, r (test): 0.1907
Epoch: 25, Training Loss: 0.0207, Train MSE: 0.0207, r (train): 0.8646, Test MSE: 0.0807, r (test): 0.3013
Epoch: 26, Training Loss: 0.0225, Train MSE: 0.0225, r (train): 0.8495, Test MSE: 0.0708, r (test): 0.2519
Epoch: 27, Training Loss: 0.0274, Train MSE: 0.0274, r (train): 0.8649, Test MSE: 0.0950, r (test): 0.3025
Epoch: 28, Training Loss: 0.0534, Train MSE: 0.0534, r (train): 0.7772, Test MSE: 0.1067, r (test): 0.2010
Epoch: 29, Training Loss: 0.0180, Train MSE: 0.0180, r (train): 0.8726, Test MSE: 0.0916, r (test): 0.0796
Epoch: 30, Training Loss: 0.0184, Train MSE: 0.0184, r (train): 0.8760, Test MSE: 0.0880, r (test): 0.2668
Epoch: 31, Training Loss: 0.0186, Train MSE: 0.0186, r (train): 0.9085, Test MSE: 0.0689, r (test): 0.2038
Epoch: 32, Training Loss: 0.0138, Train MSE: 0.0138, r (train): 0.9029, Test MSE: 0.0708, r (test): 0.2598
Epoch: 33, Training Loss: 0.0434, Train MSE: 0.0434, r (train): 0.8974, Test MSE: 0.1116, r (test): 0.1800
Epoch: 34, Training Loss: 0.0240, Train MSE: 0.0240, r (train): 0.8992, Test MSE: 0.0868, r (test): 0.1971
Epoch: 35, Training Loss: 0.0215, Train MSE: 0.0215, r (train): 0.9161, Test MSE: 0.1004, r (test): 0.1613
Epoch: 36, Training Loss: 0.0183, Train MSE: 0.0183, r (train): 0.8829, Test MSE: 0.0759, r (test): 0.1401
Epoch: 37, Training Loss: 0.0269, Train MSE: 0.0269, r (train): 0.8929, Test MSE: 0.0925, r (test): 0.0831
Epoch: 38, Training Loss: 0.0371, Train MSE: 0.0371, r (train): 0.8421, Test MSE: 0.0897, r (test): 0.2346
Epoch: 39, Training Loss: 0.0728, Train MSE: 0.0728, r (train): 0.9100, Test MSE: 0.1562, r (test): 0.1766
Epoch: 40, Training Loss: 0.0259, Train MSE: 0.0259, r (train): 0.9013, Test MSE: 0.0895, r (test): 0.1205
Epoch: 41, Training Loss: 0.0137, Train MSE: 0.0137, r (train): 0.9243, Test MSE: 0.0871, r (test): 0.1422
Epoch: 42, Training Loss: 0.0467, Train MSE: 0.0467, r (train): 0.9445, Test MSE: 0.1208, r (test): 0.0937
Epoch: 43, Training Loss: 0.0525, Train MSE: 0.0525, r (train): 0.9337, Test MSE: 0.1219, r (test): 0.2427
Epoch: 44, Training Loss: 0.0680, Train MSE: 0.0680, r (train): 0.9280, Test MSE: 0.1450, r (test): 0.1654
Epoch: 45, Training Loss: 0.0299, Train MSE: 0.0299, r (train): 0.9373, Test MSE: 0.1058, r (test): 0.1834
Epoch: 46, Training Loss: 0.0170, Train MSE: 0.0170, r (train): 0.9369, Test MSE: 0.0822, r (test): 0.1999
Epoch: 47, Training Loss: 0.0136, Train MSE: 0.0136, r (train): 0.9258, Test MSE: 0.0793, r (test): 0.2260
Epoch: 48, Training Loss: 0.0331, Train MSE: 0.0331, r (train): 0.9001, Test MSE: 0.0855, r (test): 0.3229
Epoch: 49, Training Loss: 0.0296, Train MSE: 0.0296, r (train): 0.8787, Test MSE: 0.0842, r (test): 0.2613
Epoch: 50, Training Loss: 0.0160, Train MSE: 0.0160, r (train): 0.9149, Test MSE: 0.0894, r (test): 0.1350
Epoch: 51, Training Loss: 0.0465, Train MSE: 0.0465, r (train): 0.8490, Test MSE: 0.1083, r (test): 0.0359
Epoch: 52, Training Loss: 0.0242, Train MSE: 0.0242, r (train): 0.8725, Test MSE: 0.0699, r (test): 0.1615
Epoch: 53, Training Loss: 0.0137, Train MSE: 0.0137, r (train): 0.9043, Test MSE: 0.0693, r (test): 0.2589
Epoch: 54, Training Loss: 0.0137, Train MSE: 0.0137, r (train): 0.9192, Test MSE: 0.0730, r (test): 0.2444
Epoch: 55, Training Loss: 0.0205, Train MSE: 0.0205, r (train): 0.8757, Test MSE: 0.0726, r (test): 0.1699
Epoch: 56, Training Loss: 0.0284, Train MSE: 0.0284, r (train): 0.8842, Test MSE: 0.0963, r (test): 0.1318
Epoch: 57, Training Loss: 0.0717, Train MSE: 0.0717, r (train): 0.8932, Test MSE: 0.1355, r (test): 0.1696
Epoch: 58, Training Loss: 0.0794, Train MSE: 0.0794, r (train): 0.9177, Test MSE: 0.1580, r (test): 0.1338
Epoch: 59, Training Loss: 0.1293, Train MSE: 0.1293, r (train): 0.8956, Test MSE: 0.2280, r (test): 0.1058
Epoch: 60, Training Loss: 0.0522, Train MSE: 0.0522, r (train): 0.9155, Test MSE: 0.1299, r (test): 0.0857
Epoch: 61, Training Loss: 0.0229, Train MSE: 0.0229, r (train): 0.8983, Test MSE: 0.0831, r (test): 0.3423
Epoch: 62, Training Loss: 0.0236, Train MSE: 0.0236, r (train): 0.8835, Test MSE: 0.0824, r (test): 0.2880
Epoch: 63, Training Loss: 0.0218, Train MSE: 0.0218, r (train): 0.8648, Test MSE: 0.0583, r (test): 0.3694
Epoch: 64, Training Loss: 0.0119, Train MSE: 0.0119, r (train): 0.9165, Test MSE: 0.0631, r (test): 0.3139
Epoch: 65, Training Loss: 0.0208, Train MSE: 0.0208, r (train): 0.9371, Test MSE: 0.0842, r (test): 0.2974
Epoch: 66, Training Loss: 0.0487, Train MSE: 0.0487, r (train): 0.9244, Test MSE: 0.1189, r (test): 0.1266
Epoch: 67, Training Loss: 0.0668, Train MSE: 0.0668, r (train): 0.9218, Test MSE: 0.1565, r (test): 0.0257
Epoch: 68, Training Loss: 0.1084, Train MSE: 0.1084, r (train): 0.8924, Test MSE: 0.2022, r (test): 0.0602
Epoch: 69, Training Loss: 0.0221, Train MSE: 0.0221, r (train): 0.9114, Test MSE: 0.0849, r (test): 0.1980
Epoch: 70, Training Loss: 0.0143, Train MSE: 0.0143, r (train): 0.9120, Test MSE: 0.0573, r (test): 0.4138
Epoch: 71, Training Loss: 0.0202, Train MSE: 0.0202, r (train): 0.9132, Test MSE: 0.0602, r (test): 0.4028
Epoch: 72, Training Loss: 0.0108, Train MSE: 0.0108, r (train): 0.9364, Test MSE: 0.0616, r (test): 0.3616
Epoch: 73, Training Loss: 0.0175, Train MSE: 0.0175, r (train): 0.9245, Test MSE: 0.0726, r (test): 0.3343
Epoch: 74, Training Loss: 0.0308, Train MSE: 0.0308, r (train): 0.9296, Test MSE: 0.0955, r (test): 0.2551
Epoch: 75, Training Loss: 0.0681, Train MSE: 0.0681, r (train): 0.9296, Test MSE: 0.1549, r (test): 0.0198
Epoch: 76, Training Loss: 0.0448, Train MSE: 0.0448, r (train): 0.9175, Test MSE: 0.1373, r (test): 0.1140
Epoch: 77, Training Loss: 0.0126, Train MSE: 0.0126, r (train): 0.9294, Test MSE: 0.0742, r (test): 0.1477
Epoch: 78, Training Loss: 0.0179, Train MSE: 0.0179, r (train): 0.9335, Test MSE: 0.0654, r (test): 0.3039
Epoch: 79, Training Loss: 0.0129, Train MSE: 0.0129, r (train): 0.9304, Test MSE: 0.0537, r (test): 0.4545
Epoch: 80, Training Loss: 0.0170, Train MSE: 0.0170, r (train): 0.9425, Test MSE: 0.0643, r (test): 0.4155
Epoch: 81, Training Loss: 0.0329, Train MSE: 0.0329, r (train): 0.9255, Test MSE: 0.1055, r (test): 0.1057
Epoch: 82, Training Loss: 0.0436, Train MSE: 0.0436, r (train): 0.8991, Test MSE: 0.1211, r (test): 0.1740
Epoch: 83, Training Loss: 0.0194, Train MSE: 0.0194, r (train): 0.9449, Test MSE: 0.0809, r (test): 0.2815
Epoch: 84, Training Loss: 0.0084, Train MSE: 0.0084, r (train): 0.9524, Test MSE: 0.0558, r (test): 0.4121
Epoch: 85, Training Loss: 0.0193, Train MSE: 0.0193, r (train): 0.9404, Test MSE: 0.0613, r (test): 0.3579
Epoch: 86, Training Loss: 0.0188, Train MSE: 0.0188, r (train): 0.9361, Test MSE: 0.0671, r (test): 0.3087
Epoch: 87, Training Loss: 0.0129, Train MSE: 0.0129, r (train): 0.9242, Test MSE: 0.0620, r (test): 0.3176
Epoch: 88, Training Loss: 0.0300, Train MSE: 0.0300, r (train): 0.9270, Test MSE: 0.1072, r (test): 0.0546
Epoch: 89, Training Loss: 0.0331, Train MSE: 0.0331, r (train): 0.9543, Test MSE: 0.1032, r (test): 0.2611
Epoch: 90, Training Loss: 0.0106, Train MSE: 0.0106, r (train): 0.9483, Test MSE: 0.0684, r (test): 0.2088
Epoch: 91, Training Loss: 0.0205, Train MSE: 0.0205, r (train): 0.9359, Test MSE: 0.0598, r (test): 0.4390
Epoch: 92, Training Loss: 0.0198, Train MSE: 0.0198, r (train): 0.9391, Test MSE: 0.0547, r (test): 0.5852
Epoch: 93, Training Loss: 0.0099, Train MSE: 0.0099, r (train): 0.9504, Test MSE: 0.0530, r (test): 0.5030
Epoch: 94, Training Loss: 0.0094, Train MSE: 0.0094, r (train): 0.9420, Test MSE: 0.0606, r (test): 0.3149
Epoch: 95, Training Loss: 0.0305, Train MSE: 0.0305, r (train): 0.9415, Test MSE: 0.1034, r (test): 0.1254
Epoch: 96, Training Loss: 0.0140, Train MSE: 0.0140, r (train): 0.9586, Test MSE: 0.0776, r (test): 0.2825
Epoch: 97, Training Loss: 0.0062, Train MSE: 0.0062, r (train): 0.9618, Test MSE: 0.0548, r (test): 0.4593
Epoch: 98, Training Loss: 0.0194, Train MSE: 0.0194, r (train): 0.9660, Test MSE: 0.0595, r (test): 0.4434
Epoch: 99, Training Loss: 0.0085, Train MSE: 0.0085, r (train): 0.9624, Test MSE: 0.0567, r (test): 0.4330
Predicted tensors for training set: 
tensor([0.8605, 0.1714, 0.6826, 0.6479, 0.6219, 0.6606, 0.2253, 0.6163, 0.6905,
        0.4943, 0.1855, 0.8503, 0.9352, 0.7186, 0.8156, 0.9673, 0.4617, 0.1870,
        0.3935, 0.6690, 1.0790, 1.0792, 0.7254, 0.4571, 1.0450, 0.8991, 0.8230,
        0.6798, 0.9743, 0.6960, 0.5379, 0.8859, 0.9558, 0.8365, 0.2030, 0.8685,
        0.8342, 0.4538, 0.1073, 0.1102, 0.3117, 0.1480, 0.6871, 0.4249, 0.3247,
        0.5340, 0.1660, 0.2669, 0.6800, 0.5526, 0.6629, 0.4865, 0.6984, 1.0482,
        0.7335, 0.2405, 0.5711, 0.2774, 0.8664, 0.9095, 0.1648, 0.2771, 0.6005,
        0.6111, 0.7419, 0.4814, 0.7861, 0.7192, 0.1711, 0.4047, 0.3414, 0.7286])
Target tensorsfor training set: 
tensor([0.8988, 0.1218, 0.7507, 0.6671, 0.8453, 0.5779, 0.2464, 0.5719, 0.5564,
        0.4513, 0.0478, 0.7791, 0.8391, 0.5658, 0.7372, 0.8556, 0.3309, 0.0246,
        0.2169, 0.4818, 0.9127, 0.9072, 0.5300, 0.2649, 0.9656, 0.6595, 0.7144,
        0.4993, 0.9215, 0.6465, 0.4640, 0.7901, 0.9492, 0.8418, 0.1493, 0.9117,
        0.8561, 0.4373, 0.0981, 0.1055, 0.2916, 0.1295, 0.6846, 0.4036, 0.3174,
        0.5780, 0.2255, 0.2594, 0.6240, 0.5220, 0.6577, 0.4341, 0.6576, 0.9535,
        0.7125, 0.1360, 0.5102, 0.2394, 0.8363, 0.8728, 0.0763, 0.2271, 0.5178,
        0.5573, 0.7497, 0.4440, 0.7371, 0.7171, 0.1294, 0.3829, 0.3077, 0.7270])
Correlation for training set: 0.9624361660507035
Predicted tensors for test set: 
tensor([0.5270, 0.6206, 0.6545, 0.7562, 0.5760, 0.6602, 0.6191, 0.7747, 0.6218,
        0.8522, 0.5879, 0.6952, 0.5555, 0.4602, 0.6617, 0.5377, 0.5803, 0.6374])
Target tensors for test set: 
tensor([0.5187, 0.5023, 0.7950, 0.8411, 0.4149, 0.9150, 0.6199, 0.6992, 0.0389,
        0.7596, 0.8524, 0.4526, 0.4654, 0.0636, 0.7462, 0.5783, 0.9621, 0.3453])
Correlation for test set: 0.43301981016142654
Seed: 65
Fold losses: [tensor(0.0150), tensor(0.0239), tensor(0.0151), tensor(0.0190), tensor(0.0085)]
Fold MSE values: [tensor(0.0150), tensor(0.0239), tensor(0.0151), tensor(0.0190), tensor(0.0085)]
Target training values: [tensor([0.2169, 0.4818, 0.9127, 0.9072, 0.5300, 0.2649, 0.9656, 0.6595, 0.7144,
        0.4993, 0.9215, 0.6465, 0.4640, 0.7901, 0.9492, 0.8418, 0.1493, 0.9117,
        0.8561, 0.4373, 0.0981, 0.1055, 0.2916, 0.1295, 0.6846, 0.4036, 0.3174,
        0.5780, 0.2255, 0.2594, 0.6240, 0.5220, 0.6577, 0.4341, 0.6576, 0.9535,
        0.7125, 0.1360, 0.5102, 0.2394, 0.8363, 0.8728, 0.0763, 0.2271, 0.5178,
        0.5573, 0.7497, 0.4440, 0.7371, 0.7171, 0.1294, 0.3829, 0.3077, 0.7270,
        0.5187, 0.5023, 0.7950, 0.8411, 0.4149, 0.9150, 0.6199, 0.6992, 0.0389,
        0.7596, 0.8524, 0.4526, 0.4654, 0.0636, 0.7462, 0.5783, 0.9621, 0.3453]), tensor([0.8988, 0.1218, 0.7507, 0.6671, 0.8453, 0.5779, 0.2464, 0.5719, 0.5564,
        0.4513, 0.0478, 0.7791, 0.8391, 0.5658, 0.7372, 0.8556, 0.3309, 0.0246,
        0.8561, 0.4373, 0.0981, 0.1055, 0.2916, 0.1295, 0.6846, 0.4036, 0.3174,
        0.5780, 0.2255, 0.2594, 0.6240, 0.5220, 0.6577, 0.4341, 0.6576, 0.9535,
        0.7125, 0.1360, 0.5102, 0.2394, 0.8363, 0.8728, 0.0763, 0.2271, 0.5178,
        0.5573, 0.7497, 0.4440, 0.7371, 0.7171, 0.1294, 0.3829, 0.3077, 0.7270,
        0.5187, 0.5023, 0.7950, 0.8411, 0.4149, 0.9150, 0.6199, 0.6992, 0.0389,
        0.7596, 0.8524, 0.4526, 0.4654, 0.0636, 0.7462, 0.5783, 0.9621, 0.3453]), tensor([0.8988, 0.1218, 0.7507, 0.6671, 0.8453, 0.5779, 0.2464, 0.5719, 0.5564,
        0.4513, 0.0478, 0.7791, 0.8391, 0.5658, 0.7372, 0.8556, 0.3309, 0.0246,
        0.2169, 0.4818, 0.9127, 0.9072, 0.5300, 0.2649, 0.9656, 0.6595, 0.7144,
        0.4993, 0.9215, 0.6465, 0.4640, 0.7901, 0.9492, 0.8418, 0.1493, 0.9117,
        0.7125, 0.1360, 0.5102, 0.2394, 0.8363, 0.8728, 0.0763, 0.2271, 0.5178,
        0.5573, 0.7497, 0.4440, 0.7371, 0.7171, 0.1294, 0.3829, 0.3077, 0.7270,
        0.5187, 0.5023, 0.7950, 0.8411, 0.4149, 0.9150, 0.6199, 0.6992, 0.0389,
        0.7596, 0.8524, 0.4526, 0.4654, 0.0636, 0.7462, 0.5783, 0.9621, 0.3453]), tensor([0.8988, 0.1218, 0.7507, 0.6671, 0.8453, 0.5779, 0.2464, 0.5719, 0.5564,
        0.4513, 0.0478, 0.7791, 0.8391, 0.5658, 0.7372, 0.8556, 0.3309, 0.0246,
        0.2169, 0.4818, 0.9127, 0.9072, 0.5300, 0.2649, 0.9656, 0.6595, 0.7144,
        0.4993, 0.9215, 0.6465, 0.4640, 0.7901, 0.9492, 0.8418, 0.1493, 0.9117,
        0.8561, 0.4373, 0.0981, 0.1055, 0.2916, 0.1295, 0.6846, 0.4036, 0.3174,
        0.5780, 0.2255, 0.2594, 0.6240, 0.5220, 0.6577, 0.4341, 0.6576, 0.9535,
        0.5187, 0.5023, 0.7950, 0.8411, 0.4149, 0.9150, 0.6199, 0.6992, 0.0389,
        0.7596, 0.8524, 0.4526, 0.4654, 0.0636, 0.7462, 0.5783, 0.9621, 0.3453]), tensor([0.8988, 0.1218, 0.7507, 0.6671, 0.8453, 0.5779, 0.2464, 0.5719, 0.5564,
        0.4513, 0.0478, 0.7791, 0.8391, 0.5658, 0.7372, 0.8556, 0.3309, 0.0246,
        0.2169, 0.4818, 0.9127, 0.9072, 0.5300, 0.2649, 0.9656, 0.6595, 0.7144,
        0.4993, 0.9215, 0.6465, 0.4640, 0.7901, 0.9492, 0.8418, 0.1493, 0.9117,
        0.8561, 0.4373, 0.0981, 0.1055, 0.2916, 0.1295, 0.6846, 0.4036, 0.3174,
        0.5780, 0.2255, 0.2594, 0.6240, 0.5220, 0.6577, 0.4341, 0.6576, 0.9535,
        0.7125, 0.1360, 0.5102, 0.2394, 0.8363, 0.8728, 0.0763, 0.2271, 0.5178,
        0.5573, 0.7497, 0.4440, 0.7371, 0.7171, 0.1294, 0.3829, 0.3077, 0.7270])]
Prediction training values: [tensor([ 0.1896,  0.3814,  0.8754,  0.8887,  0.4094,  0.1002,  0.9105,  0.6281,
         0.6726,  0.4523,  0.8864,  0.5818,  0.4203,  0.7483,  0.8509,  0.7956,
         0.1182,  0.8551,  0.7467,  0.3869,  0.0154,  0.0406,  0.1212,  0.0181,
         0.5686,  0.2871,  0.2179,  0.4286,  0.0686,  0.0451,  0.4472,  0.3799,
         0.4010,  0.2492,  0.4488,  0.7034,  0.5242, -0.0543,  0.3279,  0.0486,
         0.6632,  0.7027, -0.1375, -0.0763,  0.2048,  0.4207,  0.6107,  0.3408,
         0.5602,  0.6312,  0.0872,  0.3193,  0.2813,  0.6925,  0.5184,  0.4795,
         0.7938,  0.8487,  0.4160,  0.9485,  0.6195,  0.7096,  0.0479,  0.7891,
         0.8738,  0.4605,  0.4506,  0.0713,  0.7364,  0.5471,  0.9247,  0.3510]), tensor([ 0.8070,  0.0329,  0.6518,  0.5410,  0.7478,  0.4109,  0.1725,  0.4719,
         0.4192,  0.3712, -0.0067,  0.6986,  0.4552,  0.3669,  0.4897,  0.6440,
         0.2688, -0.0498,  0.6233,  0.3638, -0.0060, -0.1056,  0.0498, -0.1965,
         0.3276,  0.1829,  0.2201,  0.3052,  0.0340, -0.1359,  0.3948,  0.3868,
         0.5679,  0.2957,  0.5772,  0.7027,  0.5764,  0.0902,  0.4109,  0.1479,
         0.7174,  0.7800,  0.0642,  0.2190,  0.1403,  0.4790,  0.6682,  0.3824,
         0.6404,  0.6208,  0.0662,  0.3147,  0.2506,  0.6365,  0.4858,  0.4079,
         0.6822,  0.6569,  0.3291,  0.7324,  0.5196,  0.6295,  0.0025,  0.6940,
         0.7991,  0.4206,  0.4351,  0.0598,  0.7151,  0.5679,  0.9205,  0.3238]), tensor([ 0.8215,  0.1949,  0.6647,  0.5832,  0.8088,  0.5880,  0.2149,  0.5474,
         0.5129,  0.3433, -0.0238,  0.6852,  0.7020,  0.4953,  0.5638,  0.7395,
         0.1922, -0.0746,  0.2299,  0.2999,  0.7058,  0.6880,  0.4566,  0.0578,
         0.8097,  0.4507,  0.5810,  0.3978,  0.7815,  0.5603,  0.3550,  0.7359,
         0.8570,  0.7726,  0.0829,  0.8296,  0.6228,  0.1230,  0.5097,  0.2148,
         0.8026,  0.7751,  0.1499,  0.2557,  0.4529,  0.4615,  0.6941,  0.3891,
         0.6138,  0.5987,  0.0658,  0.2752,  0.1815,  0.5710,  0.4347,  0.4083,
         0.5908,  0.5947,  0.1976,  0.6348,  0.3941,  0.5091, -0.0439,  0.5500,
         0.6399,  0.3518,  0.3604,  0.0324,  0.6847,  0.4690,  0.9171,  0.3484]), tensor([ 0.8334,  0.1709,  0.7007,  0.6524,  0.9726,  0.6251,  0.2394,  0.5517,
         0.4760,  0.4092, -0.0177,  0.6622,  0.6808,  0.5156,  0.5446,  0.6513,
         0.2179, -0.0565,  0.1466,  0.3377,  0.7683,  0.7162,  0.3144,  0.0754,
         0.8003,  0.4416,  0.5747,  0.4478,  0.7673,  0.5652,  0.3793,  0.7515,
         0.8219,  0.7843,  0.0023,  0.8190,  0.7736,  0.3493, -0.0124,  0.1390,
         0.1156, -0.0665,  0.5535,  0.3240,  0.2054,  0.4785,  0.2094,  0.1409,
         0.5102,  0.3592,  0.4890,  0.2661,  0.4445,  0.7178,  0.3833,  0.3497,
         0.5834,  0.5909,  0.1577,  0.6741,  0.4343,  0.4783, -0.0470,  0.5627,
         0.6620,  0.3281,  0.3911, -0.0314,  0.6600,  0.5498,  0.9061,  0.3519]), tensor([0.8605, 0.1714, 0.6826, 0.6479, 0.6219, 0.6606, 0.2253, 0.6163, 0.6905,
        0.4943, 0.1855, 0.8503, 0.9352, 0.7186, 0.8156, 0.9673, 0.4617, 0.1870,
        0.3935, 0.6690, 1.0790, 1.0792, 0.7254, 0.4571, 1.0450, 0.8991, 0.8230,
        0.6798, 0.9743, 0.6960, 0.5379, 0.8859, 0.9558, 0.8365, 0.2030, 0.8685,
        0.8342, 0.4538, 0.1073, 0.1102, 0.3117, 0.1480, 0.6871, 0.4249, 0.3247,
        0.5340, 0.1660, 0.2669, 0.6800, 0.5526, 0.6629, 0.4865, 0.6984, 1.0482,
        0.7335, 0.2405, 0.5711, 0.2774, 0.8664, 0.9095, 0.1648, 0.2771, 0.6005,
        0.6111, 0.7419, 0.4814, 0.7861, 0.7192, 0.1711, 0.4047, 0.3414, 0.7286])]
Target values: [array([0.89876264, 0.12180944, 0.75073236, 0.6671056 , 0.84525365,
       0.5778506 , 0.24636388, 0.57190746, 0.55641776, 0.45128736,
       0.04781396, 0.77910316, 0.8390776 , 0.5658469 , 0.73719215,
       0.85557973, 0.33092642, 0.02463444], dtype=float32), array([0.21692123, 0.48182514, 0.912732  , 0.9071598 , 0.52996147,
       0.2649091 , 0.96564525, 0.659493  , 0.71435624, 0.4993471 ,
       0.9215425 , 0.6464906 , 0.46398443, 0.7900961 , 0.9491663 ,
       0.8417677 , 0.14931566, 0.9116711 ], dtype=float32), array([0.85610735, 0.4372734 , 0.09805249, 0.10552448, 0.29163042,
       0.12948532, 0.6846425 , 0.40355092, 0.31742746, 0.578045  ,
       0.2254639 , 0.25936916, 0.62399   , 0.5220161 , 0.65769196,
       0.43409458, 0.6576234 , 0.95346546], dtype=float32), array([0.71252435, 0.1360485 , 0.51015127, 0.23939352, 0.83626515,
       0.8728059 , 0.07633217, 0.22711647, 0.51780254, 0.55726975,
       0.7497406 , 0.44401234, 0.73709923, 0.71714455, 0.12937951,
       0.38285765, 0.30766785, 0.72703534], dtype=float32), array([0.518717  , 0.50225437, 0.79497874, 0.84113044, 0.41493568,
       0.91498566, 0.6198749 , 0.69921327, 0.03887437, 0.75962484,
       0.8524316 , 0.45263878, 0.46544507, 0.06358391, 0.7462256 ,
       0.57832706, 0.96213573, 0.34531343], dtype=float32)]
Prediction values: [array([ 0.35843965,  0.29162714,  0.54875094,  0.50131625,  0.2449325 ,
        0.57295614,  0.6544904 ,  0.33535385,  0.63723856,  0.4437705 ,
        0.3929973 ,  0.4767585 , -0.15167657,  0.6783333 ,  0.5433955 ,
        0.45762557,  0.31608728,  0.5862873 ], dtype=float32), array([0.47533715, 0.49738678, 0.36978444, 0.46535465, 0.5744937 ,
       0.2932021 , 0.3567083 , 0.1871438 , 0.38327616, 0.37824222,
       0.48427114, 0.5039896 , 0.36805484, 0.30995244, 0.521229  ,
       0.3310873 , 0.36314464, 0.5154989 ], dtype=float32), array([0.4871587 , 0.3946282 , 0.2796015 , 0.5721071 , 0.50333655,
       0.40732393, 0.50822914, 0.32926214, 0.38258213, 0.55483186,
       0.94320166, 0.45989925, 0.47698772, 0.44495693, 0.33767202,
       0.47311664, 0.5612571 , 0.56803524], dtype=float32), array([0.4175275 , 0.47038752, 0.5052511 , 0.62322706, 0.5196688 ,
       0.4312635 , 0.6557782 , 0.4509685 , 0.541644  , 0.64591974,
       0.3235303 , 0.47084343, 0.33223444, 0.51095325, 0.4934131 ,
       0.56150407, 0.54098994, 0.46268594], dtype=float32), array([0.526952  , 0.62063134, 0.6545229 , 0.7561906 , 0.57603884,
       0.660218  , 0.6191329 , 0.7747199 , 0.6218395 , 0.85216963,
       0.5879245 , 0.6951521 , 0.55550873, 0.46018183, 0.6616605 ,
       0.5377056 , 0.5802615 , 0.6374307 ], dtype=float32)]
Time taken: 942.7243523597717 seconds
