sh: line 1: logger: command not found
/apps/conda/25.3.1/etc/profile.d/conda.sh: line 69: dirname: command not found
/apps/conda/25.3.1/etc/profile.d/conda.sh: line 69: dirname: command not found
/apps/conda/25.3.1/etc/profile.d/mamba.sh: line 59: basename: command not found
Error unknown MAMBA_EXE: "/apps/conda/25.3.1/bin/mamba", filename must be mamba or micromamba
Lmod has detected the following error: This module can only be used on RHEL9 nodes. 
While processing the following module(s):
    Module fullname  Module Filename
    ---------------  ---------------
    gcc/14.2.0       /apps/lmod/modulefiles/core/gcc/14.2.0.lua

pointnet_thalamus_fs_37.py
/blue/stevenweisberg/ashishkumarsahoo/hippocampAI/conda_pyg_070923/lib/python3.8/site-packages/torch/cuda/__init__.py:155: UserWarning: 
NVIDIA B200 with CUDA capability sm_100 is not compatible with the current PyTorch installation.
The current PyTorch install supports CUDA capabilities sm_37 sm_50 sm_60 sm_61 sm_70 sm_75 sm_80 sm_86 compute_37.
If you want to use the NVIDIA B200 GPU with PyTorch, please check the instructions at https://pytorch.org/get-started/locally/

  warnings.warn(incompatible_device_warn.format(device_name, capability, " ".join(arch_list), device_name))
Number of GPUs available for training: 1
Fold 1
Epoch: 00, Training Loss: 0.0831, Train MSE: 0.0831, r (train): 0.2053, Test MSE: 0.0603, r (test): 0.4989
Epoch: 01, Training Loss: 0.0770, Train MSE: 0.0770, r (train): 0.3447, Test MSE: 0.0609, r (test): 0.2838
Epoch: 02, Training Loss: 0.0756, Train MSE: 0.0756, r (train): 0.3733, Test MSE: 0.0604, r (test): 0.2971
Epoch: 03, Training Loss: 0.0745, Train MSE: 0.0745, r (train): 0.4228, Test MSE: 0.0611, r (test): 0.2009
Epoch: 04, Training Loss: 0.0725, Train MSE: 0.0725, r (train): 0.4782, Test MSE: 0.0612, r (test): 0.1538
Epoch: 05, Training Loss: 0.0716, Train MSE: 0.0716, r (train): 0.5128, Test MSE: 0.0619, r (test): 0.1128
Epoch: 06, Training Loss: 0.0696, Train MSE: 0.0696, r (train): 0.5669, Test MSE: 0.0621, r (test): 0.0841
Epoch: 07, Training Loss: 0.0676, Train MSE: 0.0676, r (train): 0.5949, Test MSE: 0.0627, r (test): 0.0495
Epoch: 08, Training Loss: 0.0658, Train MSE: 0.0658, r (train): 0.6519, Test MSE: 0.0638, r (test): 0.0304
Epoch: 09, Training Loss: 0.0641, Train MSE: 0.0641, r (train): 0.6670, Test MSE: 0.0649, r (test): 0.0203
Epoch: 10, Training Loss: 0.0614, Train MSE: 0.0614, r (train): 0.7138, Test MSE: 0.0652, r (test): 0.0356
Epoch: 11, Training Loss: 0.0583, Train MSE: 0.0583, r (train): 0.7426, Test MSE: 0.0667, r (test): 0.0201
Epoch: 12, Training Loss: 0.0543, Train MSE: 0.0543, r (train): 0.7833, Test MSE: 0.0682, r (test): -0.0010
Epoch: 13, Training Loss: 0.0516, Train MSE: 0.0516, r (train): 0.7744, Test MSE: 0.0700, r (test): -0.0045
Epoch: 14, Training Loss: 0.0518, Train MSE: 0.0518, r (train): 0.8029, Test MSE: 0.0740, r (test): 0.0123
Epoch: 15, Training Loss: 0.0492, Train MSE: 0.0492, r (train): 0.7997, Test MSE: 0.0747, r (test): 0.0473
Epoch: 16, Training Loss: 0.0443, Train MSE: 0.0443, r (train): 0.8094, Test MSE: 0.0784, r (test): 0.0049
Epoch: 17, Training Loss: 0.0439, Train MSE: 0.0439, r (train): 0.8284, Test MSE: 0.0827, r (test): 0.0481
Epoch: 18, Training Loss: 0.0390, Train MSE: 0.0390, r (train): 0.8491, Test MSE: 0.0831, r (test): 0.0582
Epoch: 19, Training Loss: 0.0326, Train MSE: 0.0326, r (train): 0.8864, Test MSE: 0.0905, r (test): 0.0067
Epoch: 20, Training Loss: 0.0334, Train MSE: 0.0334, r (train): 0.8814, Test MSE: 0.0966, r (test): 0.0095
Epoch: 21, Training Loss: 0.0368, Train MSE: 0.0368, r (train): 0.8988, Test MSE: 0.1017, r (test): 0.0236
Epoch: 22, Training Loss: 0.0313, Train MSE: 0.0313, r (train): 0.8919, Test MSE: 0.0962, r (test): 0.0568
Epoch: 23, Training Loss: 0.0207, Train MSE: 0.0207, r (train): 0.9028, Test MSE: 0.0948, r (test): 0.0601
Epoch: 24, Training Loss: 0.0247, Train MSE: 0.0247, r (train): 0.8809, Test MSE: 0.0939, r (test): 0.1505
Epoch: 25, Training Loss: 0.0263, Train MSE: 0.0263, r (train): 0.8765, Test MSE: 0.0900, r (test): 0.1276
Epoch: 26, Training Loss: 0.0353, Train MSE: 0.0353, r (train): 0.8369, Test MSE: 0.0984, r (test): 0.1305
Epoch: 27, Training Loss: 0.0296, Train MSE: 0.0296, r (train): 0.8998, Test MSE: 0.1060, r (test): 0.0607
Epoch: 28, Training Loss: 0.0568, Train MSE: 0.0568, r (train): 0.9020, Test MSE: 0.1276, r (test): 0.0411
Epoch: 29, Training Loss: 0.0215, Train MSE: 0.0215, r (train): 0.8923, Test MSE: 0.1114, r (test): -0.0755
Epoch: 30, Training Loss: 0.0235, Train MSE: 0.0235, r (train): 0.8777, Test MSE: 0.1054, r (test): -0.1283
Epoch: 31, Training Loss: 0.0226, Train MSE: 0.0226, r (train): 0.8703, Test MSE: 0.1031, r (test): -0.0700
Epoch: 32, Training Loss: 0.0228, Train MSE: 0.0228, r (train): 0.9044, Test MSE: 0.1193, r (test): -0.1497
Epoch: 33, Training Loss: 0.0279, Train MSE: 0.0279, r (train): 0.9017, Test MSE: 0.1259, r (test): -0.0570
Epoch: 34, Training Loss: 0.0303, Train MSE: 0.0303, r (train): 0.8932, Test MSE: 0.1247, r (test): 0.0036
Epoch: 35, Training Loss: 0.0437, Train MSE: 0.0437, r (train): 0.8761, Test MSE: 0.1395, r (test): -0.0679
Epoch: 36, Training Loss: 0.0143, Train MSE: 0.0143, r (train): 0.9016, Test MSE: 0.0871, r (test): 0.0448
Epoch: 37, Training Loss: 0.0200, Train MSE: 0.0200, r (train): 0.8844, Test MSE: 0.1016, r (test): -0.0472
Epoch: 38, Training Loss: 0.0151, Train MSE: 0.0151, r (train): 0.8957, Test MSE: 0.1144, r (test): -0.1468
Epoch: 39, Training Loss: 0.0260, Train MSE: 0.0260, r (train): 0.8930, Test MSE: 0.1350, r (test): -0.1379
Epoch: 40, Training Loss: 0.0242, Train MSE: 0.0242, r (train): 0.8859, Test MSE: 0.1353, r (test): -0.1487
Epoch: 41, Training Loss: 0.0209, Train MSE: 0.0209, r (train): 0.8760, Test MSE: 0.1227, r (test): -0.1302
Epoch: 42, Training Loss: 0.0232, Train MSE: 0.0232, r (train): 0.8667, Test MSE: 0.1076, r (test): -0.0656
Epoch: 43, Training Loss: 0.0408, Train MSE: 0.0408, r (train): 0.8523, Test MSE: 0.1196, r (test): -0.0717
Epoch: 44, Training Loss: 0.0688, Train MSE: 0.0688, r (train): 0.8385, Test MSE: 0.1226, r (test): -0.0281
Epoch: 45, Training Loss: 0.0730, Train MSE: 0.0730, r (train): 0.8355, Test MSE: 0.1397, r (test): -0.0547
Epoch: 46, Training Loss: 0.0385, Train MSE: 0.0385, r (train): 0.8746, Test MSE: 0.1448, r (test): -0.0891
Epoch: 47, Training Loss: 0.0980, Train MSE: 0.0980, r (train): 0.8919, Test MSE: 0.1731, r (test): -0.0437
Epoch: 48, Training Loss: 0.0571, Train MSE: 0.0571, r (train): 0.8820, Test MSE: 0.1483, r (test): -0.0015
Epoch: 49, Training Loss: 0.1157, Train MSE: 0.1157, r (train): 0.9096, Test MSE: 0.1828, r (test): 0.0224
Epoch: 50, Training Loss: 0.1280, Train MSE: 0.1280, r (train): 0.8854, Test MSE: 0.1866, r (test): 0.0083
Epoch: 51, Training Loss: 0.0870, Train MSE: 0.0870, r (train): 0.8999, Test MSE: 0.1578, r (test): 0.0190
Epoch: 52, Training Loss: 0.0870, Train MSE: 0.0870, r (train): 0.8796, Test MSE: 0.1409, r (test): 0.0788
Epoch: 53, Training Loss: 0.0754, Train MSE: 0.0754, r (train): 0.8705, Test MSE: 0.1517, r (test): 0.0031
Epoch: 54, Training Loss: 0.0928, Train MSE: 0.0928, r (train): 0.8877, Test MSE: 0.1878, r (test): 0.0361
Epoch: 55, Training Loss: 0.0668, Train MSE: 0.0668, r (train): 0.8884, Test MSE: 0.1625, r (test): 0.0450
Epoch: 56, Training Loss: 0.0195, Train MSE: 0.0195, r (train): 0.8954, Test MSE: 0.1188, r (test): 0.0034
Epoch: 57, Training Loss: 0.0228, Train MSE: 0.0228, r (train): 0.8959, Test MSE: 0.1059, r (test): 0.0433
Epoch: 58, Training Loss: 0.0235, Train MSE: 0.0235, r (train): 0.8794, Test MSE: 0.0892, r (test): 0.1359
Epoch: 59, Training Loss: 0.0175, Train MSE: 0.0175, r (train): 0.8960, Test MSE: 0.1033, r (test): 0.0242
Epoch: 60, Training Loss: 0.0197, Train MSE: 0.0197, r (train): 0.8767, Test MSE: 0.1199, r (test): -0.0824
Epoch: 61, Training Loss: 0.0229, Train MSE: 0.0229, r (train): 0.8515, Test MSE: 0.1141, r (test): -0.0182
Epoch: 62, Training Loss: 0.0340, Train MSE: 0.0340, r (train): 0.9166, Test MSE: 0.1158, r (test): -0.0941
Epoch: 63, Training Loss: 0.0671, Train MSE: 0.0671, r (train): 0.9041, Test MSE: 0.1586, r (test): -0.1374
Epoch: 64, Training Loss: 0.1025, Train MSE: 0.1025, r (train): 0.9152, Test MSE: 0.1634, r (test): -0.0267
Epoch: 65, Training Loss: 0.0812, Train MSE: 0.0812, r (train): 0.8951, Test MSE: 0.1560, r (test): -0.1364
Epoch: 66, Training Loss: 0.0776, Train MSE: 0.0776, r (train): 0.8963, Test MSE: 0.1328, r (test): 0.0359
Epoch: 67, Training Loss: 0.0448, Train MSE: 0.0448, r (train): 0.8942, Test MSE: 0.1335, r (test): -0.0399
Epoch: 68, Training Loss: 0.0257, Train MSE: 0.0257, r (train): 0.9163, Test MSE: 0.1337, r (test): -0.1204
Epoch: 69, Training Loss: 0.0171, Train MSE: 0.0171, r (train): 0.9104, Test MSE: 0.1195, r (test): -0.0870
Epoch: 70, Training Loss: 0.0206, Train MSE: 0.0206, r (train): 0.8995, Test MSE: 0.1210, r (test): -0.0890
Epoch: 71, Training Loss: 0.0833, Train MSE: 0.0833, r (train): 0.9086, Test MSE: 0.1703, r (test): -0.1237
Epoch: 72, Training Loss: 0.0827, Train MSE: 0.0827, r (train): 0.8854, Test MSE: 0.1557, r (test): -0.1165
Epoch: 73, Training Loss: 0.1136, Train MSE: 0.1136, r (train): 0.8994, Test MSE: 0.2047, r (test): -0.0813
Epoch: 74, Training Loss: 0.0805, Train MSE: 0.0805, r (train): 0.8998, Test MSE: 0.1695, r (test): 0.0097
Epoch: 75, Training Loss: 0.0577, Train MSE: 0.0577, r (train): 0.8864, Test MSE: 0.1422, r (test): 0.0133
Epoch: 76, Training Loss: 0.0314, Train MSE: 0.0314, r (train): 0.8974, Test MSE: 0.1345, r (test): -0.0096
Epoch: 77, Training Loss: 0.0204, Train MSE: 0.0204, r (train): 0.8990, Test MSE: 0.1222, r (test): -0.0728
Epoch: 78, Training Loss: 0.0264, Train MSE: 0.0264, r (train): 0.8875, Test MSE: 0.1144, r (test): -0.0156
Epoch: 79, Training Loss: 0.0602, Train MSE: 0.0602, r (train): 0.8918, Test MSE: 0.1374, r (test): -0.0682
Epoch: 80, Training Loss: 0.1319, Train MSE: 0.1319, r (train): 0.8842, Test MSE: 0.1937, r (test): -0.0770
Epoch: 81, Training Loss: 0.1016, Train MSE: 0.1016, r (train): 0.9025, Test MSE: 0.1676, r (test): -0.0382
Epoch: 82, Training Loss: 0.0459, Train MSE: 0.0459, r (train): 0.9143, Test MSE: 0.1259, r (test): 0.0280
Epoch: 83, Training Loss: 0.0333, Train MSE: 0.0333, r (train): 0.9096, Test MSE: 0.1274, r (test): -0.0049
Epoch: 84, Training Loss: 0.0274, Train MSE: 0.0274, r (train): 0.9116, Test MSE: 0.1200, r (test): -0.0392
Epoch: 85, Training Loss: 0.0219, Train MSE: 0.0219, r (train): 0.8933, Test MSE: 0.1352, r (test): -0.1815
Epoch: 86, Training Loss: 0.0300, Train MSE: 0.0300, r (train): 0.9021, Test MSE: 0.1184, r (test): -0.0067
Epoch: 87, Training Loss: 0.0530, Train MSE: 0.0530, r (train): 0.9028, Test MSE: 0.1392, r (test): -0.0965
Epoch: 88, Training Loss: 0.0452, Train MSE: 0.0452, r (train): 0.8786, Test MSE: 0.1287, r (test): -0.1426
Epoch: 89, Training Loss: 0.0725, Train MSE: 0.0725, r (train): 0.9210, Test MSE: 0.1579, r (test): -0.1256
Epoch: 90, Training Loss: 0.0467, Train MSE: 0.0467, r (train): 0.9252, Test MSE: 0.1348, r (test): -0.0621
Epoch: 91, Training Loss: 0.0421, Train MSE: 0.0421, r (train): 0.9216, Test MSE: 0.1203, r (test): 0.0889
Epoch: 92, Training Loss: 0.0179, Train MSE: 0.0179, r (train): 0.9318, Test MSE: 0.0963, r (test): 0.0788
Epoch: 93, Training Loss: 0.0197, Train MSE: 0.0197, r (train): 0.8958, Test MSE: 0.0975, r (test): 0.0844
Epoch: 94, Training Loss: 0.0178, Train MSE: 0.0178, r (train): 0.9213, Test MSE: 0.1222, r (test): -0.0214
Epoch: 95, Training Loss: 0.0259, Train MSE: 0.0259, r (train): 0.9329, Test MSE: 0.1275, r (test): 0.0501
Epoch: 96, Training Loss: 0.0409, Train MSE: 0.0409, r (train): 0.9424, Test MSE: 0.1384, r (test): 0.0387
Epoch: 97, Training Loss: 0.0176, Train MSE: 0.0176, r (train): 0.9271, Test MSE: 0.1128, r (test): -0.0530
Epoch: 98, Training Loss: 0.0156, Train MSE: 0.0156, r (train): 0.9539, Test MSE: 0.1002, r (test): 0.0460
Epoch: 99, Training Loss: 0.0137, Train MSE: 0.0137, r (train): 0.9474, Test MSE: 0.0980, r (test): 0.0669
Predicted tensors for training set: 
tensor([ 0.8517,  0.2268,  0.3692,  0.2219,  0.4734,  0.4931,  0.3599, -0.0483,
         0.8464,  0.7130,  0.5067,  0.5144,  0.0334,  0.6235,  0.3389,  0.6131,
         0.2241,  0.4011,  0.8269,  0.8238,  0.2385,  0.7855,  0.4184,  0.7078,
         0.3001,  0.2094,  0.8809,  0.0924,  0.3427,  0.5837,  0.9854,  0.1842,
         0.7653,  0.7991,  0.4123,  0.9294,  0.4973,  0.6800,  1.0015,  0.6290,
         0.9047,  1.0900,  0.9112,  0.2235,  0.3170,  0.9160,  0.7625,  1.1194,
         1.1328,  0.6447,  0.7626,  0.6802,  0.6048,  0.1946,  0.9691,  0.7476,
         0.7163,  1.1815,  0.5895,  1.0592,  0.9722,  0.5636,  0.6237,  0.6374,
         0.1715,  0.8094,  0.8756,  0.9790,  0.9445,  0.1498,  0.6481,  0.2102])
Target tensorsfor training set: 
tensor([0.9535, 0.2649, 0.4341, 0.2916, 0.5187, 0.5220, 0.4440, 0.0389, 0.8728,
        0.7901, 0.5102, 0.5573, 0.1218, 0.6595, 0.4993, 0.6992, 0.2464, 0.4036,
        0.8453, 0.8561, 0.1493, 0.7125, 0.3309, 0.7171, 0.2594, 0.1294, 0.9127,
        0.0246, 0.2394, 0.5178, 0.9492, 0.0763, 0.6240, 0.6846, 0.3174, 0.8391,
        0.3829, 0.5783, 0.8363, 0.5023, 0.7507, 0.8556, 0.7497, 0.0981, 0.1360,
        0.7372, 0.6199, 0.8988, 0.9117, 0.4149, 0.5719, 0.4513, 0.4818, 0.0478,
        0.7791, 0.5658, 0.5300, 0.9621, 0.4526, 0.9215, 0.8524, 0.4654, 0.5564,
        0.5779, 0.1055, 0.7462, 0.8418, 0.9150, 0.9072, 0.1295, 0.6576, 0.2271])
Correlation for training set: 0.9474414304878669
Predicted tensors for test set: 
tensor([0.7033, 0.4830, 0.4733, 0.2034, 0.5686, 0.7424, 0.5178, 0.6311, 0.4134,
        0.4224, 0.7812, 0.8136, 0.6695, 0.6452, 1.1593, 0.3487, 0.3931, 0.4030])
Target tensors for test set: 
tensor([0.7371, 0.6671, 0.0636, 0.4373, 0.7144, 0.3453, 0.6465, 0.2255, 0.3077,
        0.7950, 0.9656, 0.2169, 0.5780, 0.4640, 0.7596, 0.7270, 0.6577, 0.8411])
Correlation for test set: 0.06693378868105453
Fold 2
Epoch: 00, Training Loss: 0.0760, Train MSE: 0.0760, r (train): 0.3647, Test MSE: 0.0683, r (test): 0.4742
Epoch: 01, Training Loss: 0.0750, Train MSE: 0.0750, r (train): 0.4514, Test MSE: 0.0683, r (test): 0.4874
Epoch: 02, Training Loss: 0.0739, Train MSE: 0.0739, r (train): 0.5091, Test MSE: 0.0673, r (test): 0.5003
Epoch: 03, Training Loss: 0.0727, Train MSE: 0.0727, r (train): 0.5367, Test MSE: 0.0663, r (test): 0.5014
Epoch: 04, Training Loss: 0.0714, Train MSE: 0.0714, r (train): 0.5746, Test MSE: 0.0660, r (test): 0.5053
Epoch: 05, Training Loss: 0.0701, Train MSE: 0.0701, r (train): 0.5995, Test MSE: 0.0659, r (test): 0.5027
Epoch: 06, Training Loss: 0.0684, Train MSE: 0.0684, r (train): 0.6323, Test MSE: 0.0653, r (test): 0.5058
Epoch: 07, Training Loss: 0.0663, Train MSE: 0.0663, r (train): 0.6638, Test MSE: 0.0654, r (test): 0.4932
Epoch: 08, Training Loss: 0.0632, Train MSE: 0.0632, r (train): 0.6790, Test MSE: 0.0651, r (test): 0.4468
Epoch: 09, Training Loss: 0.0602, Train MSE: 0.0602, r (train): 0.7355, Test MSE: 0.0640, r (test): 0.4632
Epoch: 10, Training Loss: 0.0550, Train MSE: 0.0550, r (train): 0.7679, Test MSE: 0.0651, r (test): 0.3234
Epoch: 11, Training Loss: 0.0500, Train MSE: 0.0500, r (train): 0.8043, Test MSE: 0.0675, r (test): 0.1906
Epoch: 12, Training Loss: 0.0454, Train MSE: 0.0454, r (train): 0.8196, Test MSE: 0.0709, r (test): 0.0461
Epoch: 13, Training Loss: 0.0377, Train MSE: 0.0377, r (train): 0.8343, Test MSE: 0.0793, r (test): -0.1771
Epoch: 14, Training Loss: 0.0317, Train MSE: 0.0317, r (train): 0.8698, Test MSE: 0.0870, r (test): -0.2462
Epoch: 15, Training Loss: 0.0248, Train MSE: 0.0248, r (train): 0.8786, Test MSE: 0.1063, r (test): -0.3645
Epoch: 16, Training Loss: 0.0188, Train MSE: 0.0188, r (train): 0.8965, Test MSE: 0.1074, r (test): -0.3671
Epoch: 17, Training Loss: 0.0161, Train MSE: 0.0161, r (train): 0.9223, Test MSE: 0.1283, r (test): -0.4126
Epoch: 18, Training Loss: 0.0243, Train MSE: 0.0243, r (train): 0.9337, Test MSE: 0.1298, r (test): -0.4467
Epoch: 19, Training Loss: 0.0389, Train MSE: 0.0389, r (train): 0.9436, Test MSE: 0.1520, r (test): -0.4246
Epoch: 20, Training Loss: 0.0325, Train MSE: 0.0325, r (train): 0.9290, Test MSE: 0.1492, r (test): -0.4186
Epoch: 21, Training Loss: 0.0167, Train MSE: 0.0167, r (train): 0.9050, Test MSE: 0.1144, r (test): -0.3465
Epoch: 22, Training Loss: 0.0212, Train MSE: 0.0212, r (train): 0.9177, Test MSE: 0.1244, r (test): -0.3724
Epoch: 23, Training Loss: 0.0103, Train MSE: 0.0103, r (train): 0.9338, Test MSE: 0.1489, r (test): -0.4555
Epoch: 24, Training Loss: 0.0334, Train MSE: 0.0334, r (train): 0.9174, Test MSE: 0.1839, r (test): -0.5437
Epoch: 25, Training Loss: 0.0150, Train MSE: 0.0150, r (train): 0.9038, Test MSE: 0.1189, r (test): -0.4969
Epoch: 26, Training Loss: 0.0193, Train MSE: 0.0193, r (train): 0.9324, Test MSE: 0.1388, r (test): -0.4375
Epoch: 27, Training Loss: 0.0137, Train MSE: 0.0137, r (train): 0.9050, Test MSE: 0.1375, r (test): -0.5398
Epoch: 28, Training Loss: 0.0175, Train MSE: 0.0175, r (train): 0.8957, Test MSE: 0.1149, r (test): -0.4537
Epoch: 29, Training Loss: 0.0186, Train MSE: 0.0186, r (train): 0.9033, Test MSE: 0.1290, r (test): -0.4581
Epoch: 30, Training Loss: 0.0376, Train MSE: 0.0376, r (train): 0.9220, Test MSE: 0.1360, r (test): -0.3338
Epoch: 31, Training Loss: 0.0524, Train MSE: 0.0524, r (train): 0.9386, Test MSE: 0.1871, r (test): -0.4325
Epoch: 32, Training Loss: 0.0316, Train MSE: 0.0316, r (train): 0.9521, Test MSE: 0.1932, r (test): -0.4667
Epoch: 33, Training Loss: 0.0175, Train MSE: 0.0175, r (train): 0.9449, Test MSE: 0.1800, r (test): -0.4453
Epoch: 34, Training Loss: 0.0214, Train MSE: 0.0214, r (train): 0.9067, Test MSE: 0.1536, r (test): -0.4092
Epoch: 35, Training Loss: 0.0808, Train MSE: 0.0808, r (train): 0.9100, Test MSE: 0.2161, r (test): -0.4690
Epoch: 36, Training Loss: 0.0884, Train MSE: 0.0884, r (train): 0.9256, Test MSE: 0.2307, r (test): -0.4412
Epoch: 37, Training Loss: 0.1069, Train MSE: 0.1069, r (train): 0.9328, Test MSE: 0.2489, r (test): -0.4524
Epoch: 38, Training Loss: 0.0646, Train MSE: 0.0646, r (train): 0.9453, Test MSE: 0.2034, r (test): -0.4163
Epoch: 39, Training Loss: 0.0336, Train MSE: 0.0336, r (train): 0.9345, Test MSE: 0.1437, r (test): -0.2905
Epoch: 40, Training Loss: 0.0294, Train MSE: 0.0294, r (train): 0.9147, Test MSE: 0.1465, r (test): -0.2916
Epoch: 41, Training Loss: 0.0315, Train MSE: 0.0315, r (train): 0.8913, Test MSE: 0.1489, r (test): -0.4745
Epoch: 42, Training Loss: 0.0939, Train MSE: 0.0939, r (train): 0.8849, Test MSE: 0.2156, r (test): -0.2504
Epoch: 43, Training Loss: 0.0675, Train MSE: 0.0675, r (train): 0.8947, Test MSE: 0.1839, r (test): -0.3850
Epoch: 44, Training Loss: 0.0467, Train MSE: 0.0467, r (train): 0.8900, Test MSE: 0.1764, r (test): -0.5112
Epoch: 45, Training Loss: 0.0226, Train MSE: 0.0226, r (train): 0.8670, Test MSE: 0.1251, r (test): -0.3816
Epoch: 46, Training Loss: 0.0171, Train MSE: 0.0171, r (train): 0.8895, Test MSE: 0.1035, r (test): -0.3188
Epoch: 47, Training Loss: 0.0190, Train MSE: 0.0190, r (train): 0.9068, Test MSE: 0.1046, r (test): -0.2574
Epoch: 48, Training Loss: 0.0265, Train MSE: 0.0265, r (train): 0.8888, Test MSE: 0.1098, r (test): -0.2950
Epoch: 49, Training Loss: 0.0239, Train MSE: 0.0239, r (train): 0.8981, Test MSE: 0.1226, r (test): -0.3085
Epoch: 50, Training Loss: 0.0197, Train MSE: 0.0197, r (train): 0.8937, Test MSE: 0.1165, r (test): -0.3439
Epoch: 51, Training Loss: 0.0201, Train MSE: 0.0201, r (train): 0.8866, Test MSE: 0.1151, r (test): -0.2995
Epoch: 52, Training Loss: 0.0174, Train MSE: 0.0174, r (train): 0.8909, Test MSE: 0.1100, r (test): -0.2890
Epoch: 53, Training Loss: 0.0307, Train MSE: 0.0307, r (train): 0.8111, Test MSE: 0.0767, r (test): -0.2910
Epoch: 54, Training Loss: 0.0317, Train MSE: 0.0317, r (train): 0.8329, Test MSE: 0.0701, r (test): -0.1999
Epoch: 55, Training Loss: 0.0165, Train MSE: 0.0165, r (train): 0.9022, Test MSE: 0.1073, r (test): -0.3757
Epoch: 56, Training Loss: 0.0199, Train MSE: 0.0199, r (train): 0.9008, Test MSE: 0.1058, r (test): -0.2119
Epoch: 57, Training Loss: 0.0506, Train MSE: 0.0506, r (train): 0.9013, Test MSE: 0.1563, r (test): -0.2572
Epoch: 58, Training Loss: 0.1366, Train MSE: 0.1366, r (train): 0.9215, Test MSE: 0.2558, r (test): -0.1582
Epoch: 59, Training Loss: 0.0857, Train MSE: 0.0857, r (train): 0.9148, Test MSE: 0.2019, r (test): -0.2940
Epoch: 60, Training Loss: 0.0796, Train MSE: 0.0796, r (train): 0.9290, Test MSE: 0.2096, r (test): -0.3441
Epoch: 61, Training Loss: 0.0568, Train MSE: 0.0568, r (train): 0.9186, Test MSE: 0.1743, r (test): -0.3865
Epoch: 62, Training Loss: 0.0778, Train MSE: 0.0778, r (train): 0.9077, Test MSE: 0.1835, r (test): -0.2769
Epoch: 63, Training Loss: 0.0466, Train MSE: 0.0466, r (train): 0.8919, Test MSE: 0.1324, r (test): -0.1593
Epoch: 64, Training Loss: 0.0227, Train MSE: 0.0227, r (train): 0.8811, Test MSE: 0.0890, r (test): -0.1322
Epoch: 65, Training Loss: 0.0148, Train MSE: 0.0148, r (train): 0.8990, Test MSE: 0.0726, r (test): -0.1326
Epoch: 66, Training Loss: 0.0155, Train MSE: 0.0155, r (train): 0.9099, Test MSE: 0.0676, r (test): -0.0745
Epoch: 67, Training Loss: 0.0126, Train MSE: 0.0126, r (train): 0.9220, Test MSE: 0.0815, r (test): -0.2150
Epoch: 68, Training Loss: 0.0171, Train MSE: 0.0171, r (train): 0.9176, Test MSE: 0.0968, r (test): -0.1007
Epoch: 69, Training Loss: 0.0645, Train MSE: 0.0645, r (train): 0.9148, Test MSE: 0.1726, r (test): 0.0138
Epoch: 70, Training Loss: 0.1052, Train MSE: 0.1052, r (train): 0.9182, Test MSE: 0.2227, r (test): -0.0759
Epoch: 71, Training Loss: 0.0902, Train MSE: 0.0902, r (train): 0.9166, Test MSE: 0.1960, r (test): -0.2168
Epoch: 72, Training Loss: 0.0525, Train MSE: 0.0525, r (train): 0.9245, Test MSE: 0.1527, r (test): -0.2777
Epoch: 73, Training Loss: 0.0220, Train MSE: 0.0220, r (train): 0.9079, Test MSE: 0.0988, r (test): -0.2270
Epoch: 74, Training Loss: 0.0159, Train MSE: 0.0159, r (train): 0.9059, Test MSE: 0.0880, r (test): -0.2838
Epoch: 75, Training Loss: 0.0165, Train MSE: 0.0165, r (train): 0.8889, Test MSE: 0.0656, r (test): -0.0041
Epoch: 76, Training Loss: 0.0237, Train MSE: 0.0237, r (train): 0.8571, Test MSE: 0.0540, r (test): 0.4251
Epoch: 77, Training Loss: 0.0478, Train MSE: 0.0478, r (train): 0.9264, Test MSE: 0.1405, r (test): 0.1638
Epoch: 78, Training Loss: 0.0901, Train MSE: 0.0901, r (train): 0.9231, Test MSE: 0.1971, r (test): 0.0473
Epoch: 79, Training Loss: 0.0545, Train MSE: 0.0545, r (train): 0.9258, Test MSE: 0.1467, r (test): 0.1066
Epoch: 80, Training Loss: 0.0378, Train MSE: 0.0378, r (train): 0.9364, Test MSE: 0.1195, r (test): 0.0139
Epoch: 81, Training Loss: 0.0124, Train MSE: 0.0124, r (train): 0.9207, Test MSE: 0.0754, r (test): -0.0120
Epoch: 82, Training Loss: 0.0118, Train MSE: 0.0118, r (train): 0.9276, Test MSE: 0.0809, r (test): -0.0487
Epoch: 83, Training Loss: 0.0150, Train MSE: 0.0150, r (train): 0.8982, Test MSE: 0.0795, r (test): -0.0936
Epoch: 84, Training Loss: 0.0233, Train MSE: 0.0233, r (train): 0.8756, Test MSE: 0.0811, r (test): 0.0334
Epoch: 85, Training Loss: 0.0462, Train MSE: 0.0462, r (train): 0.8970, Test MSE: 0.1310, r (test): -0.1308
Epoch: 86, Training Loss: 0.0495, Train MSE: 0.0495, r (train): 0.9051, Test MSE: 0.1441, r (test): -0.1550
Epoch: 87, Training Loss: 0.0871, Train MSE: 0.0871, r (train): 0.8992, Test MSE: 0.2104, r (test): 0.1968
Epoch: 88, Training Loss: 0.0326, Train MSE: 0.0326, r (train): 0.9481, Test MSE: 0.1241, r (test): -0.1427
Epoch: 89, Training Loss: 0.0162, Train MSE: 0.0162, r (train): 0.9436, Test MSE: 0.1265, r (test): -0.4431
Epoch: 90, Training Loss: 0.0220, Train MSE: 0.0220, r (train): 0.9455, Test MSE: 0.1051, r (test): -0.1037
Epoch: 91, Training Loss: 0.0086, Train MSE: 0.0086, r (train): 0.9413, Test MSE: 0.0859, r (test): -0.2448
Epoch: 92, Training Loss: 0.0114, Train MSE: 0.0114, r (train): 0.9353, Test MSE: 0.1007, r (test): -0.3230
Epoch: 93, Training Loss: 0.0273, Train MSE: 0.0273, r (train): 0.9277, Test MSE: 0.1116, r (test): -0.1125
Epoch: 94, Training Loss: 0.0504, Train MSE: 0.0504, r (train): 0.9241, Test MSE: 0.1427, r (test): -0.0546
Epoch: 95, Training Loss: 0.0459, Train MSE: 0.0459, r (train): 0.9281, Test MSE: 0.1475, r (test): -0.1344
Epoch: 96, Training Loss: 0.0231, Train MSE: 0.0231, r (train): 0.9433, Test MSE: 0.1231, r (test): -0.3596
Epoch: 97, Training Loss: 0.0120, Train MSE: 0.0120, r (train): 0.9205, Test MSE: 0.1074, r (test): -0.4712
Epoch: 98, Training Loss: 0.0129, Train MSE: 0.0129, r (train): 0.9389, Test MSE: 0.0983, r (test): -0.3483
Epoch: 99, Training Loss: 0.0144, Train MSE: 0.0144, r (train): 0.9242, Test MSE: 0.1052, r (test): -0.3647
Predicted tensors for training set: 
tensor([ 0.6795,  0.5859, -0.0437,  0.3947,  0.6146,  0.1773,  0.4983,  0.1560,
         0.1639,  0.6675,  0.7997, -0.0026,  0.4660,  0.3287,  0.5597,  0.3947,
         0.5935,  0.7096,  0.7077,  0.6225, -0.0670,  0.6408,  0.1995,  0.5361,
         0.0356,  0.0067,  0.6984, -0.0377,  0.1653,  0.4756,  0.8932,  0.0262,
         0.6942,  0.6893,  0.3818,  0.9331,  0.4890,  0.6425,  0.9410,  0.6146,
         0.8947,  0.9943,  0.8834,  0.1667,  0.3811,  0.8738,  0.6504,  1.0302,
         0.9672,  0.5290,  0.5778,  0.5796,  0.5575,  0.0975,  0.7584,  0.5717,
         0.5362,  0.8817,  0.4241,  0.8359,  0.7683,  0.4448,  0.4556,  0.5134,
         0.0052,  0.7263,  0.8248,  0.8551,  0.8752,  0.1768,  0.5800,  0.1103])
Target tensorsfor training set: 
tensor([0.7371, 0.6671, 0.0636, 0.4373, 0.7144, 0.3453, 0.6465, 0.2255, 0.3077,
        0.7950, 0.9656, 0.2169, 0.5780, 0.4640, 0.7596, 0.7270, 0.6577, 0.8411,
        0.8453, 0.8561, 0.1493, 0.7125, 0.3309, 0.7171, 0.2594, 0.1294, 0.9127,
        0.0246, 0.2394, 0.5178, 0.9492, 0.0763, 0.6240, 0.6846, 0.3174, 0.8391,
        0.3829, 0.5783, 0.8363, 0.5023, 0.7507, 0.8556, 0.7497, 0.0981, 0.1360,
        0.7372, 0.6199, 0.8988, 0.9117, 0.4149, 0.5719, 0.4513, 0.4818, 0.0478,
        0.7791, 0.5658, 0.5300, 0.9621, 0.4526, 0.9215, 0.8524, 0.4654, 0.5564,
        0.5779, 0.1055, 0.7462, 0.8418, 0.9150, 0.9072, 0.1295, 0.6576, 0.2271])
Correlation for training set: 0.9241617798740422
Predicted tensors for test set: 
tensor([0.1599, 0.5687, 0.6793, 0.6935, 0.5287, 0.3518, 0.5512, 0.5270, 0.3257,
        0.5323, 0.6964, 0.6063, 0.3773, 0.6342, 0.5161, 0.5223, 0.6470, 0.2984])
Target tensors for test set: 
tensor([0.9535, 0.2649, 0.4341, 0.2916, 0.5187, 0.5220, 0.4440, 0.0389, 0.8728,
        0.7901, 0.5102, 0.5573, 0.1218, 0.6595, 0.4993, 0.6992, 0.2464, 0.4036])
Correlation for test set: -0.3646841022625977
Fold 3
Epoch: 00, Training Loss: 0.0661, Train MSE: 0.0661, r (train): 0.3368, Test MSE: 0.1062, r (test): 0.1658
Epoch: 01, Training Loss: 0.0665, Train MSE: 0.0665, r (train): 0.3047, Test MSE: 0.1111, r (test): 0.1200
Epoch: 02, Training Loss: 0.0640, Train MSE: 0.0640, r (train): 0.3684, Test MSE: 0.1089, r (test): 0.1955
Epoch: 03, Training Loss: 0.0637, Train MSE: 0.0637, r (train): 0.3759, Test MSE: 0.1107, r (test): 0.1522
Epoch: 04, Training Loss: 0.0626, Train MSE: 0.0626, r (train): 0.4124, Test MSE: 0.1115, r (test): 0.1353
Epoch: 05, Training Loss: 0.0613, Train MSE: 0.0613, r (train): 0.4468, Test MSE: 0.1118, r (test): 0.1491
Epoch: 06, Training Loss: 0.0600, Train MSE: 0.0600, r (train): 0.4619, Test MSE: 0.1117, r (test): 0.1450
Epoch: 07, Training Loss: 0.0579, Train MSE: 0.0579, r (train): 0.5324, Test MSE: 0.1104, r (test): 0.1996
Epoch: 08, Training Loss: 0.0565, Train MSE: 0.0565, r (train): 0.5222, Test MSE: 0.1097, r (test): 0.2037
Epoch: 09, Training Loss: 0.0543, Train MSE: 0.0543, r (train): 0.6131, Test MSE: 0.1113, r (test): 0.1596
Epoch: 10, Training Loss: 0.0536, Train MSE: 0.0536, r (train): 0.5641, Test MSE: 0.1120, r (test): 0.1554
Epoch: 11, Training Loss: 0.0488, Train MSE: 0.0488, r (train): 0.7242, Test MSE: 0.1112, r (test): 0.1375
Epoch: 12, Training Loss: 0.0500, Train MSE: 0.0500, r (train): 0.5760, Test MSE: 0.1101, r (test): 0.1613
Epoch: 13, Training Loss: 0.0451, Train MSE: 0.0451, r (train): 0.7495, Test MSE: 0.1104, r (test): 0.1567
Epoch: 14, Training Loss: 0.0428, Train MSE: 0.0428, r (train): 0.6624, Test MSE: 0.1056, r (test): 0.2037
Epoch: 15, Training Loss: 0.0384, Train MSE: 0.0384, r (train): 0.8059, Test MSE: 0.1065, r (test): 0.2404
Epoch: 16, Training Loss: 0.0380, Train MSE: 0.0380, r (train): 0.6989, Test MSE: 0.1029, r (test): 0.2747
Epoch: 17, Training Loss: 0.0323, Train MSE: 0.0323, r (train): 0.8005, Test MSE: 0.1017, r (test): 0.2988
Epoch: 18, Training Loss: 0.0279, Train MSE: 0.0279, r (train): 0.8152, Test MSE: 0.0987, r (test): 0.3246
Epoch: 19, Training Loss: 0.0216, Train MSE: 0.0216, r (train): 0.8789, Test MSE: 0.0996, r (test): 0.3300
Epoch: 20, Training Loss: 0.0183, Train MSE: 0.0183, r (train): 0.8836, Test MSE: 0.1042, r (test): 0.3082
Epoch: 21, Training Loss: 0.0155, Train MSE: 0.0155, r (train): 0.9059, Test MSE: 0.1068, r (test): 0.3227
Epoch: 22, Training Loss: 0.0165, Train MSE: 0.0165, r (train): 0.9015, Test MSE: 0.1131, r (test): 0.3418
Epoch: 23, Training Loss: 0.0135, Train MSE: 0.0135, r (train): 0.9181, Test MSE: 0.1073, r (test): 0.3844
Epoch: 24, Training Loss: 0.0208, Train MSE: 0.0208, r (train): 0.9069, Test MSE: 0.1236, r (test): 0.3712
Epoch: 25, Training Loss: 0.0149, Train MSE: 0.0149, r (train): 0.8797, Test MSE: 0.0901, r (test): 0.4368
Epoch: 26, Training Loss: 0.0206, Train MSE: 0.0206, r (train): 0.9075, Test MSE: 0.1174, r (test): 0.3980
Epoch: 27, Training Loss: 0.0120, Train MSE: 0.0120, r (train): 0.9062, Test MSE: 0.0856, r (test): 0.4700
Epoch: 28, Training Loss: 0.0364, Train MSE: 0.0364, r (train): 0.8653, Test MSE: 0.1279, r (test): 0.4088
Epoch: 29, Training Loss: 0.0182, Train MSE: 0.0182, r (train): 0.8646, Test MSE: 0.0944, r (test): 0.4060
Epoch: 30, Training Loss: 0.0073, Train MSE: 0.0073, r (train): 0.9444, Test MSE: 0.0967, r (test): 0.3928
Epoch: 31, Training Loss: 0.0153, Train MSE: 0.0153, r (train): 0.9247, Test MSE: 0.0829, r (test): 0.3916
Epoch: 32, Training Loss: 0.0287, Train MSE: 0.0287, r (train): 0.9141, Test MSE: 0.0847, r (test): 0.3666
Epoch: 33, Training Loss: 0.0167, Train MSE: 0.0167, r (train): 0.9389, Test MSE: 0.0840, r (test): 0.3718
Epoch: 34, Training Loss: 0.0067, Train MSE: 0.0067, r (train): 0.9593, Test MSE: 0.1032, r (test): 0.4114
Epoch: 35, Training Loss: 0.0144, Train MSE: 0.0144, r (train): 0.9706, Test MSE: 0.1324, r (test): 0.4245
Epoch: 36, Training Loss: 0.0293, Train MSE: 0.0293, r (train): 0.9769, Test MSE: 0.1571, r (test): 0.4540
Epoch: 37, Training Loss: 0.0136, Train MSE: 0.0136, r (train): 0.9636, Test MSE: 0.1215, r (test): 0.4267
Epoch: 38, Training Loss: 0.0078, Train MSE: 0.0078, r (train): 0.9398, Test MSE: 0.0884, r (test): 0.4482
Epoch: 39, Training Loss: 0.0082, Train MSE: 0.0082, r (train): 0.9506, Test MSE: 0.0792, r (test): 0.4690
Epoch: 40, Training Loss: 0.0077, Train MSE: 0.0077, r (train): 0.9413, Test MSE: 0.0936, r (test): 0.4139
Epoch: 41, Training Loss: 0.0310, Train MSE: 0.0310, r (train): 0.9358, Test MSE: 0.1577, r (test): 0.4396
Epoch: 42, Training Loss: 0.0391, Train MSE: 0.0391, r (train): 0.9635, Test MSE: 0.1700, r (test): 0.4535
Epoch: 43, Training Loss: 0.0442, Train MSE: 0.0442, r (train): 0.9620, Test MSE: 0.1608, r (test): 0.4692
Epoch: 44, Training Loss: 0.0201, Train MSE: 0.0201, r (train): 0.9495, Test MSE: 0.1189, r (test): 0.4332
Epoch: 45, Training Loss: 0.0088, Train MSE: 0.0088, r (train): 0.9516, Test MSE: 0.0833, r (test): 0.3967
Epoch: 46, Training Loss: 0.0080, Train MSE: 0.0080, r (train): 0.9477, Test MSE: 0.0863, r (test): 0.4089
Epoch: 47, Training Loss: 0.0229, Train MSE: 0.0229, r (train): 0.9239, Test MSE: 0.1470, r (test): 0.3838
Epoch: 48, Training Loss: 0.0548, Train MSE: 0.0548, r (train): 0.9517, Test MSE: 0.1859, r (test): 0.4773
Epoch: 49, Training Loss: 0.0174, Train MSE: 0.0174, r (train): 0.9647, Test MSE: 0.1171, r (test): 0.4884
Epoch: 50, Training Loss: 0.0126, Train MSE: 0.0126, r (train): 0.9326, Test MSE: 0.0974, r (test): 0.4380
Epoch: 51, Training Loss: 0.0072, Train MSE: 0.0072, r (train): 0.9563, Test MSE: 0.0782, r (test): 0.4813
Epoch: 52, Training Loss: 0.0185, Train MSE: 0.0185, r (train): 0.9519, Test MSE: 0.1271, r (test): 0.3958
Epoch: 53, Training Loss: 0.0371, Train MSE: 0.0371, r (train): 0.9516, Test MSE: 0.1543, r (test): 0.4682
Epoch: 54, Training Loss: 0.0473, Train MSE: 0.0473, r (train): 0.9431, Test MSE: 0.1595, r (test): 0.4925
Epoch: 55, Training Loss: 0.0076, Train MSE: 0.0076, r (train): 0.9541, Test MSE: 0.0913, r (test): 0.4799
Epoch: 56, Training Loss: 0.0060, Train MSE: 0.0060, r (train): 0.9610, Test MSE: 0.0780, r (test): 0.4825
Epoch: 57, Training Loss: 0.0062, Train MSE: 0.0062, r (train): 0.9650, Test MSE: 0.0998, r (test): 0.4712
Epoch: 58, Training Loss: 0.0290, Train MSE: 0.0290, r (train): 0.9647, Test MSE: 0.1380, r (test): 0.5298
Epoch: 59, Training Loss: 0.0039, Train MSE: 0.0039, r (train): 0.9697, Test MSE: 0.0790, r (test): 0.5272
Epoch: 60, Training Loss: 0.0069, Train MSE: 0.0069, r (train): 0.9623, Test MSE: 0.0750, r (test): 0.5097
Epoch: 61, Training Loss: 0.0102, Train MSE: 0.0102, r (train): 0.9470, Test MSE: 0.1025, r (test): 0.4937
Epoch: 62, Training Loss: 0.0088, Train MSE: 0.0088, r (train): 0.9498, Test MSE: 0.0939, r (test): 0.4937
Epoch: 63, Training Loss: 0.0198, Train MSE: 0.0198, r (train): 0.9446, Test MSE: 0.0701, r (test): 0.5226
Epoch: 64, Training Loss: 0.0172, Train MSE: 0.0172, r (train): 0.9405, Test MSE: 0.0778, r (test): 0.4356
Epoch: 65, Training Loss: 0.0293, Train MSE: 0.0293, r (train): 0.9175, Test MSE: 0.0727, r (test): 0.5030
Epoch: 66, Training Loss: 0.0156, Train MSE: 0.0156, r (train): 0.9424, Test MSE: 0.0770, r (test): 0.4483
Epoch: 67, Training Loss: 0.0251, Train MSE: 0.0251, r (train): 0.9187, Test MSE: 0.0753, r (test): 0.4736
Epoch: 68, Training Loss: 0.0271, Train MSE: 0.0271, r (train): 0.9365, Test MSE: 0.0709, r (test): 0.5248
Epoch: 69, Training Loss: 0.0332, Train MSE: 0.0332, r (train): 0.9214, Test MSE: 0.0760, r (test): 0.5064
Epoch: 70, Training Loss: 0.0135, Train MSE: 0.0135, r (train): 0.9204, Test MSE: 0.0725, r (test): 0.5146
Epoch: 71, Training Loss: 0.0147, Train MSE: 0.0147, r (train): 0.9041, Test MSE: 0.0818, r (test): 0.4497
Epoch: 72, Training Loss: 0.0147, Train MSE: 0.0147, r (train): 0.9117, Test MSE: 0.1009, r (test): 0.4239
Epoch: 73, Training Loss: 0.0142, Train MSE: 0.0142, r (train): 0.8959, Test MSE: 0.0922, r (test): 0.4397
Epoch: 74, Training Loss: 0.0141, Train MSE: 0.0141, r (train): 0.8882, Test MSE: 0.0870, r (test): 0.4170
Epoch: 75, Training Loss: 0.0223, Train MSE: 0.0223, r (train): 0.8775, Test MSE: 0.1044, r (test): 0.4663
Epoch: 76, Training Loss: 0.0322, Train MSE: 0.0322, r (train): 0.8804, Test MSE: 0.1337, r (test): 0.4175
Epoch: 77, Training Loss: 0.0735, Train MSE: 0.0735, r (train): 0.8745, Test MSE: 0.1861, r (test): 0.4445
Epoch: 78, Training Loss: 0.1061, Train MSE: 0.1061, r (train): 0.9293, Test MSE: 0.2428, r (test): 0.3840
Epoch: 79, Training Loss: 0.1658, Train MSE: 0.1658, r (train): 0.9167, Test MSE: 0.3171, r (test): 0.3874
Epoch: 80, Training Loss: 0.0312, Train MSE: 0.0312, r (train): 0.9398, Test MSE: 0.1322, r (test): 0.3851
Epoch: 81, Training Loss: 0.0394, Train MSE: 0.0394, r (train): 0.9139, Test MSE: 0.1296, r (test): 0.3437
Epoch: 82, Training Loss: 0.0392, Train MSE: 0.0392, r (train): 0.8207, Test MSE: 0.1373, r (test): 0.2366
Epoch: 83, Training Loss: 0.0298, Train MSE: 0.0298, r (train): 0.9402, Test MSE: 0.1299, r (test): 0.4222
Epoch: 84, Training Loss: 0.0213, Train MSE: 0.0213, r (train): 0.9566, Test MSE: 0.1201, r (test): 0.4514
Epoch: 85, Training Loss: 0.0205, Train MSE: 0.0205, r (train): 0.9436, Test MSE: 0.1176, r (test): 0.4198
Epoch: 86, Training Loss: 0.0103, Train MSE: 0.0103, r (train): 0.9301, Test MSE: 0.0972, r (test): 0.3987
Epoch: 87, Training Loss: 0.0091, Train MSE: 0.0091, r (train): 0.9331, Test MSE: 0.0885, r (test): 0.3888
Epoch: 88, Training Loss: 0.0191, Train MSE: 0.0191, r (train): 0.9177, Test MSE: 0.0812, r (test): 0.3935
Epoch: 89, Training Loss: 0.0274, Train MSE: 0.0274, r (train): 0.9156, Test MSE: 0.0756, r (test): 0.4860
Epoch: 90, Training Loss: 0.0382, Train MSE: 0.0382, r (train): 0.9220, Test MSE: 0.0779, r (test): 0.5307
Epoch: 91, Training Loss: 0.0250, Train MSE: 0.0250, r (train): 0.9411, Test MSE: 0.0769, r (test): 0.4835
Epoch: 92, Training Loss: 0.0092, Train MSE: 0.0092, r (train): 0.9544, Test MSE: 0.0761, r (test): 0.4652
Epoch: 93, Training Loss: 0.0149, Train MSE: 0.0149, r (train): 0.9432, Test MSE: 0.1060, r (test): 0.3790
Epoch: 94, Training Loss: 0.0348, Train MSE: 0.0348, r (train): 0.9466, Test MSE: 0.1357, r (test): 0.3882
Epoch: 95, Training Loss: 0.0421, Train MSE: 0.0421, r (train): 0.9591, Test MSE: 0.1367, r (test): 0.4719
Epoch: 96, Training Loss: 0.0274, Train MSE: 0.0274, r (train): 0.9401, Test MSE: 0.1148, r (test): 0.4376
Epoch: 97, Training Loss: 0.0109, Train MSE: 0.0109, r (train): 0.9573, Test MSE: 0.1073, r (test): 0.3667
Epoch: 98, Training Loss: 0.0058, Train MSE: 0.0058, r (train): 0.9594, Test MSE: 0.0913, r (test): 0.3735
Epoch: 99, Training Loss: 0.0106, Train MSE: 0.0106, r (train): 0.9542, Test MSE: 0.0750, r (test): 0.4829
Predicted tensors for training set: 
tensor([ 0.6559,  0.5710,  0.0293,  0.3695,  0.5428,  0.2979,  0.5652,  0.2176,
         0.2617,  0.6430,  0.7361,  0.1424,  0.4873,  0.3696,  0.5761,  0.5633,
         0.5009,  0.7063,  0.6724,  0.2904,  0.3923,  0.2733,  0.4561,  0.5127,
         0.4726,  0.1724,  0.8207,  0.6928,  0.5805,  0.5033,  0.2574,  0.7111,
         0.5078,  0.7259,  0.4307,  0.4416,  0.4274,  0.5760,  0.7658,  0.4958,
         0.6342,  0.7862,  0.6499,  0.1189,  0.1846,  0.5970,  0.5219,  0.7735,
         0.6852,  0.3094,  0.4472,  0.3150,  0.4020, -0.0343,  0.6339,  0.4466,
         0.4229,  0.8097,  0.3476,  0.8196,  0.7399,  0.4174,  0.5075,  0.5141,
         0.0947,  0.7197,  0.7729,  0.8655,  0.8623,  0.1223,  0.6440,  0.1868])
Target tensorsfor training set: 
tensor([0.7371, 0.6671, 0.0636, 0.4373, 0.7144, 0.3453, 0.6465, 0.2255, 0.3077,
        0.7950, 0.9656, 0.2169, 0.5780, 0.4640, 0.7596, 0.7270, 0.6577, 0.8411,
        0.9535, 0.2649, 0.4341, 0.2916, 0.5187, 0.5220, 0.4440, 0.0389, 0.8728,
        0.7901, 0.5102, 0.5573, 0.1218, 0.6595, 0.4993, 0.6992, 0.2464, 0.4036,
        0.3829, 0.5783, 0.8363, 0.5023, 0.7507, 0.8556, 0.7497, 0.0981, 0.1360,
        0.7372, 0.6199, 0.8988, 0.9117, 0.4149, 0.5719, 0.4513, 0.4818, 0.0478,
        0.7791, 0.5658, 0.5300, 0.9621, 0.4526, 0.9215, 0.8524, 0.4654, 0.5564,
        0.5779, 0.1055, 0.7462, 0.8418, 0.9150, 0.9072, 0.1295, 0.6576, 0.2271])
Correlation for training set: 0.9541726167392102
Predicted tensors for test set: 
tensor([0.7478, 0.6321, 0.5358, 0.4525, 0.5282, 0.5867, 0.4824, 0.4147, 0.8148,
        0.4438, 0.4659, 0.4706, 0.4145, 0.4531, 0.6162, 0.7065, 0.4565, 0.3924])
Target tensors for test set: 
tensor([0.8453, 0.8561, 0.1493, 0.7125, 0.3309, 0.7171, 0.2594, 0.1294, 0.9127,
        0.0246, 0.2394, 0.5178, 0.9492, 0.0763, 0.6240, 0.6846, 0.3174, 0.8391])
Correlation for test set: 0.4829250815472279
Fold 4
Epoch: 00, Training Loss: 0.0830, Train MSE: 0.0830, r (train): 0.3191, Test MSE: 0.0854, r (test): -0.1367
Epoch: 01, Training Loss: 0.0854, Train MSE: 0.0854, r (train): 0.3045, Test MSE: 0.0911, r (test): -0.2566
Epoch: 02, Training Loss: 0.0807, Train MSE: 0.0807, r (train): 0.3695, Test MSE: 0.0870, r (test): -0.1250
Epoch: 03, Training Loss: 0.0805, Train MSE: 0.0805, r (train): 0.3671, Test MSE: 0.0883, r (test): -0.1616
Epoch: 04, Training Loss: 0.0781, Train MSE: 0.0781, r (train): 0.4162, Test MSE: 0.0867, r (test): -0.0955
Epoch: 05, Training Loss: 0.0778, Train MSE: 0.0778, r (train): 0.4109, Test MSE: 0.0879, r (test): -0.1165
Epoch: 06, Training Loss: 0.0756, Train MSE: 0.0756, r (train): 0.4644, Test MSE: 0.0858, r (test): -0.0359
Epoch: 07, Training Loss: 0.0762, Train MSE: 0.0762, r (train): 0.4509, Test MSE: 0.0887, r (test): -0.1096
Epoch: 08, Training Loss: 0.0739, Train MSE: 0.0739, r (train): 0.5123, Test MSE: 0.0861, r (test): -0.0309
Epoch: 09, Training Loss: 0.0736, Train MSE: 0.0736, r (train): 0.4923, Test MSE: 0.0886, r (test): -0.1112
Epoch: 10, Training Loss: 0.0717, Train MSE: 0.0717, r (train): 0.5736, Test MSE: 0.0890, r (test): -0.0830
Epoch: 11, Training Loss: 0.0716, Train MSE: 0.0716, r (train): 0.5392, Test MSE: 0.0893, r (test): -0.0828
Epoch: 12, Training Loss: 0.0681, Train MSE: 0.0681, r (train): 0.6591, Test MSE: 0.0882, r (test): -0.0390
Epoch: 13, Training Loss: 0.0679, Train MSE: 0.0679, r (train): 0.6016, Test MSE: 0.0913, r (test): -0.1163
Epoch: 14, Training Loss: 0.0644, Train MSE: 0.0644, r (train): 0.7272, Test MSE: 0.0884, r (test): 0.0021
Epoch: 15, Training Loss: 0.0625, Train MSE: 0.0625, r (train): 0.6955, Test MSE: 0.0917, r (test): -0.0963
Epoch: 16, Training Loss: 0.0554, Train MSE: 0.0554, r (train): 0.7992, Test MSE: 0.0870, r (test): -0.0113
Epoch: 17, Training Loss: 0.0539, Train MSE: 0.0539, r (train): 0.7792, Test MSE: 0.0894, r (test): -0.0264
Epoch: 18, Training Loss: 0.0441, Train MSE: 0.0441, r (train): 0.8725, Test MSE: 0.0849, r (test): 0.0181
Epoch: 19, Training Loss: 0.0422, Train MSE: 0.0422, r (train): 0.8354, Test MSE: 0.0870, r (test): -0.0414
Epoch: 20, Training Loss: 0.0289, Train MSE: 0.0289, r (train): 0.8886, Test MSE: 0.0761, r (test): 0.0828
Epoch: 21, Training Loss: 0.0285, Train MSE: 0.0285, r (train): 0.8766, Test MSE: 0.0854, r (test): -0.0098
Epoch: 22, Training Loss: 0.0202, Train MSE: 0.0202, r (train): 0.8962, Test MSE: 0.0715, r (test): 0.1871
Epoch: 23, Training Loss: 0.0225, Train MSE: 0.0225, r (train): 0.8939, Test MSE: 0.0823, r (test): 0.0594
Epoch: 24, Training Loss: 0.0226, Train MSE: 0.0226, r (train): 0.8849, Test MSE: 0.0745, r (test): 0.1909
Epoch: 25, Training Loss: 0.0331, Train MSE: 0.0331, r (train): 0.8928, Test MSE: 0.0878, r (test): 0.0977
Epoch: 26, Training Loss: 0.0250, Train MSE: 0.0250, r (train): 0.8788, Test MSE: 0.0790, r (test): 0.1489
Epoch: 27, Training Loss: 0.0387, Train MSE: 0.0387, r (train): 0.9133, Test MSE: 0.1029, r (test): 0.0626
Epoch: 28, Training Loss: 0.0720, Train MSE: 0.0720, r (train): 0.9040, Test MSE: 0.1166, r (test): 0.2740
Epoch: 29, Training Loss: 0.0901, Train MSE: 0.0901, r (train): 0.9132, Test MSE: 0.1431, r (test): 0.1033
Epoch: 30, Training Loss: 0.1323, Train MSE: 0.1323, r (train): 0.9181, Test MSE: 0.1727, r (test): 0.2882
Epoch: 31, Training Loss: 0.1207, Train MSE: 0.1207, r (train): 0.9183, Test MSE: 0.1668, r (test): 0.1325
Epoch: 32, Training Loss: 0.0687, Train MSE: 0.0687, r (train): 0.9165, Test MSE: 0.1159, r (test): 0.2196
Epoch: 33, Training Loss: 0.0246, Train MSE: 0.0246, r (train): 0.8992, Test MSE: 0.0773, r (test): 0.1567
Epoch: 34, Training Loss: 0.0183, Train MSE: 0.0183, r (train): 0.9069, Test MSE: 0.0758, r (test): 0.1986
Epoch: 35, Training Loss: 0.0231, Train MSE: 0.0231, r (train): 0.9079, Test MSE: 0.0868, r (test): 0.1197
Epoch: 36, Training Loss: 0.0660, Train MSE: 0.0660, r (train): 0.8946, Test MSE: 0.1295, r (test): 0.1165
Epoch: 37, Training Loss: 0.0689, Train MSE: 0.0689, r (train): 0.9002, Test MSE: 0.1263, r (test): 0.0885
Epoch: 38, Training Loss: 0.0964, Train MSE: 0.0964, r (train): 0.8779, Test MSE: 0.1476, r (test): 0.1520
Epoch: 39, Training Loss: 0.1191, Train MSE: 0.1191, r (train): 0.8835, Test MSE: 0.1776, r (test): 0.1920
Epoch: 40, Training Loss: 0.1181, Train MSE: 0.1181, r (train): 0.8888, Test MSE: 0.1750, r (test): 0.1008
Epoch: 41, Training Loss: 0.0403, Train MSE: 0.0403, r (train): 0.9094, Test MSE: 0.1236, r (test): 0.0420
Epoch: 42, Training Loss: 0.0781, Train MSE: 0.0781, r (train): 0.8695, Test MSE: 0.1312, r (test): 0.1461
Epoch: 43, Training Loss: 0.0354, Train MSE: 0.0354, r (train): 0.8695, Test MSE: 0.0969, r (test): 0.0320
Epoch: 44, Training Loss: 0.0777, Train MSE: 0.0777, r (train): 0.8592, Test MSE: 0.1428, r (test): 0.0339
Epoch: 45, Training Loss: 0.0555, Train MSE: 0.0555, r (train): 0.8349, Test MSE: 0.1111, r (test): 0.1078
Epoch: 46, Training Loss: 0.0491, Train MSE: 0.0491, r (train): 0.8819, Test MSE: 0.1208, r (test): 0.0209
Epoch: 47, Training Loss: 0.0239, Train MSE: 0.0239, r (train): 0.8686, Test MSE: 0.0900, r (test): 0.1152
Epoch: 48, Training Loss: 0.0196, Train MSE: 0.0196, r (train): 0.8766, Test MSE: 0.0748, r (test): 0.2119
Epoch: 49, Training Loss: 0.0251, Train MSE: 0.0251, r (train): 0.8691, Test MSE: 0.0762, r (test): 0.2832
Epoch: 50, Training Loss: 0.0353, Train MSE: 0.0353, r (train): 0.8981, Test MSE: 0.0887, r (test): 0.3266
Epoch: 51, Training Loss: 0.0415, Train MSE: 0.0415, r (train): 0.8871, Test MSE: 0.0976, r (test): 0.3046
Epoch: 52, Training Loss: 0.0304, Train MSE: 0.0304, r (train): 0.9113, Test MSE: 0.0936, r (test): 0.2104
Epoch: 53, Training Loss: 0.0293, Train MSE: 0.0293, r (train): 0.9133, Test MSE: 0.0915, r (test): 0.3371
Epoch: 54, Training Loss: 0.0178, Train MSE: 0.0178, r (train): 0.9343, Test MSE: 0.0868, r (test): 0.3310
Epoch: 55, Training Loss: 0.0099, Train MSE: 0.0099, r (train): 0.9364, Test MSE: 0.0607, r (test): 0.3824
Epoch: 56, Training Loss: 0.0214, Train MSE: 0.0214, r (train): 0.9409, Test MSE: 0.0686, r (test): 0.3460
Epoch: 57, Training Loss: 0.0353, Train MSE: 0.0353, r (train): 0.9409, Test MSE: 0.0850, r (test): 0.2763
Epoch: 58, Training Loss: 0.0298, Train MSE: 0.0298, r (train): 0.9315, Test MSE: 0.0797, r (test): 0.3245
Epoch: 59, Training Loss: 0.0181, Train MSE: 0.0181, r (train): 0.9254, Test MSE: 0.0779, r (test): 0.2279
Epoch: 60, Training Loss: 0.0141, Train MSE: 0.0141, r (train): 0.9230, Test MSE: 0.0738, r (test): 0.2470
Epoch: 61, Training Loss: 0.0177, Train MSE: 0.0177, r (train): 0.8930, Test MSE: 0.0713, r (test): 0.2714
Epoch: 62, Training Loss: 0.0417, Train MSE: 0.0417, r (train): 0.8883, Test MSE: 0.0922, r (test): 0.3914
Epoch: 63, Training Loss: 0.0374, Train MSE: 0.0374, r (train): 0.8896, Test MSE: 0.0925, r (test): 0.3721
Epoch: 64, Training Loss: 0.0275, Train MSE: 0.0275, r (train): 0.9189, Test MSE: 0.0937, r (test): 0.3501
Epoch: 65, Training Loss: 0.0192, Train MSE: 0.0192, r (train): 0.9001, Test MSE: 0.0782, r (test): 0.2944
Epoch: 66, Training Loss: 0.0132, Train MSE: 0.0132, r (train): 0.9191, Test MSE: 0.0646, r (test): 0.3949
Epoch: 67, Training Loss: 0.0267, Train MSE: 0.0267, r (train): 0.9168, Test MSE: 0.0679, r (test): 0.4018
Epoch: 68, Training Loss: 0.0358, Train MSE: 0.0358, r (train): 0.9289, Test MSE: 0.0826, r (test): 0.3480
Epoch: 69, Training Loss: 0.0276, Train MSE: 0.0276, r (train): 0.9252, Test MSE: 0.0721, r (test): 0.3744
Epoch: 70, Training Loss: 0.0154, Train MSE: 0.0154, r (train): 0.9303, Test MSE: 0.0666, r (test): 0.3393
Epoch: 71, Training Loss: 0.0177, Train MSE: 0.0177, r (train): 0.9048, Test MSE: 0.0730, r (test): 0.2593
Epoch: 72, Training Loss: 0.0340, Train MSE: 0.0340, r (train): 0.9038, Test MSE: 0.0861, r (test): 0.3308
Epoch: 73, Training Loss: 0.0297, Train MSE: 0.0297, r (train): 0.8854, Test MSE: 0.0821, r (test): 0.3118
Epoch: 74, Training Loss: 0.0198, Train MSE: 0.0198, r (train): 0.9376, Test MSE: 0.0843, r (test): 0.3184
Epoch: 75, Training Loss: 0.0144, Train MSE: 0.0144, r (train): 0.9172, Test MSE: 0.0707, r (test): 0.3519
Epoch: 76, Training Loss: 0.0151, Train MSE: 0.0151, r (train): 0.9307, Test MSE: 0.0670, r (test): 0.3515
Epoch: 77, Training Loss: 0.0150, Train MSE: 0.0150, r (train): 0.9397, Test MSE: 0.0657, r (test): 0.3466
Epoch: 78, Training Loss: 0.0116, Train MSE: 0.0116, r (train): 0.9392, Test MSE: 0.0707, r (test): 0.2821
Epoch: 79, Training Loss: 0.0181, Train MSE: 0.0181, r (train): 0.9318, Test MSE: 0.0868, r (test): 0.2387
Epoch: 80, Training Loss: 0.0351, Train MSE: 0.0351, r (train): 0.9220, Test MSE: 0.0876, r (test): 0.3985
Epoch: 81, Training Loss: 0.0289, Train MSE: 0.0289, r (train): 0.9238, Test MSE: 0.0857, r (test): 0.3491
Epoch: 82, Training Loss: 0.0231, Train MSE: 0.0231, r (train): 0.9411, Test MSE: 0.0798, r (test): 0.4370
Epoch: 83, Training Loss: 0.0185, Train MSE: 0.0185, r (train): 0.9141, Test MSE: 0.0665, r (test): 0.4782
Epoch: 84, Training Loss: 0.0127, Train MSE: 0.0127, r (train): 0.9298, Test MSE: 0.0734, r (test): 0.3195
Epoch: 85, Training Loss: 0.0125, Train MSE: 0.0125, r (train): 0.9411, Test MSE: 0.0831, r (test): 0.1589
Epoch: 86, Training Loss: 0.0126, Train MSE: 0.0126, r (train): 0.9247, Test MSE: 0.0712, r (test): 0.2778
Epoch: 87, Training Loss: 0.0154, Train MSE: 0.0154, r (train): 0.9258, Test MSE: 0.0672, r (test): 0.3604
Epoch: 88, Training Loss: 0.0306, Train MSE: 0.0306, r (train): 0.9182, Test MSE: 0.0761, r (test): 0.4579
Epoch: 89, Training Loss: 0.0442, Train MSE: 0.0442, r (train): 0.9306, Test MSE: 0.1083, r (test): 0.3028
Epoch: 90, Training Loss: 0.0473, Train MSE: 0.0473, r (train): 0.9356, Test MSE: 0.1253, r (test): 0.2528
Epoch: 91, Training Loss: 0.0298, Train MSE: 0.0298, r (train): 0.9197, Test MSE: 0.0819, r (test): 0.3886
Epoch: 92, Training Loss: 0.0195, Train MSE: 0.0195, r (train): 0.9323, Test MSE: 0.0751, r (test): 0.4090
Epoch: 93, Training Loss: 0.0090, Train MSE: 0.0090, r (train): 0.9446, Test MSE: 0.0652, r (test): 0.3549
Epoch: 94, Training Loss: 0.0101, Train MSE: 0.0101, r (train): 0.9541, Test MSE: 0.0657, r (test): 0.3534
Epoch: 95, Training Loss: 0.0103, Train MSE: 0.0103, r (train): 0.9516, Test MSE: 0.0643, r (test): 0.3629
Epoch: 96, Training Loss: 0.0203, Train MSE: 0.0203, r (train): 0.9347, Test MSE: 0.0731, r (test): 0.3961
Epoch: 97, Training Loss: 0.0272, Train MSE: 0.0272, r (train): 0.9251, Test MSE: 0.0835, r (test): 0.2862
Epoch: 98, Training Loss: 0.0404, Train MSE: 0.0404, r (train): 0.9484, Test MSE: 0.1040, r (test): 0.3534
Epoch: 99, Training Loss: 0.0154, Train MSE: 0.0154, r (train): 0.9515, Test MSE: 0.0731, r (test): 0.3076
Predicted tensors for training set: 
tensor([ 0.6951,  0.6017,  0.1954,  0.4355,  0.6779,  0.3736,  0.5753,  0.3302,
         0.3140,  0.6492,  0.8216,  0.2659,  0.5538,  0.3784,  0.6472,  0.5978,
         0.5540,  0.6333,  0.5841,  0.2091,  0.3259,  0.1712,  0.3319,  0.4250,
         0.2247, -0.0015,  0.5581,  0.5912,  0.3409,  0.4006,  0.0650,  0.4202,
         0.3735,  0.5393,  0.2281,  0.3854,  0.6595,  0.7163,  0.1352,  0.5808,
         0.3485,  0.5989,  0.2654,  0.1571,  0.7631,  0.1108,  0.2484,  0.4881,
         0.8348,  0.0850,  0.5045,  0.5715,  0.2735,  0.6770,  0.6594,  0.4662,
         0.4427,  0.8083,  0.3715,  0.7460,  0.7125,  0.3837,  0.4742,  0.5007,
         0.0445,  0.6618,  0.7578,  0.8002,  0.8875,  0.2368,  0.6295,  0.3590])
Target tensorsfor training set: 
tensor([0.7371, 0.6671, 0.0636, 0.4373, 0.7144, 0.3453, 0.6465, 0.2255, 0.3077,
        0.7950, 0.9656, 0.2169, 0.5780, 0.4640, 0.7596, 0.7270, 0.6577, 0.8411,
        0.9535, 0.2649, 0.4341, 0.2916, 0.5187, 0.5220, 0.4440, 0.0389, 0.8728,
        0.7901, 0.5102, 0.5573, 0.1218, 0.6595, 0.4993, 0.6992, 0.2464, 0.4036,
        0.8453, 0.8561, 0.1493, 0.7125, 0.3309, 0.7171, 0.2594, 0.1294, 0.9127,
        0.0246, 0.2394, 0.5178, 0.9492, 0.0763, 0.6240, 0.6846, 0.3174, 0.8391,
        0.7791, 0.5658, 0.5300, 0.9621, 0.4526, 0.9215, 0.8524, 0.4654, 0.5564,
        0.5779, 0.1055, 0.7462, 0.8418, 0.9150, 0.9072, 0.1295, 0.6576, 0.2271])
Correlation for training set: 0.9515029666385643
Predicted tensors for test set: 
tensor([0.4351, 0.5249, 0.6743, 0.4686, 0.4987, 0.3764, 0.7458, 0.3226, 0.4178,
        0.3622, 0.6356, 0.3658, 0.3713, 0.3545, 0.5211, 0.3593, 0.4347, 0.4039])
Target tensors for test set: 
tensor([0.3829, 0.5783, 0.8363, 0.5023, 0.7507, 0.8556, 0.7497, 0.0981, 0.1360,
        0.7372, 0.6199, 0.8988, 0.9117, 0.4149, 0.5719, 0.4513, 0.4818, 0.0478])
Correlation for test set: 0.3075534795412562
Fold 5
Epoch: 00, Training Loss: 0.0728, Train MSE: 0.0728, r (train): 0.3614, Test MSE: 0.0680, r (test): 0.1933
Epoch: 01, Training Loss: 0.0728, Train MSE: 0.0728, r (train): 0.3209, Test MSE: 0.0685, r (test): 0.1263
Epoch: 02, Training Loss: 0.0703, Train MSE: 0.0703, r (train): 0.3775, Test MSE: 0.0688, r (test): 0.1107
Epoch: 03, Training Loss: 0.0689, Train MSE: 0.0689, r (train): 0.4059, Test MSE: 0.0689, r (test): 0.1056
Epoch: 04, Training Loss: 0.0678, Train MSE: 0.0678, r (train): 0.4353, Test MSE: 0.0696, r (test): 0.0567
Epoch: 05, Training Loss: 0.0661, Train MSE: 0.0661, r (train): 0.4857, Test MSE: 0.0700, r (test): 0.0428
Epoch: 06, Training Loss: 0.0640, Train MSE: 0.0640, r (train): 0.5192, Test MSE: 0.0701, r (test): 0.0488
Epoch: 07, Training Loss: 0.0623, Train MSE: 0.0623, r (train): 0.5631, Test MSE: 0.0705, r (test): 0.0378
Epoch: 08, Training Loss: 0.0606, Train MSE: 0.0606, r (train): 0.6078, Test MSE: 0.0710, r (test): 0.0333
Epoch: 09, Training Loss: 0.0585, Train MSE: 0.0585, r (train): 0.6289, Test MSE: 0.0713, r (test): 0.0266
Epoch: 10, Training Loss: 0.0556, Train MSE: 0.0556, r (train): 0.6874, Test MSE: 0.0724, r (test): 0.0095
Epoch: 11, Training Loss: 0.0537, Train MSE: 0.0537, r (train): 0.6916, Test MSE: 0.0724, r (test): 0.0202
Epoch: 12, Training Loss: 0.0489, Train MSE: 0.0489, r (train): 0.8199, Test MSE: 0.0730, r (test): 0.0167
Epoch: 13, Training Loss: 0.0479, Train MSE: 0.0479, r (train): 0.6784, Test MSE: 0.0739, r (test): 0.0091
Epoch: 14, Training Loss: 0.0430, Train MSE: 0.0430, r (train): 0.8001, Test MSE: 0.0731, r (test): 0.0437
Epoch: 15, Training Loss: 0.0428, Train MSE: 0.0428, r (train): 0.7799, Test MSE: 0.0743, r (test): 0.0432
Epoch: 16, Training Loss: 0.0362, Train MSE: 0.0362, r (train): 0.8787, Test MSE: 0.0739, r (test): 0.0825
Epoch: 17, Training Loss: 0.0371, Train MSE: 0.0371, r (train): 0.8529, Test MSE: 0.0754, r (test): 0.0898
Epoch: 18, Training Loss: 0.0273, Train MSE: 0.0273, r (train): 0.9067, Test MSE: 0.0714, r (test): 0.1529
Epoch: 19, Training Loss: 0.0241, Train MSE: 0.0241, r (train): 0.8903, Test MSE: 0.0730, r (test): 0.1363
Epoch: 20, Training Loss: 0.0272, Train MSE: 0.0272, r (train): 0.8730, Test MSE: 0.0698, r (test): 0.1951
Epoch: 21, Training Loss: 0.0278, Train MSE: 0.0278, r (train): 0.8423, Test MSE: 0.0663, r (test): 0.2679
Epoch: 22, Training Loss: 0.0322, Train MSE: 0.0322, r (train): 0.8205, Test MSE: 0.0634, r (test): 0.3097
Epoch: 23, Training Loss: 0.0321, Train MSE: 0.0321, r (train): 0.9200, Test MSE: 0.0704, r (test): 0.2213
Epoch: 24, Training Loss: 0.0429, Train MSE: 0.0429, r (train): 0.9444, Test MSE: 0.0756, r (test): 0.2499
Epoch: 25, Training Loss: 0.0466, Train MSE: 0.0466, r (train): 0.9365, Test MSE: 0.0746, r (test): 0.2580
Epoch: 26, Training Loss: 0.0391, Train MSE: 0.0391, r (train): 0.9453, Test MSE: 0.0728, r (test): 0.2874
Epoch: 27, Training Loss: 0.0482, Train MSE: 0.0482, r (train): 0.9264, Test MSE: 0.0766, r (test): 0.2269
Epoch: 28, Training Loss: 0.0236, Train MSE: 0.0236, r (train): 0.9489, Test MSE: 0.0663, r (test): 0.3069
Epoch: 29, Training Loss: 0.0149, Train MSE: 0.0149, r (train): 0.9333, Test MSE: 0.0694, r (test): 0.2557
Epoch: 30, Training Loss: 0.0102, Train MSE: 0.0102, r (train): 0.9265, Test MSE: 0.0767, r (test): 0.2382
Epoch: 31, Training Loss: 0.0152, Train MSE: 0.0152, r (train): 0.9130, Test MSE: 0.0732, r (test): 0.2078
Epoch: 32, Training Loss: 0.0340, Train MSE: 0.0340, r (train): 0.9250, Test MSE: 0.0726, r (test): 0.1918
Epoch: 33, Training Loss: 0.0528, Train MSE: 0.0528, r (train): 0.9505, Test MSE: 0.0795, r (test): 0.2135
Epoch: 34, Training Loss: 0.0830, Train MSE: 0.0830, r (train): 0.9487, Test MSE: 0.0933, r (test): 0.3182
Epoch: 35, Training Loss: 0.1004, Train MSE: 0.1004, r (train): 0.9269, Test MSE: 0.0978, r (test): 0.3554
Epoch: 36, Training Loss: 0.0494, Train MSE: 0.0494, r (train): 0.9349, Test MSE: 0.0743, r (test): 0.3286
Epoch: 37, Training Loss: 0.0404, Train MSE: 0.0404, r (train): 0.9127, Test MSE: 0.0724, r (test): 0.2347
Epoch: 38, Training Loss: 0.0219, Train MSE: 0.0219, r (train): 0.9092, Test MSE: 0.0709, r (test): 0.2007
Epoch: 39, Training Loss: 0.0545, Train MSE: 0.0545, r (train): 0.9275, Test MSE: 0.0819, r (test): 0.1499
Epoch: 40, Training Loss: 0.0460, Train MSE: 0.0460, r (train): 0.9215, Test MSE: 0.0801, r (test): 0.2056
Epoch: 41, Training Loss: 0.0664, Train MSE: 0.0664, r (train): 0.9430, Test MSE: 0.0769, r (test): 0.2896
Epoch: 42, Training Loss: 0.0566, Train MSE: 0.0566, r (train): 0.9452, Test MSE: 0.0779, r (test): 0.2861
Epoch: 43, Training Loss: 0.0562, Train MSE: 0.0562, r (train): 0.9279, Test MSE: 0.0722, r (test): 0.3285
Epoch: 44, Training Loss: 0.0309, Train MSE: 0.0309, r (train): 0.9300, Test MSE: 0.0695, r (test): 0.2520
Epoch: 45, Training Loss: 0.0261, Train MSE: 0.0261, r (train): 0.9273, Test MSE: 0.0711, r (test): 0.2084
Epoch: 46, Training Loss: 0.0191, Train MSE: 0.0191, r (train): 0.9083, Test MSE: 0.0738, r (test): 0.1606
Epoch: 47, Training Loss: 0.0187, Train MSE: 0.0187, r (train): 0.9155, Test MSE: 0.0669, r (test): 0.3183
Epoch: 48, Training Loss: 0.0288, Train MSE: 0.0288, r (train): 0.8661, Test MSE: 0.0586, r (test): 0.4190
Epoch: 49, Training Loss: 0.0215, Train MSE: 0.0215, r (train): 0.9045, Test MSE: 0.0579, r (test): 0.4584
Epoch: 50, Training Loss: 0.0201, Train MSE: 0.0201, r (train): 0.8839, Test MSE: 0.0624, r (test): 0.4348
Epoch: 51, Training Loss: 0.0169, Train MSE: 0.0169, r (train): 0.8962, Test MSE: 0.0605, r (test): 0.4606
Epoch: 52, Training Loss: 0.0331, Train MSE: 0.0331, r (train): 0.8824, Test MSE: 0.1192, r (test): 0.2698
Epoch: 53, Training Loss: 0.0581, Train MSE: 0.0581, r (train): 0.9294, Test MSE: 0.1795, r (test): 0.3321
Epoch: 54, Training Loss: 0.0449, Train MSE: 0.0449, r (train): 0.9200, Test MSE: 0.1489, r (test): 0.4496
Epoch: 55, Training Loss: 0.0201, Train MSE: 0.0201, r (train): 0.9263, Test MSE: 0.0971, r (test): 0.5322
Epoch: 56, Training Loss: 0.0099, Train MSE: 0.0099, r (train): 0.9311, Test MSE: 0.0631, r (test): 0.4766
Epoch: 57, Training Loss: 0.0112, Train MSE: 0.0112, r (train): 0.9302, Test MSE: 0.0636, r (test): 0.4384
Epoch: 58, Training Loss: 0.0118, Train MSE: 0.0118, r (train): 0.9140, Test MSE: 0.0704, r (test): 0.4382
Epoch: 59, Training Loss: 0.0141, Train MSE: 0.0141, r (train): 0.9099, Test MSE: 0.0655, r (test): 0.3374
Epoch: 60, Training Loss: 0.0461, Train MSE: 0.0461, r (train): 0.9026, Test MSE: 0.0673, r (test): 0.3546
Epoch: 61, Training Loss: 0.0830, Train MSE: 0.0830, r (train): 0.9089, Test MSE: 0.0829, r (test): 0.3387
Epoch: 62, Training Loss: 0.1086, Train MSE: 0.1086, r (train): 0.9156, Test MSE: 0.0888, r (test): 0.4596
Epoch: 63, Training Loss: 0.0830, Train MSE: 0.0830, r (train): 0.9252, Test MSE: 0.0757, r (test): 0.4244
Epoch: 64, Training Loss: 0.0522, Train MSE: 0.0522, r (train): 0.9052, Test MSE: 0.0560, r (test): 0.4654
Epoch: 65, Training Loss: 0.0203, Train MSE: 0.0203, r (train): 0.9074, Test MSE: 0.0539, r (test): 0.5218
Epoch: 66, Training Loss: 0.0194, Train MSE: 0.0194, r (train): 0.9328, Test MSE: 0.0547, r (test): 0.4919
Epoch: 67, Training Loss: 0.0155, Train MSE: 0.0155, r (train): 0.9030, Test MSE: 0.0697, r (test): 0.3875
Epoch: 68, Training Loss: 0.0106, Train MSE: 0.0106, r (train): 0.9422, Test MSE: 0.0894, r (test): 0.4015
Epoch: 69, Training Loss: 0.0288, Train MSE: 0.0288, r (train): 0.9244, Test MSE: 0.1259, r (test): 0.3741
Epoch: 70, Training Loss: 0.0253, Train MSE: 0.0253, r (train): 0.9441, Test MSE: 0.1213, r (test): 0.3884
Epoch: 71, Training Loss: 0.0202, Train MSE: 0.0202, r (train): 0.9298, Test MSE: 0.1020, r (test): 0.5106
Epoch: 72, Training Loss: 0.0099, Train MSE: 0.0099, r (train): 0.9335, Test MSE: 0.0660, r (test): 0.4502
Epoch: 73, Training Loss: 0.0276, Train MSE: 0.0276, r (train): 0.9373, Test MSE: 0.0517, r (test): 0.5114
Epoch: 74, Training Loss: 0.0582, Train MSE: 0.0582, r (train): 0.9460, Test MSE: 0.0656, r (test): 0.4350
Epoch: 75, Training Loss: 0.0418, Train MSE: 0.0418, r (train): 0.9410, Test MSE: 0.0550, r (test): 0.4777
Epoch: 76, Training Loss: 0.0097, Train MSE: 0.0097, r (train): 0.9393, Test MSE: 0.0693, r (test): 0.4881
Epoch: 77, Training Loss: 0.0158, Train MSE: 0.0158, r (train): 0.9102, Test MSE: 0.0881, r (test): 0.4879
Epoch: 78, Training Loss: 0.0438, Train MSE: 0.0438, r (train): 0.9213, Test MSE: 0.1423, r (test): 0.4907
Epoch: 79, Training Loss: 0.0335, Train MSE: 0.0335, r (train): 0.9114, Test MSE: 0.1209, r (test): 0.4244
Epoch: 80, Training Loss: 0.0148, Train MSE: 0.0148, r (train): 0.9411, Test MSE: 0.0951, r (test): 0.4394
Epoch: 81, Training Loss: 0.0137, Train MSE: 0.0137, r (train): 0.9285, Test MSE: 0.0621, r (test): 0.3829
Epoch: 82, Training Loss: 0.0571, Train MSE: 0.0571, r (train): 0.9242, Test MSE: 0.0658, r (test): 0.4686
Epoch: 83, Training Loss: 0.0373, Train MSE: 0.0373, r (train): 0.9506, Test MSE: 0.0512, r (test): 0.5249
Epoch: 84, Training Loss: 0.0095, Train MSE: 0.0095, r (train): 0.9389, Test MSE: 0.0664, r (test): 0.6120
Epoch: 85, Training Loss: 0.0350, Train MSE: 0.0350, r (train): 0.8959, Test MSE: 0.1229, r (test): 0.5425
Epoch: 86, Training Loss: 0.0360, Train MSE: 0.0360, r (train): 0.9530, Test MSE: 0.1355, r (test): 0.4730
Epoch: 87, Training Loss: 0.0293, Train MSE: 0.0293, r (train): 0.9286, Test MSE: 0.1122, r (test): 0.5132
Epoch: 88, Training Loss: 0.0109, Train MSE: 0.0109, r (train): 0.9465, Test MSE: 0.0618, r (test): 0.4171
Epoch: 89, Training Loss: 0.0419, Train MSE: 0.0419, r (train): 0.9618, Test MSE: 0.0617, r (test): 0.4138
Epoch: 90, Training Loss: 0.0129, Train MSE: 0.0129, r (train): 0.9617, Test MSE: 0.0563, r (test): 0.5016
Epoch: 91, Training Loss: 0.0146, Train MSE: 0.0146, r (train): 0.9457, Test MSE: 0.0935, r (test): 0.5377
Epoch: 92, Training Loss: 0.0315, Train MSE: 0.0315, r (train): 0.9315, Test MSE: 0.1189, r (test): 0.5275
Epoch: 93, Training Loss: 0.0150, Train MSE: 0.0150, r (train): 0.9591, Test MSE: 0.0972, r (test): 0.4782
Epoch: 94, Training Loss: 0.0116, Train MSE: 0.0116, r (train): 0.9535, Test MSE: 0.0594, r (test): 0.4168
Epoch: 95, Training Loss: 0.0279, Train MSE: 0.0279, r (train): 0.9409, Test MSE: 0.0539, r (test): 0.4787
Epoch: 96, Training Loss: 0.0107, Train MSE: 0.0107, r (train): 0.9524, Test MSE: 0.0583, r (test): 0.5673
Epoch: 97, Training Loss: 0.0205, Train MSE: 0.0205, r (train): 0.9346, Test MSE: 0.1040, r (test): 0.5480
Epoch: 98, Training Loss: 0.0468, Train MSE: 0.0468, r (train): 0.8825, Test MSE: 0.1383, r (test): 0.5054
Epoch: 99, Training Loss: 0.0304, Train MSE: 0.0304, r (train): 0.9454, Test MSE: 0.1332, r (test): 0.4235
Predicted tensors for training set: 
tensor([ 0.6591,  0.5061,  0.0753,  0.3889,  0.6302,  0.2265,  0.4768,  0.1734,
         0.1854,  0.6127,  0.7646,  0.1480,  0.4314,  0.2944,  0.5798,  0.5768,
         0.4193,  0.5554,  0.7954,  0.1254,  0.1809, -0.0067,  0.2167,  0.2255,
         0.2081, -0.1445,  0.4126,  0.4913,  0.2013,  0.3165, -0.0218,  0.4256,
         0.3112,  0.5111,  0.1574,  0.3242,  0.7787,  0.7460,  0.0536,  0.7136,
         0.2665,  0.6414,  0.2161,  0.0546,  0.8506, -0.0641,  0.1831,  0.4180,
         0.8448, -0.0943,  0.5473,  0.5162,  0.1251,  0.6483,  0.2580,  0.3473,
         0.6555,  0.3303,  0.5429,  0.5563,  0.5000, -0.0152, -0.0502,  0.5868,
         0.5062,  0.7536,  0.7786,  0.3474,  0.4830,  0.4135,  0.4188,  0.0183])
Target tensorsfor training set: 
tensor([0.7371, 0.6671, 0.0636, 0.4373, 0.7144, 0.3453, 0.6465, 0.2255, 0.3077,
        0.7950, 0.9656, 0.2169, 0.5780, 0.4640, 0.7596, 0.7270, 0.6577, 0.8411,
        0.9535, 0.2649, 0.4341, 0.2916, 0.5187, 0.5220, 0.4440, 0.0389, 0.8728,
        0.7901, 0.5102, 0.5573, 0.1218, 0.6595, 0.4993, 0.6992, 0.2464, 0.4036,
        0.8453, 0.8561, 0.1493, 0.7125, 0.3309, 0.7171, 0.2594, 0.1294, 0.9127,
        0.0246, 0.2394, 0.5178, 0.9492, 0.0763, 0.6240, 0.6846, 0.3174, 0.8391,
        0.3829, 0.5783, 0.8363, 0.5023, 0.7507, 0.8556, 0.7497, 0.0981, 0.1360,
        0.7372, 0.6199, 0.8988, 0.9117, 0.4149, 0.5719, 0.4513, 0.4818, 0.0478])
Correlation for training set: 0.9454387873627602
Predicted tensors for test set: 
tensor([0.2654, 0.3988, 0.3042, 0.4250, 0.3304, 0.2505, 0.3923, 0.3903, 0.4126,
        0.3826, 0.1700, 0.4348, 0.5364, 0.2815, 0.4923, 0.2378, 0.1768, 0.3489])
Target tensors for test set: 
tensor([0.7791, 0.5658, 0.5300, 0.9621, 0.4526, 0.9215, 0.8524, 0.4654, 0.5564,
        0.5779, 0.1055, 0.7462, 0.8418, 0.9150, 0.9072, 0.1295, 0.6576, 0.2271])
Correlation for test set: 0.42346164345787757
Seed: 37
Fold losses: [tensor(0.0137), tensor(0.0144), tensor(0.0106), tensor(0.0154), tensor(0.0304)]
Fold MSE values: [tensor(0.0137), tensor(0.0144), tensor(0.0106), tensor(0.0154), tensor(0.0304)]
Target training values: [tensor([0.9535, 0.2649, 0.4341, 0.2916, 0.5187, 0.5220, 0.4440, 0.0389, 0.8728,
        0.7901, 0.5102, 0.5573, 0.1218, 0.6595, 0.4993, 0.6992, 0.2464, 0.4036,
        0.8453, 0.8561, 0.1493, 0.7125, 0.3309, 0.7171, 0.2594, 0.1294, 0.9127,
        0.0246, 0.2394, 0.5178, 0.9492, 0.0763, 0.6240, 0.6846, 0.3174, 0.8391,
        0.3829, 0.5783, 0.8363, 0.5023, 0.7507, 0.8556, 0.7497, 0.0981, 0.1360,
        0.7372, 0.6199, 0.8988, 0.9117, 0.4149, 0.5719, 0.4513, 0.4818, 0.0478,
        0.7791, 0.5658, 0.5300, 0.9621, 0.4526, 0.9215, 0.8524, 0.4654, 0.5564,
        0.5779, 0.1055, 0.7462, 0.8418, 0.9150, 0.9072, 0.1295, 0.6576, 0.2271]), tensor([0.7371, 0.6671, 0.0636, 0.4373, 0.7144, 0.3453, 0.6465, 0.2255, 0.3077,
        0.7950, 0.9656, 0.2169, 0.5780, 0.4640, 0.7596, 0.7270, 0.6577, 0.8411,
        0.8453, 0.8561, 0.1493, 0.7125, 0.3309, 0.7171, 0.2594, 0.1294, 0.9127,
        0.0246, 0.2394, 0.5178, 0.9492, 0.0763, 0.6240, 0.6846, 0.3174, 0.8391,
        0.3829, 0.5783, 0.8363, 0.5023, 0.7507, 0.8556, 0.7497, 0.0981, 0.1360,
        0.7372, 0.6199, 0.8988, 0.9117, 0.4149, 0.5719, 0.4513, 0.4818, 0.0478,
        0.7791, 0.5658, 0.5300, 0.9621, 0.4526, 0.9215, 0.8524, 0.4654, 0.5564,
        0.5779, 0.1055, 0.7462, 0.8418, 0.9150, 0.9072, 0.1295, 0.6576, 0.2271]), tensor([0.7371, 0.6671, 0.0636, 0.4373, 0.7144, 0.3453, 0.6465, 0.2255, 0.3077,
        0.7950, 0.9656, 0.2169, 0.5780, 0.4640, 0.7596, 0.7270, 0.6577, 0.8411,
        0.9535, 0.2649, 0.4341, 0.2916, 0.5187, 0.5220, 0.4440, 0.0389, 0.8728,
        0.7901, 0.5102, 0.5573, 0.1218, 0.6595, 0.4993, 0.6992, 0.2464, 0.4036,
        0.3829, 0.5783, 0.8363, 0.5023, 0.7507, 0.8556, 0.7497, 0.0981, 0.1360,
        0.7372, 0.6199, 0.8988, 0.9117, 0.4149, 0.5719, 0.4513, 0.4818, 0.0478,
        0.7791, 0.5658, 0.5300, 0.9621, 0.4526, 0.9215, 0.8524, 0.4654, 0.5564,
        0.5779, 0.1055, 0.7462, 0.8418, 0.9150, 0.9072, 0.1295, 0.6576, 0.2271]), tensor([0.7371, 0.6671, 0.0636, 0.4373, 0.7144, 0.3453, 0.6465, 0.2255, 0.3077,
        0.7950, 0.9656, 0.2169, 0.5780, 0.4640, 0.7596, 0.7270, 0.6577, 0.8411,
        0.9535, 0.2649, 0.4341, 0.2916, 0.5187, 0.5220, 0.4440, 0.0389, 0.8728,
        0.7901, 0.5102, 0.5573, 0.1218, 0.6595, 0.4993, 0.6992, 0.2464, 0.4036,
        0.8453, 0.8561, 0.1493, 0.7125, 0.3309, 0.7171, 0.2594, 0.1294, 0.9127,
        0.0246, 0.2394, 0.5178, 0.9492, 0.0763, 0.6240, 0.6846, 0.3174, 0.8391,
        0.7791, 0.5658, 0.5300, 0.9621, 0.4526, 0.9215, 0.8524, 0.4654, 0.5564,
        0.5779, 0.1055, 0.7462, 0.8418, 0.9150, 0.9072, 0.1295, 0.6576, 0.2271]), tensor([0.7371, 0.6671, 0.0636, 0.4373, 0.7144, 0.3453, 0.6465, 0.2255, 0.3077,
        0.7950, 0.9656, 0.2169, 0.5780, 0.4640, 0.7596, 0.7270, 0.6577, 0.8411,
        0.9535, 0.2649, 0.4341, 0.2916, 0.5187, 0.5220, 0.4440, 0.0389, 0.8728,
        0.7901, 0.5102, 0.5573, 0.1218, 0.6595, 0.4993, 0.6992, 0.2464, 0.4036,
        0.8453, 0.8561, 0.1493, 0.7125, 0.3309, 0.7171, 0.2594, 0.1294, 0.9127,
        0.0246, 0.2394, 0.5178, 0.9492, 0.0763, 0.6240, 0.6846, 0.3174, 0.8391,
        0.3829, 0.5783, 0.8363, 0.5023, 0.7507, 0.8556, 0.7497, 0.0981, 0.1360,
        0.7372, 0.6199, 0.8988, 0.9117, 0.4149, 0.5719, 0.4513, 0.4818, 0.0478])]
Prediction training values: [tensor([ 0.8517,  0.2268,  0.3692,  0.2219,  0.4734,  0.4931,  0.3599, -0.0483,
         0.8464,  0.7130,  0.5067,  0.5144,  0.0334,  0.6235,  0.3389,  0.6131,
         0.2241,  0.4011,  0.8269,  0.8238,  0.2385,  0.7855,  0.4184,  0.7078,
         0.3001,  0.2094,  0.8809,  0.0924,  0.3427,  0.5837,  0.9854,  0.1842,
         0.7653,  0.7991,  0.4123,  0.9294,  0.4973,  0.6800,  1.0015,  0.6290,
         0.9047,  1.0900,  0.9112,  0.2235,  0.3170,  0.9160,  0.7625,  1.1194,
         1.1328,  0.6447,  0.7626,  0.6802,  0.6048,  0.1946,  0.9691,  0.7476,
         0.7163,  1.1815,  0.5895,  1.0592,  0.9722,  0.5636,  0.6237,  0.6374,
         0.1715,  0.8094,  0.8756,  0.9790,  0.9445,  0.1498,  0.6481,  0.2102]), tensor([ 0.6795,  0.5859, -0.0437,  0.3947,  0.6146,  0.1773,  0.4983,  0.1560,
         0.1639,  0.6675,  0.7997, -0.0026,  0.4660,  0.3287,  0.5597,  0.3947,
         0.5935,  0.7096,  0.7077,  0.6225, -0.0670,  0.6408,  0.1995,  0.5361,
         0.0356,  0.0067,  0.6984, -0.0377,  0.1653,  0.4756,  0.8932,  0.0262,
         0.6942,  0.6893,  0.3818,  0.9331,  0.4890,  0.6425,  0.9410,  0.6146,
         0.8947,  0.9943,  0.8834,  0.1667,  0.3811,  0.8738,  0.6504,  1.0302,
         0.9672,  0.5290,  0.5778,  0.5796,  0.5575,  0.0975,  0.7584,  0.5717,
         0.5362,  0.8817,  0.4241,  0.8359,  0.7683,  0.4448,  0.4556,  0.5134,
         0.0052,  0.7263,  0.8248,  0.8551,  0.8752,  0.1768,  0.5800,  0.1103]), tensor([ 0.6559,  0.5710,  0.0293,  0.3695,  0.5428,  0.2979,  0.5652,  0.2176,
         0.2617,  0.6430,  0.7361,  0.1424,  0.4873,  0.3696,  0.5761,  0.5633,
         0.5009,  0.7063,  0.6724,  0.2904,  0.3923,  0.2733,  0.4561,  0.5127,
         0.4726,  0.1724,  0.8207,  0.6928,  0.5805,  0.5033,  0.2574,  0.7111,
         0.5078,  0.7259,  0.4307,  0.4416,  0.4274,  0.5760,  0.7658,  0.4958,
         0.6342,  0.7862,  0.6499,  0.1189,  0.1846,  0.5970,  0.5219,  0.7735,
         0.6852,  0.3094,  0.4472,  0.3150,  0.4020, -0.0343,  0.6339,  0.4466,
         0.4229,  0.8097,  0.3476,  0.8196,  0.7399,  0.4174,  0.5075,  0.5141,
         0.0947,  0.7197,  0.7729,  0.8655,  0.8623,  0.1223,  0.6440,  0.1868]), tensor([ 0.6951,  0.6017,  0.1954,  0.4355,  0.6779,  0.3736,  0.5753,  0.3302,
         0.3140,  0.6492,  0.8216,  0.2659,  0.5538,  0.3784,  0.6472,  0.5978,
         0.5540,  0.6333,  0.5841,  0.2091,  0.3259,  0.1712,  0.3319,  0.4250,
         0.2247, -0.0015,  0.5581,  0.5912,  0.3409,  0.4006,  0.0650,  0.4202,
         0.3735,  0.5393,  0.2281,  0.3854,  0.6595,  0.7163,  0.1352,  0.5808,
         0.3485,  0.5989,  0.2654,  0.1571,  0.7631,  0.1108,  0.2484,  0.4881,
         0.8348,  0.0850,  0.5045,  0.5715,  0.2735,  0.6770,  0.6594,  0.4662,
         0.4427,  0.8083,  0.3715,  0.7460,  0.7125,  0.3837,  0.4742,  0.5007,
         0.0445,  0.6618,  0.7578,  0.8002,  0.8875,  0.2368,  0.6295,  0.3590]), tensor([ 0.6591,  0.5061,  0.0753,  0.3889,  0.6302,  0.2265,  0.4768,  0.1734,
         0.1854,  0.6127,  0.7646,  0.1480,  0.4314,  0.2944,  0.5798,  0.5768,
         0.4193,  0.5554,  0.7954,  0.1254,  0.1809, -0.0067,  0.2167,  0.2255,
         0.2081, -0.1445,  0.4126,  0.4913,  0.2013,  0.3165, -0.0218,  0.4256,
         0.3112,  0.5111,  0.1574,  0.3242,  0.7787,  0.7460,  0.0536,  0.7136,
         0.2665,  0.6414,  0.2161,  0.0546,  0.8506, -0.0641,  0.1831,  0.4180,
         0.8448, -0.0943,  0.5473,  0.5162,  0.1251,  0.6483,  0.2580,  0.3473,
         0.6555,  0.3303,  0.5429,  0.5563,  0.5000, -0.0152, -0.0502,  0.5868,
         0.5062,  0.7536,  0.7786,  0.3474,  0.4830,  0.4135,  0.4188,  0.0183])]
Target values: [array([0.73709923, 0.6671056 , 0.06358391, 0.4372734 , 0.71435624,
       0.34531343, 0.6464906 , 0.2254639 , 0.30766785, 0.79497874,
       0.96564525, 0.21692123, 0.578045  , 0.46398443, 0.75962484,
       0.72703534, 0.65769196, 0.84113044], dtype=float32), array([0.95346546, 0.2649091 , 0.43409458, 0.29163042, 0.518717  ,
       0.5220161 , 0.44401234, 0.03887437, 0.8728059 , 0.7900961 ,
       0.51015127, 0.55726975, 0.12180944, 0.659493  , 0.4993471 ,
       0.69921327, 0.24636388, 0.40355092], dtype=float32), array([0.84525365, 0.85610735, 0.14931566, 0.71252435, 0.33092642,
       0.71714455, 0.25936916, 0.12937951, 0.912732  , 0.02463444,
       0.23939352, 0.51780254, 0.9491663 , 0.07633217, 0.62399   ,
       0.6846425 , 0.31742746, 0.8390776 ], dtype=float32), array([0.38285765, 0.57832706, 0.83626515, 0.50225437, 0.75073236,
       0.85557973, 0.7497406 , 0.09805249, 0.1360485 , 0.73719215,
       0.6198749 , 0.89876264, 0.9116711 , 0.41493568, 0.57190746,
       0.45128736, 0.48182514, 0.04781396], dtype=float32), array([0.77910316, 0.5658469 , 0.52996147, 0.96213573, 0.45263878,
       0.9215425 , 0.8524316 , 0.46544507, 0.55641776, 0.5778506 ,
       0.10552448, 0.7462256 , 0.8417677 , 0.91498566, 0.9071598 ,
       0.12948532, 0.6576234 , 0.22711647], dtype=float32)]
Prediction values: [array([0.70331657, 0.48299104, 0.47329295, 0.20336545, 0.568612  ,
       0.742446  , 0.5177634 , 0.63109523, 0.41338804, 0.42244986,
       0.78123385, 0.81359375, 0.6694763 , 0.6452373 , 1.1592655 ,
       0.348687  , 0.39306518, 0.40301487], dtype=float32), array([0.15985951, 0.5687026 , 0.6792899 , 0.6935122 , 0.5286876 ,
       0.3517651 , 0.55118775, 0.52702725, 0.32569975, 0.5323281 ,
       0.6963996 , 0.60633624, 0.37730163, 0.6342095 , 0.5160732 ,
       0.5222901 , 0.6469599 , 0.2983895 ], dtype=float32), array([0.7478373 , 0.63212353, 0.53579247, 0.45252675, 0.52824813,
       0.5866643 , 0.4824285 , 0.41468918, 0.8148149 , 0.44377622,
       0.46586925, 0.47055113, 0.41450834, 0.453089  , 0.61616594,
       0.7064783 , 0.45654768, 0.3924396 ], dtype=float32), array([0.4351403 , 0.5249151 , 0.6743423 , 0.4686324 , 0.4987442 ,
       0.3764328 , 0.7457594 , 0.32263112, 0.41778937, 0.3622344 ,
       0.6355621 , 0.36583477, 0.37131596, 0.35445282, 0.52106076,
       0.3593211 , 0.43471137, 0.40394583], dtype=float32), array([0.2654471 , 0.39875698, 0.3041976 , 0.4250046 , 0.3304135 ,
       0.25050876, 0.39233035, 0.39034176, 0.41257158, 0.3825765 ,
       0.16997486, 0.43482944, 0.5364071 , 0.28148124, 0.4923046 ,
       0.23777826, 0.17681365, 0.34891272], dtype=float32)]
Time taken: 1685.5227844715118 seconds
