sh: line 1: logger: command not found
/apps/conda/25.3.1/etc/profile.d/conda.sh: line 69: dirname: command not found
/apps/conda/25.3.1/etc/profile.d/conda.sh: line 69: dirname: command not found
/apps/conda/25.3.1/etc/profile.d/mamba.sh: line 59: basename: command not found
Error unknown MAMBA_EXE: "/apps/conda/25.3.1/bin/mamba", filename must be mamba or micromamba
Lmod has detected the following error: This module can only be used on RHEL9 nodes. 
While processing the following module(s):
    Module fullname  Module Filename
    ---------------  ---------------
    gcc/14.2.0       /apps/lmod/modulefiles/core/gcc/14.2.0.lua

pointnet_entorhinal_fs_37.py
/blue/stevenweisberg/ashishkumarsahoo/hippocampAI/conda_pyg_070923/lib/python3.8/site-packages/torch/cuda/__init__.py:155: UserWarning: 
NVIDIA B200 with CUDA capability sm_100 is not compatible with the current PyTorch installation.
The current PyTorch install supports CUDA capabilities sm_37 sm_50 sm_60 sm_61 sm_70 sm_75 sm_80 sm_86 compute_37.
If you want to use the NVIDIA B200 GPU with PyTorch, please check the instructions at https://pytorch.org/get-started/locally/

  warnings.warn(incompatible_device_warn.format(device_name, capability, " ".join(arch_list), device_name))
Number of GPUs available for training: 1
Fold 1
Epoch: 00, Training Loss: 0.0745, Train MSE: 0.0745, r (train): 0.2230, Test MSE: 0.0755, r (test): -0.5249
Epoch: 01, Training Loss: 0.0715, Train MSE: 0.0715, r (train): 0.3501, Test MSE: 0.0785, r (test): -0.5606
Epoch: 02, Training Loss: 0.0696, Train MSE: 0.0696, r (train): 0.4143, Test MSE: 0.0813, r (test): -0.5917
Epoch: 03, Training Loss: 0.0671, Train MSE: 0.0671, r (train): 0.4761, Test MSE: 0.0822, r (test): -0.5962
Epoch: 04, Training Loss: 0.0637, Train MSE: 0.0637, r (train): 0.5404, Test MSE: 0.0829, r (test): -0.6002
Epoch: 05, Training Loss: 0.0607, Train MSE: 0.0607, r (train): 0.5869, Test MSE: 0.0846, r (test): -0.6033
Epoch: 06, Training Loss: 0.0562, Train MSE: 0.0562, r (train): 0.6484, Test MSE: 0.0875, r (test): -0.6313
Epoch: 07, Training Loss: 0.0519, Train MSE: 0.0519, r (train): 0.6938, Test MSE: 0.0906, r (test): -0.6386
Epoch: 08, Training Loss: 0.0460, Train MSE: 0.0460, r (train): 0.7399, Test MSE: 0.0924, r (test): -0.6262
Epoch: 09, Training Loss: 0.0405, Train MSE: 0.0405, r (train): 0.7731, Test MSE: 0.0967, r (test): -0.6250
Epoch: 10, Training Loss: 0.0331, Train MSE: 0.0331, r (train): 0.8138, Test MSE: 0.1013, r (test): -0.6289
Epoch: 11, Training Loss: 0.0263, Train MSE: 0.0263, r (train): 0.8399, Test MSE: 0.1091, r (test): -0.6661
Epoch: 12, Training Loss: 0.0211, Train MSE: 0.0211, r (train): 0.8669, Test MSE: 0.1118, r (test): -0.6204
Epoch: 13, Training Loss: 0.0154, Train MSE: 0.0154, r (train): 0.8975, Test MSE: 0.1221, r (test): -0.6510
Epoch: 14, Training Loss: 0.0133, Train MSE: 0.0133, r (train): 0.9123, Test MSE: 0.1276, r (test): -0.6213
Epoch: 15, Training Loss: 0.0196, Train MSE: 0.0196, r (train): 0.9005, Test MSE: 0.1328, r (test): -0.6253
Epoch: 16, Training Loss: 0.0161, Train MSE: 0.0161, r (train): 0.8908, Test MSE: 0.1255, r (test): -0.6428
Epoch: 17, Training Loss: 0.0496, Train MSE: 0.0496, r (train): 0.8692, Test MSE: 0.1710, r (test): -0.6455
Epoch: 18, Training Loss: 0.1305, Train MSE: 0.1305, r (train): 0.8328, Test MSE: 0.2514, r (test): -0.6206
Epoch: 19, Training Loss: 0.0175, Train MSE: 0.0175, r (train): 0.8798, Test MSE: 0.1246, r (test): -0.5613
Epoch: 20, Training Loss: 0.0151, Train MSE: 0.0151, r (train): 0.8988, Test MSE: 0.1344, r (test): -0.6475
Epoch: 21, Training Loss: 0.0202, Train MSE: 0.0202, r (train): 0.8680, Test MSE: 0.1329, r (test): -0.5786
Epoch: 22, Training Loss: 0.0304, Train MSE: 0.0304, r (train): 0.8733, Test MSE: 0.1321, r (test): -0.5643
Epoch: 23, Training Loss: 0.0708, Train MSE: 0.0708, r (train): 0.8940, Test MSE: 0.1579, r (test): -0.4835
Epoch: 24, Training Loss: 0.0246, Train MSE: 0.0246, r (train): 0.8921, Test MSE: 0.1053, r (test): -0.5278
Epoch: 25, Training Loss: 0.0317, Train MSE: 0.0317, r (train): 0.9017, Test MSE: 0.1216, r (test): -0.4770
Epoch: 26, Training Loss: 0.0315, Train MSE: 0.0315, r (train): 0.9269, Test MSE: 0.1447, r (test): -0.5238
Epoch: 27, Training Loss: 0.0228, Train MSE: 0.0228, r (train): 0.9148, Test MSE: 0.1369, r (test): -0.5295
Epoch: 28, Training Loss: 0.0166, Train MSE: 0.0166, r (train): 0.9067, Test MSE: 0.1150, r (test): -0.4886
Epoch: 29, Training Loss: 0.0188, Train MSE: 0.0188, r (train): 0.8842, Test MSE: 0.0975, r (test): -0.3865
Epoch: 30, Training Loss: 0.1046, Train MSE: 0.1046, r (train): 0.8650, Test MSE: 0.1802, r (test): -0.4715
Epoch: 31, Training Loss: 0.1068, Train MSE: 0.1068, r (train): 0.8953, Test MSE: 0.2100, r (test): -0.4294
Epoch: 32, Training Loss: 0.0967, Train MSE: 0.0967, r (train): 0.8980, Test MSE: 0.1954, r (test): -0.4385
Epoch: 33, Training Loss: 0.1285, Train MSE: 0.1285, r (train): 0.8846, Test MSE: 0.2215, r (test): -0.4880
Epoch: 34, Training Loss: 0.0969, Train MSE: 0.0969, r (train): 0.8618, Test MSE: 0.1830, r (test): -0.3121
Epoch: 35, Training Loss: 0.1462, Train MSE: 0.1462, r (train): 0.8570, Test MSE: 0.2150, r (test): -0.2185
Epoch: 36, Training Loss: 0.1319, Train MSE: 0.1319, r (train): 0.8484, Test MSE: 0.2097, r (test): -0.3410
Epoch: 37, Training Loss: 0.0810, Train MSE: 0.0810, r (train): 0.8787, Test MSE: 0.1779, r (test): -0.4570
Epoch: 38, Training Loss: 0.0324, Train MSE: 0.0324, r (train): 0.8633, Test MSE: 0.1125, r (test): -0.3132
Epoch: 39, Training Loss: 0.0315, Train MSE: 0.0315, r (train): 0.8629, Test MSE: 0.1206, r (test): -0.4488
Epoch: 40, Training Loss: 0.0204, Train MSE: 0.0204, r (train): 0.8662, Test MSE: 0.1131, r (test): -0.4962
Epoch: 41, Training Loss: 0.0228, Train MSE: 0.0228, r (train): 0.8389, Test MSE: 0.1258, r (test): -0.5056
Epoch: 42, Training Loss: 0.0276, Train MSE: 0.0276, r (train): 0.8042, Test MSE: 0.1489, r (test): -0.5151
Epoch: 43, Training Loss: 0.0287, Train MSE: 0.0287, r (train): 0.8022, Test MSE: 0.1791, r (test): -0.5578
Epoch: 44, Training Loss: 0.0488, Train MSE: 0.0488, r (train): 0.8216, Test MSE: 0.1408, r (test): -0.5004
Epoch: 45, Training Loss: 0.0479, Train MSE: 0.0479, r (train): 0.8258, Test MSE: 0.1480, r (test): -0.5829
Epoch: 46, Training Loss: 0.0209, Train MSE: 0.0209, r (train): 0.8641, Test MSE: 0.1461, r (test): -0.5121
Epoch: 47, Training Loss: 0.0366, Train MSE: 0.0366, r (train): 0.8740, Test MSE: 0.1549, r (test): -0.5785
Epoch: 48, Training Loss: 0.0897, Train MSE: 0.0897, r (train): 0.8815, Test MSE: 0.2001, r (test): -0.5979
Epoch: 49, Training Loss: 0.0812, Train MSE: 0.0812, r (train): 0.8955, Test MSE: 0.1947, r (test): -0.5666
Epoch: 50, Training Loss: 0.0875, Train MSE: 0.0875, r (train): 0.9073, Test MSE: 0.2130, r (test): -0.5224
Epoch: 51, Training Loss: 0.0412, Train MSE: 0.0412, r (train): 0.9115, Test MSE: 0.1472, r (test): -0.4353
Epoch: 52, Training Loss: 0.0200, Train MSE: 0.0200, r (train): 0.8837, Test MSE: 0.1321, r (test): -0.5254
Epoch: 53, Training Loss: 0.0217, Train MSE: 0.0217, r (train): 0.8471, Test MSE: 0.1408, r (test): -0.5880
Epoch: 54, Training Loss: 0.0193, Train MSE: 0.0193, r (train): 0.8990, Test MSE: 0.1488, r (test): -0.5414
Epoch: 55, Training Loss: 0.0448, Train MSE: 0.0448, r (train): 0.9118, Test MSE: 0.1725, r (test): -0.5370
Epoch: 56, Training Loss: 0.0934, Train MSE: 0.0934, r (train): 0.9262, Test MSE: 0.2225, r (test): -0.5534
Epoch: 57, Training Loss: 0.0410, Train MSE: 0.0410, r (train): 0.9228, Test MSE: 0.1510, r (test): -0.4801
Epoch: 58, Training Loss: 0.0428, Train MSE: 0.0428, r (train): 0.9228, Test MSE: 0.1678, r (test): -0.5245
Epoch: 59, Training Loss: 0.0175, Train MSE: 0.0175, r (train): 0.9198, Test MSE: 0.1282, r (test): -0.5192
Epoch: 60, Training Loss: 0.0182, Train MSE: 0.0182, r (train): 0.9004, Test MSE: 0.1332, r (test): -0.5727
Epoch: 61, Training Loss: 0.0286, Train MSE: 0.0286, r (train): 0.9088, Test MSE: 0.1615, r (test): -0.6145
Epoch: 62, Training Loss: 0.1051, Train MSE: 0.1051, r (train): 0.8973, Test MSE: 0.2154, r (test): -0.5149
Epoch: 63, Training Loss: 0.0277, Train MSE: 0.0277, r (train): 0.9322, Test MSE: 0.1485, r (test): -0.5233
Epoch: 64, Training Loss: 0.0160, Train MSE: 0.0160, r (train): 0.9295, Test MSE: 0.1181, r (test): -0.5181
Epoch: 65, Training Loss: 0.0155, Train MSE: 0.0155, r (train): 0.9323, Test MSE: 0.1399, r (test): -0.5670
Epoch: 66, Training Loss: 0.0206, Train MSE: 0.0206, r (train): 0.9137, Test MSE: 0.1329, r (test): -0.4496
Epoch: 67, Training Loss: 0.0170, Train MSE: 0.0170, r (train): 0.9127, Test MSE: 0.1342, r (test): -0.5082
Epoch: 68, Training Loss: 0.0421, Train MSE: 0.0421, r (train): 0.9040, Test MSE: 0.1517, r (test): -0.5211
Epoch: 69, Training Loss: 0.0198, Train MSE: 0.0198, r (train): 0.9187, Test MSE: 0.1157, r (test): -0.3681
Epoch: 70, Training Loss: 0.0150, Train MSE: 0.0150, r (train): 0.9305, Test MSE: 0.1049, r (test): -0.3570
Epoch: 71, Training Loss: 0.0116, Train MSE: 0.0116, r (train): 0.9360, Test MSE: 0.1063, r (test): -0.5522
Epoch: 72, Training Loss: 0.0101, Train MSE: 0.0101, r (train): 0.9419, Test MSE: 0.1243, r (test): -0.5429
Epoch: 73, Training Loss: 0.0094, Train MSE: 0.0094, r (train): 0.9472, Test MSE: 0.1182, r (test): -0.5963
Epoch: 74, Training Loss: 0.0125, Train MSE: 0.0125, r (train): 0.9326, Test MSE: 0.1037, r (test): -0.4882
Epoch: 75, Training Loss: 0.0111, Train MSE: 0.0111, r (train): 0.9271, Test MSE: 0.0928, r (test): -0.4001
Epoch: 76, Training Loss: 0.0146, Train MSE: 0.0146, r (train): 0.9226, Test MSE: 0.0908, r (test): -0.3708
Epoch: 77, Training Loss: 0.0263, Train MSE: 0.0263, r (train): 0.9304, Test MSE: 0.0940, r (test): -0.3514
Epoch: 78, Training Loss: 0.0418, Train MSE: 0.0418, r (train): 0.9199, Test MSE: 0.1262, r (test): -0.5087
Epoch: 79, Training Loss: 0.0623, Train MSE: 0.0623, r (train): 0.9048, Test MSE: 0.1630, r (test): -0.5935
Epoch: 80, Training Loss: 0.0245, Train MSE: 0.0245, r (train): 0.9242, Test MSE: 0.1187, r (test): -0.3473
Epoch: 81, Training Loss: 0.0173, Train MSE: 0.0173, r (train): 0.9299, Test MSE: 0.1316, r (test): -0.4454
Epoch: 82, Training Loss: 0.0215, Train MSE: 0.0215, r (train): 0.9336, Test MSE: 0.1602, r (test): -0.5462
Epoch: 83, Training Loss: 0.0237, Train MSE: 0.0237, r (train): 0.9322, Test MSE: 0.1377, r (test): -0.4010
Epoch: 84, Training Loss: 0.0205, Train MSE: 0.0205, r (train): 0.9140, Test MSE: 0.1036, r (test): -0.3499
Epoch: 85, Training Loss: 0.0138, Train MSE: 0.0138, r (train): 0.9199, Test MSE: 0.0950, r (test): -0.3444
Epoch: 86, Training Loss: 0.0107, Train MSE: 0.0107, r (train): 0.9267, Test MSE: 0.0990, r (test): -0.4642
Epoch: 87, Training Loss: 0.0081, Train MSE: 0.0081, r (train): 0.9530, Test MSE: 0.1102, r (test): -0.5707
Epoch: 88, Training Loss: 0.0157, Train MSE: 0.0157, r (train): 0.9522, Test MSE: 0.0957, r (test): -0.3542
Epoch: 89, Training Loss: 0.0034, Train MSE: 0.0034, r (train): 0.9835, Test MSE: 0.1059, r (test): -0.4527
Epoch: 90, Training Loss: 0.0107, Train MSE: 0.0107, r (train): 0.9809, Test MSE: 0.1200, r (test): -0.5405
Epoch: 91, Training Loss: 0.0057, Train MSE: 0.0057, r (train): 0.9763, Test MSE: 0.0984, r (test): -0.5057
Epoch: 92, Training Loss: 0.0147, Train MSE: 0.0147, r (train): 0.9701, Test MSE: 0.1023, r (test): -0.5064
Epoch: 93, Training Loss: 0.0094, Train MSE: 0.0094, r (train): 0.9711, Test MSE: 0.1055, r (test): -0.4666
Epoch: 94, Training Loss: 0.0065, Train MSE: 0.0065, r (train): 0.9738, Test MSE: 0.1134, r (test): -0.4224
Epoch: 95, Training Loss: 0.0106, Train MSE: 0.0106, r (train): 0.9661, Test MSE: 0.1077, r (test): -0.4825
Epoch: 96, Training Loss: 0.0103, Train MSE: 0.0103, r (train): 0.9584, Test MSE: 0.1037, r (test): -0.5238
Epoch: 97, Training Loss: 0.0232, Train MSE: 0.0232, r (train): 0.9694, Test MSE: 0.1050, r (test): -0.4406
Epoch: 98, Training Loss: 0.0151, Train MSE: 0.0151, r (train): 0.9615, Test MSE: 0.1124, r (test): -0.4353
Epoch: 99, Training Loss: 0.0057, Train MSE: 0.0057, r (train): 0.9698, Test MSE: 0.1091, r (test): -0.4142
Predicted tensors for training set: 
tensor([1.0234, 0.3369, 0.4886, 0.3744, 0.6317, 0.6162, 0.5400, 0.1711, 0.9560,
        0.8123, 0.6143, 0.6553, 0.2710, 0.7344, 0.5641, 0.7518, 0.3498, 0.4057,
        0.8961, 0.8439, 0.1492, 0.7466, 0.3616, 0.6762, 0.2810, 0.0671, 0.8330,
        0.0180, 0.2043, 0.4245, 0.7732, 0.0308, 0.5340, 0.5940, 0.2741, 0.7287,
        0.3874, 0.5233, 0.8423, 0.4647, 0.7639, 0.8985, 0.8152, 0.1757, 0.2473,
        0.8223, 0.7314, 0.9889, 1.0667, 0.5001, 0.6541, 0.5840, 0.5806, 0.1279,
        0.8680, 0.6370, 0.5696, 0.9814, 0.5763, 0.9549, 0.9087, 0.5193, 0.5916,
        0.5955, 0.0933, 0.7087, 0.8286, 0.9012, 0.9128, 0.1704, 0.6776, 0.2972])
Target tensorsfor training set: 
tensor([0.9535, 0.2649, 0.4341, 0.2916, 0.5187, 0.5220, 0.4440, 0.0389, 0.8728,
        0.7901, 0.5102, 0.5573, 0.1218, 0.6595, 0.4993, 0.6992, 0.2464, 0.4036,
        0.8453, 0.8561, 0.1493, 0.7125, 0.3309, 0.7171, 0.2594, 0.1294, 0.9127,
        0.0246, 0.2394, 0.5178, 0.9492, 0.0763, 0.6240, 0.6846, 0.3174, 0.8391,
        0.3829, 0.5783, 0.8363, 0.5023, 0.7507, 0.8556, 0.7497, 0.0981, 0.1360,
        0.7372, 0.6199, 0.8988, 0.9117, 0.4149, 0.5719, 0.4513, 0.4818, 0.0478,
        0.7791, 0.5658, 0.5300, 0.9621, 0.4526, 0.9215, 0.8524, 0.4654, 0.5564,
        0.5779, 0.1055, 0.7462, 0.8418, 0.9150, 0.9072, 0.1295, 0.6576, 0.2271])
Correlation for training set: 0.9698322248009636
Predicted tensors for test set: 
tensor([0.6238, 0.6148, 0.6274, 0.6012, 0.4195, 0.5205, 0.4687, 0.8611, 0.5677,
        0.5072, 0.5220, 0.9358, 0.5009, 0.6173, 0.7088, 0.6570, 0.8571, 0.5096])
Target tensors for test set: 
tensor([0.7371, 0.6671, 0.0636, 0.4373, 0.7144, 0.3453, 0.6465, 0.2255, 0.3077,
        0.7950, 0.9656, 0.2169, 0.5780, 0.4640, 0.7596, 0.7270, 0.6577, 0.8411])
Correlation for test set: -0.41422910481682534
Fold 2
Epoch: 00, Training Loss: 0.0782, Train MSE: 0.0782, r (train): 0.0804, Test MSE: 0.0736, r (test): -0.2018
Epoch: 01, Training Loss: 0.0753, Train MSE: 0.0753, r (train): 0.2250, Test MSE: 0.0766, r (test): -0.2873
Epoch: 02, Training Loss: 0.0735, Train MSE: 0.0735, r (train): 0.3305, Test MSE: 0.0792, r (test): -0.3311
Epoch: 03, Training Loss: 0.0706, Train MSE: 0.0706, r (train): 0.4240, Test MSE: 0.0795, r (test): -0.3442
Epoch: 04, Training Loss: 0.0678, Train MSE: 0.0678, r (train): 0.4985, Test MSE: 0.0813, r (test): -0.4087
Epoch: 05, Training Loss: 0.0653, Train MSE: 0.0653, r (train): 0.5546, Test MSE: 0.0815, r (test): -0.4100
Epoch: 06, Training Loss: 0.0615, Train MSE: 0.0615, r (train): 0.6285, Test MSE: 0.0810, r (test): -0.3757
Epoch: 07, Training Loss: 0.0575, Train MSE: 0.0575, r (train): 0.6769, Test MSE: 0.0793, r (test): -0.2966
Epoch: 08, Training Loss: 0.0520, Train MSE: 0.0520, r (train): 0.7207, Test MSE: 0.0770, r (test): -0.2260
Epoch: 09, Training Loss: 0.0451, Train MSE: 0.0451, r (train): 0.7707, Test MSE: 0.0752, r (test): -0.1716
Epoch: 10, Training Loss: 0.0410, Train MSE: 0.0410, r (train): 0.7874, Test MSE: 0.0787, r (test): -0.1331
Epoch: 11, Training Loss: 0.0353, Train MSE: 0.0353, r (train): 0.8102, Test MSE: 0.0783, r (test): -0.0555
Epoch: 12, Training Loss: 0.0285, Train MSE: 0.0285, r (train): 0.8213, Test MSE: 0.0773, r (test): -0.0791
Epoch: 13, Training Loss: 0.0227, Train MSE: 0.0227, r (train): 0.8544, Test MSE: 0.0784, r (test): -0.0230
Epoch: 14, Training Loss: 0.0167, Train MSE: 0.0167, r (train): 0.8866, Test MSE: 0.0730, r (test): 0.0747
Epoch: 15, Training Loss: 0.0169, Train MSE: 0.0169, r (train): 0.8986, Test MSE: 0.0827, r (test): 0.0690
Epoch: 16, Training Loss: 0.0195, Train MSE: 0.0195, r (train): 0.9064, Test MSE: 0.0935, r (test): 0.0683
Epoch: 17, Training Loss: 0.0174, Train MSE: 0.0174, r (train): 0.8812, Test MSE: 0.0822, r (test): -0.0182
Epoch: 18, Training Loss: 0.0298, Train MSE: 0.0298, r (train): 0.8707, Test MSE: 0.0771, r (test): 0.0154
Epoch: 19, Training Loss: 0.0179, Train MSE: 0.0179, r (train): 0.8923, Test MSE: 0.0863, r (test): 0.0014
Epoch: 20, Training Loss: 0.0170, Train MSE: 0.0170, r (train): 0.8811, Test MSE: 0.0638, r (test): 0.1466
Epoch: 21, Training Loss: 0.0154, Train MSE: 0.0154, r (train): 0.9007, Test MSE: 0.0802, r (test): 0.0100
Epoch: 22, Training Loss: 0.0201, Train MSE: 0.0201, r (train): 0.9010, Test MSE: 0.0780, r (test): -0.0273
Epoch: 23, Training Loss: 0.0680, Train MSE: 0.0680, r (train): 0.8802, Test MSE: 0.0929, r (test): 0.0236
Epoch: 24, Training Loss: 0.0479, Train MSE: 0.0479, r (train): 0.8860, Test MSE: 0.0770, r (test): 0.0424
Epoch: 25, Training Loss: 0.0184, Train MSE: 0.0184, r (train): 0.8701, Test MSE: 0.0815, r (test): -0.0259
Epoch: 26, Training Loss: 0.0256, Train MSE: 0.0256, r (train): 0.8735, Test MSE: 0.1023, r (test): -0.1080
Epoch: 27, Training Loss: 0.0223, Train MSE: 0.0223, r (train): 0.8801, Test MSE: 0.0942, r (test): -0.0661
Epoch: 28, Training Loss: 0.0258, Train MSE: 0.0258, r (train): 0.8458, Test MSE: 0.0848, r (test): 0.0008
Epoch: 29, Training Loss: 0.0415, Train MSE: 0.0415, r (train): 0.8215, Test MSE: 0.1097, r (test): 0.0621
Epoch: 30, Training Loss: 0.0496, Train MSE: 0.0496, r (train): 0.8241, Test MSE: 0.1199, r (test): -0.1007
Epoch: 31, Training Loss: 0.0810, Train MSE: 0.0810, r (train): 0.8401, Test MSE: 0.1737, r (test): -0.0736
Epoch: 32, Training Loss: 0.1785, Train MSE: 0.1785, r (train): 0.7909, Test MSE: 0.2830, r (test): -0.1555
Epoch: 33, Training Loss: 0.1780, Train MSE: 0.1780, r (train): 0.8296, Test MSE: 0.2919, r (test): -0.0868
Epoch: 34, Training Loss: 0.1590, Train MSE: 0.1590, r (train): 0.8338, Test MSE: 0.2575, r (test): -0.0483
Epoch: 35, Training Loss: 0.0976, Train MSE: 0.0976, r (train): 0.8558, Test MSE: 0.1868, r (test): 0.0415
Epoch: 36, Training Loss: 0.0159, Train MSE: 0.0159, r (train): 0.9020, Test MSE: 0.0677, r (test): 0.2370
Epoch: 37, Training Loss: 0.0172, Train MSE: 0.0172, r (train): 0.9031, Test MSE: 0.0508, r (test): 0.3500
Epoch: 38, Training Loss: 0.0180, Train MSE: 0.0180, r (train): 0.9143, Test MSE: 0.0534, r (test): 0.3042
Epoch: 39, Training Loss: 0.0073, Train MSE: 0.0073, r (train): 0.9532, Test MSE: 0.0628, r (test): 0.2038
Epoch: 40, Training Loss: 0.0145, Train MSE: 0.0145, r (train): 0.9596, Test MSE: 0.0855, r (test): 0.2462
Epoch: 41, Training Loss: 0.0516, Train MSE: 0.0516, r (train): 0.9432, Test MSE: 0.1422, r (test): 0.0516
Epoch: 42, Training Loss: 0.0652, Train MSE: 0.0652, r (train): 0.9231, Test MSE: 0.1598, r (test): -0.0423
Epoch: 43, Training Loss: 0.0126, Train MSE: 0.0126, r (train): 0.9450, Test MSE: 0.0712, r (test): 0.2271
Epoch: 44, Training Loss: 0.0111, Train MSE: 0.0111, r (train): 0.9444, Test MSE: 0.0549, r (test): 0.2778
Epoch: 45, Training Loss: 0.0103, Train MSE: 0.0103, r (train): 0.9403, Test MSE: 0.0642, r (test): 0.1412
Epoch: 46, Training Loss: 0.0105, Train MSE: 0.0105, r (train): 0.9425, Test MSE: 0.0807, r (test): 0.0437
Epoch: 47, Training Loss: 0.0582, Train MSE: 0.0582, r (train): 0.9326, Test MSE: 0.1500, r (test): 0.0029
Epoch: 48, Training Loss: 0.0603, Train MSE: 0.0603, r (train): 0.9319, Test MSE: 0.1421, r (test): -0.0375
Epoch: 49, Training Loss: 0.0156, Train MSE: 0.0156, r (train): 0.9241, Test MSE: 0.0811, r (test): 0.1479
Epoch: 50, Training Loss: 0.0116, Train MSE: 0.0116, r (train): 0.9569, Test MSE: 0.0592, r (test): 0.1935
Epoch: 51, Training Loss: 0.0110, Train MSE: 0.0110, r (train): 0.9500, Test MSE: 0.0734, r (test): -0.0178
Epoch: 52, Training Loss: 0.0088, Train MSE: 0.0088, r (train): 0.9442, Test MSE: 0.0831, r (test): -0.0939
Epoch: 53, Training Loss: 0.0334, Train MSE: 0.0334, r (train): 0.9601, Test MSE: 0.1298, r (test): 0.0105
Epoch: 54, Training Loss: 0.0420, Train MSE: 0.0420, r (train): 0.9258, Test MSE: 0.1288, r (test): 0.0368
Epoch: 55, Training Loss: 0.0100, Train MSE: 0.0100, r (train): 0.9436, Test MSE: 0.0623, r (test): 0.2384
Epoch: 56, Training Loss: 0.0116, Train MSE: 0.0116, r (train): 0.9600, Test MSE: 0.0697, r (test): 0.0676
Epoch: 57, Training Loss: 0.0138, Train MSE: 0.0138, r (train): 0.9432, Test MSE: 0.0818, r (test): -0.1638
Epoch: 58, Training Loss: 0.0120, Train MSE: 0.0120, r (train): 0.9492, Test MSE: 0.0960, r (test): -0.1255
Epoch: 59, Training Loss: 0.0156, Train MSE: 0.0156, r (train): 0.9343, Test MSE: 0.1096, r (test): -0.1729
Epoch: 60, Training Loss: 0.0248, Train MSE: 0.0248, r (train): 0.9169, Test MSE: 0.0942, r (test): 0.1287
Epoch: 61, Training Loss: 0.0129, Train MSE: 0.0129, r (train): 0.9503, Test MSE: 0.0509, r (test): 0.3479
Epoch: 62, Training Loss: 0.0111, Train MSE: 0.0111, r (train): 0.9512, Test MSE: 0.0641, r (test): 0.0364
Epoch: 63, Training Loss: 0.0083, Train MSE: 0.0083, r (train): 0.9466, Test MSE: 0.0764, r (test): -0.0371
Epoch: 64, Training Loss: 0.0181, Train MSE: 0.0181, r (train): 0.9385, Test MSE: 0.1164, r (test): -0.1190
Epoch: 65, Training Loss: 0.0275, Train MSE: 0.0275, r (train): 0.9280, Test MSE: 0.1175, r (test): -0.0330
Epoch: 66, Training Loss: 0.0136, Train MSE: 0.0136, r (train): 0.9492, Test MSE: 0.0513, r (test): 0.3314
Epoch: 67, Training Loss: 0.0088, Train MSE: 0.0088, r (train): 0.9685, Test MSE: 0.0658, r (test): 0.0288
Epoch: 68, Training Loss: 0.0071, Train MSE: 0.0071, r (train): 0.9533, Test MSE: 0.0742, r (test): -0.0404
Epoch: 69, Training Loss: 0.0118, Train MSE: 0.0118, r (train): 0.9484, Test MSE: 0.0941, r (test): 0.0061
Epoch: 70, Training Loss: 0.0182, Train MSE: 0.0182, r (train): 0.9302, Test MSE: 0.0994, r (test): 0.0509
Epoch: 71, Training Loss: 0.0112, Train MSE: 0.0112, r (train): 0.9569, Test MSE: 0.0552, r (test): 0.2500
Epoch: 72, Training Loss: 0.0093, Train MSE: 0.0093, r (train): 0.9589, Test MSE: 0.0609, r (test): 0.1131
Epoch: 73, Training Loss: 0.0059, Train MSE: 0.0059, r (train): 0.9609, Test MSE: 0.0749, r (test): 0.0220
Epoch: 74, Training Loss: 0.0130, Train MSE: 0.0130, r (train): 0.9345, Test MSE: 0.0979, r (test): -0.0976
Epoch: 75, Training Loss: 0.0093, Train MSE: 0.0093, r (train): 0.9427, Test MSE: 0.0666, r (test): 0.2143
Epoch: 76, Training Loss: 0.0223, Train MSE: 0.0223, r (train): 0.9425, Test MSE: 0.0547, r (test): 0.2838
Epoch: 77, Training Loss: 0.0144, Train MSE: 0.0144, r (train): 0.9574, Test MSE: 0.0660, r (test): -0.0076
Epoch: 78, Training Loss: 0.0077, Train MSE: 0.0077, r (train): 0.9538, Test MSE: 0.0716, r (test): -0.0331
Epoch: 79, Training Loss: 0.0214, Train MSE: 0.0214, r (train): 0.9397, Test MSE: 0.1158, r (test): -0.1065
Epoch: 80, Training Loss: 0.0212, Train MSE: 0.0212, r (train): 0.9318, Test MSE: 0.1093, r (test): -0.0821
Epoch: 81, Training Loss: 0.0114, Train MSE: 0.0114, r (train): 0.9335, Test MSE: 0.0761, r (test): 0.1238
Epoch: 82, Training Loss: 0.0200, Train MSE: 0.0200, r (train): 0.9405, Test MSE: 0.0581, r (test): 0.1795
Epoch: 83, Training Loss: 0.0351, Train MSE: 0.0351, r (train): 0.9426, Test MSE: 0.0722, r (test): 0.0174
Epoch: 84, Training Loss: 0.0131, Train MSE: 0.0131, r (train): 0.9413, Test MSE: 0.0763, r (test): -0.1160
Epoch: 85, Training Loss: 0.0078, Train MSE: 0.0078, r (train): 0.9473, Test MSE: 0.0893, r (test): -0.1664
Epoch: 86, Training Loss: 0.0274, Train MSE: 0.0274, r (train): 0.9574, Test MSE: 0.1356, r (test): -0.1516
Epoch: 87, Training Loss: 0.0247, Train MSE: 0.0247, r (train): 0.9421, Test MSE: 0.1103, r (test): -0.0045
Epoch: 88, Training Loss: 0.0112, Train MSE: 0.0112, r (train): 0.9465, Test MSE: 0.0733, r (test): 0.0355
Epoch: 89, Training Loss: 0.0384, Train MSE: 0.0384, r (train): 0.9299, Test MSE: 0.0685, r (test): 0.1840
Epoch: 90, Training Loss: 0.0165, Train MSE: 0.0165, r (train): 0.9612, Test MSE: 0.0706, r (test): -0.0206
Epoch: 91, Training Loss: 0.0104, Train MSE: 0.0104, r (train): 0.9537, Test MSE: 0.0880, r (test): -0.0889
Epoch: 92, Training Loss: 0.0229, Train MSE: 0.0229, r (train): 0.9352, Test MSE: 0.1208, r (test): -0.2459
Epoch: 93, Training Loss: 0.0094, Train MSE: 0.0094, r (train): 0.9500, Test MSE: 0.0844, r (test): -0.0197
Epoch: 94, Training Loss: 0.0308, Train MSE: 0.0308, r (train): 0.9404, Test MSE: 0.0618, r (test): 0.2013
Epoch: 95, Training Loss: 0.0259, Train MSE: 0.0259, r (train): 0.9316, Test MSE: 0.0665, r (test): 0.0544
Epoch: 96, Training Loss: 0.0097, Train MSE: 0.0097, r (train): 0.9693, Test MSE: 0.0921, r (test): -0.0680
Epoch: 97, Training Loss: 0.0174, Train MSE: 0.0174, r (train): 0.9478, Test MSE: 0.1046, r (test): -0.0948
Epoch: 98, Training Loss: 0.0125, Train MSE: 0.0125, r (train): 0.9584, Test MSE: 0.0715, r (test): -0.0206
Epoch: 99, Training Loss: 0.0214, Train MSE: 0.0214, r (train): 0.9696, Test MSE: 0.0717, r (test): -0.0886
Predicted tensors for training set: 
tensor([ 0.6303,  0.6069,  0.0091,  0.4142,  0.5997,  0.3433,  0.5163,  0.1711,
         0.2723,  0.6134,  0.7338,  0.0567,  0.4525,  0.4113,  0.6286,  0.4961,
         0.4991,  0.6658,  0.6551,  0.5468, -0.0513,  0.4647,  0.3173,  0.5361,
         0.0865,  0.0194,  0.7574, -0.1482,  0.2086,  0.3528,  0.8698, -0.1243,
         0.4579,  0.5152,  0.2812,  0.7079,  0.2971,  0.5103,  0.7057,  0.3990,
         0.6311,  0.8001,  0.6527,  0.0202, -0.0035,  0.6487,  0.5305,  0.7032,
         0.7010,  0.3727,  0.4748,  0.2869,  0.2695, -0.0625,  0.5656,  0.3981,
         0.4070,  0.7005,  0.2332,  0.6813,  0.6627,  0.2889,  0.4118,  0.3981,
         0.0548,  0.6320,  0.7659,  0.8307,  0.8137,  0.1256,  0.5831,  0.1528])
Target tensorsfor training set: 
tensor([0.7371, 0.6671, 0.0636, 0.4373, 0.7144, 0.3453, 0.6465, 0.2255, 0.3077,
        0.7950, 0.9656, 0.2169, 0.5780, 0.4640, 0.7596, 0.7270, 0.6577, 0.8411,
        0.8453, 0.8561, 0.1493, 0.7125, 0.3309, 0.7171, 0.2594, 0.1294, 0.9127,
        0.0246, 0.2394, 0.5178, 0.9492, 0.0763, 0.6240, 0.6846, 0.3174, 0.8391,
        0.3829, 0.5783, 0.8363, 0.5023, 0.7507, 0.8556, 0.7497, 0.0981, 0.1360,
        0.7372, 0.6199, 0.8988, 0.9117, 0.4149, 0.5719, 0.4513, 0.4818, 0.0478,
        0.7791, 0.5658, 0.5300, 0.9621, 0.4526, 0.9215, 0.8524, 0.4654, 0.5564,
        0.5779, 0.1055, 0.7462, 0.8418, 0.9150, 0.9072, 0.1295, 0.6576, 0.2271])
Correlation for training set: 0.9695811846924929
Predicted tensors for test set: 
tensor([0.3642, 0.5147, 0.3833, 0.5194, 0.5675, 0.3664, 0.5716, 0.4331, 0.4995,
        0.3244, 0.3456, 0.5734, 0.4221, 0.3687, 0.5107, 0.4606, 0.3273, 0.3216])
Target tensors for test set: 
tensor([0.9535, 0.2649, 0.4341, 0.2916, 0.5187, 0.5220, 0.4440, 0.0389, 0.8728,
        0.7901, 0.5102, 0.5573, 0.1218, 0.6595, 0.4993, 0.6992, 0.2464, 0.4036])
Correlation for test set: -0.088626041134738
Fold 3
Epoch: 00, Training Loss: 0.0685, Train MSE: 0.0685, r (train): 0.0408, Test MSE: 0.1025, r (test): 0.2017
Epoch: 01, Training Loss: 0.0661, Train MSE: 0.0661, r (train): 0.1824, Test MSE: 0.1063, r (test): 0.0953
Epoch: 02, Training Loss: 0.0638, Train MSE: 0.0638, r (train): 0.3171, Test MSE: 0.1095, r (test): -0.0088
Epoch: 03, Training Loss: 0.0616, Train MSE: 0.0616, r (train): 0.4225, Test MSE: 0.1099, r (test): -0.0433
Epoch: 04, Training Loss: 0.0596, Train MSE: 0.0596, r (train): 0.5178, Test MSE: 0.1110, r (test): -0.1020
Epoch: 05, Training Loss: 0.0567, Train MSE: 0.0567, r (train): 0.6236, Test MSE: 0.1122, r (test): -0.1816
Epoch: 06, Training Loss: 0.0540, Train MSE: 0.0540, r (train): 0.7080, Test MSE: 0.1143, r (test): -0.2633
Epoch: 07, Training Loss: 0.0499, Train MSE: 0.0499, r (train): 0.7821, Test MSE: 0.1147, r (test): -0.3362
Epoch: 08, Training Loss: 0.0464, Train MSE: 0.0464, r (train): 0.8298, Test MSE: 0.1160, r (test): -0.3790
Epoch: 09, Training Loss: 0.0416, Train MSE: 0.0416, r (train): 0.8741, Test MSE: 0.1201, r (test): -0.4508
Epoch: 10, Training Loss: 0.0377, Train MSE: 0.0377, r (train): 0.8835, Test MSE: 0.1275, r (test): -0.5104
Epoch: 11, Training Loss: 0.0315, Train MSE: 0.0315, r (train): 0.8960, Test MSE: 0.1314, r (test): -0.4770
Epoch: 12, Training Loss: 0.0257, Train MSE: 0.0257, r (train): 0.9117, Test MSE: 0.1370, r (test): -0.4885
Epoch: 13, Training Loss: 0.0142, Train MSE: 0.0142, r (train): 0.9282, Test MSE: 0.1360, r (test): -0.4708
Epoch: 14, Training Loss: 0.0082, Train MSE: 0.0082, r (train): 0.9449, Test MSE: 0.1423, r (test): -0.5075
Epoch: 15, Training Loss: 0.0119, Train MSE: 0.0119, r (train): 0.9238, Test MSE: 0.1384, r (test): -0.4983
Epoch: 16, Training Loss: 0.0103, Train MSE: 0.0103, r (train): 0.9248, Test MSE: 0.1501, r (test): -0.5442
Epoch: 17, Training Loss: 0.0537, Train MSE: 0.0537, r (train): 0.9076, Test MSE: 0.2115, r (test): -0.4945
Epoch: 18, Training Loss: 0.0953, Train MSE: 0.0953, r (train): 0.8514, Test MSE: 0.2617, r (test): -0.6013
Epoch: 19, Training Loss: 0.0605, Train MSE: 0.0605, r (train): 0.8406, Test MSE: 0.1998, r (test): -0.3584
Epoch: 20, Training Loss: 0.0255, Train MSE: 0.0255, r (train): 0.8843, Test MSE: 0.1424, r (test): -0.3027
Epoch: 21, Training Loss: 0.0152, Train MSE: 0.0152, r (train): 0.9082, Test MSE: 0.1163, r (test): -0.2836
Epoch: 22, Training Loss: 0.0185, Train MSE: 0.0185, r (train): 0.9564, Test MSE: 0.1274, r (test): -0.4161
Epoch: 23, Training Loss: 0.0139, Train MSE: 0.0139, r (train): 0.9717, Test MSE: 0.1389, r (test): -0.4824
Epoch: 24, Training Loss: 0.0102, Train MSE: 0.0102, r (train): 0.9738, Test MSE: 0.1497, r (test): -0.5173
Epoch: 25, Training Loss: 0.0048, Train MSE: 0.0048, r (train): 0.9718, Test MSE: 0.1641, r (test): -0.5278
Epoch: 26, Training Loss: 0.0307, Train MSE: 0.0307, r (train): 0.9551, Test MSE: 0.1932, r (test): -0.5374
Epoch: 27, Training Loss: 0.0105, Train MSE: 0.0105, r (train): 0.9426, Test MSE: 0.1373, r (test): -0.3740
Epoch: 28, Training Loss: 0.0131, Train MSE: 0.0131, r (train): 0.9574, Test MSE: 0.1272, r (test): -0.4422
Epoch: 29, Training Loss: 0.0109, Train MSE: 0.0109, r (train): 0.9721, Test MSE: 0.1443, r (test): -0.5205
Epoch: 30, Training Loss: 0.0208, Train MSE: 0.0208, r (train): 0.9675, Test MSE: 0.1705, r (test): -0.4892
Epoch: 31, Training Loss: 0.0283, Train MSE: 0.0283, r (train): 0.9623, Test MSE: 0.1795, r (test): -0.4727
Epoch: 32, Training Loss: 0.0092, Train MSE: 0.0092, r (train): 0.9431, Test MSE: 0.1364, r (test): -0.4806
Epoch: 33, Training Loss: 0.0026, Train MSE: 0.0026, r (train): 0.9827, Test MSE: 0.1422, r (test): -0.5059
Epoch: 34, Training Loss: 0.0116, Train MSE: 0.0116, r (train): 0.9832, Test MSE: 0.1632, r (test): -0.5201
Epoch: 35, Training Loss: 0.0166, Train MSE: 0.0166, r (train): 0.9711, Test MSE: 0.1798, r (test): -0.5531
Epoch: 36, Training Loss: 0.0047, Train MSE: 0.0047, r (train): 0.9653, Test MSE: 0.1385, r (test): -0.4818
Epoch: 37, Training Loss: 0.0040, Train MSE: 0.0040, r (train): 0.9706, Test MSE: 0.1439, r (test): -0.4985
Epoch: 38, Training Loss: 0.0237, Train MSE: 0.0237, r (train): 0.9597, Test MSE: 0.1776, r (test): -0.4603
Epoch: 39, Training Loss: 0.0082, Train MSE: 0.0082, r (train): 0.9683, Test MSE: 0.1592, r (test): -0.5430
Epoch: 40, Training Loss: 0.0063, Train MSE: 0.0063, r (train): 0.9658, Test MSE: 0.1411, r (test): -0.5142
Epoch: 41, Training Loss: 0.0049, Train MSE: 0.0049, r (train): 0.9686, Test MSE: 0.1494, r (test): -0.4706
Epoch: 42, Training Loss: 0.0082, Train MSE: 0.0082, r (train): 0.9579, Test MSE: 0.1513, r (test): -0.4458
Epoch: 43, Training Loss: 0.0073, Train MSE: 0.0073, r (train): 0.9461, Test MSE: 0.1349, r (test): -0.4586
Epoch: 44, Training Loss: 0.0273, Train MSE: 0.0273, r (train): 0.9393, Test MSE: 0.1511, r (test): -0.5537
Epoch: 45, Training Loss: 0.0360, Train MSE: 0.0360, r (train): 0.9539, Test MSE: 0.1650, r (test): -0.5624
Epoch: 46, Training Loss: 0.0173, Train MSE: 0.0173, r (train): 0.9530, Test MSE: 0.1510, r (test): -0.5605
Epoch: 47, Training Loss: 0.0111, Train MSE: 0.0111, r (train): 0.9278, Test MSE: 0.1337, r (test): -0.5530
Epoch: 48, Training Loss: 0.0364, Train MSE: 0.0364, r (train): 0.9240, Test MSE: 0.1469, r (test): -0.5354
Epoch: 49, Training Loss: 0.0395, Train MSE: 0.0395, r (train): 0.8899, Test MSE: 0.1448, r (test): -0.4311
Epoch: 50, Training Loss: 0.0299, Train MSE: 0.0299, r (train): 0.8978, Test MSE: 0.1530, r (test): -0.5388
Epoch: 51, Training Loss: 0.0168, Train MSE: 0.0168, r (train): 0.8809, Test MSE: 0.1662, r (test): -0.7413
Epoch: 52, Training Loss: 0.0476, Train MSE: 0.0476, r (train): 0.8943, Test MSE: 0.1994, r (test): -0.6306
Epoch: 53, Training Loss: 0.0428, Train MSE: 0.0428, r (train): 0.8877, Test MSE: 0.1801, r (test): -0.5679
Epoch: 54, Training Loss: 0.0241, Train MSE: 0.0241, r (train): 0.9158, Test MSE: 0.1745, r (test): -0.6507
Epoch: 55, Training Loss: 0.0131, Train MSE: 0.0131, r (train): 0.9153, Test MSE: 0.1422, r (test): -0.4901
Epoch: 56, Training Loss: 0.0371, Train MSE: 0.0371, r (train): 0.9330, Test MSE: 0.1745, r (test): -0.3362
Epoch: 57, Training Loss: 0.0659, Train MSE: 0.0659, r (train): 0.9583, Test MSE: 0.2310, r (test): -0.5257
Epoch: 58, Training Loss: 0.0199, Train MSE: 0.0199, r (train): 0.9529, Test MSE: 0.1630, r (test): -0.5615
Epoch: 59, Training Loss: 0.0240, Train MSE: 0.0240, r (train): 0.9564, Test MSE: 0.1813, r (test): -0.4527
Epoch: 60, Training Loss: 0.0324, Train MSE: 0.0324, r (train): 0.9309, Test MSE: 0.1657, r (test): -0.3198
Epoch: 61, Training Loss: 0.0120, Train MSE: 0.0120, r (train): 0.9184, Test MSE: 0.1496, r (test): -0.4535
Epoch: 62, Training Loss: 0.0089, Train MSE: 0.0089, r (train): 0.9331, Test MSE: 0.1404, r (test): -0.3747
Epoch: 63, Training Loss: 0.0231, Train MSE: 0.0231, r (train): 0.9319, Test MSE: 0.1423, r (test): -0.3420
Epoch: 64, Training Loss: 0.0359, Train MSE: 0.0359, r (train): 0.9481, Test MSE: 0.1601, r (test): -0.5366
Epoch: 65, Training Loss: 0.0176, Train MSE: 0.0176, r (train): 0.9430, Test MSE: 0.1665, r (test): -0.6556
Epoch: 66, Training Loss: 0.0107, Train MSE: 0.0107, r (train): 0.9259, Test MSE: 0.1532, r (test): -0.6591
Epoch: 67, Training Loss: 0.0334, Train MSE: 0.0334, r (train): 0.9218, Test MSE: 0.1872, r (test): -0.4965
Epoch: 68, Training Loss: 0.0322, Train MSE: 0.0322, r (train): 0.9361, Test MSE: 0.2011, r (test): -0.6126
Epoch: 69, Training Loss: 0.0582, Train MSE: 0.0582, r (train): 0.9384, Test MSE: 0.2086, r (test): -0.5065
Epoch: 70, Training Loss: 0.0598, Train MSE: 0.0598, r (train): 0.9265, Test MSE: 0.2103, r (test): -0.4931
Epoch: 71, Training Loss: 0.0215, Train MSE: 0.0215, r (train): 0.9162, Test MSE: 0.1646, r (test): -0.4207
Epoch: 72, Training Loss: 0.0131, Train MSE: 0.0131, r (train): 0.9117, Test MSE: 0.1470, r (test): -0.3802
Epoch: 73, Training Loss: 0.0111, Train MSE: 0.0111, r (train): 0.9329, Test MSE: 0.1381, r (test): -0.3535
Epoch: 74, Training Loss: 0.0239, Train MSE: 0.0239, r (train): 0.9009, Test MSE: 0.1109, r (test): -0.1359
Epoch: 75, Training Loss: 0.0143, Train MSE: 0.0143, r (train): 0.9085, Test MSE: 0.1214, r (test): -0.3575
Epoch: 76, Training Loss: 0.0162, Train MSE: 0.0162, r (train): 0.9152, Test MSE: 0.1440, r (test): -0.4426
Epoch: 77, Training Loss: 0.0344, Train MSE: 0.0344, r (train): 0.9549, Test MSE: 0.1820, r (test): -0.3412
Epoch: 78, Training Loss: 0.0789, Train MSE: 0.0789, r (train): 0.9338, Test MSE: 0.2268, r (test): -0.3644
Epoch: 79, Training Loss: 0.0300, Train MSE: 0.0300, r (train): 0.9612, Test MSE: 0.1724, r (test): -0.4551
Epoch: 80, Training Loss: 0.0088, Train MSE: 0.0088, r (train): 0.9470, Test MSE: 0.1499, r (test): -0.4090
Epoch: 81, Training Loss: 0.0113, Train MSE: 0.0113, r (train): 0.9598, Test MSE: 0.1355, r (test): -0.3139
Epoch: 82, Training Loss: 0.0197, Train MSE: 0.0197, r (train): 0.9600, Test MSE: 0.1418, r (test): -0.4583
Epoch: 83, Training Loss: 0.0089, Train MSE: 0.0089, r (train): 0.9533, Test MSE: 0.1472, r (test): -0.4454
Epoch: 84, Training Loss: 0.0262, Train MSE: 0.0262, r (train): 0.9648, Test MSE: 0.1737, r (test): -0.4205
Epoch: 85, Training Loss: 0.0146, Train MSE: 0.0146, r (train): 0.9703, Test MSE: 0.1386, r (test): -0.3388
Epoch: 86, Training Loss: 0.0110, Train MSE: 0.0110, r (train): 0.9591, Test MSE: 0.1457, r (test): -0.3884
Epoch: 87, Training Loss: 0.0087, Train MSE: 0.0087, r (train): 0.9657, Test MSE: 0.1219, r (test): -0.2473
Epoch: 88, Training Loss: 0.0076, Train MSE: 0.0076, r (train): 0.9577, Test MSE: 0.1562, r (test): -0.4436
Epoch: 89, Training Loss: 0.0247, Train MSE: 0.0247, r (train): 0.9683, Test MSE: 0.1912, r (test): -0.5014
Epoch: 90, Training Loss: 0.0086, Train MSE: 0.0086, r (train): 0.9661, Test MSE: 0.1371, r (test): -0.2873
Epoch: 91, Training Loss: 0.0154, Train MSE: 0.0154, r (train): 0.9418, Test MSE: 0.1315, r (test): -0.3093
Epoch: 92, Training Loss: 0.0140, Train MSE: 0.0140, r (train): 0.9527, Test MSE: 0.1213, r (test): -0.3055
Epoch: 93, Training Loss: 0.0071, Train MSE: 0.0071, r (train): 0.9471, Test MSE: 0.1438, r (test): -0.3599
Epoch: 94, Training Loss: 0.0243, Train MSE: 0.0243, r (train): 0.9587, Test MSE: 0.1886, r (test): -0.4684
Epoch: 95, Training Loss: 0.0208, Train MSE: 0.0208, r (train): 0.9532, Test MSE: 0.1701, r (test): -0.4732
Epoch: 96, Training Loss: 0.0098, Train MSE: 0.0098, r (train): 0.9481, Test MSE: 0.1409, r (test): -0.4188
Epoch: 97, Training Loss: 0.0220, Train MSE: 0.0220, r (train): 0.9366, Test MSE: 0.1262, r (test): -0.2445
Epoch: 98, Training Loss: 0.0098, Train MSE: 0.0098, r (train): 0.9541, Test MSE: 0.1311, r (test): -0.3092
Epoch: 99, Training Loss: 0.0118, Train MSE: 0.0118, r (train): 0.9655, Test MSE: 0.1556, r (test): -0.3913
Predicted tensors for training set: 
tensor([0.7792, 0.7850, 0.2062, 0.4793, 0.7897, 0.3805, 0.7353, 0.2542, 0.3357,
        0.9192, 1.1113, 0.3027, 0.7021, 0.5555, 0.9377, 0.8928, 0.7966, 0.9310,
        1.0423, 0.3709, 0.5273, 0.3888, 0.5688, 0.5657, 0.5028, 0.0737, 0.8850,
        0.7702, 0.5422, 0.6051, 0.0966, 0.5951, 0.4926, 0.6243, 0.2657, 0.4290,
        0.4038, 0.6173, 0.8380, 0.6174, 0.8550, 1.0507, 0.8818, 0.2901, 0.2541,
        0.9351, 0.8076, 1.0969, 1.0740, 0.5716, 0.7397, 0.5981, 0.6379, 0.1915,
        0.9498, 0.7051, 0.6486, 1.1266, 0.6252, 1.0593, 1.0272, 0.5675, 0.5918,
        0.6120, 0.1040, 0.7318, 0.8085, 0.8419, 0.9037, 0.1613, 0.6804, 0.2331])
Target tensorsfor training set: 
tensor([0.7371, 0.6671, 0.0636, 0.4373, 0.7144, 0.3453, 0.6465, 0.2255, 0.3077,
        0.7950, 0.9656, 0.2169, 0.5780, 0.4640, 0.7596, 0.7270, 0.6577, 0.8411,
        0.9535, 0.2649, 0.4341, 0.2916, 0.5187, 0.5220, 0.4440, 0.0389, 0.8728,
        0.7901, 0.5102, 0.5573, 0.1218, 0.6595, 0.4993, 0.6992, 0.2464, 0.4036,
        0.3829, 0.5783, 0.8363, 0.5023, 0.7507, 0.8556, 0.7497, 0.0981, 0.1360,
        0.7372, 0.6199, 0.8988, 0.9117, 0.4149, 0.5719, 0.4513, 0.4818, 0.0478,
        0.7791, 0.5658, 0.5300, 0.9621, 0.4526, 0.9215, 0.8524, 0.4654, 0.5564,
        0.5779, 0.1055, 0.7462, 0.8418, 0.9150, 0.9072, 0.1295, 0.6576, 0.2271])
Correlation for training set: 0.9654944146805862
Predicted tensors for test set: 
tensor([0.8157, 0.5995, 0.5980, 0.6167, 0.6677, 0.4566, 0.7930, 0.7377, 0.3416,
        0.6659, 0.6232, 0.7400, 0.3006, 0.5002, 0.6586, 0.6331, 0.5347, 0.5190])
Target tensors for test set: 
tensor([0.8453, 0.8561, 0.1493, 0.7125, 0.3309, 0.7171, 0.2594, 0.1294, 0.9127,
        0.0246, 0.2394, 0.5178, 0.9492, 0.0763, 0.6240, 0.6846, 0.3174, 0.8391])
Correlation for test set: -0.39134486739675056
Fold 4
Epoch: 00, Training Loss: 0.0823, Train MSE: 0.0823, r (train): 0.1011, Test MSE: 0.0851, r (test): -0.2415
Epoch: 01, Training Loss: 0.0866, Train MSE: 0.0866, r (train): 0.1727, Test MSE: 0.0907, r (test): -0.2288
Epoch: 02, Training Loss: 0.0827, Train MSE: 0.0827, r (train): 0.2471, Test MSE: 0.0879, r (test): -0.1957
Epoch: 03, Training Loss: 0.0822, Train MSE: 0.0822, r (train): 0.3108, Test MSE: 0.0889, r (test): -0.1959
Epoch: 04, Training Loss: 0.0795, Train MSE: 0.0795, r (train): 0.3948, Test MSE: 0.0889, r (test): -0.2316
Epoch: 05, Training Loss: 0.0768, Train MSE: 0.0768, r (train): 0.4804, Test MSE: 0.0887, r (test): -0.2373
Epoch: 06, Training Loss: 0.0746, Train MSE: 0.0746, r (train): 0.5515, Test MSE: 0.0878, r (test): -0.2341
Epoch: 07, Training Loss: 0.0707, Train MSE: 0.0707, r (train): 0.6512, Test MSE: 0.0880, r (test): -0.2587
Epoch: 08, Training Loss: 0.0680, Train MSE: 0.0680, r (train): 0.7166, Test MSE: 0.0898, r (test): -0.3007
Epoch: 09, Training Loss: 0.0591, Train MSE: 0.0591, r (train): 0.7860, Test MSE: 0.0875, r (test): -0.3377
Epoch: 10, Training Loss: 0.0524, Train MSE: 0.0524, r (train): 0.8322, Test MSE: 0.0934, r (test): -0.4104
Epoch: 11, Training Loss: 0.0469, Train MSE: 0.0469, r (train): 0.8526, Test MSE: 0.0966, r (test): -0.4510
Epoch: 12, Training Loss: 0.0444, Train MSE: 0.0444, r (train): 0.8747, Test MSE: 0.1104, r (test): -0.4898
Epoch: 13, Training Loss: 0.0408, Train MSE: 0.0408, r (train): 0.8754, Test MSE: 0.1150, r (test): -0.5404
Epoch: 14, Training Loss: 0.0464, Train MSE: 0.0464, r (train): 0.8825, Test MSE: 0.1312, r (test): -0.5901
Epoch: 15, Training Loss: 0.0746, Train MSE: 0.0746, r (train): 0.8864, Test MSE: 0.1632, r (test): -0.5604
Epoch: 16, Training Loss: 0.1095, Train MSE: 0.1095, r (train): 0.8779, Test MSE: 0.1897, r (test): -0.6223
Epoch: 17, Training Loss: 0.1033, Train MSE: 0.1033, r (train): 0.8747, Test MSE: 0.1884, r (test): -0.5838
Epoch: 18, Training Loss: 0.0989, Train MSE: 0.0989, r (train): 0.8528, Test MSE: 0.2101, r (test): -0.5553
Epoch: 19, Training Loss: 0.2070, Train MSE: 0.2070, r (train): 0.8287, Test MSE: 0.3231, r (test): -0.5632
Epoch: 20, Training Loss: 0.1686, Train MSE: 0.1686, r (train): 0.8635, Test MSE: 0.2344, r (test): -0.5374
Epoch: 21, Training Loss: 0.0686, Train MSE: 0.0686, r (train): 0.8531, Test MSE: 0.1447, r (test): -0.6048
Epoch: 22, Training Loss: 0.0195, Train MSE: 0.0195, r (train): 0.8818, Test MSE: 0.0864, r (test): -0.1619
Epoch: 23, Training Loss: 0.0613, Train MSE: 0.0613, r (train): 0.8891, Test MSE: 0.1535, r (test): -0.5278
Epoch: 24, Training Loss: 0.0063, Train MSE: 0.0063, r (train): 0.9572, Test MSE: 0.1118, r (test): -0.5114
Epoch: 25, Training Loss: 0.0045, Train MSE: 0.0045, r (train): 0.9735, Test MSE: 0.1072, r (test): -0.5051
Epoch: 26, Training Loss: 0.0122, Train MSE: 0.0122, r (train): 0.9731, Test MSE: 0.1066, r (test): -0.5376
Epoch: 27, Training Loss: 0.0111, Train MSE: 0.0111, r (train): 0.9569, Test MSE: 0.1066, r (test): -0.5795
Epoch: 28, Training Loss: 0.0077, Train MSE: 0.0077, r (train): 0.9616, Test MSE: 0.1046, r (test): -0.6208
Epoch: 29, Training Loss: 0.0238, Train MSE: 0.0238, r (train): 0.9533, Test MSE: 0.1188, r (test): -0.3616
Epoch: 30, Training Loss: 0.0444, Train MSE: 0.0444, r (train): 0.9546, Test MSE: 0.1486, r (test): -0.3888
Epoch: 31, Training Loss: 0.0163, Train MSE: 0.0163, r (train): 0.9568, Test MSE: 0.1262, r (test): -0.5447
Epoch: 32, Training Loss: 0.0078, Train MSE: 0.0078, r (train): 0.9535, Test MSE: 0.1124, r (test): -0.5469
Epoch: 33, Training Loss: 0.0093, Train MSE: 0.0093, r (train): 0.9352, Test MSE: 0.0989, r (test): -0.5188
Epoch: 34, Training Loss: 0.0148, Train MSE: 0.0148, r (train): 0.9350, Test MSE: 0.0992, r (test): -0.3053
Epoch: 35, Training Loss: 0.0500, Train MSE: 0.0500, r (train): 0.9308, Test MSE: 0.1315, r (test): -0.2801
Epoch: 36, Training Loss: 0.0105, Train MSE: 0.0105, r (train): 0.9572, Test MSE: 0.1037, r (test): -0.4561
Epoch: 37, Training Loss: 0.0379, Train MSE: 0.0379, r (train): 0.9347, Test MSE: 0.1290, r (test): -0.6295
Epoch: 38, Training Loss: 0.0387, Train MSE: 0.0387, r (train): 0.9271, Test MSE: 0.1221, r (test): -0.5837
Epoch: 39, Training Loss: 0.0123, Train MSE: 0.0123, r (train): 0.9262, Test MSE: 0.0960, r (test): -0.4727
Epoch: 40, Training Loss: 0.0497, Train MSE: 0.0497, r (train): 0.9112, Test MSE: 0.1253, r (test): -0.4922
Epoch: 41, Training Loss: 0.0860, Train MSE: 0.0860, r (train): 0.8922, Test MSE: 0.1616, r (test): -0.6202
Epoch: 42, Training Loss: 0.0838, Train MSE: 0.0838, r (train): 0.9160, Test MSE: 0.1686, r (test): -0.6215
Epoch: 43, Training Loss: 0.1065, Train MSE: 0.1065, r (train): 0.9100, Test MSE: 0.1857, r (test): -0.5556
Epoch: 44, Training Loss: 0.0493, Train MSE: 0.0493, r (train): 0.9116, Test MSE: 0.1118, r (test): -0.3583
Epoch: 45, Training Loss: 0.0242, Train MSE: 0.0242, r (train): 0.8910, Test MSE: 0.0942, r (test): -0.3283
Epoch: 46, Training Loss: 0.0193, Train MSE: 0.0193, r (train): 0.8802, Test MSE: 0.1045, r (test): -0.4285
Epoch: 47, Training Loss: 0.0201, Train MSE: 0.0201, r (train): 0.8980, Test MSE: 0.1044, r (test): -0.1798
Epoch: 48, Training Loss: 0.0746, Train MSE: 0.0746, r (train): 0.8585, Test MSE: 0.1581, r (test): -0.0603
Epoch: 49, Training Loss: 0.0556, Train MSE: 0.0556, r (train): 0.8960, Test MSE: 0.1474, r (test): -0.1340
Epoch: 50, Training Loss: 0.0362, Train MSE: 0.0362, r (train): 0.9264, Test MSE: 0.1200, r (test): -0.0603
Epoch: 51, Training Loss: 0.0211, Train MSE: 0.0211, r (train): 0.9397, Test MSE: 0.0978, r (test): -0.1067
Epoch: 52, Training Loss: 0.0077, Train MSE: 0.0077, r (train): 0.9511, Test MSE: 0.0813, r (test): -0.0826
Epoch: 53, Training Loss: 0.0141, Train MSE: 0.0141, r (train): 0.9548, Test MSE: 0.0864, r (test): -0.2271
Epoch: 54, Training Loss: 0.0353, Train MSE: 0.0353, r (train): 0.9401, Test MSE: 0.1039, r (test): -0.1975
Epoch: 55, Training Loss: 0.0205, Train MSE: 0.0205, r (train): 0.9478, Test MSE: 0.0984, r (test): -0.2221
Epoch: 56, Training Loss: 0.0318, Train MSE: 0.0318, r (train): 0.9211, Test MSE: 0.1230, r (test): -0.2372
Epoch: 57, Training Loss: 0.0585, Train MSE: 0.0585, r (train): 0.9141, Test MSE: 0.1510, r (test): -0.0535
Epoch: 58, Training Loss: 0.0208, Train MSE: 0.0208, r (train): 0.9462, Test MSE: 0.0994, r (test): -0.2103
Epoch: 59, Training Loss: 0.0080, Train MSE: 0.0080, r (train): 0.9456, Test MSE: 0.0803, r (test): -0.1568
Epoch: 60, Training Loss: 0.0245, Train MSE: 0.0245, r (train): 0.9613, Test MSE: 0.0914, r (test): -0.1544
Epoch: 61, Training Loss: 0.0169, Train MSE: 0.0169, r (train): 0.9647, Test MSE: 0.0887, r (test): -0.2160
Epoch: 62, Training Loss: 0.0095, Train MSE: 0.0095, r (train): 0.9564, Test MSE: 0.0922, r (test): -0.2735
Epoch: 63, Training Loss: 0.0185, Train MSE: 0.0185, r (train): 0.9599, Test MSE: 0.1158, r (test): -0.2272
Epoch: 64, Training Loss: 0.0108, Train MSE: 0.0108, r (train): 0.9504, Test MSE: 0.0933, r (test): -0.2425
Epoch: 65, Training Loss: 0.0071, Train MSE: 0.0071, r (train): 0.9675, Test MSE: 0.0773, r (test): -0.1389
Epoch: 66, Training Loss: 0.0150, Train MSE: 0.0150, r (train): 0.9712, Test MSE: 0.0822, r (test): -0.1355
Epoch: 67, Training Loss: 0.0091, Train MSE: 0.0091, r (train): 0.9571, Test MSE: 0.0938, r (test): -0.2406
Epoch: 68, Training Loss: 0.0206, Train MSE: 0.0206, r (train): 0.9539, Test MSE: 0.1083, r (test): -0.0772
Epoch: 69, Training Loss: 0.0105, Train MSE: 0.0105, r (train): 0.9554, Test MSE: 0.0912, r (test): -0.2107
Epoch: 70, Training Loss: 0.0107, Train MSE: 0.0107, r (train): 0.9699, Test MSE: 0.0827, r (test): -0.2620
Epoch: 71, Training Loss: 0.0073, Train MSE: 0.0073, r (train): 0.9696, Test MSE: 0.0795, r (test): -0.1376
Epoch: 72, Training Loss: 0.0177, Train MSE: 0.0177, r (train): 0.9432, Test MSE: 0.0983, r (test): -0.1054
Epoch: 73, Training Loss: 0.0115, Train MSE: 0.0115, r (train): 0.9648, Test MSE: 0.0981, r (test): -0.1086
Epoch: 74, Training Loss: 0.0090, Train MSE: 0.0090, r (train): 0.9598, Test MSE: 0.0786, r (test): -0.1574
Epoch: 75, Training Loss: 0.0194, Train MSE: 0.0194, r (train): 0.9510, Test MSE: 0.0801, r (test): -0.0702
Epoch: 76, Training Loss: 0.0124, Train MSE: 0.0124, r (train): 0.9582, Test MSE: 0.0812, r (test): -0.1152
Epoch: 77, Training Loss: 0.0191, Train MSE: 0.0191, r (train): 0.9288, Test MSE: 0.1028, r (test): -0.2368
Epoch: 78, Training Loss: 0.0152, Train MSE: 0.0152, r (train): 0.9460, Test MSE: 0.0911, r (test): -0.0206
Epoch: 79, Training Loss: 0.0085, Train MSE: 0.0085, r (train): 0.9480, Test MSE: 0.0876, r (test): -0.1420
Epoch: 80, Training Loss: 0.0234, Train MSE: 0.0234, r (train): 0.9426, Test MSE: 0.0875, r (test): -0.1359
Epoch: 81, Training Loss: 0.0110, Train MSE: 0.0110, r (train): 0.9640, Test MSE: 0.0771, r (test): -0.1574
Epoch: 82, Training Loss: 0.0186, Train MSE: 0.0186, r (train): 0.9323, Test MSE: 0.1081, r (test): -0.3126
Epoch: 83, Training Loss: 0.0154, Train MSE: 0.0154, r (train): 0.9542, Test MSE: 0.0939, r (test): -0.0587
Epoch: 84, Training Loss: 0.0130, Train MSE: 0.0130, r (train): 0.9635, Test MSE: 0.0881, r (test): 0.0169
Epoch: 85, Training Loss: 0.0093, Train MSE: 0.0093, r (train): 0.9774, Test MSE: 0.0891, r (test): -0.2583
Epoch: 86, Training Loss: 0.0151, Train MSE: 0.0151, r (train): 0.9721, Test MSE: 0.0841, r (test): -0.1431
Epoch: 87, Training Loss: 0.0062, Train MSE: 0.0062, r (train): 0.9682, Test MSE: 0.0824, r (test): -0.2521
Epoch: 88, Training Loss: 0.0145, Train MSE: 0.0145, r (train): 0.9544, Test MSE: 0.0929, r (test): -0.1175
Epoch: 89, Training Loss: 0.0147, Train MSE: 0.0147, r (train): 0.9514, Test MSE: 0.0838, r (test): 0.2159
Epoch: 90, Training Loss: 0.0058, Train MSE: 0.0058, r (train): 0.9594, Test MSE: 0.0777, r (test): -0.0957
Epoch: 91, Training Loss: 0.0168, Train MSE: 0.0168, r (train): 0.9491, Test MSE: 0.0677, r (test): 0.2233
Epoch: 92, Training Loss: 0.0087, Train MSE: 0.0087, r (train): 0.9517, Test MSE: 0.0844, r (test): -0.1693
Epoch: 93, Training Loss: 0.0209, Train MSE: 0.0209, r (train): 0.9384, Test MSE: 0.1014, r (test): -0.2169
Epoch: 94, Training Loss: 0.0186, Train MSE: 0.0186, r (train): 0.9428, Test MSE: 0.0890, r (test): 0.0902
Epoch: 95, Training Loss: 0.0088, Train MSE: 0.0088, r (train): 0.9402, Test MSE: 0.0734, r (test): 0.0442
Epoch: 96, Training Loss: 0.0236, Train MSE: 0.0236, r (train): 0.9293, Test MSE: 0.0767, r (test): 0.0929
Epoch: 97, Training Loss: 0.0157, Train MSE: 0.0157, r (train): 0.9646, Test MSE: 0.0872, r (test): -0.2713
Epoch: 98, Training Loss: 0.0129, Train MSE: 0.0129, r (train): 0.9511, Test MSE: 0.0883, r (test): -0.1286
Epoch: 99, Training Loss: 0.0241, Train MSE: 0.0241, r (train): 0.9185, Test MSE: 0.0876, r (test): 0.1298
Predicted tensors for training set: 
tensor([ 0.6346,  0.5961,  0.2953,  0.3874,  0.5764,  0.0285,  0.4765,  0.1194,
         0.2720,  0.6057,  0.7365, -0.2131,  0.4575,  0.3772,  0.6251,  0.4890,
         0.4814,  0.6990,  0.7766,  0.1417,  0.3626,  0.1882,  0.4358,  0.4344,
         0.2542,  0.0275,  0.7259,  0.6301,  0.4667,  0.5274,  0.1278,  0.5346,
         0.4043,  0.6242,  0.2111,  0.3538,  0.7461,  0.6696,  0.2408,  0.5814,
         0.3305,  0.5473,  0.2135,  0.0121,  0.5968, -0.0591,  0.1045,  0.2440,
         0.6858, -0.0907,  0.4436,  0.4398,  0.1508,  0.5491,  0.5268,  0.4538,
         0.3675,  0.7590,  0.3633,  0.7787,  0.6433,  0.4011,  0.5296,  0.5682,
         0.1761,  0.7584,  0.8163,  0.8446,  0.8573,  0.1040,  0.6190,  0.4059])
Target tensorsfor training set: 
tensor([0.7371, 0.6671, 0.0636, 0.4373, 0.7144, 0.3453, 0.6465, 0.2255, 0.3077,
        0.7950, 0.9656, 0.2169, 0.5780, 0.4640, 0.7596, 0.7270, 0.6577, 0.8411,
        0.9535, 0.2649, 0.4341, 0.2916, 0.5187, 0.5220, 0.4440, 0.0389, 0.8728,
        0.7901, 0.5102, 0.5573, 0.1218, 0.6595, 0.4993, 0.6992, 0.2464, 0.4036,
        0.8453, 0.8561, 0.1493, 0.7125, 0.3309, 0.7171, 0.2594, 0.1294, 0.9127,
        0.0246, 0.2394, 0.5178, 0.9492, 0.0763, 0.6240, 0.6846, 0.3174, 0.8391,
        0.7791, 0.5658, 0.5300, 0.9621, 0.4526, 0.9215, 0.8524, 0.4654, 0.5564,
        0.5779, 0.1055, 0.7462, 0.8418, 0.9150, 0.9072, 0.1295, 0.6576, 0.2271])
Correlation for training set: 0.9185346843996921
Predicted tensors for test set: 
tensor([0.4646, 0.4030, 0.5435, 0.2222, 0.4641, 0.5148, 0.2728, 0.3302, 0.5646,
        0.4554, 0.4657, 0.4972, 0.3670, 0.4801, 0.4217, 0.4264, 0.3916, 0.3859])
Target tensors for test set: 
tensor([0.3829, 0.5783, 0.8363, 0.5023, 0.7507, 0.8556, 0.7497, 0.0981, 0.1360,
        0.7372, 0.6199, 0.8988, 0.9117, 0.4149, 0.5719, 0.4513, 0.4818, 0.0478])
Correlation for test set: 0.12976092342555984
Fold 5
Epoch: 00, Training Loss: 0.0787, Train MSE: 0.0787, r (train): 0.1150, Test MSE: 0.0775, r (test): -0.1989
Epoch: 01, Training Loss: 0.0779, Train MSE: 0.0779, r (train): 0.2055, Test MSE: 0.0767, r (test): -0.1510
Epoch: 02, Training Loss: 0.0751, Train MSE: 0.0751, r (train): 0.2801, Test MSE: 0.0772, r (test): -0.2080
Epoch: 03, Training Loss: 0.0736, Train MSE: 0.0736, r (train): 0.3214, Test MSE: 0.0773, r (test): -0.1958
Epoch: 04, Training Loss: 0.0717, Train MSE: 0.0717, r (train): 0.3981, Test MSE: 0.0768, r (test): -0.2101
Epoch: 05, Training Loss: 0.0708, Train MSE: 0.0708, r (train): 0.4323, Test MSE: 0.0762, r (test): -0.1995
Epoch: 06, Training Loss: 0.0693, Train MSE: 0.0693, r (train): 0.5127, Test MSE: 0.0767, r (test): -0.2503
Epoch: 07, Training Loss: 0.0682, Train MSE: 0.0682, r (train): 0.5565, Test MSE: 0.0764, r (test): -0.2811
Epoch: 08, Training Loss: 0.0667, Train MSE: 0.0667, r (train): 0.6020, Test MSE: 0.0768, r (test): -0.2980
Epoch: 09, Training Loss: 0.0608, Train MSE: 0.0608, r (train): 0.6759, Test MSE: 0.0768, r (test): -0.3415
Epoch: 10, Training Loss: 0.0576, Train MSE: 0.0576, r (train): 0.7206, Test MSE: 0.0771, r (test): -0.3363
Epoch: 11, Training Loss: 0.0504, Train MSE: 0.0504, r (train): 0.7792, Test MSE: 0.0765, r (test): -0.3218
Epoch: 12, Training Loss: 0.0428, Train MSE: 0.0428, r (train): 0.8265, Test MSE: 0.0760, r (test): -0.2484
Epoch: 13, Training Loss: 0.0366, Train MSE: 0.0366, r (train): 0.8538, Test MSE: 0.0772, r (test): -0.2418
Epoch: 14, Training Loss: 0.0292, Train MSE: 0.0292, r (train): 0.8775, Test MSE: 0.0786, r (test): -0.2343
Epoch: 15, Training Loss: 0.0290, Train MSE: 0.0290, r (train): 0.8856, Test MSE: 0.0821, r (test): -0.2768
Epoch: 16, Training Loss: 0.0351, Train MSE: 0.0351, r (train): 0.8822, Test MSE: 0.0857, r (test): -0.2369
Epoch: 17, Training Loss: 0.0338, Train MSE: 0.0338, r (train): 0.8929, Test MSE: 0.0908, r (test): -0.3459
Epoch: 18, Training Loss: 0.0272, Train MSE: 0.0272, r (train): 0.8765, Test MSE: 0.0857, r (test): -0.2826
Epoch: 19, Training Loss: 0.0239, Train MSE: 0.0239, r (train): 0.8582, Test MSE: 0.0900, r (test): -0.3544
Epoch: 20, Training Loss: 0.0665, Train MSE: 0.0665, r (train): 0.8870, Test MSE: 0.1274, r (test): -0.3744
Epoch: 21, Training Loss: 0.1034, Train MSE: 0.1034, r (train): 0.8971, Test MSE: 0.1542, r (test): -0.4215
Epoch: 22, Training Loss: 0.0477, Train MSE: 0.0477, r (train): 0.9290, Test MSE: 0.1217, r (test): -0.4151
Epoch: 23, Training Loss: 0.0224, Train MSE: 0.0224, r (train): 0.9369, Test MSE: 0.1063, r (test): -0.4578
Epoch: 24, Training Loss: 0.0180, Train MSE: 0.0180, r (train): 0.9144, Test MSE: 0.1137, r (test): -0.2952
Epoch: 25, Training Loss: 0.0110, Train MSE: 0.0110, r (train): 0.9443, Test MSE: 0.0940, r (test): -0.3470
Epoch: 26, Training Loss: 0.0300, Train MSE: 0.0300, r (train): 0.9665, Test MSE: 0.1148, r (test): -0.4161
Epoch: 27, Training Loss: 0.0195, Train MSE: 0.0195, r (train): 0.9659, Test MSE: 0.1106, r (test): -0.3924
Epoch: 28, Training Loss: 0.0087, Train MSE: 0.0087, r (train): 0.9553, Test MSE: 0.1056, r (test): -0.3483
Epoch: 29, Training Loss: 0.0108, Train MSE: 0.0108, r (train): 0.9430, Test MSE: 0.1081, r (test): -0.3719
Epoch: 30, Training Loss: 0.0077, Train MSE: 0.0077, r (train): 0.9556, Test MSE: 0.1000, r (test): -0.3762
Epoch: 31, Training Loss: 0.0108, Train MSE: 0.0108, r (train): 0.9309, Test MSE: 0.1028, r (test): -0.4772
Epoch: 32, Training Loss: 0.0197, Train MSE: 0.0197, r (train): 0.9208, Test MSE: 0.1191, r (test): -0.4346
Epoch: 33, Training Loss: 0.0389, Train MSE: 0.0389, r (train): 0.9201, Test MSE: 0.1440, r (test): -0.5387
Epoch: 34, Training Loss: 0.0448, Train MSE: 0.0448, r (train): 0.9067, Test MSE: 0.1411, r (test): -0.4649
Epoch: 35, Training Loss: 0.0512, Train MSE: 0.0512, r (train): 0.8892, Test MSE: 0.1451, r (test): -0.5219
Epoch: 36, Training Loss: 0.0337, Train MSE: 0.0337, r (train): 0.8900, Test MSE: 0.1319, r (test): -0.4880
Epoch: 37, Training Loss: 0.0213, Train MSE: 0.0213, r (train): 0.9015, Test MSE: 0.1234, r (test): -0.5334
Epoch: 38, Training Loss: 0.0183, Train MSE: 0.0183, r (train): 0.8785, Test MSE: 0.0955, r (test): -0.5205
Epoch: 39, Training Loss: 0.0246, Train MSE: 0.0246, r (train): 0.8595, Test MSE: 0.0951, r (test): -0.5355
Epoch: 40, Training Loss: 0.0332, Train MSE: 0.0332, r (train): 0.8426, Test MSE: 0.0887, r (test): -0.2978
Epoch: 41, Training Loss: 0.0726, Train MSE: 0.0726, r (train): 0.8427, Test MSE: 0.1109, r (test): -0.3059
Epoch: 42, Training Loss: 0.0569, Train MSE: 0.0569, r (train): 0.8106, Test MSE: 0.0897, r (test): -0.3119
Epoch: 43, Training Loss: 0.0943, Train MSE: 0.0943, r (train): 0.7997, Test MSE: 0.1069, r (test): -0.2358
Epoch: 44, Training Loss: 0.1112, Train MSE: 0.1112, r (train): 0.8064, Test MSE: 0.1237, r (test): -0.1995
Epoch: 45, Training Loss: 0.1133, Train MSE: 0.1133, r (train): 0.8092, Test MSE: 0.1319, r (test): -0.3521
Epoch: 46, Training Loss: 0.0501, Train MSE: 0.0501, r (train): 0.8194, Test MSE: 0.1054, r (test): -0.4848
Epoch: 47, Training Loss: 0.0210, Train MSE: 0.0210, r (train): 0.8676, Test MSE: 0.1015, r (test): -0.3901
Epoch: 48, Training Loss: 0.0430, Train MSE: 0.0430, r (train): 0.8741, Test MSE: 0.1338, r (test): -0.2663
Epoch: 49, Training Loss: 0.0271, Train MSE: 0.0271, r (train): 0.9348, Test MSE: 0.1241, r (test): -0.3544
Epoch: 50, Training Loss: 0.0098, Train MSE: 0.0098, r (train): 0.9450, Test MSE: 0.1055, r (test): -0.4114
Epoch: 51, Training Loss: 0.0121, Train MSE: 0.0121, r (train): 0.9426, Test MSE: 0.1014, r (test): -0.4516
Epoch: 52, Training Loss: 0.0177, Train MSE: 0.0177, r (train): 0.9318, Test MSE: 0.0996, r (test): -0.3529
Epoch: 53, Training Loss: 0.0165, Train MSE: 0.0165, r (train): 0.9179, Test MSE: 0.0855, r (test): -0.1143
Epoch: 54, Training Loss: 0.0112, Train MSE: 0.0112, r (train): 0.9315, Test MSE: 0.0960, r (test): -0.1412
Epoch: 55, Training Loss: 0.0322, Train MSE: 0.0322, r (train): 0.9434, Test MSE: 0.1345, r (test): -0.2472
Epoch: 56, Training Loss: 0.0098, Train MSE: 0.0098, r (train): 0.9475, Test MSE: 0.1049, r (test): -0.4228
Epoch: 57, Training Loss: 0.0205, Train MSE: 0.0205, r (train): 0.9243, Test MSE: 0.1086, r (test): -0.4808
Epoch: 58, Training Loss: 0.0154, Train MSE: 0.0154, r (train): 0.9344, Test MSE: 0.0968, r (test): -0.3995
Epoch: 59, Training Loss: 0.0135, Train MSE: 0.0135, r (train): 0.9367, Test MSE: 0.1001, r (test): -0.1078
Epoch: 60, Training Loss: 0.0256, Train MSE: 0.0256, r (train): 0.9496, Test MSE: 0.1198, r (test): -0.3074
Epoch: 61, Training Loss: 0.0068, Train MSE: 0.0068, r (train): 0.9529, Test MSE: 0.0983, r (test): -0.3978
Epoch: 62, Training Loss: 0.0226, Train MSE: 0.0226, r (train): 0.9316, Test MSE: 0.1010, r (test): -0.4694
Epoch: 63, Training Loss: 0.0143, Train MSE: 0.0143, r (train): 0.9325, Test MSE: 0.0897, r (test): -0.2031
Epoch: 64, Training Loss: 0.0219, Train MSE: 0.0219, r (train): 0.9165, Test MSE: 0.1189, r (test): -0.1061
Epoch: 65, Training Loss: 0.0415, Train MSE: 0.0415, r (train): 0.9303, Test MSE: 0.1495, r (test): -0.2599
Epoch: 66, Training Loss: 0.0068, Train MSE: 0.0068, r (train): 0.9590, Test MSE: 0.1084, r (test): -0.3315
Epoch: 67, Training Loss: 0.0142, Train MSE: 0.0142, r (train): 0.9306, Test MSE: 0.0954, r (test): -0.3935
Epoch: 68, Training Loss: 0.0175, Train MSE: 0.0175, r (train): 0.9404, Test MSE: 0.0900, r (test): -0.2516
Epoch: 69, Training Loss: 0.0131, Train MSE: 0.0131, r (train): 0.9314, Test MSE: 0.1093, r (test): -0.1731
Epoch: 70, Training Loss: 0.0452, Train MSE: 0.0452, r (train): 0.9363, Test MSE: 0.1636, r (test): -0.2292
Epoch: 71, Training Loss: 0.0237, Train MSE: 0.0237, r (train): 0.9540, Test MSE: 0.1222, r (test): -0.1928
Epoch: 72, Training Loss: 0.0091, Train MSE: 0.0091, r (train): 0.9402, Test MSE: 0.0863, r (test): -0.1171
Epoch: 73, Training Loss: 0.0223, Train MSE: 0.0223, r (train): 0.9446, Test MSE: 0.0902, r (test): -0.1814
Epoch: 74, Training Loss: 0.0131, Train MSE: 0.0131, r (train): 0.9386, Test MSE: 0.1115, r (test): -0.1103
Epoch: 75, Training Loss: 0.0643, Train MSE: 0.0643, r (train): 0.9216, Test MSE: 0.1679, r (test): -0.1089
Epoch: 76, Training Loss: 0.0184, Train MSE: 0.0184, r (train): 0.9591, Test MSE: 0.1259, r (test): -0.2311
Epoch: 77, Training Loss: 0.0102, Train MSE: 0.0102, r (train): 0.9457, Test MSE: 0.0982, r (test): -0.1855
Epoch: 78, Training Loss: 0.0132, Train MSE: 0.0132, r (train): 0.9525, Test MSE: 0.0930, r (test): -0.2141
Epoch: 79, Training Loss: 0.0217, Train MSE: 0.0217, r (train): 0.9424, Test MSE: 0.1126, r (test): -0.0582
Epoch: 80, Training Loss: 0.0620, Train MSE: 0.0620, r (train): 0.9263, Test MSE: 0.1642, r (test): -0.0908
Epoch: 81, Training Loss: 0.0068, Train MSE: 0.0068, r (train): 0.9593, Test MSE: 0.1017, r (test): -0.2008
Epoch: 82, Training Loss: 0.0199, Train MSE: 0.0199, r (train): 0.9227, Test MSE: 0.0975, r (test): -0.3020
Epoch: 83, Training Loss: 0.0137, Train MSE: 0.0137, r (train): 0.9462, Test MSE: 0.0990, r (test): -0.1150
Epoch: 84, Training Loss: 0.0377, Train MSE: 0.0377, r (train): 0.9411, Test MSE: 0.1235, r (test): 0.0033
Epoch: 85, Training Loss: 0.0252, Train MSE: 0.0252, r (train): 0.9483, Test MSE: 0.1300, r (test): -0.2148
Epoch: 86, Training Loss: 0.0091, Train MSE: 0.0091, r (train): 0.9592, Test MSE: 0.1043, r (test): -0.2689
Epoch: 87, Training Loss: 0.0127, Train MSE: 0.0127, r (train): 0.9575, Test MSE: 0.0894, r (test): -0.2007
Epoch: 88, Training Loss: 0.0097, Train MSE: 0.0097, r (train): 0.9438, Test MSE: 0.0940, r (test): -0.1573
Epoch: 89, Training Loss: 0.0222, Train MSE: 0.0222, r (train): 0.9338, Test MSE: 0.1283, r (test): -0.2032
Epoch: 90, Training Loss: 0.0306, Train MSE: 0.0306, r (train): 0.9459, Test MSE: 0.1322, r (test): -0.3382
Epoch: 91, Training Loss: 0.0108, Train MSE: 0.0108, r (train): 0.9212, Test MSE: 0.1009, r (test): -0.2692
Epoch: 92, Training Loss: 0.0087, Train MSE: 0.0087, r (train): 0.9501, Test MSE: 0.0889, r (test): -0.0857
Epoch: 93, Training Loss: 0.0195, Train MSE: 0.0195, r (train): 0.9192, Test MSE: 0.1048, r (test): 0.0285
Epoch: 94, Training Loss: 0.0207, Train MSE: 0.0207, r (train): 0.9584, Test MSE: 0.1338, r (test): -0.1850
Epoch: 95, Training Loss: 0.0099, Train MSE: 0.0099, r (train): 0.9412, Test MSE: 0.1000, r (test): -0.2250
Epoch: 96, Training Loss: 0.0069, Train MSE: 0.0069, r (train): 0.9589, Test MSE: 0.0977, r (test): -0.2145
Epoch: 97, Training Loss: 0.0085, Train MSE: 0.0085, r (train): 0.9401, Test MSE: 0.0937, r (test): -0.1424
Epoch: 98, Training Loss: 0.0214, Train MSE: 0.0214, r (train): 0.9511, Test MSE: 0.1324, r (test): -0.2903
Epoch: 99, Training Loss: 0.0240, Train MSE: 0.0240, r (train): 0.9291, Test MSE: 0.1279, r (test): -0.3073
Predicted tensors for training set: 
tensor([ 0.6493,  0.6016,  0.2170,  0.4645,  0.6910,  0.3800,  0.5875,  0.2788,
         0.2190,  0.6540,  0.7950,  0.2772,  0.4696,  0.4751,  0.5726,  0.5655,
         0.4922,  0.6189,  0.6642,  0.1403,  0.3951,  0.2626,  0.3944,  0.3067,
         0.3494,  0.0165,  0.6468,  0.5903,  0.3921,  0.3461,  0.1115,  0.5110,
         0.4544,  0.5422,  0.3378,  0.4173,  0.6545,  0.6054,  0.2518,  0.6127,
         0.3200,  0.6072,  0.2854,  0.1738,  0.6722,  0.0436,  0.1897,  0.3522,
         0.6879,  0.0255,  0.4463,  0.4732,  0.1909,  0.5499,  0.1713,  0.3632,
         0.5264,  0.2990,  0.5254,  0.5920,  0.4244, -0.0060, -0.0556,  0.5938,
         0.4294,  0.7324,  0.7855,  0.4273,  0.4963,  0.4043,  0.4277,  0.1471])
Target tensorsfor training set: 
tensor([0.7371, 0.6671, 0.0636, 0.4373, 0.7144, 0.3453, 0.6465, 0.2255, 0.3077,
        0.7950, 0.9656, 0.2169, 0.5780, 0.4640, 0.7596, 0.7270, 0.6577, 0.8411,
        0.9535, 0.2649, 0.4341, 0.2916, 0.5187, 0.5220, 0.4440, 0.0389, 0.8728,
        0.7901, 0.5102, 0.5573, 0.1218, 0.6595, 0.4993, 0.6992, 0.2464, 0.4036,
        0.8453, 0.8561, 0.1493, 0.7125, 0.3309, 0.7171, 0.2594, 0.1294, 0.9127,
        0.0246, 0.2394, 0.5178, 0.9492, 0.0763, 0.6240, 0.6846, 0.3174, 0.8391,
        0.3829, 0.5783, 0.8363, 0.5023, 0.7507, 0.8556, 0.7497, 0.0981, 0.1360,
        0.7372, 0.6199, 0.8988, 0.9117, 0.4149, 0.5719, 0.4513, 0.4818, 0.0478])
Correlation for training set: 0.9290761856084222
Predicted tensors for test set: 
tensor([0.4380, 0.3111, 0.4076, 0.4583, 0.4783, 0.3434, 0.4256, 0.3939, 0.2824,
        0.3432, 0.4491, 0.4371, 0.5118, 0.3331, 0.3974, 0.5313, 0.5848, 0.5621])
Target tensors for test set: 
tensor([0.7791, 0.5658, 0.5300, 0.9621, 0.4526, 0.9215, 0.8524, 0.4654, 0.5564,
        0.5779, 0.1055, 0.7462, 0.8418, 0.9150, 0.9072, 0.1295, 0.6576, 0.2271])
Correlation for test set: -0.30728748388477883
Seed: 37
Fold losses: [tensor(0.0057), tensor(0.0214), tensor(0.0118), tensor(0.0241), tensor(0.0240)]
Fold MSE values: [tensor(0.0057), tensor(0.0214), tensor(0.0118), tensor(0.0241), tensor(0.0240)]
Target training values: [tensor([0.9535, 0.2649, 0.4341, 0.2916, 0.5187, 0.5220, 0.4440, 0.0389, 0.8728,
        0.7901, 0.5102, 0.5573, 0.1218, 0.6595, 0.4993, 0.6992, 0.2464, 0.4036,
        0.8453, 0.8561, 0.1493, 0.7125, 0.3309, 0.7171, 0.2594, 0.1294, 0.9127,
        0.0246, 0.2394, 0.5178, 0.9492, 0.0763, 0.6240, 0.6846, 0.3174, 0.8391,
        0.3829, 0.5783, 0.8363, 0.5023, 0.7507, 0.8556, 0.7497, 0.0981, 0.1360,
        0.7372, 0.6199, 0.8988, 0.9117, 0.4149, 0.5719, 0.4513, 0.4818, 0.0478,
        0.7791, 0.5658, 0.5300, 0.9621, 0.4526, 0.9215, 0.8524, 0.4654, 0.5564,
        0.5779, 0.1055, 0.7462, 0.8418, 0.9150, 0.9072, 0.1295, 0.6576, 0.2271]), tensor([0.7371, 0.6671, 0.0636, 0.4373, 0.7144, 0.3453, 0.6465, 0.2255, 0.3077,
        0.7950, 0.9656, 0.2169, 0.5780, 0.4640, 0.7596, 0.7270, 0.6577, 0.8411,
        0.8453, 0.8561, 0.1493, 0.7125, 0.3309, 0.7171, 0.2594, 0.1294, 0.9127,
        0.0246, 0.2394, 0.5178, 0.9492, 0.0763, 0.6240, 0.6846, 0.3174, 0.8391,
        0.3829, 0.5783, 0.8363, 0.5023, 0.7507, 0.8556, 0.7497, 0.0981, 0.1360,
        0.7372, 0.6199, 0.8988, 0.9117, 0.4149, 0.5719, 0.4513, 0.4818, 0.0478,
        0.7791, 0.5658, 0.5300, 0.9621, 0.4526, 0.9215, 0.8524, 0.4654, 0.5564,
        0.5779, 0.1055, 0.7462, 0.8418, 0.9150, 0.9072, 0.1295, 0.6576, 0.2271]), tensor([0.7371, 0.6671, 0.0636, 0.4373, 0.7144, 0.3453, 0.6465, 0.2255, 0.3077,
        0.7950, 0.9656, 0.2169, 0.5780, 0.4640, 0.7596, 0.7270, 0.6577, 0.8411,
        0.9535, 0.2649, 0.4341, 0.2916, 0.5187, 0.5220, 0.4440, 0.0389, 0.8728,
        0.7901, 0.5102, 0.5573, 0.1218, 0.6595, 0.4993, 0.6992, 0.2464, 0.4036,
        0.3829, 0.5783, 0.8363, 0.5023, 0.7507, 0.8556, 0.7497, 0.0981, 0.1360,
        0.7372, 0.6199, 0.8988, 0.9117, 0.4149, 0.5719, 0.4513, 0.4818, 0.0478,
        0.7791, 0.5658, 0.5300, 0.9621, 0.4526, 0.9215, 0.8524, 0.4654, 0.5564,
        0.5779, 0.1055, 0.7462, 0.8418, 0.9150, 0.9072, 0.1295, 0.6576, 0.2271]), tensor([0.7371, 0.6671, 0.0636, 0.4373, 0.7144, 0.3453, 0.6465, 0.2255, 0.3077,
        0.7950, 0.9656, 0.2169, 0.5780, 0.4640, 0.7596, 0.7270, 0.6577, 0.8411,
        0.9535, 0.2649, 0.4341, 0.2916, 0.5187, 0.5220, 0.4440, 0.0389, 0.8728,
        0.7901, 0.5102, 0.5573, 0.1218, 0.6595, 0.4993, 0.6992, 0.2464, 0.4036,
        0.8453, 0.8561, 0.1493, 0.7125, 0.3309, 0.7171, 0.2594, 0.1294, 0.9127,
        0.0246, 0.2394, 0.5178, 0.9492, 0.0763, 0.6240, 0.6846, 0.3174, 0.8391,
        0.7791, 0.5658, 0.5300, 0.9621, 0.4526, 0.9215, 0.8524, 0.4654, 0.5564,
        0.5779, 0.1055, 0.7462, 0.8418, 0.9150, 0.9072, 0.1295, 0.6576, 0.2271]), tensor([0.7371, 0.6671, 0.0636, 0.4373, 0.7144, 0.3453, 0.6465, 0.2255, 0.3077,
        0.7950, 0.9656, 0.2169, 0.5780, 0.4640, 0.7596, 0.7270, 0.6577, 0.8411,
        0.9535, 0.2649, 0.4341, 0.2916, 0.5187, 0.5220, 0.4440, 0.0389, 0.8728,
        0.7901, 0.5102, 0.5573, 0.1218, 0.6595, 0.4993, 0.6992, 0.2464, 0.4036,
        0.8453, 0.8561, 0.1493, 0.7125, 0.3309, 0.7171, 0.2594, 0.1294, 0.9127,
        0.0246, 0.2394, 0.5178, 0.9492, 0.0763, 0.6240, 0.6846, 0.3174, 0.8391,
        0.3829, 0.5783, 0.8363, 0.5023, 0.7507, 0.8556, 0.7497, 0.0981, 0.1360,
        0.7372, 0.6199, 0.8988, 0.9117, 0.4149, 0.5719, 0.4513, 0.4818, 0.0478])]
Prediction training values: [tensor([1.0234, 0.3369, 0.4886, 0.3744, 0.6317, 0.6162, 0.5400, 0.1711, 0.9560,
        0.8123, 0.6143, 0.6553, 0.2710, 0.7344, 0.5641, 0.7518, 0.3498, 0.4057,
        0.8961, 0.8439, 0.1492, 0.7466, 0.3616, 0.6762, 0.2810, 0.0671, 0.8330,
        0.0180, 0.2043, 0.4245, 0.7732, 0.0308, 0.5340, 0.5940, 0.2741, 0.7287,
        0.3874, 0.5233, 0.8423, 0.4647, 0.7639, 0.8985, 0.8152, 0.1757, 0.2473,
        0.8223, 0.7314, 0.9889, 1.0667, 0.5001, 0.6541, 0.5840, 0.5806, 0.1279,
        0.8680, 0.6370, 0.5696, 0.9814, 0.5763, 0.9549, 0.9087, 0.5193, 0.5916,
        0.5955, 0.0933, 0.7087, 0.8286, 0.9012, 0.9128, 0.1704, 0.6776, 0.2972]), tensor([ 0.6303,  0.6069,  0.0091,  0.4142,  0.5997,  0.3433,  0.5163,  0.1711,
         0.2723,  0.6134,  0.7338,  0.0567,  0.4525,  0.4113,  0.6286,  0.4961,
         0.4991,  0.6658,  0.6551,  0.5468, -0.0513,  0.4647,  0.3173,  0.5361,
         0.0865,  0.0194,  0.7574, -0.1482,  0.2086,  0.3528,  0.8698, -0.1243,
         0.4579,  0.5152,  0.2812,  0.7079,  0.2971,  0.5103,  0.7057,  0.3990,
         0.6311,  0.8001,  0.6527,  0.0202, -0.0035,  0.6487,  0.5305,  0.7032,
         0.7010,  0.3727,  0.4748,  0.2869,  0.2695, -0.0625,  0.5656,  0.3981,
         0.4070,  0.7005,  0.2332,  0.6813,  0.6627,  0.2889,  0.4118,  0.3981,
         0.0548,  0.6320,  0.7659,  0.8307,  0.8137,  0.1256,  0.5831,  0.1528]), tensor([0.7792, 0.7850, 0.2062, 0.4793, 0.7897, 0.3805, 0.7353, 0.2542, 0.3357,
        0.9192, 1.1113, 0.3027, 0.7021, 0.5555, 0.9377, 0.8928, 0.7966, 0.9310,
        1.0423, 0.3709, 0.5273, 0.3888, 0.5688, 0.5657, 0.5028, 0.0737, 0.8850,
        0.7702, 0.5422, 0.6051, 0.0966, 0.5951, 0.4926, 0.6243, 0.2657, 0.4290,
        0.4038, 0.6173, 0.8380, 0.6174, 0.8550, 1.0507, 0.8818, 0.2901, 0.2541,
        0.9351, 0.8076, 1.0969, 1.0740, 0.5716, 0.7397, 0.5981, 0.6379, 0.1915,
        0.9498, 0.7051, 0.6486, 1.1266, 0.6252, 1.0593, 1.0272, 0.5675, 0.5918,
        0.6120, 0.1040, 0.7318, 0.8085, 0.8419, 0.9037, 0.1613, 0.6804, 0.2331]), tensor([ 0.6346,  0.5961,  0.2953,  0.3874,  0.5764,  0.0285,  0.4765,  0.1194,
         0.2720,  0.6057,  0.7365, -0.2131,  0.4575,  0.3772,  0.6251,  0.4890,
         0.4814,  0.6990,  0.7766,  0.1417,  0.3626,  0.1882,  0.4358,  0.4344,
         0.2542,  0.0275,  0.7259,  0.6301,  0.4667,  0.5274,  0.1278,  0.5346,
         0.4043,  0.6242,  0.2111,  0.3538,  0.7461,  0.6696,  0.2408,  0.5814,
         0.3305,  0.5473,  0.2135,  0.0121,  0.5968, -0.0591,  0.1045,  0.2440,
         0.6858, -0.0907,  0.4436,  0.4398,  0.1508,  0.5491,  0.5268,  0.4538,
         0.3675,  0.7590,  0.3633,  0.7787,  0.6433,  0.4011,  0.5296,  0.5682,
         0.1761,  0.7584,  0.8163,  0.8446,  0.8573,  0.1040,  0.6190,  0.4059]), tensor([ 0.6493,  0.6016,  0.2170,  0.4645,  0.6910,  0.3800,  0.5875,  0.2788,
         0.2190,  0.6540,  0.7950,  0.2772,  0.4696,  0.4751,  0.5726,  0.5655,
         0.4922,  0.6189,  0.6642,  0.1403,  0.3951,  0.2626,  0.3944,  0.3067,
         0.3494,  0.0165,  0.6468,  0.5903,  0.3921,  0.3461,  0.1115,  0.5110,
         0.4544,  0.5422,  0.3378,  0.4173,  0.6545,  0.6054,  0.2518,  0.6127,
         0.3200,  0.6072,  0.2854,  0.1738,  0.6722,  0.0436,  0.1897,  0.3522,
         0.6879,  0.0255,  0.4463,  0.4732,  0.1909,  0.5499,  0.1713,  0.3632,
         0.5264,  0.2990,  0.5254,  0.5920,  0.4244, -0.0060, -0.0556,  0.5938,
         0.4294,  0.7324,  0.7855,  0.4273,  0.4963,  0.4043,  0.4277,  0.1471])]
Target values: [array([0.73709923, 0.6671056 , 0.06358391, 0.4372734 , 0.71435624,
       0.34531343, 0.6464906 , 0.2254639 , 0.30766785, 0.79497874,
       0.96564525, 0.21692123, 0.578045  , 0.46398443, 0.75962484,
       0.72703534, 0.65769196, 0.84113044], dtype=float32), array([0.95346546, 0.2649091 , 0.43409458, 0.29163042, 0.518717  ,
       0.5220161 , 0.44401234, 0.03887437, 0.8728059 , 0.7900961 ,
       0.51015127, 0.55726975, 0.12180944, 0.659493  , 0.4993471 ,
       0.69921327, 0.24636388, 0.40355092], dtype=float32), array([0.84525365, 0.85610735, 0.14931566, 0.71252435, 0.33092642,
       0.71714455, 0.25936916, 0.12937951, 0.912732  , 0.02463444,
       0.23939352, 0.51780254, 0.9491663 , 0.07633217, 0.62399   ,
       0.6846425 , 0.31742746, 0.8390776 ], dtype=float32), array([0.38285765, 0.57832706, 0.83626515, 0.50225437, 0.75073236,
       0.85557973, 0.7497406 , 0.09805249, 0.1360485 , 0.73719215,
       0.6198749 , 0.89876264, 0.9116711 , 0.41493568, 0.57190746,
       0.45128736, 0.48182514, 0.04781396], dtype=float32), array([0.77910316, 0.5658469 , 0.52996147, 0.96213573, 0.45263878,
       0.9215425 , 0.8524316 , 0.46544507, 0.55641776, 0.5778506 ,
       0.10552448, 0.7462256 , 0.8417677 , 0.91498566, 0.9071598 ,
       0.12948532, 0.6576234 , 0.22711647], dtype=float32)]
Prediction values: [array([0.62383676, 0.61480033, 0.6274132 , 0.60122615, 0.4194747 ,
       0.52048075, 0.46868142, 0.8611233 , 0.5676578 , 0.50718296,
       0.5220382 , 0.93579745, 0.5008637 , 0.61731994, 0.70879316,
       0.65695786, 0.85712945, 0.5095751 ], dtype=float32), array([0.36418086, 0.5147189 , 0.3833266 , 0.51937234, 0.5674569 ,
       0.36635238, 0.5716084 , 0.4331211 , 0.49952447, 0.3244007 ,
       0.34561867, 0.5734154 , 0.42210412, 0.3687381 , 0.51074874,
       0.4606442 , 0.32725316, 0.32161018], dtype=float32), array([0.81565696, 0.5994615 , 0.5979506 , 0.61673373, 0.6676745 ,
       0.45663062, 0.79304314, 0.73765373, 0.34163958, 0.6658522 ,
       0.62319034, 0.73998576, 0.30061373, 0.50016284, 0.65859526,
       0.63312566, 0.5346899 , 0.5189956 ], dtype=float32), array([0.46460596, 0.40299642, 0.5434767 , 0.22215593, 0.4640785 ,
       0.51484585, 0.27276844, 0.33024582, 0.5646315 , 0.45536944,
       0.46574202, 0.49716067, 0.36704093, 0.4800956 , 0.42172626,
       0.42638233, 0.3915564 , 0.38590604], dtype=float32), array([0.43801486, 0.31112224, 0.40756387, 0.4583397 , 0.47829977,
       0.3434037 , 0.42564005, 0.3939226 , 0.28236672, 0.343239  ,
       0.44906095, 0.4370631 , 0.51182073, 0.33306757, 0.39736035,
       0.53133655, 0.5847937 , 0.56210583], dtype=float32)]
Time taken: 980.0943505764008 seconds
