sh: line 1: logger: command not found
/apps/conda/25.3.1/etc/profile.d/conda.sh: line 69: dirname: command not found
/apps/conda/25.3.1/etc/profile.d/conda.sh: line 69: dirname: command not found
/apps/conda/25.3.1/etc/profile.d/mamba.sh: line 59: basename: command not found
Error unknown MAMBA_EXE: "/apps/conda/25.3.1/bin/mamba", filename must be mamba or micromamba
Lmod has detected the following error: This module can only be used on RHEL9
nodes. 
While processing the following module(s):
    Module fullname  Module Filename
    ---------------  ---------------
    gcc/14.2.0       /apps/lmod/modulefiles/core/gcc/14.2.0.lua

pointnet_isthmuscingulate_fs_08.py
/blue/stevenweisberg/ashishkumarsahoo/hippocampAI/conda_pyg_070923/lib/python3.8/site-packages/torch/cuda/__init__.py:155: UserWarning: 
NVIDIA B200 with CUDA capability sm_100 is not compatible with the current PyTorch installation.
The current PyTorch install supports CUDA capabilities sm_37 sm_50 sm_60 sm_61 sm_70 sm_75 sm_80 sm_86 compute_37.
If you want to use the NVIDIA B200 GPU with PyTorch, please check the instructions at https://pytorch.org/get-started/locally/

  warnings.warn(incompatible_device_warn.format(device_name, capability, " ".join(arch_list), device_name))
Number of GPUs available for training: 1
Fold 1
Epoch: 00, Training Loss: 0.1671, Train MSE: 0.1671, r (train): 0.2697, Test MSE: 0.0979, r (test): 0.0724
Epoch: 01, Training Loss: 0.0714, Train MSE: 0.0714, r (train): 0.2587, Test MSE: 0.0723, r (test): 0.2078
Epoch: 02, Training Loss: 0.1023, Train MSE: 0.1023, r (train): 0.2933, Test MSE: 0.0756, r (test): 0.1092
Epoch: 03, Training Loss: 0.0714, Train MSE: 0.0714, r (train): 0.3021, Test MSE: 0.0730, r (test): 0.1351
Epoch: 04, Training Loss: 0.0846, Train MSE: 0.0846, r (train): 0.3289, Test MSE: 0.0751, r (test): 0.0509
Epoch: 05, Training Loss: 0.0696, Train MSE: 0.0696, r (train): 0.2988, Test MSE: 0.0733, r (test): 0.0841
Epoch: 06, Training Loss: 0.0905, Train MSE: 0.0905, r (train): 0.3448, Test MSE: 0.0764, r (test): -0.0440
Epoch: 07, Training Loss: 0.0754, Train MSE: 0.0754, r (train): 0.2050, Test MSE: 0.0743, r (test): -0.0380
Epoch: 08, Training Loss: 0.0795, Train MSE: 0.0795, r (train): 0.3653, Test MSE: 0.0778, r (test): -0.1898
Epoch: 09, Training Loss: 0.0959, Train MSE: 0.0959, r (train): 0.0443, Test MSE: 0.0821, r (test): 0.0425
Epoch: 10, Training Loss: 0.0603, Train MSE: 0.0603, r (train): 0.4238, Test MSE: 0.0749, r (test): -0.1666
Epoch: 11, Training Loss: 0.0583, Train MSE: 0.0583, r (train): 0.4410, Test MSE: 0.0753, r (test): -0.2148
Epoch: 12, Training Loss: 0.0571, Train MSE: 0.0571, r (train): 0.4639, Test MSE: 0.0761, r (test): -0.1551
Epoch: 13, Training Loss: 0.0560, Train MSE: 0.0560, r (train): 0.4786, Test MSE: 0.0767, r (test): -0.1207
Epoch: 14, Training Loss: 0.0552, Train MSE: 0.0552, r (train): 0.4919, Test MSE: 0.0760, r (test): -0.0624
Epoch: 15, Training Loss: 0.0546, Train MSE: 0.0546, r (train): 0.5052, Test MSE: 0.0763, r (test): 0.0117
Epoch: 16, Training Loss: 0.0535, Train MSE: 0.0535, r (train): 0.5222, Test MSE: 0.0763, r (test): 0.0590
Epoch: 17, Training Loss: 0.0524, Train MSE: 0.0524, r (train): 0.5418, Test MSE: 0.0757, r (test): 0.1029
Epoch: 18, Training Loss: 0.0524, Train MSE: 0.0524, r (train): 0.5508, Test MSE: 0.0761, r (test): 0.1154
Epoch: 19, Training Loss: 0.0507, Train MSE: 0.0507, r (train): 0.5493, Test MSE: 0.0743, r (test): 0.1148
Epoch: 20, Training Loss: 0.0531, Train MSE: 0.0531, r (train): 0.5301, Test MSE: 0.0748, r (test): 0.2266
Epoch: 21, Training Loss: 0.0519, Train MSE: 0.0519, r (train): 0.5322, Test MSE: 0.0735, r (test): 0.0984
Epoch: 22, Training Loss: 0.0527, Train MSE: 0.0527, r (train): 0.5821, Test MSE: 0.0765, r (test): 0.1092
Epoch: 23, Training Loss: 0.0523, Train MSE: 0.0523, r (train): 0.5370, Test MSE: 0.0715, r (test): 0.2824
Epoch: 24, Training Loss: 0.0486, Train MSE: 0.0486, r (train): 0.6026, Test MSE: 0.0734, r (test): 0.2779
Epoch: 25, Training Loss: 0.0477, Train MSE: 0.0477, r (train): 0.5909, Test MSE: 0.0698, r (test): 0.3933
Epoch: 26, Training Loss: 0.0454, Train MSE: 0.0454, r (train): 0.6372, Test MSE: 0.0721, r (test): 0.3208
Epoch: 27, Training Loss: 0.0439, Train MSE: 0.0439, r (train): 0.6516, Test MSE: 0.0683, r (test): 0.4529
Epoch: 28, Training Loss: 0.0402, Train MSE: 0.0402, r (train): 0.7232, Test MSE: 0.0701, r (test): 0.3057
Epoch: 29, Training Loss: 0.0347, Train MSE: 0.0347, r (train): 0.7541, Test MSE: 0.0660, r (test): 0.4236
Epoch: 30, Training Loss: 0.0326, Train MSE: 0.0326, r (train): 0.8242, Test MSE: 0.0637, r (test): 0.5479
Epoch: 31, Training Loss: 0.0307, Train MSE: 0.0307, r (train): 0.7895, Test MSE: 0.0600, r (test): 0.5848
Epoch: 32, Training Loss: 0.0304, Train MSE: 0.0304, r (train): 0.8230, Test MSE: 0.0645, r (test): 0.4728
Epoch: 33, Training Loss: 0.0444, Train MSE: 0.0444, r (train): 0.7419, Test MSE: 0.0566, r (test): 0.7452
Epoch: 34, Training Loss: 0.0800, Train MSE: 0.0800, r (train): 0.4177, Test MSE: 0.0593, r (test): 0.5482
Epoch: 35, Training Loss: 0.0851, Train MSE: 0.0851, r (train): 0.4160, Test MSE: 0.0810, r (test): 0.1408
Epoch: 36, Training Loss: 0.0721, Train MSE: 0.0721, r (train): 0.3003, Test MSE: 0.0666, r (test): 0.5973
Epoch: 37, Training Loss: 0.0644, Train MSE: 0.0644, r (train): 0.5377, Test MSE: 0.0762, r (test): 0.3905
Epoch: 38, Training Loss: 0.0456, Train MSE: 0.0456, r (train): 0.6517, Test MSE: 0.0678, r (test): 0.5208
Epoch: 39, Training Loss: 0.0398, Train MSE: 0.0398, r (train): 0.7083, Test MSE: 0.0656, r (test): 0.5583
Epoch: 40, Training Loss: 0.0344, Train MSE: 0.0344, r (train): 0.7635, Test MSE: 0.0637, r (test): 0.6124
Epoch: 41, Training Loss: 0.0305, Train MSE: 0.0305, r (train): 0.7987, Test MSE: 0.0631, r (test): 0.6015
Epoch: 42, Training Loss: 0.0263, Train MSE: 0.0263, r (train): 0.8265, Test MSE: 0.0620, r (test): 0.6395
Epoch: 43, Training Loss: 0.0234, Train MSE: 0.0234, r (train): 0.8470, Test MSE: 0.0610, r (test): 0.6250
Epoch: 44, Training Loss: 0.0192, Train MSE: 0.0192, r (train): 0.8690, Test MSE: 0.0597, r (test): 0.6385
Epoch: 45, Training Loss: 0.0195, Train MSE: 0.0195, r (train): 0.8716, Test MSE: 0.0648, r (test): 0.4462
Epoch: 46, Training Loss: 0.0169, Train MSE: 0.0169, r (train): 0.8848, Test MSE: 0.0591, r (test): 0.5765
Epoch: 47, Training Loss: 0.0139, Train MSE: 0.0139, r (train): 0.9097, Test MSE: 0.0640, r (test): 0.4385
Epoch: 48, Training Loss: 0.0106, Train MSE: 0.0106, r (train): 0.9258, Test MSE: 0.0553, r (test): 0.5967
Epoch: 49, Training Loss: 0.0091, Train MSE: 0.0091, r (train): 0.9359, Test MSE: 0.0594, r (test): 0.5306
Epoch: 50, Training Loss: 0.0098, Train MSE: 0.0098, r (train): 0.9301, Test MSE: 0.0610, r (test): 0.4738
Epoch: 51, Training Loss: 0.0106, Train MSE: 0.0106, r (train): 0.9264, Test MSE: 0.0617, r (test): 0.4942
Epoch: 52, Training Loss: 0.0145, Train MSE: 0.0145, r (train): 0.8941, Test MSE: 0.0589, r (test): 0.4892
Epoch: 53, Training Loss: 0.0143, Train MSE: 0.0143, r (train): 0.9052, Test MSE: 0.0557, r (test): 0.6091
Epoch: 54, Training Loss: 0.0108, Train MSE: 0.0108, r (train): 0.9230, Test MSE: 0.0560, r (test): 0.5833
Epoch: 55, Training Loss: 0.0510, Train MSE: 0.0510, r (train): 0.7827, Test MSE: 0.0592, r (test): 0.5950
Epoch: 56, Training Loss: 0.0505, Train MSE: 0.0505, r (train): 0.7441, Test MSE: 0.0968, r (test): 0.1383
Epoch: 57, Training Loss: 0.0189, Train MSE: 0.0189, r (train): 0.8670, Test MSE: 0.0625, r (test): 0.4650
Epoch: 58, Training Loss: 0.0173, Train MSE: 0.0173, r (train): 0.8768, Test MSE: 0.0669, r (test): 0.4821
Epoch: 59, Training Loss: 0.0098, Train MSE: 0.0098, r (train): 0.9302, Test MSE: 0.0627, r (test): 0.4344
Epoch: 60, Training Loss: 0.0175, Train MSE: 0.0175, r (train): 0.9048, Test MSE: 0.0705, r (test): 0.4963
Epoch: 61, Training Loss: 0.0160, Train MSE: 0.0160, r (train): 0.9194, Test MSE: 0.0706, r (test): 0.4421
Epoch: 62, Training Loss: 0.0187, Train MSE: 0.0187, r (train): 0.9182, Test MSE: 0.0737, r (test): 0.4640
Epoch: 63, Training Loss: 0.0155, Train MSE: 0.0155, r (train): 0.9098, Test MSE: 0.0682, r (test): 0.4240
Epoch: 64, Training Loss: 0.0150, Train MSE: 0.0150, r (train): 0.8992, Test MSE: 0.0667, r (test): 0.3666
Epoch: 65, Training Loss: 0.0181, Train MSE: 0.0181, r (train): 0.8829, Test MSE: 0.0689, r (test): 0.2920
Epoch: 66, Training Loss: 0.0188, Train MSE: 0.0188, r (train): 0.8762, Test MSE: 0.0710, r (test): 0.2315
Epoch: 67, Training Loss: 0.0169, Train MSE: 0.0169, r (train): 0.9033, Test MSE: 0.0660, r (test): 0.3364
Epoch: 68, Training Loss: 0.0242, Train MSE: 0.0242, r (train): 0.8802, Test MSE: 0.0653, r (test): 0.3875
Epoch: 69, Training Loss: 0.0283, Train MSE: 0.0283, r (train): 0.9069, Test MSE: 0.0697, r (test): 0.4494
Epoch: 70, Training Loss: 0.0716, Train MSE: 0.0716, r (train): 0.9062, Test MSE: 0.0968, r (test): 0.4327
Epoch: 71, Training Loss: 0.0844, Train MSE: 0.0844, r (train): 0.8877, Test MSE: 0.1141, r (test): 0.2515
Epoch: 72, Training Loss: 0.0551, Train MSE: 0.0551, r (train): 0.8983, Test MSE: 0.0875, r (test): 0.4837
Epoch: 73, Training Loss: 0.0593, Train MSE: 0.0593, r (train): 0.8894, Test MSE: 0.0910, r (test): 0.4624
Epoch: 74, Training Loss: 0.0398, Train MSE: 0.0398, r (train): 0.8845, Test MSE: 0.0751, r (test): 0.4368
Epoch: 75, Training Loss: 0.0222, Train MSE: 0.0222, r (train): 0.8751, Test MSE: 0.0608, r (test): 0.4884
Epoch: 76, Training Loss: 0.0129, Train MSE: 0.0129, r (train): 0.9084, Test MSE: 0.0605, r (test): 0.4815
Epoch: 77, Training Loss: 0.0191, Train MSE: 0.0191, r (train): 0.9090, Test MSE: 0.0702, r (test): 0.4411
Epoch: 78, Training Loss: 0.0244, Train MSE: 0.0244, r (train): 0.8891, Test MSE: 0.0743, r (test): 0.4180
Epoch: 79, Training Loss: 0.0246, Train MSE: 0.0246, r (train): 0.8838, Test MSE: 0.0747, r (test): 0.3975
Epoch: 80, Training Loss: 0.0193, Train MSE: 0.0193, r (train): 0.9001, Test MSE: 0.0745, r (test): 0.2817
Epoch: 81, Training Loss: 0.0187, Train MSE: 0.0187, r (train): 0.9003, Test MSE: 0.0739, r (test): 0.2331
Epoch: 82, Training Loss: 0.0200, Train MSE: 0.0200, r (train): 0.8874, Test MSE: 0.0663, r (test): 0.3362
Epoch: 83, Training Loss: 0.0439, Train MSE: 0.0439, r (train): 0.9036, Test MSE: 0.0760, r (test): 0.3466
Epoch: 84, Training Loss: 0.0793, Train MSE: 0.0793, r (train): 0.9089, Test MSE: 0.1052, r (test): 0.2733
Epoch: 85, Training Loss: 0.0776, Train MSE: 0.0776, r (train): 0.8958, Test MSE: 0.1087, r (test): 0.3792
Epoch: 86, Training Loss: 0.0390, Train MSE: 0.0390, r (train): 0.9104, Test MSE: 0.0862, r (test): 0.2648
Epoch: 87, Training Loss: 0.0489, Train MSE: 0.0489, r (train): 0.9013, Test MSE: 0.0787, r (test): 0.3958
Epoch: 88, Training Loss: 0.0134, Train MSE: 0.0134, r (train): 0.9023, Test MSE: 0.0525, r (test): 0.5977
Epoch: 89, Training Loss: 0.0129, Train MSE: 0.0129, r (train): 0.9163, Test MSE: 0.0527, r (test): 0.6101
Epoch: 90, Training Loss: 0.0174, Train MSE: 0.0174, r (train): 0.9088, Test MSE: 0.0638, r (test): 0.4495
Epoch: 91, Training Loss: 0.0178, Train MSE: 0.0178, r (train): 0.9142, Test MSE: 0.0590, r (test): 0.5310
Epoch: 92, Training Loss: 0.0382, Train MSE: 0.0382, r (train): 0.9191, Test MSE: 0.0679, r (test): 0.5819
Epoch: 93, Training Loss: 0.0696, Train MSE: 0.0696, r (train): 0.9101, Test MSE: 0.0966, r (test): 0.3369
Epoch: 94, Training Loss: 0.0744, Train MSE: 0.0744, r (train): 0.9280, Test MSE: 0.1073, r (test): 0.4011
Epoch: 95, Training Loss: 0.0668, Train MSE: 0.0668, r (train): 0.9204, Test MSE: 0.1068, r (test): 0.2840
Epoch: 96, Training Loss: 0.0488, Train MSE: 0.0488, r (train): 0.9113, Test MSE: 0.0879, r (test): 0.3669
Epoch: 97, Training Loss: 0.0127, Train MSE: 0.0127, r (train): 0.9265, Test MSE: 0.0632, r (test): 0.3994
Epoch: 98, Training Loss: 0.0189, Train MSE: 0.0189, r (train): 0.9019, Test MSE: 0.0610, r (test): 0.4387
Epoch: 99, Training Loss: 0.0238, Train MSE: 0.0238, r (train): 0.9116, Test MSE: 0.0624, r (test): 0.4028
Predicted tensors for training set: 
tensor([ 0.6769,  0.8961,  0.0082,  0.6458,  0.2575, -0.0878,  0.7713, -0.0549,
         0.3520, -0.0327, -0.0780,  0.1458,  0.3302,  0.4581,  0.5482,  0.0734,
         0.7267,  0.7076,  0.3771,  0.4759,  1.0069,  1.0353,  0.5829,  0.1017,
         1.0532,  0.9499,  0.7860,  0.6645,  0.4853,  0.8651,  0.3203,  0.8104,
         0.7706,  1.0890,  1.1501,  0.2605,  0.7579,  0.6990,  0.9649,  0.9998,
         1.2544,  1.2829,  1.0077,  0.6805,  0.8224,  0.7893,  0.6688,  0.7393,
         0.9275,  0.4596,  0.9025,  0.0577,  0.4529,  0.8867,  0.4285,  0.1331,
         0.5391,  0.7579,  0.0090,  0.5664,  0.5736,  0.6568,  0.2316, -0.1752,
         0.5781,  0.0802,  0.1923,  0.5888,  0.5056,  0.5105,  0.4997,  0.2511])
Target tensorsfor training set: 
tensor([0.6992, 0.9621, 0.0389, 0.7144, 0.3174, 0.1360, 0.8524, 0.0636, 0.5178,
        0.1294, 0.0478, 0.2916, 0.4341, 0.4640, 0.6671, 0.2271, 0.7497, 0.7462,
        0.3453, 0.4149, 0.9127, 0.9215, 0.5023, 0.0763, 0.8418, 0.7596, 0.5573,
        0.4440, 0.2255, 0.6576, 0.2394, 0.6199, 0.5658, 0.8363, 0.9535, 0.1055,
        0.5779, 0.4818, 0.7791, 0.8561, 0.9656, 0.8988, 0.8411, 0.4993, 0.7125,
        0.7270, 0.5719, 0.6595, 0.8556, 0.4513, 0.9117, 0.1295, 0.5102, 0.9150,
        0.5220, 0.2169, 0.6240, 0.8728, 0.4526, 0.6577, 0.7507, 0.8391, 0.4036,
        0.1218, 0.7371, 0.1493, 0.3077, 0.6465, 0.5780, 0.5300, 0.5564, 0.2649])
Correlation for training set: 0.9116163815969868
Predicted tensors for test set: 
tensor([0.3761, 0.5575, 0.5085, 0.5483, 0.6700, 0.5585, 0.6975, 0.6215, 0.5924,
        0.5268, 0.6996, 0.5810, 0.4831, 0.5864, 0.5581, 0.6277, 0.6055, 0.3353])
Target tensors for test set: 
tensor([0.2594, 0.8453, 0.5187, 0.6846, 0.9492, 0.0981, 0.3829, 0.4373, 0.2464,
        0.3309, 0.9072, 0.7901, 0.0246, 0.7171, 0.4654, 0.7950, 0.7372, 0.5783])
Correlation for test set: 0.4027687141680867
Fold 2
Epoch: 00, Training Loss: 0.0692, Train MSE: 0.0692, r (train): 0.1520, Test MSE: 0.1129, r (test): -0.0709
Epoch: 01, Training Loss: 0.0709, Train MSE: 0.0709, r (train): 0.4541, Test MSE: 0.0948, r (test): -0.1250
Epoch: 02, Training Loss: 0.0633, Train MSE: 0.0633, r (train): 0.4480, Test MSE: 0.0954, r (test): -0.0438
Epoch: 03, Training Loss: 0.0633, Train MSE: 0.0633, r (train): 0.4573, Test MSE: 0.0951, r (test): -0.0242
Epoch: 04, Training Loss: 0.0648, Train MSE: 0.0648, r (train): 0.4665, Test MSE: 0.0941, r (test): -0.0077
Epoch: 05, Training Loss: 0.0617, Train MSE: 0.0617, r (train): 0.4757, Test MSE: 0.0948, r (test): 0.0007
Epoch: 06, Training Loss: 0.0614, Train MSE: 0.0614, r (train): 0.4811, Test MSE: 0.0945, r (test): 0.0142
Epoch: 07, Training Loss: 0.0630, Train MSE: 0.0630, r (train): 0.4866, Test MSE: 0.0941, r (test): 0.0314
Epoch: 08, Training Loss: 0.0560, Train MSE: 0.0560, r (train): 0.5028, Test MSE: 0.0962, r (test): 0.0083
Epoch: 09, Training Loss: 0.0800, Train MSE: 0.0800, r (train): 0.4432, Test MSE: 0.0942, r (test): 0.0597
Epoch: 10, Training Loss: 0.0530, Train MSE: 0.0530, r (train): 0.5033, Test MSE: 0.0983, r (test): 0.0129
Epoch: 11, Training Loss: 0.0617, Train MSE: 0.0617, r (train): 0.5302, Test MSE: 0.0935, r (test): 0.0238
Epoch: 12, Training Loss: 0.0481, Train MSE: 0.0481, r (train): 0.5904, Test MSE: 0.0990, r (test): -0.0051
Epoch: 13, Training Loss: 0.0499, Train MSE: 0.0499, r (train): 0.5985, Test MSE: 0.0961, r (test): 0.0113
Epoch: 14, Training Loss: 0.0416, Train MSE: 0.0416, r (train): 0.6642, Test MSE: 0.1039, r (test): -0.0620
Epoch: 15, Training Loss: 0.0426, Train MSE: 0.0426, r (train): 0.6515, Test MSE: 0.1011, r (test): -0.0458
Epoch: 16, Training Loss: 0.0373, Train MSE: 0.0373, r (train): 0.7473, Test MSE: 0.1100, r (test): -0.1478
Epoch: 17, Training Loss: 0.0568, Train MSE: 0.0568, r (train): 0.6009, Test MSE: 0.0973, r (test): -0.0049
Epoch: 18, Training Loss: 0.0406, Train MSE: 0.0406, r (train): 0.6512, Test MSE: 0.1124, r (test): -0.0668
Epoch: 19, Training Loss: 0.0899, Train MSE: 0.0899, r (train): 0.5543, Test MSE: 0.0979, r (test): 0.0405
Epoch: 20, Training Loss: 0.0382, Train MSE: 0.0382, r (train): 0.7248, Test MSE: 0.1047, r (test): -0.0431
Epoch: 21, Training Loss: 0.0456, Train MSE: 0.0456, r (train): 0.7435, Test MSE: 0.0966, r (test): -0.0221
Epoch: 22, Training Loss: 0.0329, Train MSE: 0.0329, r (train): 0.8009, Test MSE: 0.1008, r (test): -0.0112
Epoch: 23, Training Loss: 0.0332, Train MSE: 0.0332, r (train): 0.8014, Test MSE: 0.0992, r (test): 0.0029
Epoch: 24, Training Loss: 0.0275, Train MSE: 0.0275, r (train): 0.8367, Test MSE: 0.0996, r (test): 0.0445
Epoch: 25, Training Loss: 0.0292, Train MSE: 0.0292, r (train): 0.8208, Test MSE: 0.0977, r (test): 0.0804
Epoch: 26, Training Loss: 0.0244, Train MSE: 0.0244, r (train): 0.8593, Test MSE: 0.0988, r (test): 0.0955
Epoch: 27, Training Loss: 0.0237, Train MSE: 0.0237, r (train): 0.8464, Test MSE: 0.0986, r (test): 0.0964
Epoch: 28, Training Loss: 0.0160, Train MSE: 0.0160, r (train): 0.8964, Test MSE: 0.1058, r (test): 0.0713
Epoch: 29, Training Loss: 0.0317, Train MSE: 0.0317, r (train): 0.8484, Test MSE: 0.0996, r (test): 0.0652
Epoch: 30, Training Loss: 0.0188, Train MSE: 0.0188, r (train): 0.8701, Test MSE: 0.1046, r (test): 0.0873
Epoch: 31, Training Loss: 0.0981, Train MSE: 0.0981, r (train): 0.6991, Test MSE: 0.1116, r (test): 0.0545
Epoch: 32, Training Loss: 0.0358, Train MSE: 0.0358, r (train): 0.8137, Test MSE: 0.0923, r (test): 0.1964
Epoch: 33, Training Loss: 0.0306, Train MSE: 0.0306, r (train): 0.8610, Test MSE: 0.1005, r (test): 0.0763
Epoch: 34, Training Loss: 0.0138, Train MSE: 0.0138, r (train): 0.8952, Test MSE: 0.1222, r (test): -0.0297
Epoch: 35, Training Loss: 0.0258, Train MSE: 0.0258, r (train): 0.7847, Test MSE: 0.1224, r (test): -0.0453
Epoch: 36, Training Loss: 0.0329, Train MSE: 0.0329, r (train): 0.7675, Test MSE: 0.1153, r (test): -0.0962
Epoch: 37, Training Loss: 0.0392, Train MSE: 0.0392, r (train): 0.8627, Test MSE: 0.0970, r (test): 0.0706
Epoch: 38, Training Loss: 0.0360, Train MSE: 0.0360, r (train): 0.8818, Test MSE: 0.0983, r (test): 0.1290
Epoch: 39, Training Loss: 0.0174, Train MSE: 0.0174, r (train): 0.9157, Test MSE: 0.0994, r (test): 0.1225
Epoch: 40, Training Loss: 0.0105, Train MSE: 0.0105, r (train): 0.9280, Test MSE: 0.1212, r (test): 0.0646
Epoch: 41, Training Loss: 0.0111, Train MSE: 0.0111, r (train): 0.9126, Test MSE: 0.1317, r (test): 0.0381
Epoch: 42, Training Loss: 0.0184, Train MSE: 0.0184, r (train): 0.9110, Test MSE: 0.1092, r (test): 0.1195
Epoch: 43, Training Loss: 0.0125, Train MSE: 0.0125, r (train): 0.9154, Test MSE: 0.1044, r (test): 0.1816
Epoch: 44, Training Loss: 0.0177, Train MSE: 0.0177, r (train): 0.8951, Test MSE: 0.1078, r (test): 0.1191
Epoch: 45, Training Loss: 0.0154, Train MSE: 0.0154, r (train): 0.9222, Test MSE: 0.1612, r (test): 0.0657
Epoch: 46, Training Loss: 0.0248, Train MSE: 0.0248, r (train): 0.9176, Test MSE: 0.1803, r (test): 0.0966
Epoch: 47, Training Loss: 0.0232, Train MSE: 0.0232, r (train): 0.9097, Test MSE: 0.1802, r (test): 0.1012
Epoch: 48, Training Loss: 0.0176, Train MSE: 0.0176, r (train): 0.8816, Test MSE: 0.1136, r (test): 0.2040
Epoch: 49, Training Loss: 0.0363, Train MSE: 0.0363, r (train): 0.8263, Test MSE: 0.0922, r (test): 0.2246
Epoch: 50, Training Loss: 0.0163, Train MSE: 0.0163, r (train): 0.8865, Test MSE: 0.1452, r (test): 0.0565
Epoch: 51, Training Loss: 0.0179, Train MSE: 0.0179, r (train): 0.8892, Test MSE: 0.1539, r (test): 0.0093
Epoch: 52, Training Loss: 0.0122, Train MSE: 0.0122, r (train): 0.9187, Test MSE: 0.1306, r (test): 0.1241
Epoch: 53, Training Loss: 0.0225, Train MSE: 0.0225, r (train): 0.8772, Test MSE: 0.1034, r (test): 0.1151
Epoch: 54, Training Loss: 0.0543, Train MSE: 0.0543, r (train): 0.8423, Test MSE: 0.0890, r (test): 0.2338
Epoch: 55, Training Loss: 0.0180, Train MSE: 0.0180, r (train): 0.8690, Test MSE: 0.1151, r (test): 0.0377
Epoch: 56, Training Loss: 0.0222, Train MSE: 0.0222, r (train): 0.8141, Test MSE: 0.1407, r (test): -0.0797
Epoch: 57, Training Loss: 0.0137, Train MSE: 0.0137, r (train): 0.8901, Test MSE: 0.1170, r (test): 0.0433
Epoch: 58, Training Loss: 0.0458, Train MSE: 0.0458, r (train): 0.8496, Test MSE: 0.0935, r (test): 0.1255
Epoch: 59, Training Loss: 0.1069, Train MSE: 0.1069, r (train): 0.7858, Test MSE: 0.0997, r (test): 0.1931
Epoch: 60, Training Loss: 0.0588, Train MSE: 0.0588, r (train): 0.7426, Test MSE: 0.0977, r (test): 0.0536
Epoch: 61, Training Loss: 0.0308, Train MSE: 0.0308, r (train): 0.8277, Test MSE: 0.1206, r (test): -0.2005
Epoch: 62, Training Loss: 0.0286, Train MSE: 0.0286, r (train): 0.8269, Test MSE: 0.1073, r (test): 0.0192
Epoch: 63, Training Loss: 0.0411, Train MSE: 0.0411, r (train): 0.8672, Test MSE: 0.0987, r (test): 0.0671
Epoch: 64, Training Loss: 0.0171, Train MSE: 0.0171, r (train): 0.8827, Test MSE: 0.1229, r (test): 0.0618
Epoch: 65, Training Loss: 0.0161, Train MSE: 0.0161, r (train): 0.9069, Test MSE: 0.1538, r (test): 0.0149
Epoch: 66, Training Loss: 0.0210, Train MSE: 0.0210, r (train): 0.9062, Test MSE: 0.1916, r (test): 0.0046
Epoch: 67, Training Loss: 0.0212, Train MSE: 0.0212, r (train): 0.9070, Test MSE: 0.1830, r (test): 0.0543
Epoch: 68, Training Loss: 0.0349, Train MSE: 0.0349, r (train): 0.9149, Test MSE: 0.2174, r (test): 0.0079
Epoch: 69, Training Loss: 0.0578, Train MSE: 0.0578, r (train): 0.9140, Test MSE: 0.2825, r (test): -0.0730
Epoch: 70, Training Loss: 0.0342, Train MSE: 0.0342, r (train): 0.9098, Test MSE: 0.2296, r (test): 0.0005
Epoch: 71, Training Loss: 0.0217, Train MSE: 0.0217, r (train): 0.8871, Test MSE: 0.1775, r (test): 0.0880
Epoch: 72, Training Loss: 0.0198, Train MSE: 0.0198, r (train): 0.8716, Test MSE: 0.1767, r (test): -0.0925
Epoch: 73, Training Loss: 0.0172, Train MSE: 0.0172, r (train): 0.9045, Test MSE: 0.1455, r (test): 0.1094
Epoch: 74, Training Loss: 0.0164, Train MSE: 0.0164, r (train): 0.8816, Test MSE: 0.1108, r (test): 0.1756
Epoch: 75, Training Loss: 0.0396, Train MSE: 0.0396, r (train): 0.8661, Test MSE: 0.0958, r (test): 0.1174
Epoch: 76, Training Loss: 0.0249, Train MSE: 0.0249, r (train): 0.8632, Test MSE: 0.1030, r (test): 0.1353
Epoch: 77, Training Loss: 0.0185, Train MSE: 0.0185, r (train): 0.8972, Test MSE: 0.1518, r (test): 0.0541
Epoch: 78, Training Loss: 0.0481, Train MSE: 0.0481, r (train): 0.8259, Test MSE: 0.1914, r (test): -0.0929
Epoch: 79, Training Loss: 0.0254, Train MSE: 0.0254, r (train): 0.8616, Test MSE: 0.1232, r (test): 0.1058
Epoch: 80, Training Loss: 0.0167, Train MSE: 0.0167, r (train): 0.9052, Test MSE: 0.1513, r (test): 0.1260
Epoch: 81, Training Loss: 0.0154, Train MSE: 0.0154, r (train): 0.9045, Test MSE: 0.1608, r (test): 0.0812
Epoch: 82, Training Loss: 0.0549, Train MSE: 0.0549, r (train): 0.9276, Test MSE: 0.2590, r (test): 0.1132
Epoch: 83, Training Loss: 0.0771, Train MSE: 0.0771, r (train): 0.9173, Test MSE: 0.3176, r (test): 0.0925
Epoch: 84, Training Loss: 0.0939, Train MSE: 0.0939, r (train): 0.9284, Test MSE: 0.3569, r (test): 0.0296
Epoch: 85, Training Loss: 0.0552, Train MSE: 0.0552, r (train): 0.9049, Test MSE: 0.2581, r (test): 0.0704
Epoch: 86, Training Loss: 0.0492, Train MSE: 0.0492, r (train): 0.8971, Test MSE: 0.2345, r (test): 0.0876
Epoch: 87, Training Loss: 0.0284, Train MSE: 0.0284, r (train): 0.8829, Test MSE: 0.1835, r (test): -0.0816
Epoch: 88, Training Loss: 0.0237, Train MSE: 0.0237, r (train): 0.8323, Test MSE: 0.1074, r (test): -0.0859
Epoch: 89, Training Loss: 0.0272, Train MSE: 0.0272, r (train): 0.9038, Test MSE: 0.1044, r (test): -0.0006
Epoch: 90, Training Loss: 0.0189, Train MSE: 0.0189, r (train): 0.9163, Test MSE: 0.1687, r (test): 0.0181
Epoch: 91, Training Loss: 0.0503, Train MSE: 0.0503, r (train): 0.8987, Test MSE: 0.2452, r (test): 0.0057
Epoch: 92, Training Loss: 0.0246, Train MSE: 0.0246, r (train): 0.8873, Test MSE: 0.1851, r (test): -0.1072
Epoch: 93, Training Loss: 0.0206, Train MSE: 0.0206, r (train): 0.9075, Test MSE: 0.2002, r (test): -0.1729
Epoch: 94, Training Loss: 0.0454, Train MSE: 0.0454, r (train): 0.8887, Test MSE: 0.2626, r (test): -0.2792
Epoch: 95, Training Loss: 0.0839, Train MSE: 0.0839, r (train): 0.9183, Test MSE: 0.3430, r (test): -0.1723
Epoch: 96, Training Loss: 0.0951, Train MSE: 0.0951, r (train): 0.9110, Test MSE: 0.3589, r (test): -0.0352
Epoch: 97, Training Loss: 0.0751, Train MSE: 0.0751, r (train): 0.9420, Test MSE: 0.3074, r (test): 0.0276
Epoch: 98, Training Loss: 0.0192, Train MSE: 0.0192, r (train): 0.9143, Test MSE: 0.1627, r (test): 0.1388
Epoch: 99, Training Loss: 0.0254, Train MSE: 0.0254, r (train): 0.9157, Test MSE: 0.1857, r (test): -0.0577
Predicted tensors for training set: 
tensor([0.2495, 0.8428, 0.5546, 0.6516, 0.9054, 0.1833, 0.3593, 0.3834, 0.2414,
        0.3771, 0.8873, 0.7739, 0.1785, 0.8059, 0.5653, 0.9094, 0.8079, 0.7554,
        0.5110, 0.5588, 1.1179, 1.1522, 0.5847, 0.3690, 1.1228, 1.0477, 0.7465,
        0.7231, 0.6126, 0.9211, 0.5022, 0.9177, 0.9086, 1.0841, 1.2586, 0.3092,
        0.8284, 0.7087, 0.8757, 0.9075, 1.1470, 0.9771, 0.8426, 0.5517, 0.7644,
        0.7988, 0.5410, 0.6600, 0.8803, 0.4107, 0.9439, 0.2387, 0.6135, 1.0012,
        0.5905, 0.3629, 0.7107, 1.2781, 0.5916, 0.8052, 0.8276, 0.9318, 0.5100,
        0.1799, 0.8744, 0.2125, 0.3375, 0.6904, 0.6071, 0.5268, 0.5764, 0.3897])
Target tensorsfor training set: 
tensor([0.2594, 0.8453, 0.5187, 0.6846, 0.9492, 0.0981, 0.3829, 0.4373, 0.2464,
        0.3309, 0.9072, 0.7901, 0.0246, 0.7171, 0.4654, 0.7950, 0.7372, 0.5783,
        0.3453, 0.4149, 0.9127, 0.9215, 0.5023, 0.0763, 0.8418, 0.7596, 0.5573,
        0.4440, 0.2255, 0.6576, 0.2394, 0.6199, 0.5658, 0.8363, 0.9535, 0.1055,
        0.5779, 0.4818, 0.7791, 0.8561, 0.9656, 0.8988, 0.8411, 0.4993, 0.7125,
        0.7270, 0.5719, 0.6595, 0.8556, 0.4513, 0.9117, 0.1295, 0.5102, 0.9150,
        0.5220, 0.2169, 0.6240, 0.8728, 0.4526, 0.6577, 0.7507, 0.8391, 0.4036,
        0.1218, 0.7371, 0.1493, 0.3077, 0.6465, 0.5780, 0.5300, 0.5564, 0.2649])
Correlation for training set: 0.915720978024943
Predicted tensors for test set: 
tensor([0.7225, 0.8428, 0.7854, 0.6607, 1.0157, 0.6062, 0.7125, 0.6327, 0.6217,
        0.8759, 0.6458, 0.8871, 0.6086, 0.7544, 0.7525, 0.7777, 0.6638, 0.6911])
Target tensors for test set: 
tensor([0.6992, 0.9621, 0.0389, 0.7144, 0.3174, 0.1360, 0.8524, 0.0636, 0.5178,
        0.1294, 0.0478, 0.2916, 0.4341, 0.4640, 0.6671, 0.2271, 0.7497, 0.7462])
Correlation for test set: -0.05765372178350014
Fold 3
Epoch: 00, Training Loss: 0.1018, Train MSE: 0.1018, r (train): 0.1675, Test MSE: 0.0726, r (test): 0.5023
Epoch: 01, Training Loss: 0.1556, Train MSE: 0.1556, r (train): 0.1914, Test MSE: 0.1743, r (test): 0.4467
Epoch: 02, Training Loss: 0.0833, Train MSE: 0.0833, r (train): 0.3020, Test MSE: 0.0926, r (test): 0.4509
Epoch: 03, Training Loss: 0.0644, Train MSE: 0.0644, r (train): 0.3378, Test MSE: 0.0631, r (test): 0.4902
Epoch: 04, Training Loss: 0.0635, Train MSE: 0.0635, r (train): 0.3561, Test MSE: 0.0627, r (test): 0.4961
Epoch: 05, Training Loss: 0.0626, Train MSE: 0.0626, r (train): 0.3697, Test MSE: 0.0620, r (test): 0.4987
Epoch: 06, Training Loss: 0.0613, Train MSE: 0.0613, r (train): 0.3892, Test MSE: 0.0613, r (test): 0.5037
Epoch: 07, Training Loss: 0.0604, Train MSE: 0.0604, r (train): 0.4002, Test MSE: 0.0619, r (test): 0.4871
Epoch: 08, Training Loss: 0.0589, Train MSE: 0.0589, r (train): 0.4200, Test MSE: 0.0597, r (test): 0.5034
Epoch: 09, Training Loss: 0.0581, Train MSE: 0.0581, r (train): 0.4322, Test MSE: 0.0605, r (test): 0.4963
Epoch: 10, Training Loss: 0.0572, Train MSE: 0.0572, r (train): 0.4460, Test MSE: 0.0621, r (test): 0.4816
Epoch: 11, Training Loss: 0.0555, Train MSE: 0.0555, r (train): 0.4774, Test MSE: 0.0557, r (test): 0.5294
Epoch: 12, Training Loss: 0.0549, Train MSE: 0.0549, r (train): 0.4893, Test MSE: 0.0607, r (test): 0.4813
Epoch: 13, Training Loss: 0.0525, Train MSE: 0.0525, r (train): 0.5277, Test MSE: 0.0557, r (test): 0.5242
Epoch: 14, Training Loss: 0.0528, Train MSE: 0.0528, r (train): 0.5106, Test MSE: 0.0724, r (test): 0.4569
Epoch: 15, Training Loss: 0.0488, Train MSE: 0.0488, r (train): 0.5816, Test MSE: 0.0556, r (test): 0.5306
Epoch: 16, Training Loss: 0.0515, Train MSE: 0.0515, r (train): 0.5343, Test MSE: 0.0856, r (test): 0.4435
Epoch: 17, Training Loss: 0.0460, Train MSE: 0.0460, r (train): 0.6128, Test MSE: 0.0615, r (test): 0.4990
Epoch: 18, Training Loss: 0.0463, Train MSE: 0.0463, r (train): 0.6022, Test MSE: 0.0946, r (test): 0.4361
Epoch: 19, Training Loss: 0.0412, Train MSE: 0.0412, r (train): 0.6840, Test MSE: 0.0630, r (test): 0.4896
Epoch: 20, Training Loss: 0.0770, Train MSE: 0.0770, r (train): 0.4967, Test MSE: 0.2313, r (test): 0.4100
Epoch: 21, Training Loss: 0.0698, Train MSE: 0.0698, r (train): 0.5583, Test MSE: 0.3292, r (test): 0.3803
Epoch: 22, Training Loss: 0.0460, Train MSE: 0.0460, r (train): 0.6493, Test MSE: 0.1618, r (test): 0.3703
Epoch: 23, Training Loss: 0.0605, Train MSE: 0.0605, r (train): 0.5880, Test MSE: 0.2586, r (test): 0.3457
Epoch: 24, Training Loss: 0.0473, Train MSE: 0.0473, r (train): 0.6204, Test MSE: 0.0834, r (test): 0.4584
Epoch: 25, Training Loss: 0.0489, Train MSE: 0.0489, r (train): 0.6585, Test MSE: 0.0724, r (test): 0.2501
Epoch: 26, Training Loss: 0.0483, Train MSE: 0.0483, r (train): 0.6955, Test MSE: 0.1752, r (test): 0.3994
Epoch: 27, Training Loss: 0.0352, Train MSE: 0.0352, r (train): 0.7762, Test MSE: 0.1089, r (test): 0.4477
Epoch: 28, Training Loss: 0.0359, Train MSE: 0.0359, r (train): 0.8119, Test MSE: 0.1117, r (test): 0.4419
Epoch: 29, Training Loss: 0.0301, Train MSE: 0.0301, r (train): 0.8304, Test MSE: 0.1208, r (test): 0.4651
Epoch: 30, Training Loss: 0.0171, Train MSE: 0.0171, r (train): 0.8727, Test MSE: 0.0634, r (test): 0.5239
Epoch: 31, Training Loss: 0.0179, Train MSE: 0.0179, r (train): 0.8775, Test MSE: 0.0772, r (test): 0.5246
Epoch: 32, Training Loss: 0.0228, Train MSE: 0.0228, r (train): 0.8822, Test MSE: 0.0650, r (test): 0.4710
Epoch: 33, Training Loss: 0.0319, Train MSE: 0.0319, r (train): 0.8724, Test MSE: 0.0512, r (test): 0.5962
Epoch: 34, Training Loss: 0.0304, Train MSE: 0.0304, r (train): 0.8709, Test MSE: 0.0717, r (test): 0.5134
Epoch: 35, Training Loss: 0.0341, Train MSE: 0.0341, r (train): 0.8109, Test MSE: 0.0784, r (test): 0.1948
Epoch: 36, Training Loss: 0.0402, Train MSE: 0.0402, r (train): 0.7819, Test MSE: 0.0612, r (test): 0.4441
Epoch: 37, Training Loss: 0.0471, Train MSE: 0.0471, r (train): 0.8549, Test MSE: 0.0521, r (test): 0.6290
Epoch: 38, Training Loss: 0.1079, Train MSE: 0.1079, r (train): 0.8577, Test MSE: 0.1009, r (test): 0.4857
Epoch: 39, Training Loss: 0.0576, Train MSE: 0.0576, r (train): 0.8670, Test MSE: 0.0575, r (test): 0.5967
Epoch: 40, Training Loss: 0.0430, Train MSE: 0.0430, r (train): 0.8670, Test MSE: 0.0784, r (test): 0.4724
Epoch: 41, Training Loss: 0.0310, Train MSE: 0.0310, r (train): 0.8342, Test MSE: 0.1026, r (test): 0.4247
Epoch: 42, Training Loss: 0.0236, Train MSE: 0.0236, r (train): 0.8207, Test MSE: 0.1765, r (test): 0.3782
Epoch: 43, Training Loss: 0.0230, Train MSE: 0.0230, r (train): 0.8262, Test MSE: 0.1507, r (test): 0.3634
Epoch: 44, Training Loss: 0.0313, Train MSE: 0.0313, r (train): 0.8178, Test MSE: 0.1244, r (test): 0.3887
Epoch: 45, Training Loss: 0.0320, Train MSE: 0.0320, r (train): 0.7954, Test MSE: 0.1152, r (test): 0.4276
Epoch: 46, Training Loss: 0.0459, Train MSE: 0.0459, r (train): 0.7551, Test MSE: 0.1112, r (test): 0.3964
Epoch: 47, Training Loss: 0.0281, Train MSE: 0.0281, r (train): 0.8361, Test MSE: 0.0808, r (test): 0.2913
Epoch: 48, Training Loss: 0.0268, Train MSE: 0.0268, r (train): 0.8936, Test MSE: 0.0577, r (test): 0.5240
Epoch: 49, Training Loss: 0.0381, Train MSE: 0.0381, r (train): 0.8637, Test MSE: 0.0692, r (test): 0.3801
Epoch: 50, Training Loss: 0.0514, Train MSE: 0.0514, r (train): 0.8991, Test MSE: 0.0827, r (test): 0.4227
Epoch: 51, Training Loss: 0.0667, Train MSE: 0.0667, r (train): 0.8924, Test MSE: 0.0848, r (test): 0.4858
Epoch: 52, Training Loss: 0.0623, Train MSE: 0.0623, r (train): 0.8816, Test MSE: 0.0883, r (test): 0.4395
Epoch: 53, Training Loss: 0.0491, Train MSE: 0.0491, r (train): 0.8986, Test MSE: 0.0718, r (test): 0.5251
Epoch: 54, Training Loss: 0.0352, Train MSE: 0.0352, r (train): 0.8959, Test MSE: 0.0775, r (test): 0.4370
Epoch: 55, Training Loss: 0.0321, Train MSE: 0.0321, r (train): 0.8686, Test MSE: 0.0734, r (test): 0.3648
Epoch: 56, Training Loss: 0.0216, Train MSE: 0.0216, r (train): 0.8522, Test MSE: 0.1192, r (test): 0.4353
Epoch: 57, Training Loss: 0.0257, Train MSE: 0.0257, r (train): 0.8553, Test MSE: 0.1182, r (test): 0.4290
Epoch: 58, Training Loss: 0.0273, Train MSE: 0.0273, r (train): 0.8559, Test MSE: 0.1121, r (test): 0.4831
Epoch: 59, Training Loss: 0.0270, Train MSE: 0.0270, r (train): 0.8579, Test MSE: 0.0767, r (test): 0.4299
Epoch: 60, Training Loss: 0.0904, Train MSE: 0.0904, r (train): 0.8596, Test MSE: 0.0786, r (test): 0.4948
Epoch: 61, Training Loss: 0.1298, Train MSE: 0.1298, r (train): 0.8717, Test MSE: 0.1393, r (test): 0.3481
Epoch: 62, Training Loss: 0.0869, Train MSE: 0.0869, r (train): 0.8943, Test MSE: 0.1466, r (test): 0.3883
Epoch: 63, Training Loss: 0.0601, Train MSE: 0.0601, r (train): 0.8713, Test MSE: 0.1119, r (test): 0.3812
Epoch: 64, Training Loss: 0.0260, Train MSE: 0.0260, r (train): 0.8993, Test MSE: 0.1037, r (test): 0.4469
Epoch: 65, Training Loss: 0.0220, Train MSE: 0.0220, r (train): 0.8801, Test MSE: 0.1097, r (test): 0.3982
Epoch: 66, Training Loss: 0.0329, Train MSE: 0.0329, r (train): 0.8675, Test MSE: 0.0738, r (test): 0.4953
Epoch: 67, Training Loss: 0.0394, Train MSE: 0.0394, r (train): 0.8740, Test MSE: 0.0747, r (test): 0.4403
Epoch: 68, Training Loss: 0.0277, Train MSE: 0.0277, r (train): 0.8713, Test MSE: 0.0620, r (test): 0.4495
Epoch: 69, Training Loss: 0.0884, Train MSE: 0.0884, r (train): 0.8924, Test MSE: 0.0789, r (test): 0.5311
Epoch: 70, Training Loss: 0.1152, Train MSE: 0.1152, r (train): 0.8944, Test MSE: 0.1240, r (test): 0.3494
Epoch: 71, Training Loss: 0.0840, Train MSE: 0.0840, r (train): 0.9093, Test MSE: 0.0877, r (test): 0.4968
Epoch: 72, Training Loss: 0.0493, Train MSE: 0.0493, r (train): 0.9177, Test MSE: 0.0868, r (test): 0.4433
Epoch: 73, Training Loss: 0.0260, Train MSE: 0.0260, r (train): 0.8948, Test MSE: 0.1105, r (test): 0.4270
Epoch: 74, Training Loss: 0.0244, Train MSE: 0.0244, r (train): 0.8902, Test MSE: 0.0932, r (test): 0.4215
Epoch: 75, Training Loss: 0.0248, Train MSE: 0.0248, r (train): 0.8848, Test MSE: 0.0708, r (test): 0.4797
Epoch: 76, Training Loss: 0.0891, Train MSE: 0.0891, r (train): 0.9064, Test MSE: 0.0830, r (test): 0.5115
Epoch: 77, Training Loss: 0.1296, Train MSE: 0.1296, r (train): 0.9019, Test MSE: 0.1233, r (test): 0.3462
Epoch: 78, Training Loss: 0.0658, Train MSE: 0.0658, r (train): 0.9075, Test MSE: 0.0791, r (test): 0.4740
Epoch: 79, Training Loss: 0.0237, Train MSE: 0.0237, r (train): 0.9031, Test MSE: 0.0787, r (test): 0.4634
Epoch: 80, Training Loss: 0.0175, Train MSE: 0.0175, r (train): 0.8967, Test MSE: 0.0839, r (test): 0.5083
Epoch: 81, Training Loss: 0.0145, Train MSE: 0.0145, r (train): 0.8979, Test MSE: 0.0972, r (test): 0.3822
Epoch: 82, Training Loss: 0.0174, Train MSE: 0.0174, r (train): 0.8887, Test MSE: 0.0903, r (test): 0.4488
Epoch: 83, Training Loss: 0.0240, Train MSE: 0.0240, r (train): 0.9178, Test MSE: 0.0803, r (test): 0.3820
Epoch: 84, Training Loss: 0.0397, Train MSE: 0.0397, r (train): 0.9212, Test MSE: 0.0580, r (test): 0.5583
Epoch: 85, Training Loss: 0.0749, Train MSE: 0.0749, r (train): 0.9097, Test MSE: 0.0905, r (test): 0.5082
Epoch: 86, Training Loss: 0.0330, Train MSE: 0.0330, r (train): 0.8852, Test MSE: 0.0763, r (test): 0.4446
Epoch: 87, Training Loss: 0.0266, Train MSE: 0.0266, r (train): 0.9111, Test MSE: 0.0956, r (test): 0.4065
Epoch: 88, Training Loss: 0.0072, Train MSE: 0.0072, r (train): 0.9489, Test MSE: 0.1118, r (test): 0.4313
Epoch: 89, Training Loss: 0.0113, Train MSE: 0.0113, r (train): 0.9434, Test MSE: 0.0518, r (test): 0.6309
Epoch: 90, Training Loss: 0.0119, Train MSE: 0.0119, r (train): 0.9597, Test MSE: 0.0503, r (test): 0.5792
Epoch: 91, Training Loss: 0.0175, Train MSE: 0.0175, r (train): 0.9469, Test MSE: 0.0517, r (test): 0.5718
Epoch: 92, Training Loss: 0.0186, Train MSE: 0.0186, r (train): 0.9511, Test MSE: 0.0592, r (test): 0.5141
Epoch: 93, Training Loss: 0.0152, Train MSE: 0.0152, r (train): 0.9441, Test MSE: 0.0597, r (test): 0.4809
Epoch: 94, Training Loss: 0.0071, Train MSE: 0.0071, r (train): 0.9493, Test MSE: 0.0562, r (test): 0.5512
Epoch: 95, Training Loss: 0.0103, Train MSE: 0.0103, r (train): 0.9581, Test MSE: 0.0765, r (test): 0.5256
Epoch: 96, Training Loss: 0.0118, Train MSE: 0.0118, r (train): 0.9531, Test MSE: 0.0769, r (test): 0.4751
Epoch: 97, Training Loss: 0.0108, Train MSE: 0.0108, r (train): 0.9567, Test MSE: 0.0580, r (test): 0.5576
Epoch: 98, Training Loss: 0.0140, Train MSE: 0.0140, r (train): 0.9323, Test MSE: 0.0565, r (test): 0.5066
Epoch: 99, Training Loss: 0.0213, Train MSE: 0.0213, r (train): 0.9425, Test MSE: 0.0566, r (test): 0.6067
Predicted tensors for training set: 
tensor([0.3532, 0.8689, 0.5138, 0.7762, 1.0181, 0.1909, 0.4280, 0.4591, 0.3316,
        0.4563, 0.9695, 0.9857, 0.1113, 0.8666, 0.5411, 0.8811, 0.8016, 0.6873,
        0.7901, 1.0866, 0.1132, 0.7422, 0.4500, 0.0912, 0.8629, 0.1158, 0.5063,
        0.1877, 0.0583, 0.2785, 0.4264, 0.3367, 0.6278, 0.1914, 0.7631, 0.7285,
        0.4822, 0.5309, 0.8632, 0.9158, 1.0697, 0.9888, 0.9051, 0.6495, 0.9300,
        0.9385, 0.8637, 0.8873, 1.0985, 0.7741, 1.2269, 0.3994, 0.7801, 1.2160,
        0.7704, 0.4141, 0.8267, 1.1651, 0.8149, 0.8477, 0.8873, 0.9947, 0.5806,
        0.2176, 0.8164, 0.2351, 0.3620, 0.7083, 0.6166, 0.5849, 0.5944, 0.3084])
Target tensorsfor training set: 
tensor([0.2594, 0.8453, 0.5187, 0.6846, 0.9492, 0.0981, 0.3829, 0.4373, 0.2464,
        0.3309, 0.9072, 0.7901, 0.0246, 0.7171, 0.4654, 0.7950, 0.7372, 0.5783,
        0.6992, 0.9621, 0.0389, 0.7144, 0.3174, 0.1360, 0.8524, 0.0636, 0.5178,
        0.1294, 0.0478, 0.2916, 0.4341, 0.4640, 0.6671, 0.2271, 0.7497, 0.7462,
        0.5779, 0.4818, 0.7791, 0.8561, 0.9656, 0.8988, 0.8411, 0.4993, 0.7125,
        0.7270, 0.5719, 0.6595, 0.8556, 0.4513, 0.9117, 0.1295, 0.5102, 0.9150,
        0.5220, 0.2169, 0.6240, 0.8728, 0.4526, 0.6577, 0.7507, 0.8391, 0.4036,
        0.1218, 0.7371, 0.1493, 0.3077, 0.6465, 0.5780, 0.5300, 0.5564, 0.2649])
Correlation for training set: 0.9425293854481683
Predicted tensors for test set: 
tensor([0.4720, 0.6182, 0.7107, 0.6404, 0.5455, 0.5167, 0.7517, 0.6323, 0.4634,
        0.5781, 0.4893, 0.5677, 0.6789, 0.7108, 0.5992, 0.7813, 0.7957, 0.6415])
Target tensors for test set: 
tensor([0.3453, 0.4149, 0.9127, 0.9215, 0.5023, 0.0763, 0.8418, 0.7596, 0.5573,
        0.4440, 0.2255, 0.6576, 0.2394, 0.6199, 0.5658, 0.8363, 0.9535, 0.1055])
Correlation for test set: 0.6066844539012833
Fold 4
Epoch: 00, Training Loss: 0.0756, Train MSE: 0.0756, r (train): 0.1843, Test MSE: 0.0556, r (test): 0.2534
Epoch: 01, Training Loss: 0.0663, Train MSE: 0.0663, r (train): 0.3431, Test MSE: 0.0737, r (test): 0.0856
Epoch: 02, Training Loss: 0.0655, Train MSE: 0.0655, r (train): 0.3693, Test MSE: 0.1179, r (test): 0.0027
Epoch: 03, Training Loss: 0.0673, Train MSE: 0.0673, r (train): 0.3463, Test MSE: 0.0727, r (test): 0.0069
Epoch: 04, Training Loss: 0.0762, Train MSE: 0.0762, r (train): 0.4501, Test MSE: 0.0496, r (test): 0.0665
Epoch: 05, Training Loss: 0.0627, Train MSE: 0.0627, r (train): 0.4540, Test MSE: 0.0648, r (test): 0.0191
Epoch: 06, Training Loss: 0.0601, Train MSE: 0.0601, r (train): 0.4284, Test MSE: 0.0933, r (test): -0.0218
Epoch: 07, Training Loss: 0.0601, Train MSE: 0.0601, r (train): 0.4315, Test MSE: 0.0909, r (test): -0.0454
Epoch: 08, Training Loss: 0.0632, Train MSE: 0.0632, r (train): 0.4838, Test MSE: 0.0632, r (test): -0.0287
Epoch: 09, Training Loss: 0.0657, Train MSE: 0.0657, r (train): 0.5461, Test MSE: 0.0542, r (test): 0.0221
Epoch: 10, Training Loss: 0.0578, Train MSE: 0.0578, r (train): 0.5184, Test MSE: 0.0663, r (test): 0.0096
Epoch: 11, Training Loss: 0.0566, Train MSE: 0.0566, r (train): 0.4834, Test MSE: 0.0855, r (test): -0.0283
Epoch: 12, Training Loss: 0.0560, Train MSE: 0.0560, r (train): 0.4931, Test MSE: 0.0859, r (test): -0.0378
Epoch: 13, Training Loss: 0.0545, Train MSE: 0.0545, r (train): 0.5302, Test MSE: 0.0777, r (test): -0.0371
Epoch: 14, Training Loss: 0.0530, Train MSE: 0.0530, r (train): 0.5528, Test MSE: 0.0754, r (test): -0.0160
Epoch: 15, Training Loss: 0.0520, Train MSE: 0.0520, r (train): 0.5524, Test MSE: 0.0803, r (test): -0.0193
Epoch: 16, Training Loss: 0.0514, Train MSE: 0.0514, r (train): 0.5598, Test MSE: 0.0782, r (test): 0.0028
Epoch: 17, Training Loss: 0.0632, Train MSE: 0.0632, r (train): 0.4863, Test MSE: 0.1465, r (test): -0.0813
Epoch: 18, Training Loss: 0.0658, Train MSE: 0.0658, r (train): 0.4194, Test MSE: 0.0520, r (test): 0.2138
Epoch: 19, Training Loss: 0.0490, Train MSE: 0.0490, r (train): 0.5802, Test MSE: 0.0957, r (test): -0.0432
Epoch: 20, Training Loss: 0.0529, Train MSE: 0.0529, r (train): 0.5803, Test MSE: 0.0623, r (test): 0.1646
Epoch: 21, Training Loss: 0.0477, Train MSE: 0.0477, r (train): 0.6083, Test MSE: 0.0863, r (test): -0.0424
Epoch: 22, Training Loss: 0.0427, Train MSE: 0.0427, r (train): 0.6917, Test MSE: 0.0798, r (test): 0.0470
Epoch: 23, Training Loss: 0.0430, Train MSE: 0.0430, r (train): 0.6475, Test MSE: 0.0930, r (test): -0.0381
Epoch: 24, Training Loss: 0.0394, Train MSE: 0.0394, r (train): 0.6816, Test MSE: 0.1100, r (test): -0.0509
Epoch: 25, Training Loss: 0.0338, Train MSE: 0.0338, r (train): 0.7582, Test MSE: 0.0898, r (test): 0.0030
Epoch: 26, Training Loss: 0.0318, Train MSE: 0.0318, r (train): 0.7570, Test MSE: 0.1093, r (test): -0.0676
Epoch: 27, Training Loss: 0.0379, Train MSE: 0.0379, r (train): 0.7223, Test MSE: 0.1337, r (test): -0.0080
Epoch: 28, Training Loss: 0.0396, Train MSE: 0.0396, r (train): 0.7256, Test MSE: 0.1553, r (test): -0.0716
Epoch: 29, Training Loss: 0.0362, Train MSE: 0.0362, r (train): 0.8496, Test MSE: 0.0551, r (test): 0.1771
Epoch: 30, Training Loss: 0.0260, Train MSE: 0.0260, r (train): 0.8160, Test MSE: 0.1122, r (test): 0.0254
Epoch: 31, Training Loss: 0.0376, Train MSE: 0.0376, r (train): 0.7467, Test MSE: 0.1482, r (test): -0.0318
Epoch: 32, Training Loss: 0.0587, Train MSE: 0.0587, r (train): 0.7177, Test MSE: 0.0575, r (test): 0.1743
Epoch: 33, Training Loss: 0.0326, Train MSE: 0.0326, r (train): 0.7493, Test MSE: 0.0834, r (test): 0.1986
Epoch: 34, Training Loss: 0.0335, Train MSE: 0.0335, r (train): 0.7737, Test MSE: 0.1240, r (test): 0.0850
Epoch: 35, Training Loss: 0.0303, Train MSE: 0.0303, r (train): 0.8366, Test MSE: 0.0584, r (test): 0.1417
Epoch: 36, Training Loss: 0.0311, Train MSE: 0.0311, r (train): 0.8061, Test MSE: 0.1117, r (test): 0.1098
Epoch: 37, Training Loss: 0.0168, Train MSE: 0.0168, r (train): 0.8997, Test MSE: 0.0712, r (test): 0.0978
Epoch: 38, Training Loss: 0.0122, Train MSE: 0.0122, r (train): 0.9344, Test MSE: 0.0658, r (test): 0.1375
Epoch: 39, Training Loss: 0.0146, Train MSE: 0.0146, r (train): 0.9121, Test MSE: 0.0999, r (test): 0.0703
Epoch: 40, Training Loss: 0.0154, Train MSE: 0.0154, r (train): 0.9075, Test MSE: 0.1005, r (test): 0.0461
Epoch: 41, Training Loss: 0.0143, Train MSE: 0.0143, r (train): 0.9085, Test MSE: 0.1087, r (test): -0.0111
Epoch: 42, Training Loss: 0.0328, Train MSE: 0.0328, r (train): 0.9221, Test MSE: 0.0506, r (test): 0.1381
Epoch: 43, Training Loss: 0.1082, Train MSE: 0.1082, r (train): 0.9178, Test MSE: 0.0579, r (test): 0.1746
Epoch: 44, Training Loss: 0.1471, Train MSE: 0.1471, r (train): 0.9133, Test MSE: 0.0759, r (test): 0.2284
Epoch: 45, Training Loss: 0.1370, Train MSE: 0.1370, r (train): 0.9150, Test MSE: 0.0726, r (test): 0.2682
Epoch: 46, Training Loss: 0.0938, Train MSE: 0.0938, r (train): 0.9148, Test MSE: 0.0558, r (test): 0.1582
Epoch: 47, Training Loss: 0.0417, Train MSE: 0.0417, r (train): 0.9165, Test MSE: 0.0405, r (test): 0.3458
Epoch: 48, Training Loss: 0.0160, Train MSE: 0.0160, r (train): 0.8931, Test MSE: 0.0720, r (test): 0.1192
Epoch: 49, Training Loss: 0.0272, Train MSE: 0.0272, r (train): 0.9427, Test MSE: 0.0535, r (test): 0.2202
Epoch: 50, Training Loss: 0.0331, Train MSE: 0.0331, r (train): 0.9252, Test MSE: 0.0484, r (test): 0.2399
Epoch: 51, Training Loss: 0.0800, Train MSE: 0.0800, r (train): 0.8906, Test MSE: 0.0523, r (test): 0.2601
Epoch: 52, Training Loss: 0.0569, Train MSE: 0.0569, r (train): 0.8876, Test MSE: 0.0509, r (test): 0.1996
Epoch: 53, Training Loss: 0.0277, Train MSE: 0.0277, r (train): 0.8957, Test MSE: 0.0532, r (test): 0.2525
Epoch: 54, Training Loss: 0.0160, Train MSE: 0.0160, r (train): 0.8856, Test MSE: 0.0686, r (test): 0.3996
Epoch: 55, Training Loss: 0.0240, Train MSE: 0.0240, r (train): 0.8548, Test MSE: 0.1106, r (test): 0.2752
Epoch: 56, Training Loss: 0.0259, Train MSE: 0.0259, r (train): 0.8614, Test MSE: 0.1300, r (test): 0.3022
Epoch: 57, Training Loss: 0.0296, Train MSE: 0.0296, r (train): 0.8489, Test MSE: 0.1220, r (test): 0.0545
Epoch: 58, Training Loss: 0.0350, Train MSE: 0.0350, r (train): 0.8626, Test MSE: 0.1522, r (test): 0.0516
Epoch: 59, Training Loss: 0.0713, Train MSE: 0.0713, r (train): 0.7801, Test MSE: 0.2097, r (test): -0.1612
Epoch: 60, Training Loss: 0.0763, Train MSE: 0.0763, r (train): 0.7491, Test MSE: 0.2006, r (test): -0.2411
Epoch: 61, Training Loss: 0.0534, Train MSE: 0.0534, r (train): 0.8239, Test MSE: 0.1697, r (test): 0.0319
Epoch: 62, Training Loss: 0.0283, Train MSE: 0.0283, r (train): 0.8930, Test MSE: 0.0568, r (test): -0.0235
Epoch: 63, Training Loss: 0.0296, Train MSE: 0.0296, r (train): 0.9203, Test MSE: 0.0568, r (test): -0.0108
Epoch: 64, Training Loss: 0.0396, Train MSE: 0.0396, r (train): 0.9046, Test MSE: 0.0576, r (test): -0.0543
Epoch: 65, Training Loss: 0.0461, Train MSE: 0.0461, r (train): 0.9041, Test MSE: 0.0549, r (test): 0.0295
Epoch: 66, Training Loss: 0.0744, Train MSE: 0.0744, r (train): 0.9145, Test MSE: 0.0786, r (test): -0.2152
Epoch: 67, Training Loss: 0.0729, Train MSE: 0.0729, r (train): 0.8816, Test MSE: 0.0602, r (test): 0.0276
Epoch: 68, Training Loss: 0.0175, Train MSE: 0.0175, r (train): 0.9075, Test MSE: 0.0633, r (test): 0.0005
Epoch: 69, Training Loss: 0.0162, Train MSE: 0.0162, r (train): 0.9318, Test MSE: 0.0539, r (test): 0.1961
Epoch: 70, Training Loss: 0.0085, Train MSE: 0.0085, r (train): 0.9436, Test MSE: 0.0898, r (test): 0.0995
Epoch: 71, Training Loss: 0.0255, Train MSE: 0.0255, r (train): 0.9036, Test MSE: 0.1370, r (test): -0.1208
Epoch: 72, Training Loss: 0.0114, Train MSE: 0.0114, r (train): 0.9317, Test MSE: 0.0984, r (test): -0.1265
Epoch: 73, Training Loss: 0.0148, Train MSE: 0.0148, r (train): 0.9188, Test MSE: 0.0973, r (test): -0.2972
Epoch: 74, Training Loss: 0.0427, Train MSE: 0.0427, r (train): 0.9294, Test MSE: 0.0550, r (test): -0.0031
Epoch: 75, Training Loss: 0.0936, Train MSE: 0.0936, r (train): 0.9198, Test MSE: 0.0789, r (test): 0.1252
Epoch: 76, Training Loss: 0.0356, Train MSE: 0.0356, r (train): 0.9341, Test MSE: 0.0509, r (test): 0.1307
Epoch: 77, Training Loss: 0.0091, Train MSE: 0.0091, r (train): 0.9527, Test MSE: 0.0538, r (test): 0.3793
Epoch: 78, Training Loss: 0.0132, Train MSE: 0.0132, r (train): 0.9261, Test MSE: 0.1038, r (test): 0.1550
Epoch: 79, Training Loss: 0.0108, Train MSE: 0.0108, r (train): 0.9259, Test MSE: 0.0929, r (test): -0.0258
Epoch: 80, Training Loss: 0.0142, Train MSE: 0.0142, r (train): 0.9273, Test MSE: 0.0685, r (test): -0.2278
Epoch: 81, Training Loss: 0.0373, Train MSE: 0.0373, r (train): 0.9469, Test MSE: 0.0492, r (test): 0.0966
Epoch: 82, Training Loss: 0.0501, Train MSE: 0.0501, r (train): 0.9311, Test MSE: 0.0552, r (test): 0.0743
Epoch: 83, Training Loss: 0.0231, Train MSE: 0.0231, r (train): 0.9285, Test MSE: 0.0578, r (test): -0.0441
Epoch: 84, Training Loss: 0.0124, Train MSE: 0.0124, r (train): 0.9256, Test MSE: 0.0669, r (test): 0.1176
Epoch: 85, Training Loss: 0.0124, Train MSE: 0.0124, r (train): 0.9359, Test MSE: 0.0605, r (test): 0.1878
Epoch: 86, Training Loss: 0.0193, Train MSE: 0.0193, r (train): 0.9248, Test MSE: 0.0614, r (test): -0.1779
Epoch: 87, Training Loss: 0.0189, Train MSE: 0.0189, r (train): 0.9417, Test MSE: 0.0627, r (test): -0.2063
Epoch: 88, Training Loss: 0.0146, Train MSE: 0.0146, r (train): 0.9365, Test MSE: 0.0723, r (test): -0.2650
Epoch: 89, Training Loss: 0.0390, Train MSE: 0.0390, r (train): 0.9386, Test MSE: 0.0664, r (test): -0.1688
Epoch: 90, Training Loss: 0.0381, Train MSE: 0.0381, r (train): 0.9184, Test MSE: 0.0525, r (test): 0.1236
Epoch: 91, Training Loss: 0.0129, Train MSE: 0.0129, r (train): 0.9163, Test MSE: 0.0927, r (test): 0.0658
Epoch: 92, Training Loss: 0.0147, Train MSE: 0.0147, r (train): 0.9284, Test MSE: 0.1201, r (test): -0.5113
Epoch: 93, Training Loss: 0.0157, Train MSE: 0.0157, r (train): 0.9450, Test MSE: 0.1202, r (test): -0.2243
Epoch: 94, Training Loss: 0.0096, Train MSE: 0.0096, r (train): 0.9485, Test MSE: 0.0785, r (test): -0.3125
Epoch: 95, Training Loss: 0.0499, Train MSE: 0.0499, r (train): 0.9467, Test MSE: 0.0652, r (test): -0.1621
Epoch: 96, Training Loss: 0.0869, Train MSE: 0.0869, r (train): 0.9240, Test MSE: 0.0800, r (test): 0.0091
Epoch: 97, Training Loss: 0.0442, Train MSE: 0.0442, r (train): 0.9153, Test MSE: 0.0540, r (test): 0.0902
Epoch: 98, Training Loss: 0.0081, Train MSE: 0.0081, r (train): 0.9436, Test MSE: 0.0778, r (test): 0.0953
Epoch: 99, Training Loss: 0.0107, Train MSE: 0.0107, r (train): 0.9383, Test MSE: 0.0637, r (test): 0.2200
Predicted tensors for training set: 
tensor([ 0.2159,  0.8347,  0.5608,  0.6483,  0.8755, -0.0265,  0.3266,  0.2814,
         0.0831,  0.1808,  0.8175,  0.6435, -0.1127,  0.5859,  0.3803,  0.7575,
         0.6592,  0.5599,  0.6805,  1.0358,  0.0088,  0.8590,  0.4008,  0.2373,
         0.9548,  0.1467,  0.6210,  0.2334,  0.1648,  0.5073,  0.6226,  0.5421,
         0.8188,  0.4563,  0.8761,  0.9488,  0.3823,  0.5060,  1.0441,  1.0056,
         0.5375,  0.1388,  0.8824,  0.8156,  0.5773,  0.4657,  0.1160,  0.6387,
         0.1713,  0.5755,  0.5101,  0.7845,  0.9113,  0.1074,  0.5426,  0.2373,
         0.6461,  1.0559,  0.5812,  0.8060,  0.8449,  0.9173,  0.4899,  0.3982,
         0.8054,  0.2380,  0.3728,  0.6850,  0.6179,  0.5032,  0.5519,  0.3452])
Target tensorsfor training set: 
tensor([0.2594, 0.8453, 0.5187, 0.6846, 0.9492, 0.0981, 0.3829, 0.4373, 0.2464,
        0.3309, 0.9072, 0.7901, 0.0246, 0.7171, 0.4654, 0.7950, 0.7372, 0.5783,
        0.6992, 0.9621, 0.0389, 0.7144, 0.3174, 0.1360, 0.8524, 0.0636, 0.5178,
        0.1294, 0.0478, 0.2916, 0.4341, 0.4640, 0.6671, 0.2271, 0.7497, 0.7462,
        0.3453, 0.4149, 0.9127, 0.9215, 0.5023, 0.0763, 0.8418, 0.7596, 0.5573,
        0.4440, 0.2255, 0.6576, 0.2394, 0.6199, 0.5658, 0.8363, 0.9535, 0.1055,
        0.5220, 0.2169, 0.6240, 0.8728, 0.4526, 0.6577, 0.7507, 0.8391, 0.4036,
        0.1218, 0.7371, 0.1493, 0.3077, 0.6465, 0.5780, 0.5300, 0.5564, 0.2649])
Correlation for training set: 0.9383412265200359
Predicted tensors for test set: 
tensor([0.5455, 0.6474, 0.5300, 0.4769, 0.7164, 0.7491, 0.4876, 0.5225, 0.5157,
        0.5572, 0.5604, 0.5253, 0.3978, 0.7362, 0.5229, 0.4020, 0.4564, 0.6022])
Target tensors for test set: 
tensor([0.5779, 0.4818, 0.7791, 0.8561, 0.9656, 0.8988, 0.8411, 0.4993, 0.7125,
        0.7270, 0.5719, 0.6595, 0.8556, 0.4513, 0.9117, 0.1295, 0.5102, 0.9150])
Correlation for test set: 0.2200356425599673
Fold 5
Epoch: 00, Training Loss: 0.1611, Train MSE: 0.1611, r (train): -0.0852, Test MSE: 0.2061, r (test): -0.2542
Epoch: 01, Training Loss: 0.0810, Train MSE: 0.0810, r (train): 0.2610, Test MSE: 0.0709, r (test): 0.1899
Epoch: 02, Training Loss: 0.0818, Train MSE: 0.0818, r (train): 0.1732, Test MSE: 0.0516, r (test): 0.5074
Epoch: 03, Training Loss: 0.1259, Train MSE: 0.1259, r (train): 0.1167, Test MSE: 0.1596, r (test): -0.1798
Epoch: 04, Training Loss: 0.0859, Train MSE: 0.0859, r (train): 0.3483, Test MSE: 0.0908, r (test): 0.0999
Epoch: 05, Training Loss: 0.0742, Train MSE: 0.0742, r (train): 0.3636, Test MSE: 0.0457, r (test): 0.5473
Epoch: 06, Training Loss: 0.1368, Train MSE: 0.1368, r (train): 0.1053, Test MSE: 0.1768, r (test): -0.2523
Epoch: 07, Training Loss: 0.1005, Train MSE: 0.1005, r (train): 0.3490, Test MSE: 0.1229, r (test): -0.0540
Epoch: 08, Training Loss: 0.0696, Train MSE: 0.0696, r (train): 0.4161, Test MSE: 0.0470, r (test): 0.5119
Epoch: 09, Training Loss: 0.1004, Train MSE: 0.1004, r (train): 0.2218, Test MSE: 0.0954, r (test): 0.1393
Epoch: 10, Training Loss: 0.1442, Train MSE: 0.1442, r (train): 0.1733, Test MSE: 0.2219, r (test): -0.3104
Epoch: 11, Training Loss: 0.0773, Train MSE: 0.0773, r (train): 0.4894, Test MSE: 0.0681, r (test): 0.4457
Epoch: 12, Training Loss: 0.0820, Train MSE: 0.0820, r (train): 0.1952, Test MSE: 0.0497, r (test): 0.4898
Epoch: 13, Training Loss: 0.1748, Train MSE: 0.1748, r (train): 0.1099, Test MSE: 0.2429, r (test): -0.2477
Epoch: 14, Training Loss: 0.0822, Train MSE: 0.0822, r (train): 0.4893, Test MSE: 0.0810, r (test): 0.3458
Epoch: 15, Training Loss: 0.0727, Train MSE: 0.0727, r (train): 0.5772, Test MSE: 0.0681, r (test): 0.3619
Epoch: 16, Training Loss: 0.0791, Train MSE: 0.0791, r (train): 0.5651, Test MSE: 0.0792, r (test): 0.3386
Epoch: 17, Training Loss: 0.0798, Train MSE: 0.0798, r (train): 0.5951, Test MSE: 0.0860, r (test): 0.2873
Epoch: 18, Training Loss: 0.0734, Train MSE: 0.0734, r (train): 0.6236, Test MSE: 0.0719, r (test): 0.3843
Epoch: 19, Training Loss: 0.0778, Train MSE: 0.0778, r (train): 0.6224, Test MSE: 0.0831, r (test): 0.3279
Epoch: 20, Training Loss: 0.0743, Train MSE: 0.0743, r (train): 0.6488, Test MSE: 0.0811, r (test): 0.3457
Epoch: 21, Training Loss: 0.0698, Train MSE: 0.0698, r (train): 0.6685, Test MSE: 0.0748, r (test): 0.3521
Epoch: 22, Training Loss: 0.0776, Train MSE: 0.0776, r (train): 0.6648, Test MSE: 0.0954, r (test): 0.2532
Epoch: 23, Training Loss: 0.0629, Train MSE: 0.0629, r (train): 0.6852, Test MSE: 0.0663, r (test): 0.3946
Epoch: 24, Training Loss: 0.0722, Train MSE: 0.0722, r (train): 0.7124, Test MSE: 0.0934, r (test): 0.2342
Epoch: 25, Training Loss: 0.0599, Train MSE: 0.0599, r (train): 0.5635, Test MSE: 0.0582, r (test): 0.4411
Epoch: 26, Training Loss: 0.1172, Train MSE: 0.1172, r (train): 0.4384, Test MSE: 0.2173, r (test): -0.2932
Epoch: 27, Training Loss: 0.0557, Train MSE: 0.0557, r (train): 0.5693, Test MSE: 0.0572, r (test): 0.3768
Epoch: 28, Training Loss: 0.0590, Train MSE: 0.0590, r (train): 0.7863, Test MSE: 0.0724, r (test): 0.2013
Epoch: 29, Training Loss: 0.0866, Train MSE: 0.0866, r (train): 0.7251, Test MSE: 0.1405, r (test): -0.1251
Epoch: 30, Training Loss: 0.0645, Train MSE: 0.0645, r (train): 0.7816, Test MSE: 0.0977, r (test): 0.1634
Epoch: 31, Training Loss: 0.0433, Train MSE: 0.0433, r (train): 0.8027, Test MSE: 0.0617, r (test): 0.2579
Epoch: 32, Training Loss: 0.0516, Train MSE: 0.0516, r (train): 0.8553, Test MSE: 0.0911, r (test): 0.0808
Epoch: 33, Training Loss: 0.0555, Train MSE: 0.0555, r (train): 0.8727, Test MSE: 0.1063, r (test): 0.0719
Epoch: 34, Training Loss: 0.0499, Train MSE: 0.0499, r (train): 0.8722, Test MSE: 0.0876, r (test): 0.2157
Epoch: 35, Training Loss: 0.0429, Train MSE: 0.0429, r (train): 0.9003, Test MSE: 0.0825, r (test): 0.2028
Epoch: 36, Training Loss: 0.0410, Train MSE: 0.0410, r (train): 0.8891, Test MSE: 0.1069, r (test): 0.0440
Epoch: 37, Training Loss: 0.0533, Train MSE: 0.0533, r (train): 0.8846, Test MSE: 0.0853, r (test): 0.2803
Epoch: 38, Training Loss: 0.0358, Train MSE: 0.0358, r (train): 0.8570, Test MSE: 0.1204, r (test): -0.0807
Epoch: 39, Training Loss: 0.0452, Train MSE: 0.0452, r (train): 0.8986, Test MSE: 0.0987, r (test): 0.2043
Epoch: 40, Training Loss: 0.0455, Train MSE: 0.0455, r (train): 0.9079, Test MSE: 0.0882, r (test): 0.0982
Epoch: 41, Training Loss: 0.0999, Train MSE: 0.0999, r (train): 0.8965, Test MSE: 0.1826, r (test): 0.2102
Epoch: 42, Training Loss: 0.0222, Train MSE: 0.0222, r (train): 0.8515, Test MSE: 0.0735, r (test): -0.1303
Epoch: 43, Training Loss: 0.0593, Train MSE: 0.0593, r (train): 0.8272, Test MSE: 0.1589, r (test): 0.2932
Epoch: 44, Training Loss: 0.0581, Train MSE: 0.0581, r (train): 0.5472, Test MSE: 0.1591, r (test): -0.1963
Epoch: 45, Training Loss: 0.1011, Train MSE: 0.1011, r (train): 0.8332, Test MSE: 0.1403, r (test): 0.1154
Epoch: 46, Training Loss: 0.0329, Train MSE: 0.0329, r (train): 0.8855, Test MSE: 0.0975, r (test): 0.0902
Epoch: 47, Training Loss: 0.0399, Train MSE: 0.0399, r (train): 0.8799, Test MSE: 0.0886, r (test): -0.1039
Epoch: 48, Training Loss: 0.0243, Train MSE: 0.0243, r (train): 0.8901, Test MSE: 0.1161, r (test): -0.0243
Epoch: 49, Training Loss: 0.0636, Train MSE: 0.0636, r (train): 0.9132, Test MSE: 0.1355, r (test): -0.1467
Epoch: 50, Training Loss: 0.0584, Train MSE: 0.0584, r (train): 0.9389, Test MSE: 0.1485, r (test): -0.0472
Epoch: 51, Training Loss: 0.0628, Train MSE: 0.0628, r (train): 0.9264, Test MSE: 0.1504, r (test): -0.1089
Epoch: 52, Training Loss: 0.0448, Train MSE: 0.0448, r (train): 0.9254, Test MSE: 0.1241, r (test): -0.0403
Epoch: 53, Training Loss: 0.0505, Train MSE: 0.0505, r (train): 0.9066, Test MSE: 0.1326, r (test): -0.0546
Epoch: 54, Training Loss: 0.0322, Train MSE: 0.0322, r (train): 0.9180, Test MSE: 0.1091, r (test): -0.0084
Epoch: 55, Training Loss: 0.0121, Train MSE: 0.0121, r (train): 0.9320, Test MSE: 0.0882, r (test): -0.0022
Epoch: 56, Training Loss: 0.0117, Train MSE: 0.0117, r (train): 0.9227, Test MSE: 0.0840, r (test): -0.0084
Epoch: 57, Training Loss: 0.0144, Train MSE: 0.0144, r (train): 0.9052, Test MSE: 0.0762, r (test): 0.0978
Epoch: 58, Training Loss: 0.0204, Train MSE: 0.0204, r (train): 0.8981, Test MSE: 0.0783, r (test): 0.1460
Epoch: 59, Training Loss: 0.0218, Train MSE: 0.0218, r (train): 0.9075, Test MSE: 0.0802, r (test): 0.1806
Epoch: 60, Training Loss: 0.0275, Train MSE: 0.0275, r (train): 0.8924, Test MSE: 0.0806, r (test): 0.1882
Epoch: 61, Training Loss: 0.0180, Train MSE: 0.0180, r (train): 0.8885, Test MSE: 0.0722, r (test): 0.0972
Epoch: 62, Training Loss: 0.0199, Train MSE: 0.0199, r (train): 0.8716, Test MSE: 0.1123, r (test): -0.0161
Epoch: 63, Training Loss: 0.0453, Train MSE: 0.0453, r (train): 0.8491, Test MSE: 0.0902, r (test): 0.0127
Epoch: 64, Training Loss: 0.0365, Train MSE: 0.0365, r (train): 0.8600, Test MSE: 0.1558, r (test): -0.0195
Epoch: 65, Training Loss: 0.0469, Train MSE: 0.0469, r (train): 0.8863, Test MSE: 0.1042, r (test): -0.0407
Epoch: 66, Training Loss: 0.0610, Train MSE: 0.0610, r (train): 0.8818, Test MSE: 0.1972, r (test): -0.1344
Epoch: 67, Training Loss: 0.1027, Train MSE: 0.1027, r (train): 0.8935, Test MSE: 0.2210, r (test): -0.2329
Epoch: 68, Training Loss: 0.0756, Train MSE: 0.0756, r (train): 0.9041, Test MSE: 0.2391, r (test): -0.1422
Epoch: 69, Training Loss: 0.0387, Train MSE: 0.0387, r (train): 0.9082, Test MSE: 0.1135, r (test): -0.0484
Epoch: 70, Training Loss: 0.0140, Train MSE: 0.0140, r (train): 0.9279, Test MSE: 0.0813, r (test): -0.0244
Epoch: 71, Training Loss: 0.0118, Train MSE: 0.0118, r (train): 0.9228, Test MSE: 0.0788, r (test): 0.0230
Epoch: 72, Training Loss: 0.0252, Train MSE: 0.0252, r (train): 0.8677, Test MSE: 0.0763, r (test): 0.1935
Epoch: 73, Training Loss: 0.0216, Train MSE: 0.0216, r (train): 0.8819, Test MSE: 0.0807, r (test): -0.0471
Epoch: 74, Training Loss: 0.0096, Train MSE: 0.0096, r (train): 0.9568, Test MSE: 0.0613, r (test): 0.1901
Epoch: 75, Training Loss: 0.0103, Train MSE: 0.0103, r (train): 0.9489, Test MSE: 0.0869, r (test): 0.0242
Epoch: 76, Training Loss: 0.0434, Train MSE: 0.0434, r (train): 0.9290, Test MSE: 0.1465, r (test): -0.0301
Epoch: 77, Training Loss: 0.0602, Train MSE: 0.0602, r (train): 0.9319, Test MSE: 0.1720, r (test): -0.0797
Epoch: 78, Training Loss: 0.0140, Train MSE: 0.0140, r (train): 0.9361, Test MSE: 0.0799, r (test): 0.0809
Epoch: 79, Training Loss: 0.0070, Train MSE: 0.0070, r (train): 0.9580, Test MSE: 0.0712, r (test): 0.0724
Epoch: 80, Training Loss: 0.0128, Train MSE: 0.0128, r (train): 0.9384, Test MSE: 0.0679, r (test): 0.1909
Epoch: 81, Training Loss: 0.0127, Train MSE: 0.0127, r (train): 0.9261, Test MSE: 0.0615, r (test): 0.1895
Epoch: 82, Training Loss: 0.0123, Train MSE: 0.0123, r (train): 0.9397, Test MSE: 0.0741, r (test): 0.1128
Epoch: 83, Training Loss: 0.0530, Train MSE: 0.0530, r (train): 0.9029, Test MSE: 0.1686, r (test): 0.0490
Epoch: 84, Training Loss: 0.0766, Train MSE: 0.0766, r (train): 0.9208, Test MSE: 0.1676, r (test): 0.0435
Epoch: 85, Training Loss: 0.0193, Train MSE: 0.0193, r (train): 0.9262, Test MSE: 0.0838, r (test): 0.1309
Epoch: 86, Training Loss: 0.0100, Train MSE: 0.0100, r (train): 0.9423, Test MSE: 0.0679, r (test): 0.0485
Epoch: 87, Training Loss: 0.0214, Train MSE: 0.0214, r (train): 0.9132, Test MSE: 0.0816, r (test): 0.3000
Epoch: 88, Training Loss: 0.0227, Train MSE: 0.0227, r (train): 0.8860, Test MSE: 0.0595, r (test): 0.1805
Epoch: 89, Training Loss: 0.0100, Train MSE: 0.0100, r (train): 0.9419, Test MSE: 0.0628, r (test): 0.2151
Epoch: 90, Training Loss: 0.0503, Train MSE: 0.0503, r (train): 0.9226, Test MSE: 0.1454, r (test): 0.0683
Epoch: 91, Training Loss: 0.0366, Train MSE: 0.0366, r (train): 0.9302, Test MSE: 0.1010, r (test): 0.0671
Epoch: 92, Training Loss: 0.0102, Train MSE: 0.0102, r (train): 0.9379, Test MSE: 0.0643, r (test): 0.1298
Epoch: 93, Training Loss: 0.0176, Train MSE: 0.0176, r (train): 0.9422, Test MSE: 0.0748, r (test): 0.2492
Epoch: 94, Training Loss: 0.0343, Train MSE: 0.0343, r (train): 0.8857, Test MSE: 0.0874, r (test): 0.2677
Epoch: 95, Training Loss: 0.0222, Train MSE: 0.0222, r (train): 0.8587, Test MSE: 0.0953, r (test): -0.2115
Epoch: 96, Training Loss: 0.0314, Train MSE: 0.0314, r (train): 0.9683, Test MSE: 0.1164, r (test): 0.1496
Epoch: 97, Training Loss: 0.0122, Train MSE: 0.0122, r (train): 0.9594, Test MSE: 0.0833, r (test): 0.0307
Epoch: 98, Training Loss: 0.0069, Train MSE: 0.0069, r (train): 0.9607, Test MSE: 0.0622, r (test): 0.2224
Epoch: 99, Training Loss: 0.0092, Train MSE: 0.0092, r (train): 0.9705, Test MSE: 0.0715, r (test): 0.0928
Predicted tensors for training set: 
tensor([ 0.2235,  0.7105,  0.5630,  0.6027,  0.7924, -0.0122,  0.2585,  0.3380,
         0.1517,  0.2098,  0.6797,  0.5952, -0.0822,  0.4618,  0.3544,  0.6210,
         0.5415,  0.3986,  0.5339,  0.8152, -0.0550,  0.5774,  0.3022,  0.0998,
         0.7771,  0.0630,  0.4805,  0.1807,  0.1266,  0.3118,  0.4382,  0.4723,
         0.6410,  0.2121,  0.7063,  0.7406,  0.2953,  0.4159,  0.8726,  0.8862,
         0.4450,  0.0552,  0.7686,  0.6945,  0.4815,  0.3638,  0.1640,  0.5816,
         0.1475,  0.4457,  0.4945,  0.7269,  0.8380,  0.0058,  0.3994,  0.4563,
         0.7216,  0.8197,  0.8902,  0.8942,  0.7992,  0.4848,  0.6988,  0.6965,
         0.5716,  0.6683,  0.8011,  0.4496,  0.8721,  0.1000,  0.4883,  0.8986])
Target tensorsfor training set: 
tensor([0.2594, 0.8453, 0.5187, 0.6846, 0.9492, 0.0981, 0.3829, 0.4373, 0.2464,
        0.3309, 0.9072, 0.7901, 0.0246, 0.7171, 0.4654, 0.7950, 0.7372, 0.5783,
        0.6992, 0.9621, 0.0389, 0.7144, 0.3174, 0.1360, 0.8524, 0.0636, 0.5178,
        0.1294, 0.0478, 0.2916, 0.4341, 0.4640, 0.6671, 0.2271, 0.7497, 0.7462,
        0.3453, 0.4149, 0.9127, 0.9215, 0.5023, 0.0763, 0.8418, 0.7596, 0.5573,
        0.4440, 0.2255, 0.6576, 0.2394, 0.6199, 0.5658, 0.8363, 0.9535, 0.1055,
        0.5779, 0.4818, 0.7791, 0.8561, 0.9656, 0.8988, 0.8411, 0.4993, 0.7125,
        0.7270, 0.5719, 0.6595, 0.8556, 0.4513, 0.9117, 0.1295, 0.5102, 0.9150])
Correlation for training set: 0.9704862273550261
Predicted tensors for test set: 
tensor([0.1501, 0.3191, 0.6024, 0.4207, 0.6946, 0.5288, 0.3596, 0.3846, 0.4494,
        0.1157, 0.5380, 0.5928, 0.5287, 0.4666, 0.4102, 0.4871, 0.2608, 0.5133])
Target tensors for test set: 
tensor([0.5220, 0.2169, 0.6240, 0.8728, 0.4526, 0.6577, 0.7507, 0.8391, 0.4036,
        0.1218, 0.7371, 0.1493, 0.3077, 0.6465, 0.5780, 0.5300, 0.5564, 0.2649])
Correlation for test set: 0.09277301793311842
Seed: 8
Fold losses: [tensor(0.0238), tensor(0.0254), tensor(0.0213), tensor(0.0107), tensor(0.0092)]
Fold MSE values: [tensor(0.0238), tensor(0.0254), tensor(0.0213), tensor(0.0107), tensor(0.0092)]
Target training values: [tensor([0.6992, 0.9621, 0.0389, 0.7144, 0.3174, 0.1360, 0.8524, 0.0636, 0.5178,
        0.1294, 0.0478, 0.2916, 0.4341, 0.4640, 0.6671, 0.2271, 0.7497, 0.7462,
        0.3453, 0.4149, 0.9127, 0.9215, 0.5023, 0.0763, 0.8418, 0.7596, 0.5573,
        0.4440, 0.2255, 0.6576, 0.2394, 0.6199, 0.5658, 0.8363, 0.9535, 0.1055,
        0.5779, 0.4818, 0.7791, 0.8561, 0.9656, 0.8988, 0.8411, 0.4993, 0.7125,
        0.7270, 0.5719, 0.6595, 0.8556, 0.4513, 0.9117, 0.1295, 0.5102, 0.9150,
        0.5220, 0.2169, 0.6240, 0.8728, 0.4526, 0.6577, 0.7507, 0.8391, 0.4036,
        0.1218, 0.7371, 0.1493, 0.3077, 0.6465, 0.5780, 0.5300, 0.5564, 0.2649]), tensor([0.2594, 0.8453, 0.5187, 0.6846, 0.9492, 0.0981, 0.3829, 0.4373, 0.2464,
        0.3309, 0.9072, 0.7901, 0.0246, 0.7171, 0.4654, 0.7950, 0.7372, 0.5783,
        0.3453, 0.4149, 0.9127, 0.9215, 0.5023, 0.0763, 0.8418, 0.7596, 0.5573,
        0.4440, 0.2255, 0.6576, 0.2394, 0.6199, 0.5658, 0.8363, 0.9535, 0.1055,
        0.5779, 0.4818, 0.7791, 0.8561, 0.9656, 0.8988, 0.8411, 0.4993, 0.7125,
        0.7270, 0.5719, 0.6595, 0.8556, 0.4513, 0.9117, 0.1295, 0.5102, 0.9150,
        0.5220, 0.2169, 0.6240, 0.8728, 0.4526, 0.6577, 0.7507, 0.8391, 0.4036,
        0.1218, 0.7371, 0.1493, 0.3077, 0.6465, 0.5780, 0.5300, 0.5564, 0.2649]), tensor([0.2594, 0.8453, 0.5187, 0.6846, 0.9492, 0.0981, 0.3829, 0.4373, 0.2464,
        0.3309, 0.9072, 0.7901, 0.0246, 0.7171, 0.4654, 0.7950, 0.7372, 0.5783,
        0.6992, 0.9621, 0.0389, 0.7144, 0.3174, 0.1360, 0.8524, 0.0636, 0.5178,
        0.1294, 0.0478, 0.2916, 0.4341, 0.4640, 0.6671, 0.2271, 0.7497, 0.7462,
        0.5779, 0.4818, 0.7791, 0.8561, 0.9656, 0.8988, 0.8411, 0.4993, 0.7125,
        0.7270, 0.5719, 0.6595, 0.8556, 0.4513, 0.9117, 0.1295, 0.5102, 0.9150,
        0.5220, 0.2169, 0.6240, 0.8728, 0.4526, 0.6577, 0.7507, 0.8391, 0.4036,
        0.1218, 0.7371, 0.1493, 0.3077, 0.6465, 0.5780, 0.5300, 0.5564, 0.2649]), tensor([0.2594, 0.8453, 0.5187, 0.6846, 0.9492, 0.0981, 0.3829, 0.4373, 0.2464,
        0.3309, 0.9072, 0.7901, 0.0246, 0.7171, 0.4654, 0.7950, 0.7372, 0.5783,
        0.6992, 0.9621, 0.0389, 0.7144, 0.3174, 0.1360, 0.8524, 0.0636, 0.5178,
        0.1294, 0.0478, 0.2916, 0.4341, 0.4640, 0.6671, 0.2271, 0.7497, 0.7462,
        0.3453, 0.4149, 0.9127, 0.9215, 0.5023, 0.0763, 0.8418, 0.7596, 0.5573,
        0.4440, 0.2255, 0.6576, 0.2394, 0.6199, 0.5658, 0.8363, 0.9535, 0.1055,
        0.5220, 0.2169, 0.6240, 0.8728, 0.4526, 0.6577, 0.7507, 0.8391, 0.4036,
        0.1218, 0.7371, 0.1493, 0.3077, 0.6465, 0.5780, 0.5300, 0.5564, 0.2649]), tensor([0.2594, 0.8453, 0.5187, 0.6846, 0.9492, 0.0981, 0.3829, 0.4373, 0.2464,
        0.3309, 0.9072, 0.7901, 0.0246, 0.7171, 0.4654, 0.7950, 0.7372, 0.5783,
        0.6992, 0.9621, 0.0389, 0.7144, 0.3174, 0.1360, 0.8524, 0.0636, 0.5178,
        0.1294, 0.0478, 0.2916, 0.4341, 0.4640, 0.6671, 0.2271, 0.7497, 0.7462,
        0.3453, 0.4149, 0.9127, 0.9215, 0.5023, 0.0763, 0.8418, 0.7596, 0.5573,
        0.4440, 0.2255, 0.6576, 0.2394, 0.6199, 0.5658, 0.8363, 0.9535, 0.1055,
        0.5779, 0.4818, 0.7791, 0.8561, 0.9656, 0.8988, 0.8411, 0.4993, 0.7125,
        0.7270, 0.5719, 0.6595, 0.8556, 0.4513, 0.9117, 0.1295, 0.5102, 0.9150])]
Prediction training values: [tensor([ 0.6769,  0.8961,  0.0082,  0.6458,  0.2575, -0.0878,  0.7713, -0.0549,
         0.3520, -0.0327, -0.0780,  0.1458,  0.3302,  0.4581,  0.5482,  0.0734,
         0.7267,  0.7076,  0.3771,  0.4759,  1.0069,  1.0353,  0.5829,  0.1017,
         1.0532,  0.9499,  0.7860,  0.6645,  0.4853,  0.8651,  0.3203,  0.8104,
         0.7706,  1.0890,  1.1501,  0.2605,  0.7579,  0.6990,  0.9649,  0.9998,
         1.2544,  1.2829,  1.0077,  0.6805,  0.8224,  0.7893,  0.6688,  0.7393,
         0.9275,  0.4596,  0.9025,  0.0577,  0.4529,  0.8867,  0.4285,  0.1331,
         0.5391,  0.7579,  0.0090,  0.5664,  0.5736,  0.6568,  0.2316, -0.1752,
         0.5781,  0.0802,  0.1923,  0.5888,  0.5056,  0.5105,  0.4997,  0.2511]), tensor([0.2495, 0.8428, 0.5546, 0.6516, 0.9054, 0.1833, 0.3593, 0.3834, 0.2414,
        0.3771, 0.8873, 0.7739, 0.1785, 0.8059, 0.5653, 0.9094, 0.8079, 0.7554,
        0.5110, 0.5588, 1.1179, 1.1522, 0.5847, 0.3690, 1.1228, 1.0477, 0.7465,
        0.7231, 0.6126, 0.9211, 0.5022, 0.9177, 0.9086, 1.0841, 1.2586, 0.3092,
        0.8284, 0.7087, 0.8757, 0.9075, 1.1470, 0.9771, 0.8426, 0.5517, 0.7644,
        0.7988, 0.5410, 0.6600, 0.8803, 0.4107, 0.9439, 0.2387, 0.6135, 1.0012,
        0.5905, 0.3629, 0.7107, 1.2781, 0.5916, 0.8052, 0.8276, 0.9318, 0.5100,
        0.1799, 0.8744, 0.2125, 0.3375, 0.6904, 0.6071, 0.5268, 0.5764, 0.3897]), tensor([0.3532, 0.8689, 0.5138, 0.7762, 1.0181, 0.1909, 0.4280, 0.4591, 0.3316,
        0.4563, 0.9695, 0.9857, 0.1113, 0.8666, 0.5411, 0.8811, 0.8016, 0.6873,
        0.7901, 1.0866, 0.1132, 0.7422, 0.4500, 0.0912, 0.8629, 0.1158, 0.5063,
        0.1877, 0.0583, 0.2785, 0.4264, 0.3367, 0.6278, 0.1914, 0.7631, 0.7285,
        0.4822, 0.5309, 0.8632, 0.9158, 1.0697, 0.9888, 0.9051, 0.6495, 0.9300,
        0.9385, 0.8637, 0.8873, 1.0985, 0.7741, 1.2269, 0.3994, 0.7801, 1.2160,
        0.7704, 0.4141, 0.8267, 1.1651, 0.8149, 0.8477, 0.8873, 0.9947, 0.5806,
        0.2176, 0.8164, 0.2351, 0.3620, 0.7083, 0.6166, 0.5849, 0.5944, 0.3084]), tensor([ 0.2159,  0.8347,  0.5608,  0.6483,  0.8755, -0.0265,  0.3266,  0.2814,
         0.0831,  0.1808,  0.8175,  0.6435, -0.1127,  0.5859,  0.3803,  0.7575,
         0.6592,  0.5599,  0.6805,  1.0358,  0.0088,  0.8590,  0.4008,  0.2373,
         0.9548,  0.1467,  0.6210,  0.2334,  0.1648,  0.5073,  0.6226,  0.5421,
         0.8188,  0.4563,  0.8761,  0.9488,  0.3823,  0.5060,  1.0441,  1.0056,
         0.5375,  0.1388,  0.8824,  0.8156,  0.5773,  0.4657,  0.1160,  0.6387,
         0.1713,  0.5755,  0.5101,  0.7845,  0.9113,  0.1074,  0.5426,  0.2373,
         0.6461,  1.0559,  0.5812,  0.8060,  0.8449,  0.9173,  0.4899,  0.3982,
         0.8054,  0.2380,  0.3728,  0.6850,  0.6179,  0.5032,  0.5519,  0.3452]), tensor([ 0.2235,  0.7105,  0.5630,  0.6027,  0.7924, -0.0122,  0.2585,  0.3380,
         0.1517,  0.2098,  0.6797,  0.5952, -0.0822,  0.4618,  0.3544,  0.6210,
         0.5415,  0.3986,  0.5339,  0.8152, -0.0550,  0.5774,  0.3022,  0.0998,
         0.7771,  0.0630,  0.4805,  0.1807,  0.1266,  0.3118,  0.4382,  0.4723,
         0.6410,  0.2121,  0.7063,  0.7406,  0.2953,  0.4159,  0.8726,  0.8862,
         0.4450,  0.0552,  0.7686,  0.6945,  0.4815,  0.3638,  0.1640,  0.5816,
         0.1475,  0.4457,  0.4945,  0.7269,  0.8380,  0.0058,  0.3994,  0.4563,
         0.7216,  0.8197,  0.8902,  0.8942,  0.7992,  0.4848,  0.6988,  0.6965,
         0.5716,  0.6683,  0.8011,  0.4496,  0.8721,  0.1000,  0.4883,  0.8986])]
Target values: [array([0.25936916, 0.84525365, 0.518717  , 0.6846425 , 0.9491663 ,
       0.09805249, 0.38285765, 0.4372734 , 0.24636388, 0.33092642,
       0.9071598 , 0.7900961 , 0.02463444, 0.71714455, 0.46544507,
       0.79497874, 0.73719215, 0.57832706], dtype=float32), array([0.69921327, 0.96213573, 0.03887437, 0.71435624, 0.31742746,
       0.1360485 , 0.8524316 , 0.06358391, 0.51780254, 0.12937951,
       0.04781396, 0.29163042, 0.43409458, 0.46398443, 0.6671056 ,
       0.22711647, 0.7497406 , 0.7462256 ], dtype=float32), array([0.34531343, 0.41493568, 0.912732  , 0.9215425 , 0.50225437,
       0.07633217, 0.8417677 , 0.75962484, 0.55726975, 0.44401234,
       0.2254639 , 0.6576234 , 0.23939352, 0.6198749 , 0.5658469 ,
       0.83626515, 0.95346546, 0.10552448], dtype=float32), array([0.5778506 , 0.48182514, 0.77910316, 0.85610735, 0.96564525,
       0.89876264, 0.84113044, 0.4993471 , 0.71252435, 0.72703534,
       0.57190746, 0.659493  , 0.85557973, 0.45128736, 0.9116711 ,
       0.12948532, 0.51015127, 0.91498566], dtype=float32), array([0.5220161 , 0.21692123, 0.62399   , 0.8728059 , 0.45263878,
       0.65769196, 0.75073236, 0.8390776 , 0.40355092, 0.12180944,
       0.73709923, 0.14931566, 0.30766785, 0.6464906 , 0.578045  ,
       0.52996147, 0.55641776, 0.2649091 ], dtype=float32)]
Prediction values: [array([0.3760923 , 0.5574583 , 0.508518  , 0.54834205, 0.6700047 ,
       0.5585497 , 0.69745135, 0.6214928 , 0.5924083 , 0.5268226 ,
       0.69960034, 0.5810443 , 0.4831331 , 0.58637583, 0.55813944,
       0.6277401 , 0.6054995 , 0.33531252], dtype=float32), array([0.7224683 , 0.8427873 , 0.78539324, 0.6607464 , 1.015687  ,
       0.60622805, 0.71248025, 0.6327382 , 0.62173235, 0.87591785,
       0.64581174, 0.88711756, 0.60858804, 0.75435287, 0.7524982 ,
       0.7777171 , 0.6638009 , 0.6910619 ], dtype=float32), array([0.47198468, 0.61823124, 0.7107023 , 0.6403799 , 0.54550153,
       0.51668185, 0.751728  , 0.63231593, 0.46340004, 0.5781196 ,
       0.48933586, 0.56773454, 0.6789051 , 0.71079445, 0.5992333 ,
       0.7812718 , 0.795734  , 0.6414735 ], dtype=float32), array([0.54548764, 0.6474424 , 0.5299885 , 0.4769385 , 0.7163863 ,
       0.74914885, 0.487563  , 0.52247614, 0.51565427, 0.5572113 ,
       0.5604344 , 0.52526885, 0.39777574, 0.7362205 , 0.5228936 ,
       0.40202108, 0.45644617, 0.602211  ], dtype=float32), array([0.15005957, 0.3190738 , 0.6024027 , 0.42073178, 0.69460744,
       0.5287658 , 0.3596385 , 0.3846062 , 0.44944647, 0.11571236,
       0.5380422 , 0.5927824 , 0.52874255, 0.46660283, 0.41023067,
       0.487108  , 0.2608229 , 0.51325047], dtype=float32)]
Time taken: 1176.8988075256348 seconds
