sh: line 1: logger: command not found
/apps/conda/25.3.1/etc/profile.d/conda.sh: line 69: dirname: command not found
/apps/conda/25.3.1/etc/profile.d/conda.sh: line 69: dirname: command not found
/apps/conda/25.3.1/etc/profile.d/mamba.sh: line 59: basename: command not found
Error unknown MAMBA_EXE: "/apps/conda/25.3.1/bin/mamba", filename must be mamba or micromamba
Lmod has detected the following error: This module can only be used on RHEL9 nodes. 
While processing the following module(s):
    Module fullname  Module Filename
    ---------------  ---------------
    gcc/14.2.0       /apps/lmod/modulefiles/core/gcc/14.2.0.lua

pointnet_parahippocampus_fs_37.py
/blue/stevenweisberg/ashishkumarsahoo/hippocampAI/conda_pyg_070923/lib/python3.8/site-packages/torch/cuda/__init__.py:155: UserWarning: 
NVIDIA B200 with CUDA capability sm_100 is not compatible with the current PyTorch installation.
The current PyTorch install supports CUDA capabilities sm_37 sm_50 sm_60 sm_61 sm_70 sm_75 sm_80 sm_86 compute_37.
If you want to use the NVIDIA B200 GPU with PyTorch, please check the instructions at https://pytorch.org/get-started/locally/

  warnings.warn(incompatible_device_warn.format(device_name, capability, " ".join(arch_list), device_name))
Number of GPUs available for training: 1
Fold 1
Epoch: 00, Training Loss: 0.0824, Train MSE: 0.0824, r (train): 0.1107, Test MSE: 0.0549, r (test): 0.3024
Epoch: 01, Training Loss: 0.0720, Train MSE: 0.0720, r (train): 0.3214, Test MSE: 0.0653, r (test): 0.1450
Epoch: 02, Training Loss: 0.0740, Train MSE: 0.0740, r (train): 0.3635, Test MSE: 0.0800, r (test): 0.0821
Epoch: 03, Training Loss: 0.0727, Train MSE: 0.0727, r (train): 0.4112, Test MSE: 0.0902, r (test): 0.0621
Epoch: 04, Training Loss: 0.0724, Train MSE: 0.0724, r (train): 0.4374, Test MSE: 0.0952, r (test): 0.0606
Epoch: 05, Training Loss: 0.0752, Train MSE: 0.0752, r (train): 0.4499, Test MSE: 0.1058, r (test): 0.0381
Epoch: 06, Training Loss: 0.0717, Train MSE: 0.0717, r (train): 0.4920, Test MSE: 0.1100, r (test): 0.0284
Epoch: 07, Training Loss: 0.0725, Train MSE: 0.0725, r (train): 0.5056, Test MSE: 0.1140, r (test): 0.0226
Epoch: 08, Training Loss: 0.0658, Train MSE: 0.0658, r (train): 0.5602, Test MSE: 0.1208, r (test): 0.0125
Epoch: 09, Training Loss: 0.0546, Train MSE: 0.0546, r (train): 0.6331, Test MSE: 0.1222, r (test): -0.0064
Epoch: 10, Training Loss: 0.0650, Train MSE: 0.0650, r (train): 0.5835, Test MSE: 0.1176, r (test): 0.0063
Epoch: 11, Training Loss: 0.0489, Train MSE: 0.0489, r (train): 0.6726, Test MSE: 0.1075, r (test): 0.0119
Epoch: 12, Training Loss: 0.0954, Train MSE: 0.0954, r (train): 0.5201, Test MSE: 0.1312, r (test): -0.0265
Epoch: 13, Training Loss: 0.0527, Train MSE: 0.0527, r (train): 0.6922, Test MSE: 0.1373, r (test): 0.0092
Epoch: 14, Training Loss: 0.0643, Train MSE: 0.0643, r (train): 0.5821, Test MSE: 0.1407, r (test): 0.0143
Epoch: 15, Training Loss: 0.0579, Train MSE: 0.0579, r (train): 0.6940, Test MSE: 0.1092, r (test): 0.0684
Epoch: 16, Training Loss: 0.0474, Train MSE: 0.0474, r (train): 0.7145, Test MSE: 0.1329, r (test): -0.0981
Epoch: 17, Training Loss: 0.0517, Train MSE: 0.0517, r (train): 0.7315, Test MSE: 0.1455, r (test): -0.0615
Epoch: 18, Training Loss: 0.0506, Train MSE: 0.0506, r (train): 0.7313, Test MSE: 0.1660, r (test): -0.0443
Epoch: 19, Training Loss: 0.0700, Train MSE: 0.0700, r (train): 0.7458, Test MSE: 0.1748, r (test): -0.0443
Epoch: 20, Training Loss: 0.0449, Train MSE: 0.0449, r (train): 0.8037, Test MSE: 0.1521, r (test): -0.0687
Epoch: 21, Training Loss: 0.0462, Train MSE: 0.0462, r (train): 0.7766, Test MSE: 0.1941, r (test): -0.0834
Epoch: 22, Training Loss: 0.0539, Train MSE: 0.0539, r (train): 0.8030, Test MSE: 0.1731, r (test): -0.0772
Epoch: 23, Training Loss: 0.0442, Train MSE: 0.0442, r (train): 0.7380, Test MSE: 0.1640, r (test): -0.0251
Epoch: 24, Training Loss: 0.0629, Train MSE: 0.0629, r (train): 0.8053, Test MSE: 0.1832, r (test): 0.0064
Epoch: 25, Training Loss: 0.0544, Train MSE: 0.0544, r (train): 0.8543, Test MSE: 0.1653, r (test): 0.0042
Epoch: 26, Training Loss: 0.0735, Train MSE: 0.0735, r (train): 0.7450, Test MSE: 0.2055, r (test): -0.0751
Epoch: 27, Training Loss: 0.0639, Train MSE: 0.0639, r (train): 0.7485, Test MSE: 0.1485, r (test): 0.0788
Epoch: 28, Training Loss: 0.0575, Train MSE: 0.0575, r (train): 0.7208, Test MSE: 0.1478, r (test): 0.0017
Epoch: 29, Training Loss: 0.0457, Train MSE: 0.0457, r (train): 0.8271, Test MSE: 0.1367, r (test): 0.1040
Epoch: 30, Training Loss: 0.0403, Train MSE: 0.0403, r (train): 0.8647, Test MSE: 0.1361, r (test): 0.0371
Epoch: 31, Training Loss: 0.0317, Train MSE: 0.0317, r (train): 0.8450, Test MSE: 0.1422, r (test): 0.0267
Epoch: 32, Training Loss: 0.0324, Train MSE: 0.0324, r (train): 0.8706, Test MSE: 0.1301, r (test): 0.0615
Epoch: 33, Training Loss: 0.0248, Train MSE: 0.0248, r (train): 0.8574, Test MSE: 0.1295, r (test): 0.0664
Epoch: 34, Training Loss: 0.0306, Train MSE: 0.0306, r (train): 0.8687, Test MSE: 0.1207, r (test): 0.0899
Epoch: 35, Training Loss: 0.0221, Train MSE: 0.0221, r (train): 0.8648, Test MSE: 0.1163, r (test): 0.0778
Epoch: 36, Training Loss: 0.0249, Train MSE: 0.0249, r (train): 0.8637, Test MSE: 0.1069, r (test): 0.1348
Epoch: 37, Training Loss: 0.0187, Train MSE: 0.0187, r (train): 0.8779, Test MSE: 0.1126, r (test): 0.1001
Epoch: 38, Training Loss: 0.0216, Train MSE: 0.0216, r (train): 0.8611, Test MSE: 0.1036, r (test): 0.1164
Epoch: 39, Training Loss: 0.0269, Train MSE: 0.0269, r (train): 0.8517, Test MSE: 0.1071, r (test): 0.1127
Epoch: 40, Training Loss: 0.0253, Train MSE: 0.0253, r (train): 0.8357, Test MSE: 0.0963, r (test): 0.1377
Epoch: 41, Training Loss: 0.0308, Train MSE: 0.0308, r (train): 0.8147, Test MSE: 0.0873, r (test): 0.2189
Epoch: 42, Training Loss: 0.0332, Train MSE: 0.0332, r (train): 0.7797, Test MSE: 0.0813, r (test): 0.2166
Epoch: 43, Training Loss: 0.0333, Train MSE: 0.0333, r (train): 0.7696, Test MSE: 0.0708, r (test): 0.2941
Epoch: 44, Training Loss: 0.0299, Train MSE: 0.0299, r (train): 0.8147, Test MSE: 0.0844, r (test): 0.2021
Epoch: 45, Training Loss: 0.0282, Train MSE: 0.0282, r (train): 0.8002, Test MSE: 0.0922, r (test): 0.1058
Epoch: 46, Training Loss: 0.0345, Train MSE: 0.0345, r (train): 0.8425, Test MSE: 0.0977, r (test): 0.1676
Epoch: 47, Training Loss: 0.0275, Train MSE: 0.0275, r (train): 0.8104, Test MSE: 0.0984, r (test): 0.0841
Epoch: 48, Training Loss: 0.0330, Train MSE: 0.0330, r (train): 0.7773, Test MSE: 0.0973, r (test): 0.1149
Epoch: 49, Training Loss: 0.0374, Train MSE: 0.0374, r (train): 0.8290, Test MSE: 0.0820, r (test): 0.2082
Epoch: 50, Training Loss: 0.0296, Train MSE: 0.0296, r (train): 0.8050, Test MSE: 0.0908, r (test): 0.1202
Epoch: 51, Training Loss: 0.0285, Train MSE: 0.0285, r (train): 0.8368, Test MSE: 0.1006, r (test): 0.0488
Epoch: 52, Training Loss: 0.0305, Train MSE: 0.0305, r (train): 0.8414, Test MSE: 0.1449, r (test): -0.0827
Epoch: 53, Training Loss: 0.0585, Train MSE: 0.0585, r (train): 0.8938, Test MSE: 0.1476, r (test): 0.0006
Epoch: 54, Training Loss: 0.0534, Train MSE: 0.0534, r (train): 0.8488, Test MSE: 0.1437, r (test): 0.0054
Epoch: 55, Training Loss: 0.0680, Train MSE: 0.0680, r (train): 0.8691, Test MSE: 0.1738, r (test): -0.0780
Epoch: 56, Training Loss: 0.1178, Train MSE: 0.1178, r (train): 0.8471, Test MSE: 0.2578, r (test): -0.0473
Epoch: 57, Training Loss: 0.1734, Train MSE: 0.1734, r (train): 0.8597, Test MSE: 0.2740, r (test): -0.0372
Epoch: 58, Training Loss: 0.1879, Train MSE: 0.1879, r (train): 0.8357, Test MSE: 0.2967, r (test): -0.0102
Epoch: 59, Training Loss: 0.1184, Train MSE: 0.1184, r (train): 0.8724, Test MSE: 0.2423, r (test): -0.0316
Epoch: 60, Training Loss: 0.1462, Train MSE: 0.1462, r (train): 0.8485, Test MSE: 0.2860, r (test): -0.0398
Epoch: 61, Training Loss: 0.0969, Train MSE: 0.0969, r (train): 0.8593, Test MSE: 0.2121, r (test): -0.0427
Epoch: 62, Training Loss: 0.0368, Train MSE: 0.0368, r (train): 0.8856, Test MSE: 0.1488, r (test): 0.0787
Epoch: 63, Training Loss: 0.0337, Train MSE: 0.0337, r (train): 0.8491, Test MSE: 0.1147, r (test): 0.1472
Epoch: 64, Training Loss: 0.0280, Train MSE: 0.0280, r (train): 0.8021, Test MSE: 0.0663, r (test): 0.2019
Epoch: 65, Training Loss: 0.0225, Train MSE: 0.0225, r (train): 0.8483, Test MSE: 0.0885, r (test): 0.0333
Epoch: 66, Training Loss: 0.0204, Train MSE: 0.0204, r (train): 0.8755, Test MSE: 0.0970, r (test): -0.0065
Epoch: 67, Training Loss: 0.0304, Train MSE: 0.0304, r (train): 0.8395, Test MSE: 0.0825, r (test): 0.1069
Epoch: 68, Training Loss: 0.0204, Train MSE: 0.0204, r (train): 0.8762, Test MSE: 0.0794, r (test): 0.0946
Epoch: 69, Training Loss: 0.0202, Train MSE: 0.0202, r (train): 0.8918, Test MSE: 0.1116, r (test): -0.1183
Epoch: 70, Training Loss: 0.0417, Train MSE: 0.0417, r (train): 0.8892, Test MSE: 0.1287, r (test): -0.1267
Epoch: 71, Training Loss: 0.0852, Train MSE: 0.0852, r (train): 0.8951, Test MSE: 0.1641, r (test): -0.0767
Epoch: 72, Training Loss: 0.1216, Train MSE: 0.1216, r (train): 0.8801, Test MSE: 0.2311, r (test): -0.1274
Epoch: 73, Training Loss: 0.1493, Train MSE: 0.1493, r (train): 0.8566, Test MSE: 0.2770, r (test): -0.1010
Epoch: 74, Training Loss: 0.0933, Train MSE: 0.0933, r (train): 0.9040, Test MSE: 0.2306, r (test): -0.0830
Epoch: 75, Training Loss: 0.0466, Train MSE: 0.0466, r (train): 0.9048, Test MSE: 0.1808, r (test): -0.1044
Epoch: 76, Training Loss: 0.0320, Train MSE: 0.0320, r (train): 0.8547, Test MSE: 0.1315, r (test): 0.0101
Epoch: 77, Training Loss: 0.0239, Train MSE: 0.0239, r (train): 0.8653, Test MSE: 0.1077, r (test): 0.0430
Epoch: 78, Training Loss: 0.0249, Train MSE: 0.0249, r (train): 0.8690, Test MSE: 0.0839, r (test): 0.1525
Epoch: 79, Training Loss: 0.0193, Train MSE: 0.0193, r (train): 0.8782, Test MSE: 0.0722, r (test): 0.1878
Epoch: 80, Training Loss: 0.0206, Train MSE: 0.0206, r (train): 0.9085, Test MSE: 0.0914, r (test): 0.0158
Epoch: 81, Training Loss: 0.0349, Train MSE: 0.0349, r (train): 0.8973, Test MSE: 0.1133, r (test): -0.0115
Epoch: 82, Training Loss: 0.0555, Train MSE: 0.0555, r (train): 0.8926, Test MSE: 0.1625, r (test): -0.0777
Epoch: 83, Training Loss: 0.1429, Train MSE: 0.1429, r (train): 0.8981, Test MSE: 0.2333, r (test): 0.0793
Epoch: 84, Training Loss: 0.1131, Train MSE: 0.1131, r (train): 0.8874, Test MSE: 0.2167, r (test): -0.0862
Epoch: 85, Training Loss: 0.0955, Train MSE: 0.0955, r (train): 0.9137, Test MSE: 0.1948, r (test): 0.0028
Epoch: 86, Training Loss: 0.0231, Train MSE: 0.0231, r (train): 0.9142, Test MSE: 0.1070, r (test): 0.0331
Epoch: 87, Training Loss: 0.0183, Train MSE: 0.0183, r (train): 0.9040, Test MSE: 0.0936, r (test): 0.0718
Epoch: 88, Training Loss: 0.0255, Train MSE: 0.0255, r (train): 0.8338, Test MSE: 0.0730, r (test): 0.1213
Epoch: 89, Training Loss: 0.0210, Train MSE: 0.0210, r (train): 0.8538, Test MSE: 0.0675, r (test): 0.1999
Epoch: 90, Training Loss: 0.0182, Train MSE: 0.0182, r (train): 0.8716, Test MSE: 0.0810, r (test): -0.0346
Epoch: 91, Training Loss: 0.0251, Train MSE: 0.0251, r (train): 0.8994, Test MSE: 0.1088, r (test): -0.1114
Epoch: 92, Training Loss: 0.0527, Train MSE: 0.0527, r (train): 0.9099, Test MSE: 0.1412, r (test): -0.1424
Epoch: 93, Training Loss: 0.0675, Train MSE: 0.0675, r (train): 0.9140, Test MSE: 0.1418, r (test): 0.0056
Epoch: 94, Training Loss: 0.0804, Train MSE: 0.0804, r (train): 0.9128, Test MSE: 0.1661, r (test): 0.0176
Epoch: 95, Training Loss: 0.0271, Train MSE: 0.0271, r (train): 0.9343, Test MSE: 0.1180, r (test): -0.0125
Epoch: 96, Training Loss: 0.0159, Train MSE: 0.0159, r (train): 0.9045, Test MSE: 0.0779, r (test): 0.0442
Epoch: 97, Training Loss: 0.0246, Train MSE: 0.0246, r (train): 0.8846, Test MSE: 0.0703, r (test): 0.2415
Epoch: 98, Training Loss: 0.0188, Train MSE: 0.0188, r (train): 0.9030, Test MSE: 0.0761, r (test): 0.0795
Epoch: 99, Training Loss: 0.0152, Train MSE: 0.0152, r (train): 0.9063, Test MSE: 0.0840, r (test): -0.0411
Predicted tensors for training set: 
tensor([ 0.9323,  0.3193,  0.4768,  0.2306,  0.4730,  0.4659,  0.4573,  0.0103,
         0.7397,  0.6614,  0.4103,  0.3830,  0.0052,  0.5815,  0.2618,  0.5964,
         0.1000,  0.3464,  0.6501,  0.7124, -0.1573,  0.5722,  0.2729,  0.5999,
         0.3301,  0.1623,  0.7824,  0.0891,  0.1990,  0.3358,  0.9553,  0.0989,
         0.7285,  0.6605,  0.4356,  0.7600,  0.5044,  0.7641,  0.8984,  0.6348,
         0.8862,  1.0300,  1.0951,  0.4702,  0.4205,  0.8178,  0.7571,  1.0197,
         1.1316,  0.5650,  0.6502,  0.5553,  0.5894,  0.1018,  0.8076,  0.5604,
         0.5491,  0.9362,  0.4954,  0.8973,  0.8409,  0.4385,  0.5375,  0.5471,
         0.0956,  0.7275,  0.8036,  0.9107,  0.9063,  0.0976,  0.6535,  0.2693])
Target tensorsfor training set: 
tensor([0.9535, 0.2649, 0.4341, 0.2916, 0.5187, 0.5220, 0.4440, 0.0389, 0.8728,
        0.7901, 0.5102, 0.5573, 0.1218, 0.6595, 0.4993, 0.6992, 0.2464, 0.4036,
        0.8453, 0.8561, 0.1493, 0.7125, 0.3309, 0.7171, 0.2594, 0.1294, 0.9127,
        0.0246, 0.2394, 0.5178, 0.9492, 0.0763, 0.6240, 0.6846, 0.3174, 0.8391,
        0.3829, 0.5783, 0.8363, 0.5023, 0.7507, 0.8556, 0.7497, 0.0981, 0.1360,
        0.7372, 0.6199, 0.8988, 0.9117, 0.4149, 0.5719, 0.4513, 0.4818, 0.0478,
        0.7791, 0.5658, 0.5300, 0.9621, 0.4526, 0.9215, 0.8524, 0.4654, 0.5564,
        0.5779, 0.1055, 0.7462, 0.8418, 0.9150, 0.9072, 0.1295, 0.6576, 0.2271])
Correlation for training set: 0.9063346003043465
Predicted tensors for test set: 
tensor([0.3471, 0.6908, 0.3392, 0.7080, 0.5525, 0.5260, 0.7119, 0.7543, 0.6044,
        0.5514, 0.6522, 0.4924, 0.8440, 0.5894, 0.5883, 0.5140, 0.4575, 0.2538])
Target tensors for test set: 
tensor([0.7371, 0.6671, 0.0636, 0.4373, 0.7144, 0.3453, 0.6465, 0.2255, 0.3077,
        0.7950, 0.9656, 0.2169, 0.5780, 0.4640, 0.7596, 0.7270, 0.6577, 0.8411])
Correlation for test set: -0.04112708807534141
Fold 2
Epoch: 00, Training Loss: 0.0885, Train MSE: 0.0885, r (train): 0.2691, Test MSE: 0.1182, r (test): 0.2222
Epoch: 01, Training Loss: 0.0733, Train MSE: 0.0733, r (train): 0.3864, Test MSE: 0.1037, r (test): 0.1930
Epoch: 02, Training Loss: 0.0694, Train MSE: 0.0694, r (train): 0.4668, Test MSE: 0.1003, r (test): 0.1604
Epoch: 03, Training Loss: 0.0663, Train MSE: 0.0663, r (train): 0.5154, Test MSE: 0.1016, r (test): 0.1020
Epoch: 04, Training Loss: 0.0654, Train MSE: 0.0654, r (train): 0.5407, Test MSE: 0.1051, r (test): 0.0636
Epoch: 05, Training Loss: 0.0672, Train MSE: 0.0672, r (train): 0.5593, Test MSE: 0.1146, r (test): -0.0087
Epoch: 06, Training Loss: 0.0656, Train MSE: 0.0656, r (train): 0.5771, Test MSE: 0.1212, r (test): -0.0669
Epoch: 07, Training Loss: 0.0655, Train MSE: 0.0655, r (train): 0.6086, Test MSE: 0.1291, r (test): -0.0967
Epoch: 08, Training Loss: 0.0665, Train MSE: 0.0665, r (train): 0.6413, Test MSE: 0.1402, r (test): -0.1261
Epoch: 09, Training Loss: 0.0610, Train MSE: 0.0610, r (train): 0.6567, Test MSE: 0.1329, r (test): -0.1454
Epoch: 10, Training Loss: 0.0569, Train MSE: 0.0569, r (train): 0.6314, Test MSE: 0.1239, r (test): -0.0437
Epoch: 11, Training Loss: 0.0840, Train MSE: 0.0840, r (train): 0.5884, Test MSE: 0.1687, r (test): -0.0333
Epoch: 12, Training Loss: 0.0508, Train MSE: 0.0508, r (train): 0.7185, Test MSE: 0.1277, r (test): -0.0898
Epoch: 13, Training Loss: 0.0517, Train MSE: 0.0517, r (train): 0.7092, Test MSE: 0.1381, r (test): -0.1033
Epoch: 14, Training Loss: 0.0472, Train MSE: 0.0472, r (train): 0.7735, Test MSE: 0.1447, r (test): -0.0869
Epoch: 15, Training Loss: 0.0597, Train MSE: 0.0597, r (train): 0.7169, Test MSE: 0.1575, r (test): -0.0740
Epoch: 16, Training Loss: 0.0366, Train MSE: 0.0366, r (train): 0.7859, Test MSE: 0.1271, r (test): -0.0974
Epoch: 17, Training Loss: 0.0553, Train MSE: 0.0553, r (train): 0.7763, Test MSE: 0.1598, r (test): -0.0284
Epoch: 18, Training Loss: 0.0340, Train MSE: 0.0340, r (train): 0.8056, Test MSE: 0.1309, r (test): -0.0411
Epoch: 19, Training Loss: 0.0480, Train MSE: 0.0480, r (train): 0.8166, Test MSE: 0.1570, r (test): 0.0335
Epoch: 20, Training Loss: 0.0445, Train MSE: 0.0445, r (train): 0.7956, Test MSE: 0.1479, r (test): 0.0809
Epoch: 21, Training Loss: 0.0407, Train MSE: 0.0407, r (train): 0.8516, Test MSE: 0.1585, r (test): 0.0309
Epoch: 22, Training Loss: 0.0492, Train MSE: 0.0492, r (train): 0.8242, Test MSE: 0.1673, r (test): 0.0455
Epoch: 23, Training Loss: 0.0571, Train MSE: 0.0571, r (train): 0.7592, Test MSE: 0.1483, r (test): 0.0969
Epoch: 24, Training Loss: 0.0329, Train MSE: 0.0329, r (train): 0.7535, Test MSE: 0.0919, r (test): -0.0329
Epoch: 25, Training Loss: 0.0182, Train MSE: 0.0182, r (train): 0.8991, Test MSE: 0.1024, r (test): 0.1524
Epoch: 26, Training Loss: 0.0187, Train MSE: 0.0187, r (train): 0.8905, Test MSE: 0.1083, r (test): 0.1218
Epoch: 27, Training Loss: 0.0276, Train MSE: 0.0276, r (train): 0.9244, Test MSE: 0.1432, r (test): 0.1624
Epoch: 28, Training Loss: 0.0278, Train MSE: 0.0278, r (train): 0.9149, Test MSE: 0.1425, r (test): 0.1410
Epoch: 29, Training Loss: 0.0271, Train MSE: 0.0271, r (train): 0.9015, Test MSE: 0.1383, r (test): 0.1807
Epoch: 30, Training Loss: 0.0264, Train MSE: 0.0264, r (train): 0.8839, Test MSE: 0.1169, r (test): 0.1934
Epoch: 31, Training Loss: 0.0231, Train MSE: 0.0231, r (train): 0.8598, Test MSE: 0.0951, r (test): 0.1753
Epoch: 32, Training Loss: 0.0235, Train MSE: 0.0235, r (train): 0.8699, Test MSE: 0.0732, r (test): 0.0151
Epoch: 33, Training Loss: 0.0225, Train MSE: 0.0225, r (train): 0.8638, Test MSE: 0.0712, r (test): 0.0298
Epoch: 34, Training Loss: 0.0251, Train MSE: 0.0251, r (train): 0.8209, Test MSE: 0.0818, r (test): 0.2084
Epoch: 35, Training Loss: 0.0411, Train MSE: 0.0411, r (train): 0.7953, Test MSE: 0.1055, r (test): 0.2249
Epoch: 36, Training Loss: 0.0388, Train MSE: 0.0388, r (train): 0.7846, Test MSE: 0.1159, r (test): 0.2055
Epoch: 37, Training Loss: 0.0175, Train MSE: 0.0175, r (train): 0.8793, Test MSE: 0.0867, r (test): 0.0259
Epoch: 38, Training Loss: 0.0112, Train MSE: 0.0112, r (train): 0.9245, Test MSE: 0.0829, r (test): 0.0439
Epoch: 39, Training Loss: 0.0128, Train MSE: 0.0128, r (train): 0.9160, Test MSE: 0.0792, r (test): 0.0160
Epoch: 40, Training Loss: 0.0134, Train MSE: 0.0134, r (train): 0.9095, Test MSE: 0.0893, r (test): 0.1506
Epoch: 41, Training Loss: 0.0138, Train MSE: 0.0138, r (train): 0.9059, Test MSE: 0.0792, r (test): 0.0760
Epoch: 42, Training Loss: 0.0203, Train MSE: 0.0203, r (train): 0.8975, Test MSE: 0.0717, r (test): 0.0272
Epoch: 43, Training Loss: 0.0169, Train MSE: 0.0169, r (train): 0.8861, Test MSE: 0.0857, r (test): 0.0136
Epoch: 44, Training Loss: 0.0243, Train MSE: 0.0243, r (train): 0.8746, Test MSE: 0.1308, r (test): -0.0046
Epoch: 45, Training Loss: 0.0266, Train MSE: 0.0266, r (train): 0.8562, Test MSE: 0.1307, r (test): 0.0205
Epoch: 46, Training Loss: 0.0254, Train MSE: 0.0254, r (train): 0.8184, Test MSE: 0.1012, r (test): -0.0666
Epoch: 47, Training Loss: 0.0264, Train MSE: 0.0264, r (train): 0.8462, Test MSE: 0.1287, r (test): 0.0890
Epoch: 48, Training Loss: 0.0543, Train MSE: 0.0543, r (train): 0.8427, Test MSE: 0.2011, r (test): 0.0694
Epoch: 49, Training Loss: 0.0579, Train MSE: 0.0579, r (train): 0.8548, Test MSE: 0.2044, r (test): 0.0122
Epoch: 50, Training Loss: 0.0722, Train MSE: 0.0722, r (train): 0.8032, Test MSE: 0.2186, r (test): 0.0592
Epoch: 51, Training Loss: 0.0831, Train MSE: 0.0831, r (train): 0.8216, Test MSE: 0.2475, r (test): 0.1022
Epoch: 52, Training Loss: 0.1420, Train MSE: 0.1420, r (train): 0.8355, Test MSE: 0.3242, r (test): 0.0884
Epoch: 53, Training Loss: 0.1508, Train MSE: 0.1508, r (train): 0.8069, Test MSE: 0.3083, r (test): 0.0986
Epoch: 54, Training Loss: 0.0805, Train MSE: 0.0805, r (train): 0.8147, Test MSE: 0.2189, r (test): 0.0939
Epoch: 55, Training Loss: 0.0508, Train MSE: 0.0508, r (train): 0.9013, Test MSE: 0.1787, r (test): 0.0685
Epoch: 56, Training Loss: 0.0595, Train MSE: 0.0595, r (train): 0.8815, Test MSE: 0.1853, r (test): 0.0585
Epoch: 57, Training Loss: 0.0341, Train MSE: 0.0341, r (train): 0.9204, Test MSE: 0.1366, r (test): -0.0603
Epoch: 58, Training Loss: 0.0193, Train MSE: 0.0193, r (train): 0.8874, Test MSE: 0.0788, r (test): 0.0480
Epoch: 59, Training Loss: 0.0208, Train MSE: 0.0208, r (train): 0.8803, Test MSE: 0.0767, r (test): -0.0323
Epoch: 60, Training Loss: 0.0157, Train MSE: 0.0157, r (train): 0.9057, Test MSE: 0.0780, r (test): -0.1215
Epoch: 61, Training Loss: 0.0157, Train MSE: 0.0157, r (train): 0.8951, Test MSE: 0.0772, r (test): -0.0951
Epoch: 62, Training Loss: 0.0240, Train MSE: 0.0240, r (train): 0.9087, Test MSE: 0.1147, r (test): 0.1984
Epoch: 63, Training Loss: 0.0774, Train MSE: 0.0774, r (train): 0.9149, Test MSE: 0.2120, r (test): 0.1174
Epoch: 64, Training Loss: 0.0738, Train MSE: 0.0738, r (train): 0.9263, Test MSE: 0.2182, r (test): 0.0404
Epoch: 65, Training Loss: 0.0306, Train MSE: 0.0306, r (train): 0.9265, Test MSE: 0.1495, r (test): -0.0336
Epoch: 66, Training Loss: 0.0117, Train MSE: 0.0117, r (train): 0.9333, Test MSE: 0.0999, r (test): -0.1053
Epoch: 67, Training Loss: 0.0115, Train MSE: 0.0115, r (train): 0.9203, Test MSE: 0.0804, r (test): -0.0239
Epoch: 68, Training Loss: 0.0132, Train MSE: 0.0132, r (train): 0.9150, Test MSE: 0.0831, r (test): 0.1042
Epoch: 69, Training Loss: 0.0198, Train MSE: 0.0198, r (train): 0.9201, Test MSE: 0.1170, r (test): 0.1163
Epoch: 70, Training Loss: 0.0484, Train MSE: 0.0484, r (train): 0.9475, Test MSE: 0.1955, r (test): -0.0254
Epoch: 71, Training Loss: 0.0363, Train MSE: 0.0363, r (train): 0.9441, Test MSE: 0.1688, r (test): 0.0063
Epoch: 72, Training Loss: 0.0159, Train MSE: 0.0159, r (train): 0.9350, Test MSE: 0.1149, r (test): -0.0292
Epoch: 73, Training Loss: 0.0113, Train MSE: 0.0113, r (train): 0.9288, Test MSE: 0.0846, r (test): -0.0508
Epoch: 74, Training Loss: 0.0110, Train MSE: 0.0110, r (train): 0.9302, Test MSE: 0.0750, r (test): 0.0455
Epoch: 75, Training Loss: 0.0153, Train MSE: 0.0153, r (train): 0.9025, Test MSE: 0.0917, r (test): 0.0165
Epoch: 76, Training Loss: 0.0236, Train MSE: 0.0236, r (train): 0.9106, Test MSE: 0.1364, r (test): -0.0280
Epoch: 77, Training Loss: 0.0387, Train MSE: 0.0387, r (train): 0.9365, Test MSE: 0.1738, r (test): -0.0073
Epoch: 78, Training Loss: 0.0439, Train MSE: 0.0439, r (train): 0.9219, Test MSE: 0.1695, r (test): -0.0516
Epoch: 79, Training Loss: 0.0207, Train MSE: 0.0207, r (train): 0.9361, Test MSE: 0.1335, r (test): -0.0851
Epoch: 80, Training Loss: 0.0089, Train MSE: 0.0089, r (train): 0.9473, Test MSE: 0.0876, r (test): -0.0673
Epoch: 81, Training Loss: 0.0170, Train MSE: 0.0170, r (train): 0.9299, Test MSE: 0.0831, r (test): -0.1537
Epoch: 82, Training Loss: 0.0208, Train MSE: 0.0208, r (train): 0.9256, Test MSE: 0.0782, r (test): -0.1664
Epoch: 83, Training Loss: 0.0142, Train MSE: 0.0142, r (train): 0.9153, Test MSE: 0.0861, r (test): -0.0121
Epoch: 84, Training Loss: 0.0169, Train MSE: 0.0169, r (train): 0.9192, Test MSE: 0.0880, r (test): -0.1049
Epoch: 85, Training Loss: 0.0130, Train MSE: 0.0130, r (train): 0.9436, Test MSE: 0.1227, r (test): 0.1176
Epoch: 86, Training Loss: 0.0271, Train MSE: 0.0271, r (train): 0.9471, Test MSE: 0.1679, r (test): 0.0534
Epoch: 87, Training Loss: 0.0334, Train MSE: 0.0334, r (train): 0.9295, Test MSE: 0.1612, r (test): -0.0467
Epoch: 88, Training Loss: 0.0076, Train MSE: 0.0076, r (train): 0.9563, Test MSE: 0.1076, r (test): -0.0690
Epoch: 89, Training Loss: 0.0085, Train MSE: 0.0085, r (train): 0.9528, Test MSE: 0.1009, r (test): -0.1055
Epoch: 90, Training Loss: 0.0154, Train MSE: 0.0154, r (train): 0.9293, Test MSE: 0.0822, r (test): -0.1012
Epoch: 91, Training Loss: 0.0245, Train MSE: 0.0245, r (train): 0.9209, Test MSE: 0.0736, r (test): -0.1100
Epoch: 92, Training Loss: 0.0172, Train MSE: 0.0172, r (train): 0.9317, Test MSE: 0.0722, r (test): -0.0166
Epoch: 93, Training Loss: 0.0103, Train MSE: 0.0103, r (train): 0.9403, Test MSE: 0.1055, r (test): 0.0307
Epoch: 94, Training Loss: 0.0272, Train MSE: 0.0272, r (train): 0.9526, Test MSE: 0.1519, r (test): 0.1073
Epoch: 95, Training Loss: 0.0126, Train MSE: 0.0126, r (train): 0.9417, Test MSE: 0.1200, r (test): 0.0342
Epoch: 96, Training Loss: 0.0202, Train MSE: 0.0202, r (train): 0.9387, Test MSE: 0.0869, r (test): -0.0913
Epoch: 97, Training Loss: 0.0231, Train MSE: 0.0231, r (train): 0.9159, Test MSE: 0.0779, r (test): -0.2640
Epoch: 98, Training Loss: 0.0141, Train MSE: 0.0141, r (train): 0.9599, Test MSE: 0.0814, r (test): -0.1819
Epoch: 99, Training Loss: 0.0175, Train MSE: 0.0175, r (train): 0.9390, Test MSE: 0.0782, r (test): -0.0734
Predicted tensors for training set: 
tensor([ 0.6505,  0.6763, -0.0461,  0.3589,  0.6265,  0.3253,  0.5644,  0.2614,
         0.2992,  0.6491,  0.8822,  0.0562,  0.5495,  0.3674,  0.5289,  0.6940,
         0.5336,  0.6290,  0.6948,  0.6843, -0.0910,  0.5737,  0.1077,  0.5131,
         0.1293, -0.1187,  0.6952, -0.1024, -0.0157,  0.2175,  0.7818, -0.2802,
         0.5140,  0.5325,  0.2089,  0.4733,  0.2777,  0.5831,  0.7881,  0.4807,
         0.7849,  0.8342,  0.8069,  0.1959,  0.2457,  0.7453,  0.6637,  0.9067,
         0.9248,  0.4824,  0.6243,  0.4945,  0.4660,  0.0622,  0.7535,  0.4643,
         0.4552,  0.8316,  0.3381,  0.8302,  0.7109,  0.3831,  0.3966,  0.5023,
         0.0231,  0.6942,  0.7922,  0.9016,  0.8713,  0.0505,  0.6142,  0.2090])
Target tensorsfor training set: 
tensor([0.7371, 0.6671, 0.0636, 0.4373, 0.7144, 0.3453, 0.6465, 0.2255, 0.3077,
        0.7950, 0.9656, 0.2169, 0.5780, 0.4640, 0.7596, 0.7270, 0.6577, 0.8411,
        0.8453, 0.8561, 0.1493, 0.7125, 0.3309, 0.7171, 0.2594, 0.1294, 0.9127,
        0.0246, 0.2394, 0.5178, 0.9492, 0.0763, 0.6240, 0.6846, 0.3174, 0.8391,
        0.3829, 0.5783, 0.8363, 0.5023, 0.7507, 0.8556, 0.7497, 0.0981, 0.1360,
        0.7372, 0.6199, 0.8988, 0.9117, 0.4149, 0.5719, 0.4513, 0.4818, 0.0478,
        0.7791, 0.5658, 0.5300, 0.9621, 0.4526, 0.9215, 0.8524, 0.4654, 0.5564,
        0.5779, 0.1055, 0.7462, 0.8418, 0.9150, 0.9072, 0.1295, 0.6576, 0.2271])
Correlation for training set: 0.939038309345064
Predicted tensors for test set: 
tensor([0.3592, 0.3904, 0.4230, 0.4650, 0.6745, 0.4782, 0.6125, 0.5651, 0.6447,
        0.5509, 0.5724, 0.5730, 0.5365, 0.7031, 0.3173, 0.4896, 0.7963, 0.5027])
Target tensors for test set: 
tensor([0.9535, 0.2649, 0.4341, 0.2916, 0.5187, 0.5220, 0.4440, 0.0389, 0.8728,
        0.7901, 0.5102, 0.5573, 0.1218, 0.6595, 0.4993, 0.6992, 0.2464, 0.4036])
Correlation for test set: -0.07341807281393677
Fold 3
Epoch: 00, Training Loss: 0.0582, Train MSE: 0.0582, r (train): 0.3855, Test MSE: 0.1356, r (test): -0.0564
Epoch: 01, Training Loss: 0.0502, Train MSE: 0.0502, r (train): 0.4998, Test MSE: 0.1337, r (test): -0.0393
Epoch: 02, Training Loss: 0.0497, Train MSE: 0.0497, r (train): 0.5285, Test MSE: 0.1427, r (test): 0.0761
Epoch: 03, Training Loss: 0.0468, Train MSE: 0.0468, r (train): 0.5785, Test MSE: 0.1452, r (test): 0.1130
Epoch: 04, Training Loss: 0.0452, Train MSE: 0.0452, r (train): 0.5945, Test MSE: 0.1561, r (test): 0.1117
Epoch: 05, Training Loss: 0.0401, Train MSE: 0.0401, r (train): 0.6420, Test MSE: 0.1476, r (test): 0.0960
Epoch: 06, Training Loss: 0.0444, Train MSE: 0.0444, r (train): 0.5913, Test MSE: 0.1597, r (test): 0.1087
Epoch: 07, Training Loss: 0.0429, Train MSE: 0.0429, r (train): 0.6255, Test MSE: 0.1710, r (test): 0.1749
Epoch: 08, Training Loss: 0.0431, Train MSE: 0.0431, r (train): 0.6933, Test MSE: 0.1808, r (test): 0.1358
Epoch: 09, Training Loss: 0.0405, Train MSE: 0.0405, r (train): 0.6433, Test MSE: 0.1516, r (test): 0.0395
Epoch: 10, Training Loss: 0.0339, Train MSE: 0.0339, r (train): 0.7390, Test MSE: 0.1476, r (test): 0.2248
Epoch: 11, Training Loss: 0.0272, Train MSE: 0.0272, r (train): 0.7824, Test MSE: 0.1357, r (test): 0.0157
Epoch: 12, Training Loss: 0.0377, Train MSE: 0.0377, r (train): 0.6771, Test MSE: 0.1598, r (test): 0.1562
Epoch: 13, Training Loss: 0.0275, Train MSE: 0.0275, r (train): 0.7832, Test MSE: 0.1354, r (test): 0.0682
Epoch: 14, Training Loss: 0.0267, Train MSE: 0.0267, r (train): 0.7847, Test MSE: 0.1393, r (test): 0.1139
Epoch: 15, Training Loss: 0.0212, Train MSE: 0.0212, r (train): 0.8500, Test MSE: 0.1403, r (test): 0.0345
Epoch: 16, Training Loss: 0.0371, Train MSE: 0.0371, r (train): 0.7241, Test MSE: 0.1789, r (test): 0.2110
Epoch: 17, Training Loss: 0.0346, Train MSE: 0.0346, r (train): 0.7703, Test MSE: 0.1669, r (test): -0.0962
Epoch: 18, Training Loss: 0.0305, Train MSE: 0.0305, r (train): 0.7991, Test MSE: 0.1765, r (test): 0.1115
Epoch: 19, Training Loss: 0.0273, Train MSE: 0.0273, r (train): 0.8693, Test MSE: 0.1591, r (test): 0.0414
Epoch: 20, Training Loss: 0.0350, Train MSE: 0.0350, r (train): 0.8033, Test MSE: 0.2027, r (test): 0.2174
Epoch: 21, Training Loss: 0.0179, Train MSE: 0.0179, r (train): 0.9023, Test MSE: 0.1482, r (test): 0.1576
Epoch: 22, Training Loss: 0.0146, Train MSE: 0.0146, r (train): 0.9041, Test MSE: 0.1450, r (test): 0.1144
Epoch: 23, Training Loss: 0.0324, Train MSE: 0.0324, r (train): 0.7879, Test MSE: 0.2234, r (test): 0.2818
Epoch: 24, Training Loss: 0.0292, Train MSE: 0.0292, r (train): 0.7969, Test MSE: 0.1681, r (test): -0.2203
Epoch: 25, Training Loss: 0.0309, Train MSE: 0.0309, r (train): 0.7520, Test MSE: 0.1236, r (test): 0.0869
Epoch: 26, Training Loss: 0.0132, Train MSE: 0.0132, r (train): 0.9046, Test MSE: 0.1149, r (test): 0.0693
Epoch: 27, Training Loss: 0.0175, Train MSE: 0.0175, r (train): 0.8653, Test MSE: 0.1155, r (test): 0.0476
Epoch: 28, Training Loss: 0.0230, Train MSE: 0.0230, r (train): 0.9136, Test MSE: 0.1531, r (test): -0.0171
Epoch: 29, Training Loss: 0.0386, Train MSE: 0.0386, r (train): 0.9030, Test MSE: 0.1827, r (test): 0.0969
Epoch: 30, Training Loss: 0.0580, Train MSE: 0.0580, r (train): 0.8983, Test MSE: 0.2209, r (test): -0.0150
Epoch: 31, Training Loss: 0.0247, Train MSE: 0.0247, r (train): 0.8970, Test MSE: 0.1587, r (test): 0.0384
Epoch: 32, Training Loss: 0.0153, Train MSE: 0.0153, r (train): 0.8837, Test MSE: 0.1213, r (test): 0.1016
Epoch: 33, Training Loss: 0.0239, Train MSE: 0.0239, r (train): 0.8357, Test MSE: 0.1154, r (test): 0.2287
Epoch: 34, Training Loss: 0.0532, Train MSE: 0.0532, r (train): 0.8448, Test MSE: 0.1670, r (test): 0.2469
Epoch: 35, Training Loss: 0.0499, Train MSE: 0.0499, r (train): 0.9075, Test MSE: 0.1840, r (test): 0.1361
Epoch: 36, Training Loss: 0.0249, Train MSE: 0.0249, r (train): 0.9115, Test MSE: 0.1460, r (test): 0.1239
Epoch: 37, Training Loss: 0.0366, Train MSE: 0.0366, r (train): 0.8496, Test MSE: 0.1528, r (test): 0.3336
Epoch: 38, Training Loss: 0.0797, Train MSE: 0.0797, r (train): 0.8322, Test MSE: 0.2138, r (test): 0.3137
Epoch: 39, Training Loss: 0.0624, Train MSE: 0.0624, r (train): 0.9072, Test MSE: 0.2087, r (test): 0.3092
Epoch: 40, Training Loss: 0.0270, Train MSE: 0.0270, r (train): 0.9123, Test MSE: 0.1417, r (test): 0.1552
Epoch: 41, Training Loss: 0.0508, Train MSE: 0.0508, r (train): 0.8453, Test MSE: 0.1851, r (test): 0.1940
Epoch: 42, Training Loss: 0.0585, Train MSE: 0.0585, r (train): 0.8651, Test MSE: 0.1959, r (test): 0.2258
Epoch: 43, Training Loss: 0.0323, Train MSE: 0.0323, r (train): 0.9097, Test MSE: 0.1537, r (test): 0.1628
Epoch: 44, Training Loss: 0.0207, Train MSE: 0.0207, r (train): 0.8917, Test MSE: 0.1324, r (test): 0.1651
Epoch: 45, Training Loss: 0.0266, Train MSE: 0.0266, r (train): 0.8587, Test MSE: 0.1365, r (test): 0.2092
Epoch: 46, Training Loss: 0.0270, Train MSE: 0.0270, r (train): 0.8806, Test MSE: 0.1515, r (test): 0.1731
Epoch: 47, Training Loss: 0.0121, Train MSE: 0.0121, r (train): 0.9049, Test MSE: 0.1139, r (test): 0.1227
Epoch: 48, Training Loss: 0.0169, Train MSE: 0.0169, r (train): 0.8850, Test MSE: 0.1114, r (test): 0.0391
Epoch: 49, Training Loss: 0.0200, Train MSE: 0.0200, r (train): 0.8598, Test MSE: 0.1167, r (test): 0.1188
Epoch: 50, Training Loss: 0.0195, Train MSE: 0.0195, r (train): 0.8942, Test MSE: 0.1344, r (test): 0.1323
Epoch: 51, Training Loss: 0.0120, Train MSE: 0.0120, r (train): 0.9104, Test MSE: 0.1251, r (test): 0.0090
Epoch: 52, Training Loss: 0.0130, Train MSE: 0.0130, r (train): 0.8974, Test MSE: 0.1218, r (test): 0.0123
Epoch: 53, Training Loss: 0.0258, Train MSE: 0.0258, r (train): 0.9101, Test MSE: 0.1459, r (test): 0.1042
Epoch: 54, Training Loss: 0.0594, Train MSE: 0.0594, r (train): 0.8838, Test MSE: 0.2199, r (test): 0.0562
Epoch: 55, Training Loss: 0.0473, Train MSE: 0.0473, r (train): 0.9056, Test MSE: 0.1777, r (test): -0.1218
Epoch: 56, Training Loss: 0.0219, Train MSE: 0.0219, r (train): 0.8902, Test MSE: 0.1251, r (test): 0.1324
Epoch: 57, Training Loss: 0.0530, Train MSE: 0.0530, r (train): 0.9074, Test MSE: 0.1703, r (test): 0.1166
Epoch: 58, Training Loss: 0.1007, Train MSE: 0.1007, r (train): 0.8846, Test MSE: 0.2261, r (test): 0.3356
Epoch: 59, Training Loss: 0.0884, Train MSE: 0.0884, r (train): 0.9025, Test MSE: 0.2242, r (test): 0.2100
Epoch: 60, Training Loss: 0.0772, Train MSE: 0.0772, r (train): 0.8127, Test MSE: 0.2190, r (test): 0.2972
Epoch: 61, Training Loss: 0.0600, Train MSE: 0.0600, r (train): 0.8905, Test MSE: 0.1853, r (test): 0.1579
Epoch: 62, Training Loss: 0.0333, Train MSE: 0.0333, r (train): 0.8881, Test MSE: 0.1687, r (test): 0.1692
Epoch: 63, Training Loss: 0.0182, Train MSE: 0.0182, r (train): 0.8862, Test MSE: 0.1318, r (test): 0.0409
Epoch: 64, Training Loss: 0.0183, Train MSE: 0.0183, r (train): 0.8979, Test MSE: 0.1368, r (test): 0.0332
Epoch: 65, Training Loss: 0.0140, Train MSE: 0.0140, r (train): 0.9031, Test MSE: 0.1291, r (test): 0.1865
Epoch: 66, Training Loss: 0.0135, Train MSE: 0.0135, r (train): 0.8981, Test MSE: 0.1078, r (test): 0.0203
Epoch: 67, Training Loss: 0.0098, Train MSE: 0.0098, r (train): 0.9235, Test MSE: 0.1178, r (test): -0.0992
Epoch: 68, Training Loss: 0.0212, Train MSE: 0.0212, r (train): 0.9127, Test MSE: 0.1473, r (test): -0.0270
Epoch: 69, Training Loss: 0.0327, Train MSE: 0.0327, r (train): 0.9285, Test MSE: 0.1757, r (test): -0.0899
Epoch: 70, Training Loss: 0.0485, Train MSE: 0.0485, r (train): 0.9293, Test MSE: 0.1901, r (test): -0.1445
Epoch: 71, Training Loss: 0.0479, Train MSE: 0.0479, r (train): 0.9170, Test MSE: 0.1715, r (test): 0.0101
Epoch: 72, Training Loss: 0.0627, Train MSE: 0.0627, r (train): 0.9045, Test MSE: 0.1857, r (test): 0.0427
Epoch: 73, Training Loss: 0.0414, Train MSE: 0.0414, r (train): 0.9153, Test MSE: 0.1643, r (test): 0.0420
Epoch: 74, Training Loss: 0.0195, Train MSE: 0.0195, r (train): 0.8920, Test MSE: 0.1398, r (test): 0.0117
Epoch: 75, Training Loss: 0.0164, Train MSE: 0.0164, r (train): 0.9012, Test MSE: 0.1249, r (test): 0.0039
Epoch: 76, Training Loss: 0.0148, Train MSE: 0.0148, r (train): 0.9338, Test MSE: 0.1387, r (test): 0.0871
Epoch: 77, Training Loss: 0.0103, Train MSE: 0.0103, r (train): 0.9324, Test MSE: 0.1115, r (test): 0.1404
Epoch: 78, Training Loss: 0.0133, Train MSE: 0.0133, r (train): 0.9167, Test MSE: 0.1296, r (test): -0.0461
Epoch: 79, Training Loss: 0.0194, Train MSE: 0.0194, r (train): 0.9172, Test MSE: 0.1388, r (test): -0.0326
Epoch: 80, Training Loss: 0.0478, Train MSE: 0.0478, r (train): 0.9060, Test MSE: 0.1758, r (test): -0.0109
Epoch: 81, Training Loss: 0.0313, Train MSE: 0.0313, r (train): 0.9255, Test MSE: 0.1560, r (test): -0.0551
Epoch: 82, Training Loss: 0.0516, Train MSE: 0.0516, r (train): 0.9375, Test MSE: 0.1595, r (test): 0.0940
Epoch: 83, Training Loss: 0.0212, Train MSE: 0.0212, r (train): 0.9357, Test MSE: 0.1230, r (test): 0.2938
Epoch: 84, Training Loss: 0.0118, Train MSE: 0.0118, r (train): 0.9266, Test MSE: 0.1130, r (test): 0.0078
Epoch: 85, Training Loss: 0.0092, Train MSE: 0.0092, r (train): 0.9336, Test MSE: 0.0993, r (test): 0.1541
Epoch: 86, Training Loss: 0.0236, Train MSE: 0.0236, r (train): 0.9239, Test MSE: 0.1316, r (test): -0.0060
Epoch: 87, Training Loss: 0.0095, Train MSE: 0.0095, r (train): 0.9370, Test MSE: 0.1191, r (test): -0.1321
Epoch: 88, Training Loss: 0.0090, Train MSE: 0.0090, r (train): 0.9502, Test MSE: 0.1157, r (test): -0.1107
Epoch: 89, Training Loss: 0.0120, Train MSE: 0.0120, r (train): 0.9463, Test MSE: 0.1327, r (test): -0.0741
Epoch: 90, Training Loss: 0.0155, Train MSE: 0.0155, r (train): 0.9436, Test MSE: 0.1361, r (test): -0.0297
Epoch: 91, Training Loss: 0.0160, Train MSE: 0.0160, r (train): 0.9314, Test MSE: 0.1317, r (test): -0.0400
Epoch: 92, Training Loss: 0.0181, Train MSE: 0.0181, r (train): 0.9533, Test MSE: 0.1290, r (test): -0.0219
Epoch: 93, Training Loss: 0.0104, Train MSE: 0.0104, r (train): 0.9490, Test MSE: 0.1130, r (test): 0.0435
Epoch: 94, Training Loss: 0.0113, Train MSE: 0.0113, r (train): 0.9463, Test MSE: 0.1073, r (test): 0.1329
Epoch: 95, Training Loss: 0.0102, Train MSE: 0.0102, r (train): 0.9495, Test MSE: 0.1044, r (test): 0.0294
Epoch: 96, Training Loss: 0.0202, Train MSE: 0.0202, r (train): 0.9441, Test MSE: 0.1093, r (test): 0.0387
Epoch: 97, Training Loss: 0.0132, Train MSE: 0.0132, r (train): 0.9423, Test MSE: 0.1152, r (test): -0.0035
Epoch: 98, Training Loss: 0.0108, Train MSE: 0.0108, r (train): 0.9311, Test MSE: 0.1082, r (test): 0.0534
Epoch: 99, Training Loss: 0.0200, Train MSE: 0.0200, r (train): 0.9272, Test MSE: 0.0937, r (test): 0.2014
Predicted tensors for training set: 
tensor([ 0.6502,  0.6869, -0.0299,  0.3987,  0.5400,  0.2559,  0.5813,  0.0351,
         0.1216,  0.6907,  0.8259,  0.0299,  0.6153,  0.2569,  0.6636,  0.6085,
         0.4966,  0.7252,  0.7154, -0.0231,  0.2617,  0.1066,  0.3361,  0.3638,
         0.1629, -0.2587,  0.6555,  0.5115,  0.2307,  0.3520, -0.2317,  0.4935,
         0.3606,  0.7102,  0.1652,  0.4134,  0.2624,  0.5430,  0.8371,  0.4831,
         0.7467,  0.9019,  0.9634,  0.1785,  0.1303,  0.7119,  0.6502,  0.9246,
         0.9064,  0.4483,  0.6511,  0.4866,  0.6376,  0.0718,  0.7252,  0.4840,
         0.5082,  0.8571,  0.3533,  0.8261,  0.7331,  0.3482,  0.3729,  0.4233,
        -0.0151,  0.6645,  0.7357,  0.8074,  0.8281,  0.1434,  0.5951,  0.2361])
Target tensorsfor training set: 
tensor([0.7371, 0.6671, 0.0636, 0.4373, 0.7144, 0.3453, 0.6465, 0.2255, 0.3077,
        0.7950, 0.9656, 0.2169, 0.5780, 0.4640, 0.7596, 0.7270, 0.6577, 0.8411,
        0.9535, 0.2649, 0.4341, 0.2916, 0.5187, 0.5220, 0.4440, 0.0389, 0.8728,
        0.7901, 0.5102, 0.5573, 0.1218, 0.6595, 0.4993, 0.6992, 0.2464, 0.4036,
        0.3829, 0.5783, 0.8363, 0.5023, 0.7507, 0.8556, 0.7497, 0.0981, 0.1360,
        0.7372, 0.6199, 0.8988, 0.9117, 0.4149, 0.5719, 0.4513, 0.4818, 0.0478,
        0.7791, 0.5658, 0.5300, 0.9621, 0.4526, 0.9215, 0.8524, 0.4654, 0.5564,
        0.5779, 0.1055, 0.7462, 0.8418, 0.9150, 0.9072, 0.1295, 0.6576, 0.2271])
Correlation for training set: 0.9272470978980129
Predicted tensors for test set: 
tensor([0.5678, 0.6006, 0.4456, 0.5799, 0.5819, 0.3600, 0.2212, 0.4757, 0.4889,
        0.4890, 0.5380, 0.4970, 0.6074, 0.5116, 0.6078, 0.4868, 0.5156, 0.3313])
Target tensors for test set: 
tensor([0.8453, 0.8561, 0.1493, 0.7125, 0.3309, 0.7171, 0.2594, 0.1294, 0.9127,
        0.0246, 0.2394, 0.5178, 0.9492, 0.0763, 0.6240, 0.6846, 0.3174, 0.8391])
Correlation for test set: 0.2014043224183212
Fold 4
Epoch: 00, Training Loss: 0.0854, Train MSE: 0.0854, r (train): 0.1998, Test MSE: 0.0786, r (test): -0.1824
Epoch: 01, Training Loss: 0.0837, Train MSE: 0.0837, r (train): 0.2546, Test MSE: 0.0824, r (test): -0.1881
Epoch: 02, Training Loss: 0.0891, Train MSE: 0.0891, r (train): 0.2938, Test MSE: 0.0876, r (test): -0.2097
Epoch: 03, Training Loss: 0.0888, Train MSE: 0.0888, r (train): 0.3475, Test MSE: 0.0873, r (test): -0.2088
Epoch: 04, Training Loss: 0.0862, Train MSE: 0.0862, r (train): 0.3970, Test MSE: 0.0867, r (test): -0.1591
Epoch: 05, Training Loss: 0.0768, Train MSE: 0.0768, r (train): 0.4556, Test MSE: 0.0855, r (test): -0.1647
Epoch: 06, Training Loss: 0.0780, Train MSE: 0.0780, r (train): 0.5013, Test MSE: 0.0894, r (test): -0.1461
Epoch: 07, Training Loss: 0.0770, Train MSE: 0.0770, r (train): 0.5289, Test MSE: 0.0874, r (test): -0.1011
Epoch: 08, Training Loss: 0.0769, Train MSE: 0.0769, r (train): 0.5547, Test MSE: 0.0838, r (test): -0.0046
Epoch: 09, Training Loss: 0.0712, Train MSE: 0.0712, r (train): 0.5980, Test MSE: 0.0851, r (test): -0.0082
Epoch: 10, Training Loss: 0.0824, Train MSE: 0.0824, r (train): 0.5761, Test MSE: 0.0912, r (test): -0.0420
Epoch: 11, Training Loss: 0.0584, Train MSE: 0.0584, r (train): 0.6450, Test MSE: 0.0862, r (test): -0.0293
Epoch: 12, Training Loss: 0.0702, Train MSE: 0.0702, r (train): 0.5573, Test MSE: 0.0824, r (test): -0.0495
Epoch: 13, Training Loss: 0.0580, Train MSE: 0.0580, r (train): 0.6411, Test MSE: 0.0786, r (test): 0.0009
Epoch: 14, Training Loss: 0.0838, Train MSE: 0.0838, r (train): 0.6605, Test MSE: 0.1048, r (test): -0.0472
Epoch: 15, Training Loss: 0.0579, Train MSE: 0.0579, r (train): 0.7273, Test MSE: 0.0872, r (test): 0.0103
Epoch: 16, Training Loss: 0.0610, Train MSE: 0.0610, r (train): 0.7726, Test MSE: 0.0960, r (test): 0.0835
Epoch: 17, Training Loss: 0.0513, Train MSE: 0.0513, r (train): 0.7363, Test MSE: 0.0811, r (test): 0.0007
Epoch: 18, Training Loss: 0.0552, Train MSE: 0.0552, r (train): 0.8210, Test MSE: 0.0903, r (test): 0.1162
Epoch: 19, Training Loss: 0.0889, Train MSE: 0.0889, r (train): 0.8357, Test MSE: 0.1333, r (test): -0.0068
Epoch: 20, Training Loss: 0.0826, Train MSE: 0.0826, r (train): 0.8273, Test MSE: 0.1279, r (test): 0.0095
Epoch: 21, Training Loss: 0.0690, Train MSE: 0.0690, r (train): 0.8319, Test MSE: 0.1084, r (test): 0.0412
Epoch: 22, Training Loss: 0.0390, Train MSE: 0.0390, r (train): 0.8347, Test MSE: 0.0836, r (test): 0.1488
Epoch: 23, Training Loss: 0.0425, Train MSE: 0.0425, r (train): 0.7962, Test MSE: 0.0755, r (test): 0.1890
Epoch: 24, Training Loss: 0.0376, Train MSE: 0.0376, r (train): 0.7732, Test MSE: 0.0673, r (test): 0.2057
Epoch: 25, Training Loss: 0.1045, Train MSE: 0.1045, r (train): 0.6519, Test MSE: 0.1151, r (test): 0.0011
Epoch: 26, Training Loss: 0.0936, Train MSE: 0.0936, r (train): 0.7592, Test MSE: 0.1155, r (test): -0.0623
Epoch: 27, Training Loss: 0.1205, Train MSE: 0.1205, r (train): 0.7828, Test MSE: 0.1757, r (test): -0.1389
Epoch: 28, Training Loss: 0.0375, Train MSE: 0.0375, r (train): 0.8091, Test MSE: 0.0770, r (test): 0.0516
Epoch: 29, Training Loss: 0.0392, Train MSE: 0.0392, r (train): 0.9024, Test MSE: 0.0863, r (test): 0.1816
Epoch: 30, Training Loss: 0.0554, Train MSE: 0.0554, r (train): 0.8986, Test MSE: 0.0957, r (test): 0.1225
Epoch: 31, Training Loss: 0.0425, Train MSE: 0.0425, r (train): 0.8958, Test MSE: 0.0958, r (test): 0.0261
Epoch: 32, Training Loss: 0.0298, Train MSE: 0.0298, r (train): 0.9035, Test MSE: 0.0970, r (test): -0.0610
Epoch: 33, Training Loss: 0.0171, Train MSE: 0.0171, r (train): 0.8801, Test MSE: 0.0744, r (test): 0.1265
Epoch: 34, Training Loss: 0.0188, Train MSE: 0.0188, r (train): 0.8988, Test MSE: 0.0783, r (test): 0.0758
Epoch: 35, Training Loss: 0.0270, Train MSE: 0.0270, r (train): 0.8728, Test MSE: 0.0911, r (test): -0.0926
Epoch: 36, Training Loss: 0.0213, Train MSE: 0.0213, r (train): 0.8713, Test MSE: 0.0899, r (test): -0.0863
Epoch: 37, Training Loss: 0.0219, Train MSE: 0.0219, r (train): 0.8624, Test MSE: 0.0931, r (test): -0.0432
Epoch: 38, Training Loss: 0.0179, Train MSE: 0.0179, r (train): 0.8785, Test MSE: 0.0785, r (test): 0.0831
Epoch: 39, Training Loss: 0.0254, Train MSE: 0.0254, r (train): 0.8641, Test MSE: 0.0907, r (test): 0.0993
Epoch: 40, Training Loss: 0.0200, Train MSE: 0.0200, r (train): 0.8646, Test MSE: 0.0781, r (test): 0.0541
Epoch: 41, Training Loss: 0.0240, Train MSE: 0.0240, r (train): 0.8572, Test MSE: 0.0856, r (test): -0.0393
Epoch: 42, Training Loss: 0.0204, Train MSE: 0.0204, r (train): 0.8539, Test MSE: 0.0779, r (test): 0.0016
Epoch: 43, Training Loss: 0.0249, Train MSE: 0.0249, r (train): 0.8753, Test MSE: 0.0838, r (test): 0.0026
Epoch: 44, Training Loss: 0.0298, Train MSE: 0.0298, r (train): 0.8228, Test MSE: 0.0734, r (test): 0.0554
Epoch: 45, Training Loss: 0.0452, Train MSE: 0.0452, r (train): 0.8632, Test MSE: 0.0890, r (test): -0.0080
Epoch: 46, Training Loss: 0.0673, Train MSE: 0.0673, r (train): 0.8417, Test MSE: 0.1114, r (test): -0.1015
Epoch: 47, Training Loss: 0.0846, Train MSE: 0.0846, r (train): 0.8805, Test MSE: 0.1509, r (test): -0.0054
Epoch: 48, Training Loss: 0.0778, Train MSE: 0.0778, r (train): 0.8485, Test MSE: 0.1204, r (test): -0.0160
Epoch: 49, Training Loss: 0.0714, Train MSE: 0.0714, r (train): 0.8944, Test MSE: 0.1247, r (test): 0.0643
Epoch: 50, Training Loss: 0.0603, Train MSE: 0.0603, r (train): 0.8846, Test MSE: 0.1158, r (test): -0.0258
Epoch: 51, Training Loss: 0.0697, Train MSE: 0.0697, r (train): 0.9003, Test MSE: 0.1386, r (test): -0.1659
Epoch: 52, Training Loss: 0.0319, Train MSE: 0.0319, r (train): 0.9002, Test MSE: 0.1173, r (test): -0.3526
Epoch: 53, Training Loss: 0.0205, Train MSE: 0.0205, r (train): 0.8876, Test MSE: 0.0976, r (test): -0.1427
Epoch: 54, Training Loss: 0.0218, Train MSE: 0.0218, r (train): 0.8763, Test MSE: 0.1093, r (test): -0.2563
Epoch: 55, Training Loss: 0.0174, Train MSE: 0.0174, r (train): 0.8774, Test MSE: 0.0945, r (test): -0.1782
Epoch: 56, Training Loss: 0.0161, Train MSE: 0.0161, r (train): 0.8841, Test MSE: 0.0943, r (test): -0.2570
Epoch: 57, Training Loss: 0.0233, Train MSE: 0.0233, r (train): 0.8457, Test MSE: 0.0871, r (test): -0.2078
Epoch: 58, Training Loss: 0.0185, Train MSE: 0.0185, r (train): 0.8992, Test MSE: 0.0793, r (test): -0.0905
Epoch: 59, Training Loss: 0.0431, Train MSE: 0.0431, r (train): 0.9372, Test MSE: 0.1092, r (test): -0.0737
Epoch: 60, Training Loss: 0.0409, Train MSE: 0.0409, r (train): 0.9438, Test MSE: 0.1137, r (test): -0.1261
Epoch: 61, Training Loss: 0.0292, Train MSE: 0.0292, r (train): 0.9297, Test MSE: 0.0965, r (test): -0.0587
Epoch: 62, Training Loss: 0.0156, Train MSE: 0.0156, r (train): 0.9179, Test MSE: 0.0967, r (test): -0.1924
Epoch: 63, Training Loss: 0.0199, Train MSE: 0.0199, r (train): 0.8775, Test MSE: 0.1070, r (test): -0.1929
Epoch: 64, Training Loss: 0.0261, Train MSE: 0.0261, r (train): 0.8347, Test MSE: 0.1073, r (test): -0.2672
Epoch: 65, Training Loss: 0.0195, Train MSE: 0.0195, r (train): 0.8789, Test MSE: 0.0979, r (test): -0.2426
Epoch: 66, Training Loss: 0.0177, Train MSE: 0.0177, r (train): 0.8841, Test MSE: 0.0828, r (test): -0.1819
Epoch: 67, Training Loss: 0.0150, Train MSE: 0.0150, r (train): 0.9124, Test MSE: 0.0711, r (test): 0.1074
Epoch: 68, Training Loss: 0.0639, Train MSE: 0.0639, r (train): 0.9354, Test MSE: 0.1228, r (test): -0.1303
Epoch: 69, Training Loss: 0.0236, Train MSE: 0.0236, r (train): 0.9426, Test MSE: 0.0941, r (test): -0.1301
Epoch: 70, Training Loss: 0.0145, Train MSE: 0.0145, r (train): 0.9498, Test MSE: 0.0884, r (test): -0.1927
Epoch: 71, Training Loss: 0.0096, Train MSE: 0.0096, r (train): 0.9419, Test MSE: 0.0944, r (test): -0.2250
Epoch: 72, Training Loss: 0.0176, Train MSE: 0.0176, r (train): 0.9341, Test MSE: 0.1003, r (test): -0.1702
Epoch: 73, Training Loss: 0.0146, Train MSE: 0.0146, r (train): 0.9200, Test MSE: 0.1023, r (test): -0.2429
Epoch: 74, Training Loss: 0.0122, Train MSE: 0.0122, r (train): 0.9143, Test MSE: 0.0818, r (test): -0.0939
Epoch: 75, Training Loss: 0.0177, Train MSE: 0.0177, r (train): 0.8778, Test MSE: 0.0828, r (test): -0.0977
Epoch: 76, Training Loss: 0.0253, Train MSE: 0.0253, r (train): 0.9196, Test MSE: 0.0837, r (test): -0.0720
Epoch: 77, Training Loss: 0.0502, Train MSE: 0.0502, r (train): 0.9491, Test MSE: 0.1311, r (test): -0.2001
Epoch: 78, Training Loss: 0.0168, Train MSE: 0.0168, r (train): 0.9347, Test MSE: 0.0963, r (test): -0.2973
Epoch: 79, Training Loss: 0.0186, Train MSE: 0.0186, r (train): 0.9213, Test MSE: 0.1092, r (test): -0.2148
Epoch: 80, Training Loss: 0.0134, Train MSE: 0.0134, r (train): 0.9336, Test MSE: 0.1102, r (test): -0.3222
Epoch: 81, Training Loss: 0.0142, Train MSE: 0.0142, r (train): 0.9402, Test MSE: 0.1132, r (test): -0.2965
Epoch: 82, Training Loss: 0.0157, Train MSE: 0.0157, r (train): 0.9078, Test MSE: 0.0860, r (test): -0.0688
Epoch: 83, Training Loss: 0.0149, Train MSE: 0.0149, r (train): 0.8944, Test MSE: 0.0780, r (test): 0.0275
Epoch: 84, Training Loss: 0.0234, Train MSE: 0.0234, r (train): 0.9063, Test MSE: 0.0816, r (test): -0.0464
Epoch: 85, Training Loss: 0.0193, Train MSE: 0.0193, r (train): 0.9315, Test MSE: 0.0870, r (test): -0.0870
Epoch: 86, Training Loss: 0.0185, Train MSE: 0.0185, r (train): 0.8715, Test MSE: 0.0831, r (test): -0.1968
Epoch: 87, Training Loss: 0.0226, Train MSE: 0.0226, r (train): 0.9158, Test MSE: 0.1201, r (test): -0.2064
Epoch: 88, Training Loss: 0.0134, Train MSE: 0.0134, r (train): 0.9465, Test MSE: 0.0899, r (test): -0.0489
Epoch: 89, Training Loss: 0.0124, Train MSE: 0.0124, r (train): 0.9465, Test MSE: 0.0984, r (test): -0.2000
Epoch: 90, Training Loss: 0.0085, Train MSE: 0.0085, r (train): 0.9424, Test MSE: 0.0862, r (test): -0.1094
Epoch: 91, Training Loss: 0.0069, Train MSE: 0.0069, r (train): 0.9593, Test MSE: 0.0923, r (test): -0.2042
Epoch: 92, Training Loss: 0.0061, Train MSE: 0.0061, r (train): 0.9669, Test MSE: 0.0907, r (test): -0.2071
Epoch: 93, Training Loss: 0.0198, Train MSE: 0.0198, r (train): 0.9551, Test MSE: 0.1074, r (test): -0.2977
Epoch: 94, Training Loss: 0.0254, Train MSE: 0.0254, r (train): 0.9534, Test MSE: 0.1301, r (test): -0.3060
Epoch: 95, Training Loss: 0.0085, Train MSE: 0.0085, r (train): 0.9650, Test MSE: 0.0936, r (test): -0.1560
Epoch: 96, Training Loss: 0.0089, Train MSE: 0.0089, r (train): 0.9423, Test MSE: 0.0894, r (test): -0.1579
Epoch: 97, Training Loss: 0.0103, Train MSE: 0.0103, r (train): 0.9459, Test MSE: 0.0967, r (test): -0.2364
Epoch: 98, Training Loss: 0.0088, Train MSE: 0.0088, r (train): 0.9446, Test MSE: 0.0847, r (test): -0.1576
Epoch: 99, Training Loss: 0.0215, Train MSE: 0.0215, r (train): 0.9564, Test MSE: 0.1110, r (test): -0.2531
Predicted tensors for training set: 
tensor([ 0.6820,  0.5111, -0.0050,  0.2719,  0.5759,  0.1686,  0.4978, -0.1693,
         0.1561,  0.6345,  0.8228,  0.1026,  0.2820,  0.3765,  0.5947,  0.5724,
         0.5792,  0.6961,  0.8276,  0.1445,  0.3280,  0.2289,  0.4644,  0.4203,
         0.3560, -0.1686,  0.7536,  0.6477,  0.4634,  0.5003, -0.0715,  0.5651,
         0.3651,  0.5100,  0.1091,  0.2895,  0.8366,  0.7073, -0.0731,  0.5354,
         0.1758,  0.4778, -0.0193, -0.0796,  0.6270, -0.1792,  0.0136,  0.3087,
         0.7615, -0.1363,  0.5258,  0.5130,  0.2849,  0.7056,  0.6877,  0.5047,
         0.4582,  0.9284,  0.4303,  0.9797,  0.8667,  0.4625,  0.6150,  0.5376,
         0.1238,  0.8684,  0.8309,  0.9403,  0.8838,  0.1652,  0.6227,  0.1170])
Target tensorsfor training set: 
tensor([0.7371, 0.6671, 0.0636, 0.4373, 0.7144, 0.3453, 0.6465, 0.2255, 0.3077,
        0.7950, 0.9656, 0.2169, 0.5780, 0.4640, 0.7596, 0.7270, 0.6577, 0.8411,
        0.9535, 0.2649, 0.4341, 0.2916, 0.5187, 0.5220, 0.4440, 0.0389, 0.8728,
        0.7901, 0.5102, 0.5573, 0.1218, 0.6595, 0.4993, 0.6992, 0.2464, 0.4036,
        0.8453, 0.8561, 0.1493, 0.7125, 0.3309, 0.7171, 0.2594, 0.1294, 0.9127,
        0.0246, 0.2394, 0.5178, 0.9492, 0.0763, 0.6240, 0.6846, 0.3174, 0.8391,
        0.7791, 0.5658, 0.5300, 0.9621, 0.4526, 0.9215, 0.8524, 0.4654, 0.5564,
        0.5779, 0.1055, 0.7462, 0.8418, 0.9150, 0.9072, 0.1295, 0.6576, 0.2271])
Correlation for training set: 0.9564433185675162
Predicted tensors for test set: 
tensor([0.4401, 0.3665, 0.4542, 0.3984, 0.4899, 0.2587, 0.5964, 0.4034, 0.4147,
        0.1729, 0.3927, 0.3369, 0.3857, 0.5832, 0.4113, 0.4918, 0.4545, 0.4422])
Target tensors for test set: 
tensor([0.3829, 0.5783, 0.8363, 0.5023, 0.7507, 0.8556, 0.7497, 0.0981, 0.1360,
        0.7372, 0.6199, 0.8988, 0.9117, 0.4149, 0.5719, 0.4513, 0.4818, 0.0478])
Correlation for test set: -0.253094141703411
Fold 5
Epoch: 00, Training Loss: 0.0909, Train MSE: 0.0909, r (train): 0.3452, Test MSE: 0.1466, r (test): -0.4424
Epoch: 01, Training Loss: 0.0712, Train MSE: 0.0712, r (train): 0.3813, Test MSE: 0.1586, r (test): -0.5185
Epoch: 02, Training Loss: 0.0654, Train MSE: 0.0654, r (train): 0.4134, Test MSE: 0.1566, r (test): -0.5211
Epoch: 03, Training Loss: 0.0648, Train MSE: 0.0648, r (train): 0.4477, Test MSE: 0.1668, r (test): -0.5198
Epoch: 04, Training Loss: 0.0691, Train MSE: 0.0691, r (train): 0.4644, Test MSE: 0.1694, r (test): -0.5008
Epoch: 05, Training Loss: 0.0628, Train MSE: 0.0628, r (train): 0.4936, Test MSE: 0.1553, r (test): -0.4788
Epoch: 06, Training Loss: 0.0569, Train MSE: 0.0569, r (train): 0.5303, Test MSE: 0.1527, r (test): -0.4707
Epoch: 07, Training Loss: 0.0680, Train MSE: 0.0680, r (train): 0.5383, Test MSE: 0.1591, r (test): -0.4660
Epoch: 08, Training Loss: 0.0617, Train MSE: 0.0617, r (train): 0.5830, Test MSE: 0.1531, r (test): -0.4444
Epoch: 09, Training Loss: 0.0659, Train MSE: 0.0659, r (train): 0.5933, Test MSE: 0.1556, r (test): -0.4416
Epoch: 10, Training Loss: 0.0739, Train MSE: 0.0739, r (train): 0.6068, Test MSE: 0.1553, r (test): -0.4104
Epoch: 11, Training Loss: 0.1035, Train MSE: 0.1035, r (train): 0.5215, Test MSE: 0.2147, r (test): -0.4832
Epoch: 12, Training Loss: 0.0591, Train MSE: 0.0591, r (train): 0.6090, Test MSE: 0.1547, r (test): -0.4362
Epoch: 13, Training Loss: 0.1314, Train MSE: 0.1314, r (train): 0.5242, Test MSE: 0.1770, r (test): -0.4402
Epoch: 14, Training Loss: 0.0690, Train MSE: 0.0690, r (train): 0.6666, Test MSE: 0.1321, r (test): -0.2974
Epoch: 15, Training Loss: 0.0634, Train MSE: 0.0634, r (train): 0.6291, Test MSE: 0.1379, r (test): -0.3725
Epoch: 16, Training Loss: 0.0647, Train MSE: 0.0647, r (train): 0.7107, Test MSE: 0.1706, r (test): -0.3843
Epoch: 17, Training Loss: 0.1323, Train MSE: 0.1323, r (train): 0.6257, Test MSE: 0.2181, r (test): -0.3981
Epoch: 18, Training Loss: 0.0761, Train MSE: 0.0761, r (train): 0.6742, Test MSE: 0.1751, r (test): -0.3189
Epoch: 19, Training Loss: 0.0681, Train MSE: 0.0681, r (train): 0.6051, Test MSE: 0.1502, r (test): -0.3757
Epoch: 20, Training Loss: 0.0900, Train MSE: 0.0900, r (train): 0.7424, Test MSE: 0.1427, r (test): -0.2243
Epoch: 21, Training Loss: 0.0800, Train MSE: 0.0800, r (train): 0.5964, Test MSE: 0.1847, r (test): -0.4236
Epoch: 22, Training Loss: 0.0707, Train MSE: 0.0707, r (train): 0.7616, Test MSE: 0.1508, r (test): -0.3272
Epoch: 23, Training Loss: 0.0768, Train MSE: 0.0768, r (train): 0.7439, Test MSE: 0.1662, r (test): -0.3016
Epoch: 24, Training Loss: 0.0683, Train MSE: 0.0683, r (train): 0.8112, Test MSE: 0.1379, r (test): -0.2412
Epoch: 25, Training Loss: 0.0489, Train MSE: 0.0489, r (train): 0.8277, Test MSE: 0.1385, r (test): -0.2507
Epoch: 26, Training Loss: 0.0709, Train MSE: 0.0709, r (train): 0.8144, Test MSE: 0.1412, r (test): -0.2127
Epoch: 27, Training Loss: 0.0602, Train MSE: 0.0602, r (train): 0.8672, Test MSE: 0.1357, r (test): -0.1291
Epoch: 28, Training Loss: 0.0678, Train MSE: 0.0678, r (train): 0.8764, Test MSE: 0.1408, r (test): -0.1469
Epoch: 29, Training Loss: 0.0671, Train MSE: 0.0671, r (train): 0.8708, Test MSE: 0.1292, r (test): -0.0196
Epoch: 30, Training Loss: 0.0862, Train MSE: 0.0862, r (train): 0.8080, Test MSE: 0.1665, r (test): -0.2010
Epoch: 31, Training Loss: 0.0303, Train MSE: 0.0303, r (train): 0.7755, Test MSE: 0.1097, r (test): -0.1291
Epoch: 32, Training Loss: 0.0515, Train MSE: 0.0515, r (train): 0.8043, Test MSE: 0.1427, r (test): -0.2961
Epoch: 33, Training Loss: 0.0560, Train MSE: 0.0560, r (train): 0.8825, Test MSE: 0.1422, r (test): -0.1510
Epoch: 34, Training Loss: 0.0529, Train MSE: 0.0529, r (train): 0.8719, Test MSE: 0.1347, r (test): -0.1741
Epoch: 35, Training Loss: 0.0422, Train MSE: 0.0422, r (train): 0.8610, Test MSE: 0.1103, r (test): -0.0500
Epoch: 36, Training Loss: 0.0303, Train MSE: 0.0303, r (train): 0.8637, Test MSE: 0.1142, r (test): -0.1145
Epoch: 37, Training Loss: 0.0345, Train MSE: 0.0345, r (train): 0.8179, Test MSE: 0.1235, r (test): -0.2471
Epoch: 38, Training Loss: 0.0457, Train MSE: 0.0457, r (train): 0.8357, Test MSE: 0.1183, r (test): -0.0643
Epoch: 39, Training Loss: 0.0320, Train MSE: 0.0320, r (train): 0.8769, Test MSE: 0.1167, r (test): -0.1380
Epoch: 40, Training Loss: 0.0307, Train MSE: 0.0307, r (train): 0.8506, Test MSE: 0.1079, r (test): -0.0566
Epoch: 41, Training Loss: 0.0249, Train MSE: 0.0249, r (train): 0.8408, Test MSE: 0.1244, r (test): -0.0648
Epoch: 42, Training Loss: 0.0314, Train MSE: 0.0314, r (train): 0.7854, Test MSE: 0.1116, r (test): -0.1608
Epoch: 43, Training Loss: 0.0253, Train MSE: 0.0253, r (train): 0.8617, Test MSE: 0.1182, r (test): -0.1307
Epoch: 44, Training Loss: 0.0241, Train MSE: 0.0241, r (train): 0.8509, Test MSE: 0.1141, r (test): 0.0408
Epoch: 45, Training Loss: 0.0273, Train MSE: 0.0273, r (train): 0.8333, Test MSE: 0.1314, r (test): -0.1747
Epoch: 46, Training Loss: 0.0263, Train MSE: 0.0263, r (train): 0.8283, Test MSE: 0.1242, r (test): -0.0164
Epoch: 47, Training Loss: 0.0232, Train MSE: 0.0232, r (train): 0.8706, Test MSE: 0.0984, r (test): -0.0388
Epoch: 48, Training Loss: 0.0229, Train MSE: 0.0229, r (train): 0.8431, Test MSE: 0.1218, r (test): -0.0901
Epoch: 49, Training Loss: 0.0188, Train MSE: 0.0188, r (train): 0.8678, Test MSE: 0.1114, r (test): -0.1104
Epoch: 50, Training Loss: 0.0248, Train MSE: 0.0248, r (train): 0.8302, Test MSE: 0.0989, r (test): -0.0534
Epoch: 51, Training Loss: 0.0357, Train MSE: 0.0357, r (train): 0.8493, Test MSE: 0.1086, r (test): -0.1082
Epoch: 52, Training Loss: 0.0590, Train MSE: 0.0590, r (train): 0.7823, Test MSE: 0.1397, r (test): -0.2773
Epoch: 53, Training Loss: 0.0291, Train MSE: 0.0291, r (train): 0.8316, Test MSE: 0.0984, r (test): -0.1060
Epoch: 54, Training Loss: 0.0399, Train MSE: 0.0399, r (train): 0.8646, Test MSE: 0.1146, r (test): -0.1317
Epoch: 55, Training Loss: 0.0685, Train MSE: 0.0685, r (train): 0.8303, Test MSE: 0.1487, r (test): -0.0828
Epoch: 56, Training Loss: 0.1161, Train MSE: 0.1161, r (train): 0.8210, Test MSE: 0.1780, r (test): -0.1293
Epoch: 57, Training Loss: 0.1166, Train MSE: 0.1166, r (train): 0.8126, Test MSE: 0.1607, r (test): 0.0236
Epoch: 58, Training Loss: 0.1582, Train MSE: 0.1582, r (train): 0.8217, Test MSE: 0.1748, r (test): 0.1177
Epoch: 59, Training Loss: 0.1665, Train MSE: 0.1665, r (train): 0.8225, Test MSE: 0.1932, r (test): 0.0078
Epoch: 60, Training Loss: 0.0929, Train MSE: 0.0929, r (train): 0.8436, Test MSE: 0.1017, r (test): 0.2177
Epoch: 61, Training Loss: 0.0567, Train MSE: 0.0567, r (train): 0.8382, Test MSE: 0.1076, r (test): 0.0122
Epoch: 62, Training Loss: 0.0552, Train MSE: 0.0552, r (train): 0.8034, Test MSE: 0.1008, r (test): 0.1212
Epoch: 63, Training Loss: 0.0659, Train MSE: 0.0659, r (train): 0.8006, Test MSE: 0.1240, r (test): -0.3021
Epoch: 64, Training Loss: 0.0254, Train MSE: 0.0254, r (train): 0.8277, Test MSE: 0.1150, r (test): -0.1287
Epoch: 65, Training Loss: 0.0310, Train MSE: 0.0310, r (train): 0.8169, Test MSE: 0.1339, r (test): 0.2043
Epoch: 66, Training Loss: 0.0491, Train MSE: 0.0491, r (train): 0.7919, Test MSE: 0.1583, r (test): 0.3294
Epoch: 67, Training Loss: 0.0268, Train MSE: 0.0268, r (train): 0.8333, Test MSE: 0.1045, r (test): 0.1938
Epoch: 68, Training Loss: 0.0173, Train MSE: 0.0173, r (train): 0.8703, Test MSE: 0.1007, r (test): -0.0858
Epoch: 69, Training Loss: 0.0246, Train MSE: 0.0246, r (train): 0.9027, Test MSE: 0.0947, r (test): -0.1407
Epoch: 70, Training Loss: 0.0322, Train MSE: 0.0322, r (train): 0.8836, Test MSE: 0.1183, r (test): -0.2224
Epoch: 71, Training Loss: 0.0442, Train MSE: 0.0442, r (train): 0.9177, Test MSE: 0.1369, r (test): -0.1842
Epoch: 72, Training Loss: 0.0165, Train MSE: 0.0165, r (train): 0.8979, Test MSE: 0.1061, r (test): -0.0146
Epoch: 73, Training Loss: 0.0237, Train MSE: 0.0237, r (train): 0.9043, Test MSE: 0.1536, r (test): -0.2185
Epoch: 74, Training Loss: 0.0358, Train MSE: 0.0358, r (train): 0.8388, Test MSE: 0.1330, r (test): 0.0764
Epoch: 75, Training Loss: 0.0159, Train MSE: 0.0159, r (train): 0.9121, Test MSE: 0.1366, r (test): -0.3097
Epoch: 76, Training Loss: 0.0134, Train MSE: 0.0134, r (train): 0.9062, Test MSE: 0.1027, r (test): -0.2587
Epoch: 77, Training Loss: 0.0239, Train MSE: 0.0239, r (train): 0.9049, Test MSE: 0.1116, r (test): -0.2618
Epoch: 78, Training Loss: 0.0242, Train MSE: 0.0242, r (train): 0.8885, Test MSE: 0.0858, r (test): 0.0103
Epoch: 79, Training Loss: 0.0221, Train MSE: 0.0221, r (train): 0.8916, Test MSE: 0.1167, r (test): -0.0224
Epoch: 80, Training Loss: 0.0668, Train MSE: 0.0668, r (train): 0.8730, Test MSE: 0.2008, r (test): 0.1834
Epoch: 81, Training Loss: 0.0366, Train MSE: 0.0366, r (train): 0.8969, Test MSE: 0.1525, r (test): -0.0515
Epoch: 82, Training Loss: 0.0171, Train MSE: 0.0171, r (train): 0.9212, Test MSE: 0.1178, r (test): -0.0896
Epoch: 83, Training Loss: 0.0118, Train MSE: 0.0118, r (train): 0.9236, Test MSE: 0.1058, r (test): -0.1554
Epoch: 84, Training Loss: 0.0162, Train MSE: 0.0162, r (train): 0.9230, Test MSE: 0.0899, r (test): 0.0056
Epoch: 85, Training Loss: 0.0214, Train MSE: 0.0214, r (train): 0.9033, Test MSE: 0.1229, r (test): -0.0719
Epoch: 86, Training Loss: 0.0509, Train MSE: 0.0509, r (train): 0.8935, Test MSE: 0.1542, r (test): 0.2066
Epoch: 87, Training Loss: 0.0675, Train MSE: 0.0675, r (train): 0.9022, Test MSE: 0.1951, r (test): 0.0996
Epoch: 88, Training Loss: 0.0323, Train MSE: 0.0323, r (train): 0.9112, Test MSE: 0.1423, r (test): -0.1856
Epoch: 89, Training Loss: 0.0437, Train MSE: 0.0437, r (train): 0.8632, Test MSE: 0.1795, r (test): 0.0017
Epoch: 90, Training Loss: 0.0130, Train MSE: 0.0130, r (train): 0.9142, Test MSE: 0.1021, r (test): -0.1453
Epoch: 91, Training Loss: 0.0150, Train MSE: 0.0150, r (train): 0.9234, Test MSE: 0.1096, r (test): 0.1002
Epoch: 92, Training Loss: 0.0224, Train MSE: 0.0224, r (train): 0.9195, Test MSE: 0.1081, r (test): 0.1417
Epoch: 93, Training Loss: 0.0673, Train MSE: 0.0673, r (train): 0.9094, Test MSE: 0.2010, r (test): 0.0336
Epoch: 94, Training Loss: 0.0632, Train MSE: 0.0632, r (train): 0.9101, Test MSE: 0.1892, r (test): 0.0707
Epoch: 95, Training Loss: 0.0533, Train MSE: 0.0533, r (train): 0.9130, Test MSE: 0.1752, r (test): 0.1610
Epoch: 96, Training Loss: 0.0222, Train MSE: 0.0222, r (train): 0.9140, Test MSE: 0.1196, r (test): -0.1108
Epoch: 97, Training Loss: 0.0148, Train MSE: 0.0148, r (train): 0.9081, Test MSE: 0.0827, r (test): 0.1444
Epoch: 98, Training Loss: 0.0181, Train MSE: 0.0181, r (train): 0.9122, Test MSE: 0.0808, r (test): 0.1772
Epoch: 99, Training Loss: 0.0182, Train MSE: 0.0182, r (train): 0.9021, Test MSE: 0.1144, r (test): 0.0961
Predicted tensors for training set: 
tensor([ 0.7543,  0.6203,  0.0722,  0.3805,  0.6999,  0.2729,  0.6780,  0.3297,
         0.2806,  0.8199,  0.9209,  0.3510,  0.5869,  0.3883,  0.7109,  0.7258,
         0.7357,  0.7154,  0.9250,  0.3911,  0.3926,  0.2671,  0.4759,  0.4536,
         0.2990,  0.0242,  0.7777,  0.6110,  0.3323,  0.3732, -0.0056,  0.3431,
         0.3497,  0.5327,  0.4892,  0.2600,  0.5453,  0.6807, -0.0744,  0.5504,
         0.1274,  0.5111,  0.0438, -0.0362,  0.6131, -0.1452,  0.0639,  0.2539,
         0.7838, -0.1317,  0.4762,  0.5545,  0.2516,  0.6132,  0.3729,  0.5807,
         0.8767,  0.5337,  0.8224,  0.9016,  0.8330,  0.2081,  0.2936,  0.8152,
         0.7411,  0.9746,  0.9859,  0.4565,  0.5886,  0.5393,  0.4925,  0.0528])
Target tensorsfor training set: 
tensor([0.7371, 0.6671, 0.0636, 0.4373, 0.7144, 0.3453, 0.6465, 0.2255, 0.3077,
        0.7950, 0.9656, 0.2169, 0.5780, 0.4640, 0.7596, 0.7270, 0.6577, 0.8411,
        0.9535, 0.2649, 0.4341, 0.2916, 0.5187, 0.5220, 0.4440, 0.0389, 0.8728,
        0.7901, 0.5102, 0.5573, 0.1218, 0.6595, 0.4993, 0.6992, 0.2464, 0.4036,
        0.8453, 0.8561, 0.1493, 0.7125, 0.3309, 0.7171, 0.2594, 0.1294, 0.9127,
        0.0246, 0.2394, 0.5178, 0.9492, 0.0763, 0.6240, 0.6846, 0.3174, 0.8391,
        0.3829, 0.5783, 0.8363, 0.5023, 0.7507, 0.8556, 0.7497, 0.0981, 0.1360,
        0.7372, 0.6199, 0.8988, 0.9117, 0.4149, 0.5719, 0.4513, 0.4818, 0.0478])
Correlation for training set: 0.9020901974408128
Predicted tensors for test set: 
tensor([0.4631, 0.5365, 0.4658, 0.5686, 0.4916, 0.4641, 0.2737, 0.3670, 0.2630,
        0.2529, 0.4324, 0.5070, 0.2600, 0.5019, 0.4896, 0.2209, 0.6558, 0.6698])
Target tensors for test set: 
tensor([0.7791, 0.5658, 0.5300, 0.9621, 0.4526, 0.9215, 0.8524, 0.4654, 0.5564,
        0.5779, 0.1055, 0.7462, 0.8418, 0.9150, 0.9072, 0.1295, 0.6576, 0.2271])
Correlation for test set: 0.09613008271972173
Seed: 37
Fold losses: [tensor(0.0152), tensor(0.0175), tensor(0.0200), tensor(0.0215), tensor(0.0182)]
Fold MSE values: [tensor(0.0152), tensor(0.0175), tensor(0.0200), tensor(0.0215), tensor(0.0182)]
Target training values: [tensor([0.9535, 0.2649, 0.4341, 0.2916, 0.5187, 0.5220, 0.4440, 0.0389, 0.8728,
        0.7901, 0.5102, 0.5573, 0.1218, 0.6595, 0.4993, 0.6992, 0.2464, 0.4036,
        0.8453, 0.8561, 0.1493, 0.7125, 0.3309, 0.7171, 0.2594, 0.1294, 0.9127,
        0.0246, 0.2394, 0.5178, 0.9492, 0.0763, 0.6240, 0.6846, 0.3174, 0.8391,
        0.3829, 0.5783, 0.8363, 0.5023, 0.7507, 0.8556, 0.7497, 0.0981, 0.1360,
        0.7372, 0.6199, 0.8988, 0.9117, 0.4149, 0.5719, 0.4513, 0.4818, 0.0478,
        0.7791, 0.5658, 0.5300, 0.9621, 0.4526, 0.9215, 0.8524, 0.4654, 0.5564,
        0.5779, 0.1055, 0.7462, 0.8418, 0.9150, 0.9072, 0.1295, 0.6576, 0.2271]), tensor([0.7371, 0.6671, 0.0636, 0.4373, 0.7144, 0.3453, 0.6465, 0.2255, 0.3077,
        0.7950, 0.9656, 0.2169, 0.5780, 0.4640, 0.7596, 0.7270, 0.6577, 0.8411,
        0.8453, 0.8561, 0.1493, 0.7125, 0.3309, 0.7171, 0.2594, 0.1294, 0.9127,
        0.0246, 0.2394, 0.5178, 0.9492, 0.0763, 0.6240, 0.6846, 0.3174, 0.8391,
        0.3829, 0.5783, 0.8363, 0.5023, 0.7507, 0.8556, 0.7497, 0.0981, 0.1360,
        0.7372, 0.6199, 0.8988, 0.9117, 0.4149, 0.5719, 0.4513, 0.4818, 0.0478,
        0.7791, 0.5658, 0.5300, 0.9621, 0.4526, 0.9215, 0.8524, 0.4654, 0.5564,
        0.5779, 0.1055, 0.7462, 0.8418, 0.9150, 0.9072, 0.1295, 0.6576, 0.2271]), tensor([0.7371, 0.6671, 0.0636, 0.4373, 0.7144, 0.3453, 0.6465, 0.2255, 0.3077,
        0.7950, 0.9656, 0.2169, 0.5780, 0.4640, 0.7596, 0.7270, 0.6577, 0.8411,
        0.9535, 0.2649, 0.4341, 0.2916, 0.5187, 0.5220, 0.4440, 0.0389, 0.8728,
        0.7901, 0.5102, 0.5573, 0.1218, 0.6595, 0.4993, 0.6992, 0.2464, 0.4036,
        0.3829, 0.5783, 0.8363, 0.5023, 0.7507, 0.8556, 0.7497, 0.0981, 0.1360,
        0.7372, 0.6199, 0.8988, 0.9117, 0.4149, 0.5719, 0.4513, 0.4818, 0.0478,
        0.7791, 0.5658, 0.5300, 0.9621, 0.4526, 0.9215, 0.8524, 0.4654, 0.5564,
        0.5779, 0.1055, 0.7462, 0.8418, 0.9150, 0.9072, 0.1295, 0.6576, 0.2271]), tensor([0.7371, 0.6671, 0.0636, 0.4373, 0.7144, 0.3453, 0.6465, 0.2255, 0.3077,
        0.7950, 0.9656, 0.2169, 0.5780, 0.4640, 0.7596, 0.7270, 0.6577, 0.8411,
        0.9535, 0.2649, 0.4341, 0.2916, 0.5187, 0.5220, 0.4440, 0.0389, 0.8728,
        0.7901, 0.5102, 0.5573, 0.1218, 0.6595, 0.4993, 0.6992, 0.2464, 0.4036,
        0.8453, 0.8561, 0.1493, 0.7125, 0.3309, 0.7171, 0.2594, 0.1294, 0.9127,
        0.0246, 0.2394, 0.5178, 0.9492, 0.0763, 0.6240, 0.6846, 0.3174, 0.8391,
        0.7791, 0.5658, 0.5300, 0.9621, 0.4526, 0.9215, 0.8524, 0.4654, 0.5564,
        0.5779, 0.1055, 0.7462, 0.8418, 0.9150, 0.9072, 0.1295, 0.6576, 0.2271]), tensor([0.7371, 0.6671, 0.0636, 0.4373, 0.7144, 0.3453, 0.6465, 0.2255, 0.3077,
        0.7950, 0.9656, 0.2169, 0.5780, 0.4640, 0.7596, 0.7270, 0.6577, 0.8411,
        0.9535, 0.2649, 0.4341, 0.2916, 0.5187, 0.5220, 0.4440, 0.0389, 0.8728,
        0.7901, 0.5102, 0.5573, 0.1218, 0.6595, 0.4993, 0.6992, 0.2464, 0.4036,
        0.8453, 0.8561, 0.1493, 0.7125, 0.3309, 0.7171, 0.2594, 0.1294, 0.9127,
        0.0246, 0.2394, 0.5178, 0.9492, 0.0763, 0.6240, 0.6846, 0.3174, 0.8391,
        0.3829, 0.5783, 0.8363, 0.5023, 0.7507, 0.8556, 0.7497, 0.0981, 0.1360,
        0.7372, 0.6199, 0.8988, 0.9117, 0.4149, 0.5719, 0.4513, 0.4818, 0.0478])]
Prediction training values: [tensor([ 0.9323,  0.3193,  0.4768,  0.2306,  0.4730,  0.4659,  0.4573,  0.0103,
         0.7397,  0.6614,  0.4103,  0.3830,  0.0052,  0.5815,  0.2618,  0.5964,
         0.1000,  0.3464,  0.6501,  0.7124, -0.1573,  0.5722,  0.2729,  0.5999,
         0.3301,  0.1623,  0.7824,  0.0891,  0.1990,  0.3358,  0.9553,  0.0989,
         0.7285,  0.6605,  0.4356,  0.7600,  0.5044,  0.7641,  0.8984,  0.6348,
         0.8862,  1.0300,  1.0951,  0.4702,  0.4205,  0.8178,  0.7571,  1.0197,
         1.1316,  0.5650,  0.6502,  0.5553,  0.5894,  0.1018,  0.8076,  0.5604,
         0.5491,  0.9362,  0.4954,  0.8973,  0.8409,  0.4385,  0.5375,  0.5471,
         0.0956,  0.7275,  0.8036,  0.9107,  0.9063,  0.0976,  0.6535,  0.2693]), tensor([ 0.6505,  0.6763, -0.0461,  0.3589,  0.6265,  0.3253,  0.5644,  0.2614,
         0.2992,  0.6491,  0.8822,  0.0562,  0.5495,  0.3674,  0.5289,  0.6940,
         0.5336,  0.6290,  0.6948,  0.6843, -0.0910,  0.5737,  0.1077,  0.5131,
         0.1293, -0.1187,  0.6952, -0.1024, -0.0157,  0.2175,  0.7818, -0.2802,
         0.5140,  0.5325,  0.2089,  0.4733,  0.2777,  0.5831,  0.7881,  0.4807,
         0.7849,  0.8342,  0.8069,  0.1959,  0.2457,  0.7453,  0.6637,  0.9067,
         0.9248,  0.4824,  0.6243,  0.4945,  0.4660,  0.0622,  0.7535,  0.4643,
         0.4552,  0.8316,  0.3381,  0.8302,  0.7109,  0.3831,  0.3966,  0.5023,
         0.0231,  0.6942,  0.7922,  0.9016,  0.8713,  0.0505,  0.6142,  0.2090]), tensor([ 0.6502,  0.6869, -0.0299,  0.3987,  0.5400,  0.2559,  0.5813,  0.0351,
         0.1216,  0.6907,  0.8259,  0.0299,  0.6153,  0.2569,  0.6636,  0.6085,
         0.4966,  0.7252,  0.7154, -0.0231,  0.2617,  0.1066,  0.3361,  0.3638,
         0.1629, -0.2587,  0.6555,  0.5115,  0.2307,  0.3520, -0.2317,  0.4935,
         0.3606,  0.7102,  0.1652,  0.4134,  0.2624,  0.5430,  0.8371,  0.4831,
         0.7467,  0.9019,  0.9634,  0.1785,  0.1303,  0.7119,  0.6502,  0.9246,
         0.9064,  0.4483,  0.6511,  0.4866,  0.6376,  0.0718,  0.7252,  0.4840,
         0.5082,  0.8571,  0.3533,  0.8261,  0.7331,  0.3482,  0.3729,  0.4233,
        -0.0151,  0.6645,  0.7357,  0.8074,  0.8281,  0.1434,  0.5951,  0.2361]), tensor([ 0.6820,  0.5111, -0.0050,  0.2719,  0.5759,  0.1686,  0.4978, -0.1693,
         0.1561,  0.6345,  0.8228,  0.1026,  0.2820,  0.3765,  0.5947,  0.5724,
         0.5792,  0.6961,  0.8276,  0.1445,  0.3280,  0.2289,  0.4644,  0.4203,
         0.3560, -0.1686,  0.7536,  0.6477,  0.4634,  0.5003, -0.0715,  0.5651,
         0.3651,  0.5100,  0.1091,  0.2895,  0.8366,  0.7073, -0.0731,  0.5354,
         0.1758,  0.4778, -0.0193, -0.0796,  0.6270, -0.1792,  0.0136,  0.3087,
         0.7615, -0.1363,  0.5258,  0.5130,  0.2849,  0.7056,  0.6877,  0.5047,
         0.4582,  0.9284,  0.4303,  0.9797,  0.8667,  0.4625,  0.6150,  0.5376,
         0.1238,  0.8684,  0.8309,  0.9403,  0.8838,  0.1652,  0.6227,  0.1170]), tensor([ 0.7543,  0.6203,  0.0722,  0.3805,  0.6999,  0.2729,  0.6780,  0.3297,
         0.2806,  0.8199,  0.9209,  0.3510,  0.5869,  0.3883,  0.7109,  0.7258,
         0.7357,  0.7154,  0.9250,  0.3911,  0.3926,  0.2671,  0.4759,  0.4536,
         0.2990,  0.0242,  0.7777,  0.6110,  0.3323,  0.3732, -0.0056,  0.3431,
         0.3497,  0.5327,  0.4892,  0.2600,  0.5453,  0.6807, -0.0744,  0.5504,
         0.1274,  0.5111,  0.0438, -0.0362,  0.6131, -0.1452,  0.0639,  0.2539,
         0.7838, -0.1317,  0.4762,  0.5545,  0.2516,  0.6132,  0.3729,  0.5807,
         0.8767,  0.5337,  0.8224,  0.9016,  0.8330,  0.2081,  0.2936,  0.8152,
         0.7411,  0.9746,  0.9859,  0.4565,  0.5886,  0.5393,  0.4925,  0.0528])]
Target values: [array([0.73709923, 0.6671056 , 0.06358391, 0.4372734 , 0.71435624,
       0.34531343, 0.6464906 , 0.2254639 , 0.30766785, 0.79497874,
       0.96564525, 0.21692123, 0.578045  , 0.46398443, 0.75962484,
       0.72703534, 0.65769196, 0.84113044], dtype=float32), array([0.95346546, 0.2649091 , 0.43409458, 0.29163042, 0.518717  ,
       0.5220161 , 0.44401234, 0.03887437, 0.8728059 , 0.7900961 ,
       0.51015127, 0.55726975, 0.12180944, 0.659493  , 0.4993471 ,
       0.69921327, 0.24636388, 0.40355092], dtype=float32), array([0.84525365, 0.85610735, 0.14931566, 0.71252435, 0.33092642,
       0.71714455, 0.25936916, 0.12937951, 0.912732  , 0.02463444,
       0.23939352, 0.51780254, 0.9491663 , 0.07633217, 0.62399   ,
       0.6846425 , 0.31742746, 0.8390776 ], dtype=float32), array([0.38285765, 0.57832706, 0.83626515, 0.50225437, 0.75073236,
       0.85557973, 0.7497406 , 0.09805249, 0.1360485 , 0.73719215,
       0.6198749 , 0.89876264, 0.9116711 , 0.41493568, 0.57190746,
       0.45128736, 0.48182514, 0.04781396], dtype=float32), array([0.77910316, 0.5658469 , 0.52996147, 0.96213573, 0.45263878,
       0.9215425 , 0.8524316 , 0.46544507, 0.55641776, 0.5778506 ,
       0.10552448, 0.7462256 , 0.8417677 , 0.91498566, 0.9071598 ,
       0.12948532, 0.6576234 , 0.22711647], dtype=float32)]
Prediction values: [array([0.34711045, 0.69078356, 0.33915755, 0.7080157 , 0.5524921 ,
       0.52595866, 0.7119157 , 0.7542903 , 0.6043792 , 0.5514434 ,
       0.652191  , 0.4923635 , 0.84399134, 0.5893829 , 0.5882843 ,
       0.5140267 , 0.4575478 , 0.2538372 ], dtype=float32), array([0.35920385, 0.39036223, 0.42297056, 0.46496257, 0.6745229 ,
       0.47821242, 0.6125417 , 0.565128  , 0.64472955, 0.5509299 ,
       0.5724371 , 0.57297605, 0.53652525, 0.70309174, 0.31725824,
       0.48964036, 0.79628175, 0.50265133], dtype=float32), array([0.56780314, 0.6005637 , 0.44564727, 0.5798731 , 0.581941  ,
       0.35995245, 0.2212413 , 0.47574535, 0.48888192, 0.48897898,
       0.53802305, 0.49696958, 0.60743207, 0.51164114, 0.6077956 ,
       0.4867955 , 0.51560163, 0.33133277], dtype=float32), array([0.44009852, 0.3664846 , 0.4542395 , 0.3984362 , 0.48993963,
       0.25872028, 0.5964427 , 0.40343526, 0.41472048, 0.17293404,
       0.39265755, 0.33687127, 0.38572842, 0.5832027 , 0.4113326 ,
       0.4917658 , 0.45446494, 0.44224066], dtype=float32), array([0.46314487, 0.53648436, 0.46580702, 0.5685607 , 0.49163458,
       0.46414548, 0.27368906, 0.3669637 , 0.263008  , 0.25293913,
       0.43237236, 0.50703305, 0.25996056, 0.5019083 , 0.48956338,
       0.22088547, 0.6557724 , 0.6698175 ], dtype=float32)]
Time taken: 983.6033954620361 seconds
