sh: line 1: logger: command not found
/apps/conda/25.3.1/etc/profile.d/conda.sh: line 69: dirname: command not found
/apps/conda/25.3.1/etc/profile.d/conda.sh: line 69: dirname: command not found
/apps/conda/25.3.1/etc/profile.d/mamba.sh: line 59: basename: command not found
Error unknown MAMBA_EXE: "/apps/conda/25.3.1/bin/mamba", filename must be mamba or micromamba
Lmod has detected the following error: This module can only be used on RHEL9 nodes. 
While processing the following module(s):
    Module fullname  Module Filename
    ---------------  ---------------
    gcc/14.2.0       /apps/lmod/modulefiles/core/gcc/14.2.0.lua

pointnet_thalamus_fs_14.py
/blue/stevenweisberg/ashishkumarsahoo/hippocampAI/conda_pyg_070923/lib/python3.8/site-packages/torch/cuda/__init__.py:155: UserWarning: 
NVIDIA B200 with CUDA capability sm_100 is not compatible with the current PyTorch installation.
The current PyTorch install supports CUDA capabilities sm_37 sm_50 sm_60 sm_61 sm_70 sm_75 sm_80 sm_86 compute_37.
If you want to use the NVIDIA B200 GPU with PyTorch, please check the instructions at https://pytorch.org/get-started/locally/

  warnings.warn(incompatible_device_warn.format(device_name, capability, " ".join(arch_list), device_name))
Number of GPUs available for training: 1
Fold 1
Epoch: 00, Training Loss: 0.0600, Train MSE: 0.0600, r (train): 0.2294, Test MSE: 0.1048, r (test): 0.5059
Epoch: 01, Training Loss: 0.0595, Train MSE: 0.0595, r (train): 0.2809, Test MSE: 0.1019, r (test): 0.5340
Epoch: 02, Training Loss: 0.0600, Train MSE: 0.0600, r (train): 0.3131, Test MSE: 0.0990, r (test): 0.5025
Epoch: 03, Training Loss: 0.0590, Train MSE: 0.0590, r (train): 0.3710, Test MSE: 0.0997, r (test): 0.4869
Epoch: 04, Training Loss: 0.0589, Train MSE: 0.0589, r (train): 0.4060, Test MSE: 0.0989, r (test): 0.4569
Epoch: 05, Training Loss: 0.0577, Train MSE: 0.0577, r (train): 0.4185, Test MSE: 0.0996, r (test): 0.4439
Epoch: 06, Training Loss: 0.0580, Train MSE: 0.0580, r (train): 0.4693, Test MSE: 0.0982, r (test): 0.4008
Epoch: 07, Training Loss: 0.0557, Train MSE: 0.0557, r (train): 0.4741, Test MSE: 0.1006, r (test): 0.4109
Epoch: 08, Training Loss: 0.0553, Train MSE: 0.0553, r (train): 0.5187, Test MSE: 0.1003, r (test): 0.3804
Epoch: 09, Training Loss: 0.0558, Train MSE: 0.0558, r (train): 0.5305, Test MSE: 0.0990, r (test): 0.2800
Epoch: 10, Training Loss: 0.0536, Train MSE: 0.0536, r (train): 0.5910, Test MSE: 0.0996, r (test): 0.3347
Epoch: 11, Training Loss: 0.0525, Train MSE: 0.0525, r (train): 0.5607, Test MSE: 0.0999, r (test): 0.2936
Epoch: 12, Training Loss: 0.0516, Train MSE: 0.0516, r (train): 0.6221, Test MSE: 0.1004, r (test): 0.2751
Epoch: 13, Training Loss: 0.0501, Train MSE: 0.0501, r (train): 0.6139, Test MSE: 0.1009, r (test): 0.2661
Epoch: 14, Training Loss: 0.0468, Train MSE: 0.0468, r (train): 0.6455, Test MSE: 0.1088, r (test): 0.2278
Epoch: 15, Training Loss: 0.0449, Train MSE: 0.0449, r (train): 0.6733, Test MSE: 0.1100, r (test): 0.1122
Epoch: 16, Training Loss: 0.0439, Train MSE: 0.0439, r (train): 0.6844, Test MSE: 0.1084, r (test): 0.1275
Epoch: 17, Training Loss: 0.0411, Train MSE: 0.0411, r (train): 0.7178, Test MSE: 0.1094, r (test): 0.1886
Epoch: 18, Training Loss: 0.0394, Train MSE: 0.0394, r (train): 0.7239, Test MSE: 0.1102, r (test): 0.2747
Epoch: 19, Training Loss: 0.0382, Train MSE: 0.0382, r (train): 0.7373, Test MSE: 0.1151, r (test): 0.2518
Epoch: 20, Training Loss: 0.0367, Train MSE: 0.0367, r (train): 0.7245, Test MSE: 0.1182, r (test): 0.3077
Epoch: 21, Training Loss: 0.0359, Train MSE: 0.0359, r (train): 0.7408, Test MSE: 0.1180, r (test): 0.3544
Epoch: 22, Training Loss: 0.0346, Train MSE: 0.0346, r (train): 0.7411, Test MSE: 0.1233, r (test): 0.3637
Epoch: 23, Training Loss: 0.0309, Train MSE: 0.0309, r (train): 0.7836, Test MSE: 0.1195, r (test): 0.3523
Epoch: 24, Training Loss: 0.0285, Train MSE: 0.0285, r (train): 0.7908, Test MSE: 0.1253, r (test): 0.2807
Epoch: 25, Training Loss: 0.0271, Train MSE: 0.0271, r (train): 0.8020, Test MSE: 0.1257, r (test): 0.1977
Epoch: 26, Training Loss: 0.0280, Train MSE: 0.0280, r (train): 0.7753, Test MSE: 0.1278, r (test): 0.1072
Epoch: 27, Training Loss: 0.0272, Train MSE: 0.0272, r (train): 0.7632, Test MSE: 0.1137, r (test): 0.1429
Epoch: 28, Training Loss: 0.0327, Train MSE: 0.0327, r (train): 0.7865, Test MSE: 0.1525, r (test): 0.1154
Epoch: 29, Training Loss: 0.0259, Train MSE: 0.0259, r (train): 0.8119, Test MSE: 0.1434, r (test): 0.0354
Epoch: 30, Training Loss: 0.0253, Train MSE: 0.0253, r (train): 0.8504, Test MSE: 0.1501, r (test): 0.1260
Epoch: 31, Training Loss: 0.0182, Train MSE: 0.0182, r (train): 0.8586, Test MSE: 0.1199, r (test): 0.2495
Epoch: 32, Training Loss: 0.0172, Train MSE: 0.0172, r (train): 0.8560, Test MSE: 0.1079, r (test): 0.2661
Epoch: 33, Training Loss: 0.0180, Train MSE: 0.0180, r (train): 0.8521, Test MSE: 0.1011, r (test): 0.2363
Epoch: 34, Training Loss: 0.0215, Train MSE: 0.0215, r (train): 0.8402, Test MSE: 0.0974, r (test): 0.2172
Epoch: 35, Training Loss: 0.0232, Train MSE: 0.0232, r (train): 0.8276, Test MSE: 0.0993, r (test): 0.2001
Epoch: 36, Training Loss: 0.0264, Train MSE: 0.0264, r (train): 0.8240, Test MSE: 0.0904, r (test): 0.2780
Epoch: 37, Training Loss: 0.0329, Train MSE: 0.0329, r (train): 0.7848, Test MSE: 0.0868, r (test): 0.2983
Epoch: 38, Training Loss: 0.0231, Train MSE: 0.0231, r (train): 0.8437, Test MSE: 0.0937, r (test): 0.2559
Epoch: 39, Training Loss: 0.0424, Train MSE: 0.0424, r (train): 0.7402, Test MSE: 0.0900, r (test): 0.2377
Epoch: 40, Training Loss: 0.0276, Train MSE: 0.0276, r (train): 0.8091, Test MSE: 0.0907, r (test): 0.2814
Epoch: 41, Training Loss: 0.0204, Train MSE: 0.0204, r (train): 0.8372, Test MSE: 0.0897, r (test): 0.3439
Epoch: 42, Training Loss: 0.0240, Train MSE: 0.0240, r (train): 0.8726, Test MSE: 0.0791, r (test): 0.4112
Epoch: 43, Training Loss: 0.0637, Train MSE: 0.0637, r (train): 0.8208, Test MSE: 0.0933, r (test): 0.2847
Epoch: 44, Training Loss: 0.0455, Train MSE: 0.0455, r (train): 0.8542, Test MSE: 0.0828, r (test): 0.3481
Epoch: 45, Training Loss: 0.0817, Train MSE: 0.0817, r (train): 0.8383, Test MSE: 0.0881, r (test): 0.4488
Epoch: 46, Training Loss: 0.0683, Train MSE: 0.0683, r (train): 0.8527, Test MSE: 0.0881, r (test): 0.3656
Epoch: 47, Training Loss: 0.0645, Train MSE: 0.0645, r (train): 0.8174, Test MSE: 0.0838, r (test): 0.4018
Epoch: 48, Training Loss: 0.0675, Train MSE: 0.0675, r (train): 0.8196, Test MSE: 0.0912, r (test): 0.3051
Epoch: 49, Training Loss: 0.0489, Train MSE: 0.0489, r (train): 0.8126, Test MSE: 0.0839, r (test): 0.3196
Epoch: 50, Training Loss: 0.0307, Train MSE: 0.0307, r (train): 0.8152, Test MSE: 0.0754, r (test): 0.5008
Epoch: 51, Training Loss: 0.0232, Train MSE: 0.0232, r (train): 0.8303, Test MSE: 0.0906, r (test): 0.2910
Epoch: 52, Training Loss: 0.0232, Train MSE: 0.0232, r (train): 0.8217, Test MSE: 0.0801, r (test): 0.4630
Epoch: 53, Training Loss: 0.0193, Train MSE: 0.0193, r (train): 0.8458, Test MSE: 0.1042, r (test): 0.3148
Epoch: 54, Training Loss: 0.0210, Train MSE: 0.0210, r (train): 0.8323, Test MSE: 0.0927, r (test): 0.4400
Epoch: 55, Training Loss: 0.0220, Train MSE: 0.0220, r (train): 0.8404, Test MSE: 0.0738, r (test): 0.5358
Epoch: 56, Training Loss: 0.0292, Train MSE: 0.0292, r (train): 0.8548, Test MSE: 0.0775, r (test): 0.4277
Epoch: 57, Training Loss: 0.0383, Train MSE: 0.0383, r (train): 0.8482, Test MSE: 0.0790, r (test): 0.4175
Epoch: 58, Training Loss: 0.0571, Train MSE: 0.0571, r (train): 0.8593, Test MSE: 0.0896, r (test): 0.3198
Epoch: 59, Training Loss: 0.0780, Train MSE: 0.0780, r (train): 0.8352, Test MSE: 0.0869, r (test): 0.4544
Epoch: 60, Training Loss: 0.0801, Train MSE: 0.0801, r (train): 0.8377, Test MSE: 0.0824, r (test): 0.4609
Epoch: 61, Training Loss: 0.1024, Train MSE: 0.1024, r (train): 0.8086, Test MSE: 0.1009, r (test): 0.3263
Epoch: 62, Training Loss: 0.0381, Train MSE: 0.0381, r (train): 0.8517, Test MSE: 0.0813, r (test): 0.3609
Epoch: 63, Training Loss: 0.0470, Train MSE: 0.0470, r (train): 0.8390, Test MSE: 0.0841, r (test): 0.3542
Epoch: 64, Training Loss: 0.0264, Train MSE: 0.0264, r (train): 0.8646, Test MSE: 0.0812, r (test): 0.3827
Epoch: 65, Training Loss: 0.0281, Train MSE: 0.0281, r (train): 0.8442, Test MSE: 0.0785, r (test): 0.4354
Epoch: 66, Training Loss: 0.0272, Train MSE: 0.0272, r (train): 0.8676, Test MSE: 0.0798, r (test): 0.3870
Epoch: 67, Training Loss: 0.0365, Train MSE: 0.0365, r (train): 0.8701, Test MSE: 0.0825, r (test): 0.3503
Epoch: 68, Training Loss: 0.0388, Train MSE: 0.0388, r (train): 0.8608, Test MSE: 0.0864, r (test): 0.2879
Epoch: 69, Training Loss: 0.0565, Train MSE: 0.0565, r (train): 0.8584, Test MSE: 0.0922, r (test): 0.3021
Epoch: 70, Training Loss: 0.1029, Train MSE: 0.1029, r (train): 0.8288, Test MSE: 0.1198, r (test): 0.1969
Epoch: 71, Training Loss: 0.1292, Train MSE: 0.1292, r (train): 0.8310, Test MSE: 0.1226, r (test): 0.3041
Epoch: 72, Training Loss: 0.1538, Train MSE: 0.1538, r (train): 0.8201, Test MSE: 0.1229, r (test): 0.3920
Epoch: 73, Training Loss: 0.1250, Train MSE: 0.1250, r (train): 0.8604, Test MSE: 0.1203, r (test): 0.2778
Epoch: 74, Training Loss: 0.0745, Train MSE: 0.0745, r (train): 0.8349, Test MSE: 0.0915, r (test): 0.3150
Epoch: 75, Training Loss: 0.0320, Train MSE: 0.0320, r (train): 0.8737, Test MSE: 0.0822, r (test): 0.3558
Epoch: 76, Training Loss: 0.0257, Train MSE: 0.0257, r (train): 0.8650, Test MSE: 0.0802, r (test): 0.3987
Epoch: 77, Training Loss: 0.0230, Train MSE: 0.0230, r (train): 0.8725, Test MSE: 0.0747, r (test): 0.5004
Epoch: 78, Training Loss: 0.0159, Train MSE: 0.0159, r (train): 0.9036, Test MSE: 0.0899, r (test): 0.2681
Epoch: 79, Training Loss: 0.0147, Train MSE: 0.0147, r (train): 0.8953, Test MSE: 0.1016, r (test): 0.1146
Epoch: 80, Training Loss: 0.0265, Train MSE: 0.0265, r (train): 0.8740, Test MSE: 0.0909, r (test): 0.2667
Epoch: 81, Training Loss: 0.0612, Train MSE: 0.0612, r (train): 0.8580, Test MSE: 0.0859, r (test): 0.3971
Epoch: 82, Training Loss: 0.1256, Train MSE: 0.1256, r (train): 0.8824, Test MSE: 0.1184, r (test): 0.3067
Epoch: 83, Training Loss: 0.0629, Train MSE: 0.0629, r (train): 0.8871, Test MSE: 0.1022, r (test): 0.1706
Epoch: 84, Training Loss: 0.0347, Train MSE: 0.0347, r (train): 0.8991, Test MSE: 0.0861, r (test): 0.2786
Epoch: 85, Training Loss: 0.0227, Train MSE: 0.0227, r (train): 0.9002, Test MSE: 0.1022, r (test): 0.1323
Epoch: 86, Training Loss: 0.0208, Train MSE: 0.0208, r (train): 0.9019, Test MSE: 0.0871, r (test): 0.2894
Epoch: 87, Training Loss: 0.0186, Train MSE: 0.0186, r (train): 0.9023, Test MSE: 0.1031, r (test): 0.0832
Epoch: 88, Training Loss: 0.0203, Train MSE: 0.0203, r (train): 0.9034, Test MSE: 0.0925, r (test): 0.2817
Epoch: 89, Training Loss: 0.0386, Train MSE: 0.0386, r (train): 0.8897, Test MSE: 0.1030, r (test): 0.0469
Epoch: 90, Training Loss: 0.0429, Train MSE: 0.0429, r (train): 0.8972, Test MSE: 0.1006, r (test): -0.0738
Epoch: 91, Training Loss: 0.0241, Train MSE: 0.0241, r (train): 0.9109, Test MSE: 0.1022, r (test): 0.1459
Epoch: 92, Training Loss: 0.0272, Train MSE: 0.0272, r (train): 0.9066, Test MSE: 0.0960, r (test): 0.1013
Epoch: 93, Training Loss: 0.0159, Train MSE: 0.0159, r (train): 0.8949, Test MSE: 0.1067, r (test): 0.0302
Epoch: 94, Training Loss: 0.0234, Train MSE: 0.0234, r (train): 0.9010, Test MSE: 0.1062, r (test): 0.1659
Epoch: 95, Training Loss: 0.0194, Train MSE: 0.0194, r (train): 0.9011, Test MSE: 0.1105, r (test): 0.2270
Epoch: 96, Training Loss: 0.0175, Train MSE: 0.0175, r (train): 0.8994, Test MSE: 0.1179, r (test): -0.0360
Epoch: 97, Training Loss: 0.0192, Train MSE: 0.0192, r (train): 0.9224, Test MSE: 0.1167, r (test): 0.0481
Epoch: 98, Training Loss: 0.0146, Train MSE: 0.0146, r (train): 0.9184, Test MSE: 0.1189, r (test): 0.0900
Epoch: 99, Training Loss: 0.0148, Train MSE: 0.0148, r (train): 0.9369, Test MSE: 0.1267, r (test): -0.0319
Predicted tensors for training set: 
tensor([ 0.9452,  0.4755,  0.7467,  0.4936,  0.6062,  0.3922,  0.9587,  0.9836,
         0.7862,  0.8841,  0.6844,  0.9312,  0.6680,  0.8478,  0.6851,  0.7930,
         0.8374,  0.8208,  0.4316,  1.0881,  0.6876,  0.1972,  0.7165,  1.0738,
         1.4393,  0.5794,  0.9069,  0.9252,  0.8546,  0.9862,  0.5317,  0.6147,
         1.0839,  0.3579,  0.5500,  0.6508,  0.4978,  0.7508,  0.2891,  0.4735,
         0.3630,  1.0154,  1.0068,  0.0793,  0.0333,  0.1823,  0.1037,  0.3853,
         0.7026,  0.1427,  0.6876,  0.8005,  0.3141, -0.0148, -0.0794, -0.0686,
         0.4378,  0.3002,  0.5379,  0.7665,  0.7051,  0.3946,  0.6467,  0.3250,
         0.8134,  0.3295,  0.5710,  0.1517,  0.8304,  0.6801,  0.5091,  0.9777])
Target tensorsfor training set: 
tensor([0.9621, 0.4654, 0.6846, 0.4341, 0.5564, 0.2916, 0.8556, 0.8391, 0.6577,
        0.7901, 0.5780, 0.8418, 0.5719, 0.7144, 0.5658, 0.6240, 0.6199, 0.6671,
        0.2271, 0.9150, 0.5300, 0.1295, 0.5178, 0.8561, 0.9535, 0.5573, 0.7507,
        0.7270, 0.6992, 0.8728, 0.4818, 0.5783, 0.9492, 0.3174, 0.5187, 0.6465,
        0.4513, 0.7371, 0.3077, 0.5220, 0.4036, 0.9072, 0.9656, 0.1055, 0.0763,
        0.2594, 0.2255, 0.4373, 0.7171, 0.2464, 0.7497, 0.8988, 0.4993, 0.0981,
        0.1360, 0.0636, 0.5023, 0.4440, 0.6576, 0.8453, 0.7950, 0.4640, 0.7125,
        0.4149, 0.9127, 0.3829, 0.6595, 0.1218, 0.8524, 0.7372, 0.5102, 0.9215])
Correlation for training set: 0.9368996238104919
Predicted tensors for test set: 
tensor([0.5854, 0.6318, 0.7851, 0.5858, 0.6448, 0.6064, 0.6058, 0.6496, 0.5965,
        0.5308, 0.6263, 0.4580, 0.5100, 0.4531, 0.6826, 0.5400, 0.5353, 0.5646])
Target tensors for test set: 
tensor([0.5779, 0.2394, 0.8363, 0.7462, 0.7791, 0.2649, 0.7596, 0.0246, 0.0478,
        0.1294, 0.3309, 0.9117, 0.1493, 0.8411, 0.2169, 0.3453, 0.0389, 0.4526])
Correlation for test set: -0.03194931805222716
Fold 2
Epoch: 00, Training Loss: 0.0764, Train MSE: 0.0764, r (train): 0.2441, Test MSE: 0.0397, r (test): 0.0346
Epoch: 01, Training Loss: 0.0751, Train MSE: 0.0751, r (train): 0.2612, Test MSE: 0.0431, r (test): 0.0319
Epoch: 02, Training Loss: 0.0733, Train MSE: 0.0733, r (train): 0.3032, Test MSE: 0.0453, r (test): 0.0393
Epoch: 03, Training Loss: 0.0733, Train MSE: 0.0733, r (train): 0.2965, Test MSE: 0.0461, r (test): -0.0024
Epoch: 04, Training Loss: 0.0714, Train MSE: 0.0714, r (train): 0.3547, Test MSE: 0.0451, r (test): 0.0240
Epoch: 05, Training Loss: 0.0713, Train MSE: 0.0713, r (train): 0.3396, Test MSE: 0.0462, r (test): -0.0131
Epoch: 06, Training Loss: 0.0694, Train MSE: 0.0694, r (train): 0.3998, Test MSE: 0.0448, r (test): 0.0101
Epoch: 07, Training Loss: 0.0689, Train MSE: 0.0689, r (train): 0.3933, Test MSE: 0.0442, r (test): 0.0350
Epoch: 08, Training Loss: 0.0675, Train MSE: 0.0675, r (train): 0.4362, Test MSE: 0.0447, r (test): 0.0311
Epoch: 09, Training Loss: 0.0662, Train MSE: 0.0662, r (train): 0.4439, Test MSE: 0.0447, r (test): 0.0235
Epoch: 10, Training Loss: 0.0646, Train MSE: 0.0646, r (train): 0.4869, Test MSE: 0.0437, r (test): 0.0488
Epoch: 11, Training Loss: 0.0625, Train MSE: 0.0625, r (train): 0.5210, Test MSE: 0.0441, r (test): 0.0347
Epoch: 12, Training Loss: 0.0607, Train MSE: 0.0607, r (train): 0.5415, Test MSE: 0.0431, r (test): -0.0045
Epoch: 13, Training Loss: 0.0580, Train MSE: 0.0580, r (train): 0.5726, Test MSE: 0.0424, r (test): 0.0090
Epoch: 14, Training Loss: 0.0557, Train MSE: 0.0557, r (train): 0.6294, Test MSE: 0.0395, r (test): -0.0122
Epoch: 15, Training Loss: 0.0526, Train MSE: 0.0526, r (train): 0.6376, Test MSE: 0.0377, r (test): 0.0334
Epoch: 16, Training Loss: 0.0476, Train MSE: 0.0476, r (train): 0.7192, Test MSE: 0.0392, r (test): -0.0251
Epoch: 17, Training Loss: 0.0427, Train MSE: 0.0427, r (train): 0.7591, Test MSE: 0.0386, r (test): 0.0090
Epoch: 18, Training Loss: 0.0370, Train MSE: 0.0370, r (train): 0.7780, Test MSE: 0.0424, r (test): -0.0398
Epoch: 19, Training Loss: 0.0337, Train MSE: 0.0337, r (train): 0.7905, Test MSE: 0.0425, r (test): -0.0128
Epoch: 20, Training Loss: 0.0268, Train MSE: 0.0268, r (train): 0.8396, Test MSE: 0.0454, r (test): -0.0188
Epoch: 21, Training Loss: 0.0218, Train MSE: 0.0218, r (train): 0.8589, Test MSE: 0.0510, r (test): -0.0180
Epoch: 22, Training Loss: 0.0191, Train MSE: 0.0191, r (train): 0.8790, Test MSE: 0.0472, r (test): 0.0241
Epoch: 23, Training Loss: 0.0155, Train MSE: 0.0155, r (train): 0.9002, Test MSE: 0.0496, r (test): 0.0738
Epoch: 24, Training Loss: 0.0131, Train MSE: 0.0131, r (train): 0.9234, Test MSE: 0.0431, r (test): 0.1325
Epoch: 25, Training Loss: 0.0263, Train MSE: 0.0263, r (train): 0.9029, Test MSE: 0.0380, r (test): 0.1724
Epoch: 26, Training Loss: 0.0149, Train MSE: 0.0149, r (train): 0.9317, Test MSE: 0.0431, r (test): 0.1361
Epoch: 27, Training Loss: 0.0217, Train MSE: 0.0217, r (train): 0.9108, Test MSE: 0.0488, r (test): 0.0437
Epoch: 28, Training Loss: 0.0127, Train MSE: 0.0127, r (train): 0.9208, Test MSE: 0.0483, r (test): 0.0914
Epoch: 29, Training Loss: 0.0114, Train MSE: 0.0114, r (train): 0.9368, Test MSE: 0.0529, r (test): 0.1233
Epoch: 30, Training Loss: 0.0135, Train MSE: 0.0135, r (train): 0.9205, Test MSE: 0.0541, r (test): 0.0822
Epoch: 31, Training Loss: 0.0142, Train MSE: 0.0142, r (train): 0.9245, Test MSE: 0.0612, r (test): 0.0475
Epoch: 32, Training Loss: 0.0178, Train MSE: 0.0178, r (train): 0.9181, Test MSE: 0.0723, r (test): -0.0436
Epoch: 33, Training Loss: 0.0169, Train MSE: 0.0169, r (train): 0.9295, Test MSE: 0.0627, r (test): 0.0842
Epoch: 34, Training Loss: 0.0377, Train MSE: 0.0377, r (train): 0.9188, Test MSE: 0.1026, r (test): -0.0464
Epoch: 35, Training Loss: 0.0384, Train MSE: 0.0384, r (train): 0.9117, Test MSE: 0.0978, r (test): 0.0513
Epoch: 36, Training Loss: 0.0472, Train MSE: 0.0472, r (train): 0.8811, Test MSE: 0.1108, r (test): 0.1207
Epoch: 37, Training Loss: 0.0244, Train MSE: 0.0244, r (train): 0.9223, Test MSE: 0.0900, r (test): -0.0036
Epoch: 38, Training Loss: 0.0095, Train MSE: 0.0095, r (train): 0.9519, Test MSE: 0.0646, r (test): -0.0907
Epoch: 39, Training Loss: 0.0091, Train MSE: 0.0091, r (train): 0.9666, Test MSE: 0.0632, r (test): -0.0022
Epoch: 40, Training Loss: 0.0084, Train MSE: 0.0084, r (train): 0.9647, Test MSE: 0.0607, r (test): 0.0225
Epoch: 41, Training Loss: 0.0087, Train MSE: 0.0087, r (train): 0.9607, Test MSE: 0.0437, r (test): 0.0379
Epoch: 42, Training Loss: 0.0082, Train MSE: 0.0082, r (train): 0.9697, Test MSE: 0.0426, r (test): 0.1010
Epoch: 43, Training Loss: 0.0148, Train MSE: 0.0148, r (train): 0.9689, Test MSE: 0.0399, r (test): 0.1342
Epoch: 44, Training Loss: 0.0057, Train MSE: 0.0057, r (train): 0.9759, Test MSE: 0.0436, r (test): 0.1205
Epoch: 45, Training Loss: 0.0064, Train MSE: 0.0064, r (train): 0.9778, Test MSE: 0.0473, r (test): 0.0832
Epoch: 46, Training Loss: 0.0053, Train MSE: 0.0053, r (train): 0.9735, Test MSE: 0.0552, r (test): 0.0381
Epoch: 47, Training Loss: 0.0117, Train MSE: 0.0117, r (train): 0.9670, Test MSE: 0.0734, r (test): 0.0536
Epoch: 48, Training Loss: 0.0239, Train MSE: 0.0239, r (train): 0.9502, Test MSE: 0.0951, r (test): -0.0040
Epoch: 49, Training Loss: 0.0247, Train MSE: 0.0247, r (train): 0.9549, Test MSE: 0.1038, r (test): -0.0701
Epoch: 50, Training Loss: 0.0136, Train MSE: 0.0136, r (train): 0.9615, Test MSE: 0.0874, r (test): -0.1508
Epoch: 51, Training Loss: 0.0139, Train MSE: 0.0139, r (train): 0.9509, Test MSE: 0.0688, r (test): -0.0234
Epoch: 52, Training Loss: 0.0125, Train MSE: 0.0125, r (train): 0.9368, Test MSE: 0.0600, r (test): 0.0738
Epoch: 53, Training Loss: 0.0097, Train MSE: 0.0097, r (train): 0.9401, Test MSE: 0.0585, r (test): 0.0154
Epoch: 54, Training Loss: 0.0093, Train MSE: 0.0093, r (train): 0.9625, Test MSE: 0.0464, r (test): 0.1249
Epoch: 55, Training Loss: 0.0040, Train MSE: 0.0040, r (train): 0.9814, Test MSE: 0.0451, r (test): 0.2205
Epoch: 56, Training Loss: 0.0108, Train MSE: 0.0108, r (train): 0.9808, Test MSE: 0.0360, r (test): 0.2735
Epoch: 57, Training Loss: 0.0259, Train MSE: 0.0259, r (train): 0.9745, Test MSE: 0.0426, r (test): 0.2697
Epoch: 58, Training Loss: 0.0052, Train MSE: 0.0052, r (train): 0.9818, Test MSE: 0.0572, r (test): 0.0885
Epoch: 59, Training Loss: 0.0048, Train MSE: 0.0048, r (train): 0.9736, Test MSE: 0.0614, r (test): 0.0816
Epoch: 60, Training Loss: 0.0073, Train MSE: 0.0073, r (train): 0.9577, Test MSE: 0.0638, r (test): 0.0204
Epoch: 61, Training Loss: 0.0113, Train MSE: 0.0113, r (train): 0.9608, Test MSE: 0.0710, r (test): -0.0186
Epoch: 62, Training Loss: 0.0152, Train MSE: 0.0152, r (train): 0.9625, Test MSE: 0.0803, r (test): -0.0996
Epoch: 63, Training Loss: 0.0137, Train MSE: 0.0137, r (train): 0.9651, Test MSE: 0.0809, r (test): -0.1469
Epoch: 64, Training Loss: 0.0151, Train MSE: 0.0151, r (train): 0.9617, Test MSE: 0.0806, r (test): -0.0701
Epoch: 65, Training Loss: 0.0079, Train MSE: 0.0079, r (train): 0.9568, Test MSE: 0.0532, r (test): -0.0862
Epoch: 66, Training Loss: 0.0141, Train MSE: 0.0141, r (train): 0.9551, Test MSE: 0.0448, r (test): 0.0023
Epoch: 67, Training Loss: 0.0105, Train MSE: 0.0105, r (train): 0.9769, Test MSE: 0.0392, r (test): 0.1454
Epoch: 68, Training Loss: 0.0151, Train MSE: 0.0151, r (train): 0.9576, Test MSE: 0.0357, r (test): 0.2404
Epoch: 69, Training Loss: 0.0238, Train MSE: 0.0238, r (train): 0.9453, Test MSE: 0.0358, r (test): 0.2125
Epoch: 70, Training Loss: 0.0299, Train MSE: 0.0299, r (train): 0.9459, Test MSE: 0.0542, r (test): 0.0618
Epoch: 71, Training Loss: 0.0092, Train MSE: 0.0092, r (train): 0.9523, Test MSE: 0.0511, r (test): 0.1467
Epoch: 72, Training Loss: 0.0098, Train MSE: 0.0098, r (train): 0.9701, Test MSE: 0.0664, r (test): 0.1743
Epoch: 73, Training Loss: 0.0076, Train MSE: 0.0076, r (train): 0.9615, Test MSE: 0.0579, r (test): 0.1203
Epoch: 74, Training Loss: 0.0135, Train MSE: 0.0135, r (train): 0.9477, Test MSE: 0.0724, r (test): -0.0498
Epoch: 75, Training Loss: 0.0151, Train MSE: 0.0151, r (train): 0.9225, Test MSE: 0.0583, r (test): 0.0405
Epoch: 76, Training Loss: 0.0182, Train MSE: 0.0182, r (train): 0.9545, Test MSE: 0.0907, r (test): -0.0783
Epoch: 77, Training Loss: 0.0127, Train MSE: 0.0127, r (train): 0.9582, Test MSE: 0.0699, r (test): -0.0232
Epoch: 78, Training Loss: 0.0123, Train MSE: 0.0123, r (train): 0.9584, Test MSE: 0.0669, r (test): -0.0282
Epoch: 79, Training Loss: 0.0044, Train MSE: 0.0044, r (train): 0.9738, Test MSE: 0.0414, r (test): 0.1356
Epoch: 80, Training Loss: 0.0258, Train MSE: 0.0258, r (train): 0.9743, Test MSE: 0.0491, r (test): 0.0573
Epoch: 81, Training Loss: 0.0146, Train MSE: 0.0146, r (train): 0.9834, Test MSE: 0.0375, r (test): 0.1978
Epoch: 82, Training Loss: 0.0272, Train MSE: 0.0272, r (train): 0.9575, Test MSE: 0.0394, r (test): 0.1601
Epoch: 83, Training Loss: 0.0093, Train MSE: 0.0093, r (train): 0.9739, Test MSE: 0.0405, r (test): 0.2397
Epoch: 84, Training Loss: 0.0068, Train MSE: 0.0068, r (train): 0.9597, Test MSE: 0.0474, r (test): 0.1491
Epoch: 85, Training Loss: 0.0146, Train MSE: 0.0146, r (train): 0.9340, Test MSE: 0.0769, r (test): 0.0119
Epoch: 86, Training Loss: 0.0226, Train MSE: 0.0226, r (train): 0.9558, Test MSE: 0.0827, r (test): 0.0016
Epoch: 87, Training Loss: 0.0073, Train MSE: 0.0073, r (train): 0.9694, Test MSE: 0.0702, r (test): -0.1266
Epoch: 88, Training Loss: 0.0056, Train MSE: 0.0056, r (train): 0.9709, Test MSE: 0.0520, r (test): -0.0925
Epoch: 89, Training Loss: 0.0126, Train MSE: 0.0126, r (train): 0.9751, Test MSE: 0.0459, r (test): -0.0659
Epoch: 90, Training Loss: 0.0185, Train MSE: 0.0185, r (train): 0.9663, Test MSE: 0.0418, r (test): -0.0007
Epoch: 91, Training Loss: 0.0145, Train MSE: 0.0145, r (train): 0.9766, Test MSE: 0.0415, r (test): 0.1350
Epoch: 92, Training Loss: 0.0057, Train MSE: 0.0057, r (train): 0.9754, Test MSE: 0.0574, r (test): 0.1261
Epoch: 93, Training Loss: 0.0075, Train MSE: 0.0075, r (train): 0.9725, Test MSE: 0.0613, r (test): -0.0013
Epoch: 94, Training Loss: 0.0098, Train MSE: 0.0098, r (train): 0.9680, Test MSE: 0.0688, r (test): -0.0818
Epoch: 95, Training Loss: 0.0061, Train MSE: 0.0061, r (train): 0.9732, Test MSE: 0.0575, r (test): -0.1136
Epoch: 96, Training Loss: 0.0087, Train MSE: 0.0087, r (train): 0.9865, Test MSE: 0.0422, r (test): 0.0559
Epoch: 97, Training Loss: 0.0061, Train MSE: 0.0061, r (train): 0.9847, Test MSE: 0.0334, r (test): 0.2313
Epoch: 98, Training Loss: 0.0068, Train MSE: 0.0068, r (train): 0.9720, Test MSE: 0.0314, r (test): 0.2811
Epoch: 99, Training Loss: 0.0050, Train MSE: 0.0050, r (train): 0.9708, Test MSE: 0.0545, r (test): 0.1161
Predicted tensors for training set: 
tensor([ 0.5156,  0.2853,  0.7986,  0.7239,  0.7810,  0.2549,  0.6993, -0.0508,
         0.0283,  0.0868,  0.3449,  0.8533,  0.2423,  0.8063,  0.2654,  0.3404,
         0.0387,  0.5156,  0.2048,  0.9289,  0.5909,  0.1869,  0.5084,  0.8918,
         0.9825,  0.6482,  0.8625,  0.8657,  0.7805,  0.9451,  0.6496,  0.6883,
         1.0278,  0.3617,  0.6004,  0.6562,  0.5882,  0.7722,  0.4278,  0.6461,
         0.4229,  0.8400,  0.9037,  0.1312,  0.0794,  0.0810,  0.1202,  0.4239,
         0.5766,  0.0536,  0.6604,  0.8253,  0.4599,  0.0264,  0.0764,  0.0126,
         0.4721,  0.3690,  0.5795,  0.7867,  0.7614,  0.4743,  0.6910,  0.4173,
         0.9226,  0.4072,  0.6685,  0.1089,  0.8155,  0.7299,  0.5431,  0.9455])
Target tensorsfor training set: 
tensor([0.5779, 0.2394, 0.8363, 0.7462, 0.7791, 0.2649, 0.7596, 0.0246, 0.0478,
        0.1294, 0.3309, 0.9117, 0.1493, 0.8411, 0.2169, 0.3453, 0.0389, 0.4526,
        0.2271, 0.9150, 0.5300, 0.1295, 0.5178, 0.8561, 0.9535, 0.5573, 0.7507,
        0.7270, 0.6992, 0.8728, 0.4818, 0.5783, 0.9492, 0.3174, 0.5187, 0.6465,
        0.4513, 0.7371, 0.3077, 0.5220, 0.4036, 0.9072, 0.9656, 0.1055, 0.0763,
        0.2594, 0.2255, 0.4373, 0.7171, 0.2464, 0.7497, 0.8988, 0.4993, 0.0981,
        0.1360, 0.0636, 0.5023, 0.4440, 0.6576, 0.8453, 0.7950, 0.4640, 0.7125,
        0.4149, 0.9127, 0.3829, 0.6595, 0.1218, 0.8524, 0.7372, 0.5102, 0.9215])
Correlation for training set: 0.9707572171640692
Predicted tensors for test set: 
tensor([0.6156, 0.3871, 0.6921, 0.4663, 0.6516, 0.4087, 0.6254, 0.1648, 0.6727,
        0.6489, 0.7492, 0.5731, 0.6094, 0.4411, 0.6725, 0.4267, 0.3587, 0.5799])
Target tensors for test set: 
tensor([0.9621, 0.4654, 0.6846, 0.4341, 0.5564, 0.2916, 0.8556, 0.8391, 0.6577,
        0.7901, 0.5780, 0.8418, 0.5719, 0.7144, 0.5658, 0.6240, 0.6199, 0.6671])
Correlation for test set: 0.11608143427144499
Fold 3
Epoch: 00, Training Loss: 0.0718, Train MSE: 0.0718, r (train): 0.3448, Test MSE: 0.0518, r (test): 0.3827
Epoch: 01, Training Loss: 0.0712, Train MSE: 0.0712, r (train): 0.4464, Test MSE: 0.0568, r (test): 0.3909
Epoch: 02, Training Loss: 0.0708, Train MSE: 0.0708, r (train): 0.4625, Test MSE: 0.0572, r (test): 0.4023
Epoch: 03, Training Loss: 0.0697, Train MSE: 0.0697, r (train): 0.4921, Test MSE: 0.0565, r (test): 0.4065
Epoch: 04, Training Loss: 0.0691, Train MSE: 0.0691, r (train): 0.5193, Test MSE: 0.0563, r (test): 0.4061
Epoch: 05, Training Loss: 0.0684, Train MSE: 0.0684, r (train): 0.5249, Test MSE: 0.0566, r (test): 0.4160
Epoch: 06, Training Loss: 0.0670, Train MSE: 0.0670, r (train): 0.5516, Test MSE: 0.0561, r (test): 0.4236
Epoch: 07, Training Loss: 0.0665, Train MSE: 0.0665, r (train): 0.5709, Test MSE: 0.0563, r (test): 0.4266
Epoch: 08, Training Loss: 0.0654, Train MSE: 0.0654, r (train): 0.5793, Test MSE: 0.0556, r (test): 0.4335
Epoch: 09, Training Loss: 0.0637, Train MSE: 0.0637, r (train): 0.6105, Test MSE: 0.0561, r (test): 0.4526
Epoch: 10, Training Loss: 0.0621, Train MSE: 0.0621, r (train): 0.6289, Test MSE: 0.0556, r (test): 0.4779
Epoch: 11, Training Loss: 0.0602, Train MSE: 0.0602, r (train): 0.6483, Test MSE: 0.0535, r (test): 0.4862
Epoch: 12, Training Loss: 0.0584, Train MSE: 0.0584, r (train): 0.6758, Test MSE: 0.0555, r (test): 0.5168
Epoch: 13, Training Loss: 0.0576, Train MSE: 0.0576, r (train): 0.6891, Test MSE: 0.0548, r (test): 0.5203
Epoch: 14, Training Loss: 0.0545, Train MSE: 0.0545, r (train): 0.7284, Test MSE: 0.0552, r (test): 0.5357
Epoch: 15, Training Loss: 0.0533, Train MSE: 0.0533, r (train): 0.7266, Test MSE: 0.0559, r (test): 0.5340
Epoch: 16, Training Loss: 0.0499, Train MSE: 0.0499, r (train): 0.7295, Test MSE: 0.0522, r (test): 0.5754
Epoch: 17, Training Loss: 0.0463, Train MSE: 0.0463, r (train): 0.7417, Test MSE: 0.0534, r (test): 0.4469
Epoch: 18, Training Loss: 0.0416, Train MSE: 0.0416, r (train): 0.7647, Test MSE: 0.0589, r (test): 0.1893
Epoch: 19, Training Loss: 0.0373, Train MSE: 0.0373, r (train): 0.7718, Test MSE: 0.0655, r (test): 0.1796
Epoch: 20, Training Loss: 0.0324, Train MSE: 0.0324, r (train): 0.8019, Test MSE: 0.0693, r (test): 0.1099
Epoch: 21, Training Loss: 0.0318, Train MSE: 0.0318, r (train): 0.7929, Test MSE: 0.0727, r (test): 0.0628
Epoch: 22, Training Loss: 0.0293, Train MSE: 0.0293, r (train): 0.8037, Test MSE: 0.0828, r (test): 0.0581
Epoch: 23, Training Loss: 0.0245, Train MSE: 0.0245, r (train): 0.8372, Test MSE: 0.0856, r (test): 0.0442
Epoch: 24, Training Loss: 0.0205, Train MSE: 0.0205, r (train): 0.8543, Test MSE: 0.1167, r (test): -0.0449
Epoch: 25, Training Loss: 0.0177, Train MSE: 0.0177, r (train): 0.8787, Test MSE: 0.1427, r (test): -0.1436
Epoch: 26, Training Loss: 0.0192, Train MSE: 0.0192, r (train): 0.8678, Test MSE: 0.1611, r (test): -0.1736
Epoch: 27, Training Loss: 0.0172, Train MSE: 0.0172, r (train): 0.8888, Test MSE: 0.1877, r (test): -0.1119
Epoch: 28, Training Loss: 0.0207, Train MSE: 0.0207, r (train): 0.8936, Test MSE: 0.2455, r (test): -0.1945
Epoch: 29, Training Loss: 0.0136, Train MSE: 0.0136, r (train): 0.9126, Test MSE: 0.2125, r (test): -0.1682
Epoch: 30, Training Loss: 0.0296, Train MSE: 0.0296, r (train): 0.8975, Test MSE: 0.3029, r (test): -0.1871
Epoch: 31, Training Loss: 0.0218, Train MSE: 0.0218, r (train): 0.9124, Test MSE: 0.2437, r (test): -0.1728
Epoch: 32, Training Loss: 0.0312, Train MSE: 0.0312, r (train): 0.9064, Test MSE: 0.3121, r (test): -0.2092
Epoch: 33, Training Loss: 0.0332, Train MSE: 0.0332, r (train): 0.9235, Test MSE: 0.3377, r (test): -0.1345
Epoch: 34, Training Loss: 0.0487, Train MSE: 0.0487, r (train): 0.9166, Test MSE: 0.4085, r (test): -0.1790
Epoch: 35, Training Loss: 0.0581, Train MSE: 0.0581, r (train): 0.8963, Test MSE: 0.4821, r (test): -0.2383
Epoch: 36, Training Loss: 0.0719, Train MSE: 0.0719, r (train): 0.8887, Test MSE: 0.5690, r (test): -0.2395
Epoch: 37, Training Loss: 0.0640, Train MSE: 0.0640, r (train): 0.8555, Test MSE: 0.5327, r (test): -0.2995
Epoch: 38, Training Loss: 0.0272, Train MSE: 0.0272, r (train): 0.9281, Test MSE: 0.3558, r (test): -0.2198
Epoch: 39, Training Loss: 0.0129, Train MSE: 0.0129, r (train): 0.9446, Test MSE: 0.1919, r (test): -0.1681
Epoch: 40, Training Loss: 0.0072, Train MSE: 0.0072, r (train): 0.9519, Test MSE: 0.1749, r (test): -0.2372
Epoch: 41, Training Loss: 0.0076, Train MSE: 0.0076, r (train): 0.9698, Test MSE: 0.1354, r (test): -0.1460
Epoch: 42, Training Loss: 0.0122, Train MSE: 0.0122, r (train): 0.9532, Test MSE: 0.1293, r (test): -0.1628
Epoch: 43, Training Loss: 0.0100, Train MSE: 0.0100, r (train): 0.9399, Test MSE: 0.1781, r (test): -0.2161
Epoch: 44, Training Loss: 0.0123, Train MSE: 0.0123, r (train): 0.9348, Test MSE: 0.1812, r (test): -0.1586
Epoch: 45, Training Loss: 0.0108, Train MSE: 0.0108, r (train): 0.9343, Test MSE: 0.2318, r (test): -0.2022
Epoch: 46, Training Loss: 0.0248, Train MSE: 0.0248, r (train): 0.9233, Test MSE: 0.2926, r (test): -0.2257
Epoch: 47, Training Loss: 0.0269, Train MSE: 0.0269, r (train): 0.9220, Test MSE: 0.2816, r (test): -0.2035
Epoch: 48, Training Loss: 0.0346, Train MSE: 0.0346, r (train): 0.9013, Test MSE: 0.3194, r (test): -0.1250
Epoch: 49, Training Loss: 0.0410, Train MSE: 0.0410, r (train): 0.9194, Test MSE: 0.3928, r (test): -0.2649
Epoch: 50, Training Loss: 0.0409, Train MSE: 0.0409, r (train): 0.9337, Test MSE: 0.4065, r (test): -0.2846
Epoch: 51, Training Loss: 0.0417, Train MSE: 0.0417, r (train): 0.9187, Test MSE: 0.3981, r (test): -0.2780
Epoch: 52, Training Loss: 0.0229, Train MSE: 0.0229, r (train): 0.9375, Test MSE: 0.3426, r (test): -0.2730
Epoch: 53, Training Loss: 0.0056, Train MSE: 0.0056, r (train): 0.9623, Test MSE: 0.1852, r (test): -0.1812
Epoch: 54, Training Loss: 0.0065, Train MSE: 0.0065, r (train): 0.9638, Test MSE: 0.1665, r (test): -0.1615
Epoch: 55, Training Loss: 0.0068, Train MSE: 0.0068, r (train): 0.9633, Test MSE: 0.2253, r (test): -0.2104
Epoch: 56, Training Loss: 0.0140, Train MSE: 0.0140, r (train): 0.9457, Test MSE: 0.3130, r (test): -0.2373
Epoch: 57, Training Loss: 0.0181, Train MSE: 0.0181, r (train): 0.9506, Test MSE: 0.3372, r (test): -0.2213
Epoch: 58, Training Loss: 0.0173, Train MSE: 0.0173, r (train): 0.9654, Test MSE: 0.2499, r (test): -0.1435
Epoch: 59, Training Loss: 0.0157, Train MSE: 0.0157, r (train): 0.9743, Test MSE: 0.2613, r (test): -0.1512
Epoch: 60, Training Loss: 0.0136, Train MSE: 0.0136, r (train): 0.9753, Test MSE: 0.2270, r (test): -0.1526
Epoch: 61, Training Loss: 0.0071, Train MSE: 0.0071, r (train): 0.9682, Test MSE: 0.1570, r (test): -0.0980
Epoch: 62, Training Loss: 0.0049, Train MSE: 0.0049, r (train): 0.9675, Test MSE: 0.1617, r (test): -0.1288
Epoch: 63, Training Loss: 0.0086, Train MSE: 0.0086, r (train): 0.9458, Test MSE: 0.1817, r (test): -0.1789
Epoch: 64, Training Loss: 0.0118, Train MSE: 0.0118, r (train): 0.9308, Test MSE: 0.1885, r (test): -0.1730
Epoch: 65, Training Loss: 0.0123, Train MSE: 0.0123, r (train): 0.9319, Test MSE: 0.1691, r (test): -0.1582
Epoch: 66, Training Loss: 0.0115, Train MSE: 0.0115, r (train): 0.9333, Test MSE: 0.1880, r (test): -0.1664
Epoch: 67, Training Loss: 0.0134, Train MSE: 0.0134, r (train): 0.9326, Test MSE: 0.2048, r (test): -0.1413
Epoch: 68, Training Loss: 0.0447, Train MSE: 0.0447, r (train): 0.9126, Test MSE: 0.3165, r (test): -0.1484
Epoch: 69, Training Loss: 0.0377, Train MSE: 0.0377, r (train): 0.9208, Test MSE: 0.3998, r (test): -0.2369
Epoch: 70, Training Loss: 0.0460, Train MSE: 0.0460, r (train): 0.9380, Test MSE: 0.5488, r (test): -0.2745
Epoch: 71, Training Loss: 0.0679, Train MSE: 0.0679, r (train): 0.9216, Test MSE: 0.4508, r (test): -0.1868
Epoch: 72, Training Loss: 0.0211, Train MSE: 0.0211, r (train): 0.9279, Test MSE: 0.3181, r (test): -0.2252
Epoch: 73, Training Loss: 0.0183, Train MSE: 0.0183, r (train): 0.9501, Test MSE: 0.3636, r (test): -0.1986
Epoch: 74, Training Loss: 0.0058, Train MSE: 0.0058, r (train): 0.9613, Test MSE: 0.2428, r (test): -0.1701
Epoch: 75, Training Loss: 0.0127, Train MSE: 0.0127, r (train): 0.9654, Test MSE: 0.1767, r (test): -0.1262
Epoch: 76, Training Loss: 0.0159, Train MSE: 0.0159, r (train): 0.9494, Test MSE: 0.1730, r (test): -0.1432
Epoch: 77, Training Loss: 0.0107, Train MSE: 0.0107, r (train): 0.9333, Test MSE: 0.2881, r (test): -0.1989
Epoch: 78, Training Loss: 0.0172, Train MSE: 0.0172, r (train): 0.9392, Test MSE: 0.3678, r (test): -0.2469
Epoch: 79, Training Loss: 0.0302, Train MSE: 0.0302, r (train): 0.9311, Test MSE: 0.3680, r (test): -0.2073
Epoch: 80, Training Loss: 0.0373, Train MSE: 0.0373, r (train): 0.9259, Test MSE: 0.3672, r (test): -0.2431
Epoch: 81, Training Loss: 0.0137, Train MSE: 0.0137, r (train): 0.9481, Test MSE: 0.2870, r (test): -0.2892
Epoch: 82, Training Loss: 0.0059, Train MSE: 0.0059, r (train): 0.9691, Test MSE: 0.2801, r (test): -0.2619
Epoch: 83, Training Loss: 0.0076, Train MSE: 0.0076, r (train): 0.9486, Test MSE: 0.2380, r (test): -0.1942
Epoch: 84, Training Loss: 0.0051, Train MSE: 0.0051, r (train): 0.9662, Test MSE: 0.2789, r (test): -0.2562
Epoch: 85, Training Loss: 0.0232, Train MSE: 0.0232, r (train): 0.9667, Test MSE: 0.4309, r (test): -0.2559
Epoch: 86, Training Loss: 0.0276, Train MSE: 0.0276, r (train): 0.9656, Test MSE: 0.4397, r (test): -0.2664
Epoch: 87, Training Loss: 0.0171, Train MSE: 0.0171, r (train): 0.9396, Test MSE: 0.2405, r (test): -0.2565
Epoch: 88, Training Loss: 0.0057, Train MSE: 0.0057, r (train): 0.9611, Test MSE: 0.3046, r (test): -0.2873
Epoch: 89, Training Loss: 0.0144, Train MSE: 0.0144, r (train): 0.9436, Test MSE: 0.2011, r (test): -0.1959
Epoch: 90, Training Loss: 0.0124, Train MSE: 0.0124, r (train): 0.9392, Test MSE: 0.2346, r (test): -0.1568
Epoch: 91, Training Loss: 0.0106, Train MSE: 0.0106, r (train): 0.9472, Test MSE: 0.2546, r (test): -0.2409
Epoch: 92, Training Loss: 0.0172, Train MSE: 0.0172, r (train): 0.9530, Test MSE: 0.3072, r (test): -0.2197
Epoch: 93, Training Loss: 0.0344, Train MSE: 0.0344, r (train): 0.9241, Test MSE: 0.4394, r (test): -0.3070
Epoch: 94, Training Loss: 0.0283, Train MSE: 0.0283, r (train): 0.9409, Test MSE: 0.5313, r (test): -0.3146
Epoch: 95, Training Loss: 0.0086, Train MSE: 0.0086, r (train): 0.9558, Test MSE: 0.3170, r (test): -0.2804
Epoch: 96, Training Loss: 0.0105, Train MSE: 0.0105, r (train): 0.9643, Test MSE: 0.1911, r (test): -0.2562
Epoch: 97, Training Loss: 0.0180, Train MSE: 0.0180, r (train): 0.9502, Test MSE: 0.1720, r (test): -0.2211
Epoch: 98, Training Loss: 0.0063, Train MSE: 0.0063, r (train): 0.9661, Test MSE: 0.2600, r (test): -0.2519
Epoch: 99, Training Loss: 0.0145, Train MSE: 0.0145, r (train): 0.9680, Test MSE: 0.3299, r (test): -0.2415
Predicted tensors for training set: 
tensor([ 5.6337e-01,  1.7137e-01,  7.8261e-01,  6.8957e-01,  6.8951e-01,
         1.9368e-01,  5.7443e-01, -1.6081e-01, -1.0088e-01, -1.3994e-03,
         2.3569e-01,  7.6170e-01,  7.7674e-02,  6.7217e-01,  6.7625e-02,
         2.5769e-01,  5.0238e-02,  4.8499e-01,  9.2854e-01,  4.9082e-01,
         6.5156e-01,  3.8489e-01,  4.9784e-01,  2.2240e-01,  8.3204e-01,
         8.4854e-01,  6.9810e-01,  7.9690e-01,  5.1536e-01,  7.7660e-01,
         5.6813e-01,  6.6179e-01,  5.1639e-01,  5.2310e-01,  6.2369e-01,
         6.1032e-01,  3.9235e-01,  6.6340e-01,  2.4663e-01,  3.9694e-01,
         2.8096e-01,  7.7518e-01,  8.7682e-01, -7.5838e-04, -7.5138e-02,
         5.9583e-02, -4.9185e-04,  2.3251e-01,  5.5082e-01, -1.5163e-02,
         5.4657e-01,  5.5888e-01,  3.0300e-01, -8.6163e-02, -8.9794e-02,
        -1.6489e-01,  3.3910e-01,  3.3516e-01,  5.0718e-01,  7.2606e-01,
         6.7839e-01,  4.1147e-01,  6.4154e-01,  3.7640e-01,  8.8218e-01,
         3.5107e-01,  6.4750e-01,  1.1911e-01,  8.1916e-01,  7.1355e-01,
         4.4906e-01,  8.5896e-01])
Target tensorsfor training set: 
tensor([0.5779, 0.2394, 0.8363, 0.7462, 0.7791, 0.2649, 0.7596, 0.0246, 0.0478,
        0.1294, 0.3309, 0.9117, 0.1493, 0.8411, 0.2169, 0.3453, 0.0389, 0.4526,
        0.9621, 0.4654, 0.6846, 0.4341, 0.5564, 0.2916, 0.8556, 0.8391, 0.6577,
        0.7901, 0.5780, 0.8418, 0.5719, 0.7144, 0.5658, 0.6240, 0.6199, 0.6671,
        0.4513, 0.7371, 0.3077, 0.5220, 0.4036, 0.9072, 0.9656, 0.1055, 0.0763,
        0.2594, 0.2255, 0.4373, 0.7171, 0.2464, 0.7497, 0.8988, 0.4993, 0.0981,
        0.1360, 0.0636, 0.5023, 0.4440, 0.6576, 0.8453, 0.7950, 0.4640, 0.7125,
        0.4149, 0.9127, 0.3829, 0.6595, 0.1218, 0.8524, 0.7372, 0.5102, 0.9215])
Correlation for training set: 0.9680184670678563
Predicted tensors for test set: 
tensor([ 0.5701,  0.4007,  0.1916,  0.1415,  0.4594,  0.5333, -1.1667,  0.4105,
         0.4251,  0.2074,  0.4356,  0.5586,  0.5039,  0.4438,  0.5387,  0.5113,
         0.4185,  0.4517])
Target tensors for test set: 
tensor([0.2271, 0.9150, 0.5300, 0.1295, 0.5178, 0.8561, 0.9535, 0.5573, 0.7507,
        0.7270, 0.6992, 0.8728, 0.4818, 0.5783, 0.9492, 0.3174, 0.5187, 0.6465])
Correlation for test set: -0.24147421816240902
Fold 4
Epoch: 00, Training Loss: 0.0654, Train MSE: 0.0654, r (train): 0.2835, Test MSE: 0.0907, r (test): 0.2706
Epoch: 01, Training Loss: 0.0650, Train MSE: 0.0650, r (train): 0.3333, Test MSE: 0.0823, r (test): 0.1979
Epoch: 02, Training Loss: 0.0640, Train MSE: 0.0640, r (train): 0.3837, Test MSE: 0.0824, r (test): 0.1690
Epoch: 03, Training Loss: 0.0631, Train MSE: 0.0631, r (train): 0.4252, Test MSE: 0.0820, r (test): 0.1884
Epoch: 04, Training Loss: 0.0621, Train MSE: 0.0621, r (train): 0.4427, Test MSE: 0.0821, r (test): 0.1685
Epoch: 05, Training Loss: 0.0612, Train MSE: 0.0612, r (train): 0.4941, Test MSE: 0.0823, r (test): 0.1652
Epoch: 06, Training Loss: 0.0601, Train MSE: 0.0601, r (train): 0.5046, Test MSE: 0.0823, r (test): 0.1836
Epoch: 07, Training Loss: 0.0596, Train MSE: 0.0596, r (train): 0.5346, Test MSE: 0.0822, r (test): 0.1854
Epoch: 08, Training Loss: 0.0574, Train MSE: 0.0574, r (train): 0.5775, Test MSE: 0.0832, r (test): 0.1453
Epoch: 09, Training Loss: 0.0561, Train MSE: 0.0561, r (train): 0.6097, Test MSE: 0.0834, r (test): 0.1168
Epoch: 10, Training Loss: 0.0545, Train MSE: 0.0545, r (train): 0.6375, Test MSE: 0.0831, r (test): 0.1322
Epoch: 11, Training Loss: 0.0523, Train MSE: 0.0523, r (train): 0.6765, Test MSE: 0.0844, r (test): 0.1104
Epoch: 12, Training Loss: 0.0510, Train MSE: 0.0510, r (train): 0.6755, Test MSE: 0.0833, r (test): 0.1297
Epoch: 13, Training Loss: 0.0488, Train MSE: 0.0488, r (train): 0.7121, Test MSE: 0.0821, r (test): 0.1783
Epoch: 14, Training Loss: 0.0471, Train MSE: 0.0471, r (train): 0.7244, Test MSE: 0.0799, r (test): 0.2237
Epoch: 15, Training Loss: 0.0439, Train MSE: 0.0439, r (train): 0.7296, Test MSE: 0.0876, r (test): 0.1641
Epoch: 16, Training Loss: 0.0429, Train MSE: 0.0429, r (train): 0.7846, Test MSE: 0.0797, r (test): 0.2187
Epoch: 17, Training Loss: 0.0384, Train MSE: 0.0384, r (train): 0.7757, Test MSE: 0.0784, r (test): 0.2680
Epoch: 18, Training Loss: 0.0359, Train MSE: 0.0359, r (train): 0.8065, Test MSE: 0.0783, r (test): 0.2935
Epoch: 19, Training Loss: 0.0325, Train MSE: 0.0325, r (train): 0.8163, Test MSE: 0.0770, r (test): 0.2874
Epoch: 20, Training Loss: 0.0282, Train MSE: 0.0282, r (train): 0.8393, Test MSE: 0.0752, r (test): 0.3587
Epoch: 21, Training Loss: 0.0245, Train MSE: 0.0245, r (train): 0.8402, Test MSE: 0.0738, r (test): 0.3579
Epoch: 22, Training Loss: 0.0231, Train MSE: 0.0231, r (train): 0.8545, Test MSE: 0.0666, r (test): 0.4460
Epoch: 23, Training Loss: 0.0192, Train MSE: 0.0192, r (train): 0.8649, Test MSE: 0.0662, r (test): 0.4509
Epoch: 24, Training Loss: 0.0209, Train MSE: 0.0209, r (train): 0.8461, Test MSE: 0.0731, r (test): 0.3636
Epoch: 25, Training Loss: 0.0175, Train MSE: 0.0175, r (train): 0.8794, Test MSE: 0.0766, r (test): 0.3572
Epoch: 26, Training Loss: 0.0208, Train MSE: 0.0208, r (train): 0.8400, Test MSE: 0.0749, r (test): 0.3813
Epoch: 27, Training Loss: 0.0200, Train MSE: 0.0200, r (train): 0.8910, Test MSE: 0.0866, r (test): 0.2808
Epoch: 28, Training Loss: 0.0160, Train MSE: 0.0160, r (train): 0.9132, Test MSE: 0.0944, r (test): 0.2387
Epoch: 29, Training Loss: 0.0180, Train MSE: 0.0180, r (train): 0.9148, Test MSE: 0.0983, r (test): 0.2403
Epoch: 30, Training Loss: 0.0124, Train MSE: 0.0124, r (train): 0.9093, Test MSE: 0.0855, r (test): 0.2589
Epoch: 31, Training Loss: 0.0117, Train MSE: 0.0117, r (train): 0.9144, Test MSE: 0.0832, r (test): 0.2460
Epoch: 32, Training Loss: 0.0188, Train MSE: 0.0188, r (train): 0.8747, Test MSE: 0.0757, r (test): 0.3236
Epoch: 33, Training Loss: 0.0143, Train MSE: 0.0143, r (train): 0.9076, Test MSE: 0.0789, r (test): 0.2517
Epoch: 34, Training Loss: 0.0284, Train MSE: 0.0284, r (train): 0.8605, Test MSE: 0.0755, r (test): 0.3660
Epoch: 35, Training Loss: 0.0141, Train MSE: 0.0141, r (train): 0.9046, Test MSE: 0.0849, r (test): 0.2403
Epoch: 36, Training Loss: 0.0216, Train MSE: 0.0216, r (train): 0.8553, Test MSE: 0.0952, r (test): 0.1349
Epoch: 37, Training Loss: 0.0151, Train MSE: 0.0151, r (train): 0.9002, Test MSE: 0.0931, r (test): 0.1495
Epoch: 38, Training Loss: 0.0139, Train MSE: 0.0139, r (train): 0.8966, Test MSE: 0.0897, r (test): 0.0931
Epoch: 39, Training Loss: 0.0393, Train MSE: 0.0393, r (train): 0.8819, Test MSE: 0.0872, r (test): 0.3347
Epoch: 40, Training Loss: 0.0455, Train MSE: 0.0455, r (train): 0.8815, Test MSE: 0.0794, r (test): 0.4552
Epoch: 41, Training Loss: 0.0502, Train MSE: 0.0502, r (train): 0.8843, Test MSE: 0.0993, r (test): 0.3163
Epoch: 42, Training Loss: 0.0339, Train MSE: 0.0339, r (train): 0.8914, Test MSE: 0.0855, r (test): 0.2573
Epoch: 43, Training Loss: 0.0210, Train MSE: 0.0210, r (train): 0.9009, Test MSE: 0.0883, r (test): 0.1013
Epoch: 44, Training Loss: 0.0371, Train MSE: 0.0371, r (train): 0.8486, Test MSE: 0.0768, r (test): 0.3972
Epoch: 45, Training Loss: 0.0510, Train MSE: 0.0510, r (train): 0.7686, Test MSE: 0.0865, r (test): 0.2549
Epoch: 46, Training Loss: 0.0571, Train MSE: 0.0571, r (train): 0.8426, Test MSE: 0.0983, r (test): 0.2098
Epoch: 47, Training Loss: 0.0517, Train MSE: 0.0517, r (train): 0.8364, Test MSE: 0.1029, r (test): 0.0279
Epoch: 48, Training Loss: 0.0428, Train MSE: 0.0428, r (train): 0.8749, Test MSE: 0.0977, r (test): 0.0087
Epoch: 49, Training Loss: 0.0327, Train MSE: 0.0327, r (train): 0.8618, Test MSE: 0.0806, r (test): 0.1966
Epoch: 50, Training Loss: 0.0267, Train MSE: 0.0267, r (train): 0.8751, Test MSE: 0.0800, r (test): 0.1736
Epoch: 51, Training Loss: 0.0154, Train MSE: 0.0154, r (train): 0.8888, Test MSE: 0.0869, r (test): 0.0636
Epoch: 52, Training Loss: 0.0276, Train MSE: 0.0276, r (train): 0.8951, Test MSE: 0.1259, r (test): 0.0034
Epoch: 53, Training Loss: 0.0288, Train MSE: 0.0288, r (train): 0.9108, Test MSE: 0.1358, r (test): 0.1697
Epoch: 54, Training Loss: 0.0305, Train MSE: 0.0305, r (train): 0.9341, Test MSE: 0.1488, r (test): 0.0795
Epoch: 55, Training Loss: 0.0220, Train MSE: 0.0220, r (train): 0.9177, Test MSE: 0.1245, r (test): 0.1180
Epoch: 56, Training Loss: 0.0115, Train MSE: 0.0115, r (train): 0.9373, Test MSE: 0.1085, r (test): -0.0336
Epoch: 57, Training Loss: 0.0103, Train MSE: 0.0103, r (train): 0.9327, Test MSE: 0.0823, r (test): 0.1807
Epoch: 58, Training Loss: 0.0156, Train MSE: 0.0156, r (train): 0.9211, Test MSE: 0.0751, r (test): 0.2648
Epoch: 59, Training Loss: 0.0134, Train MSE: 0.0134, r (train): 0.9407, Test MSE: 0.0838, r (test): 0.0320
Epoch: 60, Training Loss: 0.0114, Train MSE: 0.0114, r (train): 0.9267, Test MSE: 0.0938, r (test): 0.0771
Epoch: 61, Training Loss: 0.0329, Train MSE: 0.0329, r (train): 0.9456, Test MSE: 0.1459, r (test): 0.0856
Epoch: 62, Training Loss: 0.0317, Train MSE: 0.0317, r (train): 0.9490, Test MSE: 0.1456, r (test): 0.0789
Epoch: 63, Training Loss: 0.0132, Train MSE: 0.0132, r (train): 0.9512, Test MSE: 0.1115, r (test): 0.1438
Epoch: 64, Training Loss: 0.0091, Train MSE: 0.0091, r (train): 0.9456, Test MSE: 0.0976, r (test): 0.0967
Epoch: 65, Training Loss: 0.0085, Train MSE: 0.0085, r (train): 0.9437, Test MSE: 0.0876, r (test): 0.1035
Epoch: 66, Training Loss: 0.0114, Train MSE: 0.0114, r (train): 0.9291, Test MSE: 0.0847, r (test): 0.0719
Epoch: 67, Training Loss: 0.0135, Train MSE: 0.0135, r (train): 0.9180, Test MSE: 0.0814, r (test): 0.1059
Epoch: 68, Training Loss: 0.0232, Train MSE: 0.0232, r (train): 0.9215, Test MSE: 0.1245, r (test): -0.0318
Epoch: 69, Training Loss: 0.0198, Train MSE: 0.0198, r (train): 0.9284, Test MSE: 0.1243, r (test): 0.0631
Epoch: 70, Training Loss: 0.0460, Train MSE: 0.0460, r (train): 0.9530, Test MSE: 0.1731, r (test): 0.0139
Epoch: 71, Training Loss: 0.0175, Train MSE: 0.0175, r (train): 0.9436, Test MSE: 0.1330, r (test): 0.0126
Epoch: 72, Training Loss: 0.0123, Train MSE: 0.0123, r (train): 0.9469, Test MSE: 0.1026, r (test): 0.1813
Epoch: 73, Training Loss: 0.0074, Train MSE: 0.0074, r (train): 0.9480, Test MSE: 0.0831, r (test): 0.2232
Epoch: 74, Training Loss: 0.0119, Train MSE: 0.0119, r (train): 0.9143, Test MSE: 0.0839, r (test): 0.1248
Epoch: 75, Training Loss: 0.0089, Train MSE: 0.0089, r (train): 0.9366, Test MSE: 0.1072, r (test): -0.1779
Epoch: 76, Training Loss: 0.0437, Train MSE: 0.0437, r (train): 0.9565, Test MSE: 0.1573, r (test): 0.0372
Epoch: 77, Training Loss: 0.0482, Train MSE: 0.0482, r (train): 0.9440, Test MSE: 0.1806, r (test): -0.0889
Epoch: 78, Training Loss: 0.0281, Train MSE: 0.0281, r (train): 0.9465, Test MSE: 0.1487, r (test): -0.0931
Epoch: 79, Training Loss: 0.0166, Train MSE: 0.0166, r (train): 0.9400, Test MSE: 0.1183, r (test): 0.0915
Epoch: 80, Training Loss: 0.0112, Train MSE: 0.0112, r (train): 0.9437, Test MSE: 0.1022, r (test): 0.0591
Epoch: 81, Training Loss: 0.0100, Train MSE: 0.0100, r (train): 0.9268, Test MSE: 0.0921, r (test): 0.0636
Epoch: 82, Training Loss: 0.0131, Train MSE: 0.0131, r (train): 0.9351, Test MSE: 0.0993, r (test): 0.1314
Epoch: 83, Training Loss: 0.0270, Train MSE: 0.0270, r (train): 0.9406, Test MSE: 0.1478, r (test): -0.1952
Epoch: 84, Training Loss: 0.0641, Train MSE: 0.0641, r (train): 0.9468, Test MSE: 0.1937, r (test): 0.0488
Epoch: 85, Training Loss: 0.0385, Train MSE: 0.0385, r (train): 0.9293, Test MSE: 0.1493, r (test): 0.1179
Epoch: 86, Training Loss: 0.0226, Train MSE: 0.0226, r (train): 0.9339, Test MSE: 0.1227, r (test): 0.0298
Epoch: 87, Training Loss: 0.0082, Train MSE: 0.0082, r (train): 0.9505, Test MSE: 0.0983, r (test): 0.0797
Epoch: 88, Training Loss: 0.0101, Train MSE: 0.0101, r (train): 0.9511, Test MSE: 0.1134, r (test): -0.1609
Epoch: 89, Training Loss: 0.0089, Train MSE: 0.0089, r (train): 0.9445, Test MSE: 0.1022, r (test): -0.0106
Epoch: 90, Training Loss: 0.0145, Train MSE: 0.0145, r (train): 0.9544, Test MSE: 0.1166, r (test): -0.0280
Epoch: 91, Training Loss: 0.0350, Train MSE: 0.0350, r (train): 0.9414, Test MSE: 0.1526, r (test): -0.0413
Epoch: 92, Training Loss: 0.0689, Train MSE: 0.0689, r (train): 0.9612, Test MSE: 0.1816, r (test): 0.1208
Epoch: 93, Training Loss: 0.0210, Train MSE: 0.0210, r (train): 0.9418, Test MSE: 0.1249, r (test): 0.1107
Epoch: 94, Training Loss: 0.0133, Train MSE: 0.0133, r (train): 0.9335, Test MSE: 0.1194, r (test): -0.0416
Epoch: 95, Training Loss: 0.0139, Train MSE: 0.0139, r (train): 0.9457, Test MSE: 0.0965, r (test): 0.0941
Epoch: 96, Training Loss: 0.0065, Train MSE: 0.0065, r (train): 0.9548, Test MSE: 0.0843, r (test): 0.1601
Epoch: 97, Training Loss: 0.0093, Train MSE: 0.0093, r (train): 0.9410, Test MSE: 0.0998, r (test): -0.1188
Epoch: 98, Training Loss: 0.0089, Train MSE: 0.0089, r (train): 0.9486, Test MSE: 0.0980, r (test): 0.0353
Epoch: 99, Training Loss: 0.0421, Train MSE: 0.0421, r (train): 0.9525, Test MSE: 0.1489, r (test): 0.0782
Predicted tensors for training set: 
tensor([0.6804, 0.3449, 0.8683, 0.8516, 0.9108, 0.3122, 0.9090, 0.1059, 0.0949,
        0.2555, 0.5097, 1.2081, 0.2306, 0.9733, 0.5130, 0.5759, 0.1968, 0.5956,
        1.0960, 0.5742, 0.8791, 0.5650, 0.7418, 0.4987, 0.9447, 1.0353, 0.7617,
        0.9840, 0.7089, 1.0684, 0.7214, 0.9808, 0.8794, 0.9072, 0.8001, 0.9377,
        0.3644, 1.1772, 0.7337, 0.2049, 0.7616, 1.2321, 1.4614, 0.7908, 1.0674,
        1.0118, 1.0478, 1.2073, 0.6932, 0.7832, 1.2063, 0.5244, 0.7784, 0.8089,
        0.4757, 0.2759, 0.6812, 0.6468, 0.9153, 1.1136, 0.9391, 0.7146, 0.8299,
        0.5281, 1.0037, 0.4572, 0.6873, 0.1699, 0.8367, 0.8230, 0.6057, 1.0882])
Target tensorsfor training set: 
tensor([0.5779, 0.2394, 0.8363, 0.7462, 0.7791, 0.2649, 0.7596, 0.0246, 0.0478,
        0.1294, 0.3309, 0.9117, 0.1493, 0.8411, 0.2169, 0.3453, 0.0389, 0.4526,
        0.9621, 0.4654, 0.6846, 0.4341, 0.5564, 0.2916, 0.8556, 0.8391, 0.6577,
        0.7901, 0.5780, 0.8418, 0.5719, 0.7144, 0.5658, 0.6240, 0.6199, 0.6671,
        0.2271, 0.9150, 0.5300, 0.1295, 0.5178, 0.8561, 0.9535, 0.5573, 0.7507,
        0.7270, 0.6992, 0.8728, 0.4818, 0.5783, 0.9492, 0.3174, 0.5187, 0.6465,
        0.1360, 0.0636, 0.5023, 0.4440, 0.6576, 0.8453, 0.7950, 0.4640, 0.7125,
        0.4149, 0.9127, 0.3829, 0.6595, 0.1218, 0.8524, 0.7372, 0.5102, 0.9215])
Correlation for training set: 0.9524527311201202
Predicted tensors for test set: 
tensor([0.5781, 0.6570, 0.5053, 0.6331, 0.7645, 0.8200, 0.7771, 0.8428, 0.5901,
        0.8732, 0.6519, 0.4316, 0.8432, 0.8960, 0.9229, 0.5802, 0.7126, 0.7704])
Target tensors for test set: 
tensor([0.4513, 0.7371, 0.3077, 0.5220, 0.4036, 0.9072, 0.9656, 0.1055, 0.0763,
        0.2594, 0.2255, 0.4373, 0.7171, 0.2464, 0.7497, 0.8988, 0.4993, 0.0981])
Correlation for test set: 0.07823019456278184
Fold 5
Epoch: 00, Training Loss: 0.0792, Train MSE: 0.0792, r (train): 0.3555, Test MSE: 0.0867, r (test): -0.3542
Epoch: 01, Training Loss: 0.0788, Train MSE: 0.0788, r (train): 0.4333, Test MSE: 0.0894, r (test): -0.3880
Epoch: 02, Training Loss: 0.0775, Train MSE: 0.0775, r (train): 0.4870, Test MSE: 0.0892, r (test): -0.3813
Epoch: 03, Training Loss: 0.0754, Train MSE: 0.0754, r (train): 0.5038, Test MSE: 0.0887, r (test): -0.3784
Epoch: 04, Training Loss: 0.0751, Train MSE: 0.0751, r (train): 0.5160, Test MSE: 0.0897, r (test): -0.4068
Epoch: 05, Training Loss: 0.0723, Train MSE: 0.0723, r (train): 0.5376, Test MSE: 0.0871, r (test): -0.3552
Epoch: 06, Training Loss: 0.0712, Train MSE: 0.0712, r (train): 0.5742, Test MSE: 0.0874, r (test): -0.3618
Epoch: 07, Training Loss: 0.0697, Train MSE: 0.0697, r (train): 0.5772, Test MSE: 0.0872, r (test): -0.3348
Epoch: 08, Training Loss: 0.0711, Train MSE: 0.0711, r (train): 0.6089, Test MSE: 0.0891, r (test): -0.3658
Epoch: 09, Training Loss: 0.0685, Train MSE: 0.0685, r (train): 0.5902, Test MSE: 0.0895, r (test): -0.3125
Epoch: 10, Training Loss: 0.0660, Train MSE: 0.0660, r (train): 0.6520, Test MSE: 0.0877, r (test): -0.3159
Epoch: 11, Training Loss: 0.0647, Train MSE: 0.0647, r (train): 0.6623, Test MSE: 0.0898, r (test): -0.2880
Epoch: 12, Training Loss: 0.0661, Train MSE: 0.0661, r (train): 0.6688, Test MSE: 0.0895, r (test): -0.2129
Epoch: 13, Training Loss: 0.0627, Train MSE: 0.0627, r (train): 0.7001, Test MSE: 0.0930, r (test): -0.2421
Epoch: 14, Training Loss: 0.0652, Train MSE: 0.0652, r (train): 0.6937, Test MSE: 0.0950, r (test): -0.2408
Epoch: 15, Training Loss: 0.0621, Train MSE: 0.0621, r (train): 0.6702, Test MSE: 0.0994, r (test): -0.2249
Epoch: 16, Training Loss: 0.0642, Train MSE: 0.0642, r (train): 0.7062, Test MSE: 0.1007, r (test): -0.2085
Epoch: 17, Training Loss: 0.0555, Train MSE: 0.0555, r (train): 0.7744, Test MSE: 0.1021, r (test): -0.2292
Epoch: 18, Training Loss: 0.0610, Train MSE: 0.0610, r (train): 0.7523, Test MSE: 0.1058, r (test): -0.1709
Epoch: 19, Training Loss: 0.0483, Train MSE: 0.0483, r (train): 0.8032, Test MSE: 0.0990, r (test): -0.1101
Epoch: 20, Training Loss: 0.0733, Train MSE: 0.0733, r (train): 0.7177, Test MSE: 0.1171, r (test): -0.1044
Epoch: 21, Training Loss: 0.0369, Train MSE: 0.0369, r (train): 0.8116, Test MSE: 0.0895, r (test): 0.0021
Epoch: 22, Training Loss: 0.0667, Train MSE: 0.0667, r (train): 0.8019, Test MSE: 0.1228, r (test): -0.1626
Epoch: 23, Training Loss: 0.0348, Train MSE: 0.0348, r (train): 0.8803, Test MSE: 0.0939, r (test): 0.0265
Epoch: 24, Training Loss: 0.0620, Train MSE: 0.0620, r (train): 0.8657, Test MSE: 0.1202, r (test): -0.0280
Epoch: 25, Training Loss: 0.0288, Train MSE: 0.0288, r (train): 0.9081, Test MSE: 0.0801, r (test): 0.2012
Epoch: 26, Training Loss: 0.0453, Train MSE: 0.0453, r (train): 0.8736, Test MSE: 0.1013, r (test): 0.0442
Epoch: 27, Training Loss: 0.0236, Train MSE: 0.0236, r (train): 0.8530, Test MSE: 0.0791, r (test): 0.1011
Epoch: 28, Training Loss: 0.0505, Train MSE: 0.0505, r (train): 0.8658, Test MSE: 0.1091, r (test): 0.0207
Epoch: 29, Training Loss: 0.0241, Train MSE: 0.0241, r (train): 0.8737, Test MSE: 0.0720, r (test): 0.3309
Epoch: 30, Training Loss: 0.0606, Train MSE: 0.0606, r (train): 0.8809, Test MSE: 0.1177, r (test): -0.0087
Epoch: 31, Training Loss: 0.0254, Train MSE: 0.0254, r (train): 0.8512, Test MSE: 0.0786, r (test): 0.1684
Epoch: 32, Training Loss: 0.0511, Train MSE: 0.0511, r (train): 0.8805, Test MSE: 0.1175, r (test): -0.0657
Epoch: 33, Training Loss: 0.0203, Train MSE: 0.0203, r (train): 0.8657, Test MSE: 0.0683, r (test): 0.2834
Epoch: 34, Training Loss: 0.0392, Train MSE: 0.0392, r (train): 0.8867, Test MSE: 0.0986, r (test): 0.0213
Epoch: 35, Training Loss: 0.0171, Train MSE: 0.0171, r (train): 0.8765, Test MSE: 0.0739, r (test): 0.1120
Epoch: 36, Training Loss: 0.0431, Train MSE: 0.0431, r (train): 0.8895, Test MSE: 0.0993, r (test): 0.0340
Epoch: 37, Training Loss: 0.0221, Train MSE: 0.0221, r (train): 0.8745, Test MSE: 0.0693, r (test): 0.3117
Epoch: 38, Training Loss: 0.0375, Train MSE: 0.0375, r (train): 0.9002, Test MSE: 0.0969, r (test): 0.0584
Epoch: 39, Training Loss: 0.0329, Train MSE: 0.0329, r (train): 0.8859, Test MSE: 0.0859, r (test): 0.1793
Epoch: 40, Training Loss: 0.0661, Train MSE: 0.0661, r (train): 0.8721, Test MSE: 0.1267, r (test): -0.0212
Epoch: 41, Training Loss: 0.0518, Train MSE: 0.0518, r (train): 0.9024, Test MSE: 0.1058, r (test): 0.0800
Epoch: 42, Training Loss: 0.0954, Train MSE: 0.0954, r (train): 0.8530, Test MSE: 0.1435, r (test): 0.0116
Epoch: 43, Training Loss: 0.0327, Train MSE: 0.0327, r (train): 0.8961, Test MSE: 0.0951, r (test): 0.1059
Epoch: 44, Training Loss: 0.0207, Train MSE: 0.0207, r (train): 0.8744, Test MSE: 0.0834, r (test): 0.0408
Epoch: 45, Training Loss: 0.0183, Train MSE: 0.0183, r (train): 0.8674, Test MSE: 0.0759, r (test): 0.1027
Epoch: 46, Training Loss: 0.0378, Train MSE: 0.0378, r (train): 0.8761, Test MSE: 0.0900, r (test): 0.1882
Epoch: 47, Training Loss: 0.0501, Train MSE: 0.0501, r (train): 0.8876, Test MSE: 0.1033, r (test): 0.2533
Epoch: 48, Training Loss: 0.0341, Train MSE: 0.0341, r (train): 0.9025, Test MSE: 0.0813, r (test): 0.2212
Epoch: 49, Training Loss: 0.0196, Train MSE: 0.0196, r (train): 0.9110, Test MSE: 0.0856, r (test): 0.0350
Epoch: 50, Training Loss: 0.0193, Train MSE: 0.0193, r (train): 0.9010, Test MSE: 0.0842, r (test): 0.0958
Epoch: 51, Training Loss: 0.0192, Train MSE: 0.0192, r (train): 0.8908, Test MSE: 0.0817, r (test): 0.0678
Epoch: 52, Training Loss: 0.0419, Train MSE: 0.0419, r (train): 0.8957, Test MSE: 0.0976, r (test): 0.0885
Epoch: 53, Training Loss: 0.0219, Train MSE: 0.0219, r (train): 0.9065, Test MSE: 0.0794, r (test): 0.1462
Epoch: 54, Training Loss: 0.0145, Train MSE: 0.0145, r (train): 0.9083, Test MSE: 0.0779, r (test): 0.0926
Epoch: 55, Training Loss: 0.0159, Train MSE: 0.0159, r (train): 0.8989, Test MSE: 0.0783, r (test): 0.1315
Epoch: 56, Training Loss: 0.0202, Train MSE: 0.0202, r (train): 0.8813, Test MSE: 0.0882, r (test): 0.0994
Epoch: 57, Training Loss: 0.0195, Train MSE: 0.0195, r (train): 0.8900, Test MSE: 0.0858, r (test): 0.0918
Epoch: 58, Training Loss: 0.0212, Train MSE: 0.0212, r (train): 0.8839, Test MSE: 0.0862, r (test): 0.1185
Epoch: 59, Training Loss: 0.0373, Train MSE: 0.0373, r (train): 0.8515, Test MSE: 0.0996, r (test): -0.0246
Epoch: 60, Training Loss: 0.0345, Train MSE: 0.0345, r (train): 0.8553, Test MSE: 0.0894, r (test): 0.1586
Epoch: 61, Training Loss: 0.0558, Train MSE: 0.0558, r (train): 0.8669, Test MSE: 0.0965, r (test): 0.1407
Epoch: 62, Training Loss: 0.0174, Train MSE: 0.0174, r (train): 0.8738, Test MSE: 0.0731, r (test): 0.1338
Epoch: 63, Training Loss: 0.0202, Train MSE: 0.0202, r (train): 0.8763, Test MSE: 0.0757, r (test): 0.1493
Epoch: 64, Training Loss: 0.0189, Train MSE: 0.0189, r (train): 0.8794, Test MSE: 0.0784, r (test): 0.0859
Epoch: 65, Training Loss: 0.0251, Train MSE: 0.0251, r (train): 0.8471, Test MSE: 0.0793, r (test): 0.1028
Epoch: 66, Training Loss: 0.0257, Train MSE: 0.0257, r (train): 0.8368, Test MSE: 0.0752, r (test): 0.0500
Epoch: 67, Training Loss: 0.0169, Train MSE: 0.0169, r (train): 0.8789, Test MSE: 0.0795, r (test): 0.0559
Epoch: 68, Training Loss: 0.0274, Train MSE: 0.0274, r (train): 0.8488, Test MSE: 0.0887, r (test): 0.1822
Epoch: 69, Training Loss: 0.0459, Train MSE: 0.0459, r (train): 0.8517, Test MSE: 0.1146, r (test): 0.1179
Epoch: 70, Training Loss: 0.0411, Train MSE: 0.0411, r (train): 0.8487, Test MSE: 0.0863, r (test): 0.2826
Epoch: 71, Training Loss: 0.0294, Train MSE: 0.0294, r (train): 0.8610, Test MSE: 0.0707, r (test): 0.3334
Epoch: 72, Training Loss: 0.0392, Train MSE: 0.0392, r (train): 0.8359, Test MSE: 0.0885, r (test): 0.1756
Epoch: 73, Training Loss: 0.0438, Train MSE: 0.0438, r (train): 0.8452, Test MSE: 0.0814, r (test): 0.3435
Epoch: 74, Training Loss: 0.0287, Train MSE: 0.0287, r (train): 0.8589, Test MSE: 0.0628, r (test): 0.4060
Epoch: 75, Training Loss: 0.0415, Train MSE: 0.0415, r (train): 0.8565, Test MSE: 0.0632, r (test): 0.3850
Epoch: 76, Training Loss: 0.0327, Train MSE: 0.0327, r (train): 0.8670, Test MSE: 0.0600, r (test): 0.4408
Epoch: 77, Training Loss: 0.0404, Train MSE: 0.0404, r (train): 0.8605, Test MSE: 0.0718, r (test): 0.3209
Epoch: 78, Training Loss: 0.0404, Train MSE: 0.0404, r (train): 0.8913, Test MSE: 0.0763, r (test): 0.2582
Epoch: 79, Training Loss: 0.0585, Train MSE: 0.0585, r (train): 0.8646, Test MSE: 0.0882, r (test): 0.2503
Epoch: 80, Training Loss: 0.0591, Train MSE: 0.0591, r (train): 0.8557, Test MSE: 0.0899, r (test): 0.1562
Epoch: 81, Training Loss: 0.0362, Train MSE: 0.0362, r (train): 0.8703, Test MSE: 0.0765, r (test): 0.2279
Epoch: 82, Training Loss: 0.0352, Train MSE: 0.0352, r (train): 0.8552, Test MSE: 0.0721, r (test): 0.1987
Epoch: 83, Training Loss: 0.0230, Train MSE: 0.0230, r (train): 0.8768, Test MSE: 0.0566, r (test): 0.4318
Epoch: 84, Training Loss: 0.0220, Train MSE: 0.0220, r (train): 0.8976, Test MSE: 0.0592, r (test): 0.3950
Epoch: 85, Training Loss: 0.0292, Train MSE: 0.0292, r (train): 0.8782, Test MSE: 0.0686, r (test): 0.2903
Epoch: 86, Training Loss: 0.0212, Train MSE: 0.0212, r (train): 0.8856, Test MSE: 0.0662, r (test): 0.2972
Epoch: 87, Training Loss: 0.0322, Train MSE: 0.0322, r (train): 0.8822, Test MSE: 0.0687, r (test): 0.2673
Epoch: 88, Training Loss: 0.0617, Train MSE: 0.0617, r (train): 0.8892, Test MSE: 0.0943, r (test): 0.3114
Epoch: 89, Training Loss: 0.0499, Train MSE: 0.0499, r (train): 0.8852, Test MSE: 0.0820, r (test): 0.2437
Epoch: 90, Training Loss: 0.1054, Train MSE: 0.1054, r (train): 0.9104, Test MSE: 0.1096, r (test): 0.2543
Epoch: 91, Training Loss: 0.0561, Train MSE: 0.0561, r (train): 0.9004, Test MSE: 0.0731, r (test): 0.4263
Epoch: 92, Training Loss: 0.0818, Train MSE: 0.0818, r (train): 0.9026, Test MSE: 0.1097, r (test): 0.1947
Epoch: 93, Training Loss: 0.1004, Train MSE: 0.1004, r (train): 0.8923, Test MSE: 0.1364, r (test): 0.1227
Epoch: 94, Training Loss: 0.0719, Train MSE: 0.0719, r (train): 0.8843, Test MSE: 0.1118, r (test): 0.2924
Epoch: 95, Training Loss: 0.0235, Train MSE: 0.0235, r (train): 0.8920, Test MSE: 0.0702, r (test): 0.2600
Epoch: 96, Training Loss: 0.0301, Train MSE: 0.0301, r (train): 0.9127, Test MSE: 0.0848, r (test): 0.1188
Epoch: 97, Training Loss: 0.0282, Train MSE: 0.0282, r (train): 0.9007, Test MSE: 0.0964, r (test): -0.0750
Epoch: 98, Training Loss: 0.0304, Train MSE: 0.0304, r (train): 0.9135, Test MSE: 0.0797, r (test): 0.2597
Epoch: 99, Training Loss: 0.0211, Train MSE: 0.0211, r (train): 0.9432, Test MSE: 0.0805, r (test): 0.1186
Predicted tensors for training set: 
tensor([0.6499, 0.2831, 0.8273, 0.7700, 0.7287, 0.3124, 0.7617, 0.0841, 0.1705,
        0.1887, 0.4427, 0.9625, 0.2226, 0.9829, 0.3798, 0.5324, 0.1608, 0.5613,
        1.1717, 0.6204, 0.9258, 0.6282, 0.7747, 0.5345, 1.0477, 1.1709, 0.9047,
        0.9895, 0.7884, 1.0220, 0.7252, 0.9714, 0.7284, 0.8557, 0.8241, 0.9436,
        0.4325, 1.1099, 0.7671, 0.3338, 0.6807, 1.0337, 1.3158, 0.6648, 0.8267,
        0.8535, 0.7647, 1.0541, 0.5119, 0.6585, 1.0330, 0.3470, 0.5248, 0.6313,
        0.4928, 0.7842, 0.3080, 0.4945, 0.3789, 0.9130, 0.8760, 0.0971, 0.1117,
        0.2200, 0.2446, 0.3865, 0.6927, 0.2743, 0.7193, 0.8888, 0.4858, 0.1049])
Target tensorsfor training set: 
tensor([0.5779, 0.2394, 0.8363, 0.7462, 0.7791, 0.2649, 0.7596, 0.0246, 0.0478,
        0.1294, 0.3309, 0.9117, 0.1493, 0.8411, 0.2169, 0.3453, 0.0389, 0.4526,
        0.9621, 0.4654, 0.6846, 0.4341, 0.5564, 0.2916, 0.8556, 0.8391, 0.6577,
        0.7901, 0.5780, 0.8418, 0.5719, 0.7144, 0.5658, 0.6240, 0.6199, 0.6671,
        0.2271, 0.9150, 0.5300, 0.1295, 0.5178, 0.8561, 0.9535, 0.5573, 0.7507,
        0.7270, 0.6992, 0.8728, 0.4818, 0.5783, 0.9492, 0.3174, 0.5187, 0.6465,
        0.4513, 0.7371, 0.3077, 0.5220, 0.4036, 0.9072, 0.9656, 0.1055, 0.0763,
        0.2594, 0.2255, 0.4373, 0.7171, 0.2464, 0.7497, 0.8988, 0.4993, 0.0981])
Correlation for training set: 0.9432325930774916
Predicted tensors for test set: 
tensor([0.6566, 0.7448, 0.5012, 0.7343, 0.8858, 0.6622, 0.5357, 0.5281, 0.4699,
        0.4374, 0.7713, 0.6850, 0.7053, 0.4153, 0.4821, 0.5597, 0.5196, 0.7078])
Target tensors for test set: 
tensor([0.1360, 0.0636, 0.5023, 0.4440, 0.6576, 0.8453, 0.7950, 0.4640, 0.7125,
        0.4149, 0.9127, 0.3829, 0.6595, 0.1218, 0.8524, 0.7372, 0.5102, 0.9215])
Correlation for test set: 0.11859563776848327
Seed: 14
Fold losses: [tensor(0.0148), tensor(0.0050), tensor(0.0145), tensor(0.0421), tensor(0.0211)]
Fold MSE values: [tensor(0.0148), tensor(0.0050), tensor(0.0145), tensor(0.0421), tensor(0.0211)]
Target training values: [tensor([0.9621, 0.4654, 0.6846, 0.4341, 0.5564, 0.2916, 0.8556, 0.8391, 0.6577,
        0.7901, 0.5780, 0.8418, 0.5719, 0.7144, 0.5658, 0.6240, 0.6199, 0.6671,
        0.2271, 0.9150, 0.5300, 0.1295, 0.5178, 0.8561, 0.9535, 0.5573, 0.7507,
        0.7270, 0.6992, 0.8728, 0.4818, 0.5783, 0.9492, 0.3174, 0.5187, 0.6465,
        0.4513, 0.7371, 0.3077, 0.5220, 0.4036, 0.9072, 0.9656, 0.1055, 0.0763,
        0.2594, 0.2255, 0.4373, 0.7171, 0.2464, 0.7497, 0.8988, 0.4993, 0.0981,
        0.1360, 0.0636, 0.5023, 0.4440, 0.6576, 0.8453, 0.7950, 0.4640, 0.7125,
        0.4149, 0.9127, 0.3829, 0.6595, 0.1218, 0.8524, 0.7372, 0.5102, 0.9215]), tensor([0.5779, 0.2394, 0.8363, 0.7462, 0.7791, 0.2649, 0.7596, 0.0246, 0.0478,
        0.1294, 0.3309, 0.9117, 0.1493, 0.8411, 0.2169, 0.3453, 0.0389, 0.4526,
        0.2271, 0.9150, 0.5300, 0.1295, 0.5178, 0.8561, 0.9535, 0.5573, 0.7507,
        0.7270, 0.6992, 0.8728, 0.4818, 0.5783, 0.9492, 0.3174, 0.5187, 0.6465,
        0.4513, 0.7371, 0.3077, 0.5220, 0.4036, 0.9072, 0.9656, 0.1055, 0.0763,
        0.2594, 0.2255, 0.4373, 0.7171, 0.2464, 0.7497, 0.8988, 0.4993, 0.0981,
        0.1360, 0.0636, 0.5023, 0.4440, 0.6576, 0.8453, 0.7950, 0.4640, 0.7125,
        0.4149, 0.9127, 0.3829, 0.6595, 0.1218, 0.8524, 0.7372, 0.5102, 0.9215]), tensor([0.5779, 0.2394, 0.8363, 0.7462, 0.7791, 0.2649, 0.7596, 0.0246, 0.0478,
        0.1294, 0.3309, 0.9117, 0.1493, 0.8411, 0.2169, 0.3453, 0.0389, 0.4526,
        0.9621, 0.4654, 0.6846, 0.4341, 0.5564, 0.2916, 0.8556, 0.8391, 0.6577,
        0.7901, 0.5780, 0.8418, 0.5719, 0.7144, 0.5658, 0.6240, 0.6199, 0.6671,
        0.4513, 0.7371, 0.3077, 0.5220, 0.4036, 0.9072, 0.9656, 0.1055, 0.0763,
        0.2594, 0.2255, 0.4373, 0.7171, 0.2464, 0.7497, 0.8988, 0.4993, 0.0981,
        0.1360, 0.0636, 0.5023, 0.4440, 0.6576, 0.8453, 0.7950, 0.4640, 0.7125,
        0.4149, 0.9127, 0.3829, 0.6595, 0.1218, 0.8524, 0.7372, 0.5102, 0.9215]), tensor([0.5779, 0.2394, 0.8363, 0.7462, 0.7791, 0.2649, 0.7596, 0.0246, 0.0478,
        0.1294, 0.3309, 0.9117, 0.1493, 0.8411, 0.2169, 0.3453, 0.0389, 0.4526,
        0.9621, 0.4654, 0.6846, 0.4341, 0.5564, 0.2916, 0.8556, 0.8391, 0.6577,
        0.7901, 0.5780, 0.8418, 0.5719, 0.7144, 0.5658, 0.6240, 0.6199, 0.6671,
        0.2271, 0.9150, 0.5300, 0.1295, 0.5178, 0.8561, 0.9535, 0.5573, 0.7507,
        0.7270, 0.6992, 0.8728, 0.4818, 0.5783, 0.9492, 0.3174, 0.5187, 0.6465,
        0.1360, 0.0636, 0.5023, 0.4440, 0.6576, 0.8453, 0.7950, 0.4640, 0.7125,
        0.4149, 0.9127, 0.3829, 0.6595, 0.1218, 0.8524, 0.7372, 0.5102, 0.9215]), tensor([0.5779, 0.2394, 0.8363, 0.7462, 0.7791, 0.2649, 0.7596, 0.0246, 0.0478,
        0.1294, 0.3309, 0.9117, 0.1493, 0.8411, 0.2169, 0.3453, 0.0389, 0.4526,
        0.9621, 0.4654, 0.6846, 0.4341, 0.5564, 0.2916, 0.8556, 0.8391, 0.6577,
        0.7901, 0.5780, 0.8418, 0.5719, 0.7144, 0.5658, 0.6240, 0.6199, 0.6671,
        0.2271, 0.9150, 0.5300, 0.1295, 0.5178, 0.8561, 0.9535, 0.5573, 0.7507,
        0.7270, 0.6992, 0.8728, 0.4818, 0.5783, 0.9492, 0.3174, 0.5187, 0.6465,
        0.4513, 0.7371, 0.3077, 0.5220, 0.4036, 0.9072, 0.9656, 0.1055, 0.0763,
        0.2594, 0.2255, 0.4373, 0.7171, 0.2464, 0.7497, 0.8988, 0.4993, 0.0981])]
Prediction training values: [tensor([ 0.9452,  0.4755,  0.7467,  0.4936,  0.6062,  0.3922,  0.9587,  0.9836,
         0.7862,  0.8841,  0.6844,  0.9312,  0.6680,  0.8478,  0.6851,  0.7930,
         0.8374,  0.8208,  0.4316,  1.0881,  0.6876,  0.1972,  0.7165,  1.0738,
         1.4393,  0.5794,  0.9069,  0.9252,  0.8546,  0.9862,  0.5317,  0.6147,
         1.0839,  0.3579,  0.5500,  0.6508,  0.4978,  0.7508,  0.2891,  0.4735,
         0.3630,  1.0154,  1.0068,  0.0793,  0.0333,  0.1823,  0.1037,  0.3853,
         0.7026,  0.1427,  0.6876,  0.8005,  0.3141, -0.0148, -0.0794, -0.0686,
         0.4378,  0.3002,  0.5379,  0.7665,  0.7051,  0.3946,  0.6467,  0.3250,
         0.8134,  0.3295,  0.5710,  0.1517,  0.8304,  0.6801,  0.5091,  0.9777]), tensor([ 0.5156,  0.2853,  0.7986,  0.7239,  0.7810,  0.2549,  0.6993, -0.0508,
         0.0283,  0.0868,  0.3449,  0.8533,  0.2423,  0.8063,  0.2654,  0.3404,
         0.0387,  0.5156,  0.2048,  0.9289,  0.5909,  0.1869,  0.5084,  0.8918,
         0.9825,  0.6482,  0.8625,  0.8657,  0.7805,  0.9451,  0.6496,  0.6883,
         1.0278,  0.3617,  0.6004,  0.6562,  0.5882,  0.7722,  0.4278,  0.6461,
         0.4229,  0.8400,  0.9037,  0.1312,  0.0794,  0.0810,  0.1202,  0.4239,
         0.5766,  0.0536,  0.6604,  0.8253,  0.4599,  0.0264,  0.0764,  0.0126,
         0.4721,  0.3690,  0.5795,  0.7867,  0.7614,  0.4743,  0.6910,  0.4173,
         0.9226,  0.4072,  0.6685,  0.1089,  0.8155,  0.7299,  0.5431,  0.9455]), tensor([ 5.6337e-01,  1.7137e-01,  7.8261e-01,  6.8957e-01,  6.8951e-01,
         1.9368e-01,  5.7443e-01, -1.6081e-01, -1.0088e-01, -1.3994e-03,
         2.3569e-01,  7.6170e-01,  7.7674e-02,  6.7217e-01,  6.7625e-02,
         2.5769e-01,  5.0238e-02,  4.8499e-01,  9.2854e-01,  4.9082e-01,
         6.5156e-01,  3.8489e-01,  4.9784e-01,  2.2240e-01,  8.3204e-01,
         8.4854e-01,  6.9810e-01,  7.9690e-01,  5.1536e-01,  7.7660e-01,
         5.6813e-01,  6.6179e-01,  5.1639e-01,  5.2310e-01,  6.2369e-01,
         6.1032e-01,  3.9235e-01,  6.6340e-01,  2.4663e-01,  3.9694e-01,
         2.8096e-01,  7.7518e-01,  8.7682e-01, -7.5838e-04, -7.5138e-02,
         5.9583e-02, -4.9185e-04,  2.3251e-01,  5.5082e-01, -1.5163e-02,
         5.4657e-01,  5.5888e-01,  3.0300e-01, -8.6163e-02, -8.9794e-02,
        -1.6489e-01,  3.3910e-01,  3.3516e-01,  5.0718e-01,  7.2606e-01,
         6.7839e-01,  4.1147e-01,  6.4154e-01,  3.7640e-01,  8.8218e-01,
         3.5107e-01,  6.4750e-01,  1.1911e-01,  8.1916e-01,  7.1355e-01,
         4.4906e-01,  8.5896e-01]), tensor([0.6804, 0.3449, 0.8683, 0.8516, 0.9108, 0.3122, 0.9090, 0.1059, 0.0949,
        0.2555, 0.5097, 1.2081, 0.2306, 0.9733, 0.5130, 0.5759, 0.1968, 0.5956,
        1.0960, 0.5742, 0.8791, 0.5650, 0.7418, 0.4987, 0.9447, 1.0353, 0.7617,
        0.9840, 0.7089, 1.0684, 0.7214, 0.9808, 0.8794, 0.9072, 0.8001, 0.9377,
        0.3644, 1.1772, 0.7337, 0.2049, 0.7616, 1.2321, 1.4614, 0.7908, 1.0674,
        1.0118, 1.0478, 1.2073, 0.6932, 0.7832, 1.2063, 0.5244, 0.7784, 0.8089,
        0.4757, 0.2759, 0.6812, 0.6468, 0.9153, 1.1136, 0.9391, 0.7146, 0.8299,
        0.5281, 1.0037, 0.4572, 0.6873, 0.1699, 0.8367, 0.8230, 0.6057, 1.0882]), tensor([0.6499, 0.2831, 0.8273, 0.7700, 0.7287, 0.3124, 0.7617, 0.0841, 0.1705,
        0.1887, 0.4427, 0.9625, 0.2226, 0.9829, 0.3798, 0.5324, 0.1608, 0.5613,
        1.1717, 0.6204, 0.9258, 0.6282, 0.7747, 0.5345, 1.0477, 1.1709, 0.9047,
        0.9895, 0.7884, 1.0220, 0.7252, 0.9714, 0.7284, 0.8557, 0.8241, 0.9436,
        0.4325, 1.1099, 0.7671, 0.3338, 0.6807, 1.0337, 1.3158, 0.6648, 0.8267,
        0.8535, 0.7647, 1.0541, 0.5119, 0.6585, 1.0330, 0.3470, 0.5248, 0.6313,
        0.4928, 0.7842, 0.3080, 0.4945, 0.3789, 0.9130, 0.8760, 0.0971, 0.1117,
        0.2200, 0.2446, 0.3865, 0.6927, 0.2743, 0.7193, 0.8888, 0.4858, 0.1049])]
Target values: [array([0.5778506 , 0.23939352, 0.83626515, 0.7462256 , 0.77910316,
       0.2649091 , 0.75962484, 0.02463444, 0.04781396, 0.12937951,
       0.33092642, 0.9116711 , 0.14931566, 0.84113044, 0.21692123,
       0.34531343, 0.03887437, 0.45263878], dtype=float32), array([0.96213573, 0.46544507, 0.6846425 , 0.43409458, 0.55641776,
       0.29163042, 0.85557973, 0.8390776 , 0.65769196, 0.7900961 ,
       0.578045  , 0.8417677 , 0.57190746, 0.71435624, 0.5658469 ,
       0.62399   , 0.6198749 , 0.6671056 ], dtype=float32), array([0.22711647, 0.91498566, 0.52996147, 0.12948532, 0.51780254,
       0.85610735, 0.95346546, 0.55726975, 0.75073236, 0.72703534,
       0.69921327, 0.8728059 , 0.48182514, 0.57832706, 0.9491663 ,
       0.31742746, 0.518717  , 0.6464906 ], dtype=float32), array([0.45128736, 0.73709923, 0.30766785, 0.5220161 , 0.40355092,
       0.9071598 , 0.96564525, 0.10552448, 0.07633217, 0.25936916,
       0.2254639 , 0.4372734 , 0.71714455, 0.24636388, 0.7497406 ,
       0.89876264, 0.4993471 , 0.09805249], dtype=float32), array([0.1360485 , 0.06358391, 0.50225437, 0.44401234, 0.6576234 ,
       0.84525365, 0.79497874, 0.46398443, 0.71252435, 0.41493568,
       0.912732  , 0.38285765, 0.659493  , 0.12180944, 0.8524316 ,
       0.73719215, 0.51015127, 0.9215425 ], dtype=float32)]
Prediction values: [array([0.5854392 , 0.6317721 , 0.7851383 , 0.58578193, 0.6448454 ,
       0.6063602 , 0.6057774 , 0.6496311 , 0.5965025 , 0.53080845,
       0.62629855, 0.45802605, 0.5100171 , 0.45313197, 0.6826369 ,
       0.54003054, 0.5353173 , 0.5646145 ], dtype=float32), array([0.6156063 , 0.38705078, 0.69208705, 0.46626413, 0.65156794,
       0.4086954 , 0.62535095, 0.16479634, 0.6726968 , 0.6489171 ,
       0.7492151 , 0.57307374, 0.60943425, 0.4410624 , 0.67249215,
       0.4267221 , 0.35870513, 0.57985556], dtype=float32), array([ 0.5700597 ,  0.400684  ,  0.19156086,  0.14152725,  0.45943522,
        0.53329724, -1.1667295 ,  0.41045004,  0.42513806,  0.2073957 ,
        0.43561715,  0.55858994,  0.50395   ,  0.44380605,  0.53869134,
        0.51129436,  0.4184814 ,  0.4516636 ], dtype=float32), array([0.57813317, 0.65701085, 0.5052534 , 0.6331491 , 0.76447845,
       0.82000583, 0.7770741 , 0.84278435, 0.59007335, 0.873246  ,
       0.65192485, 0.4316461 , 0.8432214 , 0.89603144, 0.9229138 ,
       0.5801655 , 0.7126337 , 0.7703971 ], dtype=float32), array([0.65655893, 0.74478436, 0.5012199 , 0.73429376, 0.88578916,
       0.66221225, 0.5357424 , 0.5280802 , 0.46990693, 0.4373992 ,
       0.77128154, 0.6849628 , 0.7052913 , 0.4153421 , 0.48210996,
       0.5597464 , 0.51956743, 0.707849  ], dtype=float32)]
Time taken: 1441.8777720928192 seconds
