sh: logger: command not found
/apps/conda/24.3.0/etc/profile.d/conda.sh: line 65: dirname: command not found
/apps/conda/24.3.0/etc/profile.d/conda.sh: line 65: dirname: command not found
sh: logger: command not found
pointnet_whole_brain_fs_08.py
Number of GPUs available for training: 1
Fold 1
Epoch: 00, Training Loss: 0.0968, Train MSE: 0.0968, r (train): 0.4732, Test MSE: 0.1021, r (test): 0.0182
Epoch: 01, Training Loss: 0.0798, Train MSE: 0.0798, r (train): 0.5320, Test MSE: 0.0979, r (test): 0.0787
Epoch: 02, Training Loss: 0.0720, Train MSE: 0.0720, r (train): 0.5486, Test MSE: 0.0987, r (test): 0.0969
Epoch: 03, Training Loss: 0.0658, Train MSE: 0.0658, r (train): 0.5628, Test MSE: 0.0985, r (test): 0.0927
Epoch: 04, Training Loss: 0.0661, Train MSE: 0.0661, r (train): 0.5821, Test MSE: 0.1021, r (test): 0.1035
Epoch: 05, Training Loss: 0.0619, Train MSE: 0.0619, r (train): 0.5992, Test MSE: 0.1024, r (test): 0.1027
Epoch: 06, Training Loss: 0.0624, Train MSE: 0.0624, r (train): 0.6176, Test MSE: 0.1040, r (test): 0.1001
Epoch: 07, Training Loss: 0.0646, Train MSE: 0.0646, r (train): 0.6307, Test MSE: 0.1071, r (test): 0.1007
Epoch: 08, Training Loss: 0.0622, Train MSE: 0.0622, r (train): 0.6444, Test MSE: 0.1109, r (test): 0.1068
Epoch: 09, Training Loss: 0.0619, Train MSE: 0.0619, r (train): 0.6551, Test MSE: 0.1136, r (test): 0.1100
Epoch: 10, Training Loss: 0.0637, Train MSE: 0.0637, r (train): 0.6700, Test MSE: 0.1178, r (test): 0.1210
Epoch: 11, Training Loss: 0.0615, Train MSE: 0.0615, r (train): 0.6833, Test MSE: 0.1188, r (test): 0.1056
Epoch: 12, Training Loss: 0.0519, Train MSE: 0.0519, r (train): 0.6942, Test MSE: 0.1013, r (test): 0.0890
Epoch: 13, Training Loss: 0.0514, Train MSE: 0.0514, r (train): 0.7012, Test MSE: 0.1046, r (test): 0.0831
Epoch: 14, Training Loss: 0.0561, Train MSE: 0.0561, r (train): 0.6889, Test MSE: 0.1048, r (test): 0.0727
Epoch: 15, Training Loss: 0.0726, Train MSE: 0.0726, r (train): 0.6892, Test MSE: 0.1426, r (test): 0.1176
Epoch: 16, Training Loss: 0.0675, Train MSE: 0.0675, r (train): 0.6991, Test MSE: 0.1361, r (test): 0.1309
Epoch: 17, Training Loss: 0.0398, Train MSE: 0.0398, r (train): 0.7482, Test MSE: 0.0917, r (test): 0.1257
Epoch: 18, Training Loss: 0.0463, Train MSE: 0.0463, r (train): 0.7236, Test MSE: 0.0914, r (test): 0.0852
Epoch: 19, Training Loss: 0.0441, Train MSE: 0.0441, r (train): 0.7318, Test MSE: 0.0928, r (test): 0.1216
Epoch: 20, Training Loss: 0.0496, Train MSE: 0.0496, r (train): 0.7340, Test MSE: 0.1130, r (test): 0.1335
Epoch: 21, Training Loss: 0.0428, Train MSE: 0.0428, r (train): 0.7663, Test MSE: 0.1166, r (test): 0.1542
Epoch: 22, Training Loss: 0.0405, Train MSE: 0.0405, r (train): 0.7936, Test MSE: 0.1136, r (test): 0.1443
Epoch: 23, Training Loss: 0.0315, Train MSE: 0.0315, r (train): 0.7819, Test MSE: 0.0854, r (test): 0.0876
Epoch: 24, Training Loss: 0.0343, Train MSE: 0.0343, r (train): 0.7421, Test MSE: 0.0849, r (test): 0.0711
Epoch: 25, Training Loss: 0.0386, Train MSE: 0.0386, r (train): 0.6818, Test MSE: 0.0806, r (test): 0.1083
Epoch: 26, Training Loss: 0.0300, Train MSE: 0.0300, r (train): 0.7705, Test MSE: 0.0940, r (test): 0.1089
Epoch: 27, Training Loss: 0.0504, Train MSE: 0.0504, r (train): 0.7994, Test MSE: 0.1495, r (test): 0.1506
Epoch: 28, Training Loss: 0.0561, Train MSE: 0.0561, r (train): 0.8115, Test MSE: 0.1430, r (test): 0.1886
Epoch: 29, Training Loss: 0.0303, Train MSE: 0.0303, r (train): 0.8384, Test MSE: 0.0951, r (test): 0.1853
Epoch: 30, Training Loss: 0.0285, Train MSE: 0.0285, r (train): 0.8073, Test MSE: 0.0892, r (test): 0.1298
Epoch: 31, Training Loss: 0.0281, Train MSE: 0.0281, r (train): 0.8047, Test MSE: 0.0902, r (test): 0.1132
Epoch: 32, Training Loss: 0.0499, Train MSE: 0.0499, r (train): 0.8424, Test MSE: 0.1449, r (test): 0.1505
Epoch: 33, Training Loss: 0.0837, Train MSE: 0.0837, r (train): 0.7855, Test MSE: 0.2036, r (test): 0.1191
Epoch: 34, Training Loss: 0.0261, Train MSE: 0.0261, r (train): 0.8125, Test MSE: 0.0816, r (test): 0.1598
Epoch: 35, Training Loss: 0.0342, Train MSE: 0.0342, r (train): 0.7466, Test MSE: 0.0874, r (test): 0.1294
Epoch: 36, Training Loss: 0.0366, Train MSE: 0.0366, r (train): 0.8399, Test MSE: 0.1259, r (test): 0.1606
Epoch: 37, Training Loss: 0.0259, Train MSE: 0.0259, r (train): 0.8950, Test MSE: 0.1100, r (test): 0.1446
Epoch: 38, Training Loss: 0.0204, Train MSE: 0.0204, r (train): 0.8629, Test MSE: 0.0870, r (test): 0.1418
Epoch: 39, Training Loss: 0.0237, Train MSE: 0.0237, r (train): 0.8905, Test MSE: 0.1095, r (test): 0.1591
Epoch: 40, Training Loss: 0.0407, Train MSE: 0.0407, r (train): 0.8686, Test MSE: 0.1421, r (test): 0.1679
Epoch: 41, Training Loss: 0.0205, Train MSE: 0.0205, r (train): 0.8776, Test MSE: 0.0955, r (test): 0.1855
Epoch: 42, Training Loss: 0.0245, Train MSE: 0.0245, r (train): 0.8189, Test MSE: 0.0886, r (test): 0.1148
Epoch: 43, Training Loss: 0.0274, Train MSE: 0.0274, r (train): 0.8902, Test MSE: 0.1203, r (test): 0.1938
Epoch: 44, Training Loss: 0.0205, Train MSE: 0.0205, r (train): 0.8986, Test MSE: 0.1109, r (test): 0.1859
Epoch: 45, Training Loss: 0.0245, Train MSE: 0.0245, r (train): 0.8261, Test MSE: 0.0814, r (test): 0.1718
Epoch: 46, Training Loss: 0.0308, Train MSE: 0.0308, r (train): 0.8800, Test MSE: 0.1207, r (test): 0.1796
Epoch: 47, Training Loss: 0.0130, Train MSE: 0.0130, r (train): 0.9151, Test MSE: 0.0894, r (test): 0.2490
Epoch: 48, Training Loss: 0.0263, Train MSE: 0.0263, r (train): 0.8244, Test MSE: 0.0815, r (test): 0.1377
Epoch: 49, Training Loss: 0.0173, Train MSE: 0.0173, r (train): 0.8910, Test MSE: 0.0971, r (test): 0.2054
Epoch: 50, Training Loss: 0.0105, Train MSE: 0.0105, r (train): 0.9257, Test MSE: 0.0850, r (test): 0.2914
Epoch: 51, Training Loss: 0.0205, Train MSE: 0.0205, r (train): 0.8798, Test MSE: 0.0730, r (test): 0.2945
Epoch: 52, Training Loss: 0.0270, Train MSE: 0.0270, r (train): 0.8460, Test MSE: 0.0861, r (test): 0.1374
Epoch: 53, Training Loss: 0.0134, Train MSE: 0.0134, r (train): 0.9361, Test MSE: 0.0866, r (test): 0.1948
Epoch: 54, Training Loss: 0.0115, Train MSE: 0.0115, r (train): 0.9408, Test MSE: 0.0947, r (test): 0.2449
Epoch: 55, Training Loss: 0.0146, Train MSE: 0.0146, r (train): 0.9074, Test MSE: 0.0979, r (test): 0.2484
Epoch: 56, Training Loss: 0.0230, Train MSE: 0.0230, r (train): 0.8568, Test MSE: 0.0698, r (test): 0.3134
Epoch: 57, Training Loss: 0.0198, Train MSE: 0.0198, r (train): 0.8544, Test MSE: 0.0888, r (test): 0.0929
Epoch: 58, Training Loss: 0.0104, Train MSE: 0.0104, r (train): 0.9251, Test MSE: 0.0954, r (test): 0.2021
Epoch: 59, Training Loss: 0.0132, Train MSE: 0.0132, r (train): 0.9121, Test MSE: 0.0694, r (test): 0.3263
Epoch: 60, Training Loss: 0.0167, Train MSE: 0.0167, r (train): 0.8898, Test MSE: 0.0793, r (test): 0.1984
Epoch: 61, Training Loss: 0.0092, Train MSE: 0.0092, r (train): 0.9512, Test MSE: 0.1059, r (test): 0.2076
Epoch: 62, Training Loss: 0.0115, Train MSE: 0.0115, r (train): 0.9264, Test MSE: 0.0976, r (test): 0.2171
Epoch: 63, Training Loss: 0.0257, Train MSE: 0.0257, r (train): 0.8437, Test MSE: 0.0815, r (test): 0.1569
Epoch: 64, Training Loss: 0.0101, Train MSE: 0.0101, r (train): 0.9582, Test MSE: 0.1041, r (test): 0.1968
Epoch: 65, Training Loss: 0.0152, Train MSE: 0.0152, r (train): 0.9316, Test MSE: 0.1183, r (test): 0.2154
Epoch: 66, Training Loss: 0.0141, Train MSE: 0.0141, r (train): 0.9290, Test MSE: 0.0848, r (test): 0.1460
Epoch: 67, Training Loss: 0.0086, Train MSE: 0.0086, r (train): 0.9547, Test MSE: 0.0975, r (test): 0.1038
Epoch: 68, Training Loss: 0.0139, Train MSE: 0.0139, r (train): 0.9502, Test MSE: 0.1178, r (test): 0.1987
Epoch: 69, Training Loss: 0.0178, Train MSE: 0.0178, r (train): 0.9130, Test MSE: 0.0788, r (test): 0.2409
Epoch: 70, Training Loss: 0.0104, Train MSE: 0.0104, r (train): 0.9394, Test MSE: 0.0962, r (test): 0.1494
Epoch: 71, Training Loss: 0.0070, Train MSE: 0.0070, r (train): 0.9523, Test MSE: 0.0873, r (test): 0.2040
Epoch: 72, Training Loss: 0.0341, Train MSE: 0.0341, r (train): 0.9107, Test MSE: 0.0824, r (test): 0.2829
Epoch: 73, Training Loss: 0.0258, Train MSE: 0.0258, r (train): 0.9160, Test MSE: 0.0802, r (test): 0.2507
Epoch: 74, Training Loss: 0.0137, Train MSE: 0.0137, r (train): 0.9472, Test MSE: 0.0880, r (test): 0.1608
Epoch: 75, Training Loss: 0.0120, Train MSE: 0.0120, r (train): 0.9351, Test MSE: 0.0912, r (test): 0.1444
Epoch: 76, Training Loss: 0.0125, Train MSE: 0.0125, r (train): 0.9399, Test MSE: 0.0788, r (test): 0.2228
Epoch: 77, Training Loss: 0.0213, Train MSE: 0.0213, r (train): 0.9302, Test MSE: 0.0783, r (test): 0.2708
Epoch: 78, Training Loss: 0.0102, Train MSE: 0.0102, r (train): 0.9263, Test MSE: 0.0819, r (test): 0.2187
Epoch: 79, Training Loss: 0.0106, Train MSE: 0.0106, r (train): 0.9261, Test MSE: 0.1088, r (test): 0.1263
Epoch: 80, Training Loss: 0.0139, Train MSE: 0.0139, r (train): 0.9374, Test MSE: 0.0722, r (test): 0.3044
Epoch: 81, Training Loss: 0.0092, Train MSE: 0.0092, r (train): 0.9542, Test MSE: 0.1059, r (test): 0.1665
Epoch: 82, Training Loss: 0.0141, Train MSE: 0.0141, r (train): 0.9434, Test MSE: 0.1157, r (test): 0.1798
Epoch: 83, Training Loss: 0.0235, Train MSE: 0.0235, r (train): 0.8818, Test MSE: 0.1264, r (test): 0.1784
Epoch: 84, Training Loss: 0.0105, Train MSE: 0.0105, r (train): 0.9243, Test MSE: 0.0907, r (test): 0.0098
Epoch: 85, Training Loss: 0.0089, Train MSE: 0.0089, r (train): 0.9573, Test MSE: 0.1056, r (test): 0.1014
Epoch: 86, Training Loss: 0.0199, Train MSE: 0.0199, r (train): 0.9275, Test MSE: 0.1345, r (test): 0.1940
Epoch: 87, Training Loss: 0.0102, Train MSE: 0.0102, r (train): 0.9460, Test MSE: 0.0747, r (test): 0.2288
Epoch: 88, Training Loss: 0.0265, Train MSE: 0.0265, r (train): 0.8658, Test MSE: 0.0804, r (test): 0.2126
Epoch: 89, Training Loss: 0.0075, Train MSE: 0.0075, r (train): 0.9470, Test MSE: 0.1031, r (test): 0.1659
Epoch: 90, Training Loss: 0.0140, Train MSE: 0.0140, r (train): 0.9445, Test MSE: 0.0733, r (test): 0.2885
Epoch: 91, Training Loss: 0.0255, Train MSE: 0.0255, r (train): 0.9089, Test MSE: 0.0760, r (test): 0.2774
Epoch: 92, Training Loss: 0.0071, Train MSE: 0.0071, r (train): 0.9598, Test MSE: 0.0814, r (test): 0.2046
Epoch: 93, Training Loss: 0.0084, Train MSE: 0.0084, r (train): 0.9520, Test MSE: 0.0800, r (test): 0.2068
Epoch: 94, Training Loss: 0.0072, Train MSE: 0.0072, r (train): 0.9531, Test MSE: 0.0881, r (test): 0.1147
Epoch: 95, Training Loss: 0.0111, Train MSE: 0.0111, r (train): 0.9526, Test MSE: 0.1196, r (test): 0.1914
Epoch: 96, Training Loss: 0.0076, Train MSE: 0.0076, r (train): 0.9504, Test MSE: 0.0911, r (test): 0.0954
Epoch: 97, Training Loss: 0.0210, Train MSE: 0.0210, r (train): 0.9272, Test MSE: 0.1341, r (test): 0.1329
Epoch: 98, Training Loss: 0.0080, Train MSE: 0.0080, r (train): 0.9511, Test MSE: 0.0936, r (test): 0.1253
Epoch: 99, Training Loss: 0.0085, Train MSE: 0.0085, r (train): 0.9395, Test MSE: 0.0919, r (test): 0.1690
Predicted tensors for training set: 
tensor([ 0.6631,  0.9371,  0.1925,  0.6931,  0.3908,  0.2244,  0.8000,  0.2179,
         0.6441,  0.2724,  0.1590,  0.3032,  0.4961,  0.6400,  0.6799,  0.2892,
         0.7231,  0.7871,  0.3176,  0.3755,  0.8494,  0.8102,  0.5010,  0.2193,
         0.7998,  0.6839,  0.6268,  0.3218,  0.0765,  0.6726,  0.3968,  0.6723,
         0.6303,  0.8041,  0.9544,  0.2152,  0.7085,  0.5407,  0.8552,  0.8586,
         0.9516,  0.9347,  0.8127,  0.6926,  0.7420,  0.7493,  0.6430,  0.6946,
         0.8534,  0.5622,  0.8413,  0.2526,  0.5305,  0.9051,  0.5564,  0.2290,
         0.5371,  0.7966,  0.4632,  0.6160,  0.6869,  0.5915,  0.4230, -0.1458,
         0.5918,  0.0051,  0.2518,  0.5246,  0.5411,  0.5377,  0.5544,  0.3015])
Target tensorsfor training set: 
tensor([0.6992, 0.9621, 0.0389, 0.7144, 0.3174, 0.1360, 0.8524, 0.0636, 0.5178,
        0.1294, 0.0478, 0.2916, 0.4341, 0.4640, 0.6671, 0.2271, 0.7497, 0.7462,
        0.3453, 0.4149, 0.9127, 0.9215, 0.5023, 0.0763, 0.8418, 0.7596, 0.5573,
        0.4440, 0.2255, 0.6576, 0.2394, 0.6199, 0.5658, 0.8363, 0.9535, 0.1055,
        0.5779, 0.4818, 0.7791, 0.8561, 0.9656, 0.8988, 0.8411, 0.4993, 0.7125,
        0.7270, 0.5719, 0.6595, 0.8556, 0.4513, 0.9117, 0.1295, 0.5102, 0.9150,
        0.5220, 0.2169, 0.6240, 0.8728, 0.4526, 0.6577, 0.7507, 0.8391, 0.4036,
        0.1218, 0.7371, 0.1493, 0.3077, 0.6465, 0.5780, 0.5300, 0.5564, 0.2649])
Correlation for training set: 0.9395139571952966
Predicted tensors for test set: 
tensor([0.6437, 0.6780, 0.4101, 0.6755, 0.7119, 0.5221, 0.1448, 0.5152, 0.4526,
        0.1608, 0.4989, 0.3696, 0.6278, 0.1787, 0.6855, 0.7206, 0.5314, 0.5259])
Target tensors for test set: 
tensor([0.2594, 0.8453, 0.5187, 0.6846, 0.9492, 0.0981, 0.3829, 0.4373, 0.2464,
        0.3309, 0.9072, 0.7901, 0.0246, 0.7171, 0.4654, 0.7950, 0.7372, 0.5783])
Correlation for test set: 0.16898314418206273
Fold 2
Epoch: 00, Training Loss: 0.1071, Train MSE: 0.1071, r (train): 0.1710, Test MSE: 0.0949, r (test): -0.2728
Epoch: 01, Training Loss: 0.0924, Train MSE: 0.0924, r (train): 0.4295, Test MSE: 0.0821, r (test): 0.5875
Epoch: 02, Training Loss: 0.0862, Train MSE: 0.0862, r (train): 0.4652, Test MSE: 0.0778, r (test): 0.5810
Epoch: 03, Training Loss: 0.0818, Train MSE: 0.0818, r (train): 0.4929, Test MSE: 0.0756, r (test): 0.5783
Epoch: 04, Training Loss: 0.0781, Train MSE: 0.0781, r (train): 0.5121, Test MSE: 0.0741, r (test): 0.5494
Epoch: 05, Training Loss: 0.0762, Train MSE: 0.0762, r (train): 0.5239, Test MSE: 0.0722, r (test): 0.5562
Epoch: 06, Training Loss: 0.0730, Train MSE: 0.0730, r (train): 0.5464, Test MSE: 0.0721, r (test): 0.5346
Epoch: 07, Training Loss: 0.0709, Train MSE: 0.0709, r (train): 0.5511, Test MSE: 0.0709, r (test): 0.5288
Epoch: 08, Training Loss: 0.0666, Train MSE: 0.0666, r (train): 0.5694, Test MSE: 0.0703, r (test): 0.5157
Epoch: 09, Training Loss: 0.0656, Train MSE: 0.0656, r (train): 0.5883, Test MSE: 0.0713, r (test): 0.4974
Epoch: 10, Training Loss: 0.0653, Train MSE: 0.0653, r (train): 0.6069, Test MSE: 0.0741, r (test): 0.4455
Epoch: 11, Training Loss: 0.0564, Train MSE: 0.0564, r (train): 0.6382, Test MSE: 0.0734, r (test): 0.4367
Epoch: 12, Training Loss: 0.0503, Train MSE: 0.0503, r (train): 0.6586, Test MSE: 0.0770, r (test): 0.3480
Epoch: 13, Training Loss: 0.0443, Train MSE: 0.0443, r (train): 0.6593, Test MSE: 0.0792, r (test): 0.3110
Epoch: 14, Training Loss: 0.0475, Train MSE: 0.0475, r (train): 0.6815, Test MSE: 0.0748, r (test): 0.3885
Epoch: 15, Training Loss: 0.0431, Train MSE: 0.0431, r (train): 0.6783, Test MSE: 0.0843, r (test): 0.1948
Epoch: 16, Training Loss: 0.0498, Train MSE: 0.0498, r (train): 0.7023, Test MSE: 0.0730, r (test): 0.4294
Epoch: 17, Training Loss: 0.0520, Train MSE: 0.0520, r (train): 0.6774, Test MSE: 0.0844, r (test): 0.2017
Epoch: 18, Training Loss: 0.0577, Train MSE: 0.0577, r (train): 0.7304, Test MSE: 0.0758, r (test): 0.4456
Epoch: 19, Training Loss: 0.0509, Train MSE: 0.0509, r (train): 0.7359, Test MSE: 0.0747, r (test): 0.3975
Epoch: 20, Training Loss: 0.0413, Train MSE: 0.0413, r (train): 0.7891, Test MSE: 0.0786, r (test): 0.3338
Epoch: 21, Training Loss: 0.0460, Train MSE: 0.0460, r (train): 0.7508, Test MSE: 0.0814, r (test): 0.2484
Epoch: 22, Training Loss: 0.0525, Train MSE: 0.0525, r (train): 0.7999, Test MSE: 0.0766, r (test): 0.4288
Epoch: 23, Training Loss: 0.0589, Train MSE: 0.0589, r (train): 0.7582, Test MSE: 0.0783, r (test): 0.3722
Epoch: 24, Training Loss: 0.0396, Train MSE: 0.0396, r (train): 0.8332, Test MSE: 0.0809, r (test): 0.2627
Epoch: 25, Training Loss: 0.0439, Train MSE: 0.0439, r (train): 0.8051, Test MSE: 0.0819, r (test): 0.2523
Epoch: 26, Training Loss: 0.0240, Train MSE: 0.0240, r (train): 0.8294, Test MSE: 0.1073, r (test): -0.1116
Epoch: 27, Training Loss: 0.0444, Train MSE: 0.0444, r (train): 0.7550, Test MSE: 0.0790, r (test): 0.3065
Epoch: 28, Training Loss: 0.0244, Train MSE: 0.0244, r (train): 0.8238, Test MSE: 0.1023, r (test): -0.0553
Epoch: 29, Training Loss: 0.0447, Train MSE: 0.0447, r (train): 0.8362, Test MSE: 0.0812, r (test): 0.3023
Epoch: 30, Training Loss: 0.0969, Train MSE: 0.0969, r (train): 0.7803, Test MSE: 0.0966, r (test): 0.3820
Epoch: 31, Training Loss: 0.0765, Train MSE: 0.0765, r (train): 0.7800, Test MSE: 0.0937, r (test): 0.2765
Epoch: 32, Training Loss: 0.0296, Train MSE: 0.0296, r (train): 0.8268, Test MSE: 0.0965, r (test): -0.0422
Epoch: 33, Training Loss: 0.0290, Train MSE: 0.0290, r (train): 0.8083, Test MSE: 0.1065, r (test): -0.1831
Epoch: 34, Training Loss: 0.0627, Train MSE: 0.0627, r (train): 0.8415, Test MSE: 0.0841, r (test): 0.3047
Epoch: 35, Training Loss: 0.1080, Train MSE: 0.1080, r (train): 0.7765, Test MSE: 0.1076, r (test): 0.2569
Epoch: 36, Training Loss: 0.0323, Train MSE: 0.0323, r (train): 0.7897, Test MSE: 0.1066, r (test): -0.1931
Epoch: 37, Training Loss: 0.0285, Train MSE: 0.0285, r (train): 0.7523, Test MSE: 0.1351, r (test): -0.2828
Epoch: 38, Training Loss: 0.0695, Train MSE: 0.0695, r (train): 0.8100, Test MSE: 0.0815, r (test): 0.4113
Epoch: 39, Training Loss: 0.0526, Train MSE: 0.0526, r (train): 0.8223, Test MSE: 0.0839, r (test): 0.2464
Epoch: 40, Training Loss: 0.0230, Train MSE: 0.0230, r (train): 0.8422, Test MSE: 0.1148, r (test): -0.2029
Epoch: 41, Training Loss: 0.0274, Train MSE: 0.0274, r (train): 0.8373, Test MSE: 0.1070, r (test): -0.1784
Epoch: 42, Training Loss: 0.0462, Train MSE: 0.0462, r (train): 0.8280, Test MSE: 0.0883, r (test): 0.1050
Epoch: 43, Training Loss: 0.0360, Train MSE: 0.0360, r (train): 0.8249, Test MSE: 0.0984, r (test): -0.1188
Epoch: 44, Training Loss: 0.0283, Train MSE: 0.0283, r (train): 0.7832, Test MSE: 0.1928, r (test): -0.4015
Epoch: 45, Training Loss: 0.0303, Train MSE: 0.0303, r (train): 0.7894, Test MSE: 0.1830, r (test): -0.2979
Epoch: 46, Training Loss: 0.0428, Train MSE: 0.0428, r (train): 0.8204, Test MSE: 0.0867, r (test): 0.1803
Epoch: 47, Training Loss: 0.0243, Train MSE: 0.0243, r (train): 0.8261, Test MSE: 0.1226, r (test): -0.3073
Epoch: 48, Training Loss: 0.0160, Train MSE: 0.0160, r (train): 0.8692, Test MSE: 0.1553, r (test): -0.2557
Epoch: 49, Training Loss: 0.0209, Train MSE: 0.0209, r (train): 0.8908, Test MSE: 0.0967, r (test): 0.0851
Epoch: 50, Training Loss: 0.0153, Train MSE: 0.0153, r (train): 0.8787, Test MSE: 0.1325, r (test): -0.2100
Epoch: 51, Training Loss: 0.0217, Train MSE: 0.0217, r (train): 0.8386, Test MSE: 0.1921, r (test): -0.3389
Epoch: 52, Training Loss: 0.0158, Train MSE: 0.0158, r (train): 0.8799, Test MSE: 0.1593, r (test): -0.3120
Epoch: 53, Training Loss: 0.0229, Train MSE: 0.0229, r (train): 0.8748, Test MSE: 0.0968, r (test): 0.0723
Epoch: 54, Training Loss: 0.0146, Train MSE: 0.0146, r (train): 0.8828, Test MSE: 0.1478, r (test): -0.2579
Epoch: 55, Training Loss: 0.0234, Train MSE: 0.0234, r (train): 0.8160, Test MSE: 0.1948, r (test): -0.3827
Epoch: 56, Training Loss: 0.0150, Train MSE: 0.0150, r (train): 0.8899, Test MSE: 0.1260, r (test): -0.0963
Epoch: 57, Training Loss: 0.0173, Train MSE: 0.0173, r (train): 0.8846, Test MSE: 0.1044, r (test): -0.0029
Epoch: 58, Training Loss: 0.0168, Train MSE: 0.0168, r (train): 0.8654, Test MSE: 0.1513, r (test): -0.3190
Epoch: 59, Training Loss: 0.0181, Train MSE: 0.0181, r (train): 0.8632, Test MSE: 0.1368, r (test): -0.2681
Epoch: 60, Training Loss: 0.0311, Train MSE: 0.0311, r (train): 0.8883, Test MSE: 0.0880, r (test): 0.2053
Epoch: 61, Training Loss: 0.0317, Train MSE: 0.0317, r (train): 0.8473, Test MSE: 0.0787, r (test): 0.3173
Epoch: 62, Training Loss: 0.0250, Train MSE: 0.0250, r (train): 0.8698, Test MSE: 0.1131, r (test): -0.1549
Epoch: 63, Training Loss: 0.0239, Train MSE: 0.0239, r (train): 0.9156, Test MSE: 0.0832, r (test): 0.2603
Epoch: 64, Training Loss: 0.0297, Train MSE: 0.0297, r (train): 0.8933, Test MSE: 0.0911, r (test): 0.1590
Epoch: 65, Training Loss: 0.0201, Train MSE: 0.0201, r (train): 0.8374, Test MSE: 0.1649, r (test): -0.2705
Epoch: 66, Training Loss: 0.0166, Train MSE: 0.0166, r (train): 0.9043, Test MSE: 0.0962, r (test): 0.1195
Epoch: 67, Training Loss: 0.0309, Train MSE: 0.0309, r (train): 0.8967, Test MSE: 0.0745, r (test): 0.3841
Epoch: 68, Training Loss: 0.0177, Train MSE: 0.0177, r (train): 0.8784, Test MSE: 0.1610, r (test): -0.2273
Epoch: 69, Training Loss: 0.0205, Train MSE: 0.0205, r (train): 0.8466, Test MSE: 0.1716, r (test): -0.2923
Epoch: 70, Training Loss: 0.0168, Train MSE: 0.0168, r (train): 0.8887, Test MSE: 0.1053, r (test): 0.1446
Epoch: 71, Training Loss: 0.0184, Train MSE: 0.0184, r (train): 0.8606, Test MSE: 0.1050, r (test): 0.1442
Epoch: 72, Training Loss: 0.0289, Train MSE: 0.0289, r (train): 0.8303, Test MSE: 0.2129, r (test): -0.3463
Epoch: 73, Training Loss: 0.0143, Train MSE: 0.0143, r (train): 0.9000, Test MSE: 0.1328, r (test): -0.1020
Epoch: 74, Training Loss: 0.0180, Train MSE: 0.0180, r (train): 0.8652, Test MSE: 0.1073, r (test): 0.1859
Epoch: 75, Training Loss: 0.0296, Train MSE: 0.0296, r (train): 0.8540, Test MSE: 0.2062, r (test): -0.2417
Epoch: 76, Training Loss: 0.0153, Train MSE: 0.0153, r (train): 0.8874, Test MSE: 0.1529, r (test): -0.1510
Epoch: 77, Training Loss: 0.0165, Train MSE: 0.0165, r (train): 0.8933, Test MSE: 0.1345, r (test): 0.0441
Epoch: 78, Training Loss: 0.0294, Train MSE: 0.0294, r (train): 0.8843, Test MSE: 0.1875, r (test): -0.1745
Epoch: 79, Training Loss: 0.0252, Train MSE: 0.0252, r (train): 0.8604, Test MSE: 0.1764, r (test): -0.1772
Epoch: 80, Training Loss: 0.0165, Train MSE: 0.0165, r (train): 0.8962, Test MSE: 0.1405, r (test): -0.0948
Epoch: 81, Training Loss: 0.0342, Train MSE: 0.0342, r (train): 0.8460, Test MSE: 0.0716, r (test): 0.4202
Epoch: 82, Training Loss: 0.0153, Train MSE: 0.0153, r (train): 0.8791, Test MSE: 0.1080, r (test): 0.0707
Epoch: 83, Training Loss: 0.0296, Train MSE: 0.0296, r (train): 0.8036, Test MSE: 0.1087, r (test): -0.1991
Epoch: 84, Training Loss: 0.0121, Train MSE: 0.0121, r (train): 0.9166, Test MSE: 0.1070, r (test): -0.0322
Epoch: 85, Training Loss: 0.0121, Train MSE: 0.0121, r (train): 0.9146, Test MSE: 0.1284, r (test): -0.0449
Epoch: 86, Training Loss: 0.0180, Train MSE: 0.0180, r (train): 0.8953, Test MSE: 0.1687, r (test): -0.2642
Epoch: 87, Training Loss: 0.0180, Train MSE: 0.0180, r (train): 0.9003, Test MSE: 0.1555, r (test): -0.1761
Epoch: 88, Training Loss: 0.0206, Train MSE: 0.0206, r (train): 0.8793, Test MSE: 0.0893, r (test): 0.2556
Epoch: 89, Training Loss: 0.0152, Train MSE: 0.0152, r (train): 0.9177, Test MSE: 0.1570, r (test): -0.1220
Epoch: 90, Training Loss: 0.0361, Train MSE: 0.0361, r (train): 0.8184, Test MSE: 0.2102, r (test): -0.3118
Epoch: 91, Training Loss: 0.0122, Train MSE: 0.0122, r (train): 0.9165, Test MSE: 0.1266, r (test): 0.0536
Epoch: 92, Training Loss: 0.0145, Train MSE: 0.0145, r (train): 0.9024, Test MSE: 0.0852, r (test): 0.4499
Epoch: 93, Training Loss: 0.0227, Train MSE: 0.0227, r (train): 0.8705, Test MSE: 0.1792, r (test): -0.3171
Epoch: 94, Training Loss: 0.0127, Train MSE: 0.0127, r (train): 0.9048, Test MSE: 0.1344, r (test): -0.1051
Epoch: 95, Training Loss: 0.0144, Train MSE: 0.0144, r (train): 0.9161, Test MSE: 0.0915, r (test): 0.3397
Epoch: 96, Training Loss: 0.0194, Train MSE: 0.0194, r (train): 0.9091, Test MSE: 0.1430, r (test): 0.0829
Epoch: 97, Training Loss: 0.0221, Train MSE: 0.0221, r (train): 0.8761, Test MSE: 0.1764, r (test): -0.3070
Epoch: 98, Training Loss: 0.0128, Train MSE: 0.0128, r (train): 0.9162, Test MSE: 0.1015, r (test): 0.3239
Epoch: 99, Training Loss: 0.0234, Train MSE: 0.0234, r (train): 0.9241, Test MSE: 0.1462, r (test): 0.1868
Predicted tensors for training set: 
tensor([0.4588, 0.9835, 0.6416, 0.8243, 1.0771, 0.2066, 0.4529, 0.5737, 0.2314,
        0.3679, 0.9977, 0.7036, 0.2430, 0.8132, 0.6643, 1.0015, 0.9434, 0.7886,
        0.5072, 0.7109, 1.1489, 1.0298, 0.7489, 0.4014, 1.0992, 1.0297, 0.7486,
        0.8069, 0.5124, 0.8353, 0.4163, 0.8078, 0.7579, 0.9981, 1.0681, 0.2757,
        0.7202, 0.6352, 0.9322, 0.9593, 1.1679, 1.0724, 0.9491, 0.6288, 0.8453,
        0.8722, 0.6588, 0.7469, 0.9101, 0.5245, 0.9471, 0.1669, 0.5543, 0.9795,
        0.5773, 0.2722, 0.6540, 0.8665, 0.4578, 0.7016, 0.7010, 0.8559, 0.3665,
        0.0906, 0.6609, 0.0136, 0.2179, 0.4930, 0.5905, 0.5641, 0.6719, 0.4146])
Target tensorsfor training set: 
tensor([0.2594, 0.8453, 0.5187, 0.6846, 0.9492, 0.0981, 0.3829, 0.4373, 0.2464,
        0.3309, 0.9072, 0.7901, 0.0246, 0.7171, 0.4654, 0.7950, 0.7372, 0.5783,
        0.3453, 0.4149, 0.9127, 0.9215, 0.5023, 0.0763, 0.8418, 0.7596, 0.5573,
        0.4440, 0.2255, 0.6576, 0.2394, 0.6199, 0.5658, 0.8363, 0.9535, 0.1055,
        0.5779, 0.4818, 0.7791, 0.8561, 0.9656, 0.8988, 0.8411, 0.4993, 0.7125,
        0.7270, 0.5719, 0.6595, 0.8556, 0.4513, 0.9117, 0.1295, 0.5102, 0.9150,
        0.5220, 0.2169, 0.6240, 0.8728, 0.4526, 0.6577, 0.7507, 0.8391, 0.4036,
        0.1218, 0.7371, 0.1493, 0.3077, 0.6465, 0.5780, 0.5300, 0.5564, 0.2649])
Correlation for training set: 0.924109578339917
Predicted tensors for test set: 
tensor([0.5085, 0.7056, 0.6786, 0.7961, 0.7420, 0.7248, 0.8455, 0.6482, 0.7800,
        0.6622, 0.5897, 0.5566, 0.8174, 0.8431, 0.7665, 0.6382, 0.5281, 0.6498])
Target tensors for test set: 
tensor([0.6992, 0.9621, 0.0389, 0.7144, 0.3174, 0.1360, 0.8524, 0.0636, 0.5178,
        0.1294, 0.0478, 0.2916, 0.4341, 0.4640, 0.6671, 0.2271, 0.7497, 0.7462])
Correlation for test set: 0.18682537643092928
Fold 3
Epoch: 00, Training Loss: 0.0906, Train MSE: 0.0906, r (train): -0.0697, Test MSE: 0.1007, r (test): -0.3407
Epoch: 01, Training Loss: 0.0705, Train MSE: 0.0705, r (train): 0.4668, Test MSE: 0.0800, r (test): 0.2166
Epoch: 02, Training Loss: 0.0648, Train MSE: 0.0648, r (train): 0.4507, Test MSE: 0.0749, r (test): 0.2469
Epoch: 03, Training Loss: 0.0611, Train MSE: 0.0611, r (train): 0.4791, Test MSE: 0.0729, r (test): 0.2524
Epoch: 04, Training Loss: 0.0587, Train MSE: 0.0587, r (train): 0.4813, Test MSE: 0.0712, r (test): 0.2640
Epoch: 05, Training Loss: 0.0563, Train MSE: 0.0563, r (train): 0.5047, Test MSE: 0.0702, r (test): 0.2741
Epoch: 06, Training Loss: 0.0542, Train MSE: 0.0542, r (train): 0.5242, Test MSE: 0.0699, r (test): 0.2740
Epoch: 07, Training Loss: 0.0525, Train MSE: 0.0525, r (train): 0.5410, Test MSE: 0.0698, r (test): 0.2750
Epoch: 08, Training Loss: 0.0514, Train MSE: 0.0514, r (train): 0.5520, Test MSE: 0.0698, r (test): 0.2731
Epoch: 09, Training Loss: 0.0496, Train MSE: 0.0496, r (train): 0.5731, Test MSE: 0.0701, r (test): 0.2666
Epoch: 10, Training Loss: 0.0467, Train MSE: 0.0467, r (train): 0.5969, Test MSE: 0.0707, r (test): 0.2559
Epoch: 11, Training Loss: 0.0455, Train MSE: 0.0455, r (train): 0.6098, Test MSE: 0.0709, r (test): 0.2469
Epoch: 12, Training Loss: 0.0432, Train MSE: 0.0432, r (train): 0.6349, Test MSE: 0.0715, r (test): 0.2337
Epoch: 13, Training Loss: 0.0414, Train MSE: 0.0414, r (train): 0.6500, Test MSE: 0.0719, r (test): 0.2229
Epoch: 14, Training Loss: 0.0404, Train MSE: 0.0404, r (train): 0.6594, Test MSE: 0.0711, r (test): 0.2467
Epoch: 15, Training Loss: 0.0443, Train MSE: 0.0443, r (train): 0.6686, Test MSE: 0.0730, r (test): 0.2412
Epoch: 16, Training Loss: 0.0432, Train MSE: 0.0432, r (train): 0.6860, Test MSE: 0.0735, r (test): 0.2441
Epoch: 17, Training Loss: 0.0410, Train MSE: 0.0410, r (train): 0.6919, Test MSE: 0.0713, r (test): 0.2687
Epoch: 18, Training Loss: 0.0392, Train MSE: 0.0392, r (train): 0.6819, Test MSE: 0.0724, r (test): 0.2060
Epoch: 19, Training Loss: 0.0642, Train MSE: 0.0642, r (train): 0.6525, Test MSE: 0.0837, r (test): 0.2752
Epoch: 20, Training Loss: 0.0340, Train MSE: 0.0340, r (train): 0.7281, Test MSE: 0.0705, r (test): 0.2669
Epoch: 21, Training Loss: 0.0407, Train MSE: 0.0407, r (train): 0.6609, Test MSE: 0.0750, r (test): 0.1562
Epoch: 22, Training Loss: 0.0439, Train MSE: 0.0439, r (train): 0.7119, Test MSE: 0.0732, r (test): 0.2623
Epoch: 23, Training Loss: 0.0429, Train MSE: 0.0429, r (train): 0.7502, Test MSE: 0.0728, r (test): 0.2950
Epoch: 24, Training Loss: 0.0418, Train MSE: 0.0418, r (train): 0.7494, Test MSE: 0.0733, r (test): 0.2755
Epoch: 25, Training Loss: 0.0367, Train MSE: 0.0367, r (train): 0.7034, Test MSE: 0.0722, r (test): 0.2097
Epoch: 26, Training Loss: 0.0473, Train MSE: 0.0473, r (train): 0.7290, Test MSE: 0.0790, r (test): 0.2252
Epoch: 27, Training Loss: 0.0563, Train MSE: 0.0563, r (train): 0.7281, Test MSE: 0.0815, r (test): 0.2775
Epoch: 28, Training Loss: 0.0300, Train MSE: 0.0300, r (train): 0.7939, Test MSE: 0.0719, r (test): 0.2537
Epoch: 29, Training Loss: 0.0375, Train MSE: 0.0375, r (train): 0.7520, Test MSE: 0.0707, r (test): 0.2911
Epoch: 30, Training Loss: 0.0597, Train MSE: 0.0597, r (train): 0.7637, Test MSE: 0.0826, r (test): 0.3176
Epoch: 31, Training Loss: 0.0268, Train MSE: 0.0268, r (train): 0.8146, Test MSE: 0.0691, r (test): 0.2966
Epoch: 32, Training Loss: 0.0302, Train MSE: 0.0302, r (train): 0.7890, Test MSE: 0.0710, r (test): 0.2541
Epoch: 33, Training Loss: 0.0482, Train MSE: 0.0482, r (train): 0.7931, Test MSE: 0.0778, r (test): 0.3053
Epoch: 34, Training Loss: 0.0208, Train MSE: 0.0208, r (train): 0.8434, Test MSE: 0.0694, r (test): 0.3098
Epoch: 35, Training Loss: 0.0302, Train MSE: 0.0302, r (train): 0.7822, Test MSE: 0.0762, r (test): 0.1770
Epoch: 36, Training Loss: 0.0323, Train MSE: 0.0323, r (train): 0.8256, Test MSE: 0.0706, r (test): 0.3136
Epoch: 37, Training Loss: 0.0231, Train MSE: 0.0231, r (train): 0.8388, Test MSE: 0.0685, r (test): 0.3054
Epoch: 38, Training Loss: 0.0203, Train MSE: 0.0203, r (train): 0.8620, Test MSE: 0.0700, r (test): 0.3004
Epoch: 39, Training Loss: 0.0201, Train MSE: 0.0201, r (train): 0.8656, Test MSE: 0.0672, r (test): 0.3340
Epoch: 40, Training Loss: 0.0364, Train MSE: 0.0364, r (train): 0.8586, Test MSE: 0.0733, r (test): 0.3439
Epoch: 41, Training Loss: 0.0150, Train MSE: 0.0150, r (train): 0.9100, Test MSE: 0.0675, r (test): 0.3654
Epoch: 42, Training Loss: 0.0166, Train MSE: 0.0166, r (train): 0.8799, Test MSE: 0.0717, r (test): 0.2919
Epoch: 43, Training Loss: 0.0298, Train MSE: 0.0298, r (train): 0.8960, Test MSE: 0.0715, r (test): 0.3635
Epoch: 44, Training Loss: 0.0273, Train MSE: 0.0273, r (train): 0.8881, Test MSE: 0.0753, r (test): 0.2697
Epoch: 45, Training Loss: 0.0157, Train MSE: 0.0157, r (train): 0.9020, Test MSE: 0.0679, r (test): 0.3716
Epoch: 46, Training Loss: 0.0161, Train MSE: 0.0161, r (train): 0.8810, Test MSE: 0.0724, r (test): 0.2788
Epoch: 47, Training Loss: 0.0124, Train MSE: 0.0124, r (train): 0.9237, Test MSE: 0.0648, r (test): 0.3754
Epoch: 48, Training Loss: 0.0199, Train MSE: 0.0199, r (train): 0.9050, Test MSE: 0.0664, r (test): 0.3721
Epoch: 49, Training Loss: 0.0106, Train MSE: 0.0106, r (train): 0.9256, Test MSE: 0.0694, r (test): 0.3245
Epoch: 50, Training Loss: 0.0143, Train MSE: 0.0143, r (train): 0.9221, Test MSE: 0.0689, r (test): 0.3050
Epoch: 51, Training Loss: 0.0170, Train MSE: 0.0170, r (train): 0.9241, Test MSE: 0.0691, r (test): 0.3302
Epoch: 52, Training Loss: 0.0146, Train MSE: 0.0146, r (train): 0.9210, Test MSE: 0.0706, r (test): 0.3258
Epoch: 53, Training Loss: 0.0096, Train MSE: 0.0096, r (train): 0.9331, Test MSE: 0.0709, r (test): 0.2777
Epoch: 54, Training Loss: 0.0142, Train MSE: 0.0142, r (train): 0.9487, Test MSE: 0.0699, r (test): 0.3119
Epoch: 55, Training Loss: 0.0157, Train MSE: 0.0157, r (train): 0.9374, Test MSE: 0.0738, r (test): 0.2937
Epoch: 56, Training Loss: 0.0123, Train MSE: 0.0123, r (train): 0.9163, Test MSE: 0.0732, r (test): 0.2442
Epoch: 57, Training Loss: 0.0149, Train MSE: 0.0149, r (train): 0.9000, Test MSE: 0.0773, r (test): 0.1798
Epoch: 58, Training Loss: 0.0198, Train MSE: 0.0198, r (train): 0.9134, Test MSE: 0.0739, r (test): 0.2529
Epoch: 59, Training Loss: 0.0208, Train MSE: 0.0208, r (train): 0.9075, Test MSE: 0.0739, r (test): 0.2754
Epoch: 60, Training Loss: 0.0107, Train MSE: 0.0107, r (train): 0.9293, Test MSE: 0.0733, r (test): 0.2939
Epoch: 61, Training Loss: 0.0117, Train MSE: 0.0117, r (train): 0.9143, Test MSE: 0.0730, r (test): 0.2351
Epoch: 62, Training Loss: 0.0252, Train MSE: 0.0252, r (train): 0.9194, Test MSE: 0.0745, r (test): 0.2700
Epoch: 63, Training Loss: 0.0108, Train MSE: 0.0108, r (train): 0.9281, Test MSE: 0.0762, r (test): 0.2218
Epoch: 64, Training Loss: 0.0343, Train MSE: 0.0343, r (train): 0.8246, Test MSE: 0.0891, r (test): 0.0571
Epoch: 65, Training Loss: 0.0149, Train MSE: 0.0149, r (train): 0.8934, Test MSE: 0.0726, r (test): 0.2508
Epoch: 66, Training Loss: 0.0096, Train MSE: 0.0096, r (train): 0.9320, Test MSE: 0.0693, r (test): 0.3286
Epoch: 67, Training Loss: 0.0144, Train MSE: 0.0144, r (train): 0.9405, Test MSE: 0.0658, r (test): 0.3697
Epoch: 68, Training Loss: 0.0099, Train MSE: 0.0099, r (train): 0.9375, Test MSE: 0.0748, r (test): 0.2432
Epoch: 69, Training Loss: 0.0068, Train MSE: 0.0068, r (train): 0.9519, Test MSE: 0.0702, r (test): 0.3294
Epoch: 70, Training Loss: 0.0124, Train MSE: 0.0124, r (train): 0.9552, Test MSE: 0.0866, r (test): 0.2511
Epoch: 71, Training Loss: 0.0335, Train MSE: 0.0335, r (train): 0.9221, Test MSE: 0.1058, r (test): 0.1828
Epoch: 72, Training Loss: 0.0148, Train MSE: 0.0148, r (train): 0.9426, Test MSE: 0.0831, r (test): 0.3175
Epoch: 73, Training Loss: 0.0080, Train MSE: 0.0080, r (train): 0.9482, Test MSE: 0.0716, r (test): 0.3609
Epoch: 74, Training Loss: 0.0147, Train MSE: 0.0147, r (train): 0.9078, Test MSE: 0.0673, r (test): 0.3389
Epoch: 75, Training Loss: 0.0227, Train MSE: 0.0227, r (train): 0.8486, Test MSE: 0.0812, r (test): 0.0575
Epoch: 76, Training Loss: 0.0109, Train MSE: 0.0109, r (train): 0.9306, Test MSE: 0.0707, r (test): 0.2508
Epoch: 77, Training Loss: 0.0131, Train MSE: 0.0131, r (train): 0.9354, Test MSE: 0.0716, r (test): 0.2975
Epoch: 78, Training Loss: 0.0113, Train MSE: 0.0113, r (train): 0.9312, Test MSE: 0.0783, r (test): 0.1626
Epoch: 79, Training Loss: 0.0321, Train MSE: 0.0321, r (train): 0.8708, Test MSE: 0.0973, r (test): -0.0845
Epoch: 80, Training Loss: 0.0124, Train MSE: 0.0124, r (train): 0.9299, Test MSE: 0.0716, r (test): 0.2616
Epoch: 81, Training Loss: 0.0095, Train MSE: 0.0095, r (train): 0.9357, Test MSE: 0.0757, r (test): 0.2615
Epoch: 82, Training Loss: 0.0098, Train MSE: 0.0098, r (train): 0.9399, Test MSE: 0.0809, r (test): 0.1629
Epoch: 83, Training Loss: 0.0066, Train MSE: 0.0066, r (train): 0.9539, Test MSE: 0.0774, r (test): 0.1804
Epoch: 84, Training Loss: 0.0060, Train MSE: 0.0060, r (train): 0.9597, Test MSE: 0.0787, r (test): 0.2838
Epoch: 85, Training Loss: 0.0072, Train MSE: 0.0072, r (train): 0.9645, Test MSE: 0.0849, r (test): 0.2225
Epoch: 86, Training Loss: 0.0185, Train MSE: 0.0185, r (train): 0.9380, Test MSE: 0.0911, r (test): 0.1758
Epoch: 87, Training Loss: 0.0066, Train MSE: 0.0066, r (train): 0.9634, Test MSE: 0.0784, r (test): 0.3157
Epoch: 88, Training Loss: 0.0106, Train MSE: 0.0106, r (train): 0.9431, Test MSE: 0.0854, r (test): 0.2930
Epoch: 89, Training Loss: 0.0170, Train MSE: 0.0170, r (train): 0.9285, Test MSE: 0.0896, r (test): 0.1914
Epoch: 90, Training Loss: 0.0111, Train MSE: 0.0111, r (train): 0.9262, Test MSE: 0.0743, r (test): 0.2792
Epoch: 91, Training Loss: 0.0103, Train MSE: 0.0103, r (train): 0.9264, Test MSE: 0.0743, r (test): 0.3018
Epoch: 92, Training Loss: 0.0400, Train MSE: 0.0400, r (train): 0.8534, Test MSE: 0.1097, r (test): -0.0246
Epoch: 93, Training Loss: 0.0365, Train MSE: 0.0365, r (train): 0.8425, Test MSE: 0.0981, r (test): -0.0736
Epoch: 94, Training Loss: 0.0144, Train MSE: 0.0144, r (train): 0.9404, Test MSE: 0.0721, r (test): 0.3019
Epoch: 95, Training Loss: 0.0102, Train MSE: 0.0102, r (train): 0.9273, Test MSE: 0.0735, r (test): 0.2887
Epoch: 96, Training Loss: 0.0184, Train MSE: 0.0184, r (train): 0.9008, Test MSE: 0.0887, r (test): -0.0154
Epoch: 97, Training Loss: 0.0107, Train MSE: 0.0107, r (train): 0.9384, Test MSE: 0.0692, r (test): 0.2931
Epoch: 98, Training Loss: 0.0075, Train MSE: 0.0075, r (train): 0.9523, Test MSE: 0.0827, r (test): 0.2597
Epoch: 99, Training Loss: 0.0234, Train MSE: 0.0234, r (train): 0.9057, Test MSE: 0.0980, r (test): 0.0076
Predicted tensors for training set: 
tensor([0.3864, 0.8541, 0.7199, 0.6919, 0.9161, 0.2193, 0.7480, 0.5605, 0.5777,
        0.6084, 1.0564, 1.1102, 0.1485, 0.8991, 0.6221, 0.8352, 0.8005, 0.7126,
        0.7017, 0.9928, 0.1740, 0.7770, 0.4770, 0.2793, 0.8720, 0.2958, 0.7671,
        0.4157, 0.3811, 0.6730, 0.8093, 0.5768, 0.8026, 0.4392, 0.8289, 0.8494,
        0.7754, 0.6822, 0.8781, 0.9181, 1.2881, 1.0484, 0.8130, 0.5765, 0.7509,
        0.7129, 0.6202, 0.7112, 0.8519, 0.4762, 0.8764, 0.1239, 0.4711, 0.9289,
        0.4811, 0.2078, 0.5964, 0.8206, 0.4432, 0.6442, 0.7192, 0.9196, 0.4260,
        0.2637, 0.7696, 0.2228, 0.3528, 0.7049, 0.5935, 0.5682, 0.6053, 0.3881])
Target tensorsfor training set: 
tensor([0.2594, 0.8453, 0.5187, 0.6846, 0.9492, 0.0981, 0.3829, 0.4373, 0.2464,
        0.3309, 0.9072, 0.7901, 0.0246, 0.7171, 0.4654, 0.7950, 0.7372, 0.5783,
        0.6992, 0.9621, 0.0389, 0.7144, 0.3174, 0.1360, 0.8524, 0.0636, 0.5178,
        0.1294, 0.0478, 0.2916, 0.4341, 0.4640, 0.6671, 0.2271, 0.7497, 0.7462,
        0.5779, 0.4818, 0.7791, 0.8561, 0.9656, 0.8988, 0.8411, 0.4993, 0.7125,
        0.7270, 0.5719, 0.6595, 0.8556, 0.4513, 0.9117, 0.1295, 0.5102, 0.9150,
        0.5220, 0.2169, 0.6240, 0.8728, 0.4526, 0.6577, 0.7507, 0.8391, 0.4036,
        0.1218, 0.7371, 0.1493, 0.3077, 0.6465, 0.5780, 0.5300, 0.5564, 0.2649])
Correlation for training set: 0.9056615533897717
Predicted tensors for test set: 
tensor([0.6468, 0.7276, 0.7371, 0.7157, 0.7050, 0.6299, 0.6360, 0.6350, 0.7426,
        0.7353, 0.5886, 0.7797, 0.8281, 0.6849, 0.6002, 0.6152, 0.7207, 0.7188])
Target tensors for test set: 
tensor([0.3453, 0.4149, 0.9127, 0.9215, 0.5023, 0.0763, 0.8418, 0.7596, 0.5573,
        0.4440, 0.2255, 0.6576, 0.2394, 0.6199, 0.5658, 0.8363, 0.9535, 0.1055])
Correlation for test set: 0.007628360795482395
Fold 4
Epoch: 00, Training Loss: 0.0863, Train MSE: 0.0863, r (train): 0.1227, Test MSE: 0.1324, r (test): -0.3089
Epoch: 01, Training Loss: 0.0679, Train MSE: 0.0679, r (train): 0.4542, Test MSE: 0.0876, r (test): -0.4772
Epoch: 02, Training Loss: 0.0617, Train MSE: 0.0617, r (train): 0.4603, Test MSE: 0.0811, r (test): -0.2873
Epoch: 03, Training Loss: 0.0598, Train MSE: 0.0598, r (train): 0.4675, Test MSE: 0.0799, r (test): -0.2732
Epoch: 04, Training Loss: 0.0575, Train MSE: 0.0575, r (train): 0.4914, Test MSE: 0.0772, r (test): -0.2901
Epoch: 05, Training Loss: 0.0564, Train MSE: 0.0564, r (train): 0.4984, Test MSE: 0.0762, r (test): -0.2936
Epoch: 06, Training Loss: 0.0552, Train MSE: 0.0552, r (train): 0.5146, Test MSE: 0.0771, r (test): -0.3008
Epoch: 07, Training Loss: 0.0538, Train MSE: 0.0538, r (train): 0.5267, Test MSE: 0.0761, r (test): -0.2992
Epoch: 08, Training Loss: 0.0523, Train MSE: 0.0523, r (train): 0.5462, Test MSE: 0.0767, r (test): -0.2862
Epoch: 09, Training Loss: 0.0512, Train MSE: 0.0512, r (train): 0.5578, Test MSE: 0.0770, r (test): -0.2866
Epoch: 10, Training Loss: 0.0497, Train MSE: 0.0497, r (train): 0.5769, Test MSE: 0.0785, r (test): -0.2527
Epoch: 11, Training Loss: 0.0480, Train MSE: 0.0480, r (train): 0.5934, Test MSE: 0.0774, r (test): -0.2621
Epoch: 12, Training Loss: 0.0467, Train MSE: 0.0467, r (train): 0.6088, Test MSE: 0.0787, r (test): -0.2182
Epoch: 13, Training Loss: 0.0444, Train MSE: 0.0444, r (train): 0.6317, Test MSE: 0.0796, r (test): -0.2392
Epoch: 14, Training Loss: 0.0425, Train MSE: 0.0425, r (train): 0.6515, Test MSE: 0.0804, r (test): -0.2729
Epoch: 15, Training Loss: 0.0406, Train MSE: 0.0406, r (train): 0.6696, Test MSE: 0.0792, r (test): -0.2517
Epoch: 16, Training Loss: 0.0382, Train MSE: 0.0382, r (train): 0.6941, Test MSE: 0.0816, r (test): -0.2826
Epoch: 17, Training Loss: 0.0363, Train MSE: 0.0363, r (train): 0.7147, Test MSE: 0.0847, r (test): -0.2729
Epoch: 18, Training Loss: 0.0346, Train MSE: 0.0346, r (train): 0.7393, Test MSE: 0.0924, r (test): -0.2634
Epoch: 19, Training Loss: 0.0304, Train MSE: 0.0304, r (train): 0.7722, Test MSE: 0.0905, r (test): -0.3016
Epoch: 20, Training Loss: 0.0277, Train MSE: 0.0277, r (train): 0.7979, Test MSE: 0.0969, r (test): -0.3029
Epoch: 21, Training Loss: 0.0308, Train MSE: 0.0308, r (train): 0.8191, Test MSE: 0.0743, r (test): -0.3739
Epoch: 22, Training Loss: 0.0414, Train MSE: 0.0414, r (train): 0.7422, Test MSE: 0.1153, r (test): -0.2659
Epoch: 23, Training Loss: 0.0415, Train MSE: 0.0415, r (train): 0.7009, Test MSE: 0.0737, r (test): -0.4879
Epoch: 24, Training Loss: 0.0411, Train MSE: 0.0411, r (train): 0.7860, Test MSE: 0.1208, r (test): -0.3752
Epoch: 25, Training Loss: 0.0444, Train MSE: 0.0444, r (train): 0.8082, Test MSE: 0.1288, r (test): -0.2731
Epoch: 26, Training Loss: 0.0344, Train MSE: 0.0344, r (train): 0.8365, Test MSE: 0.1168, r (test): -0.3007
Epoch: 27, Training Loss: 0.0210, Train MSE: 0.0210, r (train): 0.8694, Test MSE: 0.0981, r (test): -0.2852
Epoch: 28, Training Loss: 0.0212, Train MSE: 0.0212, r (train): 0.8495, Test MSE: 0.0897, r (test): -0.2697
Epoch: 29, Training Loss: 0.0307, Train MSE: 0.0307, r (train): 0.8075, Test MSE: 0.0975, r (test): -0.1994
Epoch: 30, Training Loss: 0.0361, Train MSE: 0.0361, r (train): 0.7505, Test MSE: 0.0748, r (test): -0.3396
Epoch: 31, Training Loss: 0.0494, Train MSE: 0.0494, r (train): 0.8583, Test MSE: 0.1474, r (test): -0.3811
Epoch: 32, Training Loss: 0.0381, Train MSE: 0.0381, r (train): 0.8603, Test MSE: 0.1263, r (test): -0.3936
Epoch: 33, Training Loss: 0.0309, Train MSE: 0.0309, r (train): 0.8782, Test MSE: 0.1229, r (test): -0.3627
Epoch: 34, Training Loss: 0.0178, Train MSE: 0.0178, r (train): 0.8886, Test MSE: 0.0952, r (test): -0.3006
Epoch: 35, Training Loss: 0.0293, Train MSE: 0.0293, r (train): 0.8616, Test MSE: 0.0673, r (test): -0.2996
Epoch: 36, Training Loss: 0.0255, Train MSE: 0.0255, r (train): 0.8132, Test MSE: 0.0932, r (test): -0.3413
Epoch: 37, Training Loss: 0.1240, Train MSE: 0.1240, r (train): 0.7385, Test MSE: 0.2179, r (test): -0.4170
Epoch: 38, Training Loss: 0.0466, Train MSE: 0.0466, r (train): 0.8376, Test MSE: 0.1390, r (test): -0.2819
Epoch: 39, Training Loss: 0.0224, Train MSE: 0.0224, r (train): 0.9073, Test MSE: 0.0685, r (test): -0.3213
Epoch: 40, Training Loss: 0.0258, Train MSE: 0.0258, r (train): 0.8396, Test MSE: 0.0705, r (test): -0.2793
Epoch: 41, Training Loss: 0.0636, Train MSE: 0.0636, r (train): 0.8574, Test MSE: 0.1627, r (test): -0.2651
Epoch: 42, Training Loss: 0.0136, Train MSE: 0.0136, r (train): 0.9048, Test MSE: 0.0866, r (test): -0.3048
Epoch: 43, Training Loss: 0.0236, Train MSE: 0.0236, r (train): 0.8932, Test MSE: 0.0677, r (test): -0.2794
Epoch: 44, Training Loss: 0.0350, Train MSE: 0.0350, r (train): 0.8985, Test MSE: 0.1292, r (test): -0.2758
Epoch: 45, Training Loss: 0.0123, Train MSE: 0.0123, r (train): 0.9178, Test MSE: 0.0747, r (test): -0.2228
Epoch: 46, Training Loss: 0.0108, Train MSE: 0.0108, r (train): 0.9493, Test MSE: 0.0683, r (test): -0.2136
Epoch: 47, Training Loss: 0.0083, Train MSE: 0.0083, r (train): 0.9437, Test MSE: 0.0847, r (test): -0.2541
Epoch: 48, Training Loss: 0.0165, Train MSE: 0.0165, r (train): 0.9318, Test MSE: 0.1014, r (test): -0.2859
Epoch: 49, Training Loss: 0.0184, Train MSE: 0.0184, r (train): 0.9006, Test MSE: 0.0639, r (test): -0.3328
Epoch: 50, Training Loss: 0.0135, Train MSE: 0.0135, r (train): 0.9395, Test MSE: 0.0674, r (test): -0.1827
Epoch: 51, Training Loss: 0.0254, Train MSE: 0.0254, r (train): 0.9435, Test MSE: 0.1334, r (test): -0.3361
Epoch: 52, Training Loss: 0.0125, Train MSE: 0.0125, r (train): 0.9385, Test MSE: 0.0886, r (test): -0.2184
Epoch: 53, Training Loss: 0.0144, Train MSE: 0.0144, r (train): 0.8996, Test MSE: 0.0693, r (test): -0.2231
Epoch: 54, Training Loss: 0.0164, Train MSE: 0.0164, r (train): 0.8996, Test MSE: 0.0761, r (test): -0.1819
Epoch: 55, Training Loss: 0.0341, Train MSE: 0.0341, r (train): 0.9035, Test MSE: 0.1400, r (test): -0.2360
Epoch: 56, Training Loss: 0.0321, Train MSE: 0.0321, r (train): 0.9095, Test MSE: 0.1247, r (test): -0.1252
Epoch: 57, Training Loss: 0.0125, Train MSE: 0.0125, r (train): 0.9322, Test MSE: 0.0722, r (test): -0.2204
Epoch: 58, Training Loss: 0.0307, Train MSE: 0.0307, r (train): 0.9373, Test MSE: 0.1353, r (test): -0.3503
Epoch: 59, Training Loss: 0.0325, Train MSE: 0.0325, r (train): 0.9508, Test MSE: 0.1373, r (test): -0.1964
Epoch: 60, Training Loss: 0.0051, Train MSE: 0.0051, r (train): 0.9663, Test MSE: 0.0818, r (test): -0.1548
Epoch: 61, Training Loss: 0.0171, Train MSE: 0.0171, r (train): 0.9493, Test MSE: 0.1154, r (test): -0.2890
Epoch: 62, Training Loss: 0.0361, Train MSE: 0.0361, r (train): 0.9339, Test MSE: 0.1391, r (test): -0.2227
Epoch: 63, Training Loss: 0.0059, Train MSE: 0.0059, r (train): 0.9597, Test MSE: 0.0736, r (test): -0.1314
Epoch: 64, Training Loss: 0.0079, Train MSE: 0.0079, r (train): 0.9450, Test MSE: 0.0828, r (test): -0.3014
Epoch: 65, Training Loss: 0.0339, Train MSE: 0.0339, r (train): 0.9247, Test MSE: 0.1315, r (test): -0.2796
Epoch: 66, Training Loss: 0.0071, Train MSE: 0.0071, r (train): 0.9572, Test MSE: 0.0854, r (test): -0.1267
Epoch: 67, Training Loss: 0.0224, Train MSE: 0.0224, r (train): 0.9431, Test MSE: 0.0592, r (test): -0.2235
Epoch: 68, Training Loss: 0.0106, Train MSE: 0.0106, r (train): 0.9357, Test MSE: 0.0922, r (test): -0.3038
Epoch: 69, Training Loss: 0.0141, Train MSE: 0.0141, r (train): 0.9500, Test MSE: 0.1020, r (test): -0.1686
Epoch: 70, Training Loss: 0.0187, Train MSE: 0.0187, r (train): 0.9358, Test MSE: 0.0523, r (test): 0.0215
Epoch: 71, Training Loss: 0.0094, Train MSE: 0.0094, r (train): 0.9431, Test MSE: 0.0660, r (test): -0.1279
Epoch: 72, Training Loss: 0.0158, Train MSE: 0.0158, r (train): 0.9596, Test MSE: 0.1120, r (test): -0.3315
Epoch: 73, Training Loss: 0.0079, Train MSE: 0.0079, r (train): 0.9467, Test MSE: 0.0787, r (test): -0.1460
Epoch: 74, Training Loss: 0.0110, Train MSE: 0.0110, r (train): 0.9421, Test MSE: 0.0603, r (test): 0.0147
Epoch: 75, Training Loss: 0.0412, Train MSE: 0.0412, r (train): 0.9347, Test MSE: 0.1415, r (test): -0.2990
Epoch: 76, Training Loss: 0.0447, Train MSE: 0.0447, r (train): 0.9539, Test MSE: 0.1455, r (test): -0.1962
Epoch: 77, Training Loss: 0.0103, Train MSE: 0.0103, r (train): 0.9338, Test MSE: 0.0761, r (test): -0.0583
Epoch: 78, Training Loss: 0.0438, Train MSE: 0.0438, r (train): 0.9340, Test MSE: 0.1425, r (test): -0.3075
Epoch: 79, Training Loss: 0.0389, Train MSE: 0.0389, r (train): 0.9450, Test MSE: 0.1400, r (test): -0.2721
Epoch: 80, Training Loss: 0.0078, Train MSE: 0.0078, r (train): 0.9452, Test MSE: 0.0773, r (test): -0.0809
Epoch: 81, Training Loss: 0.0397, Train MSE: 0.0397, r (train): 0.8778, Test MSE: 0.1196, r (test): -0.2096
Epoch: 82, Training Loss: 0.0148, Train MSE: 0.0148, r (train): 0.9199, Test MSE: 0.0873, r (test): -0.3101
Epoch: 83, Training Loss: 0.0116, Train MSE: 0.0116, r (train): 0.9325, Test MSE: 0.0663, r (test): -0.0704
Epoch: 84, Training Loss: 0.0385, Train MSE: 0.0385, r (train): 0.9007, Test MSE: 0.0606, r (test): -0.2401
Epoch: 85, Training Loss: 0.0151, Train MSE: 0.0151, r (train): 0.9151, Test MSE: 0.0783, r (test): -0.1147
Epoch: 86, Training Loss: 0.0160, Train MSE: 0.0160, r (train): 0.9163, Test MSE: 0.0769, r (test): -0.0936
Epoch: 87, Training Loss: 0.0553, Train MSE: 0.0553, r (train): 0.9189, Test MSE: 0.0525, r (test): 0.0070
Epoch: 88, Training Loss: 0.0097, Train MSE: 0.0097, r (train): 0.9561, Test MSE: 0.0585, r (test): -0.0717
Epoch: 89, Training Loss: 0.0171, Train MSE: 0.0171, r (train): 0.9193, Test MSE: 0.0843, r (test): 0.0381
Epoch: 90, Training Loss: 0.0165, Train MSE: 0.0165, r (train): 0.8865, Test MSE: 0.0737, r (test): 0.0906
Epoch: 91, Training Loss: 0.0216, Train MSE: 0.0216, r (train): 0.9375, Test MSE: 0.1251, r (test): -0.1697
Epoch: 92, Training Loss: 0.0592, Train MSE: 0.0592, r (train): 0.9087, Test MSE: 0.1599, r (test): -0.2257
Epoch: 93, Training Loss: 0.0461, Train MSE: 0.0461, r (train): 0.8961, Test MSE: 0.1387, r (test): -0.1760
Epoch: 94, Training Loss: 0.0193, Train MSE: 0.0193, r (train): 0.9095, Test MSE: 0.0973, r (test): -0.2089
Epoch: 95, Training Loss: 0.0168, Train MSE: 0.0168, r (train): 0.9064, Test MSE: 0.0805, r (test): -0.0859
Epoch: 96, Training Loss: 0.0182, Train MSE: 0.0182, r (train): 0.9418, Test MSE: 0.0552, r (test): -0.0397
Epoch: 97, Training Loss: 0.0498, Train MSE: 0.0498, r (train): 0.9067, Test MSE: 0.0455, r (test): 0.1633
Epoch: 98, Training Loss: 0.0212, Train MSE: 0.0212, r (train): 0.9156, Test MSE: 0.0533, r (test): -0.0359
Epoch: 99, Training Loss: 0.0159, Train MSE: 0.0159, r (train): 0.9018, Test MSE: 0.0621, r (test): -0.0674
Predicted tensors for training set: 
tensor([0.3016, 0.8373, 0.5033, 0.7608, 0.8922, 0.1496, 0.2451, 0.5065, 0.0456,
        0.4079, 0.9558, 0.7934, 0.0490, 0.7619, 0.5914, 0.8704, 0.8288, 0.6890,
        0.8131, 1.0689, 0.2772, 0.7704, 0.4555, 0.3530, 0.8080, 0.4550, 0.6569,
        0.4642, 0.1753, 0.3849, 0.4292, 0.5428, 0.6348, 0.1651, 0.7179, 0.7687,
        0.2551, 0.1972, 0.8316, 0.7991, 0.4346, 0.0707, 0.7357, 0.6226, 0.5846,
        0.1797, 0.1032, 0.6605, 0.2270, 0.7004, 0.5670, 0.8305, 0.9016, 0.1190,
        0.5994, 0.3444, 0.7055, 0.8600, 0.5300, 0.7456, 0.8101, 1.1802, 0.5225,
        0.3570, 0.8626, 0.3467, 0.3966, 0.8285, 0.6072, 0.5269, 0.5834, 0.3220])
Target tensorsfor training set: 
tensor([0.2594, 0.8453, 0.5187, 0.6846, 0.9492, 0.0981, 0.3829, 0.4373, 0.2464,
        0.3309, 0.9072, 0.7901, 0.0246, 0.7171, 0.4654, 0.7950, 0.7372, 0.5783,
        0.6992, 0.9621, 0.0389, 0.7144, 0.3174, 0.1360, 0.8524, 0.0636, 0.5178,
        0.1294, 0.0478, 0.2916, 0.4341, 0.4640, 0.6671, 0.2271, 0.7497, 0.7462,
        0.3453, 0.4149, 0.9127, 0.9215, 0.5023, 0.0763, 0.8418, 0.7596, 0.5573,
        0.4440, 0.2255, 0.6576, 0.2394, 0.6199, 0.5658, 0.8363, 0.9535, 0.1055,
        0.5220, 0.2169, 0.6240, 0.8728, 0.4526, 0.6577, 0.7507, 0.8391, 0.4036,
        0.1218, 0.7371, 0.1493, 0.3077, 0.6465, 0.5780, 0.5300, 0.5564, 0.2649])
Correlation for training set: 0.9017825316257044
Predicted tensors for test set: 
tensor([0.4701, 0.5744, 0.5424, 0.6038, 0.4536, 0.6378, 0.7506, 0.7272, 0.6934,
        0.8044, 0.6600, 0.5472, 0.5618, 0.5659, 0.6374, 0.6202, 0.5687, 0.5373])
Target tensors for test set: 
tensor([0.5779, 0.4818, 0.7791, 0.8561, 0.9656, 0.8988, 0.8411, 0.4993, 0.7125,
        0.7270, 0.5719, 0.6595, 0.8556, 0.4513, 0.9117, 0.1295, 0.5102, 0.9150])
Correlation for test set: -0.06735586694526739
Fold 5
Epoch: 00, Training Loss: 0.1610, Train MSE: 0.1610, r (train): -0.2915, Test MSE: 0.1738, r (test): -0.2945
Epoch: 01, Training Loss: 0.1248, Train MSE: 0.1248, r (train): -0.2235, Test MSE: 0.1243, r (test): -0.2507
Epoch: 02, Training Loss: 0.1133, Train MSE: 0.1133, r (train): -0.1208, Test MSE: 0.1107, r (test): -0.1961
Epoch: 03, Training Loss: 0.1060, Train MSE: 0.1060, r (train): 0.0423, Test MSE: 0.1011, r (test): -0.0942
Epoch: 04, Training Loss: 0.1032, Train MSE: 0.1032, r (train): 0.1410, Test MSE: 0.0989, r (test): -0.0553
Epoch: 05, Training Loss: 0.0986, Train MSE: 0.0986, r (train): 0.2772, Test MSE: 0.0936, r (test): 0.1008
Epoch: 06, Training Loss: 0.0959, Train MSE: 0.0959, r (train): 0.3371, Test MSE: 0.0912, r (test): 0.1800
Epoch: 07, Training Loss: 0.0911, Train MSE: 0.0911, r (train): 0.4318, Test MSE: 0.0868, r (test): 0.2958
Epoch: 08, Training Loss: 0.0859, Train MSE: 0.0859, r (train): 0.4900, Test MSE: 0.0815, r (test): 0.3602
Epoch: 09, Training Loss: 0.0857, Train MSE: 0.0857, r (train): 0.5038, Test MSE: 0.0825, r (test): 0.3921
Epoch: 10, Training Loss: 0.0826, Train MSE: 0.0826, r (train): 0.5471, Test MSE: 0.0809, r (test): 0.4223
Epoch: 11, Training Loss: 0.0783, Train MSE: 0.0783, r (train): 0.5753, Test MSE: 0.0774, r (test): 0.4443
Epoch: 12, Training Loss: 0.0724, Train MSE: 0.0724, r (train): 0.6178, Test MSE: 0.0722, r (test): 0.4686
Epoch: 13, Training Loss: 0.0700, Train MSE: 0.0700, r (train): 0.6196, Test MSE: 0.0733, r (test): 0.4764
Epoch: 14, Training Loss: 0.0660, Train MSE: 0.0660, r (train): 0.6387, Test MSE: 0.0711, r (test): 0.4909
Epoch: 15, Training Loss: 0.0642, Train MSE: 0.0642, r (train): 0.6565, Test MSE: 0.0714, r (test): 0.4962
Epoch: 16, Training Loss: 0.0620, Train MSE: 0.0620, r (train): 0.6814, Test MSE: 0.0704, r (test): 0.5021
Epoch: 17, Training Loss: 0.0666, Train MSE: 0.0666, r (train): 0.6765, Test MSE: 0.0767, r (test): 0.5642
Epoch: 18, Training Loss: 0.0630, Train MSE: 0.0630, r (train): 0.7292, Test MSE: 0.0762, r (test): 0.4635
Epoch: 19, Training Loss: 0.0563, Train MSE: 0.0563, r (train): 0.7112, Test MSE: 0.0650, r (test): 0.5807
Epoch: 20, Training Loss: 0.0763, Train MSE: 0.0763, r (train): 0.7119, Test MSE: 0.0923, r (test): 0.4983
Epoch: 21, Training Loss: 0.0563, Train MSE: 0.0563, r (train): 0.7654, Test MSE: 0.0792, r (test): 0.3638
Epoch: 22, Training Loss: 0.0581, Train MSE: 0.0581, r (train): 0.6896, Test MSE: 0.0674, r (test): 0.4507
Epoch: 23, Training Loss: 0.0569, Train MSE: 0.0569, r (train): 0.8014, Test MSE: 0.0787, r (test): 0.3664
Epoch: 24, Training Loss: 0.0407, Train MSE: 0.0407, r (train): 0.8280, Test MSE: 0.0629, r (test): 0.4578
Epoch: 25, Training Loss: 0.0611, Train MSE: 0.0611, r (train): 0.8310, Test MSE: 0.0915, r (test): 0.3489
Epoch: 26, Training Loss: 0.0408, Train MSE: 0.0408, r (train): 0.8738, Test MSE: 0.0765, r (test): 0.3277
Epoch: 27, Training Loss: 0.0412, Train MSE: 0.0412, r (train): 0.7625, Test MSE: 0.0552, r (test): 0.4325
Epoch: 28, Training Loss: 0.0607, Train MSE: 0.0607, r (train): 0.8645, Test MSE: 0.1016, r (test): 0.3295
Epoch: 29, Training Loss: 0.0332, Train MSE: 0.0332, r (train): 0.8792, Test MSE: 0.0697, r (test): 0.3056
Epoch: 30, Training Loss: 0.0461, Train MSE: 0.0461, r (train): 0.7703, Test MSE: 0.0642, r (test): 0.4101
Epoch: 31, Training Loss: 0.0708, Train MSE: 0.0708, r (train): 0.8649, Test MSE: 0.1178, r (test): 0.1925
Epoch: 32, Training Loss: 0.0290, Train MSE: 0.0290, r (train): 0.8961, Test MSE: 0.0754, r (test): 0.2397
Epoch: 33, Training Loss: 0.0262, Train MSE: 0.0262, r (train): 0.8474, Test MSE: 0.0706, r (test): 0.1742
Epoch: 34, Training Loss: 0.0523, Train MSE: 0.0523, r (train): 0.8111, Test MSE: 0.0987, r (test): 0.0783
Epoch: 35, Training Loss: 0.0531, Train MSE: 0.0531, r (train): 0.8330, Test MSE: 0.0985, r (test): 0.2097
Epoch: 36, Training Loss: 0.0215, Train MSE: 0.0215, r (train): 0.8868, Test MSE: 0.0576, r (test): 0.3130
Epoch: 37, Training Loss: 0.0288, Train MSE: 0.0288, r (train): 0.8515, Test MSE: 0.0700, r (test): 0.1726
Epoch: 38, Training Loss: 0.0427, Train MSE: 0.0427, r (train): 0.8483, Test MSE: 0.0944, r (test): 0.1038
Epoch: 39, Training Loss: 0.0353, Train MSE: 0.0353, r (train): 0.8508, Test MSE: 0.0816, r (test): 0.2291
Epoch: 40, Training Loss: 0.0264, Train MSE: 0.0264, r (train): 0.8418, Test MSE: 0.0553, r (test): 0.1344
Epoch: 41, Training Loss: 0.0181, Train MSE: 0.0181, r (train): 0.8829, Test MSE: 0.0478, r (test): 0.2936
Epoch: 42, Training Loss: 0.0142, Train MSE: 0.0142, r (train): 0.9041, Test MSE: 0.0598, r (test): 0.3000
Epoch: 43, Training Loss: 0.0215, Train MSE: 0.0215, r (train): 0.8933, Test MSE: 0.0758, r (test): 0.1994
Epoch: 44, Training Loss: 0.0175, Train MSE: 0.0175, r (train): 0.8812, Test MSE: 0.0492, r (test): 0.3190
Epoch: 45, Training Loss: 0.0274, Train MSE: 0.0274, r (train): 0.8625, Test MSE: 0.0402, r (test): 0.4384
Epoch: 46, Training Loss: 0.0136, Train MSE: 0.0136, r (train): 0.9187, Test MSE: 0.0460, r (test): 0.3738
Epoch: 47, Training Loss: 0.0173, Train MSE: 0.0173, r (train): 0.8925, Test MSE: 0.0615, r (test): 0.2372
Epoch: 48, Training Loss: 0.0178, Train MSE: 0.0178, r (train): 0.8875, Test MSE: 0.0467, r (test): 0.3475
Epoch: 49, Training Loss: 0.0235, Train MSE: 0.0235, r (train): 0.8453, Test MSE: 0.0457, r (test): 0.3664
Epoch: 50, Training Loss: 0.0149, Train MSE: 0.0149, r (train): 0.9021, Test MSE: 0.0582, r (test): 0.2123
Epoch: 51, Training Loss: 0.0354, Train MSE: 0.0354, r (train): 0.8926, Test MSE: 0.1000, r (test): 0.1345
Epoch: 52, Training Loss: 0.0216, Train MSE: 0.0216, r (train): 0.8540, Test MSE: 0.0451, r (test): 0.3854
Epoch: 53, Training Loss: 0.0815, Train MSE: 0.0815, r (train): 0.5833, Test MSE: 0.1428, r (test): -0.2025
Epoch: 54, Training Loss: 0.0229, Train MSE: 0.0229, r (train): 0.9059, Test MSE: 0.0755, r (test): 0.2482
Epoch: 55, Training Loss: 0.0475, Train MSE: 0.0475, r (train): 0.8611, Test MSE: 0.0929, r (test): 0.1912
Epoch: 56, Training Loss: 0.0431, Train MSE: 0.0431, r (train): 0.9345, Test MSE: 0.1161, r (test): 0.2712
Epoch: 57, Training Loss: 0.0334, Train MSE: 0.0334, r (train): 0.8975, Test MSE: 0.0991, r (test): 0.0476
Epoch: 58, Training Loss: 0.0145, Train MSE: 0.0145, r (train): 0.9332, Test MSE: 0.0712, r (test): 0.2575
Epoch: 59, Training Loss: 0.0154, Train MSE: 0.0154, r (train): 0.9036, Test MSE: 0.0633, r (test): 0.2233
Epoch: 60, Training Loss: 0.0121, Train MSE: 0.0121, r (train): 0.9196, Test MSE: 0.0589, r (test): 0.1706
Epoch: 61, Training Loss: 0.0189, Train MSE: 0.0189, r (train): 0.9191, Test MSE: 0.0471, r (test): 0.2975
Epoch: 62, Training Loss: 0.0090, Train MSE: 0.0090, r (train): 0.9408, Test MSE: 0.0552, r (test): 0.3072
Epoch: 63, Training Loss: 0.0161, Train MSE: 0.0161, r (train): 0.9029, Test MSE: 0.0668, r (test): 0.2155
Epoch: 64, Training Loss: 0.0152, Train MSE: 0.0152, r (train): 0.9254, Test MSE: 0.0664, r (test): 0.3438
Epoch: 65, Training Loss: 0.0309, Train MSE: 0.0309, r (train): 0.9226, Test MSE: 0.1008, r (test): 0.2095
Epoch: 66, Training Loss: 0.0403, Train MSE: 0.0403, r (train): 0.9178, Test MSE: 0.1033, r (test): 0.1547
Epoch: 67, Training Loss: 0.0196, Train MSE: 0.0196, r (train): 0.9147, Test MSE: 0.0743, r (test): 0.1705
Epoch: 68, Training Loss: 0.0275, Train MSE: 0.0275, r (train): 0.8927, Test MSE: 0.0876, r (test): 0.1107
Epoch: 69, Training Loss: 0.0295, Train MSE: 0.0295, r (train): 0.8867, Test MSE: 0.0879, r (test): 0.1598
Epoch: 70, Training Loss: 0.0217, Train MSE: 0.0217, r (train): 0.8855, Test MSE: 0.0437, r (test): 0.3709
Epoch: 71, Training Loss: 0.0107, Train MSE: 0.0107, r (train): 0.9304, Test MSE: 0.0613, r (test): 0.2292
Epoch: 72, Training Loss: 0.0181, Train MSE: 0.0181, r (train): 0.8792, Test MSE: 0.0535, r (test): 0.2682
Epoch: 73, Training Loss: 0.0114, Train MSE: 0.0114, r (train): 0.9234, Test MSE: 0.0529, r (test): 0.3075
Epoch: 74, Training Loss: 0.0139, Train MSE: 0.0139, r (train): 0.9294, Test MSE: 0.0708, r (test): 0.1998
Epoch: 75, Training Loss: 0.0276, Train MSE: 0.0276, r (train): 0.9345, Test MSE: 0.0914, r (test): 0.1876
Epoch: 76, Training Loss: 0.0291, Train MSE: 0.0291, r (train): 0.9463, Test MSE: 0.0974, r (test): 0.2058
Epoch: 77, Training Loss: 0.0390, Train MSE: 0.0390, r (train): 0.9009, Test MSE: 0.1029, r (test): 0.1063
Epoch: 78, Training Loss: 0.0200, Train MSE: 0.0200, r (train): 0.8866, Test MSE: 0.0683, r (test): 0.2835
Epoch: 79, Training Loss: 0.0135, Train MSE: 0.0135, r (train): 0.9157, Test MSE: 0.0569, r (test): 0.2627
Epoch: 80, Training Loss: 0.0109, Train MSE: 0.0109, r (train): 0.9277, Test MSE: 0.0732, r (test): -0.0664
Epoch: 81, Training Loss: 0.0137, Train MSE: 0.0137, r (train): 0.9181, Test MSE: 0.0482, r (test): 0.3669
Epoch: 82, Training Loss: 0.0116, Train MSE: 0.0116, r (train): 0.9314, Test MSE: 0.0502, r (test): 0.3730
Epoch: 83, Training Loss: 0.0195, Train MSE: 0.0195, r (train): 0.9239, Test MSE: 0.0818, r (test): 0.3154
Epoch: 84, Training Loss: 0.0290, Train MSE: 0.0290, r (train): 0.9287, Test MSE: 0.0924, r (test): 0.3079
Epoch: 85, Training Loss: 0.0302, Train MSE: 0.0302, r (train): 0.9247, Test MSE: 0.0904, r (test): 0.3563
Epoch: 86, Training Loss: 0.0253, Train MSE: 0.0253, r (train): 0.8861, Test MSE: 0.0794, r (test): 0.3124
Epoch: 87, Training Loss: 0.0104, Train MSE: 0.0104, r (train): 0.9316, Test MSE: 0.0560, r (test): 0.3806
Epoch: 88, Training Loss: 0.0100, Train MSE: 0.0100, r (train): 0.9465, Test MSE: 0.0588, r (test): 0.0962
Epoch: 89, Training Loss: 0.0133, Train MSE: 0.0133, r (train): 0.9494, Test MSE: 0.0516, r (test): 0.2679
Epoch: 90, Training Loss: 0.0120, Train MSE: 0.0120, r (train): 0.9307, Test MSE: 0.0466, r (test): 0.3742
Epoch: 91, Training Loss: 0.0145, Train MSE: 0.0145, r (train): 0.9206, Test MSE: 0.0669, r (test): 0.2807
Epoch: 92, Training Loss: 0.0172, Train MSE: 0.0172, r (train): 0.9068, Test MSE: 0.0588, r (test): 0.4838
Epoch: 93, Training Loss: 0.0517, Train MSE: 0.0517, r (train): 0.8457, Test MSE: 0.1090, r (test): 0.0366
Epoch: 94, Training Loss: 0.0214, Train MSE: 0.0214, r (train): 0.9235, Test MSE: 0.0732, r (test): 0.3904
Epoch: 95, Training Loss: 0.0279, Train MSE: 0.0279, r (train): 0.8395, Test MSE: 0.0717, r (test): 0.2493
Epoch: 96, Training Loss: 0.0094, Train MSE: 0.0094, r (train): 0.9399, Test MSE: 0.0583, r (test): 0.2599
Epoch: 97, Training Loss: 0.0145, Train MSE: 0.0145, r (train): 0.9139, Test MSE: 0.0586, r (test): 0.1670
Epoch: 98, Training Loss: 0.0163, Train MSE: 0.0163, r (train): 0.9137, Test MSE: 0.0652, r (test): 0.4750
Epoch: 99, Training Loss: 0.0271, Train MSE: 0.0271, r (train): 0.9136, Test MSE: 0.0943, r (test): 0.2553
Predicted tensors for training set: 
tensor([0.4736, 0.7884, 0.6321, 0.7376, 0.7573, 0.1771, 0.4877, 0.6126, 0.1570,
        0.4892, 0.8813, 0.9088, 0.2813, 0.8344, 0.5396, 0.7766, 0.8710, 0.6782,
        0.8150, 1.0870, 0.2336, 0.7689, 0.4893, 0.2899, 0.8581, 0.1187, 0.6373,
        0.2342, 0.2124, 0.2519, 0.5152, 0.4833, 0.7276, 0.3218, 0.8513, 0.9216,
        0.4825, 0.4068, 0.9263, 0.7991, 0.6569, 0.4768, 1.0209, 0.8876, 0.7296,
        0.6043, 0.5288, 0.8368, 0.4420, 0.8604, 0.7931, 1.0056, 0.9644, 0.4009,
        0.7606, 0.6995, 0.9772, 1.1407, 1.5494, 1.1065, 0.9333, 0.6963, 0.7908,
        0.7603, 0.7354, 0.7665, 0.8738, 0.5133, 0.9497, 0.1791, 0.5561, 0.9200])
Target tensorsfor training set: 
tensor([0.2594, 0.8453, 0.5187, 0.6846, 0.9492, 0.0981, 0.3829, 0.4373, 0.2464,
        0.3309, 0.9072, 0.7901, 0.0246, 0.7171, 0.4654, 0.7950, 0.7372, 0.5783,
        0.6992, 0.9621, 0.0389, 0.7144, 0.3174, 0.1360, 0.8524, 0.0636, 0.5178,
        0.1294, 0.0478, 0.2916, 0.4341, 0.4640, 0.6671, 0.2271, 0.7497, 0.7462,
        0.3453, 0.4149, 0.9127, 0.9215, 0.5023, 0.0763, 0.8418, 0.7596, 0.5573,
        0.4440, 0.2255, 0.6576, 0.2394, 0.6199, 0.5658, 0.8363, 0.9535, 0.1055,
        0.5779, 0.4818, 0.7791, 0.8561, 0.9656, 0.8988, 0.8411, 0.4993, 0.7125,
        0.7270, 0.5719, 0.6595, 0.8556, 0.4513, 0.9117, 0.1295, 0.5102, 0.9150])
Correlation for training set: 0.9135500831246475
Predicted tensors for test set: 
tensor([0.7877, 0.6957, 0.7419, 0.8062, 0.8323, 0.7724, 0.7739, 0.6526, 0.8951,
        0.5881, 0.6401, 0.7496, 0.4792, 0.6957, 0.7651, 0.7849, 0.7650, 0.6924])
Target tensors for test set: 
tensor([0.5220, 0.2169, 0.6240, 0.8728, 0.4526, 0.6577, 0.7507, 0.8391, 0.4036,
        0.1218, 0.7371, 0.1493, 0.3077, 0.6465, 0.5780, 0.5300, 0.5564, 0.2649])
Correlation for test set: 0.2553483475655845
Seed: 8
Fold losses: [tensor(0.0085), tensor(0.0234), tensor(0.0234), tensor(0.0159), tensor(0.0271)]
Fold MSE values: [tensor(0.0085), tensor(0.0234), tensor(0.0234), tensor(0.0159), tensor(0.0271)]
Target training values: [tensor([0.6992, 0.9621, 0.0389, 0.7144, 0.3174, 0.1360, 0.8524, 0.0636, 0.5178,
        0.1294, 0.0478, 0.2916, 0.4341, 0.4640, 0.6671, 0.2271, 0.7497, 0.7462,
        0.3453, 0.4149, 0.9127, 0.9215, 0.5023, 0.0763, 0.8418, 0.7596, 0.5573,
        0.4440, 0.2255, 0.6576, 0.2394, 0.6199, 0.5658, 0.8363, 0.9535, 0.1055,
        0.5779, 0.4818, 0.7791, 0.8561, 0.9656, 0.8988, 0.8411, 0.4993, 0.7125,
        0.7270, 0.5719, 0.6595, 0.8556, 0.4513, 0.9117, 0.1295, 0.5102, 0.9150,
        0.5220, 0.2169, 0.6240, 0.8728, 0.4526, 0.6577, 0.7507, 0.8391, 0.4036,
        0.1218, 0.7371, 0.1493, 0.3077, 0.6465, 0.5780, 0.5300, 0.5564, 0.2649]), tensor([0.2594, 0.8453, 0.5187, 0.6846, 0.9492, 0.0981, 0.3829, 0.4373, 0.2464,
        0.3309, 0.9072, 0.7901, 0.0246, 0.7171, 0.4654, 0.7950, 0.7372, 0.5783,
        0.3453, 0.4149, 0.9127, 0.9215, 0.5023, 0.0763, 0.8418, 0.7596, 0.5573,
        0.4440, 0.2255, 0.6576, 0.2394, 0.6199, 0.5658, 0.8363, 0.9535, 0.1055,
        0.5779, 0.4818, 0.7791, 0.8561, 0.9656, 0.8988, 0.8411, 0.4993, 0.7125,
        0.7270, 0.5719, 0.6595, 0.8556, 0.4513, 0.9117, 0.1295, 0.5102, 0.9150,
        0.5220, 0.2169, 0.6240, 0.8728, 0.4526, 0.6577, 0.7507, 0.8391, 0.4036,
        0.1218, 0.7371, 0.1493, 0.3077, 0.6465, 0.5780, 0.5300, 0.5564, 0.2649]), tensor([0.2594, 0.8453, 0.5187, 0.6846, 0.9492, 0.0981, 0.3829, 0.4373, 0.2464,
        0.3309, 0.9072, 0.7901, 0.0246, 0.7171, 0.4654, 0.7950, 0.7372, 0.5783,
        0.6992, 0.9621, 0.0389, 0.7144, 0.3174, 0.1360, 0.8524, 0.0636, 0.5178,
        0.1294, 0.0478, 0.2916, 0.4341, 0.4640, 0.6671, 0.2271, 0.7497, 0.7462,
        0.5779, 0.4818, 0.7791, 0.8561, 0.9656, 0.8988, 0.8411, 0.4993, 0.7125,
        0.7270, 0.5719, 0.6595, 0.8556, 0.4513, 0.9117, 0.1295, 0.5102, 0.9150,
        0.5220, 0.2169, 0.6240, 0.8728, 0.4526, 0.6577, 0.7507, 0.8391, 0.4036,
        0.1218, 0.7371, 0.1493, 0.3077, 0.6465, 0.5780, 0.5300, 0.5564, 0.2649]), tensor([0.2594, 0.8453, 0.5187, 0.6846, 0.9492, 0.0981, 0.3829, 0.4373, 0.2464,
        0.3309, 0.9072, 0.7901, 0.0246, 0.7171, 0.4654, 0.7950, 0.7372, 0.5783,
        0.6992, 0.9621, 0.0389, 0.7144, 0.3174, 0.1360, 0.8524, 0.0636, 0.5178,
        0.1294, 0.0478, 0.2916, 0.4341, 0.4640, 0.6671, 0.2271, 0.7497, 0.7462,
        0.3453, 0.4149, 0.9127, 0.9215, 0.5023, 0.0763, 0.8418, 0.7596, 0.5573,
        0.4440, 0.2255, 0.6576, 0.2394, 0.6199, 0.5658, 0.8363, 0.9535, 0.1055,
        0.5220, 0.2169, 0.6240, 0.8728, 0.4526, 0.6577, 0.7507, 0.8391, 0.4036,
        0.1218, 0.7371, 0.1493, 0.3077, 0.6465, 0.5780, 0.5300, 0.5564, 0.2649]), tensor([0.2594, 0.8453, 0.5187, 0.6846, 0.9492, 0.0981, 0.3829, 0.4373, 0.2464,
        0.3309, 0.9072, 0.7901, 0.0246, 0.7171, 0.4654, 0.7950, 0.7372, 0.5783,
        0.6992, 0.9621, 0.0389, 0.7144, 0.3174, 0.1360, 0.8524, 0.0636, 0.5178,
        0.1294, 0.0478, 0.2916, 0.4341, 0.4640, 0.6671, 0.2271, 0.7497, 0.7462,
        0.3453, 0.4149, 0.9127, 0.9215, 0.5023, 0.0763, 0.8418, 0.7596, 0.5573,
        0.4440, 0.2255, 0.6576, 0.2394, 0.6199, 0.5658, 0.8363, 0.9535, 0.1055,
        0.5779, 0.4818, 0.7791, 0.8561, 0.9656, 0.8988, 0.8411, 0.4993, 0.7125,
        0.7270, 0.5719, 0.6595, 0.8556, 0.4513, 0.9117, 0.1295, 0.5102, 0.9150])]
Prediction training values: [tensor([ 0.6631,  0.9371,  0.1925,  0.6931,  0.3908,  0.2244,  0.8000,  0.2179,
         0.6441,  0.2724,  0.1590,  0.3032,  0.4961,  0.6400,  0.6799,  0.2892,
         0.7231,  0.7871,  0.3176,  0.3755,  0.8494,  0.8102,  0.5010,  0.2193,
         0.7998,  0.6839,  0.6268,  0.3218,  0.0765,  0.6726,  0.3968,  0.6723,
         0.6303,  0.8041,  0.9544,  0.2152,  0.7085,  0.5407,  0.8552,  0.8586,
         0.9516,  0.9347,  0.8127,  0.6926,  0.7420,  0.7493,  0.6430,  0.6946,
         0.8534,  0.5622,  0.8413,  0.2526,  0.5305,  0.9051,  0.5564,  0.2290,
         0.5371,  0.7966,  0.4632,  0.6160,  0.6869,  0.5915,  0.4230, -0.1458,
         0.5918,  0.0051,  0.2518,  0.5246,  0.5411,  0.5377,  0.5544,  0.3015]), tensor([0.4588, 0.9835, 0.6416, 0.8243, 1.0771, 0.2066, 0.4529, 0.5737, 0.2314,
        0.3679, 0.9977, 0.7036, 0.2430, 0.8132, 0.6643, 1.0015, 0.9434, 0.7886,
        0.5072, 0.7109, 1.1489, 1.0298, 0.7489, 0.4014, 1.0992, 1.0297, 0.7486,
        0.8069, 0.5124, 0.8353, 0.4163, 0.8078, 0.7579, 0.9981, 1.0681, 0.2757,
        0.7202, 0.6352, 0.9322, 0.9593, 1.1679, 1.0724, 0.9491, 0.6288, 0.8453,
        0.8722, 0.6588, 0.7469, 0.9101, 0.5245, 0.9471, 0.1669, 0.5543, 0.9795,
        0.5773, 0.2722, 0.6540, 0.8665, 0.4578, 0.7016, 0.7010, 0.8559, 0.3665,
        0.0906, 0.6609, 0.0136, 0.2179, 0.4930, 0.5905, 0.5641, 0.6719, 0.4146]), tensor([0.3864, 0.8541, 0.7199, 0.6919, 0.9161, 0.2193, 0.7480, 0.5605, 0.5777,
        0.6084, 1.0564, 1.1102, 0.1485, 0.8991, 0.6221, 0.8352, 0.8005, 0.7126,
        0.7017, 0.9928, 0.1740, 0.7770, 0.4770, 0.2793, 0.8720, 0.2958, 0.7671,
        0.4157, 0.3811, 0.6730, 0.8093, 0.5768, 0.8026, 0.4392, 0.8289, 0.8494,
        0.7754, 0.6822, 0.8781, 0.9181, 1.2881, 1.0484, 0.8130, 0.5765, 0.7509,
        0.7129, 0.6202, 0.7112, 0.8519, 0.4762, 0.8764, 0.1239, 0.4711, 0.9289,
        0.4811, 0.2078, 0.5964, 0.8206, 0.4432, 0.6442, 0.7192, 0.9196, 0.4260,
        0.2637, 0.7696, 0.2228, 0.3528, 0.7049, 0.5935, 0.5682, 0.6053, 0.3881]), tensor([0.3016, 0.8373, 0.5033, 0.7608, 0.8922, 0.1496, 0.2451, 0.5065, 0.0456,
        0.4079, 0.9558, 0.7934, 0.0490, 0.7619, 0.5914, 0.8704, 0.8288, 0.6890,
        0.8131, 1.0689, 0.2772, 0.7704, 0.4555, 0.3530, 0.8080, 0.4550, 0.6569,
        0.4642, 0.1753, 0.3849, 0.4292, 0.5428, 0.6348, 0.1651, 0.7179, 0.7687,
        0.2551, 0.1972, 0.8316, 0.7991, 0.4346, 0.0707, 0.7357, 0.6226, 0.5846,
        0.1797, 0.1032, 0.6605, 0.2270, 0.7004, 0.5670, 0.8305, 0.9016, 0.1190,
        0.5994, 0.3444, 0.7055, 0.8600, 0.5300, 0.7456, 0.8101, 1.1802, 0.5225,
        0.3570, 0.8626, 0.3467, 0.3966, 0.8285, 0.6072, 0.5269, 0.5834, 0.3220]), tensor([0.4736, 0.7884, 0.6321, 0.7376, 0.7573, 0.1771, 0.4877, 0.6126, 0.1570,
        0.4892, 0.8813, 0.9088, 0.2813, 0.8344, 0.5396, 0.7766, 0.8710, 0.6782,
        0.8150, 1.0870, 0.2336, 0.7689, 0.4893, 0.2899, 0.8581, 0.1187, 0.6373,
        0.2342, 0.2124, 0.2519, 0.5152, 0.4833, 0.7276, 0.3218, 0.8513, 0.9216,
        0.4825, 0.4068, 0.9263, 0.7991, 0.6569, 0.4768, 1.0209, 0.8876, 0.7296,
        0.6043, 0.5288, 0.8368, 0.4420, 0.8604, 0.7931, 1.0056, 0.9644, 0.4009,
        0.7606, 0.6995, 0.9772, 1.1407, 1.5494, 1.1065, 0.9333, 0.6963, 0.7908,
        0.7603, 0.7354, 0.7665, 0.8738, 0.5133, 0.9497, 0.1791, 0.5561, 0.9200])]
Target values: [array([0.25936916, 0.84525365, 0.518717  , 0.6846425 , 0.9491663 ,
       0.09805249, 0.38285765, 0.4372734 , 0.24636388, 0.33092642,
       0.9071598 , 0.7900961 , 0.02463444, 0.71714455, 0.46544507,
       0.79497874, 0.73719215, 0.57832706], dtype=float32), array([0.69921327, 0.96213573, 0.03887437, 0.71435624, 0.31742746,
       0.1360485 , 0.8524316 , 0.06358391, 0.51780254, 0.12937951,
       0.04781396, 0.29163042, 0.43409458, 0.46398443, 0.6671056 ,
       0.22711647, 0.7497406 , 0.7462256 ], dtype=float32), array([0.34531343, 0.41493568, 0.912732  , 0.9215425 , 0.50225437,
       0.07633217, 0.8417677 , 0.75962484, 0.55726975, 0.44401234,
       0.2254639 , 0.6576234 , 0.23939352, 0.6198749 , 0.5658469 ,
       0.83626515, 0.95346546, 0.10552448], dtype=float32), array([0.5778506 , 0.48182514, 0.77910316, 0.85610735, 0.96564525,
       0.89876264, 0.84113044, 0.4993471 , 0.71252435, 0.72703534,
       0.57190746, 0.659493  , 0.85557973, 0.45128736, 0.9116711 ,
       0.12948532, 0.51015127, 0.91498566], dtype=float32), array([0.5220161 , 0.21692123, 0.62399   , 0.8728059 , 0.45263878,
       0.65769196, 0.75073236, 0.8390776 , 0.40355092, 0.12180944,
       0.73709923, 0.14931566, 0.30766785, 0.6464906 , 0.578045  ,
       0.52996147, 0.55641776, 0.2649091 ], dtype=float32)]
Prediction values: [array([0.64368993, 0.67798895, 0.41012824, 0.6754767 , 0.7118831 ,
       0.52214414, 0.14482471, 0.5152251 , 0.4526288 , 0.16078016,
       0.49890476, 0.36956564, 0.62782604, 0.17866652, 0.6855238 ,
       0.7206491 , 0.5313584 , 0.5259093 ], dtype=float32), array([0.5085034 , 0.70560545, 0.6785815 , 0.7961378 , 0.74195373,
       0.7248471 , 0.84552217, 0.64819545, 0.7800274 , 0.66220665,
       0.58968073, 0.55660605, 0.8174374 , 0.8431028 , 0.76647115,
       0.6382439 , 0.52813613, 0.64983517], dtype=float32), array([0.6468027 , 0.72761923, 0.7371359 , 0.7156567 , 0.70504993,
       0.6298865 , 0.63595647, 0.6350434 , 0.7426438 , 0.73525506,
       0.5886314 , 0.77966535, 0.82805043, 0.68494236, 0.600215  ,
       0.61516744, 0.72072655, 0.71875674], dtype=float32), array([0.47006175, 0.5743814 , 0.54242826, 0.6038312 , 0.4535981 ,
       0.63782614, 0.7505702 , 0.7271779 , 0.69342333, 0.804414  ,
       0.6599828 , 0.5471924 , 0.56178707, 0.5658921 , 0.6373753 ,
       0.6202106 , 0.5687151 , 0.53729856], dtype=float32), array([0.78766847, 0.69567573, 0.7419233 , 0.80616146, 0.8323235 ,
       0.7724015 , 0.7739358 , 0.6525794 , 0.89513445, 0.5880793 ,
       0.6400786 , 0.7495762 , 0.4791984 , 0.6956519 , 0.76512855,
       0.78492475, 0.7649631 , 0.6923805 ], dtype=float32)]
Time taken: 59189.29477381706 seconds
