sh: line 1: logger: command not found
/apps/conda/25.3.1/etc/profile.d/conda.sh: line 69: dirname: command not found
/apps/conda/25.3.1/etc/profile.d/conda.sh: line 69: dirname: command not found
/apps/conda/25.3.1/etc/profile.d/mamba.sh: line 59: basename: command not found
Error unknown MAMBA_EXE: "/apps/conda/25.3.1/bin/mamba", filename must be mamba or micromamba
Lmod has detected the following error: This module can only be used on RHEL9
nodes. 
While processing the following module(s):
    Module fullname  Module Filename
    ---------------  ---------------
    gcc/14.2.0       /apps/lmod/modulefiles/core/gcc/14.2.0.lua

pointnet_isthmuscingulate_fs_37.py
/blue/stevenweisberg/ashishkumarsahoo/hippocampAI/conda_pyg_070923/lib/python3.8/site-packages/torch/cuda/__init__.py:155: UserWarning: 
NVIDIA B200 with CUDA capability sm_100 is not compatible with the current PyTorch installation.
The current PyTorch install supports CUDA capabilities sm_37 sm_50 sm_60 sm_61 sm_70 sm_75 sm_80 sm_86 compute_37.
If you want to use the NVIDIA B200 GPU with PyTorch, please check the instructions at https://pytorch.org/get-started/locally/

  warnings.warn(incompatible_device_warn.format(device_name, capability, " ".join(arch_list), device_name))
Number of GPUs available for training: 1
Fold 1
Epoch: 00, Training Loss: 0.1408, Train MSE: 0.1408, r (train): 0.2409, Test MSE: 0.1124, r (test): 0.3382
Epoch: 01, Training Loss: 0.1140, Train MSE: 0.1140, r (train): 0.1752, Test MSE: 0.0922, r (test): 0.2258
Epoch: 02, Training Loss: 0.0674, Train MSE: 0.0674, r (train): 0.4006, Test MSE: 0.0621, r (test): -0.0152
Epoch: 03, Training Loss: 0.0691, Train MSE: 0.0691, r (train): 0.3712, Test MSE: 0.0667, r (test): 0.0265
Epoch: 04, Training Loss: 0.0684, Train MSE: 0.0684, r (train): 0.3782, Test MSE: 0.0718, r (test): -0.0624
Epoch: 05, Training Loss: 0.0718, Train MSE: 0.0718, r (train): 0.4135, Test MSE: 0.0761, r (test): 0.0048
Epoch: 06, Training Loss: 0.0681, Train MSE: 0.0681, r (train): 0.4269, Test MSE: 0.0730, r (test): -0.0038
Epoch: 07, Training Loss: 0.0763, Train MSE: 0.0763, r (train): 0.4357, Test MSE: 0.0848, r (test): 0.0122
Epoch: 08, Training Loss: 0.0684, Train MSE: 0.0684, r (train): 0.4419, Test MSE: 0.0734, r (test): 0.0771
Epoch: 09, Training Loss: 0.0776, Train MSE: 0.0776, r (train): 0.4256, Test MSE: 0.0928, r (test): -0.0576
Epoch: 10, Training Loss: 0.0655, Train MSE: 0.0655, r (train): 0.4524, Test MSE: 0.0724, r (test): 0.0502
Epoch: 11, Training Loss: 0.0689, Train MSE: 0.0689, r (train): 0.4698, Test MSE: 0.0885, r (test): -0.0977
Epoch: 12, Training Loss: 0.0663, Train MSE: 0.0663, r (train): 0.4700, Test MSE: 0.0948, r (test): -0.1504
Epoch: 13, Training Loss: 0.0795, Train MSE: 0.0795, r (train): 0.4758, Test MSE: 0.1535, r (test): -0.2365
Epoch: 14, Training Loss: 0.0622, Train MSE: 0.0622, r (train): 0.5165, Test MSE: 0.0846, r (test): -0.1021
Epoch: 15, Training Loss: 0.0578, Train MSE: 0.0578, r (train): 0.5099, Test MSE: 0.0629, r (test): 0.1826
Epoch: 16, Training Loss: 0.0771, Train MSE: 0.0771, r (train): 0.4727, Test MSE: 0.1090, r (test): -0.1341
Epoch: 17, Training Loss: 0.1396, Train MSE: 0.1396, r (train): 0.2615, Test MSE: 0.3470, r (test): -0.2689
Epoch: 18, Training Loss: 0.0633, Train MSE: 0.0633, r (train): 0.4727, Test MSE: 0.0623, r (test): 0.3836
Epoch: 19, Training Loss: 0.0538, Train MSE: 0.0538, r (train): 0.5487, Test MSE: 0.0619, r (test): 0.1037
Epoch: 20, Training Loss: 0.0659, Train MSE: 0.0659, r (train): 0.5755, Test MSE: 0.0891, r (test): -0.0162
Epoch: 21, Training Loss: 0.0650, Train MSE: 0.0650, r (train): 0.6424, Test MSE: 0.1096, r (test): -0.1593
Epoch: 22, Training Loss: 0.0506, Train MSE: 0.0506, r (train): 0.5751, Test MSE: 0.0593, r (test): 0.1042
Epoch: 23, Training Loss: 0.0679, Train MSE: 0.0679, r (train): 0.4488, Test MSE: 0.0855, r (test): -0.2094
Epoch: 24, Training Loss: 0.0566, Train MSE: 0.0566, r (train): 0.5033, Test MSE: 0.1085, r (test): -0.2285
Epoch: 25, Training Loss: 0.0492, Train MSE: 0.0492, r (train): 0.6335, Test MSE: 0.0986, r (test): -0.1864
Epoch: 26, Training Loss: 0.0533, Train MSE: 0.0533, r (train): 0.7653, Test MSE: 0.2081, r (test): -0.2548
Epoch: 27, Training Loss: 0.0573, Train MSE: 0.0573, r (train): 0.8024, Test MSE: 0.2939, r (test): -0.2821
Epoch: 28, Training Loss: 0.0467, Train MSE: 0.0467, r (train): 0.8426, Test MSE: 0.1290, r (test): -0.1899
Epoch: 29, Training Loss: 0.0328, Train MSE: 0.0328, r (train): 0.8694, Test MSE: 0.1143, r (test): -0.1719
Epoch: 30, Training Loss: 0.0431, Train MSE: 0.0431, r (train): 0.8561, Test MSE: 0.2516, r (test): -0.2651
Epoch: 31, Training Loss: 0.0930, Train MSE: 0.0930, r (train): 0.8067, Test MSE: 0.1507, r (test): -0.1148
Epoch: 32, Training Loss: 0.0183, Train MSE: 0.0183, r (train): 0.8799, Test MSE: 0.0488, r (test): 0.4390
Epoch: 33, Training Loss: 0.0290, Train MSE: 0.0290, r (train): 0.7950, Test MSE: 0.0606, r (test): 0.1140
Epoch: 34, Training Loss: 0.0364, Train MSE: 0.0364, r (train): 0.9017, Test MSE: 0.0795, r (test): 0.1447
Epoch: 35, Training Loss: 0.0426, Train MSE: 0.0426, r (train): 0.9355, Test MSE: 0.0833, r (test): 0.2759
Epoch: 36, Training Loss: 0.0189, Train MSE: 0.0189, r (train): 0.8866, Test MSE: 0.0500, r (test): 0.4383
Epoch: 37, Training Loss: 0.0132, Train MSE: 0.0132, r (train): 0.9110, Test MSE: 0.0635, r (test): 0.1497
Epoch: 38, Training Loss: 0.0356, Train MSE: 0.0356, r (train): 0.9145, Test MSE: 0.0648, r (test): 0.4938
Epoch: 39, Training Loss: 0.0150, Train MSE: 0.0150, r (train): 0.9086, Test MSE: 0.0458, r (test): 0.4755
Epoch: 40, Training Loss: 0.0273, Train MSE: 0.0273, r (train): 0.8201, Test MSE: 0.0515, r (test): 0.4086
Epoch: 41, Training Loss: 0.0159, Train MSE: 0.0159, r (train): 0.9114, Test MSE: 0.0431, r (test): 0.5249
Epoch: 42, Training Loss: 0.0461, Train MSE: 0.0461, r (train): 0.9154, Test MSE: 0.0674, r (test): 0.5575
Epoch: 43, Training Loss: 0.0330, Train MSE: 0.0330, r (train): 0.9384, Test MSE: 0.0795, r (test): 0.2398
Epoch: 44, Training Loss: 0.0294, Train MSE: 0.0294, r (train): 0.7914, Test MSE: 0.0614, r (test): 0.2147
Epoch: 45, Training Loss: 0.0416, Train MSE: 0.0416, r (train): 0.9277, Test MSE: 0.0787, r (test): 0.2941
Epoch: 46, Training Loss: 0.0888, Train MSE: 0.0888, r (train): 0.9328, Test MSE: 0.1263, r (test): 0.3332
Epoch: 47, Training Loss: 0.0707, Train MSE: 0.0707, r (train): 0.9426, Test MSE: 0.1035, r (test): 0.4691
Epoch: 48, Training Loss: 0.0122, Train MSE: 0.0122, r (train): 0.9272, Test MSE: 0.0454, r (test): 0.4908
Epoch: 49, Training Loss: 0.0488, Train MSE: 0.0488, r (train): 0.9236, Test MSE: 0.0779, r (test): 0.4326
Epoch: 50, Training Loss: 0.0510, Train MSE: 0.0510, r (train): 0.9095, Test MSE: 0.0749, r (test): 0.5159
Epoch: 51, Training Loss: 0.0175, Train MSE: 0.0175, r (train): 0.8943, Test MSE: 0.0587, r (test): 0.4294
Epoch: 52, Training Loss: 0.0212, Train MSE: 0.0212, r (train): 0.9231, Test MSE: 0.0596, r (test): 0.3361
Epoch: 53, Training Loss: 0.0708, Train MSE: 0.0708, r (train): 0.9293, Test MSE: 0.1373, r (test): -0.1035
Epoch: 54, Training Loss: 0.0715, Train MSE: 0.0715, r (train): 0.9092, Test MSE: 0.1527, r (test): -0.1932
Epoch: 55, Training Loss: 0.0702, Train MSE: 0.0702, r (train): 0.9237, Test MSE: 0.1258, r (test): 0.0750
Epoch: 56, Training Loss: 0.0524, Train MSE: 0.0524, r (train): 0.9331, Test MSE: 0.1248, r (test): -0.0339
Epoch: 57, Training Loss: 0.0242, Train MSE: 0.0242, r (train): 0.9204, Test MSE: 0.0675, r (test): 0.3022
Epoch: 58, Training Loss: 0.0107, Train MSE: 0.0107, r (train): 0.9275, Test MSE: 0.0625, r (test): 0.1976
Epoch: 59, Training Loss: 0.0154, Train MSE: 0.0154, r (train): 0.9300, Test MSE: 0.0622, r (test): 0.1970
Epoch: 60, Training Loss: 0.0321, Train MSE: 0.0321, r (train): 0.9286, Test MSE: 0.1026, r (test): -0.0673
Epoch: 61, Training Loss: 0.0681, Train MSE: 0.0681, r (train): 0.9258, Test MSE: 0.1355, r (test): -0.0021
Epoch: 62, Training Loss: 0.0426, Train MSE: 0.0426, r (train): 0.9430, Test MSE: 0.1032, r (test): 0.0438
Epoch: 63, Training Loss: 0.0209, Train MSE: 0.0209, r (train): 0.9399, Test MSE: 0.0641, r (test): 0.2502
Epoch: 64, Training Loss: 0.0180, Train MSE: 0.0180, r (train): 0.9051, Test MSE: 0.0639, r (test): 0.3394
Epoch: 65, Training Loss: 0.0219, Train MSE: 0.0219, r (train): 0.8949, Test MSE: 0.0639, r (test): 0.1534
Epoch: 66, Training Loss: 0.0103, Train MSE: 0.0103, r (train): 0.9294, Test MSE: 0.0736, r (test): -0.0133
Epoch: 67, Training Loss: 0.0188, Train MSE: 0.0188, r (train): 0.9370, Test MSE: 0.0649, r (test): 0.2213
Epoch: 68, Training Loss: 0.0131, Train MSE: 0.0131, r (train): 0.9329, Test MSE: 0.0628, r (test): 0.4151
Epoch: 69, Training Loss: 0.0261, Train MSE: 0.0261, r (train): 0.9018, Test MSE: 0.0697, r (test): 0.3610
Epoch: 70, Training Loss: 0.0234, Train MSE: 0.0234, r (train): 0.8992, Test MSE: 0.0691, r (test): 0.1583
Epoch: 71, Training Loss: 0.0159, Train MSE: 0.0159, r (train): 0.8948, Test MSE: 0.0828, r (test): -0.1591
Epoch: 72, Training Loss: 0.0374, Train MSE: 0.0374, r (train): 0.9070, Test MSE: 0.1005, r (test): -0.0373
Epoch: 73, Training Loss: 0.0538, Train MSE: 0.0538, r (train): 0.9146, Test MSE: 0.1188, r (test): -0.0061
Epoch: 74, Training Loss: 0.0642, Train MSE: 0.0642, r (train): 0.9032, Test MSE: 0.1181, r (test): 0.0446
Epoch: 75, Training Loss: 0.0419, Train MSE: 0.0419, r (train): 0.9080, Test MSE: 0.0805, r (test): 0.1545
Epoch: 76, Training Loss: 0.0734, Train MSE: 0.0734, r (train): 0.9169, Test MSE: 0.1282, r (test): -0.0634
Epoch: 77, Training Loss: 0.1184, Train MSE: 0.1184, r (train): 0.9052, Test MSE: 0.1544, r (test): 0.0896
Epoch: 78, Training Loss: 0.0792, Train MSE: 0.0792, r (train): 0.9204, Test MSE: 0.1246, r (test): 0.3385
Epoch: 79, Training Loss: 0.0339, Train MSE: 0.0339, r (train): 0.9112, Test MSE: 0.0789, r (test): 0.2378
Epoch: 80, Training Loss: 0.0524, Train MSE: 0.0524, r (train): 0.8816, Test MSE: 0.0857, r (test): 0.2765
Epoch: 81, Training Loss: 0.0391, Train MSE: 0.0391, r (train): 0.8897, Test MSE: 0.0696, r (test): 0.3942
Epoch: 82, Training Loss: 0.0150, Train MSE: 0.0150, r (train): 0.9082, Test MSE: 0.0558, r (test): 0.3389
Epoch: 83, Training Loss: 0.0193, Train MSE: 0.0193, r (train): 0.8922, Test MSE: 0.0763, r (test): -0.0151
Epoch: 84, Training Loss: 0.0348, Train MSE: 0.0348, r (train): 0.8832, Test MSE: 0.1009, r (test): -0.1236
Epoch: 85, Training Loss: 0.0178, Train MSE: 0.0178, r (train): 0.9098, Test MSE: 0.0525, r (test): 0.4284
Epoch: 86, Training Loss: 0.0167, Train MSE: 0.0167, r (train): 0.9008, Test MSE: 0.0631, r (test): 0.3970
Epoch: 87, Training Loss: 0.0157, Train MSE: 0.0157, r (train): 0.9139, Test MSE: 0.0649, r (test): 0.2685
Epoch: 88, Training Loss: 0.0220, Train MSE: 0.0220, r (train): 0.8975, Test MSE: 0.0618, r (test): 0.3361
Epoch: 89, Training Loss: 0.0234, Train MSE: 0.0234, r (train): 0.9095, Test MSE: 0.0715, r (test): 0.1449
Epoch: 90, Training Loss: 0.0806, Train MSE: 0.0806, r (train): 0.8990, Test MSE: 0.1377, r (test): -0.0058
Epoch: 91, Training Loss: 0.1098, Train MSE: 0.1098, r (train): 0.9063, Test MSE: 0.1714, r (test): -0.0329
Epoch: 92, Training Loss: 0.0775, Train MSE: 0.0775, r (train): 0.9019, Test MSE: 0.1200, r (test): 0.2117
Epoch: 93, Training Loss: 0.0574, Train MSE: 0.0574, r (train): 0.9036, Test MSE: 0.1189, r (test): 0.1215
Epoch: 94, Training Loss: 0.0413, Train MSE: 0.0413, r (train): 0.9155, Test MSE: 0.0930, r (test): 0.2630
Epoch: 95, Training Loss: 0.0288, Train MSE: 0.0288, r (train): 0.9108, Test MSE: 0.0925, r (test): -0.0125
Epoch: 96, Training Loss: 0.0169, Train MSE: 0.0169, r (train): 0.9277, Test MSE: 0.0610, r (test): 0.3023
Epoch: 97, Training Loss: 0.0171, Train MSE: 0.0171, r (train): 0.8944, Test MSE: 0.0466, r (test): 0.4648
Epoch: 98, Training Loss: 0.0244, Train MSE: 0.0244, r (train): 0.8976, Test MSE: 0.1055, r (test): 0.4008
Epoch: 99, Training Loss: 0.0193, Train MSE: 0.0193, r (train): 0.8873, Test MSE: 0.0579, r (test): 0.3918
Predicted tensors for training set: 
tensor([ 0.7601,  0.2362,  0.3697,  0.3356,  0.4531,  0.4327,  0.3641,  0.0188,
         0.7149,  0.6788,  0.3986,  0.4903, -0.0966,  0.5043,  0.2567,  0.4992,
         0.1799,  0.3679,  0.6946,  0.7668,  0.1609,  0.6191,  0.3591,  0.7215,
         0.2194,  0.1993,  0.8781,  0.0946,  0.2041,  0.5315,  0.9884,  0.0868,
         0.7037,  0.7363,  0.4856,  0.8533,  0.4865,  0.7168,  0.8294,  0.5655,
         0.8095,  0.8787,  0.8567,  0.2983,  0.2336,  0.8067,  0.6409,  1.0961,
         0.8170,  0.4502,  0.5306,  0.5701,  0.4827,  0.1754,  0.6046,  0.4209,
         0.4216,  0.6604,  0.2619,  0.7048,  0.6176,  0.2988,  0.2756,  0.2615,
        -0.2430,  0.4963,  0.6762,  0.6971,  0.7163,  0.1451,  0.5614,  0.3272])
Target tensorsfor training set: 
tensor([0.9535, 0.2649, 0.4341, 0.2916, 0.5187, 0.5220, 0.4440, 0.0389, 0.8728,
        0.7901, 0.5102, 0.5573, 0.1218, 0.6595, 0.4993, 0.6992, 0.2464, 0.4036,
        0.8453, 0.8561, 0.1493, 0.7125, 0.3309, 0.7171, 0.2594, 0.1294, 0.9127,
        0.0246, 0.2394, 0.5178, 0.9492, 0.0763, 0.6240, 0.6846, 0.3174, 0.8391,
        0.3829, 0.5783, 0.8363, 0.5023, 0.7507, 0.8556, 0.7497, 0.0981, 0.1360,
        0.7372, 0.6199, 0.8988, 0.9117, 0.4149, 0.5719, 0.4513, 0.4818, 0.0478,
        0.7791, 0.5658, 0.5300, 0.9621, 0.4526, 0.9215, 0.8524, 0.4654, 0.5564,
        0.5779, 0.1055, 0.7462, 0.8418, 0.9150, 0.9072, 0.1295, 0.6576, 0.2271])
Correlation for training set: 0.8873270394797862
Predicted tensors for test set: 
tensor([0.5069, 0.2517, 0.4587, 0.3818, 0.4581, 0.4417, 0.5954, 0.2590, 0.4579,
        0.6215, 0.5455, 0.4399, 0.6361, 0.5345, 0.5024, 0.3620, 0.5270, 0.5661])
Target tensors for test set: 
tensor([0.7371, 0.6671, 0.0636, 0.4373, 0.7144, 0.3453, 0.6465, 0.2255, 0.3077,
        0.7950, 0.9656, 0.2169, 0.5780, 0.4640, 0.7596, 0.7270, 0.6577, 0.8411])
Correlation for test set: 0.3917935066469255
Fold 2
Epoch: 00, Training Loss: 0.0800, Train MSE: 0.0800, r (train): 0.2711, Test MSE: 0.0600, r (test): 0.2608
Epoch: 01, Training Loss: 0.1219, Train MSE: 0.1219, r (train): 0.0579, Test MSE: 0.1022, r (test): 0.4251
Epoch: 02, Training Loss: 0.1285, Train MSE: 0.1285, r (train): -0.0217, Test MSE: 0.2558, r (test): -0.3574
Epoch: 03, Training Loss: 0.0762, Train MSE: 0.0762, r (train): 0.3272, Test MSE: 0.0843, r (test): 0.1363
Epoch: 04, Training Loss: 0.0643, Train MSE: 0.0643, r (train): 0.3907, Test MSE: 0.0577, r (test): 0.3746
Epoch: 05, Training Loss: 0.0642, Train MSE: 0.0642, r (train): 0.4840, Test MSE: 0.0694, r (test): 0.2538
Epoch: 06, Training Loss: 0.0698, Train MSE: 0.0698, r (train): 0.4091, Test MSE: 0.0970, r (test): -0.1254
Epoch: 07, Training Loss: 0.0686, Train MSE: 0.0686, r (train): 0.4821, Test MSE: 0.0954, r (test): -0.0016
Epoch: 08, Training Loss: 0.0697, Train MSE: 0.0697, r (train): 0.5349, Test MSE: 0.0845, r (test): 0.3270
Epoch: 09, Training Loss: 0.0656, Train MSE: 0.0656, r (train): 0.3974, Test MSE: 0.0957, r (test): -0.1701
Epoch: 10, Training Loss: 0.1004, Train MSE: 0.1004, r (train): 0.2457, Test MSE: 0.0970, r (test): 0.3654
Epoch: 11, Training Loss: 0.0843, Train MSE: 0.0843, r (train): 0.1655, Test MSE: 0.1472, r (test): -0.3904
Epoch: 12, Training Loss: 0.0701, Train MSE: 0.0701, r (train): 0.4813, Test MSE: 0.0890, r (test): 0.2321
Epoch: 13, Training Loss: 0.0616, Train MSE: 0.0616, r (train): 0.5129, Test MSE: 0.0732, r (test): 0.2845
Epoch: 14, Training Loss: 0.0641, Train MSE: 0.0641, r (train): 0.5009, Test MSE: 0.1038, r (test): -0.1969
Epoch: 15, Training Loss: 0.0658, Train MSE: 0.0658, r (train): 0.5933, Test MSE: 0.0944, r (test): 0.1585
Epoch: 16, Training Loss: 0.0616, Train MSE: 0.0616, r (train): 0.5661, Test MSE: 0.0935, r (test): 0.0618
Epoch: 17, Training Loss: 0.0662, Train MSE: 0.0662, r (train): 0.5956, Test MSE: 0.0929, r (test): 0.2417
Epoch: 18, Training Loss: 0.0578, Train MSE: 0.0578, r (train): 0.5748, Test MSE: 0.0923, r (test): 0.0028
Epoch: 19, Training Loss: 0.0634, Train MSE: 0.0634, r (train): 0.6450, Test MSE: 0.0949, r (test): 0.1938
Epoch: 20, Training Loss: 0.0541, Train MSE: 0.0541, r (train): 0.6113, Test MSE: 0.0878, r (test): 0.1031
Epoch: 21, Training Loss: 0.0656, Train MSE: 0.0656, r (train): 0.6542, Test MSE: 0.1041, r (test): 0.1457
Epoch: 22, Training Loss: 0.0493, Train MSE: 0.0493, r (train): 0.6403, Test MSE: 0.0871, r (test): 0.0498
Epoch: 23, Training Loss: 0.0643, Train MSE: 0.0643, r (train): 0.6913, Test MSE: 0.1075, r (test): 0.1421
Epoch: 24, Training Loss: 0.0446, Train MSE: 0.0446, r (train): 0.6986, Test MSE: 0.0894, r (test): 0.0255
Epoch: 25, Training Loss: 0.0606, Train MSE: 0.0606, r (train): 0.7399, Test MSE: 0.1146, r (test): 0.1005
Epoch: 26, Training Loss: 0.0419, Train MSE: 0.0419, r (train): 0.7529, Test MSE: 0.0964, r (test): 0.0651
Epoch: 27, Training Loss: 0.0571, Train MSE: 0.0571, r (train): 0.7800, Test MSE: 0.1196, r (test): 0.0905
Epoch: 28, Training Loss: 0.0355, Train MSE: 0.0355, r (train): 0.7986, Test MSE: 0.0951, r (test): 0.0419
Epoch: 29, Training Loss: 0.0556, Train MSE: 0.0556, r (train): 0.8115, Test MSE: 0.1280, r (test): 0.1167
Epoch: 30, Training Loss: 0.0355, Train MSE: 0.0355, r (train): 0.7811, Test MSE: 0.1048, r (test): -0.0542
Epoch: 31, Training Loss: 0.0484, Train MSE: 0.0484, r (train): 0.8367, Test MSE: 0.1225, r (test): 0.0819
Epoch: 32, Training Loss: 0.0393, Train MSE: 0.0393, r (train): 0.8557, Test MSE: 0.1212, r (test): 0.0436
Epoch: 33, Training Loss: 0.0228, Train MSE: 0.0228, r (train): 0.8639, Test MSE: 0.1034, r (test): 0.0047
Epoch: 34, Training Loss: 0.0500, Train MSE: 0.0500, r (train): 0.8130, Test MSE: 0.1200, r (test): 0.0635
Epoch: 35, Training Loss: 0.0279, Train MSE: 0.0279, r (train): 0.8724, Test MSE: 0.1050, r (test): -0.1147
Epoch: 36, Training Loss: 0.0373, Train MSE: 0.0373, r (train): 0.9016, Test MSE: 0.1261, r (test): 0.0367
Epoch: 37, Training Loss: 0.0535, Train MSE: 0.0535, r (train): 0.8690, Test MSE: 0.1442, r (test): -0.0316
Epoch: 38, Training Loss: 0.0209, Train MSE: 0.0209, r (train): 0.8687, Test MSE: 0.1006, r (test): -0.0470
Epoch: 39, Training Loss: 0.0420, Train MSE: 0.0420, r (train): 0.7614, Test MSE: 0.1136, r (test): 0.0579
Epoch: 40, Training Loss: 0.0234, Train MSE: 0.0234, r (train): 0.8374, Test MSE: 0.0902, r (test): -0.0909
Epoch: 41, Training Loss: 0.0585, Train MSE: 0.0585, r (train): 0.8490, Test MSE: 0.1507, r (test): -0.0419
Epoch: 42, Training Loss: 0.0165, Train MSE: 0.0165, r (train): 0.9103, Test MSE: 0.1013, r (test): -0.0224
Epoch: 43, Training Loss: 0.0501, Train MSE: 0.0501, r (train): 0.9283, Test MSE: 0.1563, r (test): -0.0323
Epoch: 44, Training Loss: 0.0479, Train MSE: 0.0479, r (train): 0.9406, Test MSE: 0.1534, r (test): -0.0756
Epoch: 45, Training Loss: 0.0641, Train MSE: 0.0641, r (train): 0.9319, Test MSE: 0.1775, r (test): -0.0590
Epoch: 46, Training Loss: 0.0814, Train MSE: 0.0814, r (train): 0.9216, Test MSE: 0.2063, r (test): -0.0748
Epoch: 47, Training Loss: 0.1132, Train MSE: 0.1132, r (train): 0.9204, Test MSE: 0.2490, r (test): -0.0966
Epoch: 48, Training Loss: 0.1167, Train MSE: 0.1167, r (train): 0.9250, Test MSE: 0.2580, r (test): -0.1068
Epoch: 49, Training Loss: 0.1139, Train MSE: 0.1139, r (train): 0.9039, Test MSE: 0.2643, r (test): -0.1077
Epoch: 50, Training Loss: 0.1053, Train MSE: 0.1053, r (train): 0.8987, Test MSE: 0.2381, r (test): -0.1122
Epoch: 51, Training Loss: 0.0970, Train MSE: 0.0970, r (train): 0.9161, Test MSE: 0.2338, r (test): -0.0711
Epoch: 52, Training Loss: 0.0489, Train MSE: 0.0489, r (train): 0.8892, Test MSE: 0.1619, r (test): -0.1420
Epoch: 53, Training Loss: 0.0492, Train MSE: 0.0492, r (train): 0.8968, Test MSE: 0.1698, r (test): -0.1488
Epoch: 54, Training Loss: 0.0572, Train MSE: 0.0572, r (train): 0.8923, Test MSE: 0.1844, r (test): -0.2009
Epoch: 55, Training Loss: 0.0255, Train MSE: 0.0255, r (train): 0.8539, Test MSE: 0.1162, r (test): -0.0295
Epoch: 56, Training Loss: 0.0598, Train MSE: 0.0598, r (train): 0.9162, Test MSE: 0.1852, r (test): -0.0857
Epoch: 57, Training Loss: 0.0244, Train MSE: 0.0244, r (train): 0.8829, Test MSE: 0.1214, r (test): -0.1026
Epoch: 58, Training Loss: 0.0114, Train MSE: 0.0114, r (train): 0.9229, Test MSE: 0.1089, r (test): -0.2097
Epoch: 59, Training Loss: 0.0306, Train MSE: 0.0306, r (train): 0.9060, Test MSE: 0.0997, r (test): -0.2032
Epoch: 60, Training Loss: 0.0250, Train MSE: 0.0250, r (train): 0.9116, Test MSE: 0.0984, r (test): -0.1218
Epoch: 61, Training Loss: 0.0113, Train MSE: 0.0113, r (train): 0.9332, Test MSE: 0.0995, r (test): -0.0875
Epoch: 62, Training Loss: 0.0138, Train MSE: 0.0138, r (train): 0.9120, Test MSE: 0.0952, r (test): -0.0893
Epoch: 63, Training Loss: 0.0149, Train MSE: 0.0149, r (train): 0.9048, Test MSE: 0.0977, r (test): -0.1097
Epoch: 64, Training Loss: 0.0165, Train MSE: 0.0165, r (train): 0.9046, Test MSE: 0.0997, r (test): -0.1049
Epoch: 65, Training Loss: 0.0169, Train MSE: 0.0169, r (train): 0.8868, Test MSE: 0.1006, r (test): -0.1134
Epoch: 66, Training Loss: 0.0215, Train MSE: 0.0215, r (train): 0.8489, Test MSE: 0.1158, r (test): -0.2082
Epoch: 67, Training Loss: 0.0467, Train MSE: 0.0467, r (train): 0.8403, Test MSE: 0.1629, r (test): -0.1165
Epoch: 68, Training Loss: 0.0630, Train MSE: 0.0630, r (train): 0.8465, Test MSE: 0.1923, r (test): -0.1295
Epoch: 69, Training Loss: 0.0960, Train MSE: 0.0960, r (train): 0.8912, Test MSE: 0.2426, r (test): -0.0421
Epoch: 70, Training Loss: 0.1411, Train MSE: 0.1411, r (train): 0.8356, Test MSE: 0.3163, r (test): -0.2492
Epoch: 71, Training Loss: 0.0908, Train MSE: 0.0908, r (train): 0.8633, Test MSE: 0.2555, r (test): -0.3496
Epoch: 72, Training Loss: 0.0456, Train MSE: 0.0456, r (train): 0.8306, Test MSE: 0.1623, r (test): -0.2461
Epoch: 73, Training Loss: 0.0730, Train MSE: 0.0730, r (train): 0.9119, Test MSE: 0.1903, r (test): -0.0381
Epoch: 74, Training Loss: 0.1151, Train MSE: 0.1151, r (train): 0.7762, Test MSE: 0.2215, r (test): -0.1409
Epoch: 75, Training Loss: 0.0211, Train MSE: 0.0211, r (train): 0.9113, Test MSE: 0.1157, r (test): -0.1279
Epoch: 76, Training Loss: 0.0198, Train MSE: 0.0198, r (train): 0.9433, Test MSE: 0.1274, r (test): -0.2193
Epoch: 77, Training Loss: 0.0432, Train MSE: 0.0432, r (train): 0.9501, Test MSE: 0.1653, r (test): -0.3199
Epoch: 78, Training Loss: 0.0596, Train MSE: 0.0596, r (train): 0.9484, Test MSE: 0.1923, r (test): -0.2843
Epoch: 79, Training Loss: 0.0378, Train MSE: 0.0378, r (train): 0.9439, Test MSE: 0.1679, r (test): -0.2947
Epoch: 80, Training Loss: 0.0151, Train MSE: 0.0151, r (train): 0.9363, Test MSE: 0.1183, r (test): -0.3021
Epoch: 81, Training Loss: 0.0127, Train MSE: 0.0127, r (train): 0.9258, Test MSE: 0.1038, r (test): -0.2290
Epoch: 82, Training Loss: 0.0110, Train MSE: 0.0110, r (train): 0.9262, Test MSE: 0.0938, r (test): -0.1171
Epoch: 83, Training Loss: 0.0114, Train MSE: 0.0114, r (train): 0.9241, Test MSE: 0.0885, r (test): -0.1748
Epoch: 84, Training Loss: 0.0181, Train MSE: 0.0181, r (train): 0.9323, Test MSE: 0.0913, r (test): -0.1656
Epoch: 85, Training Loss: 0.0102, Train MSE: 0.0102, r (train): 0.9362, Test MSE: 0.0988, r (test): -0.2598
Epoch: 86, Training Loss: 0.0229, Train MSE: 0.0229, r (train): 0.9245, Test MSE: 0.1249, r (test): -0.1787
Epoch: 87, Training Loss: 0.0597, Train MSE: 0.0597, r (train): 0.9012, Test MSE: 0.1842, r (test): -0.1636
Epoch: 88, Training Loss: 0.0802, Train MSE: 0.0802, r (train): 0.9058, Test MSE: 0.2086, r (test): -0.2369
Epoch: 89, Training Loss: 0.0697, Train MSE: 0.0697, r (train): 0.9159, Test MSE: 0.1986, r (test): -0.3107
Epoch: 90, Training Loss: 0.0647, Train MSE: 0.0647, r (train): 0.8943, Test MSE: 0.1861, r (test): -0.1032
Epoch: 91, Training Loss: 0.0630, Train MSE: 0.0630, r (train): 0.8537, Test MSE: 0.1726, r (test): -0.1052
Epoch: 92, Training Loss: 0.0217, Train MSE: 0.0217, r (train): 0.9106, Test MSE: 0.1240, r (test): -0.2138
Epoch: 93, Training Loss: 0.0174, Train MSE: 0.0174, r (train): 0.9141, Test MSE: 0.0982, r (test): -0.2393
Epoch: 94, Training Loss: 0.0112, Train MSE: 0.0112, r (train): 0.9364, Test MSE: 0.1056, r (test): -0.3166
Epoch: 95, Training Loss: 0.0143, Train MSE: 0.0143, r (train): 0.9392, Test MSE: 0.0968, r (test): -0.2356
Epoch: 96, Training Loss: 0.0155, Train MSE: 0.0155, r (train): 0.9379, Test MSE: 0.1036, r (test): -0.2088
Epoch: 97, Training Loss: 0.0110, Train MSE: 0.0110, r (train): 0.9295, Test MSE: 0.1206, r (test): -0.2552
Epoch: 98, Training Loss: 0.0446, Train MSE: 0.0446, r (train): 0.9090, Test MSE: 0.1881, r (test): -0.2514
Epoch: 99, Training Loss: 0.0692, Train MSE: 0.0692, r (train): 0.9000, Test MSE: 0.2019, r (test): -0.1853
Predicted tensors for training set: 
tensor([0.7203, 0.6767, 0.2696, 0.5147, 0.8165, 0.4966, 0.7950, 0.2753, 0.4710,
        1.1270, 1.2648, 0.4826, 0.8411, 0.7185, 0.9219, 0.9014, 1.0302, 1.1512,
        0.9892, 1.1150, 0.4274, 0.9106, 0.5512, 0.9207, 0.4405, 0.4710, 1.0506,
        0.2663, 0.4204, 0.6810, 1.1604, 0.3213, 0.7325, 0.8329, 0.5210, 0.9387,
        0.5993, 0.7668, 1.0410, 0.6761, 1.0569, 1.0801, 1.0269, 0.4822, 0.5127,
        1.2089, 1.0484, 1.4550, 1.2474, 0.7827, 0.9267, 1.1138, 0.8875, 0.4568,
        1.1447, 0.7875, 0.7775, 1.2657, 0.9197, 1.1320, 1.1168, 0.6197, 0.7626,
        0.7673, 0.2385, 0.8561, 0.8937, 0.9298, 0.9228, 0.2925, 0.7520, 0.3697])
Target tensorsfor training set: 
tensor([0.7371, 0.6671, 0.0636, 0.4373, 0.7144, 0.3453, 0.6465, 0.2255, 0.3077,
        0.7950, 0.9656, 0.2169, 0.5780, 0.4640, 0.7596, 0.7270, 0.6577, 0.8411,
        0.8453, 0.8561, 0.1493, 0.7125, 0.3309, 0.7171, 0.2594, 0.1294, 0.9127,
        0.0246, 0.2394, 0.5178, 0.9492, 0.0763, 0.6240, 0.6846, 0.3174, 0.8391,
        0.3829, 0.5783, 0.8363, 0.5023, 0.7507, 0.8556, 0.7497, 0.0981, 0.1360,
        0.7372, 0.6199, 0.8988, 0.9117, 0.4149, 0.5719, 0.4513, 0.4818, 0.0478,
        0.7791, 0.5658, 0.5300, 0.9621, 0.4526, 0.9215, 0.8524, 0.4654, 0.5564,
        0.5779, 0.1055, 0.7462, 0.8418, 0.9150, 0.9072, 0.1295, 0.6576, 0.2271])
Correlation for training set: 0.8999872564569148
Predicted tensors for test set: 
tensor([0.5936, 0.6837, 0.6260, 1.3309, 1.0895, 0.5956, 0.7358, 0.8128, 0.7888,
        0.8568, 0.8416, 0.6899, 0.6216, 0.7042, 0.6363, 0.8697, 0.9951, 0.8486])
Target tensors for test set: 
tensor([0.9535, 0.2649, 0.4341, 0.2916, 0.5187, 0.5220, 0.4440, 0.0389, 0.8728,
        0.7901, 0.5102, 0.5573, 0.1218, 0.6595, 0.4993, 0.6992, 0.2464, 0.4036])
Correlation for test set: -0.18525424237896593
Fold 3
Epoch: 00, Training Loss: 0.0550, Train MSE: 0.0550, r (train): 0.4342, Test MSE: 0.1037, r (test): 0.0847
Epoch: 01, Training Loss: 0.0543, Train MSE: 0.0543, r (train): 0.5362, Test MSE: 0.1167, r (test): 0.0465
Epoch: 02, Training Loss: 0.0532, Train MSE: 0.0532, r (train): 0.5054, Test MSE: 0.1135, r (test): 0.0266
Epoch: 03, Training Loss: 0.0546, Train MSE: 0.0546, r (train): 0.5603, Test MSE: 0.1259, r (test): 0.0190
Epoch: 04, Training Loss: 0.0637, Train MSE: 0.0637, r (train): 0.5123, Test MSE: 0.1452, r (test): 0.0171
Epoch: 05, Training Loss: 0.0486, Train MSE: 0.0486, r (train): 0.5440, Test MSE: 0.1187, r (test): 0.0076
Epoch: 06, Training Loss: 0.0871, Train MSE: 0.0871, r (train): 0.4369, Test MSE: 0.1662, r (test): 0.0053
Epoch: 07, Training Loss: 0.0493, Train MSE: 0.0493, r (train): 0.5322, Test MSE: 0.1166, r (test): 0.0021
Epoch: 08, Training Loss: 0.0531, Train MSE: 0.0531, r (train): 0.4441, Test MSE: 0.1067, r (test): -0.0093
Epoch: 09, Training Loss: 0.0593, Train MSE: 0.0593, r (train): 0.5098, Test MSE: 0.1403, r (test): -0.0410
Epoch: 10, Training Loss: 0.0514, Train MSE: 0.0514, r (train): 0.4840, Test MSE: 0.1055, r (test): -0.0447
Epoch: 11, Training Loss: 0.0500, Train MSE: 0.0500, r (train): 0.6322, Test MSE: 0.1295, r (test): -0.0265
Epoch: 12, Training Loss: 0.0421, Train MSE: 0.0421, r (train): 0.6241, Test MSE: 0.1166, r (test): -0.0232
Epoch: 13, Training Loss: 0.0627, Train MSE: 0.0627, r (train): 0.3333, Test MSE: 0.1038, r (test): -0.0627
Epoch: 14, Training Loss: 0.0563, Train MSE: 0.0563, r (train): 0.6496, Test MSE: 0.1472, r (test): -0.0721
Epoch: 15, Training Loss: 0.0424, Train MSE: 0.0424, r (train): 0.6731, Test MSE: 0.1181, r (test): -0.0830
Epoch: 16, Training Loss: 0.0469, Train MSE: 0.0469, r (train): 0.7087, Test MSE: 0.1366, r (test): -0.0644
Epoch: 17, Training Loss: 0.0446, Train MSE: 0.0446, r (train): 0.7004, Test MSE: 0.1318, r (test): -0.0824
Epoch: 18, Training Loss: 0.0543, Train MSE: 0.0543, r (train): 0.6981, Test MSE: 0.1529, r (test): -0.0689
Epoch: 19, Training Loss: 0.0395, Train MSE: 0.0395, r (train): 0.6982, Test MSE: 0.1217, r (test): -0.0698
Epoch: 20, Training Loss: 0.0540, Train MSE: 0.0540, r (train): 0.7109, Test MSE: 0.1535, r (test): -0.0645
Epoch: 21, Training Loss: 0.0353, Train MSE: 0.0353, r (train): 0.7578, Test MSE: 0.1178, r (test): -0.0750
Epoch: 22, Training Loss: 0.0438, Train MSE: 0.0438, r (train): 0.8075, Test MSE: 0.1474, r (test): -0.1073
Epoch: 23, Training Loss: 0.0343, Train MSE: 0.0343, r (train): 0.8208, Test MSE: 0.1304, r (test): -0.0612
Epoch: 24, Training Loss: 0.0358, Train MSE: 0.0358, r (train): 0.8545, Test MSE: 0.1417, r (test): -0.0716
Epoch: 25, Training Loss: 0.0362, Train MSE: 0.0362, r (train): 0.8608, Test MSE: 0.1394, r (test): -0.0492
Epoch: 26, Training Loss: 0.0332, Train MSE: 0.0332, r (train): 0.8235, Test MSE: 0.1415, r (test): -0.0599
Epoch: 27, Training Loss: 0.0382, Train MSE: 0.0382, r (train): 0.8155, Test MSE: 0.1328, r (test): -0.0299
Epoch: 28, Training Loss: 0.0305, Train MSE: 0.0305, r (train): 0.8527, Test MSE: 0.1409, r (test): -0.0624
Epoch: 29, Training Loss: 0.0326, Train MSE: 0.0326, r (train): 0.8459, Test MSE: 0.1289, r (test): 0.0461
Epoch: 30, Training Loss: 0.0167, Train MSE: 0.0167, r (train): 0.8996, Test MSE: 0.1221, r (test): -0.0079
Epoch: 31, Training Loss: 0.0236, Train MSE: 0.0236, r (train): 0.8667, Test MSE: 0.1165, r (test): 0.0559
Epoch: 32, Training Loss: 0.0138, Train MSE: 0.0138, r (train): 0.9099, Test MSE: 0.1208, r (test): 0.0030
Epoch: 33, Training Loss: 0.0237, Train MSE: 0.0237, r (train): 0.9347, Test MSE: 0.1286, r (test): 0.0897
Epoch: 34, Training Loss: 0.0102, Train MSE: 0.0102, r (train): 0.9341, Test MSE: 0.1103, r (test): 0.1548
Epoch: 35, Training Loss: 0.0168, Train MSE: 0.0168, r (train): 0.9534, Test MSE: 0.1230, r (test): 0.1564
Epoch: 36, Training Loss: 0.0073, Train MSE: 0.0073, r (train): 0.9429, Test MSE: 0.1088, r (test): 0.0504
Epoch: 37, Training Loss: 0.0192, Train MSE: 0.0192, r (train): 0.9386, Test MSE: 0.1195, r (test): 0.1763
Epoch: 38, Training Loss: 0.0107, Train MSE: 0.0107, r (train): 0.9313, Test MSE: 0.1227, r (test): 0.0153
Epoch: 39, Training Loss: 0.0120, Train MSE: 0.0120, r (train): 0.9299, Test MSE: 0.1129, r (test): 0.0682
Epoch: 40, Training Loss: 0.0627, Train MSE: 0.0627, r (train): 0.9505, Test MSE: 0.1982, r (test): -0.0735
Epoch: 41, Training Loss: 0.0493, Train MSE: 0.0493, r (train): 0.9384, Test MSE: 0.1701, r (test): -0.0010
Epoch: 42, Training Loss: 0.0779, Train MSE: 0.0779, r (train): 0.9436, Test MSE: 0.2067, r (test): 0.0148
Epoch: 43, Training Loss: 0.0696, Train MSE: 0.0696, r (train): 0.9188, Test MSE: 0.1940, r (test): 0.0189
Epoch: 44, Training Loss: 0.0280, Train MSE: 0.0280, r (train): 0.9130, Test MSE: 0.1464, r (test): -0.0177
Epoch: 45, Training Loss: 0.0128, Train MSE: 0.0128, r (train): 0.9125, Test MSE: 0.1108, r (test): 0.0071
Epoch: 46, Training Loss: 0.0133, Train MSE: 0.0133, r (train): 0.9528, Test MSE: 0.1376, r (test): -0.0465
Epoch: 47, Training Loss: 0.0268, Train MSE: 0.0268, r (train): 0.9583, Test MSE: 0.1544, r (test): -0.0569
Epoch: 48, Training Loss: 0.0160, Train MSE: 0.0160, r (train): 0.9571, Test MSE: 0.1326, r (test): -0.0203
Epoch: 49, Training Loss: 0.0097, Train MSE: 0.0097, r (train): 0.9483, Test MSE: 0.1278, r (test): -0.0743
Epoch: 50, Training Loss: 0.0150, Train MSE: 0.0150, r (train): 0.9556, Test MSE: 0.1337, r (test): -0.0183
Epoch: 51, Training Loss: 0.0140, Train MSE: 0.0140, r (train): 0.9287, Test MSE: 0.1374, r (test): -0.0835
Epoch: 52, Training Loss: 0.0340, Train MSE: 0.0340, r (train): 0.9447, Test MSE: 0.1581, r (test): -0.0332
Epoch: 53, Training Loss: 0.0151, Train MSE: 0.0151, r (train): 0.9382, Test MSE: 0.1397, r (test): -0.0694
Epoch: 54, Training Loss: 0.0237, Train MSE: 0.0237, r (train): 0.9066, Test MSE: 0.1337, r (test): -0.0496
Epoch: 55, Training Loss: 0.0204, Train MSE: 0.0204, r (train): 0.9248, Test MSE: 0.1062, r (test): -0.0099
Epoch: 56, Training Loss: 0.0074, Train MSE: 0.0074, r (train): 0.9491, Test MSE: 0.1107, r (test): 0.0015
Epoch: 57, Training Loss: 0.0105, Train MSE: 0.0105, r (train): 0.9448, Test MSE: 0.1224, r (test): 0.0391
Epoch: 58, Training Loss: 0.0076, Train MSE: 0.0076, r (train): 0.9425, Test MSE: 0.1123, r (test): -0.0065
Epoch: 59, Training Loss: 0.0090, Train MSE: 0.0090, r (train): 0.9306, Test MSE: 0.1066, r (test): 0.0312
Epoch: 60, Training Loss: 0.0156, Train MSE: 0.0156, r (train): 0.9245, Test MSE: 0.1042, r (test): 0.0021
Epoch: 61, Training Loss: 0.0273, Train MSE: 0.0273, r (train): 0.9087, Test MSE: 0.1035, r (test): 0.0535
Epoch: 62, Training Loss: 0.0109, Train MSE: 0.0109, r (train): 0.9141, Test MSE: 0.1006, r (test): 0.1471
Epoch: 63, Training Loss: 0.0306, Train MSE: 0.0306, r (train): 0.8883, Test MSE: 0.1278, r (test): 0.0911
Epoch: 64, Training Loss: 0.0117, Train MSE: 0.0117, r (train): 0.9238, Test MSE: 0.1096, r (test): 0.0401
Epoch: 65, Training Loss: 0.0144, Train MSE: 0.0144, r (train): 0.8995, Test MSE: 0.1205, r (test): -0.0101
Epoch: 66, Training Loss: 0.0161, Train MSE: 0.0161, r (train): 0.9017, Test MSE: 0.1190, r (test): -0.0196
Epoch: 67, Training Loss: 0.0423, Train MSE: 0.0423, r (train): 0.9191, Test MSE: 0.1530, r (test): 0.0694
Epoch: 68, Training Loss: 0.0594, Train MSE: 0.0594, r (train): 0.9121, Test MSE: 0.1655, r (test): 0.0773
Epoch: 69, Training Loss: 0.0456, Train MSE: 0.0456, r (train): 0.9024, Test MSE: 0.1655, r (test): -0.0206
Epoch: 70, Training Loss: 0.0725, Train MSE: 0.0725, r (train): 0.8927, Test MSE: 0.1970, r (test): 0.0537
Epoch: 71, Training Loss: 0.0376, Train MSE: 0.0376, r (train): 0.8621, Test MSE: 0.1469, r (test): -0.0731
Epoch: 72, Training Loss: 0.0317, Train MSE: 0.0317, r (train): 0.9306, Test MSE: 0.1444, r (test): 0.0453
Epoch: 73, Training Loss: 0.0687, Train MSE: 0.0687, r (train): 0.9338, Test MSE: 0.2094, r (test): -0.1880
Epoch: 74, Training Loss: 0.0345, Train MSE: 0.0345, r (train): 0.9306, Test MSE: 0.1581, r (test): -0.1505
Epoch: 75, Training Loss: 0.0157, Train MSE: 0.0157, r (train): 0.9292, Test MSE: 0.1235, r (test): 0.0657
Epoch: 76, Training Loss: 0.0142, Train MSE: 0.0142, r (train): 0.9146, Test MSE: 0.1302, r (test): -0.0278
Epoch: 77, Training Loss: 0.0162, Train MSE: 0.0162, r (train): 0.9258, Test MSE: 0.1329, r (test): 0.0502
Epoch: 78, Training Loss: 0.0125, Train MSE: 0.0125, r (train): 0.9162, Test MSE: 0.1130, r (test): -0.0078
Epoch: 79, Training Loss: 0.0110, Train MSE: 0.0110, r (train): 0.9170, Test MSE: 0.1273, r (test): -0.1451
Epoch: 80, Training Loss: 0.0120, Train MSE: 0.0120, r (train): 0.9357, Test MSE: 0.1126, r (test): -0.1058
Epoch: 81, Training Loss: 0.0086, Train MSE: 0.0086, r (train): 0.9387, Test MSE: 0.1145, r (test): 0.0101
Epoch: 82, Training Loss: 0.0119, Train MSE: 0.0119, r (train): 0.9142, Test MSE: 0.1156, r (test): -0.0944
Epoch: 83, Training Loss: 0.0201, Train MSE: 0.0201, r (train): 0.9162, Test MSE: 0.1399, r (test): -0.0611
Epoch: 84, Training Loss: 0.0270, Train MSE: 0.0270, r (train): 0.9257, Test MSE: 0.1528, r (test): -0.0820
Epoch: 85, Training Loss: 0.0377, Train MSE: 0.0377, r (train): 0.9149, Test MSE: 0.1617, r (test): -0.0342
Epoch: 86, Training Loss: 0.0627, Train MSE: 0.0627, r (train): 0.9149, Test MSE: 0.1953, r (test): -0.1284
Epoch: 87, Training Loss: 0.0620, Train MSE: 0.0620, r (train): 0.9235, Test MSE: 0.1960, r (test): -0.0780
Epoch: 88, Training Loss: 0.0427, Train MSE: 0.0427, r (train): 0.9204, Test MSE: 0.1795, r (test): -0.1637
Epoch: 89, Training Loss: 0.0233, Train MSE: 0.0233, r (train): 0.9068, Test MSE: 0.1450, r (test): -0.0954
Epoch: 90, Training Loss: 0.0185, Train MSE: 0.0185, r (train): 0.9261, Test MSE: 0.1393, r (test): -0.1381
Epoch: 91, Training Loss: 0.0136, Train MSE: 0.0136, r (train): 0.9085, Test MSE: 0.1314, r (test): -0.0859
Epoch: 92, Training Loss: 0.0109, Train MSE: 0.0109, r (train): 0.9201, Test MSE: 0.1202, r (test): -0.1267
Epoch: 93, Training Loss: 0.0086, Train MSE: 0.0086, r (train): 0.9354, Test MSE: 0.1117, r (test): -0.0882
Epoch: 94, Training Loss: 0.0114, Train MSE: 0.0114, r (train): 0.9121, Test MSE: 0.1144, r (test): -0.1524
Epoch: 95, Training Loss: 0.0110, Train MSE: 0.0110, r (train): 0.9274, Test MSE: 0.1167, r (test): -0.1500
Epoch: 96, Training Loss: 0.0156, Train MSE: 0.0156, r (train): 0.9090, Test MSE: 0.1243, r (test): -0.1067
Epoch: 97, Training Loss: 0.0267, Train MSE: 0.0267, r (train): 0.9146, Test MSE: 0.1386, r (test): -0.0680
Epoch: 98, Training Loss: 0.0774, Train MSE: 0.0774, r (train): 0.9346, Test MSE: 0.2121, r (test): -0.0047
Epoch: 99, Training Loss: 0.0234, Train MSE: 0.0234, r (train): 0.9520, Test MSE: 0.1511, r (test): -0.1849
Predicted tensors for training set: 
tensor([0.6430, 0.7188, 0.0602, 0.4117, 0.6769, 0.3156, 0.5798, 0.2373, 0.3370,
        0.8640, 1.1905, 0.3276, 0.7738, 0.6151, 0.8670, 0.9018, 0.8857, 1.0342,
        1.1001, 0.4339, 0.6021, 0.4721, 0.6345, 0.6414, 0.5973, 0.1602, 1.1172,
        1.0008, 0.7285, 0.6507, 0.3527, 0.8387, 0.6144, 0.7796, 0.3215, 0.4770,
        0.4330, 0.6813, 0.8834, 0.6085, 0.7960, 0.9955, 0.8351, 0.2303, 0.3209,
        0.8973, 0.7499, 1.2270, 1.0730, 0.5651, 0.8130, 0.6454, 0.6541, 0.3061,
        0.9421, 0.7515, 0.7234, 1.1839, 0.6049, 1.1210, 1.0877, 0.5912, 0.7376,
        0.7671, 0.2860, 0.9400, 0.9322, 1.0071, 0.9575, 0.1435, 0.5952, 0.1484])
Target tensorsfor training set: 
tensor([0.7371, 0.6671, 0.0636, 0.4373, 0.7144, 0.3453, 0.6465, 0.2255, 0.3077,
        0.7950, 0.9656, 0.2169, 0.5780, 0.4640, 0.7596, 0.7270, 0.6577, 0.8411,
        0.9535, 0.2649, 0.4341, 0.2916, 0.5187, 0.5220, 0.4440, 0.0389, 0.8728,
        0.7901, 0.5102, 0.5573, 0.1218, 0.6595, 0.4993, 0.6992, 0.2464, 0.4036,
        0.3829, 0.5783, 0.8363, 0.5023, 0.7507, 0.8556, 0.7497, 0.0981, 0.1360,
        0.7372, 0.6199, 0.8988, 0.9117, 0.4149, 0.5719, 0.4513, 0.4818, 0.0478,
        0.7791, 0.5658, 0.5300, 0.9621, 0.4526, 0.9215, 0.8524, 0.4654, 0.5564,
        0.5779, 0.1055, 0.7462, 0.8418, 0.9150, 0.9072, 0.1295, 0.6576, 0.2271])
Correlation for training set: 0.9520132200550315
Predicted tensors for test set: 
tensor([0.5806, 0.6037, 0.7721, 0.6851, 0.7624, 0.5941, 0.6492, 0.8246, 0.8781,
        0.6422, 0.6508, 0.7176, 0.6450, 0.5592, 0.6134, 0.6167, 0.9528, 0.6515])
Target tensors for test set: 
tensor([0.8453, 0.8561, 0.1493, 0.7125, 0.3309, 0.7171, 0.2594, 0.1294, 0.9127,
        0.0246, 0.2394, 0.5178, 0.9492, 0.0763, 0.6240, 0.6846, 0.3174, 0.8391])
Correlation for test set: -0.18494412904191457
Fold 4
Epoch: 00, Training Loss: 0.1051, Train MSE: 0.1051, r (train): 0.3171, Test MSE: 0.1407, r (test): -0.0831
Epoch: 01, Training Loss: 0.0633, Train MSE: 0.0633, r (train): 0.3971, Test MSE: 0.0678, r (test): 0.1465
Epoch: 02, Training Loss: 0.0678, Train MSE: 0.0678, r (train): 0.4620, Test MSE: 0.0670, r (test): 0.3105
Epoch: 03, Training Loss: 0.0768, Train MSE: 0.0768, r (train): 0.4673, Test MSE: 0.0749, r (test): 0.2267
Epoch: 04, Training Loss: 0.0597, Train MSE: 0.0597, r (train): 0.4669, Test MSE: 0.0628, r (test): 0.3189
Epoch: 05, Training Loss: 0.1327, Train MSE: 0.1327, r (train): 0.3281, Test MSE: 0.1184, r (test): 0.0134
Epoch: 06, Training Loss: 0.0875, Train MSE: 0.0875, r (train): 0.0542, Test MSE: 0.0852, r (test): 0.2185
Epoch: 07, Training Loss: 0.1033, Train MSE: 0.1033, r (train): 0.4695, Test MSE: 0.0947, r (test): 0.2610
Epoch: 08, Training Loss: 0.0635, Train MSE: 0.0635, r (train): 0.4195, Test MSE: 0.0657, r (test): 0.2378
Epoch: 09, Training Loss: 0.0790, Train MSE: 0.0790, r (train): 0.4965, Test MSE: 0.0885, r (test): 0.0562
Epoch: 10, Training Loss: 0.0646, Train MSE: 0.0646, r (train): 0.5082, Test MSE: 0.0853, r (test): 0.0150
Epoch: 11, Training Loss: 0.0570, Train MSE: 0.0570, r (train): 0.5659, Test MSE: 0.0725, r (test): 0.1048
Epoch: 12, Training Loss: 0.0552, Train MSE: 0.0552, r (train): 0.6297, Test MSE: 0.0641, r (test): 0.3172
Epoch: 13, Training Loss: 0.0574, Train MSE: 0.0574, r (train): 0.6215, Test MSE: 0.0673, r (test): 0.3041
Epoch: 14, Training Loss: 0.0881, Train MSE: 0.0881, r (train): 0.5413, Test MSE: 0.0963, r (test): 0.1011
Epoch: 15, Training Loss: 0.0592, Train MSE: 0.0592, r (train): 0.5442, Test MSE: 0.0679, r (test): 0.2260
Epoch: 16, Training Loss: 0.0754, Train MSE: 0.0754, r (train): 0.6279, Test MSE: 0.0883, r (test): 0.1571
Epoch: 17, Training Loss: 0.0558, Train MSE: 0.0558, r (train): 0.6736, Test MSE: 0.0746, r (test): 0.1615
Epoch: 18, Training Loss: 0.0557, Train MSE: 0.0557, r (train): 0.7095, Test MSE: 0.0752, r (test): 0.1928
Epoch: 19, Training Loss: 0.0532, Train MSE: 0.0532, r (train): 0.7202, Test MSE: 0.0739, r (test): 0.2157
Epoch: 20, Training Loss: 0.0630, Train MSE: 0.0630, r (train): 0.7143, Test MSE: 0.0844, r (test): 0.1741
Epoch: 21, Training Loss: 0.0439, Train MSE: 0.0439, r (train): 0.7595, Test MSE: 0.0690, r (test): 0.2425
Epoch: 22, Training Loss: 0.0669, Train MSE: 0.0669, r (train): 0.7375, Test MSE: 0.0923, r (test): 0.1488
Epoch: 23, Training Loss: 0.0415, Train MSE: 0.0415, r (train): 0.6908, Test MSE: 0.0731, r (test): 0.2315
Epoch: 24, Training Loss: 0.1069, Train MSE: 0.1069, r (train): 0.6253, Test MSE: 0.1584, r (test): -0.0779
Epoch: 25, Training Loss: 0.0393, Train MSE: 0.0393, r (train): 0.7016, Test MSE: 0.1029, r (test): -0.0732
Epoch: 26, Training Loss: 0.0539, Train MSE: 0.0539, r (train): 0.6931, Test MSE: 0.0905, r (test): -0.0081
Epoch: 27, Training Loss: 0.0781, Train MSE: 0.0781, r (train): 0.2254, Test MSE: 0.1040, r (test): 0.1168
Epoch: 28, Training Loss: 0.0672, Train MSE: 0.0672, r (train): 0.7256, Test MSE: 0.1021, r (test): -0.0151
Epoch: 29, Training Loss: 0.0449, Train MSE: 0.0449, r (train): 0.8384, Test MSE: 0.0882, r (test): 0.0206
Epoch: 30, Training Loss: 0.0445, Train MSE: 0.0445, r (train): 0.8688, Test MSE: 0.0911, r (test): 0.0270
Epoch: 31, Training Loss: 0.0411, Train MSE: 0.0411, r (train): 0.8770, Test MSE: 0.0934, r (test): 0.0017
Epoch: 32, Training Loss: 0.0409, Train MSE: 0.0409, r (train): 0.8916, Test MSE: 0.0959, r (test): 0.0026
Epoch: 33, Training Loss: 0.0287, Train MSE: 0.0287, r (train): 0.9063, Test MSE: 0.0908, r (test): -0.0069
Epoch: 34, Training Loss: 0.0309, Train MSE: 0.0309, r (train): 0.9062, Test MSE: 0.0929, r (test): -0.0198
Epoch: 35, Training Loss: 0.0170, Train MSE: 0.0170, r (train): 0.9254, Test MSE: 0.0763, r (test): 0.1001
Epoch: 36, Training Loss: 0.0245, Train MSE: 0.0245, r (train): 0.9457, Test MSE: 0.0913, r (test): 0.0489
Epoch: 37, Training Loss: 0.0201, Train MSE: 0.0201, r (train): 0.9150, Test MSE: 0.0758, r (test): 0.1484
Epoch: 38, Training Loss: 0.0581, Train MSE: 0.0581, r (train): 0.9328, Test MSE: 0.1267, r (test): 0.0633
Epoch: 39, Training Loss: 0.0227, Train MSE: 0.0227, r (train): 0.9122, Test MSE: 0.0706, r (test): 0.3183
Epoch: 40, Training Loss: 0.0343, Train MSE: 0.0343, r (train): 0.9414, Test MSE: 0.1045, r (test): 0.0087
Epoch: 41, Training Loss: 0.0823, Train MSE: 0.0823, r (train): 0.9608, Test MSE: 0.1468, r (test): -0.0311
Epoch: 42, Training Loss: 0.0282, Train MSE: 0.0282, r (train): 0.9180, Test MSE: 0.0831, r (test): 0.1347
Epoch: 43, Training Loss: 0.0135, Train MSE: 0.0135, r (train): 0.9028, Test MSE: 0.0857, r (test): -0.0815
Epoch: 44, Training Loss: 0.0518, Train MSE: 0.0518, r (train): 0.8691, Test MSE: 0.1143, r (test): -0.0148
Epoch: 45, Training Loss: 0.0191, Train MSE: 0.0191, r (train): 0.8955, Test MSE: 0.0815, r (test): 0.0389
Epoch: 46, Training Loss: 0.0438, Train MSE: 0.0438, r (train): 0.9423, Test MSE: 0.1113, r (test): 0.0690
Epoch: 47, Training Loss: 0.0586, Train MSE: 0.0586, r (train): 0.9534, Test MSE: 0.1262, r (test): 0.0586
Epoch: 48, Training Loss: 0.0510, Train MSE: 0.0510, r (train): 0.9524, Test MSE: 0.1262, r (test): -0.0427
Epoch: 49, Training Loss: 0.0281, Train MSE: 0.0281, r (train): 0.9368, Test MSE: 0.1068, r (test): -0.0863
Epoch: 50, Training Loss: 0.0227, Train MSE: 0.0227, r (train): 0.9324, Test MSE: 0.1161, r (test): -0.2244
Epoch: 51, Training Loss: 0.0352, Train MSE: 0.0352, r (train): 0.9153, Test MSE: 0.1207, r (test): -0.1549
Epoch: 52, Training Loss: 0.0271, Train MSE: 0.0271, r (train): 0.9094, Test MSE: 0.1147, r (test): -0.1726
Epoch: 53, Training Loss: 0.0141, Train MSE: 0.0141, r (train): 0.9078, Test MSE: 0.0878, r (test): -0.1055
Epoch: 54, Training Loss: 0.0317, Train MSE: 0.0317, r (train): 0.9130, Test MSE: 0.1140, r (test): -0.0921
Epoch: 55, Training Loss: 0.0202, Train MSE: 0.0202, r (train): 0.9182, Test MSE: 0.1042, r (test): -0.2812
Epoch: 56, Training Loss: 0.0111, Train MSE: 0.0111, r (train): 0.9228, Test MSE: 0.0799, r (test): -0.0336
Epoch: 57, Training Loss: 0.0123, Train MSE: 0.0123, r (train): 0.9215, Test MSE: 0.0771, r (test): 0.0067
Epoch: 58, Training Loss: 0.0190, Train MSE: 0.0190, r (train): 0.9004, Test MSE: 0.0814, r (test): 0.1200
Epoch: 59, Training Loss: 0.0183, Train MSE: 0.0183, r (train): 0.8663, Test MSE: 0.0719, r (test): 0.1590
Epoch: 60, Training Loss: 0.0205, Train MSE: 0.0205, r (train): 0.8869, Test MSE: 0.0642, r (test): 0.2931
Epoch: 61, Training Loss: 0.0401, Train MSE: 0.0401, r (train): 0.9243, Test MSE: 0.1015, r (test): 0.1163
Epoch: 62, Training Loss: 0.0638, Train MSE: 0.0638, r (train): 0.9348, Test MSE: 0.1204, r (test): 0.1198
Epoch: 63, Training Loss: 0.0731, Train MSE: 0.0731, r (train): 0.9300, Test MSE: 0.1289, r (test): 0.1247
Epoch: 64, Training Loss: 0.0709, Train MSE: 0.0709, r (train): 0.9178, Test MSE: 0.1179, r (test): 0.2068
Epoch: 65, Training Loss: 0.0457, Train MSE: 0.0457, r (train): 0.9130, Test MSE: 0.1125, r (test): 0.0520
Epoch: 66, Training Loss: 0.0343, Train MSE: 0.0343, r (train): 0.8781, Test MSE: 0.0940, r (test): 0.1438
Epoch: 67, Training Loss: 0.0435, Train MSE: 0.0435, r (train): 0.9187, Test MSE: 0.1130, r (test): 0.0635
Epoch: 68, Training Loss: 0.0212, Train MSE: 0.0212, r (train): 0.9042, Test MSE: 0.0985, r (test): -0.0134
Epoch: 69, Training Loss: 0.0214, Train MSE: 0.0214, r (train): 0.9233, Test MSE: 0.1056, r (test): -0.0879
Epoch: 70, Training Loss: 0.0178, Train MSE: 0.0178, r (train): 0.9041, Test MSE: 0.0810, r (test): -0.0260
Epoch: 71, Training Loss: 0.0329, Train MSE: 0.0329, r (train): 0.9232, Test MSE: 0.0941, r (test): 0.0472
Epoch: 72, Training Loss: 0.0188, Train MSE: 0.0188, r (train): 0.9069, Test MSE: 0.0810, r (test): 0.0164
Epoch: 73, Training Loss: 0.0097, Train MSE: 0.0097, r (train): 0.9356, Test MSE: 0.0784, r (test): 0.0244
Epoch: 74, Training Loss: 0.0308, Train MSE: 0.0308, r (train): 0.9159, Test MSE: 0.0890, r (test): 0.0519
Epoch: 75, Training Loss: 0.0344, Train MSE: 0.0344, r (train): 0.9542, Test MSE: 0.1089, r (test): -0.0258
Epoch: 76, Training Loss: 0.0537, Train MSE: 0.0537, r (train): 0.9546, Test MSE: 0.1240, r (test): -0.0547
Epoch: 77, Training Loss: 0.0205, Train MSE: 0.0205, r (train): 0.9441, Test MSE: 0.0988, r (test): -0.0930
Epoch: 78, Training Loss: 0.0150, Train MSE: 0.0150, r (train): 0.9410, Test MSE: 0.0971, r (test): -0.2197
Epoch: 79, Training Loss: 0.0099, Train MSE: 0.0099, r (train): 0.9343, Test MSE: 0.0811, r (test): -0.1168
Epoch: 80, Training Loss: 0.0145, Train MSE: 0.0145, r (train): 0.9299, Test MSE: 0.0804, r (test): 0.0184
Epoch: 81, Training Loss: 0.0126, Train MSE: 0.0126, r (train): 0.9321, Test MSE: 0.0868, r (test): -0.0015
Epoch: 82, Training Loss: 0.0087, Train MSE: 0.0087, r (train): 0.9443, Test MSE: 0.0748, r (test): 0.1029
Epoch: 83, Training Loss: 0.0252, Train MSE: 0.0252, r (train): 0.9406, Test MSE: 0.0950, r (test): -0.0134
Epoch: 84, Training Loss: 0.0302, Train MSE: 0.0302, r (train): 0.9554, Test MSE: 0.1156, r (test): -0.1041
Epoch: 85, Training Loss: 0.0303, Train MSE: 0.0303, r (train): 0.9408, Test MSE: 0.1140, r (test): -0.1406
Epoch: 86, Training Loss: 0.0148, Train MSE: 0.0148, r (train): 0.9400, Test MSE: 0.0987, r (test): -0.1803
Epoch: 87, Training Loss: 0.0112, Train MSE: 0.0112, r (train): 0.9390, Test MSE: 0.0871, r (test): -0.1969
Epoch: 88, Training Loss: 0.0108, Train MSE: 0.0108, r (train): 0.9336, Test MSE: 0.0805, r (test): -0.0536
Epoch: 89, Training Loss: 0.0214, Train MSE: 0.0214, r (train): 0.9226, Test MSE: 0.0792, r (test): 0.0181
Epoch: 90, Training Loss: 0.0135, Train MSE: 0.0135, r (train): 0.9252, Test MSE: 0.0707, r (test): 0.1393
Epoch: 91, Training Loss: 0.0078, Train MSE: 0.0078, r (train): 0.9458, Test MSE: 0.0828, r (test): -0.0757
Epoch: 92, Training Loss: 0.0154, Train MSE: 0.0154, r (train): 0.9326, Test MSE: 0.0886, r (test): -0.0367
Epoch: 93, Training Loss: 0.0136, Train MSE: 0.0136, r (train): 0.9588, Test MSE: 0.0826, r (test): 0.0793
Epoch: 94, Training Loss: 0.0306, Train MSE: 0.0306, r (train): 0.9535, Test MSE: 0.1105, r (test): -0.1167
Epoch: 95, Training Loss: 0.0164, Train MSE: 0.0164, r (train): 0.9512, Test MSE: 0.1065, r (test): -0.3148
Epoch: 96, Training Loss: 0.0128, Train MSE: 0.0128, r (train): 0.9530, Test MSE: 0.0953, r (test): -0.2270
Epoch: 97, Training Loss: 0.0242, Train MSE: 0.0242, r (train): 0.9506, Test MSE: 0.0915, r (test): 0.0576
Epoch: 98, Training Loss: 0.0111, Train MSE: 0.0111, r (train): 0.9491, Test MSE: 0.0866, r (test): -0.1311
Epoch: 99, Training Loss: 0.0084, Train MSE: 0.0084, r (train): 0.9443, Test MSE: 0.0746, r (test): 0.0336
Predicted tensors for training set: 
tensor([ 0.7733,  0.7211,  0.2187,  0.5004,  0.8647,  0.3633,  0.6450,  0.3771,
         0.3857,  0.7541,  1.0020,  0.3004,  0.5432,  0.5371,  0.6612,  0.6668,
         0.6659,  0.7974,  0.7725,  0.1833,  0.3437,  0.1361,  0.3371,  0.3855,
         0.3692,  0.0021,  0.7952,  0.6286,  0.4772,  0.4867, -0.0966,  0.6799,
         0.5705,  0.7096,  0.3156,  0.4682,  0.9763,  0.9639,  0.2506,  0.8134,
         0.4358,  0.7997,  0.3652,  0.2734,  1.0173,  0.1828,  0.3186,  0.6111,
         1.0702,  0.2254,  0.7453,  0.8048,  0.3915,  0.8844,  0.8219,  0.6100,
         0.5587,  0.9732,  0.4994,  0.8757,  0.8131,  0.4819,  0.5522,  0.5257,
         0.0879,  0.6845,  0.8703,  0.8939,  0.8771,  0.2455,  0.6643,  0.2712])
Target tensorsfor training set: 
tensor([0.7371, 0.6671, 0.0636, 0.4373, 0.7144, 0.3453, 0.6465, 0.2255, 0.3077,
        0.7950, 0.9656, 0.2169, 0.5780, 0.4640, 0.7596, 0.7270, 0.6577, 0.8411,
        0.9535, 0.2649, 0.4341, 0.2916, 0.5187, 0.5220, 0.4440, 0.0389, 0.8728,
        0.7901, 0.5102, 0.5573, 0.1218, 0.6595, 0.4993, 0.6992, 0.2464, 0.4036,
        0.8453, 0.8561, 0.1493, 0.7125, 0.3309, 0.7171, 0.2594, 0.1294, 0.9127,
        0.0246, 0.2394, 0.5178, 0.9492, 0.0763, 0.6240, 0.6846, 0.3174, 0.8391,
        0.7791, 0.5658, 0.5300, 0.9621, 0.4526, 0.9215, 0.8524, 0.4654, 0.5564,
        0.5779, 0.1055, 0.7462, 0.8418, 0.9150, 0.9072, 0.1295, 0.6576, 0.2271])
Correlation for training set: 0.9443178019470121
Predicted tensors for test set: 
tensor([0.6165, 0.6565, 0.6191, 0.5339, 0.5631, 0.4929, 0.6112, 0.6630, 0.3323,
        0.6141, 0.5884, 0.4050, 0.5646, 0.6474, 0.5261, 0.6265, 0.5334, 0.5166])
Target tensors for test set: 
tensor([0.3829, 0.5783, 0.8363, 0.5023, 0.7507, 0.8556, 0.7497, 0.0981, 0.1360,
        0.7372, 0.6199, 0.8988, 0.9117, 0.4149, 0.5719, 0.4513, 0.4818, 0.0478])
Correlation for test set: 0.033641423130442674
Fold 5
Epoch: 00, Training Loss: 0.1736, Train MSE: 0.1736, r (train): 0.2363, Test MSE: 0.1526, r (test): -0.1501
Epoch: 01, Training Loss: 0.1190, Train MSE: 0.1190, r (train): 0.1997, Test MSE: 0.1402, r (test): -0.3181
Epoch: 02, Training Loss: 0.1681, Train MSE: 0.1681, r (train): 0.2399, Test MSE: 0.1732, r (test): -0.2565
Epoch: 03, Training Loss: 0.1160, Train MSE: 0.1160, r (train): 0.2992, Test MSE: 0.0977, r (test): -0.0494
Epoch: 04, Training Loss: 0.1052, Train MSE: 0.1052, r (train): 0.4263, Test MSE: 0.0950, r (test): 0.0696
Epoch: 05, Training Loss: 0.0765, Train MSE: 0.0765, r (train): 0.3609, Test MSE: 0.0613, r (test): 0.3575
Epoch: 06, Training Loss: 0.0596, Train MSE: 0.0596, r (train): 0.4812, Test MSE: 0.0629, r (test): 0.3183
Epoch: 07, Training Loss: 0.0540, Train MSE: 0.0540, r (train): 0.4950, Test MSE: 0.0709, r (test): 0.4018
Epoch: 08, Training Loss: 0.0521, Train MSE: 0.0521, r (train): 0.5605, Test MSE: 0.0673, r (test): 0.3261
Epoch: 09, Training Loss: 0.0500, Train MSE: 0.0500, r (train): 0.5593, Test MSE: 0.0682, r (test): 0.4418
Epoch: 10, Training Loss: 0.0489, Train MSE: 0.0489, r (train): 0.6092, Test MSE: 0.0661, r (test): 0.3922
Epoch: 11, Training Loss: 0.0466, Train MSE: 0.0466, r (train): 0.6611, Test MSE: 0.0764, r (test): 0.3950
Epoch: 12, Training Loss: 0.0524, Train MSE: 0.0524, r (train): 0.6905, Test MSE: 0.0672, r (test): 0.2233
Epoch: 13, Training Loss: 0.0441, Train MSE: 0.0441, r (train): 0.6945, Test MSE: 0.0700, r (test): 0.2504
Epoch: 14, Training Loss: 0.0579, Train MSE: 0.0579, r (train): 0.7239, Test MSE: 0.0683, r (test): 0.1923
Epoch: 15, Training Loss: 0.0436, Train MSE: 0.0436, r (train): 0.6854, Test MSE: 0.0656, r (test): 0.3065
Epoch: 16, Training Loss: 0.0634, Train MSE: 0.0634, r (train): 0.7289, Test MSE: 0.0759, r (test): 0.1078
Epoch: 17, Training Loss: 0.0407, Train MSE: 0.0407, r (train): 0.6545, Test MSE: 0.0725, r (test): 0.4000
Epoch: 18, Training Loss: 0.0735, Train MSE: 0.0735, r (train): 0.7076, Test MSE: 0.0794, r (test): 0.0650
Epoch: 19, Training Loss: 0.0634, Train MSE: 0.0634, r (train): 0.5090, Test MSE: 0.0778, r (test): 0.4674
Epoch: 20, Training Loss: 0.1473, Train MSE: 0.1473, r (train): 0.5367, Test MSE: 0.1275, r (test): -0.1961
Epoch: 21, Training Loss: 0.0399, Train MSE: 0.0399, r (train): 0.6769, Test MSE: 0.0749, r (test): 0.2954
Epoch: 22, Training Loss: 0.0414, Train MSE: 0.0414, r (train): 0.8234, Test MSE: 0.0712, r (test): 0.1573
Epoch: 23, Training Loss: 0.0290, Train MSE: 0.0290, r (train): 0.8407, Test MSE: 0.0737, r (test): 0.2340
Epoch: 24, Training Loss: 0.0248, Train MSE: 0.0248, r (train): 0.8482, Test MSE: 0.0789, r (test): 0.2620
Epoch: 25, Training Loss: 0.0198, Train MSE: 0.0198, r (train): 0.8752, Test MSE: 0.0946, r (test): 0.2013
Epoch: 26, Training Loss: 0.0196, Train MSE: 0.0196, r (train): 0.8805, Test MSE: 0.1011, r (test): 0.1071
Epoch: 27, Training Loss: 0.0269, Train MSE: 0.0269, r (train): 0.9080, Test MSE: 0.0928, r (test): -0.0035
Epoch: 28, Training Loss: 0.0362, Train MSE: 0.0362, r (train): 0.9248, Test MSE: 0.0921, r (test): -0.0268
Epoch: 29, Training Loss: 0.0518, Train MSE: 0.0518, r (train): 0.9156, Test MSE: 0.0969, r (test): -0.0677
Epoch: 30, Training Loss: 0.0625, Train MSE: 0.0625, r (train): 0.9028, Test MSE: 0.1072, r (test): -0.0744
Epoch: 31, Training Loss: 0.0230, Train MSE: 0.0230, r (train): 0.8673, Test MSE: 0.1120, r (test): 0.1401
Epoch: 32, Training Loss: 0.0210, Train MSE: 0.0210, r (train): 0.8892, Test MSE: 0.1214, r (test): 0.0244
Epoch: 33, Training Loss: 0.0365, Train MSE: 0.0365, r (train): 0.8125, Test MSE: 0.2100, r (test): 0.2450
Epoch: 34, Training Loss: 0.0642, Train MSE: 0.0642, r (train): 0.8868, Test MSE: 0.0903, r (test): -0.1143
Epoch: 35, Training Loss: 0.0586, Train MSE: 0.0586, r (train): 0.9316, Test MSE: 0.0995, r (test): -0.1475
Epoch: 36, Training Loss: 0.0574, Train MSE: 0.0574, r (train): 0.9412, Test MSE: 0.1200, r (test): -0.1822
Epoch: 37, Training Loss: 0.0269, Train MSE: 0.0269, r (train): 0.9445, Test MSE: 0.1263, r (test): -0.1040
Epoch: 38, Training Loss: 0.0160, Train MSE: 0.0160, r (train): 0.9434, Test MSE: 0.1378, r (test): -0.1040
Epoch: 39, Training Loss: 0.0108, Train MSE: 0.0108, r (train): 0.9364, Test MSE: 0.1669, r (test): 0.0123
Epoch: 40, Training Loss: 0.0097, Train MSE: 0.0097, r (train): 0.9315, Test MSE: 0.1470, r (test): -0.1252
Epoch: 41, Training Loss: 0.0191, Train MSE: 0.0191, r (train): 0.9402, Test MSE: 0.1251, r (test): -0.2060
Epoch: 42, Training Loss: 0.0148, Train MSE: 0.0148, r (train): 0.9389, Test MSE: 0.1279, r (test): -0.1540
Epoch: 43, Training Loss: 0.0224, Train MSE: 0.0224, r (train): 0.9067, Test MSE: 0.1651, r (test): -0.2384
Epoch: 44, Training Loss: 0.0134, Train MSE: 0.0134, r (train): 0.9197, Test MSE: 0.1399, r (test): -0.1870
Epoch: 45, Training Loss: 0.0157, Train MSE: 0.0157, r (train): 0.9323, Test MSE: 0.1774, r (test): -0.1741
Epoch: 46, Training Loss: 0.0628, Train MSE: 0.0628, r (train): 0.8988, Test MSE: 0.2403, r (test): 0.1986
Epoch: 47, Training Loss: 0.0132, Train MSE: 0.0132, r (train): 0.9189, Test MSE: 0.1610, r (test): -0.0320
Epoch: 48, Training Loss: 0.0193, Train MSE: 0.0193, r (train): 0.9409, Test MSE: 0.1767, r (test): -0.0530
Epoch: 49, Training Loss: 0.0266, Train MSE: 0.0266, r (train): 0.9609, Test MSE: 0.1115, r (test): -0.2226
Epoch: 50, Training Loss: 0.0073, Train MSE: 0.0073, r (train): 0.9711, Test MSE: 0.1469, r (test): -0.0791
Epoch: 51, Training Loss: 0.0233, Train MSE: 0.0233, r (train): 0.9707, Test MSE: 0.1934, r (test): -0.0160
Epoch: 52, Training Loss: 0.0194, Train MSE: 0.0194, r (train): 0.9687, Test MSE: 0.1889, r (test): 0.0710
Epoch: 53, Training Loss: 0.0037, Train MSE: 0.0037, r (train): 0.9754, Test MSE: 0.1332, r (test): -0.0523
Epoch: 54, Training Loss: 0.0103, Train MSE: 0.0103, r (train): 0.9742, Test MSE: 0.1137, r (test): -0.1604
Epoch: 55, Training Loss: 0.0091, Train MSE: 0.0091, r (train): 0.9478, Test MSE: 0.1319, r (test): 0.0171
Epoch: 56, Training Loss: 0.0063, Train MSE: 0.0063, r (train): 0.9619, Test MSE: 0.1411, r (test): 0.0951
Epoch: 57, Training Loss: 0.0124, Train MSE: 0.0124, r (train): 0.9769, Test MSE: 0.1071, r (test): -0.1364
Epoch: 58, Training Loss: 0.0157, Train MSE: 0.0157, r (train): 0.9800, Test MSE: 0.1103, r (test): -0.2047
Epoch: 59, Training Loss: 0.0054, Train MSE: 0.0054, r (train): 0.9711, Test MSE: 0.1447, r (test): -0.0938
Epoch: 60, Training Loss: 0.0074, Train MSE: 0.0074, r (train): 0.9629, Test MSE: 0.1642, r (test): -0.0914
Epoch: 61, Training Loss: 0.0092, Train MSE: 0.0092, r (train): 0.9556, Test MSE: 0.1300, r (test): -0.2281
Epoch: 62, Training Loss: 0.0069, Train MSE: 0.0069, r (train): 0.9526, Test MSE: 0.1483, r (test): -0.2269
Epoch: 63, Training Loss: 0.0361, Train MSE: 0.0361, r (train): 0.9572, Test MSE: 0.2072, r (test): -0.1127
Epoch: 64, Training Loss: 0.0301, Train MSE: 0.0301, r (train): 0.9675, Test MSE: 0.2133, r (test): -0.0887
Epoch: 65, Training Loss: 0.0253, Train MSE: 0.0253, r (train): 0.9668, Test MSE: 0.1954, r (test): -0.0157
Epoch: 66, Training Loss: 0.0105, Train MSE: 0.0105, r (train): 0.9490, Test MSE: 0.1486, r (test): -0.1235
Epoch: 67, Training Loss: 0.0110, Train MSE: 0.0110, r (train): 0.9416, Test MSE: 0.1331, r (test): -0.0010
Epoch: 68, Training Loss: 0.0123, Train MSE: 0.0123, r (train): 0.9236, Test MSE: 0.1050, r (test): 0.0887
Epoch: 69, Training Loss: 0.0134, Train MSE: 0.0134, r (train): 0.9150, Test MSE: 0.1209, r (test): -0.0419
Epoch: 70, Training Loss: 0.0271, Train MSE: 0.0271, r (train): 0.9521, Test MSE: 0.1025, r (test): -0.0669
Epoch: 71, Training Loss: 0.0766, Train MSE: 0.0766, r (train): 0.9368, Test MSE: 0.0878, r (test): -0.0494
Epoch: 72, Training Loss: 0.0262, Train MSE: 0.0262, r (train): 0.9365, Test MSE: 0.0869, r (test): 0.0099
Epoch: 73, Training Loss: 0.0426, Train MSE: 0.0426, r (train): 0.9476, Test MSE: 0.1080, r (test): -0.1221
Epoch: 74, Training Loss: 0.0145, Train MSE: 0.0145, r (train): 0.9341, Test MSE: 0.1703, r (test): 0.0785
Epoch: 75, Training Loss: 0.0102, Train MSE: 0.0102, r (train): 0.9399, Test MSE: 0.1465, r (test): -0.1959
Epoch: 76, Training Loss: 0.0116, Train MSE: 0.0116, r (train): 0.9307, Test MSE: 0.1414, r (test): -0.2224
Epoch: 77, Training Loss: 0.0154, Train MSE: 0.0154, r (train): 0.9460, Test MSE: 0.1326, r (test): 0.0304
Epoch: 78, Training Loss: 0.0269, Train MSE: 0.0269, r (train): 0.9292, Test MSE: 0.1380, r (test): -0.0841
Epoch: 79, Training Loss: 0.0141, Train MSE: 0.0141, r (train): 0.9532, Test MSE: 0.1326, r (test): 0.1141
Epoch: 80, Training Loss: 0.0104, Train MSE: 0.0104, r (train): 0.9346, Test MSE: 0.1141, r (test): 0.0206
Epoch: 81, Training Loss: 0.0124, Train MSE: 0.0124, r (train): 0.9499, Test MSE: 0.0968, r (test): -0.0099
Epoch: 82, Training Loss: 0.0564, Train MSE: 0.0564, r (train): 0.9605, Test MSE: 0.0962, r (test): -0.1662
Epoch: 83, Training Loss: 0.0530, Train MSE: 0.0530, r (train): 0.9435, Test MSE: 0.0942, r (test): -0.1334
Epoch: 84, Training Loss: 0.0198, Train MSE: 0.0198, r (train): 0.9526, Test MSE: 0.1307, r (test): -0.2240
Epoch: 85, Training Loss: 0.0185, Train MSE: 0.0185, r (train): 0.9326, Test MSE: 0.1628, r (test): -0.1375
Epoch: 86, Training Loss: 0.0246, Train MSE: 0.0246, r (train): 0.9477, Test MSE: 0.1452, r (test): -0.0469
Epoch: 87, Training Loss: 0.0259, Train MSE: 0.0259, r (train): 0.9519, Test MSE: 0.1709, r (test): -0.2018
Epoch: 88, Training Loss: 0.0129, Train MSE: 0.0129, r (train): 0.9546, Test MSE: 0.1585, r (test): -0.0280
Epoch: 89, Training Loss: 0.0062, Train MSE: 0.0062, r (train): 0.9646, Test MSE: 0.1277, r (test): -0.1493
Epoch: 90, Training Loss: 0.0666, Train MSE: 0.0666, r (train): 0.9635, Test MSE: 0.1215, r (test): -0.2872
Epoch: 91, Training Loss: 0.0480, Train MSE: 0.0480, r (train): 0.9503, Test MSE: 0.1261, r (test): -0.2375
Epoch: 92, Training Loss: 0.0126, Train MSE: 0.0126, r (train): 0.9463, Test MSE: 0.1173, r (test): -0.2361
Epoch: 93, Training Loss: 0.0090, Train MSE: 0.0090, r (train): 0.9511, Test MSE: 0.1352, r (test): -0.2107
Epoch: 94, Training Loss: 0.0244, Train MSE: 0.0244, r (train): 0.9416, Test MSE: 0.1872, r (test): -0.1552
Epoch: 95, Training Loss: 0.0146, Train MSE: 0.0146, r (train): 0.9466, Test MSE: 0.1416, r (test): -0.3050
Epoch: 96, Training Loss: 0.0297, Train MSE: 0.0297, r (train): 0.9298, Test MSE: 0.1971, r (test): -0.0016
Epoch: 97, Training Loss: 0.0062, Train MSE: 0.0062, r (train): 0.9687, Test MSE: 0.1137, r (test): -0.1890
Epoch: 98, Training Loss: 0.0453, Train MSE: 0.0453, r (train): 0.9687, Test MSE: 0.1049, r (test): -0.1765
Epoch: 99, Training Loss: 0.0302, Train MSE: 0.0302, r (train): 0.9584, Test MSE: 0.1158, r (test): -0.2568
Predicted tensors for training set: 
tensor([0.6178, 0.6874, 0.1081, 0.4871, 0.7350, 0.3563, 0.7394, 0.2817, 0.4539,
        0.9986, 1.2101, 0.4270, 0.8303, 0.6295, 0.9842, 0.9661, 0.8807, 1.0996,
        1.2293, 0.3753, 0.6271, 0.6063, 0.6494, 0.6703, 0.6270, 0.1995, 1.1090,
        0.9189, 0.6173, 0.6616, 0.1177, 0.7351, 0.5891, 0.8499, 0.1767, 0.4194,
        0.8472, 0.9535, 0.1089, 0.8874, 0.4868, 0.8612, 0.3259, 0.1583, 1.1300,
        0.0971, 0.4316, 0.6985, 1.2824, 0.1102, 0.8506, 1.0119, 0.5239, 1.1433,
        0.6066, 0.7763, 1.1516, 0.6618, 1.0055, 1.0846, 0.9508, 0.3009, 0.3315,
        0.8640, 0.8508, 1.0989, 0.9949, 0.5031, 0.6138, 0.4825, 0.5011, 0.0288])
Target tensorsfor training set: 
tensor([0.7371, 0.6671, 0.0636, 0.4373, 0.7144, 0.3453, 0.6465, 0.2255, 0.3077,
        0.7950, 0.9656, 0.2169, 0.5780, 0.4640, 0.7596, 0.7270, 0.6577, 0.8411,
        0.9535, 0.2649, 0.4341, 0.2916, 0.5187, 0.5220, 0.4440, 0.0389, 0.8728,
        0.7901, 0.5102, 0.5573, 0.1218, 0.6595, 0.4993, 0.6992, 0.2464, 0.4036,
        0.8453, 0.8561, 0.1493, 0.7125, 0.3309, 0.7171, 0.2594, 0.1294, 0.9127,
        0.0246, 0.2394, 0.5178, 0.9492, 0.0763, 0.6240, 0.6846, 0.3174, 0.8391,
        0.3829, 0.5783, 0.8363, 0.5023, 0.7507, 0.8556, 0.7497, 0.0981, 0.1360,
        0.7372, 0.6199, 0.8988, 0.9117, 0.4149, 0.5719, 0.4513, 0.4818, 0.0478])
Correlation for training set: 0.9584424496091096
Predicted tensors for test set: 
tensor([0.1844, 0.4010, 0.6621, 0.4915, 0.7602, 0.6183, 0.6079, 0.5975, 0.7842,
        0.7647, 0.5819, 0.6953, 0.7865, 0.4943, 0.3638, 0.6753, 0.5587, 0.5464])
Target tensors for test set: 
tensor([0.7791, 0.5658, 0.5300, 0.9621, 0.4526, 0.9215, 0.8524, 0.4654, 0.5564,
        0.5779, 0.1055, 0.7462, 0.8418, 0.9150, 0.9072, 0.1295, 0.6576, 0.2271])
Correlation for test set: -0.256768789811829
Seed: 37
Fold losses: [tensor(0.0193), tensor(0.0692), tensor(0.0234), tensor(0.0084), tensor(0.0302)]
Fold MSE values: [tensor(0.0193), tensor(0.0692), tensor(0.0234), tensor(0.0084), tensor(0.0302)]
Target training values: [tensor([0.9535, 0.2649, 0.4341, 0.2916, 0.5187, 0.5220, 0.4440, 0.0389, 0.8728,
        0.7901, 0.5102, 0.5573, 0.1218, 0.6595, 0.4993, 0.6992, 0.2464, 0.4036,
        0.8453, 0.8561, 0.1493, 0.7125, 0.3309, 0.7171, 0.2594, 0.1294, 0.9127,
        0.0246, 0.2394, 0.5178, 0.9492, 0.0763, 0.6240, 0.6846, 0.3174, 0.8391,
        0.3829, 0.5783, 0.8363, 0.5023, 0.7507, 0.8556, 0.7497, 0.0981, 0.1360,
        0.7372, 0.6199, 0.8988, 0.9117, 0.4149, 0.5719, 0.4513, 0.4818, 0.0478,
        0.7791, 0.5658, 0.5300, 0.9621, 0.4526, 0.9215, 0.8524, 0.4654, 0.5564,
        0.5779, 0.1055, 0.7462, 0.8418, 0.9150, 0.9072, 0.1295, 0.6576, 0.2271]), tensor([0.7371, 0.6671, 0.0636, 0.4373, 0.7144, 0.3453, 0.6465, 0.2255, 0.3077,
        0.7950, 0.9656, 0.2169, 0.5780, 0.4640, 0.7596, 0.7270, 0.6577, 0.8411,
        0.8453, 0.8561, 0.1493, 0.7125, 0.3309, 0.7171, 0.2594, 0.1294, 0.9127,
        0.0246, 0.2394, 0.5178, 0.9492, 0.0763, 0.6240, 0.6846, 0.3174, 0.8391,
        0.3829, 0.5783, 0.8363, 0.5023, 0.7507, 0.8556, 0.7497, 0.0981, 0.1360,
        0.7372, 0.6199, 0.8988, 0.9117, 0.4149, 0.5719, 0.4513, 0.4818, 0.0478,
        0.7791, 0.5658, 0.5300, 0.9621, 0.4526, 0.9215, 0.8524, 0.4654, 0.5564,
        0.5779, 0.1055, 0.7462, 0.8418, 0.9150, 0.9072, 0.1295, 0.6576, 0.2271]), tensor([0.7371, 0.6671, 0.0636, 0.4373, 0.7144, 0.3453, 0.6465, 0.2255, 0.3077,
        0.7950, 0.9656, 0.2169, 0.5780, 0.4640, 0.7596, 0.7270, 0.6577, 0.8411,
        0.9535, 0.2649, 0.4341, 0.2916, 0.5187, 0.5220, 0.4440, 0.0389, 0.8728,
        0.7901, 0.5102, 0.5573, 0.1218, 0.6595, 0.4993, 0.6992, 0.2464, 0.4036,
        0.3829, 0.5783, 0.8363, 0.5023, 0.7507, 0.8556, 0.7497, 0.0981, 0.1360,
        0.7372, 0.6199, 0.8988, 0.9117, 0.4149, 0.5719, 0.4513, 0.4818, 0.0478,
        0.7791, 0.5658, 0.5300, 0.9621, 0.4526, 0.9215, 0.8524, 0.4654, 0.5564,
        0.5779, 0.1055, 0.7462, 0.8418, 0.9150, 0.9072, 0.1295, 0.6576, 0.2271]), tensor([0.7371, 0.6671, 0.0636, 0.4373, 0.7144, 0.3453, 0.6465, 0.2255, 0.3077,
        0.7950, 0.9656, 0.2169, 0.5780, 0.4640, 0.7596, 0.7270, 0.6577, 0.8411,
        0.9535, 0.2649, 0.4341, 0.2916, 0.5187, 0.5220, 0.4440, 0.0389, 0.8728,
        0.7901, 0.5102, 0.5573, 0.1218, 0.6595, 0.4993, 0.6992, 0.2464, 0.4036,
        0.8453, 0.8561, 0.1493, 0.7125, 0.3309, 0.7171, 0.2594, 0.1294, 0.9127,
        0.0246, 0.2394, 0.5178, 0.9492, 0.0763, 0.6240, 0.6846, 0.3174, 0.8391,
        0.7791, 0.5658, 0.5300, 0.9621, 0.4526, 0.9215, 0.8524, 0.4654, 0.5564,
        0.5779, 0.1055, 0.7462, 0.8418, 0.9150, 0.9072, 0.1295, 0.6576, 0.2271]), tensor([0.7371, 0.6671, 0.0636, 0.4373, 0.7144, 0.3453, 0.6465, 0.2255, 0.3077,
        0.7950, 0.9656, 0.2169, 0.5780, 0.4640, 0.7596, 0.7270, 0.6577, 0.8411,
        0.9535, 0.2649, 0.4341, 0.2916, 0.5187, 0.5220, 0.4440, 0.0389, 0.8728,
        0.7901, 0.5102, 0.5573, 0.1218, 0.6595, 0.4993, 0.6992, 0.2464, 0.4036,
        0.8453, 0.8561, 0.1493, 0.7125, 0.3309, 0.7171, 0.2594, 0.1294, 0.9127,
        0.0246, 0.2394, 0.5178, 0.9492, 0.0763, 0.6240, 0.6846, 0.3174, 0.8391,
        0.3829, 0.5783, 0.8363, 0.5023, 0.7507, 0.8556, 0.7497, 0.0981, 0.1360,
        0.7372, 0.6199, 0.8988, 0.9117, 0.4149, 0.5719, 0.4513, 0.4818, 0.0478])]
Prediction training values: [tensor([ 0.7601,  0.2362,  0.3697,  0.3356,  0.4531,  0.4327,  0.3641,  0.0188,
         0.7149,  0.6788,  0.3986,  0.4903, -0.0966,  0.5043,  0.2567,  0.4992,
         0.1799,  0.3679,  0.6946,  0.7668,  0.1609,  0.6191,  0.3591,  0.7215,
         0.2194,  0.1993,  0.8781,  0.0946,  0.2041,  0.5315,  0.9884,  0.0868,
         0.7037,  0.7363,  0.4856,  0.8533,  0.4865,  0.7168,  0.8294,  0.5655,
         0.8095,  0.8787,  0.8567,  0.2983,  0.2336,  0.8067,  0.6409,  1.0961,
         0.8170,  0.4502,  0.5306,  0.5701,  0.4827,  0.1754,  0.6046,  0.4209,
         0.4216,  0.6604,  0.2619,  0.7048,  0.6176,  0.2988,  0.2756,  0.2615,
        -0.2430,  0.4963,  0.6762,  0.6971,  0.7163,  0.1451,  0.5614,  0.3272]), tensor([0.7203, 0.6767, 0.2696, 0.5147, 0.8165, 0.4966, 0.7950, 0.2753, 0.4710,
        1.1270, 1.2648, 0.4826, 0.8411, 0.7185, 0.9219, 0.9014, 1.0302, 1.1512,
        0.9892, 1.1150, 0.4274, 0.9106, 0.5512, 0.9207, 0.4405, 0.4710, 1.0506,
        0.2663, 0.4204, 0.6810, 1.1604, 0.3213, 0.7325, 0.8329, 0.5210, 0.9387,
        0.5993, 0.7668, 1.0410, 0.6761, 1.0569, 1.0801, 1.0269, 0.4822, 0.5127,
        1.2089, 1.0484, 1.4550, 1.2474, 0.7827, 0.9267, 1.1138, 0.8875, 0.4568,
        1.1447, 0.7875, 0.7775, 1.2657, 0.9197, 1.1320, 1.1168, 0.6197, 0.7626,
        0.7673, 0.2385, 0.8561, 0.8937, 0.9298, 0.9228, 0.2925, 0.7520, 0.3697]), tensor([0.6430, 0.7188, 0.0602, 0.4117, 0.6769, 0.3156, 0.5798, 0.2373, 0.3370,
        0.8640, 1.1905, 0.3276, 0.7738, 0.6151, 0.8670, 0.9018, 0.8857, 1.0342,
        1.1001, 0.4339, 0.6021, 0.4721, 0.6345, 0.6414, 0.5973, 0.1602, 1.1172,
        1.0008, 0.7285, 0.6507, 0.3527, 0.8387, 0.6144, 0.7796, 0.3215, 0.4770,
        0.4330, 0.6813, 0.8834, 0.6085, 0.7960, 0.9955, 0.8351, 0.2303, 0.3209,
        0.8973, 0.7499, 1.2270, 1.0730, 0.5651, 0.8130, 0.6454, 0.6541, 0.3061,
        0.9421, 0.7515, 0.7234, 1.1839, 0.6049, 1.1210, 1.0877, 0.5912, 0.7376,
        0.7671, 0.2860, 0.9400, 0.9322, 1.0071, 0.9575, 0.1435, 0.5952, 0.1484]), tensor([ 0.7733,  0.7211,  0.2187,  0.5004,  0.8647,  0.3633,  0.6450,  0.3771,
         0.3857,  0.7541,  1.0020,  0.3004,  0.5432,  0.5371,  0.6612,  0.6668,
         0.6659,  0.7974,  0.7725,  0.1833,  0.3437,  0.1361,  0.3371,  0.3855,
         0.3692,  0.0021,  0.7952,  0.6286,  0.4772,  0.4867, -0.0966,  0.6799,
         0.5705,  0.7096,  0.3156,  0.4682,  0.9763,  0.9639,  0.2506,  0.8134,
         0.4358,  0.7997,  0.3652,  0.2734,  1.0173,  0.1828,  0.3186,  0.6111,
         1.0702,  0.2254,  0.7453,  0.8048,  0.3915,  0.8844,  0.8219,  0.6100,
         0.5587,  0.9732,  0.4994,  0.8757,  0.8131,  0.4819,  0.5522,  0.5257,
         0.0879,  0.6845,  0.8703,  0.8939,  0.8771,  0.2455,  0.6643,  0.2712]), tensor([0.6178, 0.6874, 0.1081, 0.4871, 0.7350, 0.3563, 0.7394, 0.2817, 0.4539,
        0.9986, 1.2101, 0.4270, 0.8303, 0.6295, 0.9842, 0.9661, 0.8807, 1.0996,
        1.2293, 0.3753, 0.6271, 0.6063, 0.6494, 0.6703, 0.6270, 0.1995, 1.1090,
        0.9189, 0.6173, 0.6616, 0.1177, 0.7351, 0.5891, 0.8499, 0.1767, 0.4194,
        0.8472, 0.9535, 0.1089, 0.8874, 0.4868, 0.8612, 0.3259, 0.1583, 1.1300,
        0.0971, 0.4316, 0.6985, 1.2824, 0.1102, 0.8506, 1.0119, 0.5239, 1.1433,
        0.6066, 0.7763, 1.1516, 0.6618, 1.0055, 1.0846, 0.9508, 0.3009, 0.3315,
        0.8640, 0.8508, 1.0989, 0.9949, 0.5031, 0.6138, 0.4825, 0.5011, 0.0288])]
Target values: [array([0.73709923, 0.6671056 , 0.06358391, 0.4372734 , 0.71435624,
       0.34531343, 0.6464906 , 0.2254639 , 0.30766785, 0.79497874,
       0.96564525, 0.21692123, 0.578045  , 0.46398443, 0.75962484,
       0.72703534, 0.65769196, 0.84113044], dtype=float32), array([0.95346546, 0.2649091 , 0.43409458, 0.29163042, 0.518717  ,
       0.5220161 , 0.44401234, 0.03887437, 0.8728059 , 0.7900961 ,
       0.51015127, 0.55726975, 0.12180944, 0.659493  , 0.4993471 ,
       0.69921327, 0.24636388, 0.40355092], dtype=float32), array([0.84525365, 0.85610735, 0.14931566, 0.71252435, 0.33092642,
       0.71714455, 0.25936916, 0.12937951, 0.912732  , 0.02463444,
       0.23939352, 0.51780254, 0.9491663 , 0.07633217, 0.62399   ,
       0.6846425 , 0.31742746, 0.8390776 ], dtype=float32), array([0.38285765, 0.57832706, 0.83626515, 0.50225437, 0.75073236,
       0.85557973, 0.7497406 , 0.09805249, 0.1360485 , 0.73719215,
       0.6198749 , 0.89876264, 0.9116711 , 0.41493568, 0.57190746,
       0.45128736, 0.48182514, 0.04781396], dtype=float32), array([0.77910316, 0.5658469 , 0.52996147, 0.96213573, 0.45263878,
       0.9215425 , 0.8524316 , 0.46544507, 0.55641776, 0.5778506 ,
       0.10552448, 0.7462256 , 0.8417677 , 0.91498566, 0.9071598 ,
       0.12948532, 0.6576234 , 0.22711647], dtype=float32)]
Prediction values: [array([0.5069038 , 0.25168234, 0.45866752, 0.38177228, 0.45808005,
       0.44170403, 0.5954055 , 0.2589995 , 0.4578889 , 0.62148607,
       0.54552424, 0.43985236, 0.6361067 , 0.5345257 , 0.5023786 ,
       0.3620304 , 0.5269809 , 0.5660939 ], dtype=float32), array([0.5935868 , 0.6836685 , 0.62598896, 1.3309177 , 1.0895139 ,
       0.59560245, 0.73578787, 0.812814  , 0.7887684 , 0.85683966,
       0.8416459 , 0.6899302 , 0.6215885 , 0.7041748 , 0.6363256 ,
       0.8696559 , 0.9950956 , 0.84863126], dtype=float32), array([0.5805793 , 0.60365224, 0.7721043 , 0.6851028 , 0.7623687 ,
       0.59409386, 0.64917713, 0.82460135, 0.87812805, 0.64221483,
       0.65076053, 0.7176369 , 0.64499235, 0.5591518 , 0.6133778 ,
       0.6167471 , 0.9528273 , 0.65146863], dtype=float32), array([0.616513  , 0.6564765 , 0.6191017 , 0.53390515, 0.563101  ,
       0.49288294, 0.6111661 , 0.6630451 , 0.332257  , 0.61409426,
       0.5883658 , 0.40498793, 0.56460893, 0.64738345, 0.52611834,
       0.6264529 , 0.5334433 , 0.5165968 ], dtype=float32), array([0.18436146, 0.4010144 , 0.6621125 , 0.49150425, 0.76023626,
       0.61827284, 0.60793364, 0.5974952 , 0.7841757 , 0.76465046,
       0.58194673, 0.69530725, 0.7864639 , 0.49426243, 0.3638015 ,
       0.6753085 , 0.55865425, 0.5464301 ], dtype=float32)]
Time taken: 999.1773114204407 seconds
