DenseNet_isthmuscingulate_01.py
/apps/monai/MONAI0.8.1/lib/python3.9/site-packages/torch/cuda/__init__.py:143: UserWarning: 
NVIDIA B200 with CUDA capability sm_100 is not compatible with the current PyTorch installation.
The current PyTorch install supports CUDA capabilities sm_37 sm_50 sm_60 sm_61 sm_70 sm_75 sm_80 sm_86 compute_37.
If you want to use the NVIDIA B200 GPU with PyTorch, please check the instructions at https://pytorch.org/get-started/locally/

  warnings.warn(incompatible_device_warn.format(device_name, capability, " ".join(arch_list), device_name))
90
Image shape: torch.Size([256, 256, 256])
Label: 0.578327051

Image shape: torch.Size([256, 256, 256])
Label: 0.55726975

Image shape: torch.Size([256, 256, 256])
Label: 0.105524477

Image shape: torch.Size([256, 256, 256])
Label: 0.414935686

Image shape: torch.Size([256, 256, 256])
Label: 0.499347098

Image shape: torch.Size([256, 256, 256])
Label: 0.46544507

Image shape: torch.Size([256, 256, 256])
Label: 0.749740575

Image shape: torch.Size([256, 256, 256])
Label: 0.646490545

Image shape: torch.Size([256, 256, 256])
Label: 0.856107326

Image shape: torch.Size([256, 256, 256])
Label: 0.717144575

Image shape: torch.Size([256, 256, 256])
Label: 0.750732335

Image shape: torch.Size([256, 256, 256])
Label: 0.517802514

Image shape: torch.Size([256, 256, 256])
Label: 0.227116465

Image shape: torch.Size([256, 256, 256])
Label: 0.14931566

Image shape: torch.Size([256, 256, 256])
Label: 0.91273199

Image shape: torch.Size([256, 256, 256])
Label: 0.852431609

Image shape: torch.Size([256, 256, 256])
Label: 0.451287356

Image shape: torch.Size([256, 256, 256])
Label: 0.714356234

Image shape: torch.Size([256, 256, 256])
Label: 0.307667842

Image shape: torch.Size([256, 256, 256])
Label: 0.038874365

Image shape: torch.Size([256, 256, 256])
Label: 0.518716963

Image shape: torch.Size([256, 256, 256])
Label: 0.463984431

Image shape: torch.Size([256, 256, 256])
Label: 0.55641775

Image shape: torch.Size([256, 256, 256])
Label: 0.098052496

Image shape: torch.Size([256, 256, 256])
Label: 0.43409457

Image shape: torch.Size([256, 256, 256])
Label: 0.452638778

Image shape: torch.Size([256, 256, 256])
Label: 0.57804499

Image shape: torch.Size([256, 256, 256])
Label: 0.623989995

Image shape: torch.Size([256, 256, 256])
Label: 0.91498566

Image shape: torch.Size([256, 256, 256])
Label: 0.911671093

Image shape: torch.Size([256, 256, 256])
Label: 0.565846925

Image shape: torch.Size([256, 256, 256])
Label: 0.836265129

Image shape: torch.Size([256, 256, 256])
Label: 0.246363884

Image shape: torch.Size([256, 256, 256])
Label: 0.907159832

Image shape: torch.Size([256, 256, 256])
Label: 0.962135747

Image shape: torch.Size([256, 256, 256])
Label: 0.024634435

Image shape: torch.Size([256, 256, 256])
Label: 0.779103135

Image shape: torch.Size([256, 256, 256])
Label: 0.225463904

Image shape: torch.Size([256, 256, 256])
Label: 0.965645278

Image shape: torch.Size([256, 256, 256])
Label: 0.31742745

Image shape: torch.Size([256, 256, 256])
Label: 0.129485328

Image shape: torch.Size([256, 256, 256])
Label: 0.48182514

Image shape: torch.Size([256, 256, 256])
Label: 0.076332172

Image shape: torch.Size([256, 256, 256])
Label: 0.34531344

Image shape: torch.Size([256, 256, 256])
Label: 0.577850585

Image shape: torch.Size([256, 256, 256])
Label: 0.794978716

Image shape: torch.Size([256, 256, 256])
Label: 0.047813956

Image shape: torch.Size([256, 256, 256])
Label: 0.841130428

Image shape: torch.Size([256, 256, 256])
Label: 0.845253622

Image shape: torch.Size([256, 256, 256])
Label: 0.699213269

Image shape: torch.Size([256, 256, 256])
Label: 0.571907479

Image shape: torch.Size([256, 256, 256])
Label: 0.330926406

Image shape: torch.Size([256, 256, 256])
Label: 0.949166278

Image shape: torch.Size([256, 256, 256])
Label: 0.437273408

Image shape: torch.Size([256, 256, 256])
Label: 0.121809436

Image shape: torch.Size([256, 256, 256])
Label: 0.063583908

Image shape: torch.Size([256, 256, 256])
Label: 0.403550924

Image shape: torch.Size([256, 256, 256])
Label: 0.129379513

Image shape: torch.Size([256, 256, 256])
Label: 0.502254367

Image shape: torch.Size([256, 256, 256])
Label: 0.746225617

Image shape: torch.Size([256, 256, 256])
Label: 0.898762669

Image shape: torch.Size([256, 256, 256])
Label: 0.759624831

Image shape: torch.Size([256, 256, 256])
Label: 0.510151238

Image shape: torch.Size([256, 256, 256])
Label: 0.291630426

Image shape: torch.Size([256, 256, 256])
Label: 0.841767741

Image shape: torch.Size([256, 256, 256])
Label: 0.259369175

Image shape: torch.Size([256, 256, 256])
Label: 0.239393515

Image shape: torch.Size([256, 256, 256])
Label: 0.855579732

Image shape: torch.Size([256, 256, 256])
Label: 0.657623403

Image shape: torch.Size([256, 256, 256])
Label: 0.136048492

Image shape: torch.Size([256, 256, 256])
Label: 0.92154251

Image shape: torch.Size([256, 256, 256])
Label: 0.26490909

Image shape: torch.Size([256, 256, 256])
Label: 0.659493008

Image shape: torch.Size([256, 256, 256])
Label: 0.737192172

Image shape: torch.Size([256, 256, 256])
Label: 0.684642475

Image shape: torch.Size([256, 256, 256])
Label: 0.619874898

Image shape: torch.Size([256, 256, 256])
Label: 0.216921218

Image shape: torch.Size([256, 256, 256])
Label: 0.657691961

Image shape: torch.Size([256, 256, 256])
Label: 0.872805901

Image shape: torch.Size([256, 256, 256])
Label: 0.667105602

Image shape: torch.Size([256, 256, 256])
Label: 0.839077585

Image shape: torch.Size([256, 256, 256])
Label: 0.529961465

Image shape: torch.Size([256, 256, 256])
Label: 0.727035333

Image shape: torch.Size([256, 256, 256])
Label: 0.712524369

Image shape: torch.Size([256, 256, 256])
Label: 0.522016133

Image shape: torch.Size([256, 256, 256])
Label: 0.444012353

Image shape: torch.Size([256, 256, 256])
Label: 0.382857646

Image shape: torch.Size([256, 256, 256])
Label: 0.790096101

Image shape: torch.Size([256, 256, 256])
Label: 0.953465465

Image shape: torch.Size([256, 256, 256])
Label: 0.737099236

18 5
Fold 1
Epoch: 00, Training Loss: 0.0966, Train MSE: 0.0966, r (train): -0.1641, Test MSE: 0.0793, r (test): -0.2039
Epoch: 01, Training Loss: 0.1577, Train MSE: 0.1577, r (train): -0.1939, Test MSE: 0.1466, r (test): -0.1461
Epoch: 02, Training Loss: 0.2719, Train MSE: 0.2719, r (train): 0.4542, Test MSE: 0.2658, r (test): 0.4589
Epoch: 03, Training Loss: 0.2768, Train MSE: 0.2768, r (train): 0.6974, Test MSE: 0.2772, r (test): 0.4188
Epoch: 04, Training Loss: 0.7377, Train MSE: 0.7377, r (train): 0.5633, Test MSE: 0.8956, r (test): 0.2740
Epoch: 05, Training Loss: 0.0998, Train MSE: 0.0998, r (train): 0.6705, Test MSE: 0.0949, r (test): 0.3037
Epoch: 06, Training Loss: 0.0435, Train MSE: 0.0435, r (train): 0.6702, Test MSE: 0.0530, r (test): 0.2708
Epoch: 07, Training Loss: 4.1914, Train MSE: 4.1914, r (train): 0.6445, Test MSE: 4.8353, r (test): 0.1845
Epoch: 08, Training Loss: 0.2294, Train MSE: 0.2294, r (train): 0.6841, Test MSE: 0.2660, r (test): 0.3299
Epoch: 09, Training Loss: 0.0986, Train MSE: 0.0986, r (train): 0.7086, Test MSE: 0.1176, r (test): 0.2505
Epoch: 10, Training Loss: 0.0483, Train MSE: 0.0483, r (train): 0.7559, Test MSE: 0.0753, r (test): 0.2820
Epoch: 11, Training Loss: 0.1962, Train MSE: 0.1962, r (train): 0.7646, Test MSE: 0.2474, r (test): 0.2850
Epoch: 12, Training Loss: 0.0624, Train MSE: 0.0624, r (train): 0.7713, Test MSE: 0.0975, r (test): 0.1961
Epoch: 13, Training Loss: 0.0517, Train MSE: 0.0517, r (train): 0.7617, Test MSE: 0.0751, r (test): 0.3399
Epoch: 14, Training Loss: 0.0386, Train MSE: 0.0386, r (train): 0.7722, Test MSE: 0.0591, r (test): 0.3475
Epoch: 15, Training Loss: 0.0432, Train MSE: 0.0432, r (train): 0.7679, Test MSE: 0.0628, r (test): 0.3174
Epoch: 16, Training Loss: 0.0348, Train MSE: 0.0348, r (train): 0.7535, Test MSE: 0.0488, r (test): 0.3730
Epoch: 17, Training Loss: 0.0482, Train MSE: 0.0482, r (train): 0.7492, Test MSE: 0.0739, r (test): 0.3068
Epoch: 18, Training Loss: 0.0403, Train MSE: 0.0403, r (train): 0.7470, Test MSE: 0.0620, r (test): 0.3043
Epoch: 19, Training Loss: 0.0380, Train MSE: 0.0380, r (train): 0.7183, Test MSE: 0.0490, r (test): 0.3694
Epoch: 20, Training Loss: 0.0475, Train MSE: 0.0475, r (train): 0.7023, Test MSE: 0.0572, r (test): 0.3300
Epoch: 21, Training Loss: 0.0448, Train MSE: 0.0448, r (train): 0.7475, Test MSE: 0.0568, r (test): 0.3057
Epoch: 22, Training Loss: 0.0373, Train MSE: 0.0373, r (train): 0.7443, Test MSE: 0.0535, r (test): 0.2782
Epoch: 23, Training Loss: 0.0696, Train MSE: 0.0696, r (train): 0.6872, Test MSE: 0.0752, r (test): 0.3486
Epoch: 24, Training Loss: 0.0445, Train MSE: 0.0445, r (train): 0.6905, Test MSE: 0.0551, r (test): 0.3571
Epoch: 25, Training Loss: 0.0416, Train MSE: 0.0416, r (train): 0.7497, Test MSE: 0.0547, r (test): 0.2895
Epoch: 26, Training Loss: 0.0547, Train MSE: 0.0547, r (train): 0.6716, Test MSE: 0.0576, r (test): 0.3438
Epoch: 27, Training Loss: 0.2794, Train MSE: 0.2794, r (train): 0.7124, Test MSE: 0.3046, r (test): 0.2436
Epoch: 28, Training Loss: 0.1525, Train MSE: 0.1525, r (train): 0.7003, Test MSE: 0.1563, r (test): 0.3505
Epoch: 29, Training Loss: 0.4336, Train MSE: 0.4336, r (train): 0.7665, Test MSE: 0.4544, r (test): 0.1929
Epoch: 30, Training Loss: 0.0681, Train MSE: 0.0681, r (train): 0.7670, Test MSE: 0.0844, r (test): 0.2771
Epoch: 31, Training Loss: 0.0729, Train MSE: 0.0729, r (train): 0.7282, Test MSE: 0.0834, r (test): 0.3092
Epoch: 32, Training Loss: 0.0695, Train MSE: 0.0695, r (train): 0.7229, Test MSE: 0.1015, r (test): 0.2563
Epoch: 33, Training Loss: 0.0642, Train MSE: 0.0642, r (train): 0.6759, Test MSE: 0.0863, r (test): 0.2767
Epoch: 34, Training Loss: 0.0425, Train MSE: 0.0425, r (train): 0.6999, Test MSE: 0.0531, r (test): 0.2753
Epoch: 35, Training Loss: 0.0517, Train MSE: 0.0517, r (train): 0.6981, Test MSE: 0.0588, r (test): 0.2776
Epoch: 36, Training Loss: 0.0403, Train MSE: 0.0403, r (train): 0.7168, Test MSE: 0.0550, r (test): 0.2616
Epoch: 37, Training Loss: 0.0842, Train MSE: 0.0842, r (train): 0.7739, Test MSE: 0.0862, r (test): 0.2812
Epoch: 38, Training Loss: 0.0582, Train MSE: 0.0582, r (train): 0.7594, Test MSE: 0.0664, r (test): 0.3193
Epoch: 39, Training Loss: 0.0956, Train MSE: 0.0956, r (train): 0.7132, Test MSE: 0.1008, r (test): 0.3264
Epoch: 40, Training Loss: 0.1946, Train MSE: 0.1946, r (train): 0.7028, Test MSE: 0.2468, r (test): 0.2661
Epoch: 41, Training Loss: 0.0783, Train MSE: 0.0783, r (train): 0.7012, Test MSE: 0.0839, r (test): 0.2536
Epoch: 42, Training Loss: 0.1538, Train MSE: 0.1538, r (train): 0.7334, Test MSE: 0.1663, r (test): 0.2642
Epoch: 43, Training Loss: 0.0598, Train MSE: 0.0598, r (train): 0.7337, Test MSE: 0.0712, r (test): 0.2494
Epoch: 44, Training Loss: 0.0637, Train MSE: 0.0637, r (train): 0.7278, Test MSE: 0.0641, r (test): 0.3239
Epoch: 45, Training Loss: 0.0454, Train MSE: 0.0454, r (train): 0.7671, Test MSE: 0.0760, r (test): 0.3306
Epoch: 46, Training Loss: 0.0451, Train MSE: 0.0451, r (train): 0.7248, Test MSE: 0.0554, r (test): 0.3125
Epoch: 47, Training Loss: 0.0504, Train MSE: 0.0504, r (train): 0.7526, Test MSE: 0.0615, r (test): 0.2823
Epoch: 48, Training Loss: 0.0595, Train MSE: 0.0595, r (train): 0.7246, Test MSE: 0.0943, r (test): 0.2500
Epoch: 49, Training Loss: 0.0623, Train MSE: 0.0623, r (train): 0.7703, Test MSE: 0.0749, r (test): 0.2552
Epoch: 50, Training Loss: 0.1460, Train MSE: 0.1460, r (train): 0.7374, Test MSE: 0.1605, r (test): 0.2701
Epoch: 51, Training Loss: 0.0472, Train MSE: 0.0472, r (train): 0.7439, Test MSE: 0.0763, r (test): 0.2751
Epoch: 52, Training Loss: 0.0725, Train MSE: 0.0725, r (train): 0.7292, Test MSE: 0.1090, r (test): 0.2950
Epoch: 53, Training Loss: 0.0982, Train MSE: 0.0982, r (train): 0.7724, Test MSE: 0.1133, r (test): 0.2405
Epoch: 54, Training Loss: 0.0402, Train MSE: 0.0402, r (train): 0.7440, Test MSE: 0.0589, r (test): 0.1886
Epoch: 55, Training Loss: 0.0740, Train MSE: 0.0740, r (train): 0.7478, Test MSE: 0.0798, r (test): 0.2904
Epoch: 56, Training Loss: 0.0380, Train MSE: 0.0380, r (train): 0.7744, Test MSE: 0.0643, r (test): 0.3218
Epoch: 57, Training Loss: 0.0341, Train MSE: 0.0341, r (train): 0.7690, Test MSE: 0.0514, r (test): 0.2840
Epoch: 58, Training Loss: 0.0446, Train MSE: 0.0446, r (train): 0.7974, Test MSE: 0.0624, r (test): 0.2322
Epoch: 59, Training Loss: 0.0479, Train MSE: 0.0479, r (train): 0.7512, Test MSE: 0.0584, r (test): 0.2223
Epoch: 60, Training Loss: 0.0332, Train MSE: 0.0332, r (train): 0.7674, Test MSE: 0.0543, r (test): 0.2724
Epoch: 61, Training Loss: 0.0339, Train MSE: 0.0339, r (train): 0.7715, Test MSE: 0.0530, r (test): 0.2696
Epoch: 62, Training Loss: 0.0298, Train MSE: 0.0298, r (train): 0.7885, Test MSE: 0.0552, r (test): 0.2640
Epoch: 63, Training Loss: 0.0604, Train MSE: 0.0604, r (train): 0.8035, Test MSE: 0.0735, r (test): 0.2585
Epoch: 64, Training Loss: 0.0395, Train MSE: 0.0395, r (train): 0.8004, Test MSE: 0.0584, r (test): 0.2527
Epoch: 65, Training Loss: 0.0422, Train MSE: 0.0422, r (train): 0.7786, Test MSE: 0.0576, r (test): 0.2633
Epoch: 66, Training Loss: 0.0556, Train MSE: 0.0556, r (train): 0.7402, Test MSE: 0.0856, r (test): 0.2618
Epoch: 67, Training Loss: 0.0347, Train MSE: 0.0347, r (train): 0.7959, Test MSE: 0.0660, r (test): 0.2541
Epoch: 68, Training Loss: 0.1187, Train MSE: 0.1187, r (train): 0.7829, Test MSE: 0.1256, r (test): 0.2760
Epoch: 69, Training Loss: 0.1133, Train MSE: 0.1133, r (train): 0.7647, Test MSE: 0.1289, r (test): 0.2380
Epoch: 70, Training Loss: 0.0688, Train MSE: 0.0688, r (train): 0.7335, Test MSE: 0.1048, r (test): 0.2235
Epoch: 71, Training Loss: 0.0349, Train MSE: 0.0349, r (train): 0.7732, Test MSE: 0.0537, r (test): 0.2472
Epoch: 72, Training Loss: 0.0294, Train MSE: 0.0294, r (train): 0.7865, Test MSE: 0.0501, r (test): 0.2930
Epoch: 73, Training Loss: 0.1061, Train MSE: 0.1061, r (train): 0.7971, Test MSE: 0.1183, r (test): 0.2353
Epoch: 74, Training Loss: 0.0352, Train MSE: 0.0352, r (train): 0.7753, Test MSE: 0.0555, r (test): 0.2416
Epoch: 75, Training Loss: 0.0354, Train MSE: 0.0354, r (train): 0.7607, Test MSE: 0.0601, r (test): 0.2334
Epoch: 76, Training Loss: 0.0327, Train MSE: 0.0327, r (train): 0.7651, Test MSE: 0.0516, r (test): 0.2692
Epoch: 77, Training Loss: 0.0339, Train MSE: 0.0339, r (train): 0.7899, Test MSE: 0.0544, r (test): 0.2068
Epoch: 78, Training Loss: 0.0378, Train MSE: 0.0378, r (train): 0.7961, Test MSE: 0.0571, r (test): 0.2115
Epoch: 79, Training Loss: 0.0405, Train MSE: 0.0405, r (train): 0.7844, Test MSE: 0.0572, r (test): 0.1983
Epoch: 80, Training Loss: 0.0348, Train MSE: 0.0348, r (train): 0.7862, Test MSE: 0.0530, r (test): 0.2756
Epoch: 81, Training Loss: 0.0308, Train MSE: 0.0308, r (train): 0.7844, Test MSE: 0.0532, r (test): 0.2127
Epoch: 82, Training Loss: 0.0322, Train MSE: 0.0322, r (train): 0.7879, Test MSE: 0.0643, r (test): 0.2066
Epoch: 83, Training Loss: 0.0773, Train MSE: 0.0773, r (train): 0.7980, Test MSE: 0.0920, r (test): 0.2413
Epoch: 84, Training Loss: 0.0726, Train MSE: 0.0726, r (train): 0.7564, Test MSE: 0.0812, r (test): 0.2376
Epoch: 85, Training Loss: 0.1150, Train MSE: 0.1150, r (train): 0.6632, Test MSE: 0.1605, r (test): 0.2164
Epoch: 86, Training Loss: 0.0905, Train MSE: 0.0905, r (train): 0.7825, Test MSE: 0.1158, r (test): 0.1330
Epoch: 87, Training Loss: 0.0467, Train MSE: 0.0467, r (train): 0.7896, Test MSE: 0.0670, r (test): 0.2058
Epoch: 88, Training Loss: 0.0764, Train MSE: 0.0764, r (train): 0.7948, Test MSE: 0.0915, r (test): 0.2254
Epoch: 89, Training Loss: 0.0394, Train MSE: 0.0394, r (train): 0.7827, Test MSE: 0.0558, r (test): 0.2442
Epoch: 90, Training Loss: 0.0423, Train MSE: 0.0423, r (train): 0.7033, Test MSE: 0.0656, r (test): 0.2252
Epoch: 91, Training Loss: 0.0283, Train MSE: 0.0283, r (train): 0.7981, Test MSE: 0.0501, r (test): 0.2840
Epoch: 92, Training Loss: 0.0504, Train MSE: 0.0504, r (train): 0.7850, Test MSE: 0.0743, r (test): 0.0815
Epoch: 93, Training Loss: 0.0308, Train MSE: 0.0308, r (train): 0.8050, Test MSE: 0.0573, r (test): 0.1537
Epoch: 94, Training Loss: 0.0435, Train MSE: 0.0435, r (train): 0.7624, Test MSE: 0.0565, r (test): 0.2373
Epoch: 95, Training Loss: 0.0313, Train MSE: 0.0313, r (train): 0.7779, Test MSE: 0.0519, r (test): 0.2570
Epoch: 96, Training Loss: 0.0377, Train MSE: 0.0377, r (train): 0.7871, Test MSE: 0.0572, r (test): 0.1814
Epoch: 97, Training Loss: 0.0325, Train MSE: 0.0325, r (train): 0.7775, Test MSE: 0.0651, r (test): 0.1423
Epoch: 98, Training Loss: 0.0551, Train MSE: 0.0551, r (train): 0.7942, Test MSE: 0.0720, r (test): 0.1739
Epoch: 99, Training Loss: 0.0310, Train MSE: 0.0310, r (train): 0.7943, Test MSE: 0.0660, r (test): 0.1518
Predicted tensors for training set: 
tensor([ 0.4764,  0.1555,  0.7642,  0.6412,  0.6998,  0.1916,  0.6089,  0.5753,
         0.3548,  0.3901,  0.7218,  0.7247,  0.3941,  0.7501,  0.0980,  0.7464,
         1.1560,  0.0165,  0.9335,  0.2499,  1.0175,  0.2749,  0.1712,  0.4338,
         0.0915,  0.4014,  0.6390,  0.9242, -0.0612,  0.7466,  0.7360,  0.6172,
         0.4932,  0.2313,  0.8701,  0.3474,  0.4904,  0.4046,  0.7611,  0.5357,
         0.2894,  0.5071,  0.6786,  0.4902,  0.6310,  0.3726,  0.9830,  0.3450,
         0.2544,  0.9666,  0.7238,  0.1200,  0.6908,  0.0933,  0.4559,  0.5447,
         0.5870,  0.5239,  0.1570,  0.5921,  0.6012,  0.4280,  0.5761,  0.3274,
         0.6171,  0.5651,  0.4166,  0.3343,  0.1647,  0.5473,  0.6210,  0.4881])
Target tensorsfor training set: 
tensor([0.3077, 0.0389, 0.5187, 0.4640, 0.5564, 0.0981, 0.4341, 0.4526, 0.5780,
        0.6240, 0.9150, 0.9117, 0.5658, 0.8363, 0.2464, 0.9072, 0.9621, 0.0246,
        0.7791, 0.2255, 0.9656, 0.3174, 0.1295, 0.4818, 0.0763, 0.3453, 0.5779,
        0.7950, 0.0478, 0.8411, 0.8453, 0.6992, 0.5719, 0.3309, 0.9492, 0.4373,
        0.1218, 0.0636, 0.4036, 0.1294, 0.5023, 0.7462, 0.8988, 0.7596, 0.5102,
        0.2916, 0.8418, 0.2594, 0.2394, 0.8556, 0.6576, 0.1360, 0.9215, 0.2649,
        0.6595, 0.7372, 0.6846, 0.6199, 0.2169, 0.6577, 0.8728, 0.6671, 0.8391,
        0.5300, 0.7270, 0.7125, 0.5220, 0.4440, 0.3829, 0.7901, 0.9535, 0.7371])
Correlation for training set: 0.7943093950069725
Predicted tensors for test set: 
tensor([0.4710, 0.3930, 0.4091, 0.4835, 0.5444, 0.6627, 0.6918, 0.3762, 0.4549,
        0.4372, 0.5238, 0.4304, 0.4319, 0.3221, 0.2684, 0.6396, 0.5933, 0.4252])
Target tensorsfor test set: 
tensor([0.5783, 0.5573, 0.1055, 0.4149, 0.4993, 0.4654, 0.7497, 0.6465, 0.8561,
        0.7171, 0.7507, 0.5178, 0.2271, 0.1493, 0.9127, 0.8524, 0.4513, 0.7144])
Correlation for test set: 0.15175778044902793
18 5
Fold 2
Epoch: 00, Training Loss: 0.3232, Train MSE: 0.3232, r (train): -0.1774, Test MSE: 0.3120, r (test): 0.1885
Epoch: 01, Training Loss: 0.5762, Train MSE: 0.5762, r (train): 0.4330, Test MSE: 0.5532, r (test): -0.0266
Epoch: 02, Training Loss: 0.7921, Train MSE: 0.7921, r (train): 0.4947, Test MSE: 0.7620, r (test): 0.0021
Epoch: 03, Training Loss: 0.0444, Train MSE: 0.0444, r (train): 0.6820, Test MSE: 0.1205, r (test): 0.1331
Epoch: 04, Training Loss: 0.0653, Train MSE: 0.0653, r (train): 0.7267, Test MSE: 0.1113, r (test): 0.0736
Epoch: 05, Training Loss: 0.1480, Train MSE: 0.1480, r (train): 0.7537, Test MSE: 0.2371, r (test): 0.1024
Epoch: 06, Training Loss: 0.0386, Train MSE: 0.0386, r (train): 0.7727, Test MSE: 0.0946, r (test): 0.1391
Epoch: 07, Training Loss: 0.3871, Train MSE: 0.3871, r (train): 0.7809, Test MSE: 0.5263, r (test): 0.0549
Epoch: 08, Training Loss: 0.0791, Train MSE: 0.0791, r (train): 0.8240, Test MSE: 0.1302, r (test): 0.1788
Epoch: 09, Training Loss: 0.0598, Train MSE: 0.0598, r (train): 0.8237, Test MSE: 0.1148, r (test): 0.1422
Epoch: 10, Training Loss: 0.1170, Train MSE: 0.1170, r (train): 0.8165, Test MSE: 0.2099, r (test): 0.0936
Epoch: 11, Training Loss: 0.0424, Train MSE: 0.0424, r (train): 0.8335, Test MSE: 0.1050, r (test): 0.1266
Epoch: 12, Training Loss: 0.0305, Train MSE: 0.0305, r (train): 0.8309, Test MSE: 0.0960, r (test): 0.1334
Epoch: 13, Training Loss: 0.0995, Train MSE: 0.0995, r (train): 0.8205, Test MSE: 0.1495, r (test): 0.1710
Epoch: 14, Training Loss: 0.0226, Train MSE: 0.0226, r (train): 0.8244, Test MSE: 0.0934, r (test): 0.1204
Epoch: 15, Training Loss: 0.2593, Train MSE: 0.2593, r (train): 0.7830, Test MSE: 0.3599, r (test): 0.0743
Epoch: 16, Training Loss: 0.2748, Train MSE: 0.2748, r (train): 0.6997, Test MSE: 0.2925, r (test): 0.0391
Epoch: 17, Training Loss: 1.2635, Train MSE: 1.2635, r (train): 0.8000, Test MSE: 1.3838, r (test): 0.0314
Epoch: 18, Training Loss: 0.1394, Train MSE: 0.1394, r (train): 0.8047, Test MSE: 0.1787, r (test): 0.1564
Epoch: 19, Training Loss: 0.0449, Train MSE: 0.0449, r (train): 0.8190, Test MSE: 0.1235, r (test): 0.1110
Epoch: 20, Training Loss: 0.0389, Train MSE: 0.0389, r (train): 0.8264, Test MSE: 0.1164, r (test): 0.1293
Epoch: 21, Training Loss: 0.1226, Train MSE: 0.1226, r (train): 0.7668, Test MSE: 0.1743, r (test): 0.1253
Epoch: 22, Training Loss: 0.0456, Train MSE: 0.0456, r (train): 0.7804, Test MSE: 0.1081, r (test): 0.1129
Epoch: 23, Training Loss: 0.0744, Train MSE: 0.0744, r (train): 0.8097, Test MSE: 0.1413, r (test): 0.1695
Epoch: 24, Training Loss: 0.0450, Train MSE: 0.0450, r (train): 0.8048, Test MSE: 0.1216, r (test): 0.1367
Epoch: 25, Training Loss: 0.0254, Train MSE: 0.0254, r (train): 0.8071, Test MSE: 0.0958, r (test): 0.0527
Epoch: 26, Training Loss: 0.0973, Train MSE: 0.0973, r (train): 0.7200, Test MSE: 0.1550, r (test): 0.1005
Epoch: 27, Training Loss: 0.0742, Train MSE: 0.0742, r (train): 0.8023, Test MSE: 0.1353, r (test): 0.1366
Epoch: 28, Training Loss: 0.0299, Train MSE: 0.0299, r (train): 0.7843, Test MSE: 0.0942, r (test): 0.1389
Epoch: 29, Training Loss: 0.2454, Train MSE: 0.2454, r (train): 0.8087, Test MSE: 0.3462, r (test): 0.0973
Epoch: 30, Training Loss: 0.0263, Train MSE: 0.0263, r (train): 0.7971, Test MSE: 0.0936, r (test): 0.0655
Epoch: 31, Training Loss: 0.0417, Train MSE: 0.0417, r (train): 0.8315, Test MSE: 0.1115, r (test): 0.1227
Epoch: 32, Training Loss: 0.0250, Train MSE: 0.0250, r (train): 0.8094, Test MSE: 0.0945, r (test): 0.0426
Epoch: 33, Training Loss: 0.1955, Train MSE: 0.1955, r (train): 0.8049, Test MSE: 0.2804, r (test): 0.0883
Epoch: 34, Training Loss: 0.1467, Train MSE: 0.1467, r (train): 0.6665, Test MSE: 0.1895, r (test): 0.0359
Epoch: 35, Training Loss: 0.0408, Train MSE: 0.0408, r (train): 0.8022, Test MSE: 0.0997, r (test): 0.1000
Epoch: 36, Training Loss: 0.0356, Train MSE: 0.0356, r (train): 0.7681, Test MSE: 0.0927, r (test): 0.1299
Epoch: 37, Training Loss: 0.6111, Train MSE: 0.6111, r (train): 0.7805, Test MSE: 0.7268, r (test): 0.0421
Epoch: 38, Training Loss: 0.0486, Train MSE: 0.0486, r (train): 0.7744, Test MSE: 0.1130, r (test): 0.0581
Epoch: 39, Training Loss: 0.0792, Train MSE: 0.0792, r (train): 0.8168, Test MSE: 0.1568, r (test): 0.0232
Epoch: 40, Training Loss: 0.0387, Train MSE: 0.0387, r (train): 0.8238, Test MSE: 0.1143, r (test): 0.0829
Epoch: 41, Training Loss: 0.0506, Train MSE: 0.0506, r (train): 0.7537, Test MSE: 0.1149, r (test): 0.0820
Epoch: 42, Training Loss: 0.1553, Train MSE: 0.1553, r (train): 0.6662, Test MSE: 0.2042, r (test): 0.0615
Epoch: 43, Training Loss: 0.1433, Train MSE: 0.1433, r (train): 0.8110, Test MSE: 0.2193, r (test): 0.0603
Epoch: 44, Training Loss: 0.2947, Train MSE: 0.2947, r (train): 0.8034, Test MSE: 0.3902, r (test): 0.1079
Epoch: 45, Training Loss: 0.2859, Train MSE: 0.2859, r (train): 0.8174, Test MSE: 0.3956, r (test): 0.0578
Epoch: 46, Training Loss: 0.0274, Train MSE: 0.0274, r (train): 0.7943, Test MSE: 0.1002, r (test): -0.0081
Epoch: 47, Training Loss: 0.0418, Train MSE: 0.0418, r (train): 0.7856, Test MSE: 0.1079, r (test): 0.0759
Epoch: 48, Training Loss: 0.0890, Train MSE: 0.0890, r (train): 0.7033, Test MSE: 0.1461, r (test): 0.0271
Epoch: 49, Training Loss: 0.0252, Train MSE: 0.0252, r (train): 0.7978, Test MSE: 0.0906, r (test): 0.0565
Epoch: 50, Training Loss: 0.0274, Train MSE: 0.0274, r (train): 0.7891, Test MSE: 0.0900, r (test): 0.1230
Epoch: 51, Training Loss: 0.1820, Train MSE: 0.1820, r (train): 0.8188, Test MSE: 0.2665, r (test): 0.0831
Epoch: 52, Training Loss: 0.0692, Train MSE: 0.0692, r (train): 0.8065, Test MSE: 0.1521, r (test): -0.0172
Epoch: 53, Training Loss: 0.0280, Train MSE: 0.0280, r (train): 0.7980, Test MSE: 0.0914, r (test): 0.1282
Epoch: 54, Training Loss: 0.2013, Train MSE: 0.2013, r (train): 0.5905, Test MSE: 0.2278, r (test): 0.0032
Epoch: 55, Training Loss: 0.0311, Train MSE: 0.0311, r (train): 0.7679, Test MSE: 0.0882, r (test): 0.1748
Epoch: 56, Training Loss: 0.1095, Train MSE: 0.1095, r (train): 0.7872, Test MSE: 0.1851, r (test): 0.1205
Epoch: 57, Training Loss: 0.5118, Train MSE: 0.5118, r (train): 0.8118, Test MSE: 0.6264, r (test): 0.0421
Epoch: 58, Training Loss: 0.0365, Train MSE: 0.0365, r (train): 0.7971, Test MSE: 0.1101, r (test): 0.0076
Epoch: 59, Training Loss: 0.0403, Train MSE: 0.0403, r (train): 0.7679, Test MSE: 0.1042, r (test): 0.1100
Epoch: 60, Training Loss: 0.0762, Train MSE: 0.0762, r (train): 0.7198, Test MSE: 0.1328, r (test): 0.0394
Epoch: 61, Training Loss: 0.0599, Train MSE: 0.0599, r (train): 0.7666, Test MSE: 0.1241, r (test): 0.1193
Epoch: 62, Training Loss: 0.0648, Train MSE: 0.0648, r (train): 0.8113, Test MSE: 0.1349, r (test): 0.1404
Epoch: 63, Training Loss: 0.0567, Train MSE: 0.0567, r (train): 0.8260, Test MSE: 0.1316, r (test): 0.0641
Epoch: 64, Training Loss: 0.0284, Train MSE: 0.0284, r (train): 0.7938, Test MSE: 0.0960, r (test): 0.0548
Epoch: 65, Training Loss: 0.0362, Train MSE: 0.0362, r (train): 0.8061, Test MSE: 0.1055, r (test): 0.0752
Epoch: 66, Training Loss: 0.0356, Train MSE: 0.0356, r (train): 0.7656, Test MSE: 0.0936, r (test): 0.1338
Epoch: 67, Training Loss: 0.1377, Train MSE: 0.1377, r (train): 0.8135, Test MSE: 0.2131, r (test): 0.1633
Epoch: 68, Training Loss: 0.0851, Train MSE: 0.0851, r (train): 0.8090, Test MSE: 0.1656, r (test): 0.0375
Epoch: 69, Training Loss: 0.0277, Train MSE: 0.0277, r (train): 0.7996, Test MSE: 0.0965, r (test): 0.0603
Epoch: 70, Training Loss: 0.1056, Train MSE: 0.1056, r (train): 0.7003, Test MSE: 0.1694, r (test): 0.0118
Epoch: 71, Training Loss: 0.0345, Train MSE: 0.0345, r (train): 0.7836, Test MSE: 0.0975, r (test): 0.0885
Epoch: 72, Training Loss: 0.1070, Train MSE: 0.1070, r (train): 0.7757, Test MSE: 0.1713, r (test): 0.1648
Epoch: 73, Training Loss: 0.1259, Train MSE: 0.1259, r (train): 0.8146, Test MSE: 0.2071, r (test): 0.0668
Epoch: 74, Training Loss: 0.0313, Train MSE: 0.0313, r (train): 0.7957, Test MSE: 0.0977, r (test): 0.0917
Epoch: 75, Training Loss: 0.0828, Train MSE: 0.0828, r (train): 0.7390, Test MSE: 0.1503, r (test): 0.0223
Epoch: 76, Training Loss: 0.0305, Train MSE: 0.0305, r (train): 0.8022, Test MSE: 0.0959, r (test): 0.0286
Epoch: 77, Training Loss: 0.1049, Train MSE: 0.1049, r (train): 0.7784, Test MSE: 0.1642, r (test): 0.2133
Epoch: 78, Training Loss: 0.0413, Train MSE: 0.0413, r (train): 0.8173, Test MSE: 0.1041, r (test): 0.1331
Epoch: 79, Training Loss: 0.0241, Train MSE: 0.0241, r (train): 0.8082, Test MSE: 0.0886, r (test): 0.1273
Epoch: 80, Training Loss: 0.0259, Train MSE: 0.0259, r (train): 0.8114, Test MSE: 0.0907, r (test): 0.0968
Epoch: 81, Training Loss: 0.0291, Train MSE: 0.0291, r (train): 0.7780, Test MSE: 0.0878, r (test): 0.1493
Epoch: 82, Training Loss: 0.1294, Train MSE: 0.1294, r (train): 0.8289, Test MSE: 0.1898, r (test): 0.2127
Epoch: 83, Training Loss: 0.0279, Train MSE: 0.0279, r (train): 0.7988, Test MSE: 0.0903, r (test): 0.1559
Epoch: 84, Training Loss: 0.0247, Train MSE: 0.0247, r (train): 0.8174, Test MSE: 0.0941, r (test): 0.0300
Epoch: 85, Training Loss: 0.0295, Train MSE: 0.0295, r (train): 0.7930, Test MSE: 0.0953, r (test): 0.0861
Epoch: 86, Training Loss: 0.0432, Train MSE: 0.0432, r (train): 0.8039, Test MSE: 0.1027, r (test): 0.1233
Epoch: 87, Training Loss: 0.0657, Train MSE: 0.0657, r (train): 0.8084, Test MSE: 0.1307, r (test): 0.1590
Epoch: 88, Training Loss: 0.0244, Train MSE: 0.0244, r (train): 0.8235, Test MSE: 0.0871, r (test): 0.1989
Epoch: 89, Training Loss: 0.0435, Train MSE: 0.0435, r (train): 0.8021, Test MSE: 0.1127, r (test): 0.0609
Epoch: 90, Training Loss: 0.0292, Train MSE: 0.0292, r (train): 0.7694, Test MSE: 0.0865, r (test): 0.1330
Epoch: 91, Training Loss: 0.0783, Train MSE: 0.0783, r (train): 0.8011, Test MSE: 0.1352, r (test): 0.1673
Epoch: 92, Training Loss: 0.0404, Train MSE: 0.0404, r (train): 0.8087, Test MSE: 0.1031, r (test): 0.1741
Epoch: 93, Training Loss: 0.0216, Train MSE: 0.0216, r (train): 0.8465, Test MSE: 0.0910, r (test): 0.1190
Epoch: 94, Training Loss: 0.0285, Train MSE: 0.0285, r (train): 0.8183, Test MSE: 0.0948, r (test): 0.0392
Epoch: 95, Training Loss: 0.0303, Train MSE: 0.0303, r (train): 0.7482, Test MSE: 0.0841, r (test): 0.2022
Epoch: 96, Training Loss: 0.0396, Train MSE: 0.0396, r (train): 0.8070, Test MSE: 0.0937, r (test): 0.2236
Epoch: 97, Training Loss: 0.0604, Train MSE: 0.0604, r (train): 0.8258, Test MSE: 0.1290, r (test): 0.1782
Epoch: 98, Training Loss: 0.0455, Train MSE: 0.0455, r (train): 0.8401, Test MSE: 0.1182, r (test): 0.1062
Epoch: 99, Training Loss: 0.0271, Train MSE: 0.0271, r (train): 0.7954, Test MSE: 0.0878, r (test): 0.1437
Predicted tensors for training set: 
tensor([0.7394, 0.7382, 0.3540, 0.5160, 0.6246, 0.5844, 0.8907, 0.7667, 0.7386,
        0.4955, 0.5924, 0.4263, 0.3670, 0.2456, 1.0722, 1.0039, 0.5220, 0.7614,
        0.8543, 0.3094, 0.9323, 0.3967, 0.2081, 0.4654, 0.2147, 0.5354, 0.7384,
        0.9803, 0.1300, 0.8909, 0.8784, 0.7553, 0.6610, 0.4273, 1.0050, 0.5286,
        0.5614, 0.5485, 0.8046, 0.5871, 0.5209, 0.6349, 0.7514, 0.6428, 0.5376,
        0.3406, 0.8321, 0.3316, 0.4183, 1.0627, 0.8171, 0.3094, 0.6337, 0.2191,
        0.5012, 0.4648, 0.7134, 0.6009, 0.2719, 0.5846, 0.6678, 0.4946, 0.6446,
        0.4173, 0.7542, 0.7265, 0.5362, 0.4448, 0.2590, 0.6116, 0.8207, 0.5836])
Target tensorsfor training set: 
tensor([0.5783, 0.5573, 0.1055, 0.4149, 0.4993, 0.4654, 0.7497, 0.6465, 0.8561,
        0.7171, 0.7507, 0.5178, 0.2271, 0.1493, 0.9127, 0.8524, 0.4513, 0.7144,
        0.7791, 0.2255, 0.9656, 0.3174, 0.1295, 0.4818, 0.0763, 0.3453, 0.5779,
        0.7950, 0.0478, 0.8411, 0.8453, 0.6992, 0.5719, 0.3309, 0.9492, 0.4373,
        0.1218, 0.0636, 0.4036, 0.1294, 0.5023, 0.7462, 0.8988, 0.7596, 0.5102,
        0.2916, 0.8418, 0.2594, 0.2394, 0.8556, 0.6576, 0.1360, 0.9215, 0.2649,
        0.6595, 0.7372, 0.6846, 0.6199, 0.2169, 0.6577, 0.8728, 0.6671, 0.8391,
        0.5300, 0.7270, 0.7125, 0.5220, 0.4440, 0.3829, 0.7901, 0.9535, 0.7371])
Correlation for training set: 0.7953739635666149
Predicted tensors for test set: 
tensor([0.4374, 0.4295, 0.4755, 0.6080, 0.6067, 0.4709, 0.4950, 0.6574, 0.6428,
        0.7474, 0.5160, 0.6453, 0.6084, 0.4833, 0.4745, 0.4359, 0.4894, 0.5975])
Target tensorsfor test set: 
tensor([0.3077, 0.0389, 0.5187, 0.4640, 0.5564, 0.0981, 0.4341, 0.4526, 0.5780,
        0.6240, 0.9150, 0.9117, 0.5658, 0.8363, 0.2464, 0.9072, 0.9621, 0.0246])
Correlation for test set: 0.14366936195280847
18 5
Fold 3
Epoch: 00, Training Loss: 0.1061, Train MSE: 0.1061, r (train): -0.1008, Test MSE: 0.1123, r (test): -0.4734
Epoch: 01, Training Loss: 0.1589, Train MSE: 0.1589, r (train): -0.0404, Test MSE: 0.1584, r (test): -0.4586
Epoch: 02, Training Loss: 0.3184, Train MSE: 0.3184, r (train): 0.6069, Test MSE: 0.3057, r (test): 0.2766
Epoch: 03, Training Loss: 0.0925, Train MSE: 0.0925, r (train): 0.6804, Test MSE: 0.1131, r (test): 0.3662
Epoch: 04, Training Loss: 0.0464, Train MSE: 0.0464, r (train): 0.5903, Test MSE: 0.0961, r (test): 0.0862
Epoch: 05, Training Loss: 0.1960, Train MSE: 0.1960, r (train): 0.7158, Test MSE: 0.2165, r (test): 0.3918
Epoch: 06, Training Loss: 0.0668, Train MSE: 0.0668, r (train): 0.7200, Test MSE: 0.1282, r (test): 0.0860
Epoch: 07, Training Loss: 0.1840, Train MSE: 0.1840, r (train): 0.7141, Test MSE: 0.2418, r (test): 0.1785
Epoch: 08, Training Loss: 0.0353, Train MSE: 0.0353, r (train): 0.7539, Test MSE: 0.0949, r (test): 0.2019
Epoch: 09, Training Loss: 0.0464, Train MSE: 0.0464, r (train): 0.7706, Test MSE: 0.1162, r (test): 0.0461
Epoch: 10, Training Loss: 0.0605, Train MSE: 0.0605, r (train): 0.7836, Test MSE: 0.1287, r (test): 0.2259
Epoch: 11, Training Loss: 0.0359, Train MSE: 0.0359, r (train): 0.7998, Test MSE: 0.1036, r (test): 0.0912
Epoch: 12, Training Loss: 0.0733, Train MSE: 0.0733, r (train): 0.7796, Test MSE: 0.1431, r (test): 0.0332
Epoch: 13, Training Loss: 0.0467, Train MSE: 0.0467, r (train): 0.7842, Test MSE: 0.1149, r (test): 0.0693
Epoch: 14, Training Loss: 0.0343, Train MSE: 0.0343, r (train): 0.7834, Test MSE: 0.1066, r (test): 0.0808
Epoch: 15, Training Loss: 0.0300, Train MSE: 0.0300, r (train): 0.7828, Test MSE: 0.0931, r (test): 0.1333
Epoch: 16, Training Loss: 0.1088, Train MSE: 0.1088, r (train): 0.7275, Test MSE: 0.1751, r (test): 0.0551
Epoch: 17, Training Loss: 0.0307, Train MSE: 0.0307, r (train): 0.7518, Test MSE: 0.0981, r (test): 0.0376
Epoch: 18, Training Loss: 0.0446, Train MSE: 0.0446, r (train): 0.7558, Test MSE: 0.1125, r (test): 0.1089
Epoch: 19, Training Loss: 0.0800, Train MSE: 0.0800, r (train): 0.7294, Test MSE: 0.1368, r (test): 0.1011
Epoch: 20, Training Loss: 0.0384, Train MSE: 0.0384, r (train): 0.7273, Test MSE: 0.1032, r (test): 0.0426
Epoch: 21, Training Loss: 0.0348, Train MSE: 0.0348, r (train): 0.7420, Test MSE: 0.1001, r (test): 0.0582
Epoch: 22, Training Loss: 0.0334, Train MSE: 0.0334, r (train): 0.7362, Test MSE: 0.0982, r (test): 0.0439
Epoch: 23, Training Loss: 0.0674, Train MSE: 0.0674, r (train): 0.6949, Test MSE: 0.1195, r (test): 0.1532
Epoch: 24, Training Loss: 0.0736, Train MSE: 0.0736, r (train): 0.7328, Test MSE: 0.1314, r (test): 0.1088
Epoch: 25, Training Loss: 0.0364, Train MSE: 0.0364, r (train): 0.7140, Test MSE: 0.0970, r (test): 0.0577
Epoch: 26, Training Loss: 0.0447, Train MSE: 0.0447, r (train): 0.7211, Test MSE: 0.1026, r (test): 0.1299
Epoch: 27, Training Loss: 0.0518, Train MSE: 0.0518, r (train): 0.7307, Test MSE: 0.1095, r (test): 0.1805
Epoch: 28, Training Loss: 0.0451, Train MSE: 0.0451, r (train): 0.6949, Test MSE: 0.1015, r (test): 0.0803
Epoch: 29, Training Loss: 0.2880, Train MSE: 0.2880, r (train): 0.6808, Test MSE: 0.3406, r (test): 0.2758
Epoch: 30, Training Loss: 0.0463, Train MSE: 0.0463, r (train): 0.7522, Test MSE: 0.1144, r (test): 0.0639
Epoch: 31, Training Loss: 0.0396, Train MSE: 0.0396, r (train): 0.7293, Test MSE: 0.0950, r (test): 0.2022
Epoch: 32, Training Loss: 0.0461, Train MSE: 0.0461, r (train): 0.7336, Test MSE: 0.0974, r (test): 0.2060
Epoch: 33, Training Loss: 0.0717, Train MSE: 0.0717, r (train): 0.7425, Test MSE: 0.1318, r (test): 0.0958
Epoch: 34, Training Loss: 0.0435, Train MSE: 0.0435, r (train): 0.7215, Test MSE: 0.0912, r (test): 0.2174
Epoch: 35, Training Loss: 0.0759, Train MSE: 0.0759, r (train): 0.7156, Test MSE: 0.1291, r (test): 0.1643
Epoch: 36, Training Loss: 0.0471, Train MSE: 0.0471, r (train): 0.7760, Test MSE: 0.1151, r (test): 0.1537
Epoch: 37, Training Loss: 0.0804, Train MSE: 0.0804, r (train): 0.6972, Test MSE: 0.1290, r (test): 0.2238
Epoch: 38, Training Loss: 0.1462, Train MSE: 0.1462, r (train): 0.7688, Test MSE: 0.2130, r (test): 0.1959
Epoch: 39, Training Loss: 0.0346, Train MSE: 0.0346, r (train): 0.7104, Test MSE: 0.0888, r (test): 0.1576
Epoch: 40, Training Loss: 0.0711, Train MSE: 0.0711, r (train): 0.7457, Test MSE: 0.1398, r (test): 0.1377
Epoch: 41, Training Loss: 0.0904, Train MSE: 0.0904, r (train): 0.6993, Test MSE: 0.1368, r (test): 0.2565
Epoch: 42, Training Loss: 0.0879, Train MSE: 0.0879, r (train): 0.7126, Test MSE: 0.1478, r (test): 0.0791
Epoch: 43, Training Loss: 0.0415, Train MSE: 0.0415, r (train): 0.6869, Test MSE: 0.0947, r (test): 0.1373
Epoch: 44, Training Loss: 0.0565, Train MSE: 0.0565, r (train): 0.6702, Test MSE: 0.1170, r (test): 0.0572
Epoch: 45, Training Loss: 0.1361, Train MSE: 0.1361, r (train): 0.7063, Test MSE: 0.1882, r (test): 0.1439
Epoch: 46, Training Loss: 0.0488, Train MSE: 0.0488, r (train): 0.6963, Test MSE: 0.1077, r (test): 0.1013
Epoch: 47, Training Loss: 0.0610, Train MSE: 0.0610, r (train): 0.7313, Test MSE: 0.1236, r (test): 0.0849
Epoch: 48, Training Loss: 0.0387, Train MSE: 0.0387, r (train): 0.7121, Test MSE: 0.1049, r (test): 0.0100
Epoch: 49, Training Loss: 0.2681, Train MSE: 0.2681, r (train): 0.7187, Test MSE: 0.3508, r (test): 0.2035
Epoch: 50, Training Loss: 0.0644, Train MSE: 0.0644, r (train): 0.7545, Test MSE: 0.1460, r (test): 0.0261
Epoch: 51, Training Loss: 0.0454, Train MSE: 0.0454, r (train): 0.7152, Test MSE: 0.0922, r (test): 0.2119
Epoch: 52, Training Loss: 0.0851, Train MSE: 0.0851, r (train): 0.7181, Test MSE: 0.1357, r (test): 0.1656
Epoch: 53, Training Loss: 0.0460, Train MSE: 0.0460, r (train): 0.7059, Test MSE: 0.1052, r (test): 0.0809
Epoch: 54, Training Loss: 0.0426, Train MSE: 0.0426, r (train): 0.7435, Test MSE: 0.1053, r (test): 0.0785
Epoch: 55, Training Loss: 0.0940, Train MSE: 0.0940, r (train): 0.7782, Test MSE: 0.1726, r (test): 0.0404
Epoch: 56, Training Loss: 0.6944, Train MSE: 0.6944, r (train): 0.6909, Test MSE: 0.7862, r (test): 0.2232
Epoch: 57, Training Loss: 0.1876, Train MSE: 0.1876, r (train): 0.7055, Test MSE: 0.2133, r (test): 0.2045
Epoch: 58, Training Loss: 0.1435, Train MSE: 0.1435, r (train): 0.6413, Test MSE: 0.1963, r (test): 0.0887
Epoch: 59, Training Loss: 0.0431, Train MSE: 0.0431, r (train): 0.7296, Test MSE: 0.1123, r (test): 0.0149
Epoch: 60, Training Loss: 0.2301, Train MSE: 0.2301, r (train): 0.7687, Test MSE: 0.3191, r (test): 0.1089
Epoch: 61, Training Loss: 0.3998, Train MSE: 0.3998, r (train): 0.7767, Test MSE: 0.5114, r (test): 0.1259
Epoch: 62, Training Loss: 0.0827, Train MSE: 0.0827, r (train): 0.6673, Test MSE: 0.1361, r (test): -0.0105
Epoch: 63, Training Loss: 0.1234, Train MSE: 0.1234, r (train): 0.6604, Test MSE: 0.1852, r (test): -0.0082
Epoch: 64, Training Loss: 0.0329, Train MSE: 0.0329, r (train): 0.7502, Test MSE: 0.0985, r (test): 0.0396
Epoch: 65, Training Loss: 0.2939, Train MSE: 0.2939, r (train): 0.7793, Test MSE: 0.3905, r (test): 0.1094
Epoch: 66, Training Loss: 0.1430, Train MSE: 0.1430, r (train): 0.7985, Test MSE: 0.2357, r (test): 0.0893
Epoch: 67, Training Loss: 0.0776, Train MSE: 0.0776, r (train): 0.7000, Test MSE: 0.1429, r (test): -0.0148
Epoch: 68, Training Loss: 0.0694, Train MSE: 0.0694, r (train): 0.7250, Test MSE: 0.1316, r (test): 0.0015
Epoch: 69, Training Loss: 0.0447, Train MSE: 0.0447, r (train): 0.7952, Test MSE: 0.1265, r (test): 0.0305
Epoch: 70, Training Loss: 0.1651, Train MSE: 0.1651, r (train): 0.7891, Test MSE: 0.2547, r (test): 0.0690
Epoch: 71, Training Loss: 0.0359, Train MSE: 0.0359, r (train): 0.7495, Test MSE: 0.1045, r (test): -0.0048
Epoch: 72, Training Loss: 0.0589, Train MSE: 0.0589, r (train): 0.7319, Test MSE: 0.1205, r (test): 0.0498
Epoch: 73, Training Loss: 0.0276, Train MSE: 0.0276, r (train): 0.7893, Test MSE: 0.1071, r (test): -0.0315
Epoch: 74, Training Loss: 0.0551, Train MSE: 0.0551, r (train): 0.8060, Test MSE: 0.1412, r (test): 0.0034
Epoch: 75, Training Loss: 0.0453, Train MSE: 0.0453, r (train): 0.7622, Test MSE: 0.1139, r (test): 0.0625
Epoch: 76, Training Loss: 0.0391, Train MSE: 0.0391, r (train): 0.7614, Test MSE: 0.1074, r (test): 0.0259
Epoch: 77, Training Loss: 0.0265, Train MSE: 0.0265, r (train): 0.7913, Test MSE: 0.1030, r (test): -0.0196
Epoch: 78, Training Loss: 0.0615, Train MSE: 0.0615, r (train): 0.7966, Test MSE: 0.1464, r (test): 0.0071
Epoch: 79, Training Loss: 0.0311, Train MSE: 0.0311, r (train): 0.7746, Test MSE: 0.1042, r (test): -0.0125
Epoch: 80, Training Loss: 0.0337, Train MSE: 0.0337, r (train): 0.7640, Test MSE: 0.1039, r (test): 0.0055
Epoch: 81, Training Loss: 0.0250, Train MSE: 0.0250, r (train): 0.7974, Test MSE: 0.1005, r (test): 0.0008
Epoch: 82, Training Loss: 0.0315, Train MSE: 0.0315, r (train): 0.7918, Test MSE: 0.1111, r (test): -0.0398
Epoch: 83, Training Loss: 0.0300, Train MSE: 0.0300, r (train): 0.7736, Test MSE: 0.1012, r (test): 0.0051
Epoch: 84, Training Loss: 0.0352, Train MSE: 0.0352, r (train): 0.7818, Test MSE: 0.1045, r (test): 0.0691
Epoch: 85, Training Loss: 0.0277, Train MSE: 0.0277, r (train): 0.7932, Test MSE: 0.1037, r (test): 0.0065
Epoch: 86, Training Loss: 0.0314, Train MSE: 0.0314, r (train): 0.7808, Test MSE: 0.1081, r (test): -0.0314
Epoch: 87, Training Loss: 0.0286, Train MSE: 0.0286, r (train): 0.7799, Test MSE: 0.1028, r (test): -0.0260
Epoch: 88, Training Loss: 0.0329, Train MSE: 0.0329, r (train): 0.7865, Test MSE: 0.1052, r (test): 0.0346
Epoch: 89, Training Loss: 0.0311, Train MSE: 0.0311, r (train): 0.7916, Test MSE: 0.1064, r (test): 0.0132
Epoch: 90, Training Loss: 0.0274, Train MSE: 0.0274, r (train): 0.7900, Test MSE: 0.1025, r (test): -0.0032
Epoch: 91, Training Loss: 0.0275, Train MSE: 0.0275, r (train): 0.7879, Test MSE: 0.1023, r (test): -0.0138
Epoch: 92, Training Loss: 0.0279, Train MSE: 0.0279, r (train): 0.7871, Test MSE: 0.1016, r (test): 0.0016
Epoch: 93, Training Loss: 0.0303, Train MSE: 0.0303, r (train): 0.7903, Test MSE: 0.1047, r (test): 0.0138
Epoch: 94, Training Loss: 0.0288, Train MSE: 0.0288, r (train): 0.7907, Test MSE: 0.1040, r (test): 0.0037
Epoch: 95, Training Loss: 0.0276, Train MSE: 0.0276, r (train): 0.7879, Test MSE: 0.1022, r (test): -0.0073
Epoch: 96, Training Loss: 0.0276, Train MSE: 0.0276, r (train): 0.7870, Test MSE: 0.1016, r (test): -0.0036
Epoch: 97, Training Loss: 0.0289, Train MSE: 0.0289, r (train): 0.7902, Test MSE: 0.1031, r (test): 0.0100
Epoch: 98, Training Loss: 0.0293, Train MSE: 0.0293, r (train): 0.7911, Test MSE: 0.1043, r (test): 0.0070
Epoch: 99, Training Loss: 0.0277, Train MSE: 0.0277, r (train): 0.7882, Test MSE: 0.1024, r (test): -0.0039
Predicted tensors for training set: 
tensor([0.7633, 0.7035, 0.2209, 0.5432, 0.5399, 0.4918, 0.8073, 0.6572, 0.6077,
        0.5169, 0.5478, 0.3215, 0.2360, 0.1517, 1.0414, 0.9824, 0.6108, 1.0215,
        0.4706, 0.1468, 0.6972, 0.6145, 0.7539, 0.2146, 0.4533, 0.4760, 0.5862,
        0.6319, 0.6717, 0.6799, 0.3747, 0.6140, 0.2806, 1.0608, 1.1534, 0.0164,
        0.4479, 0.3714, 0.8810, 0.4415, 0.3724, 0.5914, 0.7457, 0.6019, 0.5490,
        0.3266, 0.8993, 0.2925, 0.3276, 1.2258, 0.8766, 0.2016, 0.7483, 0.1769,
        0.5126, 0.5981, 0.6725, 0.5973, 0.1994, 0.6408, 0.6986, 0.5161, 0.6724,
        0.4008, 0.6313, 0.6180, 0.4390, 0.3713, 0.2458, 0.5951, 0.7369, 0.5548])
Target tensorsfor training set: 
tensor([0.5783, 0.5573, 0.1055, 0.4149, 0.4993, 0.4654, 0.7497, 0.6465, 0.8561,
        0.7171, 0.7507, 0.5178, 0.2271, 0.1493, 0.9127, 0.8524, 0.4513, 0.7144,
        0.3077, 0.0389, 0.5187, 0.4640, 0.5564, 0.0981, 0.4341, 0.4526, 0.5780,
        0.6240, 0.9150, 0.9117, 0.5658, 0.8363, 0.2464, 0.9072, 0.9621, 0.0246,
        0.1218, 0.0636, 0.4036, 0.1294, 0.5023, 0.7462, 0.8988, 0.7596, 0.5102,
        0.2916, 0.8418, 0.2594, 0.2394, 0.8556, 0.6576, 0.1360, 0.9215, 0.2649,
        0.6595, 0.7372, 0.6846, 0.6199, 0.2169, 0.6577, 0.8728, 0.6671, 0.8391,
        0.5300, 0.7270, 0.7125, 0.5220, 0.4440, 0.3829, 0.7901, 0.9535, 0.7371])
Correlation for training set: 0.788168425159828
Predicted tensors for test set: 
tensor([0.5384, 0.5797, 0.3719, 0.4629, 0.3312, 0.7904, 0.6056, 0.4435, 0.2843,
        0.6573, 0.6093, 0.4653, 0.5805, 0.4654, 0.5905, 0.6425, 0.6910, 0.5376])
Target tensorsfor test set: 
tensor([0.7791, 0.2255, 0.9656, 0.3174, 0.1295, 0.4818, 0.0763, 0.3453, 0.5779,
        0.7950, 0.0478, 0.8411, 0.8453, 0.6992, 0.5719, 0.3309, 0.9492, 0.4373])
Correlation for test set: -0.003945936749476742
18 5
Fold 4
Epoch: 00, Training Loss: 0.0850, Train MSE: 0.0850, r (train): -0.2237, Test MSE: 0.0888, r (test): -0.1036
Epoch: 01, Training Loss: 0.1928, Train MSE: 0.1928, r (train): -0.2519, Test MSE: 0.1579, r (test): -0.1373
Epoch: 02, Training Loss: 0.3691, Train MSE: 0.3691, r (train): 0.5241, Test MSE: 0.3007, r (test): 0.0696
Epoch: 03, Training Loss: 0.2963, Train MSE: 0.2963, r (train): 0.6287, Test MSE: 0.2412, r (test): 0.2117
Epoch: 04, Training Loss: 0.1406, Train MSE: 0.1406, r (train): 0.4897, Test MSE: 0.2426, r (test): 0.1888
Epoch: 05, Training Loss: 6.9542, Train MSE: 6.9542, r (train): 0.5876, Test MSE: 7.8188, r (test): 0.1657
Epoch: 06, Training Loss: 0.0645, Train MSE: 0.0645, r (train): 0.6899, Test MSE: 0.0866, r (test): 0.3308
Epoch: 07, Training Loss: 0.0610, Train MSE: 0.0610, r (train): 0.7025, Test MSE: 0.1382, r (test): 0.3765
Epoch: 08, Training Loss: 0.0665, Train MSE: 0.0665, r (train): 0.7704, Test MSE: 0.0902, r (test): 0.3730
Epoch: 09, Training Loss: 0.0443, Train MSE: 0.0443, r (train): 0.7397, Test MSE: 0.0779, r (test): 0.3469
Epoch: 10, Training Loss: 0.0928, Train MSE: 0.0928, r (train): 0.7776, Test MSE: 0.1913, r (test): 0.3903
Epoch: 11, Training Loss: 0.0381, Train MSE: 0.0381, r (train): 0.7811, Test MSE: 0.1057, r (test): 0.3214
Epoch: 12, Training Loss: 0.0493, Train MSE: 0.0493, r (train): 0.7782, Test MSE: 0.0835, r (test): 0.3096
Epoch: 13, Training Loss: 0.0621, Train MSE: 0.0621, r (train): 0.7749, Test MSE: 0.1458, r (test): 0.3403
Epoch: 14, Training Loss: 0.0515, Train MSE: 0.0515, r (train): 0.7746, Test MSE: 0.0839, r (test): 0.3252
Epoch: 15, Training Loss: 0.0282, Train MSE: 0.0282, r (train): 0.7865, Test MSE: 0.0809, r (test): 0.3152
Epoch: 16, Training Loss: 0.0313, Train MSE: 0.0313, r (train): 0.7845, Test MSE: 0.0772, r (test): 0.3330
Epoch: 17, Training Loss: 0.0324, Train MSE: 0.0324, r (train): 0.7764, Test MSE: 0.0767, r (test): 0.3417
Epoch: 18, Training Loss: 0.0295, Train MSE: 0.0295, r (train): 0.7854, Test MSE: 0.0911, r (test): 0.3028
Epoch: 19, Training Loss: 0.0737, Train MSE: 0.0737, r (train): 0.7589, Test MSE: 0.0999, r (test): 0.3059
Epoch: 20, Training Loss: 0.0283, Train MSE: 0.0283, r (train): 0.7676, Test MSE: 0.0869, r (test): 0.3436
Epoch: 21, Training Loss: 0.0348, Train MSE: 0.0348, r (train): 0.7659, Test MSE: 0.1000, r (test): 0.2897
Epoch: 22, Training Loss: 0.0810, Train MSE: 0.0810, r (train): 0.7224, Test MSE: 0.1075, r (test): 0.2450
Epoch: 23, Training Loss: 0.0317, Train MSE: 0.0317, r (train): 0.7523, Test MSE: 0.0862, r (test): 0.3448
Epoch: 24, Training Loss: 0.0318, Train MSE: 0.0318, r (train): 0.7332, Test MSE: 0.0847, r (test): 0.2762
Epoch: 25, Training Loss: 0.0455, Train MSE: 0.0455, r (train): 0.7300, Test MSE: 0.0832, r (test): 0.2495
Epoch: 26, Training Loss: 0.0413, Train MSE: 0.0413, r (train): 0.7266, Test MSE: 0.1041, r (test): 0.2677
Epoch: 27, Training Loss: 0.0454, Train MSE: 0.0454, r (train): 0.7396, Test MSE: 0.1050, r (test): 0.2781
Epoch: 28, Training Loss: 0.0531, Train MSE: 0.0531, r (train): 0.6819, Test MSE: 0.0886, r (test): 0.1904
Epoch: 29, Training Loss: 0.0545, Train MSE: 0.0545, r (train): 0.7047, Test MSE: 0.1200, r (test): 0.2394
Epoch: 30, Training Loss: 0.0560, Train MSE: 0.0560, r (train): 0.7105, Test MSE: 0.1193, r (test): 0.2542
Epoch: 31, Training Loss: 0.0753, Train MSE: 0.0753, r (train): 0.6843, Test MSE: 0.1038, r (test): 0.1245
Epoch: 32, Training Loss: 0.1384, Train MSE: 0.1384, r (train): 0.7502, Test MSE: 0.2397, r (test): 0.2865
Epoch: 33, Training Loss: 0.0398, Train MSE: 0.0398, r (train): 0.6937, Test MSE: 0.0859, r (test): 0.1648
Epoch: 34, Training Loss: 0.0378, Train MSE: 0.0378, r (train): 0.7008, Test MSE: 0.0954, r (test): 0.2015
Epoch: 35, Training Loss: 0.0570, Train MSE: 0.0570, r (train): 0.7433, Test MSE: 0.1304, r (test): 0.3141
Epoch: 36, Training Loss: 0.0377, Train MSE: 0.0377, r (train): 0.6875, Test MSE: 0.0904, r (test): 0.1310
Epoch: 37, Training Loss: 0.0479, Train MSE: 0.0479, r (train): 0.7342, Test MSE: 0.1106, r (test): 0.2062
Epoch: 38, Training Loss: 0.0438, Train MSE: 0.0438, r (train): 0.6829, Test MSE: 0.1004, r (test): 0.1235
Epoch: 39, Training Loss: 0.0875, Train MSE: 0.0875, r (train): 0.6916, Test MSE: 0.1813, r (test): 0.1775
Epoch: 40, Training Loss: 0.0345, Train MSE: 0.0345, r (train): 0.6980, Test MSE: 0.0890, r (test): 0.1461
Epoch: 41, Training Loss: 0.1326, Train MSE: 0.1326, r (train): 0.7189, Test MSE: 0.2296, r (test): 0.0622
Epoch: 42, Training Loss: 0.3942, Train MSE: 0.3942, r (train): 0.7050, Test MSE: 0.5072, r (test): 0.2089
Epoch: 43, Training Loss: 0.1270, Train MSE: 0.1270, r (train): 0.6777, Test MSE: 0.2242, r (test): 0.1100
Epoch: 44, Training Loss: 0.0360, Train MSE: 0.0360, r (train): 0.7053, Test MSE: 0.0897, r (test): 0.1041
Epoch: 45, Training Loss: 0.0510, Train MSE: 0.0510, r (train): 0.7166, Test MSE: 0.1193, r (test): 0.2158
Epoch: 46, Training Loss: 0.0820, Train MSE: 0.0820, r (train): 0.6038, Test MSE: 0.1835, r (test): 0.0893
Epoch: 47, Training Loss: 0.6963, Train MSE: 0.6963, r (train): 0.6963, Test MSE: 0.8530, r (test): -0.0104
Epoch: 48, Training Loss: 0.0450, Train MSE: 0.0450, r (train): 0.6914, Test MSE: 0.0865, r (test): 0.1388
Epoch: 49, Training Loss: 0.0378, Train MSE: 0.0378, r (train): 0.6898, Test MSE: 0.0868, r (test): 0.1647
Epoch: 50, Training Loss: 0.0647, Train MSE: 0.0647, r (train): 0.6865, Test MSE: 0.1054, r (test): 0.0140
Epoch: 51, Training Loss: 0.0370, Train MSE: 0.0370, r (train): 0.7153, Test MSE: 0.1064, r (test): -0.0134
Epoch: 52, Training Loss: 0.2271, Train MSE: 0.2271, r (train): 0.6982, Test MSE: 0.3477, r (test): 0.0976
Epoch: 53, Training Loss: 0.0424, Train MSE: 0.0424, r (train): 0.7410, Test MSE: 0.1180, r (test): 0.0842
Epoch: 54, Training Loss: 0.0364, Train MSE: 0.0364, r (train): 0.6812, Test MSE: 0.0890, r (test): 0.1022
Epoch: 55, Training Loss: 0.2095, Train MSE: 0.2095, r (train): 0.7400, Test MSE: 0.3194, r (test): 0.0931
Epoch: 56, Training Loss: 0.0444, Train MSE: 0.0444, r (train): 0.6987, Test MSE: 0.0902, r (test): 0.0796
Epoch: 57, Training Loss: 0.0357, Train MSE: 0.0357, r (train): 0.7058, Test MSE: 0.0920, r (test): 0.0012
Epoch: 58, Training Loss: 0.0337, Train MSE: 0.0337, r (train): 0.7291, Test MSE: 0.1031, r (test): 0.0620
Epoch: 59, Training Loss: 0.0462, Train MSE: 0.0462, r (train): 0.7031, Test MSE: 0.1152, r (test): 0.1686
Epoch: 60, Training Loss: 0.0454, Train MSE: 0.0454, r (train): 0.7326, Test MSE: 0.1073, r (test): 0.0513
Epoch: 61, Training Loss: 0.0417, Train MSE: 0.0417, r (train): 0.7133, Test MSE: 0.1124, r (test): 0.0791
Epoch: 62, Training Loss: 0.0305, Train MSE: 0.0305, r (train): 0.7385, Test MSE: 0.0937, r (test): 0.0471
Epoch: 63, Training Loss: 0.0430, Train MSE: 0.0430, r (train): 0.7470, Test MSE: 0.1186, r (test): -0.0079
Epoch: 64, Training Loss: 0.0384, Train MSE: 0.0384, r (train): 0.6881, Test MSE: 0.0975, r (test): -0.0033
Epoch: 65, Training Loss: 0.0582, Train MSE: 0.0582, r (train): 0.7361, Test MSE: 0.1402, r (test): 0.1773
Epoch: 66, Training Loss: 0.0336, Train MSE: 0.0336, r (train): 0.7268, Test MSE: 0.0849, r (test): 0.1750
Epoch: 67, Training Loss: 0.0567, Train MSE: 0.0567, r (train): 0.7319, Test MSE: 0.1385, r (test): -0.1036
Epoch: 68, Training Loss: 0.0414, Train MSE: 0.0414, r (train): 0.6839, Test MSE: 0.0913, r (test): 0.0583
Epoch: 69, Training Loss: 0.0580, Train MSE: 0.0580, r (train): 0.7245, Test MSE: 0.1454, r (test): 0.1184
Epoch: 70, Training Loss: 0.2037, Train MSE: 0.2037, r (train): 0.6944, Test MSE: 0.3289, r (test): 0.1228
Epoch: 71, Training Loss: 0.0398, Train MSE: 0.0398, r (train): 0.7115, Test MSE: 0.0907, r (test): 0.0632
Epoch: 72, Training Loss: 0.0402, Train MSE: 0.0402, r (train): 0.7186, Test MSE: 0.0910, r (test): 0.0324
Epoch: 73, Training Loss: 0.0734, Train MSE: 0.0734, r (train): 0.7409, Test MSE: 0.1658, r (test): 0.0017
Epoch: 74, Training Loss: 0.0333, Train MSE: 0.0333, r (train): 0.7196, Test MSE: 0.0920, r (test): 0.0439
Epoch: 75, Training Loss: 0.0552, Train MSE: 0.0552, r (train): 0.6983, Test MSE: 0.1286, r (test): 0.0896
Epoch: 76, Training Loss: 0.0390, Train MSE: 0.0390, r (train): 0.7209, Test MSE: 0.1041, r (test): 0.1236
Epoch: 77, Training Loss: 0.0421, Train MSE: 0.0421, r (train): 0.7317, Test MSE: 0.0924, r (test): 0.0279
Epoch: 78, Training Loss: 0.1204, Train MSE: 0.1204, r (train): 0.7396, Test MSE: 0.2266, r (test): -0.0543
Epoch: 79, Training Loss: 0.0454, Train MSE: 0.0454, r (train): 0.7060, Test MSE: 0.1184, r (test): 0.0164
Epoch: 80, Training Loss: 0.0362, Train MSE: 0.0362, r (train): 0.6851, Test MSE: 0.0882, r (test): 0.1697
Epoch: 81, Training Loss: 0.0487, Train MSE: 0.0487, r (train): 0.7183, Test MSE: 0.1186, r (test): 0.0693
Epoch: 82, Training Loss: 0.0313, Train MSE: 0.0313, r (train): 0.7488, Test MSE: 0.0958, r (test): -0.0297
Epoch: 83, Training Loss: 0.0596, Train MSE: 0.0596, r (train): 0.7472, Test MSE: 0.1502, r (test): -0.0786
Epoch: 84, Training Loss: 0.0824, Train MSE: 0.0824, r (train): 0.7357, Test MSE: 0.1775, r (test): 0.0394
Epoch: 85, Training Loss: 0.0389, Train MSE: 0.0389, r (train): 0.6864, Test MSE: 0.0874, r (test): 0.1014
Epoch: 86, Training Loss: 0.0375, Train MSE: 0.0375, r (train): 0.7386, Test MSE: 0.1017, r (test): 0.0789
Epoch: 87, Training Loss: 0.0513, Train MSE: 0.0513, r (train): 0.7469, Test MSE: 0.1366, r (test): 0.0219
Epoch: 88, Training Loss: 0.0673, Train MSE: 0.0673, r (train): 0.7488, Test MSE: 0.1640, r (test): -0.0798
Epoch: 89, Training Loss: 0.0504, Train MSE: 0.0504, r (train): 0.6543, Test MSE: 0.0992, r (test): -0.0962
Epoch: 90, Training Loss: 0.0359, Train MSE: 0.0359, r (train): 0.7141, Test MSE: 0.0951, r (test): -0.0037
Epoch: 91, Training Loss: 0.0323, Train MSE: 0.0323, r (train): 0.7426, Test MSE: 0.1008, r (test): 0.1393
Epoch: 92, Training Loss: 0.1059, Train MSE: 0.1059, r (train): 0.7385, Test MSE: 0.2134, r (test): -0.0181
Epoch: 93, Training Loss: 0.0379, Train MSE: 0.0379, r (train): 0.7036, Test MSE: 0.0996, r (test): -0.0755
Epoch: 94, Training Loss: 0.0473, Train MSE: 0.0473, r (train): 0.6784, Test MSE: 0.0972, r (test): -0.0986
Epoch: 95, Training Loss: 0.0276, Train MSE: 0.0276, r (train): 0.7692, Test MSE: 0.0941, r (test): 0.1141
Epoch: 96, Training Loss: 0.0357, Train MSE: 0.0357, r (train): 0.7817, Test MSE: 0.1111, r (test): 0.0516
Epoch: 97, Training Loss: 0.0529, Train MSE: 0.0529, r (train): 0.7417, Test MSE: 0.1173, r (test): 0.0742
Epoch: 98, Training Loss: 0.0518, Train MSE: 0.0518, r (train): 0.6866, Test MSE: 0.1162, r (test): 0.0858
Epoch: 99, Training Loss: 0.0444, Train MSE: 0.0444, r (train): 0.7368, Test MSE: 0.1194, r (test): 0.0640
Predicted tensors for training set: 
tensor([0.9038, 0.9240, 0.4422, 0.6703, 0.6759, 0.7136, 0.9037, 0.8847, 0.8098,
        0.6144, 0.6170, 0.4724, 0.3910, 0.2841, 1.1032, 1.0443, 0.8095, 1.0844,
        0.6799, 0.4215, 0.7852, 0.7422, 0.7473, 0.2972, 0.6063, 0.6128, 0.7658,
        0.8003, 0.7322, 0.7855, 0.4797, 0.7056, 0.4317, 1.0845, 1.1565, 0.1489,
        0.9185, 0.3189, 1.0517, 0.4601, 0.5585, 1.1140, 0.3923, 0.7189, 0.7732,
        0.9790, 0.1963, 1.0667, 0.9020, 0.7194, 0.6134, 0.3622, 0.7626, 0.3620,
        0.5389, 0.5692, 0.8780, 0.8008, 0.3735, 0.7917, 0.7496, 0.5318, 0.6736,
        0.4438, 0.6235, 0.6227, 0.4954, 0.4322, 0.2990, 0.6622, 0.8317, 0.6137])
Target tensorsfor training set: 
tensor([0.5783, 0.5573, 0.1055, 0.4149, 0.4993, 0.4654, 0.7497, 0.6465, 0.8561,
        0.7171, 0.7507, 0.5178, 0.2271, 0.1493, 0.9127, 0.8524, 0.4513, 0.7144,
        0.3077, 0.0389, 0.5187, 0.4640, 0.5564, 0.0981, 0.4341, 0.4526, 0.5780,
        0.6240, 0.9150, 0.9117, 0.5658, 0.8363, 0.2464, 0.9072, 0.9621, 0.0246,
        0.7791, 0.2255, 0.9656, 0.3174, 0.1295, 0.4818, 0.0763, 0.3453, 0.5779,
        0.7950, 0.0478, 0.8411, 0.8453, 0.6992, 0.5719, 0.3309, 0.9492, 0.4373,
        0.6595, 0.7372, 0.6846, 0.6199, 0.2169, 0.6577, 0.8728, 0.6671, 0.8391,
        0.5300, 0.7270, 0.7125, 0.5220, 0.4440, 0.3829, 0.7901, 0.9535, 0.7371])
Correlation for training set: 0.7368034646340104
Predicted tensors for test set: 
tensor([0.5558, 0.7006, 0.8273, 0.6030, 0.7593, 0.5977, 0.6682, 0.7577, 0.6625,
        0.5331, 0.5097, 0.7370, 0.6389, 0.5335, 0.7199, 0.5689, 0.6846, 0.5459])
Target tensorsfor test set: 
tensor([0.1218, 0.0636, 0.4036, 0.1294, 0.5023, 0.7462, 0.8988, 0.7596, 0.5102,
        0.2916, 0.8418, 0.2594, 0.2394, 0.8556, 0.6576, 0.1360, 0.9215, 0.2649])
Correlation for test set: 0.06403127315353509
18 5
Fold 5
Epoch: 00, Training Loss: 0.1046, Train MSE: 0.1046, r (train): -0.2346, Test MSE: 0.1150, r (test): -0.1718
Epoch: 01, Training Loss: 0.1694, Train MSE: 0.1694, r (train): -0.1041, Test MSE: 0.2160, r (test): -0.3083
Epoch: 02, Training Loss: 0.3067, Train MSE: 0.3067, r (train): 0.6799, Test MSE: 0.4066, r (test): 0.0642
Epoch: 03, Training Loss: 0.1795, Train MSE: 0.1795, r (train): 0.7835, Test MSE: 0.3304, r (test): -0.0193
Epoch: 04, Training Loss: 0.3104, Train MSE: 0.3104, r (train): 0.7211, Test MSE: 0.0756, r (test): 0.3347
Epoch: 05, Training Loss: 0.6515, Train MSE: 0.6515, r (train): 0.7779, Test MSE: 0.3317, r (test): 0.1374
Epoch: 06, Training Loss: 0.0329, Train MSE: 0.0329, r (train): 0.8304, Test MSE: 0.1434, r (test): -0.0727
Epoch: 07, Training Loss: 0.0388, Train MSE: 0.0388, r (train): 0.8521, Test MSE: 0.1755, r (test): -0.0380
Epoch: 08, Training Loss: 0.0318, Train MSE: 0.0318, r (train): 0.8078, Test MSE: 0.1136, r (test): -0.0804
Epoch: 09, Training Loss: 0.0422, Train MSE: 0.0422, r (train): 0.8664, Test MSE: 0.0533, r (test): 0.0819
Epoch: 10, Training Loss: 0.0491, Train MSE: 0.0491, r (train): 0.8549, Test MSE: 0.1768, r (test): -0.0187
Epoch: 11, Training Loss: 0.1561, Train MSE: 0.1561, r (train): 0.8557, Test MSE: 0.0599, r (test): 0.1274
Epoch: 12, Training Loss: 0.0385, Train MSE: 0.0385, r (train): 0.8761, Test MSE: 0.1649, r (test): 0.0270
Epoch: 13, Training Loss: 0.0522, Train MSE: 0.0522, r (train): 0.8556, Test MSE: 0.1967, r (test): -0.0618
Epoch: 14, Training Loss: 0.0490, Train MSE: 0.0490, r (train): 0.8649, Test MSE: 0.1854, r (test): -0.0977
Epoch: 15, Training Loss: 0.0219, Train MSE: 0.0219, r (train): 0.8700, Test MSE: 0.0931, r (test): 0.0667
Epoch: 16, Training Loss: 0.0321, Train MSE: 0.0321, r (train): 0.8679, Test MSE: 0.1336, r (test): 0.0414
Epoch: 17, Training Loss: 0.0226, Train MSE: 0.0226, r (train): 0.8623, Test MSE: 0.0877, r (test): -0.0263
Epoch: 18, Training Loss: 0.0502, Train MSE: 0.0502, r (train): 0.8494, Test MSE: 0.1839, r (test): -0.0833
Epoch: 19, Training Loss: 0.0403, Train MSE: 0.0403, r (train): 0.8694, Test MSE: 0.1613, r (test): 0.0581
Epoch: 20, Training Loss: 0.0214, Train MSE: 0.0214, r (train): 0.8588, Test MSE: 0.0779, r (test): 0.0665
Epoch: 21, Training Loss: 0.0520, Train MSE: 0.0520, r (train): 0.8486, Test MSE: 0.1950, r (test): 0.0015
Epoch: 22, Training Loss: 0.0240, Train MSE: 0.0240, r (train): 0.8569, Test MSE: 0.0683, r (test): 0.0006
Epoch: 23, Training Loss: 0.0790, Train MSE: 0.0790, r (train): 0.8462, Test MSE: 0.2320, r (test): -0.0622
Epoch: 24, Training Loss: 0.0416, Train MSE: 0.0416, r (train): 0.8511, Test MSE: 0.0538, r (test): 0.0677
Epoch: 25, Training Loss: 0.0948, Train MSE: 0.0948, r (train): 0.8215, Test MSE: 0.2609, r (test): -0.0072
Epoch: 26, Training Loss: 0.0244, Train MSE: 0.0244, r (train): 0.8423, Test MSE: 0.0751, r (test): -0.0470
Epoch: 27, Training Loss: 0.0581, Train MSE: 0.0581, r (train): 0.8336, Test MSE: 0.1857, r (test): 0.0242
Epoch: 28, Training Loss: 0.2020, Train MSE: 0.2020, r (train): 0.8385, Test MSE: 0.0766, r (test): 0.1273
Epoch: 29, Training Loss: 0.1350, Train MSE: 0.1350, r (train): 0.7966, Test MSE: 0.3175, r (test): -0.0707
Epoch: 30, Training Loss: 0.0269, Train MSE: 0.0269, r (train): 0.8247, Test MSE: 0.0755, r (test): 0.0579
Epoch: 31, Training Loss: 0.0255, Train MSE: 0.0255, r (train): 0.8444, Test MSE: 0.0672, r (test): -0.0185
Epoch: 32, Training Loss: 0.0346, Train MSE: 0.0346, r (train): 0.8205, Test MSE: 0.1365, r (test): 0.0762
Epoch: 33, Training Loss: 0.0263, Train MSE: 0.0263, r (train): 0.8253, Test MSE: 0.0901, r (test): 0.0457
Epoch: 34, Training Loss: 0.0382, Train MSE: 0.0382, r (train): 0.8152, Test MSE: 0.1454, r (test): -0.0287
Epoch: 35, Training Loss: 0.0591, Train MSE: 0.0591, r (train): 0.8356, Test MSE: 0.0466, r (test): 0.0347
Epoch: 36, Training Loss: 0.0266, Train MSE: 0.0266, r (train): 0.8326, Test MSE: 0.1094, r (test): 0.0590
Epoch: 37, Training Loss: 0.0299, Train MSE: 0.0299, r (train): 0.8136, Test MSE: 0.0972, r (test): -0.0079
Epoch: 38, Training Loss: 0.0441, Train MSE: 0.0441, r (train): 0.8141, Test MSE: 0.1547, r (test): 0.1025
Epoch: 39, Training Loss: 0.0311, Train MSE: 0.0311, r (train): 0.8186, Test MSE: 0.1174, r (test): -0.0807
Epoch: 40, Training Loss: 0.0652, Train MSE: 0.0652, r (train): 0.8268, Test MSE: 0.0439, r (test): 0.0502
Epoch: 41, Training Loss: 0.0345, Train MSE: 0.0345, r (train): 0.8237, Test MSE: 0.1384, r (test): -0.0099
Epoch: 42, Training Loss: 0.0541, Train MSE: 0.0541, r (train): 0.8045, Test MSE: 0.1803, r (test): -0.0507
Epoch: 43, Training Loss: 0.0502, Train MSE: 0.0502, r (train): 0.8309, Test MSE: 0.1724, r (test): 0.0579
Epoch: 44, Training Loss: 0.1452, Train MSE: 0.1452, r (train): 0.8191, Test MSE: 0.0602, r (test): 0.0262
Epoch: 45, Training Loss: 0.0934, Train MSE: 0.0934, r (train): 0.7996, Test MSE: 0.2521, r (test): 0.0630
Epoch: 46, Training Loss: 0.0276, Train MSE: 0.0276, r (train): 0.8131, Test MSE: 0.0863, r (test): 0.0121
Epoch: 47, Training Loss: 0.0543, Train MSE: 0.0543, r (train): 0.8334, Test MSE: 0.1804, r (test): 0.0083
Epoch: 48, Training Loss: 0.3455, Train MSE: 0.3455, r (train): 0.8191, Test MSE: 0.1541, r (test): 0.1171
Epoch: 49, Training Loss: 0.1081, Train MSE: 0.1081, r (train): 0.7889, Test MSE: 0.2786, r (test): -0.0168
Epoch: 50, Training Loss: 0.0323, Train MSE: 0.0323, r (train): 0.8184, Test MSE: 0.1222, r (test): 0.0407
Epoch: 51, Training Loss: 0.0366, Train MSE: 0.0366, r (train): 0.8239, Test MSE: 0.1381, r (test): -0.0088
Epoch: 52, Training Loss: 0.0739, Train MSE: 0.0739, r (train): 0.8167, Test MSE: 0.0446, r (test): 0.0626
Epoch: 53, Training Loss: 0.0359, Train MSE: 0.0359, r (train): 0.8083, Test MSE: 0.0601, r (test): 0.0288
Epoch: 54, Training Loss: 0.0319, Train MSE: 0.0319, r (train): 0.8048, Test MSE: 0.1075, r (test): -0.0455
Epoch: 55, Training Loss: 0.0300, Train MSE: 0.0300, r (train): 0.8009, Test MSE: 0.1005, r (test): 0.0009
Epoch: 56, Training Loss: 0.0362, Train MSE: 0.0362, r (train): 0.8004, Test MSE: 0.0552, r (test): -0.0148
Epoch: 57, Training Loss: 0.2106, Train MSE: 0.2106, r (train): 0.7958, Test MSE: 0.0903, r (test): 0.0791
Epoch: 58, Training Loss: 0.0325, Train MSE: 0.0325, r (train): 0.7748, Test MSE: 0.0981, r (test): -0.0548
Epoch: 59, Training Loss: 0.4248, Train MSE: 0.4248, r (train): 0.7835, Test MSE: 0.2113, r (test): 0.1237
Epoch: 60, Training Loss: 0.0363, Train MSE: 0.0363, r (train): 0.7615, Test MSE: 0.1006, r (test): -0.1452
Epoch: 61, Training Loss: 0.0318, Train MSE: 0.0318, r (train): 0.8046, Test MSE: 0.1005, r (test): 0.0435
Epoch: 62, Training Loss: 0.0551, Train MSE: 0.0551, r (train): 0.8058, Test MSE: 0.1632, r (test): -0.2001
Epoch: 63, Training Loss: 0.3888, Train MSE: 0.3888, r (train): 0.8110, Test MSE: 0.1840, r (test): 0.0166
Epoch: 64, Training Loss: 0.0574, Train MSE: 0.0574, r (train): 0.8484, Test MSE: 0.1389, r (test): 0.3578
Epoch: 65, Training Loss: 0.1389, Train MSE: 0.1389, r (train): 0.8178, Test MSE: 0.0609, r (test): 0.0202
Epoch: 66, Training Loss: 0.1627, Train MSE: 0.1627, r (train): 0.7813, Test MSE: 0.3591, r (test): -0.1252
Epoch: 67, Training Loss: 0.0382, Train MSE: 0.0382, r (train): 0.8054, Test MSE: 0.1283, r (test): -0.0287
Epoch: 68, Training Loss: 0.0314, Train MSE: 0.0314, r (train): 0.8290, Test MSE: 0.0543, r (test): 0.0769
Epoch: 69, Training Loss: 0.0353, Train MSE: 0.0353, r (train): 0.8191, Test MSE: 0.0527, r (test): -0.0545
Epoch: 70, Training Loss: 0.0477, Train MSE: 0.0477, r (train): 0.8003, Test MSE: 0.1687, r (test): 0.0264
Epoch: 71, Training Loss: 0.0234, Train MSE: 0.0234, r (train): 0.8426, Test MSE: 0.0736, r (test): 0.0754
Epoch: 72, Training Loss: 0.0257, Train MSE: 0.0257, r (train): 0.8228, Test MSE: 0.0777, r (test): 0.0827
Epoch: 73, Training Loss: 0.0278, Train MSE: 0.0278, r (train): 0.8297, Test MSE: 0.0715, r (test): 0.0781
Epoch: 74, Training Loss: 0.0282, Train MSE: 0.0282, r (train): 0.8254, Test MSE: 0.0756, r (test): 0.0198
Epoch: 75, Training Loss: 0.0254, Train MSE: 0.0254, r (train): 0.8308, Test MSE: 0.0768, r (test): 0.0235
Epoch: 76, Training Loss: 0.0422, Train MSE: 0.0422, r (train): 0.8172, Test MSE: 0.1530, r (test): 0.0671
Epoch: 77, Training Loss: 0.0399, Train MSE: 0.0399, r (train): 0.8177, Test MSE: 0.1396, r (test): 0.1149
Epoch: 78, Training Loss: 0.0263, Train MSE: 0.0263, r (train): 0.8214, Test MSE: 0.0814, r (test): 0.1212
Epoch: 79, Training Loss: 0.0479, Train MSE: 0.0479, r (train): 0.8221, Test MSE: 0.0415, r (test): 0.0909
Epoch: 80, Training Loss: 0.0543, Train MSE: 0.0543, r (train): 0.8183, Test MSE: 0.0514, r (test): -0.0668
Epoch: 81, Training Loss: 0.0339, Train MSE: 0.0339, r (train): 0.8130, Test MSE: 0.1315, r (test): -0.0262
Epoch: 82, Training Loss: 0.0394, Train MSE: 0.0394, r (train): 0.8061, Test MSE: 0.1292, r (test): 0.0420
Epoch: 83, Training Loss: 0.0462, Train MSE: 0.0462, r (train): 0.8096, Test MSE: 0.1432, r (test): 0.0531
Epoch: 84, Training Loss: 0.0376, Train MSE: 0.0376, r (train): 0.8006, Test MSE: 0.0606, r (test): 0.0153
Epoch: 85, Training Loss: 0.0374, Train MSE: 0.0374, r (train): 0.8233, Test MSE: 0.0500, r (test): -0.0288
Epoch: 86, Training Loss: 0.0384, Train MSE: 0.0384, r (train): 0.8187, Test MSE: 0.0543, r (test): -0.0136
Epoch: 87, Training Loss: 0.0823, Train MSE: 0.0823, r (train): 0.7712, Test MSE: 0.2206, r (test): 0.0256
Epoch: 88, Training Loss: 0.0252, Train MSE: 0.0252, r (train): 0.8266, Test MSE: 0.0716, r (test): 0.0913
Epoch: 89, Training Loss: 0.0286, Train MSE: 0.0286, r (train): 0.8082, Test MSE: 0.0639, r (test): 0.0110
Epoch: 90, Training Loss: 0.0357, Train MSE: 0.0357, r (train): 0.8190, Test MSE: 0.0612, r (test): -0.0095
Epoch: 91, Training Loss: 0.0436, Train MSE: 0.0436, r (train): 0.7936, Test MSE: 0.1451, r (test): 0.0056
Epoch: 92, Training Loss: 0.0335, Train MSE: 0.0335, r (train): 0.8144, Test MSE: 0.1174, r (test): 0.0602
Epoch: 93, Training Loss: 0.0256, Train MSE: 0.0256, r (train): 0.8256, Test MSE: 0.0797, r (test): 0.0823
Epoch: 94, Training Loss: 0.0435, Train MSE: 0.0435, r (train): 0.8179, Test MSE: 0.0506, r (test): 0.0095
Epoch: 95, Training Loss: 0.0307, Train MSE: 0.0307, r (train): 0.8046, Test MSE: 0.0817, r (test): -0.0261
Epoch: 96, Training Loss: 0.0280, Train MSE: 0.0280, r (train): 0.8117, Test MSE: 0.0790, r (test): 0.0585
Epoch: 97, Training Loss: 0.0498, Train MSE: 0.0498, r (train): 0.7992, Test MSE: 0.1595, r (test): 0.0373
Epoch: 98, Training Loss: 0.0279, Train MSE: 0.0279, r (train): 0.8180, Test MSE: 0.0664, r (test): 0.0586
Epoch: 99, Training Loss: 0.0318, Train MSE: 0.0318, r (train): 0.8196, Test MSE: 0.0540, r (test): 0.0113
Predicted tensors for training set: 
tensor([0.6739, 0.6715, 0.2934, 0.5324, 0.5489, 0.5233, 0.7377, 0.6576, 0.6824,
        0.5218, 0.6117, 0.4616, 0.3815, 0.2794, 1.0574, 1.0587, 0.7187, 0.9721,
        0.5606, 0.2680, 0.6593, 0.6259, 0.6962, 0.2577, 0.4815, 0.5299, 0.6017,
        0.6609, 0.5339, 0.5758, 0.3282, 0.5085, 0.3458, 1.0130, 1.0728, 0.0838,
        0.6864, 0.1969, 0.8142, 0.2776, 0.5481, 1.0673, 0.4232, 0.7309, 0.6868,
        0.8751, 0.1069, 0.9406, 0.7947, 0.6238, 0.5471, 0.3377, 1.1953, 0.5838,
        0.2803, 0.2327, 0.5497, 0.2814, 0.6433, 0.9536, 0.8423, 0.7375, 0.5023,
        0.2837, 0.8031, 0.2656, 0.2738, 0.8519, 0.8248, 0.2773, 1.0606, 0.4152])
Target tensorsfor training set: 
tensor([0.5783, 0.5573, 0.1055, 0.4149, 0.4993, 0.4654, 0.7497, 0.6465, 0.8561,
        0.7171, 0.7507, 0.5178, 0.2271, 0.1493, 0.9127, 0.8524, 0.4513, 0.7144,
        0.3077, 0.0389, 0.5187, 0.4640, 0.5564, 0.0981, 0.4341, 0.4526, 0.5780,
        0.6240, 0.9150, 0.9117, 0.5658, 0.8363, 0.2464, 0.9072, 0.9621, 0.0246,
        0.7791, 0.2255, 0.9656, 0.3174, 0.1295, 0.4818, 0.0763, 0.3453, 0.5779,
        0.7950, 0.0478, 0.8411, 0.8453, 0.6992, 0.5719, 0.3309, 0.9492, 0.4373,
        0.1218, 0.0636, 0.4036, 0.1294, 0.5023, 0.7462, 0.8988, 0.7596, 0.5102,
        0.2916, 0.8418, 0.2594, 0.2394, 0.8556, 0.6576, 0.1360, 0.9215, 0.2649])
Correlation for training set: 0.8196178576963434
Predicted tensors for test set: 
tensor([0.6544, 0.3882, 0.5428, 0.7066, 0.5006, 0.5816, 0.5829, 0.3940, 0.6430,
        0.5459, 0.4189, 0.5754, 0.5235, 0.6184, 0.4742, 0.4962, 0.5431, 0.3736])
Target tensorsfor test set: 
tensor([0.6595, 0.7372, 0.6846, 0.6199, 0.2169, 0.6577, 0.8728, 0.6671, 0.8391,
        0.5300, 0.7270, 0.7125, 0.5220, 0.4440, 0.3829, 0.7901, 0.9535, 0.7371])
Correlation for test set: 0.011342784065670769
Validation set predictions (100 folds): [tensor([0.4710, 0.3930, 0.4091, 0.4835, 0.5444, 0.6627, 0.6918, 0.3762, 0.4549,
        0.4372, 0.5238, 0.4304, 0.4319, 0.3221, 0.2684, 0.6396, 0.5933, 0.4252]), tensor([0.4374, 0.4295, 0.4755, 0.6080, 0.6067, 0.4709, 0.4950, 0.6574, 0.6428,
        0.7474, 0.5160, 0.6453, 0.6084, 0.4833, 0.4745, 0.4359, 0.4894, 0.5975]), tensor([0.5384, 0.5797, 0.3719, 0.4629, 0.3312, 0.7904, 0.6056, 0.4435, 0.2843,
        0.6573, 0.6093, 0.4653, 0.5805, 0.4654, 0.5905, 0.6425, 0.6910, 0.5376]), tensor([0.5558, 0.7006, 0.8273, 0.6030, 0.7593, 0.5977, 0.6682, 0.7577, 0.6625,
        0.5331, 0.5097, 0.7370, 0.6389, 0.5335, 0.7199, 0.5689, 0.6846, 0.5459]), tensor([0.6544, 0.3882, 0.5428, 0.7066, 0.5006, 0.5816, 0.5829, 0.3940, 0.6430,
        0.5459, 0.4189, 0.5754, 0.5235, 0.6184, 0.4742, 0.4962, 0.5431, 0.3736])]
Validation set targets (100 folds): [tensor([0.5783, 0.5573, 0.1055, 0.4149, 0.4993, 0.4654, 0.7497, 0.6465, 0.8561,
        0.7171, 0.7507, 0.5178, 0.2271, 0.1493, 0.9127, 0.8524, 0.4513, 0.7144]), tensor([0.3077, 0.0389, 0.5187, 0.4640, 0.5564, 0.0981, 0.4341, 0.4526, 0.5780,
        0.6240, 0.9150, 0.9117, 0.5658, 0.8363, 0.2464, 0.9072, 0.9621, 0.0246]), tensor([0.7791, 0.2255, 0.9656, 0.3174, 0.1295, 0.4818, 0.0763, 0.3453, 0.5779,
        0.7950, 0.0478, 0.8411, 0.8453, 0.6992, 0.5719, 0.3309, 0.9492, 0.4373]), tensor([0.1218, 0.0636, 0.4036, 0.1294, 0.5023, 0.7462, 0.8988, 0.7596, 0.5102,
        0.2916, 0.8418, 0.2594, 0.2394, 0.8556, 0.6576, 0.1360, 0.9215, 0.2649]), tensor([0.6595, 0.7372, 0.6846, 0.6199, 0.2169, 0.6577, 0.8728, 0.6671, 0.8391,
        0.5300, 0.7270, 0.7125, 0.5220, 0.4440, 0.3829, 0.7901, 0.9535, 0.7371])]
Time taken: 17648.29466676712 seconds
