DenseNet_amygdala_14.py
/apps/monai/MONAI0.8.1/lib/python3.9/site-packages/torch/cuda/__init__.py:143: UserWarning: 
NVIDIA B200 with CUDA capability sm_100 is not compatible with the current PyTorch installation.
The current PyTorch install supports CUDA capabilities sm_37 sm_50 sm_60 sm_61 sm_70 sm_75 sm_80 sm_86 compute_37.
If you want to use the NVIDIA B200 GPU with PyTorch, please check the instructions at https://pytorch.org/get-started/locally/

  warnings.warn(incompatible_device_warn.format(device_name, capability, " ".join(arch_list), device_name))
90
Image shape: torch.Size([256, 256, 256])
Label: 0.577850585

Image shape: torch.Size([256, 256, 256])
Label: 0.239393515

Image shape: torch.Size([256, 256, 256])
Label: 0.836265129

Image shape: torch.Size([256, 256, 256])
Label: 0.746225617

Image shape: torch.Size([256, 256, 256])
Label: 0.779103135

Image shape: torch.Size([256, 256, 256])
Label: 0.26490909

Image shape: torch.Size([256, 256, 256])
Label: 0.759624831

Image shape: torch.Size([256, 256, 256])
Label: 0.024634435

Image shape: torch.Size([256, 256, 256])
Label: 0.047813956

Image shape: torch.Size([256, 256, 256])
Label: 0.129379513

Image shape: torch.Size([256, 256, 256])
Label: 0.330926406

Image shape: torch.Size([256, 256, 256])
Label: 0.911671093

Image shape: torch.Size([256, 256, 256])
Label: 0.14931566

Image shape: torch.Size([256, 256, 256])
Label: 0.841130428

Image shape: torch.Size([256, 256, 256])
Label: 0.216921218

Image shape: torch.Size([256, 256, 256])
Label: 0.34531344

Image shape: torch.Size([256, 256, 256])
Label: 0.038874365

Image shape: torch.Size([256, 256, 256])
Label: 0.452638778

Image shape: torch.Size([256, 256, 256])
Label: 0.962135747

Image shape: torch.Size([256, 256, 256])
Label: 0.46544507

Image shape: torch.Size([256, 256, 256])
Label: 0.684642475

Image shape: torch.Size([256, 256, 256])
Label: 0.43409457

Image shape: torch.Size([256, 256, 256])
Label: 0.55641775

Image shape: torch.Size([256, 256, 256])
Label: 0.291630426

Image shape: torch.Size([256, 256, 256])
Label: 0.855579732

Image shape: torch.Size([256, 256, 256])
Label: 0.839077585

Image shape: torch.Size([256, 256, 256])
Label: 0.657691961

Image shape: torch.Size([256, 256, 256])
Label: 0.790096101

Image shape: torch.Size([256, 256, 256])
Label: 0.57804499

Image shape: torch.Size([256, 256, 256])
Label: 0.841767741

Image shape: torch.Size([256, 256, 256])
Label: 0.571907479

Image shape: torch.Size([256, 256, 256])
Label: 0.714356234

Image shape: torch.Size([256, 256, 256])
Label: 0.565846925

Image shape: torch.Size([256, 256, 256])
Label: 0.623989995

Image shape: torch.Size([256, 256, 256])
Label: 0.619874898

Image shape: torch.Size([256, 256, 256])
Label: 0.667105602

Image shape: torch.Size([256, 256, 256])
Label: 0.227116465

Image shape: torch.Size([256, 256, 256])
Label: 0.91498566

Image shape: torch.Size([256, 256, 256])
Label: 0.529961465

Image shape: torch.Size([256, 256, 256])
Label: 0.129485328

Image shape: torch.Size([256, 256, 256])
Label: 0.517802514

Image shape: torch.Size([256, 256, 256])
Label: 0.856107326

Image shape: torch.Size([256, 256, 256])
Label: 0.953465465

Image shape: torch.Size([256, 256, 256])
Label: 0.55726975

Image shape: torch.Size([256, 256, 256])
Label: 0.750732335

Image shape: torch.Size([256, 256, 256])
Label: 0.727035333

Image shape: torch.Size([256, 256, 256])
Label: 0.699213269

Image shape: torch.Size([256, 256, 256])
Label: 0.872805901

Image shape: torch.Size([256, 256, 256])
Label: 0.48182514

Image shape: torch.Size([256, 256, 256])
Label: 0.578327051

Image shape: torch.Size([256, 256, 256])
Label: 0.949166278

Image shape: torch.Size([256, 256, 256])
Label: 0.31742745

Image shape: torch.Size([256, 256, 256])
Label: 0.518716963

Image shape: torch.Size([256, 256, 256])
Label: 0.646490545

Image shape: torch.Size([256, 256, 256])
Label: 0.451287356

Image shape: torch.Size([256, 256, 256])
Label: 0.737099236

Image shape: torch.Size([256, 256, 256])
Label: 0.307667842

Image shape: torch.Size([256, 256, 256])
Label: 0.522016133

Image shape: torch.Size([256, 256, 256])
Label: 0.403550924

Image shape: torch.Size([256, 256, 256])
Label: 0.907159832

Image shape: torch.Size([256, 256, 256])
Label: 0.965645278

Image shape: torch.Size([256, 256, 256])
Label: 0.105524477

Image shape: torch.Size([256, 256, 256])
Label: 0.076332172

Image shape: torch.Size([256, 256, 256])
Label: 0.259369175

Image shape: torch.Size([256, 256, 256])
Label: 0.225463904

Image shape: torch.Size([256, 256, 256])
Label: 0.437273408

Image shape: torch.Size([256, 256, 256])
Label: 0.717144575

Image shape: torch.Size([256, 256, 256])
Label: 0.246363884

Image shape: torch.Size([256, 256, 256])
Label: 0.749740575

Image shape: torch.Size([256, 256, 256])
Label: 0.898762669

Image shape: torch.Size([256, 256, 256])
Label: 0.499347098

Image shape: torch.Size([256, 256, 256])
Label: 0.098052496

Image shape: torch.Size([256, 256, 256])
Label: 0.136048492

Image shape: torch.Size([256, 256, 256])
Label: 0.063583908

Image shape: torch.Size([256, 256, 256])
Label: 0.502254367

Image shape: torch.Size([256, 256, 256])
Label: 0.444012353

Image shape: torch.Size([256, 256, 256])
Label: 0.657623403

Image shape: torch.Size([256, 256, 256])
Label: 0.845253622

Image shape: torch.Size([256, 256, 256])
Label: 0.794978716

Image shape: torch.Size([256, 256, 256])
Label: 0.463984431

Image shape: torch.Size([256, 256, 256])
Label: 0.712524369

Image shape: torch.Size([256, 256, 256])
Label: 0.414935686

Image shape: torch.Size([256, 256, 256])
Label: 0.91273199

Image shape: torch.Size([256, 256, 256])
Label: 0.382857646

Image shape: torch.Size([256, 256, 256])
Label: 0.659493008

Image shape: torch.Size([256, 256, 256])
Label: 0.121809436

Image shape: torch.Size([256, 256, 256])
Label: 0.852431609

Image shape: torch.Size([256, 256, 256])
Label: 0.737192172

Image shape: torch.Size([256, 256, 256])
Label: 0.510151238

Image shape: torch.Size([256, 256, 256])
Label: 0.92154251

18 5
Fold 1
Epoch: 00, Training Loss: 0.0631, Train MSE: 0.0631, r (train): -0.2586, Test MSE: 0.1245, r (test): -0.1899
Epoch: 01, Training Loss: 0.0672, Train MSE: 0.0672, r (train): -0.3021, Test MSE: 0.1006, r (test): -0.1786
Epoch: 02, Training Loss: 0.1092, Train MSE: 0.1092, r (train): -0.1534, Test MSE: 0.0972, r (test): 0.0670
Epoch: 03, Training Loss: 0.1590, Train MSE: 0.1590, r (train): 0.5649, Test MSE: 0.1184, r (test): 0.2742
Epoch: 04, Training Loss: 0.0304, Train MSE: 0.0304, r (train): 0.7507, Test MSE: 0.1196, r (test): 0.1491
Epoch: 05, Training Loss: 0.0579, Train MSE: 0.0579, r (train): 0.6461, Test MSE: 0.1904, r (test): 0.2210
Epoch: 06, Training Loss: 0.0356, Train MSE: 0.0356, r (train): 0.7837, Test MSE: 0.1534, r (test): 0.2079
Epoch: 07, Training Loss: 0.0762, Train MSE: 0.0762, r (train): 0.7730, Test MSE: 0.2712, r (test): 0.2152
Epoch: 08, Training Loss: 0.0233, Train MSE: 0.0233, r (train): 0.7939, Test MSE: 0.1180, r (test): 0.2283
Epoch: 09, Training Loss: 0.0368, Train MSE: 0.0368, r (train): 0.7572, Test MSE: 0.0991, r (test): 0.1815
Epoch: 10, Training Loss: 0.0717, Train MSE: 0.0717, r (train): 0.7819, Test MSE: 0.0900, r (test): 0.3379
Epoch: 11, Training Loss: 0.0286, Train MSE: 0.0286, r (train): 0.7442, Test MSE: 0.1219, r (test): 0.2012
Epoch: 12, Training Loss: 0.0409, Train MSE: 0.0409, r (train): 0.7878, Test MSE: 0.1772, r (test): 0.2487
Epoch: 13, Training Loss: 0.1332, Train MSE: 0.1332, r (train): 0.7401, Test MSE: 0.1220, r (test): 0.2761
Epoch: 14, Training Loss: 0.0278, Train MSE: 0.0278, r (train): 0.7551, Test MSE: 0.1138, r (test): 0.1813
Epoch: 15, Training Loss: 0.0396, Train MSE: 0.0396, r (train): 0.7623, Test MSE: 0.1633, r (test): 0.3040
Epoch: 16, Training Loss: 0.0673, Train MSE: 0.0673, r (train): 0.7252, Test MSE: 0.0909, r (test): 0.2613
Epoch: 17, Training Loss: 0.1028, Train MSE: 0.1028, r (train): 0.6553, Test MSE: 0.1029, r (test): 0.2896
Epoch: 18, Training Loss: 0.0850, Train MSE: 0.0850, r (train): 0.7181, Test MSE: 0.2510, r (test): 0.1245
Epoch: 19, Training Loss: 0.0840, Train MSE: 0.0840, r (train): 0.6597, Test MSE: 0.0863, r (test): 0.4187
Epoch: 20, Training Loss: 0.0352, Train MSE: 0.0352, r (train): 0.7222, Test MSE: 0.1384, r (test): 0.2315
Epoch: 21, Training Loss: 0.1038, Train MSE: 0.1038, r (train): 0.6624, Test MSE: 0.1015, r (test): 0.3593
Epoch: 22, Training Loss: 0.0414, Train MSE: 0.0414, r (train): 0.6709, Test MSE: 0.1002, r (test): 0.3086
Epoch: 23, Training Loss: 0.0592, Train MSE: 0.0592, r (train): 0.7009, Test MSE: 0.0849, r (test): 0.3277
Epoch: 24, Training Loss: 0.0364, Train MSE: 0.0364, r (train): 0.7527, Test MSE: 0.1427, r (test): 0.3197
Epoch: 25, Training Loss: 0.0668, Train MSE: 0.0668, r (train): 0.7238, Test MSE: 0.0868, r (test): 0.3364
Epoch: 26, Training Loss: 0.0388, Train MSE: 0.0388, r (train): 0.7114, Test MSE: 0.0795, r (test): 0.4180
Epoch: 27, Training Loss: 0.0278, Train MSE: 0.0278, r (train): 0.7503, Test MSE: 0.1268, r (test): 0.2197
Epoch: 28, Training Loss: 0.0379, Train MSE: 0.0379, r (train): 0.7551, Test MSE: 0.0798, r (test): 0.3872
Epoch: 29, Training Loss: 0.0354, Train MSE: 0.0354, r (train): 0.7525, Test MSE: 0.1368, r (test): 0.2447
Epoch: 30, Training Loss: 0.0363, Train MSE: 0.0363, r (train): 0.7593, Test MSE: 0.0766, r (test): 0.4319
Epoch: 31, Training Loss: 0.0295, Train MSE: 0.0295, r (train): 0.7312, Test MSE: 0.1032, r (test): 0.2859
Epoch: 32, Training Loss: 0.0238, Train MSE: 0.0238, r (train): 0.7878, Test MSE: 0.1101, r (test): 0.3607
Epoch: 33, Training Loss: 0.1199, Train MSE: 0.1199, r (train): 0.6457, Test MSE: 0.1070, r (test): 0.4018
Epoch: 34, Training Loss: 0.0642, Train MSE: 0.0642, r (train): 0.7298, Test MSE: 0.2010, r (test): 0.2400
Epoch: 35, Training Loss: 0.0664, Train MSE: 0.0664, r (train): 0.6385, Test MSE: 0.0860, r (test): 0.3202
Epoch: 36, Training Loss: 0.0366, Train MSE: 0.0366, r (train): 0.6834, Test MSE: 0.1094, r (test): 0.1926
Epoch: 37, Training Loss: 0.0366, Train MSE: 0.0366, r (train): 0.7166, Test MSE: 0.1206, r (test): 0.3195
Epoch: 38, Training Loss: 0.0622, Train MSE: 0.0622, r (train): 0.7223, Test MSE: 0.0859, r (test): 0.3255
Epoch: 39, Training Loss: 0.0849, Train MSE: 0.0849, r (train): 0.7238, Test MSE: 0.2408, r (test): 0.2875
Epoch: 40, Training Loss: 0.0807, Train MSE: 0.0807, r (train): 0.7889, Test MSE: 0.0896, r (test): 0.4045
Epoch: 41, Training Loss: 0.1742, Train MSE: 0.1742, r (train): 0.7787, Test MSE: 0.4126, r (test): 0.2232
Epoch: 42, Training Loss: 0.0972, Train MSE: 0.0972, r (train): 0.6820, Test MSE: 0.0989, r (test): 0.3715
Epoch: 43, Training Loss: 0.0705, Train MSE: 0.0705, r (train): 0.7200, Test MSE: 0.0867, r (test): 0.3659
Epoch: 44, Training Loss: 0.0279, Train MSE: 0.0279, r (train): 0.7435, Test MSE: 0.1112, r (test): 0.2328
Epoch: 45, Training Loss: 0.0287, Train MSE: 0.0287, r (train): 0.7416, Test MSE: 0.0998, r (test): 0.2961
Epoch: 46, Training Loss: 0.0556, Train MSE: 0.0556, r (train): 0.7566, Test MSE: 0.1934, r (test): 0.2906
Epoch: 47, Training Loss: 0.0236, Train MSE: 0.0236, r (train): 0.8014, Test MSE: 0.1006, r (test): 0.3300
Epoch: 48, Training Loss: 0.1232, Train MSE: 0.1232, r (train): 0.7749, Test MSE: 0.1216, r (test): 0.3178
Epoch: 49, Training Loss: 0.1139, Train MSE: 0.1139, r (train): 0.6695, Test MSE: 0.1068, r (test): 0.3688
Epoch: 50, Training Loss: 0.0833, Train MSE: 0.0833, r (train): 0.6940, Test MSE: 0.2502, r (test): 0.0670
Epoch: 51, Training Loss: 0.0557, Train MSE: 0.0557, r (train): 0.7336, Test MSE: 0.1887, r (test): 0.2633
Epoch: 52, Training Loss: 0.2300, Train MSE: 0.2300, r (train): 0.7337, Test MSE: 0.4799, r (test): 0.2240
Epoch: 53, Training Loss: 0.1688, Train MSE: 0.1688, r (train): 0.7411, Test MSE: 0.1519, r (test): 0.3434
Epoch: 54, Training Loss: 0.1019, Train MSE: 0.1019, r (train): 0.6899, Test MSE: 0.1018, r (test): 0.3837
Epoch: 55, Training Loss: 0.0611, Train MSE: 0.0611, r (train): 0.6741, Test MSE: 0.0899, r (test): 0.2061
Epoch: 56, Training Loss: 0.0457, Train MSE: 0.0457, r (train): 0.6964, Test MSE: 0.1484, r (test): 0.2734
Epoch: 57, Training Loss: 0.2680, Train MSE: 0.2680, r (train): 0.7316, Test MSE: 0.5440, r (test): 0.1846
Epoch: 58, Training Loss: 0.0388, Train MSE: 0.0388, r (train): 0.8109, Test MSE: 0.0890, r (test): 0.2916
Epoch: 59, Training Loss: 0.1015, Train MSE: 0.1015, r (train): 0.7406, Test MSE: 0.1050, r (test): 0.3263
Epoch: 60, Training Loss: 0.0441, Train MSE: 0.0441, r (train): 0.7345, Test MSE: 0.0864, r (test): 0.2721
Epoch: 61, Training Loss: 0.0326, Train MSE: 0.0326, r (train): 0.6939, Test MSE: 0.0965, r (test): 0.3309
Epoch: 62, Training Loss: 0.1284, Train MSE: 0.1284, r (train): 0.7497, Test MSE: 0.3324, r (test): 0.1856
Epoch: 63, Training Loss: 0.0879, Train MSE: 0.0879, r (train): 0.7747, Test MSE: 0.0996, r (test): 0.3435
Epoch: 64, Training Loss: 0.0703, Train MSE: 0.0703, r (train): 0.7553, Test MSE: 0.0938, r (test): 0.2198
Epoch: 65, Training Loss: 0.0299, Train MSE: 0.0299, r (train): 0.7293, Test MSE: 0.1101, r (test): 0.2717
Epoch: 66, Training Loss: 0.0621, Train MSE: 0.0621, r (train): 0.7343, Test MSE: 0.1884, r (test): 0.2365
Epoch: 67, Training Loss: 0.0312, Train MSE: 0.0312, r (train): 0.7942, Test MSE: 0.0911, r (test): 0.2948
Epoch: 68, Training Loss: 0.0372, Train MSE: 0.0372, r (train): 0.7920, Test MSE: 0.0883, r (test): 0.2564
Epoch: 69, Training Loss: 0.0341, Train MSE: 0.0341, r (train): 0.7663, Test MSE: 0.0918, r (test): 0.2089
Epoch: 70, Training Loss: 0.0479, Train MSE: 0.0479, r (train): 0.7375, Test MSE: 0.1648, r (test): 0.2318
Epoch: 71, Training Loss: 0.0333, Train MSE: 0.0333, r (train): 0.7668, Test MSE: 0.0876, r (test): 0.3170
Epoch: 72, Training Loss: 0.0393, Train MSE: 0.0393, r (train): 0.7801, Test MSE: 0.0854, r (test): 0.2993
Epoch: 73, Training Loss: 0.0361, Train MSE: 0.0361, r (train): 0.7680, Test MSE: 0.0907, r (test): 0.2140
Epoch: 74, Training Loss: 0.0453, Train MSE: 0.0453, r (train): 0.7484, Test MSE: 0.1682, r (test): 0.1961
Epoch: 75, Training Loss: 0.0316, Train MSE: 0.0316, r (train): 0.7641, Test MSE: 0.1311, r (test): 0.2223
Epoch: 76, Training Loss: 0.0504, Train MSE: 0.0504, r (train): 0.7689, Test MSE: 0.0846, r (test): 0.3295
Epoch: 77, Training Loss: 0.0387, Train MSE: 0.0387, r (train): 0.7557, Test MSE: 0.0865, r (test): 0.2755
Epoch: 78, Training Loss: 0.0299, Train MSE: 0.0299, r (train): 0.7447, Test MSE: 0.0944, r (test): 0.2594
Epoch: 79, Training Loss: 0.0533, Train MSE: 0.0533, r (train): 0.7600, Test MSE: 0.1916, r (test): 0.1679
Epoch: 80, Training Loss: 0.0351, Train MSE: 0.0351, r (train): 0.7818, Test MSE: 0.0867, r (test): 0.2928
Epoch: 81, Training Loss: 0.0278, Train MSE: 0.0278, r (train): 0.7717, Test MSE: 0.0939, r (test): 0.2616
Epoch: 82, Training Loss: 0.0402, Train MSE: 0.0402, r (train): 0.7348, Test MSE: 0.0844, r (test): 0.3083
Epoch: 83, Training Loss: 0.0352, Train MSE: 0.0352, r (train): 0.7527, Test MSE: 0.1346, r (test): 0.2108
Epoch: 84, Training Loss: 0.0252, Train MSE: 0.0252, r (train): 0.7845, Test MSE: 0.1030, r (test): 0.2432
Epoch: 85, Training Loss: 0.0241, Train MSE: 0.0241, r (train): 0.7879, Test MSE: 0.1054, r (test): 0.2240
Epoch: 86, Training Loss: 0.0302, Train MSE: 0.0302, r (train): 0.7642, Test MSE: 0.0901, r (test): 0.2767
Epoch: 87, Training Loss: 0.0293, Train MSE: 0.0293, r (train): 0.7462, Test MSE: 0.1001, r (test): 0.2712
Epoch: 88, Training Loss: 0.0264, Train MSE: 0.0264, r (train): 0.7771, Test MSE: 0.1018, r (test): 0.2424
Epoch: 89, Training Loss: 0.0251, Train MSE: 0.0251, r (train): 0.7867, Test MSE: 0.1014, r (test): 0.2370
Epoch: 90, Training Loss: 0.0253, Train MSE: 0.0253, r (train): 0.7794, Test MSE: 0.1017, r (test): 0.2363
Epoch: 91, Training Loss: 0.0294, Train MSE: 0.0294, r (train): 0.7525, Test MSE: 0.0924, r (test): 0.2831
Epoch: 92, Training Loss: 0.0290, Train MSE: 0.0290, r (train): 0.7603, Test MSE: 0.0966, r (test): 0.2594
Epoch: 93, Training Loss: 0.0257, Train MSE: 0.0257, r (train): 0.7825, Test MSE: 0.1011, r (test): 0.2431
Epoch: 94, Training Loss: 0.0246, Train MSE: 0.0246, r (train): 0.7834, Test MSE: 0.1057, r (test): 0.2192
Epoch: 95, Training Loss: 0.0264, Train MSE: 0.0264, r (train): 0.7720, Test MSE: 0.0988, r (test): 0.2470
Epoch: 96, Training Loss: 0.0299, Train MSE: 0.0299, r (train): 0.7483, Test MSE: 0.0953, r (test): 0.2664
Epoch: 97, Training Loss: 0.0265, Train MSE: 0.0265, r (train): 0.7743, Test MSE: 0.1013, r (test): 0.2467
Epoch: 98, Training Loss: 0.0258, Train MSE: 0.0258, r (train): 0.7812, Test MSE: 0.1009, r (test): 0.2240
Epoch: 99, Training Loss: 0.0250, Train MSE: 0.0250, r (train): 0.7841, Test MSE: 0.1023, r (test): 0.2237
Predicted tensors for training set: 
tensor([0.8804, 0.4131, 0.6361, 0.4148, 0.4292, 0.2057, 0.6783, 0.6192, 0.5364,
        0.6350, 0.4753, 0.6906, 0.5074, 0.6279, 0.5180, 0.5620, 0.4885, 0.5386,
        0.1945, 0.7275, 0.4575, 0.1639, 0.4361, 0.7084, 0.7823, 0.4528, 0.6293,
        0.6020, 0.5914, 0.7448, 0.4110, 0.5329, 0.7757, 0.2592, 0.4067, 0.5094,
        0.4764, 0.7613, 0.3598, 0.5636, 0.4561, 0.9669, 1.0493, 0.1561, 0.2735,
        0.6688, 0.4544, 0.7749, 0.5282, 0.1517, 0.5523, 0.7123, 1.2341, 0.3234,
        0.3632, 0.3100, 0.4973, 0.4397, 0.6552, 0.8820, 0.8190, 0.4634, 0.7318,
        0.4274, 0.8780, 0.3843, 0.6334, 0.1653, 0.6706, 0.6023, 0.3882, 0.7405])
Target tensorsfor training set: 
tensor([0.9621, 0.4654, 0.6846, 0.4341, 0.5564, 0.2916, 0.8556, 0.8391, 0.6577,
        0.7901, 0.5780, 0.8418, 0.5719, 0.7144, 0.5658, 0.6240, 0.6199, 0.6671,
        0.2271, 0.9150, 0.5300, 0.1295, 0.5178, 0.8561, 0.9535, 0.5573, 0.7507,
        0.7270, 0.6992, 0.8728, 0.4818, 0.5783, 0.9492, 0.3174, 0.5187, 0.6465,
        0.4513, 0.7371, 0.3077, 0.5220, 0.4036, 0.9072, 0.9656, 0.1055, 0.0763,
        0.2594, 0.2255, 0.4373, 0.7171, 0.2464, 0.7497, 0.8988, 0.4993, 0.0981,
        0.1360, 0.0636, 0.5023, 0.4440, 0.6576, 0.8453, 0.7950, 0.4640, 0.7125,
        0.4149, 0.9127, 0.3829, 0.6595, 0.1218, 0.8524, 0.7372, 0.5102, 0.9215])
Correlation for training set: 0.7840520721166115
Predicted tensors for test set: 
tensor([0.5172, 0.5206, 0.5037, 0.6839, 0.3261, 0.4773, 0.7189, 0.6513, 0.3372,
        0.3520, 0.5268, 0.5823, 0.5685, 0.5330, 0.5640, 0.5649, 0.4964, 0.7177])
Target tensorsfor test set: 
tensor([0.5779, 0.2394, 0.8363, 0.7462, 0.7791, 0.2649, 0.7596, 0.0246, 0.0478,
        0.1294, 0.3309, 0.9117, 0.1493, 0.8411, 0.2169, 0.3453, 0.0389, 0.4526])
Correlation for test set: 0.22369257254224173
18 5
Fold 2
Epoch: 00, Training Loss: 0.0949, Train MSE: 0.0949, r (train): -0.1642, Test MSE: 0.0265, r (test): -0.1643
Epoch: 01, Training Loss: 0.0882, Train MSE: 0.0882, r (train): -0.1411, Test MSE: 0.0284, r (test): -0.1542
Epoch: 02, Training Loss: 0.0801, Train MSE: 0.0801, r (train): 0.2287, Test MSE: 0.0538, r (test): 0.0438
Epoch: 03, Training Loss: 0.0736, Train MSE: 0.0736, r (train): 0.6445, Test MSE: 0.0812, r (test): 0.1503
Epoch: 04, Training Loss: 0.0986, Train MSE: 0.0986, r (train): 0.6936, Test MSE: 0.0502, r (test): 0.1949
Epoch: 05, Training Loss: 1.1094, Train MSE: 1.1094, r (train): 0.5698, Test MSE: 0.7616, r (test): 0.0499
Epoch: 06, Training Loss: 0.1033, Train MSE: 0.1033, r (train): 0.6721, Test MSE: 0.1961, r (test): 0.0424
Epoch: 07, Training Loss: 2.6430, Train MSE: 2.6430, r (train): 0.6703, Test MSE: 2.1524, r (test): -0.0347
Epoch: 08, Training Loss: 0.1000, Train MSE: 0.1000, r (train): 0.7884, Test MSE: 0.1956, r (test): 0.0738
Epoch: 09, Training Loss: 0.0919, Train MSE: 0.0919, r (train): 0.8116, Test MSE: 0.0751, r (test): 0.0321
Epoch: 10, Training Loss: 0.0618, Train MSE: 0.0618, r (train): 0.8037, Test MSE: 0.1502, r (test): 0.0464
Epoch: 11, Training Loss: 0.0274, Train MSE: 0.0274, r (train): 0.8184, Test MSE: 0.0721, r (test): 0.0708
Epoch: 12, Training Loss: 0.1210, Train MSE: 0.1210, r (train): 0.7280, Test MSE: 0.2371, r (test): -0.0600
Epoch: 13, Training Loss: 0.0398, Train MSE: 0.0398, r (train): 0.8175, Test MSE: 0.0505, r (test): 0.0738
Epoch: 14, Training Loss: 0.0615, Train MSE: 0.0615, r (train): 0.7617, Test MSE: 0.1601, r (test): -0.0297
Epoch: 15, Training Loss: 0.0298, Train MSE: 0.0298, r (train): 0.7976, Test MSE: 0.0772, r (test): 0.0292
Epoch: 16, Training Loss: 0.0322, Train MSE: 0.0322, r (train): 0.7884, Test MSE: 0.0579, r (test): 0.0419
Epoch: 17, Training Loss: 0.1309, Train MSE: 0.1309, r (train): 0.6720, Test MSE: 0.2434, r (test): -0.0101
Epoch: 18, Training Loss: 0.0334, Train MSE: 0.0334, r (train): 0.7756, Test MSE: 0.0876, r (test): 0.0525
Epoch: 19, Training Loss: 0.0538, Train MSE: 0.0538, r (train): 0.7566, Test MSE: 0.0777, r (test): 0.0644
Epoch: 20, Training Loss: 0.0935, Train MSE: 0.0935, r (train): 0.7752, Test MSE: 0.0567, r (test): 0.0867
Epoch: 21, Training Loss: 0.0454, Train MSE: 0.0454, r (train): 0.7692, Test MSE: 0.1187, r (test): 0.1120
Epoch: 22, Training Loss: 0.1048, Train MSE: 0.1048, r (train): 0.7731, Test MSE: 0.0540, r (test): 0.1802
Epoch: 23, Training Loss: 0.0310, Train MSE: 0.0310, r (train): 0.8040, Test MSE: 0.0864, r (test): 0.1527
Epoch: 24, Training Loss: 0.0457, Train MSE: 0.0457, r (train): 0.7867, Test MSE: 0.0397, r (test): 0.1639
Epoch: 25, Training Loss: 0.0613, Train MSE: 0.0613, r (train): 0.7990, Test MSE: 0.1675, r (test): 0.1060
Epoch: 26, Training Loss: 0.0446, Train MSE: 0.0446, r (train): 0.7909, Test MSE: 0.0583, r (test): 0.1773
Epoch: 27, Training Loss: 0.0593, Train MSE: 0.0593, r (train): 0.7638, Test MSE: 0.1463, r (test): 0.1112
Epoch: 28, Training Loss: 0.0370, Train MSE: 0.0370, r (train): 0.7551, Test MSE: 0.0543, r (test): 0.1357
Epoch: 29, Training Loss: 0.1619, Train MSE: 0.1619, r (train): 0.6828, Test MSE: 0.3079, r (test): 0.0726
Epoch: 30, Training Loss: 0.1145, Train MSE: 0.1145, r (train): 0.7362, Test MSE: 0.0514, r (test): 0.1289
Epoch: 31, Training Loss: 0.0731, Train MSE: 0.0731, r (train): 0.7123, Test MSE: 0.1579, r (test): 0.0682
Epoch: 32, Training Loss: 0.2032, Train MSE: 0.2032, r (train): 0.7846, Test MSE: 0.1256, r (test): 0.0848
Epoch: 33, Training Loss: 0.2902, Train MSE: 0.2902, r (train): 0.7025, Test MSE: 0.4795, r (test): 0.0735
Epoch: 34, Training Loss: 0.0652, Train MSE: 0.0652, r (train): 0.7894, Test MSE: 0.0318, r (test): 0.2723
Epoch: 35, Training Loss: 0.0483, Train MSE: 0.0483, r (train): 0.7708, Test MSE: 0.0347, r (test): 0.2394
Epoch: 36, Training Loss: 0.1561, Train MSE: 0.1561, r (train): 0.7125, Test MSE: 0.3128, r (test): 0.1322
Epoch: 37, Training Loss: 0.0415, Train MSE: 0.0415, r (train): 0.7456, Test MSE: 0.0939, r (test): 0.1579
Epoch: 38, Training Loss: 0.0737, Train MSE: 0.0737, r (train): 0.7722, Test MSE: 0.0433, r (test): 0.1668
Epoch: 39, Training Loss: 0.0284, Train MSE: 0.0284, r (train): 0.8154, Test MSE: 0.0665, r (test): 0.1973
Epoch: 40, Training Loss: 0.0317, Train MSE: 0.0317, r (train): 0.8004, Test MSE: 0.0523, r (test): 0.1899
Epoch: 41, Training Loss: 0.0332, Train MSE: 0.0332, r (train): 0.7825, Test MSE: 0.0617, r (test): 0.2249
Epoch: 42, Training Loss: 0.0830, Train MSE: 0.0830, r (train): 0.7244, Test MSE: 0.1863, r (test): 0.1701
Epoch: 43, Training Loss: 0.0306, Train MSE: 0.0306, r (train): 0.7948, Test MSE: 0.0684, r (test): 0.1948
Epoch: 44, Training Loss: 0.0338, Train MSE: 0.0338, r (train): 0.8138, Test MSE: 0.0423, r (test): 0.1990
Epoch: 45, Training Loss: 0.0670, Train MSE: 0.0670, r (train): 0.7903, Test MSE: 0.0435, r (test): 0.2013
Epoch: 46, Training Loss: 0.0351, Train MSE: 0.0351, r (train): 0.7778, Test MSE: 0.0752, r (test): 0.2273
Epoch: 47, Training Loss: 0.0387, Train MSE: 0.0387, r (train): 0.7715, Test MSE: 0.0823, r (test): 0.2138
Epoch: 48, Training Loss: 0.0309, Train MSE: 0.0309, r (train): 0.7956, Test MSE: 0.0707, r (test): 0.2197
Epoch: 49, Training Loss: 0.0303, Train MSE: 0.0303, r (train): 0.8124, Test MSE: 0.0487, r (test): 0.2103
Epoch: 50, Training Loss: 0.0309, Train MSE: 0.0309, r (train): 0.7972, Test MSE: 0.0566, r (test): 0.2032
Epoch: 51, Training Loss: 0.0341, Train MSE: 0.0341, r (train): 0.7792, Test MSE: 0.0693, r (test): 0.2135
Epoch: 52, Training Loss: 0.0343, Train MSE: 0.0343, r (train): 0.7819, Test MSE: 0.0678, r (test): 0.2178
Epoch: 53, Training Loss: 0.0295, Train MSE: 0.0295, r (train): 0.8009, Test MSE: 0.0577, r (test): 0.2331
Epoch: 54, Training Loss: 0.0369, Train MSE: 0.0369, r (train): 0.8020, Test MSE: 0.0427, r (test): 0.2044
Epoch: 55, Training Loss: 0.0317, Train MSE: 0.0317, r (train): 0.7910, Test MSE: 0.0673, r (test): 0.2102
Epoch: 56, Training Loss: 0.0413, Train MSE: 0.0413, r (train): 0.7718, Test MSE: 0.0971, r (test): 0.1965
Epoch: 57, Training Loss: 0.0329, Train MSE: 0.0329, r (train): 0.7835, Test MSE: 0.0654, r (test): 0.2191
Epoch: 58, Training Loss: 0.0357, Train MSE: 0.0357, r (train): 0.7979, Test MSE: 0.0418, r (test): 0.2342
Epoch: 59, Training Loss: 0.0359, Train MSE: 0.0359, r (train): 0.7988, Test MSE: 0.0446, r (test): 0.2144
Epoch: 60, Training Loss: 0.0323, Train MSE: 0.0323, r (train): 0.7889, Test MSE: 0.0652, r (test): 0.2085
Epoch: 61, Training Loss: 0.0394, Train MSE: 0.0394, r (train): 0.7706, Test MSE: 0.0903, r (test): 0.1901
Epoch: 62, Training Loss: 0.0319, Train MSE: 0.0319, r (train): 0.7859, Test MSE: 0.0627, r (test): 0.2209
Epoch: 63, Training Loss: 0.0308, Train MSE: 0.0308, r (train): 0.7984, Test MSE: 0.0557, r (test): 0.2312
Epoch: 64, Training Loss: 0.0375, Train MSE: 0.0375, r (train): 0.7962, Test MSE: 0.0431, r (test): 0.2200
Epoch: 65, Training Loss: 0.0353, Train MSE: 0.0353, r (train): 0.7902, Test MSE: 0.0461, r (test): 0.2174
Epoch: 66, Training Loss: 0.0365, Train MSE: 0.0365, r (train): 0.7732, Test MSE: 0.0778, r (test): 0.2002
Epoch: 67, Training Loss: 0.0376, Train MSE: 0.0376, r (train): 0.7805, Test MSE: 0.0876, r (test): 0.2060
Epoch: 68, Training Loss: 0.0331, Train MSE: 0.0331, r (train): 0.7860, Test MSE: 0.0749, r (test): 0.2102
Epoch: 69, Training Loss: 0.0528, Train MSE: 0.0528, r (train): 0.7896, Test MSE: 0.0358, r (test): 0.2372
Epoch: 70, Training Loss: 0.0339, Train MSE: 0.0339, r (train): 0.7890, Test MSE: 0.0551, r (test): 0.2253
Epoch: 71, Training Loss: 0.0426, Train MSE: 0.0426, r (train): 0.7726, Test MSE: 0.0994, r (test): 0.2098
Epoch: 72, Training Loss: 0.0362, Train MSE: 0.0362, r (train): 0.7668, Test MSE: 0.0762, r (test): 0.1855
Epoch: 73, Training Loss: 0.0303, Train MSE: 0.0303, r (train): 0.7900, Test MSE: 0.0503, r (test): 0.2521
Epoch: 74, Training Loss: 0.0498, Train MSE: 0.0498, r (train): 0.7987, Test MSE: 0.0390, r (test): 0.2345
Epoch: 75, Training Loss: 0.0582, Train MSE: 0.0582, r (train): 0.7742, Test MSE: 0.1451, r (test): 0.2064
Epoch: 76, Training Loss: 0.0459, Train MSE: 0.0459, r (train): 0.7820, Test MSE: 0.0369, r (test): 0.2220
Epoch: 77, Training Loss: 0.0326, Train MSE: 0.0326, r (train): 0.7798, Test MSE: 0.0589, r (test): 0.2239
Epoch: 78, Training Loss: 0.0458, Train MSE: 0.0458, r (train): 0.7719, Test MSE: 0.1053, r (test): 0.2043
Epoch: 79, Training Loss: 0.0341, Train MSE: 0.0341, r (train): 0.7840, Test MSE: 0.0800, r (test): 0.1972
Epoch: 80, Training Loss: 0.0321, Train MSE: 0.0321, r (train): 0.7866, Test MSE: 0.0437, r (test): 0.2168
Epoch: 81, Training Loss: 0.1116, Train MSE: 0.1116, r (train): 0.7764, Test MSE: 0.0597, r (test): 0.2466
Epoch: 82, Training Loss: 0.0865, Train MSE: 0.0865, r (train): 0.7261, Test MSE: 0.1961, r (test): 0.1763
Epoch: 83, Training Loss: 0.0411, Train MSE: 0.0411, r (train): 0.7556, Test MSE: 0.0897, r (test): 0.2150
Epoch: 84, Training Loss: 0.0786, Train MSE: 0.0786, r (train): 0.7713, Test MSE: 0.0432, r (test): 0.2272
Epoch: 85, Training Loss: 0.0884, Train MSE: 0.0884, r (train): 0.7512, Test MSE: 0.1979, r (test): 0.1899
Epoch: 86, Training Loss: 0.0404, Train MSE: 0.0404, r (train): 0.8022, Test MSE: 0.0378, r (test): 0.2384
Epoch: 87, Training Loss: 0.0631, Train MSE: 0.0631, r (train): 0.7988, Test MSE: 0.0361, r (test): 0.2457
Epoch: 88, Training Loss: 0.0445, Train MSE: 0.0445, r (train): 0.7654, Test MSE: 0.1080, r (test): 0.2319
Epoch: 89, Training Loss: 0.0357, Train MSE: 0.0357, r (train): 0.7802, Test MSE: 0.0620, r (test): 0.2544
Epoch: 90, Training Loss: 0.0836, Train MSE: 0.0836, r (train): 0.7350, Test MSE: 0.1893, r (test): 0.1798
Epoch: 91, Training Loss: 0.0410, Train MSE: 0.0410, r (train): 0.7828, Test MSE: 0.0278, r (test): 0.3171
Epoch: 92, Training Loss: 0.0262, Train MSE: 0.0262, r (train): 0.8249, Test MSE: 0.0508, r (test): 0.3023
Epoch: 93, Training Loss: 0.0315, Train MSE: 0.0315, r (train): 0.7978, Test MSE: 0.0770, r (test): 0.2109
Epoch: 94, Training Loss: 0.1101, Train MSE: 0.1101, r (train): 0.7658, Test MSE: 0.0528, r (test): 0.2751
Epoch: 95, Training Loss: 0.0506, Train MSE: 0.0506, r (train): 0.7454, Test MSE: 0.1241, r (test): 0.2061
Epoch: 96, Training Loss: 0.0568, Train MSE: 0.0568, r (train): 0.7679, Test MSE: 0.1405, r (test): 0.2083
Epoch: 97, Training Loss: 0.0449, Train MSE: 0.0449, r (train): 0.7887, Test MSE: 0.1198, r (test): 0.2105
Epoch: 98, Training Loss: 0.0365, Train MSE: 0.0365, r (train): 0.8023, Test MSE: 0.0323, r (test): 0.2754
Epoch: 99, Training Loss: 0.0989, Train MSE: 0.0989, r (train): 0.7573, Test MSE: 0.0486, r (test): 0.2398
Predicted tensors for training set: 
tensor([0.7647, 0.3954, 0.8980, 0.8695, 1.0917, 0.5334, 1.0429, 0.2726, 0.3468,
        0.5191, 0.7880, 1.2595, 0.6135, 1.2757, 0.7912, 0.7621, 0.6232, 0.9795,
        0.6567, 1.2040, 0.6715, 0.3462, 0.6430, 0.9808, 1.0499, 0.7192, 0.8518,
        0.8098, 0.8604, 0.9747, 0.6516, 0.8227, 0.9452, 0.4134, 0.6344, 0.6814,
        0.6964, 0.9447, 0.6430, 0.8692, 0.6280, 1.0427, 1.1560, 0.3748, 0.6713,
        0.9188, 0.8489, 0.9984, 0.8227, 0.4076, 0.8300, 0.8999, 1.2033, 0.6285,
        0.6781, 0.5930, 0.6847, 0.7412, 0.7891, 1.0575, 0.9571, 0.6408, 0.8762,
        0.6821, 1.1874, 0.6409, 0.9023, 0.4397, 0.7588, 0.6556, 0.4543, 0.8611])
Target tensorsfor training set: 
tensor([0.5779, 0.2394, 0.8363, 0.7462, 0.7791, 0.2649, 0.7596, 0.0246, 0.0478,
        0.1294, 0.3309, 0.9117, 0.1493, 0.8411, 0.2169, 0.3453, 0.0389, 0.4526,
        0.2271, 0.9150, 0.5300, 0.1295, 0.5178, 0.8561, 0.9535, 0.5573, 0.7507,
        0.7270, 0.6992, 0.8728, 0.4818, 0.5783, 0.9492, 0.3174, 0.5187, 0.6465,
        0.4513, 0.7371, 0.3077, 0.5220, 0.4036, 0.9072, 0.9656, 0.1055, 0.0763,
        0.2594, 0.2255, 0.4373, 0.7171, 0.2464, 0.7497, 0.8988, 0.4993, 0.0981,
        0.1360, 0.0636, 0.5023, 0.4440, 0.6576, 0.8453, 0.7950, 0.4640, 0.7125,
        0.4149, 0.9127, 0.3829, 0.6595, 0.1218, 0.8524, 0.7372, 0.5102, 0.9215])
Correlation for training set: 0.7573215631290389
Predicted tensors for test set: 
tensor([1.0267, 0.8318, 0.7597, 0.7726, 0.7730, 0.6275, 0.7721, 0.5845, 0.5241,
        0.7762, 0.8452, 0.9033, 0.9140, 0.8531, 0.8815, 0.7258, 0.8326, 0.6606])
Target tensorsfor test set: 
tensor([0.9621, 0.4654, 0.6846, 0.4341, 0.5564, 0.2916, 0.8556, 0.8391, 0.6577,
        0.7901, 0.5780, 0.8418, 0.5719, 0.7144, 0.5658, 0.6240, 0.6199, 0.6671])
Correlation for test set: 0.23979527943437717
18 5
Fold 3
Epoch: 00, Training Loss: 0.0766, Train MSE: 0.0766, r (train): -0.3169, Test MSE: 0.0743, r (test): -0.0841
Epoch: 01, Training Loss: 0.1013, Train MSE: 0.1013, r (train): -0.2873, Test MSE: 0.1207, r (test): -0.1192
Epoch: 02, Training Loss: 0.1825, Train MSE: 0.1825, r (train): 0.1071, Test MSE: 0.2322, r (test): 0.0936
Epoch: 03, Training Loss: 0.2505, Train MSE: 0.2505, r (train): 0.6854, Test MSE: 0.3258, r (test): 0.2074
Epoch: 04, Training Loss: 0.2484, Train MSE: 0.2484, r (train): 0.7484, Test MSE: 0.2024, r (test): 0.1825
Epoch: 05, Training Loss: 0.1216, Train MSE: 0.1216, r (train): 0.7275, Test MSE: 0.0939, r (test): 0.3575
Epoch: 06, Training Loss: 0.0355, Train MSE: 0.0355, r (train): 0.7478, Test MSE: 0.0824, r (test): -0.0000
Epoch: 07, Training Loss: 0.6362, Train MSE: 0.6362, r (train): 0.7900, Test MSE: 0.5185, r (test): 0.2927
Epoch: 08, Training Loss: 0.0880, Train MSE: 0.0880, r (train): 0.8142, Test MSE: 0.1095, r (test): 0.0583
Epoch: 09, Training Loss: 0.0336, Train MSE: 0.0336, r (train): 0.8133, Test MSE: 0.0629, r (test): 0.2662
Epoch: 10, Training Loss: 0.0597, Train MSE: 0.0597, r (train): 0.8239, Test MSE: 0.0767, r (test): 0.2111
Epoch: 11, Training Loss: 0.0326, Train MSE: 0.0326, r (train): 0.8062, Test MSE: 0.0931, r (test): 0.2034
Epoch: 12, Training Loss: 0.0330, Train MSE: 0.0330, r (train): 0.8087, Test MSE: 0.1027, r (test): 0.1402
Epoch: 13, Training Loss: 0.0330, Train MSE: 0.0330, r (train): 0.8086, Test MSE: 0.0898, r (test): 0.1616
Epoch: 14, Training Loss: 0.0278, Train MSE: 0.0278, r (train): 0.7953, Test MSE: 0.0627, r (test): 0.3375
Epoch: 15, Training Loss: 0.0290, Train MSE: 0.0290, r (train): 0.8016, Test MSE: 0.0730, r (test): 0.2542
Epoch: 16, Training Loss: 0.0672, Train MSE: 0.0672, r (train): 0.7445, Test MSE: 0.1450, r (test): 0.0971
Epoch: 17, Training Loss: 0.0387, Train MSE: 0.0387, r (train): 0.7757, Test MSE: 0.0989, r (test): 0.2735
Epoch: 18, Training Loss: 0.0286, Train MSE: 0.0286, r (train): 0.7942, Test MSE: 0.0628, r (test): 0.2666
Epoch: 19, Training Loss: 0.0535, Train MSE: 0.0535, r (train): 0.7904, Test MSE: 0.1246, r (test): 0.2984
Epoch: 20, Training Loss: 0.0755, Train MSE: 0.0755, r (train): 0.7781, Test MSE: 0.0676, r (test): 0.2905
Epoch: 21, Training Loss: 0.1009, Train MSE: 0.1009, r (train): 0.8220, Test MSE: 0.0876, r (test): 0.2820
Epoch: 22, Training Loss: 0.0357, Train MSE: 0.0357, r (train): 0.7729, Test MSE: 0.0920, r (test): 0.3463
Epoch: 23, Training Loss: 0.0710, Train MSE: 0.0710, r (train): 0.7240, Test MSE: 0.1512, r (test): 0.2306
Epoch: 24, Training Loss: 0.1952, Train MSE: 0.1952, r (train): 0.7764, Test MSE: 0.1187, r (test): 0.2136
Epoch: 25, Training Loss: 0.1051, Train MSE: 0.1051, r (train): 0.6774, Test MSE: 0.1740, r (test): 0.1933
Epoch: 26, Training Loss: 0.0466, Train MSE: 0.0466, r (train): 0.7893, Test MSE: 0.1033, r (test): 0.4435
Epoch: 27, Training Loss: 0.0307, Train MSE: 0.0307, r (train): 0.8049, Test MSE: 0.0713, r (test): 0.2815
Epoch: 28, Training Loss: 0.1385, Train MSE: 0.1385, r (train): 0.7869, Test MSE: 0.0989, r (test): 0.3821
Epoch: 29, Training Loss: 0.1603, Train MSE: 0.1603, r (train): 0.6750, Test MSE: 0.2294, r (test): 0.1644
Epoch: 30, Training Loss: 0.5119, Train MSE: 0.5119, r (train): 0.7829, Test MSE: 0.3008, r (test): 0.2857
Epoch: 31, Training Loss: 0.0955, Train MSE: 0.0955, r (train): 0.6492, Test MSE: 0.1660, r (test): 0.1110
Epoch: 32, Training Loss: 0.0611, Train MSE: 0.0611, r (train): 0.7808, Test MSE: 0.0684, r (test): 0.2124
Epoch: 33, Training Loss: 0.0875, Train MSE: 0.0875, r (train): 0.8080, Test MSE: 0.0765, r (test): 0.3817
Epoch: 34, Training Loss: 0.1222, Train MSE: 0.1222, r (train): 0.6313, Test MSE: 0.1824, r (test): 0.1617
Epoch: 35, Training Loss: 1.3786, Train MSE: 1.3786, r (train): 0.7992, Test MSE: 1.0690, r (test): 0.2955
Epoch: 36, Training Loss: 0.0574, Train MSE: 0.0574, r (train): 0.6804, Test MSE: 0.1156, r (test): 0.2639
Epoch: 37, Training Loss: 0.0487, Train MSE: 0.0487, r (train): 0.7219, Test MSE: 0.1083, r (test): 0.2629
Epoch: 38, Training Loss: 0.0423, Train MSE: 0.0423, r (train): 0.7385, Test MSE: 0.0875, r (test): 0.3198
Epoch: 39, Training Loss: 0.0280, Train MSE: 0.0280, r (train): 0.8025, Test MSE: 0.0600, r (test): 0.3575
Epoch: 40, Training Loss: 0.0687, Train MSE: 0.0687, r (train): 0.7473, Test MSE: 0.1557, r (test): 0.3153
Epoch: 41, Training Loss: 0.0439, Train MSE: 0.0439, r (train): 0.7965, Test MSE: 0.0573, r (test): 0.3152
Epoch: 42, Training Loss: 0.0392, Train MSE: 0.0392, r (train): 0.7906, Test MSE: 0.0591, r (test): 0.3288
Epoch: 43, Training Loss: 0.0377, Train MSE: 0.0377, r (train): 0.7522, Test MSE: 0.0899, r (test): 0.2957
Epoch: 44, Training Loss: 0.0313, Train MSE: 0.0313, r (train): 0.7803, Test MSE: 0.0624, r (test): 0.3057
Epoch: 45, Training Loss: 0.0267, Train MSE: 0.0267, r (train): 0.8119, Test MSE: 0.0711, r (test): 0.3363
Epoch: 46, Training Loss: 0.0303, Train MSE: 0.0303, r (train): 0.7899, Test MSE: 0.0771, r (test): 0.3482
Epoch: 47, Training Loss: 0.0328, Train MSE: 0.0328, r (train): 0.7677, Test MSE: 0.0786, r (test): 0.2947
Epoch: 48, Training Loss: 0.0330, Train MSE: 0.0330, r (train): 0.7602, Test MSE: 0.0745, r (test): 0.2488
Epoch: 49, Training Loss: 0.0308, Train MSE: 0.0308, r (train): 0.7774, Test MSE: 0.0646, r (test): 0.2894
Epoch: 50, Training Loss: 0.0302, Train MSE: 0.0302, r (train): 0.8214, Test MSE: 0.0655, r (test): 0.3194
Epoch: 51, Training Loss: 0.0336, Train MSE: 0.0336, r (train): 0.7769, Test MSE: 0.0842, r (test): 0.3422
Epoch: 52, Training Loss: 0.0350, Train MSE: 0.0350, r (train): 0.7643, Test MSE: 0.0858, r (test): 0.2831
Epoch: 53, Training Loss: 0.0319, Train MSE: 0.0319, r (train): 0.7710, Test MSE: 0.0667, r (test): 0.2600
Epoch: 54, Training Loss: 0.0317, Train MSE: 0.0317, r (train): 0.7967, Test MSE: 0.0601, r (test): 0.3135
Epoch: 55, Training Loss: 0.0290, Train MSE: 0.0290, r (train): 0.8048, Test MSE: 0.0742, r (test): 0.3179
Epoch: 56, Training Loss: 0.0333, Train MSE: 0.0333, r (train): 0.7768, Test MSE: 0.0842, r (test): 0.3068
Epoch: 57, Training Loss: 0.0318, Train MSE: 0.0318, r (train): 0.7702, Test MSE: 0.0760, r (test): 0.2769
Epoch: 58, Training Loss: 0.0309, Train MSE: 0.0309, r (train): 0.7770, Test MSE: 0.0658, r (test): 0.2937
Epoch: 59, Training Loss: 0.0294, Train MSE: 0.0294, r (train): 0.7986, Test MSE: 0.0692, r (test): 0.3240
Epoch: 60, Training Loss: 0.0306, Train MSE: 0.0306, r (train): 0.7894, Test MSE: 0.0757, r (test): 0.3131
Epoch: 61, Training Loss: 0.0308, Train MSE: 0.0308, r (train): 0.7805, Test MSE: 0.0774, r (test): 0.2852
Epoch: 62, Training Loss: 0.0305, Train MSE: 0.0305, r (train): 0.7778, Test MSE: 0.0727, r (test): 0.2837
Epoch: 63, Training Loss: 0.0305, Train MSE: 0.0305, r (train): 0.7814, Test MSE: 0.0714, r (test): 0.3074
Epoch: 64, Training Loss: 0.0308, Train MSE: 0.0308, r (train): 0.7924, Test MSE: 0.0681, r (test): 0.3194
Epoch: 65, Training Loss: 0.0307, Train MSE: 0.0307, r (train): 0.7898, Test MSE: 0.0712, r (test): 0.3052
Epoch: 66, Training Loss: 0.0326, Train MSE: 0.0326, r (train): 0.7767, Test MSE: 0.0839, r (test): 0.2819
Epoch: 67, Training Loss: 0.0321, Train MSE: 0.0321, r (train): 0.7715, Test MSE: 0.0792, r (test): 0.2839
Epoch: 68, Training Loss: 0.0308, Train MSE: 0.0308, r (train): 0.7873, Test MSE: 0.0641, r (test): 0.3118
Epoch: 69, Training Loss: 0.0307, Train MSE: 0.0307, r (train): 0.7878, Test MSE: 0.0689, r (test): 0.3282
Epoch: 70, Training Loss: 0.0331, Train MSE: 0.0331, r (train): 0.7826, Test MSE: 0.0798, r (test): 0.3034
Epoch: 71, Training Loss: 0.0353, Train MSE: 0.0353, r (train): 0.7618, Test MSE: 0.0877, r (test): 0.2697
Epoch: 72, Training Loss: 0.0309, Train MSE: 0.0309, r (train): 0.7838, Test MSE: 0.0625, r (test): 0.2925
Epoch: 73, Training Loss: 0.0320, Train MSE: 0.0320, r (train): 0.7741, Test MSE: 0.0776, r (test): 0.3475
Epoch: 74, Training Loss: 0.0353, Train MSE: 0.0353, r (train): 0.7809, Test MSE: 0.0844, r (test): 0.3196
Epoch: 75, Training Loss: 0.0340, Train MSE: 0.0340, r (train): 0.7882, Test MSE: 0.0630, r (test): 0.2872
Epoch: 76, Training Loss: 0.0300, Train MSE: 0.0300, r (train): 0.7938, Test MSE: 0.0618, r (test): 0.2900
Epoch: 77, Training Loss: 0.0365, Train MSE: 0.0365, r (train): 0.7635, Test MSE: 0.0907, r (test): 0.3209
Epoch: 78, Training Loss: 0.0353, Train MSE: 0.0353, r (train): 0.7661, Test MSE: 0.0878, r (test): 0.3007
Epoch: 79, Training Loss: 0.0413, Train MSE: 0.0413, r (train): 0.8012, Test MSE: 0.0583, r (test): 0.3232
Epoch: 80, Training Loss: 0.0338, Train MSE: 0.0338, r (train): 0.7671, Test MSE: 0.0830, r (test): 0.3341
Epoch: 81, Training Loss: 0.0337, Train MSE: 0.0337, r (train): 0.7835, Test MSE: 0.0787, r (test): 0.3035
Epoch: 82, Training Loss: 0.0344, Train MSE: 0.0344, r (train): 0.7612, Test MSE: 0.0849, r (test): 0.2690
Epoch: 83, Training Loss: 0.0315, Train MSE: 0.0315, r (train): 0.7963, Test MSE: 0.0595, r (test): 0.3051
Epoch: 84, Training Loss: 0.0405, Train MSE: 0.0405, r (train): 0.7570, Test MSE: 0.1011, r (test): 0.3333
Epoch: 85, Training Loss: 0.0387, Train MSE: 0.0387, r (train): 0.7960, Test MSE: 0.0625, r (test): 0.3397
Epoch: 86, Training Loss: 0.0311, Train MSE: 0.0311, r (train): 0.7777, Test MSE: 0.0705, r (test): 0.3038
Epoch: 87, Training Loss: 0.0315, Train MSE: 0.0315, r (train): 0.7904, Test MSE: 0.0707, r (test): 0.2838
Epoch: 88, Training Loss: 0.0483, Train MSE: 0.0483, r (train): 0.7431, Test MSE: 0.1138, r (test): 0.2671
Epoch: 89, Training Loss: 0.0329, Train MSE: 0.0329, r (train): 0.7957, Test MSE: 0.0603, r (test): 0.2934
Epoch: 90, Training Loss: 0.0291, Train MSE: 0.0291, r (train): 0.7867, Test MSE: 0.0675, r (test): 0.3605
Epoch: 91, Training Loss: 0.0462, Train MSE: 0.0462, r (train): 0.7207, Test MSE: 0.1069, r (test): 0.3218
Epoch: 92, Training Loss: 0.0468, Train MSE: 0.0468, r (train): 0.7978, Test MSE: 0.0631, r (test): 0.3105
Epoch: 93, Training Loss: 0.0341, Train MSE: 0.0341, r (train): 0.7505, Test MSE: 0.0798, r (test): 0.2510
Epoch: 94, Training Loss: 0.0300, Train MSE: 0.0300, r (train): 0.7853, Test MSE: 0.0627, r (test): 0.2778
Epoch: 95, Training Loss: 0.0553, Train MSE: 0.0553, r (train): 0.7614, Test MSE: 0.1317, r (test): 0.3039
Epoch: 96, Training Loss: 0.0358, Train MSE: 0.0358, r (train): 0.7967, Test MSE: 0.0618, r (test): 0.3262
Epoch: 97, Training Loss: 0.0362, Train MSE: 0.0362, r (train): 0.7483, Test MSE: 0.0861, r (test): 0.3089
Epoch: 98, Training Loss: 0.0472, Train MSE: 0.0472, r (train): 0.8027, Test MSE: 0.0609, r (test): 0.3052
Epoch: 99, Training Loss: 0.0476, Train MSE: 0.0476, r (train): 0.7460, Test MSE: 0.1132, r (test): 0.2801
Predicted tensors for training set: 
tensor([0.3818, 0.0600, 0.5325, 0.4212, 0.8026, 0.2881, 0.7723, 0.0964, 0.0412,
        0.1187, 0.3276, 1.1349, 0.1787, 1.0153, 0.2260, 0.3403, 0.0277, 0.3335,
        0.9693, 0.3953, 0.5517, 0.3255, 0.4245, 0.1950, 0.3465, 0.3082, 0.1565,
        0.2812, 0.4227, 0.6682, 0.3744, 0.5413, 0.4521, 0.4900, 0.4687, 0.5375,
        0.3184, 0.5832, 0.2179, 0.3449, 0.2707, 0.6992, 0.7367, 0.0491, 0.2292,
        0.4804, 0.3542, 0.6334, 0.3670, 0.0603, 0.4426, 0.5802, 0.9342, 0.1948,
        0.2756, 0.2016, 0.3684, 0.2407, 0.4554, 0.5532, 0.4814, 0.3034, 0.3557,
        0.1492, 0.8082, 0.3669, 0.6439, 0.1461, 0.5371, 0.5289, 0.3432, 0.5417])
Target tensorsfor training set: 
tensor([0.5779, 0.2394, 0.8363, 0.7462, 0.7791, 0.2649, 0.7596, 0.0246, 0.0478,
        0.1294, 0.3309, 0.9117, 0.1493, 0.8411, 0.2169, 0.3453, 0.0389, 0.4526,
        0.9621, 0.4654, 0.6846, 0.4341, 0.5564, 0.2916, 0.8556, 0.8391, 0.6577,
        0.7901, 0.5780, 0.8418, 0.5719, 0.7144, 0.5658, 0.6240, 0.6199, 0.6671,
        0.4513, 0.7371, 0.3077, 0.5220, 0.4036, 0.9072, 0.9656, 0.1055, 0.0763,
        0.2594, 0.2255, 0.4373, 0.7171, 0.2464, 0.7497, 0.8988, 0.4993, 0.0981,
        0.1360, 0.0636, 0.5023, 0.4440, 0.6576, 0.8453, 0.7950, 0.4640, 0.7125,
        0.4149, 0.9127, 0.3829, 0.6595, 0.1218, 0.8524, 0.7372, 0.5102, 0.9215])
Correlation for training set: 0.7460165116056134
Predicted tensors for test set: 
tensor([0.2969, 0.5493, 0.5857, 0.2229, 0.2538, 0.3923, 0.4702, 0.4150, 0.4958,
        0.3376, 0.2875, 0.5628, 0.1488, 0.4534, 0.2736, 0.6327, 0.2406, 0.3202])
Target tensorsfor test set: 
tensor([0.2271, 0.9150, 0.5300, 0.1295, 0.5178, 0.8561, 0.9535, 0.5573, 0.7507,
        0.7270, 0.6992, 0.8728, 0.4818, 0.5783, 0.9492, 0.3174, 0.5187, 0.6465])
Correlation for test set: 0.28011797671259037
18 5
Fold 4
Epoch: 00, Training Loss: 0.0687, Train MSE: 0.0687, r (train): -0.2634, Test MSE: 0.0874, r (test): -0.0011
Epoch: 01, Training Loss: 0.1107, Train MSE: 0.1107, r (train): -0.3434, Test MSE: 0.0936, r (test): 0.0372
Epoch: 02, Training Loss: 0.2647, Train MSE: 0.2647, r (train): 0.0613, Test MSE: 0.2057, r (test): 0.1144
Epoch: 03, Training Loss: 0.2843, Train MSE: 0.2843, r (train): 0.6873, Test MSE: 0.2388, r (test): 0.0620
Epoch: 04, Training Loss: 0.0286, Train MSE: 0.0286, r (train): 0.7886, Test MSE: 0.1020, r (test): 0.0135
Epoch: 05, Training Loss: 0.0892, Train MSE: 0.0892, r (train): 0.7152, Test MSE: 0.1679, r (test): 0.1128
Epoch: 06, Training Loss: 0.1849, Train MSE: 0.1849, r (train): 0.7791, Test MSE: 0.3408, r (test): 0.0263
Epoch: 07, Training Loss: 0.3392, Train MSE: 0.3392, r (train): 0.7496, Test MSE: 0.5105, r (test): -0.1489
Epoch: 08, Training Loss: 0.3032, Train MSE: 0.3032, r (train): 0.7742, Test MSE: 0.3795, r (test): 0.1106
Epoch: 09, Training Loss: 0.0312, Train MSE: 0.0312, r (train): 0.7611, Test MSE: 0.1099, r (test): -0.0655
Epoch: 10, Training Loss: 0.0860, Train MSE: 0.0860, r (train): 0.7597, Test MSE: 0.1167, r (test): 0.1157
Epoch: 11, Training Loss: 0.0263, Train MSE: 0.0263, r (train): 0.7922, Test MSE: 0.1012, r (test): -0.0067
Epoch: 12, Training Loss: 0.0809, Train MSE: 0.0809, r (train): 0.7811, Test MSE: 0.1750, r (test): 0.0654
Epoch: 13, Training Loss: 0.0371, Train MSE: 0.0371, r (train): 0.7325, Test MSE: 0.0905, r (test): 0.0762
Epoch: 14, Training Loss: 0.0332, Train MSE: 0.0332, r (train): 0.7779, Test MSE: 0.0961, r (test): 0.0750
Epoch: 15, Training Loss: 0.0289, Train MSE: 0.0289, r (train): 0.7702, Test MSE: 0.0941, r (test): 0.0562
Epoch: 16, Training Loss: 0.0235, Train MSE: 0.0235, r (train): 0.8166, Test MSE: 0.1008, r (test): 0.0318
Epoch: 17, Training Loss: 0.0404, Train MSE: 0.0404, r (train): 0.8238, Test MSE: 0.1302, r (test): 0.0317
Epoch: 18, Training Loss: 0.1121, Train MSE: 0.1121, r (train): 0.6917, Test MSE: 0.1313, r (test): 0.0794
Epoch: 19, Training Loss: 0.0454, Train MSE: 0.0454, r (train): 0.8326, Test MSE: 0.1313, r (test): 0.0442
Epoch: 20, Training Loss: 0.0265, Train MSE: 0.0265, r (train): 0.8405, Test MSE: 0.1087, r (test): 0.0613
Epoch: 21, Training Loss: 0.0264, Train MSE: 0.0264, r (train): 0.8377, Test MSE: 0.0955, r (test): 0.0235
Epoch: 22, Training Loss: 0.0204, Train MSE: 0.0204, r (train): 0.8752, Test MSE: 0.0983, r (test): 0.0531
Epoch: 23, Training Loss: 0.0328, Train MSE: 0.0328, r (train): 0.8539, Test MSE: 0.1258, r (test): -0.0325
Epoch: 24, Training Loss: 0.0286, Train MSE: 0.0286, r (train): 0.8468, Test MSE: 0.0924, r (test): 0.0367
Epoch: 25, Training Loss: 0.0620, Train MSE: 0.0620, r (train): 0.8316, Test MSE: 0.1519, r (test): 0.0234
Epoch: 26, Training Loss: 0.0346, Train MSE: 0.0346, r (train): 0.7733, Test MSE: 0.0924, r (test): 0.0857
Epoch: 27, Training Loss: 0.0524, Train MSE: 0.0524, r (train): 0.7835, Test MSE: 0.1039, r (test): 0.1383
Epoch: 28, Training Loss: 0.0822, Train MSE: 0.0822, r (train): 0.6822, Test MSE: 0.1218, r (test): 0.1249
Epoch: 29, Training Loss: 0.0279, Train MSE: 0.0279, r (train): 0.7996, Test MSE: 0.0971, r (test): -0.0192
Epoch: 30, Training Loss: 0.0355, Train MSE: 0.0355, r (train): 0.7624, Test MSE: 0.0879, r (test): 0.0778
Epoch: 31, Training Loss: 0.3585, Train MSE: 0.3585, r (train): 0.8060, Test MSE: 0.4060, r (test): 0.0960
Epoch: 32, Training Loss: 0.0434, Train MSE: 0.0434, r (train): 0.7440, Test MSE: 0.0966, r (test): 0.1048
Epoch: 33, Training Loss: 0.0262, Train MSE: 0.0262, r (train): 0.7929, Test MSE: 0.0903, r (test): 0.0910
Epoch: 34, Training Loss: 0.0290, Train MSE: 0.0290, r (train): 0.7845, Test MSE: 0.0875, r (test): 0.1319
Epoch: 35, Training Loss: 0.0651, Train MSE: 0.0651, r (train): 0.7265, Test MSE: 0.1069, r (test): 0.2071
Epoch: 36, Training Loss: 0.0534, Train MSE: 0.0534, r (train): 0.7848, Test MSE: 0.1006, r (test): 0.1812
Epoch: 37, Training Loss: 0.0316, Train MSE: 0.0316, r (train): 0.7869, Test MSE: 0.0895, r (test): 0.1386
Epoch: 38, Training Loss: 0.0260, Train MSE: 0.0260, r (train): 0.8008, Test MSE: 0.0922, r (test): 0.0520
Epoch: 39, Training Loss: 0.0251, Train MSE: 0.0251, r (train): 0.8100, Test MSE: 0.0989, r (test): 0.0458
Epoch: 40, Training Loss: 0.0369, Train MSE: 0.0369, r (train): 0.8112, Test MSE: 0.1142, r (test): 0.0917
Epoch: 41, Training Loss: 0.0962, Train MSE: 0.0962, r (train): 0.6921, Test MSE: 0.1257, r (test): 0.1720
Epoch: 42, Training Loss: 0.0715, Train MSE: 0.0715, r (train): 0.8008, Test MSE: 0.1307, r (test): 0.1247
Epoch: 43, Training Loss: 0.0330, Train MSE: 0.0330, r (train): 0.8021, Test MSE: 0.0998, r (test): 0.0924
Epoch: 44, Training Loss: 0.0285, Train MSE: 0.0285, r (train): 0.8105, Test MSE: 0.1061, r (test): 0.0325
Epoch: 45, Training Loss: 0.0266, Train MSE: 0.0266, r (train): 0.8102, Test MSE: 0.1025, r (test): 0.0471
Epoch: 46, Training Loss: 0.0891, Train MSE: 0.0891, r (train): 0.7404, Test MSE: 0.1090, r (test): 0.1729
Epoch: 47, Training Loss: 0.1470, Train MSE: 0.1470, r (train): 0.8026, Test MSE: 0.2038, r (test): 0.1147
Epoch: 48, Training Loss: 0.0355, Train MSE: 0.0355, r (train): 0.7548, Test MSE: 0.0882, r (test): 0.1605
Epoch: 49, Training Loss: 0.0282, Train MSE: 0.0282, r (train): 0.8235, Test MSE: 0.1097, r (test): 0.0531
Epoch: 50, Training Loss: 0.0232, Train MSE: 0.0232, r (train): 0.8198, Test MSE: 0.0933, r (test): 0.0923
Epoch: 51, Training Loss: 0.0234, Train MSE: 0.0234, r (train): 0.8241, Test MSE: 0.0968, r (test): 0.0743
Epoch: 52, Training Loss: 0.0235, Train MSE: 0.0235, r (train): 0.8182, Test MSE: 0.0905, r (test): 0.1060
Epoch: 53, Training Loss: 0.0672, Train MSE: 0.0672, r (train): 0.7529, Test MSE: 0.1150, r (test): 0.1733
Epoch: 54, Training Loss: 0.0278, Train MSE: 0.0278, r (train): 0.8046, Test MSE: 0.0888, r (test): 0.1349
Epoch: 55, Training Loss: 0.0412, Train MSE: 0.0412, r (train): 0.8308, Test MSE: 0.1321, r (test): 0.0083
Epoch: 56, Training Loss: 0.0538, Train MSE: 0.0538, r (train): 0.8295, Test MSE: 0.1379, r (test): 0.0602
Epoch: 57, Training Loss: 0.1064, Train MSE: 0.1064, r (train): 0.7049, Test MSE: 0.1374, r (test): 0.1900
Epoch: 58, Training Loss: 0.0316, Train MSE: 0.0316, r (train): 0.7763, Test MSE: 0.0854, r (test): 0.1726
Epoch: 59, Training Loss: 0.0468, Train MSE: 0.0468, r (train): 0.8210, Test MSE: 0.1266, r (test): 0.0746
Epoch: 60, Training Loss: 0.0296, Train MSE: 0.0296, r (train): 0.8047, Test MSE: 0.0987, r (test): 0.0825
Epoch: 61, Training Loss: 0.0295, Train MSE: 0.0295, r (train): 0.7952, Test MSE: 0.0935, r (test): 0.1090
Epoch: 62, Training Loss: 0.0279, Train MSE: 0.0279, r (train): 0.7907, Test MSE: 0.0896, r (test): 0.1144
Epoch: 63, Training Loss: 0.0280, Train MSE: 0.0280, r (train): 0.7951, Test MSE: 0.0891, r (test): 0.1228
Epoch: 64, Training Loss: 0.0267, Train MSE: 0.0267, r (train): 0.8024, Test MSE: 0.0899, r (test): 0.1166
Epoch: 65, Training Loss: 0.0310, Train MSE: 0.0310, r (train): 0.8124, Test MSE: 0.1027, r (test): 0.0825
Epoch: 66, Training Loss: 0.0282, Train MSE: 0.0282, r (train): 0.8027, Test MSE: 0.0953, r (test): 0.0943
Epoch: 67, Training Loss: 0.0320, Train MSE: 0.0320, r (train): 0.7800, Test MSE: 0.0905, r (test): 0.1287
Epoch: 68, Training Loss: 0.0348, Train MSE: 0.0348, r (train): 0.7796, Test MSE: 0.0911, r (test): 0.1414
Epoch: 69, Training Loss: 0.0254, Train MSE: 0.0254, r (train): 0.8118, Test MSE: 0.0910, r (test): 0.1141
Epoch: 70, Training Loss: 0.0357, Train MSE: 0.0357, r (train): 0.8173, Test MSE: 0.1105, r (test): 0.0771
Epoch: 71, Training Loss: 0.0310, Train MSE: 0.0310, r (train): 0.8047, Test MSE: 0.0985, r (test): 0.0995
Epoch: 72, Training Loss: 0.0307, Train MSE: 0.0307, r (train): 0.7813, Test MSE: 0.0896, r (test): 0.1287
Epoch: 73, Training Loss: 0.0357, Train MSE: 0.0357, r (train): 0.7769, Test MSE: 0.0914, r (test): 0.1437
Epoch: 74, Training Loss: 0.0257, Train MSE: 0.0257, r (train): 0.8071, Test MSE: 0.0882, r (test): 0.1269
Epoch: 75, Training Loss: 0.0319, Train MSE: 0.0319, r (train): 0.8180, Test MSE: 0.1048, r (test): 0.0874
Epoch: 76, Training Loss: 0.0373, Train MSE: 0.0373, r (train): 0.8119, Test MSE: 0.1095, r (test): 0.0879
Epoch: 77, Training Loss: 0.0294, Train MSE: 0.0294, r (train): 0.7863, Test MSE: 0.0893, r (test): 0.1297
Epoch: 78, Training Loss: 0.0432, Train MSE: 0.0432, r (train): 0.7618, Test MSE: 0.0960, r (test): 0.1530
Epoch: 79, Training Loss: 0.0278, Train MSE: 0.0278, r (train): 0.8012, Test MSE: 0.0878, r (test): 0.1368
Epoch: 80, Training Loss: 0.0287, Train MSE: 0.0287, r (train): 0.8207, Test MSE: 0.1019, r (test): 0.0881
Epoch: 81, Training Loss: 0.0556, Train MSE: 0.0556, r (train): 0.8170, Test MSE: 0.1346, r (test): 0.0761
Epoch: 82, Training Loss: 0.0293, Train MSE: 0.0293, r (train): 0.7924, Test MSE: 0.0910, r (test): 0.1271
Epoch: 83, Training Loss: 0.0486, Train MSE: 0.0486, r (train): 0.7488, Test MSE: 0.0992, r (test): 0.1597
Epoch: 84, Training Loss: 0.0358, Train MSE: 0.0358, r (train): 0.7867, Test MSE: 0.0918, r (test): 0.1443
Epoch: 85, Training Loss: 0.0260, Train MSE: 0.0260, r (train): 0.8193, Test MSE: 0.0974, r (test): 0.0861
Epoch: 86, Training Loss: 0.0604, Train MSE: 0.0604, r (train): 0.8202, Test MSE: 0.1418, r (test): 0.0698
Epoch: 87, Training Loss: 0.0470, Train MSE: 0.0470, r (train): 0.8084, Test MSE: 0.1170, r (test): 0.1008
Epoch: 88, Training Loss: 0.0421, Train MSE: 0.0421, r (train): 0.7538, Test MSE: 0.0932, r (test): 0.1587
Epoch: 89, Training Loss: 0.0530, Train MSE: 0.0530, r (train): 0.7634, Test MSE: 0.1030, r (test): 0.1658
Epoch: 90, Training Loss: 0.0271, Train MSE: 0.0271, r (train): 0.8087, Test MSE: 0.0888, r (test): 0.1087
Epoch: 91, Training Loss: 0.0422, Train MSE: 0.0422, r (train): 0.8218, Test MSE: 0.1236, r (test): 0.0515
Epoch: 92, Training Loss: 0.1187, Train MSE: 0.1187, r (train): 0.8172, Test MSE: 0.1999, r (test): 0.0861
Epoch: 93, Training Loss: 0.0326, Train MSE: 0.0326, r (train): 0.7712, Test MSE: 0.0874, r (test): 0.1429
Epoch: 94, Training Loss: 0.0502, Train MSE: 0.0502, r (train): 0.7413, Test MSE: 0.0996, r (test): 0.1793
Epoch: 95, Training Loss: 0.0290, Train MSE: 0.0290, r (train): 0.7941, Test MSE: 0.0869, r (test): 0.1462
Epoch: 96, Training Loss: 0.0228, Train MSE: 0.0228, r (train): 0.8186, Test MSE: 0.0901, r (test): 0.0861
Epoch: 97, Training Loss: 0.0351, Train MSE: 0.0351, r (train): 0.8101, Test MSE: 0.1039, r (test): 0.1239
Epoch: 98, Training Loss: 0.0312, Train MSE: 0.0312, r (train): 0.8065, Test MSE: 0.0991, r (test): 0.1015
Epoch: 99, Training Loss: 0.0286, Train MSE: 0.0286, r (train): 0.7950, Test MSE: 0.0890, r (test): 0.1381
Predicted tensors for training set: 
tensor([0.5342, 0.2277, 0.7996, 0.6658, 1.0189, 0.3697, 0.9893, 0.1389, 0.1867,
        0.2676, 0.4842, 1.2635, 0.3417, 1.2496, 0.4120, 0.5583, 0.1313, 0.5675,
        1.2373, 0.5954, 0.6788, 0.4294, 0.5409, 0.2990, 0.5342, 0.5170, 0.3960,
        0.4707, 0.5908, 0.8249, 0.5884, 0.6971, 0.5291, 0.5808, 0.5643, 0.6073,
        0.3350, 1.0259, 0.6286, 0.2556, 0.3751, 0.6372, 0.6931, 0.3994, 0.6150,
        0.5913, 0.5688, 0.7077, 0.5457, 0.6458, 0.9898, 0.3775, 0.9631, 1.0975,
        0.3521, 0.2639, 0.5432, 0.5093, 0.7128, 0.8938, 0.8365, 0.5007, 0.7516,
        0.4417, 0.9849, 0.4186, 0.7115, 0.1871, 0.6639, 0.5677, 0.3693, 0.7361])
Target tensorsfor training set: 
tensor([0.5779, 0.2394, 0.8363, 0.7462, 0.7791, 0.2649, 0.7596, 0.0246, 0.0478,
        0.1294, 0.3309, 0.9117, 0.1493, 0.8411, 0.2169, 0.3453, 0.0389, 0.4526,
        0.9621, 0.4654, 0.6846, 0.4341, 0.5564, 0.2916, 0.8556, 0.8391, 0.6577,
        0.7901, 0.5780, 0.8418, 0.5719, 0.7144, 0.5658, 0.6240, 0.6199, 0.6671,
        0.2271, 0.9150, 0.5300, 0.1295, 0.5178, 0.8561, 0.9535, 0.5573, 0.7507,
        0.7270, 0.6992, 0.8728, 0.4818, 0.5783, 0.9492, 0.3174, 0.5187, 0.6465,
        0.1360, 0.0636, 0.5023, 0.4440, 0.6576, 0.8453, 0.7950, 0.4640, 0.7125,
        0.4149, 0.9127, 0.3829, 0.6595, 0.1218, 0.8524, 0.7372, 0.5102, 0.9215])
Correlation for training set: 0.794983370208381
Predicted tensors for test set: 
tensor([0.5790, 0.3823, 0.4889, 0.8637, 0.6771, 0.5113, 0.6420, 0.4019, 0.5558,
        0.3978, 0.4900, 0.6891, 0.3902, 0.4096, 0.5836, 0.4460, 0.3430, 0.4345])
Target tensorsfor test set: 
tensor([0.4513, 0.7371, 0.3077, 0.5220, 0.4036, 0.9072, 0.9656, 0.1055, 0.0763,
        0.2594, 0.2255, 0.4373, 0.7171, 0.2464, 0.7497, 0.8988, 0.4993, 0.0981])
Correlation for test set: 0.13813135607154942
18 5
Fold 5
Epoch: 00, Training Loss: 0.0772, Train MSE: 0.0772, r (train): -0.1302, Test MSE: 0.0768, r (test): -0.7735
Epoch: 01, Training Loss: 0.0759, Train MSE: 0.0759, r (train): -0.0864, Test MSE: 0.0732, r (test): -0.7232
Epoch: 02, Training Loss: 0.0778, Train MSE: 0.0778, r (train): 0.3341, Test MSE: 0.0814, r (test): -0.4613
Epoch: 03, Training Loss: 0.1096, Train MSE: 0.1096, r (train): 0.5946, Test MSE: 0.1215, r (test): 0.2750
Epoch: 04, Training Loss: 0.1308, Train MSE: 0.1308, r (train): 0.7313, Test MSE: 0.1816, r (test): 0.0281
Epoch: 05, Training Loss: 0.0371, Train MSE: 0.0371, r (train): 0.7275, Test MSE: 0.0738, r (test): 0.2489
Epoch: 06, Training Loss: 0.2264, Train MSE: 0.2264, r (train): 0.7409, Test MSE: 0.2188, r (test): 0.4498
Epoch: 07, Training Loss: 0.0662, Train MSE: 0.0662, r (train): 0.7224, Test MSE: 0.1251, r (test): 0.0287
Epoch: 08, Training Loss: 0.1203, Train MSE: 0.1203, r (train): 0.6589, Test MSE: 0.1620, r (test): -0.0543
Epoch: 09, Training Loss: 0.0329, Train MSE: 0.0329, r (train): 0.7449, Test MSE: 0.0854, r (test): -0.0240
Epoch: 10, Training Loss: 0.0940, Train MSE: 0.0940, r (train): 0.7683, Test MSE: 0.1114, r (test): 0.2646
Epoch: 11, Training Loss: 0.9409, Train MSE: 0.9409, r (train): 0.7685, Test MSE: 0.9062, r (test): 0.4202
Epoch: 12, Training Loss: 0.0479, Train MSE: 0.0479, r (train): 0.7452, Test MSE: 0.1193, r (test): -0.0533
Epoch: 13, Training Loss: 0.0429, Train MSE: 0.0429, r (train): 0.7596, Test MSE: 0.1118, r (test): 0.0004
Epoch: 14, Training Loss: 0.0297, Train MSE: 0.0297, r (train): 0.7810, Test MSE: 0.0958, r (test): -0.0365
Epoch: 15, Training Loss: 0.0330, Train MSE: 0.0330, r (train): 0.7519, Test MSE: 0.0991, r (test): -0.0794
Epoch: 16, Training Loss: 0.1063, Train MSE: 0.1063, r (train): 0.6738, Test MSE: 0.1613, r (test): -0.1416
Epoch: 17, Training Loss: 0.0769, Train MSE: 0.0769, r (train): 0.7242, Test MSE: 0.1499, r (test): -0.1841
Epoch: 18, Training Loss: 0.2484, Train MSE: 0.2484, r (train): 0.8121, Test MSE: 0.2595, r (test): 0.2438
Epoch: 19, Training Loss: 0.0632, Train MSE: 0.0632, r (train): 0.7529, Test MSE: 0.1485, r (test): -0.1461
Epoch: 20, Training Loss: 0.0406, Train MSE: 0.0406, r (train): 0.8180, Test MSE: 0.1141, r (test): -0.0013
Epoch: 21, Training Loss: 0.0264, Train MSE: 0.0264, r (train): 0.8132, Test MSE: 0.1068, r (test): -0.0661
Epoch: 22, Training Loss: 0.0549, Train MSE: 0.0549, r (train): 0.7992, Test MSE: 0.1155, r (test): -0.0096
Epoch: 23, Training Loss: 0.0347, Train MSE: 0.0347, r (train): 0.7488, Test MSE: 0.0894, r (test): -0.0008
Epoch: 24, Training Loss: 0.0850, Train MSE: 0.0850, r (train): 0.7086, Test MSE: 0.1622, r (test): -0.1889
Epoch: 25, Training Loss: 0.1188, Train MSE: 0.1188, r (train): 0.8191, Test MSE: 0.1694, r (test): 0.1384
Epoch: 26, Training Loss: 0.0750, Train MSE: 0.0750, r (train): 0.7271, Test MSE: 0.1709, r (test): -0.1703
Epoch: 27, Training Loss: 0.0270, Train MSE: 0.0270, r (train): 0.8218, Test MSE: 0.0966, r (test): 0.0433
Epoch: 28, Training Loss: 0.0295, Train MSE: 0.0295, r (train): 0.8150, Test MSE: 0.1005, r (test): -0.0432
Epoch: 29, Training Loss: 0.0265, Train MSE: 0.0265, r (train): 0.8021, Test MSE: 0.1035, r (test): -0.0913
Epoch: 30, Training Loss: 0.0638, Train MSE: 0.0638, r (train): 0.7243, Test MSE: 0.1515, r (test): -0.1553
Epoch: 31, Training Loss: 0.0387, Train MSE: 0.0387, r (train): 0.7744, Test MSE: 0.1266, r (test): -0.1126
Epoch: 32, Training Loss: 0.0278, Train MSE: 0.0278, r (train): 0.8366, Test MSE: 0.1027, r (test): -0.0048
Epoch: 33, Training Loss: 0.0253, Train MSE: 0.0253, r (train): 0.8259, Test MSE: 0.1114, r (test): -0.0844
Epoch: 34, Training Loss: 0.0318, Train MSE: 0.0318, r (train): 0.8211, Test MSE: 0.1167, r (test): -0.0525
Epoch: 35, Training Loss: 0.0439, Train MSE: 0.0439, r (train): 0.7725, Test MSE: 0.1364, r (test): -0.1378
Epoch: 36, Training Loss: 0.0241, Train MSE: 0.0241, r (train): 0.8312, Test MSE: 0.1090, r (test): -0.0454
Epoch: 37, Training Loss: 0.0273, Train MSE: 0.0273, r (train): 0.8379, Test MSE: 0.1099, r (test): -0.0489
Epoch: 38, Training Loss: 0.0268, Train MSE: 0.0268, r (train): 0.8275, Test MSE: 0.1143, r (test): -0.0807
Epoch: 39, Training Loss: 0.0378, Train MSE: 0.0378, r (train): 0.8241, Test MSE: 0.1208, r (test): -0.0254
Epoch: 40, Training Loss: 0.0710, Train MSE: 0.0710, r (train): 0.7480, Test MSE: 0.1694, r (test): -0.2046
Epoch: 41, Training Loss: 0.0371, Train MSE: 0.0371, r (train): 0.8465, Test MSE: 0.1081, r (test): 0.0508
Epoch: 42, Training Loss: 0.0275, Train MSE: 0.0275, r (train): 0.8176, Test MSE: 0.1183, r (test): -0.1517
Epoch: 43, Training Loss: 0.0576, Train MSE: 0.0576, r (train): 0.8476, Test MSE: 0.1339, r (test): 0.0467
Epoch: 44, Training Loss: 0.0477, Train MSE: 0.0477, r (train): 0.7694, Test MSE: 0.1410, r (test): -0.1809
Epoch: 45, Training Loss: 0.0280, Train MSE: 0.0280, r (train): 0.8271, Test MSE: 0.1198, r (test): -0.0613
Epoch: 46, Training Loss: 0.0240, Train MSE: 0.0240, r (train): 0.8324, Test MSE: 0.1101, r (test): -0.0651
Epoch: 47, Training Loss: 0.0235, Train MSE: 0.0235, r (train): 0.8379, Test MSE: 0.1071, r (test): -0.0725
Epoch: 48, Training Loss: 0.0423, Train MSE: 0.0423, r (train): 0.8383, Test MSE: 0.1106, r (test): 0.0608
Epoch: 49, Training Loss: 0.0333, Train MSE: 0.0333, r (train): 0.8017, Test MSE: 0.1264, r (test): -0.1260
Epoch: 50, Training Loss: 0.0397, Train MSE: 0.0397, r (train): 0.8039, Test MSE: 0.1318, r (test): -0.0877
Epoch: 51, Training Loss: 0.0223, Train MSE: 0.0223, r (train): 0.8422, Test MSE: 0.1012, r (test): -0.0241
Epoch: 52, Training Loss: 0.0227, Train MSE: 0.0227, r (train): 0.8348, Test MSE: 0.1107, r (test): -0.1062
Epoch: 53, Training Loss: 0.0247, Train MSE: 0.0247, r (train): 0.8346, Test MSE: 0.1001, r (test): -0.0223
Epoch: 54, Training Loss: 0.0361, Train MSE: 0.0361, r (train): 0.8264, Test MSE: 0.1220, r (test): -0.0404
Epoch: 55, Training Loss: 0.0241, Train MSE: 0.0241, r (train): 0.8403, Test MSE: 0.1089, r (test): -0.0239
Epoch: 56, Training Loss: 0.0223, Train MSE: 0.0223, r (train): 0.8505, Test MSE: 0.1080, r (test): -0.0550
Epoch: 57, Training Loss: 0.0324, Train MSE: 0.0324, r (train): 0.8152, Test MSE: 0.1270, r (test): -0.1542
Epoch: 58, Training Loss: 0.0321, Train MSE: 0.0321, r (train): 0.8336, Test MSE: 0.1254, r (test): -0.0900
Epoch: 59, Training Loss: 0.0428, Train MSE: 0.0428, r (train): 0.8006, Test MSE: 0.1371, r (test): -0.1357
Epoch: 60, Training Loss: 0.0460, Train MSE: 0.0460, r (train): 0.8542, Test MSE: 0.1191, r (test): 0.0670
Epoch: 61, Training Loss: 0.0239, Train MSE: 0.0239, r (train): 0.8405, Test MSE: 0.1124, r (test): -0.0918
Epoch: 62, Training Loss: 0.0448, Train MSE: 0.0448, r (train): 0.8479, Test MSE: 0.1245, r (test): 0.0225
Epoch: 63, Training Loss: 0.0728, Train MSE: 0.0728, r (train): 0.7724, Test MSE: 0.1702, r (test): -0.2061
Epoch: 64, Training Loss: 0.0233, Train MSE: 0.0233, r (train): 0.8472, Test MSE: 0.1028, r (test): 0.0080
Epoch: 65, Training Loss: 0.0245, Train MSE: 0.0245, r (train): 0.8516, Test MSE: 0.1064, r (test): -0.0211
Epoch: 66, Training Loss: 0.0338, Train MSE: 0.0338, r (train): 0.8401, Test MSE: 0.1239, r (test): -0.0668
Epoch: 67, Training Loss: 0.0230, Train MSE: 0.0230, r (train): 0.8437, Test MSE: 0.1056, r (test): -0.0399
Epoch: 68, Training Loss: 0.0823, Train MSE: 0.0823, r (train): 0.7668, Test MSE: 0.1827, r (test): -0.2184
Epoch: 69, Training Loss: 0.0397, Train MSE: 0.0397, r (train): 0.8523, Test MSE: 0.1139, r (test): 0.0787
Epoch: 70, Training Loss: 0.0243, Train MSE: 0.0243, r (train): 0.8473, Test MSE: 0.1057, r (test): -0.0340
Epoch: 71, Training Loss: 0.0324, Train MSE: 0.0324, r (train): 0.8407, Test MSE: 0.1196, r (test): -0.0544
Epoch: 72, Training Loss: 0.0335, Train MSE: 0.0335, r (train): 0.8451, Test MSE: 0.1112, r (test): 0.0047
Epoch: 73, Training Loss: 0.1638, Train MSE: 0.1638, r (train): 0.7330, Test MSE: 0.2748, r (test): -0.2925
Epoch: 74, Training Loss: 0.0471, Train MSE: 0.0471, r (train): 0.8573, Test MSE: 0.1215, r (test): 0.0779
Epoch: 75, Training Loss: 0.0275, Train MSE: 0.0275, r (train): 0.8535, Test MSE: 0.1061, r (test): -0.0286
Epoch: 76, Training Loss: 0.0808, Train MSE: 0.0808, r (train): 0.8427, Test MSE: 0.1605, r (test): 0.0305
Epoch: 77, Training Loss: 0.0305, Train MSE: 0.0305, r (train): 0.8362, Test MSE: 0.1228, r (test): -0.0734
Epoch: 78, Training Loss: 0.0793, Train MSE: 0.0793, r (train): 0.7785, Test MSE: 0.1764, r (test): -0.1708
Epoch: 79, Training Loss: 0.0203, Train MSE: 0.0203, r (train): 0.8548, Test MSE: 0.0933, r (test): 0.0269
Epoch: 80, Training Loss: 0.0209, Train MSE: 0.0209, r (train): 0.8462, Test MSE: 0.1005, r (test): -0.0988
Epoch: 81, Training Loss: 0.1091, Train MSE: 0.1091, r (train): 0.8447, Test MSE: 0.1809, r (test): 0.0973
Epoch: 82, Training Loss: 0.0312, Train MSE: 0.0312, r (train): 0.8160, Test MSE: 0.1169, r (test): -0.0870
Epoch: 83, Training Loss: 0.0277, Train MSE: 0.0277, r (train): 0.8334, Test MSE: 0.1113, r (test): -0.0378
Epoch: 84, Training Loss: 0.0262, Train MSE: 0.0262, r (train): 0.8455, Test MSE: 0.1118, r (test): -0.0604
Epoch: 85, Training Loss: 0.0219, Train MSE: 0.0219, r (train): 0.8516, Test MSE: 0.1126, r (test): -0.0865
Epoch: 86, Training Loss: 0.0357, Train MSE: 0.0357, r (train): 0.8454, Test MSE: 0.1172, r (test): -0.0325
Epoch: 87, Training Loss: 0.0272, Train MSE: 0.0272, r (train): 0.8305, Test MSE: 0.1124, r (test): -0.0537
Epoch: 88, Training Loss: 0.0306, Train MSE: 0.0306, r (train): 0.8362, Test MSE: 0.1187, r (test): -0.0491
Epoch: 89, Training Loss: 0.0247, Train MSE: 0.0247, r (train): 0.8468, Test MSE: 0.1082, r (test): -0.0272
Epoch: 90, Training Loss: 0.0312, Train MSE: 0.0312, r (train): 0.8461, Test MSE: 0.1277, r (test): -0.1546
Epoch: 91, Training Loss: 0.1548, Train MSE: 0.1548, r (train): 0.8441, Test MSE: 0.2132, r (test): 0.1747
Epoch: 92, Training Loss: 0.0468, Train MSE: 0.0468, r (train): 0.8017, Test MSE: 0.1436, r (test): -0.1628
Epoch: 93, Training Loss: 0.0265, Train MSE: 0.0265, r (train): 0.8424, Test MSE: 0.1037, r (test): 0.0166
Epoch: 94, Training Loss: 0.0225, Train MSE: 0.0225, r (train): 0.8457, Test MSE: 0.1021, r (test): -0.0249
Epoch: 95, Training Loss: 0.0244, Train MSE: 0.0244, r (train): 0.8490, Test MSE: 0.1144, r (test): -0.1136
Epoch: 96, Training Loss: 0.0354, Train MSE: 0.0354, r (train): 0.8578, Test MSE: 0.1138, r (test): 0.0081
Epoch: 97, Training Loss: 0.0393, Train MSE: 0.0393, r (train): 0.8175, Test MSE: 0.1343, r (test): -0.1380
Epoch: 98, Training Loss: 0.0257, Train MSE: 0.0257, r (train): 0.8477, Test MSE: 0.0987, r (test): 0.0450
Epoch: 99, Training Loss: 0.0236, Train MSE: 0.0236, r (train): 0.8443, Test MSE: 0.1092, r (test): -0.0848
Predicted tensors for training set: 
tensor([0.4107, 0.1315, 0.6233, 0.5086, 0.8716, 0.3161, 0.8860, 0.0799, 0.0732,
        0.1472, 0.4010, 1.1759, 0.2436, 1.0737, 0.4172, 0.5329, 0.0188, 0.4600,
        1.0307, 0.4733, 0.6518, 0.4528, 0.5586, 0.2981, 0.4417, 0.4270, 0.3539,
        0.4055, 0.5044, 0.6873, 0.5075, 0.6184, 0.4972, 0.5281, 0.5247, 0.5796,
        0.3132, 0.9928, 0.6082, 0.2503, 0.4039, 0.6601, 0.7433, 0.4369, 0.5288,
        0.5045, 0.5016, 0.6008, 0.3384, 0.3864, 0.7712, 0.2119, 0.5240, 0.6323,
        0.4645, 0.6904, 0.2807, 0.4889, 0.3655, 0.9027, 1.3143, 0.2049, 0.1580,
        0.3572, 0.2658, 0.4848, 0.7814, 0.2865, 0.6525, 0.7713, 0.4271, 0.0396])
Target tensorsfor training set: 
tensor([0.5779, 0.2394, 0.8363, 0.7462, 0.7791, 0.2649, 0.7596, 0.0246, 0.0478,
        0.1294, 0.3309, 0.9117, 0.1493, 0.8411, 0.2169, 0.3453, 0.0389, 0.4526,
        0.9621, 0.4654, 0.6846, 0.4341, 0.5564, 0.2916, 0.8556, 0.8391, 0.6577,
        0.7901, 0.5780, 0.8418, 0.5719, 0.7144, 0.5658, 0.6240, 0.6199, 0.6671,
        0.2271, 0.9150, 0.5300, 0.1295, 0.5178, 0.8561, 0.9535, 0.5573, 0.7507,
        0.7270, 0.6992, 0.8728, 0.4818, 0.5783, 0.9492, 0.3174, 0.5187, 0.6465,
        0.4513, 0.7371, 0.3077, 0.5220, 0.4036, 0.9072, 0.9656, 0.1055, 0.0763,
        0.2594, 0.2255, 0.4373, 0.7171, 0.2464, 0.7497, 0.8988, 0.4993, 0.0981])
Correlation for training set: 0.8443056737697628
Predicted tensors for test set: 
tensor([0.2921, 0.3870, 0.4413, 0.3204, 0.7269, 0.1154, 0.6823, 0.6319, 0.4727,
        0.5353, 0.5351, 0.6671, 0.6097, 0.7559, 0.4538, 0.6863, 0.5291, 0.3076])
Target tensorsfor test set: 
tensor([0.1360, 0.0636, 0.5023, 0.4440, 0.6576, 0.8453, 0.7950, 0.4640, 0.7125,
        0.4149, 0.9127, 0.3829, 0.6595, 0.1218, 0.8524, 0.7372, 0.5102, 0.9215])
Correlation for test set: -0.08476271398006391
Validation set predictions (100 folds): [tensor([0.5172, 0.5206, 0.5037, 0.6839, 0.3261, 0.4773, 0.7189, 0.6513, 0.3372,
        0.3520, 0.5268, 0.5823, 0.5685, 0.5330, 0.5640, 0.5649, 0.4964, 0.7177]), tensor([1.0267, 0.8318, 0.7597, 0.7726, 0.7730, 0.6275, 0.7721, 0.5845, 0.5241,
        0.7762, 0.8452, 0.9033, 0.9140, 0.8531, 0.8815, 0.7258, 0.8326, 0.6606]), tensor([0.2969, 0.5493, 0.5857, 0.2229, 0.2538, 0.3923, 0.4702, 0.4150, 0.4958,
        0.3376, 0.2875, 0.5628, 0.1488, 0.4534, 0.2736, 0.6327, 0.2406, 0.3202]), tensor([0.5790, 0.3823, 0.4889, 0.8637, 0.6771, 0.5113, 0.6420, 0.4019, 0.5558,
        0.3978, 0.4900, 0.6891, 0.3902, 0.4096, 0.5836, 0.4460, 0.3430, 0.4345]), tensor([0.2921, 0.3870, 0.4413, 0.3204, 0.7269, 0.1154, 0.6823, 0.6319, 0.4727,
        0.5353, 0.5351, 0.6671, 0.6097, 0.7559, 0.4538, 0.6863, 0.5291, 0.3076])]
Validation set targets (100 folds): [tensor([0.5779, 0.2394, 0.8363, 0.7462, 0.7791, 0.2649, 0.7596, 0.0246, 0.0478,
        0.1294, 0.3309, 0.9117, 0.1493, 0.8411, 0.2169, 0.3453, 0.0389, 0.4526]), tensor([0.9621, 0.4654, 0.6846, 0.4341, 0.5564, 0.2916, 0.8556, 0.8391, 0.6577,
        0.7901, 0.5780, 0.8418, 0.5719, 0.7144, 0.5658, 0.6240, 0.6199, 0.6671]), tensor([0.2271, 0.9150, 0.5300, 0.1295, 0.5178, 0.8561, 0.9535, 0.5573, 0.7507,
        0.7270, 0.6992, 0.8728, 0.4818, 0.5783, 0.9492, 0.3174, 0.5187, 0.6465]), tensor([0.4513, 0.7371, 0.3077, 0.5220, 0.4036, 0.9072, 0.9656, 0.1055, 0.0763,
        0.2594, 0.2255, 0.4373, 0.7171, 0.2464, 0.7497, 0.8988, 0.4993, 0.0981]), tensor([0.1360, 0.0636, 0.5023, 0.4440, 0.6576, 0.8453, 0.7950, 0.4640, 0.7125,
        0.4149, 0.9127, 0.3829, 0.6595, 0.1218, 0.8524, 0.7372, 0.5102, 0.9215])]
Time taken: 17625.787833929062 seconds
