DenseNet_thalamus_01.py
/apps/monai/MONAI0.8.1/lib/python3.9/site-packages/torch/cuda/__init__.py:143: UserWarning: 
NVIDIA B200 with CUDA capability sm_100 is not compatible with the current PyTorch installation.
The current PyTorch install supports CUDA capabilities sm_37 sm_50 sm_60 sm_61 sm_70 sm_75 sm_80 sm_86 compute_37.
If you want to use the NVIDIA B200 GPU with PyTorch, please check the instructions at https://pytorch.org/get-started/locally/

  warnings.warn(incompatible_device_warn.format(device_name, capability, " ".join(arch_list), device_name))
90
Image shape: torch.Size([256, 256, 256])
Label: 0.578327051

Image shape: torch.Size([256, 256, 256])
Label: 0.55726975

Image shape: torch.Size([256, 256, 256])
Label: 0.105524477

Image shape: torch.Size([256, 256, 256])
Label: 0.414935686

Image shape: torch.Size([256, 256, 256])
Label: 0.499347098

Image shape: torch.Size([256, 256, 256])
Label: 0.46544507

Image shape: torch.Size([256, 256, 256])
Label: 0.749740575

Image shape: torch.Size([256, 256, 256])
Label: 0.646490545

Image shape: torch.Size([256, 256, 256])
Label: 0.856107326

Image shape: torch.Size([256, 256, 256])
Label: 0.717144575

Image shape: torch.Size([256, 256, 256])
Label: 0.750732335

Image shape: torch.Size([256, 256, 256])
Label: 0.517802514

Image shape: torch.Size([256, 256, 256])
Label: 0.227116465

Image shape: torch.Size([256, 256, 256])
Label: 0.14931566

Image shape: torch.Size([256, 256, 256])
Label: 0.91273199

Image shape: torch.Size([256, 256, 256])
Label: 0.852431609

Image shape: torch.Size([256, 256, 256])
Label: 0.451287356

Image shape: torch.Size([256, 256, 256])
Label: 0.714356234

Image shape: torch.Size([256, 256, 256])
Label: 0.307667842

Image shape: torch.Size([256, 256, 256])
Label: 0.038874365

Image shape: torch.Size([256, 256, 256])
Label: 0.518716963

Image shape: torch.Size([256, 256, 256])
Label: 0.463984431

Image shape: torch.Size([256, 256, 256])
Label: 0.55641775

Image shape: torch.Size([256, 256, 256])
Label: 0.098052496

Image shape: torch.Size([256, 256, 256])
Label: 0.43409457

Image shape: torch.Size([256, 256, 256])
Label: 0.452638778

Image shape: torch.Size([256, 256, 256])
Label: 0.57804499

Image shape: torch.Size([256, 256, 256])
Label: 0.623989995

Image shape: torch.Size([256, 256, 256])
Label: 0.91498566

Image shape: torch.Size([256, 256, 256])
Label: 0.911671093

Image shape: torch.Size([256, 256, 256])
Label: 0.565846925

Image shape: torch.Size([256, 256, 256])
Label: 0.836265129

Image shape: torch.Size([256, 256, 256])
Label: 0.246363884

Image shape: torch.Size([256, 256, 256])
Label: 0.907159832

Image shape: torch.Size([256, 256, 256])
Label: 0.962135747

Image shape: torch.Size([256, 256, 256])
Label: 0.024634435

Image shape: torch.Size([256, 256, 256])
Label: 0.779103135

Image shape: torch.Size([256, 256, 256])
Label: 0.225463904

Image shape: torch.Size([256, 256, 256])
Label: 0.965645278

Image shape: torch.Size([256, 256, 256])
Label: 0.31742745

Image shape: torch.Size([256, 256, 256])
Label: 0.129485328

Image shape: torch.Size([256, 256, 256])
Label: 0.48182514

Image shape: torch.Size([256, 256, 256])
Label: 0.076332172

Image shape: torch.Size([256, 256, 256])
Label: 0.34531344

Image shape: torch.Size([256, 256, 256])
Label: 0.577850585

Image shape: torch.Size([256, 256, 256])
Label: 0.794978716

Image shape: torch.Size([256, 256, 256])
Label: 0.047813956

Image shape: torch.Size([256, 256, 256])
Label: 0.841130428

Image shape: torch.Size([256, 256, 256])
Label: 0.845253622

Image shape: torch.Size([256, 256, 256])
Label: 0.699213269

Image shape: torch.Size([256, 256, 256])
Label: 0.571907479

Image shape: torch.Size([256, 256, 256])
Label: 0.330926406

Image shape: torch.Size([256, 256, 256])
Label: 0.949166278

Image shape: torch.Size([256, 256, 256])
Label: 0.437273408

Image shape: torch.Size([256, 256, 256])
Label: 0.121809436

Image shape: torch.Size([256, 256, 256])
Label: 0.063583908

Image shape: torch.Size([256, 256, 256])
Label: 0.403550924

Image shape: torch.Size([256, 256, 256])
Label: 0.129379513

Image shape: torch.Size([256, 256, 256])
Label: 0.502254367

Image shape: torch.Size([256, 256, 256])
Label: 0.746225617

Image shape: torch.Size([256, 256, 256])
Label: 0.898762669

Image shape: torch.Size([256, 256, 256])
Label: 0.759624831

Image shape: torch.Size([256, 256, 256])
Label: 0.510151238

Image shape: torch.Size([256, 256, 256])
Label: 0.291630426

Image shape: torch.Size([256, 256, 256])
Label: 0.841767741

Image shape: torch.Size([256, 256, 256])
Label: 0.259369175

Image shape: torch.Size([256, 256, 256])
Label: 0.239393515

Image shape: torch.Size([256, 256, 256])
Label: 0.855579732

Image shape: torch.Size([256, 256, 256])
Label: 0.657623403

Image shape: torch.Size([256, 256, 256])
Label: 0.136048492

Image shape: torch.Size([256, 256, 256])
Label: 0.92154251

Image shape: torch.Size([256, 256, 256])
Label: 0.26490909

Image shape: torch.Size([256, 256, 256])
Label: 0.659493008

Image shape: torch.Size([256, 256, 256])
Label: 0.737192172

Image shape: torch.Size([256, 256, 256])
Label: 0.684642475

Image shape: torch.Size([256, 256, 256])
Label: 0.619874898

Image shape: torch.Size([256, 256, 256])
Label: 0.216921218

Image shape: torch.Size([256, 256, 256])
Label: 0.657691961

Image shape: torch.Size([256, 256, 256])
Label: 0.872805901

Image shape: torch.Size([256, 256, 256])
Label: 0.667105602

Image shape: torch.Size([256, 256, 256])
Label: 0.839077585

Image shape: torch.Size([256, 256, 256])
Label: 0.529961465

Image shape: torch.Size([256, 256, 256])
Label: 0.727035333

Image shape: torch.Size([256, 256, 256])
Label: 0.712524369

Image shape: torch.Size([256, 256, 256])
Label: 0.522016133

Image shape: torch.Size([256, 256, 256])
Label: 0.444012353

Image shape: torch.Size([256, 256, 256])
Label: 0.382857646

Image shape: torch.Size([256, 256, 256])
Label: 0.790096101

Image shape: torch.Size([256, 256, 256])
Label: 0.953465465

Image shape: torch.Size([256, 256, 256])
Label: 0.737099236

18 5
Fold 1
Epoch: 00, Training Loss: 0.1266, Train MSE: 0.1266, r (train): -0.2767, Test MSE: 0.1124, r (test): -0.2958
Epoch: 01, Training Loss: 0.3975, Train MSE: 0.3975, r (train): 0.4768, Test MSE: 0.3964, r (test): 0.4164
Epoch: 02, Training Loss: 0.5775, Train MSE: 0.5775, r (train): 0.6355, Test MSE: 0.5805, r (test): 0.4378
Epoch: 03, Training Loss: 0.1413, Train MSE: 0.1413, r (train): 0.7875, Test MSE: 0.1482, r (test): 0.2348
Epoch: 04, Training Loss: 0.0640, Train MSE: 0.0640, r (train): 0.7599, Test MSE: 0.0820, r (test): 0.2533
Epoch: 05, Training Loss: 1.4974, Train MSE: 1.4974, r (train): 0.7827, Test MSE: 1.6082, r (test): 0.0982
Epoch: 06, Training Loss: 0.4533, Train MSE: 0.4533, r (train): 0.7870, Test MSE: 0.6100, r (test): 0.2782
Epoch: 07, Training Loss: 0.1346, Train MSE: 0.1346, r (train): 0.7785, Test MSE: 0.1503, r (test): 0.2973
Epoch: 08, Training Loss: 0.0385, Train MSE: 0.0385, r (train): 0.7905, Test MSE: 0.0845, r (test): 0.2167
Epoch: 09, Training Loss: 7.8063, Train MSE: 7.8063, r (train): 0.7401, Test MSE: 8.7426, r (test): 0.1617
Epoch: 10, Training Loss: 0.0338, Train MSE: 0.0338, r (train): 0.7561, Test MSE: 0.0677, r (test): 0.0843
Epoch: 11, Training Loss: 0.2139, Train MSE: 0.2139, r (train): 0.7933, Test MSE: 0.2387, r (test): 0.2592
Epoch: 12, Training Loss: 0.0349, Train MSE: 0.0349, r (train): 0.8084, Test MSE: 0.0541, r (test): 0.3348
Epoch: 13, Training Loss: 0.0468, Train MSE: 0.0468, r (train): 0.8345, Test MSE: 0.0949, r (test): 0.2361
Epoch: 14, Training Loss: 0.0355, Train MSE: 0.0355, r (train): 0.8288, Test MSE: 0.0664, r (test): 0.2497
Epoch: 15, Training Loss: 0.0652, Train MSE: 0.0652, r (train): 0.8073, Test MSE: 0.0859, r (test): 0.2852
Epoch: 16, Training Loss: 0.0269, Train MSE: 0.0269, r (train): 0.8349, Test MSE: 0.0678, r (test): 0.2025
Epoch: 17, Training Loss: 0.0347, Train MSE: 0.0347, r (train): 0.8210, Test MSE: 0.0740, r (test): 0.2477
Epoch: 18, Training Loss: 0.0917, Train MSE: 0.0917, r (train): 0.7775, Test MSE: 0.1237, r (test): 0.1924
Epoch: 19, Training Loss: 0.0391, Train MSE: 0.0391, r (train): 0.8254, Test MSE: 0.0623, r (test): 0.2562
Epoch: 20, Training Loss: 0.0299, Train MSE: 0.0299, r (train): 0.8237, Test MSE: 0.0566, r (test): 0.2652
Epoch: 21, Training Loss: 0.0331, Train MSE: 0.0331, r (train): 0.7843, Test MSE: 0.0646, r (test): 0.1375
Epoch: 22, Training Loss: 0.0304, Train MSE: 0.0304, r (train): 0.8036, Test MSE: 0.0608, r (test): 0.2121
Epoch: 23, Training Loss: 0.0336, Train MSE: 0.0336, r (train): 0.8024, Test MSE: 0.0610, r (test): 0.2073
Epoch: 24, Training Loss: 0.0377, Train MSE: 0.0377, r (train): 0.7747, Test MSE: 0.0668, r (test): 0.1637
Epoch: 25, Training Loss: 0.0454, Train MSE: 0.0454, r (train): 0.7776, Test MSE: 0.0799, r (test): 0.1432
Epoch: 26, Training Loss: 0.0787, Train MSE: 0.0787, r (train): 0.7750, Test MSE: 0.1076, r (test): 0.2219
Epoch: 27, Training Loss: 0.0280, Train MSE: 0.0280, r (train): 0.8054, Test MSE: 0.0562, r (test): 0.2058
Epoch: 28, Training Loss: 0.0418, Train MSE: 0.0418, r (train): 0.7805, Test MSE: 0.0610, r (test): 0.3043
Epoch: 29, Training Loss: 0.2646, Train MSE: 0.2646, r (train): 0.7510, Test MSE: 0.3053, r (test): 0.1130
Epoch: 30, Training Loss: 0.0363, Train MSE: 0.0363, r (train): 0.8117, Test MSE: 0.0630, r (test): 0.2468
Epoch: 31, Training Loss: 0.0299, Train MSE: 0.0299, r (train): 0.7829, Test MSE: 0.0551, r (test): 0.2604
Epoch: 32, Training Loss: 0.3814, Train MSE: 0.3814, r (train): 0.7753, Test MSE: 0.4257, r (test): 0.2139
Epoch: 33, Training Loss: 0.0295, Train MSE: 0.0295, r (train): 0.8058, Test MSE: 0.0548, r (test): 0.2865
Epoch: 34, Training Loss: 0.0397, Train MSE: 0.0397, r (train): 0.7943, Test MSE: 0.0697, r (test): 0.2231
Epoch: 35, Training Loss: 0.0508, Train MSE: 0.0508, r (train): 0.8223, Test MSE: 0.0907, r (test): 0.2187
Epoch: 36, Training Loss: 0.0688, Train MSE: 0.0688, r (train): 0.8260, Test MSE: 0.1050, r (test): 0.2910
Epoch: 37, Training Loss: 0.0296, Train MSE: 0.0296, r (train): 0.7927, Test MSE: 0.0592, r (test): 0.2238
Epoch: 38, Training Loss: 0.0346, Train MSE: 0.0346, r (train): 0.8316, Test MSE: 0.0706, r (test): 0.2577
Epoch: 39, Training Loss: 0.0843, Train MSE: 0.0843, r (train): 0.7883, Test MSE: 0.1319, r (test): 0.1581
Epoch: 40, Training Loss: 0.1983, Train MSE: 0.1983, r (train): 0.8066, Test MSE: 0.2438, r (test): 0.2447
Epoch: 41, Training Loss: 0.1334, Train MSE: 0.1334, r (train): 0.7475, Test MSE: 0.1635, r (test): 0.2519
Epoch: 42, Training Loss: 0.0351, Train MSE: 0.0351, r (train): 0.7721, Test MSE: 0.0581, r (test): 0.2441
Epoch: 43, Training Loss: 0.0296, Train MSE: 0.0296, r (train): 0.7907, Test MSE: 0.0589, r (test): 0.1640
Epoch: 44, Training Loss: 0.0315, Train MSE: 0.0315, r (train): 0.7733, Test MSE: 0.0579, r (test): 0.1819
Epoch: 45, Training Loss: 0.1303, Train MSE: 0.1303, r (train): 0.7655, Test MSE: 0.1504, r (test): 0.1598
Epoch: 46, Training Loss: 0.0286, Train MSE: 0.0286, r (train): 0.7924, Test MSE: 0.0596, r (test): 0.1834
Epoch: 47, Training Loss: 0.0332, Train MSE: 0.0332, r (train): 0.7653, Test MSE: 0.0593, r (test): 0.1606
Epoch: 48, Training Loss: 0.1002, Train MSE: 0.1002, r (train): 0.8021, Test MSE: 0.1466, r (test): 0.2132
Epoch: 49, Training Loss: 0.0700, Train MSE: 0.0700, r (train): 0.7900, Test MSE: 0.0781, r (test): 0.3237
Epoch: 50, Training Loss: 0.0921, Train MSE: 0.0921, r (train): 0.7888, Test MSE: 0.1158, r (test): 0.2317
Epoch: 51, Training Loss: 0.0451, Train MSE: 0.0451, r (train): 0.7825, Test MSE: 0.0763, r (test): 0.1711
Epoch: 52, Training Loss: 0.0345, Train MSE: 0.0345, r (train): 0.7651, Test MSE: 0.0544, r (test): 0.2645
Epoch: 53, Training Loss: 0.0298, Train MSE: 0.0298, r (train): 0.7850, Test MSE: 0.0558, r (test): 0.2120
Epoch: 54, Training Loss: 0.0364, Train MSE: 0.0364, r (train): 0.7692, Test MSE: 0.0665, r (test): 0.1890
Epoch: 55, Training Loss: 0.0369, Train MSE: 0.0369, r (train): 0.7968, Test MSE: 0.0631, r (test): 0.2344
Epoch: 56, Training Loss: 0.4543, Train MSE: 0.4543, r (train): 0.7985, Test MSE: 0.5507, r (test): 0.1906
Epoch: 57, Training Loss: 0.0556, Train MSE: 0.0556, r (train): 0.7837, Test MSE: 0.0846, r (test): 0.2607
Epoch: 58, Training Loss: 0.0378, Train MSE: 0.0378, r (train): 0.7596, Test MSE: 0.0625, r (test): 0.2041
Epoch: 59, Training Loss: 0.0321, Train MSE: 0.0321, r (train): 0.7907, Test MSE: 0.0612, r (test): 0.1670
Epoch: 60, Training Loss: 0.0291, Train MSE: 0.0291, r (train): 0.7903, Test MSE: 0.0570, r (test): 0.2219
Epoch: 61, Training Loss: 0.0349, Train MSE: 0.0349, r (train): 0.7705, Test MSE: 0.0614, r (test): 0.1661
Epoch: 62, Training Loss: 0.0361, Train MSE: 0.0361, r (train): 0.7860, Test MSE: 0.0550, r (test): 0.2959
Epoch: 63, Training Loss: 0.1160, Train MSE: 0.1160, r (train): 0.8013, Test MSE: 0.1605, r (test): 0.1017
Epoch: 64, Training Loss: 0.0351, Train MSE: 0.0351, r (train): 0.7752, Test MSE: 0.0623, r (test): 0.2025
Epoch: 65, Training Loss: 0.0354, Train MSE: 0.0354, r (train): 0.7774, Test MSE: 0.0594, r (test): 0.1927
Epoch: 66, Training Loss: 0.0321, Train MSE: 0.0321, r (train): 0.7916, Test MSE: 0.0580, r (test): 0.2432
Epoch: 67, Training Loss: 0.0949, Train MSE: 0.0949, r (train): 0.7921, Test MSE: 0.1253, r (test): 0.2117
Epoch: 68, Training Loss: 0.0444, Train MSE: 0.0444, r (train): 0.7734, Test MSE: 0.0786, r (test): 0.2078
Epoch: 69, Training Loss: 0.0317, Train MSE: 0.0317, r (train): 0.7818, Test MSE: 0.0545, r (test): 0.2565
Epoch: 70, Training Loss: 0.0396, Train MSE: 0.0396, r (train): 0.7956, Test MSE: 0.0697, r (test): 0.1947
Epoch: 71, Training Loss: 0.0325, Train MSE: 0.0325, r (train): 0.7802, Test MSE: 0.0619, r (test): 0.2317
Epoch: 72, Training Loss: 0.0439, Train MSE: 0.0439, r (train): 0.7464, Test MSE: 0.0559, r (test): 0.2580
Epoch: 73, Training Loss: 0.0341, Train MSE: 0.0341, r (train): 0.7902, Test MSE: 0.0616, r (test): 0.2077
Epoch: 74, Training Loss: 0.0353, Train MSE: 0.0353, r (train): 0.7903, Test MSE: 0.0631, r (test): 0.1827
Epoch: 75, Training Loss: 0.0299, Train MSE: 0.0299, r (train): 0.7992, Test MSE: 0.0571, r (test): 0.2248
Epoch: 76, Training Loss: 0.0345, Train MSE: 0.0345, r (train): 0.7901, Test MSE: 0.0645, r (test): 0.1712
Epoch: 77, Training Loss: 0.0464, Train MSE: 0.0464, r (train): 0.7617, Test MSE: 0.0646, r (test): 0.2256
Epoch: 78, Training Loss: 0.0413, Train MSE: 0.0413, r (train): 0.7576, Test MSE: 0.0698, r (test): 0.2164
Epoch: 79, Training Loss: 0.0294, Train MSE: 0.0294, r (train): 0.7959, Test MSE: 0.0550, r (test): 0.2534
Epoch: 80, Training Loss: 0.0812, Train MSE: 0.0812, r (train): 0.8092, Test MSE: 0.1194, r (test): 0.1665
Epoch: 81, Training Loss: 0.0331, Train MSE: 0.0331, r (train): 0.7743, Test MSE: 0.0619, r (test): 0.1911
Epoch: 82, Training Loss: 0.0354, Train MSE: 0.0354, r (train): 0.7540, Test MSE: 0.0528, r (test): 0.2621
Epoch: 83, Training Loss: 0.0299, Train MSE: 0.0299, r (train): 0.7862, Test MSE: 0.0563, r (test): 0.2145
Epoch: 84, Training Loss: 0.0288, Train MSE: 0.0288, r (train): 0.8114, Test MSE: 0.0589, r (test): 0.2102
Epoch: 85, Training Loss: 0.0318, Train MSE: 0.0318, r (train): 0.7937, Test MSE: 0.0604, r (test): 0.1858
Epoch: 86, Training Loss: 0.0485, Train MSE: 0.0485, r (train): 0.7841, Test MSE: 0.0741, r (test): 0.1813
Epoch: 87, Training Loss: 0.0339, Train MSE: 0.0339, r (train): 0.7639, Test MSE: 0.0553, r (test): 0.2186
Epoch: 88, Training Loss: 0.0457, Train MSE: 0.0457, r (train): 0.7756, Test MSE: 0.0767, r (test): 0.2664
Epoch: 89, Training Loss: 0.0370, Train MSE: 0.0370, r (train): 0.8072, Test MSE: 0.0651, r (test): 0.2320
Epoch: 90, Training Loss: 0.0517, Train MSE: 0.0517, r (train): 0.7946, Test MSE: 0.0886, r (test): 0.1265
Epoch: 91, Training Loss: 0.0466, Train MSE: 0.0466, r (train): 0.7460, Test MSE: 0.0601, r (test): 0.2340
Epoch: 92, Training Loss: 0.0616, Train MSE: 0.0616, r (train): 0.7715, Test MSE: 0.0932, r (test): 0.2571
Epoch: 93, Training Loss: 0.0384, Train MSE: 0.0384, r (train): 0.7824, Test MSE: 0.0572, r (test): 0.2797
Epoch: 94, Training Loss: 0.0295, Train MSE: 0.0295, r (train): 0.8124, Test MSE: 0.0616, r (test): 0.2029
Epoch: 95, Training Loss: 0.0515, Train MSE: 0.0515, r (train): 0.7596, Test MSE: 0.0656, r (test): 0.2137
Epoch: 96, Training Loss: 0.0368, Train MSE: 0.0368, r (train): 0.7710, Test MSE: 0.0599, r (test): 0.2972
Epoch: 97, Training Loss: 0.0517, Train MSE: 0.0517, r (train): 0.7860, Test MSE: 0.0801, r (test): 0.2116
Epoch: 98, Training Loss: 0.0714, Train MSE: 0.0714, r (train): 0.8045, Test MSE: 0.0998, r (test): 0.2770
Epoch: 99, Training Loss: 0.1860, Train MSE: 0.1860, r (train): 0.7766, Test MSE: 0.1992, r (test): 0.1966
Predicted tensors for training set: 
tensor([0.9123, 0.4363, 1.3103, 0.9877, 1.1002, 0.4975, 1.1046, 0.9902, 0.7602,
        0.7435, 1.0700, 1.1319, 0.8464, 1.1517, 0.3251, 1.1625, 1.6967, 0.2781,
        1.4375, 0.6005, 1.5762, 0.6709, 0.4080, 0.8687, 0.4843, 0.8236, 1.2267,
        1.4979, 0.1922, 1.2431, 1.2028, 1.0721, 0.9406, 0.6710, 1.3917, 0.8046,
        1.0234, 0.8843, 1.1068, 1.0492, 0.7429, 0.8985, 1.2008, 0.9385, 0.9507,
        0.7426, 1.4807, 0.5946, 0.6703, 1.4590, 1.2112, 0.5078, 1.1513, 0.4035,
        0.8194, 0.9485, 1.0614, 0.9221, 0.5624, 1.0317, 1.1185, 0.7861, 0.9791,
        0.7396, 1.0349, 1.0217, 0.8046, 0.6640, 0.4273, 0.9935, 1.2170, 0.8544])
Target tensorsfor training set: 
tensor([0.3077, 0.0389, 0.5187, 0.4640, 0.5564, 0.0981, 0.4341, 0.4526, 0.5780,
        0.6240, 0.9150, 0.9117, 0.5658, 0.8363, 0.2464, 0.9072, 0.9621, 0.0246,
        0.7791, 0.2255, 0.9656, 0.3174, 0.1295, 0.4818, 0.0763, 0.3453, 0.5779,
        0.7950, 0.0478, 0.8411, 0.8453, 0.6992, 0.5719, 0.3309, 0.9492, 0.4373,
        0.1218, 0.0636, 0.4036, 0.1294, 0.5023, 0.7462, 0.8988, 0.7596, 0.5102,
        0.2916, 0.8418, 0.2594, 0.2394, 0.8556, 0.6576, 0.1360, 0.9215, 0.2649,
        0.6595, 0.7372, 0.6846, 0.6199, 0.2169, 0.6577, 0.8728, 0.6671, 0.8391,
        0.5300, 0.7270, 0.7125, 0.5220, 0.4440, 0.3829, 0.7901, 0.9535, 0.7371])
Correlation for training set: 0.7765684993535612
Predicted tensors for test set: 
tensor([1.1567, 0.6714, 0.7523, 1.0570, 1.0388, 0.9463, 0.9044, 0.8892, 0.9702,
        0.7759, 0.9790, 0.7310, 1.0727, 0.9338, 0.9882, 1.0361, 0.7395, 1.1999])
Target tensorsfor test set: 
tensor([0.5783, 0.5573, 0.1055, 0.4149, 0.4993, 0.4654, 0.7497, 0.6465, 0.8561,
        0.7171, 0.7507, 0.5178, 0.2271, 0.1493, 0.9127, 0.8524, 0.4513, 0.7144])
Correlation for test set: 0.19663587499875537
18 5
Fold 2
Epoch: 00, Training Loss: 0.5330, Train MSE: 0.5330, r (train): 0.5038, Test MSE: 0.5116, r (test): 0.0734
Epoch: 01, Training Loss: 1.0213, Train MSE: 1.0213, r (train): 0.5706, Test MSE: 0.9856, r (test): 0.1399
Epoch: 02, Training Loss: 0.9303, Train MSE: 0.9303, r (train): 0.7001, Test MSE: 0.9133, r (test): 0.1903
Epoch: 03, Training Loss: 0.5609, Train MSE: 0.5609, r (train): 0.8372, Test MSE: 0.5907, r (test): 0.2085
Epoch: 04, Training Loss: 0.0191, Train MSE: 0.0191, r (train): 0.8488, Test MSE: 0.0957, r (test): 0.1631
Epoch: 05, Training Loss: 0.0270, Train MSE: 0.0270, r (train): 0.7958, Test MSE: 0.0927, r (test): 0.1594
Epoch: 06, Training Loss: 0.0267, Train MSE: 0.0267, r (train): 0.8518, Test MSE: 0.1179, r (test): 0.0899
Epoch: 07, Training Loss: 0.0236, Train MSE: 0.0236, r (train): 0.8333, Test MSE: 0.1033, r (test): 0.0869
Epoch: 08, Training Loss: 0.4067, Train MSE: 0.4067, r (train): 0.8328, Test MSE: 0.4953, r (test): 0.0537
Epoch: 09, Training Loss: 0.2076, Train MSE: 0.2076, r (train): 0.8410, Test MSE: 0.2704, r (test): 0.1307
Epoch: 10, Training Loss: 0.0227, Train MSE: 0.0227, r (train): 0.8375, Test MSE: 0.1095, r (test): 0.0719
Epoch: 11, Training Loss: 0.0326, Train MSE: 0.0326, r (train): 0.8408, Test MSE: 0.1146, r (test): 0.0807
Epoch: 12, Training Loss: 0.0421, Train MSE: 0.0421, r (train): 0.8501, Test MSE: 0.1287, r (test): 0.1018
Epoch: 13, Training Loss: 0.0441, Train MSE: 0.0441, r (train): 0.8605, Test MSE: 0.1204, r (test): 0.1128
Epoch: 14, Training Loss: 0.0184, Train MSE: 0.0184, r (train): 0.8631, Test MSE: 0.1054, r (test): 0.0746
Epoch: 15, Training Loss: 0.0276, Train MSE: 0.0276, r (train): 0.8612, Test MSE: 0.1168, r (test): 0.0441
Epoch: 16, Training Loss: 0.1404, Train MSE: 0.1404, r (train): 0.8470, Test MSE: 0.2077, r (test): 0.1116
Epoch: 17, Training Loss: 0.0572, Train MSE: 0.0572, r (train): 0.8627, Test MSE: 0.1384, r (test): 0.0833
Epoch: 18, Training Loss: 0.0241, Train MSE: 0.0241, r (train): 0.8634, Test MSE: 0.1050, r (test): 0.0935
Epoch: 19, Training Loss: 0.0580, Train MSE: 0.0580, r (train): 0.8539, Test MSE: 0.1489, r (test): 0.0377
Epoch: 20, Training Loss: 0.1730, Train MSE: 0.1730, r (train): 0.8404, Test MSE: 0.2520, r (test): 0.0897
Epoch: 21, Training Loss: 0.0560, Train MSE: 0.0560, r (train): 0.8564, Test MSE: 0.1324, r (test): 0.1394
Epoch: 22, Training Loss: 0.1369, Train MSE: 0.1369, r (train): 0.8593, Test MSE: 0.2305, r (test): 0.0543
Epoch: 23, Training Loss: 0.0225, Train MSE: 0.0225, r (train): 0.8648, Test MSE: 0.1133, r (test): 0.0572
Epoch: 24, Training Loss: 0.0664, Train MSE: 0.0664, r (train): 0.8503, Test MSE: 0.1406, r (test): 0.1346
Epoch: 25, Training Loss: 0.0201, Train MSE: 0.0201, r (train): 0.8565, Test MSE: 0.0973, r (test): 0.1265
Epoch: 26, Training Loss: 0.0469, Train MSE: 0.0469, r (train): 0.8294, Test MSE: 0.1339, r (test): 0.0236
Epoch: 27, Training Loss: 0.0217, Train MSE: 0.0217, r (train): 0.8536, Test MSE: 0.1007, r (test): 0.1276
Epoch: 28, Training Loss: 0.0691, Train MSE: 0.0691, r (train): 0.8214, Test MSE: 0.1338, r (test): 0.1236
Epoch: 29, Training Loss: 0.0699, Train MSE: 0.0699, r (train): 0.8560, Test MSE: 0.1551, r (test): 0.0410
Epoch: 30, Training Loss: 0.0250, Train MSE: 0.0250, r (train): 0.8586, Test MSE: 0.1060, r (test): 0.1106
Epoch: 31, Training Loss: 0.0209, Train MSE: 0.0209, r (train): 0.8499, Test MSE: 0.0966, r (test): 0.1023
Epoch: 32, Training Loss: 0.0253, Train MSE: 0.0253, r (train): 0.8348, Test MSE: 0.1076, r (test): 0.0445
Epoch: 33, Training Loss: 0.0185, Train MSE: 0.0185, r (train): 0.8563, Test MSE: 0.1013, r (test): 0.0698
Epoch: 34, Training Loss: 0.0749, Train MSE: 0.0749, r (train): 0.8416, Test MSE: 0.1522, r (test): 0.0777
Epoch: 35, Training Loss: 0.0208, Train MSE: 0.0208, r (train): 0.8601, Test MSE: 0.1057, r (test): 0.0604
Epoch: 36, Training Loss: 0.0215, Train MSE: 0.0215, r (train): 0.8458, Test MSE: 0.0981, r (test): 0.0899
Epoch: 37, Training Loss: 0.0279, Train MSE: 0.0279, r (train): 0.8305, Test MSE: 0.1101, r (test): -0.0231
Epoch: 38, Training Loss: 0.0182, Train MSE: 0.0182, r (train): 0.8584, Test MSE: 0.1003, r (test): 0.0698
Epoch: 39, Training Loss: 0.0633, Train MSE: 0.0633, r (train): 0.8023, Test MSE: 0.1361, r (test): 0.0411
Epoch: 40, Training Loss: 0.0638, Train MSE: 0.0638, r (train): 0.7958, Test MSE: 0.1306, r (test): -0.0277
Epoch: 41, Training Loss: 0.1559, Train MSE: 0.1559, r (train): 0.8447, Test MSE: 0.2245, r (test): 0.0396
Epoch: 42, Training Loss: 0.1660, Train MSE: 0.1660, r (train): 0.8081, Test MSE: 0.2502, r (test): -0.0612
Epoch: 43, Training Loss: 0.0280, Train MSE: 0.0280, r (train): 0.8420, Test MSE: 0.1197, r (test): -0.0176
Epoch: 44, Training Loss: 0.0232, Train MSE: 0.0232, r (train): 0.8205, Test MSE: 0.1034, r (test): 0.0130
Epoch: 45, Training Loss: 0.0212, Train MSE: 0.0212, r (train): 0.8434, Test MSE: 0.1048, r (test): -0.0079
Epoch: 46, Training Loss: 0.1467, Train MSE: 0.1467, r (train): 0.8446, Test MSE: 0.2336, r (test): 0.0066
Epoch: 47, Training Loss: 0.0793, Train MSE: 0.0793, r (train): 0.8323, Test MSE: 0.1678, r (test): -0.0631
Epoch: 48, Training Loss: 0.0195, Train MSE: 0.0195, r (train): 0.8736, Test MSE: 0.1133, r (test): 0.0279
Epoch: 49, Training Loss: 0.0202, Train MSE: 0.0202, r (train): 0.8511, Test MSE: 0.1039, r (test): 0.0056
Epoch: 50, Training Loss: 0.0898, Train MSE: 0.0898, r (train): 0.8243, Test MSE: 0.1710, r (test): -0.0405
Epoch: 51, Training Loss: 0.0471, Train MSE: 0.0471, r (train): 0.8780, Test MSE: 0.1428, r (test): -0.0204
Epoch: 52, Training Loss: 0.0819, Train MSE: 0.0819, r (train): 0.8272, Test MSE: 0.1579, r (test): 0.0248
Epoch: 53, Training Loss: 0.0344, Train MSE: 0.0344, r (train): 0.8372, Test MSE: 0.1169, r (test): 0.0097
Epoch: 54, Training Loss: 0.0221, Train MSE: 0.0221, r (train): 0.8565, Test MSE: 0.1022, r (test): -0.0001
Epoch: 55, Training Loss: 0.2598, Train MSE: 0.2598, r (train): 0.8526, Test MSE: 0.3549, r (test): -0.1253
Epoch: 56, Training Loss: 0.0176, Train MSE: 0.0176, r (train): 0.8719, Test MSE: 0.1103, r (test): -0.0567
Epoch: 57, Training Loss: 0.0211, Train MSE: 0.0211, r (train): 0.8661, Test MSE: 0.1031, r (test): 0.0451
Epoch: 58, Training Loss: 0.0220, Train MSE: 0.0220, r (train): 0.8575, Test MSE: 0.1074, r (test): -0.0066
Epoch: 59, Training Loss: 0.0213, Train MSE: 0.0213, r (train): 0.8553, Test MSE: 0.1068, r (test): -0.0095
Epoch: 60, Training Loss: 0.0601, Train MSE: 0.0601, r (train): 0.8308, Test MSE: 0.1435, r (test): -0.0280
Epoch: 61, Training Loss: 0.0219, Train MSE: 0.0219, r (train): 0.8525, Test MSE: 0.1043, r (test): 0.0169
Epoch: 62, Training Loss: 0.2426, Train MSE: 0.2426, r (train): 0.8630, Test MSE: 0.3266, r (test): -0.0329
Epoch: 63, Training Loss: 0.0383, Train MSE: 0.0383, r (train): 0.8596, Test MSE: 0.1353, r (test): -0.0983
Epoch: 64, Training Loss: 0.1010, Train MSE: 0.1010, r (train): 0.8209, Test MSE: 0.1787, r (test): 0.0150
Epoch: 65, Training Loss: 0.0232, Train MSE: 0.0232, r (train): 0.8236, Test MSE: 0.0978, r (test): 0.0344
Epoch: 66, Training Loss: 0.4897, Train MSE: 0.4897, r (train): 0.8638, Test MSE: 0.5803, r (test): -0.0728
Epoch: 67, Training Loss: 0.0175, Train MSE: 0.0175, r (train): 0.8676, Test MSE: 0.1080, r (test): -0.0302
Epoch: 68, Training Loss: 0.0258, Train MSE: 0.0258, r (train): 0.8633, Test MSE: 0.1135, r (test): -0.0219
Epoch: 69, Training Loss: 0.0177, Train MSE: 0.0177, r (train): 0.8766, Test MSE: 0.0987, r (test): 0.0216
Epoch: 70, Training Loss: 0.0300, Train MSE: 0.0300, r (train): 0.8637, Test MSE: 0.1238, r (test): -0.0732
Epoch: 71, Training Loss: 0.0575, Train MSE: 0.0575, r (train): 0.8275, Test MSE: 0.1379, r (test): -0.0434
Epoch: 72, Training Loss: 0.0197, Train MSE: 0.0197, r (train): 0.8526, Test MSE: 0.1023, r (test): -0.0044
Epoch: 73, Training Loss: 0.1395, Train MSE: 0.1395, r (train): 0.8708, Test MSE: 0.2277, r (test): -0.0379
Epoch: 74, Training Loss: 0.0179, Train MSE: 0.0179, r (train): 0.8652, Test MSE: 0.1060, r (test): -0.0019
Epoch: 75, Training Loss: 0.0337, Train MSE: 0.0337, r (train): 0.8500, Test MSE: 0.1161, r (test): 0.0145
Epoch: 76, Training Loss: 0.0212, Train MSE: 0.0212, r (train): 0.8437, Test MSE: 0.1009, r (test): 0.0077
Epoch: 77, Training Loss: 0.0854, Train MSE: 0.0854, r (train): 0.8690, Test MSE: 0.1781, r (test): -0.0853
Epoch: 78, Training Loss: 0.0208, Train MSE: 0.0208, r (train): 0.8738, Test MSE: 0.1134, r (test): -0.0585
Epoch: 79, Training Loss: 0.0245, Train MSE: 0.0245, r (train): 0.8755, Test MSE: 0.1078, r (test): -0.0255
Epoch: 80, Training Loss: 0.0174, Train MSE: 0.0174, r (train): 0.8665, Test MSE: 0.1053, r (test): -0.0180
Epoch: 81, Training Loss: 0.0435, Train MSE: 0.0435, r (train): 0.8185, Test MSE: 0.1247, r (test): -0.0535
Epoch: 82, Training Loss: 0.0191, Train MSE: 0.0191, r (train): 0.8502, Test MSE: 0.1034, r (test): -0.0368
Epoch: 83, Training Loss: 0.0700, Train MSE: 0.0700, r (train): 0.8662, Test MSE: 0.1608, r (test): -0.0610
Epoch: 84, Training Loss: 0.0451, Train MSE: 0.0451, r (train): 0.8796, Test MSE: 0.1370, r (test): -0.0590
Epoch: 85, Training Loss: 0.0442, Train MSE: 0.0442, r (train): 0.8309, Test MSE: 0.1234, r (test): -0.0015
Epoch: 86, Training Loss: 0.0375, Train MSE: 0.0375, r (train): 0.8216, Test MSE: 0.1129, r (test): -0.0157
Epoch: 87, Training Loss: 0.0372, Train MSE: 0.0372, r (train): 0.8608, Test MSE: 0.1270, r (test): -0.0651
Epoch: 88, Training Loss: 0.0242, Train MSE: 0.0242, r (train): 0.8606, Test MSE: 0.1161, r (test): -0.0862
Epoch: 89, Training Loss: 0.0575, Train MSE: 0.0575, r (train): 0.8726, Test MSE: 0.1497, r (test): -0.0960
Epoch: 90, Training Loss: 0.0231, Train MSE: 0.0231, r (train): 0.8744, Test MSE: 0.1127, r (test): -0.0709
Epoch: 91, Training Loss: 0.0790, Train MSE: 0.0790, r (train): 0.8189, Test MSE: 0.1559, r (test): -0.0088
Epoch: 92, Training Loss: 0.0235, Train MSE: 0.0235, r (train): 0.8292, Test MSE: 0.1034, r (test): -0.0407
Epoch: 93, Training Loss: 0.0437, Train MSE: 0.0437, r (train): 0.8582, Test MSE: 0.1332, r (test): -0.0858
Epoch: 94, Training Loss: 0.0959, Train MSE: 0.0959, r (train): 0.8701, Test MSE: 0.1932, r (test): -0.1331
Epoch: 95, Training Loss: 0.0206, Train MSE: 0.0206, r (train): 0.8710, Test MSE: 0.1157, r (test): -0.1017
Epoch: 96, Training Loss: 0.0598, Train MSE: 0.0598, r (train): 0.7920, Test MSE: 0.1314, r (test): 0.0051
Epoch: 97, Training Loss: 0.0486, Train MSE: 0.0486, r (train): 0.8079, Test MSE: 0.1192, r (test): 0.0135
Epoch: 98, Training Loss: 0.0559, Train MSE: 0.0559, r (train): 0.8557, Test MSE: 0.1420, r (test): -0.0886
Epoch: 99, Training Loss: 0.1814, Train MSE: 0.1814, r (train): 0.8558, Test MSE: 0.2702, r (test): -0.1178
Predicted tensors for training set: 
tensor([1.2207, 1.0960, 0.6141, 0.9500, 0.9734, 0.8831, 1.2956, 1.0193, 0.9831,
        0.9080, 0.9818, 0.6974, 0.5875, 0.5155, 1.4908, 1.4976, 0.8397, 1.1541,
        1.2391, 0.5978, 1.4409, 0.6889, 0.4646, 0.9029, 0.4144, 0.7598, 1.0481,
        1.3351, 0.2922, 1.3192, 1.3700, 1.1309, 1.0059, 0.6848, 1.3897, 0.7497,
        0.8732, 0.7853, 1.1934, 0.8979, 0.7000, 0.9727, 1.1621, 1.0397, 0.9381,
        0.6822, 1.3164, 0.5938, 0.7213, 1.4580, 1.3023, 0.5818, 1.1859, 0.4223,
        0.9544, 1.0134, 1.1103, 1.0306, 0.5073, 1.1137, 1.2340, 0.8861, 1.1089,
        0.6999, 1.0513, 1.0837, 0.8341, 0.7323, 0.5933, 1.0470, 1.2343, 1.0661])
Target tensorsfor training set: 
tensor([0.5783, 0.5573, 0.1055, 0.4149, 0.4993, 0.4654, 0.7497, 0.6465, 0.8561,
        0.7171, 0.7507, 0.5178, 0.2271, 0.1493, 0.9127, 0.8524, 0.4513, 0.7144,
        0.7791, 0.2255, 0.9656, 0.3174, 0.1295, 0.4818, 0.0763, 0.3453, 0.5779,
        0.7950, 0.0478, 0.8411, 0.8453, 0.6992, 0.5719, 0.3309, 0.9492, 0.4373,
        0.1218, 0.0636, 0.4036, 0.1294, 0.5023, 0.7462, 0.8988, 0.7596, 0.5102,
        0.2916, 0.8418, 0.2594, 0.2394, 0.8556, 0.6576, 0.1360, 0.9215, 0.2649,
        0.6595, 0.7372, 0.6846, 0.6199, 0.2169, 0.6577, 0.8728, 0.6671, 0.8391,
        0.5300, 0.7270, 0.7125, 0.5220, 0.4440, 0.3829, 0.7901, 0.9535, 0.7371])
Correlation for training set: 0.8557987827461814
Predicted tensors for test set: 
tensor([0.8527, 0.6488, 0.7726, 1.1638, 0.7354, 1.0467, 0.8421, 0.9976, 0.9640,
        0.9048, 0.9712, 0.9161, 1.0840, 0.9321, 0.7291, 0.8313, 0.7826, 1.2353])
Target tensorsfor test set: 
tensor([0.3077, 0.0389, 0.5187, 0.4640, 0.5564, 0.0981, 0.4341, 0.4526, 0.5780,
        0.6240, 0.9150, 0.9117, 0.5658, 0.8363, 0.2464, 0.9072, 0.9621, 0.0246])
Correlation for test set: -0.11778515207849687
18 5
Fold 3
Epoch: 00, Training Loss: 0.0899, Train MSE: 0.0899, r (train): -0.2611, Test MSE: 0.0996, r (test): -0.6110
Epoch: 01, Training Loss: 0.1691, Train MSE: 0.1691, r (train): 0.2137, Test MSE: 0.1674, r (test): 0.1618
Epoch: 02, Training Loss: 0.2184, Train MSE: 0.2184, r (train): 0.5428, Test MSE: 0.2124, r (test): 0.5887
Epoch: 03, Training Loss: 0.1356, Train MSE: 0.1356, r (train): 0.7132, Test MSE: 0.1600, r (test): 0.4260
Epoch: 04, Training Loss: 0.0603, Train MSE: 0.0603, r (train): 0.7629, Test MSE: 0.0973, r (test): 0.4595
Epoch: 05, Training Loss: 0.5429, Train MSE: 0.5429, r (train): 0.7080, Test MSE: 0.5210, r (test): 0.4670
Epoch: 06, Training Loss: 0.9107, Train MSE: 0.9107, r (train): 0.6776, Test MSE: 0.8526, r (test): 0.4655
Epoch: 07, Training Loss: 0.3781, Train MSE: 0.3781, r (train): 0.7410, Test MSE: 0.4050, r (test): 0.4925
Epoch: 08, Training Loss: 0.0456, Train MSE: 0.0456, r (train): 0.7610, Test MSE: 0.1038, r (test): 0.3094
Epoch: 09, Training Loss: 0.5874, Train MSE: 0.5874, r (train): 0.7555, Test MSE: 0.5827, r (test): 0.3292
Epoch: 10, Training Loss: 0.0270, Train MSE: 0.0270, r (train): 0.7845, Test MSE: 0.0776, r (test): 0.3702
Epoch: 11, Training Loss: 0.0942, Train MSE: 0.0942, r (train): 0.7328, Test MSE: 0.1600, r (test): 0.1173
Epoch: 12, Training Loss: 0.0902, Train MSE: 0.0902, r (train): 0.7823, Test MSE: 0.1169, r (test): 0.5363
Epoch: 13, Training Loss: 0.0360, Train MSE: 0.0360, r (train): 0.7857, Test MSE: 0.0892, r (test): 0.3384
Epoch: 14, Training Loss: 0.0763, Train MSE: 0.0763, r (train): 0.7609, Test MSE: 0.1349, r (test): 0.2710
Epoch: 15, Training Loss: 0.0519, Train MSE: 0.0519, r (train): 0.7857, Test MSE: 0.1063, r (test): 0.3499
Epoch: 16, Training Loss: 0.0282, Train MSE: 0.0282, r (train): 0.7776, Test MSE: 0.0822, r (test): 0.3012
Epoch: 17, Training Loss: 0.0304, Train MSE: 0.0304, r (train): 0.7919, Test MSE: 0.0750, r (test): 0.4167
Epoch: 18, Training Loss: 0.0258, Train MSE: 0.0258, r (train): 0.7910, Test MSE: 0.0710, r (test): 0.4208
Epoch: 19, Training Loss: 0.0667, Train MSE: 0.0667, r (train): 0.7256, Test MSE: 0.1256, r (test): 0.1980
Epoch: 20, Training Loss: 0.1124, Train MSE: 0.1124, r (train): 0.7363, Test MSE: 0.1774, r (test): 0.1636
Epoch: 21, Training Loss: 0.0461, Train MSE: 0.0461, r (train): 0.7747, Test MSE: 0.0913, r (test): 0.3270
Epoch: 22, Training Loss: 0.0340, Train MSE: 0.0340, r (train): 0.7517, Test MSE: 0.0773, r (test): 0.3669
Epoch: 23, Training Loss: 0.0690, Train MSE: 0.0690, r (train): 0.7505, Test MSE: 0.1162, r (test): 0.3398
Epoch: 24, Training Loss: 0.0545, Train MSE: 0.0545, r (train): 0.7792, Test MSE: 0.0996, r (test): 0.3393
Epoch: 25, Training Loss: 0.0341, Train MSE: 0.0341, r (train): 0.7448, Test MSE: 0.0838, r (test): 0.3119
Epoch: 26, Training Loss: 0.0281, Train MSE: 0.0281, r (train): 0.7689, Test MSE: 0.0815, r (test): 0.2817
Epoch: 27, Training Loss: 0.0478, Train MSE: 0.0478, r (train): 0.7122, Test MSE: 0.0874, r (test): 0.3265
Epoch: 28, Training Loss: 0.0669, Train MSE: 0.0669, r (train): 0.7485, Test MSE: 0.1270, r (test): 0.2402
Epoch: 29, Training Loss: 0.0979, Train MSE: 0.0979, r (train): 0.7594, Test MSE: 0.1360, r (test): 0.3292
Epoch: 30, Training Loss: 0.0565, Train MSE: 0.0565, r (train): 0.7572, Test MSE: 0.1075, r (test): 0.3399
Epoch: 31, Training Loss: 0.0809, Train MSE: 0.0809, r (train): 0.7099, Test MSE: 0.1312, r (test): 0.2961
Epoch: 32, Training Loss: 0.2242, Train MSE: 0.2242, r (train): 0.7569, Test MSE: 0.2632, r (test): 0.4417
Epoch: 33, Training Loss: 0.0792, Train MSE: 0.0792, r (train): 0.6630, Test MSE: 0.1359, r (test): 0.0652
Epoch: 34, Training Loss: 0.0291, Train MSE: 0.0291, r (train): 0.7679, Test MSE: 0.0817, r (test): 0.2844
Epoch: 35, Training Loss: 0.0366, Train MSE: 0.0366, r (train): 0.7561, Test MSE: 0.0797, r (test): 0.3844
Epoch: 36, Training Loss: 0.0418, Train MSE: 0.0418, r (train): 0.7094, Test MSE: 0.0938, r (test): 0.2244
Epoch: 37, Training Loss: 0.0496, Train MSE: 0.0496, r (train): 0.7522, Test MSE: 0.0942, r (test): 0.3785
Epoch: 38, Training Loss: 0.0813, Train MSE: 0.0813, r (train): 0.7560, Test MSE: 0.1235, r (test): 0.3664
Epoch: 39, Training Loss: 0.1528, Train MSE: 0.1528, r (train): 0.6494, Test MSE: 0.2160, r (test): -0.0811
Epoch: 40, Training Loss: 0.0370, Train MSE: 0.0370, r (train): 0.7465, Test MSE: 0.0903, r (test): 0.2205
Epoch: 41, Training Loss: 0.0353, Train MSE: 0.0353, r (train): 0.6981, Test MSE: 0.0795, r (test): 0.2833
Epoch: 42, Training Loss: 0.0514, Train MSE: 0.0514, r (train): 0.7306, Test MSE: 0.0906, r (test): 0.4160
Epoch: 43, Training Loss: 0.0317, Train MSE: 0.0317, r (train): 0.7458, Test MSE: 0.0814, r (test): 0.3125
Epoch: 44, Training Loss: 0.0667, Train MSE: 0.0667, r (train): 0.7308, Test MSE: 0.1107, r (test): 0.3249
Epoch: 45, Training Loss: 0.0821, Train MSE: 0.0821, r (train): 0.7192, Test MSE: 0.1378, r (test): 0.1879
Epoch: 46, Training Loss: 0.0358, Train MSE: 0.0358, r (train): 0.7120, Test MSE: 0.0855, r (test): 0.2242
Epoch: 47, Training Loss: 0.3142, Train MSE: 0.3142, r (train): 0.7466, Test MSE: 0.3632, r (test): 0.4577
Epoch: 48, Training Loss: 0.0449, Train MSE: 0.0449, r (train): 0.7663, Test MSE: 0.0899, r (test): 0.4227
Epoch: 49, Training Loss: 0.0350, Train MSE: 0.0350, r (train): 0.7227, Test MSE: 0.0892, r (test): 0.2055
Epoch: 50, Training Loss: 0.0421, Train MSE: 0.0421, r (train): 0.7339, Test MSE: 0.0935, r (test): 0.2240
Epoch: 51, Training Loss: 0.0477, Train MSE: 0.0477, r (train): 0.7538, Test MSE: 0.0863, r (test): 0.4496
Epoch: 52, Training Loss: 0.0391, Train MSE: 0.0391, r (train): 0.7040, Test MSE: 0.0700, r (test): 0.4561
Epoch: 53, Training Loss: 1.3267, Train MSE: 1.3267, r (train): 0.7743, Test MSE: 1.3877, r (test): 0.4936
Epoch: 54, Training Loss: 0.0785, Train MSE: 0.0785, r (train): 0.7570, Test MSE: 0.1303, r (test): 0.2866
Epoch: 55, Training Loss: 0.1100, Train MSE: 0.1100, r (train): 0.7390, Test MSE: 0.1495, r (test): 0.3103
Epoch: 56, Training Loss: 0.0419, Train MSE: 0.0419, r (train): 0.7667, Test MSE: 0.0900, r (test): 0.3386
Epoch: 57, Training Loss: 0.0959, Train MSE: 0.0959, r (train): 0.7511, Test MSE: 0.1365, r (test): 0.4560
Epoch: 58, Training Loss: 0.1311, Train MSE: 0.1311, r (train): 0.5727, Test MSE: 0.1710, r (test): -0.0038
Epoch: 59, Training Loss: 0.1281, Train MSE: 0.1281, r (train): 0.7472, Test MSE: 0.1838, r (test): 0.3254
Epoch: 60, Training Loss: 0.0797, Train MSE: 0.0797, r (train): 0.7694, Test MSE: 0.1333, r (test): 0.3361
Epoch: 61, Training Loss: 0.0411, Train MSE: 0.0411, r (train): 0.7007, Test MSE: 0.0991, r (test): 0.0082
Epoch: 62, Training Loss: 0.1388, Train MSE: 0.1388, r (train): 0.7553, Test MSE: 0.1898, r (test): 0.4286
Epoch: 63, Training Loss: 0.1406, Train MSE: 0.1406, r (train): 0.7183, Test MSE: 0.1701, r (test): 0.2765
Epoch: 64, Training Loss: 0.4413, Train MSE: 0.4413, r (train): 0.7696, Test MSE: 0.4895, r (test): 0.3700
Epoch: 65, Training Loss: 0.0404, Train MSE: 0.0404, r (train): 0.7248, Test MSE: 0.0935, r (test): 0.2148
Epoch: 66, Training Loss: 0.0339, Train MSE: 0.0339, r (train): 0.7204, Test MSE: 0.0910, r (test): 0.1666
Epoch: 67, Training Loss: 0.1059, Train MSE: 0.1059, r (train): 0.7631, Test MSE: 0.1638, r (test): 0.3441
Epoch: 68, Training Loss: 0.0621, Train MSE: 0.0621, r (train): 0.7333, Test MSE: 0.1138, r (test): 0.2360
Epoch: 69, Training Loss: 0.0540, Train MSE: 0.0540, r (train): 0.7270, Test MSE: 0.1108, r (test): 0.2009
Epoch: 70, Training Loss: 0.0634, Train MSE: 0.0634, r (train): 0.7071, Test MSE: 0.1174, r (test): 0.1666
Epoch: 71, Training Loss: 0.2340, Train MSE: 0.2340, r (train): 0.7507, Test MSE: 0.3012, r (test): 0.3581
Epoch: 72, Training Loss: 0.0348, Train MSE: 0.0348, r (train): 0.7807, Test MSE: 0.0902, r (test): 0.2925
Epoch: 73, Training Loss: 0.0643, Train MSE: 0.0643, r (train): 0.7437, Test MSE: 0.1280, r (test): 0.1073
Epoch: 74, Training Loss: 0.0316, Train MSE: 0.0316, r (train): 0.7499, Test MSE: 0.0788, r (test): 0.3316
Epoch: 75, Training Loss: 0.0506, Train MSE: 0.0506, r (train): 0.7266, Test MSE: 0.1016, r (test): 0.3075
Epoch: 76, Training Loss: 0.1350, Train MSE: 0.1350, r (train): 0.7571, Test MSE: 0.1935, r (test): 0.3269
Epoch: 77, Training Loss: 0.0313, Train MSE: 0.0313, r (train): 0.7757, Test MSE: 0.0877, r (test): 0.2517
Epoch: 78, Training Loss: 0.1105, Train MSE: 0.1105, r (train): 0.7210, Test MSE: 0.1584, r (test): 0.1199
Epoch: 79, Training Loss: 0.0382, Train MSE: 0.0382, r (train): 0.7036, Test MSE: 0.0914, r (test): 0.1445
Epoch: 80, Training Loss: 0.2210, Train MSE: 0.2210, r (train): 0.7610, Test MSE: 0.2767, r (test): 0.4174
Epoch: 81, Training Loss: 0.0429, Train MSE: 0.0429, r (train): 0.7587, Test MSE: 0.0997, r (test): 0.2752
Epoch: 82, Training Loss: 0.0380, Train MSE: 0.0380, r (train): 0.7643, Test MSE: 0.0924, r (test): 0.3150
Epoch: 83, Training Loss: 0.0328, Train MSE: 0.0328, r (train): 0.7297, Test MSE: 0.0773, r (test): 0.3323
Epoch: 84, Training Loss: 0.0551, Train MSE: 0.0551, r (train): 0.7293, Test MSE: 0.1087, r (test): 0.1947
Epoch: 85, Training Loss: 0.0501, Train MSE: 0.0501, r (train): 0.7558, Test MSE: 0.1059, r (test): 0.2211
Epoch: 86, Training Loss: 0.2273, Train MSE: 0.2273, r (train): 0.7688, Test MSE: 0.2823, r (test): 0.4657
Epoch: 87, Training Loss: 0.0448, Train MSE: 0.0448, r (train): 0.7477, Test MSE: 0.1001, r (test): 0.1585
Epoch: 88, Training Loss: 0.0344, Train MSE: 0.0344, r (train): 0.7202, Test MSE: 0.0864, r (test): 0.2155
Epoch: 89, Training Loss: 0.0335, Train MSE: 0.0335, r (train): 0.7649, Test MSE: 0.0816, r (test): 0.3458
Epoch: 90, Training Loss: 0.0289, Train MSE: 0.0289, r (train): 0.7680, Test MSE: 0.0841, r (test): 0.2487
Epoch: 91, Training Loss: 0.0288, Train MSE: 0.0288, r (train): 0.7667, Test MSE: 0.0802, r (test): 0.2888
Epoch: 92, Training Loss: 0.0420, Train MSE: 0.0420, r (train): 0.7449, Test MSE: 0.0895, r (test): 0.3962
Epoch: 93, Training Loss: 0.0332, Train MSE: 0.0332, r (train): 0.7460, Test MSE: 0.0942, r (test): 0.1359
Epoch: 94, Training Loss: 0.0296, Train MSE: 0.0296, r (train): 0.7736, Test MSE: 0.0889, r (test): 0.1978
Epoch: 95, Training Loss: 0.2858, Train MSE: 0.2858, r (train): 0.7689, Test MSE: 0.3377, r (test): 0.4383
Epoch: 96, Training Loss: 0.0556, Train MSE: 0.0556, r (train): 0.7335, Test MSE: 0.1145, r (test): 0.0613
Epoch: 97, Training Loss: 0.1107, Train MSE: 0.1107, r (train): 0.6904, Test MSE: 0.1754, r (test): -0.1314
Epoch: 98, Training Loss: 0.0465, Train MSE: 0.0465, r (train): 0.7920, Test MSE: 0.0971, r (test): 0.3714
Epoch: 99, Training Loss: 0.0351, Train MSE: 0.0351, r (train): 0.7254, Test MSE: 0.0913, r (test): 0.1491
Predicted tensors for training set: 
tensor([0.6510, 0.8623, 0.4179, 0.5129, 0.5375, 0.4987, 0.6733, 0.6806, 0.7897,
        0.4864, 0.5115, 0.3671, 0.3670, 0.3052, 0.9966, 0.8440, 0.5266, 0.7389,
        0.5981, 0.2789, 0.8138, 0.6839, 0.7160, 0.4851, 0.4456, 0.6206, 0.6579,
        0.6574, 0.9850, 0.6061, 0.4700, 0.5988, 0.3494, 0.9233, 1.1011, 0.3023,
        0.6433, 0.5315, 0.6183, 0.6511, 0.4943, 0.5199, 0.7916, 0.8329, 0.5663,
        0.4677, 0.9415, 0.4639, 0.3680, 1.0227, 0.7375, 0.3604, 0.7821, 0.3460,
        0.5558, 0.7280, 0.7511, 0.5884, 0.3498, 0.6326, 0.7147, 0.5861, 0.6121,
        0.4799, 0.5414, 0.5631, 0.5025, 0.4159, 0.3997, 0.5574, 0.7658, 0.6982])
Target tensorsfor training set: 
tensor([0.5783, 0.5573, 0.1055, 0.4149, 0.4993, 0.4654, 0.7497, 0.6465, 0.8561,
        0.7171, 0.7507, 0.5178, 0.2271, 0.1493, 0.9127, 0.8524, 0.4513, 0.7144,
        0.3077, 0.0389, 0.5187, 0.4640, 0.5564, 0.0981, 0.4341, 0.4526, 0.5780,
        0.6240, 0.9150, 0.9117, 0.5658, 0.8363, 0.2464, 0.9072, 0.9621, 0.0246,
        0.1218, 0.0636, 0.4036, 0.1294, 0.5023, 0.7462, 0.8988, 0.7596, 0.5102,
        0.2916, 0.8418, 0.2594, 0.2394, 0.8556, 0.6576, 0.1360, 0.9215, 0.2649,
        0.6595, 0.7372, 0.6846, 0.6199, 0.2169, 0.6577, 0.8728, 0.6671, 0.8391,
        0.5300, 0.7270, 0.7125, 0.5220, 0.4440, 0.3829, 0.7901, 0.9535, 0.7371])
Correlation for training set: 0.7253860668369907
Predicted tensors for test set: 
tensor([0.7366, 0.6828, 0.4572, 0.7438, 0.4916, 0.4531, 0.4583, 0.4806, 0.6335,
        0.5774, 0.4582, 0.5163, 0.7545, 0.7305, 0.5889, 0.5676, 0.4154, 0.5852])
Target tensorsfor test set: 
tensor([0.7791, 0.2255, 0.9656, 0.3174, 0.1295, 0.4818, 0.0763, 0.3453, 0.5779,
        0.7950, 0.0478, 0.8411, 0.8453, 0.6992, 0.5719, 0.3309, 0.9492, 0.4373])
Correlation for test set: 0.14906281158267054
18 5
Fold 4
Epoch: 00, Training Loss: 0.0708, Train MSE: 0.0708, r (train): -0.3484, Test MSE: 0.0882, r (test): -0.3144
Epoch: 01, Training Loss: 0.1842, Train MSE: 0.1842, r (train): -0.1117, Test MSE: 0.1514, r (test): -0.2673
Epoch: 02, Training Loss: 0.3392, Train MSE: 0.3392, r (train): 0.6963, Test MSE: 0.2779, r (test): 0.4052
Epoch: 03, Training Loss: 0.3072, Train MSE: 0.3072, r (train): 0.8098, Test MSE: 0.2658, r (test): 0.1399
Epoch: 04, Training Loss: 0.0553, Train MSE: 0.0553, r (train): 0.7448, Test MSE: 0.1403, r (test): 0.4148
Epoch: 05, Training Loss: 5.6137, Train MSE: 5.6137, r (train): 0.7711, Test MSE: 6.1899, r (test): 0.3204
Epoch: 06, Training Loss: 0.1016, Train MSE: 0.1016, r (train): 0.8146, Test MSE: 0.1135, r (test): 0.4169
Epoch: 07, Training Loss: 0.2892, Train MSE: 0.2892, r (train): 0.7949, Test MSE: 0.4893, r (test): 0.0398
Epoch: 08, Training Loss: 0.1057, Train MSE: 0.1057, r (train): 0.8289, Test MSE: 0.1948, r (test): 0.4825
Epoch: 09, Training Loss: 0.0497, Train MSE: 0.0497, r (train): 0.8522, Test MSE: 0.0890, r (test): 0.3096
Epoch: 10, Training Loss: 0.0224, Train MSE: 0.0224, r (train): 0.8285, Test MSE: 0.0895, r (test): 0.2065
Epoch: 11, Training Loss: 0.0236, Train MSE: 0.0236, r (train): 0.8535, Test MSE: 0.0962, r (test): 0.3924
Epoch: 12, Training Loss: 0.0386, Train MSE: 0.0386, r (train): 0.8414, Test MSE: 0.0880, r (test): 0.2281
Epoch: 13, Training Loss: 0.0559, Train MSE: 0.0559, r (train): 0.8357, Test MSE: 0.0930, r (test): 0.2507
Epoch: 14, Training Loss: 0.0205, Train MSE: 0.0205, r (train): 0.8532, Test MSE: 0.0924, r (test): 0.3398
Epoch: 15, Training Loss: 0.0207, Train MSE: 0.0207, r (train): 0.8460, Test MSE: 0.0844, r (test): 0.2673
Epoch: 16, Training Loss: 0.0694, Train MSE: 0.0694, r (train): 0.8282, Test MSE: 0.1022, r (test): 0.2391
Epoch: 17, Training Loss: 0.0268, Train MSE: 0.0268, r (train): 0.8436, Test MSE: 0.0824, r (test): 0.2508
Epoch: 18, Training Loss: 0.0219, Train MSE: 0.0219, r (train): 0.8417, Test MSE: 0.0817, r (test): 0.2699
Epoch: 19, Training Loss: 0.0196, Train MSE: 0.0196, r (train): 0.8428, Test MSE: 0.0844, r (test): 0.2970
Epoch: 20, Training Loss: 0.0491, Train MSE: 0.0491, r (train): 0.8217, Test MSE: 0.0927, r (test): 0.2335
Epoch: 21, Training Loss: 0.0517, Train MSE: 0.0517, r (train): 0.8126, Test MSE: 0.0978, r (test): 0.1545
Epoch: 22, Training Loss: 0.0645, Train MSE: 0.0645, r (train): 0.8258, Test MSE: 0.0988, r (test): 0.2397
Epoch: 23, Training Loss: 0.0730, Train MSE: 0.0730, r (train): 0.8301, Test MSE: 0.1711, r (test): 0.2959
Epoch: 24, Training Loss: 0.0621, Train MSE: 0.0621, r (train): 0.8283, Test MSE: 0.1513, r (test): 0.2778
Epoch: 25, Training Loss: 0.0869, Train MSE: 0.0869, r (train): 0.7734, Test MSE: 0.1233, r (test): 0.0815
Epoch: 26, Training Loss: 0.0515, Train MSE: 0.0515, r (train): 0.8141, Test MSE: 0.0898, r (test): 0.2960
Epoch: 27, Training Loss: 0.0275, Train MSE: 0.0275, r (train): 0.8228, Test MSE: 0.1021, r (test): 0.2445
Epoch: 28, Training Loss: 0.0245, Train MSE: 0.0245, r (train): 0.8142, Test MSE: 0.0852, r (test): 0.1869
Epoch: 29, Training Loss: 0.0285, Train MSE: 0.0285, r (train): 0.8194, Test MSE: 0.0998, r (test): 0.3094
Epoch: 30, Training Loss: 0.0238, Train MSE: 0.0238, r (train): 0.8122, Test MSE: 0.0860, r (test): 0.2981
Epoch: 31, Training Loss: 0.0432, Train MSE: 0.0432, r (train): 0.8131, Test MSE: 0.1105, r (test): 0.2849
Epoch: 32, Training Loss: 0.0711, Train MSE: 0.0711, r (train): 0.7811, Test MSE: 0.1088, r (test): 0.1570
Epoch: 33, Training Loss: 0.0247, Train MSE: 0.0247, r (train): 0.8048, Test MSE: 0.0792, r (test): 0.3247
Epoch: 34, Training Loss: 0.0791, Train MSE: 0.0791, r (train): 0.7938, Test MSE: 0.1699, r (test): 0.2144
Epoch: 35, Training Loss: 0.0416, Train MSE: 0.0416, r (train): 0.7791, Test MSE: 0.1027, r (test): 0.3324
Epoch: 36, Training Loss: 0.1520, Train MSE: 0.1520, r (train): 0.6996, Test MSE: 0.1668, r (test): 0.3477
Epoch: 37, Training Loss: 1.4758, Train MSE: 1.4758, r (train): 0.8005, Test MSE: 1.6433, r (test): 0.2028
Epoch: 38, Training Loss: 0.2292, Train MSE: 0.2292, r (train): 0.6561, Test MSE: 0.2314, r (test): 0.0557
Epoch: 39, Training Loss: 0.0325, Train MSE: 0.0325, r (train): 0.7458, Test MSE: 0.0853, r (test): 0.2799
Epoch: 40, Training Loss: 0.0711, Train MSE: 0.0711, r (train): 0.7690, Test MSE: 0.1477, r (test): 0.2624
Epoch: 41, Training Loss: 0.0941, Train MSE: 0.0941, r (train): 0.7049, Test MSE: 0.1243, r (test): 0.2480
Epoch: 42, Training Loss: 0.2986, Train MSE: 0.2986, r (train): 0.7470, Test MSE: 0.3900, r (test): 0.3019
Epoch: 43, Training Loss: 0.1243, Train MSE: 0.1243, r (train): 0.7304, Test MSE: 0.1413, r (test): 0.3570
Epoch: 44, Training Loss: 0.1733, Train MSE: 0.1733, r (train): 0.7116, Test MSE: 0.2321, r (test): 0.1849
Epoch: 45, Training Loss: 0.0311, Train MSE: 0.0311, r (train): 0.7630, Test MSE: 0.0805, r (test): 0.2681
Epoch: 46, Training Loss: 0.2160, Train MSE: 0.2160, r (train): 0.8115, Test MSE: 0.3105, r (test): 0.2430
Epoch: 47, Training Loss: 0.1165, Train MSE: 0.1165, r (train): 0.8248, Test MSE: 0.2302, r (test): 0.0949
Epoch: 48, Training Loss: 0.0246, Train MSE: 0.0246, r (train): 0.8231, Test MSE: 0.0886, r (test): 0.3185
Epoch: 49, Training Loss: 0.1461, Train MSE: 0.1461, r (train): 0.8049, Test MSE: 0.2468, r (test): 0.2335
Epoch: 50, Training Loss: 0.1647, Train MSE: 0.1647, r (train): 0.7293, Test MSE: 0.1864, r (test): 0.1420
Epoch: 51, Training Loss: 0.0296, Train MSE: 0.0296, r (train): 0.7601, Test MSE: 0.0915, r (test): 0.1058
Epoch: 52, Training Loss: 0.0398, Train MSE: 0.0398, r (train): 0.7987, Test MSE: 0.1089, r (test): 0.3073
Epoch: 53, Training Loss: 0.1017, Train MSE: 0.1017, r (train): 0.7917, Test MSE: 0.1764, r (test): 0.4205
Epoch: 54, Training Loss: 0.3946, Train MSE: 0.3946, r (train): 0.8098, Test MSE: 0.5225, r (test): 0.2167
Epoch: 55, Training Loss: 0.1029, Train MSE: 0.1029, r (train): 0.7633, Test MSE: 0.1323, r (test): 0.1976
Epoch: 56, Training Loss: 0.0266, Train MSE: 0.0266, r (train): 0.7940, Test MSE: 0.0868, r (test): 0.1969
Epoch: 57, Training Loss: 0.0353, Train MSE: 0.0353, r (train): 0.7729, Test MSE: 0.0857, r (test): 0.1724
Epoch: 58, Training Loss: 0.0737, Train MSE: 0.0737, r (train): 0.7861, Test MSE: 0.1435, r (test): 0.3094
Epoch: 59, Training Loss: 0.0346, Train MSE: 0.0346, r (train): 0.8041, Test MSE: 0.1019, r (test): 0.2323
Epoch: 60, Training Loss: 0.0558, Train MSE: 0.0558, r (train): 0.7837, Test MSE: 0.1023, r (test): 0.0621
Epoch: 61, Training Loss: 0.0331, Train MSE: 0.0331, r (train): 0.8046, Test MSE: 0.1042, r (test): 0.3251
Epoch: 62, Training Loss: 0.0857, Train MSE: 0.0857, r (train): 0.7490, Test MSE: 0.1170, r (test): 0.1572
Epoch: 63, Training Loss: 0.6779, Train MSE: 0.6779, r (train): 0.7908, Test MSE: 0.7678, r (test): 0.2697
Epoch: 64, Training Loss: 0.0342, Train MSE: 0.0342, r (train): 0.7872, Test MSE: 0.0884, r (test): 0.1366
Epoch: 65, Training Loss: 0.1149, Train MSE: 0.1149, r (train): 0.8339, Test MSE: 0.2174, r (test): 0.2702
Epoch: 66, Training Loss: 0.0311, Train MSE: 0.0311, r (train): 0.7592, Test MSE: 0.0822, r (test): 0.2327
Epoch: 67, Training Loss: 0.0267, Train MSE: 0.0267, r (train): 0.7814, Test MSE: 0.0849, r (test): 0.2457
Epoch: 68, Training Loss: 0.0336, Train MSE: 0.0336, r (train): 0.7685, Test MSE: 0.0843, r (test): 0.2204
Epoch: 69, Training Loss: 0.0303, Train MSE: 0.0303, r (train): 0.8119, Test MSE: 0.1002, r (test): 0.2344
Epoch: 70, Training Loss: 0.0758, Train MSE: 0.0758, r (train): 0.8059, Test MSE: 0.1639, r (test): 0.2123
Epoch: 71, Training Loss: 0.0361, Train MSE: 0.0361, r (train): 0.7779, Test MSE: 0.0851, r (test): 0.2090
Epoch: 72, Training Loss: 0.0502, Train MSE: 0.0502, r (train): 0.7470, Test MSE: 0.0943, r (test): 0.1715
Epoch: 73, Training Loss: 0.0697, Train MSE: 0.0697, r (train): 0.8053, Test MSE: 0.1442, r (test): 0.3112
Epoch: 74, Training Loss: 0.2471, Train MSE: 0.2471, r (train): 0.8247, Test MSE: 0.3692, r (test): 0.2627
Epoch: 75, Training Loss: 0.0440, Train MSE: 0.0440, r (train): 0.7469, Test MSE: 0.0924, r (test): 0.1006
Epoch: 76, Training Loss: 0.0847, Train MSE: 0.0847, r (train): 0.7377, Test MSE: 0.1210, r (test): 0.1823
Epoch: 77, Training Loss: 0.0345, Train MSE: 0.0345, r (train): 0.7765, Test MSE: 0.0802, r (test): 0.2974
Epoch: 78, Training Loss: 0.0325, Train MSE: 0.0325, r (train): 0.8030, Test MSE: 0.0979, r (test): 0.2939
Epoch: 79, Training Loss: 0.3141, Train MSE: 0.3141, r (train): 0.8039, Test MSE: 0.4221, r (test): 0.1901
Epoch: 80, Training Loss: 0.0564, Train MSE: 0.0564, r (train): 0.7669, Test MSE: 0.0977, r (test): 0.1988
Epoch: 81, Training Loss: 0.0649, Train MSE: 0.0649, r (train): 0.7382, Test MSE: 0.0991, r (test): 0.2270
Epoch: 82, Training Loss: 0.0234, Train MSE: 0.0234, r (train): 0.8069, Test MSE: 0.0794, r (test): 0.3432
Epoch: 83, Training Loss: 0.3262, Train MSE: 0.3262, r (train): 0.8114, Test MSE: 0.4303, r (test): 0.2562
Epoch: 84, Training Loss: 0.0322, Train MSE: 0.0322, r (train): 0.7874, Test MSE: 0.0859, r (test): 0.1708
Epoch: 85, Training Loss: 0.0299, Train MSE: 0.0299, r (train): 0.7810, Test MSE: 0.0843, r (test): 0.1831
Epoch: 86, Training Loss: 0.0371, Train MSE: 0.0371, r (train): 0.7983, Test MSE: 0.0794, r (test): 0.3533
Epoch: 87, Training Loss: 0.0385, Train MSE: 0.0385, r (train): 0.7876, Test MSE: 0.0960, r (test): 0.2941
Epoch: 88, Training Loss: 0.0665, Train MSE: 0.0665, r (train): 0.7973, Test MSE: 0.1378, r (test): 0.2231
Epoch: 89, Training Loss: 0.0433, Train MSE: 0.0433, r (train): 0.8152, Test MSE: 0.1223, r (test): 0.2591
Epoch: 90, Training Loss: 0.0452, Train MSE: 0.0452, r (train): 0.7473, Test MSE: 0.0893, r (test): 0.2196
Epoch: 91, Training Loss: 0.0317, Train MSE: 0.0317, r (train): 0.7950, Test MSE: 0.0856, r (test): 0.2161
Epoch: 92, Training Loss: 0.0379, Train MSE: 0.0379, r (train): 0.8137, Test MSE: 0.1088, r (test): 0.3231
Epoch: 93, Training Loss: 0.0322, Train MSE: 0.0322, r (train): 0.7915, Test MSE: 0.0954, r (test): 0.2384
Epoch: 94, Training Loss: 0.0360, Train MSE: 0.0360, r (train): 0.7649, Test MSE: 0.0851, r (test): 0.2073
Epoch: 95, Training Loss: 0.0952, Train MSE: 0.0952, r (train): 0.7990, Test MSE: 0.1619, r (test): 0.3453
Epoch: 96, Training Loss: 0.0264, Train MSE: 0.0264, r (train): 0.7939, Test MSE: 0.0802, r (test): 0.2852
Epoch: 97, Training Loss: 0.0530, Train MSE: 0.0530, r (train): 0.8174, Test MSE: 0.1314, r (test): 0.2876
Epoch: 98, Training Loss: 0.0542, Train MSE: 0.0542, r (train): 0.7604, Test MSE: 0.1029, r (test): 0.0996
Epoch: 99, Training Loss: 0.0286, Train MSE: 0.0286, r (train): 0.7777, Test MSE: 0.0905, r (test): 0.1812
Predicted tensors for training set: 
tensor([0.8062, 0.7578, 0.3491, 0.6559, 0.4473, 0.4056, 0.5907, 0.5536, 0.5066,
        0.4883, 0.4771, 0.3045, 0.4151, 0.3379, 1.2080, 1.1492, 0.6601, 0.9624,
        0.5466, 0.2248, 0.6860, 0.6163, 0.6717, 0.1995, 0.5210, 0.4882, 0.6796,
        0.7174, 0.6607, 0.6986, 0.3679, 0.6207, 0.3060, 1.0419, 1.1090, 0.0568,
        0.8565, 0.2877, 1.0617, 0.3684, 0.3693, 0.8327, 0.2685, 0.5366, 0.6910,
        0.8920, 0.1130, 0.9671, 0.9112, 0.7553, 0.6648, 0.4097, 0.6898, 0.2849,
        0.4809, 0.5123, 0.6372, 0.5849, 0.2666, 0.6163, 0.7634, 0.5876, 0.7685,
        0.4330, 0.6167, 0.6521, 0.4969, 0.4122, 0.2380, 0.6293, 0.6990, 0.5156])
Target tensorsfor training set: 
tensor([0.5783, 0.5573, 0.1055, 0.4149, 0.4993, 0.4654, 0.7497, 0.6465, 0.8561,
        0.7171, 0.7507, 0.5178, 0.2271, 0.1493, 0.9127, 0.8524, 0.4513, 0.7144,
        0.3077, 0.0389, 0.5187, 0.4640, 0.5564, 0.0981, 0.4341, 0.4526, 0.5780,
        0.6240, 0.9150, 0.9117, 0.5658, 0.8363, 0.2464, 0.9072, 0.9621, 0.0246,
        0.7791, 0.2255, 0.9656, 0.3174, 0.1295, 0.4818, 0.0763, 0.3453, 0.5779,
        0.7950, 0.0478, 0.8411, 0.8453, 0.6992, 0.5719, 0.3309, 0.9492, 0.4373,
        0.6595, 0.7372, 0.6846, 0.6199, 0.2169, 0.6577, 0.8728, 0.6671, 0.8391,
        0.5300, 0.7270, 0.7125, 0.5220, 0.4440, 0.3829, 0.7901, 0.9535, 0.7371])
Correlation for training set: 0.7777286790948728
Predicted tensors for test set: 
tensor([0.5351, 0.5614, 0.4942, 0.4550, 0.5501, 0.5615, 0.5441, 0.3642, 0.5469,
        0.4723, 0.6730, 0.5734, 0.7143, 0.5096, 0.7673, 0.4205, 0.5884, 0.5241])
Target tensorsfor test set: 
tensor([0.1218, 0.0636, 0.4036, 0.1294, 0.5023, 0.7462, 0.8988, 0.7596, 0.5102,
        0.2916, 0.8418, 0.2594, 0.2394, 0.8556, 0.6576, 0.1360, 0.9215, 0.2649])
Correlation for test set: 0.18119327678166583
18 5
Fold 5
Epoch: 00, Training Loss: 0.1355, Train MSE: 0.1355, r (train): -0.2769, Test MSE: 0.1659, r (test): -0.6004
Epoch: 01, Training Loss: 0.2620, Train MSE: 0.2620, r (train): 0.5431, Test MSE: 0.3445, r (test): 0.3229
Epoch: 02, Training Loss: 0.3904, Train MSE: 0.3904, r (train): 0.7134, Test MSE: 0.5270, r (test): 0.3626
Epoch: 03, Training Loss: 0.1952, Train MSE: 0.1952, r (train): 0.8651, Test MSE: 0.3482, r (test): 0.3591
Epoch: 04, Training Loss: 0.4752, Train MSE: 0.4752, r (train): 0.7876, Test MSE: 0.2551, r (test): 0.3069
Epoch: 05, Training Loss: 1.1745, Train MSE: 1.1745, r (train): 0.8474, Test MSE: 0.7677, r (test): 0.3375
Epoch: 06, Training Loss: 0.5604, Train MSE: 0.5604, r (train): 0.8523, Test MSE: 0.3076, r (test): 0.2095
Epoch: 07, Training Loss: 0.2101, Train MSE: 0.2101, r (train): 0.8523, Test MSE: 0.0863, r (test): 0.2913
Epoch: 08, Training Loss: 0.0398, Train MSE: 0.0398, r (train): 0.8635, Test MSE: 0.0542, r (test): 0.2684
Epoch: 09, Training Loss: 0.3211, Train MSE: 0.3211, r (train): 0.8462, Test MSE: 0.1615, r (test): 0.1186
Epoch: 10, Training Loss: 0.0826, Train MSE: 0.0826, r (train): 0.8639, Test MSE: 0.2474, r (test): 0.1783
Epoch: 11, Training Loss: 0.0836, Train MSE: 0.0836, r (train): 0.8614, Test MSE: 0.2398, r (test): 0.2001
Epoch: 12, Training Loss: 0.2408, Train MSE: 0.2408, r (train): 0.8705, Test MSE: 0.1236, r (test): 0.2502
Epoch: 13, Training Loss: 0.0217, Train MSE: 0.0217, r (train): 0.8828, Test MSE: 0.0629, r (test): 0.1858
Epoch: 14, Training Loss: 0.0255, Train MSE: 0.0255, r (train): 0.8870, Test MSE: 0.1285, r (test): 0.1997
Epoch: 15, Training Loss: 0.0817, Train MSE: 0.0817, r (train): 0.8818, Test MSE: 0.2428, r (test): 0.1768
Epoch: 16, Training Loss: 0.0180, Train MSE: 0.0180, r (train): 0.8938, Test MSE: 0.0989, r (test): 0.2199
Epoch: 17, Training Loss: 0.0390, Train MSE: 0.0390, r (train): 0.8959, Test MSE: 0.0454, r (test): 0.1933
Epoch: 18, Training Loss: 0.0162, Train MSE: 0.0162, r (train): 0.8957, Test MSE: 0.0779, r (test): 0.1969
Epoch: 19, Training Loss: 0.4427, Train MSE: 0.4427, r (train): 0.8481, Test MSE: 0.7039, r (test): 0.2559
Epoch: 20, Training Loss: 0.0181, Train MSE: 0.0181, r (train): 0.8829, Test MSE: 0.0867, r (test): 0.2279
Epoch: 21, Training Loss: 0.0850, Train MSE: 0.0850, r (train): 0.8862, Test MSE: 0.0458, r (test): 0.2551
Epoch: 22, Training Loss: 0.0196, Train MSE: 0.0196, r (train): 0.8825, Test MSE: 0.0648, r (test): 0.1955
Epoch: 23, Training Loss: 0.2717, Train MSE: 0.2717, r (train): 0.8630, Test MSE: 0.4940, r (test): 0.2852
Epoch: 24, Training Loss: 0.0176, Train MSE: 0.0176, r (train): 0.8859, Test MSE: 0.0785, r (test): 0.2343
Epoch: 25, Training Loss: 0.0362, Train MSE: 0.0362, r (train): 0.8938, Test MSE: 0.0446, r (test): 0.2381
Epoch: 26, Training Loss: 0.0260, Train MSE: 0.0260, r (train): 0.8798, Test MSE: 0.1279, r (test): 0.1928
Epoch: 27, Training Loss: 0.1191, Train MSE: 0.1191, r (train): 0.8647, Test MSE: 0.2987, r (test): 0.2879
Epoch: 28, Training Loss: 0.0212, Train MSE: 0.0212, r (train): 0.8806, Test MSE: 0.1044, r (test): 0.2227
Epoch: 29, Training Loss: 0.0201, Train MSE: 0.0201, r (train): 0.8870, Test MSE: 0.0597, r (test): 0.2502
Epoch: 30, Training Loss: 0.0554, Train MSE: 0.0554, r (train): 0.8738, Test MSE: 0.0496, r (test): 0.2081
Epoch: 31, Training Loss: 0.1624, Train MSE: 0.1624, r (train): 0.8493, Test MSE: 0.3505, r (test): 0.2757
Epoch: 32, Training Loss: 0.0194, Train MSE: 0.0194, r (train): 0.8738, Test MSE: 0.0746, r (test): 0.2589
Epoch: 33, Training Loss: 0.1624, Train MSE: 0.1624, r (train): 0.8741, Test MSE: 0.0786, r (test): 0.2499
Epoch: 34, Training Loss: 0.0350, Train MSE: 0.0350, r (train): 0.8697, Test MSE: 0.1444, r (test): 0.2275
Epoch: 35, Training Loss: 0.0223, Train MSE: 0.0223, r (train): 0.8748, Test MSE: 0.0633, r (test): 0.2567
Epoch: 36, Training Loss: 0.0252, Train MSE: 0.0252, r (train): 0.8691, Test MSE: 0.1205, r (test): 0.2576
Epoch: 37, Training Loss: 0.0207, Train MSE: 0.0207, r (train): 0.8881, Test MSE: 0.0629, r (test): 0.1973
Epoch: 38, Training Loss: 0.0242, Train MSE: 0.0242, r (train): 0.8574, Test MSE: 0.0590, r (test): 0.2155
Epoch: 39, Training Loss: 0.0703, Train MSE: 0.0703, r (train): 0.8815, Test MSE: 0.0424, r (test): 0.2508
Epoch: 40, Training Loss: 0.1091, Train MSE: 0.1091, r (train): 0.8450, Test MSE: 0.2754, r (test): 0.2945
Epoch: 41, Training Loss: 0.0403, Train MSE: 0.0403, r (train): 0.8593, Test MSE: 0.1563, r (test): 0.2638
Epoch: 42, Training Loss: 0.0618, Train MSE: 0.0618, r (train): 0.8657, Test MSE: 0.0430, r (test): 0.2532
Epoch: 43, Training Loss: 0.0257, Train MSE: 0.0257, r (train): 0.8744, Test MSE: 0.0535, r (test): 0.2050
Epoch: 44, Training Loss: 0.0285, Train MSE: 0.0285, r (train): 0.8769, Test MSE: 0.0552, r (test): 0.2361
Epoch: 45, Training Loss: 0.0594, Train MSE: 0.0594, r (train): 0.8627, Test MSE: 0.2023, r (test): 0.2352
Epoch: 46, Training Loss: 0.0200, Train MSE: 0.0200, r (train): 0.8751, Test MSE: 0.0645, r (test): 0.2269
Epoch: 47, Training Loss: 0.0178, Train MSE: 0.0178, r (train): 0.8861, Test MSE: 0.0805, r (test): 0.2730
Epoch: 48, Training Loss: 0.2688, Train MSE: 0.2688, r (train): 0.8816, Test MSE: 0.1196, r (test): 0.2699
Epoch: 49, Training Loss: 0.2064, Train MSE: 0.2064, r (train): 0.8547, Test MSE: 0.4040, r (test): 0.3820
Epoch: 50, Training Loss: 1.7776, Train MSE: 1.7776, r (train): 0.8625, Test MSE: 1.1562, r (test): 0.2883
Epoch: 51, Training Loss: 0.0426, Train MSE: 0.0426, r (train): 0.8791, Test MSE: 0.0389, r (test): 0.3217
Epoch: 52, Training Loss: 0.1100, Train MSE: 0.1100, r (train): 0.8348, Test MSE: 0.2532, r (test): 0.3230
Epoch: 53, Training Loss: 0.7336, Train MSE: 0.7336, r (train): 0.8460, Test MSE: 0.4480, r (test): 0.2967
Epoch: 54, Training Loss: 0.8043, Train MSE: 0.8043, r (train): 0.8240, Test MSE: 0.4507, r (test): 0.2357
Epoch: 55, Training Loss: 0.0231, Train MSE: 0.0231, r (train): 0.8649, Test MSE: 0.1025, r (test): 0.2773
Epoch: 56, Training Loss: 0.1202, Train MSE: 0.1202, r (train): 0.8500, Test MSE: 0.2992, r (test): 0.1936
Epoch: 57, Training Loss: 0.0506, Train MSE: 0.0506, r (train): 0.8077, Test MSE: 0.1834, r (test): 0.1700
Epoch: 58, Training Loss: 0.0355, Train MSE: 0.0355, r (train): 0.8230, Test MSE: 0.0718, r (test): 0.2418
Epoch: 59, Training Loss: 0.0303, Train MSE: 0.0303, r (train): 0.8347, Test MSE: 0.0569, r (test): 0.3779
Epoch: 60, Training Loss: 0.0425, Train MSE: 0.0425, r (train): 0.8563, Test MSE: 0.0528, r (test): 0.1423
Epoch: 61, Training Loss: 0.0534, Train MSE: 0.0534, r (train): 0.8680, Test MSE: 0.0458, r (test): 0.2125
Epoch: 62, Training Loss: 0.0268, Train MSE: 0.0268, r (train): 0.8659, Test MSE: 0.1144, r (test): 0.2558
Epoch: 63, Training Loss: 0.0214, Train MSE: 0.0214, r (train): 0.8680, Test MSE: 0.0885, r (test): 0.2626
Epoch: 64, Training Loss: 0.0293, Train MSE: 0.0293, r (train): 0.8659, Test MSE: 0.1316, r (test): 0.2444
Epoch: 65, Training Loss: 0.0451, Train MSE: 0.0451, r (train): 0.8404, Test MSE: 0.1731, r (test): 0.2629
Epoch: 66, Training Loss: 0.0240, Train MSE: 0.0240, r (train): 0.8526, Test MSE: 0.1068, r (test): 0.1942
Epoch: 67, Training Loss: 0.1105, Train MSE: 0.1105, r (train): 0.8773, Test MSE: 0.0502, r (test): 0.2658
Epoch: 68, Training Loss: 0.0240, Train MSE: 0.0240, r (train): 0.8698, Test MSE: 0.0542, r (test): 0.2816
Epoch: 69, Training Loss: 0.0263, Train MSE: 0.0263, r (train): 0.8659, Test MSE: 0.1164, r (test): 0.2126
Epoch: 70, Training Loss: 0.0492, Train MSE: 0.0492, r (train): 0.8625, Test MSE: 0.1891, r (test): 0.1941
Epoch: 71, Training Loss: 0.0496, Train MSE: 0.0496, r (train): 0.8501, Test MSE: 0.1867, r (test): 0.2220
Epoch: 72, Training Loss: 0.0247, Train MSE: 0.0247, r (train): 0.8762, Test MSE: 0.0539, r (test): 0.2869
Epoch: 73, Training Loss: 0.0286, Train MSE: 0.0286, r (train): 0.8628, Test MSE: 0.0533, r (test): 0.2579
Epoch: 74, Training Loss: 0.0377, Train MSE: 0.0377, r (train): 0.8619, Test MSE: 0.1543, r (test): 0.1897
Epoch: 75, Training Loss: 0.0226, Train MSE: 0.0226, r (train): 0.8716, Test MSE: 0.1135, r (test): 0.2285
Epoch: 76, Training Loss: 0.0197, Train MSE: 0.0197, r (train): 0.8774, Test MSE: 0.0780, r (test): 0.2639
Epoch: 77, Training Loss: 0.0268, Train MSE: 0.0268, r (train): 0.8655, Test MSE: 0.1196, r (test): 0.2729
Epoch: 78, Training Loss: 0.0231, Train MSE: 0.0231, r (train): 0.8648, Test MSE: 0.0712, r (test): 0.2371
Epoch: 79, Training Loss: 0.0263, Train MSE: 0.0263, r (train): 0.8648, Test MSE: 0.1258, r (test): 0.2145
Epoch: 80, Training Loss: 0.0215, Train MSE: 0.0215, r (train): 0.8768, Test MSE: 0.0721, r (test): 0.2472
Epoch: 81, Training Loss: 0.0208, Train MSE: 0.0208, r (train): 0.8712, Test MSE: 0.0964, r (test): 0.2739
Epoch: 82, Training Loss: 0.0244, Train MSE: 0.0244, r (train): 0.8654, Test MSE: 0.1119, r (test): 0.2534
Epoch: 83, Training Loss: 0.0228, Train MSE: 0.0228, r (train): 0.8715, Test MSE: 0.0695, r (test): 0.2424
Epoch: 84, Training Loss: 0.0222, Train MSE: 0.0222, r (train): 0.8703, Test MSE: 0.1075, r (test): 0.2346
Epoch: 85, Training Loss: 0.0256, Train MSE: 0.0256, r (train): 0.8718, Test MSE: 0.1235, r (test): 0.2606
Epoch: 86, Training Loss: 0.0224, Train MSE: 0.0224, r (train): 0.8690, Test MSE: 0.1062, r (test): 0.2651
Epoch: 87, Training Loss: 0.0344, Train MSE: 0.0344, r (train): 0.8724, Test MSE: 0.0476, r (test): 0.2551
Epoch: 88, Training Loss: 0.0377, Train MSE: 0.0377, r (train): 0.8729, Test MSE: 0.0489, r (test): 0.2419
Epoch: 89, Training Loss: 0.1087, Train MSE: 0.1087, r (train): 0.8508, Test MSE: 0.2961, r (test): 0.2270
Epoch: 90, Training Loss: 0.0839, Train MSE: 0.0839, r (train): 0.8688, Test MSE: 0.2409, r (test): 0.2562
Epoch: 91, Training Loss: 0.0279, Train MSE: 0.0279, r (train): 0.8767, Test MSE: 0.0467, r (test): 0.2718
Epoch: 92, Training Loss: 0.0523, Train MSE: 0.0523, r (train): 0.8731, Test MSE: 0.0429, r (test): 0.2434
Epoch: 93, Training Loss: 0.0719, Train MSE: 0.0719, r (train): 0.8517, Test MSE: 0.2332, r (test): 0.2346
Epoch: 94, Training Loss: 0.0185, Train MSE: 0.0185, r (train): 0.8843, Test MSE: 0.0686, r (test): 0.2800
Epoch: 95, Training Loss: 0.0539, Train MSE: 0.0539, r (train): 0.8800, Test MSE: 0.0395, r (test): 0.2636
Epoch: 96, Training Loss: 0.0288, Train MSE: 0.0288, r (train): 0.8716, Test MSE: 0.1305, r (test): 0.2379
Epoch: 97, Training Loss: 0.0418, Train MSE: 0.0418, r (train): 0.8710, Test MSE: 0.1643, r (test): 0.2319
Epoch: 98, Training Loss: 0.0196, Train MSE: 0.0196, r (train): 0.8812, Test MSE: 0.0655, r (test): 0.2540
Epoch: 99, Training Loss: 0.0321, Train MSE: 0.0321, r (train): 0.8816, Test MSE: 0.0539, r (test): 0.2429
Predicted tensors for training set: 
tensor([0.8018, 0.7949, 0.3139, 0.6353, 0.4013, 0.3647, 0.6325, 0.5297, 0.6617,
        0.5309, 0.5448, 0.3300, 0.4257, 0.3484, 1.2365, 1.1753, 0.6757, 0.8983,
        0.4908, 0.1949, 0.6439, 0.5877, 0.6726, 0.2307, 0.4621, 0.4922, 0.6109,
        0.6487, 0.8078, 0.7964, 0.4394, 0.7133, 0.2873, 1.0372, 1.0777, 0.0408,
        1.0170, 0.3704, 1.2178, 0.4844, 0.3002, 0.5718, 0.1884, 0.4255, 0.7696,
        1.0063, 0.1162, 1.0589, 1.1112, 0.9322, 0.7858, 0.5065, 1.2005, 0.6463,
        0.2854, 0.2162, 0.7351, 0.4047, 0.8538, 1.1616, 0.8621, 0.7265, 0.4622,
        0.2220, 0.9291, 0.2698, 0.2405, 0.9552, 0.8297, 0.2278, 1.1592, 0.3669])
Target tensorsfor training set: 
tensor([0.5783, 0.5573, 0.1055, 0.4149, 0.4993, 0.4654, 0.7497, 0.6465, 0.8561,
        0.7171, 0.7507, 0.5178, 0.2271, 0.1493, 0.9127, 0.8524, 0.4513, 0.7144,
        0.3077, 0.0389, 0.5187, 0.4640, 0.5564, 0.0981, 0.4341, 0.4526, 0.5780,
        0.6240, 0.9150, 0.9117, 0.5658, 0.8363, 0.2464, 0.9072, 0.9621, 0.0246,
        0.7791, 0.2255, 0.9656, 0.3174, 0.1295, 0.4818, 0.0763, 0.3453, 0.5779,
        0.7950, 0.0478, 0.8411, 0.8453, 0.6992, 0.5719, 0.3309, 0.9492, 0.4373,
        0.1218, 0.0636, 0.4036, 0.1294, 0.5023, 0.7462, 0.8988, 0.7596, 0.5102,
        0.2916, 0.8418, 0.2594, 0.2394, 0.8556, 0.6576, 0.1360, 0.9215, 0.2649])
Correlation for training set: 0.8815826850132836
Predicted tensors for test set: 
tensor([0.2443, 0.3752, 0.6424, 0.6140, 0.4582, 0.3580, 0.7601, 0.5417, 0.3807,
        0.5018, 0.5638, 0.7218, 0.5879, 0.4897, 0.5980, 0.4916, 0.8104, 0.4392])
Target tensorsfor test set: 
tensor([0.6595, 0.7372, 0.6846, 0.6199, 0.2169, 0.6577, 0.8728, 0.6671, 0.8391,
        0.5300, 0.7270, 0.7125, 0.5220, 0.4440, 0.3829, 0.7901, 0.9535, 0.7371])
Correlation for test set: 0.24293592648096965
Validation set predictions (100 folds): [tensor([1.1567, 0.6714, 0.7523, 1.0570, 1.0388, 0.9463, 0.9044, 0.8892, 0.9702,
        0.7759, 0.9790, 0.7310, 1.0727, 0.9338, 0.9882, 1.0361, 0.7395, 1.1999]), tensor([0.8527, 0.6488, 0.7726, 1.1638, 0.7354, 1.0467, 0.8421, 0.9976, 0.9640,
        0.9048, 0.9712, 0.9161, 1.0840, 0.9321, 0.7291, 0.8313, 0.7826, 1.2353]), tensor([0.7366, 0.6828, 0.4572, 0.7438, 0.4916, 0.4531, 0.4583, 0.4806, 0.6335,
        0.5774, 0.4582, 0.5163, 0.7545, 0.7305, 0.5889, 0.5676, 0.4154, 0.5852]), tensor([0.5351, 0.5614, 0.4942, 0.4550, 0.5501, 0.5615, 0.5441, 0.3642, 0.5469,
        0.4723, 0.6730, 0.5734, 0.7143, 0.5096, 0.7673, 0.4205, 0.5884, 0.5241]), tensor([0.2443, 0.3752, 0.6424, 0.6140, 0.4582, 0.3580, 0.7601, 0.5417, 0.3807,
        0.5018, 0.5638, 0.7218, 0.5879, 0.4897, 0.5980, 0.4916, 0.8104, 0.4392])]
Validation set targets (100 folds): [tensor([0.5783, 0.5573, 0.1055, 0.4149, 0.4993, 0.4654, 0.7497, 0.6465, 0.8561,
        0.7171, 0.7507, 0.5178, 0.2271, 0.1493, 0.9127, 0.8524, 0.4513, 0.7144]), tensor([0.3077, 0.0389, 0.5187, 0.4640, 0.5564, 0.0981, 0.4341, 0.4526, 0.5780,
        0.6240, 0.9150, 0.9117, 0.5658, 0.8363, 0.2464, 0.9072, 0.9621, 0.0246]), tensor([0.7791, 0.2255, 0.9656, 0.3174, 0.1295, 0.4818, 0.0763, 0.3453, 0.5779,
        0.7950, 0.0478, 0.8411, 0.8453, 0.6992, 0.5719, 0.3309, 0.9492, 0.4373]), tensor([0.1218, 0.0636, 0.4036, 0.1294, 0.5023, 0.7462, 0.8988, 0.7596, 0.5102,
        0.2916, 0.8418, 0.2594, 0.2394, 0.8556, 0.6576, 0.1360, 0.9215, 0.2649]), tensor([0.6595, 0.7372, 0.6846, 0.6199, 0.2169, 0.6577, 0.8728, 0.6671, 0.8391,
        0.5300, 0.7270, 0.7125, 0.5220, 0.4440, 0.3829, 0.7901, 0.9535, 0.7371])]
Time taken: 18039.3279774189 seconds
