DenseNet_whole_brain_01.py
90
Image shape: torch.Size([256, 256, 256])
Label: 0.578327051

Image shape: torch.Size([256, 256, 256])
Label: 0.55726975

Image shape: torch.Size([256, 256, 256])
Label: 0.105524477

Image shape: torch.Size([256, 256, 256])
Label: 0.414935686

Image shape: torch.Size([256, 256, 256])
Label: 0.499347098

Image shape: torch.Size([256, 256, 256])
Label: 0.46544507

Image shape: torch.Size([256, 256, 256])
Label: 0.749740575

Image shape: torch.Size([256, 256, 256])
Label: 0.646490545

Image shape: torch.Size([256, 256, 256])
Label: 0.856107326

Image shape: torch.Size([256, 256, 256])
Label: 0.717144575

Image shape: torch.Size([256, 256, 256])
Label: 0.750732335

Image shape: torch.Size([256, 256, 256])
Label: 0.517802514

Image shape: torch.Size([256, 256, 256])
Label: 0.227116465

Image shape: torch.Size([256, 256, 256])
Label: 0.14931566

Image shape: torch.Size([256, 256, 256])
Label: 0.91273199

Image shape: torch.Size([256, 256, 256])
Label: 0.852431609

Image shape: torch.Size([256, 256, 256])
Label: 0.451287356

Image shape: torch.Size([256, 256, 256])
Label: 0.714356234

Image shape: torch.Size([256, 256, 256])
Label: 0.307667842

Image shape: torch.Size([256, 256, 256])
Label: 0.038874365

Image shape: torch.Size([256, 256, 256])
Label: 0.518716963

Image shape: torch.Size([256, 256, 256])
Label: 0.463984431

Image shape: torch.Size([256, 256, 256])
Label: 0.55641775

Image shape: torch.Size([256, 256, 256])
Label: 0.098052496

Image shape: torch.Size([256, 256, 256])
Label: 0.43409457

Image shape: torch.Size([256, 256, 256])
Label: 0.452638778

Image shape: torch.Size([256, 256, 256])
Label: 0.57804499

Image shape: torch.Size([256, 256, 256])
Label: 0.623989995

Image shape: torch.Size([256, 256, 256])
Label: 0.91498566

Image shape: torch.Size([256, 256, 256])
Label: 0.911671093

Image shape: torch.Size([256, 256, 256])
Label: 0.565846925

Image shape: torch.Size([256, 256, 256])
Label: 0.836265129

Image shape: torch.Size([256, 256, 256])
Label: 0.246363884

Image shape: torch.Size([256, 256, 256])
Label: 0.907159832

Image shape: torch.Size([256, 256, 256])
Label: 0.962135747

Image shape: torch.Size([256, 256, 256])
Label: 0.024634435

Image shape: torch.Size([256, 256, 256])
Label: 0.779103135

Image shape: torch.Size([256, 256, 256])
Label: 0.225463904

Image shape: torch.Size([256, 256, 256])
Label: 0.965645278

Image shape: torch.Size([256, 256, 256])
Label: 0.31742745

Image shape: torch.Size([256, 256, 256])
Label: 0.129485328

Image shape: torch.Size([256, 256, 256])
Label: 0.48182514

Image shape: torch.Size([256, 256, 256])
Label: 0.076332172

Image shape: torch.Size([256, 256, 256])
Label: 0.34531344

Image shape: torch.Size([256, 256, 256])
Label: 0.577850585

Image shape: torch.Size([256, 256, 256])
Label: 0.794978716

Image shape: torch.Size([256, 256, 256])
Label: 0.047813956

Image shape: torch.Size([256, 256, 256])
Label: 0.841130428

Image shape: torch.Size([256, 256, 256])
Label: 0.845253622

Image shape: torch.Size([256, 256, 256])
Label: 0.699213269

Image shape: torch.Size([256, 256, 256])
Label: 0.571907479

Image shape: torch.Size([256, 256, 256])
Label: 0.330926406

Image shape: torch.Size([256, 256, 256])
Label: 0.949166278

Image shape: torch.Size([256, 256, 256])
Label: 0.437273408

Image shape: torch.Size([256, 256, 256])
Label: 0.121809436

Image shape: torch.Size([256, 256, 256])
Label: 0.063583908

Image shape: torch.Size([256, 256, 256])
Label: 0.403550924

Image shape: torch.Size([256, 256, 256])
Label: 0.129379513

Image shape: torch.Size([256, 256, 256])
Label: 0.502254367

Image shape: torch.Size([256, 256, 256])
Label: 0.746225617

Image shape: torch.Size([256, 256, 256])
Label: 0.898762669

Image shape: torch.Size([256, 256, 256])
Label: 0.759624831

Image shape: torch.Size([256, 256, 256])
Label: 0.510151238

Image shape: torch.Size([256, 256, 256])
Label: 0.291630426

Image shape: torch.Size([256, 256, 256])
Label: 0.841767741

Image shape: torch.Size([256, 256, 256])
Label: 0.259369175

Image shape: torch.Size([256, 256, 256])
Label: 0.239393515

Image shape: torch.Size([256, 256, 256])
Label: 0.855579732

Image shape: torch.Size([256, 256, 256])
Label: 0.657623403

Image shape: torch.Size([256, 256, 256])
Label: 0.136048492

Image shape: torch.Size([256, 256, 256])
Label: 0.92154251

Image shape: torch.Size([256, 256, 256])
Label: 0.26490909

Image shape: torch.Size([256, 256, 256])
Label: 0.659493008

Image shape: torch.Size([256, 256, 256])
Label: 0.737192172

Image shape: torch.Size([256, 256, 256])
Label: 0.684642475

Image shape: torch.Size([256, 256, 256])
Label: 0.619874898

Image shape: torch.Size([256, 256, 256])
Label: 0.216921218

Image shape: torch.Size([256, 256, 256])
Label: 0.657691961

Image shape: torch.Size([256, 256, 256])
Label: 0.872805901

Image shape: torch.Size([256, 256, 256])
Label: 0.667105602

Image shape: torch.Size([256, 256, 256])
Label: 0.839077585

Image shape: torch.Size([256, 256, 256])
Label: 0.529961465

Image shape: torch.Size([256, 256, 256])
Label: 0.727035333

Image shape: torch.Size([256, 256, 256])
Label: 0.712524369

Image shape: torch.Size([256, 256, 256])
Label: 0.522016133

Image shape: torch.Size([256, 256, 256])
Label: 0.444012353

Image shape: torch.Size([256, 256, 256])
Label: 0.382857646

Image shape: torch.Size([256, 256, 256])
Label: 0.790096101

Image shape: torch.Size([256, 256, 256])
Label: 0.953465465

Image shape: torch.Size([256, 256, 256])
Label: 0.737099236

18 5
Fold 1
Epoch: 00, Training Loss: 0.0768, Train MSE: 0.0768, r (train): 0.0605, Test MSE: 0.0554, r (test): -0.0787
Epoch: 01, Training Loss: 0.0909, Train MSE: 0.0909, r (train): 0.2763, Test MSE: 0.0709, r (test): 0.0380
Epoch: 02, Training Loss: 0.0647, Train MSE: 0.0647, r (train): 0.4212, Test MSE: 0.0493, r (test): 0.3517
Epoch: 03, Training Loss: 0.0550, Train MSE: 0.0550, r (train): 0.5833, Test MSE: 0.0504, r (test): 0.2836
Epoch: 04, Training Loss: 0.0476, Train MSE: 0.0476, r (train): 0.6723, Test MSE: 0.0521, r (test): 0.2686
Epoch: 05, Training Loss: 0.0612, Train MSE: 0.0612, r (train): 0.7220, Test MSE: 0.0772, r (test): 0.2027
Epoch: 06, Training Loss: 0.0453, Train MSE: 0.0453, r (train): 0.7791, Test MSE: 0.0740, r (test): 0.2004
Epoch: 07, Training Loss: 0.0387, Train MSE: 0.0387, r (train): 0.7773, Test MSE: 0.0670, r (test): 0.1743
Epoch: 08, Training Loss: 0.0521, Train MSE: 0.0521, r (train): 0.6205, Test MSE: 0.0585, r (test): -0.0376
Epoch: 09, Training Loss: 0.0572, Train MSE: 0.0572, r (train): 0.6335, Test MSE: 0.0836, r (test): 0.1038
Epoch: 10, Training Loss: 0.0534, Train MSE: 0.0534, r (train): 0.6467, Test MSE: 0.0720, r (test): 0.2849
Epoch: 11, Training Loss: 0.0500, Train MSE: 0.0500, r (train): 0.6785, Test MSE: 0.0701, r (test): 0.2358
Epoch: 12, Training Loss: 1.4429, Train MSE: 1.4429, r (train): 0.3636, Test MSE: 1.6419, r (test): -0.1226
Epoch: 13, Training Loss: 0.0741, Train MSE: 0.0741, r (train): 0.6892, Test MSE: 0.1086, r (test): 0.2281
Epoch: 14, Training Loss: 0.0479, Train MSE: 0.0479, r (train): 0.6674, Test MSE: 0.0603, r (test): 0.1155
Epoch: 15, Training Loss: 0.1583, Train MSE: 0.1583, r (train): 0.6773, Test MSE: 0.1984, r (test): 0.0408
Epoch: 16, Training Loss: 0.0727, Train MSE: 0.0727, r (train): 0.7594, Test MSE: 0.0805, r (test): 0.3378
Epoch: 17, Training Loss: 0.1041, Train MSE: 0.1041, r (train): 0.6267, Test MSE: 0.1289, r (test): 0.3697
Epoch: 18, Training Loss: 0.0328, Train MSE: 0.0328, r (train): 0.7703, Test MSE: 0.0659, r (test): 0.3054
Epoch: 19, Training Loss: 0.0902, Train MSE: 0.0902, r (train): 0.6993, Test MSE: 0.1302, r (test): 0.0685
Epoch: 20, Training Loss: 0.0468, Train MSE: 0.0468, r (train): 0.7867, Test MSE: 0.0836, r (test): 0.3060
Epoch: 21, Training Loss: 0.0930, Train MSE: 0.0930, r (train): 0.7645, Test MSE: 0.1476, r (test): 0.3491
Epoch: 22, Training Loss: 0.0379, Train MSE: 0.0379, r (train): 0.7616, Test MSE: 0.0651, r (test): 0.1925
Epoch: 23, Training Loss: 0.0660, Train MSE: 0.0660, r (train): 0.7820, Test MSE: 0.0911, r (test): 0.2929
Epoch: 24, Training Loss: 0.1506, Train MSE: 0.1506, r (train): 0.7402, Test MSE: 0.2152, r (test): 0.3606
Epoch: 25, Training Loss: 0.0377, Train MSE: 0.0377, r (train): 0.7696, Test MSE: 0.0622, r (test): 0.2247
Epoch: 26, Training Loss: 0.0540, Train MSE: 0.0540, r (train): 0.7727, Test MSE: 0.0711, r (test): 0.3391
Epoch: 27, Training Loss: 0.0995, Train MSE: 0.0995, r (train): 0.7575, Test MSE: 0.1489, r (test): 0.3736
Epoch: 28, Training Loss: 0.0909, Train MSE: 0.0909, r (train): 0.7348, Test MSE: 0.1117, r (test): 0.2262
Epoch: 29, Training Loss: 0.0460, Train MSE: 0.0460, r (train): 0.7466, Test MSE: 0.0692, r (test): 0.4073
Epoch: 30, Training Loss: 0.0319, Train MSE: 0.0319, r (train): 0.7809, Test MSE: 0.0575, r (test): 0.3456
Epoch: 31, Training Loss: 0.1071, Train MSE: 0.1071, r (train): 0.6936, Test MSE: 0.1165, r (test): 0.3005
Epoch: 32, Training Loss: 0.1147, Train MSE: 0.1147, r (train): 0.7051, Test MSE: 0.1522, r (test): 0.4186
Epoch: 33, Training Loss: 0.0691, Train MSE: 0.0691, r (train): 0.7498, Test MSE: 0.0858, r (test): 0.2807
Epoch: 34, Training Loss: 0.0907, Train MSE: 0.0907, r (train): 0.7116, Test MSE: 0.0980, r (test): 0.4152
Epoch: 35, Training Loss: 0.1446, Train MSE: 0.1446, r (train): 0.6966, Test MSE: 0.1916, r (test): 0.4051
Epoch: 36, Training Loss: 0.0816, Train MSE: 0.0816, r (train): 0.6806, Test MSE: 0.0847, r (test): 0.2770
Epoch: 37, Training Loss: 0.0781, Train MSE: 0.0781, r (train): 0.7116, Test MSE: 0.0817, r (test): 0.4616
Epoch: 38, Training Loss: 0.2476, Train MSE: 0.2476, r (train): 0.6596, Test MSE: 0.3096, r (test): 0.3914
Epoch: 39, Training Loss: 0.0750, Train MSE: 0.0750, r (train): 0.6782, Test MSE: 0.0710, r (test): 0.3201
Epoch: 40, Training Loss: 0.1406, Train MSE: 0.1406, r (train): 0.6665, Test MSE: 0.1504, r (test): 0.3627
Epoch: 41, Training Loss: 0.0919, Train MSE: 0.0919, r (train): 0.6704, Test MSE: 0.1238, r (test): 0.4212
Epoch: 42, Training Loss: 0.0446, Train MSE: 0.0446, r (train): 0.6830, Test MSE: 0.0678, r (test): 0.2723
Epoch: 43, Training Loss: 0.3694, Train MSE: 0.3694, r (train): 0.6279, Test MSE: 0.4020, r (test): 0.2657
Epoch: 44, Training Loss: 0.1599, Train MSE: 0.1599, r (train): 0.6231, Test MSE: 0.1886, r (test): 0.4548
Epoch: 45, Training Loss: 0.0380, Train MSE: 0.0380, r (train): 0.7523, Test MSE: 0.0697, r (test): 0.2482
Epoch: 46, Training Loss: 0.1103, Train MSE: 0.1103, r (train): 0.6376, Test MSE: 0.1021, r (test): 0.3941
Epoch: 47, Training Loss: 0.0655, Train MSE: 0.0655, r (train): 0.7010, Test MSE: 0.0843, r (test): 0.4479
Epoch: 48, Training Loss: 0.0464, Train MSE: 0.0464, r (train): 0.7144, Test MSE: 0.0690, r (test): 0.3918
Epoch: 49, Training Loss: 0.1289, Train MSE: 0.1289, r (train): 0.6419, Test MSE: 0.1332, r (test): 0.3694
Epoch: 50, Training Loss: 0.0381, Train MSE: 0.0381, r (train): 0.7205, Test MSE: 0.0498, r (test): 0.3924
Epoch: 51, Training Loss: 0.0810, Train MSE: 0.0810, r (train): 0.6494, Test MSE: 0.0940, r (test): 0.5240
Epoch: 52, Training Loss: 0.0964, Train MSE: 0.0964, r (train): 0.6675, Test MSE: 0.1097, r (test): 0.3113
Epoch: 53, Training Loss: 0.0411, Train MSE: 0.0411, r (train): 0.7265, Test MSE: 0.0508, r (test): 0.4933
Epoch: 54, Training Loss: 0.0581, Train MSE: 0.0581, r (train): 0.6327, Test MSE: 0.0469, r (test): 0.4603
Epoch: 55, Training Loss: 0.0468, Train MSE: 0.0468, r (train): 0.6952, Test MSE: 0.0486, r (test): 0.4301
Epoch: 56, Training Loss: 0.0828, Train MSE: 0.0828, r (train): 0.7173, Test MSE: 0.0912, r (test): 0.3882
Epoch: 57, Training Loss: 0.0431, Train MSE: 0.0431, r (train): 0.6796, Test MSE: 0.0513, r (test): 0.4145
Epoch: 58, Training Loss: 0.1865, Train MSE: 0.1865, r (train): 0.6638, Test MSE: 0.1935, r (test): 0.3827
Epoch: 59, Training Loss: 0.0590, Train MSE: 0.0590, r (train): 0.6350, Test MSE: 0.0530, r (test): 0.3869
Epoch: 60, Training Loss: 0.0501, Train MSE: 0.0501, r (train): 0.6400, Test MSE: 0.0652, r (test): 0.3911
Epoch: 61, Training Loss: 0.1697, Train MSE: 0.1697, r (train): 0.6530, Test MSE: 0.2125, r (test): 0.3621
Epoch: 62, Training Loss: 0.0710, Train MSE: 0.0710, r (train): 0.7300, Test MSE: 0.0853, r (test): 0.3504
Epoch: 63, Training Loss: 0.1372, Train MSE: 0.1372, r (train): 0.5718, Test MSE: 0.1276, r (test): 0.3427
Epoch: 64, Training Loss: 0.0527, Train MSE: 0.0527, r (train): 0.6667, Test MSE: 0.0646, r (test): 0.3956
Epoch: 65, Training Loss: 0.1293, Train MSE: 0.1293, r (train): 0.6688, Test MSE: 0.1829, r (test): 0.4261
Epoch: 66, Training Loss: 0.0966, Train MSE: 0.0966, r (train): 0.6436, Test MSE: 0.0904, r (test): 0.3960
Epoch: 67, Training Loss: 0.0571, Train MSE: 0.0571, r (train): 0.7190, Test MSE: 0.0601, r (test): 0.4757
Epoch: 68, Training Loss: 0.0868, Train MSE: 0.0868, r (train): 0.6096, Test MSE: 0.0998, r (test): 0.4679
Epoch: 69, Training Loss: 0.1005, Train MSE: 0.1005, r (train): 0.7149, Test MSE: 0.1105, r (test): 0.3821
Epoch: 70, Training Loss: 0.0511, Train MSE: 0.0511, r (train): 0.6802, Test MSE: 0.0480, r (test): 0.4977
Epoch: 71, Training Loss: 0.0514, Train MSE: 0.0514, r (train): 0.6839, Test MSE: 0.0757, r (test): 0.2854
Epoch: 72, Training Loss: 0.1746, Train MSE: 0.1746, r (train): 0.6507, Test MSE: 0.1805, r (test): 0.3839
Epoch: 73, Training Loss: 0.1170, Train MSE: 0.1170, r (train): 0.6347, Test MSE: 0.1535, r (test): 0.4261
Epoch: 74, Training Loss: 0.1040, Train MSE: 0.1040, r (train): 0.6343, Test MSE: 0.0755, r (test): 0.4645
Epoch: 75, Training Loss: 0.0442, Train MSE: 0.0442, r (train): 0.6836, Test MSE: 0.0509, r (test): 0.3880
Epoch: 76, Training Loss: 0.0458, Train MSE: 0.0458, r (train): 0.6920, Test MSE: 0.0483, r (test): 0.4824
Epoch: 77, Training Loss: 0.0495, Train MSE: 0.0495, r (train): 0.7140, Test MSE: 0.0554, r (test): 0.4048
Epoch: 78, Training Loss: 0.0564, Train MSE: 0.0564, r (train): 0.6646, Test MSE: 0.0511, r (test): 0.4871
Epoch: 79, Training Loss: 0.1030, Train MSE: 0.1030, r (train): 0.6848, Test MSE: 0.1454, r (test): 0.3066
Epoch: 80, Training Loss: 0.1219, Train MSE: 0.1219, r (train): 0.6453, Test MSE: 0.0942, r (test): 0.4124
Epoch: 81, Training Loss: 0.0559, Train MSE: 0.0559, r (train): 0.6555, Test MSE: 0.0590, r (test): 0.4642
Epoch: 82, Training Loss: 0.0687, Train MSE: 0.0687, r (train): 0.6036, Test MSE: 0.0720, r (test): 0.4962
Epoch: 83, Training Loss: 0.0563, Train MSE: 0.0563, r (train): 0.7064, Test MSE: 0.0684, r (test): 0.3376
Epoch: 84, Training Loss: 0.0903, Train MSE: 0.0903, r (train): 0.7027, Test MSE: 0.0932, r (test): 0.4526
Epoch: 85, Training Loss: 0.0696, Train MSE: 0.0696, r (train): 0.6627, Test MSE: 0.0873, r (test): 0.4267
Epoch: 86, Training Loss: 0.0760, Train MSE: 0.0760, r (train): 0.5672, Test MSE: 0.0576, r (test): 0.3288
Epoch: 87, Training Loss: 0.0667, Train MSE: 0.0667, r (train): 0.6814, Test MSE: 0.0679, r (test): 0.4384
Epoch: 88, Training Loss: 0.1050, Train MSE: 0.1050, r (train): 0.6378, Test MSE: 0.1306, r (test): 0.4592
Epoch: 89, Training Loss: 0.0768, Train MSE: 0.0768, r (train): 0.7109, Test MSE: 0.0868, r (test): 0.3970
Epoch: 90, Training Loss: 0.0596, Train MSE: 0.0596, r (train): 0.6769, Test MSE: 0.0565, r (test): 0.4756
Epoch: 91, Training Loss: 0.0536, Train MSE: 0.0536, r (train): 0.6516, Test MSE: 0.0666, r (test): 0.3895
Epoch: 92, Training Loss: 0.0621, Train MSE: 0.0621, r (train): 0.6466, Test MSE: 0.0688, r (test): 0.3218
Epoch: 93, Training Loss: 0.0611, Train MSE: 0.0611, r (train): 0.5960, Test MSE: 0.0507, r (test): 0.5345
Epoch: 94, Training Loss: 0.0470, Train MSE: 0.0470, r (train): 0.6799, Test MSE: 0.0631, r (test): 0.3891
Epoch: 95, Training Loss: 0.0928, Train MSE: 0.0928, r (train): 0.6462, Test MSE: 0.1008, r (test): 0.4109
Epoch: 96, Training Loss: 0.0454, Train MSE: 0.0454, r (train): 0.6881, Test MSE: 0.0505, r (test): 0.3967
Epoch: 97, Training Loss: 0.0741, Train MSE: 0.0741, r (train): 0.6283, Test MSE: 0.0998, r (test): 0.3849
Epoch: 98, Training Loss: 0.0585, Train MSE: 0.0585, r (train): 0.6088, Test MSE: 0.0552, r (test): 0.3570
Epoch: 99, Training Loss: 0.0518, Train MSE: 0.0518, r (train): 0.6234, Test MSE: 0.0445, r (test): 0.4610
Predicted tensors for training set: 
tensor([0.5453, 0.3087, 0.7723, 0.7179, 0.7911, 0.4634, 0.7487, 0.6832, 0.3971,
        0.4033, 0.6178, 0.6048, 0.4692, 0.7221, 0.2189, 0.7620, 1.1903, 0.1328,
        0.8046, 0.3541, 1.2901, 0.4125, 0.3098, 0.5832, 0.3757, 0.5345, 0.7626,
        1.0258, 0.0275, 0.7296, 0.6525, 0.6341, 0.4688, 0.2276, 0.8153, 0.4118,
        0.6894, 0.6586, 0.7487, 0.7167, 0.3415, 0.5031, 0.6768, 0.4931, 0.5863,
        0.4204, 1.0340, 0.3753, 0.5486, 1.0304, 0.8928, 0.4393, 0.8084, 0.2684,
        0.5798, 0.6675, 0.6847, 0.6427, 0.3537, 0.6933, 0.5767, 0.3672, 0.5756,
        0.3490, 0.6803, 0.6165, 0.5338, 0.4240, 0.2396, 0.4878, 0.6756, 0.4983])
Target tensorsfor training set: 
tensor([0.3077, 0.0389, 0.5187, 0.4640, 0.5564, 0.0981, 0.4341, 0.4526, 0.5780,
        0.6240, 0.9150, 0.9117, 0.5658, 0.8363, 0.2464, 0.9072, 0.9621, 0.0246,
        0.7791, 0.2255, 0.9656, 0.3174, 0.1295, 0.4818, 0.0763, 0.3453, 0.5779,
        0.7950, 0.0478, 0.8411, 0.8453, 0.6992, 0.5719, 0.3309, 0.9492, 0.4373,
        0.1218, 0.0636, 0.4036, 0.1294, 0.5023, 0.7462, 0.8988, 0.7596, 0.5102,
        0.2916, 0.8418, 0.2594, 0.2394, 0.8556, 0.6576, 0.1360, 0.9215, 0.2649,
        0.6595, 0.7372, 0.6846, 0.6199, 0.2169, 0.6577, 0.8728, 0.6671, 0.8391,
        0.5300, 0.7270, 0.7125, 0.5220, 0.4440, 0.3829, 0.7901, 0.9535, 0.7371])
Correlation for training set: 0.6234246959610418
Predicted tensors for test set: 
tensor([0.6231, 0.6363, 0.4198, 0.2851, 0.3455, 0.7742, 0.6309, 0.5144, 0.5125,
        0.4350, 0.7760, 0.4658, 0.5543, 0.3440, 0.7277, 0.7670, 0.7731, 0.5265])
Target tensorsfor test set: 
tensor([0.5783, 0.5573, 0.1055, 0.4149, 0.4993, 0.4654, 0.7497, 0.6465, 0.8561,
        0.7171, 0.7507, 0.5178, 0.2271, 0.1493, 0.9127, 0.8524, 0.4513, 0.7144])
Correlation for test set: 0.46100288522961236
18 5
Fold 2
Epoch: 00, Training Loss: 0.0693, Train MSE: 0.0693, r (train): 0.0286, Test MSE: 0.0925, r (test): -0.1295
Epoch: 01, Training Loss: 0.0894, Train MSE: 0.0894, r (train): 0.2151, Test MSE: 0.1350, r (test): -0.1852
Epoch: 02, Training Loss: 0.0574, Train MSE: 0.0574, r (train): 0.5342, Test MSE: 0.1206, r (test): -0.1016
Epoch: 03, Training Loss: 0.0573, Train MSE: 0.0573, r (train): 0.5752, Test MSE: 0.1313, r (test): -0.0846
Epoch: 04, Training Loss: 0.0948, Train MSE: 0.0948, r (train): 0.6181, Test MSE: 0.1744, r (test): -0.1130
Epoch: 05, Training Loss: 0.0554, Train MSE: 0.0554, r (train): 0.6743, Test MSE: 0.1502, r (test): -0.0587
Epoch: 06, Training Loss: 0.3752, Train MSE: 0.3752, r (train): 0.6316, Test MSE: 0.4480, r (test): -0.1067
Epoch: 07, Training Loss: 0.1822, Train MSE: 0.1822, r (train): 0.6962, Test MSE: 0.2402, r (test): 0.0022
Epoch: 08, Training Loss: 0.0550, Train MSE: 0.0550, r (train): 0.6389, Test MSE: 0.1324, r (test): -0.1421
Epoch: 09, Training Loss: 0.0339, Train MSE: 0.0339, r (train): 0.7641, Test MSE: 0.1275, r (test): -0.0770
Epoch: 10, Training Loss: 0.0431, Train MSE: 0.0431, r (train): 0.7400, Test MSE: 0.1340, r (test): 0.0007
Epoch: 11, Training Loss: 0.7585, Train MSE: 0.7585, r (train): 0.5366, Test MSE: 0.7688, r (test): -0.2682
Epoch: 12, Training Loss: 0.0498, Train MSE: 0.0498, r (train): 0.6878, Test MSE: 0.1437, r (test): -0.0522
Epoch: 13, Training Loss: 0.1219, Train MSE: 0.1219, r (train): 0.7622, Test MSE: 0.2116, r (test): -0.1088
Epoch: 14, Training Loss: 0.0985, Train MSE: 0.0985, r (train): 0.7654, Test MSE: 0.1859, r (test): 0.0180
Epoch: 15, Training Loss: 0.1147, Train MSE: 0.1147, r (train): 0.6989, Test MSE: 0.1794, r (test): 0.1181
Epoch: 16, Training Loss: 0.0382, Train MSE: 0.0382, r (train): 0.7204, Test MSE: 0.1141, r (test): 0.1389
Epoch: 17, Training Loss: 0.7974, Train MSE: 0.7974, r (train): 0.5280, Test MSE: 0.8223, r (test): 0.1738
Epoch: 18, Training Loss: 0.0986, Train MSE: 0.0986, r (train): 0.7430, Test MSE: 0.1695, r (test): 0.0842
Epoch: 19, Training Loss: 0.0341, Train MSE: 0.0341, r (train): 0.7268, Test MSE: 0.1268, r (test): -0.0904
Epoch: 20, Training Loss: 0.1446, Train MSE: 0.1446, r (train): 0.7238, Test MSE: 0.2163, r (test): -0.1439
Epoch: 21, Training Loss: 0.0366, Train MSE: 0.0366, r (train): 0.8252, Test MSE: 0.1346, r (test): 0.0670
Epoch: 22, Training Loss: 0.1533, Train MSE: 0.1533, r (train): 0.7722, Test MSE: 0.2428, r (test): 0.1220
Epoch: 23, Training Loss: 0.0654, Train MSE: 0.0654, r (train): 0.7514, Test MSE: 0.1496, r (test): -0.0934
Epoch: 24, Training Loss: 0.0211, Train MSE: 0.0211, r (train): 0.8330, Test MSE: 0.1169, r (test): 0.0376
Epoch: 25, Training Loss: 0.0849, Train MSE: 0.0849, r (train): 0.8095, Test MSE: 0.1861, r (test): 0.1166
Epoch: 26, Training Loss: 0.0617, Train MSE: 0.0617, r (train): 0.7740, Test MSE: 0.1354, r (test): -0.0986
Epoch: 27, Training Loss: 0.0279, Train MSE: 0.0279, r (train): 0.8316, Test MSE: 0.1153, r (test): 0.0471
Epoch: 28, Training Loss: 0.0183, Train MSE: 0.0183, r (train): 0.8575, Test MSE: 0.1120, r (test): 0.0157
Epoch: 29, Training Loss: 0.0251, Train MSE: 0.0251, r (train): 0.8472, Test MSE: 0.1223, r (test): -0.0035
Epoch: 30, Training Loss: 0.0758, Train MSE: 0.0758, r (train): 0.8230, Test MSE: 0.1803, r (test): 0.0890
Epoch: 31, Training Loss: 0.0402, Train MSE: 0.0402, r (train): 0.8329, Test MSE: 0.1256, r (test): -0.0339
Epoch: 32, Training Loss: 0.0224, Train MSE: 0.0224, r (train): 0.8422, Test MSE: 0.1087, r (test): -0.0165
Epoch: 33, Training Loss: 0.0177, Train MSE: 0.0177, r (train): 0.8610, Test MSE: 0.1105, r (test): 0.0347
Epoch: 34, Training Loss: 0.0183, Train MSE: 0.0183, r (train): 0.8621, Test MSE: 0.1225, r (test): 0.0103
Epoch: 35, Training Loss: 0.0200, Train MSE: 0.0200, r (train): 0.8614, Test MSE: 0.1112, r (test): 0.0447
Epoch: 36, Training Loss: 0.0238, Train MSE: 0.0238, r (train): 0.8580, Test MSE: 0.1082, r (test): -0.0515
Epoch: 37, Training Loss: 0.0200, Train MSE: 0.0200, r (train): 0.8559, Test MSE: 0.1245, r (test): 0.0519
Epoch: 38, Training Loss: 0.0205, Train MSE: 0.0205, r (train): 0.8541, Test MSE: 0.1175, r (test): 0.0417
Epoch: 39, Training Loss: 0.0232, Train MSE: 0.0232, r (train): 0.8427, Test MSE: 0.1028, r (test): -0.0445
Epoch: 40, Training Loss: 0.0190, Train MSE: 0.0190, r (train): 0.8566, Test MSE: 0.1201, r (test): 0.0495
Epoch: 41, Training Loss: 0.0182, Train MSE: 0.0182, r (train): 0.8577, Test MSE: 0.1144, r (test): 0.0146
Epoch: 42, Training Loss: 0.0197, Train MSE: 0.0197, r (train): 0.8523, Test MSE: 0.1026, r (test): -0.0016
Epoch: 43, Training Loss: 0.0227, Train MSE: 0.0227, r (train): 0.8454, Test MSE: 0.1241, r (test): 0.0439
Epoch: 44, Training Loss: 0.0304, Train MSE: 0.0304, r (train): 0.8367, Test MSE: 0.1171, r (test): -0.0308
Epoch: 45, Training Loss: 0.0234, Train MSE: 0.0234, r (train): 0.8456, Test MSE: 0.1062, r (test): 0.0459
Epoch: 46, Training Loss: 0.0215, Train MSE: 0.0215, r (train): 0.8390, Test MSE: 0.1241, r (test): -0.0040
Epoch: 47, Training Loss: 0.0357, Train MSE: 0.0357, r (train): 0.8369, Test MSE: 0.1188, r (test): -0.0437
Epoch: 48, Training Loss: 0.0389, Train MSE: 0.0389, r (train): 0.8333, Test MSE: 0.1285, r (test): 0.0711
Epoch: 49, Training Loss: 0.0318, Train MSE: 0.0318, r (train): 0.8169, Test MSE: 0.1243, r (test): -0.0284
Epoch: 50, Training Loss: 0.0209, Train MSE: 0.0209, r (train): 0.8396, Test MSE: 0.1059, r (test): 0.0169
Epoch: 51, Training Loss: 0.0342, Train MSE: 0.0342, r (train): 0.8373, Test MSE: 0.1259, r (test): 0.0514
Epoch: 52, Training Loss: 0.0420, Train MSE: 0.0420, r (train): 0.8194, Test MSE: 0.1287, r (test): -0.0356
Epoch: 53, Training Loss: 0.0317, Train MSE: 0.0317, r (train): 0.8168, Test MSE: 0.1144, r (test): 0.0150
Epoch: 54, Training Loss: 0.0271, Train MSE: 0.0271, r (train): 0.8281, Test MSE: 0.1170, r (test): 0.0178
Epoch: 55, Training Loss: 0.0223, Train MSE: 0.0223, r (train): 0.8279, Test MSE: 0.1108, r (test): -0.0271
Epoch: 56, Training Loss: 0.0375, Train MSE: 0.0375, r (train): 0.8177, Test MSE: 0.1239, r (test): 0.0721
Epoch: 57, Training Loss: 0.0617, Train MSE: 0.0617, r (train): 0.7927, Test MSE: 0.1421, r (test): -0.0599
Epoch: 58, Training Loss: 0.0377, Train MSE: 0.0377, r (train): 0.8173, Test MSE: 0.1226, r (test): 0.0402
Epoch: 59, Training Loss: 0.0239, Train MSE: 0.0239, r (train): 0.8230, Test MSE: 0.1087, r (test): 0.0196
Epoch: 60, Training Loss: 0.0332, Train MSE: 0.0332, r (train): 0.8099, Test MSE: 0.1197, r (test): -0.0123
Epoch: 61, Training Loss: 0.0240, Train MSE: 0.0240, r (train): 0.8198, Test MSE: 0.1089, r (test): 0.0264
Epoch: 62, Training Loss: 0.0236, Train MSE: 0.0236, r (train): 0.8167, Test MSE: 0.1069, r (test): -0.0268
Epoch: 63, Training Loss: 0.0499, Train MSE: 0.0499, r (train): 0.7996, Test MSE: 0.1282, r (test): -0.0714
Epoch: 64, Training Loss: 0.0495, Train MSE: 0.0495, r (train): 0.8122, Test MSE: 0.1457, r (test): -0.0149
Epoch: 65, Training Loss: 0.0308, Train MSE: 0.0308, r (train): 0.7999, Test MSE: 0.1235, r (test): 0.0402
Epoch: 66, Training Loss: 0.0356, Train MSE: 0.0356, r (train): 0.7895, Test MSE: 0.1311, r (test): 0.1082
Epoch: 67, Training Loss: 0.1987, Train MSE: 0.1987, r (train): 0.7481, Test MSE: 0.2977, r (test): 0.0465
Epoch: 68, Training Loss: 0.0448, Train MSE: 0.0448, r (train): 0.7883, Test MSE: 0.1347, r (test): 0.0074
Epoch: 69, Training Loss: 0.0342, Train MSE: 0.0342, r (train): 0.7885, Test MSE: 0.1446, r (test): -0.0265
Epoch: 70, Training Loss: 0.0350, Train MSE: 0.0350, r (train): 0.7678, Test MSE: 0.1129, r (test): 0.0576
Epoch: 71, Training Loss: 0.1079, Train MSE: 0.1079, r (train): 0.7842, Test MSE: 0.1903, r (test): -0.0091
Epoch: 72, Training Loss: 0.0487, Train MSE: 0.0487, r (train): 0.8003, Test MSE: 0.1215, r (test): -0.0088
Epoch: 73, Training Loss: 0.0910, Train MSE: 0.0910, r (train): 0.7036, Test MSE: 0.1677, r (test): -0.1762
Epoch: 74, Training Loss: 0.0716, Train MSE: 0.0716, r (train): 0.7753, Test MSE: 0.1547, r (test): 0.0687
Epoch: 75, Training Loss: 0.0671, Train MSE: 0.0671, r (train): 0.7720, Test MSE: 0.1460, r (test): 0.0767
Epoch: 76, Training Loss: 0.0783, Train MSE: 0.0783, r (train): 0.7644, Test MSE: 0.2111, r (test): 0.0369
Epoch: 77, Training Loss: 0.0463, Train MSE: 0.0463, r (train): 0.7936, Test MSE: 0.1321, r (test): 0.0473
Epoch: 78, Training Loss: 0.0534, Train MSE: 0.0534, r (train): 0.7608, Test MSE: 0.1208, r (test): 0.0840
Epoch: 79, Training Loss: 0.0636, Train MSE: 0.0636, r (train): 0.7486, Test MSE: 0.1369, r (test): -0.1634
Epoch: 80, Training Loss: 0.0257, Train MSE: 0.0257, r (train): 0.7943, Test MSE: 0.1113, r (test): 0.0144
Epoch: 81, Training Loss: 0.1170, Train MSE: 0.1170, r (train): 0.7628, Test MSE: 0.2135, r (test): 0.0921
Epoch: 82, Training Loss: 0.0273, Train MSE: 0.0273, r (train): 0.7960, Test MSE: 0.1104, r (test): -0.0104
Epoch: 83, Training Loss: 0.0544, Train MSE: 0.0544, r (train): 0.7516, Test MSE: 0.1200, r (test): -0.0373
Epoch: 84, Training Loss: 0.0422, Train MSE: 0.0422, r (train): 0.7857, Test MSE: 0.1260, r (test): 0.0653
Epoch: 85, Training Loss: 0.0305, Train MSE: 0.0305, r (train): 0.7743, Test MSE: 0.1148, r (test): 0.0114
Epoch: 86, Training Loss: 0.0331, Train MSE: 0.0331, r (train): 0.7303, Test MSE: 0.1101, r (test): -0.0426
Epoch: 87, Training Loss: 0.0359, Train MSE: 0.0359, r (train): 0.7511, Test MSE: 0.1057, r (test): 0.0726
Epoch: 88, Training Loss: 0.0425, Train MSE: 0.0425, r (train): 0.7301, Test MSE: 0.1252, r (test): -0.0363
Epoch: 89, Training Loss: 0.0595, Train MSE: 0.0595, r (train): 0.7371, Test MSE: 0.1227, r (test): 0.0250
Epoch: 90, Training Loss: 0.1089, Train MSE: 0.1089, r (train): 0.6669, Test MSE: 0.1888, r (test): -0.0244
Epoch: 91, Training Loss: 0.3579, Train MSE: 0.3579, r (train): 0.7247, Test MSE: 0.3875, r (test): -0.0107
Epoch: 92, Training Loss: 0.1048, Train MSE: 0.1048, r (train): 0.7320, Test MSE: 0.1748, r (test): 0.0313
Epoch: 93, Training Loss: 0.0757, Train MSE: 0.0757, r (train): 0.7655, Test MSE: 0.1532, r (test): 0.0119
Epoch: 94, Training Loss: 0.1371, Train MSE: 0.1371, r (train): 0.7316, Test MSE: 0.2421, r (test): 0.0819
Epoch: 95, Training Loss: 0.0450, Train MSE: 0.0450, r (train): 0.7030, Test MSE: 0.1312, r (test): 0.0014
Epoch: 96, Training Loss: 0.0415, Train MSE: 0.0415, r (train): 0.7606, Test MSE: 0.1175, r (test): -0.0954
Epoch: 97, Training Loss: 0.0770, Train MSE: 0.0770, r (train): 0.7158, Test MSE: 0.1520, r (test): -0.0969
Epoch: 98, Training Loss: 0.0420, Train MSE: 0.0420, r (train): 0.7245, Test MSE: 0.1180, r (test): -0.1481
Epoch: 99, Training Loss: 0.1777, Train MSE: 0.1777, r (train): 0.7521, Test MSE: 0.2499, r (test): -0.0967
Predicted tensors for training set: 
tensor([1.2135, 1.2681, 0.7278, 0.9312, 0.9257, 0.9294, 1.1592, 1.0156, 0.9773,
        0.8406, 0.9593, 0.6213, 0.5996, 0.6115, 1.3470, 1.3095, 0.7380, 1.1365,
        1.2325, 0.5717, 1.5317, 0.7960, 0.5413, 1.0054, 0.4832, 0.9243, 1.1189,
        1.2964, 0.3905, 1.0674, 1.1162, 0.8630, 0.8446, 0.7626, 1.2476, 0.6376,
        0.9473, 0.8010, 0.9795, 0.9162, 0.6593, 0.8725, 1.0363, 1.0094, 0.9584,
        0.8819, 1.4101, 0.6858, 0.8152, 1.4784, 1.1768, 0.6493, 1.0891, 0.5214,
        0.8765, 0.9480, 1.1537, 0.9846, 0.6154, 0.9683, 1.0474, 0.8250, 1.0135,
        0.7034, 1.0557, 1.1008, 0.9461, 1.0350, 0.5103, 0.9830, 1.1293, 0.9065])
Target tensorsfor training set: 
tensor([0.5783, 0.5573, 0.1055, 0.4149, 0.4993, 0.4654, 0.7497, 0.6465, 0.8561,
        0.7171, 0.7507, 0.5178, 0.2271, 0.1493, 0.9127, 0.8524, 0.4513, 0.7144,
        0.7791, 0.2255, 0.9656, 0.3174, 0.1295, 0.4818, 0.0763, 0.3453, 0.5779,
        0.7950, 0.0478, 0.8411, 0.8453, 0.6992, 0.5719, 0.3309, 0.9492, 0.4373,
        0.1218, 0.0636, 0.4036, 0.1294, 0.5023, 0.7462, 0.8988, 0.7596, 0.5102,
        0.2916, 0.8418, 0.2594, 0.2394, 0.8556, 0.6576, 0.1360, 0.9215, 0.2649,
        0.6595, 0.7372, 0.6846, 0.6199, 0.2169, 0.6577, 0.8728, 0.6671, 0.8391,
        0.5300, 0.7270, 0.7125, 0.5220, 0.4440, 0.3829, 0.7901, 0.9535, 0.7371])
Correlation for training set: 0.7520945883227234
Predicted tensors for test set: 
tensor([0.6604, 0.7809, 0.5728, 1.0329, 0.8721, 0.8618, 0.8653, 1.0270, 0.7663,
        1.1900, 0.7911, 1.0905, 1.1241, 0.9663, 0.8174, 0.5368, 0.6427, 1.0254])
Target tensorsfor test set: 
tensor([0.3077, 0.0389, 0.5187, 0.4640, 0.5564, 0.0981, 0.4341, 0.4526, 0.5780,
        0.6240, 0.9150, 0.9117, 0.5658, 0.8363, 0.2464, 0.9072, 0.9621, 0.0246])
Correlation for test set: -0.09665158290101053
18 5
Fold 3
Epoch: 00, Training Loss: 0.1282, Train MSE: 0.1282, r (train): 0.0253, Test MSE: 0.1659, r (test): -0.2693
Epoch: 01, Training Loss: 0.1153, Train MSE: 0.1153, r (train): 0.2132, Test MSE: 0.1522, r (test): -0.0330
Epoch: 02, Training Loss: 0.0834, Train MSE: 0.0834, r (train): 0.5282, Test MSE: 0.1232, r (test): 0.1203
Epoch: 03, Training Loss: 0.0637, Train MSE: 0.0637, r (train): 0.6885, Test MSE: 0.1088, r (test): 0.1173
Epoch: 04, Training Loss: 0.0819, Train MSE: 0.0819, r (train): 0.7196, Test MSE: 0.1352, r (test): 0.0436
Epoch: 05, Training Loss: 0.1075, Train MSE: 0.1075, r (train): 0.6809, Test MSE: 0.1659, r (test): 0.1124
Epoch: 06, Training Loss: 0.5237, Train MSE: 0.5237, r (train): 0.4535, Test MSE: 0.6081, r (test): 0.1002
Epoch: 07, Training Loss: 0.4837, Train MSE: 0.4837, r (train): 0.5684, Test MSE: 0.5710, r (test): -0.0339
Epoch: 08, Training Loss: 0.0406, Train MSE: 0.0406, r (train): 0.7149, Test MSE: 0.1020, r (test): 0.0373
Epoch: 09, Training Loss: 0.0516, Train MSE: 0.0516, r (train): 0.5857, Test MSE: 0.0917, r (test): 0.1900
Epoch: 10, Training Loss: 0.0973, Train MSE: 0.0973, r (train): 0.5625, Test MSE: 0.1553, r (test): -0.2366
Epoch: 11, Training Loss: 0.0657, Train MSE: 0.0657, r (train): 0.5558, Test MSE: 0.1445, r (test): -0.5610
Epoch: 12, Training Loss: 0.1894, Train MSE: 0.1894, r (train): 0.5297, Test MSE: 0.3028, r (test): -0.5076
Epoch: 13, Training Loss: 0.1174, Train MSE: 0.1174, r (train): 0.7075, Test MSE: 0.2040, r (test): -0.1102
Epoch: 14, Training Loss: 0.0457, Train MSE: 0.0457, r (train): 0.7655, Test MSE: 0.1186, r (test): 0.0163
Epoch: 15, Training Loss: 0.0581, Train MSE: 0.0581, r (train): 0.5898, Test MSE: 0.1605, r (test): -0.0797
Epoch: 16, Training Loss: 1.3584, Train MSE: 1.3584, r (train): 0.5304, Test MSE: 1.5331, r (test): -0.0437
Epoch: 17, Training Loss: 0.0352, Train MSE: 0.0352, r (train): 0.7299, Test MSE: 0.1128, r (test): -0.2961
Epoch: 18, Training Loss: 0.1172, Train MSE: 0.1172, r (train): 0.7115, Test MSE: 0.2120, r (test): -0.3772
Epoch: 19, Training Loss: 0.0474, Train MSE: 0.0474, r (train): 0.6881, Test MSE: 0.1347, r (test): -0.2549
Epoch: 20, Training Loss: 0.0354, Train MSE: 0.0354, r (train): 0.7822, Test MSE: 0.1106, r (test): -0.1010
Epoch: 21, Training Loss: 0.0600, Train MSE: 0.0600, r (train): 0.7204, Test MSE: 0.1615, r (test): -0.4651
Epoch: 22, Training Loss: 0.0317, Train MSE: 0.0317, r (train): 0.7551, Test MSE: 0.1172, r (test): -0.1733
Epoch: 23, Training Loss: 0.0410, Train MSE: 0.0410, r (train): 0.7636, Test MSE: 0.1203, r (test): -0.1736
Epoch: 24, Training Loss: 0.0815, Train MSE: 0.0815, r (train): 0.7013, Test MSE: 0.1868, r (test): -0.4519
Epoch: 25, Training Loss: 0.0312, Train MSE: 0.0312, r (train): 0.7508, Test MSE: 0.1108, r (test): -0.1163
Epoch: 26, Training Loss: 0.0380, Train MSE: 0.0380, r (train): 0.7399, Test MSE: 0.1223, r (test): -0.2791
Epoch: 27, Training Loss: 0.0824, Train MSE: 0.0824, r (train): 0.7106, Test MSE: 0.1815, r (test): -0.3631
Epoch: 28, Training Loss: 0.0419, Train MSE: 0.0419, r (train): 0.7330, Test MSE: 0.1229, r (test): -0.1392
Epoch: 29, Training Loss: 0.0368, Train MSE: 0.0368, r (train): 0.7075, Test MSE: 0.1262, r (test): -0.3840
Epoch: 30, Training Loss: 0.0618, Train MSE: 0.0618, r (train): 0.7176, Test MSE: 0.1513, r (test): -0.2624
Epoch: 31, Training Loss: 0.0594, Train MSE: 0.0594, r (train): 0.7005, Test MSE: 0.1432, r (test): -0.2139
Epoch: 32, Training Loss: 0.0585, Train MSE: 0.0585, r (train): 0.6661, Test MSE: 0.1490, r (test): -0.3604
Epoch: 33, Training Loss: 0.0521, Train MSE: 0.0521, r (train): 0.7005, Test MSE: 0.1367, r (test): -0.2521
Epoch: 34, Training Loss: 0.1193, Train MSE: 0.1193, r (train): 0.6823, Test MSE: 0.2062, r (test): -0.2394
Epoch: 35, Training Loss: 0.1430, Train MSE: 0.1430, r (train): 0.6081, Test MSE: 0.2462, r (test): -0.3114
Epoch: 36, Training Loss: 0.0389, Train MSE: 0.0389, r (train): 0.6689, Test MSE: 0.1180, r (test): -0.2776
Epoch: 37, Training Loss: 0.1174, Train MSE: 0.1174, r (train): 0.6766, Test MSE: 0.1876, r (test): -0.1598
Epoch: 38, Training Loss: 0.2963, Train MSE: 0.2963, r (train): 0.5702, Test MSE: 0.4230, r (test): -0.2420
Epoch: 39, Training Loss: 0.0717, Train MSE: 0.0717, r (train): 0.5711, Test MSE: 0.1476, r (test): -0.2605
Epoch: 40, Training Loss: 0.0796, Train MSE: 0.0796, r (train): 0.6816, Test MSE: 0.1401, r (test): -0.1614
Epoch: 41, Training Loss: 0.2452, Train MSE: 0.2452, r (train): 0.5711, Test MSE: 0.3700, r (test): -0.2582
Epoch: 42, Training Loss: 0.0960, Train MSE: 0.0960, r (train): 0.5538, Test MSE: 0.1714, r (test): -0.3055
Epoch: 43, Training Loss: 0.0382, Train MSE: 0.0382, r (train): 0.6831, Test MSE: 0.0976, r (test): -0.0315
Epoch: 44, Training Loss: 0.0894, Train MSE: 0.0894, r (train): 0.6056, Test MSE: 0.1902, r (test): -0.3690
Epoch: 45, Training Loss: 0.0478, Train MSE: 0.0478, r (train): 0.5990, Test MSE: 0.1238, r (test): -0.3964
Epoch: 46, Training Loss: 0.0359, Train MSE: 0.0359, r (train): 0.6985, Test MSE: 0.0968, r (test): 0.0598
Epoch: 47, Training Loss: 0.0492, Train MSE: 0.0492, r (train): 0.5885, Test MSE: 0.1363, r (test): -0.4865
Epoch: 48, Training Loss: 0.0496, Train MSE: 0.0496, r (train): 0.6699, Test MSE: 0.1276, r (test): -0.2926
Epoch: 49, Training Loss: 0.0464, Train MSE: 0.0464, r (train): 0.6655, Test MSE: 0.1063, r (test): -0.1061
Epoch: 50, Training Loss: 0.0460, Train MSE: 0.0460, r (train): 0.6390, Test MSE: 0.1317, r (test): -0.3766
Epoch: 51, Training Loss: 0.0684, Train MSE: 0.0684, r (train): 0.6268, Test MSE: 0.1603, r (test): -0.4152
Epoch: 52, Training Loss: 0.0416, Train MSE: 0.0416, r (train): 0.6561, Test MSE: 0.1097, r (test): -0.1580
Epoch: 53, Training Loss: 0.0451, Train MSE: 0.0451, r (train): 0.6797, Test MSE: 0.1098, r (test): -0.1635
Epoch: 54, Training Loss: 0.0495, Train MSE: 0.0495, r (train): 0.6411, Test MSE: 0.1427, r (test): -0.3670
Epoch: 55, Training Loss: 0.0551, Train MSE: 0.0551, r (train): 0.6486, Test MSE: 0.1418, r (test): -0.3629
Epoch: 56, Training Loss: 0.0389, Train MSE: 0.0389, r (train): 0.6706, Test MSE: 0.1112, r (test): -0.2206
Epoch: 57, Training Loss: 0.0604, Train MSE: 0.0604, r (train): 0.6807, Test MSE: 0.1284, r (test): -0.2109
Epoch: 58, Training Loss: 0.0471, Train MSE: 0.0471, r (train): 0.6165, Test MSE: 0.1351, r (test): -0.4029
Epoch: 59, Training Loss: 0.1657, Train MSE: 0.1657, r (train): 0.6449, Test MSE: 0.2774, r (test): -0.3567
Epoch: 60, Training Loss: 0.1221, Train MSE: 0.1221, r (train): 0.6677, Test MSE: 0.1888, r (test): -0.1416
Epoch: 61, Training Loss: 0.0403, Train MSE: 0.0403, r (train): 0.6611, Test MSE: 0.1212, r (test): -0.3099
Epoch: 62, Training Loss: 0.0579, Train MSE: 0.0579, r (train): 0.6332, Test MSE: 0.1440, r (test): -0.3435
Epoch: 63, Training Loss: 0.0381, Train MSE: 0.0381, r (train): 0.6736, Test MSE: 0.1127, r (test): -0.1428
Epoch: 64, Training Loss: 0.0983, Train MSE: 0.0983, r (train): 0.6663, Test MSE: 0.1695, r (test): -0.2326
Epoch: 65, Training Loss: 0.0522, Train MSE: 0.0522, r (train): 0.6374, Test MSE: 0.1386, r (test): -0.3398
Epoch: 66, Training Loss: 0.0383, Train MSE: 0.0383, r (train): 0.6833, Test MSE: 0.1163, r (test): -0.2060
Epoch: 67, Training Loss: 0.0477, Train MSE: 0.0477, r (train): 0.6732, Test MSE: 0.1267, r (test): -0.2691
Epoch: 68, Training Loss: 0.0447, Train MSE: 0.0447, r (train): 0.6771, Test MSE: 0.1340, r (test): -0.3699
Epoch: 69, Training Loss: 0.0571, Train MSE: 0.0571, r (train): 0.6257, Test MSE: 0.1373, r (test): -0.2707
Epoch: 70, Training Loss: 0.1088, Train MSE: 0.1088, r (train): 0.6672, Test MSE: 0.1973, r (test): -0.3301
Epoch: 71, Training Loss: 0.0692, Train MSE: 0.0692, r (train): 0.5806, Test MSE: 0.1468, r (test): -0.2237
Epoch: 72, Training Loss: 0.1384, Train MSE: 0.1384, r (train): 0.6233, Test MSE: 0.1940, r (test): -0.0877
Epoch: 73, Training Loss: 0.1998, Train MSE: 0.1998, r (train): 0.5922, Test MSE: 0.2453, r (test): 0.0176
Epoch: 74, Training Loss: 0.1140, Train MSE: 0.1140, r (train): 0.4740, Test MSE: 0.1906, r (test): -0.4571
Epoch: 75, Training Loss: 0.1053, Train MSE: 0.1053, r (train): 0.4003, Test MSE: 0.1639, r (test): -0.5111
Epoch: 76, Training Loss: 0.2495, Train MSE: 0.2495, r (train): 0.5493, Test MSE: 0.3214, r (test): -0.3128
Epoch: 77, Training Loss: 0.0529, Train MSE: 0.0529, r (train): 0.5077, Test MSE: 0.1263, r (test): -0.5105
Epoch: 78, Training Loss: 0.1797, Train MSE: 0.1797, r (train): 0.6076, Test MSE: 0.2384, r (test): -0.0316
Epoch: 79, Training Loss: 0.0692, Train MSE: 0.0692, r (train): 0.7052, Test MSE: 0.1446, r (test): 0.0674
Epoch: 80, Training Loss: 0.1860, Train MSE: 0.1860, r (train): 0.5669, Test MSE: 0.2468, r (test): -0.2809
Epoch: 81, Training Loss: 0.0839, Train MSE: 0.0839, r (train): 0.6200, Test MSE: 0.1848, r (test): -0.3831
Epoch: 82, Training Loss: 0.0805, Train MSE: 0.0805, r (train): 0.5640, Test MSE: 0.1697, r (test): -0.3475
Epoch: 83, Training Loss: 0.0487, Train MSE: 0.0487, r (train): 0.6537, Test MSE: 0.1341, r (test): -0.2673
Epoch: 84, Training Loss: 0.0738, Train MSE: 0.0738, r (train): 0.6143, Test MSE: 0.1333, r (test): -0.1421
Epoch: 85, Training Loss: 0.1608, Train MSE: 0.1608, r (train): 0.5359, Test MSE: 0.2778, r (test): -0.3257
Epoch: 86, Training Loss: 0.0457, Train MSE: 0.0457, r (train): 0.6031, Test MSE: 0.1271, r (test): -0.3163
Epoch: 87, Training Loss: 0.0429, Train MSE: 0.0429, r (train): 0.6500, Test MSE: 0.1196, r (test): -0.2417
Epoch: 88, Training Loss: 0.0479, Train MSE: 0.0479, r (train): 0.6120, Test MSE: 0.1313, r (test): -0.3966
Epoch: 89, Training Loss: 0.0477, Train MSE: 0.0477, r (train): 0.6663, Test MSE: 0.1310, r (test): -0.2212
Epoch: 90, Training Loss: 0.0514, Train MSE: 0.0514, r (train): 0.6470, Test MSE: 0.1387, r (test): -0.2514
Epoch: 91, Training Loss: 0.0533, Train MSE: 0.0533, r (train): 0.6098, Test MSE: 0.1363, r (test): -0.4200
Epoch: 92, Training Loss: 0.0552, Train MSE: 0.0552, r (train): 0.6168, Test MSE: 0.1385, r (test): -0.2755
Epoch: 93, Training Loss: 0.0440, Train MSE: 0.0440, r (train): 0.6417, Test MSE: 0.1217, r (test): -0.3158
Epoch: 94, Training Loss: 0.0415, Train MSE: 0.0415, r (train): 0.6649, Test MSE: 0.1211, r (test): -0.3112
Epoch: 95, Training Loss: 0.0482, Train MSE: 0.0482, r (train): 0.6503, Test MSE: 0.1316, r (test): -0.2760
Epoch: 96, Training Loss: 0.0421, Train MSE: 0.0421, r (train): 0.6573, Test MSE: 0.1218, r (test): -0.2644
Epoch: 97, Training Loss: 0.0463, Train MSE: 0.0463, r (train): 0.6278, Test MSE: 0.1324, r (test): -0.3208
Epoch: 98, Training Loss: 0.0463, Train MSE: 0.0463, r (train): 0.6258, Test MSE: 0.1204, r (test): -0.2830
Epoch: 99, Training Loss: 0.0504, Train MSE: 0.0504, r (train): 0.6437, Test MSE: 0.1329, r (test): -0.3001
Predicted tensors for training set: 
tensor([0.8976, 0.8290, 0.4294, 0.7282, 0.4030, 0.4202, 0.6568, 0.6267, 0.7223,
        0.5739, 0.6174, 0.4045, 0.3704, 0.3405, 1.0572, 0.9706, 0.7694, 1.0201,
        0.6253, 0.3635, 0.8272, 0.7860, 0.8330, 0.3989, 0.5237, 0.5901, 0.7290,
        0.7834, 0.7273, 0.7145, 0.3764, 0.6740, 0.3442, 1.0011, 1.0406, 0.1309,
        0.6108, 0.5595, 0.7930, 0.6358, 0.3974, 0.6041, 0.7806, 0.6404, 0.7443,
        0.5358, 1.1085, 0.4880, 0.6366, 1.1352, 0.9627, 0.4962, 0.9114, 0.3020,
        0.6859, 0.7640, 0.8141, 0.7380, 0.3493, 0.7779, 0.6366, 0.3810, 0.6155,
        0.2412, 0.6701, 0.6328, 0.4799, 0.3824, 0.2901, 0.6979, 0.7874, 0.6420])
Target tensorsfor training set: 
tensor([0.5783, 0.5573, 0.1055, 0.4149, 0.4993, 0.4654, 0.7497, 0.6465, 0.8561,
        0.7171, 0.7507, 0.5178, 0.2271, 0.1493, 0.9127, 0.8524, 0.4513, 0.7144,
        0.3077, 0.0389, 0.5187, 0.4640, 0.5564, 0.0981, 0.4341, 0.4526, 0.5780,
        0.6240, 0.9150, 0.9117, 0.5658, 0.8363, 0.2464, 0.9072, 0.9621, 0.0246,
        0.1218, 0.0636, 0.4036, 0.1294, 0.5023, 0.7462, 0.8988, 0.7596, 0.5102,
        0.2916, 0.8418, 0.2594, 0.2394, 0.8556, 0.6576, 0.1360, 0.9215, 0.2649,
        0.6595, 0.7372, 0.6846, 0.6199, 0.2169, 0.6577, 0.8728, 0.6671, 0.8391,
        0.5300, 0.7270, 0.7125, 0.5220, 0.4440, 0.3829, 0.7901, 0.9535, 0.7371])
Correlation for training set: 0.6436767218099629
Predicted tensors for test set: 
tensor([0.4879, 0.7265, 0.6148, 0.7964, 0.8319, 0.6287, 0.6488, 0.4609, 0.7172,
        0.8868, 0.6139, 0.5349, 0.5948, 0.6286, 0.6218, 0.6716, 0.5378, 0.6616])
Target tensorsfor test set: 
tensor([0.7791, 0.2255, 0.9656, 0.3174, 0.1295, 0.4818, 0.0763, 0.3453, 0.5779,
        0.7950, 0.0478, 0.8411, 0.8453, 0.6992, 0.5719, 0.3309, 0.9492, 0.4373])
Correlation for test set: -0.3000986085805149
18 5
Fold 4
Epoch: 00, Training Loss: 0.0897, Train MSE: 0.0897, r (train): -0.1159, Test MSE: 0.1436, r (test): -0.1116
Epoch: 01, Training Loss: 0.1211, Train MSE: 0.1211, r (train): 0.1386, Test MSE: 0.1898, r (test): 0.1123
Epoch: 02, Training Loss: 0.0907, Train MSE: 0.0907, r (train): 0.5153, Test MSE: 0.1483, r (test): 0.4583
Epoch: 03, Training Loss: 0.0507, Train MSE: 0.0507, r (train): 0.5838, Test MSE: 0.0884, r (test): 0.4577
Epoch: 04, Training Loss: 0.0563, Train MSE: 0.0563, r (train): 0.6830, Test MSE: 0.1153, r (test): 0.3268
Epoch: 05, Training Loss: 0.0859, Train MSE: 0.0859, r (train): 0.6691, Test MSE: 0.1622, r (test): 0.1832
Epoch: 06, Training Loss: 0.2010, Train MSE: 0.2010, r (train): 0.6225, Test MSE: 0.3034, r (test): 0.0799
Epoch: 07, Training Loss: 0.1182, Train MSE: 0.1182, r (train): 0.7086, Test MSE: 0.2158, r (test): 0.0329
Epoch: 08, Training Loss: 0.0784, Train MSE: 0.0784, r (train): 0.6412, Test MSE: 0.1531, r (test): 0.1489
Epoch: 09, Training Loss: 8.4179, Train MSE: 8.4179, r (train): 0.0980, Test MSE: 8.3863, r (test): -0.3006
Epoch: 10, Training Loss: 0.1698, Train MSE: 0.1698, r (train): 0.5461, Test MSE: 0.1613, r (test): 0.3339
Epoch: 11, Training Loss: 0.2580, Train MSE: 0.2580, r (train): 0.4904, Test MSE: 0.3344, r (test): 0.0014
Epoch: 12, Training Loss: 0.1003, Train MSE: 0.1003, r (train): 0.6837, Test MSE: 0.1705, r (test): 0.0703
Epoch: 13, Training Loss: 0.3270, Train MSE: 0.3270, r (train): 0.5901, Test MSE: 0.4289, r (test): -0.1382
Epoch: 14, Training Loss: 0.5661, Train MSE: 0.5661, r (train): 0.2926, Test MSE: 0.6870, r (test): -0.2808
Epoch: 15, Training Loss: 0.8326, Train MSE: 0.8326, r (train): 0.3642, Test MSE: 0.9012, r (test): -0.0229
Epoch: 16, Training Loss: 0.0615, Train MSE: 0.0615, r (train): 0.7194, Test MSE: 0.1217, r (test): 0.4350
Epoch: 17, Training Loss: 0.1590, Train MSE: 0.1590, r (train): 0.5253, Test MSE: 0.1317, r (test): 0.4224
Epoch: 18, Training Loss: 0.0436, Train MSE: 0.0436, r (train): 0.7375, Test MSE: 0.0881, r (test): 0.1630
Epoch: 19, Training Loss: 0.0282, Train MSE: 0.0282, r (train): 0.7620, Test MSE: 0.0904, r (test): 0.1437
Epoch: 20, Training Loss: 0.0332, Train MSE: 0.0332, r (train): 0.7479, Test MSE: 0.0820, r (test): 0.2901
Epoch: 21, Training Loss: 0.0650, Train MSE: 0.0650, r (train): 0.7129, Test MSE: 0.0978, r (test): 0.2306
Epoch: 22, Training Loss: 0.0346, Train MSE: 0.0346, r (train): 0.7120, Test MSE: 0.1101, r (test): -0.2149
Epoch: 23, Training Loss: 0.3149, Train MSE: 0.3149, r (train): 0.6941, Test MSE: 0.3929, r (test): 0.3186
Epoch: 24, Training Loss: 0.2417, Train MSE: 0.2417, r (train): 0.6151, Test MSE: 0.2170, r (test): 0.3464
Epoch: 25, Training Loss: 0.0605, Train MSE: 0.0605, r (train): 0.6857, Test MSE: 0.0995, r (test): 0.1187
Epoch: 26, Training Loss: 0.0701, Train MSE: 0.0701, r (train): 0.6633, Test MSE: 0.1556, r (test): -0.2148
Epoch: 27, Training Loss: 0.1194, Train MSE: 0.1194, r (train): 0.7312, Test MSE: 0.1861, r (test): 0.4994
Epoch: 28, Training Loss: 0.3508, Train MSE: 0.3508, r (train): 0.5692, Test MSE: 0.3143, r (test): 0.1517
Epoch: 29, Training Loss: 0.0367, Train MSE: 0.0367, r (train): 0.6802, Test MSE: 0.1053, r (test): -0.2095
Epoch: 30, Training Loss: 0.2222, Train MSE: 0.2222, r (train): 0.7251, Test MSE: 0.2967, r (test): 0.3921
Epoch: 31, Training Loss: 0.2722, Train MSE: 0.2722, r (train): 0.5876, Test MSE: 0.2453, r (test): 0.2237
Epoch: 32, Training Loss: 0.0386, Train MSE: 0.0386, r (train): 0.6679, Test MSE: 0.1067, r (test): -0.2136
Epoch: 33, Training Loss: 0.1931, Train MSE: 0.1931, r (train): 0.7051, Test MSE: 0.2717, r (test): 0.3985
Epoch: 34, Training Loss: 0.3219, Train MSE: 0.3219, r (train): 0.5917, Test MSE: 0.2918, r (test): 0.1783
Epoch: 35, Training Loss: 0.0485, Train MSE: 0.0485, r (train): 0.6319, Test MSE: 0.1235, r (test): -0.2972
Epoch: 36, Training Loss: 0.1319, Train MSE: 0.1319, r (train): 0.6689, Test MSE: 0.2053, r (test): 0.3896
Epoch: 37, Training Loss: 0.1742, Train MSE: 0.1742, r (train): 0.6184, Test MSE: 0.1725, r (test): 0.1944
Epoch: 38, Training Loss: 0.0494, Train MSE: 0.0494, r (train): 0.6253, Test MSE: 0.1225, r (test): -0.2871
Epoch: 39, Training Loss: 0.1040, Train MSE: 0.1040, r (train): 0.6366, Test MSE: 0.1739, r (test): 0.3282
Epoch: 40, Training Loss: 0.1103, Train MSE: 0.1103, r (train): 0.6276, Test MSE: 0.1216, r (test): 0.2606
Epoch: 41, Training Loss: 0.0712, Train MSE: 0.0712, r (train): 0.6230, Test MSE: 0.1422, r (test): -0.1416
Epoch: 42, Training Loss: 0.0525, Train MSE: 0.0525, r (train): 0.6315, Test MSE: 0.1107, r (test): 0.2448
Epoch: 43, Training Loss: 0.0575, Train MSE: 0.0575, r (train): 0.6481, Test MSE: 0.0829, r (test): 0.3323
Epoch: 44, Training Loss: 0.0939, Train MSE: 0.0939, r (train): 0.5895, Test MSE: 0.1650, r (test): -0.1149
Epoch: 45, Training Loss: 0.0478, Train MSE: 0.0478, r (train): 0.5789, Test MSE: 0.0855, r (test): 0.2169
Epoch: 46, Training Loss: 0.0415, Train MSE: 0.0415, r (train): 0.6770, Test MSE: 0.0934, r (test): 0.3304
Epoch: 47, Training Loss: 0.1660, Train MSE: 0.1660, r (train): 0.6270, Test MSE: 0.2273, r (test): 0.0922
Epoch: 48, Training Loss: 0.0864, Train MSE: 0.0864, r (train): 0.5743, Test MSE: 0.1038, r (test): 0.1495
Epoch: 49, Training Loss: 0.0435, Train MSE: 0.0435, r (train): 0.6518, Test MSE: 0.0772, r (test): 0.3326
Epoch: 50, Training Loss: 0.1182, Train MSE: 0.1182, r (train): 0.6318, Test MSE: 0.1914, r (test): 0.0711
Epoch: 51, Training Loss: 0.0386, Train MSE: 0.0386, r (train): 0.6632, Test MSE: 0.0840, r (test): 0.2630
Epoch: 52, Training Loss: 0.0464, Train MSE: 0.0464, r (train): 0.6276, Test MSE: 0.0835, r (test): 0.2796
Epoch: 53, Training Loss: 0.0845, Train MSE: 0.0845, r (train): 0.6448, Test MSE: 0.1510, r (test): 0.0905
Epoch: 54, Training Loss: 0.0414, Train MSE: 0.0414, r (train): 0.6518, Test MSE: 0.0829, r (test): 0.2658
Epoch: 55, Training Loss: 0.0633, Train MSE: 0.0633, r (train): 0.6477, Test MSE: 0.1147, r (test): 0.3376
Epoch: 56, Training Loss: 0.0541, Train MSE: 0.0541, r (train): 0.6529, Test MSE: 0.1111, r (test): 0.1609
Epoch: 57, Training Loss: 0.0641, Train MSE: 0.0641, r (train): 0.6251, Test MSE: 0.1179, r (test): 0.3110
Epoch: 58, Training Loss: 0.0460, Train MSE: 0.0460, r (train): 0.6482, Test MSE: 0.0972, r (test): 0.2178
Epoch: 59, Training Loss: 0.1125, Train MSE: 0.1125, r (train): 0.6291, Test MSE: 0.1760, r (test): 0.2216
Epoch: 60, Training Loss: 0.0568, Train MSE: 0.0568, r (train): 0.6198, Test MSE: 0.1212, r (test): 0.2596
Epoch: 61, Training Loss: 0.0403, Train MSE: 0.0403, r (train): 0.6651, Test MSE: 0.0896, r (test): 0.3210
Epoch: 62, Training Loss: 0.0585, Train MSE: 0.0585, r (train): 0.5998, Test MSE: 0.0822, r (test): 0.2986
Epoch: 63, Training Loss: 0.2828, Train MSE: 0.2828, r (train): 0.6456, Test MSE: 0.3601, r (test): 0.1829
Epoch: 64, Training Loss: 0.0469, Train MSE: 0.0469, r (train): 0.6330, Test MSE: 0.1154, r (test): -0.0580
Epoch: 65, Training Loss: 0.0490, Train MSE: 0.0490, r (train): 0.5254, Test MSE: 0.1027, r (test): -0.1046
Epoch: 66, Training Loss: 0.0529, Train MSE: 0.0529, r (train): 0.6115, Test MSE: 0.0915, r (test): 0.1182
Epoch: 67, Training Loss: 0.0611, Train MSE: 0.0611, r (train): 0.6167, Test MSE: 0.1156, r (test): 0.2289
Epoch: 68, Training Loss: 0.2267, Train MSE: 0.2267, r (train): 0.6087, Test MSE: 0.3157, r (test): -0.0281
Epoch: 69, Training Loss: 0.0926, Train MSE: 0.0926, r (train): 0.5966, Test MSE: 0.1741, r (test): 0.1253
Epoch: 70, Training Loss: 0.2439, Train MSE: 0.2439, r (train): 0.5908, Test MSE: 0.2221, r (test): 0.2118
Epoch: 71, Training Loss: 0.1364, Train MSE: 0.1364, r (train): 0.6369, Test MSE: 0.2105, r (test): 0.3368
Epoch: 72, Training Loss: 0.0980, Train MSE: 0.0980, r (train): 0.6024, Test MSE: 0.1264, r (test): 0.0107
Epoch: 73, Training Loss: 0.0622, Train MSE: 0.0622, r (train): 0.6386, Test MSE: 0.1243, r (test): 0.2247
Epoch: 74, Training Loss: 0.0608, Train MSE: 0.0608, r (train): 0.5944, Test MSE: 0.0875, r (test): 0.2465
Epoch: 75, Training Loss: 0.0514, Train MSE: 0.0514, r (train): 0.6052, Test MSE: 0.0909, r (test): 0.2356
Epoch: 76, Training Loss: 0.0961, Train MSE: 0.0961, r (train): 0.6100, Test MSE: 0.1651, r (test): -0.0115
Epoch: 77, Training Loss: 0.0485, Train MSE: 0.0485, r (train): 0.6067, Test MSE: 0.0834, r (test): 0.3108
Epoch: 78, Training Loss: 0.0748, Train MSE: 0.0748, r (train): 0.5997, Test MSE: 0.0981, r (test): 0.2300
Epoch: 79, Training Loss: 0.1361, Train MSE: 0.1361, r (train): 0.6130, Test MSE: 0.2176, r (test): 0.0080
Epoch: 80, Training Loss: 0.0544, Train MSE: 0.0544, r (train): 0.6386, Test MSE: 0.1144, r (test): 0.2753
Epoch: 81, Training Loss: 0.0788, Train MSE: 0.0788, r (train): 0.6336, Test MSE: 0.1009, r (test): 0.2318
Epoch: 82, Training Loss: 0.1190, Train MSE: 0.1190, r (train): 0.6243, Test MSE: 0.2013, r (test): 0.0929
Epoch: 83, Training Loss: 0.0383, Train MSE: 0.0383, r (train): 0.6609, Test MSE: 0.0916, r (test): 0.2032
Epoch: 84, Training Loss: 0.0443, Train MSE: 0.0443, r (train): 0.6514, Test MSE: 0.0857, r (test): 0.2479
Epoch: 85, Training Loss: 0.0573, Train MSE: 0.0573, r (train): 0.6336, Test MSE: 0.1129, r (test): 0.1955
Epoch: 86, Training Loss: 0.0397, Train MSE: 0.0397, r (train): 0.6514, Test MSE: 0.0880, r (test): 0.2686
Epoch: 87, Training Loss: 0.0542, Train MSE: 0.0542, r (train): 0.6698, Test MSE: 0.0959, r (test): 0.1633
Epoch: 88, Training Loss: 0.0652, Train MSE: 0.0652, r (train): 0.6922, Test MSE: 0.1355, r (test): 0.1561
Epoch: 89, Training Loss: 0.0454, Train MSE: 0.0454, r (train): 0.6858, Test MSE: 0.1130, r (test): 0.1507
Epoch: 90, Training Loss: 0.0667, Train MSE: 0.0667, r (train): 0.6610, Test MSE: 0.1404, r (test): 0.1707
Epoch: 91, Training Loss: 0.0526, Train MSE: 0.0526, r (train): 0.6025, Test MSE: 0.0989, r (test): 0.2624
Epoch: 92, Training Loss: 0.0524, Train MSE: 0.0524, r (train): 0.6189, Test MSE: 0.0852, r (test): 0.2481
Epoch: 93, Training Loss: 0.0618, Train MSE: 0.0618, r (train): 0.6100, Test MSE: 0.1262, r (test): 0.0253
Epoch: 94, Training Loss: 0.0451, Train MSE: 0.0451, r (train): 0.6772, Test MSE: 0.0988, r (test): 0.2631
Epoch: 95, Training Loss: 0.0514, Train MSE: 0.0514, r (train): 0.6624, Test MSE: 0.0924, r (test): 0.2061
Epoch: 96, Training Loss: 0.1376, Train MSE: 0.1376, r (train): 0.6416, Test MSE: 0.2291, r (test): 0.0350
Epoch: 97, Training Loss: 0.0442, Train MSE: 0.0442, r (train): 0.6114, Test MSE: 0.0845, r (test): 0.2304
Epoch: 98, Training Loss: 0.0624, Train MSE: 0.0624, r (train): 0.6130, Test MSE: 0.0978, r (test): 0.1525
Epoch: 99, Training Loss: 0.0757, Train MSE: 0.0757, r (train): 0.6270, Test MSE: 0.1354, r (test): 0.1867
Predicted tensors for training set: 
tensor([0.9995, 0.8418, 0.6362, 0.8442, 0.6133, 0.6111, 0.8429, 0.8277, 0.8161,
        0.6996, 0.7292, 0.5142, 0.4655, 0.4814, 1.0844, 1.0666, 0.8630, 1.2244,
        0.7584, 0.4899, 0.9282, 0.7753, 0.8250, 0.5067, 0.6430, 0.7452, 0.7957,
        0.8313, 0.7884, 0.7611, 0.4585, 0.6948, 0.5681, 1.2005, 1.0617, 0.4135,
        0.9822, 0.4349, 1.3471, 0.5674, 0.6396, 1.1644, 0.6145, 0.9956, 0.8589,
        0.9813, 0.3660, 1.0862, 0.8905, 0.6612, 0.6403, 0.4863, 0.8399, 0.4785,
        0.6215, 0.6760, 0.8948, 0.8471, 0.4627, 0.8698, 0.7540, 0.5423, 0.7434,
        0.4055, 0.8170, 0.8177, 0.6974, 0.5941, 0.3351, 0.7176, 0.7981, 0.6367])
Target tensorsfor training set: 
tensor([0.5783, 0.5573, 0.1055, 0.4149, 0.4993, 0.4654, 0.7497, 0.6465, 0.8561,
        0.7171, 0.7507, 0.5178, 0.2271, 0.1493, 0.9127, 0.8524, 0.4513, 0.7144,
        0.3077, 0.0389, 0.5187, 0.4640, 0.5564, 0.0981, 0.4341, 0.4526, 0.5780,
        0.6240, 0.9150, 0.9117, 0.5658, 0.8363, 0.2464, 0.9072, 0.9621, 0.0246,
        0.7791, 0.2255, 0.9656, 0.3174, 0.1295, 0.4818, 0.0763, 0.3453, 0.5779,
        0.7950, 0.0478, 0.8411, 0.8453, 0.6992, 0.5719, 0.3309, 0.9492, 0.4373,
        0.6595, 0.7372, 0.6846, 0.6199, 0.2169, 0.6577, 0.8728, 0.6671, 0.8391,
        0.5300, 0.7270, 0.7125, 0.5220, 0.4440, 0.3829, 0.7901, 0.9535, 0.7371])
Correlation for training set: 0.6269679345429
Predicted tensors for test set: 
tensor([0.6974, 0.5717, 0.6153, 0.5509, 0.5605, 0.8449, 0.6164, 0.7353, 0.7665,
        0.5214, 0.7216, 0.7852, 0.6881, 0.7418, 0.8034, 0.8455, 0.6941, 0.8402])
Target tensorsfor test set: 
tensor([0.1218, 0.0636, 0.4036, 0.1294, 0.5023, 0.7462, 0.8988, 0.7596, 0.5102,
        0.2916, 0.8418, 0.2594, 0.2394, 0.8556, 0.6576, 0.1360, 0.9215, 0.2649])
Correlation for test set: 0.18673506309732527
18 5
Fold 5
Epoch: 00, Training Loss: 0.0960, Train MSE: 0.0960, r (train): 0.0229, Test MSE: 0.0350, r (test): -0.3279
Epoch: 01, Training Loss: 0.0912, Train MSE: 0.0912, r (train): 0.2616, Test MSE: 0.0342, r (test): -0.2185
Epoch: 02, Training Loss: 0.0755, Train MSE: 0.0755, r (train): 0.4805, Test MSE: 0.0370, r (test): 0.0430
Epoch: 03, Training Loss: 0.0566, Train MSE: 0.0566, r (train): 0.5644, Test MSE: 0.0633, r (test): -0.0126
Epoch: 04, Training Loss: 0.0505, Train MSE: 0.0505, r (train): 0.6342, Test MSE: 0.0600, r (test): 0.0240
Epoch: 05, Training Loss: 0.0449, Train MSE: 0.0449, r (train): 0.6790, Test MSE: 0.0616, r (test): 0.0527
Epoch: 06, Training Loss: 0.0542, Train MSE: 0.0542, r (train): 0.7080, Test MSE: 0.0429, r (test): 0.1442
Epoch: 07, Training Loss: 0.0398, Train MSE: 0.0398, r (train): 0.7069, Test MSE: 0.0552, r (test): 0.1478
Epoch: 08, Training Loss: 0.0784, Train MSE: 0.0784, r (train): 0.6837, Test MSE: 0.0531, r (test): 0.3228
Epoch: 09, Training Loss: 0.7260, Train MSE: 0.7260, r (train): 0.5414, Test MSE: 0.5142, r (test): 0.3538
Epoch: 10, Training Loss: 0.0789, Train MSE: 0.0789, r (train): 0.6996, Test MSE: 0.0630, r (test): 0.1577
Epoch: 11, Training Loss: 0.5012, Train MSE: 0.5012, r (train): 0.6731, Test MSE: 0.7175, r (test): -0.0489
Epoch: 12, Training Loss: 0.1618, Train MSE: 0.1618, r (train): 0.7830, Test MSE: 0.0963, r (test): 0.1172
Epoch: 13, Training Loss: 0.1997, Train MSE: 0.1997, r (train): 0.6799, Test MSE: 0.3299, r (test): -0.3465
Epoch: 14, Training Loss: 0.2838, Train MSE: 0.2838, r (train): 0.6712, Test MSE: 0.4335, r (test): -0.3041
Epoch: 15, Training Loss: 0.0240, Train MSE: 0.0240, r (train): 0.8419, Test MSE: 0.0596, r (test): -0.0078
Epoch: 16, Training Loss: 0.0573, Train MSE: 0.0573, r (train): 0.8040, Test MSE: 0.1792, r (test): -0.0849
Epoch: 17, Training Loss: 0.0322, Train MSE: 0.0322, r (train): 0.7977, Test MSE: 0.0927, r (test): -0.2475
Epoch: 18, Training Loss: 0.0896, Train MSE: 0.0896, r (train): 0.6940, Test MSE: 0.0446, r (test): 0.1451
Epoch: 19, Training Loss: 0.3083, Train MSE: 0.3083, r (train): 0.7233, Test MSE: 0.1761, r (test): 0.3242
Epoch: 20, Training Loss: 0.0497, Train MSE: 0.0497, r (train): 0.7785, Test MSE: 0.1406, r (test): -0.1771
Epoch: 21, Training Loss: 0.3405, Train MSE: 0.3405, r (train): 0.7365, Test MSE: 0.5263, r (test): -0.2810
Epoch: 22, Training Loss: 0.0378, Train MSE: 0.0378, r (train): 0.8330, Test MSE: 0.0444, r (test): 0.0478
Epoch: 23, Training Loss: 0.2005, Train MSE: 0.2005, r (train): 0.8432, Test MSE: 0.1226, r (test): 0.1629
Epoch: 24, Training Loss: 0.1044, Train MSE: 0.1044, r (train): 0.7767, Test MSE: 0.2308, r (test): -0.2219
Epoch: 25, Training Loss: 0.0604, Train MSE: 0.0604, r (train): 0.8443, Test MSE: 0.1609, r (test): -0.1289
Epoch: 26, Training Loss: 0.1469, Train MSE: 0.1469, r (train): 0.8136, Test MSE: 0.0879, r (test): 0.0696
Epoch: 27, Training Loss: 0.0501, Train MSE: 0.0501, r (train): 0.8164, Test MSE: 0.1473, r (test): -0.1703
Epoch: 28, Training Loss: 0.0389, Train MSE: 0.0389, r (train): 0.8465, Test MSE: 0.1295, r (test): -0.1066
Epoch: 29, Training Loss: 0.0998, Train MSE: 0.0998, r (train): 0.8080, Test MSE: 0.0669, r (test): -0.0803
Epoch: 30, Training Loss: 0.0394, Train MSE: 0.0394, r (train): 0.8168, Test MSE: 0.1258, r (test): -0.1529
Epoch: 31, Training Loss: 0.0483, Train MSE: 0.0483, r (train): 0.8266, Test MSE: 0.1420, r (test): -0.1470
Epoch: 32, Training Loss: 0.1041, Train MSE: 0.1041, r (train): 0.8058, Test MSE: 0.0643, r (test): -0.0115
Epoch: 33, Training Loss: 0.0334, Train MSE: 0.0334, r (train): 0.8228, Test MSE: 0.1112, r (test): -0.1206
Epoch: 34, Training Loss: 0.0597, Train MSE: 0.0597, r (train): 0.8057, Test MSE: 0.1595, r (test): -0.1910
Epoch: 35, Training Loss: 0.1245, Train MSE: 0.1245, r (train): 0.7977, Test MSE: 0.0727, r (test): 0.0046
Epoch: 36, Training Loss: 0.0385, Train MSE: 0.0385, r (train): 0.7958, Test MSE: 0.1203, r (test): -0.1577
Epoch: 37, Training Loss: 0.0963, Train MSE: 0.0963, r (train): 0.7971, Test MSE: 0.2126, r (test): -0.2031
Epoch: 38, Training Loss: 0.1254, Train MSE: 0.1254, r (train): 0.7887, Test MSE: 0.0691, r (test): 0.0763
Epoch: 39, Training Loss: 0.0294, Train MSE: 0.0294, r (train): 0.7972, Test MSE: 0.0855, r (test): -0.1574
Epoch: 40, Training Loss: 0.1157, Train MSE: 0.1157, r (train): 0.8016, Test MSE: 0.2428, r (test): -0.1824
Epoch: 41, Training Loss: 0.0860, Train MSE: 0.0860, r (train): 0.7765, Test MSE: 0.0519, r (test): -0.0044
Epoch: 42, Training Loss: 0.0344, Train MSE: 0.0344, r (train): 0.7699, Test MSE: 0.0729, r (test): -0.1837
Epoch: 43, Training Loss: 0.2764, Train MSE: 0.2764, r (train): 0.7562, Test MSE: 0.4580, r (test): -0.2326
Epoch: 44, Training Loss: 0.1925, Train MSE: 0.1925, r (train): 0.7282, Test MSE: 0.1016, r (test): 0.2290
Epoch: 45, Training Loss: 0.1133, Train MSE: 0.1133, r (train): 0.8050, Test MSE: 0.0787, r (test): -0.0421
Epoch: 46, Training Loss: 0.1959, Train MSE: 0.1959, r (train): 0.7539, Test MSE: 0.3554, r (test): -0.2320
Epoch: 47, Training Loss: 0.0404, Train MSE: 0.0404, r (train): 0.7405, Test MSE: 0.0580, r (test): -0.1480
Epoch: 48, Training Loss: 0.0493, Train MSE: 0.0493, r (train): 0.7672, Test MSE: 0.0541, r (test): -0.1562
Epoch: 49, Training Loss: 0.0530, Train MSE: 0.0530, r (train): 0.7800, Test MSE: 0.1420, r (test): -0.1978
Epoch: 50, Training Loss: 0.0361, Train MSE: 0.0361, r (train): 0.7988, Test MSE: 0.0617, r (test): 0.0050
Epoch: 51, Training Loss: 0.1544, Train MSE: 0.1544, r (train): 0.8111, Test MSE: 0.0965, r (test): 0.1254
Epoch: 52, Training Loss: 0.0543, Train MSE: 0.0543, r (train): 0.7585, Test MSE: 0.1371, r (test): -0.2924
Epoch: 53, Training Loss: 0.0332, Train MSE: 0.0332, r (train): 0.7911, Test MSE: 0.0855, r (test): -0.1569
Epoch: 54, Training Loss: 0.0341, Train MSE: 0.0341, r (train): 0.8391, Test MSE: 0.0513, r (test): 0.0867
Epoch: 55, Training Loss: 0.0420, Train MSE: 0.0420, r (train): 0.7940, Test MSE: 0.1160, r (test): -0.2435
Epoch: 56, Training Loss: 0.0262, Train MSE: 0.0262, r (train): 0.8404, Test MSE: 0.0474, r (test): 0.0448
Epoch: 57, Training Loss: 0.0314, Train MSE: 0.0314, r (train): 0.8007, Test MSE: 0.0948, r (test): -0.1704
Epoch: 58, Training Loss: 0.0273, Train MSE: 0.0273, r (train): 0.8278, Test MSE: 0.0851, r (test): -0.0986
Epoch: 59, Training Loss: 0.0406, Train MSE: 0.0406, r (train): 0.8370, Test MSE: 0.0494, r (test): -0.0316
Epoch: 60, Training Loss: 0.0345, Train MSE: 0.0345, r (train): 0.7922, Test MSE: 0.0959, r (test): -0.2055
Epoch: 61, Training Loss: 0.0262, Train MSE: 0.0262, r (train): 0.8234, Test MSE: 0.0657, r (test): -0.1003
Epoch: 62, Training Loss: 0.0332, Train MSE: 0.0332, r (train): 0.8332, Test MSE: 0.0546, r (test): -0.0281
Epoch: 63, Training Loss: 0.0353, Train MSE: 0.0353, r (train): 0.7612, Test MSE: 0.0909, r (test): -0.2650
Epoch: 64, Training Loss: 0.0260, Train MSE: 0.0260, r (train): 0.8296, Test MSE: 0.0581, r (test): 0.0016
Epoch: 65, Training Loss: 0.0705, Train MSE: 0.0705, r (train): 0.8272, Test MSE: 0.0563, r (test): -0.0459
Epoch: 66, Training Loss: 0.0468, Train MSE: 0.0468, r (train): 0.7506, Test MSE: 0.1175, r (test): -0.2643
Epoch: 67, Training Loss: 0.0648, Train MSE: 0.0648, r (train): 0.8271, Test MSE: 0.0411, r (test): 0.0921
Epoch: 68, Training Loss: 0.0286, Train MSE: 0.0286, r (train): 0.8113, Test MSE: 0.0902, r (test): -0.0468
Epoch: 69, Training Loss: 0.0366, Train MSE: 0.0366, r (train): 0.7886, Test MSE: 0.1058, r (test): -0.2078
Epoch: 70, Training Loss: 0.1328, Train MSE: 0.1328, r (train): 0.7891, Test MSE: 0.2822, r (test): -0.1300
Epoch: 71, Training Loss: 0.1297, Train MSE: 0.1297, r (train): 0.7491, Test MSE: 0.2645, r (test): -0.1943
Epoch: 72, Training Loss: 0.4584, Train MSE: 0.4584, r (train): 0.6210, Test MSE: 0.2870, r (test): 0.1407
Epoch: 73, Training Loss: 0.0497, Train MSE: 0.0497, r (train): 0.7455, Test MSE: 0.1313, r (test): -0.1999
Epoch: 74, Training Loss: 0.1050, Train MSE: 0.1050, r (train): 0.8060, Test MSE: 0.2358, r (test): -0.0708
Epoch: 75, Training Loss: 0.0508, Train MSE: 0.0508, r (train): 0.7517, Test MSE: 0.1357, r (test): -0.2506
Epoch: 76, Training Loss: 0.0308, Train MSE: 0.0308, r (train): 0.7880, Test MSE: 0.0586, r (test): -0.0692
Epoch: 77, Training Loss: 0.0371, Train MSE: 0.0371, r (train): 0.7907, Test MSE: 0.0567, r (test): -0.1160
Epoch: 78, Training Loss: 0.1744, Train MSE: 0.1744, r (train): 0.7669, Test MSE: 0.3505, r (test): -0.2334
Epoch: 79, Training Loss: 0.0335, Train MSE: 0.0335, r (train): 0.8217, Test MSE: 0.0527, r (test): -0.0501
Epoch: 80, Training Loss: 0.0488, Train MSE: 0.0488, r (train): 0.7959, Test MSE: 0.0580, r (test): -0.1153
Epoch: 81, Training Loss: 0.1557, Train MSE: 0.1557, r (train): 0.7619, Test MSE: 0.2971, r (test): -0.2799
Epoch: 82, Training Loss: 0.0346, Train MSE: 0.0346, r (train): 0.8124, Test MSE: 0.0550, r (test): -0.0032
Epoch: 83, Training Loss: 0.0521, Train MSE: 0.0521, r (train): 0.8319, Test MSE: 0.0584, r (test): -0.0639
Epoch: 84, Training Loss: 0.0409, Train MSE: 0.0409, r (train): 0.7868, Test MSE: 0.1154, r (test): -0.2412
Epoch: 85, Training Loss: 0.0466, Train MSE: 0.0466, r (train): 0.8340, Test MSE: 0.0452, r (test): 0.0243
Epoch: 86, Training Loss: 0.0450, Train MSE: 0.0450, r (train): 0.8098, Test MSE: 0.0624, r (test): -0.0919
Epoch: 87, Training Loss: 0.0485, Train MSE: 0.0485, r (train): 0.8029, Test MSE: 0.1339, r (test): -0.1530
Epoch: 88, Training Loss: 0.0257, Train MSE: 0.0257, r (train): 0.8234, Test MSE: 0.0675, r (test): 0.0106
Epoch: 89, Training Loss: 0.0333, Train MSE: 0.0333, r (train): 0.8041, Test MSE: 0.0568, r (test): -0.1294
Epoch: 90, Training Loss: 0.0832, Train MSE: 0.0832, r (train): 0.8181, Test MSE: 0.2009, r (test): -0.1079
Epoch: 91, Training Loss: 0.0282, Train MSE: 0.0282, r (train): 0.8155, Test MSE: 0.0717, r (test): -0.1660
Epoch: 92, Training Loss: 0.0578, Train MSE: 0.0578, r (train): 0.7696, Test MSE: 0.1514, r (test): -0.2650
Epoch: 93, Training Loss: 0.0252, Train MSE: 0.0252, r (train): 0.8303, Test MSE: 0.0610, r (test): -0.0374
Epoch: 94, Training Loss: 0.0572, Train MSE: 0.0572, r (train): 0.8048, Test MSE: 0.0673, r (test): -0.0536
Epoch: 95, Training Loss: 0.0396, Train MSE: 0.0396, r (train): 0.7810, Test MSE: 0.1261, r (test): -0.2045
Epoch: 96, Training Loss: 0.0283, Train MSE: 0.0283, r (train): 0.8355, Test MSE: 0.0704, r (test): 0.0120
Epoch: 97, Training Loss: 0.0704, Train MSE: 0.0704, r (train): 0.8055, Test MSE: 0.0557, r (test): -0.0739
Epoch: 98, Training Loss: 0.0742, Train MSE: 0.0742, r (train): 0.7999, Test MSE: 0.1880, r (test): -0.1487
Epoch: 99, Training Loss: 0.0459, Train MSE: 0.0459, r (train): 0.8042, Test MSE: 0.1274, r (test): -0.1388
Predicted tensors for training set: 
tensor([ 0.4242,  0.4442,  0.0685,  0.3905,  0.2694,  0.1846,  0.4370,  0.3373,
         0.4296,  0.4154,  0.3453,  0.2367,  0.1369,  0.0608,  0.6996,  0.6864,
         0.5092,  0.7611,  0.4082,  0.1014,  0.5057,  0.4164,  0.4375,  0.1595,
         0.3171,  0.2828,  0.4262,  0.4580,  0.4793,  0.4916,  0.1358,  0.4433,
         0.0974,  0.7581,  0.7934, -0.0775,  0.6162,  0.0812,  0.7749,  0.1905,
         0.3681,  0.7259,  0.3396,  0.6258,  0.4661,  0.7055, -0.1241,  0.7696,
         0.4897,  0.4225,  0.2261, -0.0707,  0.8563,  0.4697,  0.1673,  0.0748,
         0.3798,  0.1067,  0.5033,  0.7250,  0.6664,  0.4428,  0.2314,  0.0386,
         0.6081,  0.0604,  0.1050,  0.5976,  0.5956,  0.2022,  0.8114,  0.3176])
Target tensorsfor training set: 
tensor([0.5783, 0.5573, 0.1055, 0.4149, 0.4993, 0.4654, 0.7497, 0.6465, 0.8561,
        0.7171, 0.7507, 0.5178, 0.2271, 0.1493, 0.9127, 0.8524, 0.4513, 0.7144,
        0.3077, 0.0389, 0.5187, 0.4640, 0.5564, 0.0981, 0.4341, 0.4526, 0.5780,
        0.6240, 0.9150, 0.9117, 0.5658, 0.8363, 0.2464, 0.9072, 0.9621, 0.0246,
        0.7791, 0.2255, 0.9656, 0.3174, 0.1295, 0.4818, 0.0763, 0.3453, 0.5779,
        0.7950, 0.0478, 0.8411, 0.8453, 0.6992, 0.5719, 0.3309, 0.9492, 0.4373,
        0.1218, 0.0636, 0.4036, 0.1294, 0.5023, 0.7462, 0.8988, 0.7596, 0.5102,
        0.2916, 0.8418, 0.2594, 0.2394, 0.8556, 0.6576, 0.1360, 0.9215, 0.2649])
Correlation for training set: 0.8041924106277424
Predicted tensors for test set: 
tensor([0.3682, 0.4414, 0.3678, 0.4895, 0.5494, 0.5197, 0.2854, 0.2211, 0.2758,
        0.4021, 0.5608, 0.5171, 0.7289, 0.0776, 0.2505, 0.3697, 0.3272, 0.3278])
Target tensorsfor test set: 
tensor([0.6595, 0.7372, 0.6846, 0.6199, 0.2169, 0.6577, 0.8728, 0.6671, 0.8391,
        0.5300, 0.7270, 0.7125, 0.5220, 0.4440, 0.3829, 0.7901, 0.9535, 0.7371])
Correlation for test set: -0.13875636823810944
Validation set predictions (100 folds): [tensor([0.6231, 0.6363, 0.4198, 0.2851, 0.3455, 0.7742, 0.6309, 0.5144, 0.5125,
        0.4350, 0.7760, 0.4658, 0.5543, 0.3440, 0.7277, 0.7670, 0.7731, 0.5265]), tensor([0.6604, 0.7809, 0.5728, 1.0329, 0.8721, 0.8618, 0.8653, 1.0270, 0.7663,
        1.1900, 0.7911, 1.0905, 1.1241, 0.9663, 0.8174, 0.5368, 0.6427, 1.0254]), tensor([0.4879, 0.7265, 0.6148, 0.7964, 0.8319, 0.6287, 0.6488, 0.4609, 0.7172,
        0.8868, 0.6139, 0.5349, 0.5948, 0.6286, 0.6218, 0.6716, 0.5378, 0.6616]), tensor([0.6974, 0.5717, 0.6153, 0.5509, 0.5605, 0.8449, 0.6164, 0.7353, 0.7665,
        0.5214, 0.7216, 0.7852, 0.6881, 0.7418, 0.8034, 0.8455, 0.6941, 0.8402]), tensor([0.3682, 0.4414, 0.3678, 0.4895, 0.5494, 0.5197, 0.2854, 0.2211, 0.2758,
        0.4021, 0.5608, 0.5171, 0.7289, 0.0776, 0.2505, 0.3697, 0.3272, 0.3278])]
Validation set targets (100 folds): [tensor([0.5783, 0.5573, 0.1055, 0.4149, 0.4993, 0.4654, 0.7497, 0.6465, 0.8561,
        0.7171, 0.7507, 0.5178, 0.2271, 0.1493, 0.9127, 0.8524, 0.4513, 0.7144]), tensor([0.3077, 0.0389, 0.5187, 0.4640, 0.5564, 0.0981, 0.4341, 0.4526, 0.5780,
        0.6240, 0.9150, 0.9117, 0.5658, 0.8363, 0.2464, 0.9072, 0.9621, 0.0246]), tensor([0.7791, 0.2255, 0.9656, 0.3174, 0.1295, 0.4818, 0.0763, 0.3453, 0.5779,
        0.7950, 0.0478, 0.8411, 0.8453, 0.6992, 0.5719, 0.3309, 0.9492, 0.4373]), tensor([0.1218, 0.0636, 0.4036, 0.1294, 0.5023, 0.7462, 0.8988, 0.7596, 0.5102,
        0.2916, 0.8418, 0.2594, 0.2394, 0.8556, 0.6576, 0.1360, 0.9215, 0.2649]), tensor([0.6595, 0.7372, 0.6846, 0.6199, 0.2169, 0.6577, 0.8728, 0.6671, 0.8391,
        0.5300, 0.7270, 0.7125, 0.5220, 0.4440, 0.3829, 0.7901, 0.9535, 0.7371])]
Time taken: 15966.638677835464 seconds
