DenseNet_parahippocampus_01.py
/apps/monai/MONAI0.8.1/lib/python3.9/site-packages/torch/cuda/__init__.py:143: UserWarning: 
NVIDIA B200 with CUDA capability sm_100 is not compatible with the current PyTorch installation.
The current PyTorch install supports CUDA capabilities sm_37 sm_50 sm_60 sm_61 sm_70 sm_75 sm_80 sm_86 compute_37.
If you want to use the NVIDIA B200 GPU with PyTorch, please check the instructions at https://pytorch.org/get-started/locally/

  warnings.warn(incompatible_device_warn.format(device_name, capability, " ".join(arch_list), device_name))
90
Image shape: torch.Size([256, 256, 256])
Label: 0.578327051

Image shape: torch.Size([256, 256, 256])
Label: 0.55726975

Image shape: torch.Size([256, 256, 256])
Label: 0.105524477

Image shape: torch.Size([256, 256, 256])
Label: 0.414935686

Image shape: torch.Size([256, 256, 256])
Label: 0.499347098

Image shape: torch.Size([256, 256, 256])
Label: 0.46544507

Image shape: torch.Size([256, 256, 256])
Label: 0.749740575

Image shape: torch.Size([256, 256, 256])
Label: 0.646490545

Image shape: torch.Size([256, 256, 256])
Label: 0.856107326

Image shape: torch.Size([256, 256, 256])
Label: 0.717144575

Image shape: torch.Size([256, 256, 256])
Label: 0.750732335

Image shape: torch.Size([256, 256, 256])
Label: 0.517802514

Image shape: torch.Size([256, 256, 256])
Label: 0.227116465

Image shape: torch.Size([256, 256, 256])
Label: 0.14931566

Image shape: torch.Size([256, 256, 256])
Label: 0.91273199

Image shape: torch.Size([256, 256, 256])
Label: 0.852431609

Image shape: torch.Size([256, 256, 256])
Label: 0.451287356

Image shape: torch.Size([256, 256, 256])
Label: 0.714356234

Image shape: torch.Size([256, 256, 256])
Label: 0.307667842

Image shape: torch.Size([256, 256, 256])
Label: 0.038874365

Image shape: torch.Size([256, 256, 256])
Label: 0.518716963

Image shape: torch.Size([256, 256, 256])
Label: 0.463984431

Image shape: torch.Size([256, 256, 256])
Label: 0.55641775

Image shape: torch.Size([256, 256, 256])
Label: 0.098052496

Image shape: torch.Size([256, 256, 256])
Label: 0.43409457

Image shape: torch.Size([256, 256, 256])
Label: 0.452638778

Image shape: torch.Size([256, 256, 256])
Label: 0.57804499

Image shape: torch.Size([256, 256, 256])
Label: 0.623989995

Image shape: torch.Size([256, 256, 256])
Label: 0.91498566

Image shape: torch.Size([256, 256, 256])
Label: 0.911671093

Image shape: torch.Size([256, 256, 256])
Label: 0.565846925

Image shape: torch.Size([256, 256, 256])
Label: 0.836265129

Image shape: torch.Size([256, 256, 256])
Label: 0.246363884

Image shape: torch.Size([256, 256, 256])
Label: 0.907159832

Image shape: torch.Size([256, 256, 256])
Label: 0.962135747

Image shape: torch.Size([256, 256, 256])
Label: 0.024634435

Image shape: torch.Size([256, 256, 256])
Label: 0.779103135

Image shape: torch.Size([256, 256, 256])
Label: 0.225463904

Image shape: torch.Size([256, 256, 256])
Label: 0.965645278

Image shape: torch.Size([256, 256, 256])
Label: 0.31742745

Image shape: torch.Size([256, 256, 256])
Label: 0.129485328

Image shape: torch.Size([256, 256, 256])
Label: 0.48182514

Image shape: torch.Size([256, 256, 256])
Label: 0.076332172

Image shape: torch.Size([256, 256, 256])
Label: 0.34531344

Image shape: torch.Size([256, 256, 256])
Label: 0.577850585

Image shape: torch.Size([256, 256, 256])
Label: 0.794978716

Image shape: torch.Size([256, 256, 256])
Label: 0.047813956

Image shape: torch.Size([256, 256, 256])
Label: 0.841130428

Image shape: torch.Size([256, 256, 256])
Label: 0.845253622

Image shape: torch.Size([256, 256, 256])
Label: 0.699213269

Image shape: torch.Size([256, 256, 256])
Label: 0.571907479

Image shape: torch.Size([256, 256, 256])
Label: 0.330926406

Image shape: torch.Size([256, 256, 256])
Label: 0.949166278

Image shape: torch.Size([256, 256, 256])
Label: 0.437273408

Image shape: torch.Size([256, 256, 256])
Label: 0.121809436

Image shape: torch.Size([256, 256, 256])
Label: 0.063583908

Image shape: torch.Size([256, 256, 256])
Label: 0.403550924

Image shape: torch.Size([256, 256, 256])
Label: 0.129379513

Image shape: torch.Size([256, 256, 256])
Label: 0.502254367

Image shape: torch.Size([256, 256, 256])
Label: 0.746225617

Image shape: torch.Size([256, 256, 256])
Label: 0.898762669

Image shape: torch.Size([256, 256, 256])
Label: 0.759624831

Image shape: torch.Size([256, 256, 256])
Label: 0.510151238

Image shape: torch.Size([256, 256, 256])
Label: 0.291630426

Image shape: torch.Size([256, 256, 256])
Label: 0.841767741

Image shape: torch.Size([256, 256, 256])
Label: 0.259369175

Image shape: torch.Size([256, 256, 256])
Label: 0.239393515

Image shape: torch.Size([256, 256, 256])
Label: 0.855579732

Image shape: torch.Size([256, 256, 256])
Label: 0.657623403

Image shape: torch.Size([256, 256, 256])
Label: 0.136048492

Image shape: torch.Size([256, 256, 256])
Label: 0.92154251

Image shape: torch.Size([256, 256, 256])
Label: 0.26490909

Image shape: torch.Size([256, 256, 256])
Label: 0.659493008

Image shape: torch.Size([256, 256, 256])
Label: 0.737192172

Image shape: torch.Size([256, 256, 256])
Label: 0.684642475

Image shape: torch.Size([256, 256, 256])
Label: 0.619874898

Image shape: torch.Size([256, 256, 256])
Label: 0.216921218

Image shape: torch.Size([256, 256, 256])
Label: 0.657691961

Image shape: torch.Size([256, 256, 256])
Label: 0.872805901

Image shape: torch.Size([256, 256, 256])
Label: 0.667105602

Image shape: torch.Size([256, 256, 256])
Label: 0.839077585

Image shape: torch.Size([256, 256, 256])
Label: 0.529961465

Image shape: torch.Size([256, 256, 256])
Label: 0.727035333

Image shape: torch.Size([256, 256, 256])
Label: 0.712524369

Image shape: torch.Size([256, 256, 256])
Label: 0.522016133

Image shape: torch.Size([256, 256, 256])
Label: 0.444012353

Image shape: torch.Size([256, 256, 256])
Label: 0.382857646

Image shape: torch.Size([256, 256, 256])
Label: 0.790096101

Image shape: torch.Size([256, 256, 256])
Label: 0.953465465

Image shape: torch.Size([256, 256, 256])
Label: 0.737099236

18 5
Fold 1
Epoch: 00, Training Loss: 0.0949, Train MSE: 0.0949, r (train): -0.0890, Test MSE: 0.0663, r (test): 0.0041
Epoch: 01, Training Loss: 0.0775, Train MSE: 0.0775, r (train): -0.1293, Test MSE: 0.0534, r (test): -0.0318
Epoch: 02, Training Loss: 0.0876, Train MSE: 0.0876, r (train): 0.0534, Test MSE: 0.0693, r (test): 0.0506
Epoch: 03, Training Loss: 0.1205, Train MSE: 0.1205, r (train): 0.7190, Test MSE: 0.1256, r (test): -0.0474
Epoch: 04, Training Loss: 0.6392, Train MSE: 0.6392, r (train): 0.6056, Test MSE: 0.7165, r (test): 0.0881
Epoch: 05, Training Loss: 0.0546, Train MSE: 0.0546, r (train): 0.7386, Test MSE: 0.0842, r (test): -0.1677
Epoch: 06, Training Loss: 1.5303, Train MSE: 1.5303, r (train): 0.6356, Test MSE: 1.6688, r (test): -0.2464
Epoch: 07, Training Loss: 0.0694, Train MSE: 0.0694, r (train): 0.7955, Test MSE: 0.1163, r (test): 0.0241
Epoch: 08, Training Loss: 0.2418, Train MSE: 0.2418, r (train): 0.6771, Test MSE: 0.2797, r (test): 0.0418
Epoch: 09, Training Loss: 0.0439, Train MSE: 0.0439, r (train): 0.7545, Test MSE: 0.1270, r (test): -0.2534
Epoch: 10, Training Loss: 0.0617, Train MSE: 0.0617, r (train): 0.8076, Test MSE: 0.1050, r (test): -0.0164
Epoch: 11, Training Loss: 0.1361, Train MSE: 0.1361, r (train): 0.8350, Test MSE: 0.2120, r (test): -0.0989
Epoch: 12, Training Loss: 0.0927, Train MSE: 0.0927, r (train): 0.8073, Test MSE: 0.1603, r (test): -0.2309
Epoch: 13, Training Loss: 0.0210, Train MSE: 0.0210, r (train): 0.8546, Test MSE: 0.0749, r (test): -0.0413
Epoch: 14, Training Loss: 0.0320, Train MSE: 0.0320, r (train): 0.8549, Test MSE: 0.0928, r (test): -0.0700
Epoch: 15, Training Loss: 0.0445, Train MSE: 0.0445, r (train): 0.8328, Test MSE: 0.1018, r (test): -0.1372
Epoch: 16, Training Loss: 0.0285, Train MSE: 0.0285, r (train): 0.8602, Test MSE: 0.0818, r (test): -0.0981
Epoch: 17, Training Loss: 0.0544, Train MSE: 0.0544, r (train): 0.8184, Test MSE: 0.1066, r (test): -0.0740
Epoch: 18, Training Loss: 0.0359, Train MSE: 0.0359, r (train): 0.8211, Test MSE: 0.1070, r (test): -0.1492
Epoch: 19, Training Loss: 0.8208, Train MSE: 0.8208, r (train): 0.8145, Test MSE: 0.9536, r (test): -0.0404
Epoch: 20, Training Loss: 0.0340, Train MSE: 0.0340, r (train): 0.8413, Test MSE: 0.0898, r (test): -0.0643
Epoch: 21, Training Loss: 0.0371, Train MSE: 0.0371, r (train): 0.8081, Test MSE: 0.0872, r (test): -0.0864
Epoch: 22, Training Loss: 0.0375, Train MSE: 0.0375, r (train): 0.8052, Test MSE: 0.0891, r (test): -0.1277
Epoch: 23, Training Loss: 0.0309, Train MSE: 0.0309, r (train): 0.8341, Test MSE: 0.0809, r (test): 0.0446
Epoch: 24, Training Loss: 0.0633, Train MSE: 0.0633, r (train): 0.7977, Test MSE: 0.1322, r (test): -0.2691
Epoch: 25, Training Loss: 0.0272, Train MSE: 0.0272, r (train): 0.8286, Test MSE: 0.0788, r (test): -0.0519
Epoch: 26, Training Loss: 0.0273, Train MSE: 0.0273, r (train): 0.8345, Test MSE: 0.0806, r (test): -0.0609
Epoch: 27, Training Loss: 0.0465, Train MSE: 0.0465, r (train): 0.8205, Test MSE: 0.1029, r (test): -0.1427
Epoch: 28, Training Loss: 0.0283, Train MSE: 0.0283, r (train): 0.8434, Test MSE: 0.0771, r (test): -0.0945
Epoch: 29, Training Loss: 0.0856, Train MSE: 0.0856, r (train): 0.8274, Test MSE: 0.1595, r (test): -0.3040
Epoch: 30, Training Loss: 0.2649, Train MSE: 0.2649, r (train): 0.7373, Test MSE: 0.3550, r (test): -0.1408
Epoch: 31, Training Loss: 0.6805, Train MSE: 0.6805, r (train): 0.8179, Test MSE: 0.7821, r (test): -0.1739
Epoch: 32, Training Loss: 0.1260, Train MSE: 0.1260, r (train): 0.7376, Test MSE: 0.1735, r (test): -0.1021
Epoch: 33, Training Loss: 0.0940, Train MSE: 0.0940, r (train): 0.8287, Test MSE: 0.1621, r (test): -0.1863
Epoch: 34, Training Loss: 0.0356, Train MSE: 0.0356, r (train): 0.8563, Test MSE: 0.0888, r (test): -0.1248
Epoch: 35, Training Loss: 0.1290, Train MSE: 0.1290, r (train): 0.7066, Test MSE: 0.1975, r (test): -0.1339
Epoch: 36, Training Loss: 0.5055, Train MSE: 0.5055, r (train): 0.8230, Test MSE: 0.6092, r (test): -0.2118
Epoch: 37, Training Loss: 0.1561, Train MSE: 0.1561, r (train): 0.6731, Test MSE: 0.2051, r (test): -0.0759
Epoch: 38, Training Loss: 0.0883, Train MSE: 0.0883, r (train): 0.7994, Test MSE: 0.1471, r (test): -0.2382
Epoch: 39, Training Loss: 0.0234, Train MSE: 0.0234, r (train): 0.8697, Test MSE: 0.0897, r (test): -0.1165
Epoch: 40, Training Loss: 0.0368, Train MSE: 0.0368, r (train): 0.8555, Test MSE: 0.1216, r (test): -0.2931
Epoch: 41, Training Loss: 0.0241, Train MSE: 0.0241, r (train): 0.8452, Test MSE: 0.0776, r (test): -0.1423
Epoch: 42, Training Loss: 0.0284, Train MSE: 0.0284, r (train): 0.8580, Test MSE: 0.0866, r (test): -0.2105
Epoch: 43, Training Loss: 0.0253, Train MSE: 0.0253, r (train): 0.8354, Test MSE: 0.0828, r (test): -0.2093
Epoch: 44, Training Loss: 0.0269, Train MSE: 0.0269, r (train): 0.8326, Test MSE: 0.0820, r (test): -0.1064
Epoch: 45, Training Loss: 0.0360, Train MSE: 0.0360, r (train): 0.8568, Test MSE: 0.0944, r (test): -0.2196
Epoch: 46, Training Loss: 0.0440, Train MSE: 0.0440, r (train): 0.8558, Test MSE: 0.1247, r (test): -0.2834
Epoch: 47, Training Loss: 0.0272, Train MSE: 0.0272, r (train): 0.8491, Test MSE: 0.0972, r (test): -0.2081
Epoch: 48, Training Loss: 0.0336, Train MSE: 0.0336, r (train): 0.8359, Test MSE: 0.0911, r (test): -0.2235
Epoch: 49, Training Loss: 0.0437, Train MSE: 0.0437, r (train): 0.8461, Test MSE: 0.0981, r (test): -0.2210
Epoch: 50, Training Loss: 0.0238, Train MSE: 0.0238, r (train): 0.8503, Test MSE: 0.0769, r (test): -0.1590
Epoch: 51, Training Loss: 0.0768, Train MSE: 0.0768, r (train): 0.8554, Test MSE: 0.1607, r (test): -0.3154
Epoch: 52, Training Loss: 0.0298, Train MSE: 0.0298, r (train): 0.8484, Test MSE: 0.1071, r (test): -0.2478
Epoch: 53, Training Loss: 0.0361, Train MSE: 0.0361, r (train): 0.8341, Test MSE: 0.0938, r (test): -0.1556
Epoch: 54, Training Loss: 0.0415, Train MSE: 0.0415, r (train): 0.8437, Test MSE: 0.0995, r (test): -0.3183
Epoch: 55, Training Loss: 0.0246, Train MSE: 0.0246, r (train): 0.8445, Test MSE: 0.0785, r (test): -0.1657
Epoch: 56, Training Loss: 0.0618, Train MSE: 0.0618, r (train): 0.8666, Test MSE: 0.1352, r (test): -0.2785
Epoch: 57, Training Loss: 0.0242, Train MSE: 0.0242, r (train): 0.8503, Test MSE: 0.1000, r (test): -0.3132
Epoch: 58, Training Loss: 0.0245, Train MSE: 0.0245, r (train): 0.8593, Test MSE: 0.0877, r (test): -0.2374
Epoch: 59, Training Loss: 0.0216, Train MSE: 0.0216, r (train): 0.8512, Test MSE: 0.0838, r (test): -0.2915
Epoch: 60, Training Loss: 0.0234, Train MSE: 0.0234, r (train): 0.8399, Test MSE: 0.0787, r (test): -0.2283
Epoch: 61, Training Loss: 0.0399, Train MSE: 0.0399, r (train): 0.8613, Test MSE: 0.0955, r (test): -0.1520
Epoch: 62, Training Loss: 0.0436, Train MSE: 0.0436, r (train): 0.8662, Test MSE: 0.1163, r (test): -0.2555
Epoch: 63, Training Loss: 0.0268, Train MSE: 0.0268, r (train): 0.8477, Test MSE: 0.0970, r (test): -0.3119
Epoch: 64, Training Loss: 0.0422, Train MSE: 0.0422, r (train): 0.8115, Test MSE: 0.1054, r (test): -0.2034
Epoch: 65, Training Loss: 0.0244, Train MSE: 0.0244, r (train): 0.8307, Test MSE: 0.0720, r (test): -0.1821
Epoch: 66, Training Loss: 0.0825, Train MSE: 0.0825, r (train): 0.8413, Test MSE: 0.1468, r (test): -0.2661
Epoch: 67, Training Loss: 0.0213, Train MSE: 0.0213, r (train): 0.8702, Test MSE: 0.0812, r (test): -0.1268
Epoch: 68, Training Loss: 0.0275, Train MSE: 0.0275, r (train): 0.8418, Test MSE: 0.0940, r (test): -0.2683
Epoch: 69, Training Loss: 0.0231, Train MSE: 0.0231, r (train): 0.8370, Test MSE: 0.0829, r (test): -0.2772
Epoch: 70, Training Loss: 0.0290, Train MSE: 0.0290, r (train): 0.8334, Test MSE: 0.0802, r (test): -0.1529
Epoch: 71, Training Loss: 0.0389, Train MSE: 0.0389, r (train): 0.8593, Test MSE: 0.1070, r (test): -0.2865
Epoch: 72, Training Loss: 0.0221, Train MSE: 0.0221, r (train): 0.8584, Test MSE: 0.0837, r (test): -0.1893
Epoch: 73, Training Loss: 0.0217, Train MSE: 0.0217, r (train): 0.8503, Test MSE: 0.0756, r (test): -0.2153
Epoch: 74, Training Loss: 0.0414, Train MSE: 0.0414, r (train): 0.8520, Test MSE: 0.1028, r (test): -0.2780
Epoch: 75, Training Loss: 0.0238, Train MSE: 0.0238, r (train): 0.8395, Test MSE: 0.0861, r (test): -0.2494
Epoch: 76, Training Loss: 0.0235, Train MSE: 0.0235, r (train): 0.8554, Test MSE: 0.0924, r (test): -0.2663
Epoch: 77, Training Loss: 0.0266, Train MSE: 0.0266, r (train): 0.8559, Test MSE: 0.0796, r (test): -0.1679
Epoch: 78, Training Loss: 0.0281, Train MSE: 0.0281, r (train): 0.8649, Test MSE: 0.0942, r (test): -0.2912
Epoch: 79, Training Loss: 0.0347, Train MSE: 0.0347, r (train): 0.8503, Test MSE: 0.1040, r (test): -0.2956
Epoch: 80, Training Loss: 0.0306, Train MSE: 0.0306, r (train): 0.8389, Test MSE: 0.0959, r (test): -0.2176
Epoch: 81, Training Loss: 0.0224, Train MSE: 0.0224, r (train): 0.8512, Test MSE: 0.0804, r (test): -0.2400
Epoch: 82, Training Loss: 0.0204, Train MSE: 0.0204, r (train): 0.8623, Test MSE: 0.0822, r (test): -0.2414
Epoch: 83, Training Loss: 0.0257, Train MSE: 0.0257, r (train): 0.8577, Test MSE: 0.0897, r (test): -0.2419
Epoch: 84, Training Loss: 0.0236, Train MSE: 0.0236, r (train): 0.8477, Test MSE: 0.0863, r (test): -0.2582
Epoch: 85, Training Loss: 0.0272, Train MSE: 0.0272, r (train): 0.8554, Test MSE: 0.0866, r (test): -0.2562
Epoch: 86, Training Loss: 0.0210, Train MSE: 0.0210, r (train): 0.8604, Test MSE: 0.0806, r (test): -0.1636
Epoch: 87, Training Loss: 0.0231, Train MSE: 0.0231, r (train): 0.8598, Test MSE: 0.0880, r (test): -0.2629
Epoch: 88, Training Loss: 0.0228, Train MSE: 0.0228, r (train): 0.8514, Test MSE: 0.0771, r (test): -0.1801
Epoch: 89, Training Loss: 0.0251, Train MSE: 0.0251, r (train): 0.8712, Test MSE: 0.0905, r (test): -0.2557
Epoch: 90, Training Loss: 0.0230, Train MSE: 0.0230, r (train): 0.8525, Test MSE: 0.0909, r (test): -0.3138
Epoch: 91, Training Loss: 0.0387, Train MSE: 0.0387, r (train): 0.8340, Test MSE: 0.1048, r (test): -0.1422
Epoch: 92, Training Loss: 0.0209, Train MSE: 0.0209, r (train): 0.8581, Test MSE: 0.0746, r (test): -0.1873
Epoch: 93, Training Loss: 0.0386, Train MSE: 0.0386, r (train): 0.8611, Test MSE: 0.1021, r (test): -0.2541
Epoch: 94, Training Loss: 0.0284, Train MSE: 0.0284, r (train): 0.8679, Test MSE: 0.0950, r (test): -0.2232
Epoch: 95, Training Loss: 0.0225, Train MSE: 0.0225, r (train): 0.8519, Test MSE: 0.0875, r (test): -0.2562
Epoch: 96, Training Loss: 0.0215, Train MSE: 0.0215, r (train): 0.8577, Test MSE: 0.0780, r (test): -0.2150
Epoch: 97, Training Loss: 0.0193, Train MSE: 0.0193, r (train): 0.8666, Test MSE: 0.0791, r (test): -0.2079
Epoch: 98, Training Loss: 0.0204, Train MSE: 0.0204, r (train): 0.8599, Test MSE: 0.0840, r (test): -0.2523
Epoch: 99, Training Loss: 0.0221, Train MSE: 0.0221, r (train): 0.8607, Test MSE: 0.0789, r (test): -0.2025
Predicted tensors for training set: 
tensor([0.4491, 0.2049, 0.6485, 0.5694, 0.7148, 0.3060, 0.6270, 0.6300, 0.4308,
        0.5493, 0.7420, 0.7134, 0.5216, 0.6800, 0.2359, 0.7458, 1.0580, 0.0708,
        0.9037, 0.2643, 1.0661, 0.4657, 0.2454, 0.6414, 0.1926, 0.4919, 0.7440,
        0.9550, 0.0465, 0.8706, 0.8537, 0.7159, 0.6350, 0.3952, 0.9584, 0.4703,
        0.5867, 0.4838, 0.8388, 0.6119, 0.4168, 0.6790, 0.7831, 0.6888, 0.6181,
        0.3935, 0.9764, 0.3569, 0.2847, 0.9758, 0.7516, 0.1614, 0.8634, 0.1929,
        0.5921, 0.6783, 0.7220, 0.6728, 0.2673, 0.6625, 0.7274, 0.5498, 0.7026,
        0.4197, 0.7128, 0.7079, 0.5704, 0.4933, 0.3486, 0.7119, 0.8720, 0.6841])
Target tensorsfor training set: 
tensor([0.3077, 0.0389, 0.5187, 0.4640, 0.5564, 0.0981, 0.4341, 0.4526, 0.5780,
        0.6240, 0.9150, 0.9117, 0.5658, 0.8363, 0.2464, 0.9072, 0.9621, 0.0246,
        0.7791, 0.2255, 0.9656, 0.3174, 0.1295, 0.4818, 0.0763, 0.3453, 0.5779,
        0.7950, 0.0478, 0.8411, 0.8453, 0.6992, 0.5719, 0.3309, 0.9492, 0.4373,
        0.1218, 0.0636, 0.4036, 0.1294, 0.5023, 0.7462, 0.8988, 0.7596, 0.5102,
        0.2916, 0.8418, 0.2594, 0.2394, 0.8556, 0.6576, 0.1360, 0.9215, 0.2649,
        0.6595, 0.7372, 0.6846, 0.6199, 0.2169, 0.6577, 0.8728, 0.6671, 0.8391,
        0.5300, 0.7270, 0.7125, 0.5220, 0.4440, 0.3829, 0.7901, 0.9535, 0.7371])
Correlation for training set: 0.8607202326997841
Predicted tensors for test set: 
tensor([0.5199, 0.4280, 0.6727, 0.5771, 0.5210, 0.7461, 0.4761, 0.4897, 0.6788,
        0.5901, 0.5957, 0.6135, 0.5818, 0.6973, 0.6582, 0.5613, 0.9163, 0.7154])
Target tensorsfor test set: 
tensor([0.5783, 0.5573, 0.1055, 0.4149, 0.4993, 0.4654, 0.7497, 0.6465, 0.8561,
        0.7171, 0.7507, 0.5178, 0.2271, 0.1493, 0.9127, 0.8524, 0.4513, 0.7144])
Correlation for test set: -0.2025282739276376
18 5
Fold 2
Epoch: 00, Training Loss: 0.1475, Train MSE: 0.1475, r (train): 0.2844, Test MSE: 0.1499, r (test): -0.3176
Epoch: 01, Training Loss: 0.2662, Train MSE: 0.2662, r (train): 0.2174, Test MSE: 0.2587, r (test): 0.2567
Epoch: 02, Training Loss: 0.3141, Train MSE: 0.3141, r (train): 0.7089, Test MSE: 0.3058, r (test): -0.1016
Epoch: 03, Training Loss: 0.3150, Train MSE: 0.3150, r (train): 0.7874, Test MSE: 0.3289, r (test): 0.0704
Epoch: 04, Training Loss: 0.2729, Train MSE: 0.2729, r (train): 0.7654, Test MSE: 0.4193, r (test): -0.0492
Epoch: 05, Training Loss: 0.1234, Train MSE: 0.1234, r (train): 0.7935, Test MSE: 0.1864, r (test): 0.0556
Epoch: 06, Training Loss: 0.2360, Train MSE: 0.2360, r (train): 0.8129, Test MSE: 0.3225, r (test): 0.0756
Epoch: 07, Training Loss: 0.2348, Train MSE: 0.2348, r (train): 0.8028, Test MSE: 0.3064, r (test): -0.1112
Epoch: 08, Training Loss: 0.3642, Train MSE: 0.3642, r (train): 0.8006, Test MSE: 0.4354, r (test): -0.0819
Epoch: 09, Training Loss: 0.0435, Train MSE: 0.0435, r (train): 0.8281, Test MSE: 0.1182, r (test): 0.1245
Epoch: 10, Training Loss: 0.0906, Train MSE: 0.0906, r (train): 0.8031, Test MSE: 0.1490, r (test): 0.1097
Epoch: 11, Training Loss: 0.0323, Train MSE: 0.0323, r (train): 0.8264, Test MSE: 0.1062, r (test): 0.0323
Epoch: 12, Training Loss: 0.1109, Train MSE: 0.1109, r (train): 0.8266, Test MSE: 0.2002, r (test): 0.0497
Epoch: 13, Training Loss: 0.0599, Train MSE: 0.0599, r (train): 0.8012, Test MSE: 0.1286, r (test): 0.0934
Epoch: 14, Training Loss: 0.0823, Train MSE: 0.0823, r (train): 0.8089, Test MSE: 0.1435, r (test): 0.1289
Epoch: 15, Training Loss: 0.0575, Train MSE: 0.0575, r (train): 0.8263, Test MSE: 0.1296, r (test): 0.0678
Epoch: 16, Training Loss: 0.0204, Train MSE: 0.0204, r (train): 0.8394, Test MSE: 0.0992, r (test): 0.0324
Epoch: 17, Training Loss: 0.0325, Train MSE: 0.0325, r (train): 0.7994, Test MSE: 0.1053, r (test): 0.0976
Epoch: 18, Training Loss: 0.0464, Train MSE: 0.0464, r (train): 0.7899, Test MSE: 0.1121, r (test): 0.1461
Epoch: 19, Training Loss: 0.0249, Train MSE: 0.0249, r (train): 0.8094, Test MSE: 0.0989, r (test): 0.0418
Epoch: 20, Training Loss: 0.1808, Train MSE: 0.1808, r (train): 0.8119, Test MSE: 0.2642, r (test): 0.0321
Epoch: 21, Training Loss: 0.0490, Train MSE: 0.0490, r (train): 0.7695, Test MSE: 0.1178, r (test): 0.0816
Epoch: 22, Training Loss: 0.0275, Train MSE: 0.0275, r (train): 0.7920, Test MSE: 0.1056, r (test): 0.0553
Epoch: 23, Training Loss: 0.0271, Train MSE: 0.0271, r (train): 0.7961, Test MSE: 0.0929, r (test): 0.1656
Epoch: 24, Training Loss: 0.0661, Train MSE: 0.0661, r (train): 0.8183, Test MSE: 0.1530, r (test): -0.0812
Epoch: 25, Training Loss: 0.0350, Train MSE: 0.0350, r (train): 0.7685, Test MSE: 0.1036, r (test): 0.1121
Epoch: 26, Training Loss: 0.0345, Train MSE: 0.0345, r (train): 0.7868, Test MSE: 0.1110, r (test): 0.0057
Epoch: 27, Training Loss: 0.0517, Train MSE: 0.0517, r (train): 0.8124, Test MSE: 0.1378, r (test): -0.0035
Epoch: 28, Training Loss: 0.0276, Train MSE: 0.0276, r (train): 0.7800, Test MSE: 0.1012, r (test): 0.0637
Epoch: 29, Training Loss: 0.0684, Train MSE: 0.0684, r (train): 0.8038, Test MSE: 0.1466, r (test): 0.0139
Epoch: 30, Training Loss: 0.0358, Train MSE: 0.0358, r (train): 0.7782, Test MSE: 0.1037, r (test): 0.0742
Epoch: 31, Training Loss: 0.2020, Train MSE: 0.2020, r (train): 0.7891, Test MSE: 0.2669, r (test): -0.0821
Epoch: 32, Training Loss: 0.0335, Train MSE: 0.0335, r (train): 0.7633, Test MSE: 0.1048, r (test): -0.0290
Epoch: 33, Training Loss: 0.4299, Train MSE: 0.4299, r (train): 0.8171, Test MSE: 0.4725, r (test): -0.0725
Epoch: 34, Training Loss: 0.1345, Train MSE: 0.1345, r (train): 0.7699, Test MSE: 0.1968, r (test): -0.0336
Epoch: 35, Training Loss: 0.0339, Train MSE: 0.0339, r (train): 0.8038, Test MSE: 0.1094, r (test): 0.0316
Epoch: 36, Training Loss: 0.0403, Train MSE: 0.0403, r (train): 0.8048, Test MSE: 0.1169, r (test): 0.0150
Epoch: 37, Training Loss: 0.0760, Train MSE: 0.0760, r (train): 0.7242, Test MSE: 0.1352, r (test): 0.1372
Epoch: 38, Training Loss: 0.0705, Train MSE: 0.0705, r (train): 0.7267, Test MSE: 0.1343, r (test): 0.0860
Epoch: 39, Training Loss: 0.1180, Train MSE: 0.1180, r (train): 0.7871, Test MSE: 0.2083, r (test): 0.0500
Epoch: 40, Training Loss: 0.1422, Train MSE: 0.1422, r (train): 0.7934, Test MSE: 0.2271, r (test): -0.0117
Epoch: 41, Training Loss: 0.0304, Train MSE: 0.0304, r (train): 0.7820, Test MSE: 0.1011, r (test): 0.0699
Epoch: 42, Training Loss: 0.0751, Train MSE: 0.0751, r (train): 0.8026, Test MSE: 0.1635, r (test): -0.0298
Epoch: 43, Training Loss: 0.0384, Train MSE: 0.0384, r (train): 0.7883, Test MSE: 0.1105, r (test): 0.0419
Epoch: 44, Training Loss: 0.0584, Train MSE: 0.0584, r (train): 0.7452, Test MSE: 0.1267, r (test): 0.0326
Epoch: 45, Training Loss: 0.0351, Train MSE: 0.0351, r (train): 0.7553, Test MSE: 0.1022, r (test): 0.0813
Epoch: 46, Training Loss: 0.0337, Train MSE: 0.0337, r (train): 0.7846, Test MSE: 0.1120, r (test): 0.0329
Epoch: 47, Training Loss: 0.0269, Train MSE: 0.0269, r (train): 0.7809, Test MSE: 0.1022, r (test): 0.0297
Epoch: 48, Training Loss: 0.2560, Train MSE: 0.2560, r (train): 0.8188, Test MSE: 0.3355, r (test): -0.0399
Epoch: 49, Training Loss: 0.0278, Train MSE: 0.0278, r (train): 0.7888, Test MSE: 0.1096, r (test): 0.0094
Epoch: 50, Training Loss: 0.0456, Train MSE: 0.0456, r (train): 0.7342, Test MSE: 0.1125, r (test): 0.0223
Epoch: 51, Training Loss: 0.0319, Train MSE: 0.0319, r (train): 0.7800, Test MSE: 0.1051, r (test): 0.0539
Epoch: 52, Training Loss: 0.0373, Train MSE: 0.0373, r (train): 0.7560, Test MSE: 0.1079, r (test): -0.0072
Epoch: 53, Training Loss: 0.0446, Train MSE: 0.0446, r (train): 0.7905, Test MSE: 0.1217, r (test): 0.0694
Epoch: 54, Training Loss: 0.0886, Train MSE: 0.0886, r (train): 0.8165, Test MSE: 0.1747, r (test): -0.0451
Epoch: 55, Training Loss: 0.0316, Train MSE: 0.0316, r (train): 0.7739, Test MSE: 0.0995, r (test): 0.1029
Epoch: 56, Training Loss: 0.0318, Train MSE: 0.0318, r (train): 0.7685, Test MSE: 0.1017, r (test): -0.0012
Epoch: 57, Training Loss: 0.0305, Train MSE: 0.0305, r (train): 0.7619, Test MSE: 0.1025, r (test): 0.0532
Epoch: 58, Training Loss: 0.0345, Train MSE: 0.0345, r (train): 0.7525, Test MSE: 0.1023, r (test): 0.0751
Epoch: 59, Training Loss: 0.0528, Train MSE: 0.0528, r (train): 0.8022, Test MSE: 0.1348, r (test): -0.0787
Epoch: 60, Training Loss: 0.0941, Train MSE: 0.0941, r (train): 0.8204, Test MSE: 0.1859, r (test): -0.0312
Epoch: 61, Training Loss: 0.0356, Train MSE: 0.0356, r (train): 0.7550, Test MSE: 0.1068, r (test): 0.0278
Epoch: 62, Training Loss: 0.0802, Train MSE: 0.0802, r (train): 0.7129, Test MSE: 0.1349, r (test): 0.1129
Epoch: 63, Training Loss: 0.0295, Train MSE: 0.0295, r (train): 0.7543, Test MSE: 0.1021, r (test): -0.0633
Epoch: 64, Training Loss: 0.1343, Train MSE: 0.1343, r (train): 0.8025, Test MSE: 0.2256, r (test): -0.0103
Epoch: 65, Training Loss: 0.0301, Train MSE: 0.0301, r (train): 0.7877, Test MSE: 0.1071, r (test): 0.0443
Epoch: 66, Training Loss: 0.1006, Train MSE: 0.1006, r (train): 0.8159, Test MSE: 0.1871, r (test): -0.0604
Epoch: 67, Training Loss: 0.0299, Train MSE: 0.0299, r (train): 0.7690, Test MSE: 0.0941, r (test): 0.1075
Epoch: 68, Training Loss: 0.0373, Train MSE: 0.0373, r (train): 0.7791, Test MSE: 0.1123, r (test): -0.0511
Epoch: 69, Training Loss: 0.0374, Train MSE: 0.0374, r (train): 0.7551, Test MSE: 0.1043, r (test): 0.0897
Epoch: 70, Training Loss: 0.0272, Train MSE: 0.0272, r (train): 0.7771, Test MSE: 0.1032, r (test): -0.0383
Epoch: 71, Training Loss: 0.1008, Train MSE: 0.1008, r (train): 0.8168, Test MSE: 0.1876, r (test): -0.0191
Epoch: 72, Training Loss: 0.0399, Train MSE: 0.0399, r (train): 0.7662, Test MSE: 0.1115, r (test): 0.0561
Epoch: 73, Training Loss: 0.0298, Train MSE: 0.0298, r (train): 0.7548, Test MSE: 0.0972, r (test): 0.0419
Epoch: 74, Training Loss: 0.0326, Train MSE: 0.0326, r (train): 0.7642, Test MSE: 0.1049, r (test): -0.0855
Epoch: 75, Training Loss: 0.0306, Train MSE: 0.0306, r (train): 0.7592, Test MSE: 0.1021, r (test): 0.0485
Epoch: 76, Training Loss: 0.0457, Train MSE: 0.0457, r (train): 0.7944, Test MSE: 0.1261, r (test): 0.0064
Epoch: 77, Training Loss: 0.0427, Train MSE: 0.0427, r (train): 0.8120, Test MSE: 0.1278, r (test): 0.0032
Epoch: 78, Training Loss: 0.0306, Train MSE: 0.0306, r (train): 0.7810, Test MSE: 0.1032, r (test): 0.0423
Epoch: 79, Training Loss: 0.0424, Train MSE: 0.0424, r (train): 0.7817, Test MSE: 0.1160, r (test): 0.0214
Epoch: 80, Training Loss: 0.0304, Train MSE: 0.0304, r (train): 0.7581, Test MSE: 0.0982, r (test): 0.0605
Epoch: 81, Training Loss: 0.0288, Train MSE: 0.0288, r (train): 0.7831, Test MSE: 0.1036, r (test): -0.0109
Epoch: 82, Training Loss: 0.0297, Train MSE: 0.0297, r (train): 0.7856, Test MSE: 0.1072, r (test): 0.0472
Epoch: 83, Training Loss: 0.0325, Train MSE: 0.0325, r (train): 0.7651, Test MSE: 0.1039, r (test): 0.0396
Epoch: 84, Training Loss: 0.0300, Train MSE: 0.0300, r (train): 0.7829, Test MSE: 0.1051, r (test): 0.0127
Epoch: 85, Training Loss: 0.0302, Train MSE: 0.0302, r (train): 0.7636, Test MSE: 0.1005, r (test): -0.0199
Epoch: 86, Training Loss: 0.0344, Train MSE: 0.0344, r (train): 0.7454, Test MSE: 0.1049, r (test): 0.0451
Epoch: 87, Training Loss: 0.0456, Train MSE: 0.0456, r (train): 0.7812, Test MSE: 0.1194, r (test): 0.0357
Epoch: 88, Training Loss: 0.0306, Train MSE: 0.0306, r (train): 0.7963, Test MSE: 0.1091, r (test): 0.0249
Epoch: 89, Training Loss: 0.0510, Train MSE: 0.0510, r (train): 0.7956, Test MSE: 0.1296, r (test): 0.0000
Epoch: 90, Training Loss: 0.0334, Train MSE: 0.0334, r (train): 0.7805, Test MSE: 0.1061, r (test): 0.0390
Epoch: 91, Training Loss: 0.0312, Train MSE: 0.0312, r (train): 0.7606, Test MSE: 0.1006, r (test): 0.0532
Epoch: 92, Training Loss: 0.0394, Train MSE: 0.0394, r (train): 0.7920, Test MSE: 0.1123, r (test): 0.0270
Epoch: 93, Training Loss: 0.0379, Train MSE: 0.0379, r (train): 0.7582, Test MSE: 0.1089, r (test): 0.0666
Epoch: 94, Training Loss: 0.0349, Train MSE: 0.0349, r (train): 0.7803, Test MSE: 0.1095, r (test): 0.0086
Epoch: 95, Training Loss: 0.0649, Train MSE: 0.0649, r (train): 0.8035, Test MSE: 0.1455, r (test): -0.0671
Epoch: 96, Training Loss: 0.0258, Train MSE: 0.0258, r (train): 0.7890, Test MSE: 0.1008, r (test): -0.0005
Epoch: 97, Training Loss: 0.0303, Train MSE: 0.0303, r (train): 0.7722, Test MSE: 0.1053, r (test): 0.0405
Epoch: 98, Training Loss: 0.0294, Train MSE: 0.0294, r (train): 0.7714, Test MSE: 0.0992, r (test): 0.0814
Epoch: 99, Training Loss: 0.0301, Train MSE: 0.0301, r (train): 0.7862, Test MSE: 0.1032, r (test): 0.0475
Predicted tensors for training set: 
tensor([0.7654, 0.7013, 0.3388, 0.6145, 0.5719, 0.5055, 0.8029, 0.6763, 0.7026,
        0.6058, 0.6403, 0.4363, 0.3048, 0.2229, 1.0698, 1.0134, 0.5675, 0.7568,
        0.8716, 0.3179, 1.0514, 0.4258, 0.2378, 0.5591, 0.1881, 0.5209, 0.7687,
        1.0274, 0.0904, 0.8753, 0.8882, 0.7457, 0.5970, 0.3533, 0.9059, 0.4378,
        0.5661, 0.4955, 0.9494, 0.5617, 0.3632, 0.5906, 0.6840, 0.6166, 0.6387,
        0.4730, 1.0117, 0.3835, 0.3667, 1.1656, 0.9683, 0.2989, 0.7305, 0.2122,
        0.4971, 0.5965, 0.7874, 0.6888, 0.2913, 0.7348, 0.6858, 0.5056, 0.6535,
        0.3945, 0.7825, 0.7801, 0.5934, 0.5065, 0.2582, 0.6013, 0.7515, 0.5559])
Target tensorsfor training set: 
tensor([0.5783, 0.5573, 0.1055, 0.4149, 0.4993, 0.4654, 0.7497, 0.6465, 0.8561,
        0.7171, 0.7507, 0.5178, 0.2271, 0.1493, 0.9127, 0.8524, 0.4513, 0.7144,
        0.7791, 0.2255, 0.9656, 0.3174, 0.1295, 0.4818, 0.0763, 0.3453, 0.5779,
        0.7950, 0.0478, 0.8411, 0.8453, 0.6992, 0.5719, 0.3309, 0.9492, 0.4373,
        0.1218, 0.0636, 0.4036, 0.1294, 0.5023, 0.7462, 0.8988, 0.7596, 0.5102,
        0.2916, 0.8418, 0.2594, 0.2394, 0.8556, 0.6576, 0.1360, 0.9215, 0.2649,
        0.6595, 0.7372, 0.6846, 0.6199, 0.2169, 0.6577, 0.8728, 0.6671, 0.8391,
        0.5300, 0.7270, 0.7125, 0.5220, 0.4440, 0.3829, 0.7901, 0.9535, 0.7371])
Correlation for training set: 0.786162417527293
Predicted tensors for test set: 
tensor([0.3295, 0.5971, 0.5583, 0.5908, 0.4708, 0.5612, 0.3558, 0.6199, 0.4847,
        0.5892, 0.6756, 0.8416, 0.7997, 0.5674, 0.6063, 0.5322, 0.4345, 0.7488])
Target tensorsfor test set: 
tensor([0.3077, 0.0389, 0.5187, 0.4640, 0.5564, 0.0981, 0.4341, 0.4526, 0.5780,
        0.6240, 0.9150, 0.9117, 0.5658, 0.8363, 0.2464, 0.9072, 0.9621, 0.0246])
Correlation for test set: 0.04751214681562309
18 5
Fold 3
Epoch: 00, Training Loss: 0.0686, Train MSE: 0.0686, r (train): 0.0547, Test MSE: 0.0875, r (test): -0.2985
Epoch: 01, Training Loss: 0.0690, Train MSE: 0.0690, r (train): 0.1723, Test MSE: 0.0893, r (test): -0.2450
Epoch: 02, Training Loss: 0.0668, Train MSE: 0.0668, r (train): 0.4577, Test MSE: 0.0869, r (test): -0.0438
Epoch: 03, Training Loss: 0.0821, Train MSE: 0.0821, r (train): 0.6594, Test MSE: 0.1045, r (test): 0.1513
Epoch: 04, Training Loss: 0.1702, Train MSE: 0.1702, r (train): 0.7087, Test MSE: 0.2214, r (test): 0.4358
Epoch: 05, Training Loss: 0.1118, Train MSE: 0.1118, r (train): 0.5660, Test MSE: 0.1488, r (test): -0.0184
Epoch: 06, Training Loss: 0.0505, Train MSE: 0.0505, r (train): 0.7465, Test MSE: 0.0934, r (test): 0.2619
Epoch: 07, Training Loss: 0.0351, Train MSE: 0.0351, r (train): 0.7612, Test MSE: 0.0694, r (test): 0.4556
Epoch: 08, Training Loss: 0.0557, Train MSE: 0.0557, r (train): 0.7978, Test MSE: 0.0978, r (test): 0.3008
Epoch: 09, Training Loss: 0.0703, Train MSE: 0.0703, r (train): 0.7648, Test MSE: 0.1219, r (test): 0.2462
Epoch: 10, Training Loss: 0.0300, Train MSE: 0.0300, r (train): 0.7700, Test MSE: 0.0877, r (test): 0.3354
Epoch: 11, Training Loss: 0.0446, Train MSE: 0.0446, r (train): 0.7875, Test MSE: 0.1057, r (test): 0.3418
Epoch: 12, Training Loss: 0.0626, Train MSE: 0.0626, r (train): 0.7634, Test MSE: 0.1151, r (test): 0.1652
Epoch: 13, Training Loss: 0.0249, Train MSE: 0.0249, r (train): 0.7985, Test MSE: 0.0764, r (test): 0.3713
Epoch: 14, Training Loss: 0.0299, Train MSE: 0.0299, r (train): 0.8108, Test MSE: 0.0896, r (test): 0.3675
Epoch: 15, Training Loss: 0.0369, Train MSE: 0.0369, r (train): 0.8173, Test MSE: 0.0873, r (test): 0.3047
Epoch: 16, Training Loss: 0.0806, Train MSE: 0.0806, r (train): 0.8041, Test MSE: 0.1625, r (test): 0.3293
Epoch: 17, Training Loss: 0.0306, Train MSE: 0.0306, r (train): 0.7695, Test MSE: 0.0817, r (test): 0.2411
Epoch: 18, Training Loss: 0.0919, Train MSE: 0.0919, r (train): 0.7191, Test MSE: 0.1612, r (test): 0.2761
Epoch: 19, Training Loss: 0.2584, Train MSE: 0.2584, r (train): 0.7528, Test MSE: 0.2893, r (test): 0.1777
Epoch: 20, Training Loss: 0.2130, Train MSE: 0.2130, r (train): 0.7930, Test MSE: 0.3355, r (test): 0.3124
Epoch: 21, Training Loss: 0.1048, Train MSE: 0.1048, r (train): 0.7547, Test MSE: 0.1543, r (test): 0.1480
Epoch: 22, Training Loss: 0.0431, Train MSE: 0.0431, r (train): 0.7650, Test MSE: 0.0946, r (test): 0.3828
Epoch: 23, Training Loss: 0.0369, Train MSE: 0.0369, r (train): 0.7858, Test MSE: 0.1070, r (test): 0.2665
Epoch: 24, Training Loss: 0.0301, Train MSE: 0.0301, r (train): 0.7686, Test MSE: 0.0789, r (test): 0.3054
Epoch: 25, Training Loss: 0.0284, Train MSE: 0.0284, r (train): 0.7846, Test MSE: 0.0816, r (test): 0.2587
Epoch: 26, Training Loss: 0.0266, Train MSE: 0.0266, r (train): 0.8121, Test MSE: 0.0886, r (test): 0.3347
Epoch: 27, Training Loss: 0.0351, Train MSE: 0.0351, r (train): 0.7746, Test MSE: 0.0967, r (test): 0.2721
Epoch: 28, Training Loss: 0.0299, Train MSE: 0.0299, r (train): 0.7971, Test MSE: 0.0824, r (test): 0.2688
Epoch: 29, Training Loss: 0.0772, Train MSE: 0.0772, r (train): 0.7886, Test MSE: 0.1587, r (test): 0.3302
Epoch: 30, Training Loss: 0.0490, Train MSE: 0.0490, r (train): 0.7892, Test MSE: 0.0965, r (test): 0.2519
Epoch: 31, Training Loss: 0.0441, Train MSE: 0.0441, r (train): 0.8211, Test MSE: 0.1221, r (test): 0.2800
Epoch: 32, Training Loss: 0.0542, Train MSE: 0.0542, r (train): 0.7113, Test MSE: 0.1128, r (test): 0.2055
Epoch: 33, Training Loss: 0.0464, Train MSE: 0.0464, r (train): 0.7896, Test MSE: 0.0866, r (test): 0.3299
Epoch: 34, Training Loss: 0.0380, Train MSE: 0.0380, r (train): 0.8117, Test MSE: 0.1062, r (test): 0.3603
Epoch: 35, Training Loss: 0.0448, Train MSE: 0.0448, r (train): 0.7840, Test MSE: 0.0945, r (test): 0.2464
Epoch: 36, Training Loss: 0.0250, Train MSE: 0.0250, r (train): 0.8158, Test MSE: 0.0824, r (test): 0.3220
Epoch: 37, Training Loss: 0.0479, Train MSE: 0.0479, r (train): 0.7634, Test MSE: 0.1109, r (test): 0.2649
Epoch: 38, Training Loss: 0.0379, Train MSE: 0.0379, r (train): 0.7748, Test MSE: 0.0814, r (test): 0.2715
Epoch: 39, Training Loss: 0.0318, Train MSE: 0.0318, r (train): 0.8069, Test MSE: 0.0919, r (test): 0.3674
Epoch: 40, Training Loss: 0.0260, Train MSE: 0.0260, r (train): 0.8008, Test MSE: 0.0849, r (test): 0.2253
Epoch: 41, Training Loss: 0.0959, Train MSE: 0.0959, r (train): 0.7341, Test MSE: 0.1693, r (test): 0.2688
Epoch: 42, Training Loss: 0.0488, Train MSE: 0.0488, r (train): 0.6045, Test MSE: 0.1082, r (test): -0.0250
Epoch: 43, Training Loss: 0.5075, Train MSE: 0.5075, r (train): 0.6854, Test MSE: 0.5318, r (test): -0.0611
Epoch: 44, Training Loss: 0.3867, Train MSE: 0.3867, r (train): 0.7786, Test MSE: 0.5071, r (test): 0.2591
Epoch: 45, Training Loss: 0.0461, Train MSE: 0.0461, r (train): 0.7760, Test MSE: 0.1090, r (test): 0.1161
Epoch: 46, Training Loss: 0.2328, Train MSE: 0.2328, r (train): 0.7659, Test MSE: 0.3230, r (test): 0.2297
Epoch: 47, Training Loss: 0.1625, Train MSE: 0.1625, r (train): 0.7256, Test MSE: 0.2543, r (test): 0.2601
Epoch: 48, Training Loss: 0.0801, Train MSE: 0.0801, r (train): 0.7803, Test MSE: 0.1301, r (test): 0.1743
Epoch: 49, Training Loss: 0.0213, Train MSE: 0.0213, r (train): 0.8373, Test MSE: 0.0797, r (test): 0.3132
Epoch: 50, Training Loss: 0.0251, Train MSE: 0.0251, r (train): 0.8091, Test MSE: 0.0802, r (test): 0.2760
Epoch: 51, Training Loss: 0.0262, Train MSE: 0.0262, r (train): 0.8145, Test MSE: 0.0835, r (test): 0.2712
Epoch: 52, Training Loss: 0.0411, Train MSE: 0.0411, r (train): 0.7831, Test MSE: 0.1029, r (test): 0.2593
Epoch: 53, Training Loss: 0.0263, Train MSE: 0.0263, r (train): 0.8242, Test MSE: 0.0920, r (test): 0.3049
Epoch: 54, Training Loss: 0.0356, Train MSE: 0.0356, r (train): 0.8350, Test MSE: 0.1106, r (test): 0.3264
Epoch: 55, Training Loss: 0.0228, Train MSE: 0.0228, r (train): 0.8220, Test MSE: 0.0800, r (test): 0.3059
Epoch: 56, Training Loss: 0.0379, Train MSE: 0.0379, r (train): 0.7574, Test MSE: 0.0916, r (test): 0.1959
Epoch: 57, Training Loss: 0.0268, Train MSE: 0.0268, r (train): 0.7910, Test MSE: 0.0836, r (test): 0.2607
Epoch: 58, Training Loss: 0.0246, Train MSE: 0.0246, r (train): 0.8388, Test MSE: 0.0900, r (test): 0.3417
Epoch: 59, Training Loss: 0.0294, Train MSE: 0.0294, r (train): 0.8317, Test MSE: 0.0992, r (test): 0.3116
Epoch: 60, Training Loss: 0.0289, Train MSE: 0.0289, r (train): 0.8015, Test MSE: 0.0866, r (test): 0.2980
Epoch: 61, Training Loss: 0.0248, Train MSE: 0.0248, r (train): 0.8063, Test MSE: 0.0784, r (test): 0.3250
Epoch: 62, Training Loss: 0.0258, Train MSE: 0.0258, r (train): 0.8265, Test MSE: 0.0811, r (test): 0.3266
Epoch: 63, Training Loss: 0.0277, Train MSE: 0.0277, r (train): 0.8393, Test MSE: 0.0975, r (test): 0.3156
Epoch: 64, Training Loss: 0.0364, Train MSE: 0.0364, r (train): 0.8062, Test MSE: 0.1035, r (test): 0.2735
Epoch: 65, Training Loss: 0.0243, Train MSE: 0.0243, r (train): 0.8262, Test MSE: 0.0884, r (test): 0.3039
Epoch: 66, Training Loss: 0.0395, Train MSE: 0.0395, r (train): 0.8057, Test MSE: 0.0949, r (test): 0.2704
Epoch: 67, Training Loss: 0.0227, Train MSE: 0.0227, r (train): 0.8249, Test MSE: 0.0820, r (test): 0.3246
Epoch: 68, Training Loss: 0.0292, Train MSE: 0.0292, r (train): 0.8304, Test MSE: 0.0985, r (test): 0.3159
Epoch: 69, Training Loss: 0.0222, Train MSE: 0.0222, r (train): 0.8352, Test MSE: 0.0866, r (test): 0.3041
Epoch: 70, Training Loss: 0.0250, Train MSE: 0.0250, r (train): 0.8028, Test MSE: 0.0825, r (test): 0.2540
Epoch: 71, Training Loss: 0.0226, Train MSE: 0.0226, r (train): 0.8195, Test MSE: 0.0787, r (test): 0.3167
Epoch: 72, Training Loss: 0.0226, Train MSE: 0.0226, r (train): 0.8322, Test MSE: 0.0847, r (test): 0.3328
Epoch: 73, Training Loss: 0.0231, Train MSE: 0.0231, r (train): 0.8283, Test MSE: 0.0855, r (test): 0.3072
Epoch: 74, Training Loss: 0.0229, Train MSE: 0.0229, r (train): 0.8235, Test MSE: 0.0829, r (test): 0.3010
Epoch: 75, Training Loss: 0.0241, Train MSE: 0.0241, r (train): 0.8203, Test MSE: 0.0848, r (test): 0.3069
Epoch: 76, Training Loss: 0.0238, Train MSE: 0.0238, r (train): 0.8153, Test MSE: 0.0790, r (test): 0.3140
Epoch: 77, Training Loss: 0.0206, Train MSE: 0.0206, r (train): 0.8374, Test MSE: 0.0798, r (test): 0.3379
Epoch: 78, Training Loss: 0.0260, Train MSE: 0.0260, r (train): 0.8224, Test MSE: 0.0888, r (test): 0.3125
Epoch: 79, Training Loss: 0.0241, Train MSE: 0.0241, r (train): 0.8277, Test MSE: 0.0868, r (test): 0.3116
Epoch: 80, Training Loss: 0.0228, Train MSE: 0.0228, r (train): 0.8194, Test MSE: 0.0800, r (test): 0.3029
Epoch: 81, Training Loss: 0.0224, Train MSE: 0.0224, r (train): 0.8221, Test MSE: 0.0798, r (test): 0.3114
Epoch: 82, Training Loss: 0.0230, Train MSE: 0.0230, r (train): 0.8256, Test MSE: 0.0818, r (test): 0.3331
Epoch: 83, Training Loss: 0.0225, Train MSE: 0.0225, r (train): 0.8432, Test MSE: 0.0900, r (test): 0.3274
Epoch: 84, Training Loss: 0.0244, Train MSE: 0.0244, r (train): 0.8158, Test MSE: 0.0855, r (test): 0.2806
Epoch: 85, Training Loss: 0.0223, Train MSE: 0.0223, r (train): 0.8219, Test MSE: 0.0808, r (test): 0.2960
Epoch: 86, Training Loss: 0.0236, Train MSE: 0.0236, r (train): 0.8157, Test MSE: 0.0790, r (test): 0.3081
Epoch: 87, Training Loss: 0.0217, Train MSE: 0.0217, r (train): 0.8287, Test MSE: 0.0796, r (test): 0.3288
Epoch: 88, Training Loss: 0.0241, Train MSE: 0.0241, r (train): 0.8380, Test MSE: 0.0879, r (test): 0.3422
Epoch: 89, Training Loss: 0.0255, Train MSE: 0.0255, r (train): 0.8342, Test MSE: 0.0929, r (test): 0.3119
Epoch: 90, Training Loss: 0.0253, Train MSE: 0.0253, r (train): 0.7970, Test MSE: 0.0824, r (test): 0.2665
Epoch: 91, Training Loss: 0.0265, Train MSE: 0.0265, r (train): 0.8180, Test MSE: 0.0824, r (test): 0.2996
Epoch: 92, Training Loss: 0.0228, Train MSE: 0.0228, r (train): 0.8283, Test MSE: 0.0791, r (test): 0.3220
Epoch: 93, Training Loss: 0.0244, Train MSE: 0.0244, r (train): 0.8312, Test MSE: 0.0875, r (test): 0.3327
Epoch: 94, Training Loss: 0.0365, Train MSE: 0.0365, r (train): 0.8353, Test MSE: 0.1131, r (test): 0.3080
Epoch: 95, Training Loss: 0.0230, Train MSE: 0.0230, r (train): 0.8367, Test MSE: 0.0904, r (test): 0.2889
Epoch: 96, Training Loss: 0.0336, Train MSE: 0.0336, r (train): 0.7819, Test MSE: 0.0921, r (test): 0.2037
Epoch: 97, Training Loss: 0.0320, Train MSE: 0.0320, r (train): 0.7990, Test MSE: 0.0886, r (test): 0.2435
Epoch: 98, Training Loss: 0.0322, Train MSE: 0.0322, r (train): 0.8212, Test MSE: 0.0997, r (test): 0.3229
Epoch: 99, Training Loss: 0.0338, Train MSE: 0.0338, r (train): 0.8057, Test MSE: 0.0869, r (test): 0.2874
Predicted tensors for training set: 
tensor([ 0.5586,  0.5982,  0.0562,  0.3763,  0.2585,  0.2211,  0.5935,  0.3904,
         0.6122,  0.5264,  0.4646,  0.2861,  0.1202,  0.0595,  0.8939,  0.8402,
         0.5149,  0.8219,  0.3894,  0.0172,  0.6113,  0.5199,  0.6545,  0.2065,
         0.4342,  0.3515,  0.5619,  0.5712,  0.5844,  0.5625,  0.2441,  0.5441,
         0.1080,  0.7914,  0.9035, -0.0635,  0.4374,  0.3448,  0.6084,  0.4801,
         0.3704,  0.5234,  0.7365,  0.5380,  0.4208,  0.2487,  0.7942,  0.1943,
         0.2180,  0.9402,  0.6656,  0.1244,  0.6255,  0.1075,  0.3608,  0.4795,
         0.5727,  0.5065,  0.1457,  0.5498,  0.4852,  0.3989,  0.5340,  0.2852,
         0.6458,  0.6236,  0.4670,  0.3701,  0.1697,  0.5714,  0.6901,  0.5069])
Target tensorsfor training set: 
tensor([0.5783, 0.5573, 0.1055, 0.4149, 0.4993, 0.4654, 0.7497, 0.6465, 0.8561,
        0.7171, 0.7507, 0.5178, 0.2271, 0.1493, 0.9127, 0.8524, 0.4513, 0.7144,
        0.3077, 0.0389, 0.5187, 0.4640, 0.5564, 0.0981, 0.4341, 0.4526, 0.5780,
        0.6240, 0.9150, 0.9117, 0.5658, 0.8363, 0.2464, 0.9072, 0.9621, 0.0246,
        0.1218, 0.0636, 0.4036, 0.1294, 0.5023, 0.7462, 0.8988, 0.7596, 0.5102,
        0.2916, 0.8418, 0.2594, 0.2394, 0.8556, 0.6576, 0.1360, 0.9215, 0.2649,
        0.6595, 0.7372, 0.6846, 0.6199, 0.2169, 0.6577, 0.8728, 0.6671, 0.8391,
        0.5300, 0.7270, 0.7125, 0.5220, 0.4440, 0.3829, 0.7901, 0.9535, 0.7371])
Correlation for training set: 0.805748469967234
Predicted tensors for test set: 
tensor([0.4365, 0.4535, 0.5863, 0.4517, 0.3374, 0.5845, 0.4888, 0.4140, 0.5306,
        0.3922, 0.1759, 0.7111, 0.4827, 0.5681, 0.4267, 0.4214, 0.1570, 0.4232])
Target tensorsfor test set: 
tensor([0.7791, 0.2255, 0.9656, 0.3174, 0.1295, 0.4818, 0.0763, 0.3453, 0.5779,
        0.7950, 0.0478, 0.8411, 0.8453, 0.6992, 0.5719, 0.3309, 0.9492, 0.4373])
Correlation for test set: 0.28739204695305537
18 5
Fold 4
Epoch: 00, Training Loss: 0.0693, Train MSE: 0.0693, r (train): -0.1126, Test MSE: 0.1053, r (test): 0.0184
Epoch: 01, Training Loss: 0.0675, Train MSE: 0.0675, r (train): -0.1826, Test MSE: 0.0928, r (test): -0.0170
Epoch: 02, Training Loss: 0.1050, Train MSE: 0.1050, r (train): -0.0209, Test MSE: 0.0986, r (test): -0.0598
Epoch: 03, Training Loss: 0.0636, Train MSE: 0.0636, r (train): 0.7070, Test MSE: 0.0936, r (test): -0.1193
Epoch: 04, Training Loss: 0.0942, Train MSE: 0.0942, r (train): 0.6751, Test MSE: 0.2043, r (test): -0.0951
Epoch: 05, Training Loss: 0.0880, Train MSE: 0.0880, r (train): 0.7429, Test MSE: 0.1027, r (test): 0.1045
Epoch: 06, Training Loss: 0.2443, Train MSE: 0.2443, r (train): 0.7131, Test MSE: 0.2359, r (test): 0.1146
Epoch: 07, Training Loss: 0.0872, Train MSE: 0.0872, r (train): 0.7496, Test MSE: 0.1940, r (test): -0.0384
Epoch: 08, Training Loss: 0.0238, Train MSE: 0.0238, r (train): 0.8141, Test MSE: 0.1170, r (test): 0.1361
Epoch: 09, Training Loss: 0.0887, Train MSE: 0.0887, r (train): 0.7937, Test MSE: 0.1410, r (test): -0.1394
Epoch: 10, Training Loss: 0.0363, Train MSE: 0.0363, r (train): 0.8256, Test MSE: 0.1580, r (test): -0.0577
Epoch: 11, Training Loss: 0.0225, Train MSE: 0.0225, r (train): 0.8390, Test MSE: 0.1282, r (test): 0.0200
Epoch: 12, Training Loss: 0.0719, Train MSE: 0.0719, r (train): 0.7923, Test MSE: 0.1197, r (test): -0.0836
Epoch: 13, Training Loss: 0.0218, Train MSE: 0.0218, r (train): 0.8241, Test MSE: 0.1115, r (test): 0.0129
Epoch: 14, Training Loss: 0.0217, Train MSE: 0.0217, r (train): 0.8291, Test MSE: 0.1216, r (test): -0.0737
Epoch: 15, Training Loss: 0.0214, Train MSE: 0.0214, r (train): 0.8285, Test MSE: 0.1042, r (test): 0.0359
Epoch: 16, Training Loss: 0.0618, Train MSE: 0.0618, r (train): 0.7785, Test MSE: 0.1096, r (test): -0.0118
Epoch: 17, Training Loss: 0.0254, Train MSE: 0.0254, r (train): 0.8120, Test MSE: 0.1244, r (test): -0.0371
Epoch: 18, Training Loss: 0.0280, Train MSE: 0.0280, r (train): 0.8401, Test MSE: 0.1340, r (test): 0.0578
Epoch: 19, Training Loss: 0.0285, Train MSE: 0.0285, r (train): 0.7891, Test MSE: 0.0972, r (test): 0.0114
Epoch: 20, Training Loss: 0.0385, Train MSE: 0.0385, r (train): 0.7763, Test MSE: 0.0969, r (test): 0.0765
Epoch: 21, Training Loss: 0.0241, Train MSE: 0.0241, r (train): 0.8029, Test MSE: 0.1138, r (test): -0.1303
Epoch: 22, Training Loss: 0.0331, Train MSE: 0.0331, r (train): 0.8118, Test MSE: 0.1302, r (test): 0.1162
Epoch: 23, Training Loss: 0.0250, Train MSE: 0.0250, r (train): 0.8073, Test MSE: 0.1162, r (test): 0.0559
Epoch: 24, Training Loss: 0.0396, Train MSE: 0.0396, r (train): 0.7481, Test MSE: 0.1005, r (test): -0.1564
Epoch: 25, Training Loss: 0.0833, Train MSE: 0.0833, r (train): 0.8151, Test MSE: 0.2142, r (test): 0.1360
Epoch: 26, Training Loss: 0.0446, Train MSE: 0.0446, r (train): 0.7562, Test MSE: 0.0987, r (test): -0.0202
Epoch: 27, Training Loss: 0.0293, Train MSE: 0.0293, r (train): 0.7848, Test MSE: 0.1173, r (test): 0.0449
Epoch: 28, Training Loss: 0.0253, Train MSE: 0.0253, r (train): 0.8141, Test MSE: 0.1165, r (test): 0.0479
Epoch: 29, Training Loss: 0.0320, Train MSE: 0.0320, r (train): 0.7937, Test MSE: 0.1288, r (test): -0.0293
Epoch: 30, Training Loss: 0.0273, Train MSE: 0.0273, r (train): 0.7840, Test MSE: 0.1012, r (test): 0.1421
Epoch: 31, Training Loss: 0.1391, Train MSE: 0.1391, r (train): 0.7905, Test MSE: 0.2686, r (test): 0.0869
Epoch: 32, Training Loss: 0.0473, Train MSE: 0.0473, r (train): 0.7507, Test MSE: 0.0976, r (test): -0.0109
Epoch: 33, Training Loss: 0.0421, Train MSE: 0.0421, r (train): 0.8216, Test MSE: 0.1501, r (test): 0.1041
Epoch: 34, Training Loss: 0.0548, Train MSE: 0.0548, r (train): 0.7883, Test MSE: 0.1548, r (test): 0.0910
Epoch: 35, Training Loss: 0.0256, Train MSE: 0.0256, r (train): 0.8070, Test MSE: 0.0953, r (test): 0.1152
Epoch: 36, Training Loss: 0.0311, Train MSE: 0.0311, r (train): 0.7783, Test MSE: 0.0935, r (test): 0.1600
Epoch: 37, Training Loss: 0.0343, Train MSE: 0.0343, r (train): 0.7650, Test MSE: 0.0999, r (test): -0.0147
Epoch: 38, Training Loss: 0.0261, Train MSE: 0.0261, r (train): 0.7890, Test MSE: 0.1087, r (test): 0.1899
Epoch: 39, Training Loss: 0.0279, Train MSE: 0.0279, r (train): 0.8069, Test MSE: 0.1168, r (test): 0.0171
Epoch: 40, Training Loss: 0.0845, Train MSE: 0.0845, r (train): 0.7593, Test MSE: 0.1083, r (test): 0.2370
Epoch: 41, Training Loss: 0.1136, Train MSE: 0.1136, r (train): 0.7300, Test MSE: 0.2448, r (test): 0.0589
Epoch: 42, Training Loss: 0.0376, Train MSE: 0.0376, r (train): 0.7732, Test MSE: 0.1261, r (test): 0.1458
Epoch: 43, Training Loss: 0.0333, Train MSE: 0.0333, r (train): 0.7289, Test MSE: 0.0839, r (test): 0.2872
Epoch: 44, Training Loss: 0.1758, Train MSE: 0.1758, r (train): 0.6614, Test MSE: 0.3327, r (test): 0.0067
Epoch: 45, Training Loss: 0.1197, Train MSE: 0.1197, r (train): 0.7944, Test MSE: 0.2669, r (test): 0.1808
Epoch: 46, Training Loss: 0.1989, Train MSE: 0.1989, r (train): 0.7178, Test MSE: 0.2119, r (test): -0.0965
Epoch: 47, Training Loss: 0.0224, Train MSE: 0.0224, r (train): 0.8240, Test MSE: 0.1067, r (test): 0.1371
Epoch: 48, Training Loss: 0.0242, Train MSE: 0.0242, r (train): 0.8234, Test MSE: 0.1095, r (test): 0.1137
Epoch: 49, Training Loss: 0.0293, Train MSE: 0.0293, r (train): 0.8120, Test MSE: 0.0898, r (test): 0.1079
Epoch: 50, Training Loss: 0.0264, Train MSE: 0.0264, r (train): 0.7908, Test MSE: 0.0990, r (test): 0.1554
Epoch: 51, Training Loss: 0.0864, Train MSE: 0.0864, r (train): 0.7909, Test MSE: 0.2166, r (test): 0.1742
Epoch: 52, Training Loss: 0.2058, Train MSE: 0.2058, r (train): 0.8044, Test MSE: 0.3644, r (test): 0.1619
Epoch: 53, Training Loss: 0.0842, Train MSE: 0.0842, r (train): 0.7755, Test MSE: 0.1194, r (test): 0.2124
Epoch: 54, Training Loss: 0.0596, Train MSE: 0.0596, r (train): 0.7528, Test MSE: 0.1018, r (test): 0.1080
Epoch: 55, Training Loss: 0.0275, Train MSE: 0.0275, r (train): 0.8040, Test MSE: 0.1041, r (test): 0.0793
Epoch: 56, Training Loss: 0.1874, Train MSE: 0.1874, r (train): 0.7988, Test MSE: 0.3553, r (test): 0.1959
Epoch: 57, Training Loss: 0.0439, Train MSE: 0.0439, r (train): 0.7991, Test MSE: 0.1305, r (test): 0.2247
Epoch: 58, Training Loss: 0.0254, Train MSE: 0.0254, r (train): 0.8161, Test MSE: 0.1033, r (test): 0.1562
Epoch: 59, Training Loss: 0.0258, Train MSE: 0.0258, r (train): 0.8046, Test MSE: 0.0852, r (test): 0.1841
Epoch: 60, Training Loss: 0.0244, Train MSE: 0.0244, r (train): 0.8066, Test MSE: 0.0970, r (test): 0.1698
Epoch: 61, Training Loss: 0.0443, Train MSE: 0.0443, r (train): 0.7907, Test MSE: 0.1439, r (test): 0.2119
Epoch: 62, Training Loss: 0.0615, Train MSE: 0.0615, r (train): 0.8066, Test MSE: 0.1686, r (test): 0.2592
Epoch: 63, Training Loss: 0.0407, Train MSE: 0.0407, r (train): 0.7841, Test MSE: 0.0864, r (test): 0.2380
Epoch: 64, Training Loss: 0.0245, Train MSE: 0.0245, r (train): 0.8056, Test MSE: 0.0898, r (test): 0.1725
Epoch: 65, Training Loss: 0.0673, Train MSE: 0.0673, r (train): 0.8289, Test MSE: 0.1762, r (test): 0.1913
Epoch: 66, Training Loss: 0.0303, Train MSE: 0.0303, r (train): 0.7990, Test MSE: 0.1153, r (test): 0.2081
Epoch: 67, Training Loss: 0.0346, Train MSE: 0.0346, r (train): 0.7694, Test MSE: 0.0823, r (test): 0.2694
Epoch: 68, Training Loss: 0.0243, Train MSE: 0.0243, r (train): 0.8052, Test MSE: 0.0909, r (test): 0.1777
Epoch: 69, Training Loss: 0.0400, Train MSE: 0.0400, r (train): 0.8192, Test MSE: 0.1222, r (test): 0.2222
Epoch: 70, Training Loss: 0.0395, Train MSE: 0.0395, r (train): 0.8220, Test MSE: 0.1260, r (test): 0.2095
Epoch: 71, Training Loss: 0.0262, Train MSE: 0.0262, r (train): 0.7922, Test MSE: 0.0878, r (test): 0.2424
Epoch: 72, Training Loss: 0.0254, Train MSE: 0.0254, r (train): 0.7991, Test MSE: 0.0865, r (test): 0.2370
Epoch: 73, Training Loss: 0.0250, Train MSE: 0.0250, r (train): 0.8151, Test MSE: 0.0969, r (test): 0.2298
Epoch: 74, Training Loss: 0.0357, Train MSE: 0.0357, r (train): 0.8180, Test MSE: 0.1205, r (test): 0.2356
Epoch: 75, Training Loss: 0.0266, Train MSE: 0.0266, r (train): 0.8133, Test MSE: 0.1004, r (test): 0.2502
Epoch: 76, Training Loss: 0.0258, Train MSE: 0.0258, r (train): 0.7972, Test MSE: 0.0861, r (test): 0.2516
Epoch: 77, Training Loss: 0.0251, Train MSE: 0.0251, r (train): 0.8024, Test MSE: 0.0880, r (test): 0.2417
Epoch: 78, Training Loss: 0.0290, Train MSE: 0.0290, r (train): 0.8177, Test MSE: 0.1108, r (test): 0.2269
Epoch: 79, Training Loss: 0.0269, Train MSE: 0.0269, r (train): 0.8129, Test MSE: 0.0996, r (test): 0.2504
Epoch: 80, Training Loss: 0.0256, Train MSE: 0.0256, r (train): 0.8024, Test MSE: 0.0908, r (test): 0.2546
Epoch: 81, Training Loss: 0.0245, Train MSE: 0.0245, r (train): 0.8048, Test MSE: 0.0912, r (test): 0.2371
Epoch: 82, Training Loss: 0.0254, Train MSE: 0.0254, r (train): 0.8151, Test MSE: 0.1005, r (test): 0.2369
Epoch: 83, Training Loss: 0.0259, Train MSE: 0.0259, r (train): 0.8115, Test MSE: 0.0956, r (test): 0.2467
Epoch: 84, Training Loss: 0.0259, Train MSE: 0.0259, r (train): 0.8053, Test MSE: 0.0945, r (test): 0.2404
Epoch: 85, Training Loss: 0.0252, Train MSE: 0.0252, r (train): 0.8097, Test MSE: 0.0978, r (test): 0.2438
Epoch: 86, Training Loss: 0.0250, Train MSE: 0.0250, r (train): 0.8122, Test MSE: 0.0966, r (test): 0.2371
Epoch: 87, Training Loss: 0.0261, Train MSE: 0.0261, r (train): 0.8015, Test MSE: 0.0880, r (test): 0.2515
Epoch: 88, Training Loss: 0.0264, Train MSE: 0.0264, r (train): 0.8105, Test MSE: 0.1017, r (test): 0.2225
Epoch: 89, Training Loss: 0.0270, Train MSE: 0.0270, r (train): 0.8177, Test MSE: 0.1062, r (test): 0.2276
Epoch: 90, Training Loss: 0.0254, Train MSE: 0.0254, r (train): 0.8058, Test MSE: 0.0905, r (test): 0.2602
Epoch: 91, Training Loss: 0.0274, Train MSE: 0.0274, r (train): 0.7946, Test MSE: 0.0862, r (test): 0.2336
Epoch: 92, Training Loss: 0.0252, Train MSE: 0.0252, r (train): 0.8115, Test MSE: 0.1016, r (test): 0.2209
Epoch: 93, Training Loss: 0.0300, Train MSE: 0.0300, r (train): 0.8252, Test MSE: 0.1140, r (test): 0.2197
Epoch: 94, Training Loss: 0.0266, Train MSE: 0.0266, r (train): 0.8009, Test MSE: 0.0871, r (test): 0.2439
Epoch: 95, Training Loss: 0.0261, Train MSE: 0.0261, r (train): 0.7998, Test MSE: 0.0953, r (test): 0.2349
Epoch: 96, Training Loss: 0.0252, Train MSE: 0.0252, r (train): 0.8095, Test MSE: 0.1010, r (test): 0.2271
Epoch: 97, Training Loss: 0.0244, Train MSE: 0.0244, r (train): 0.8109, Test MSE: 0.0901, r (test): 0.2270
Epoch: 98, Training Loss: 0.0268, Train MSE: 0.0268, r (train): 0.8044, Test MSE: 0.0925, r (test): 0.2344
Epoch: 99, Training Loss: 0.0286, Train MSE: 0.0286, r (train): 0.8212, Test MSE: 0.1132, r (test): 0.1930
Predicted tensors for training set: 
tensor([0.8245, 0.7717, 0.3156, 0.6438, 0.6242, 0.5838, 0.8205, 0.7555, 0.6533,
        0.5668, 0.5723, 0.4311, 0.3976, 0.2845, 1.1117, 1.1070, 0.6828, 0.9740,
        0.5813, 0.2530, 0.6961, 0.6219, 0.7204, 0.2919, 0.5132, 0.5311, 0.6138,
        0.6806, 0.8054, 0.7965, 0.5211, 0.7373, 0.3547, 1.0545, 1.0902, 0.1383,
        0.8737, 0.3161, 1.0298, 0.4148, 0.5133, 1.0561, 0.3486, 0.7051, 0.7798,
        1.0287, 0.1260, 1.0552, 0.9018, 0.7183, 0.6424, 0.3997, 0.8054, 0.3707,
        0.5397, 0.6181, 0.8268, 0.7272, 0.3196, 0.8081, 0.7661, 0.5644, 0.7327,
        0.4520, 0.6990, 0.7187, 0.5438, 0.4572, 0.3120, 0.6993, 0.8145, 0.6381])
Target tensorsfor training set: 
tensor([0.5783, 0.5573, 0.1055, 0.4149, 0.4993, 0.4654, 0.7497, 0.6465, 0.8561,
        0.7171, 0.7507, 0.5178, 0.2271, 0.1493, 0.9127, 0.8524, 0.4513, 0.7144,
        0.3077, 0.0389, 0.5187, 0.4640, 0.5564, 0.0981, 0.4341, 0.4526, 0.5780,
        0.6240, 0.9150, 0.9117, 0.5658, 0.8363, 0.2464, 0.9072, 0.9621, 0.0246,
        0.7791, 0.2255, 0.9656, 0.3174, 0.1295, 0.4818, 0.0763, 0.3453, 0.5779,
        0.7950, 0.0478, 0.8411, 0.8453, 0.6992, 0.5719, 0.3309, 0.9492, 0.4373,
        0.6595, 0.7372, 0.6846, 0.6199, 0.2169, 0.6577, 0.8728, 0.6671, 0.8391,
        0.5300, 0.7270, 0.7125, 0.5220, 0.4440, 0.3829, 0.7901, 0.9535, 0.7371])
Correlation for training set: 0.821192927695113
Predicted tensors for test set: 
tensor([0.6503, 0.6706, 0.8504, 0.5484, 0.5023, 0.8269, 0.5676, 0.7075, 0.6896,
        0.4104, 0.6468, 0.7200, 0.6208, 0.5163, 0.7943, 0.5499, 0.6874, 0.5722])
Target tensorsfor test set: 
tensor([0.1218, 0.0636, 0.4036, 0.1294, 0.5023, 0.7462, 0.8988, 0.7596, 0.5102,
        0.2916, 0.8418, 0.2594, 0.2394, 0.8556, 0.6576, 0.1360, 0.9215, 0.2649])
Correlation for test set: 0.1929534000094572
18 5
Fold 5
Epoch: 00, Training Loss: 0.0853, Train MSE: 0.0853, r (train): 0.0078, Test MSE: 0.0336, r (test): -0.4244
Epoch: 01, Training Loss: 0.1022, Train MSE: 0.1022, r (train): 0.0444, Test MSE: 0.0319, r (test): -0.5866
Epoch: 02, Training Loss: 0.0905, Train MSE: 0.0905, r (train): 0.3657, Test MSE: 0.0326, r (test): -0.5770
Epoch: 03, Training Loss: 0.0540, Train MSE: 0.0540, r (train): 0.7705, Test MSE: 0.0670, r (test): -0.2125
Epoch: 04, Training Loss: 0.1122, Train MSE: 0.1122, r (train): 0.6698, Test MSE: 0.0640, r (test): 0.3314
Epoch: 05, Training Loss: 0.1159, Train MSE: 0.1159, r (train): 0.6994, Test MSE: 0.0852, r (test): 0.0687
Epoch: 06, Training Loss: 0.0306, Train MSE: 0.0306, r (train): 0.7858, Test MSE: 0.0419, r (test): 0.4433
Epoch: 07, Training Loss: 0.0590, Train MSE: 0.0590, r (train): 0.8213, Test MSE: 0.1494, r (test): -0.0182
Epoch: 08, Training Loss: 0.1737, Train MSE: 0.1737, r (train): 0.8164, Test MSE: 0.1218, r (test): 0.3784
Epoch: 09, Training Loss: 0.0846, Train MSE: 0.0846, r (train): 0.8429, Test MSE: 0.1963, r (test): 0.1819
Epoch: 10, Training Loss: 0.0470, Train MSE: 0.0470, r (train): 0.8437, Test MSE: 0.1352, r (test): 0.2004
Epoch: 11, Training Loss: 0.0278, Train MSE: 0.0278, r (train): 0.8397, Test MSE: 0.0760, r (test): 0.2869
Epoch: 12, Training Loss: 0.0368, Train MSE: 0.0368, r (train): 0.8090, Test MSE: 0.0434, r (test): 0.1410
Epoch: 13, Training Loss: 0.0343, Train MSE: 0.0343, r (train): 0.8550, Test MSE: 0.1058, r (test): 0.1536
Epoch: 14, Training Loss: 0.0217, Train MSE: 0.0217, r (train): 0.8563, Test MSE: 0.0605, r (test): 0.2434
Epoch: 15, Training Loss: 0.0219, Train MSE: 0.0219, r (train): 0.8628, Test MSE: 0.0503, r (test): 0.3173
Epoch: 16, Training Loss: 0.0213, Train MSE: 0.0213, r (train): 0.8572, Test MSE: 0.0651, r (test): 0.2495
Epoch: 17, Training Loss: 0.0228, Train MSE: 0.0228, r (train): 0.8472, Test MSE: 0.0544, r (test): 0.1839
Epoch: 18, Training Loss: 0.0337, Train MSE: 0.0337, r (train): 0.8537, Test MSE: 0.1028, r (test): 0.1768
Epoch: 19, Training Loss: 0.0281, Train MSE: 0.0281, r (train): 0.8444, Test MSE: 0.0484, r (test): 0.3338
Epoch: 20, Training Loss: 0.0905, Train MSE: 0.0905, r (train): 0.8254, Test MSE: 0.2116, r (test): 0.2530
Epoch: 21, Training Loss: 0.0335, Train MSE: 0.0335, r (train): 0.8528, Test MSE: 0.0420, r (test): 0.2884
Epoch: 22, Training Loss: 0.0312, Train MSE: 0.0312, r (train): 0.8299, Test MSE: 0.0954, r (test): 0.2176
Epoch: 23, Training Loss: 0.0227, Train MSE: 0.0227, r (train): 0.8470, Test MSE: 0.0490, r (test): 0.2714
Epoch: 24, Training Loss: 0.0335, Train MSE: 0.0335, r (train): 0.8305, Test MSE: 0.1117, r (test): 0.1814
Epoch: 25, Training Loss: 0.0318, Train MSE: 0.0318, r (train): 0.8332, Test MSE: 0.0961, r (test): 0.2956
Epoch: 26, Training Loss: 0.0249, Train MSE: 0.0249, r (train): 0.8434, Test MSE: 0.0710, r (test): 0.2678
Epoch: 27, Training Loss: 0.0236, Train MSE: 0.0236, r (train): 0.8374, Test MSE: 0.0587, r (test): 0.2459
Epoch: 28, Training Loss: 0.0604, Train MSE: 0.0604, r (train): 0.8287, Test MSE: 0.1707, r (test): 0.1137
Epoch: 29, Training Loss: 0.0265, Train MSE: 0.0265, r (train): 0.8251, Test MSE: 0.0621, r (test): 0.2905
Epoch: 30, Training Loss: 0.0370, Train MSE: 0.0370, r (train): 0.8362, Test MSE: 0.1098, r (test): 0.2305
Epoch: 31, Training Loss: 0.0318, Train MSE: 0.0318, r (train): 0.8358, Test MSE: 0.1031, r (test): 0.2155
Epoch: 32, Training Loss: 0.0240, Train MSE: 0.0240, r (train): 0.8362, Test MSE: 0.0463, r (test): 0.2853
Epoch: 33, Training Loss: 0.0460, Train MSE: 0.0460, r (train): 0.8509, Test MSE: 0.1331, r (test): 0.2370
Epoch: 34, Training Loss: 0.1078, Train MSE: 0.1078, r (train): 0.7956, Test MSE: 0.2328, r (test): 0.1321
Epoch: 35, Training Loss: 0.8461, Train MSE: 0.8461, r (train): 0.6693, Test MSE: 0.6542, r (test): 0.6210
Epoch: 36, Training Loss: 0.6260, Train MSE: 0.6260, r (train): 0.5770, Test MSE: 0.8910, r (test): -0.3393
Epoch: 37, Training Loss: 0.4315, Train MSE: 0.4315, r (train): 0.8085, Test MSE: 0.3173, r (test): 0.6068
Epoch: 38, Training Loss: 0.0450, Train MSE: 0.0450, r (train): 0.8146, Test MSE: 0.1087, r (test): 0.3381
Epoch: 39, Training Loss: 0.0748, Train MSE: 0.0748, r (train): 0.7834, Test MSE: 0.0549, r (test): 0.2145
Epoch: 40, Training Loss: 0.1516, Train MSE: 0.1516, r (train): 0.7743, Test MSE: 0.3020, r (test): 0.0348
Epoch: 41, Training Loss: 0.0354, Train MSE: 0.0354, r (train): 0.8394, Test MSE: 0.0367, r (test): 0.3239
Epoch: 42, Training Loss: 0.0242, Train MSE: 0.0242, r (train): 0.8453, Test MSE: 0.0449, r (test): 0.2617
Epoch: 43, Training Loss: 0.0224, Train MSE: 0.0224, r (train): 0.8514, Test MSE: 0.0668, r (test): 0.2117
Epoch: 44, Training Loss: 0.0362, Train MSE: 0.0362, r (train): 0.8507, Test MSE: 0.1116, r (test): 0.2689
Epoch: 45, Training Loss: 0.0289, Train MSE: 0.0289, r (train): 0.8621, Test MSE: 0.0963, r (test): 0.2804
Epoch: 46, Training Loss: 0.0267, Train MSE: 0.0267, r (train): 0.8466, Test MSE: 0.0849, r (test): 0.2505
Epoch: 47, Training Loss: 0.0272, Train MSE: 0.0272, r (train): 0.8547, Test MSE: 0.0371, r (test): 0.3328
Epoch: 48, Training Loss: 0.0304, Train MSE: 0.0304, r (train): 0.8564, Test MSE: 0.0493, r (test): 0.3464
Epoch: 49, Training Loss: 0.0252, Train MSE: 0.0252, r (train): 0.8572, Test MSE: 0.0710, r (test): 0.3563
Epoch: 50, Training Loss: 0.0240, Train MSE: 0.0240, r (train): 0.8554, Test MSE: 0.0750, r (test): 0.2767
Epoch: 51, Training Loss: 0.0284, Train MSE: 0.0284, r (train): 0.8527, Test MSE: 0.0901, r (test): 0.2729
Epoch: 52, Training Loss: 0.0275, Train MSE: 0.0275, r (train): 0.8582, Test MSE: 0.0425, r (test): 0.3733
Epoch: 53, Training Loss: 0.0313, Train MSE: 0.0313, r (train): 0.8400, Test MSE: 0.1034, r (test): 0.3315
Epoch: 54, Training Loss: 0.0262, Train MSE: 0.0262, r (train): 0.8551, Test MSE: 0.0376, r (test): 0.3456
Epoch: 55, Training Loss: 0.0231, Train MSE: 0.0231, r (train): 0.8603, Test MSE: 0.0479, r (test): 0.3653
Epoch: 56, Training Loss: 0.0370, Train MSE: 0.0370, r (train): 0.8566, Test MSE: 0.1127, r (test): 0.3270
Epoch: 57, Training Loss: 0.0202, Train MSE: 0.0202, r (train): 0.8647, Test MSE: 0.0537, r (test): 0.3282
Epoch: 58, Training Loss: 0.0313, Train MSE: 0.0313, r (train): 0.8486, Test MSE: 0.1078, r (test): 0.3018
Epoch: 59, Training Loss: 0.0229, Train MSE: 0.0229, r (train): 0.8596, Test MSE: 0.0456, r (test): 0.3542
Epoch: 60, Training Loss: 0.0235, Train MSE: 0.0235, r (train): 0.8478, Test MSE: 0.0727, r (test): 0.3504
Epoch: 61, Training Loss: 0.0205, Train MSE: 0.0205, r (train): 0.8632, Test MSE: 0.0528, r (test): 0.3408
Epoch: 62, Training Loss: 0.0221, Train MSE: 0.0221, r (train): 0.8583, Test MSE: 0.0493, r (test): 0.3354
Epoch: 63, Training Loss: 0.0261, Train MSE: 0.0261, r (train): 0.8656, Test MSE: 0.0860, r (test): 0.3282
Epoch: 64, Training Loss: 0.0221, Train MSE: 0.0221, r (train): 0.8584, Test MSE: 0.0559, r (test): 0.3411
Epoch: 65, Training Loss: 0.0221, Train MSE: 0.0221, r (train): 0.8514, Test MSE: 0.0643, r (test): 0.3449
Epoch: 66, Training Loss: 0.0209, Train MSE: 0.0209, r (train): 0.8628, Test MSE: 0.0638, r (test): 0.3475
Epoch: 67, Training Loss: 0.0258, Train MSE: 0.0258, r (train): 0.8621, Test MSE: 0.0819, r (test): 0.3239
Epoch: 68, Training Loss: 0.0215, Train MSE: 0.0215, r (train): 0.8612, Test MSE: 0.0438, r (test): 0.3361
Epoch: 69, Training Loss: 0.0207, Train MSE: 0.0207, r (train): 0.8620, Test MSE: 0.0574, r (test): 0.3237
Epoch: 70, Training Loss: 0.0215, Train MSE: 0.0215, r (train): 0.8556, Test MSE: 0.0568, r (test): 0.3575
Epoch: 71, Training Loss: 0.0308, Train MSE: 0.0308, r (train): 0.8550, Test MSE: 0.0343, r (test): 0.3909
Epoch: 72, Training Loss: 0.0543, Train MSE: 0.0543, r (train): 0.8509, Test MSE: 0.1569, r (test): 0.3104
Epoch: 73, Training Loss: 0.0228, Train MSE: 0.0228, r (train): 0.8497, Test MSE: 0.0541, r (test): 0.2807
Epoch: 74, Training Loss: 0.0202, Train MSE: 0.0202, r (train): 0.8658, Test MSE: 0.0470, r (test): 0.3405
Epoch: 75, Training Loss: 0.0234, Train MSE: 0.0234, r (train): 0.8491, Test MSE: 0.0626, r (test): 0.3198
Epoch: 76, Training Loss: 0.0229, Train MSE: 0.0229, r (train): 0.8595, Test MSE: 0.0391, r (test): 0.3866
Epoch: 77, Training Loss: 0.0210, Train MSE: 0.0210, r (train): 0.8574, Test MSE: 0.0515, r (test): 0.3590
Epoch: 78, Training Loss: 0.0297, Train MSE: 0.0297, r (train): 0.8560, Test MSE: 0.0920, r (test): 0.2667
Epoch: 79, Training Loss: 0.0225, Train MSE: 0.0225, r (train): 0.8703, Test MSE: 0.0737, r (test): 0.2859
Epoch: 80, Training Loss: 0.0237, Train MSE: 0.0237, r (train): 0.8590, Test MSE: 0.0608, r (test): 0.3229
Epoch: 81, Training Loss: 0.0206, Train MSE: 0.0206, r (train): 0.8641, Test MSE: 0.0479, r (test): 0.3486
Epoch: 82, Training Loss: 0.0287, Train MSE: 0.0287, r (train): 0.8526, Test MSE: 0.0356, r (test): 0.3484
Epoch: 83, Training Loss: 0.0224, Train MSE: 0.0224, r (train): 0.8653, Test MSE: 0.0684, r (test): 0.3439
Epoch: 84, Training Loss: 0.0346, Train MSE: 0.0346, r (train): 0.8616, Test MSE: 0.1131, r (test): 0.3067
Epoch: 85, Training Loss: 0.0252, Train MSE: 0.0252, r (train): 0.8658, Test MSE: 0.0871, r (test): 0.3071
Epoch: 86, Training Loss: 0.0206, Train MSE: 0.0206, r (train): 0.8641, Test MSE: 0.0673, r (test): 0.2676
Epoch: 87, Training Loss: 0.0223, Train MSE: 0.0223, r (train): 0.8482, Test MSE: 0.0637, r (test): 0.3232
Epoch: 88, Training Loss: 0.1104, Train MSE: 0.1104, r (train): 0.8299, Test MSE: 0.0744, r (test): 0.4422
Epoch: 89, Training Loss: 0.0657, Train MSE: 0.0657, r (train): 0.8363, Test MSE: 0.1751, r (test): 0.3490
Epoch: 90, Training Loss: 0.0213, Train MSE: 0.0213, r (train): 0.8593, Test MSE: 0.0563, r (test): 0.2541
Epoch: 91, Training Loss: 0.0519, Train MSE: 0.0519, r (train): 0.8578, Test MSE: 0.1459, r (test): 0.2346
Epoch: 92, Training Loss: 0.0225, Train MSE: 0.0225, r (train): 0.8560, Test MSE: 0.0779, r (test): 0.3094
Epoch: 93, Training Loss: 0.0332, Train MSE: 0.0332, r (train): 0.8615, Test MSE: 0.0356, r (test): 0.4083
Epoch: 94, Training Loss: 0.0250, Train MSE: 0.0250, r (train): 0.8525, Test MSE: 0.0379, r (test): 0.3789
Epoch: 95, Training Loss: 0.0224, Train MSE: 0.0224, r (train): 0.8586, Test MSE: 0.0388, r (test): 0.3473
Epoch: 96, Training Loss: 0.0447, Train MSE: 0.0447, r (train): 0.8642, Test MSE: 0.1357, r (test): 0.3276
Epoch: 97, Training Loss: 0.0598, Train MSE: 0.0598, r (train): 0.8470, Test MSE: 0.1773, r (test): 0.2595
Epoch: 98, Training Loss: 0.0253, Train MSE: 0.0253, r (train): 0.8676, Test MSE: 0.0906, r (test): 0.2750
Epoch: 99, Training Loss: 0.0222, Train MSE: 0.0222, r (train): 0.8482, Test MSE: 0.0613, r (test): 0.3407
Predicted tensors for training set: 
tensor([0.6738, 0.6724, 0.2049, 0.3826, 0.3597, 0.3808, 0.6991, 0.5533, 0.4916,
        0.4837, 0.4608, 0.3115, 0.2922, 0.2209, 0.9124, 0.8337, 0.5927, 0.8862,
        0.4157, 0.1739, 0.6672, 0.5522, 0.6330, 0.3156, 0.3867, 0.4310, 0.4605,
        0.5313, 0.7054, 0.5854, 0.4528, 0.5952, 0.2239, 0.7744, 0.7611, 0.0269,
        0.7192, 0.1986, 0.8868, 0.2977, 0.3862, 0.9278, 0.3191, 0.5546, 0.6912,
        0.8140, 0.1270, 0.8987, 0.7127, 0.6555, 0.5468, 0.4280, 1.0172, 0.5563,
        0.2910, 0.2469, 0.5479, 0.2877, 0.6084, 0.9270, 0.7430, 0.5774, 0.4120,
        0.2392, 0.7696, 0.1675, 0.1836, 0.7323, 0.7402, 0.2066, 1.0557, 0.3306])
Target tensorsfor training set: 
tensor([0.5783, 0.5573, 0.1055, 0.4149, 0.4993, 0.4654, 0.7497, 0.6465, 0.8561,
        0.7171, 0.7507, 0.5178, 0.2271, 0.1493, 0.9127, 0.8524, 0.4513, 0.7144,
        0.3077, 0.0389, 0.5187, 0.4640, 0.5564, 0.0981, 0.4341, 0.4526, 0.5780,
        0.6240, 0.9150, 0.9117, 0.5658, 0.8363, 0.2464, 0.9072, 0.9621, 0.0246,
        0.7791, 0.2255, 0.9656, 0.3174, 0.1295, 0.4818, 0.0763, 0.3453, 0.5779,
        0.7950, 0.0478, 0.8411, 0.8453, 0.6992, 0.5719, 0.3309, 0.9492, 0.4373,
        0.1218, 0.0636, 0.4036, 0.1294, 0.5023, 0.7462, 0.8988, 0.7596, 0.5102,
        0.2916, 0.8418, 0.2594, 0.2394, 0.8556, 0.6576, 0.1360, 0.9215, 0.2649])
Correlation for training set: 0.8481940783450304
Predicted tensors for test set: 
tensor([0.2826, 0.5145, 0.8271, 0.4608, 0.3541, 0.3118, 0.8268, 0.3797, 0.3466,
        0.5199, 0.6547, 0.5903, 0.6796, 0.4886, 0.2899, 0.4377, 0.5690, 0.4691])
Target tensorsfor test set: 
tensor([0.6595, 0.7372, 0.6846, 0.6199, 0.2169, 0.6577, 0.8728, 0.6671, 0.8391,
        0.5300, 0.7270, 0.7125, 0.5220, 0.4440, 0.3829, 0.7901, 0.9535, 0.7371])
Correlation for test set: 0.34065235831390644
Validation set predictions (100 folds): [tensor([0.5199, 0.4280, 0.6727, 0.5771, 0.5210, 0.7461, 0.4761, 0.4897, 0.6788,
        0.5901, 0.5957, 0.6135, 0.5818, 0.6973, 0.6582, 0.5613, 0.9163, 0.7154]), tensor([0.3295, 0.5971, 0.5583, 0.5908, 0.4708, 0.5612, 0.3558, 0.6199, 0.4847,
        0.5892, 0.6756, 0.8416, 0.7997, 0.5674, 0.6063, 0.5322, 0.4345, 0.7488]), tensor([0.4365, 0.4535, 0.5863, 0.4517, 0.3374, 0.5845, 0.4888, 0.4140, 0.5306,
        0.3922, 0.1759, 0.7111, 0.4827, 0.5681, 0.4267, 0.4214, 0.1570, 0.4232]), tensor([0.6503, 0.6706, 0.8504, 0.5484, 0.5023, 0.8269, 0.5676, 0.7075, 0.6896,
        0.4104, 0.6468, 0.7200, 0.6208, 0.5163, 0.7943, 0.5499, 0.6874, 0.5722]), tensor([0.2826, 0.5145, 0.8271, 0.4608, 0.3541, 0.3118, 0.8268, 0.3797, 0.3466,
        0.5199, 0.6547, 0.5903, 0.6796, 0.4886, 0.2899, 0.4377, 0.5690, 0.4691])]
Validation set targets (100 folds): [tensor([0.5783, 0.5573, 0.1055, 0.4149, 0.4993, 0.4654, 0.7497, 0.6465, 0.8561,
        0.7171, 0.7507, 0.5178, 0.2271, 0.1493, 0.9127, 0.8524, 0.4513, 0.7144]), tensor([0.3077, 0.0389, 0.5187, 0.4640, 0.5564, 0.0981, 0.4341, 0.4526, 0.5780,
        0.6240, 0.9150, 0.9117, 0.5658, 0.8363, 0.2464, 0.9072, 0.9621, 0.0246]), tensor([0.7791, 0.2255, 0.9656, 0.3174, 0.1295, 0.4818, 0.0763, 0.3453, 0.5779,
        0.7950, 0.0478, 0.8411, 0.8453, 0.6992, 0.5719, 0.3309, 0.9492, 0.4373]), tensor([0.1218, 0.0636, 0.4036, 0.1294, 0.5023, 0.7462, 0.8988, 0.7596, 0.5102,
        0.2916, 0.8418, 0.2594, 0.2394, 0.8556, 0.6576, 0.1360, 0.9215, 0.2649]), tensor([0.6595, 0.7372, 0.6846, 0.6199, 0.2169, 0.6577, 0.8728, 0.6671, 0.8391,
        0.5300, 0.7270, 0.7125, 0.5220, 0.4440, 0.3829, 0.7901, 0.9535, 0.7371])]
Time taken: 18267.365365982056 seconds
