DenseNet_hippocampus_65.py
/apps/monai/MONAI0.8.1/lib/python3.9/site-packages/torch/cuda/__init__.py:143: UserWarning: 
NVIDIA B200 with CUDA capability sm_100 is not compatible with the current PyTorch installation.
The current PyTorch install supports CUDA capabilities sm_37 sm_50 sm_60 sm_61 sm_70 sm_75 sm_80 sm_86 compute_37.
If you want to use the NVIDIA B200 GPU with PyTorch, please check the instructions at https://pytorch.org/get-started/locally/

  warnings.warn(incompatible_device_warn.format(device_name, capability, " ".join(arch_list), device_name))
90
Image shape: torch.Size([256, 256, 256])
Label: 0.898762669

Image shape: torch.Size([256, 256, 256])
Label: 0.121809436

Image shape: torch.Size([256, 256, 256])
Label: 0.750732335

Image shape: torch.Size([256, 256, 256])
Label: 0.667105602

Image shape: torch.Size([256, 256, 256])
Label: 0.845253622

Image shape: torch.Size([256, 256, 256])
Label: 0.577850585

Image shape: torch.Size([256, 256, 256])
Label: 0.246363884

Image shape: torch.Size([256, 256, 256])
Label: 0.571907479

Image shape: torch.Size([256, 256, 256])
Label: 0.55641775

Image shape: torch.Size([256, 256, 256])
Label: 0.451287356

Image shape: torch.Size([256, 256, 256])
Label: 0.047813956

Image shape: torch.Size([256, 256, 256])
Label: 0.779103135

Image shape: torch.Size([256, 256, 256])
Label: 0.839077585

Image shape: torch.Size([256, 256, 256])
Label: 0.565846925

Image shape: torch.Size([256, 256, 256])
Label: 0.737192172

Image shape: torch.Size([256, 256, 256])
Label: 0.855579732

Image shape: torch.Size([256, 256, 256])
Label: 0.330926406

Image shape: torch.Size([256, 256, 256])
Label: 0.024634435

Image shape: torch.Size([256, 256, 256])
Label: 0.216921218

Image shape: torch.Size([256, 256, 256])
Label: 0.48182514

Image shape: torch.Size([256, 256, 256])
Label: 0.91273199

Image shape: torch.Size([256, 256, 256])
Label: 0.907159832

Image shape: torch.Size([256, 256, 256])
Label: 0.529961465

Image shape: torch.Size([256, 256, 256])
Label: 0.26490909

Image shape: torch.Size([256, 256, 256])
Label: 0.965645278

Image shape: torch.Size([256, 256, 256])
Label: 0.659493008

Image shape: torch.Size([256, 256, 256])
Label: 0.714356234

Image shape: torch.Size([256, 256, 256])
Label: 0.499347098

Image shape: torch.Size([256, 256, 256])
Label: 0.92154251

Image shape: torch.Size([256, 256, 256])
Label: 0.646490545

Image shape: torch.Size([256, 256, 256])
Label: 0.463984431

Image shape: torch.Size([256, 256, 256])
Label: 0.790096101

Image shape: torch.Size([256, 256, 256])
Label: 0.949166278

Image shape: torch.Size([256, 256, 256])
Label: 0.841767741

Image shape: torch.Size([256, 256, 256])
Label: 0.14931566

Image shape: torch.Size([256, 256, 256])
Label: 0.911671093

Image shape: torch.Size([256, 256, 256])
Label: 0.856107326

Image shape: torch.Size([256, 256, 256])
Label: 0.437273408

Image shape: torch.Size([256, 256, 256])
Label: 0.098052496

Image shape: torch.Size([256, 256, 256])
Label: 0.105524477

Image shape: torch.Size([256, 256, 256])
Label: 0.291630426

Image shape: torch.Size([256, 256, 256])
Label: 0.129485328

Image shape: torch.Size([256, 256, 256])
Label: 0.684642475

Image shape: torch.Size([256, 256, 256])
Label: 0.403550924

Image shape: torch.Size([256, 256, 256])
Label: 0.31742745

Image shape: torch.Size([256, 256, 256])
Label: 0.57804499

Image shape: torch.Size([256, 256, 256])
Label: 0.225463904

Image shape: torch.Size([256, 256, 256])
Label: 0.259369175

Image shape: torch.Size([256, 256, 256])
Label: 0.623989995

Image shape: torch.Size([256, 256, 256])
Label: 0.522016133

Image shape: torch.Size([256, 256, 256])
Label: 0.657691961

Image shape: torch.Size([256, 256, 256])
Label: 0.43409457

Image shape: torch.Size([256, 256, 256])
Label: 0.657623403

Image shape: torch.Size([256, 256, 256])
Label: 0.953465465

Image shape: torch.Size([256, 256, 256])
Label: 0.712524369

Image shape: torch.Size([256, 256, 256])
Label: 0.136048492

Image shape: torch.Size([256, 256, 256])
Label: 0.510151238

Image shape: torch.Size([256, 256, 256])
Label: 0.239393515

Image shape: torch.Size([256, 256, 256])
Label: 0.836265129

Image shape: torch.Size([256, 256, 256])
Label: 0.872805901

Image shape: torch.Size([256, 256, 256])
Label: 0.076332172

Image shape: torch.Size([256, 256, 256])
Label: 0.227116465

Image shape: torch.Size([256, 256, 256])
Label: 0.517802514

Image shape: torch.Size([256, 256, 256])
Label: 0.55726975

Image shape: torch.Size([256, 256, 256])
Label: 0.749740575

Image shape: torch.Size([256, 256, 256])
Label: 0.444012353

Image shape: torch.Size([256, 256, 256])
Label: 0.737099236

Image shape: torch.Size([256, 256, 256])
Label: 0.717144575

Image shape: torch.Size([256, 256, 256])
Label: 0.129379513

Image shape: torch.Size([256, 256, 256])
Label: 0.382857646

Image shape: torch.Size([256, 256, 256])
Label: 0.307667842

Image shape: torch.Size([256, 256, 256])
Label: 0.727035333

Image shape: torch.Size([256, 256, 256])
Label: 0.518716963

Image shape: torch.Size([256, 256, 256])
Label: 0.502254367

Image shape: torch.Size([256, 256, 256])
Label: 0.794978716

Image shape: torch.Size([256, 256, 256])
Label: 0.841130428

Image shape: torch.Size([256, 256, 256])
Label: 0.414935686

Image shape: torch.Size([256, 256, 256])
Label: 0.91498566

Image shape: torch.Size([256, 256, 256])
Label: 0.619874898

Image shape: torch.Size([256, 256, 256])
Label: 0.699213269

Image shape: torch.Size([256, 256, 256])
Label: 0.038874365

Image shape: torch.Size([256, 256, 256])
Label: 0.759624831

Image shape: torch.Size([256, 256, 256])
Label: 0.852431609

Image shape: torch.Size([256, 256, 256])
Label: 0.452638778

Image shape: torch.Size([256, 256, 256])
Label: 0.46544507

Image shape: torch.Size([256, 256, 256])
Label: 0.063583908

Image shape: torch.Size([256, 256, 256])
Label: 0.746225617

Image shape: torch.Size([256, 256, 256])
Label: 0.578327051

Image shape: torch.Size([256, 256, 256])
Label: 0.962135747

Image shape: torch.Size([256, 256, 256])
Label: 0.34531344

18 5
Fold 1
Epoch: 00, Training Loss: 0.2960, Train MSE: 0.2960, r (train): -0.2766, Test MSE: 0.3017, r (test): -0.2034
Epoch: 01, Training Loss: 0.4382, Train MSE: 0.4382, r (train): 0.3978, Test MSE: 0.4437, r (test): 0.1569
Epoch: 02, Training Loss: 0.4918, Train MSE: 0.4918, r (train): 0.5517, Test MSE: 0.4983, r (test): 0.0957
Epoch: 03, Training Loss: 0.2766, Train MSE: 0.2766, r (train): 0.7731, Test MSE: 0.3060, r (test): 0.0529
Epoch: 04, Training Loss: 0.0301, Train MSE: 0.0301, r (train): 0.7621, Test MSE: 0.0730, r (test): 0.3027
Epoch: 05, Training Loss: 0.1522, Train MSE: 0.1522, r (train): 0.7321, Test MSE: 0.2369, r (test): 0.0935
Epoch: 06, Training Loss: 0.0271, Train MSE: 0.0271, r (train): 0.8153, Test MSE: 0.0920, r (test): 0.0909
Epoch: 07, Training Loss: 0.1651, Train MSE: 0.1651, r (train): 0.6427, Test MSE: 0.2752, r (test): -0.0353
Epoch: 08, Training Loss: 0.0407, Train MSE: 0.0407, r (train): 0.7545, Test MSE: 0.1057, r (test): 0.1665
Epoch: 09, Training Loss: 0.1166, Train MSE: 0.1166, r (train): 0.8162, Test MSE: 0.2116, r (test): 0.0346
Epoch: 10, Training Loss: 0.0433, Train MSE: 0.0433, r (train): 0.8408, Test MSE: 0.0978, r (test): 0.1297
Epoch: 11, Training Loss: 0.0388, Train MSE: 0.0388, r (train): 0.8225, Test MSE: 0.0976, r (test): 0.1413
Epoch: 12, Training Loss: 0.0336, Train MSE: 0.0336, r (train): 0.8413, Test MSE: 0.1135, r (test): 0.0461
Epoch: 13, Training Loss: 0.0606, Train MSE: 0.0606, r (train): 0.8289, Test MSE: 0.1171, r (test): 0.1462
Epoch: 14, Training Loss: 0.0408, Train MSE: 0.0408, r (train): 0.8446, Test MSE: 0.0981, r (test): 0.1183
Epoch: 15, Training Loss: 0.0208, Train MSE: 0.0208, r (train): 0.8461, Test MSE: 0.0847, r (test): 0.1084
Epoch: 16, Training Loss: 0.0288, Train MSE: 0.0288, r (train): 0.8363, Test MSE: 0.0860, r (test): 0.1292
Epoch: 17, Training Loss: 0.0492, Train MSE: 0.0492, r (train): 0.8161, Test MSE: 0.1053, r (test): 0.1391
Epoch: 18, Training Loss: 0.0481, Train MSE: 0.0481, r (train): 0.8278, Test MSE: 0.1045, r (test): 0.1361
Epoch: 19, Training Loss: 0.0219, Train MSE: 0.0219, r (train): 0.8351, Test MSE: 0.0844, r (test): 0.1223
Epoch: 20, Training Loss: 0.0304, Train MSE: 0.0304, r (train): 0.8035, Test MSE: 0.0826, r (test): 0.1161
Epoch: 21, Training Loss: 0.0474, Train MSE: 0.0474, r (train): 0.8174, Test MSE: 0.1128, r (test): 0.1275
Epoch: 22, Training Loss: 0.0841, Train MSE: 0.0841, r (train): 0.7737, Test MSE: 0.1366, r (test): 0.1629
Epoch: 23, Training Loss: 0.0274, Train MSE: 0.0274, r (train): 0.8046, Test MSE: 0.0907, r (test): 0.0823
Epoch: 24, Training Loss: 0.0500, Train MSE: 0.0500, r (train): 0.8145, Test MSE: 0.1075, r (test): 0.2452
Epoch: 25, Training Loss: 0.0464, Train MSE: 0.0464, r (train): 0.7527, Test MSE: 0.1269, r (test): -0.0683
Epoch: 26, Training Loss: 0.1327, Train MSE: 0.1327, r (train): 0.7863, Test MSE: 0.2029, r (test): 0.1945
Epoch: 27, Training Loss: 0.0380, Train MSE: 0.0380, r (train): 0.7704, Test MSE: 0.0986, r (test): 0.0934
Epoch: 28, Training Loss: 0.0664, Train MSE: 0.0664, r (train): 0.7751, Test MSE: 0.1276, r (test): 0.0868
Epoch: 29, Training Loss: 0.0320, Train MSE: 0.0320, r (train): 0.7701, Test MSE: 0.0820, r (test): 0.1702
Epoch: 30, Training Loss: 0.0350, Train MSE: 0.0350, r (train): 0.7732, Test MSE: 0.0938, r (test): 0.0956
Epoch: 31, Training Loss: 0.0630, Train MSE: 0.0630, r (train): 0.7906, Test MSE: 0.1406, r (test): -0.0040
Epoch: 32, Training Loss: 0.0481, Train MSE: 0.0481, r (train): 0.7566, Test MSE: 0.1082, r (test): 0.0499
Epoch: 33, Training Loss: 0.3704, Train MSE: 0.3704, r (train): 0.8285, Test MSE: 0.4619, r (test): 0.0950
Epoch: 34, Training Loss: 0.0336, Train MSE: 0.0336, r (train): 0.8173, Test MSE: 0.0905, r (test): 0.1047
Epoch: 35, Training Loss: 0.6504, Train MSE: 0.6504, r (train): 0.8203, Test MSE: 0.7511, r (test): -0.1277
Epoch: 36, Training Loss: 0.0295, Train MSE: 0.0295, r (train): 0.8357, Test MSE: 0.0901, r (test): 0.1159
Epoch: 37, Training Loss: 0.0209, Train MSE: 0.0209, r (train): 0.8459, Test MSE: 0.0959, r (test): -0.0690
Epoch: 38, Training Loss: 0.0349, Train MSE: 0.0349, r (train): 0.7918, Test MSE: 0.1026, r (test): 0.0325
Epoch: 39, Training Loss: 0.0408, Train MSE: 0.0408, r (train): 0.7722, Test MSE: 0.0964, r (test): 0.0928
Epoch: 40, Training Loss: 0.0557, Train MSE: 0.0557, r (train): 0.7268, Test MSE: 0.1076, r (test): 0.0470
Epoch: 41, Training Loss: 0.0931, Train MSE: 0.0931, r (train): 0.7683, Test MSE: 0.1649, r (test): 0.1158
Epoch: 42, Training Loss: 0.0358, Train MSE: 0.0358, r (train): 0.7277, Test MSE: 0.0844, r (test): 0.0821
Epoch: 43, Training Loss: 0.3309, Train MSE: 0.3309, r (train): 0.8350, Test MSE: 0.3953, r (test): 0.0044
Epoch: 44, Training Loss: 0.0318, Train MSE: 0.0318, r (train): 0.7918, Test MSE: 0.0981, r (test): -0.0023
Epoch: 45, Training Loss: 0.0285, Train MSE: 0.0285, r (train): 0.7855, Test MSE: 0.0846, r (test): 0.0932
Epoch: 46, Training Loss: 0.0671, Train MSE: 0.0671, r (train): 0.7762, Test MSE: 0.1299, r (test): 0.1095
Epoch: 47, Training Loss: 0.0295, Train MSE: 0.0295, r (train): 0.7728, Test MSE: 0.0853, r (test): 0.0668
Epoch: 48, Training Loss: 0.0272, Train MSE: 0.0272, r (train): 0.8131, Test MSE: 0.0872, r (test): 0.1367
Epoch: 49, Training Loss: 0.0235, Train MSE: 0.0235, r (train): 0.8378, Test MSE: 0.0908, r (test): 0.0210
Epoch: 50, Training Loss: 0.0810, Train MSE: 0.0810, r (train): 0.7583, Test MSE: 0.1398, r (test): 0.0139
Epoch: 51, Training Loss: 0.0417, Train MSE: 0.0417, r (train): 0.7507, Test MSE: 0.0923, r (test): 0.1073
Epoch: 52, Training Loss: 0.0879, Train MSE: 0.0879, r (train): 0.7973, Test MSE: 0.1610, r (test): 0.0756
Epoch: 53, Training Loss: 0.0510, Train MSE: 0.0510, r (train): 0.8327, Test MSE: 0.1109, r (test): 0.1345
Epoch: 54, Training Loss: 0.0499, Train MSE: 0.0499, r (train): 0.8083, Test MSE: 0.1191, r (test): 0.0308
Epoch: 55, Training Loss: 0.0557, Train MSE: 0.0557, r (train): 0.7436, Test MSE: 0.1122, r (test): 0.0786
Epoch: 56, Training Loss: 0.0460, Train MSE: 0.0460, r (train): 0.7809, Test MSE: 0.1123, r (test): 0.0123
Epoch: 57, Training Loss: 0.0502, Train MSE: 0.0502, r (train): 0.8310, Test MSE: 0.1115, r (test): 0.1019
Epoch: 58, Training Loss: 0.0388, Train MSE: 0.0388, r (train): 0.8220, Test MSE: 0.1098, r (test): 0.0682
Epoch: 59, Training Loss: 0.0234, Train MSE: 0.0234, r (train): 0.8187, Test MSE: 0.0828, r (test): 0.1015
Epoch: 60, Training Loss: 0.1049, Train MSE: 0.1049, r (train): 0.7984, Test MSE: 0.1782, r (test): 0.0406
Epoch: 61, Training Loss: 0.0265, Train MSE: 0.0265, r (train): 0.7963, Test MSE: 0.0869, r (test): 0.0702
Epoch: 62, Training Loss: 0.0264, Train MSE: 0.0264, r (train): 0.8180, Test MSE: 0.0879, r (test): 0.1047
Epoch: 63, Training Loss: 0.0232, Train MSE: 0.0232, r (train): 0.8292, Test MSE: 0.0829, r (test): 0.1306
Epoch: 64, Training Loss: 0.0730, Train MSE: 0.0730, r (train): 0.7732, Test MSE: 0.1335, r (test): 0.1044
Epoch: 65, Training Loss: 0.0379, Train MSE: 0.0379, r (train): 0.7886, Test MSE: 0.0882, r (test): 0.1500
Epoch: 66, Training Loss: 0.1432, Train MSE: 0.1432, r (train): 0.8277, Test MSE: 0.2124, r (test): 0.0879
Epoch: 67, Training Loss: 0.0221, Train MSE: 0.0221, r (train): 0.8335, Test MSE: 0.0850, r (test): 0.0666
Epoch: 68, Training Loss: 0.1407, Train MSE: 0.1407, r (train): 0.7624, Test MSE: 0.2123, r (test): 0.0718
Epoch: 69, Training Loss: 0.0271, Train MSE: 0.0271, r (train): 0.7967, Test MSE: 0.0811, r (test): 0.1314
Epoch: 70, Training Loss: 0.1266, Train MSE: 0.1266, r (train): 0.8078, Test MSE: 0.1920, r (test): 0.0965
Epoch: 71, Training Loss: 0.0263, Train MSE: 0.0263, r (train): 0.8270, Test MSE: 0.0866, r (test): 0.0972
Epoch: 72, Training Loss: 0.0420, Train MSE: 0.0420, r (train): 0.8180, Test MSE: 0.1046, r (test): 0.1147
Epoch: 73, Training Loss: 0.0802, Train MSE: 0.0802, r (train): 0.7794, Test MSE: 0.1409, r (test): 0.1270
Epoch: 74, Training Loss: 0.0289, Train MSE: 0.0289, r (train): 0.7850, Test MSE: 0.0841, r (test): 0.1293
Epoch: 75, Training Loss: 0.0649, Train MSE: 0.0649, r (train): 0.8185, Test MSE: 0.1151, r (test): 0.1431
Epoch: 76, Training Loss: 0.1023, Train MSE: 0.1023, r (train): 0.8345, Test MSE: 0.1688, r (test): 0.0902
Epoch: 77, Training Loss: 0.0711, Train MSE: 0.0711, r (train): 0.7795, Test MSE: 0.1344, r (test): 0.0795
Epoch: 78, Training Loss: 0.0613, Train MSE: 0.0613, r (train): 0.7594, Test MSE: 0.1198, r (test): 0.1344
Epoch: 79, Training Loss: 0.0364, Train MSE: 0.0364, r (train): 0.8081, Test MSE: 0.0924, r (test): 0.1064
Epoch: 80, Training Loss: 0.1810, Train MSE: 0.1810, r (train): 0.8210, Test MSE: 0.2485, r (test): 0.1118
Epoch: 81, Training Loss: 0.0491, Train MSE: 0.0491, r (train): 0.8008, Test MSE: 0.1179, r (test): 0.1027
Epoch: 82, Training Loss: 0.0483, Train MSE: 0.0483, r (train): 0.7877, Test MSE: 0.1064, r (test): 0.1028
Epoch: 83, Training Loss: 0.0289, Train MSE: 0.0289, r (train): 0.8022, Test MSE: 0.0842, r (test): 0.1262
Epoch: 84, Training Loss: 0.0316, Train MSE: 0.0316, r (train): 0.7850, Test MSE: 0.0920, r (test): 0.0718
Epoch: 85, Training Loss: 0.0385, Train MSE: 0.0385, r (train): 0.8228, Test MSE: 0.0912, r (test): 0.1360
Epoch: 86, Training Loss: 0.0953, Train MSE: 0.0953, r (train): 0.8354, Test MSE: 0.1639, r (test): 0.0729
Epoch: 87, Training Loss: 0.0410, Train MSE: 0.0410, r (train): 0.7869, Test MSE: 0.1022, r (test): 0.0509
Epoch: 88, Training Loss: 0.0575, Train MSE: 0.0575, r (train): 0.7645, Test MSE: 0.1193, r (test): 0.0840
Epoch: 89, Training Loss: 0.0258, Train MSE: 0.0258, r (train): 0.7990, Test MSE: 0.0821, r (test): 0.0855
Epoch: 90, Training Loss: 0.1352, Train MSE: 0.1352, r (train): 0.8325, Test MSE: 0.1986, r (test): 0.1146
Epoch: 91, Training Loss: 0.0250, Train MSE: 0.0250, r (train): 0.8103, Test MSE: 0.0866, r (test): 0.0845
Epoch: 92, Training Loss: 0.0514, Train MSE: 0.0514, r (train): 0.7916, Test MSE: 0.1128, r (test): 0.1086
Epoch: 93, Training Loss: 0.0502, Train MSE: 0.0502, r (train): 0.7765, Test MSE: 0.1099, r (test): 0.0515
Epoch: 94, Training Loss: 0.0263, Train MSE: 0.0263, r (train): 0.8027, Test MSE: 0.0859, r (test): 0.0639
Epoch: 95, Training Loss: 0.0248, Train MSE: 0.0248, r (train): 0.8237, Test MSE: 0.0813, r (test): 0.1331
Epoch: 96, Training Loss: 0.0619, Train MSE: 0.0619, r (train): 0.8447, Test MSE: 0.1297, r (test): 0.0449
Epoch: 97, Training Loss: 0.0274, Train MSE: 0.0274, r (train): 0.7936, Test MSE: 0.0860, r (test): 0.0757
Epoch: 98, Training Loss: 0.0555, Train MSE: 0.0555, r (train): 0.7608, Test MSE: 0.1205, r (test): 0.0443
Epoch: 99, Training Loss: 0.0284, Train MSE: 0.0284, r (train): 0.7795, Test MSE: 0.0842, r (test): 0.0680
Predicted tensors for training set: 
tensor([0.2101, 0.4439, 0.8058, 0.7755, 0.3207, 0.1486, 0.6194, 0.4359, 0.5588,
        0.4084, 0.6837, 0.4586, 0.3130, 0.5343, 0.6530, 0.5879, 0.1539, 0.8136,
        0.7896, 0.4368, 0.4191, 0.4984, 0.7119, 0.5288, 0.7340, 0.4812, 0.3831,
        0.7141, 0.4240, 0.4501, 0.8092, 0.7024, 0.5060, 0.3294, 0.4810, 0.6875,
        0.9079, 0.3126, 0.6630, 0.4683, 0.8008, 0.8440, 0.0823, 0.2110, 0.4116,
        0.4356, 0.6255, 0.3570, 0.7109, 0.6791, 0.1714, 0.3708, 0.2821, 0.6477,
        0.4615, 0.4432, 0.6148, 0.6491, 0.2985, 0.7309, 0.6218, 0.6773, 0.0902,
        0.7510, 1.0199, 0.6105, 0.5753, 0.2115, 0.5809, 0.4482, 0.7759, 0.2850])
Target tensorsfor training set: 
tensor([0.2169, 0.4818, 0.9127, 0.9072, 0.5300, 0.2649, 0.9656, 0.6595, 0.7144,
        0.4993, 0.9215, 0.6465, 0.4640, 0.7901, 0.9492, 0.8418, 0.1493, 0.9117,
        0.8561, 0.4373, 0.0981, 0.1055, 0.2916, 0.1295, 0.6846, 0.4036, 0.3174,
        0.5780, 0.2255, 0.2594, 0.6240, 0.5220, 0.6577, 0.4341, 0.6576, 0.9535,
        0.7125, 0.1360, 0.5102, 0.2394, 0.8363, 0.8728, 0.0763, 0.2271, 0.5178,
        0.5573, 0.7497, 0.4440, 0.7371, 0.7171, 0.1294, 0.3829, 0.3077, 0.7270,
        0.5187, 0.5023, 0.7950, 0.8411, 0.4149, 0.9150, 0.6199, 0.6992, 0.0389,
        0.7596, 0.8524, 0.4526, 0.4654, 0.0636, 0.7462, 0.5783, 0.9621, 0.3453])
Correlation for training set: 0.7795212294507979
Predicted tensors for test set: 
tensor([0.4101, 0.4079, 0.5644, 0.4391, 0.6124, 0.6140, 0.4018, 0.6439, 0.4725,
        0.6223, 0.3767, 0.5586, 0.4571, 0.6008, 0.5254, 0.3795, 0.4525, 0.6552])
Target tensorsfor test set: 
tensor([0.8988, 0.1218, 0.7507, 0.6671, 0.8453, 0.5779, 0.2464, 0.5719, 0.5564,
        0.4513, 0.0478, 0.7791, 0.8391, 0.5658, 0.7372, 0.8556, 0.3309, 0.0246])
Correlation for test set: 0.06796456893732579
18 5
Fold 2
Epoch: 00, Training Loss: 0.1204, Train MSE: 0.1204, r (train): -0.2417, Test MSE: 0.1972, r (test): -0.2625
Epoch: 01, Training Loss: 0.2795, Train MSE: 0.2795, r (train): 0.3563, Test MSE: 0.4198, r (test): -0.0542
Epoch: 02, Training Loss: 0.3723, Train MSE: 0.3723, r (train): 0.4966, Test MSE: 0.5425, r (test): 0.1748
Epoch: 03, Training Loss: 0.3372, Train MSE: 0.3372, r (train): 0.5918, Test MSE: 0.5185, r (test): 0.1593
Epoch: 04, Training Loss: 0.1113, Train MSE: 0.1113, r (train): 0.6513, Test MSE: 0.2474, r (test): 0.2378
Epoch: 05, Training Loss: 0.0556, Train MSE: 0.0556, r (train): 0.6857, Test MSE: 0.0861, r (test): 0.2366
Epoch: 06, Training Loss: 0.1250, Train MSE: 0.1250, r (train): 0.7120, Test MSE: 0.0927, r (test): 0.2372
Epoch: 07, Training Loss: 0.3057, Train MSE: 0.3057, r (train): 0.6458, Test MSE: 0.2197, r (test): 0.1165
Epoch: 08, Training Loss: 0.0699, Train MSE: 0.0699, r (train): 0.7112, Test MSE: 0.0747, r (test): 0.1760
Epoch: 09, Training Loss: 0.0462, Train MSE: 0.0462, r (train): 0.6576, Test MSE: 0.1062, r (test): 0.2119
Epoch: 10, Training Loss: 0.0305, Train MSE: 0.0305, r (train): 0.7649, Test MSE: 0.0978, r (test): 0.1613
Epoch: 11, Training Loss: 0.0361, Train MSE: 0.0361, r (train): 0.6984, Test MSE: 0.0966, r (test): 0.0935
Epoch: 12, Training Loss: 0.0896, Train MSE: 0.0896, r (train): 0.7096, Test MSE: 0.2315, r (test): 0.2010
Epoch: 13, Training Loss: 0.0539, Train MSE: 0.0539, r (train): 0.7436, Test MSE: 0.0834, r (test): 0.0094
Epoch: 14, Training Loss: 0.0408, Train MSE: 0.0408, r (train): 0.7423, Test MSE: 0.1385, r (test): 0.1875
Epoch: 15, Training Loss: 0.0442, Train MSE: 0.0442, r (train): 0.7557, Test MSE: 0.1489, r (test): 0.1446
Epoch: 16, Training Loss: 0.0354, Train MSE: 0.0354, r (train): 0.7579, Test MSE: 0.0862, r (test): 0.1090
Epoch: 17, Training Loss: 0.0544, Train MSE: 0.0544, r (train): 0.7272, Test MSE: 0.1683, r (test): 0.1582
Epoch: 18, Training Loss: 0.0336, Train MSE: 0.0336, r (train): 0.7399, Test MSE: 0.1017, r (test): 0.1080
Epoch: 19, Training Loss: 0.0417, Train MSE: 0.0417, r (train): 0.7290, Test MSE: 0.1358, r (test): 0.1593
Epoch: 20, Training Loss: 0.0401, Train MSE: 0.0401, r (train): 0.7087, Test MSE: 0.1226, r (test): 0.1330
Epoch: 21, Training Loss: 0.0401, Train MSE: 0.0401, r (train): 0.7034, Test MSE: 0.1034, r (test): 0.1127
Epoch: 22, Training Loss: 0.0455, Train MSE: 0.0455, r (train): 0.6723, Test MSE: 0.1205, r (test): 0.1794
Epoch: 23, Training Loss: 0.0547, Train MSE: 0.0547, r (train): 0.7185, Test MSE: 0.0739, r (test): 0.1626
Epoch: 24, Training Loss: 0.0428, Train MSE: 0.0428, r (train): 0.6833, Test MSE: 0.0789, r (test): 0.0979
Epoch: 25, Training Loss: 0.0564, Train MSE: 0.0564, r (train): 0.6344, Test MSE: 0.0797, r (test): 0.2305
Epoch: 26, Training Loss: 0.1158, Train MSE: 0.1158, r (train): 0.7354, Test MSE: 0.0962, r (test): 0.1279
Epoch: 27, Training Loss: 0.0417, Train MSE: 0.0417, r (train): 0.6894, Test MSE: 0.0756, r (test): 0.2255
Epoch: 28, Training Loss: 0.0653, Train MSE: 0.0653, r (train): 0.6532, Test MSE: 0.1723, r (test): 0.2249
Epoch: 29, Training Loss: 0.1345, Train MSE: 0.1345, r (train): 0.7233, Test MSE: 0.1044, r (test): 0.1029
Epoch: 30, Training Loss: 0.0437, Train MSE: 0.0437, r (train): 0.6900, Test MSE: 0.1245, r (test): 0.2473
Epoch: 31, Training Loss: 0.0866, Train MSE: 0.0866, r (train): 0.7129, Test MSE: 0.0761, r (test): 0.1737
Epoch: 32, Training Loss: 0.0388, Train MSE: 0.0388, r (train): 0.7378, Test MSE: 0.0700, r (test): 0.2675
Epoch: 33, Training Loss: 0.0367, Train MSE: 0.0367, r (train): 0.7210, Test MSE: 0.0918, r (test): 0.1691
Epoch: 34, Training Loss: 0.0736, Train MSE: 0.0736, r (train): 0.6380, Test MSE: 0.1855, r (test): 0.2602
Epoch: 35, Training Loss: 0.1557, Train MSE: 0.1557, r (train): 0.7195, Test MSE: 0.1119, r (test): 0.1898
Epoch: 36, Training Loss: 0.0661, Train MSE: 0.0661, r (train): 0.6321, Test MSE: 0.1714, r (test): 0.2007
Epoch: 37, Training Loss: 0.0571, Train MSE: 0.0571, r (train): 0.6735, Test MSE: 0.0785, r (test): 0.1783
Epoch: 38, Training Loss: 0.0645, Train MSE: 0.0645, r (train): 0.5558, Test MSE: 0.1508, r (test): 0.2167
Epoch: 39, Training Loss: 1.0277, Train MSE: 1.0277, r (train): 0.6713, Test MSE: 0.8006, r (test): 0.2059
Epoch: 40, Training Loss: 0.0922, Train MSE: 0.0922, r (train): 0.6156, Test MSE: 0.0681, r (test): 0.2161
Epoch: 41, Training Loss: 0.0465, Train MSE: 0.0465, r (train): 0.7271, Test MSE: 0.0752, r (test): 0.1368
Epoch: 42, Training Loss: 0.0391, Train MSE: 0.0391, r (train): 0.6651, Test MSE: 0.0861, r (test): 0.2112
Epoch: 43, Training Loss: 0.8184, Train MSE: 0.8184, r (train): 0.6936, Test MSE: 0.5616, r (test): 0.2734
Epoch: 44, Training Loss: 0.1282, Train MSE: 0.1282, r (train): 0.7626, Test MSE: 0.0984, r (test): 0.1817
Epoch: 45, Training Loss: 0.0784, Train MSE: 0.0784, r (train): 0.6926, Test MSE: 0.0658, r (test): 0.2567
Epoch: 46, Training Loss: 0.0396, Train MSE: 0.0396, r (train): 0.7178, Test MSE: 0.1188, r (test): 0.2404
Epoch: 47, Training Loss: 0.0567, Train MSE: 0.0567, r (train): 0.7151, Test MSE: 0.0763, r (test): 0.0617
Epoch: 48, Training Loss: 0.1484, Train MSE: 0.1484, r (train): 0.5434, Test MSE: 0.3150, r (test): 0.2508
Epoch: 49, Training Loss: 0.0712, Train MSE: 0.0712, r (train): 0.6738, Test MSE: 0.0713, r (test): 0.2032
Epoch: 50, Training Loss: 0.1177, Train MSE: 0.1177, r (train): 0.7025, Test MSE: 0.0820, r (test): 0.2410
Epoch: 51, Training Loss: 0.1563, Train MSE: 0.1563, r (train): 0.7611, Test MSE: 0.1103, r (test): 0.2760
Epoch: 52, Training Loss: 0.0747, Train MSE: 0.0747, r (train): 0.7451, Test MSE: 0.0692, r (test): 0.1955
Epoch: 53, Training Loss: 0.0783, Train MSE: 0.0783, r (train): 0.6869, Test MSE: 0.1987, r (test): 0.2213
Epoch: 54, Training Loss: 0.1309, Train MSE: 0.1309, r (train): 0.6110, Test MSE: 0.2896, r (test): 0.2317
Epoch: 55, Training Loss: 0.0470, Train MSE: 0.0470, r (train): 0.6417, Test MSE: 0.1151, r (test): 0.2668
Epoch: 56, Training Loss: 0.1845, Train MSE: 0.1845, r (train): 0.7236, Test MSE: 0.1142, r (test): 0.2994
Epoch: 57, Training Loss: 0.6081, Train MSE: 0.6081, r (train): 0.7517, Test MSE: 0.4585, r (test): 0.2092
Epoch: 58, Training Loss: 0.0432, Train MSE: 0.0432, r (train): 0.7218, Test MSE: 0.1226, r (test): 0.2064
Epoch: 59, Training Loss: 0.1441, Train MSE: 0.1441, r (train): 0.6032, Test MSE: 0.3147, r (test): 0.2070
Epoch: 60, Training Loss: 0.0521, Train MSE: 0.0521, r (train): 0.6520, Test MSE: 0.1474, r (test): 0.2730
Epoch: 61, Training Loss: 0.1256, Train MSE: 0.1256, r (train): 0.7338, Test MSE: 0.0812, r (test): 0.3027
Epoch: 62, Training Loss: 1.0437, Train MSE: 1.0437, r (train): 0.7346, Test MSE: 0.8245, r (test): 0.2574
Epoch: 63, Training Loss: 0.0827, Train MSE: 0.0827, r (train): 0.6873, Test MSE: 0.2005, r (test): 0.2070
Epoch: 64, Training Loss: 0.1142, Train MSE: 0.1142, r (train): 0.6202, Test MSE: 0.2629, r (test): 0.2406
Epoch: 65, Training Loss: 0.0362, Train MSE: 0.0362, r (train): 0.6951, Test MSE: 0.0933, r (test): 0.2780
Epoch: 66, Training Loss: 0.1446, Train MSE: 0.1446, r (train): 0.7281, Test MSE: 0.0873, r (test): 0.3074
Epoch: 67, Training Loss: 0.0568, Train MSE: 0.0568, r (train): 0.7218, Test MSE: 0.0715, r (test): 0.2183
Epoch: 68, Training Loss: 0.0375, Train MSE: 0.0375, r (train): 0.7025, Test MSE: 0.1032, r (test): 0.1530
Epoch: 69, Training Loss: 0.0592, Train MSE: 0.0592, r (train): 0.6500, Test MSE: 0.1620, r (test): 0.2079
Epoch: 70, Training Loss: 0.0769, Train MSE: 0.0769, r (train): 0.7106, Test MSE: 0.0633, r (test): 0.2913
Epoch: 71, Training Loss: 0.0657, Train MSE: 0.0657, r (train): 0.7091, Test MSE: 0.0618, r (test): 0.3282
Epoch: 72, Training Loss: 0.1234, Train MSE: 0.1234, r (train): 0.7295, Test MSE: 0.0944, r (test): 0.2333
Epoch: 73, Training Loss: 0.0583, Train MSE: 0.0583, r (train): 0.6561, Test MSE: 0.1645, r (test): 0.1696
Epoch: 74, Training Loss: 0.0623, Train MSE: 0.0623, r (train): 0.6426, Test MSE: 0.1735, r (test): 0.2636
Epoch: 75, Training Loss: 0.0371, Train MSE: 0.0371, r (train): 0.7026, Test MSE: 0.0906, r (test): 0.2175
Epoch: 76, Training Loss: 0.0679, Train MSE: 0.0679, r (train): 0.7195, Test MSE: 0.0651, r (test): 0.2462
Epoch: 77, Training Loss: 0.0416, Train MSE: 0.0416, r (train): 0.7029, Test MSE: 0.0855, r (test): 0.2475
Epoch: 78, Training Loss: 0.0387, Train MSE: 0.0387, r (train): 0.6995, Test MSE: 0.0969, r (test): 0.1461
Epoch: 79, Training Loss: 0.0438, Train MSE: 0.0438, r (train): 0.6627, Test MSE: 0.1199, r (test): 0.2391
Epoch: 80, Training Loss: 0.0443, Train MSE: 0.0443, r (train): 0.7052, Test MSE: 0.0754, r (test): 0.3003
Epoch: 81, Training Loss: 0.0518, Train MSE: 0.0518, r (train): 0.7169, Test MSE: 0.0676, r (test): 0.2543
Epoch: 82, Training Loss: 0.0422, Train MSE: 0.0422, r (train): 0.7065, Test MSE: 0.0723, r (test): 0.2384
Epoch: 83, Training Loss: 0.0412, Train MSE: 0.0412, r (train): 0.6896, Test MSE: 0.0989, r (test): 0.1896
Epoch: 84, Training Loss: 0.0426, Train MSE: 0.0426, r (train): 0.6955, Test MSE: 0.0794, r (test): 0.2705
Epoch: 85, Training Loss: 0.0407, Train MSE: 0.0407, r (train): 0.7105, Test MSE: 0.0771, r (test): 0.2804
Epoch: 86, Training Loss: 0.0397, Train MSE: 0.0397, r (train): 0.7018, Test MSE: 0.0888, r (test): 0.2411
Epoch: 87, Training Loss: 0.0433, Train MSE: 0.0433, r (train): 0.6870, Test MSE: 0.1037, r (test): 0.2279
Epoch: 88, Training Loss: 0.0471, Train MSE: 0.0471, r (train): 0.7050, Test MSE: 0.0720, r (test): 0.1874
Epoch: 89, Training Loss: 0.0578, Train MSE: 0.0578, r (train): 0.7129, Test MSE: 0.0664, r (test): 0.2200
Epoch: 90, Training Loss: 0.0446, Train MSE: 0.0446, r (train): 0.6746, Test MSE: 0.1256, r (test): 0.3549
Epoch: 91, Training Loss: 0.0410, Train MSE: 0.0410, r (train): 0.6884, Test MSE: 0.1009, r (test): 0.2587
Epoch: 92, Training Loss: 0.0516, Train MSE: 0.0516, r (train): 0.7020, Test MSE: 0.0682, r (test): 0.2132
Epoch: 93, Training Loss: 0.0567, Train MSE: 0.0567, r (train): 0.7148, Test MSE: 0.0693, r (test): 0.1814
Epoch: 94, Training Loss: 0.0373, Train MSE: 0.0373, r (train): 0.7137, Test MSE: 0.0924, r (test): 0.2942
Epoch: 95, Training Loss: 0.0390, Train MSE: 0.0390, r (train): 0.6975, Test MSE: 0.1008, r (test): 0.3073
Epoch: 96, Training Loss: 0.0406, Train MSE: 0.0406, r (train): 0.6903, Test MSE: 0.1106, r (test): 0.2573
Epoch: 97, Training Loss: 0.0465, Train MSE: 0.0465, r (train): 0.7016, Test MSE: 0.0774, r (test): 0.2445
Epoch: 98, Training Loss: 0.0526, Train MSE: 0.0526, r (train): 0.7176, Test MSE: 0.0680, r (test): 0.2338
Epoch: 99, Training Loss: 0.0555, Train MSE: 0.0555, r (train): 0.7277, Test MSE: 0.0671, r (test): 0.2173
Predicted tensors for training set: 
tensor([0.9310, 0.1542, 0.7808, 0.7090, 1.0021, 0.7349, 0.3727, 0.7009, 0.8151,
        0.6904, 0.2428, 1.0500, 0.6763, 0.4179, 0.5858, 0.6976, 0.7256, 0.3487,
        1.3662, 0.8263, 0.5463, 0.6529, 0.8800, 0.6601, 0.9422, 0.6527, 0.5467,
        0.8591, 0.5153, 0.5665, 0.9546, 0.8451, 0.5513, 0.3484, 0.5470, 0.8094,
        1.1918, 0.5078, 0.9237, 0.6284, 0.9569, 1.0062, 0.1346, 0.2968, 0.5661,
        0.5911, 0.7753, 0.4789, 0.9247, 0.8750, 0.2322, 0.5385, 0.3018, 0.6988,
        0.5276, 0.5132, 0.6913, 0.7331, 0.3307, 0.7787, 0.6618, 0.7340, 0.0803,
        0.8041, 1.1152, 0.6680, 0.6806, 0.2192, 0.7287, 0.5532, 0.9185, 0.3193])
Target tensorsfor training set: 
tensor([0.8988, 0.1218, 0.7507, 0.6671, 0.8453, 0.5779, 0.2464, 0.5719, 0.5564,
        0.4513, 0.0478, 0.7791, 0.8391, 0.5658, 0.7372, 0.8556, 0.3309, 0.0246,
        0.8561, 0.4373, 0.0981, 0.1055, 0.2916, 0.1295, 0.6846, 0.4036, 0.3174,
        0.5780, 0.2255, 0.2594, 0.6240, 0.5220, 0.6577, 0.4341, 0.6576, 0.9535,
        0.7125, 0.1360, 0.5102, 0.2394, 0.8363, 0.8728, 0.0763, 0.2271, 0.5178,
        0.5573, 0.7497, 0.4440, 0.7371, 0.7171, 0.1294, 0.3829, 0.3077, 0.7270,
        0.5187, 0.5023, 0.7950, 0.8411, 0.4149, 0.9150, 0.6199, 0.6992, 0.0389,
        0.7596, 0.8524, 0.4526, 0.4654, 0.0636, 0.7462, 0.5783, 0.9621, 0.3453])
Correlation for training set: 0.7276552563766978
Predicted tensors for test set: 
tensor([0.6801, 0.7382, 0.8064, 0.5895, 0.6795, 0.4283, 0.4134, 0.5599, 0.8045,
        0.5868, 0.6424, 0.6048, 0.7237, 0.6413, 0.7608, 0.7079, 0.5521, 0.6876])
Target tensorsfor test set: 
tensor([0.2169, 0.4818, 0.9127, 0.9072, 0.5300, 0.2649, 0.9656, 0.6595, 0.7144,
        0.4993, 0.9215, 0.6465, 0.4640, 0.7901, 0.9492, 0.8418, 0.1493, 0.9117])
Correlation for test set: 0.21728295362511943
18 5
Fold 3
Epoch: 00, Training Loss: 0.0900, Train MSE: 0.0900, r (train): -0.2232, Test MSE: 0.0609, r (test): -0.3982
Epoch: 01, Training Loss: 0.1893, Train MSE: 0.1893, r (train): -0.2508, Test MSE: 0.1129, r (test): -0.5780
Epoch: 02, Training Loss: 0.4114, Train MSE: 0.4114, r (train): 0.5380, Test MSE: 0.2801, r (test): 0.3261
Epoch: 03, Training Loss: 0.4495, Train MSE: 0.4495, r (train): 0.6917, Test MSE: 0.3118, r (test): 0.3487
Epoch: 04, Training Loss: 0.4634, Train MSE: 0.4634, r (train): 0.6609, Test MSE: 0.3198, r (test): 0.4136
Epoch: 05, Training Loss: 1.8243, Train MSE: 1.8243, r (train): 0.7125, Test MSE: 2.4812, r (test): 0.4270
Epoch: 06, Training Loss: 0.3854, Train MSE: 0.3854, r (train): 0.6970, Test MSE: 0.5829, r (test): 0.3887
Epoch: 07, Training Loss: 0.0341, Train MSE: 0.0341, r (train): 0.8034, Test MSE: 0.0992, r (test): 0.4085
Epoch: 08, Training Loss: 0.0319, Train MSE: 0.0319, r (train): 0.7609, Test MSE: 0.0605, r (test): 0.4927
Epoch: 09, Training Loss: 0.0358, Train MSE: 0.0358, r (train): 0.7635, Test MSE: 0.0904, r (test): 0.3965
Epoch: 10, Training Loss: 0.0740, Train MSE: 0.0740, r (train): 0.7940, Test MSE: 0.1847, r (test): 0.3497
Epoch: 11, Training Loss: 0.0323, Train MSE: 0.0323, r (train): 0.8056, Test MSE: 0.0964, r (test): 0.4663
Epoch: 12, Training Loss: 0.0398, Train MSE: 0.0398, r (train): 0.8212, Test MSE: 0.0586, r (test): 0.2803
Epoch: 13, Training Loss: 0.0257, Train MSE: 0.0257, r (train): 0.8162, Test MSE: 0.0615, r (test): 0.4147
Epoch: 14, Training Loss: 0.0238, Train MSE: 0.0238, r (train): 0.8211, Test MSE: 0.0603, r (test): 0.5099
Epoch: 15, Training Loss: 0.0304, Train MSE: 0.0304, r (train): 0.8248, Test MSE: 0.1014, r (test): 0.2902
Epoch: 16, Training Loss: 0.0704, Train MSE: 0.0704, r (train): 0.8068, Test MSE: 0.0579, r (test): 0.3926
Epoch: 17, Training Loss: 0.0300, Train MSE: 0.0300, r (train): 0.8330, Test MSE: 0.0528, r (test): 0.3843
Epoch: 18, Training Loss: 0.0315, Train MSE: 0.0315, r (train): 0.8277, Test MSE: 0.0518, r (test): 0.4117
Epoch: 19, Training Loss: 0.0232, Train MSE: 0.0232, r (train): 0.8253, Test MSE: 0.0668, r (test): 0.4400
Epoch: 20, Training Loss: 0.0252, Train MSE: 0.0252, r (train): 0.8164, Test MSE: 0.0754, r (test): 0.3375
Epoch: 21, Training Loss: 0.0852, Train MSE: 0.0852, r (train): 0.7569, Test MSE: 0.0674, r (test): 0.3235
Epoch: 22, Training Loss: 0.0416, Train MSE: 0.0416, r (train): 0.8109, Test MSE: 0.1116, r (test): 0.3179
Epoch: 23, Training Loss: 0.0352, Train MSE: 0.0352, r (train): 0.8029, Test MSE: 0.0510, r (test): 0.4178
Epoch: 24, Training Loss: 0.0315, Train MSE: 0.0315, r (train): 0.7960, Test MSE: 0.0855, r (test): 0.4411
Epoch: 25, Training Loss: 0.0917, Train MSE: 0.0917, r (train): 0.7967, Test MSE: 0.1899, r (test): 0.3763
Epoch: 26, Training Loss: 0.0801, Train MSE: 0.0801, r (train): 0.7104, Test MSE: 0.0614, r (test): 0.3570
Epoch: 27, Training Loss: 0.0668, Train MSE: 0.0668, r (train): 0.8009, Test MSE: 0.1501, r (test): 0.3713
Epoch: 28, Training Loss: 0.0642, Train MSE: 0.0642, r (train): 0.8053, Test MSE: 0.1564, r (test): 0.4103
Epoch: 29, Training Loss: 0.0345, Train MSE: 0.0345, r (train): 0.7978, Test MSE: 0.0462, r (test): 0.5085
Epoch: 30, Training Loss: 0.0581, Train MSE: 0.0581, r (train): 0.7923, Test MSE: 0.1366, r (test): 0.2437
Epoch: 31, Training Loss: 0.0541, Train MSE: 0.0541, r (train): 0.7670, Test MSE: 0.0575, r (test): 0.3266
Epoch: 32, Training Loss: 0.0300, Train MSE: 0.0300, r (train): 0.7775, Test MSE: 0.0595, r (test): 0.3321
Epoch: 33, Training Loss: 0.0579, Train MSE: 0.0579, r (train): 0.8020, Test MSE: 0.1332, r (test): 0.4849
Epoch: 34, Training Loss: 0.0343, Train MSE: 0.0343, r (train): 0.7693, Test MSE: 0.0819, r (test): 0.3762
Epoch: 35, Training Loss: 0.0457, Train MSE: 0.0457, r (train): 0.7770, Test MSE: 0.1160, r (test): 0.1780
Epoch: 36, Training Loss: 0.0454, Train MSE: 0.0454, r (train): 0.7691, Test MSE: 0.0522, r (test): 0.3879
Epoch: 37, Training Loss: 0.0296, Train MSE: 0.0296, r (train): 0.7781, Test MSE: 0.0701, r (test): 0.3970
Epoch: 38, Training Loss: 0.0519, Train MSE: 0.0519, r (train): 0.7892, Test MSE: 0.1236, r (test): 0.3284
Epoch: 39, Training Loss: 0.0349, Train MSE: 0.0349, r (train): 0.7816, Test MSE: 0.0496, r (test): 0.4303
Epoch: 40, Training Loss: 0.0455, Train MSE: 0.0455, r (train): 0.7663, Test MSE: 0.0974, r (test): 0.3986
Epoch: 41, Training Loss: 0.0254, Train MSE: 0.0254, r (train): 0.8112, Test MSE: 0.0571, r (test): 0.3972
Epoch: 42, Training Loss: 0.0334, Train MSE: 0.0334, r (train): 0.7650, Test MSE: 0.0576, r (test): 0.3002
Epoch: 43, Training Loss: 0.1187, Train MSE: 0.1187, r (train): 0.8148, Test MSE: 0.2062, r (test): 0.4882
Epoch: 44, Training Loss: 0.0643, Train MSE: 0.0643, r (train): 0.7340, Test MSE: 0.1485, r (test): 0.1444
Epoch: 45, Training Loss: 0.0321, Train MSE: 0.0321, r (train): 0.7470, Test MSE: 0.0540, r (test): 0.5856
Epoch: 46, Training Loss: 0.4185, Train MSE: 0.4185, r (train): 0.7385, Test MSE: 0.6209, r (test): 0.3135
Epoch: 47, Training Loss: 0.0467, Train MSE: 0.0467, r (train): 0.6776, Test MSE: 0.0513, r (test): 0.4018
Epoch: 48, Training Loss: 0.0455, Train MSE: 0.0455, r (train): 0.7469, Test MSE: 0.0939, r (test): 0.1817
Epoch: 49, Training Loss: 0.6284, Train MSE: 0.6284, r (train): 0.7360, Test MSE: 0.8680, r (test): 0.2488
Epoch: 50, Training Loss: 0.1307, Train MSE: 0.1307, r (train): 0.7304, Test MSE: 0.0916, r (test): 0.4573
Epoch: 51, Training Loss: 0.0315, Train MSE: 0.0315, r (train): 0.7944, Test MSE: 0.0907, r (test): 0.2835
Epoch: 52, Training Loss: 0.0315, Train MSE: 0.0315, r (train): 0.7580, Test MSE: 0.0729, r (test): 0.4132
Epoch: 53, Training Loss: 0.0321, Train MSE: 0.0321, r (train): 0.7950, Test MSE: 0.0461, r (test): 0.5598
Epoch: 54, Training Loss: 0.0537, Train MSE: 0.0537, r (train): 0.7836, Test MSE: 0.1180, r (test): 0.2559
Epoch: 55, Training Loss: 0.0560, Train MSE: 0.0560, r (train): 0.7343, Test MSE: 0.0600, r (test): 0.3055
Epoch: 56, Training Loss: 0.0291, Train MSE: 0.0291, r (train): 0.8147, Test MSE: 0.0821, r (test): 0.3730
Epoch: 57, Training Loss: 0.0618, Train MSE: 0.0618, r (train): 0.7947, Test MSE: 0.1502, r (test): 0.2219
Epoch: 58, Training Loss: 0.0695, Train MSE: 0.0695, r (train): 0.7275, Test MSE: 0.0695, r (test): 0.2679
Epoch: 59, Training Loss: 0.0266, Train MSE: 0.0266, r (train): 0.8015, Test MSE: 0.0709, r (test): 0.2762
Epoch: 60, Training Loss: 0.0320, Train MSE: 0.0320, r (train): 0.8100, Test MSE: 0.0901, r (test): 0.3741
Epoch: 61, Training Loss: 0.1260, Train MSE: 0.1260, r (train): 0.7417, Test MSE: 0.0889, r (test): 0.6066
Epoch: 62, Training Loss: 0.0957, Train MSE: 0.0957, r (train): 0.7849, Test MSE: 0.1694, r (test): 0.3323
Epoch: 63, Training Loss: 0.0451, Train MSE: 0.0451, r (train): 0.7934, Test MSE: 0.0550, r (test): 0.3680
Epoch: 64, Training Loss: 0.1203, Train MSE: 0.1203, r (train): 0.7915, Test MSE: 0.2411, r (test): 0.3065
Epoch: 65, Training Loss: 0.1255, Train MSE: 0.1255, r (train): 0.8022, Test MSE: 0.2444, r (test): 0.3313
Epoch: 66, Training Loss: 0.0541, Train MSE: 0.0541, r (train): 0.7740, Test MSE: 0.0574, r (test): 0.3893
Epoch: 67, Training Loss: 0.0659, Train MSE: 0.0659, r (train): 0.7380, Test MSE: 0.0640, r (test): 0.3868
Epoch: 68, Training Loss: 0.0641, Train MSE: 0.0641, r (train): 0.7806, Test MSE: 0.0593, r (test): 0.4729
Epoch: 69, Training Loss: 0.0995, Train MSE: 0.0995, r (train): 0.8107, Test MSE: 0.2073, r (test): 0.3363
Epoch: 70, Training Loss: 0.1211, Train MSE: 0.1211, r (train): 0.8133, Test MSE: 0.2358, r (test): 0.3114
Epoch: 71, Training Loss: 0.0266, Train MSE: 0.0266, r (train): 0.8167, Test MSE: 0.0762, r (test): 0.3146
Epoch: 72, Training Loss: 0.0705, Train MSE: 0.0705, r (train): 0.7663, Test MSE: 0.0641, r (test): 0.4457
Epoch: 73, Training Loss: 0.1004, Train MSE: 0.1004, r (train): 0.7507, Test MSE: 0.0855, r (test): 0.4190
Epoch: 74, Training Loss: 0.0529, Train MSE: 0.0529, r (train): 0.7986, Test MSE: 0.1320, r (test): 0.3174
Epoch: 75, Training Loss: 0.1346, Train MSE: 0.1346, r (train): 0.8084, Test MSE: 0.2472, r (test): 0.3695
Epoch: 76, Training Loss: 0.0426, Train MSE: 0.0426, r (train): 0.8157, Test MSE: 0.1135, r (test): 0.3195
Epoch: 77, Training Loss: 0.1678, Train MSE: 0.1678, r (train): 0.6960, Test MSE: 0.1304, r (test): 0.4950
Epoch: 78, Training Loss: 0.0369, Train MSE: 0.0369, r (train): 0.8225, Test MSE: 0.0967, r (test): 0.3094
Epoch: 79, Training Loss: 0.0253, Train MSE: 0.0253, r (train): 0.8086, Test MSE: 0.0654, r (test): 0.3893
Epoch: 80, Training Loss: 0.1619, Train MSE: 0.1619, r (train): 0.8101, Test MSE: 0.2856, r (test): 0.3513
Epoch: 81, Training Loss: 0.0376, Train MSE: 0.0376, r (train): 0.7656, Test MSE: 0.0615, r (test): 0.2153
Epoch: 82, Training Loss: 0.1061, Train MSE: 0.1061, r (train): 0.7351, Test MSE: 0.0898, r (test): 0.3929
Epoch: 83, Training Loss: 0.0254, Train MSE: 0.0254, r (train): 0.8126, Test MSE: 0.0681, r (test): 0.4175
Epoch: 84, Training Loss: 0.1580, Train MSE: 0.1580, r (train): 0.8085, Test MSE: 0.2846, r (test): 0.3372
Epoch: 85, Training Loss: 0.0412, Train MSE: 0.0412, r (train): 0.7569, Test MSE: 0.0613, r (test): 0.2246
Epoch: 86, Training Loss: 0.0329, Train MSE: 0.0329, r (train): 0.7939, Test MSE: 0.0554, r (test): 0.3078
Epoch: 87, Training Loss: 0.0270, Train MSE: 0.0270, r (train): 0.8061, Test MSE: 0.0607, r (test): 0.3000
Epoch: 88, Training Loss: 0.0429, Train MSE: 0.0429, r (train): 0.7744, Test MSE: 0.0595, r (test): 0.2730
Epoch: 89, Training Loss: 0.0271, Train MSE: 0.0271, r (train): 0.8076, Test MSE: 0.0721, r (test): 0.3226
Epoch: 90, Training Loss: 0.0752, Train MSE: 0.0752, r (train): 0.8108, Test MSE: 0.1668, r (test): 0.3299
Epoch: 91, Training Loss: 0.0306, Train MSE: 0.0306, r (train): 0.7939, Test MSE: 0.0609, r (test): 0.2743
Epoch: 92, Training Loss: 0.0764, Train MSE: 0.0764, r (train): 0.7540, Test MSE: 0.0735, r (test): 0.3077
Epoch: 93, Training Loss: 0.0305, Train MSE: 0.0305, r (train): 0.7992, Test MSE: 0.0556, r (test): 0.3271
Epoch: 94, Training Loss: 0.0490, Train MSE: 0.0490, r (train): 0.8119, Test MSE: 0.1210, r (test): 0.3161
Epoch: 95, Training Loss: 0.0419, Train MSE: 0.0419, r (train): 0.8055, Test MSE: 0.1068, r (test): 0.2977
Epoch: 96, Training Loss: 0.0279, Train MSE: 0.0279, r (train): 0.8005, Test MSE: 0.0627, r (test): 0.3120
Epoch: 97, Training Loss: 0.0544, Train MSE: 0.0544, r (train): 0.7782, Test MSE: 0.0602, r (test): 0.3311
Epoch: 98, Training Loss: 0.0540, Train MSE: 0.0540, r (train): 0.7700, Test MSE: 0.0601, r (test): 0.3372
Epoch: 99, Training Loss: 0.0334, Train MSE: 0.0334, r (train): 0.8148, Test MSE: 0.0896, r (test): 0.3321
Predicted tensors for training set: 
tensor([0.9574, 0.1608, 0.8106, 0.7285, 1.0050, 0.6832, 0.3590, 0.7114, 0.8050,
        0.6813, 0.1816, 1.0660, 0.6504, 0.4327, 0.5636, 0.6440, 0.8440, 0.3015,
        0.5826, 1.1162, 0.8325, 0.7833, 0.5115, 0.2551, 0.8045, 0.5868, 0.6172,
        0.4426, 0.8646, 0.6401, 0.4934, 0.7447, 0.8545, 0.7343, 0.0800, 0.8073,
        1.1139, 0.3046, 0.7992, 0.4537, 0.9517, 1.0072, 0.1240, 0.2663, 0.6798,
        0.7095, 0.9345, 0.6210, 1.0140, 0.9899, 0.2764, 0.6023, 0.3148, 0.6988,
        0.4803, 0.4760, 0.7604, 0.8025, 0.4097, 0.8642, 0.7165, 0.7638, 0.0910,
        0.8275, 1.1687, 0.7433, 0.6875, 0.2068, 0.8275, 0.6724, 1.0055, 0.4371])
Target tensorsfor training set: 
tensor([0.8988, 0.1218, 0.7507, 0.6671, 0.8453, 0.5779, 0.2464, 0.5719, 0.5564,
        0.4513, 0.0478, 0.7791, 0.8391, 0.5658, 0.7372, 0.8556, 0.3309, 0.0246,
        0.2169, 0.4818, 0.9127, 0.9072, 0.5300, 0.2649, 0.9656, 0.6595, 0.7144,
        0.4993, 0.9215, 0.6465, 0.4640, 0.7901, 0.9492, 0.8418, 0.1493, 0.9117,
        0.7125, 0.1360, 0.5102, 0.2394, 0.8363, 0.8728, 0.0763, 0.2271, 0.5178,
        0.5573, 0.7497, 0.4440, 0.7371, 0.7171, 0.1294, 0.3829, 0.3077, 0.7270,
        0.5187, 0.5023, 0.7950, 0.8411, 0.4149, 0.9150, 0.6199, 0.6992, 0.0389,
        0.7596, 0.8524, 0.4526, 0.4654, 0.0636, 0.7462, 0.5783, 0.9621, 0.3453])
Correlation for training set: 0.8147702990134151
Predicted tensors for test set: 
tensor([0.8299, 0.7039, 0.5580, 0.8085, 0.6852, 0.4677, 0.7011, 0.6385, 0.6043,
        0.6120, 0.5585, 0.3674, 0.7122, 0.8969, 0.5495, 0.5703, 0.6894, 0.5993])
Target tensorsfor test set: 
tensor([0.8561, 0.4373, 0.0981, 0.1055, 0.2916, 0.1295, 0.6846, 0.4036, 0.3174,
        0.5780, 0.2255, 0.2594, 0.6240, 0.5220, 0.6577, 0.4341, 0.6576, 0.9535])
Correlation for test set: 0.33208832274762623
18 5
Fold 4
Epoch: 00, Training Loss: 0.0762, Train MSE: 0.0762, r (train): -0.2568, Test MSE: 0.0799, r (test): -0.2043
Epoch: 01, Training Loss: 0.1176, Train MSE: 0.1176, r (train): -0.2169, Test MSE: 0.0850, r (test): -0.2728
Epoch: 02, Training Loss: 0.2816, Train MSE: 0.2816, r (train): 0.4419, Test MSE: 0.2178, r (test): -0.0781
Epoch: 03, Training Loss: 0.3830, Train MSE: 0.3830, r (train): 0.6500, Test MSE: 0.3286, r (test): 0.1744
Epoch: 04, Training Loss: 0.0542, Train MSE: 0.0542, r (train): 0.5533, Test MSE: 0.0656, r (test): 0.2621
Epoch: 05, Training Loss: 0.4267, Train MSE: 0.4267, r (train): 0.6463, Test MSE: 0.4718, r (test): 0.3384
Epoch: 06, Training Loss: 0.3852, Train MSE: 0.3852, r (train): 0.6920, Test MSE: 0.4036, r (test): 0.2468
Epoch: 07, Training Loss: 0.4780, Train MSE: 0.4780, r (train): 0.4483, Test MSE: 0.5945, r (test): 0.0636
Epoch: 08, Training Loss: 0.0615, Train MSE: 0.0615, r (train): 0.6809, Test MSE: 0.0875, r (test): 0.3212
Epoch: 09, Training Loss: 0.0859, Train MSE: 0.0859, r (train): 0.7028, Test MSE: 0.1192, r (test): 0.3141
Epoch: 10, Training Loss: 0.1054, Train MSE: 0.1054, r (train): 0.7064, Test MSE: 0.1411, r (test): 0.1902
Epoch: 11, Training Loss: 0.0717, Train MSE: 0.0717, r (train): 0.6987, Test MSE: 0.0837, r (test): 0.3576
Epoch: 12, Training Loss: 0.0409, Train MSE: 0.0409, r (train): 0.7114, Test MSE: 0.0648, r (test): 0.2331
Epoch: 13, Training Loss: 0.0401, Train MSE: 0.0401, r (train): 0.7269, Test MSE: 0.0682, r (test): 0.2843
Epoch: 14, Training Loss: 0.0407, Train MSE: 0.0407, r (train): 0.7123, Test MSE: 0.0580, r (test): 0.3808
Epoch: 15, Training Loss: 0.0981, Train MSE: 0.0981, r (train): 0.6491, Test MSE: 0.1099, r (test): 0.1546
Epoch: 16, Training Loss: 0.0399, Train MSE: 0.0399, r (train): 0.6941, Test MSE: 0.0563, r (test): 0.3646
Epoch: 17, Training Loss: 0.0357, Train MSE: 0.0357, r (train): 0.7317, Test MSE: 0.0566, r (test): 0.3719
Epoch: 18, Training Loss: 0.0599, Train MSE: 0.0599, r (train): 0.6465, Test MSE: 0.0744, r (test): 0.2182
Epoch: 19, Training Loss: 0.0546, Train MSE: 0.0546, r (train): 0.6256, Test MSE: 0.0635, r (test): 0.3088
Epoch: 20, Training Loss: 0.0567, Train MSE: 0.0567, r (train): 0.6942, Test MSE: 0.0736, r (test): 0.3318
Epoch: 21, Training Loss: 0.0426, Train MSE: 0.0426, r (train): 0.7035, Test MSE: 0.0614, r (test): 0.3901
Epoch: 22, Training Loss: 0.0481, Train MSE: 0.0481, r (train): 0.6319, Test MSE: 0.0601, r (test): 0.2995
Epoch: 23, Training Loss: 0.0540, Train MSE: 0.0540, r (train): 0.6562, Test MSE: 0.0688, r (test): 0.2856
Epoch: 24, Training Loss: 0.0431, Train MSE: 0.0431, r (train): 0.6946, Test MSE: 0.0592, r (test): 0.4158
Epoch: 25, Training Loss: 0.0442, Train MSE: 0.0442, r (train): 0.6638, Test MSE: 0.0601, r (test): 0.3244
Epoch: 26, Training Loss: 0.0555, Train MSE: 0.0555, r (train): 0.6389, Test MSE: 0.0733, r (test): 0.2401
Epoch: 27, Training Loss: 0.0389, Train MSE: 0.0389, r (train): 0.7127, Test MSE: 0.0548, r (test): 0.4149
Epoch: 28, Training Loss: 0.0436, Train MSE: 0.0436, r (train): 0.6601, Test MSE: 0.0600, r (test): 0.3077
Epoch: 29, Training Loss: 0.0466, Train MSE: 0.0466, r (train): 0.6720, Test MSE: 0.0597, r (test): 0.3731
Epoch: 30, Training Loss: 0.1576, Train MSE: 0.1576, r (train): 0.7398, Test MSE: 0.1958, r (test): 0.2904
Epoch: 31, Training Loss: 0.0380, Train MSE: 0.0380, r (train): 0.7114, Test MSE: 0.0547, r (test): 0.4507
Epoch: 32, Training Loss: 0.1815, Train MSE: 0.1815, r (train): 0.6892, Test MSE: 0.2254, r (test): 0.2871
Epoch: 33, Training Loss: 0.0369, Train MSE: 0.0369, r (train): 0.7308, Test MSE: 0.0524, r (test): 0.4801
Epoch: 34, Training Loss: 0.0931, Train MSE: 0.0931, r (train): 0.7365, Test MSE: 0.1325, r (test): 0.3085
Epoch: 35, Training Loss: 0.0859, Train MSE: 0.0859, r (train): 0.6869, Test MSE: 0.1157, r (test): 0.4108
Epoch: 36, Training Loss: 0.0477, Train MSE: 0.0477, r (train): 0.6815, Test MSE: 0.0675, r (test): 0.2896
Epoch: 37, Training Loss: 2.1721, Train MSE: 2.1721, r (train): 0.6817, Test MSE: 2.3095, r (test): 0.3628
Epoch: 38, Training Loss: 0.0832, Train MSE: 0.0832, r (train): 0.7238, Test MSE: 0.0959, r (test): 0.3885
Epoch: 39, Training Loss: 0.0443, Train MSE: 0.0443, r (train): 0.7901, Test MSE: 0.0683, r (test): 0.4591
Epoch: 40, Training Loss: 0.0418, Train MSE: 0.0418, r (train): 0.6935, Test MSE: 0.0633, r (test): 0.3574
Epoch: 41, Training Loss: 0.1345, Train MSE: 0.1345, r (train): 0.6248, Test MSE: 0.1506, r (test): 0.4256
Epoch: 42, Training Loss: 0.0376, Train MSE: 0.0376, r (train): 0.7046, Test MSE: 0.0589, r (test): 0.3261
Epoch: 43, Training Loss: 0.1613, Train MSE: 0.1613, r (train): 0.6115, Test MSE: 0.1754, r (test): 0.4422
Epoch: 44, Training Loss: 0.0511, Train MSE: 0.0511, r (train): 0.6617, Test MSE: 0.0582, r (test): 0.4299
Epoch: 45, Training Loss: 0.0568, Train MSE: 0.0568, r (train): 0.6362, Test MSE: 0.0660, r (test): 0.3576
Epoch: 46, Training Loss: 0.0471, Train MSE: 0.0471, r (train): 0.6687, Test MSE: 0.0615, r (test): 0.3831
Epoch: 47, Training Loss: 0.0462, Train MSE: 0.0462, r (train): 0.6859, Test MSE: 0.0620, r (test): 0.3813
Epoch: 48, Training Loss: 0.0518, Train MSE: 0.0518, r (train): 0.6677, Test MSE: 0.0708, r (test): 0.2898
Epoch: 49, Training Loss: 0.0624, Train MSE: 0.0624, r (train): 0.6875, Test MSE: 0.0659, r (test): 0.4870
Epoch: 50, Training Loss: 0.0368, Train MSE: 0.0368, r (train): 0.7132, Test MSE: 0.0580, r (test): 0.3294
Epoch: 51, Training Loss: 0.0478, Train MSE: 0.0478, r (train): 0.6746, Test MSE: 0.0556, r (test): 0.4378
Epoch: 52, Training Loss: 0.0470, Train MSE: 0.0470, r (train): 0.6686, Test MSE: 0.0503, r (test): 0.4709
Epoch: 53, Training Loss: 0.0410, Train MSE: 0.0410, r (train): 0.6910, Test MSE: 0.0517, r (test): 0.4980
Epoch: 54, Training Loss: 0.0388, Train MSE: 0.0388, r (train): 0.7087, Test MSE: 0.0604, r (test): 0.3275
Epoch: 55, Training Loss: 0.0360, Train MSE: 0.0360, r (train): 0.7305, Test MSE: 0.0525, r (test): 0.4363
Epoch: 56, Training Loss: 0.0645, Train MSE: 0.0645, r (train): 0.6878, Test MSE: 0.0858, r (test): 0.3162
Epoch: 57, Training Loss: 0.0357, Train MSE: 0.0357, r (train): 0.7188, Test MSE: 0.0528, r (test): 0.4332
Epoch: 58, Training Loss: 0.0743, Train MSE: 0.0743, r (train): 0.7070, Test MSE: 0.0867, r (test): 0.4591
Epoch: 59, Training Loss: 0.0454, Train MSE: 0.0454, r (train): 0.7222, Test MSE: 0.0554, r (test): 0.4643
Epoch: 60, Training Loss: 0.0381, Train MSE: 0.0381, r (train): 0.7174, Test MSE: 0.0556, r (test): 0.3943
Epoch: 61, Training Loss: 0.0388, Train MSE: 0.0388, r (train): 0.7134, Test MSE: 0.0522, r (test): 0.4795
Epoch: 62, Training Loss: 0.0456, Train MSE: 0.0456, r (train): 0.6966, Test MSE: 0.0656, r (test): 0.3254
Epoch: 63, Training Loss: 0.0451, Train MSE: 0.0451, r (train): 0.6908, Test MSE: 0.0595, r (test): 0.4253
Epoch: 64, Training Loss: 0.0436, Train MSE: 0.0436, r (train): 0.7216, Test MSE: 0.0608, r (test): 0.4370
Epoch: 65, Training Loss: 0.0366, Train MSE: 0.0366, r (train): 0.7153, Test MSE: 0.0573, r (test): 0.3389
Epoch: 66, Training Loss: 0.0417, Train MSE: 0.0417, r (train): 0.7006, Test MSE: 0.0533, r (test): 0.4476
Epoch: 67, Training Loss: 0.0371, Train MSE: 0.0371, r (train): 0.7230, Test MSE: 0.0563, r (test): 0.4106
Epoch: 68, Training Loss: 0.0404, Train MSE: 0.0404, r (train): 0.6989, Test MSE: 0.0555, r (test): 0.4175
Epoch: 69, Training Loss: 0.0377, Train MSE: 0.0377, r (train): 0.7300, Test MSE: 0.0535, r (test): 0.4241
Epoch: 70, Training Loss: 0.0434, Train MSE: 0.0434, r (train): 0.7287, Test MSE: 0.0604, r (test): 0.4156
Epoch: 71, Training Loss: 0.0432, Train MSE: 0.0432, r (train): 0.7142, Test MSE: 0.0628, r (test): 0.3968
Epoch: 72, Training Loss: 0.0453, Train MSE: 0.0453, r (train): 0.6978, Test MSE: 0.0620, r (test): 0.4106
Epoch: 73, Training Loss: 0.0393, Train MSE: 0.0393, r (train): 0.7151, Test MSE: 0.0559, r (test): 0.4165
Epoch: 74, Training Loss: 0.0385, Train MSE: 0.0385, r (train): 0.7232, Test MSE: 0.0543, r (test): 0.4089
Epoch: 75, Training Loss: 0.0378, Train MSE: 0.0378, r (train): 0.7170, Test MSE: 0.0548, r (test): 0.4041
Epoch: 76, Training Loss: 0.0374, Train MSE: 0.0374, r (train): 0.7173, Test MSE: 0.0543, r (test): 0.4304
Epoch: 77, Training Loss: 0.0405, Train MSE: 0.0405, r (train): 0.7133, Test MSE: 0.0581, r (test): 0.4153
Epoch: 78, Training Loss: 0.0388, Train MSE: 0.0388, r (train): 0.7095, Test MSE: 0.0538, r (test): 0.4129
Epoch: 79, Training Loss: 0.0454, Train MSE: 0.0454, r (train): 0.7279, Test MSE: 0.0626, r (test): 0.4021
Epoch: 80, Training Loss: 0.0382, Train MSE: 0.0382, r (train): 0.7135, Test MSE: 0.0569, r (test): 0.3763
Epoch: 81, Training Loss: 0.0436, Train MSE: 0.0436, r (train): 0.7079, Test MSE: 0.0634, r (test): 0.3918
Epoch: 82, Training Loss: 0.0391, Train MSE: 0.0391, r (train): 0.7158, Test MSE: 0.0574, r (test): 0.4156
Epoch: 83, Training Loss: 0.0389, Train MSE: 0.0389, r (train): 0.7184, Test MSE: 0.0533, r (test): 0.4281
Epoch: 84, Training Loss: 0.0396, Train MSE: 0.0396, r (train): 0.7261, Test MSE: 0.0560, r (test): 0.3930
Epoch: 85, Training Loss: 0.0430, Train MSE: 0.0430, r (train): 0.7235, Test MSE: 0.0599, r (test): 0.3865
Epoch: 86, Training Loss: 0.0389, Train MSE: 0.0389, r (train): 0.7140, Test MSE: 0.0562, r (test): 0.4020
Epoch: 87, Training Loss: 0.0607, Train MSE: 0.0607, r (train): 0.6954, Test MSE: 0.0826, r (test): 0.3582
Epoch: 88, Training Loss: 0.0385, Train MSE: 0.0385, r (train): 0.7094, Test MSE: 0.0552, r (test): 0.4233
Epoch: 89, Training Loss: 0.0492, Train MSE: 0.0492, r (train): 0.7263, Test MSE: 0.0623, r (test): 0.4131
Epoch: 90, Training Loss: 0.0384, Train MSE: 0.0384, r (train): 0.7181, Test MSE: 0.0551, r (test): 0.3848
Epoch: 91, Training Loss: 0.0437, Train MSE: 0.0437, r (train): 0.7278, Test MSE: 0.0601, r (test): 0.3910
Epoch: 92, Training Loss: 0.0420, Train MSE: 0.0420, r (train): 0.7093, Test MSE: 0.0609, r (test): 0.3871
Epoch: 93, Training Loss: 0.0622, Train MSE: 0.0622, r (train): 0.6944, Test MSE: 0.0835, r (test): 0.3847
Epoch: 94, Training Loss: 0.0371, Train MSE: 0.0371, r (train): 0.7135, Test MSE: 0.0560, r (test): 0.3816
Epoch: 95, Training Loss: 0.0416, Train MSE: 0.0416, r (train): 0.7261, Test MSE: 0.0570, r (test): 0.4130
Epoch: 96, Training Loss: 0.0499, Train MSE: 0.0499, r (train): 0.7193, Test MSE: 0.0590, r (test): 0.4056
Epoch: 97, Training Loss: 0.0389, Train MSE: 0.0389, r (train): 0.7167, Test MSE: 0.0594, r (test): 0.3587
Epoch: 98, Training Loss: 0.0397, Train MSE: 0.0397, r (train): 0.7126, Test MSE: 0.0569, r (test): 0.4309
Epoch: 99, Training Loss: 0.0583, Train MSE: 0.0583, r (train): 0.6899, Test MSE: 0.0815, r (test): 0.3270
Predicted tensors for training set: 
tensor([ 0.7426,  0.0103,  0.5586,  0.4791,  0.6485,  0.4543,  0.1364,  0.3668,
         0.5196,  0.4622,  0.0389,  0.7785,  0.4154,  0.2100,  0.3238,  0.4237,
         0.6263,  0.1879,  0.4184,  0.8367,  0.6332,  0.6086,  0.3049,  0.1114,
         0.5820,  0.3704,  0.3383,  0.2135,  0.5091,  0.3030,  0.1849,  0.3871,
         0.5189,  0.4827, -0.0394,  0.4839,  1.0541,  0.5951,  0.2295,  0.2385,
         0.3650,  0.2259,  0.7936,  0.4427,  0.4132,  0.8072,  0.3407,  0.3871,
         0.5052,  0.3780,  0.4618,  0.3406,  0.4061,  0.6787,  0.3186,  0.3415,
         0.4538,  0.4671,  0.1872,  0.5418,  0.4559,  0.5652, -0.0256,  0.6139,
         0.7688,  0.3538,  0.4092,  0.0787,  0.4504,  0.3686,  0.6905,  0.1642])
Target tensorsfor training set: 
tensor([0.8988, 0.1218, 0.7507, 0.6671, 0.8453, 0.5779, 0.2464, 0.5719, 0.5564,
        0.4513, 0.0478, 0.7791, 0.8391, 0.5658, 0.7372, 0.8556, 0.3309, 0.0246,
        0.2169, 0.4818, 0.9127, 0.9072, 0.5300, 0.2649, 0.9656, 0.6595, 0.7144,
        0.4993, 0.9215, 0.6465, 0.4640, 0.7901, 0.9492, 0.8418, 0.1493, 0.9117,
        0.8561, 0.4373, 0.0981, 0.1055, 0.2916, 0.1295, 0.6846, 0.4036, 0.3174,
        0.5780, 0.2255, 0.2594, 0.6240, 0.5220, 0.6577, 0.4341, 0.6576, 0.9535,
        0.5187, 0.5023, 0.7950, 0.8411, 0.4149, 0.9150, 0.6199, 0.6992, 0.0389,
        0.7596, 0.8524, 0.4526, 0.4654, 0.0636, 0.7462, 0.5783, 0.9621, 0.3453])
Correlation for training set: 0.6899433429041948
Predicted tensors for test set: 
tensor([0.3776, 0.3738, 0.4323, 0.3658, 0.2707, 0.3931, 0.1448, 0.2775, 0.3694,
        0.3360, 0.4381, 0.1978, 0.3602, 0.3623, 0.4021, 0.3075, 0.3463, 0.3507])
Target tensorsfor test set: 
tensor([0.7125, 0.1360, 0.5102, 0.2394, 0.8363, 0.8728, 0.0763, 0.2271, 0.5178,
        0.5573, 0.7497, 0.4440, 0.7371, 0.7171, 0.1294, 0.3829, 0.3077, 0.7270])
Correlation for test set: 0.32696743953327956
18 5
Fold 5
Epoch: 00, Training Loss: 0.0834, Train MSE: 0.0834, r (train): -0.2332, Test MSE: 0.0892, r (test): -0.2103
Epoch: 01, Training Loss: 0.1298, Train MSE: 0.1298, r (train): -0.2772, Test MSE: 0.1481, r (test): -0.1670
Epoch: 02, Training Loss: 0.2276, Train MSE: 0.2276, r (train): 0.5159, Test MSE: 0.2621, r (test): 0.4133
Epoch: 03, Training Loss: 0.1440, Train MSE: 0.1440, r (train): 0.7279, Test MSE: 0.2008, r (test): 0.2800
Epoch: 04, Training Loss: 0.0754, Train MSE: 0.0754, r (train): 0.5541, Test MSE: 0.1209, r (test): 0.1928
Epoch: 05, Training Loss: 0.5398, Train MSE: 0.5398, r (train): 0.7714, Test MSE: 0.5186, r (test): 0.2188
Epoch: 06, Training Loss: 0.4556, Train MSE: 0.4556, r (train): 0.7657, Test MSE: 0.3998, r (test): 0.1491
Epoch: 07, Training Loss: 0.0429, Train MSE: 0.0429, r (train): 0.6456, Test MSE: 0.0644, r (test): 0.3326
Epoch: 08, Training Loss: 0.0430, Train MSE: 0.0430, r (train): 0.6954, Test MSE: 0.0823, r (test): 0.1994
Epoch: 09, Training Loss: 0.0626, Train MSE: 0.0626, r (train): 0.7757, Test MSE: 0.0873, r (test): 0.2007
Epoch: 10, Training Loss: 0.0346, Train MSE: 0.0346, r (train): 0.7510, Test MSE: 0.0617, r (test): 0.3463
Epoch: 11, Training Loss: 0.0305, Train MSE: 0.0305, r (train): 0.7705, Test MSE: 0.0807, r (test): 0.2579
Epoch: 12, Training Loss: 0.0329, Train MSE: 0.0329, r (train): 0.7610, Test MSE: 0.0682, r (test): 0.2767
Epoch: 13, Training Loss: 0.0333, Train MSE: 0.0333, r (train): 0.7767, Test MSE: 0.0798, r (test): 0.3252
Epoch: 14, Training Loss: 0.0402, Train MSE: 0.0402, r (train): 0.7806, Test MSE: 0.0940, r (test): 0.2955
Epoch: 15, Training Loss: 0.0342, Train MSE: 0.0342, r (train): 0.7347, Test MSE: 0.0676, r (test): 0.3585
Epoch: 16, Training Loss: 0.0455, Train MSE: 0.0455, r (train): 0.7446, Test MSE: 0.0962, r (test): 0.3499
Epoch: 17, Training Loss: 0.0326, Train MSE: 0.0326, r (train): 0.7580, Test MSE: 0.0707, r (test): 0.3571
Epoch: 18, Training Loss: 0.0397, Train MSE: 0.0397, r (train): 0.7353, Test MSE: 0.0767, r (test): 0.4125
Epoch: 19, Training Loss: 0.0428, Train MSE: 0.0428, r (train): 0.6814, Test MSE: 0.0835, r (test): 0.3141
Epoch: 20, Training Loss: 0.0368, Train MSE: 0.0368, r (train): 0.7386, Test MSE: 0.0628, r (test): 0.3413
Epoch: 21, Training Loss: 0.0323, Train MSE: 0.0323, r (train): 0.7498, Test MSE: 0.0658, r (test): 0.3525
Epoch: 22, Training Loss: 0.0435, Train MSE: 0.0435, r (train): 0.7025, Test MSE: 0.0806, r (test): 0.3837
Epoch: 23, Training Loss: 0.0434, Train MSE: 0.0434, r (train): 0.7035, Test MSE: 0.0591, r (test): 0.3551
Epoch: 24, Training Loss: 0.0396, Train MSE: 0.0396, r (train): 0.7348, Test MSE: 0.0633, r (test): 0.3419
Epoch: 25, Training Loss: 0.0343, Train MSE: 0.0343, r (train): 0.7462, Test MSE: 0.0614, r (test): 0.3402
Epoch: 26, Training Loss: 0.0617, Train MSE: 0.0617, r (train): 0.6475, Test MSE: 0.0981, r (test): 0.4689
Epoch: 27, Training Loss: 0.0332, Train MSE: 0.0332, r (train): 0.7466, Test MSE: 0.0671, r (test): 0.2968
Epoch: 28, Training Loss: 0.0311, Train MSE: 0.0311, r (train): 0.7685, Test MSE: 0.0659, r (test): 0.2727
Epoch: 29, Training Loss: 0.0448, Train MSE: 0.0448, r (train): 0.6842, Test MSE: 0.0860, r (test): 0.3468
Epoch: 30, Training Loss: 0.0530, Train MSE: 0.0530, r (train): 0.7552, Test MSE: 0.0746, r (test): 0.2419
Epoch: 31, Training Loss: 0.0405, Train MSE: 0.0405, r (train): 0.7470, Test MSE: 0.0903, r (test): 0.2945
Epoch: 32, Training Loss: 0.1649, Train MSE: 0.1649, r (train): 0.7361, Test MSE: 0.1510, r (test): 0.2433
Epoch: 33, Training Loss: 0.0409, Train MSE: 0.0409, r (train): 0.7446, Test MSE: 0.0989, r (test): 0.1831
Epoch: 34, Training Loss: 0.1507, Train MSE: 0.1507, r (train): 0.7732, Test MSE: 0.1544, r (test): 0.2553
Epoch: 35, Training Loss: 0.0305, Train MSE: 0.0305, r (train): 0.7688, Test MSE: 0.0843, r (test): 0.1008
Epoch: 36, Training Loss: 0.1734, Train MSE: 0.1734, r (train): 0.6323, Test MSE: 0.1308, r (test): 0.3219
Epoch: 37, Training Loss: 0.0339, Train MSE: 0.0339, r (train): 0.7381, Test MSE: 0.0718, r (test): 0.3372
Epoch: 38, Training Loss: 0.0711, Train MSE: 0.0711, r (train): 0.7150, Test MSE: 0.0828, r (test): 0.2747
Epoch: 39, Training Loss: 0.0641, Train MSE: 0.0641, r (train): 0.7044, Test MSE: 0.1095, r (test): 0.5176
Epoch: 40, Training Loss: 0.0356, Train MSE: 0.0356, r (train): 0.7438, Test MSE: 0.0703, r (test): 0.4024
Epoch: 41, Training Loss: 0.0758, Train MSE: 0.0758, r (train): 0.7022, Test MSE: 0.1280, r (test): 0.3912
Epoch: 42, Training Loss: 0.0353, Train MSE: 0.0353, r (train): 0.7212, Test MSE: 0.0618, r (test): 0.4305
Epoch: 43, Training Loss: 0.0337, Train MSE: 0.0337, r (train): 0.7517, Test MSE: 0.0654, r (test): 0.2901
Epoch: 44, Training Loss: 0.0349, Train MSE: 0.0349, r (train): 0.7422, Test MSE: 0.0738, r (test): 0.1716
Epoch: 45, Training Loss: 0.0594, Train MSE: 0.0594, r (train): 0.7496, Test MSE: 0.0673, r (test): 0.3798
Epoch: 46, Training Loss: 0.0415, Train MSE: 0.0415, r (train): 0.7523, Test MSE: 0.0622, r (test): 0.3136
Epoch: 47, Training Loss: 0.0440, Train MSE: 0.0440, r (train): 0.7372, Test MSE: 0.0800, r (test): 0.4472
Epoch: 48, Training Loss: 0.0533, Train MSE: 0.0533, r (train): 0.7239, Test MSE: 0.1057, r (test): 0.3871
Epoch: 49, Training Loss: 0.0387, Train MSE: 0.0387, r (train): 0.7595, Test MSE: 0.0689, r (test): 0.2134
Epoch: 50, Training Loss: 0.0782, Train MSE: 0.0782, r (train): 0.7691, Test MSE: 0.0819, r (test): 0.3242
Epoch: 51, Training Loss: 0.0342, Train MSE: 0.0342, r (train): 0.7496, Test MSE: 0.0598, r (test): 0.3706
Epoch: 52, Training Loss: 0.0810, Train MSE: 0.0810, r (train): 0.7289, Test MSE: 0.1503, r (test): 0.3659
Epoch: 53, Training Loss: 0.0353, Train MSE: 0.0353, r (train): 0.7377, Test MSE: 0.0734, r (test): 0.3682
Epoch: 54, Training Loss: 0.0349, Train MSE: 0.0349, r (train): 0.7329, Test MSE: 0.0589, r (test): 0.3937
Epoch: 55, Training Loss: 0.0319, Train MSE: 0.0319, r (train): 0.7675, Test MSE: 0.0817, r (test): 0.2387
Epoch: 56, Training Loss: 0.0438, Train MSE: 0.0438, r (train): 0.7450, Test MSE: 0.0611, r (test): 0.3180
Epoch: 57, Training Loss: 0.0476, Train MSE: 0.0476, r (train): 0.7163, Test MSE: 0.0920, r (test): 0.3795
Epoch: 58, Training Loss: 0.0358, Train MSE: 0.0358, r (train): 0.7353, Test MSE: 0.0748, r (test): 0.3532
Epoch: 59, Training Loss: 0.0380, Train MSE: 0.0380, r (train): 0.7350, Test MSE: 0.0621, r (test): 0.3353
Epoch: 60, Training Loss: 0.0460, Train MSE: 0.0460, r (train): 0.7586, Test MSE: 0.0637, r (test): 0.2992
Epoch: 61, Training Loss: 0.0326, Train MSE: 0.0326, r (train): 0.7546, Test MSE: 0.0595, r (test): 0.3683
Epoch: 62, Training Loss: 0.1132, Train MSE: 0.1132, r (train): 0.6795, Test MSE: 0.1784, r (test): 0.4374
Epoch: 63, Training Loss: 0.0426, Train MSE: 0.0426, r (train): 0.7491, Test MSE: 0.0672, r (test): 0.2318
Epoch: 64, Training Loss: 0.0649, Train MSE: 0.0649, r (train): 0.7464, Test MSE: 0.0708, r (test): 0.3414
Epoch: 65, Training Loss: 0.0343, Train MSE: 0.0343, r (train): 0.7367, Test MSE: 0.0642, r (test): 0.3471
Epoch: 66, Training Loss: 0.0608, Train MSE: 0.0608, r (train): 0.7499, Test MSE: 0.1249, r (test): 0.3162
Epoch: 67, Training Loss: 0.0374, Train MSE: 0.0374, r (train): 0.7458, Test MSE: 0.0615, r (test): 0.3094
Epoch: 68, Training Loss: 0.0324, Train MSE: 0.0324, r (train): 0.7540, Test MSE: 0.0743, r (test): 0.3182
Epoch: 69, Training Loss: 0.0398, Train MSE: 0.0398, r (train): 0.7508, Test MSE: 0.0942, r (test): 0.2867
Epoch: 70, Training Loss: 0.0325, Train MSE: 0.0325, r (train): 0.7518, Test MSE: 0.0624, r (test): 0.3516
Epoch: 71, Training Loss: 0.0322, Train MSE: 0.0322, r (train): 0.7483, Test MSE: 0.0635, r (test): 0.3537
Epoch: 72, Training Loss: 0.0349, Train MSE: 0.0349, r (train): 0.7442, Test MSE: 0.0851, r (test): 0.2336
Epoch: 73, Training Loss: 0.0419, Train MSE: 0.0419, r (train): 0.7273, Test MSE: 0.0931, r (test): 0.2988
Epoch: 74, Training Loss: 0.0356, Train MSE: 0.0356, r (train): 0.7440, Test MSE: 0.0610, r (test): 0.3270
Epoch: 75, Training Loss: 0.0319, Train MSE: 0.0319, r (train): 0.7519, Test MSE: 0.0670, r (test): 0.3034
Epoch: 76, Training Loss: 0.0522, Train MSE: 0.0522, r (train): 0.7169, Test MSE: 0.1101, r (test): 0.2980
Epoch: 77, Training Loss: 0.0821, Train MSE: 0.0821, r (train): 0.7516, Test MSE: 0.0807, r (test): 0.2633
Epoch: 78, Training Loss: 0.0334, Train MSE: 0.0334, r (train): 0.7599, Test MSE: 0.0692, r (test): 0.2021
Epoch: 79, Training Loss: 0.0500, Train MSE: 0.0500, r (train): 0.7155, Test MSE: 0.0980, r (test): 0.3870
Epoch: 80, Training Loss: 0.0313, Train MSE: 0.0313, r (train): 0.7595, Test MSE: 0.0712, r (test): 0.2697
Epoch: 81, Training Loss: 0.0319, Train MSE: 0.0319, r (train): 0.7508, Test MSE: 0.0645, r (test): 0.3443
Epoch: 82, Training Loss: 0.0335, Train MSE: 0.0335, r (train): 0.7396, Test MSE: 0.0632, r (test): 0.3441
Epoch: 83, Training Loss: 0.0518, Train MSE: 0.0518, r (train): 0.7111, Test MSE: 0.1171, r (test): 0.2380
Epoch: 84, Training Loss: 0.0330, Train MSE: 0.0330, r (train): 0.7579, Test MSE: 0.0632, r (test): 0.3153
Epoch: 85, Training Loss: 0.0351, Train MSE: 0.0351, r (train): 0.7251, Test MSE: 0.0615, r (test): 0.3861
Epoch: 86, Training Loss: 0.0372, Train MSE: 0.0372, r (train): 0.7705, Test MSE: 0.0675, r (test): 0.2143
Epoch: 87, Training Loss: 0.0424, Train MSE: 0.0424, r (train): 0.7440, Test MSE: 0.0966, r (test): 0.3074
Epoch: 88, Training Loss: 0.0349, Train MSE: 0.0349, r (train): 0.7334, Test MSE: 0.0703, r (test): 0.2081
Epoch: 89, Training Loss: 0.0346, Train MSE: 0.0346, r (train): 0.7381, Test MSE: 0.0721, r (test): 0.3539
Epoch: 90, Training Loss: 0.0326, Train MSE: 0.0326, r (train): 0.7547, Test MSE: 0.0712, r (test): 0.3615
Epoch: 91, Training Loss: 0.0404, Train MSE: 0.0404, r (train): 0.7605, Test MSE: 0.0630, r (test): 0.2862
Epoch: 92, Training Loss: 0.0306, Train MSE: 0.0306, r (train): 0.7735, Test MSE: 0.0637, r (test): 0.2981
Epoch: 93, Training Loss: 0.0585, Train MSE: 0.0585, r (train): 0.7361, Test MSE: 0.0717, r (test): 0.1846
Epoch: 94, Training Loss: 0.0321, Train MSE: 0.0321, r (train): 0.7606, Test MSE: 0.0793, r (test): 0.2790
Epoch: 95, Training Loss: 0.0294, Train MSE: 0.0294, r (train): 0.7775, Test MSE: 0.0717, r (test): 0.2590
Epoch: 96, Training Loss: 0.0565, Train MSE: 0.0565, r (train): 0.7476, Test MSE: 0.0640, r (test): 0.3835
Epoch: 97, Training Loss: 0.0325, Train MSE: 0.0325, r (train): 0.7767, Test MSE: 0.0878, r (test): 0.2111
Epoch: 98, Training Loss: 0.0537, Train MSE: 0.0537, r (train): 0.7448, Test MSE: 0.0716, r (test): 0.1515
Epoch: 99, Training Loss: 0.0774, Train MSE: 0.0774, r (train): 0.7457, Test MSE: 0.1442, r (test): 0.3548
Predicted tensors for training set: 
tensor([ 0.5278, -0.0355,  0.3702,  0.3166,  0.6067,  0.3600,  0.1110,  0.3986,
         0.4503,  0.3454,  0.0408,  0.6207,  0.3140,  0.1284,  0.2479,  0.2867,
         0.4105,  0.1479,  0.3226,  0.5510,  0.4637,  0.4687,  0.2055,  0.0149,
         0.5474,  0.3249,  0.2976,  0.1355,  0.4661,  0.2545,  0.1405,  0.3419,
         0.5282,  0.4175, -0.0735,  0.4570,  0.8976,  0.4791,  0.1624,  0.1605,
         0.2307,  0.1012,  0.5954,  0.3227,  0.2926,  0.5376,  0.2216,  0.2555,
         0.3976,  0.3208,  0.4472,  0.2721,  0.3412,  0.6277,  0.3905, -0.0230,
         0.2596,  0.1106,  0.5470,  0.5488,  0.0854,  0.1909,  0.4139,  0.4648,
         0.3766,  0.1109,  0.3209,  0.2890,  0.1074,  0.3181,  0.2923,  0.6183])
Target tensorsfor training set: 
tensor([0.8988, 0.1218, 0.7507, 0.6671, 0.8453, 0.5779, 0.2464, 0.5719, 0.5564,
        0.4513, 0.0478, 0.7791, 0.8391, 0.5658, 0.7372, 0.8556, 0.3309, 0.0246,
        0.2169, 0.4818, 0.9127, 0.9072, 0.5300, 0.2649, 0.9656, 0.6595, 0.7144,
        0.4993, 0.9215, 0.6465, 0.4640, 0.7901, 0.9492, 0.8418, 0.1493, 0.9117,
        0.8561, 0.4373, 0.0981, 0.1055, 0.2916, 0.1295, 0.6846, 0.4036, 0.3174,
        0.5780, 0.2255, 0.2594, 0.6240, 0.5220, 0.6577, 0.4341, 0.6576, 0.9535,
        0.7125, 0.1360, 0.5102, 0.2394, 0.8363, 0.8728, 0.0763, 0.2271, 0.5178,
        0.5573, 0.7497, 0.4440, 0.7371, 0.7171, 0.1294, 0.3829, 0.3077, 0.7270])
Correlation for training set: 0.745672761824746
Predicted tensors for test set: 
tensor([0.2334, 0.2508, 0.3116, 0.4588, 0.2053, 0.3662, 0.3680, 0.2572, 0.1627,
        0.2662, 0.3651, 0.3273, 0.3169, 0.2942, 0.4146, 0.2052, 0.1683, 0.3306])
Target tensorsfor test set: 
tensor([0.5187, 0.5023, 0.7950, 0.8411, 0.4149, 0.9150, 0.6199, 0.6992, 0.0389,
        0.7596, 0.8524, 0.4526, 0.4654, 0.0636, 0.7462, 0.5783, 0.9621, 0.3453])
Correlation for test set: 0.35477500210553287
Validation set predictions (100 folds): [tensor([0.4101, 0.4079, 0.5644, 0.4391, 0.6124, 0.6140, 0.4018, 0.6439, 0.4725,
        0.6223, 0.3767, 0.5586, 0.4571, 0.6008, 0.5254, 0.3795, 0.4525, 0.6552]), tensor([0.6801, 0.7382, 0.8064, 0.5895, 0.6795, 0.4283, 0.4134, 0.5599, 0.8045,
        0.5868, 0.6424, 0.6048, 0.7237, 0.6413, 0.7608, 0.7079, 0.5521, 0.6876]), tensor([0.8299, 0.7039, 0.5580, 0.8085, 0.6852, 0.4677, 0.7011, 0.6385, 0.6043,
        0.6120, 0.5585, 0.3674, 0.7122, 0.8969, 0.5495, 0.5703, 0.6894, 0.5993]), tensor([0.3776, 0.3738, 0.4323, 0.3658, 0.2707, 0.3931, 0.1448, 0.2775, 0.3694,
        0.3360, 0.4381, 0.1978, 0.3602, 0.3623, 0.4021, 0.3075, 0.3463, 0.3507]), tensor([0.2334, 0.2508, 0.3116, 0.4588, 0.2053, 0.3662, 0.3680, 0.2572, 0.1627,
        0.2662, 0.3651, 0.3273, 0.3169, 0.2942, 0.4146, 0.2052, 0.1683, 0.3306])]
Validation set targets (100 folds): [tensor([0.8988, 0.1218, 0.7507, 0.6671, 0.8453, 0.5779, 0.2464, 0.5719, 0.5564,
        0.4513, 0.0478, 0.7791, 0.8391, 0.5658, 0.7372, 0.8556, 0.3309, 0.0246]), tensor([0.2169, 0.4818, 0.9127, 0.9072, 0.5300, 0.2649, 0.9656, 0.6595, 0.7144,
        0.4993, 0.9215, 0.6465, 0.4640, 0.7901, 0.9492, 0.8418, 0.1493, 0.9117]), tensor([0.8561, 0.4373, 0.0981, 0.1055, 0.2916, 0.1295, 0.6846, 0.4036, 0.3174,
        0.5780, 0.2255, 0.2594, 0.6240, 0.5220, 0.6577, 0.4341, 0.6576, 0.9535]), tensor([0.7125, 0.1360, 0.5102, 0.2394, 0.8363, 0.8728, 0.0763, 0.2271, 0.5178,
        0.5573, 0.7497, 0.4440, 0.7371, 0.7171, 0.1294, 0.3829, 0.3077, 0.7270]), tensor([0.5187, 0.5023, 0.7950, 0.8411, 0.4149, 0.9150, 0.6199, 0.6992, 0.0389,
        0.7596, 0.8524, 0.4526, 0.4654, 0.0636, 0.7462, 0.5783, 0.9621, 0.3453])]
Time taken: 18362.690538406372 seconds
