DenseNet_entorhinal_65.py
/apps/monai/MONAI0.8.1/lib/python3.9/site-packages/torch/cuda/__init__.py:143: UserWarning: 
NVIDIA B200 with CUDA capability sm_100 is not compatible with the current PyTorch installation.
The current PyTorch install supports CUDA capabilities sm_37 sm_50 sm_60 sm_61 sm_70 sm_75 sm_80 sm_86 compute_37.
If you want to use the NVIDIA B200 GPU with PyTorch, please check the instructions at https://pytorch.org/get-started/locally/

  warnings.warn(incompatible_device_warn.format(device_name, capability, " ".join(arch_list), device_name))
90
Image shape: torch.Size([256, 256, 256])
Label: 0.898762669

Image shape: torch.Size([256, 256, 256])
Label: 0.121809436

Image shape: torch.Size([256, 256, 256])
Label: 0.750732335

Image shape: torch.Size([256, 256, 256])
Label: 0.667105602

Image shape: torch.Size([256, 256, 256])
Label: 0.845253622

Image shape: torch.Size([256, 256, 256])
Label: 0.577850585

Image shape: torch.Size([256, 256, 256])
Label: 0.246363884

Image shape: torch.Size([256, 256, 256])
Label: 0.571907479

Image shape: torch.Size([256, 256, 256])
Label: 0.55641775

Image shape: torch.Size([256, 256, 256])
Label: 0.451287356

Image shape: torch.Size([256, 256, 256])
Label: 0.047813956

Image shape: torch.Size([256, 256, 256])
Label: 0.779103135

Image shape: torch.Size([256, 256, 256])
Label: 0.839077585

Image shape: torch.Size([256, 256, 256])
Label: 0.565846925

Image shape: torch.Size([256, 256, 256])
Label: 0.737192172

Image shape: torch.Size([256, 256, 256])
Label: 0.855579732

Image shape: torch.Size([256, 256, 256])
Label: 0.330926406

Image shape: torch.Size([256, 256, 256])
Label: 0.024634435

Image shape: torch.Size([256, 256, 256])
Label: 0.216921218

Image shape: torch.Size([256, 256, 256])
Label: 0.48182514

Image shape: torch.Size([256, 256, 256])
Label: 0.91273199

Image shape: torch.Size([256, 256, 256])
Label: 0.907159832

Image shape: torch.Size([256, 256, 256])
Label: 0.529961465

Image shape: torch.Size([256, 256, 256])
Label: 0.26490909

Image shape: torch.Size([256, 256, 256])
Label: 0.965645278

Image shape: torch.Size([256, 256, 256])
Label: 0.659493008

Image shape: torch.Size([256, 256, 256])
Label: 0.714356234

Image shape: torch.Size([256, 256, 256])
Label: 0.499347098

Image shape: torch.Size([256, 256, 256])
Label: 0.92154251

Image shape: torch.Size([256, 256, 256])
Label: 0.646490545

Image shape: torch.Size([256, 256, 256])
Label: 0.463984431

Image shape: torch.Size([256, 256, 256])
Label: 0.790096101

Image shape: torch.Size([256, 256, 256])
Label: 0.949166278

Image shape: torch.Size([256, 256, 256])
Label: 0.841767741

Image shape: torch.Size([256, 256, 256])
Label: 0.14931566

Image shape: torch.Size([256, 256, 256])
Label: 0.911671093

Image shape: torch.Size([256, 256, 256])
Label: 0.856107326

Image shape: torch.Size([256, 256, 256])
Label: 0.437273408

Image shape: torch.Size([256, 256, 256])
Label: 0.098052496

Image shape: torch.Size([256, 256, 256])
Label: 0.105524477

Image shape: torch.Size([256, 256, 256])
Label: 0.291630426

Image shape: torch.Size([256, 256, 256])
Label: 0.129485328

Image shape: torch.Size([256, 256, 256])
Label: 0.684642475

Image shape: torch.Size([256, 256, 256])
Label: 0.403550924

Image shape: torch.Size([256, 256, 256])
Label: 0.31742745

Image shape: torch.Size([256, 256, 256])
Label: 0.57804499

Image shape: torch.Size([256, 256, 256])
Label: 0.225463904

Image shape: torch.Size([256, 256, 256])
Label: 0.259369175

Image shape: torch.Size([256, 256, 256])
Label: 0.623989995

Image shape: torch.Size([256, 256, 256])
Label: 0.522016133

Image shape: torch.Size([256, 256, 256])
Label: 0.657691961

Image shape: torch.Size([256, 256, 256])
Label: 0.43409457

Image shape: torch.Size([256, 256, 256])
Label: 0.657623403

Image shape: torch.Size([256, 256, 256])
Label: 0.953465465

Image shape: torch.Size([256, 256, 256])
Label: 0.712524369

Image shape: torch.Size([256, 256, 256])
Label: 0.136048492

Image shape: torch.Size([256, 256, 256])
Label: 0.510151238

Image shape: torch.Size([256, 256, 256])
Label: 0.239393515

Image shape: torch.Size([256, 256, 256])
Label: 0.836265129

Image shape: torch.Size([256, 256, 256])
Label: 0.872805901

Image shape: torch.Size([256, 256, 256])
Label: 0.076332172

Image shape: torch.Size([256, 256, 256])
Label: 0.227116465

Image shape: torch.Size([256, 256, 256])
Label: 0.517802514

Image shape: torch.Size([256, 256, 256])
Label: 0.55726975

Image shape: torch.Size([256, 256, 256])
Label: 0.749740575

Image shape: torch.Size([256, 256, 256])
Label: 0.444012353

Image shape: torch.Size([256, 256, 256])
Label: 0.737099236

Image shape: torch.Size([256, 256, 256])
Label: 0.717144575

Image shape: torch.Size([256, 256, 256])
Label: 0.129379513

Image shape: torch.Size([256, 256, 256])
Label: 0.382857646

Image shape: torch.Size([256, 256, 256])
Label: 0.307667842

Image shape: torch.Size([256, 256, 256])
Label: 0.727035333

Image shape: torch.Size([256, 256, 256])
Label: 0.518716963

Image shape: torch.Size([256, 256, 256])
Label: 0.502254367

Image shape: torch.Size([256, 256, 256])
Label: 0.794978716

Image shape: torch.Size([256, 256, 256])
Label: 0.841130428

Image shape: torch.Size([256, 256, 256])
Label: 0.414935686

Image shape: torch.Size([256, 256, 256])
Label: 0.91498566

Image shape: torch.Size([256, 256, 256])
Label: 0.619874898

Image shape: torch.Size([256, 256, 256])
Label: 0.699213269

Image shape: torch.Size([256, 256, 256])
Label: 0.038874365

Image shape: torch.Size([256, 256, 256])
Label: 0.759624831

Image shape: torch.Size([256, 256, 256])
Label: 0.852431609

Image shape: torch.Size([256, 256, 256])
Label: 0.452638778

Image shape: torch.Size([256, 256, 256])
Label: 0.46544507

Image shape: torch.Size([256, 256, 256])
Label: 0.063583908

Image shape: torch.Size([256, 256, 256])
Label: 0.746225617

Image shape: torch.Size([256, 256, 256])
Label: 0.578327051

Image shape: torch.Size([256, 256, 256])
Label: 0.962135747

Image shape: torch.Size([256, 256, 256])
Label: 0.34531344

18 5
Fold 1
Epoch: 00, Training Loss: 0.0759, Train MSE: 0.0759, r (train): -0.2741, Test MSE: 0.0821, r (test): -0.1974
Epoch: 01, Training Loss: 0.0769, Train MSE: 0.0769, r (train): -0.2596, Test MSE: 0.0828, r (test): -0.0984
Epoch: 02, Training Loss: 0.1075, Train MSE: 0.1075, r (train): -0.1918, Test MSE: 0.1144, r (test): -0.0330
Epoch: 03, Training Loss: 0.1385, Train MSE: 0.1385, r (train): 0.3757, Test MSE: 0.1503, r (test): 0.4064
Epoch: 04, Training Loss: 0.7280, Train MSE: 0.7280, r (train): 0.5735, Test MSE: 0.9540, r (test): 0.1582
Epoch: 05, Training Loss: 0.1958, Train MSE: 0.1958, r (train): 0.6747, Test MSE: 0.2183, r (test): 0.3965
Epoch: 06, Training Loss: 0.0650, Train MSE: 0.0650, r (train): 0.6301, Test MSE: 0.1133, r (test): 0.3058
Epoch: 07, Training Loss: 0.6200, Train MSE: 0.6200, r (train): 0.6634, Test MSE: 0.7474, r (test): 0.2422
Epoch: 08, Training Loss: 0.1096, Train MSE: 0.1096, r (train): 0.7189, Test MSE: 0.1626, r (test): 0.2663
Epoch: 09, Training Loss: 0.0329, Train MSE: 0.0329, r (train): 0.7341, Test MSE: 0.0747, r (test): 0.3172
Epoch: 10, Training Loss: 0.2102, Train MSE: 0.2102, r (train): 0.7350, Test MSE: 0.2874, r (test): 0.2251
Epoch: 11, Training Loss: 0.0591, Train MSE: 0.0591, r (train): 0.7944, Test MSE: 0.1142, r (test): 0.2947
Epoch: 12, Training Loss: 0.1775, Train MSE: 0.1775, r (train): 0.7709, Test MSE: 0.2463, r (test): 0.2812
Epoch: 13, Training Loss: 0.0784, Train MSE: 0.0784, r (train): 0.8122, Test MSE: 0.1376, r (test): 0.2946
Epoch: 14, Training Loss: 0.0276, Train MSE: 0.0276, r (train): 0.8036, Test MSE: 0.0790, r (test): 0.2831
Epoch: 15, Training Loss: 0.0230, Train MSE: 0.0230, r (train): 0.8254, Test MSE: 0.0781, r (test): 0.2791
Epoch: 16, Training Loss: 0.0386, Train MSE: 0.0386, r (train): 0.8006, Test MSE: 0.0942, r (test): 0.2722
Epoch: 17, Training Loss: 0.0256, Train MSE: 0.0256, r (train): 0.8101, Test MSE: 0.0796, r (test): 0.2685
Epoch: 18, Training Loss: 0.0448, Train MSE: 0.0448, r (train): 0.8032, Test MSE: 0.1052, r (test): 0.2822
Epoch: 19, Training Loss: 0.0318, Train MSE: 0.0318, r (train): 0.7739, Test MSE: 0.0785, r (test): 0.2437
Epoch: 20, Training Loss: 0.0300, Train MSE: 0.0300, r (train): 0.7909, Test MSE: 0.0810, r (test): 0.2753
Epoch: 21, Training Loss: 0.0320, Train MSE: 0.0320, r (train): 0.7779, Test MSE: 0.0829, r (test): 0.2515
Epoch: 22, Training Loss: 0.0286, Train MSE: 0.0286, r (train): 0.7767, Test MSE: 0.0827, r (test): 0.1853
Epoch: 23, Training Loss: 0.0336, Train MSE: 0.0336, r (train): 0.7932, Test MSE: 0.0840, r (test): 0.2612
Epoch: 24, Training Loss: 0.0547, Train MSE: 0.0547, r (train): 0.7652, Test MSE: 0.1165, r (test): 0.2673
Epoch: 25, Training Loss: 0.0308, Train MSE: 0.0308, r (train): 0.7992, Test MSE: 0.0824, r (test): 0.2544
Epoch: 26, Training Loss: 0.0394, Train MSE: 0.0394, r (train): 0.7780, Test MSE: 0.0909, r (test): 0.2502
Epoch: 27, Training Loss: 0.0531, Train MSE: 0.0531, r (train): 0.7714, Test MSE: 0.1076, r (test): 0.2380
Epoch: 28, Training Loss: 0.1258, Train MSE: 0.1258, r (train): 0.7776, Test MSE: 0.1661, r (test): 0.2336
Epoch: 29, Training Loss: 0.0531, Train MSE: 0.0531, r (train): 0.7831, Test MSE: 0.1123, r (test): 0.2290
Epoch: 30, Training Loss: 0.0377, Train MSE: 0.0377, r (train): 0.7516, Test MSE: 0.0869, r (test): 0.2064
Epoch: 31, Training Loss: 0.1971, Train MSE: 0.1971, r (train): 0.7761, Test MSE: 0.2643, r (test): 0.2316
Epoch: 32, Training Loss: 0.0619, Train MSE: 0.0619, r (train): 0.7909, Test MSE: 0.1305, r (test): 0.2245
Epoch: 33, Training Loss: 0.0336, Train MSE: 0.0336, r (train): 0.7795, Test MSE: 0.0856, r (test): 0.1936
Epoch: 34, Training Loss: 0.0386, Train MSE: 0.0386, r (train): 0.7919, Test MSE: 0.0925, r (test): 0.2183
Epoch: 35, Training Loss: 0.0295, Train MSE: 0.0295, r (train): 0.8062, Test MSE: 0.0878, r (test): 0.1847
Epoch: 36, Training Loss: 0.0361, Train MSE: 0.0361, r (train): 0.7979, Test MSE: 0.0927, r (test): 0.1927
Epoch: 37, Training Loss: 0.0276, Train MSE: 0.0276, r (train): 0.7843, Test MSE: 0.0804, r (test): 0.2085
Epoch: 38, Training Loss: 0.0276, Train MSE: 0.0276, r (train): 0.7939, Test MSE: 0.0833, r (test): 0.2258
Epoch: 39, Training Loss: 0.0714, Train MSE: 0.0714, r (train): 0.7746, Test MSE: 0.1287, r (test): 0.2313
Epoch: 40, Training Loss: 0.1083, Train MSE: 0.1083, r (train): 0.7314, Test MSE: 0.1745, r (test): 0.2233
Epoch: 41, Training Loss: 0.0651, Train MSE: 0.0651, r (train): 0.7683, Test MSE: 0.1158, r (test): 0.2366
Epoch: 42, Training Loss: 0.0461, Train MSE: 0.0461, r (train): 0.7699, Test MSE: 0.0978, r (test): 0.2436
Epoch: 43, Training Loss: 0.0569, Train MSE: 0.0569, r (train): 0.7925, Test MSE: 0.1123, r (test): 0.2109
Epoch: 44, Training Loss: 0.4878, Train MSE: 0.4878, r (train): 0.7396, Test MSE: 0.5717, r (test): 0.2032
Epoch: 45, Training Loss: 0.0929, Train MSE: 0.0929, r (train): 0.7318, Test MSE: 0.1604, r (test): 0.1944
Epoch: 46, Training Loss: 0.0345, Train MSE: 0.0345, r (train): 0.7794, Test MSE: 0.0886, r (test): 0.1851
Epoch: 47, Training Loss: 0.0778, Train MSE: 0.0778, r (train): 0.7719, Test MSE: 0.1346, r (test): 0.1713
Epoch: 48, Training Loss: 0.0320, Train MSE: 0.0320, r (train): 0.7851, Test MSE: 0.0919, r (test): 0.2141
Epoch: 49, Training Loss: 0.0499, Train MSE: 0.0499, r (train): 0.7647, Test MSE: 0.1130, r (test): 0.1852
Epoch: 50, Training Loss: 0.0328, Train MSE: 0.0328, r (train): 0.7918, Test MSE: 0.0849, r (test): 0.2156
Epoch: 51, Training Loss: 0.0267, Train MSE: 0.0267, r (train): 0.8241, Test MSE: 0.0930, r (test): 0.1843
Epoch: 52, Training Loss: 0.1589, Train MSE: 0.1589, r (train): 0.7428, Test MSE: 0.2031, r (test): 0.1583
Epoch: 53, Training Loss: 0.0300, Train MSE: 0.0300, r (train): 0.7843, Test MSE: 0.0837, r (test): 0.1890
Epoch: 54, Training Loss: 0.0279, Train MSE: 0.0279, r (train): 0.7824, Test MSE: 0.0780, r (test): 0.2469
Epoch: 55, Training Loss: 0.0257, Train MSE: 0.0257, r (train): 0.8007, Test MSE: 0.0787, r (test): 0.2166
Epoch: 56, Training Loss: 0.0383, Train MSE: 0.0383, r (train): 0.7946, Test MSE: 0.1054, r (test): 0.1790
Epoch: 57, Training Loss: 0.0280, Train MSE: 0.0280, r (train): 0.7844, Test MSE: 0.0896, r (test): 0.1638
Epoch: 58, Training Loss: 0.0374, Train MSE: 0.0374, r (train): 0.7601, Test MSE: 0.0872, r (test): 0.1662
Epoch: 59, Training Loss: 0.0386, Train MSE: 0.0386, r (train): 0.7906, Test MSE: 0.0916, r (test): 0.2599
Epoch: 60, Training Loss: 0.0264, Train MSE: 0.0264, r (train): 0.8011, Test MSE: 0.0798, r (test): 0.2038
Epoch: 61, Training Loss: 0.0362, Train MSE: 0.0362, r (train): 0.7972, Test MSE: 0.0993, r (test): 0.2107
Epoch: 62, Training Loss: 0.0320, Train MSE: 0.0320, r (train): 0.7654, Test MSE: 0.0867, r (test): 0.1983
Epoch: 63, Training Loss: 0.0330, Train MSE: 0.0330, r (train): 0.7605, Test MSE: 0.0883, r (test): 0.1892
Epoch: 64, Training Loss: 0.0813, Train MSE: 0.0813, r (train): 0.7760, Test MSE: 0.1344, r (test): 0.2571
Epoch: 65, Training Loss: 0.0284, Train MSE: 0.0284, r (train): 0.8082, Test MSE: 0.0873, r (test): 0.1744
Epoch: 66, Training Loss: 0.0385, Train MSE: 0.0385, r (train): 0.7561, Test MSE: 0.0876, r (test): 0.1836
Epoch: 67, Training Loss: 0.0454, Train MSE: 0.0454, r (train): 0.7602, Test MSE: 0.1141, r (test): 0.1544
Epoch: 68, Training Loss: 0.0412, Train MSE: 0.0412, r (train): 0.7790, Test MSE: 0.0909, r (test): 0.2302
Epoch: 69, Training Loss: 0.0240, Train MSE: 0.0240, r (train): 0.8168, Test MSE: 0.0833, r (test): 0.1806
Epoch: 70, Training Loss: 0.0321, Train MSE: 0.0321, r (train): 0.7590, Test MSE: 0.0830, r (test): 0.1585
Epoch: 71, Training Loss: 0.0439, Train MSE: 0.0439, r (train): 0.7588, Test MSE: 0.1103, r (test): 0.1562
Epoch: 72, Training Loss: 0.0415, Train MSE: 0.0415, r (train): 0.7826, Test MSE: 0.0910, r (test): 0.2429
Epoch: 73, Training Loss: 0.0236, Train MSE: 0.0236, r (train): 0.8210, Test MSE: 0.0842, r (test): 0.1613
Epoch: 74, Training Loss: 0.0299, Train MSE: 0.0299, r (train): 0.7733, Test MSE: 0.0872, r (test): 0.1339
Epoch: 75, Training Loss: 0.0314, Train MSE: 0.0314, r (train): 0.7616, Test MSE: 0.0848, r (test): 0.1768
Epoch: 76, Training Loss: 0.0339, Train MSE: 0.0339, r (train): 0.7661, Test MSE: 0.0798, r (test): 0.2490
Epoch: 77, Training Loss: 0.0298, Train MSE: 0.0298, r (train): 0.8252, Test MSE: 0.1020, r (test): 0.1255
Epoch: 78, Training Loss: 0.0391, Train MSE: 0.0391, r (train): 0.8003, Test MSE: 0.0931, r (test): 0.1737
Epoch: 79, Training Loss: 0.0319, Train MSE: 0.0319, r (train): 0.7857, Test MSE: 0.0894, r (test): 0.1768
Epoch: 80, Training Loss: 0.1572, Train MSE: 0.1572, r (train): 0.7458, Test MSE: 0.2134, r (test): 0.1895
Epoch: 81, Training Loss: 0.0786, Train MSE: 0.0786, r (train): 0.7956, Test MSE: 0.1712, r (test): 0.0908
Epoch: 82, Training Loss: 0.0273, Train MSE: 0.0273, r (train): 0.7978, Test MSE: 0.0839, r (test): 0.1652
Epoch: 83, Training Loss: 0.0301, Train MSE: 0.0301, r (train): 0.7650, Test MSE: 0.0836, r (test): 0.1461
Epoch: 84, Training Loss: 0.0675, Train MSE: 0.0675, r (train): 0.7334, Test MSE: 0.1062, r (test): 0.1624
Epoch: 85, Training Loss: 0.0281, Train MSE: 0.0281, r (train): 0.8166, Test MSE: 0.1005, r (test): 0.1672
Epoch: 86, Training Loss: 0.0367, Train MSE: 0.0367, r (train): 0.7890, Test MSE: 0.0902, r (test): 0.1275
Epoch: 87, Training Loss: 0.0372, Train MSE: 0.0372, r (train): 0.7780, Test MSE: 0.0960, r (test): 0.1622
Epoch: 88, Training Loss: 0.0460, Train MSE: 0.0460, r (train): 0.7541, Test MSE: 0.0933, r (test): 0.1710
Epoch: 89, Training Loss: 0.0319, Train MSE: 0.0319, r (train): 0.7743, Test MSE: 0.0827, r (test): 0.2102
Epoch: 90, Training Loss: 0.0263, Train MSE: 0.0263, r (train): 0.8125, Test MSE: 0.0915, r (test): 0.1689
Epoch: 91, Training Loss: 0.0333, Train MSE: 0.0333, r (train): 0.7997, Test MSE: 0.0842, r (test): 0.1753
Epoch: 92, Training Loss: 0.0450, Train MSE: 0.0450, r (train): 0.7792, Test MSE: 0.1113, r (test): 0.1696
Epoch: 93, Training Loss: 0.0593, Train MSE: 0.0593, r (train): 0.7420, Test MSE: 0.1029, r (test): 0.1937
Epoch: 94, Training Loss: 0.0534, Train MSE: 0.0534, r (train): 0.8049, Test MSE: 0.0983, r (test): 0.2099
Epoch: 95, Training Loss: 0.0332, Train MSE: 0.0332, r (train): 0.7996, Test MSE: 0.1071, r (test): 0.1067
Epoch: 96, Training Loss: 0.0280, Train MSE: 0.0280, r (train): 0.7826, Test MSE: 0.0800, r (test): 0.1757
Epoch: 97, Training Loss: 0.0355, Train MSE: 0.0355, r (train): 0.7140, Test MSE: 0.0814, r (test): 0.1548
Epoch: 98, Training Loss: 0.0498, Train MSE: 0.0498, r (train): 0.7824, Test MSE: 0.0897, r (test): 0.2431
Epoch: 99, Training Loss: 0.0710, Train MSE: 0.0710, r (train): 0.7930, Test MSE: 0.1180, r (test): 0.1847
Predicted tensors for training set: 
tensor([0.2474, 0.6018, 0.9148, 1.0152, 0.5106, 0.2498, 0.9215, 0.6240, 0.9055,
        0.7281, 1.1713, 0.8245, 0.5067, 0.8099, 1.0166, 0.7740, 0.2048, 1.0728,
        0.9558, 0.4812, 0.5467, 0.6977, 1.2069, 0.9448, 1.1240, 0.6529, 0.5805,
        0.9510, 0.5057, 0.5406, 1.0670, 0.9363, 0.6457, 0.4619, 0.7116, 1.0912,
        1.0319, 0.3114, 0.7943, 0.6147, 1.0966, 1.2329, 0.2283, 0.4348, 0.6696,
        0.6833, 1.0042, 0.5563, 0.9782, 1.0044, 0.2871, 0.5484, 0.4154, 0.8003,
        0.5842, 0.5492, 0.9748, 1.0014, 0.5504, 0.9748, 0.8702, 0.8005, 0.2037,
        1.0144, 1.3632, 0.7846, 0.6932, 0.2485, 0.9336, 0.7128, 1.1988, 0.4698])
Target tensorsfor training set: 
tensor([0.2169, 0.4818, 0.9127, 0.9072, 0.5300, 0.2649, 0.9656, 0.6595, 0.7144,
        0.4993, 0.9215, 0.6465, 0.4640, 0.7901, 0.9492, 0.8418, 0.1493, 0.9117,
        0.8561, 0.4373, 0.0981, 0.1055, 0.2916, 0.1295, 0.6846, 0.4036, 0.3174,
        0.5780, 0.2255, 0.2594, 0.6240, 0.5220, 0.6577, 0.4341, 0.6576, 0.9535,
        0.7125, 0.1360, 0.5102, 0.2394, 0.8363, 0.8728, 0.0763, 0.2271, 0.5178,
        0.5573, 0.7497, 0.4440, 0.7371, 0.7171, 0.1294, 0.3829, 0.3077, 0.7270,
        0.5187, 0.5023, 0.7950, 0.8411, 0.4149, 0.9150, 0.6199, 0.6992, 0.0389,
        0.7596, 0.8524, 0.4526, 0.4654, 0.0636, 0.7462, 0.5783, 0.9621, 0.3453])
Correlation for training set: 0.7929556730872425
Predicted tensors for test set: 
tensor([0.5840, 0.5704, 0.9705, 0.8823, 0.9589, 0.5640, 0.8113, 0.7234, 0.7733,
        0.6145, 0.4736, 0.8243, 0.4971, 1.0566, 0.6681, 0.5914, 0.5716, 0.8159])
Target tensorsfor test set: 
tensor([0.8988, 0.1218, 0.7507, 0.6671, 0.8453, 0.5779, 0.2464, 0.5719, 0.5564,
        0.4513, 0.0478, 0.7791, 0.8391, 0.5658, 0.7372, 0.8556, 0.3309, 0.0246])
Correlation for test set: 0.18469001166224944
18 5
Fold 2
Epoch: 00, Training Loss: 0.0699, Train MSE: 0.0699, r (train): -0.2330, Test MSE: 0.0856, r (test): -0.2720
Epoch: 01, Training Loss: 0.0741, Train MSE: 0.0741, r (train): -0.2278, Test MSE: 0.1056, r (test): -0.2705
Epoch: 02, Training Loss: 0.0824, Train MSE: 0.0824, r (train): -0.1283, Test MSE: 0.1258, r (test): -0.2779
Epoch: 03, Training Loss: 0.1305, Train MSE: 0.1305, r (train): 0.2439, Test MSE: 0.2124, r (test): -0.2542
Epoch: 04, Training Loss: 0.0441, Train MSE: 0.0441, r (train): 0.7240, Test MSE: 0.1344, r (test): -0.0834
Epoch: 05, Training Loss: 0.0940, Train MSE: 0.0940, r (train): 0.6430, Test MSE: 0.0874, r (test): 0.1918
Epoch: 06, Training Loss: 0.0353, Train MSE: 0.0353, r (train): 0.7272, Test MSE: 0.0995, r (test): 0.2005
Epoch: 07, Training Loss: 0.1124, Train MSE: 0.1124, r (train): 0.6039, Test MSE: 0.2547, r (test): -0.4083
Epoch: 08, Training Loss: 0.0618, Train MSE: 0.0618, r (train): 0.7182, Test MSE: 0.0786, r (test): 0.1756
Epoch: 09, Training Loss: 0.0383, Train MSE: 0.0383, r (train): 0.7861, Test MSE: 0.0878, r (test): 0.0525
Epoch: 10, Training Loss: 0.0280, Train MSE: 0.0280, r (train): 0.8147, Test MSE: 0.1223, r (test): -0.1189
Epoch: 11, Training Loss: 0.0249, Train MSE: 0.0249, r (train): 0.8062, Test MSE: 0.1029, r (test): -0.0234
Epoch: 12, Training Loss: 0.0353, Train MSE: 0.0353, r (train): 0.8124, Test MSE: 0.0826, r (test): 0.0512
Epoch: 13, Training Loss: 0.0323, Train MSE: 0.0323, r (train): 0.8056, Test MSE: 0.1243, r (test): -0.1006
Epoch: 14, Training Loss: 0.0222, Train MSE: 0.0222, r (train): 0.8260, Test MSE: 0.0962, r (test): 0.0158
Epoch: 15, Training Loss: 0.0229, Train MSE: 0.0229, r (train): 0.8216, Test MSE: 0.0925, r (test): -0.0056
Epoch: 16, Training Loss: 0.0312, Train MSE: 0.0312, r (train): 0.8088, Test MSE: 0.1231, r (test): -0.1380
Epoch: 17, Training Loss: 0.0368, Train MSE: 0.0368, r (train): 0.8078, Test MSE: 0.1302, r (test): -0.0607
Epoch: 18, Training Loss: 0.0875, Train MSE: 0.0875, r (train): 0.8060, Test MSE: 0.0979, r (test): 0.0443
Epoch: 19, Training Loss: 0.1814, Train MSE: 0.1814, r (train): 0.6376, Test MSE: 0.3358, r (test): -0.3243
Epoch: 20, Training Loss: 0.1030, Train MSE: 0.1030, r (train): 0.7856, Test MSE: 0.1068, r (test): 0.0698
Epoch: 21, Training Loss: 0.0304, Train MSE: 0.0304, r (train): 0.7684, Test MSE: 0.0979, r (test): 0.0007
Epoch: 22, Training Loss: 0.0307, Train MSE: 0.0307, r (train): 0.7783, Test MSE: 0.1028, r (test): -0.0836
Epoch: 23, Training Loss: 0.0657, Train MSE: 0.0657, r (train): 0.7765, Test MSE: 0.0982, r (test): 0.0766
Epoch: 24, Training Loss: 0.1507, Train MSE: 0.1507, r (train): 0.7668, Test MSE: 0.1454, r (test): -0.0377
Epoch: 25, Training Loss: 0.1029, Train MSE: 0.1029, r (train): 0.8039, Test MSE: 0.2313, r (test): -0.0342
Epoch: 26, Training Loss: 0.0470, Train MSE: 0.0470, r (train): 0.7800, Test MSE: 0.0767, r (test): 0.0164
Epoch: 27, Training Loss: 0.1023, Train MSE: 0.1023, r (train): 0.7326, Test MSE: 0.2403, r (test): -0.2109
Epoch: 28, Training Loss: 0.1029, Train MSE: 0.1029, r (train): 0.7464, Test MSE: 0.1055, r (test): 0.0197
Epoch: 29, Training Loss: 0.3311, Train MSE: 0.3311, r (train): 0.5178, Test MSE: 0.5213, r (test): -0.2327
Epoch: 30, Training Loss: 0.3051, Train MSE: 0.3051, r (train): 0.7166, Test MSE: 0.2464, r (test): 0.0719
Epoch: 31, Training Loss: 0.0407, Train MSE: 0.0407, r (train): 0.8224, Test MSE: 0.0802, r (test): 0.0103
Epoch: 32, Training Loss: 0.0269, Train MSE: 0.0269, r (train): 0.8102, Test MSE: 0.0870, r (test): -0.0051
Epoch: 33, Training Loss: 0.0505, Train MSE: 0.0505, r (train): 0.7556, Test MSE: 0.1511, r (test): -0.1084
Epoch: 34, Training Loss: 0.1339, Train MSE: 0.1339, r (train): 0.7464, Test MSE: 0.1317, r (test): 0.0272
Epoch: 35, Training Loss: 0.0311, Train MSE: 0.0311, r (train): 0.7760, Test MSE: 0.0804, r (test): -0.0037
Epoch: 36, Training Loss: 0.0271, Train MSE: 0.0271, r (train): 0.8316, Test MSE: 0.0744, r (test): 0.0855
Epoch: 37, Training Loss: 0.0359, Train MSE: 0.0359, r (train): 0.7444, Test MSE: 0.0903, r (test): -0.1108
Epoch: 38, Training Loss: 0.0265, Train MSE: 0.0265, r (train): 0.7988, Test MSE: 0.0898, r (test): 0.0017
Epoch: 39, Training Loss: 0.0311, Train MSE: 0.0311, r (train): 0.7689, Test MSE: 0.1047, r (test): -0.1026
Epoch: 40, Training Loss: 0.0346, Train MSE: 0.0346, r (train): 0.7908, Test MSE: 0.0794, r (test): -0.0253
Epoch: 41, Training Loss: 0.0311, Train MSE: 0.0311, r (train): 0.7533, Test MSE: 0.0993, r (test): -0.0464
Epoch: 42, Training Loss: 0.0314, Train MSE: 0.0314, r (train): 0.7841, Test MSE: 0.0880, r (test): -0.0032
Epoch: 43, Training Loss: 0.0357, Train MSE: 0.0357, r (train): 0.7974, Test MSE: 0.0808, r (test): 0.0210
Epoch: 44, Training Loss: 0.0366, Train MSE: 0.0366, r (train): 0.8003, Test MSE: 0.0789, r (test): -0.0350
Epoch: 45, Training Loss: 0.2671, Train MSE: 0.2671, r (train): 0.6803, Test MSE: 0.4709, r (test): -0.1838
Epoch: 46, Training Loss: 0.1898, Train MSE: 0.1898, r (train): 0.7400, Test MSE: 0.1505, r (test): 0.1117
Epoch: 47, Training Loss: 0.0274, Train MSE: 0.0274, r (train): 0.7975, Test MSE: 0.0892, r (test): 0.0280
Epoch: 48, Training Loss: 0.0895, Train MSE: 0.0895, r (train): 0.7347, Test MSE: 0.0884, r (test): 0.0778
Epoch: 49, Training Loss: 0.1892, Train MSE: 0.1892, r (train): 0.7117, Test MSE: 0.3705, r (test): -0.2062
Epoch: 50, Training Loss: 0.0912, Train MSE: 0.0912, r (train): 0.7815, Test MSE: 0.1065, r (test): 0.0366
Epoch: 51, Training Loss: 0.0260, Train MSE: 0.0260, r (train): 0.7954, Test MSE: 0.0948, r (test): -0.0532
Epoch: 52, Training Loss: 0.0452, Train MSE: 0.0452, r (train): 0.7824, Test MSE: 0.0771, r (test): 0.0540
Epoch: 53, Training Loss: 0.0484, Train MSE: 0.0484, r (train): 0.7952, Test MSE: 0.0877, r (test): 0.0187
Epoch: 54, Training Loss: 0.0274, Train MSE: 0.0274, r (train): 0.8057, Test MSE: 0.1070, r (test): -0.0673
Epoch: 55, Training Loss: 0.0388, Train MSE: 0.0388, r (train): 0.7697, Test MSE: 0.1310, r (test): -0.0598
Epoch: 56, Training Loss: 0.0309, Train MSE: 0.0309, r (train): 0.7909, Test MSE: 0.0841, r (test): -0.0141
Epoch: 57, Training Loss: 0.0343, Train MSE: 0.0343, r (train): 0.7999, Test MSE: 0.0815, r (test): 0.0092
Epoch: 58, Training Loss: 0.0380, Train MSE: 0.0380, r (train): 0.8058, Test MSE: 0.0816, r (test): -0.0010
Epoch: 59, Training Loss: 0.0623, Train MSE: 0.0623, r (train): 0.7738, Test MSE: 0.1790, r (test): -0.1457
Epoch: 60, Training Loss: 0.0285, Train MSE: 0.0285, r (train): 0.7841, Test MSE: 0.0905, r (test): 0.0017
Epoch: 61, Training Loss: 0.0430, Train MSE: 0.0430, r (train): 0.7926, Test MSE: 0.0804, r (test): 0.0100
Epoch: 62, Training Loss: 0.0323, Train MSE: 0.0323, r (train): 0.7884, Test MSE: 0.0878, r (test): -0.0106
Epoch: 63, Training Loss: 0.0311, Train MSE: 0.0311, r (train): 0.8007, Test MSE: 0.1142, r (test): -0.0920
Epoch: 64, Training Loss: 0.0324, Train MSE: 0.0324, r (train): 0.7951, Test MSE: 0.1189, r (test): -0.0844
Epoch: 65, Training Loss: 0.0422, Train MSE: 0.0422, r (train): 0.7908, Test MSE: 0.0800, r (test): 0.0066
Epoch: 66, Training Loss: 0.0311, Train MSE: 0.0311, r (train): 0.7978, Test MSE: 0.0900, r (test): -0.0346
Epoch: 67, Training Loss: 0.0263, Train MSE: 0.0263, r (train): 0.8054, Test MSE: 0.0962, r (test): -0.0557
Epoch: 68, Training Loss: 0.0330, Train MSE: 0.0330, r (train): 0.7946, Test MSE: 0.1210, r (test): -0.0694
Epoch: 69, Training Loss: 0.0254, Train MSE: 0.0254, r (train): 0.7996, Test MSE: 0.0921, r (test): -0.0416
Epoch: 70, Training Loss: 0.0330, Train MSE: 0.0330, r (train): 0.8020, Test MSE: 0.0849, r (test): -0.0169
Epoch: 71, Training Loss: 0.0326, Train MSE: 0.0326, r (train): 0.8037, Test MSE: 0.0855, r (test): -0.0254
Epoch: 72, Training Loss: 0.0279, Train MSE: 0.0279, r (train): 0.8015, Test MSE: 0.1066, r (test): -0.0678
Epoch: 73, Training Loss: 0.0423, Train MSE: 0.0423, r (train): 0.7818, Test MSE: 0.1401, r (test): -0.0731
Epoch: 74, Training Loss: 0.0307, Train MSE: 0.0307, r (train): 0.8014, Test MSE: 0.0818, r (test): -0.0152
Epoch: 75, Training Loss: 0.0480, Train MSE: 0.0480, r (train): 0.7965, Test MSE: 0.0847, r (test): 0.0128
Epoch: 76, Training Loss: 0.0271, Train MSE: 0.0271, r (train): 0.7993, Test MSE: 0.0964, r (test): -0.0648
Epoch: 77, Training Loss: 0.0368, Train MSE: 0.0368, r (train): 0.7968, Test MSE: 0.1279, r (test): -0.0800
Epoch: 78, Training Loss: 0.0275, Train MSE: 0.0275, r (train): 0.7961, Test MSE: 0.1042, r (test): -0.0375
Epoch: 79, Training Loss: 0.0428, Train MSE: 0.0428, r (train): 0.7921, Test MSE: 0.0817, r (test): -0.0061
Epoch: 80, Training Loss: 0.0289, Train MSE: 0.0289, r (train): 0.8072, Test MSE: 0.0898, r (test): -0.0536
Epoch: 81, Training Loss: 0.0270, Train MSE: 0.0270, r (train): 0.8019, Test MSE: 0.0997, r (test): -0.0652
Epoch: 82, Training Loss: 0.0289, Train MSE: 0.0289, r (train): 0.8055, Test MSE: 0.1102, r (test): -0.0571
Epoch: 83, Training Loss: 0.0262, Train MSE: 0.0262, r (train): 0.7924, Test MSE: 0.0951, r (test): -0.0328
Epoch: 84, Training Loss: 0.0387, Train MSE: 0.0387, r (train): 0.8048, Test MSE: 0.0867, r (test): -0.0212
Epoch: 85, Training Loss: 0.0267, Train MSE: 0.0267, r (train): 0.8099, Test MSE: 0.0873, r (test): -0.0449
Epoch: 86, Training Loss: 0.0274, Train MSE: 0.0274, r (train): 0.8062, Test MSE: 0.0853, r (test): -0.0195
Epoch: 87, Training Loss: 0.0506, Train MSE: 0.0506, r (train): 0.7800, Test MSE: 0.1572, r (test): -0.0991
Epoch: 88, Training Loss: 0.0256, Train MSE: 0.0256, r (train): 0.8036, Test MSE: 0.0874, r (test): -0.0146
Epoch: 89, Training Loss: 0.0501, Train MSE: 0.0501, r (train): 0.7932, Test MSE: 0.0847, r (test): 0.0091
Epoch: 90, Training Loss: 0.0343, Train MSE: 0.0343, r (train): 0.8031, Test MSE: 0.0830, r (test): -0.0877
Epoch: 91, Training Loss: 0.0701, Train MSE: 0.0701, r (train): 0.7808, Test MSE: 0.1979, r (test): -0.1208
Epoch: 92, Training Loss: 0.0399, Train MSE: 0.0399, r (train): 0.7915, Test MSE: 0.0852, r (test): -0.0120
Epoch: 93, Training Loss: 0.0238, Train MSE: 0.0238, r (train): 0.8221, Test MSE: 0.0908, r (test): -0.0188
Epoch: 94, Training Loss: 0.0649, Train MSE: 0.0649, r (train): 0.7666, Test MSE: 0.0835, r (test): 0.0506
Epoch: 95, Training Loss: 0.0266, Train MSE: 0.0266, r (train): 0.8212, Test MSE: 0.0906, r (test): -0.0864
Epoch: 96, Training Loss: 0.0381, Train MSE: 0.0381, r (train): 0.7963, Test MSE: 0.1431, r (test): -0.1168
Epoch: 97, Training Loss: 0.0248, Train MSE: 0.0248, r (train): 0.8130, Test MSE: 0.0860, r (test): -0.0501
Epoch: 98, Training Loss: 0.0286, Train MSE: 0.0286, r (train): 0.7977, Test MSE: 0.1119, r (test): -0.1006
Epoch: 99, Training Loss: 0.0314, Train MSE: 0.0314, r (train): 0.8074, Test MSE: 0.0835, r (test): -0.0053
Predicted tensors for training set: 
tensor([0.8220, 0.1255, 0.7518, 0.6459, 0.9453, 0.5933, 0.2490, 0.6944, 0.6344,
        0.5009, 0.0878, 0.8940, 0.7040, 0.3950, 0.5697, 0.7523, 0.6360, 0.2061,
        1.1372, 0.5849, 0.5232, 0.6237, 0.8323, 0.5594, 0.8073, 0.6052, 0.4890,
        0.7456, 0.4583, 0.4985, 0.8448, 0.7627, 0.5479, 0.3315, 0.5181, 0.7899,
        0.8786, 0.3503, 0.6897, 0.5132, 0.8847, 1.0174, 0.0960, 0.2902, 0.6128,
        0.5865, 0.8325, 0.5730, 0.8087, 0.7747, 0.2277, 0.4658, 0.3872, 0.7038,
        0.5271, 0.5205, 0.6888, 0.6947, 0.3737, 0.7376, 0.6920, 0.7160, 0.2284,
        0.7664, 1.1024, 0.6954, 0.6530, 0.1785, 0.6747, 0.5032, 0.8729, 0.3510])
Target tensorsfor training set: 
tensor([0.8988, 0.1218, 0.7507, 0.6671, 0.8453, 0.5779, 0.2464, 0.5719, 0.5564,
        0.4513, 0.0478, 0.7791, 0.8391, 0.5658, 0.7372, 0.8556, 0.3309, 0.0246,
        0.8561, 0.4373, 0.0981, 0.1055, 0.2916, 0.1295, 0.6846, 0.4036, 0.3174,
        0.5780, 0.2255, 0.2594, 0.6240, 0.5220, 0.6577, 0.4341, 0.6576, 0.9535,
        0.7125, 0.1360, 0.5102, 0.2394, 0.8363, 0.8728, 0.0763, 0.2271, 0.5178,
        0.5573, 0.7497, 0.4440, 0.7371, 0.7171, 0.1294, 0.3829, 0.3077, 0.7270,
        0.5187, 0.5023, 0.7950, 0.8411, 0.4149, 0.9150, 0.6199, 0.6992, 0.0389,
        0.7596, 0.8524, 0.4526, 0.4654, 0.0636, 0.7462, 0.5783, 0.9621, 0.3453])
Correlation for training set: 0.8073533220355833
Predicted tensors for test set: 
tensor([0.5798, 0.7400, 0.6816, 0.4150, 0.6996, 0.4964, 0.4431, 0.4055, 0.7377,
        0.7919, 0.7804, 0.6724, 0.7392, 0.6714, 0.7364, 0.6344, 0.6900, 0.8010])
Target tensorsfor test set: 
tensor([0.2169, 0.4818, 0.9127, 0.9072, 0.5300, 0.2649, 0.9656, 0.6595, 0.7144,
        0.4993, 0.9215, 0.6465, 0.4640, 0.7901, 0.9492, 0.8418, 0.1493, 0.9117])
Correlation for test set: -0.005289472677277683
18 5
Fold 3
Epoch: 00, Training Loss: 0.0742, Train MSE: 0.0742, r (train): -0.1924, Test MSE: 0.0839, r (test): -0.3911
Epoch: 01, Training Loss: 0.0736, Train MSE: 0.0736, r (train): -0.1987, Test MSE: 0.0770, r (test): -0.4103
Epoch: 02, Training Loss: 0.0761, Train MSE: 0.0761, r (train): -0.1525, Test MSE: 0.0691, r (test): -0.3985
Epoch: 03, Training Loss: 0.0945, Train MSE: 0.0945, r (train): 0.4630, Test MSE: 0.0682, r (test): -0.1943
Epoch: 04, Training Loss: 0.0472, Train MSE: 0.0472, r (train): 0.6412, Test MSE: 0.1092, r (test): -0.1047
Epoch: 05, Training Loss: 1.8331, Train MSE: 1.8331, r (train): 0.5272, Test MSE: 2.2838, r (test): 0.3764
Epoch: 06, Training Loss: 0.9286, Train MSE: 0.9286, r (train): 0.5833, Test MSE: 1.2325, r (test): 0.2198
Epoch: 07, Training Loss: 0.2836, Train MSE: 0.2836, r (train): 0.5533, Test MSE: 0.2131, r (test): -0.3625
Epoch: 08, Training Loss: 0.0788, Train MSE: 0.0788, r (train): 0.7495, Test MSE: 0.1951, r (test): 0.1764
Epoch: 09, Training Loss: 0.0505, Train MSE: 0.0505, r (train): 0.8153, Test MSE: 0.1628, r (test): 0.0362
Epoch: 10, Training Loss: 0.0254, Train MSE: 0.0254, r (train): 0.8584, Test MSE: 0.0817, r (test): -0.1296
Epoch: 11, Training Loss: 0.0621, Train MSE: 0.0621, r (train): 0.8437, Test MSE: 0.2151, r (test): -0.0490
Epoch: 12, Training Loss: 0.0838, Train MSE: 0.0838, r (train): 0.8125, Test MSE: 0.0988, r (test): -0.3601
Epoch: 13, Training Loss: 0.0220, Train MSE: 0.0220, r (train): 0.8519, Test MSE: 0.1027, r (test): -0.0023
Epoch: 14, Training Loss: 0.0334, Train MSE: 0.0334, r (train): 0.8115, Test MSE: 0.0819, r (test): -0.4143
Epoch: 15, Training Loss: 0.0214, Train MSE: 0.0214, r (train): 0.8488, Test MSE: 0.0877, r (test): -0.0936
Epoch: 16, Training Loss: 0.0893, Train MSE: 0.0893, r (train): 0.8238, Test MSE: 0.2488, r (test): -0.0634
Epoch: 17, Training Loss: 0.0951, Train MSE: 0.0951, r (train): 0.8193, Test MSE: 0.1220, r (test): -0.3885
Epoch: 18, Training Loss: 0.0393, Train MSE: 0.0393, r (train): 0.8388, Test MSE: 0.1010, r (test): -0.2514
Epoch: 19, Training Loss: 0.0266, Train MSE: 0.0266, r (train): 0.8539, Test MSE: 0.1340, r (test): -0.1129
Epoch: 20, Training Loss: 0.0224, Train MSE: 0.0224, r (train): 0.8446, Test MSE: 0.0911, r (test): -0.1601
Epoch: 21, Training Loss: 0.0215, Train MSE: 0.0215, r (train): 0.8824, Test MSE: 0.0792, r (test): -0.0323
Epoch: 22, Training Loss: 0.0405, Train MSE: 0.0405, r (train): 0.8449, Test MSE: 0.1480, r (test): -0.0748
Epoch: 23, Training Loss: 0.0341, Train MSE: 0.0341, r (train): 0.8408, Test MSE: 0.0860, r (test): -0.2134
Epoch: 24, Training Loss: 0.0476, Train MSE: 0.0476, r (train): 0.8370, Test MSE: 0.1744, r (test): -0.0753
Epoch: 25, Training Loss: 0.0234, Train MSE: 0.0234, r (train): 0.8679, Test MSE: 0.0839, r (test): -0.1632
Epoch: 26, Training Loss: 0.0182, Train MSE: 0.0182, r (train): 0.8823, Test MSE: 0.0822, r (test): -0.0106
Epoch: 27, Training Loss: 0.0202, Train MSE: 0.0202, r (train): 0.8723, Test MSE: 0.0879, r (test): -0.2836
Epoch: 28, Training Loss: 0.0246, Train MSE: 0.0246, r (train): 0.8630, Test MSE: 0.1323, r (test): -0.1210
Epoch: 29, Training Loss: 0.0213, Train MSE: 0.0213, r (train): 0.8692, Test MSE: 0.1240, r (test): -0.1144
Epoch: 30, Training Loss: 0.0192, Train MSE: 0.0192, r (train): 0.8773, Test MSE: 0.1079, r (test): -0.0558
Epoch: 31, Training Loss: 0.0209, Train MSE: 0.0209, r (train): 0.8751, Test MSE: 0.0879, r (test): -0.2976
Epoch: 32, Training Loss: 0.0247, Train MSE: 0.0247, r (train): 0.8565, Test MSE: 0.0926, r (test): -0.2179
Epoch: 33, Training Loss: 0.0399, Train MSE: 0.0399, r (train): 0.8403, Test MSE: 0.1667, r (test): -0.2379
Epoch: 34, Training Loss: 0.0314, Train MSE: 0.0314, r (train): 0.8345, Test MSE: 0.0959, r (test): -0.3072
Epoch: 35, Training Loss: 0.0278, Train MSE: 0.0278, r (train): 0.8426, Test MSE: 0.0871, r (test): -0.1803
Epoch: 36, Training Loss: 0.0252, Train MSE: 0.0252, r (train): 0.8338, Test MSE: 0.1178, r (test): -0.1671
Epoch: 37, Training Loss: 0.1816, Train MSE: 0.1816, r (train): 0.7486, Test MSE: 0.1594, r (test): -0.4150
Epoch: 38, Training Loss: 0.5637, Train MSE: 0.5637, r (train): 0.6303, Test MSE: 0.8153, r (test): 0.0742
Epoch: 39, Training Loss: 0.7995, Train MSE: 0.7995, r (train): 0.5334, Test MSE: 0.7010, r (test): -0.4623
Epoch: 40, Training Loss: 0.0465, Train MSE: 0.0465, r (train): 0.8380, Test MSE: 0.1800, r (test): -0.0560
Epoch: 41, Training Loss: 0.0566, Train MSE: 0.0566, r (train): 0.8279, Test MSE: 0.1782, r (test): -0.1325
Epoch: 42, Training Loss: 0.0209, Train MSE: 0.0209, r (train): 0.8641, Test MSE: 0.1221, r (test): -0.1288
Epoch: 43, Training Loss: 0.0237, Train MSE: 0.0237, r (train): 0.8649, Test MSE: 0.1352, r (test): -0.1966
Epoch: 44, Training Loss: 0.0927, Train MSE: 0.0927, r (train): 0.8415, Test MSE: 0.1183, r (test): -0.2795
Epoch: 45, Training Loss: 0.0202, Train MSE: 0.0202, r (train): 0.8830, Test MSE: 0.0872, r (test): -0.1313
Epoch: 46, Training Loss: 0.0253, Train MSE: 0.0253, r (train): 0.8781, Test MSE: 0.0808, r (test): -0.1773
Epoch: 47, Training Loss: 0.0319, Train MSE: 0.0319, r (train): 0.8564, Test MSE: 0.1546, r (test): -0.1773
Epoch: 48, Training Loss: 0.0346, Train MSE: 0.0346, r (train): 0.8547, Test MSE: 0.1031, r (test): -0.3411
Epoch: 49, Training Loss: 0.0389, Train MSE: 0.0389, r (train): 0.8494, Test MSE: 0.1727, r (test): -0.1683
Epoch: 50, Training Loss: 0.0372, Train MSE: 0.0372, r (train): 0.8639, Test MSE: 0.0883, r (test): -0.2782
Epoch: 51, Training Loss: 0.0185, Train MSE: 0.0185, r (train): 0.8683, Test MSE: 0.1163, r (test): -0.1351
Epoch: 52, Training Loss: 0.0178, Train MSE: 0.0178, r (train): 0.8757, Test MSE: 0.1133, r (test): -0.1505
Epoch: 53, Training Loss: 0.0207, Train MSE: 0.0207, r (train): 0.8603, Test MSE: 0.1206, r (test): -0.1531
Epoch: 54, Training Loss: 0.0394, Train MSE: 0.0394, r (train): 0.8437, Test MSE: 0.0921, r (test): -0.3722
Epoch: 55, Training Loss: 0.0204, Train MSE: 0.0204, r (train): 0.8757, Test MSE: 0.1017, r (test): -0.1726
Epoch: 56, Training Loss: 0.0247, Train MSE: 0.0247, r (train): 0.8842, Test MSE: 0.0919, r (test): -0.2185
Epoch: 57, Training Loss: 0.0165, Train MSE: 0.0165, r (train): 0.8792, Test MSE: 0.1067, r (test): -0.1061
Epoch: 58, Training Loss: 0.0420, Train MSE: 0.0420, r (train): 0.8511, Test MSE: 0.1654, r (test): -0.0790
Epoch: 59, Training Loss: 0.0231, Train MSE: 0.0231, r (train): 0.8580, Test MSE: 0.0955, r (test): -0.3024
Epoch: 60, Training Loss: 0.0412, Train MSE: 0.0412, r (train): 0.8600, Test MSE: 0.1038, r (test): -0.2404
Epoch: 61, Training Loss: 0.0254, Train MSE: 0.0254, r (train): 0.8814, Test MSE: 0.0907, r (test): -0.2281
Epoch: 62, Training Loss: 0.0193, Train MSE: 0.0193, r (train): 0.8699, Test MSE: 0.1081, r (test): -0.0659
Epoch: 63, Training Loss: 0.0190, Train MSE: 0.0190, r (train): 0.8670, Test MSE: 0.1121, r (test): -0.1843
Epoch: 64, Training Loss: 0.0214, Train MSE: 0.0214, r (train): 0.8614, Test MSE: 0.1131, r (test): -0.2341
Epoch: 65, Training Loss: 0.0226, Train MSE: 0.0226, r (train): 0.8734, Test MSE: 0.0999, r (test): -0.2120
Epoch: 66, Training Loss: 0.0267, Train MSE: 0.0267, r (train): 0.8735, Test MSE: 0.0829, r (test): -0.2178
Epoch: 67, Training Loss: 0.0202, Train MSE: 0.0202, r (train): 0.8741, Test MSE: 0.1148, r (test): -0.1107
Epoch: 68, Training Loss: 0.0237, Train MSE: 0.0237, r (train): 0.8699, Test MSE: 0.0920, r (test): -0.2384
Epoch: 69, Training Loss: 0.0774, Train MSE: 0.0774, r (train): 0.8363, Test MSE: 0.2448, r (test): -0.1187
Epoch: 70, Training Loss: 0.0274, Train MSE: 0.0274, r (train): 0.8651, Test MSE: 0.0834, r (test): -0.2153
Epoch: 71, Training Loss: 0.0194, Train MSE: 0.0194, r (train): 0.8705, Test MSE: 0.0874, r (test): -0.1613
Epoch: 72, Training Loss: 0.0180, Train MSE: 0.0180, r (train): 0.8755, Test MSE: 0.1041, r (test): -0.2174
Epoch: 73, Training Loss: 0.0195, Train MSE: 0.0195, r (train): 0.8719, Test MSE: 0.1170, r (test): -0.1879
Epoch: 74, Training Loss: 0.0323, Train MSE: 0.0323, r (train): 0.8595, Test MSE: 0.1607, r (test): -0.1477
Epoch: 75, Training Loss: 0.0228, Train MSE: 0.0228, r (train): 0.8685, Test MSE: 0.0885, r (test): -0.1912
Epoch: 76, Training Loss: 0.0195, Train MSE: 0.0195, r (train): 0.8730, Test MSE: 0.0916, r (test): -0.1536
Epoch: 77, Training Loss: 0.0399, Train MSE: 0.0399, r (train): 0.8708, Test MSE: 0.0862, r (test): -0.2478
Epoch: 78, Training Loss: 0.0180, Train MSE: 0.0180, r (train): 0.8733, Test MSE: 0.1013, r (test): -0.1870
Epoch: 79, Training Loss: 0.0356, Train MSE: 0.0356, r (train): 0.8521, Test MSE: 0.1605, r (test): -0.1460
Epoch: 80, Training Loss: 0.0200, Train MSE: 0.0200, r (train): 0.8675, Test MSE: 0.1058, r (test): -0.2046
Epoch: 81, Training Loss: 0.0237, Train MSE: 0.0237, r (train): 0.8749, Test MSE: 0.0981, r (test): -0.1209
Epoch: 82, Training Loss: 0.0195, Train MSE: 0.0195, r (train): 0.8766, Test MSE: 0.0868, r (test): -0.1519
Epoch: 83, Training Loss: 0.0206, Train MSE: 0.0206, r (train): 0.8627, Test MSE: 0.0855, r (test): -0.1723
Epoch: 84, Training Loss: 0.0260, Train MSE: 0.0260, r (train): 0.8623, Test MSE: 0.1446, r (test): -0.2161
Epoch: 85, Training Loss: 0.0235, Train MSE: 0.0235, r (train): 0.8701, Test MSE: 0.1301, r (test): -0.2179
Epoch: 86, Training Loss: 0.0182, Train MSE: 0.0182, r (train): 0.8799, Test MSE: 0.1126, r (test): -0.1412
Epoch: 87, Training Loss: 0.0265, Train MSE: 0.0265, r (train): 0.8752, Test MSE: 0.0786, r (test): -0.1479
Epoch: 88, Training Loss: 0.0173, Train MSE: 0.0173, r (train): 0.8733, Test MSE: 0.1060, r (test): -0.2090
Epoch: 89, Training Loss: 0.0196, Train MSE: 0.0196, r (train): 0.8697, Test MSE: 0.1225, r (test): -0.1775
Epoch: 90, Training Loss: 0.0230, Train MSE: 0.0230, r (train): 0.8680, Test MSE: 0.1390, r (test): -0.2388
Epoch: 91, Training Loss: 0.0175, Train MSE: 0.0175, r (train): 0.8790, Test MSE: 0.1119, r (test): -0.1492
Epoch: 92, Training Loss: 0.0217, Train MSE: 0.0217, r (train): 0.8836, Test MSE: 0.0889, r (test): -0.1720
Epoch: 93, Training Loss: 0.0257, Train MSE: 0.0257, r (train): 0.8797, Test MSE: 0.0853, r (test): -0.1664
Epoch: 94, Training Loss: 0.0177, Train MSE: 0.0177, r (train): 0.8780, Test MSE: 0.0958, r (test): -0.1807
Epoch: 95, Training Loss: 0.0216, Train MSE: 0.0216, r (train): 0.8659, Test MSE: 0.1304, r (test): -0.2024
Epoch: 96, Training Loss: 0.0239, Train MSE: 0.0239, r (train): 0.8770, Test MSE: 0.1449, r (test): -0.1484
Epoch: 97, Training Loss: 0.0214, Train MSE: 0.0214, r (train): 0.8802, Test MSE: 0.1040, r (test): -0.2029
Epoch: 98, Training Loss: 0.0280, Train MSE: 0.0280, r (train): 0.8851, Test MSE: 0.0808, r (test): -0.1255
Epoch: 99, Training Loss: 0.0183, Train MSE: 0.0183, r (train): 0.8779, Test MSE: 0.0896, r (test): -0.1469
Predicted tensors for training set: 
tensor([ 0.7494,  0.0688,  0.6242,  0.5582,  0.8193,  0.6059,  0.3072,  0.5812,
         0.5584,  0.4823,  0.0215,  0.7932,  0.6482,  0.4475,  0.5997,  0.6658,
         0.5964,  0.1989,  0.4041,  0.8625,  0.7250,  0.6917,  0.4295,  0.1999,
         0.6792,  0.4730,  0.4543,  0.2904,  0.7313,  0.5335,  0.3826,  0.6252,
         0.7247,  0.6633,  0.0225,  0.6984,  0.8868,  0.2424,  0.6286,  0.3963,
         0.8458,  0.9030, -0.0517,  0.1271,  0.5589,  0.5885,  0.7371,  0.5267,
         0.7554,  0.7227,  0.1133,  0.3413,  0.3895,  0.6845,  0.5053,  0.5194,
         0.6249,  0.6450,  0.3394,  0.7375,  0.6200,  0.6934,  0.2060,  0.7269,
         0.9595,  0.5125,  0.4895,  0.0235,  0.6322,  0.5348,  0.8027,  0.3459])
Target tensorsfor training set: 
tensor([0.8988, 0.1218, 0.7507, 0.6671, 0.8453, 0.5779, 0.2464, 0.5719, 0.5564,
        0.4513, 0.0478, 0.7791, 0.8391, 0.5658, 0.7372, 0.8556, 0.3309, 0.0246,
        0.2169, 0.4818, 0.9127, 0.9072, 0.5300, 0.2649, 0.9656, 0.6595, 0.7144,
        0.4993, 0.9215, 0.6465, 0.4640, 0.7901, 0.9492, 0.8418, 0.1493, 0.9117,
        0.7125, 0.1360, 0.5102, 0.2394, 0.8363, 0.8728, 0.0763, 0.2271, 0.5178,
        0.5573, 0.7497, 0.4440, 0.7371, 0.7171, 0.1294, 0.3829, 0.3077, 0.7270,
        0.5187, 0.5023, 0.7950, 0.8411, 0.4149, 0.9150, 0.6199, 0.6992, 0.0389,
        0.7596, 0.8524, 0.4526, 0.4654, 0.0636, 0.7462, 0.5783, 0.9621, 0.3453])
Correlation for training set: 0.877858510572536
Predicted tensors for test set: 
tensor([0.6096, 0.4392, 0.6490, 0.7078, 0.5826, 0.5366, 0.6275, 0.6000, 0.5188,
        0.6437, 0.7024, 0.5752, 0.5947, 0.6705, 0.5621, 0.3761, 0.6147, 0.5249])
Target tensorsfor test set: 
tensor([0.8561, 0.4373, 0.0981, 0.1055, 0.2916, 0.1295, 0.6846, 0.4036, 0.3174,
        0.5780, 0.2255, 0.2594, 0.6240, 0.5220, 0.6577, 0.4341, 0.6576, 0.9535])
Correlation for test set: -0.14685941040230943
18 5
Fold 4
Epoch: 00, Training Loss: 0.1045, Train MSE: 0.1045, r (train): -0.1607, Test MSE: 0.1254, r (test): -0.2672
Epoch: 01, Training Loss: 0.0800, Train MSE: 0.0800, r (train): -0.1695, Test MSE: 0.0869, r (test): -0.2027
Epoch: 02, Training Loss: 0.0782, Train MSE: 0.0782, r (train): -0.1625, Test MSE: 0.0684, r (test): -0.1801
Epoch: 03, Training Loss: 0.1027, Train MSE: 0.1027, r (train): 0.3784, Test MSE: 0.0841, r (test): -0.1918
Epoch: 04, Training Loss: 0.0489, Train MSE: 0.0489, r (train): 0.6082, Test MSE: 0.0689, r (test): 0.0112
Epoch: 05, Training Loss: 0.7651, Train MSE: 0.7651, r (train): 0.5473, Test MSE: 0.8077, r (test): 0.0616
Epoch: 06, Training Loss: 0.2834, Train MSE: 0.2834, r (train): 0.5389, Test MSE: 0.3285, r (test): 0.1130
Epoch: 07, Training Loss: 0.1274, Train MSE: 0.1274, r (train): 0.6265, Test MSE: 0.1903, r (test): 0.1086
Epoch: 08, Training Loss: 0.0605, Train MSE: 0.0605, r (train): 0.5997, Test MSE: 0.0967, r (test): -0.1627
Epoch: 09, Training Loss: 0.1489, Train MSE: 0.1489, r (train): 0.6031, Test MSE: 0.1496, r (test): 0.0357
Epoch: 10, Training Loss: 0.1430, Train MSE: 0.1430, r (train): 0.6507, Test MSE: 0.1814, r (test): 0.1363
Epoch: 11, Training Loss: 0.0983, Train MSE: 0.0983, r (train): 0.6599, Test MSE: 0.1524, r (test): -0.0319
Epoch: 12, Training Loss: 0.0526, Train MSE: 0.0526, r (train): 0.5945, Test MSE: 0.0759, r (test): 0.0058
Epoch: 13, Training Loss: 0.0996, Train MSE: 0.0996, r (train): 0.6850, Test MSE: 0.1397, r (test): 0.2166
Epoch: 14, Training Loss: 0.0725, Train MSE: 0.0725, r (train): 0.6323, Test MSE: 0.0870, r (test): -0.0270
Epoch: 15, Training Loss: 0.0641, Train MSE: 0.0641, r (train): 0.6832, Test MSE: 0.0950, r (test): 0.2583
Epoch: 16, Training Loss: 0.0435, Train MSE: 0.0435, r (train): 0.6821, Test MSE: 0.0617, r (test): 0.2655
Epoch: 17, Training Loss: 0.0448, Train MSE: 0.0448, r (train): 0.6626, Test MSE: 0.0663, r (test): 0.1050
Epoch: 18, Training Loss: 0.0579, Train MSE: 0.0579, r (train): 0.6333, Test MSE: 0.0622, r (test): 0.3627
Epoch: 19, Training Loss: 0.0869, Train MSE: 0.0869, r (train): 0.6716, Test MSE: 0.1282, r (test): 0.0918
Epoch: 20, Training Loss: 0.0635, Train MSE: 0.0635, r (train): 0.6592, Test MSE: 0.0756, r (test): 0.1169
Epoch: 21, Training Loss: 0.0418, Train MSE: 0.0418, r (train): 0.6806, Test MSE: 0.0659, r (test): 0.3035
Epoch: 22, Training Loss: 0.0753, Train MSE: 0.0753, r (train): 0.6833, Test MSE: 0.1127, r (test): 0.1738
Epoch: 23, Training Loss: 0.0518, Train MSE: 0.0518, r (train): 0.6656, Test MSE: 0.0721, r (test): 0.0924
Epoch: 24, Training Loss: 0.0764, Train MSE: 0.0764, r (train): 0.6484, Test MSE: 0.0896, r (test): 0.3231
Epoch: 25, Training Loss: 0.0765, Train MSE: 0.0765, r (train): 0.6667, Test MSE: 0.0817, r (test): 0.0832
Epoch: 26, Training Loss: 0.0516, Train MSE: 0.0516, r (train): 0.6125, Test MSE: 0.0647, r (test): 0.1883
Epoch: 27, Training Loss: 0.1484, Train MSE: 0.1484, r (train): 0.5987, Test MSE: 0.1685, r (test): 0.3180
Epoch: 28, Training Loss: 0.0719, Train MSE: 0.0719, r (train): 0.6374, Test MSE: 0.1105, r (test): 0.2044
Epoch: 29, Training Loss: 0.1061, Train MSE: 0.1061, r (train): 0.5850, Test MSE: 0.1050, r (test): 0.1896
Epoch: 30, Training Loss: 0.0615, Train MSE: 0.0615, r (train): 0.6849, Test MSE: 0.1001, r (test): 0.2208
Epoch: 31, Training Loss: 0.0746, Train MSE: 0.0746, r (train): 0.5768, Test MSE: 0.0694, r (test): 0.2489
Epoch: 32, Training Loss: 0.0461, Train MSE: 0.0461, r (train): 0.6458, Test MSE: 0.0650, r (test): 0.2053
Epoch: 33, Training Loss: 0.0849, Train MSE: 0.0849, r (train): 0.6222, Test MSE: 0.1229, r (test): 0.1683
Epoch: 34, Training Loss: 0.0494, Train MSE: 0.0494, r (train): 0.6939, Test MSE: 0.0873, r (test): 0.1436
Epoch: 35, Training Loss: 0.0757, Train MSE: 0.0757, r (train): 0.6791, Test MSE: 0.0797, r (test): 0.3325
Epoch: 36, Training Loss: 0.0648, Train MSE: 0.0648, r (train): 0.6757, Test MSE: 0.0793, r (test): 0.1225
Epoch: 37, Training Loss: 0.0490, Train MSE: 0.0490, r (train): 0.6438, Test MSE: 0.0602, r (test): 0.2796
Epoch: 38, Training Loss: 0.0443, Train MSE: 0.0443, r (train): 0.6472, Test MSE: 0.0629, r (test): 0.1957
Epoch: 39, Training Loss: 0.0727, Train MSE: 0.0727, r (train): 0.5905, Test MSE: 0.0833, r (test): 0.3443
Epoch: 40, Training Loss: 0.0915, Train MSE: 0.0915, r (train): 0.6628, Test MSE: 0.1361, r (test): 0.2315
Epoch: 41, Training Loss: 0.0560, Train MSE: 0.0560, r (train): 0.6592, Test MSE: 0.0795, r (test): 0.2602
Epoch: 42, Training Loss: 0.1146, Train MSE: 0.1146, r (train): 0.6592, Test MSE: 0.1439, r (test): 0.2913
Epoch: 43, Training Loss: 0.1322, Train MSE: 0.1322, r (train): 0.6177, Test MSE: 0.1362, r (test): -0.0062
Epoch: 44, Training Loss: 0.0606, Train MSE: 0.0606, r (train): 0.6391, Test MSE: 0.0740, r (test): 0.1323
Epoch: 45, Training Loss: 0.0398, Train MSE: 0.0398, r (train): 0.6798, Test MSE: 0.0659, r (test): 0.1349
Epoch: 46, Training Loss: 0.2465, Train MSE: 0.2465, r (train): 0.6038, Test MSE: 0.2814, r (test): 0.2788
Epoch: 47, Training Loss: 0.1530, Train MSE: 0.1530, r (train): 0.6387, Test MSE: 0.1880, r (test): 0.2920
Epoch: 48, Training Loss: 0.0655, Train MSE: 0.0655, r (train): 0.7022, Test MSE: 0.0791, r (test): 0.1165
Epoch: 49, Training Loss: 0.0959, Train MSE: 0.0959, r (train): 0.5715, Test MSE: 0.1036, r (test): -0.1395
Epoch: 50, Training Loss: 0.0587, Train MSE: 0.0587, r (train): 0.6951, Test MSE: 0.0995, r (test): 0.1524
Epoch: 51, Training Loss: 0.1676, Train MSE: 0.1676, r (train): 0.6314, Test MSE: 0.1819, r (test): 0.2928
Epoch: 52, Training Loss: 0.0451, Train MSE: 0.0451, r (train): 0.7118, Test MSE: 0.0876, r (test): 0.1657
Epoch: 53, Training Loss: 0.0505, Train MSE: 0.0505, r (train): 0.6702, Test MSE: 0.0631, r (test): 0.2751
Epoch: 54, Training Loss: 0.0415, Train MSE: 0.0415, r (train): 0.6713, Test MSE: 0.0713, r (test): -0.1355
Epoch: 55, Training Loss: 0.0732, Train MSE: 0.0732, r (train): 0.6342, Test MSE: 0.0733, r (test): 0.3121
Epoch: 56, Training Loss: 0.0544, Train MSE: 0.0544, r (train): 0.6847, Test MSE: 0.0913, r (test): 0.1982
Epoch: 57, Training Loss: 0.0379, Train MSE: 0.0379, r (train): 0.7103, Test MSE: 0.0658, r (test): 0.2685
Epoch: 58, Training Loss: 0.0458, Train MSE: 0.0458, r (train): 0.7016, Test MSE: 0.0646, r (test): 0.2089
Epoch: 59, Training Loss: 0.0516, Train MSE: 0.0516, r (train): 0.6560, Test MSE: 0.0603, r (test): 0.2904
Epoch: 60, Training Loss: 0.0488, Train MSE: 0.0488, r (train): 0.6751, Test MSE: 0.0728, r (test): 0.2798
Epoch: 61, Training Loss: 0.0384, Train MSE: 0.0384, r (train): 0.7078, Test MSE: 0.0685, r (test): 0.2164
Epoch: 62, Training Loss: 0.0407, Train MSE: 0.0407, r (train): 0.6964, Test MSE: 0.0648, r (test): 0.2826
Epoch: 63, Training Loss: 0.0474, Train MSE: 0.0474, r (train): 0.7003, Test MSE: 0.0623, r (test): 0.2496
Epoch: 64, Training Loss: 0.0464, Train MSE: 0.0464, r (train): 0.6890, Test MSE: 0.0595, r (test): 0.3073
Epoch: 65, Training Loss: 0.0396, Train MSE: 0.0396, r (train): 0.7022, Test MSE: 0.0640, r (test): 0.2174
Epoch: 66, Training Loss: 0.0404, Train MSE: 0.0404, r (train): 0.6957, Test MSE: 0.0651, r (test): 0.2835
Epoch: 67, Training Loss: 0.0420, Train MSE: 0.0420, r (train): 0.7082, Test MSE: 0.0620, r (test): 0.2642
Epoch: 68, Training Loss: 0.0449, Train MSE: 0.0449, r (train): 0.6939, Test MSE: 0.0604, r (test): 0.3134
Epoch: 69, Training Loss: 0.0407, Train MSE: 0.0407, r (train): 0.6984, Test MSE: 0.0624, r (test): 0.2471
Epoch: 70, Training Loss: 0.0401, Train MSE: 0.0401, r (train): 0.6974, Test MSE: 0.0635, r (test): 0.2733
Epoch: 71, Training Loss: 0.0415, Train MSE: 0.0415, r (train): 0.7054, Test MSE: 0.0627, r (test): 0.2683
Epoch: 72, Training Loss: 0.0436, Train MSE: 0.0436, r (train): 0.6965, Test MSE: 0.0612, r (test): 0.3043
Epoch: 73, Training Loss: 0.0413, Train MSE: 0.0413, r (train): 0.6982, Test MSE: 0.0619, r (test): 0.2614
Epoch: 74, Training Loss: 0.0404, Train MSE: 0.0404, r (train): 0.6993, Test MSE: 0.0621, r (test): 0.2693
Epoch: 75, Training Loss: 0.0412, Train MSE: 0.0412, r (train): 0.7039, Test MSE: 0.0625, r (test): 0.2678
Epoch: 76, Training Loss: 0.0427, Train MSE: 0.0427, r (train): 0.6978, Test MSE: 0.0620, r (test): 0.2925
Epoch: 77, Training Loss: 0.0415, Train MSE: 0.0415, r (train): 0.6983, Test MSE: 0.0620, r (test): 0.2723
Epoch: 78, Training Loss: 0.0410, Train MSE: 0.0410, r (train): 0.7000, Test MSE: 0.0617, r (test): 0.2705
Epoch: 79, Training Loss: 0.0412, Train MSE: 0.0412, r (train): 0.7031, Test MSE: 0.0620, r (test): 0.2708
Epoch: 80, Training Loss: 0.0419, Train MSE: 0.0419, r (train): 0.6988, Test MSE: 0.0622, r (test): 0.2822
Epoch: 81, Training Loss: 0.0414, Train MSE: 0.0414, r (train): 0.6980, Test MSE: 0.0624, r (test): 0.2765
Epoch: 82, Training Loss: 0.0413, Train MSE: 0.0413, r (train): 0.7000, Test MSE: 0.0619, r (test): 0.2737
Epoch: 83, Training Loss: 0.0418, Train MSE: 0.0418, r (train): 0.7026, Test MSE: 0.0614, r (test): 0.2756
Epoch: 84, Training Loss: 0.0417, Train MSE: 0.0417, r (train): 0.6996, Test MSE: 0.0620, r (test): 0.2770
Epoch: 85, Training Loss: 0.0409, Train MSE: 0.0409, r (train): 0.6976, Test MSE: 0.0625, r (test): 0.2720
Epoch: 86, Training Loss: 0.0409, Train MSE: 0.0409, r (train): 0.6994, Test MSE: 0.0626, r (test): 0.2747
Epoch: 87, Training Loss: 0.0426, Train MSE: 0.0426, r (train): 0.7027, Test MSE: 0.0613, r (test): 0.2836
Epoch: 88, Training Loss: 0.0432, Train MSE: 0.0432, r (train): 0.6994, Test MSE: 0.0615, r (test): 0.2864
Epoch: 89, Training Loss: 0.0408, Train MSE: 0.0408, r (train): 0.6970, Test MSE: 0.0622, r (test): 0.2630
Epoch: 90, Training Loss: 0.0392, Train MSE: 0.0392, r (train): 0.6992, Test MSE: 0.0628, r (test): 0.2644
Epoch: 91, Training Loss: 0.0407, Train MSE: 0.0407, r (train): 0.7059, Test MSE: 0.0620, r (test): 0.2739
Epoch: 92, Training Loss: 0.0472, Train MSE: 0.0472, r (train): 0.6952, Test MSE: 0.0629, r (test): 0.3183
Epoch: 93, Training Loss: 0.0441, Train MSE: 0.0441, r (train): 0.6925, Test MSE: 0.0632, r (test): 0.2610
Epoch: 94, Training Loss: 0.0391, Train MSE: 0.0391, r (train): 0.6949, Test MSE: 0.0627, r (test): 0.2563
Epoch: 95, Training Loss: 0.0379, Train MSE: 0.0379, r (train): 0.7115, Test MSE: 0.0624, r (test): 0.2340
Epoch: 96, Training Loss: 0.0442, Train MSE: 0.0442, r (train): 0.6997, Test MSE: 0.0611, r (test): 0.2969
Epoch: 97, Training Loss: 0.0481, Train MSE: 0.0481, r (train): 0.6787, Test MSE: 0.0628, r (test): 0.3350
Epoch: 98, Training Loss: 0.0436, Train MSE: 0.0436, r (train): 0.6777, Test MSE: 0.0650, r (test): 0.1883
Epoch: 99, Training Loss: 0.0475, Train MSE: 0.0475, r (train): 0.6985, Test MSE: 0.0631, r (test): 0.2429
Predicted tensors for training set: 
tensor([ 0.7641, -0.0141,  0.6094,  0.5807,  0.8678,  0.5447,  0.1925,  0.5806,
         0.5486,  0.4827,  0.0699,  0.8099,  0.4674,  0.2435,  0.4754,  0.5195,
         0.6652,  0.1531,  0.3162,  0.8826,  0.7166,  0.7296,  0.3809,  0.1606,
         0.7375,  0.4332,  0.4466,  0.1655,  0.6247,  0.3613,  0.2543,  0.5079,
         0.6099,  0.5622, -0.0571,  0.5988,  1.1036,  0.6023,  0.2180,  0.2623,
         0.4450,  0.2897,  0.9303,  0.5663,  0.5612,  0.9243,  0.4176,  0.4814,
         0.5275,  0.3964,  0.5597,  0.3549,  0.3247,  0.5318,  0.2875,  0.3093,
         0.4614,  0.5146,  0.1883,  0.6301,  0.5419,  0.6157,  0.0181,  0.6384,
         1.0833,  0.5515,  0.5727, -0.0318,  0.5364,  0.3501,  0.7217,  0.1260])
Target tensorsfor training set: 
tensor([0.8988, 0.1218, 0.7507, 0.6671, 0.8453, 0.5779, 0.2464, 0.5719, 0.5564,
        0.4513, 0.0478, 0.7791, 0.8391, 0.5658, 0.7372, 0.8556, 0.3309, 0.0246,
        0.2169, 0.4818, 0.9127, 0.9072, 0.5300, 0.2649, 0.9656, 0.6595, 0.7144,
        0.4993, 0.9215, 0.6465, 0.4640, 0.7901, 0.9492, 0.8418, 0.1493, 0.9117,
        0.8561, 0.4373, 0.0981, 0.1055, 0.2916, 0.1295, 0.6846, 0.4036, 0.3174,
        0.5780, 0.2255, 0.2594, 0.6240, 0.5220, 0.6577, 0.4341, 0.6576, 0.9535,
        0.5187, 0.5023, 0.7950, 0.8411, 0.4149, 0.9150, 0.6199, 0.6992, 0.0389,
        0.7596, 0.8524, 0.4526, 0.4654, 0.0636, 0.7462, 0.5783, 0.9621, 0.3453])
Correlation for training set: 0.6984886456133349
Predicted tensors for test set: 
tensor([0.4919, 0.3329, 0.4908, 0.4779, 0.3757, 0.6282, 0.4771, 0.3567, 0.4848,
        0.5752, 0.5670, 0.4233, 0.4237, 0.2622, 0.4864, 0.4864, 0.3534, 0.4792])
Target tensorsfor test set: 
tensor([0.7125, 0.1360, 0.5102, 0.2394, 0.8363, 0.8728, 0.0763, 0.2271, 0.5178,
        0.5573, 0.7497, 0.4440, 0.7371, 0.7171, 0.1294, 0.3829, 0.3077, 0.7270])
Correlation for test set: 0.2428510304708452
18 5
Fold 5
Epoch: 00, Training Loss: 0.0880, Train MSE: 0.0880, r (train): -0.2142, Test MSE: 0.0724, r (test): -0.2284
Epoch: 01, Training Loss: 0.0850, Train MSE: 0.0850, r (train): -0.2265, Test MSE: 0.0715, r (test): -0.2353
Epoch: 02, Training Loss: 0.0765, Train MSE: 0.0765, r (train): -0.1813, Test MSE: 0.0759, r (test): -0.2367
Epoch: 03, Training Loss: 0.0965, Train MSE: 0.0965, r (train): 0.3058, Test MSE: 0.1210, r (test): -0.1846
Epoch: 04, Training Loss: 0.0533, Train MSE: 0.0533, r (train): 0.6278, Test MSE: 0.0739, r (test): 0.1251
Epoch: 05, Training Loss: 0.2755, Train MSE: 0.2755, r (train): 0.5880, Test MSE: 0.2512, r (test): 0.2402
Epoch: 06, Training Loss: 0.2552, Train MSE: 0.2552, r (train): 0.6583, Test MSE: 0.2699, r (test): 0.0924
Epoch: 07, Training Loss: 0.2537, Train MSE: 0.2537, r (train): 0.5609, Test MSE: 0.2102, r (test): 0.2334
Epoch: 08, Training Loss: 0.0506, Train MSE: 0.0506, r (train): 0.5843, Test MSE: 0.0896, r (test): 0.0900
Epoch: 09, Training Loss: 0.2784, Train MSE: 0.2784, r (train): 0.6164, Test MSE: 0.2641, r (test): 0.1329
Epoch: 10, Training Loss: 0.0520, Train MSE: 0.0520, r (train): 0.6817, Test MSE: 0.0885, r (test): 0.0738
Epoch: 11, Training Loss: 0.0823, Train MSE: 0.0823, r (train): 0.6157, Test MSE: 0.1623, r (test): 0.0406
Epoch: 12, Training Loss: 0.0419, Train MSE: 0.0419, r (train): 0.6634, Test MSE: 0.0853, r (test): 0.1347
Epoch: 13, Training Loss: 0.0912, Train MSE: 0.0912, r (train): 0.6843, Test MSE: 0.1037, r (test): 0.0320
Epoch: 14, Training Loss: 0.0771, Train MSE: 0.0771, r (train): 0.6268, Test MSE: 0.1624, r (test): -0.0968
Epoch: 15, Training Loss: 0.0393, Train MSE: 0.0393, r (train): 0.6926, Test MSE: 0.0963, r (test): -0.0436
Epoch: 16, Training Loss: 0.0394, Train MSE: 0.0394, r (train): 0.6795, Test MSE: 0.0852, r (test): -0.0131
Epoch: 17, Training Loss: 0.0486, Train MSE: 0.0486, r (train): 0.6498, Test MSE: 0.1058, r (test): -0.0957
Epoch: 18, Training Loss: 0.0392, Train MSE: 0.0392, r (train): 0.6942, Test MSE: 0.0852, r (test): -0.0559
Epoch: 19, Training Loss: 0.0768, Train MSE: 0.0768, r (train): 0.6363, Test MSE: 0.0983, r (test): -0.0463
Epoch: 20, Training Loss: 0.0778, Train MSE: 0.0778, r (train): 0.5503, Test MSE: 0.1512, r (test): -0.0477
Epoch: 21, Training Loss: 0.0456, Train MSE: 0.0456, r (train): 0.6265, Test MSE: 0.0757, r (test): 0.0930
Epoch: 22, Training Loss: 0.1093, Train MSE: 0.1093, r (train): 0.6432, Test MSE: 0.1175, r (test): 0.0146
Epoch: 23, Training Loss: 0.1429, Train MSE: 0.1429, r (train): 0.5634, Test MSE: 0.2463, r (test): -0.1954
Epoch: 24, Training Loss: 0.0956, Train MSE: 0.0956, r (train): 0.6331, Test MSE: 0.1021, r (test): -0.0252
Epoch: 25, Training Loss: 0.0514, Train MSE: 0.0514, r (train): 0.6778, Test MSE: 0.1238, r (test): -0.0640
Epoch: 26, Training Loss: 0.0498, Train MSE: 0.0498, r (train): 0.6132, Test MSE: 0.0967, r (test): 0.0081
Epoch: 27, Training Loss: 0.0862, Train MSE: 0.0862, r (train): 0.6422, Test MSE: 0.1603, r (test): -0.0653
Epoch: 28, Training Loss: 0.1729, Train MSE: 0.1729, r (train): 0.5731, Test MSE: 0.1728, r (test): 0.0806
Epoch: 29, Training Loss: 0.8761, Train MSE: 0.8761, r (train): 0.2804, Test MSE: 1.0704, r (test): -0.2148
Epoch: 30, Training Loss: 0.3534, Train MSE: 0.3534, r (train): 0.6012, Test MSE: 0.2995, r (test): 0.0818
Epoch: 31, Training Loss: 0.0666, Train MSE: 0.0666, r (train): 0.5930, Test MSE: 0.1305, r (test): -0.1347
Epoch: 32, Training Loss: 0.0478, Train MSE: 0.0478, r (train): 0.6640, Test MSE: 0.0976, r (test): -0.0214
Epoch: 33, Training Loss: 0.0813, Train MSE: 0.0813, r (train): 0.6207, Test MSE: 0.1647, r (test): -0.1511
Epoch: 34, Training Loss: 0.0708, Train MSE: 0.0708, r (train): 0.5960, Test MSE: 0.0742, r (test): 0.1315
Epoch: 35, Training Loss: 0.0547, Train MSE: 0.0547, r (train): 0.7022, Test MSE: 0.1306, r (test): -0.1237
Epoch: 36, Training Loss: 0.0496, Train MSE: 0.0496, r (train): 0.6407, Test MSE: 0.0728, r (test): 0.0740
Epoch: 37, Training Loss: 0.0376, Train MSE: 0.0376, r (train): 0.7011, Test MSE: 0.0879, r (test): -0.0840
Epoch: 38, Training Loss: 0.1035, Train MSE: 0.1035, r (train): 0.6419, Test MSE: 0.1113, r (test): 0.0326
Epoch: 39, Training Loss: 0.0577, Train MSE: 0.0577, r (train): 0.6729, Test MSE: 0.1319, r (test): -0.2718
Epoch: 40, Training Loss: 0.0853, Train MSE: 0.0853, r (train): 0.6768, Test MSE: 0.1875, r (test): -0.2012
Epoch: 41, Training Loss: 0.0492, Train MSE: 0.0492, r (train): 0.6496, Test MSE: 0.0864, r (test): -0.0650
Epoch: 42, Training Loss: 0.0368, Train MSE: 0.0368, r (train): 0.7113, Test MSE: 0.0794, r (test): -0.0627
Epoch: 43, Training Loss: 0.0439, Train MSE: 0.0439, r (train): 0.6688, Test MSE: 0.0764, r (test): -0.0478
Epoch: 44, Training Loss: 0.0496, Train MSE: 0.0496, r (train): 0.6702, Test MSE: 0.0817, r (test): -0.0718
Epoch: 45, Training Loss: 0.0769, Train MSE: 0.0769, r (train): 0.6815, Test MSE: 0.1748, r (test): -0.2171
Epoch: 46, Training Loss: 0.0523, Train MSE: 0.0523, r (train): 0.6461, Test MSE: 0.1075, r (test): -0.0433
Epoch: 47, Training Loss: 0.0419, Train MSE: 0.0419, r (train): 0.6923, Test MSE: 0.0743, r (test): -0.0347
Epoch: 48, Training Loss: 0.0735, Train MSE: 0.0735, r (train): 0.7052, Test MSE: 0.1661, r (test): -0.2377
Epoch: 49, Training Loss: 0.0795, Train MSE: 0.0795, r (train): 0.6576, Test MSE: 0.0934, r (test): -0.0800
Epoch: 50, Training Loss: 0.0434, Train MSE: 0.0434, r (train): 0.6512, Test MSE: 0.0860, r (test): -0.0287
Epoch: 51, Training Loss: 0.0567, Train MSE: 0.0567, r (train): 0.6807, Test MSE: 0.1281, r (test): -0.1037
Epoch: 52, Training Loss: 0.0454, Train MSE: 0.0454, r (train): 0.6900, Test MSE: 0.1079, r (test): -0.1370
Epoch: 53, Training Loss: 0.0454, Train MSE: 0.0454, r (train): 0.6824, Test MSE: 0.0845, r (test): -0.0786
Epoch: 54, Training Loss: 0.0409, Train MSE: 0.0409, r (train): 0.6846, Test MSE: 0.0856, r (test): -0.0838
Epoch: 55, Training Loss: 0.0425, Train MSE: 0.0425, r (train): 0.6900, Test MSE: 0.0979, r (test): -0.1471
Epoch: 56, Training Loss: 0.0417, Train MSE: 0.0417, r (train): 0.6796, Test MSE: 0.0914, r (test): -0.1047
Epoch: 57, Training Loss: 0.0410, Train MSE: 0.0410, r (train): 0.6779, Test MSE: 0.0863, r (test): -0.0677
Epoch: 58, Training Loss: 0.0430, Train MSE: 0.0430, r (train): 0.6965, Test MSE: 0.1053, r (test): -0.1424
Epoch: 59, Training Loss: 0.0432, Train MSE: 0.0432, r (train): 0.6947, Test MSE: 0.0977, r (test): -0.1657
Epoch: 60, Training Loss: 0.0398, Train MSE: 0.0398, r (train): 0.6878, Test MSE: 0.0853, r (test): -0.0862
Epoch: 61, Training Loss: 0.0398, Train MSE: 0.0398, r (train): 0.6869, Test MSE: 0.0857, r (test): -0.0804
Epoch: 62, Training Loss: 0.0449, Train MSE: 0.0449, r (train): 0.6787, Test MSE: 0.0981, r (test): -0.1200
Epoch: 63, Training Loss: 0.0451, Train MSE: 0.0451, r (train): 0.6897, Test MSE: 0.1105, r (test): -0.1727
Epoch: 64, Training Loss: 0.0415, Train MSE: 0.0415, r (train): 0.6823, Test MSE: 0.0917, r (test): -0.1260
Epoch: 65, Training Loss: 0.0408, Train MSE: 0.0408, r (train): 0.6963, Test MSE: 0.0905, r (test): -0.1033
Epoch: 66, Training Loss: 0.0456, Train MSE: 0.0456, r (train): 0.6716, Test MSE: 0.0838, r (test): -0.0643
Epoch: 67, Training Loss: 0.0436, Train MSE: 0.0436, r (train): 0.6848, Test MSE: 0.1030, r (test): -0.1406
Epoch: 68, Training Loss: 0.0433, Train MSE: 0.0433, r (train): 0.6882, Test MSE: 0.1044, r (test): -0.1858
Epoch: 69, Training Loss: 0.0443, Train MSE: 0.0443, r (train): 0.6875, Test MSE: 0.1023, r (test): -0.1659
Epoch: 70, Training Loss: 0.0420, Train MSE: 0.0420, r (train): 0.6897, Test MSE: 0.0850, r (test): -0.0762
Epoch: 71, Training Loss: 0.0459, Train MSE: 0.0459, r (train): 0.6721, Test MSE: 0.0835, r (test): -0.0499
Epoch: 72, Training Loss: 0.0474, Train MSE: 0.0474, r (train): 0.6906, Test MSE: 0.1154, r (test): -0.1659
Epoch: 73, Training Loss: 0.0433, Train MSE: 0.0433, r (train): 0.6915, Test MSE: 0.1059, r (test): -0.2071
Epoch: 74, Training Loss: 0.0412, Train MSE: 0.0412, r (train): 0.6815, Test MSE: 0.0921, r (test): -0.1088
Epoch: 75, Training Loss: 0.0436, Train MSE: 0.0436, r (train): 0.6852, Test MSE: 0.0783, r (test): -0.0534
Epoch: 76, Training Loss: 0.0536, Train MSE: 0.0536, r (train): 0.6742, Test MSE: 0.1025, r (test): -0.0964
Epoch: 77, Training Loss: 0.0420, Train MSE: 0.0420, r (train): 0.6993, Test MSE: 0.1021, r (test): -0.1731
Epoch: 78, Training Loss: 0.0468, Train MSE: 0.0468, r (train): 0.6781, Test MSE: 0.1108, r (test): -0.1427
Epoch: 79, Training Loss: 0.0392, Train MSE: 0.0392, r (train): 0.6964, Test MSE: 0.0929, r (test): -0.1281
Epoch: 80, Training Loss: 0.0445, Train MSE: 0.0445, r (train): 0.6916, Test MSE: 0.0861, r (test): -0.1196
Epoch: 81, Training Loss: 0.0659, Train MSE: 0.0659, r (train): 0.6388, Test MSE: 0.0832, r (test): -0.0166
Epoch: 82, Training Loss: 0.0410, Train MSE: 0.0410, r (train): 0.6871, Test MSE: 0.0831, r (test): -0.1284
Epoch: 83, Training Loss: 0.0480, Train MSE: 0.0480, r (train): 0.6922, Test MSE: 0.1135, r (test): -0.1941
Epoch: 84, Training Loss: 0.0500, Train MSE: 0.0500, r (train): 0.6916, Test MSE: 0.1241, r (test): -0.1608
Epoch: 85, Training Loss: 0.0400, Train MSE: 0.0400, r (train): 0.6923, Test MSE: 0.0946, r (test): -0.1238
Epoch: 86, Training Loss: 0.0434, Train MSE: 0.0434, r (train): 0.6772, Test MSE: 0.0773, r (test): -0.0426
Epoch: 87, Training Loss: 0.0451, Train MSE: 0.0451, r (train): 0.6852, Test MSE: 0.0912, r (test): -0.1288
Epoch: 88, Training Loss: 0.0536, Train MSE: 0.0536, r (train): 0.7213, Test MSE: 0.1334, r (test): -0.2394
Epoch: 89, Training Loss: 0.0427, Train MSE: 0.0427, r (train): 0.6800, Test MSE: 0.0952, r (test): -0.0348
Epoch: 90, Training Loss: 0.0366, Train MSE: 0.0366, r (train): 0.7205, Test MSE: 0.0935, r (test): -0.1864
Epoch: 91, Training Loss: 0.0446, Train MSE: 0.0446, r (train): 0.6793, Test MSE: 0.0830, r (test): -0.0954
Epoch: 92, Training Loss: 0.0497, Train MSE: 0.0497, r (train): 0.6738, Test MSE: 0.0858, r (test): -0.1317
Epoch: 93, Training Loss: 0.0398, Train MSE: 0.0398, r (train): 0.6921, Test MSE: 0.0843, r (test): -0.1296
Epoch: 94, Training Loss: 0.0427, Train MSE: 0.0427, r (train): 0.6744, Test MSE: 0.0883, r (test): -0.0422
Epoch: 95, Training Loss: 0.0541, Train MSE: 0.0541, r (train): 0.7297, Test MSE: 0.1370, r (test): -0.1653
Epoch: 96, Training Loss: 0.0432, Train MSE: 0.0432, r (train): 0.6776, Test MSE: 0.0789, r (test): -0.0483
Epoch: 97, Training Loss: 0.0368, Train MSE: 0.0368, r (train): 0.7211, Test MSE: 0.0950, r (test): -0.1156
Epoch: 98, Training Loss: 0.0414, Train MSE: 0.0414, r (train): 0.6794, Test MSE: 0.0773, r (test): -0.0754
Epoch: 99, Training Loss: 0.0568, Train MSE: 0.0568, r (train): 0.6916, Test MSE: 0.1255, r (test): -0.1714
Predicted tensors for training set: 
tensor([ 0.7471, -0.0958,  0.5669,  0.4934,  0.7915,  0.5022,  0.0919,  0.4593,
         0.5613,  0.3926, -0.0690,  0.8295,  0.4516,  0.0872,  0.3865,  0.4408,
         0.7575,  0.1870,  0.3330,  0.9277,  0.6779,  0.6870,  0.2587,  0.0230,
         0.7665,  0.4415,  0.3978,  0.1355,  0.7115,  0.4080,  0.2373,  0.5371,
         0.6449,  0.5796, -0.1547,  0.5753,  1.2042,  0.5849,  0.1842,  0.2370,
         0.2773,  0.2053,  0.8891,  0.4411,  0.4840,  0.8238,  0.3308,  0.4549,
         0.3394,  0.1974,  0.4700,  0.1723,  0.3623,  0.6358,  0.4840, -0.1123,
         0.2404, -0.1144,  0.6508,  0.5664,  0.0707,  0.3357,  0.7184,  0.7276,
         0.4901,  0.2242,  0.5051,  0.5136,  0.1735,  0.4918,  0.3682,  1.0025])
Target tensorsfor training set: 
tensor([0.8988, 0.1218, 0.7507, 0.6671, 0.8453, 0.5779, 0.2464, 0.5719, 0.5564,
        0.4513, 0.0478, 0.7791, 0.8391, 0.5658, 0.7372, 0.8556, 0.3309, 0.0246,
        0.2169, 0.4818, 0.9127, 0.9072, 0.5300, 0.2649, 0.9656, 0.6595, 0.7144,
        0.4993, 0.9215, 0.6465, 0.4640, 0.7901, 0.9492, 0.8418, 0.1493, 0.9117,
        0.8561, 0.4373, 0.0981, 0.1055, 0.2916, 0.1295, 0.6846, 0.4036, 0.3174,
        0.5780, 0.2255, 0.2594, 0.6240, 0.5220, 0.6577, 0.4341, 0.6576, 0.9535,
        0.7125, 0.1360, 0.5102, 0.2394, 0.8363, 0.8728, 0.0763, 0.2271, 0.5178,
        0.5573, 0.7497, 0.4440, 0.7371, 0.7171, 0.1294, 0.3829, 0.3077, 0.7270])
Correlation for training set: 0.6915642773471751
Predicted tensors for test set: 
tensor([0.2687, 0.2742, 0.5774, 0.4236, 0.4754, 0.2767, 0.3758, 0.3794, 0.4728,
        0.4670, 0.1156, 0.3738, 0.3886, 0.3987, 0.5574, 0.3711, 0.4066, 0.4915])
Target tensorsfor test set: 
tensor([0.5187, 0.5023, 0.7950, 0.8411, 0.4149, 0.9150, 0.6199, 0.6992, 0.0389,
        0.7596, 0.8524, 0.4526, 0.4654, 0.0636, 0.7462, 0.5783, 0.9621, 0.3453])
Correlation for test set: -0.17143617266884517
Validation set predictions (100 folds): [tensor([0.5840, 0.5704, 0.9705, 0.8823, 0.9589, 0.5640, 0.8113, 0.7234, 0.7733,
        0.6145, 0.4736, 0.8243, 0.4971, 1.0566, 0.6681, 0.5914, 0.5716, 0.8159]), tensor([0.5798, 0.7400, 0.6816, 0.4150, 0.6996, 0.4964, 0.4431, 0.4055, 0.7377,
        0.7919, 0.7804, 0.6724, 0.7392, 0.6714, 0.7364, 0.6344, 0.6900, 0.8010]), tensor([0.6096, 0.4392, 0.6490, 0.7078, 0.5826, 0.5366, 0.6275, 0.6000, 0.5188,
        0.6437, 0.7024, 0.5752, 0.5947, 0.6705, 0.5621, 0.3761, 0.6147, 0.5249]), tensor([0.4919, 0.3329, 0.4908, 0.4779, 0.3757, 0.6282, 0.4771, 0.3567, 0.4848,
        0.5752, 0.5670, 0.4233, 0.4237, 0.2622, 0.4864, 0.4864, 0.3534, 0.4792]), tensor([0.2687, 0.2742, 0.5774, 0.4236, 0.4754, 0.2767, 0.3758, 0.3794, 0.4728,
        0.4670, 0.1156, 0.3738, 0.3886, 0.3987, 0.5574, 0.3711, 0.4066, 0.4915])]
Validation set targets (100 folds): [tensor([0.8988, 0.1218, 0.7507, 0.6671, 0.8453, 0.5779, 0.2464, 0.5719, 0.5564,
        0.4513, 0.0478, 0.7791, 0.8391, 0.5658, 0.7372, 0.8556, 0.3309, 0.0246]), tensor([0.2169, 0.4818, 0.9127, 0.9072, 0.5300, 0.2649, 0.9656, 0.6595, 0.7144,
        0.4993, 0.9215, 0.6465, 0.4640, 0.7901, 0.9492, 0.8418, 0.1493, 0.9117]), tensor([0.8561, 0.4373, 0.0981, 0.1055, 0.2916, 0.1295, 0.6846, 0.4036, 0.3174,
        0.5780, 0.2255, 0.2594, 0.6240, 0.5220, 0.6577, 0.4341, 0.6576, 0.9535]), tensor([0.7125, 0.1360, 0.5102, 0.2394, 0.8363, 0.8728, 0.0763, 0.2271, 0.5178,
        0.5573, 0.7497, 0.4440, 0.7371, 0.7171, 0.1294, 0.3829, 0.3077, 0.7270]), tensor([0.5187, 0.5023, 0.7950, 0.8411, 0.4149, 0.9150, 0.6199, 0.6992, 0.0389,
        0.7596, 0.8524, 0.4526, 0.4654, 0.0636, 0.7462, 0.5783, 0.9621, 0.3453])]
Time taken: 18017.61876487732 seconds
