DenseNet_thalamus_37.py
/apps/monai/MONAI0.8.1/lib/python3.9/site-packages/torch/cuda/__init__.py:143: UserWarning: 
NVIDIA B200 with CUDA capability sm_100 is not compatible with the current PyTorch installation.
The current PyTorch install supports CUDA capabilities sm_37 sm_50 sm_60 sm_61 sm_70 sm_75 sm_80 sm_86 compute_37.
If you want to use the NVIDIA B200 GPU with PyTorch, please check the instructions at https://pytorch.org/get-started/locally/

  warnings.warn(incompatible_device_warn.format(device_name, capability, " ".join(arch_list), device_name))
90
Image shape: torch.Size([256, 256, 256])
Label: 0.737099236

Image shape: torch.Size([256, 256, 256])
Label: 0.667105602

Image shape: torch.Size([256, 256, 256])
Label: 0.063583908

Image shape: torch.Size([256, 256, 256])
Label: 0.437273408

Image shape: torch.Size([256, 256, 256])
Label: 0.714356234

Image shape: torch.Size([256, 256, 256])
Label: 0.34531344

Image shape: torch.Size([256, 256, 256])
Label: 0.646490545

Image shape: torch.Size([256, 256, 256])
Label: 0.225463904

Image shape: torch.Size([256, 256, 256])
Label: 0.307667842

Image shape: torch.Size([256, 256, 256])
Label: 0.794978716

Image shape: torch.Size([256, 256, 256])
Label: 0.965645278

Image shape: torch.Size([256, 256, 256])
Label: 0.216921218

Image shape: torch.Size([256, 256, 256])
Label: 0.57804499

Image shape: torch.Size([256, 256, 256])
Label: 0.463984431

Image shape: torch.Size([256, 256, 256])
Label: 0.759624831

Image shape: torch.Size([256, 256, 256])
Label: 0.727035333

Image shape: torch.Size([256, 256, 256])
Label: 0.657691961

Image shape: torch.Size([256, 256, 256])
Label: 0.841130428

Image shape: torch.Size([256, 256, 256])
Label: 0.953465465

Image shape: torch.Size([256, 256, 256])
Label: 0.26490909

Image shape: torch.Size([256, 256, 256])
Label: 0.43409457

Image shape: torch.Size([256, 256, 256])
Label: 0.291630426

Image shape: torch.Size([256, 256, 256])
Label: 0.518716963

Image shape: torch.Size([256, 256, 256])
Label: 0.522016133

Image shape: torch.Size([256, 256, 256])
Label: 0.444012353

Image shape: torch.Size([256, 256, 256])
Label: 0.038874365

Image shape: torch.Size([256, 256, 256])
Label: 0.872805901

Image shape: torch.Size([256, 256, 256])
Label: 0.790096101

Image shape: torch.Size([256, 256, 256])
Label: 0.510151238

Image shape: torch.Size([256, 256, 256])
Label: 0.55726975

Image shape: torch.Size([256, 256, 256])
Label: 0.121809436

Image shape: torch.Size([256, 256, 256])
Label: 0.659493008

Image shape: torch.Size([256, 256, 256])
Label: 0.499347098

Image shape: torch.Size([256, 256, 256])
Label: 0.699213269

Image shape: torch.Size([256, 256, 256])
Label: 0.246363884

Image shape: torch.Size([256, 256, 256])
Label: 0.403550924

Image shape: torch.Size([256, 256, 256])
Label: 0.845253622

Image shape: torch.Size([256, 256, 256])
Label: 0.856107326

Image shape: torch.Size([256, 256, 256])
Label: 0.14931566

Image shape: torch.Size([256, 256, 256])
Label: 0.712524369

Image shape: torch.Size([256, 256, 256])
Label: 0.330926406

Image shape: torch.Size([256, 256, 256])
Label: 0.717144575

Image shape: torch.Size([256, 256, 256])
Label: 0.259369175

Image shape: torch.Size([256, 256, 256])
Label: 0.129379513

Image shape: torch.Size([256, 256, 256])
Label: 0.91273199

Image shape: torch.Size([256, 256, 256])
Label: 0.024634435

Image shape: torch.Size([256, 256, 256])
Label: 0.239393515

Image shape: torch.Size([256, 256, 256])
Label: 0.517802514

Image shape: torch.Size([256, 256, 256])
Label: 0.949166278

Image shape: torch.Size([256, 256, 256])
Label: 0.076332172

Image shape: torch.Size([256, 256, 256])
Label: 0.623989995

Image shape: torch.Size([256, 256, 256])
Label: 0.684642475

Image shape: torch.Size([256, 256, 256])
Label: 0.31742745

Image shape: torch.Size([256, 256, 256])
Label: 0.839077585

Image shape: torch.Size([256, 256, 256])
Label: 0.382857646

Image shape: torch.Size([256, 256, 256])
Label: 0.578327051

Image shape: torch.Size([256, 256, 256])
Label: 0.836265129

Image shape: torch.Size([256, 256, 256])
Label: 0.502254367

Image shape: torch.Size([256, 256, 256])
Label: 0.750732335

Image shape: torch.Size([256, 256, 256])
Label: 0.855579732

Image shape: torch.Size([256, 256, 256])
Label: 0.749740575

Image shape: torch.Size([256, 256, 256])
Label: 0.098052496

Image shape: torch.Size([256, 256, 256])
Label: 0.136048492

Image shape: torch.Size([256, 256, 256])
Label: 0.737192172

Image shape: torch.Size([256, 256, 256])
Label: 0.619874898

Image shape: torch.Size([256, 256, 256])
Label: 0.898762669

Image shape: torch.Size([256, 256, 256])
Label: 0.911671093

Image shape: torch.Size([256, 256, 256])
Label: 0.414935686

Image shape: torch.Size([256, 256, 256])
Label: 0.571907479

Image shape: torch.Size([256, 256, 256])
Label: 0.451287356

Image shape: torch.Size([256, 256, 256])
Label: 0.48182514

Image shape: torch.Size([256, 256, 256])
Label: 0.047813956

Image shape: torch.Size([256, 256, 256])
Label: 0.779103135

Image shape: torch.Size([256, 256, 256])
Label: 0.565846925

Image shape: torch.Size([256, 256, 256])
Label: 0.529961465

Image shape: torch.Size([256, 256, 256])
Label: 0.962135747

Image shape: torch.Size([256, 256, 256])
Label: 0.452638778

Image shape: torch.Size([256, 256, 256])
Label: 0.92154251

Image shape: torch.Size([256, 256, 256])
Label: 0.852431609

Image shape: torch.Size([256, 256, 256])
Label: 0.46544507

Image shape: torch.Size([256, 256, 256])
Label: 0.55641775

Image shape: torch.Size([256, 256, 256])
Label: 0.577850585

Image shape: torch.Size([256, 256, 256])
Label: 0.105524477

Image shape: torch.Size([256, 256, 256])
Label: 0.746225617

Image shape: torch.Size([256, 256, 256])
Label: 0.841767741

Image shape: torch.Size([256, 256, 256])
Label: 0.91498566

Image shape: torch.Size([256, 256, 256])
Label: 0.907159832

Image shape: torch.Size([256, 256, 256])
Label: 0.129485328

Image shape: torch.Size([256, 256, 256])
Label: 0.657623403

Image shape: torch.Size([256, 256, 256])
Label: 0.227116465

18 5
Fold 1
Epoch: 00, Training Loss: 0.1115, Train MSE: 0.1115, r (train): -0.2649, Test MSE: 0.1025, r (test): -0.5956
Epoch: 01, Training Loss: 0.3483, Train MSE: 0.3483, r (train): 0.1554, Test MSE: 0.3520, r (test): -0.4158
Epoch: 02, Training Loss: 0.5823, Train MSE: 0.5823, r (train): 0.6870, Test MSE: 0.6032, r (test): 0.5305
Epoch: 03, Training Loss: 0.2267, Train MSE: 0.2267, r (train): 0.8219, Test MSE: 0.2578, r (test): 0.3959
Epoch: 04, Training Loss: 0.9882, Train MSE: 0.9882, r (train): 0.6632, Test MSE: 0.8354, r (test): 0.4643
Epoch: 05, Training Loss: 0.5137, Train MSE: 0.5137, r (train): 0.7530, Test MSE: 0.5268, r (test): 0.3251
Epoch: 06, Training Loss: 0.0826, Train MSE: 0.0826, r (train): 0.8494, Test MSE: 0.1233, r (test): 0.1051
Epoch: 07, Training Loss: 0.0292, Train MSE: 0.0292, r (train): 0.8748, Test MSE: 0.0813, r (test): 0.1375
Epoch: 08, Training Loss: 0.0507, Train MSE: 0.0507, r (train): 0.8692, Test MSE: 0.1168, r (test): 0.1789
Epoch: 09, Training Loss: 0.0461, Train MSE: 0.0461, r (train): 0.8783, Test MSE: 0.1001, r (test): 0.1960
Epoch: 10, Training Loss: 0.0167, Train MSE: 0.0167, r (train): 0.9058, Test MSE: 0.0612, r (test): 0.2318
Epoch: 11, Training Loss: 0.0898, Train MSE: 0.0898, r (train): 0.8998, Test MSE: 0.1277, r (test): 0.1466
Epoch: 12, Training Loss: 0.0226, Train MSE: 0.0226, r (train): 0.9037, Test MSE: 0.0798, r (test): 0.1139
Epoch: 13, Training Loss: 0.1235, Train MSE: 0.1235, r (train): 0.9195, Test MSE: 0.1969, r (test): 0.2713
Epoch: 14, Training Loss: 0.0191, Train MSE: 0.0191, r (train): 0.9172, Test MSE: 0.0674, r (test): 0.1940
Epoch: 15, Training Loss: 0.0881, Train MSE: 0.0881, r (train): 0.8890, Test MSE: 0.1308, r (test): 0.0549
Epoch: 16, Training Loss: 0.0118, Train MSE: 0.0118, r (train): 0.9241, Test MSE: 0.0626, r (test): 0.2438
Epoch: 17, Training Loss: 0.0828, Train MSE: 0.0828, r (train): 0.9222, Test MSE: 0.1527, r (test): 0.2146
Epoch: 18, Training Loss: 0.1108, Train MSE: 0.1108, r (train): 0.8892, Test MSE: 0.1569, r (test): 0.0547
Epoch: 19, Training Loss: 0.0848, Train MSE: 0.0848, r (train): 0.9007, Test MSE: 0.1300, r (test): 0.1020
Epoch: 20, Training Loss: 0.0166, Train MSE: 0.0166, r (train): 0.9070, Test MSE: 0.0575, r (test): 0.2306
Epoch: 21, Training Loss: 0.8959, Train MSE: 0.8959, r (train): 0.9022, Test MSE: 0.9798, r (test): 0.3984
Epoch: 22, Training Loss: 0.1299, Train MSE: 0.1299, r (train): 0.8875, Test MSE: 0.1639, r (test): 0.1551
Epoch: 23, Training Loss: 0.0217, Train MSE: 0.0217, r (train): 0.8912, Test MSE: 0.0816, r (test): 0.0137
Epoch: 24, Training Loss: 0.0142, Train MSE: 0.0142, r (train): 0.9069, Test MSE: 0.0615, r (test): 0.2182
Epoch: 25, Training Loss: 0.0318, Train MSE: 0.0318, r (train): 0.9180, Test MSE: 0.0753, r (test): 0.1693
Epoch: 26, Training Loss: 0.1093, Train MSE: 0.1093, r (train): 0.9081, Test MSE: 0.1920, r (test): 0.1334
Epoch: 27, Training Loss: 0.0796, Train MSE: 0.0796, r (train): 0.8985, Test MSE: 0.1263, r (test): 0.0554
Epoch: 28, Training Loss: 0.0158, Train MSE: 0.0158, r (train): 0.9100, Test MSE: 0.0634, r (test): 0.1612
Epoch: 29, Training Loss: 0.0128, Train MSE: 0.0128, r (train): 0.9199, Test MSE: 0.0683, r (test): 0.1442
Epoch: 30, Training Loss: 0.0162, Train MSE: 0.0162, r (train): 0.9091, Test MSE: 0.0713, r (test): 0.1422
Epoch: 31, Training Loss: 0.0131, Train MSE: 0.0131, r (train): 0.9133, Test MSE: 0.0707, r (test): 0.1224
Epoch: 32, Training Loss: 0.0122, Train MSE: 0.0122, r (train): 0.9170, Test MSE: 0.0634, r (test): 0.1748
Epoch: 33, Training Loss: 0.0225, Train MSE: 0.0225, r (train): 0.9246, Test MSE: 0.0769, r (test): 0.0836
Epoch: 34, Training Loss: 0.0371, Train MSE: 0.0371, r (train): 0.8954, Test MSE: 0.0870, r (test): 0.0931
Epoch: 35, Training Loss: 0.0185, Train MSE: 0.0185, r (train): 0.9124, Test MSE: 0.0751, r (test): 0.1402
Epoch: 36, Training Loss: 0.0203, Train MSE: 0.0203, r (train): 0.9152, Test MSE: 0.0655, r (test): 0.2322
Epoch: 37, Training Loss: 0.0144, Train MSE: 0.0144, r (train): 0.9173, Test MSE: 0.0795, r (test): 0.0447
Epoch: 38, Training Loss: 0.0192, Train MSE: 0.0192, r (train): 0.8925, Test MSE: 0.0711, r (test): 0.0929
Epoch: 39, Training Loss: 0.0141, Train MSE: 0.0141, r (train): 0.9213, Test MSE: 0.0686, r (test): 0.2164
Epoch: 40, Training Loss: 0.0135, Train MSE: 0.0135, r (train): 0.9090, Test MSE: 0.0683, r (test): 0.0868
Epoch: 41, Training Loss: 0.0152, Train MSE: 0.0152, r (train): 0.9103, Test MSE: 0.0696, r (test): 0.0822
Epoch: 42, Training Loss: 0.0148, Train MSE: 0.0148, r (train): 0.9205, Test MSE: 0.0702, r (test): 0.1192
Epoch: 43, Training Loss: 0.0197, Train MSE: 0.0197, r (train): 0.9051, Test MSE: 0.0769, r (test): 0.1066
Epoch: 44, Training Loss: 0.1283, Train MSE: 0.1283, r (train): 0.9171, Test MSE: 0.1927, r (test): 0.2473
Epoch: 45, Training Loss: 0.1963, Train MSE: 0.1963, r (train): 0.8855, Test MSE: 0.2416, r (test): 0.1239
Epoch: 46, Training Loss: 0.0662, Train MSE: 0.0662, r (train): 0.9036, Test MSE: 0.1389, r (test): 0.1054
Epoch: 47, Training Loss: 0.0266, Train MSE: 0.0266, r (train): 0.9198, Test MSE: 0.0831, r (test): 0.1936
Epoch: 48, Training Loss: 0.0148, Train MSE: 0.0148, r (train): 0.9157, Test MSE: 0.0650, r (test): 0.2089
Epoch: 49, Training Loss: 0.0365, Train MSE: 0.0365, r (train): 0.9021, Test MSE: 0.0866, r (test): 0.0792
Epoch: 50, Training Loss: 0.0343, Train MSE: 0.0343, r (train): 0.9159, Test MSE: 0.1042, r (test): 0.0987
Epoch: 51, Training Loss: 0.0400, Train MSE: 0.0400, r (train): 0.9131, Test MSE: 0.0988, r (test): 0.1641
Epoch: 52, Training Loss: 0.2399, Train MSE: 0.2399, r (train): 0.9119, Test MSE: 0.3169, r (test): 0.2998
Epoch: 53, Training Loss: 0.2721, Train MSE: 0.2721, r (train): 0.8733, Test MSE: 0.3155, r (test): 0.1531
Epoch: 54, Training Loss: 0.0364, Train MSE: 0.0364, r (train): 0.9088, Test MSE: 0.1093, r (test): 0.0661
Epoch: 55, Training Loss: 0.0872, Train MSE: 0.0872, r (train): 0.9157, Test MSE: 0.1506, r (test): 0.2121
Epoch: 56, Training Loss: 0.3583, Train MSE: 0.3583, r (train): 0.9192, Test MSE: 0.4501, r (test): 0.3630
Epoch: 57, Training Loss: 0.2460, Train MSE: 0.2460, r (train): 0.8837, Test MSE: 0.2872, r (test): 0.0957
Epoch: 58, Training Loss: 0.0291, Train MSE: 0.0291, r (train): 0.8960, Test MSE: 0.0815, r (test): 0.0549
Epoch: 59, Training Loss: 0.0680, Train MSE: 0.0680, r (train): 0.9216, Test MSE: 0.1305, r (test): 0.2602
Epoch: 60, Training Loss: 0.0782, Train MSE: 0.0782, r (train): 0.9242, Test MSE: 0.1545, r (test): 0.1677
Epoch: 61, Training Loss: 0.0676, Train MSE: 0.0676, r (train): 0.9041, Test MSE: 0.1124, r (test): 0.1208
Epoch: 62, Training Loss: 0.0164, Train MSE: 0.0164, r (train): 0.9222, Test MSE: 0.0679, r (test): 0.1258
Epoch: 63, Training Loss: 0.0369, Train MSE: 0.0369, r (train): 0.9199, Test MSE: 0.1020, r (test): 0.1928
Epoch: 64, Training Loss: 0.0209, Train MSE: 0.0209, r (train): 0.9126, Test MSE: 0.0726, r (test): 0.1162
Epoch: 65, Training Loss: 0.0126, Train MSE: 0.0126, r (train): 0.9227, Test MSE: 0.0652, r (test): 0.1976
Epoch: 66, Training Loss: 0.0147, Train MSE: 0.0147, r (train): 0.8983, Test MSE: 0.0643, r (test): 0.1395
Epoch: 67, Training Loss: 0.0158, Train MSE: 0.0158, r (train): 0.8985, Test MSE: 0.0657, r (test): 0.1511
Epoch: 68, Training Loss: 0.0649, Train MSE: 0.0649, r (train): 0.9119, Test MSE: 0.1095, r (test): 0.1600
Epoch: 69, Training Loss: 0.0159, Train MSE: 0.0159, r (train): 0.9070, Test MSE: 0.0652, r (test): 0.1798
Epoch: 70, Training Loss: 0.0222, Train MSE: 0.0222, r (train): 0.8932, Test MSE: 0.0726, r (test): 0.0795
Epoch: 71, Training Loss: 0.0284, Train MSE: 0.0284, r (train): 0.9259, Test MSE: 0.0834, r (test): 0.2794
Epoch: 72, Training Loss: 0.0201, Train MSE: 0.0201, r (train): 0.9104, Test MSE: 0.0791, r (test): 0.1980
Epoch: 73, Training Loss: 0.0314, Train MSE: 0.0314, r (train): 0.8956, Test MSE: 0.0834, r (test): 0.0782
Epoch: 74, Training Loss: 0.0195, Train MSE: 0.0195, r (train): 0.9057, Test MSE: 0.0685, r (test): 0.1482
Epoch: 75, Training Loss: 0.0234, Train MSE: 0.0234, r (train): 0.9155, Test MSE: 0.0721, r (test): 0.1580
Epoch: 76, Training Loss: 0.1039, Train MSE: 0.1039, r (train): 0.9169, Test MSE: 0.1646, r (test): 0.1844
Epoch: 77, Training Loss: 0.0172, Train MSE: 0.0172, r (train): 0.9202, Test MSE: 0.0701, r (test): 0.1836
Epoch: 78, Training Loss: 0.0122, Train MSE: 0.0122, r (train): 0.9179, Test MSE: 0.0687, r (test): 0.0962
Epoch: 79, Training Loss: 0.0208, Train MSE: 0.0208, r (train): 0.9088, Test MSE: 0.0793, r (test): 0.0784
Epoch: 80, Training Loss: 0.0226, Train MSE: 0.0226, r (train): 0.9198, Test MSE: 0.0775, r (test): 0.1946
Epoch: 81, Training Loss: 0.0166, Train MSE: 0.0166, r (train): 0.9004, Test MSE: 0.0622, r (test): 0.2345
Epoch: 82, Training Loss: 0.5800, Train MSE: 0.5800, r (train): 0.9125, Test MSE: 0.6655, r (test): 0.4176
Epoch: 83, Training Loss: 0.1969, Train MSE: 0.1969, r (train): 0.8783, Test MSE: 0.2406, r (test): 0.1185
Epoch: 84, Training Loss: 0.0414, Train MSE: 0.0414, r (train): 0.8890, Test MSE: 0.0901, r (test): 0.0970
Epoch: 85, Training Loss: 0.0148, Train MSE: 0.0148, r (train): 0.9148, Test MSE: 0.0634, r (test): 0.2092
Epoch: 86, Training Loss: 0.0468, Train MSE: 0.0468, r (train): 0.9204, Test MSE: 0.1081, r (test): 0.2657
Epoch: 87, Training Loss: 0.0424, Train MSE: 0.0424, r (train): 0.9005, Test MSE: 0.0965, r (test): 0.0922
Epoch: 88, Training Loss: 0.0132, Train MSE: 0.0132, r (train): 0.9125, Test MSE: 0.0654, r (test): 0.1656
Epoch: 89, Training Loss: 0.0897, Train MSE: 0.0897, r (train): 0.9273, Test MSE: 0.1488, r (test): 0.2322
Epoch: 90, Training Loss: 0.1679, Train MSE: 0.1679, r (train): 0.9107, Test MSE: 0.2432, r (test): 0.2470
Epoch: 91, Training Loss: 0.0963, Train MSE: 0.0963, r (train): 0.8992, Test MSE: 0.1427, r (test): 0.1243
Epoch: 92, Training Loss: 0.0169, Train MSE: 0.0169, r (train): 0.9139, Test MSE: 0.0646, r (test): 0.1606
Epoch: 93, Training Loss: 0.0115, Train MSE: 0.0115, r (train): 0.9217, Test MSE: 0.0625, r (test): 0.1855
Epoch: 94, Training Loss: 0.0165, Train MSE: 0.0165, r (train): 0.9181, Test MSE: 0.0688, r (test): 0.1659
Epoch: 95, Training Loss: 0.0113, Train MSE: 0.0113, r (train): 0.9231, Test MSE: 0.0660, r (test): 0.1404
Epoch: 96, Training Loss: 0.0549, Train MSE: 0.0549, r (train): 0.9320, Test MSE: 0.1124, r (test): 0.2365
Epoch: 97, Training Loss: 0.0960, Train MSE: 0.0960, r (train): 0.9177, Test MSE: 0.1682, r (test): 0.1970
Epoch: 98, Training Loss: 0.0566, Train MSE: 0.0566, r (train): 0.8958, Test MSE: 0.1038, r (test): 0.1392
Epoch: 99, Training Loss: 0.0209, Train MSE: 0.0209, r (train): 0.9107, Test MSE: 0.0666, r (test): 0.1947
Predicted tensors for training set: 
tensor([0.8055, 0.2582, 0.4114, 0.3046, 0.5290, 0.5212, 0.4521, 0.0960, 0.5949,
        0.4862, 0.3117, 0.3238, 0.1522, 0.5543, 0.4526, 0.5709, 0.2149, 0.3214,
        0.6793, 0.6896, 0.1394, 0.6020, 0.2703, 0.5612, 0.4550, 0.3971, 1.2135,
        0.1996, 0.2285, 0.4341, 0.8800, 0.0690, 0.5416, 0.6045, 0.2722, 0.7326,
        0.3064, 0.4899, 0.6945, 0.4091, 0.6062, 0.7035, 0.6043, 0.0261, 0.0533,
        0.6134, 0.4903, 0.7806, 0.7407, 0.3308, 0.4625, 0.3104, 0.3985, 0.0650,
        0.6821, 0.4848, 0.2653, 0.6142, 0.1868, 0.5737, 0.7614, 0.3913, 0.4542,
        0.4956, 0.0104, 0.5733, 0.6677, 0.7234, 0.7474, 0.1156, 0.5624, 0.1884])
Target tensorsfor training set: 
tensor([0.9535, 0.2649, 0.4341, 0.2916, 0.5187, 0.5220, 0.4440, 0.0389, 0.8728,
        0.7901, 0.5102, 0.5573, 0.1218, 0.6595, 0.4993, 0.6992, 0.2464, 0.4036,
        0.8453, 0.8561, 0.1493, 0.7125, 0.3309, 0.7171, 0.2594, 0.1294, 0.9127,
        0.0246, 0.2394, 0.5178, 0.9492, 0.0763, 0.6240, 0.6846, 0.3174, 0.8391,
        0.3829, 0.5783, 0.8363, 0.5023, 0.7507, 0.8556, 0.7497, 0.0981, 0.1360,
        0.7372, 0.6199, 0.8988, 0.9117, 0.4149, 0.5719, 0.4513, 0.4818, 0.0478,
        0.7791, 0.5658, 0.5300, 0.9621, 0.4526, 0.9215, 0.8524, 0.4654, 0.5564,
        0.5779, 0.1055, 0.7462, 0.8418, 0.9150, 0.9072, 0.1295, 0.6576, 0.2271])
Correlation for training set: 0.9107126781302735
Predicted tensors for test set: 
tensor([0.4208, 0.5064, 0.3814, 0.5007, 0.5854, 0.6640, 0.5695, 0.3831, 0.4587,
        0.8158, 0.4031, 0.3851, 0.4732, 0.6006, 0.4219, 0.3942, 0.3748, 0.4993])
Target tensorsfor test set: 
tensor([0.7371, 0.6671, 0.0636, 0.4373, 0.7144, 0.3453, 0.6465, 0.2255, 0.3077,
        0.7950, 0.9656, 0.2169, 0.5780, 0.4640, 0.7596, 0.7270, 0.6577, 0.8411])
Correlation for test set: 0.19467117034719233
18 5
Fold 2
Epoch: 00, Training Loss: 0.2684, Train MSE: 0.2684, r (train): -0.4167, Test MSE: 0.1920, r (test): -0.3448
Epoch: 01, Training Loss: 0.6095, Train MSE: 0.6095, r (train): 0.5356, Test MSE: 0.4929, r (test): 0.0635
Epoch: 02, Training Loss: 0.8733, Train MSE: 0.8733, r (train): 0.6709, Test MSE: 0.7561, r (test): 0.2033
Epoch: 03, Training Loss: 0.2128, Train MSE: 0.2128, r (train): 0.8264, Test MSE: 0.2123, r (test): 0.4491
Epoch: 04, Training Loss: 0.0652, Train MSE: 0.0652, r (train): 0.7952, Test MSE: 0.1032, r (test): 0.2581
Epoch: 05, Training Loss: 0.7901, Train MSE: 0.7901, r (train): 0.8055, Test MSE: 0.7252, r (test): 0.5136
Epoch: 06, Training Loss: 2.0343, Train MSE: 2.0343, r (train): 0.8553, Test MSE: 1.8824, r (test): 0.4296
Epoch: 07, Training Loss: 0.3413, Train MSE: 0.3413, r (train): 0.7978, Test MSE: 0.3327, r (test): 0.4235
Epoch: 08, Training Loss: 0.3637, Train MSE: 0.3637, r (train): 0.8031, Test MSE: 0.3662, r (test): 0.2745
Epoch: 09, Training Loss: 0.0662, Train MSE: 0.0662, r (train): 0.8311, Test MSE: 0.0969, r (test): 0.4492
Epoch: 10, Training Loss: 0.0208, Train MSE: 0.0208, r (train): 0.8601, Test MSE: 0.0539, r (test): 0.3793
Epoch: 11, Training Loss: 0.0299, Train MSE: 0.0299, r (train): 0.8572, Test MSE: 0.0530, r (test): 0.4763
Epoch: 12, Training Loss: 0.3774, Train MSE: 0.3774, r (train): 0.8696, Test MSE: 0.3966, r (test): 0.5238
Epoch: 13, Training Loss: 0.1006, Train MSE: 0.1006, r (train): 0.8609, Test MSE: 0.1297, r (test): 0.4144
Epoch: 14, Training Loss: 0.0187, Train MSE: 0.0187, r (train): 0.8746, Test MSE: 0.0479, r (test): 0.4565
Epoch: 15, Training Loss: 0.0339, Train MSE: 0.0339, r (train): 0.8714, Test MSE: 0.0611, r (test): 0.4839
Epoch: 16, Training Loss: 0.0182, Train MSE: 0.0182, r (train): 0.8726, Test MSE: 0.0444, r (test): 0.4851
Epoch: 17, Training Loss: 0.0294, Train MSE: 0.0294, r (train): 0.8724, Test MSE: 0.0549, r (test): 0.4553
Epoch: 18, Training Loss: 0.1508, Train MSE: 0.1508, r (train): 0.8387, Test MSE: 0.1773, r (test): 0.4135
Epoch: 19, Training Loss: 0.0227, Train MSE: 0.0227, r (train): 0.8536, Test MSE: 0.0452, r (test): 0.4775
Epoch: 20, Training Loss: 0.2893, Train MSE: 0.2893, r (train): 0.8751, Test MSE: 0.2961, r (test): 0.5323
Epoch: 21, Training Loss: 0.1853, Train MSE: 0.1853, r (train): 0.8430, Test MSE: 0.2146, r (test): 0.4579
Epoch: 22, Training Loss: 0.0361, Train MSE: 0.0361, r (train): 0.8509, Test MSE: 0.0641, r (test): 0.4288
Epoch: 23, Training Loss: 0.0235, Train MSE: 0.0235, r (train): 0.8713, Test MSE: 0.0446, r (test): 0.5386
Epoch: 24, Training Loss: 0.0256, Train MSE: 0.0256, r (train): 0.8636, Test MSE: 0.0496, r (test): 0.4693
Epoch: 25, Training Loss: 0.1271, Train MSE: 0.1271, r (train): 0.8270, Test MSE: 0.1570, r (test): 0.4029
Epoch: 26, Training Loss: 0.0205, Train MSE: 0.0205, r (train): 0.8580, Test MSE: 0.0423, r (test): 0.5190
Epoch: 27, Training Loss: 0.0204, Train MSE: 0.0204, r (train): 0.8550, Test MSE: 0.0450, r (test): 0.4744
Epoch: 28, Training Loss: 0.0481, Train MSE: 0.0481, r (train): 0.8338, Test MSE: 0.0791, r (test): 0.4036
Epoch: 29, Training Loss: 0.0225, Train MSE: 0.0225, r (train): 0.8507, Test MSE: 0.0440, r (test): 0.4964
Epoch: 30, Training Loss: 0.0437, Train MSE: 0.0437, r (train): 0.8308, Test MSE: 0.0730, r (test): 0.3885
Epoch: 31, Training Loss: 0.0623, Train MSE: 0.0623, r (train): 0.8507, Test MSE: 0.0824, r (test): 0.4242
Epoch: 32, Training Loss: 0.0266, Train MSE: 0.0266, r (train): 0.8486, Test MSE: 0.0488, r (test): 0.4643
Epoch: 33, Training Loss: 0.0695, Train MSE: 0.0695, r (train): 0.8133, Test MSE: 0.1007, r (test): 0.3431
Epoch: 34, Training Loss: 0.0215, Train MSE: 0.0215, r (train): 0.8471, Test MSE: 0.0468, r (test): 0.4466
Epoch: 35, Training Loss: 0.0820, Train MSE: 0.0820, r (train): 0.8462, Test MSE: 0.1029, r (test): 0.3977
Epoch: 36, Training Loss: 0.0485, Train MSE: 0.0485, r (train): 0.8202, Test MSE: 0.0799, r (test): 0.3533
Epoch: 37, Training Loss: 0.0721, Train MSE: 0.0721, r (train): 0.8301, Test MSE: 0.0898, r (test): 0.3578
Epoch: 38, Training Loss: 0.0298, Train MSE: 0.0298, r (train): 0.8317, Test MSE: 0.0580, r (test): 0.3698
Epoch: 39, Training Loss: 0.1121, Train MSE: 0.1121, r (train): 0.8494, Test MSE: 0.1308, r (test): 0.4002
Epoch: 40, Training Loss: 0.0218, Train MSE: 0.0218, r (train): 0.8516, Test MSE: 0.0445, r (test): 0.4884
Epoch: 41, Training Loss: 0.2705, Train MSE: 0.2705, r (train): 0.8312, Test MSE: 0.2769, r (test): 0.2951
Epoch: 42, Training Loss: 0.0282, Train MSE: 0.0282, r (train): 0.8120, Test MSE: 0.0562, r (test): 0.3128
Epoch: 43, Training Loss: 0.0305, Train MSE: 0.0305, r (train): 0.8101, Test MSE: 0.0557, r (test): 0.3176
Epoch: 44, Training Loss: 0.0293, Train MSE: 0.0293, r (train): 0.8312, Test MSE: 0.0551, r (test): 0.3695
Epoch: 45, Training Loss: 0.0269, Train MSE: 0.0269, r (train): 0.8356, Test MSE: 0.0558, r (test): 0.3592
Epoch: 46, Training Loss: 1.0216, Train MSE: 1.0216, r (train): 0.8569, Test MSE: 1.0155, r (test): 0.3549
Epoch: 47, Training Loss: 0.0748, Train MSE: 0.0748, r (train): 0.8044, Test MSE: 0.1042, r (test): 0.2801
Epoch: 48, Training Loss: 0.0263, Train MSE: 0.0263, r (train): 0.8403, Test MSE: 0.0511, r (test): 0.4018
Epoch: 49, Training Loss: 0.0239, Train MSE: 0.0239, r (train): 0.8518, Test MSE: 0.0471, r (test): 0.4668
Epoch: 50, Training Loss: 0.0714, Train MSE: 0.0714, r (train): 0.8475, Test MSE: 0.0874, r (test): 0.3504
Epoch: 51, Training Loss: 0.0312, Train MSE: 0.0312, r (train): 0.8454, Test MSE: 0.0572, r (test): 0.3469
Epoch: 52, Training Loss: 0.0243, Train MSE: 0.0243, r (train): 0.8523, Test MSE: 0.0515, r (test): 0.4011
Epoch: 53, Training Loss: 0.0706, Train MSE: 0.0706, r (train): 0.8587, Test MSE: 0.0927, r (test): 0.4739
Epoch: 54, Training Loss: 0.0573, Train MSE: 0.0573, r (train): 0.8313, Test MSE: 0.0827, r (test): 0.4547
Epoch: 55, Training Loss: 0.0247, Train MSE: 0.0247, r (train): 0.8523, Test MSE: 0.0500, r (test): 0.3877
Epoch: 56, Training Loss: 0.0378, Train MSE: 0.0378, r (train): 0.8527, Test MSE: 0.0604, r (test): 0.4600
Epoch: 57, Training Loss: 0.0205, Train MSE: 0.0205, r (train): 0.8558, Test MSE: 0.0467, r (test): 0.4593
Epoch: 58, Training Loss: 0.1241, Train MSE: 0.1241, r (train): 0.8043, Test MSE: 0.1583, r (test): 0.3378
Epoch: 59, Training Loss: 0.0288, Train MSE: 0.0288, r (train): 0.8269, Test MSE: 0.0520, r (test): 0.3807
Epoch: 60, Training Loss: 0.0662, Train MSE: 0.0662, r (train): 0.8454, Test MSE: 0.0879, r (test): 0.3840
Epoch: 61, Training Loss: 0.0262, Train MSE: 0.0262, r (train): 0.8322, Test MSE: 0.0535, r (test): 0.3769
Epoch: 62, Training Loss: 0.0312, Train MSE: 0.0312, r (train): 0.8174, Test MSE: 0.0607, r (test): 0.3592
Epoch: 63, Training Loss: 0.0498, Train MSE: 0.0498, r (train): 0.8485, Test MSE: 0.0705, r (test): 0.3937
Epoch: 64, Training Loss: 0.0999, Train MSE: 0.0999, r (train): 0.8523, Test MSE: 0.1129, r (test): 0.4506
Epoch: 65, Training Loss: 0.1094, Train MSE: 0.1094, r (train): 0.8155, Test MSE: 0.1468, r (test): 0.3338
Epoch: 66, Training Loss: 0.0235, Train MSE: 0.0235, r (train): 0.8393, Test MSE: 0.0511, r (test): 0.3878
Epoch: 67, Training Loss: 0.0331, Train MSE: 0.0331, r (train): 0.8489, Test MSE: 0.0552, r (test): 0.4327
Epoch: 68, Training Loss: 0.0361, Train MSE: 0.0361, r (train): 0.8211, Test MSE: 0.0691, r (test): 0.3644
Epoch: 69, Training Loss: 0.0271, Train MSE: 0.0271, r (train): 0.8292, Test MSE: 0.0505, r (test): 0.3818
Epoch: 70, Training Loss: 0.0791, Train MSE: 0.0791, r (train): 0.8532, Test MSE: 0.0938, r (test): 0.4114
Epoch: 71, Training Loss: 0.0243, Train MSE: 0.0243, r (train): 0.8386, Test MSE: 0.0526, r (test): 0.3921
Epoch: 72, Training Loss: 0.0275, Train MSE: 0.0275, r (train): 0.8374, Test MSE: 0.0554, r (test): 0.3951
Epoch: 73, Training Loss: 0.0225, Train MSE: 0.0225, r (train): 0.8457, Test MSE: 0.0503, r (test): 0.3972
Epoch: 74, Training Loss: 0.0253, Train MSE: 0.0253, r (train): 0.8357, Test MSE: 0.0509, r (test): 0.4218
Epoch: 75, Training Loss: 0.0402, Train MSE: 0.0402, r (train): 0.8144, Test MSE: 0.0735, r (test): 0.3434
Epoch: 76, Training Loss: 0.0380, Train MSE: 0.0380, r (train): 0.8340, Test MSE: 0.0571, r (test): 0.3932
Epoch: 77, Training Loss: 0.1274, Train MSE: 0.1274, r (train): 0.8608, Test MSE: 0.1373, r (test): 0.4241
Epoch: 78, Training Loss: 0.0332, Train MSE: 0.0332, r (train): 0.8339, Test MSE: 0.0661, r (test): 0.3687
Epoch: 79, Training Loss: 0.0241, Train MSE: 0.0241, r (train): 0.8428, Test MSE: 0.0507, r (test): 0.3968
Epoch: 80, Training Loss: 0.0244, Train MSE: 0.0244, r (train): 0.8487, Test MSE: 0.0529, r (test): 0.4013
Epoch: 81, Training Loss: 0.0238, Train MSE: 0.0238, r (train): 0.8408, Test MSE: 0.0509, r (test): 0.4099
Epoch: 82, Training Loss: 0.0249, Train MSE: 0.0249, r (train): 0.8330, Test MSE: 0.0546, r (test): 0.3808
Epoch: 83, Training Loss: 0.0394, Train MSE: 0.0394, r (train): 0.8425, Test MSE: 0.0568, r (test): 0.4253
Epoch: 84, Training Loss: 0.0315, Train MSE: 0.0315, r (train): 0.8581, Test MSE: 0.0565, r (test): 0.3803
Epoch: 85, Training Loss: 0.0228, Train MSE: 0.0228, r (train): 0.8512, Test MSE: 0.0477, r (test): 0.4249
Epoch: 86, Training Loss: 0.0299, Train MSE: 0.0299, r (train): 0.8375, Test MSE: 0.0563, r (test): 0.3872
Epoch: 87, Training Loss: 0.0498, Train MSE: 0.0498, r (train): 0.8327, Test MSE: 0.0830, r (test): 0.3355
Epoch: 88, Training Loss: 0.0214, Train MSE: 0.0214, r (train): 0.8459, Test MSE: 0.0453, r (test): 0.4595
Epoch: 89, Training Loss: 0.0420, Train MSE: 0.0420, r (train): 0.8491, Test MSE: 0.0624, r (test): 0.3886
Epoch: 90, Training Loss: 0.0292, Train MSE: 0.0292, r (train): 0.8273, Test MSE: 0.0633, r (test): 0.3279
Epoch: 91, Training Loss: 0.0514, Train MSE: 0.0514, r (train): 0.8448, Test MSE: 0.0703, r (test): 0.3952
Epoch: 92, Training Loss: 0.0513, Train MSE: 0.0513, r (train): 0.8561, Test MSE: 0.0786, r (test): 0.3800
Epoch: 93, Training Loss: 0.0260, Train MSE: 0.0260, r (train): 0.8391, Test MSE: 0.0513, r (test): 0.4251
Epoch: 94, Training Loss: 0.0773, Train MSE: 0.0773, r (train): 0.8055, Test MSE: 0.1130, r (test): 0.3339
Epoch: 95, Training Loss: 0.0292, Train MSE: 0.0292, r (train): 0.8446, Test MSE: 0.0576, r (test): 0.3244
Epoch: 96, Training Loss: 0.0714, Train MSE: 0.0714, r (train): 0.8657, Test MSE: 0.0893, r (test): 0.4873
Epoch: 97, Training Loss: 0.0553, Train MSE: 0.0553, r (train): 0.8585, Test MSE: 0.0756, r (test): 0.3512
Epoch: 98, Training Loss: 0.0578, Train MSE: 0.0578, r (train): 0.8232, Test MSE: 0.0931, r (test): 0.3428
Epoch: 99, Training Loss: 0.0235, Train MSE: 0.0235, r (train): 0.8447, Test MSE: 0.0496, r (test): 0.3912
Predicted tensors for training set: 
tensor([0.7692, 0.7445, 0.1521, 0.5298, 0.9670, 0.6581, 0.9229, 0.4057, 0.3244,
        0.8316, 0.8949, 0.2415, 0.5419, 0.4736, 0.6794, 0.6691, 0.4712, 0.5819,
        0.6058, 0.5472, 0.2031, 0.7910, 0.3623, 0.6860, 0.6862, 0.4443, 1.6202,
        0.2724, 0.2635, 0.4843, 1.0838, 0.0838, 0.5682, 0.6432, 0.2915, 0.7887,
        0.3938, 0.5496, 0.8850, 0.4802, 0.7458, 0.7974, 0.7549, 0.0915, 0.0787,
        0.6809, 0.5937, 0.8603, 0.9178, 0.3978, 0.5656, 0.3651, 0.5088, 0.0869,
        0.8196, 0.5620, 0.3897, 0.7620, 0.3031, 0.7064, 0.9129, 0.5189, 0.5900,
        0.6239, 0.0741, 0.6480, 0.7028, 0.7494, 0.9354, 0.1982, 0.7448, 0.3083])
Target tensorsfor training set: 
tensor([0.7371, 0.6671, 0.0636, 0.4373, 0.7144, 0.3453, 0.6465, 0.2255, 0.3077,
        0.7950, 0.9656, 0.2169, 0.5780, 0.4640, 0.7596, 0.7270, 0.6577, 0.8411,
        0.8453, 0.8561, 0.1493, 0.7125, 0.3309, 0.7171, 0.2594, 0.1294, 0.9127,
        0.0246, 0.2394, 0.5178, 0.9492, 0.0763, 0.6240, 0.6846, 0.3174, 0.8391,
        0.3829, 0.5783, 0.8363, 0.5023, 0.7507, 0.8556, 0.7497, 0.0981, 0.1360,
        0.7372, 0.6199, 0.8988, 0.9117, 0.4149, 0.5719, 0.4513, 0.4818, 0.0478,
        0.7791, 0.5658, 0.5300, 0.9621, 0.4526, 0.9215, 0.8524, 0.4654, 0.5564,
        0.5779, 0.1055, 0.7462, 0.8418, 0.9150, 0.9072, 0.1295, 0.6576, 0.2271])
Correlation for training set: 0.8446829339483215
Predicted tensors for test set: 
tensor([0.5033, 0.3405, 0.4954, 0.4846, 0.4219, 0.6803, 0.4453, 0.3356, 0.8286,
        0.4376, 0.4115, 0.3698, 0.4159, 0.4134, 0.4942, 0.5701, 0.5818, 0.6766])
Target tensorsfor test set: 
tensor([0.9535, 0.2649, 0.4341, 0.2916, 0.5187, 0.5220, 0.4440, 0.0389, 0.8728,
        0.7901, 0.5102, 0.5573, 0.1218, 0.6595, 0.4993, 0.6992, 0.2464, 0.4036])
Correlation for test set: 0.39123959586267
18 5
Fold 3
Epoch: 00, Training Loss: 0.3074, Train MSE: 0.3074, r (train): -0.4035, Test MSE: 0.2927, r (test): -0.3202
Epoch: 01, Training Loss: 0.5858, Train MSE: 0.5858, r (train): 0.6211, Test MSE: 0.5487, r (test): 0.3164
Epoch: 02, Training Loss: 0.8467, Train MSE: 0.8467, r (train): 0.7959, Test MSE: 0.7929, r (test): 0.2681
Epoch: 03, Training Loss: 0.6170, Train MSE: 0.6170, r (train): 0.8971, Test MSE: 0.6064, r (test): 0.2763
Epoch: 04, Training Loss: 0.0874, Train MSE: 0.0874, r (train): 0.8526, Test MSE: 0.1530, r (test): 0.2635
Epoch: 05, Training Loss: 0.2373, Train MSE: 0.2373, r (train): 0.8689, Test MSE: 0.4010, r (test): 0.2951
Epoch: 06, Training Loss: 2.5762, Train MSE: 2.5762, r (train): 0.8406, Test MSE: 2.8765, r (test): 0.2370
Epoch: 07, Training Loss: 0.0414, Train MSE: 0.0414, r (train): 0.8872, Test MSE: 0.1097, r (test): 0.3253
Epoch: 08, Training Loss: 0.0150, Train MSE: 0.0150, r (train): 0.9023, Test MSE: 0.0983, r (test): 0.3014
Epoch: 09, Training Loss: 0.2573, Train MSE: 0.2573, r (train): 0.9135, Test MSE: 0.4188, r (test): 0.3150
Epoch: 10, Training Loss: 0.0733, Train MSE: 0.0733, r (train): 0.9048, Test MSE: 0.1947, r (test): 0.2383
Epoch: 11, Training Loss: 0.0418, Train MSE: 0.0418, r (train): 0.9091, Test MSE: 0.1586, r (test): 0.2772
Epoch: 12, Training Loss: 0.0120, Train MSE: 0.0120, r (train): 0.9175, Test MSE: 0.1127, r (test): 0.2371
Epoch: 13, Training Loss: 0.0276, Train MSE: 0.0276, r (train): 0.9160, Test MSE: 0.1073, r (test): 0.2493
Epoch: 14, Training Loss: 0.0254, Train MSE: 0.0254, r (train): 0.9025, Test MSE: 0.1071, r (test): 0.2580
Epoch: 15, Training Loss: 0.0170, Train MSE: 0.0170, r (train): 0.9136, Test MSE: 0.1188, r (test): 0.2711
Epoch: 16, Training Loss: 0.0375, Train MSE: 0.0375, r (train): 0.9232, Test MSE: 0.1480, r (test): 0.2567
Epoch: 17, Training Loss: 0.0868, Train MSE: 0.0868, r (train): 0.9053, Test MSE: 0.1509, r (test): 0.2369
Epoch: 18, Training Loss: 0.0169, Train MSE: 0.0169, r (train): 0.9327, Test MSE: 0.1046, r (test): 0.2663
Epoch: 19, Training Loss: 0.1499, Train MSE: 0.1499, r (train): 0.9184, Test MSE: 0.2838, r (test): 0.2829
Epoch: 20, Training Loss: 0.0226, Train MSE: 0.0226, r (train): 0.9032, Test MSE: 0.1281, r (test): 0.2438
Epoch: 21, Training Loss: 0.1394, Train MSE: 0.1394, r (train): 0.9190, Test MSE: 0.2043, r (test): 0.2472
Epoch: 22, Training Loss: 0.0193, Train MSE: 0.0193, r (train): 0.9214, Test MSE: 0.1004, r (test): 0.2775
Epoch: 23, Training Loss: 0.1242, Train MSE: 0.1242, r (train): 0.9103, Test MSE: 0.2466, r (test): 0.2591
Epoch: 24, Training Loss: 0.0132, Train MSE: 0.0132, r (train): 0.9032, Test MSE: 0.0985, r (test): 0.2819
Epoch: 25, Training Loss: 0.0538, Train MSE: 0.0538, r (train): 0.9227, Test MSE: 0.1285, r (test): 0.2567
Epoch: 26, Training Loss: 0.0106, Train MSE: 0.0106, r (train): 0.9262, Test MSE: 0.1069, r (test): 0.2599
Epoch: 27, Training Loss: 0.0669, Train MSE: 0.0669, r (train): 0.9225, Test MSE: 0.1826, r (test): 0.2786
Epoch: 28, Training Loss: 0.0583, Train MSE: 0.0583, r (train): 0.9063, Test MSE: 0.1298, r (test): 0.2375
Epoch: 29, Training Loss: 0.0637, Train MSE: 0.0637, r (train): 0.9140, Test MSE: 0.1310, r (test): 0.2537
Epoch: 30, Training Loss: 0.0752, Train MSE: 0.0752, r (train): 0.9222, Test MSE: 0.1911, r (test): 0.2671
Epoch: 31, Training Loss: 0.0128, Train MSE: 0.0128, r (train): 0.9038, Test MSE: 0.1025, r (test): 0.2330
Epoch: 32, Training Loss: 0.0820, Train MSE: 0.0820, r (train): 0.9135, Test MSE: 0.1475, r (test): 0.2480
Epoch: 33, Training Loss: 0.0098, Train MSE: 0.0098, r (train): 0.9292, Test MSE: 0.1033, r (test): 0.2914
Epoch: 34, Training Loss: 0.0129, Train MSE: 0.0129, r (train): 0.8989, Test MSE: 0.1078, r (test): 0.2250
Epoch: 35, Training Loss: 0.0138, Train MSE: 0.0138, r (train): 0.9244, Test MSE: 0.1020, r (test): 0.2506
Epoch: 36, Training Loss: 0.0281, Train MSE: 0.0281, r (train): 0.9254, Test MSE: 0.1058, r (test): 0.2743
Epoch: 37, Training Loss: 0.0140, Train MSE: 0.0140, r (train): 0.9104, Test MSE: 0.1110, r (test): 0.2388
Epoch: 38, Training Loss: 0.0095, Train MSE: 0.0095, r (train): 0.9288, Test MSE: 0.1042, r (test): 0.2567
Epoch: 39, Training Loss: 0.0281, Train MSE: 0.0281, r (train): 0.9143, Test MSE: 0.1064, r (test): 0.2531
Epoch: 40, Training Loss: 0.0099, Train MSE: 0.0099, r (train): 0.9240, Test MSE: 0.0993, r (test): 0.2564
Epoch: 41, Training Loss: 0.0147, Train MSE: 0.0147, r (train): 0.9273, Test MSE: 0.0977, r (test): 0.2589
Epoch: 42, Training Loss: 0.0366, Train MSE: 0.0366, r (train): 0.9143, Test MSE: 0.1419, r (test): 0.2596
Epoch: 43, Training Loss: 0.0160, Train MSE: 0.0160, r (train): 0.9274, Test MSE: 0.1010, r (test): 0.2373
Epoch: 44, Training Loss: 0.0121, Train MSE: 0.0121, r (train): 0.9224, Test MSE: 0.0980, r (test): 0.2403
Epoch: 45, Training Loss: 0.0105, Train MSE: 0.0105, r (train): 0.9250, Test MSE: 0.1018, r (test): 0.2656
Epoch: 46, Training Loss: 0.0215, Train MSE: 0.0215, r (train): 0.9178, Test MSE: 0.1257, r (test): 0.2282
Epoch: 47, Training Loss: 0.0400, Train MSE: 0.0400, r (train): 0.9256, Test MSE: 0.1148, r (test): 0.2411
Epoch: 48, Training Loss: 0.0722, Train MSE: 0.0722, r (train): 0.9315, Test MSE: 0.1839, r (test): 0.2756
Epoch: 49, Training Loss: 0.0277, Train MSE: 0.0277, r (train): 0.9077, Test MSE: 0.1036, r (test): 0.2292
Epoch: 50, Training Loss: 0.0280, Train MSE: 0.0280, r (train): 0.9227, Test MSE: 0.1327, r (test): 0.2317
Epoch: 51, Training Loss: 0.0086, Train MSE: 0.0086, r (train): 0.9346, Test MSE: 0.1016, r (test): 0.2588
Epoch: 52, Training Loss: 0.0933, Train MSE: 0.0933, r (train): 0.9169, Test MSE: 0.2133, r (test): 0.2436
Epoch: 53, Training Loss: 0.0111, Train MSE: 0.0111, r (train): 0.9237, Test MSE: 0.0999, r (test): 0.2417
Epoch: 54, Training Loss: 0.0475, Train MSE: 0.0475, r (train): 0.9271, Test MSE: 0.1222, r (test): 0.2546
Epoch: 55, Training Loss: 0.0094, Train MSE: 0.0094, r (train): 0.9262, Test MSE: 0.0988, r (test): 0.2655
Epoch: 56, Training Loss: 0.1042, Train MSE: 0.1042, r (train): 0.9259, Test MSE: 0.2281, r (test): 0.2549
Epoch: 57, Training Loss: 0.0115, Train MSE: 0.0115, r (train): 0.9142, Test MSE: 0.0993, r (test): 0.2446
Epoch: 58, Training Loss: 0.0311, Train MSE: 0.0311, r (train): 0.9128, Test MSE: 0.1064, r (test): 0.2506
Epoch: 59, Training Loss: 0.0109, Train MSE: 0.0109, r (train): 0.9139, Test MSE: 0.1013, r (test): 0.2324
Epoch: 60, Training Loss: 0.0558, Train MSE: 0.0558, r (train): 0.9203, Test MSE: 0.1654, r (test): 0.2490
Epoch: 61, Training Loss: 0.0273, Train MSE: 0.0273, r (train): 0.9111, Test MSE: 0.1063, r (test): 0.2257
Epoch: 62, Training Loss: 0.0572, Train MSE: 0.0572, r (train): 0.9087, Test MSE: 0.1296, r (test): 0.2008
Epoch: 63, Training Loss: 0.0185, Train MSE: 0.0185, r (train): 0.9293, Test MSE: 0.1170, r (test): 0.2495
Epoch: 64, Training Loss: 0.0128, Train MSE: 0.0128, r (train): 0.8985, Test MSE: 0.1039, r (test): 0.2004
Epoch: 65, Training Loss: 0.0650, Train MSE: 0.0650, r (train): 0.9170, Test MSE: 0.1388, r (test): 0.2052
Epoch: 66, Training Loss: 0.0153, Train MSE: 0.0153, r (train): 0.9286, Test MSE: 0.1000, r (test): 0.2339
Epoch: 67, Training Loss: 0.0145, Train MSE: 0.0145, r (train): 0.9101, Test MSE: 0.1076, r (test): 0.2350
Epoch: 68, Training Loss: 0.0649, Train MSE: 0.0649, r (train): 0.9194, Test MSE: 0.1784, r (test): 0.2143
Epoch: 69, Training Loss: 0.1699, Train MSE: 0.1699, r (train): 0.8945, Test MSE: 0.2171, r (test): 0.1941
Epoch: 70, Training Loss: 0.0141, Train MSE: 0.0141, r (train): 0.9278, Test MSE: 0.1117, r (test): 0.2281
Epoch: 71, Training Loss: 0.0399, Train MSE: 0.0399, r (train): 0.9174, Test MSE: 0.1471, r (test): 0.2322
Epoch: 72, Training Loss: 0.0101, Train MSE: 0.0101, r (train): 0.9203, Test MSE: 0.1010, r (test): 0.1992
Epoch: 73, Training Loss: 0.0107, Train MSE: 0.0107, r (train): 0.9270, Test MSE: 0.0987, r (test): 0.2399
Epoch: 74, Training Loss: 0.0105, Train MSE: 0.0105, r (train): 0.9199, Test MSE: 0.1004, r (test): 0.2389
Epoch: 75, Training Loss: 0.0255, Train MSE: 0.0255, r (train): 0.9226, Test MSE: 0.1285, r (test): 0.2089
Epoch: 76, Training Loss: 0.0119, Train MSE: 0.0119, r (train): 0.9152, Test MSE: 0.1011, r (test): 0.2131
Epoch: 77, Training Loss: 0.0168, Train MSE: 0.0168, r (train): 0.9004, Test MSE: 0.0994, r (test): 0.2177
Epoch: 78, Training Loss: 0.0271, Train MSE: 0.0271, r (train): 0.9145, Test MSE: 0.1279, r (test): 0.2168
Epoch: 79, Training Loss: 0.0184, Train MSE: 0.0184, r (train): 0.8928, Test MSE: 0.0947, r (test): 0.2653
Epoch: 80, Training Loss: 0.0673, Train MSE: 0.0673, r (train): 0.9173, Test MSE: 0.1815, r (test): 0.1765
Epoch: 81, Training Loss: 0.0124, Train MSE: 0.0124, r (train): 0.9153, Test MSE: 0.1110, r (test): 0.1887
Epoch: 82, Training Loss: 0.0092, Train MSE: 0.0092, r (train): 0.9333, Test MSE: 0.1014, r (test): 0.2113
Epoch: 83, Training Loss: 0.0521, Train MSE: 0.0521, r (train): 0.9237, Test MSE: 0.1633, r (test): 0.1990
Epoch: 84, Training Loss: 0.0151, Train MSE: 0.0151, r (train): 0.9155, Test MSE: 0.1013, r (test): 0.1841
Epoch: 85, Training Loss: 0.0639, Train MSE: 0.0639, r (train): 0.9301, Test MSE: 0.1388, r (test): 0.1836
Epoch: 86, Training Loss: 0.0352, Train MSE: 0.0352, r (train): 0.9289, Test MSE: 0.1402, r (test): 0.2428
Epoch: 87, Training Loss: 0.0191, Train MSE: 0.0191, r (train): 0.9090, Test MSE: 0.1189, r (test): 0.1888
Epoch: 88, Training Loss: 0.0414, Train MSE: 0.0414, r (train): 0.9254, Test MSE: 0.1250, r (test): 0.1751
Epoch: 89, Training Loss: 0.0124, Train MSE: 0.0124, r (train): 0.9331, Test MSE: 0.0971, r (test): 0.2327
Epoch: 90, Training Loss: 0.0483, Train MSE: 0.0483, r (train): 0.9216, Test MSE: 0.1607, r (test): 0.1866
Epoch: 91, Training Loss: 0.0126, Train MSE: 0.0126, r (train): 0.9198, Test MSE: 0.1026, r (test): 0.1791
Epoch: 92, Training Loss: 0.0437, Train MSE: 0.0437, r (train): 0.9225, Test MSE: 0.1189, r (test): 0.1960
Epoch: 93, Training Loss: 0.0153, Train MSE: 0.0153, r (train): 0.9301, Test MSE: 0.1143, r (test): 0.2148
Epoch: 94, Training Loss: 0.0754, Train MSE: 0.0754, r (train): 0.9239, Test MSE: 0.1912, r (test): 0.2068
Epoch: 95, Training Loss: 0.0401, Train MSE: 0.0401, r (train): 0.9103, Test MSE: 0.1154, r (test): 0.1805
Epoch: 96, Training Loss: 0.0108, Train MSE: 0.0108, r (train): 0.9298, Test MSE: 0.1014, r (test): 0.1952
Epoch: 97, Training Loss: 0.0217, Train MSE: 0.0217, r (train): 0.9216, Test MSE: 0.1200, r (test): 0.2207
Epoch: 98, Training Loss: 0.0185, Train MSE: 0.0185, r (train): 0.9067, Test MSE: 0.1041, r (test): 0.1616
Epoch: 99, Training Loss: 0.0367, Train MSE: 0.0367, r (train): 0.9234, Test MSE: 0.1172, r (test): 0.1802
Predicted tensors for training set: 
tensor([ 0.5708,  0.4989, -0.0207,  0.2937,  0.7307,  0.3583,  0.6515,  0.2125,
         0.1319,  0.6285,  0.7080,  0.0691,  0.4457,  0.3686,  0.6185,  0.6341,
         0.3126,  0.5083,  0.5835, -0.0326,  0.3278,  0.1916,  0.4867,  0.4305,
         0.2251, -0.1068,  0.6449,  0.5804,  0.2966,  0.3687,  0.0185,  0.4528,
         0.4881,  0.6954,  0.3042,  0.3771,  0.2360,  0.4097,  0.6998,  0.3454,
         0.5791,  0.6704,  0.5717, -0.0363, -0.0686,  0.4987,  0.3738,  0.6407,
         0.7652,  0.2901,  0.4499,  0.3226,  0.3298, -0.0598,  0.6141,  0.4165,
         0.1959,  0.5423,  0.0894,  0.4986,  0.5910,  0.2576,  0.3388,  0.3258,
        -0.0376,  0.6189,  0.6720,  0.7348,  0.7414,  0.0367,  0.5436,  0.1116])
Target tensorsfor training set: 
tensor([0.7371, 0.6671, 0.0636, 0.4373, 0.7144, 0.3453, 0.6465, 0.2255, 0.3077,
        0.7950, 0.9656, 0.2169, 0.5780, 0.4640, 0.7596, 0.7270, 0.6577, 0.8411,
        0.9535, 0.2649, 0.4341, 0.2916, 0.5187, 0.5220, 0.4440, 0.0389, 0.8728,
        0.7901, 0.5102, 0.5573, 0.1218, 0.6595, 0.4993, 0.6992, 0.2464, 0.4036,
        0.3829, 0.5783, 0.8363, 0.5023, 0.7507, 0.8556, 0.7497, 0.0981, 0.1360,
        0.7372, 0.6199, 0.8988, 0.9117, 0.4149, 0.5719, 0.4513, 0.4818, 0.0478,
        0.7791, 0.5658, 0.5300, 0.9621, 0.4526, 0.9215, 0.8524, 0.4654, 0.5564,
        0.5779, 0.1055, 0.7462, 0.8418, 0.9150, 0.9072, 0.1295, 0.6576, 0.2271])
Correlation for training set: 0.9234213760017735
Predicted tensors for test set: 
tensor([0.5623, 0.5164, 0.3914, 0.5706, 0.2758, 0.3284, 0.3114, 0.4118, 0.5636,
        0.5525, 0.4549, 0.1479, 0.2938, 0.0612, 0.2954, 0.3487, 0.5261, 0.2734])
Target tensorsfor test set: 
tensor([0.8453, 0.8561, 0.1493, 0.7125, 0.3309, 0.7171, 0.2594, 0.1294, 0.9127,
        0.0246, 0.2394, 0.5178, 0.9492, 0.0763, 0.6240, 0.6846, 0.3174, 0.8391])
Correlation for test set: 0.1802147605927164
18 5
Fold 4
Epoch: 00, Training Loss: 0.2301, Train MSE: 0.2301, r (train): -0.2747, Test MSE: 0.2342, r (test): -0.2533
Epoch: 01, Training Loss: 0.5414, Train MSE: 0.5414, r (train): 0.5230, Test MSE: 0.5527, r (test): 0.4295
Epoch: 02, Training Loss: 0.6912, Train MSE: 0.6912, r (train): 0.6821, Test MSE: 0.7152, r (test): 0.4174
Epoch: 03, Training Loss: 0.4899, Train MSE: 0.4899, r (train): 0.7823, Test MSE: 0.5260, r (test): 0.3059
Epoch: 04, Training Loss: 3.7488, Train MSE: 3.7488, r (train): 0.7439, Test MSE: 3.8798, r (test): -0.0319
Epoch: 05, Training Loss: 0.3569, Train MSE: 0.3569, r (train): 0.8095, Test MSE: 0.4072, r (test): 0.2990
Epoch: 06, Training Loss: 0.0287, Train MSE: 0.0287, r (train): 0.8164, Test MSE: 0.0736, r (test): 0.2503
Epoch: 07, Training Loss: 0.4399, Train MSE: 0.4399, r (train): 0.8320, Test MSE: 0.4862, r (test): 0.0828
Epoch: 08, Training Loss: 0.1555, Train MSE: 0.1555, r (train): 0.8240, Test MSE: 0.2183, r (test): 0.1265
Epoch: 09, Training Loss: 0.0231, Train MSE: 0.0231, r (train): 0.8501, Test MSE: 0.0777, r (test): 0.1876
Epoch: 10, Training Loss: 0.1333, Train MSE: 0.1333, r (train): 0.8721, Test MSE: 0.1936, r (test): 0.1945
Epoch: 11, Training Loss: 0.2076, Train MSE: 0.2076, r (train): 0.8584, Test MSE: 0.2716, r (test): 0.1368
Epoch: 12, Training Loss: 0.0191, Train MSE: 0.0191, r (train): 0.8677, Test MSE: 0.0737, r (test): 0.2048
Epoch: 13, Training Loss: 0.2748, Train MSE: 0.2748, r (train): 0.8629, Test MSE: 0.3288, r (test): 0.1838
Epoch: 14, Training Loss: 0.1118, Train MSE: 0.1118, r (train): 0.8736, Test MSE: 0.1801, r (test): 0.1929
Epoch: 15, Training Loss: 0.0851, Train MSE: 0.0851, r (train): 0.8691, Test MSE: 0.1476, r (test): 0.1617
Epoch: 16, Training Loss: 0.2319, Train MSE: 0.2319, r (train): 0.8654, Test MSE: 0.2770, r (test): 0.2055
Epoch: 17, Training Loss: 0.0183, Train MSE: 0.0183, r (train): 0.8771, Test MSE: 0.0755, r (test): 0.2206
Epoch: 18, Training Loss: 0.1244, Train MSE: 0.1244, r (train): 0.8699, Test MSE: 0.1877, r (test): 0.1894
Epoch: 19, Training Loss: 0.0284, Train MSE: 0.0284, r (train): 0.8781, Test MSE: 0.0805, r (test): 0.2203
Epoch: 20, Training Loss: 0.0348, Train MSE: 0.0348, r (train): 0.8830, Test MSE: 0.0900, r (test): 0.1955
Epoch: 21, Training Loss: 0.0838, Train MSE: 0.0838, r (train): 0.8787, Test MSE: 0.1504, r (test): 0.1973
Epoch: 22, Training Loss: 0.0222, Train MSE: 0.0222, r (train): 0.8773, Test MSE: 0.0800, r (test): 0.2000
Epoch: 23, Training Loss: 0.0260, Train MSE: 0.0260, r (train): 0.8795, Test MSE: 0.0788, r (test): 0.2170
Epoch: 24, Training Loss: 0.0230, Train MSE: 0.0230, r (train): 0.8874, Test MSE: 0.0836, r (test): 0.2064
Epoch: 25, Training Loss: 0.0536, Train MSE: 0.0536, r (train): 0.8707, Test MSE: 0.1159, r (test): 0.1824
Epoch: 26, Training Loss: 0.0176, Train MSE: 0.0176, r (train): 0.8789, Test MSE: 0.0697, r (test): 0.2363
Epoch: 27, Training Loss: 0.0275, Train MSE: 0.0275, r (train): 0.8876, Test MSE: 0.0843, r (test): 0.2183
Epoch: 28, Training Loss: 0.0601, Train MSE: 0.0601, r (train): 0.8679, Test MSE: 0.1231, r (test): 0.1719
Epoch: 29, Training Loss: 0.0275, Train MSE: 0.0275, r (train): 0.8770, Test MSE: 0.0831, r (test): 0.2388
Epoch: 30, Training Loss: 0.0405, Train MSE: 0.0405, r (train): 0.8763, Test MSE: 0.0998, r (test): 0.1872
Epoch: 31, Training Loss: 0.0318, Train MSE: 0.0318, r (train): 0.8617, Test MSE: 0.0929, r (test): 0.1607
Epoch: 32, Training Loss: 0.0323, Train MSE: 0.0323, r (train): 0.8781, Test MSE: 0.0910, r (test): 0.2184
Epoch: 33, Training Loss: 0.0242, Train MSE: 0.0242, r (train): 0.8733, Test MSE: 0.0786, r (test): 0.2186
Epoch: 34, Training Loss: 0.0342, Train MSE: 0.0342, r (train): 0.8709, Test MSE: 0.0866, r (test): 0.1570
Epoch: 35, Training Loss: 0.0501, Train MSE: 0.0501, r (train): 0.8810, Test MSE: 0.1125, r (test): 0.1948
Epoch: 36, Training Loss: 0.0232, Train MSE: 0.0232, r (train): 0.8736, Test MSE: 0.0791, r (test): 0.2151
Epoch: 37, Training Loss: 0.0294, Train MSE: 0.0294, r (train): 0.8620, Test MSE: 0.0827, r (test): 0.1455
Epoch: 38, Training Loss: 0.0254, Train MSE: 0.0254, r (train): 0.8926, Test MSE: 0.0765, r (test): 0.2743
Epoch: 39, Training Loss: 0.0511, Train MSE: 0.0511, r (train): 0.8527, Test MSE: 0.1095, r (test): 0.1175
Epoch: 40, Training Loss: 0.0582, Train MSE: 0.0582, r (train): 0.8622, Test MSE: 0.1252, r (test): 0.1436
Epoch: 41, Training Loss: 0.0465, Train MSE: 0.0465, r (train): 0.8693, Test MSE: 0.1037, r (test): 0.2120
Epoch: 42, Training Loss: 0.0462, Train MSE: 0.0462, r (train): 0.8615, Test MSE: 0.0931, r (test): 0.2253
Epoch: 43, Training Loss: 0.0426, Train MSE: 0.0426, r (train): 0.8822, Test MSE: 0.0883, r (test): 0.2259
Epoch: 44, Training Loss: 0.0584, Train MSE: 0.0584, r (train): 0.8677, Test MSE: 0.1094, r (test): 0.2002
Epoch: 45, Training Loss: 0.1983, Train MSE: 0.1983, r (train): 0.8575, Test MSE: 0.2659, r (test): 0.1917
Epoch: 46, Training Loss: 0.0211, Train MSE: 0.0211, r (train): 0.8653, Test MSE: 0.0692, r (test): 0.2431
Epoch: 47, Training Loss: 0.0978, Train MSE: 0.0978, r (train): 0.8697, Test MSE: 0.1425, r (test): 0.2876
Epoch: 48, Training Loss: 0.0281, Train MSE: 0.0281, r (train): 0.8848, Test MSE: 0.0905, r (test): 0.2163
Epoch: 49, Training Loss: 0.0401, Train MSE: 0.0401, r (train): 0.8713, Test MSE: 0.1000, r (test): 0.2174
Epoch: 50, Training Loss: 0.0858, Train MSE: 0.0858, r (train): 0.8717, Test MSE: 0.1318, r (test): 0.2487
Epoch: 51, Training Loss: 0.0521, Train MSE: 0.0521, r (train): 0.8891, Test MSE: 0.1116, r (test): 0.2735
Epoch: 52, Training Loss: 0.0184, Train MSE: 0.0184, r (train): 0.8704, Test MSE: 0.0754, r (test): 0.1956
Epoch: 53, Training Loss: 0.2008, Train MSE: 0.2008, r (train): 0.8790, Test MSE: 0.2481, r (test): 0.2257
Epoch: 54, Training Loss: 0.0198, Train MSE: 0.0198, r (train): 0.8863, Test MSE: 0.0730, r (test): 0.2419
Epoch: 55, Training Loss: 0.0957, Train MSE: 0.0957, r (train): 0.8635, Test MSE: 0.1621, r (test): 0.2309
Epoch: 56, Training Loss: 0.0164, Train MSE: 0.0164, r (train): 0.8847, Test MSE: 0.0664, r (test): 0.2791
Epoch: 57, Training Loss: 0.0403, Train MSE: 0.0403, r (train): 0.8786, Test MSE: 0.0894, r (test): 0.2393
Epoch: 58, Training Loss: 0.0280, Train MSE: 0.0280, r (train): 0.8758, Test MSE: 0.0851, r (test): 0.2496
Epoch: 59, Training Loss: 0.0461, Train MSE: 0.0461, r (train): 0.8827, Test MSE: 0.1053, r (test): 0.2519
Epoch: 60, Training Loss: 0.0207, Train MSE: 0.0207, r (train): 0.8625, Test MSE: 0.0686, r (test): 0.2484
Epoch: 61, Training Loss: 0.0166, Train MSE: 0.0166, r (train): 0.8838, Test MSE: 0.0713, r (test): 0.2250
Epoch: 62, Training Loss: 0.0806, Train MSE: 0.0806, r (train): 0.8566, Test MSE: 0.1428, r (test): 0.2115
Epoch: 63, Training Loss: 0.0192, Train MSE: 0.0192, r (train): 0.8618, Test MSE: 0.0698, r (test): 0.2196
Epoch: 64, Training Loss: 0.0223, Train MSE: 0.0223, r (train): 0.8354, Test MSE: 0.0732, r (test): 0.2101
Epoch: 65, Training Loss: 0.0198, Train MSE: 0.0198, r (train): 0.8701, Test MSE: 0.0749, r (test): 0.2031
Epoch: 66, Training Loss: 0.0334, Train MSE: 0.0334, r (train): 0.8521, Test MSE: 0.0942, r (test): 0.1950
Epoch: 67, Training Loss: 0.0251, Train MSE: 0.0251, r (train): 0.8636, Test MSE: 0.0766, r (test): 0.1909
Epoch: 68, Training Loss: 0.0431, Train MSE: 0.0431, r (train): 0.8543, Test MSE: 0.0846, r (test): 0.2439
Epoch: 69, Training Loss: 0.1323, Train MSE: 0.1323, r (train): 0.8452, Test MSE: 0.1736, r (test): 0.1760
Epoch: 70, Training Loss: 0.0566, Train MSE: 0.0566, r (train): 0.8473, Test MSE: 0.0971, r (test): 0.2380
Epoch: 71, Training Loss: 0.0910, Train MSE: 0.0910, r (train): 0.8625, Test MSE: 0.1533, r (test): 0.1992
Epoch: 72, Training Loss: 0.1397, Train MSE: 0.1397, r (train): 0.8756, Test MSE: 0.1945, r (test): 0.2100
Epoch: 73, Training Loss: 0.0676, Train MSE: 0.0676, r (train): 0.8818, Test MSE: 0.1296, r (test): 0.2938
Epoch: 74, Training Loss: 0.0280, Train MSE: 0.0280, r (train): 0.8748, Test MSE: 0.0808, r (test): 0.1680
Epoch: 75, Training Loss: 0.0853, Train MSE: 0.0853, r (train): 0.8830, Test MSE: 0.1306, r (test): 0.2102
Epoch: 76, Training Loss: 0.3893, Train MSE: 0.3893, r (train): 0.8873, Test MSE: 0.4178, r (test): 0.2325
Epoch: 77, Training Loss: 0.1393, Train MSE: 0.1393, r (train): 0.8797, Test MSE: 0.2067, r (test): 0.2718
Epoch: 78, Training Loss: 0.0687, Train MSE: 0.0687, r (train): 0.8865, Test MSE: 0.1282, r (test): 0.2527
Epoch: 79, Training Loss: 0.0984, Train MSE: 0.0984, r (train): 0.8685, Test MSE: 0.1405, r (test): 0.2103
Epoch: 80, Training Loss: 0.0175, Train MSE: 0.0175, r (train): 0.8919, Test MSE: 0.0683, r (test): 0.2693
Epoch: 81, Training Loss: 0.0528, Train MSE: 0.0528, r (train): 0.8829, Test MSE: 0.1116, r (test): 0.2307
Epoch: 82, Training Loss: 0.0186, Train MSE: 0.0186, r (train): 0.8856, Test MSE: 0.0714, r (test): 0.2042
Epoch: 83, Training Loss: 0.0155, Train MSE: 0.0155, r (train): 0.8918, Test MSE: 0.0691, r (test): 0.2444
Epoch: 84, Training Loss: 0.0183, Train MSE: 0.0183, r (train): 0.8758, Test MSE: 0.0758, r (test): 0.1715
Epoch: 85, Training Loss: 0.0793, Train MSE: 0.0793, r (train): 0.8876, Test MSE: 0.1282, r (test): 0.2491
Epoch: 86, Training Loss: 0.1210, Train MSE: 0.1210, r (train): 0.8984, Test MSE: 0.1713, r (test): 0.2185
Epoch: 87, Training Loss: 0.0996, Train MSE: 0.0996, r (train): 0.8751, Test MSE: 0.1691, r (test): 0.2302
Epoch: 88, Training Loss: 0.0215, Train MSE: 0.0215, r (train): 0.8895, Test MSE: 0.0742, r (test): 0.2640
Epoch: 89, Training Loss: 0.0616, Train MSE: 0.0616, r (train): 0.8863, Test MSE: 0.1094, r (test): 0.1876
Epoch: 90, Training Loss: 0.0474, Train MSE: 0.0474, r (train): 0.8887, Test MSE: 0.1089, r (test): 0.2364
Epoch: 91, Training Loss: 0.0203, Train MSE: 0.0203, r (train): 0.8923, Test MSE: 0.0757, r (test): 0.2488
Epoch: 92, Training Loss: 0.0543, Train MSE: 0.0543, r (train): 0.8776, Test MSE: 0.1019, r (test): 0.2444
Epoch: 93, Training Loss: 0.0628, Train MSE: 0.0628, r (train): 0.8956, Test MSE: 0.1083, r (test): 0.2414
Epoch: 94, Training Loss: 0.0513, Train MSE: 0.0513, r (train): 0.8812, Test MSE: 0.1126, r (test): 0.2525
Epoch: 95, Training Loss: 0.0292, Train MSE: 0.0292, r (train): 0.8947, Test MSE: 0.0782, r (test): 0.2562
Epoch: 96, Training Loss: 0.0254, Train MSE: 0.0254, r (train): 0.8885, Test MSE: 0.0773, r (test): 0.2033
Epoch: 97, Training Loss: 0.0578, Train MSE: 0.0578, r (train): 0.8905, Test MSE: 0.1185, r (test): 0.2453
Epoch: 98, Training Loss: 0.0180, Train MSE: 0.0180, r (train): 0.8947, Test MSE: 0.0690, r (test): 0.2444
Epoch: 99, Training Loss: 0.0845, Train MSE: 0.0845, r (train): 0.8742, Test MSE: 0.1274, r (test): 0.2443
Predicted tensors for training set: 
tensor([1.0993, 1.1787, 0.3867, 0.7305, 1.2065, 0.7761, 1.2904, 0.6096, 0.4329,
        1.0603, 1.2507, 0.4070, 0.7712, 0.6562, 0.9209, 0.9348, 0.7415, 0.9482,
        1.0671, 0.3781, 0.7143, 0.5679, 0.8140, 0.8088, 0.6464, 0.2151, 1.1164,
        0.9922, 0.8106, 0.8009, 0.4842, 0.8985, 0.8788, 1.1232, 0.7348, 0.7894,
        1.1028, 1.0784, 0.3407, 0.9355, 0.7425, 1.1800, 0.5655, 0.5834, 1.6154,
        0.3260, 0.6194, 1.0053, 1.0601, 0.1579, 0.7210, 0.8163, 0.5263, 1.0070,
        1.1048, 0.7904, 0.6004, 0.9635, 0.4653, 0.8517, 1.0224, 0.6108, 0.7381,
        0.6689, 0.2036, 0.9205, 1.0642, 1.1288, 1.1496, 0.3670, 0.9043, 0.4172])
Target tensorsfor training set: 
tensor([0.7371, 0.6671, 0.0636, 0.4373, 0.7144, 0.3453, 0.6465, 0.2255, 0.3077,
        0.7950, 0.9656, 0.2169, 0.5780, 0.4640, 0.7596, 0.7270, 0.6577, 0.8411,
        0.9535, 0.2649, 0.4341, 0.2916, 0.5187, 0.5220, 0.4440, 0.0389, 0.8728,
        0.7901, 0.5102, 0.5573, 0.1218, 0.6595, 0.4993, 0.6992, 0.2464, 0.4036,
        0.8453, 0.8561, 0.1493, 0.7125, 0.3309, 0.7171, 0.2594, 0.1294, 0.9127,
        0.0246, 0.2394, 0.5178, 0.9492, 0.0763, 0.6240, 0.6846, 0.3174, 0.8391,
        0.7791, 0.5658, 0.5300, 0.9621, 0.4526, 0.9215, 0.8524, 0.4654, 0.5564,
        0.5779, 0.1055, 0.7462, 0.8418, 0.9150, 0.9072, 0.1295, 0.6576, 0.2271])
Correlation for training set: 0.8742484651543442
Predicted tensors for test set: 
tensor([0.8460, 0.9803, 0.7779, 1.0253, 0.9345, 0.8597, 0.8840, 0.9213, 0.7096,
        0.7480, 0.5863, 0.7923, 0.7549, 0.9012, 0.8998, 0.5430, 0.6078, 0.4677])
Target tensorsfor test set: 
tensor([0.3829, 0.5783, 0.8363, 0.5023, 0.7507, 0.8556, 0.7497, 0.0981, 0.1360,
        0.7372, 0.6199, 0.8988, 0.9117, 0.4149, 0.5719, 0.4513, 0.4818, 0.0478])
Correlation for test set: 0.24434471711842912
18 5
Fold 5
Epoch: 00, Training Loss: 0.3316, Train MSE: 0.3316, r (train): 0.2108, Test MSE: 0.4316, r (test): 0.0810
Epoch: 01, Training Loss: 0.7209, Train MSE: 0.7209, r (train): 0.5085, Test MSE: 0.8696, r (test): 0.2433
Epoch: 02, Training Loss: 0.9408, Train MSE: 0.9408, r (train): 0.6381, Test MSE: 1.0988, r (test): 0.3476
Epoch: 03, Training Loss: 0.2768, Train MSE: 0.2768, r (train): 0.8174, Test MSE: 0.3616, r (test): 0.3440
Epoch: 04, Training Loss: 0.4323, Train MSE: 0.4323, r (train): 0.7607, Test MSE: 0.5416, r (test): 0.4174
Epoch: 05, Training Loss: 0.0255, Train MSE: 0.0255, r (train): 0.8056, Test MSE: 0.0710, r (test): 0.3007
Epoch: 06, Training Loss: 0.0470, Train MSE: 0.0470, r (train): 0.8414, Test MSE: 0.0781, r (test): 0.3901
Epoch: 07, Training Loss: 0.0773, Train MSE: 0.0773, r (train): 0.7966, Test MSE: 0.1255, r (test): 0.2939
Epoch: 08, Training Loss: 0.1021, Train MSE: 0.1021, r (train): 0.8185, Test MSE: 0.1593, r (test): 0.3819
Epoch: 09, Training Loss: 0.1078, Train MSE: 0.1078, r (train): 0.8330, Test MSE: 0.1366, r (test): 0.3743
Epoch: 10, Training Loss: 0.0659, Train MSE: 0.0659, r (train): 0.8323, Test MSE: 0.1201, r (test): 0.3304
Epoch: 11, Training Loss: 0.0217, Train MSE: 0.0217, r (train): 0.8551, Test MSE: 0.0695, r (test): 0.4027
Epoch: 12, Training Loss: 0.1473, Train MSE: 0.1473, r (train): 0.8567, Test MSE: 0.1804, r (test): 0.3984
Epoch: 13, Training Loss: 0.0265, Train MSE: 0.0265, r (train): 0.8631, Test MSE: 0.0695, r (test): 0.4092
Epoch: 14, Training Loss: 0.2591, Train MSE: 0.2591, r (train): 0.8535, Test MSE: 0.3578, r (test): 0.4038
Epoch: 15, Training Loss: 0.0848, Train MSE: 0.0848, r (train): 0.8356, Test MSE: 0.1517, r (test): 0.3937
Epoch: 16, Training Loss: 0.1724, Train MSE: 0.1724, r (train): 0.8423, Test MSE: 0.2006, r (test): 0.3863
Epoch: 17, Training Loss: 0.0179, Train MSE: 0.0179, r (train): 0.8768, Test MSE: 0.0648, r (test): 0.4221
Epoch: 18, Training Loss: 0.0883, Train MSE: 0.0883, r (train): 0.8467, Test MSE: 0.1551, r (test): 0.4262
Epoch: 19, Training Loss: 0.0339, Train MSE: 0.0339, r (train): 0.8665, Test MSE: 0.0731, r (test): 0.4177
Epoch: 20, Training Loss: 0.0184, Train MSE: 0.0184, r (train): 0.8743, Test MSE: 0.0652, r (test): 0.4442
Epoch: 21, Training Loss: 0.1093, Train MSE: 0.1093, r (train): 0.8531, Test MSE: 0.1830, r (test): 0.4137
Epoch: 22, Training Loss: 0.0201, Train MSE: 0.0201, r (train): 0.8617, Test MSE: 0.0689, r (test): 0.4119
Epoch: 23, Training Loss: 0.0348, Train MSE: 0.0348, r (train): 0.8630, Test MSE: 0.0712, r (test): 0.4281
Epoch: 24, Training Loss: 0.0394, Train MSE: 0.0394, r (train): 0.8704, Test MSE: 0.1009, r (test): 0.4090
Epoch: 25, Training Loss: 0.0761, Train MSE: 0.0761, r (train): 0.8420, Test MSE: 0.1422, r (test): 0.4230
Epoch: 26, Training Loss: 0.0233, Train MSE: 0.0233, r (train): 0.8561, Test MSE: 0.0647, r (test): 0.3998
Epoch: 27, Training Loss: 0.0969, Train MSE: 0.0969, r (train): 0.8664, Test MSE: 0.1237, r (test): 0.4475
Epoch: 28, Training Loss: 0.0983, Train MSE: 0.0983, r (train): 0.8687, Test MSE: 0.1723, r (test): 0.4146
Epoch: 29, Training Loss: 0.0638, Train MSE: 0.0638, r (train): 0.8249, Test MSE: 0.1279, r (test): 0.3894
Epoch: 30, Training Loss: 0.0259, Train MSE: 0.0259, r (train): 0.8683, Test MSE: 0.0676, r (test): 0.4007
Epoch: 31, Training Loss: 0.0365, Train MSE: 0.0365, r (train): 0.8649, Test MSE: 0.0730, r (test): 0.4251
Epoch: 32, Training Loss: 0.0828, Train MSE: 0.0828, r (train): 0.8418, Test MSE: 0.1554, r (test): 0.3940
Epoch: 33, Training Loss: 0.0252, Train MSE: 0.0252, r (train): 0.8561, Test MSE: 0.0800, r (test): 0.3894
Epoch: 34, Training Loss: 0.0871, Train MSE: 0.0871, r (train): 0.8461, Test MSE: 0.1159, r (test): 0.3977
Epoch: 35, Training Loss: 0.0220, Train MSE: 0.0220, r (train): 0.8666, Test MSE: 0.0759, r (test): 0.4164
Epoch: 36, Training Loss: 0.0523, Train MSE: 0.0523, r (train): 0.8325, Test MSE: 0.1172, r (test): 0.3827
Epoch: 37, Training Loss: 0.0194, Train MSE: 0.0194, r (train): 0.8543, Test MSE: 0.0670, r (test): 0.3908
Epoch: 38, Training Loss: 0.0599, Train MSE: 0.0599, r (train): 0.8563, Test MSE: 0.0932, r (test): 0.3985
Epoch: 39, Training Loss: 0.0542, Train MSE: 0.0542, r (train): 0.8703, Test MSE: 0.1249, r (test): 0.4080
Epoch: 40, Training Loss: 0.0460, Train MSE: 0.0460, r (train): 0.8151, Test MSE: 0.1087, r (test): 0.3582
Epoch: 41, Training Loss: 0.0477, Train MSE: 0.0477, r (train): 0.8594, Test MSE: 0.0868, r (test): 0.3665
Epoch: 42, Training Loss: 0.0546, Train MSE: 0.0546, r (train): 0.8728, Test MSE: 0.0843, r (test): 0.4283
Epoch: 43, Training Loss: 0.1091, Train MSE: 0.1091, r (train): 0.8406, Test MSE: 0.1935, r (test): 0.3760
Epoch: 44, Training Loss: 0.0223, Train MSE: 0.0223, r (train): 0.8363, Test MSE: 0.0694, r (test): 0.3934
Epoch: 45, Training Loss: 0.0263, Train MSE: 0.0263, r (train): 0.8512, Test MSE: 0.0658, r (test): 0.3738
Epoch: 46, Training Loss: 0.0490, Train MSE: 0.0490, r (train): 0.8689, Test MSE: 0.0844, r (test): 0.3612
Epoch: 47, Training Loss: 0.0294, Train MSE: 0.0294, r (train): 0.8440, Test MSE: 0.0846, r (test): 0.4050
Epoch: 48, Training Loss: 0.0353, Train MSE: 0.0353, r (train): 0.8569, Test MSE: 0.0975, r (test): 0.3701
Epoch: 49, Training Loss: 0.0570, Train MSE: 0.0570, r (train): 0.8541, Test MSE: 0.0852, r (test): 0.4178
Epoch: 50, Training Loss: 0.0176, Train MSE: 0.0176, r (train): 0.8804, Test MSE: 0.0721, r (test): 0.3788
Epoch: 51, Training Loss: 0.0887, Train MSE: 0.0887, r (train): 0.8220, Test MSE: 0.1734, r (test): 0.3629
Epoch: 52, Training Loss: 0.0317, Train MSE: 0.0317, r (train): 0.8566, Test MSE: 0.0715, r (test): 0.3769
Epoch: 53, Training Loss: 0.0226, Train MSE: 0.0226, r (train): 0.8628, Test MSE: 0.0782, r (test): 0.3937
Epoch: 54, Training Loss: 0.0291, Train MSE: 0.0291, r (train): 0.8456, Test MSE: 0.0904, r (test): 0.3612
Epoch: 55, Training Loss: 0.0533, Train MSE: 0.0533, r (train): 0.8211, Test MSE: 0.1249, r (test): 0.3610
Epoch: 56, Training Loss: 0.0243, Train MSE: 0.0243, r (train): 0.8399, Test MSE: 0.0681, r (test): 0.3561
Epoch: 57, Training Loss: 0.0707, Train MSE: 0.0707, r (train): 0.8535, Test MSE: 0.1016, r (test): 0.3723
Epoch: 58, Training Loss: 0.0709, Train MSE: 0.0709, r (train): 0.8331, Test MSE: 0.1599, r (test): 0.3608
Epoch: 59, Training Loss: 0.0604, Train MSE: 0.0604, r (train): 0.8300, Test MSE: 0.1346, r (test): 0.3757
Epoch: 60, Training Loss: 0.0538, Train MSE: 0.0538, r (train): 0.8347, Test MSE: 0.0811, r (test): 0.3688
Epoch: 61, Training Loss: 0.3620, Train MSE: 0.3620, r (train): 0.8653, Test MSE: 0.3930, r (test): 0.3217
Epoch: 62, Training Loss: 0.0732, Train MSE: 0.0732, r (train): 0.8090, Test MSE: 0.1420, r (test): 0.2899
Epoch: 63, Training Loss: 0.2333, Train MSE: 0.2333, r (train): 0.8664, Test MSE: 0.2194, r (test): 0.4395
Epoch: 64, Training Loss: 0.0277, Train MSE: 0.0277, r (train): 0.8490, Test MSE: 0.0923, r (test): 0.3320
Epoch: 65, Training Loss: 0.1038, Train MSE: 0.1038, r (train): 0.8625, Test MSE: 0.2017, r (test): 0.3627
Epoch: 66, Training Loss: 0.1154, Train MSE: 0.1154, r (train): 0.8042, Test MSE: 0.1424, r (test): 0.3037
Epoch: 67, Training Loss: 0.0229, Train MSE: 0.0229, r (train): 0.8352, Test MSE: 0.0663, r (test): 0.3506
Epoch: 68, Training Loss: 0.1418, Train MSE: 0.1418, r (train): 0.8638, Test MSE: 0.1530, r (test): 0.3541
Epoch: 69, Training Loss: 0.0829, Train MSE: 0.0829, r (train): 0.8416, Test MSE: 0.1648, r (test): 0.4036
Epoch: 70, Training Loss: 0.0390, Train MSE: 0.0390, r (train): 0.8511, Test MSE: 0.0742, r (test): 0.3818
Epoch: 71, Training Loss: 0.0429, Train MSE: 0.0429, r (train): 0.8438, Test MSE: 0.0734, r (test): 0.4091
Epoch: 72, Training Loss: 0.0494, Train MSE: 0.0494, r (train): 0.8698, Test MSE: 0.1220, r (test): 0.3859
Epoch: 73, Training Loss: 0.0618, Train MSE: 0.0618, r (train): 0.8547, Test MSE: 0.1367, r (test): 0.3872
Epoch: 74, Training Loss: 0.0201, Train MSE: 0.0201, r (train): 0.8513, Test MSE: 0.0728, r (test): 0.3542
Epoch: 75, Training Loss: 0.0321, Train MSE: 0.0321, r (train): 0.8731, Test MSE: 0.0987, r (test): 0.3964
Epoch: 76, Training Loss: 0.0220, Train MSE: 0.0220, r (train): 0.8510, Test MSE: 0.0747, r (test): 0.3888
Epoch: 77, Training Loss: 0.1029, Train MSE: 0.1029, r (train): 0.8765, Test MSE: 0.1227, r (test): 0.3753
Epoch: 78, Training Loss: 0.0452, Train MSE: 0.0452, r (train): 0.8607, Test MSE: 0.0797, r (test): 0.3582
Epoch: 79, Training Loss: 0.0245, Train MSE: 0.0245, r (train): 0.8589, Test MSE: 0.0801, r (test): 0.3992
Epoch: 80, Training Loss: 0.0400, Train MSE: 0.0400, r (train): 0.8514, Test MSE: 0.1032, r (test): 0.4004
Epoch: 81, Training Loss: 0.0221, Train MSE: 0.0221, r (train): 0.8474, Test MSE: 0.0756, r (test): 0.3698
Epoch: 82, Training Loss: 0.0578, Train MSE: 0.0578, r (train): 0.8504, Test MSE: 0.1304, r (test): 0.3949
Epoch: 83, Training Loss: 0.0390, Train MSE: 0.0390, r (train): 0.8496, Test MSE: 0.1071, r (test): 0.3984
Epoch: 84, Training Loss: 0.0276, Train MSE: 0.0276, r (train): 0.8677, Test MSE: 0.0652, r (test): 0.3945
Epoch: 85, Training Loss: 0.0574, Train MSE: 0.0574, r (train): 0.8732, Test MSE: 0.0885, r (test): 0.3580
Epoch: 86, Training Loss: 0.0706, Train MSE: 0.0706, r (train): 0.8437, Test MSE: 0.0962, r (test): 0.3753
Epoch: 87, Training Loss: 0.0222, Train MSE: 0.0222, r (train): 0.8583, Test MSE: 0.0740, r (test): 0.4033
Epoch: 88, Training Loss: 0.0207, Train MSE: 0.0207, r (train): 0.8470, Test MSE: 0.0659, r (test): 0.3851
Epoch: 89, Training Loss: 0.0545, Train MSE: 0.0545, r (train): 0.8419, Test MSE: 0.1274, r (test): 0.3629
Epoch: 90, Training Loss: 0.0937, Train MSE: 0.0937, r (train): 0.8572, Test MSE: 0.1838, r (test): 0.4104
Epoch: 91, Training Loss: 0.0207, Train MSE: 0.0207, r (train): 0.8573, Test MSE: 0.0669, r (test): 0.3842
Epoch: 92, Training Loss: 0.2238, Train MSE: 0.2238, r (train): 0.8613, Test MSE: 0.2281, r (test): 0.3562
Epoch: 93, Training Loss: 0.0720, Train MSE: 0.0720, r (train): 0.8500, Test MSE: 0.0992, r (test): 0.3742
Epoch: 94, Training Loss: 0.1018, Train MSE: 0.1018, r (train): 0.8394, Test MSE: 0.1880, r (test): 0.3916
Epoch: 95, Training Loss: 0.0212, Train MSE: 0.0212, r (train): 0.8561, Test MSE: 0.0716, r (test): 0.4170
Epoch: 96, Training Loss: 0.0198, Train MSE: 0.0198, r (train): 0.8573, Test MSE: 0.0708, r (test): 0.3998
Epoch: 97, Training Loss: 0.0669, Train MSE: 0.0669, r (train): 0.8704, Test MSE: 0.1532, r (test): 0.3732
Epoch: 98, Training Loss: 0.0595, Train MSE: 0.0595, r (train): 0.8370, Test MSE: 0.0865, r (test): 0.3697
Epoch: 99, Training Loss: 0.1255, Train MSE: 0.1255, r (train): 0.8492, Test MSE: 0.1392, r (test): 0.3739
Predicted tensors for training set: 
tensor([1.2228, 1.1210, 0.5066, 0.8310, 1.1697, 0.7399, 1.0897, 0.6273, 0.6408,
        1.1666, 1.2972, 0.5371, 0.8216, 0.7417, 0.9924, 0.8877, 0.7069, 0.8943,
        0.9959, 0.3759, 0.8184, 0.6691, 0.8402, 0.8438, 0.8002, 0.3456, 1.1809,
        1.0969, 0.8014, 0.7982, 0.4223, 0.9565, 0.9300, 1.1081, 0.7423, 0.8639,
        1.1657, 1.1288, 0.4656, 0.9892, 0.8071, 1.1260, 0.7222, 0.6082, 1.5375,
        0.4609, 0.7171, 1.0295, 1.0729, 0.2215, 0.7574, 0.8891, 0.7560, 1.3766,
        0.8102, 1.0553, 0.9885, 0.6291, 0.8654, 0.9700, 1.2953, 0.5134, 0.5481,
        1.2443, 0.6942, 0.8838, 0.9789, 0.5004, 0.9711, 0.7814, 0.8955, 0.3895])
Target tensorsfor training set: 
tensor([0.7371, 0.6671, 0.0636, 0.4373, 0.7144, 0.3453, 0.6465, 0.2255, 0.3077,
        0.7950, 0.9656, 0.2169, 0.5780, 0.4640, 0.7596, 0.7270, 0.6577, 0.8411,
        0.9535, 0.2649, 0.4341, 0.2916, 0.5187, 0.5220, 0.4440, 0.0389, 0.8728,
        0.7901, 0.5102, 0.5573, 0.1218, 0.6595, 0.4993, 0.6992, 0.2464, 0.4036,
        0.8453, 0.8561, 0.1493, 0.7125, 0.3309, 0.7171, 0.2594, 0.1294, 0.9127,
        0.0246, 0.2394, 0.5178, 0.9492, 0.0763, 0.6240, 0.6846, 0.3174, 0.8391,
        0.3829, 0.5783, 0.8363, 0.5023, 0.7507, 0.8556, 0.7497, 0.0981, 0.1360,
        0.7372, 0.6199, 0.8988, 0.9117, 0.4149, 0.5719, 0.4513, 0.4818, 0.0478])
Correlation for training set: 0.8491621592411571
Predicted tensors for test set: 
tensor([1.3602, 0.9030, 0.8026, 0.6239, 0.9559, 1.2150, 0.9605, 0.8897, 0.7320,
        0.9335, 0.8534, 0.9082, 0.9843, 0.9453, 0.7504, 0.6076, 0.8865, 0.7410])
Target tensorsfor test set: 
tensor([0.7791, 0.5658, 0.5300, 0.9621, 0.4526, 0.9215, 0.8524, 0.4654, 0.5564,
        0.5779, 0.1055, 0.7462, 0.8418, 0.9150, 0.9072, 0.1295, 0.6576, 0.2271])
Correlation for test set: 0.37392140114818007
Validation set predictions (100 folds): [tensor([0.4208, 0.5064, 0.3814, 0.5007, 0.5854, 0.6640, 0.5695, 0.3831, 0.4587,
        0.8158, 0.4031, 0.3851, 0.4732, 0.6006, 0.4219, 0.3942, 0.3748, 0.4993]), tensor([0.5033, 0.3405, 0.4954, 0.4846, 0.4219, 0.6803, 0.4453, 0.3356, 0.8286,
        0.4376, 0.4115, 0.3698, 0.4159, 0.4134, 0.4942, 0.5701, 0.5818, 0.6766]), tensor([0.5623, 0.5164, 0.3914, 0.5706, 0.2758, 0.3284, 0.3114, 0.4118, 0.5636,
        0.5525, 0.4549, 0.1479, 0.2938, 0.0612, 0.2954, 0.3487, 0.5261, 0.2734]), tensor([0.8460, 0.9803, 0.7779, 1.0253, 0.9345, 0.8597, 0.8840, 0.9213, 0.7096,
        0.7480, 0.5863, 0.7923, 0.7549, 0.9012, 0.8998, 0.5430, 0.6078, 0.4677]), tensor([1.3602, 0.9030, 0.8026, 0.6239, 0.9559, 1.2150, 0.9605, 0.8897, 0.7320,
        0.9335, 0.8534, 0.9082, 0.9843, 0.9453, 0.7504, 0.6076, 0.8865, 0.7410])]
Validation set targets (100 folds): [tensor([0.7371, 0.6671, 0.0636, 0.4373, 0.7144, 0.3453, 0.6465, 0.2255, 0.3077,
        0.7950, 0.9656, 0.2169, 0.5780, 0.4640, 0.7596, 0.7270, 0.6577, 0.8411]), tensor([0.9535, 0.2649, 0.4341, 0.2916, 0.5187, 0.5220, 0.4440, 0.0389, 0.8728,
        0.7901, 0.5102, 0.5573, 0.1218, 0.6595, 0.4993, 0.6992, 0.2464, 0.4036]), tensor([0.8453, 0.8561, 0.1493, 0.7125, 0.3309, 0.7171, 0.2594, 0.1294, 0.9127,
        0.0246, 0.2394, 0.5178, 0.9492, 0.0763, 0.6240, 0.6846, 0.3174, 0.8391]), tensor([0.3829, 0.5783, 0.8363, 0.5023, 0.7507, 0.8556, 0.7497, 0.0981, 0.1360,
        0.7372, 0.6199, 0.8988, 0.9117, 0.4149, 0.5719, 0.4513, 0.4818, 0.0478]), tensor([0.7791, 0.5658, 0.5300, 0.9621, 0.4526, 0.9215, 0.8524, 0.4654, 0.5564,
        0.5779, 0.1055, 0.7462, 0.8418, 0.9150, 0.9072, 0.1295, 0.6576, 0.2271])]
Time taken: 17835.218126296997 seconds
