DenseNet_isthmuscingulate_65.py
/apps/monai/MONAI0.8.1/lib/python3.9/site-packages/torch/cuda/__init__.py:143: UserWarning: 
NVIDIA B200 with CUDA capability sm_100 is not compatible with the current PyTorch installation.
The current PyTorch install supports CUDA capabilities sm_37 sm_50 sm_60 sm_61 sm_70 sm_75 sm_80 sm_86 compute_37.
If you want to use the NVIDIA B200 GPU with PyTorch, please check the instructions at https://pytorch.org/get-started/locally/

  warnings.warn(incompatible_device_warn.format(device_name, capability, " ".join(arch_list), device_name))
90
Image shape: torch.Size([256, 256, 256])
Label: 0.898762669

Image shape: torch.Size([256, 256, 256])
Label: 0.121809436

Image shape: torch.Size([256, 256, 256])
Label: 0.750732335

Image shape: torch.Size([256, 256, 256])
Label: 0.667105602

Image shape: torch.Size([256, 256, 256])
Label: 0.845253622

Image shape: torch.Size([256, 256, 256])
Label: 0.577850585

Image shape: torch.Size([256, 256, 256])
Label: 0.246363884

Image shape: torch.Size([256, 256, 256])
Label: 0.571907479

Image shape: torch.Size([256, 256, 256])
Label: 0.55641775

Image shape: torch.Size([256, 256, 256])
Label: 0.451287356

Image shape: torch.Size([256, 256, 256])
Label: 0.047813956

Image shape: torch.Size([256, 256, 256])
Label: 0.779103135

Image shape: torch.Size([256, 256, 256])
Label: 0.839077585

Image shape: torch.Size([256, 256, 256])
Label: 0.565846925

Image shape: torch.Size([256, 256, 256])
Label: 0.737192172

Image shape: torch.Size([256, 256, 256])
Label: 0.855579732

Image shape: torch.Size([256, 256, 256])
Label: 0.330926406

Image shape: torch.Size([256, 256, 256])
Label: 0.024634435

Image shape: torch.Size([256, 256, 256])
Label: 0.216921218

Image shape: torch.Size([256, 256, 256])
Label: 0.48182514

Image shape: torch.Size([256, 256, 256])
Label: 0.91273199

Image shape: torch.Size([256, 256, 256])
Label: 0.907159832

Image shape: torch.Size([256, 256, 256])
Label: 0.529961465

Image shape: torch.Size([256, 256, 256])
Label: 0.26490909

Image shape: torch.Size([256, 256, 256])
Label: 0.965645278

Image shape: torch.Size([256, 256, 256])
Label: 0.659493008

Image shape: torch.Size([256, 256, 256])
Label: 0.714356234

Image shape: torch.Size([256, 256, 256])
Label: 0.499347098

Image shape: torch.Size([256, 256, 256])
Label: 0.92154251

Image shape: torch.Size([256, 256, 256])
Label: 0.646490545

Image shape: torch.Size([256, 256, 256])
Label: 0.463984431

Image shape: torch.Size([256, 256, 256])
Label: 0.790096101

Image shape: torch.Size([256, 256, 256])
Label: 0.949166278

Image shape: torch.Size([256, 256, 256])
Label: 0.841767741

Image shape: torch.Size([256, 256, 256])
Label: 0.14931566

Image shape: torch.Size([256, 256, 256])
Label: 0.911671093

Image shape: torch.Size([256, 256, 256])
Label: 0.856107326

Image shape: torch.Size([256, 256, 256])
Label: 0.437273408

Image shape: torch.Size([256, 256, 256])
Label: 0.098052496

Image shape: torch.Size([256, 256, 256])
Label: 0.105524477

Image shape: torch.Size([256, 256, 256])
Label: 0.291630426

Image shape: torch.Size([256, 256, 256])
Label: 0.129485328

Image shape: torch.Size([256, 256, 256])
Label: 0.684642475

Image shape: torch.Size([256, 256, 256])
Label: 0.403550924

Image shape: torch.Size([256, 256, 256])
Label: 0.31742745

Image shape: torch.Size([256, 256, 256])
Label: 0.57804499

Image shape: torch.Size([256, 256, 256])
Label: 0.225463904

Image shape: torch.Size([256, 256, 256])
Label: 0.259369175

Image shape: torch.Size([256, 256, 256])
Label: 0.623989995

Image shape: torch.Size([256, 256, 256])
Label: 0.522016133

Image shape: torch.Size([256, 256, 256])
Label: 0.657691961

Image shape: torch.Size([256, 256, 256])
Label: 0.43409457

Image shape: torch.Size([256, 256, 256])
Label: 0.657623403

Image shape: torch.Size([256, 256, 256])
Label: 0.953465465

Image shape: torch.Size([256, 256, 256])
Label: 0.712524369

Image shape: torch.Size([256, 256, 256])
Label: 0.136048492

Image shape: torch.Size([256, 256, 256])
Label: 0.510151238

Image shape: torch.Size([256, 256, 256])
Label: 0.239393515

Image shape: torch.Size([256, 256, 256])
Label: 0.836265129

Image shape: torch.Size([256, 256, 256])
Label: 0.872805901

Image shape: torch.Size([256, 256, 256])
Label: 0.076332172

Image shape: torch.Size([256, 256, 256])
Label: 0.227116465

Image shape: torch.Size([256, 256, 256])
Label: 0.517802514

Image shape: torch.Size([256, 256, 256])
Label: 0.55726975

Image shape: torch.Size([256, 256, 256])
Label: 0.749740575

Image shape: torch.Size([256, 256, 256])
Label: 0.444012353

Image shape: torch.Size([256, 256, 256])
Label: 0.737099236

Image shape: torch.Size([256, 256, 256])
Label: 0.717144575

Image shape: torch.Size([256, 256, 256])
Label: 0.129379513

Image shape: torch.Size([256, 256, 256])
Label: 0.382857646

Image shape: torch.Size([256, 256, 256])
Label: 0.307667842

Image shape: torch.Size([256, 256, 256])
Label: 0.727035333

Image shape: torch.Size([256, 256, 256])
Label: 0.518716963

Image shape: torch.Size([256, 256, 256])
Label: 0.502254367

Image shape: torch.Size([256, 256, 256])
Label: 0.794978716

Image shape: torch.Size([256, 256, 256])
Label: 0.841130428

Image shape: torch.Size([256, 256, 256])
Label: 0.414935686

Image shape: torch.Size([256, 256, 256])
Label: 0.91498566

Image shape: torch.Size([256, 256, 256])
Label: 0.619874898

Image shape: torch.Size([256, 256, 256])
Label: 0.699213269

Image shape: torch.Size([256, 256, 256])
Label: 0.038874365

Image shape: torch.Size([256, 256, 256])
Label: 0.759624831

Image shape: torch.Size([256, 256, 256])
Label: 0.852431609

Image shape: torch.Size([256, 256, 256])
Label: 0.452638778

Image shape: torch.Size([256, 256, 256])
Label: 0.46544507

Image shape: torch.Size([256, 256, 256])
Label: 0.063583908

Image shape: torch.Size([256, 256, 256])
Label: 0.746225617

Image shape: torch.Size([256, 256, 256])
Label: 0.578327051

Image shape: torch.Size([256, 256, 256])
Label: 0.962135747

Image shape: torch.Size([256, 256, 256])
Label: 0.34531344

18 5
Fold 1
Epoch: 00, Training Loss: 0.0785, Train MSE: 0.0785, r (train): -0.1439, Test MSE: 0.0847, r (test): -0.1952
Epoch: 01, Training Loss: 0.0925, Train MSE: 0.0925, r (train): -0.1062, Test MSE: 0.0986, r (test): -0.1224
Epoch: 02, Training Loss: 0.1268, Train MSE: 0.1268, r (train): 0.5899, Test MSE: 0.1334, r (test): 0.3828
Epoch: 03, Training Loss: 0.1556, Train MSE: 0.1556, r (train): 0.7468, Test MSE: 0.1753, r (test): 0.3841
Epoch: 04, Training Loss: 0.0472, Train MSE: 0.0472, r (train): 0.8104, Test MSE: 0.0871, r (test): 0.3316
Epoch: 05, Training Loss: 0.0924, Train MSE: 0.0924, r (train): 0.6430, Test MSE: 0.1028, r (test): 0.4637
Epoch: 06, Training Loss: 0.0563, Train MSE: 0.0563, r (train): 0.7955, Test MSE: 0.1220, r (test): 0.1320
Epoch: 07, Training Loss: 0.0472, Train MSE: 0.0472, r (train): 0.7254, Test MSE: 0.0773, r (test): 0.3726
Epoch: 08, Training Loss: 0.0689, Train MSE: 0.0689, r (train): 0.8123, Test MSE: 0.1194, r (test): 0.2808
Epoch: 09, Training Loss: 0.2092, Train MSE: 0.2092, r (train): 0.7766, Test MSE: 0.2623, r (test): 0.2882
Epoch: 10, Training Loss: 0.0359, Train MSE: 0.0359, r (train): 0.8211, Test MSE: 0.0820, r (test): 0.3181
Epoch: 11, Training Loss: 0.0486, Train MSE: 0.0486, r (train): 0.8251, Test MSE: 0.1040, r (test): 0.2062
Epoch: 12, Training Loss: 0.0378, Train MSE: 0.0378, r (train): 0.8264, Test MSE: 0.0894, r (test): 0.2479
Epoch: 13, Training Loss: 0.0281, Train MSE: 0.0281, r (train): 0.8311, Test MSE: 0.0818, r (test): 0.2559
Epoch: 14, Training Loss: 0.0219, Train MSE: 0.0219, r (train): 0.8361, Test MSE: 0.0732, r (test): 0.2911
Epoch: 15, Training Loss: 0.0213, Train MSE: 0.0213, r (train): 0.8505, Test MSE: 0.0726, r (test): 0.2726
Epoch: 16, Training Loss: 0.0777, Train MSE: 0.0777, r (train): 0.8028, Test MSE: 0.1288, r (test): 0.2525
Epoch: 17, Training Loss: 0.1474, Train MSE: 0.1474, r (train): 0.7820, Test MSE: 0.2107, r (test): 0.2796
Epoch: 18, Training Loss: 0.0354, Train MSE: 0.0354, r (train): 0.8051, Test MSE: 0.0883, r (test): 0.2833
Epoch: 19, Training Loss: 0.0222, Train MSE: 0.0222, r (train): 0.8322, Test MSE: 0.0721, r (test): 0.2933
Epoch: 20, Training Loss: 0.0306, Train MSE: 0.0306, r (train): 0.7998, Test MSE: 0.0749, r (test): 0.3192
Epoch: 21, Training Loss: 0.0491, Train MSE: 0.0491, r (train): 0.8124, Test MSE: 0.1042, r (test): 0.2195
Epoch: 22, Training Loss: 0.0528, Train MSE: 0.0528, r (train): 0.7731, Test MSE: 0.0966, r (test): 0.2935
Epoch: 23, Training Loss: 0.0266, Train MSE: 0.0266, r (train): 0.7999, Test MSE: 0.0725, r (test): 0.2905
Epoch: 24, Training Loss: 0.0369, Train MSE: 0.0369, r (train): 0.7970, Test MSE: 0.0854, r (test): 0.3065
Epoch: 25, Training Loss: 0.0328, Train MSE: 0.0328, r (train): 0.7856, Test MSE: 0.0800, r (test): 0.2701
Epoch: 26, Training Loss: 0.0560, Train MSE: 0.0560, r (train): 0.7719, Test MSE: 0.1013, r (test): 0.2702
Epoch: 27, Training Loss: 0.0291, Train MSE: 0.0291, r (train): 0.7751, Test MSE: 0.0713, r (test): 0.3053
Epoch: 28, Training Loss: 0.0284, Train MSE: 0.0284, r (train): 0.7801, Test MSE: 0.0663, r (test): 0.3843
Epoch: 29, Training Loss: 0.0285, Train MSE: 0.0285, r (train): 0.7751, Test MSE: 0.0719, r (test): 0.2883
Epoch: 30, Training Loss: 0.0435, Train MSE: 0.0435, r (train): 0.7891, Test MSE: 0.0952, r (test): 0.2180
Epoch: 31, Training Loss: 0.0547, Train MSE: 0.0547, r (train): 0.7795, Test MSE: 0.0993, r (test): 0.3046
Epoch: 32, Training Loss: 0.0305, Train MSE: 0.0305, r (train): 0.7799, Test MSE: 0.0727, r (test): 0.3107
Epoch: 33, Training Loss: 0.0504, Train MSE: 0.0504, r (train): 0.7697, Test MSE: 0.0914, r (test): 0.3067
Epoch: 34, Training Loss: 0.0740, Train MSE: 0.0740, r (train): 0.7744, Test MSE: 0.1292, r (test): 0.2833
Epoch: 35, Training Loss: 0.0381, Train MSE: 0.0381, r (train): 0.7602, Test MSE: 0.0855, r (test): 0.2807
Epoch: 36, Training Loss: 0.0477, Train MSE: 0.0477, r (train): 0.7743, Test MSE: 0.0973, r (test): 0.3290
Epoch: 37, Training Loss: 0.0348, Train MSE: 0.0348, r (train): 0.7537, Test MSE: 0.0711, r (test): 0.3407
Epoch: 38, Training Loss: 0.1335, Train MSE: 0.1335, r (train): 0.7493, Test MSE: 0.1917, r (test): 0.2882
Epoch: 39, Training Loss: 0.0638, Train MSE: 0.0638, r (train): 0.7729, Test MSE: 0.1079, r (test): 0.3086
Epoch: 40, Training Loss: 0.2351, Train MSE: 0.2351, r (train): 0.7368, Test MSE: 0.3078, r (test): 0.2054
Epoch: 41, Training Loss: 0.0937, Train MSE: 0.0937, r (train): 0.7482, Test MSE: 0.1328, r (test): 0.3033
Epoch: 42, Training Loss: 0.0336, Train MSE: 0.0336, r (train): 0.7637, Test MSE: 0.0735, r (test): 0.3205
Epoch: 43, Training Loss: 0.0400, Train MSE: 0.0400, r (train): 0.7759, Test MSE: 0.0878, r (test): 0.3222
Epoch: 44, Training Loss: 0.0283, Train MSE: 0.0283, r (train): 0.7893, Test MSE: 0.0757, r (test): 0.2784
Epoch: 45, Training Loss: 0.0659, Train MSE: 0.0659, r (train): 0.7443, Test MSE: 0.1074, r (test): 0.2997
Epoch: 46, Training Loss: 0.0353, Train MSE: 0.0353, r (train): 0.7803, Test MSE: 0.0761, r (test): 0.2909
Epoch: 47, Training Loss: 0.0277, Train MSE: 0.0277, r (train): 0.7918, Test MSE: 0.0713, r (test): 0.3096
Epoch: 48, Training Loss: 0.0275, Train MSE: 0.0275, r (train): 0.7909, Test MSE: 0.0724, r (test): 0.2778
Epoch: 49, Training Loss: 0.0424, Train MSE: 0.0424, r (train): 0.7559, Test MSE: 0.0853, r (test): 0.2684
Epoch: 50, Training Loss: 0.0770, Train MSE: 0.0770, r (train): 0.7337, Test MSE: 0.1290, r (test): 0.3014
Epoch: 51, Training Loss: 0.0350, Train MSE: 0.0350, r (train): 0.8143, Test MSE: 0.0853, r (test): 0.3028
Epoch: 52, Training Loss: 0.0412, Train MSE: 0.0412, r (train): 0.6941, Test MSE: 0.0722, r (test): 0.3297
Epoch: 53, Training Loss: 0.0276, Train MSE: 0.0276, r (train): 0.8088, Test MSE: 0.0825, r (test): 0.2448
Epoch: 54, Training Loss: 0.0300, Train MSE: 0.0300, r (train): 0.7756, Test MSE: 0.0787, r (test): 0.2298
Epoch: 55, Training Loss: 0.0648, Train MSE: 0.0648, r (train): 0.7542, Test MSE: 0.1070, r (test): 0.2897
Epoch: 56, Training Loss: 0.0279, Train MSE: 0.0279, r (train): 0.7792, Test MSE: 0.0748, r (test): 0.2607
Epoch: 57, Training Loss: 0.0311, Train MSE: 0.0311, r (train): 0.7788, Test MSE: 0.0706, r (test): 0.3543
Epoch: 58, Training Loss: 0.0540, Train MSE: 0.0540, r (train): 0.7750, Test MSE: 0.0973, r (test): 0.2749
Epoch: 59, Training Loss: 0.0334, Train MSE: 0.0334, r (train): 0.7812, Test MSE: 0.0745, r (test): 0.3093
Epoch: 60, Training Loss: 0.0284, Train MSE: 0.0284, r (train): 0.7887, Test MSE: 0.0724, r (test): 0.2973
Epoch: 61, Training Loss: 0.0273, Train MSE: 0.0273, r (train): 0.7847, Test MSE: 0.0717, r (test): 0.2997
Epoch: 62, Training Loss: 0.0405, Train MSE: 0.0405, r (train): 0.7577, Test MSE: 0.0863, r (test): 0.2597
Epoch: 63, Training Loss: 0.0296, Train MSE: 0.0296, r (train): 0.7847, Test MSE: 0.0706, r (test): 0.3314
Epoch: 64, Training Loss: 0.0310, Train MSE: 0.0310, r (train): 0.7749, Test MSE: 0.0732, r (test): 0.3044
Epoch: 65, Training Loss: 0.0367, Train MSE: 0.0367, r (train): 0.7878, Test MSE: 0.0777, r (test): 0.3000
Epoch: 66, Training Loss: 0.0340, Train MSE: 0.0340, r (train): 0.7591, Test MSE: 0.0823, r (test): 0.2247
Epoch: 67, Training Loss: 0.0292, Train MSE: 0.0292, r (train): 0.7739, Test MSE: 0.0752, r (test): 0.2863
Epoch: 68, Training Loss: 0.0327, Train MSE: 0.0327, r (train): 0.7633, Test MSE: 0.0732, r (test): 0.2887
Epoch: 69, Training Loss: 0.0374, Train MSE: 0.0374, r (train): 0.7698, Test MSE: 0.0716, r (test): 0.3425
Epoch: 70, Training Loss: 0.0339, Train MSE: 0.0339, r (train): 0.7735, Test MSE: 0.0776, r (test): 0.2615
Epoch: 71, Training Loss: 0.0418, Train MSE: 0.0418, r (train): 0.7802, Test MSE: 0.0814, r (test): 0.2851
Epoch: 72, Training Loss: 0.0325, Train MSE: 0.0325, r (train): 0.7672, Test MSE: 0.0804, r (test): 0.2567
Epoch: 73, Training Loss: 0.0375, Train MSE: 0.0375, r (train): 0.7701, Test MSE: 0.0818, r (test): 0.2868
Epoch: 74, Training Loss: 0.0328, Train MSE: 0.0328, r (train): 0.7638, Test MSE: 0.0803, r (test): 0.2217
Epoch: 75, Training Loss: 0.0481, Train MSE: 0.0481, r (train): 0.7777, Test MSE: 0.0891, r (test): 0.2957
Epoch: 76, Training Loss: 0.0293, Train MSE: 0.0293, r (train): 0.7985, Test MSE: 0.0767, r (test): 0.2661
Epoch: 77, Training Loss: 0.0340, Train MSE: 0.0340, r (train): 0.7624, Test MSE: 0.0817, r (test): 0.2592
Epoch: 78, Training Loss: 0.0556, Train MSE: 0.0556, r (train): 0.7632, Test MSE: 0.1128, r (test): 0.2531
Epoch: 79, Training Loss: 0.0290, Train MSE: 0.0290, r (train): 0.7693, Test MSE: 0.0709, r (test): 0.3001
Epoch: 80, Training Loss: 0.0404, Train MSE: 0.0404, r (train): 0.7914, Test MSE: 0.0864, r (test): 0.2720
Epoch: 81, Training Loss: 0.0608, Train MSE: 0.0608, r (train): 0.7592, Test MSE: 0.0993, r (test): 0.2765
Epoch: 82, Training Loss: 0.0291, Train MSE: 0.0291, r (train): 0.7706, Test MSE: 0.0760, r (test): 0.2668
Epoch: 83, Training Loss: 0.0559, Train MSE: 0.0559, r (train): 0.7382, Test MSE: 0.1066, r (test): 0.2583
Epoch: 84, Training Loss: 0.0310, Train MSE: 0.0310, r (train): 0.7814, Test MSE: 0.0712, r (test): 0.2903
Epoch: 85, Training Loss: 0.0455, Train MSE: 0.0455, r (train): 0.7661, Test MSE: 0.0918, r (test): 0.2669
Epoch: 86, Training Loss: 0.0367, Train MSE: 0.0367, r (train): 0.7808, Test MSE: 0.0787, r (test): 0.2779
Epoch: 87, Training Loss: 0.0410, Train MSE: 0.0410, r (train): 0.7665, Test MSE: 0.0932, r (test): 0.2644
Epoch: 88, Training Loss: 0.0315, Train MSE: 0.0315, r (train): 0.7656, Test MSE: 0.0776, r (test): 0.2810
Epoch: 89, Training Loss: 0.0394, Train MSE: 0.0394, r (train): 0.7564, Test MSE: 0.0845, r (test): 0.2546
Epoch: 90, Training Loss: 0.0574, Train MSE: 0.0574, r (train): 0.7794, Test MSE: 0.0949, r (test): 0.3176
Epoch: 91, Training Loss: 0.0323, Train MSE: 0.0323, r (train): 0.7570, Test MSE: 0.0753, r (test): 0.2655
Epoch: 92, Training Loss: 0.0621, Train MSE: 0.0621, r (train): 0.7663, Test MSE: 0.1170, r (test): 0.3235
Epoch: 93, Training Loss: 0.0342, Train MSE: 0.0342, r (train): 0.7387, Test MSE: 0.0760, r (test): 0.2607
Epoch: 94, Training Loss: 0.0334, Train MSE: 0.0334, r (train): 0.7766, Test MSE: 0.0758, r (test): 0.2836
Epoch: 95, Training Loss: 0.0338, Train MSE: 0.0338, r (train): 0.7779, Test MSE: 0.0779, r (test): 0.2647
Epoch: 96, Training Loss: 0.0303, Train MSE: 0.0303, r (train): 0.7756, Test MSE: 0.0745, r (test): 0.2650
Epoch: 97, Training Loss: 0.0966, Train MSE: 0.0966, r (train): 0.7506, Test MSE: 0.1589, r (test): 0.2498
Epoch: 98, Training Loss: 0.0273, Train MSE: 0.0273, r (train): 0.7896, Test MSE: 0.0743, r (test): 0.2818
Epoch: 99, Training Loss: 0.0383, Train MSE: 0.0383, r (train): 0.7641, Test MSE: 0.0793, r (test): 0.2866
Predicted tensors for training set: 
tensor([0.0836, 0.3092, 0.7432, 0.7132, 0.3166, 0.1117, 0.6608, 0.4265, 0.3875,
        0.1940, 0.6178, 0.3497, 0.0919, 0.4346, 0.5727, 0.4762, 0.0644, 0.8054,
        0.7690, 0.3493, 0.3121, 0.4587, 0.5615, 0.3789, 0.6075, 0.3358, 0.3253,
        0.4893, 0.3541, 0.4454, 0.7991, 0.6424, 0.4527, 0.2749, 0.4758, 0.6925,
        0.8136, 0.2619, 0.6643, 0.3472, 0.8742, 0.9085, 0.0258, 0.1961, 0.3966,
        0.4454, 0.5753, 0.3675, 0.6815, 0.6678, 0.1446, 0.3751, 0.2832, 0.6130,
        0.4430, 0.4498, 0.4525, 0.4597, 0.1597, 0.5559, 0.5078, 0.6220, 0.0329,
        0.6704, 0.9743, 0.5139, 0.5456, 0.0902, 0.4934, 0.3262, 0.7294, 0.1693])
Target tensorsfor training set: 
tensor([0.2169, 0.4818, 0.9127, 0.9072, 0.5300, 0.2649, 0.9656, 0.6595, 0.7144,
        0.4993, 0.9215, 0.6465, 0.4640, 0.7901, 0.9492, 0.8418, 0.1493, 0.9117,
        0.8561, 0.4373, 0.0981, 0.1055, 0.2916, 0.1295, 0.6846, 0.4036, 0.3174,
        0.5780, 0.2255, 0.2594, 0.6240, 0.5220, 0.6577, 0.4341, 0.6576, 0.9535,
        0.7125, 0.1360, 0.5102, 0.2394, 0.8363, 0.8728, 0.0763, 0.2271, 0.5178,
        0.5573, 0.7497, 0.4440, 0.7371, 0.7171, 0.1294, 0.3829, 0.3077, 0.7270,
        0.5187, 0.5023, 0.7950, 0.8411, 0.4149, 0.9150, 0.6199, 0.6992, 0.0389,
        0.7596, 0.8524, 0.4526, 0.4654, 0.0636, 0.7462, 0.5783, 0.9621, 0.3453])
Correlation for training set: 0.7641311893918764
Predicted tensors for test set: 
tensor([0.4035, 0.2894, 0.4883, 0.3570, 0.7143, 0.4777, 0.2938, 0.5886, 0.3624,
        0.4937, 0.3360, 0.3576, 0.5038, 0.4828, 0.4390, 0.5841, 0.5829, 0.5855])
Target tensorsfor test set: 
tensor([0.8988, 0.1218, 0.7507, 0.6671, 0.8453, 0.5779, 0.2464, 0.5719, 0.5564,
        0.4513, 0.0478, 0.7791, 0.8391, 0.5658, 0.7372, 0.8556, 0.3309, 0.0246])
Correlation for test set: 0.2866103092761377
18 5
Fold 2
Epoch: 00, Training Loss: 0.0700, Train MSE: 0.0700, r (train): -0.1911, Test MSE: 0.0888, r (test): -0.2561
Epoch: 01, Training Loss: 0.1067, Train MSE: 0.1067, r (train): -0.1668, Test MSE: 0.1750, r (test): -0.3048
Epoch: 02, Training Loss: 0.2094, Train MSE: 0.2094, r (train): 0.5303, Test MSE: 0.3306, r (test): -0.2509
Epoch: 03, Training Loss: 0.0701, Train MSE: 0.0701, r (train): 0.7195, Test MSE: 0.1772, r (test): 0.1407
Epoch: 04, Training Loss: 0.3074, Train MSE: 0.3074, r (train): 0.7426, Test MSE: 0.4820, r (test): 0.0829
Epoch: 05, Training Loss: 0.2477, Train MSE: 0.2477, r (train): 0.7362, Test MSE: 0.1643, r (test): 0.1255
Epoch: 06, Training Loss: 0.6941, Train MSE: 0.6941, r (train): 0.7612, Test MSE: 0.4475, r (test): 0.1602
Epoch: 07, Training Loss: 0.0459, Train MSE: 0.0459, r (train): 0.7824, Test MSE: 0.0826, r (test): 0.1591
Epoch: 08, Training Loss: 0.0265, Train MSE: 0.0265, r (train): 0.7929, Test MSE: 0.1059, r (test): 0.1803
Epoch: 09, Training Loss: 0.0872, Train MSE: 0.0872, r (train): 0.8028, Test MSE: 0.0891, r (test): 0.0082
Epoch: 10, Training Loss: 0.0884, Train MSE: 0.0884, r (train): 0.7914, Test MSE: 0.2672, r (test): -0.0263
Epoch: 11, Training Loss: 0.0790, Train MSE: 0.0790, r (train): 0.7975, Test MSE: 0.2544, r (test): 0.1244
Epoch: 12, Training Loss: 0.0258, Train MSE: 0.0258, r (train): 0.8287, Test MSE: 0.1239, r (test): 0.1695
Epoch: 13, Training Loss: 0.3343, Train MSE: 0.3343, r (train): 0.7828, Test MSE: 0.2405, r (test): 0.0434
Epoch: 14, Training Loss: 0.0732, Train MSE: 0.0732, r (train): 0.8020, Test MSE: 0.2430, r (test): 0.0981
Epoch: 15, Training Loss: 0.0832, Train MSE: 0.0832, r (train): 0.7881, Test MSE: 0.2690, r (test): 0.1152
Epoch: 16, Training Loss: 0.0224, Train MSE: 0.0224, r (train): 0.8263, Test MSE: 0.0947, r (test): 0.2261
Epoch: 17, Training Loss: 0.0692, Train MSE: 0.0692, r (train): 0.8238, Test MSE: 0.0793, r (test): 0.0451
Epoch: 18, Training Loss: 0.0536, Train MSE: 0.0536, r (train): 0.7796, Test MSE: 0.2065, r (test): 0.0848
Epoch: 19, Training Loss: 0.0382, Train MSE: 0.0382, r (train): 0.8026, Test MSE: 0.1720, r (test): 0.1617
Epoch: 20, Training Loss: 0.0353, Train MSE: 0.0353, r (train): 0.8050, Test MSE: 0.1518, r (test): 0.2440
Epoch: 21, Training Loss: 0.0827, Train MSE: 0.0827, r (train): 0.8144, Test MSE: 0.0862, r (test): -0.0132
Epoch: 22, Training Loss: 0.1109, Train MSE: 0.1109, r (train): 0.7235, Test MSE: 0.2932, r (test): 0.1422
Epoch: 23, Training Loss: 0.0400, Train MSE: 0.0400, r (train): 0.7691, Test MSE: 0.1731, r (test): 0.1550
Epoch: 24, Training Loss: 0.0308, Train MSE: 0.0308, r (train): 0.7783, Test MSE: 0.1070, r (test): 0.2069
Epoch: 25, Training Loss: 0.0254, Train MSE: 0.0254, r (train): 0.8289, Test MSE: 0.0854, r (test): 0.0699
Epoch: 26, Training Loss: 0.0295, Train MSE: 0.0295, r (train): 0.7878, Test MSE: 0.0921, r (test): 0.1391
Epoch: 27, Training Loss: 0.0305, Train MSE: 0.0305, r (train): 0.7776, Test MSE: 0.1351, r (test): 0.0374
Epoch: 28, Training Loss: 0.0276, Train MSE: 0.0276, r (train): 0.7977, Test MSE: 0.1200, r (test): 0.2020
Epoch: 29, Training Loss: 0.0375, Train MSE: 0.0375, r (train): 0.7980, Test MSE: 0.0839, r (test): 0.0825
Epoch: 30, Training Loss: 0.0737, Train MSE: 0.0737, r (train): 0.8223, Test MSE: 0.0728, r (test): 0.1914
Epoch: 31, Training Loss: 0.0305, Train MSE: 0.0305, r (train): 0.8060, Test MSE: 0.0812, r (test): 0.0328
Epoch: 32, Training Loss: 0.0330, Train MSE: 0.0330, r (train): 0.8086, Test MSE: 0.0718, r (test): 0.2115
Epoch: 33, Training Loss: 0.0346, Train MSE: 0.0346, r (train): 0.7990, Test MSE: 0.1402, r (test): -0.0514
Epoch: 34, Training Loss: 0.0523, Train MSE: 0.0523, r (train): 0.7665, Test MSE: 0.0723, r (test): 0.2419
Epoch: 35, Training Loss: 0.0574, Train MSE: 0.0574, r (train): 0.7752, Test MSE: 0.2162, r (test): 0.0539
Epoch: 36, Training Loss: 0.0354, Train MSE: 0.0354, r (train): 0.7601, Test MSE: 0.1213, r (test): 0.2072
Epoch: 37, Training Loss: 0.0245, Train MSE: 0.0245, r (train): 0.8361, Test MSE: 0.0745, r (test): 0.1894
Epoch: 38, Training Loss: 0.0785, Train MSE: 0.0785, r (train): 0.7707, Test MSE: 0.0791, r (test): -0.0112
Epoch: 39, Training Loss: 0.0503, Train MSE: 0.0503, r (train): 0.7962, Test MSE: 0.0685, r (test): 0.1938
Epoch: 40, Training Loss: 0.1024, Train MSE: 0.1024, r (train): 0.7681, Test MSE: 0.2880, r (test): 0.1751
Epoch: 41, Training Loss: 0.0354, Train MSE: 0.0354, r (train): 0.7946, Test MSE: 0.1650, r (test): 0.1035
Epoch: 42, Training Loss: 0.0241, Train MSE: 0.0241, r (train): 0.8165, Test MSE: 0.1060, r (test): 0.2132
Epoch: 43, Training Loss: 0.0224, Train MSE: 0.0224, r (train): 0.8272, Test MSE: 0.1023, r (test): 0.0521
Epoch: 44, Training Loss: 0.0256, Train MSE: 0.0256, r (train): 0.8064, Test MSE: 0.1025, r (test): 0.0501
Epoch: 45, Training Loss: 0.0272, Train MSE: 0.0272, r (train): 0.8052, Test MSE: 0.1015, r (test): 0.1806
Epoch: 46, Training Loss: 0.0344, Train MSE: 0.0344, r (train): 0.8184, Test MSE: 0.0786, r (test): 0.0855
Epoch: 47, Training Loss: 0.0747, Train MSE: 0.0747, r (train): 0.8009, Test MSE: 0.0755, r (test): 0.0917
Epoch: 48, Training Loss: 0.0245, Train MSE: 0.0245, r (train): 0.8375, Test MSE: 0.1058, r (test): 0.2228
Epoch: 49, Training Loss: 0.1316, Train MSE: 0.1316, r (train): 0.6853, Test MSE: 0.1065, r (test): -0.1463
Epoch: 50, Training Loss: 0.1169, Train MSE: 0.1169, r (train): 0.7668, Test MSE: 0.0768, r (test): 0.2617
Epoch: 51, Training Loss: 0.0818, Train MSE: 0.0818, r (train): 0.7916, Test MSE: 0.2623, r (test): -0.0033
Epoch: 52, Training Loss: 0.0379, Train MSE: 0.0379, r (train): 0.7230, Test MSE: 0.1452, r (test): 0.2924
Epoch: 53, Training Loss: 0.0328, Train MSE: 0.0328, r (train): 0.8006, Test MSE: 0.1516, r (test): 0.0444
Epoch: 54, Training Loss: 0.0297, Train MSE: 0.0297, r (train): 0.8163, Test MSE: 0.1428, r (test): 0.1154
Epoch: 55, Training Loss: 0.0285, Train MSE: 0.0285, r (train): 0.7851, Test MSE: 0.1255, r (test): 0.0174
Epoch: 56, Training Loss: 0.0719, Train MSE: 0.0719, r (train): 0.7909, Test MSE: 0.0786, r (test): 0.1252
Epoch: 57, Training Loss: 0.0234, Train MSE: 0.0234, r (train): 0.8404, Test MSE: 0.0819, r (test): 0.1452
Epoch: 58, Training Loss: 0.2417, Train MSE: 0.2417, r (train): 0.7173, Test MSE: 0.1848, r (test): -0.1485
Epoch: 59, Training Loss: 0.0427, Train MSE: 0.0427, r (train): 0.7465, Test MSE: 0.1460, r (test): 0.3084
Epoch: 60, Training Loss: 0.0671, Train MSE: 0.0671, r (train): 0.7759, Test MSE: 0.2351, r (test): 0.0978
Epoch: 61, Training Loss: 0.0801, Train MSE: 0.0801, r (train): 0.7419, Test MSE: 0.2732, r (test): -0.0055
Epoch: 62, Training Loss: 0.0441, Train MSE: 0.0441, r (train): 0.7951, Test MSE: 0.1911, r (test): 0.1614
Epoch: 63, Training Loss: 0.0361, Train MSE: 0.0361, r (train): 0.8431, Test MSE: 0.0750, r (test): -0.0970
Epoch: 64, Training Loss: 0.0382, Train MSE: 0.0382, r (train): 0.8414, Test MSE: 0.0699, r (test): 0.0633
Epoch: 65, Training Loss: 0.2164, Train MSE: 0.2164, r (train): 0.7581, Test MSE: 0.1511, r (test): -0.0033
Epoch: 66, Training Loss: 0.1154, Train MSE: 0.1154, r (train): 0.7206, Test MSE: 0.2985, r (test): 0.2781
Epoch: 67, Training Loss: 0.0282, Train MSE: 0.0282, r (train): 0.8369, Test MSE: 0.1385, r (test): 0.1030
Epoch: 68, Training Loss: 0.0232, Train MSE: 0.0232, r (train): 0.8202, Test MSE: 0.0959, r (test): 0.1114
Epoch: 69, Training Loss: 0.0658, Train MSE: 0.0658, r (train): 0.8099, Test MSE: 0.0809, r (test): -0.0126
Epoch: 70, Training Loss: 0.0420, Train MSE: 0.0420, r (train): 0.8307, Test MSE: 0.0743, r (test): 0.1563
Epoch: 71, Training Loss: 0.0270, Train MSE: 0.0270, r (train): 0.8274, Test MSE: 0.1344, r (test): 0.0615
Epoch: 72, Training Loss: 0.0464, Train MSE: 0.0464, r (train): 0.7929, Test MSE: 0.1954, r (test): 0.0796
Epoch: 73, Training Loss: 0.0716, Train MSE: 0.0716, r (train): 0.7473, Test MSE: 0.2383, r (test): 0.1397
Epoch: 74, Training Loss: 0.0231, Train MSE: 0.0231, r (train): 0.8254, Test MSE: 0.1157, r (test): 0.1614
Epoch: 75, Training Loss: 0.1931, Train MSE: 0.1931, r (train): 0.7935, Test MSE: 0.1490, r (test): -0.0900
Epoch: 76, Training Loss: 0.0342, Train MSE: 0.0342, r (train): 0.8142, Test MSE: 0.1612, r (test): 0.1312
Epoch: 77, Training Loss: 0.0634, Train MSE: 0.0634, r (train): 0.7770, Test MSE: 0.2315, r (test): 0.1256
Epoch: 78, Training Loss: 0.0241, Train MSE: 0.0241, r (train): 0.8171, Test MSE: 0.1062, r (test): 0.2060
Epoch: 79, Training Loss: 0.0237, Train MSE: 0.0237, r (train): 0.8295, Test MSE: 0.1055, r (test): 0.0363
Epoch: 80, Training Loss: 0.2039, Train MSE: 0.2039, r (train): 0.7719, Test MSE: 0.1587, r (test): -0.1475
Epoch: 81, Training Loss: 0.0516, Train MSE: 0.0516, r (train): 0.7847, Test MSE: 0.2092, r (test): 0.1494
Epoch: 82, Training Loss: 0.0231, Train MSE: 0.0231, r (train): 0.8518, Test MSE: 0.1141, r (test): 0.1777
Epoch: 83, Training Loss: 0.0408, Train MSE: 0.0408, r (train): 0.8079, Test MSE: 0.0742, r (test): 0.0385
Epoch: 84, Training Loss: 0.0402, Train MSE: 0.0402, r (train): 0.7919, Test MSE: 0.1837, r (test): -0.0706
Epoch: 85, Training Loss: 0.0232, Train MSE: 0.0232, r (train): 0.8349, Test MSE: 0.0929, r (test): 0.0823
Epoch: 86, Training Loss: 0.0218, Train MSE: 0.0218, r (train): 0.8536, Test MSE: 0.0853, r (test): 0.0171
Epoch: 87, Training Loss: 0.0237, Train MSE: 0.0237, r (train): 0.8166, Test MSE: 0.1081, r (test): 0.1554
Epoch: 88, Training Loss: 0.0285, Train MSE: 0.0285, r (train): 0.8013, Test MSE: 0.1205, r (test): -0.0153
Epoch: 89, Training Loss: 0.0238, Train MSE: 0.0238, r (train): 0.8344, Test MSE: 0.1274, r (test): 0.0538
Epoch: 90, Training Loss: 0.0255, Train MSE: 0.0255, r (train): 0.8348, Test MSE: 0.0902, r (test): -0.0152
Epoch: 91, Training Loss: 0.0238, Train MSE: 0.0238, r (train): 0.8265, Test MSE: 0.0984, r (test): 0.2040
Epoch: 92, Training Loss: 0.0262, Train MSE: 0.0262, r (train): 0.8126, Test MSE: 0.0969, r (test): -0.0247
Epoch: 93, Training Loss: 0.0257, Train MSE: 0.0257, r (train): 0.8243, Test MSE: 0.1344, r (test): 0.0181
Epoch: 94, Training Loss: 0.0317, Train MSE: 0.0317, r (train): 0.8112, Test MSE: 0.1577, r (test): -0.0108
Epoch: 95, Training Loss: 0.0239, Train MSE: 0.0239, r (train): 0.8426, Test MSE: 0.0796, r (test): 0.1662
Epoch: 96, Training Loss: 0.0293, Train MSE: 0.0293, r (train): 0.8194, Test MSE: 0.0833, r (test): 0.1085
Epoch: 97, Training Loss: 0.0331, Train MSE: 0.0331, r (train): 0.7929, Test MSE: 0.1550, r (test): 0.0275
Epoch: 98, Training Loss: 0.0330, Train MSE: 0.0330, r (train): 0.8090, Test MSE: 0.1567, r (test): 0.0014
Epoch: 99, Training Loss: 0.0207, Train MSE: 0.0207, r (train): 0.8456, Test MSE: 0.0883, r (test): 0.0704
Predicted tensors for training set: 
tensor([0.7338, 0.0221, 0.5923, 0.5195, 0.7859, 0.5590, 0.2969, 0.5738, 0.6437,
        0.5267, 0.1174, 0.8256, 0.6480, 0.4995, 0.6139, 0.6789, 0.5306, 0.1815,
        1.0287, 0.6660, 0.4221, 0.4759, 0.6397, 0.4330, 0.6407, 0.4957, 0.4131,
        0.6066, 0.4644, 0.4880, 0.7801, 0.6674, 0.5607, 0.3845, 0.5771, 0.8003,
        0.8529, 0.2932, 0.6204, 0.4115, 0.8448, 0.8880, 0.0927, 0.2860, 0.5739,
        0.5765, 0.7242, 0.5113, 0.6750, 0.6349, 0.0969, 0.3708, 0.3365, 0.6721,
        0.4922, 0.5331, 0.5701, 0.6102, 0.2964, 0.6917, 0.6878, 0.7460, 0.1141,
        0.8197, 1.0102, 0.6302, 0.6576, 0.1244, 0.6011, 0.4867, 0.7502, 0.3216])
Target tensorsfor training set: 
tensor([0.8988, 0.1218, 0.7507, 0.6671, 0.8453, 0.5779, 0.2464, 0.5719, 0.5564,
        0.4513, 0.0478, 0.7791, 0.8391, 0.5658, 0.7372, 0.8556, 0.3309, 0.0246,
        0.8561, 0.4373, 0.0981, 0.1055, 0.2916, 0.1295, 0.6846, 0.4036, 0.3174,
        0.5780, 0.2255, 0.2594, 0.6240, 0.5220, 0.6577, 0.4341, 0.6576, 0.9535,
        0.7125, 0.1360, 0.5102, 0.2394, 0.8363, 0.8728, 0.0763, 0.2271, 0.5178,
        0.5573, 0.7497, 0.4440, 0.7371, 0.7171, 0.1294, 0.3829, 0.3077, 0.7270,
        0.5187, 0.5023, 0.7950, 0.8411, 0.4149, 0.9150, 0.6199, 0.6992, 0.0389,
        0.7596, 0.8524, 0.4526, 0.4654, 0.0636, 0.7462, 0.5783, 0.9621, 0.3453])
Correlation for training set: 0.8456387980286262
Predicted tensors for test set: 
tensor([0.5867, 0.6791, 0.6624, 0.4861, 0.5780, 0.5163, 0.4330, 0.4122, 0.4738,
        0.4667, 0.6342, 0.3306, 0.6025, 0.4889, 0.6268, 0.5318, 0.4699, 0.5822])
Target tensorsfor test set: 
tensor([0.2169, 0.4818, 0.9127, 0.9072, 0.5300, 0.2649, 0.9656, 0.6595, 0.7144,
        0.4993, 0.9215, 0.6465, 0.4640, 0.7901, 0.9492, 0.8418, 0.1493, 0.9117])
Correlation for test set: 0.07044082044782135
18 5
Fold 3
Epoch: 00, Training Loss: 0.0818, Train MSE: 0.0818, r (train): -0.0841, Test MSE: 0.0610, r (test): -0.3981
Epoch: 01, Training Loss: 0.1133, Train MSE: 0.1133, r (train): -0.1177, Test MSE: 0.0689, r (test): -0.4710
Epoch: 02, Training Loss: 0.2322, Train MSE: 0.2322, r (train): 0.5866, Test MSE: 0.1434, r (test): 0.1800
Epoch: 03, Training Loss: 0.1277, Train MSE: 0.1277, r (train): 0.6002, Test MSE: 0.2028, r (test): 0.5039
Epoch: 04, Training Loss: 0.1285, Train MSE: 0.1285, r (train): 0.7009, Test MSE: 0.0855, r (test): 0.4582
Epoch: 05, Training Loss: 2.2662, Train MSE: 2.2662, r (train): 0.6345, Test MSE: 2.6653, r (test): 0.5000
Epoch: 06, Training Loss: 0.0339, Train MSE: 0.0339, r (train): 0.7414, Test MSE: 0.0623, r (test): 0.4112
Epoch: 07, Training Loss: 0.1006, Train MSE: 0.1006, r (train): 0.7529, Test MSE: 0.0784, r (test): 0.3502
Epoch: 08, Training Loss: 0.0325, Train MSE: 0.0325, r (train): 0.7537, Test MSE: 0.0694, r (test): 0.4895
Epoch: 09, Training Loss: 0.0621, Train MSE: 0.0621, r (train): 0.7637, Test MSE: 0.1326, r (test): 0.5396
Epoch: 10, Training Loss: 0.1082, Train MSE: 0.1082, r (train): 0.7717, Test MSE: 0.2167, r (test): 0.5256
Epoch: 11, Training Loss: 0.0912, Train MSE: 0.0912, r (train): 0.7614, Test MSE: 0.0698, r (test): 0.4029
Epoch: 12, Training Loss: 0.0516, Train MSE: 0.0516, r (train): 0.7607, Test MSE: 0.0518, r (test): 0.4115
Epoch: 13, Training Loss: 0.0355, Train MSE: 0.0355, r (train): 0.7555, Test MSE: 0.0479, r (test): 0.4837
Epoch: 14, Training Loss: 0.1156, Train MSE: 0.1156, r (train): 0.7303, Test MSE: 0.2173, r (test): 0.5722
Epoch: 15, Training Loss: 0.0455, Train MSE: 0.0455, r (train): 0.7534, Test MSE: 0.0970, r (test): 0.4548
Epoch: 16, Training Loss: 0.1869, Train MSE: 0.1869, r (train): 0.7556, Test MSE: 0.2968, r (test): 0.5047
Epoch: 17, Training Loss: 0.0603, Train MSE: 0.0603, r (train): 0.7297, Test MSE: 0.0516, r (test): 0.4365
Epoch: 18, Training Loss: 0.0324, Train MSE: 0.0324, r (train): 0.7526, Test MSE: 0.0659, r (test): 0.4715
Epoch: 19, Training Loss: 0.0595, Train MSE: 0.0595, r (train): 0.7098, Test MSE: 0.0496, r (test): 0.4733
Epoch: 20, Training Loss: 0.1324, Train MSE: 0.1324, r (train): 0.7362, Test MSE: 0.2311, r (test): 0.4629
Epoch: 21, Training Loss: 0.0457, Train MSE: 0.0457, r (train): 0.7143, Test MSE: 0.0504, r (test): 0.4107
Epoch: 22, Training Loss: 0.0376, Train MSE: 0.0376, r (train): 0.7282, Test MSE: 0.0758, r (test): 0.4592
Epoch: 23, Training Loss: 0.0561, Train MSE: 0.0561, r (train): 0.7293, Test MSE: 0.0504, r (test): 0.4526
Epoch: 24, Training Loss: 0.0423, Train MSE: 0.0423, r (train): 0.7618, Test MSE: 0.1061, r (test): 0.4359
Epoch: 25, Training Loss: 0.0371, Train MSE: 0.0371, r (train): 0.7085, Test MSE: 0.0593, r (test): 0.5215
Epoch: 26, Training Loss: 0.0339, Train MSE: 0.0339, r (train): 0.7521, Test MSE: 0.0811, r (test): 0.3879
Epoch: 27, Training Loss: 0.0348, Train MSE: 0.0348, r (train): 0.7306, Test MSE: 0.0728, r (test): 0.3648
Epoch: 28, Training Loss: 0.0430, Train MSE: 0.0430, r (train): 0.7073, Test MSE: 0.0751, r (test): 0.2853
Epoch: 29, Training Loss: 0.0675, Train MSE: 0.0675, r (train): 0.6914, Test MSE: 0.0747, r (test): 0.1186
Epoch: 30, Training Loss: 0.0798, Train MSE: 0.0798, r (train): 0.6856, Test MSE: 0.0654, r (test): 0.2193
Epoch: 31, Training Loss: 0.0469, Train MSE: 0.0469, r (train): 0.7382, Test MSE: 0.0514, r (test): 0.3924
Epoch: 32, Training Loss: 0.2589, Train MSE: 0.2589, r (train): 0.7101, Test MSE: 0.4058, r (test): 0.4825
Epoch: 33, Training Loss: 0.0436, Train MSE: 0.0436, r (train): 0.7643, Test MSE: 0.0578, r (test): 0.2701
Epoch: 34, Training Loss: 0.0948, Train MSE: 0.0948, r (train): 0.7581, Test MSE: 0.1895, r (test): 0.3970
Epoch: 35, Training Loss: 0.0654, Train MSE: 0.0654, r (train): 0.6969, Test MSE: 0.0728, r (test): 0.1563
Epoch: 36, Training Loss: 0.0435, Train MSE: 0.0435, r (train): 0.6954, Test MSE: 0.0581, r (test): 0.2975
Epoch: 37, Training Loss: 0.0321, Train MSE: 0.0321, r (train): 0.7683, Test MSE: 0.0653, r (test): 0.5167
Epoch: 38, Training Loss: 0.0348, Train MSE: 0.0348, r (train): 0.7520, Test MSE: 0.0552, r (test): 0.4132
Epoch: 39, Training Loss: 0.0432, Train MSE: 0.0432, r (train): 0.7709, Test MSE: 0.0649, r (test): 0.2378
Epoch: 40, Training Loss: 0.0405, Train MSE: 0.0405, r (train): 0.7428, Test MSE: 0.0943, r (test): 0.3702
Epoch: 41, Training Loss: 0.0446, Train MSE: 0.0446, r (train): 0.7621, Test MSE: 0.1055, r (test): 0.4357
Epoch: 42, Training Loss: 0.0945, Train MSE: 0.0945, r (train): 0.7550, Test MSE: 0.1916, r (test): 0.4176
Epoch: 43, Training Loss: 0.0363, Train MSE: 0.0363, r (train): 0.7531, Test MSE: 0.0812, r (test): 0.3772
Epoch: 44, Training Loss: 0.0717, Train MSE: 0.0717, r (train): 0.7677, Test MSE: 0.1680, r (test): 0.4664
Epoch: 45, Training Loss: 0.0541, Train MSE: 0.0541, r (train): 0.7466, Test MSE: 0.0565, r (test): 0.3161
Epoch: 46, Training Loss: 0.1226, Train MSE: 0.1226, r (train): 0.6971, Test MSE: 0.1029, r (test): 0.1837
Epoch: 47, Training Loss: 0.0327, Train MSE: 0.0327, r (train): 0.7619, Test MSE: 0.0815, r (test): 0.3614
Epoch: 48, Training Loss: 0.1018, Train MSE: 0.1018, r (train): 0.7508, Test MSE: 0.2035, r (test): 0.4845
Epoch: 49, Training Loss: 0.0406, Train MSE: 0.0406, r (train): 0.7268, Test MSE: 0.0740, r (test): 0.3062
Epoch: 50, Training Loss: 0.1044, Train MSE: 0.1044, r (train): 0.6971, Test MSE: 0.0928, r (test): 0.1828
Epoch: 51, Training Loss: 0.0436, Train MSE: 0.0436, r (train): 0.7355, Test MSE: 0.0603, r (test): 0.2588
Epoch: 52, Training Loss: 0.0414, Train MSE: 0.0414, r (train): 0.7672, Test MSE: 0.1012, r (test): 0.3800
Epoch: 53, Training Loss: 0.0399, Train MSE: 0.0399, r (train): 0.7630, Test MSE: 0.1030, r (test): 0.3482
Epoch: 54, Training Loss: 0.0358, Train MSE: 0.0358, r (train): 0.7716, Test MSE: 0.0934, r (test): 0.3950
Epoch: 55, Training Loss: 0.0409, Train MSE: 0.0409, r (train): 0.7524, Test MSE: 0.0588, r (test): 0.3071
Epoch: 56, Training Loss: 0.0507, Train MSE: 0.0507, r (train): 0.7406, Test MSE: 0.0592, r (test): 0.2676
Epoch: 57, Training Loss: 0.0359, Train MSE: 0.0359, r (train): 0.7449, Test MSE: 0.0643, r (test): 0.2823
Epoch: 58, Training Loss: 0.0524, Train MSE: 0.0524, r (train): 0.7637, Test MSE: 0.1294, r (test): 0.4061
Epoch: 59, Training Loss: 0.0334, Train MSE: 0.0334, r (train): 0.7648, Test MSE: 0.0760, r (test): 0.3601
Epoch: 60, Training Loss: 0.0428, Train MSE: 0.0428, r (train): 0.7507, Test MSE: 0.0578, r (test): 0.3078
Epoch: 61, Training Loss: 0.0418, Train MSE: 0.0418, r (train): 0.7465, Test MSE: 0.0584, r (test): 0.2958
Epoch: 62, Training Loss: 0.0358, Train MSE: 0.0358, r (train): 0.7449, Test MSE: 0.0733, r (test): 0.3157
Epoch: 63, Training Loss: 0.0401, Train MSE: 0.0401, r (train): 0.7597, Test MSE: 0.0973, r (test): 0.3839
Epoch: 64, Training Loss: 0.0329, Train MSE: 0.0329, r (train): 0.7652, Test MSE: 0.0749, r (test): 0.3811
Epoch: 65, Training Loss: 0.0336, Train MSE: 0.0336, r (train): 0.7603, Test MSE: 0.0646, r (test): 0.3494
Epoch: 66, Training Loss: 0.0396, Train MSE: 0.0396, r (train): 0.7452, Test MSE: 0.0601, r (test): 0.3021
Epoch: 67, Training Loss: 0.0360, Train MSE: 0.0360, r (train): 0.7410, Test MSE: 0.0670, r (test): 0.3109
Epoch: 68, Training Loss: 0.0404, Train MSE: 0.0404, r (train): 0.7566, Test MSE: 0.0991, r (test): 0.4022
Epoch: 69, Training Loss: 0.0340, Train MSE: 0.0340, r (train): 0.7610, Test MSE: 0.0678, r (test): 0.3724
Epoch: 70, Training Loss: 0.0412, Train MSE: 0.0412, r (train): 0.7487, Test MSE: 0.0588, r (test): 0.3092
Epoch: 71, Training Loss: 0.0376, Train MSE: 0.0376, r (train): 0.7469, Test MSE: 0.0597, r (test): 0.3114
Epoch: 72, Training Loss: 0.0343, Train MSE: 0.0343, r (train): 0.7477, Test MSE: 0.0720, r (test): 0.3417
Epoch: 73, Training Loss: 0.0476, Train MSE: 0.0476, r (train): 0.7428, Test MSE: 0.1024, r (test): 0.3810
Epoch: 74, Training Loss: 0.0472, Train MSE: 0.0472, r (train): 0.7417, Test MSE: 0.0568, r (test): 0.3088
Epoch: 75, Training Loss: 0.0323, Train MSE: 0.0323, r (train): 0.7577, Test MSE: 0.0685, r (test): 0.3695
Epoch: 76, Training Loss: 0.0355, Train MSE: 0.0355, r (train): 0.7595, Test MSE: 0.0935, r (test): 0.4023
Epoch: 77, Training Loss: 0.0498, Train MSE: 0.0498, r (train): 0.7167, Test MSE: 0.0608, r (test): 0.2471
Epoch: 78, Training Loss: 0.0358, Train MSE: 0.0358, r (train): 0.7392, Test MSE: 0.0706, r (test): 0.3209
Epoch: 79, Training Loss: 0.0331, Train MSE: 0.0331, r (train): 0.7695, Test MSE: 0.0808, r (test): 0.4262
Epoch: 80, Training Loss: 0.0362, Train MSE: 0.0362, r (train): 0.7611, Test MSE: 0.0866, r (test): 0.3904
Epoch: 81, Training Loss: 0.0682, Train MSE: 0.0682, r (train): 0.7184, Test MSE: 0.0631, r (test): 0.2686
Epoch: 82, Training Loss: 0.0423, Train MSE: 0.0423, r (train): 0.7392, Test MSE: 0.0582, r (test): 0.2754
Epoch: 83, Training Loss: 0.0433, Train MSE: 0.0433, r (train): 0.7602, Test MSE: 0.1139, r (test): 0.4113
Epoch: 84, Training Loss: 0.0383, Train MSE: 0.0383, r (train): 0.7442, Test MSE: 0.0700, r (test): 0.3541
Epoch: 85, Training Loss: 0.0394, Train MSE: 0.0394, r (train): 0.7374, Test MSE: 0.0599, r (test): 0.3270
Epoch: 86, Training Loss: 0.0333, Train MSE: 0.0333, r (train): 0.7596, Test MSE: 0.0635, r (test): 0.3908
Epoch: 87, Training Loss: 0.0327, Train MSE: 0.0327, r (train): 0.7624, Test MSE: 0.0739, r (test): 0.3719
Epoch: 88, Training Loss: 0.0381, Train MSE: 0.0381, r (train): 0.7492, Test MSE: 0.0608, r (test): 0.3368
Epoch: 89, Training Loss: 0.0394, Train MSE: 0.0394, r (train): 0.7350, Test MSE: 0.0590, r (test): 0.2650
Epoch: 90, Training Loss: 0.0447, Train MSE: 0.0447, r (train): 0.7597, Test MSE: 0.1133, r (test): 0.4026
Epoch: 91, Training Loss: 0.0367, Train MSE: 0.0367, r (train): 0.7505, Test MSE: 0.0655, r (test): 0.3475
Epoch: 92, Training Loss: 0.0471, Train MSE: 0.0471, r (train): 0.7316, Test MSE: 0.0574, r (test): 0.3068
Epoch: 93, Training Loss: 0.0402, Train MSE: 0.0402, r (train): 0.7554, Test MSE: 0.0546, r (test): 0.3660
Epoch: 94, Training Loss: 0.0339, Train MSE: 0.0339, r (train): 0.7568, Test MSE: 0.0830, r (test): 0.3591
Epoch: 95, Training Loss: 0.0392, Train MSE: 0.0392, r (train): 0.7593, Test MSE: 0.0917, r (test): 0.3756
Epoch: 96, Training Loss: 0.0367, Train MSE: 0.0367, r (train): 0.7402, Test MSE: 0.0584, r (test): 0.2902
Epoch: 97, Training Loss: 0.0487, Train MSE: 0.0487, r (train): 0.7651, Test MSE: 0.1249, r (test): 0.4322
Epoch: 98, Training Loss: 0.0418, Train MSE: 0.0418, r (train): 0.7512, Test MSE: 0.0562, r (test): 0.3171
Epoch: 99, Training Loss: 0.0728, Train MSE: 0.0728, r (train): 0.7128, Test MSE: 0.0653, r (test): 0.2443
Predicted tensors for training set: 
tensor([ 5.9452e-01, -3.8161e-02,  4.3270e-01,  3.1811e-01,  6.8110e-01,
         4.2679e-01,  1.0352e-01,  3.6058e-01,  5.3148e-01,  3.4562e-01,
        -7.6402e-03,  8.1251e-01,  4.1509e-01,  1.8926e-01,  3.6951e-01,
         4.0942e-01,  5.9218e-01,  1.0284e-01,  3.0286e-01,  1.0117e+00,
         6.0630e-01,  6.2801e-01,  2.1798e-01,  5.4207e-02,  3.8861e-01,
         2.0149e-01,  1.8967e-01,  7.8349e-02,  6.7272e-01,  3.3636e-01,
         1.4592e-01,  5.2885e-01,  5.2069e-01,  4.4613e-01, -1.0236e-01,
         4.5316e-01,  8.7912e-01,  1.4702e-01,  6.2081e-01,  2.2623e-01,
         7.6217e-01,  7.9729e-01, -3.5008e-02,  6.5887e-02,  3.9119e-01,
         4.3241e-01,  6.1588e-01,  2.8642e-01,  6.4217e-01,  6.4106e-01,
        -2.8358e-04,  2.2221e-01,  2.0352e-01,  5.7774e-01,  4.0836e-01,
         3.8635e-01,  3.6523e-01,  3.7594e-01,  1.2144e-01,  4.9967e-01,
         5.1388e-01,  6.4408e-01, -5.1880e-02,  6.7766e-01,  1.0056e+00,
         5.0115e-01,  5.2131e-01,  5.9943e-02,  3.0798e-01,  2.1509e-01,
         6.2312e-01,  8.9329e-02])
Target tensorsfor training set: 
tensor([0.8988, 0.1218, 0.7507, 0.6671, 0.8453, 0.5779, 0.2464, 0.5719, 0.5564,
        0.4513, 0.0478, 0.7791, 0.8391, 0.5658, 0.7372, 0.8556, 0.3309, 0.0246,
        0.2169, 0.4818, 0.9127, 0.9072, 0.5300, 0.2649, 0.9656, 0.6595, 0.7144,
        0.4993, 0.9215, 0.6465, 0.4640, 0.7901, 0.9492, 0.8418, 0.1493, 0.9117,
        0.7125, 0.1360, 0.5102, 0.2394, 0.8363, 0.8728, 0.0763, 0.2271, 0.5178,
        0.5573, 0.7497, 0.4440, 0.7371, 0.7171, 0.1294, 0.3829, 0.3077, 0.7270,
        0.5187, 0.5023, 0.7950, 0.8411, 0.4149, 0.9150, 0.6199, 0.6992, 0.0389,
        0.7596, 0.8524, 0.4526, 0.4654, 0.0636, 0.7462, 0.5783, 0.9621, 0.3453])
Correlation for training set: 0.7127656327565322
Predicted tensors for test set: 
tensor([0.3742, 0.5084, 0.4615, 0.1184, 0.3014, 0.2070, 0.5026, 0.4341, 0.3727,
        0.3865, 0.3692, 0.5699, 0.5907, 0.3542, 0.2209, 0.3799, 0.4805, 0.3586])
Target tensorsfor test set: 
tensor([0.8561, 0.4373, 0.0981, 0.1055, 0.2916, 0.1295, 0.6846, 0.4036, 0.3174,
        0.5780, 0.2255, 0.2594, 0.6240, 0.5220, 0.6577, 0.4341, 0.6576, 0.9535])
Correlation for test set: 0.2442929560529603
18 5
Fold 4
Epoch: 00, Training Loss: 0.1743, Train MSE: 0.1743, r (train): -0.2056, Test MSE: 0.1264, r (test): 0.0063
Epoch: 01, Training Loss: 0.2921, Train MSE: 0.2921, r (train): 0.0845, Test MSE: 0.2235, r (test): 0.2931
Epoch: 02, Training Loss: 0.4378, Train MSE: 0.4378, r (train): 0.5714, Test MSE: 0.3683, r (test): -0.1664
Epoch: 03, Training Loss: 0.1907, Train MSE: 0.1907, r (train): 0.7406, Test MSE: 0.1947, r (test): -0.0132
Epoch: 04, Training Loss: 0.2980, Train MSE: 0.2980, r (train): 0.6625, Test MSE: 0.3675, r (test): -0.4137
Epoch: 05, Training Loss: 0.0932, Train MSE: 0.0932, r (train): 0.6856, Test MSE: 0.1573, r (test): -0.2655
Epoch: 06, Training Loss: 0.1216, Train MSE: 0.1216, r (train): 0.7670, Test MSE: 0.2052, r (test): -0.2246
Epoch: 07, Training Loss: 0.3601, Train MSE: 0.3601, r (train): 0.7602, Test MSE: 0.4379, r (test): -0.2997
Epoch: 08, Training Loss: 0.0343, Train MSE: 0.0343, r (train): 0.7434, Test MSE: 0.1088, r (test): -0.3768
Epoch: 09, Training Loss: 0.1026, Train MSE: 0.1026, r (train): 0.7708, Test MSE: 0.1447, r (test): -0.1105
Epoch: 10, Training Loss: 0.0338, Train MSE: 0.0338, r (train): 0.7649, Test MSE: 0.1024, r (test): -0.2984
Epoch: 11, Training Loss: 0.0333, Train MSE: 0.0333, r (train): 0.7488, Test MSE: 0.1009, r (test): -0.3229
Epoch: 12, Training Loss: 0.0455, Train MSE: 0.0455, r (train): 0.7868, Test MSE: 0.0954, r (test): -0.1601
Epoch: 13, Training Loss: 0.0431, Train MSE: 0.0431, r (train): 0.7203, Test MSE: 0.1029, r (test): -0.3190
Epoch: 14, Training Loss: 0.0871, Train MSE: 0.0871, r (train): 0.7244, Test MSE: 0.1301, r (test): -0.2526
Epoch: 15, Training Loss: 0.0348, Train MSE: 0.0348, r (train): 0.7251, Test MSE: 0.0889, r (test): -0.2463
Epoch: 16, Training Loss: 0.0730, Train MSE: 0.0730, r (train): 0.7160, Test MSE: 0.1373, r (test): -0.2887
Epoch: 17, Training Loss: 0.1681, Train MSE: 0.1681, r (train): 0.6612, Test MSE: 0.1693, r (test): -0.0641
Epoch: 18, Training Loss: 0.3049, Train MSE: 0.3049, r (train): 0.6908, Test MSE: 0.3790, r (test): -0.4242
Epoch: 19, Training Loss: 0.0505, Train MSE: 0.0505, r (train): 0.6781, Test MSE: 0.0962, r (test): -0.2260
Epoch: 20, Training Loss: 0.0410, Train MSE: 0.0410, r (train): 0.6688, Test MSE: 0.0871, r (test): -0.2356
Epoch: 21, Training Loss: 0.0409, Train MSE: 0.0409, r (train): 0.7099, Test MSE: 0.0943, r (test): -0.1826
Epoch: 22, Training Loss: 0.0820, Train MSE: 0.0820, r (train): 0.6213, Test MSE: 0.1137, r (test): -0.1442
Epoch: 23, Training Loss: 0.0991, Train MSE: 0.0991, r (train): 0.6839, Test MSE: 0.1596, r (test): -0.3629
Epoch: 24, Training Loss: 0.0421, Train MSE: 0.0421, r (train): 0.7010, Test MSE: 0.0962, r (test): -0.2365
Epoch: 25, Training Loss: 0.1210, Train MSE: 0.1210, r (train): 0.7036, Test MSE: 0.1775, r (test): -0.2583
Epoch: 26, Training Loss: 0.1352, Train MSE: 0.1352, r (train): 0.6291, Test MSE: 0.1490, r (test): -0.1818
Epoch: 27, Training Loss: 0.3405, Train MSE: 0.3405, r (train): 0.7030, Test MSE: 0.4108, r (test): -0.3184
Epoch: 28, Training Loss: 0.0426, Train MSE: 0.0426, r (train): 0.6885, Test MSE: 0.0904, r (test): -0.2484
Epoch: 29, Training Loss: 0.0477, Train MSE: 0.0477, r (train): 0.6796, Test MSE: 0.0931, r (test): -0.2556
Epoch: 30, Training Loss: 0.0511, Train MSE: 0.0511, r (train): 0.6852, Test MSE: 0.1089, r (test): -0.3276
Epoch: 31, Training Loss: 0.0417, Train MSE: 0.0417, r (train): 0.7239, Test MSE: 0.0896, r (test): -0.2267
Epoch: 32, Training Loss: 0.0548, Train MSE: 0.0548, r (train): 0.7114, Test MSE: 0.1093, r (test): -0.2308
Epoch: 33, Training Loss: 0.0416, Train MSE: 0.0416, r (train): 0.6788, Test MSE: 0.0892, r (test): -0.3037
Epoch: 34, Training Loss: 0.0423, Train MSE: 0.0423, r (train): 0.6938, Test MSE: 0.0875, r (test): -0.1701
Epoch: 35, Training Loss: 0.1165, Train MSE: 0.1165, r (train): 0.7032, Test MSE: 0.1810, r (test): -0.3328
Epoch: 36, Training Loss: 0.0511, Train MSE: 0.0511, r (train): 0.7018, Test MSE: 0.0907, r (test): -0.1994
Epoch: 37, Training Loss: 0.0387, Train MSE: 0.0387, r (train): 0.6913, Test MSE: 0.0830, r (test): -0.1687
Epoch: 38, Training Loss: 0.0421, Train MSE: 0.0421, r (train): 0.7634, Test MSE: 0.1032, r (test): -0.1414
Epoch: 39, Training Loss: 0.0628, Train MSE: 0.0628, r (train): 0.6522, Test MSE: 0.1068, r (test): -0.2501
Epoch: 40, Training Loss: 0.0497, Train MSE: 0.0497, r (train): 0.6513, Test MSE: 0.0904, r (test): -0.1745
Epoch: 41, Training Loss: 0.1226, Train MSE: 0.1226, r (train): 0.6873, Test MSE: 0.1940, r (test): -0.2661
Epoch: 42, Training Loss: 0.0744, Train MSE: 0.0744, r (train): 0.7058, Test MSE: 0.1303, r (test): -0.1421
Epoch: 43, Training Loss: 0.1762, Train MSE: 0.1762, r (train): 0.6851, Test MSE: 0.1790, r (test): -0.0805
Epoch: 44, Training Loss: 0.1719, Train MSE: 0.1719, r (train): 0.7567, Test MSE: 0.2376, r (test): -0.1357
Epoch: 45, Training Loss: 0.0522, Train MSE: 0.0522, r (train): 0.6183, Test MSE: 0.0929, r (test): -0.1822
Epoch: 46, Training Loss: 0.0523, Train MSE: 0.0523, r (train): 0.7035, Test MSE: 0.0962, r (test): -0.2596
Epoch: 47, Training Loss: 0.0649, Train MSE: 0.0649, r (train): 0.5873, Test MSE: 0.0947, r (test): -0.2334
Epoch: 48, Training Loss: 0.0617, Train MSE: 0.0617, r (train): 0.6863, Test MSE: 0.1271, r (test): -0.3683
Epoch: 49, Training Loss: 0.0351, Train MSE: 0.0351, r (train): 0.7272, Test MSE: 0.0854, r (test): -0.1766
Epoch: 50, Training Loss: 0.0449, Train MSE: 0.0449, r (train): 0.6922, Test MSE: 0.0870, r (test): -0.1304
Epoch: 51, Training Loss: 0.0468, Train MSE: 0.0468, r (train): 0.6899, Test MSE: 0.0902, r (test): -0.2029
Epoch: 52, Training Loss: 0.0519, Train MSE: 0.0519, r (train): 0.6439, Test MSE: 0.0986, r (test): -0.2497
Epoch: 53, Training Loss: 0.0436, Train MSE: 0.0436, r (train): 0.6728, Test MSE: 0.0892, r (test): -0.2155
Epoch: 54, Training Loss: 0.0373, Train MSE: 0.0373, r (train): 0.7152, Test MSE: 0.0829, r (test): -0.1432
Epoch: 55, Training Loss: 0.0483, Train MSE: 0.0483, r (train): 0.7157, Test MSE: 0.1008, r (test): -0.1963
Epoch: 56, Training Loss: 0.0449, Train MSE: 0.0449, r (train): 0.6864, Test MSE: 0.0869, r (test): -0.2024
Epoch: 57, Training Loss: 0.0628, Train MSE: 0.0628, r (train): 0.6314, Test MSE: 0.0974, r (test): -0.2059
Epoch: 58, Training Loss: 0.0403, Train MSE: 0.0403, r (train): 0.6861, Test MSE: 0.0854, r (test): -0.2199
Epoch: 59, Training Loss: 0.0763, Train MSE: 0.0763, r (train): 0.7310, Test MSE: 0.1378, r (test): -0.2212
Epoch: 60, Training Loss: 0.0676, Train MSE: 0.0676, r (train): 0.6598, Test MSE: 0.1057, r (test): -0.1690
Epoch: 61, Training Loss: 0.0478, Train MSE: 0.0478, r (train): 0.6785, Test MSE: 0.0883, r (test): -0.2382
Epoch: 62, Training Loss: 0.0469, Train MSE: 0.0469, r (train): 0.6623, Test MSE: 0.0963, r (test): -0.2521
Epoch: 63, Training Loss: 0.0444, Train MSE: 0.0444, r (train): 0.7234, Test MSE: 0.0922, r (test): -0.1586
Epoch: 64, Training Loss: 0.0634, Train MSE: 0.0634, r (train): 0.6640, Test MSE: 0.1012, r (test): -0.1504
Epoch: 65, Training Loss: 0.0396, Train MSE: 0.0396, r (train): 0.6826, Test MSE: 0.0829, r (test): -0.2015
Epoch: 66, Training Loss: 0.1546, Train MSE: 0.1546, r (train): 0.6841, Test MSE: 0.2221, r (test): -0.2856
Epoch: 67, Training Loss: 0.1103, Train MSE: 0.1103, r (train): 0.6159, Test MSE: 0.1382, r (test): -0.1199
Epoch: 68, Training Loss: 0.0410, Train MSE: 0.0410, r (train): 0.6931, Test MSE: 0.0841, r (test): -0.2089
Epoch: 69, Training Loss: 0.0683, Train MSE: 0.0683, r (train): 0.7044, Test MSE: 0.1279, r (test): -0.2619
Epoch: 70, Training Loss: 0.0621, Train MSE: 0.0621, r (train): 0.6524, Test MSE: 0.0977, r (test): -0.1253
Epoch: 71, Training Loss: 0.0434, Train MSE: 0.0434, r (train): 0.6731, Test MSE: 0.0836, r (test): -0.1549
Epoch: 72, Training Loss: 0.0463, Train MSE: 0.0463, r (train): 0.7099, Test MSE: 0.0955, r (test): -0.1976
Epoch: 73, Training Loss: 0.0402, Train MSE: 0.0402, r (train): 0.7132, Test MSE: 0.0883, r (test): -0.2154
Epoch: 74, Training Loss: 0.0488, Train MSE: 0.0488, r (train): 0.6809, Test MSE: 0.0897, r (test): -0.2196
Epoch: 75, Training Loss: 0.0446, Train MSE: 0.0446, r (train): 0.6749, Test MSE: 0.0879, r (test): -0.1818
Epoch: 76, Training Loss: 0.0461, Train MSE: 0.0461, r (train): 0.6908, Test MSE: 0.0911, r (test): -0.1493
Epoch: 77, Training Loss: 0.0390, Train MSE: 0.0390, r (train): 0.7137, Test MSE: 0.0868, r (test): -0.2129
Epoch: 78, Training Loss: 0.0396, Train MSE: 0.0396, r (train): 0.7096, Test MSE: 0.0896, r (test): -0.2569
Epoch: 79, Training Loss: 0.0489, Train MSE: 0.0489, r (train): 0.6832, Test MSE: 0.0894, r (test): -0.2050
Epoch: 80, Training Loss: 0.0452, Train MSE: 0.0452, r (train): 0.6738, Test MSE: 0.0871, r (test): -0.1592
Epoch: 81, Training Loss: 0.0530, Train MSE: 0.0530, r (train): 0.6874, Test MSE: 0.1010, r (test): -0.1601
Epoch: 82, Training Loss: 0.0396, Train MSE: 0.0396, r (train): 0.7186, Test MSE: 0.0887, r (test): -0.2260
Epoch: 83, Training Loss: 0.0443, Train MSE: 0.0443, r (train): 0.7005, Test MSE: 0.0879, r (test): -0.2492
Epoch: 84, Training Loss: 0.0408, Train MSE: 0.0408, r (train): 0.6959, Test MSE: 0.0849, r (test): -0.2140
Epoch: 85, Training Loss: 0.0569, Train MSE: 0.0569, r (train): 0.6810, Test MSE: 0.1016, r (test): -0.1484
Epoch: 86, Training Loss: 0.0442, Train MSE: 0.0442, r (train): 0.6925, Test MSE: 0.0895, r (test): -0.1764
Epoch: 87, Training Loss: 0.0392, Train MSE: 0.0392, r (train): 0.7141, Test MSE: 0.0894, r (test): -0.2309
Epoch: 88, Training Loss: 0.0396, Train MSE: 0.0396, r (train): 0.7058, Test MSE: 0.0859, r (test): -0.2624
Epoch: 89, Training Loss: 0.0464, Train MSE: 0.0464, r (train): 0.6893, Test MSE: 0.0874, r (test): -0.1791
Epoch: 90, Training Loss: 0.0461, Train MSE: 0.0461, r (train): 0.6651, Test MSE: 0.0863, r (test): -0.1604
Epoch: 91, Training Loss: 0.0596, Train MSE: 0.0596, r (train): 0.6962, Test MSE: 0.1134, r (test): -0.1997
Epoch: 92, Training Loss: 0.0501, Train MSE: 0.0501, r (train): 0.6938, Test MSE: 0.0924, r (test): -0.1902
Epoch: 93, Training Loss: 0.0442, Train MSE: 0.0442, r (train): 0.7011, Test MSE: 0.0870, r (test): -0.2536
Epoch: 94, Training Loss: 0.0373, Train MSE: 0.0373, r (train): 0.7060, Test MSE: 0.0846, r (test): -0.2447
Epoch: 95, Training Loss: 0.0602, Train MSE: 0.0602, r (train): 0.6796, Test MSE: 0.1036, r (test): -0.1583
Epoch: 96, Training Loss: 0.0544, Train MSE: 0.0544, r (train): 0.6597, Test MSE: 0.0940, r (test): -0.1503
Epoch: 97, Training Loss: 0.0400, Train MSE: 0.0400, r (train): 0.6955, Test MSE: 0.0880, r (test): -0.2051
Epoch: 98, Training Loss: 0.0765, Train MSE: 0.0765, r (train): 0.7102, Test MSE: 0.1467, r (test): -0.3394
Epoch: 99, Training Loss: 0.0679, Train MSE: 0.0679, r (train): 0.6862, Test MSE: 0.1060, r (test): -0.1822
Predicted tensors for training set: 
tensor([ 0.5342, -0.0033,  0.4700,  0.3255,  0.6918,  0.3952,  0.1364,  0.4046,
         0.5611,  0.4520,  0.0585,  0.7718,  0.5144,  0.2445,  0.4295,  0.4864,
         0.5504,  0.1958,  0.4090,  1.0645,  0.6092,  0.6259,  0.2367,  0.0833,
         0.4319,  0.2111,  0.2824,  0.1594,  0.6366,  0.3226,  0.1849,  0.4817,
         0.5134,  0.4006, -0.0261,  0.4482,  0.9713,  0.4649,  0.1148,  0.1224,
         0.2447,  0.1159,  0.7393,  0.3656,  0.3755,  0.6964,  0.2397,  0.3404,
         0.4205,  0.3588,  0.4429,  0.2284,  0.3885,  0.6485,  0.2846,  0.2564,
         0.3786,  0.3985,  0.1369,  0.4602,  0.4763,  0.5864,  0.0116,  0.6103,
         0.8141,  0.4164,  0.3728,  0.0768,  0.4689,  0.3380,  0.6239,  0.1699])
Target tensorsfor training set: 
tensor([0.8988, 0.1218, 0.7507, 0.6671, 0.8453, 0.5779, 0.2464, 0.5719, 0.5564,
        0.4513, 0.0478, 0.7791, 0.8391, 0.5658, 0.7372, 0.8556, 0.3309, 0.0246,
        0.2169, 0.4818, 0.9127, 0.9072, 0.5300, 0.2649, 0.9656, 0.6595, 0.7144,
        0.4993, 0.9215, 0.6465, 0.4640, 0.7901, 0.9492, 0.8418, 0.1493, 0.9117,
        0.8561, 0.4373, 0.0981, 0.1055, 0.2916, 0.1295, 0.6846, 0.4036, 0.3174,
        0.5780, 0.2255, 0.2594, 0.6240, 0.5220, 0.6577, 0.4341, 0.6576, 0.9535,
        0.5187, 0.5023, 0.7950, 0.8411, 0.4149, 0.9150, 0.6199, 0.6992, 0.0389,
        0.7596, 0.8524, 0.4526, 0.4654, 0.0636, 0.7462, 0.5783, 0.9621, 0.3453])
Correlation for training set: 0.6862478674258735
Predicted tensors for test set: 
tensor([0.3381, 0.4196, 0.4166, 0.4704, 0.2394, 0.2481, 0.4012, 0.2874, 0.2796,
        0.5552, 0.3568, 0.2319, 0.2505, 0.3837, 0.2151, 0.2914, 0.3081, 0.3407])
Target tensorsfor test set: 
tensor([0.7125, 0.1360, 0.5102, 0.2394, 0.8363, 0.8728, 0.0763, 0.2271, 0.5178,
        0.5573, 0.7497, 0.4440, 0.7371, 0.7171, 0.1294, 0.3829, 0.3077, 0.7270])
Correlation for test set: -0.18224660830166484
18 5
Fold 5
Epoch: 00, Training Loss: 0.0817, Train MSE: 0.0817, r (train): -0.2471, Test MSE: 0.0866, r (test): -0.0913
Epoch: 01, Training Loss: 0.1121, Train MSE: 0.1121, r (train): -0.2698, Test MSE: 0.1271, r (test): -0.0475
Epoch: 02, Training Loss: 0.2218, Train MSE: 0.2218, r (train): 0.6504, Test MSE: 0.2556, r (test): 0.2422
Epoch: 03, Training Loss: 0.1865, Train MSE: 0.1865, r (train): 0.7277, Test MSE: 0.2542, r (test): -0.0635
Epoch: 04, Training Loss: 2.3700, Train MSE: 2.3700, r (train): 0.6389, Test MSE: 2.5213, r (test): -0.0630
Epoch: 05, Training Loss: 0.5123, Train MSE: 0.5123, r (train): 0.6799, Test MSE: 0.5693, r (test): -0.0559
Epoch: 06, Training Loss: 0.6601, Train MSE: 0.6601, r (train): 0.6999, Test MSE: 0.6662, r (test): -0.0941
Epoch: 07, Training Loss: 0.0752, Train MSE: 0.0752, r (train): 0.7541, Test MSE: 0.1695, r (test): -0.1024
Epoch: 08, Training Loss: 0.0512, Train MSE: 0.0512, r (train): 0.7443, Test MSE: 0.1399, r (test): -0.1287
Epoch: 09, Training Loss: 0.0510, Train MSE: 0.0510, r (train): 0.7501, Test MSE: 0.1313, r (test): -0.0510
Epoch: 10, Training Loss: 0.0322, Train MSE: 0.0322, r (train): 0.7499, Test MSE: 0.0876, r (test): 0.0081
Epoch: 11, Training Loss: 0.0707, Train MSE: 0.0707, r (train): 0.7726, Test MSE: 0.1138, r (test): -0.0109
Epoch: 12, Training Loss: 0.1620, Train MSE: 0.1620, r (train): 0.7190, Test MSE: 0.2588, r (test): -0.0914
Epoch: 13, Training Loss: 0.0360, Train MSE: 0.0360, r (train): 0.7415, Test MSE: 0.1010, r (test): -0.1248
Epoch: 14, Training Loss: 0.0354, Train MSE: 0.0354, r (train): 0.7544, Test MSE: 0.0800, r (test): 0.0418
Epoch: 15, Training Loss: 0.0563, Train MSE: 0.0563, r (train): 0.7467, Test MSE: 0.0986, r (test): 0.0075
Epoch: 16, Training Loss: 0.1026, Train MSE: 0.1026, r (train): 0.7052, Test MSE: 0.1968, r (test): -0.0977
Epoch: 17, Training Loss: 0.0496, Train MSE: 0.0496, r (train): 0.7016, Test MSE: 0.1275, r (test): -0.1067
Epoch: 18, Training Loss: 0.0502, Train MSE: 0.0502, r (train): 0.7163, Test MSE: 0.0852, r (test): -0.0096
Epoch: 19, Training Loss: 0.0416, Train MSE: 0.0416, r (train): 0.7120, Test MSE: 0.1013, r (test): -0.0199
Epoch: 20, Training Loss: 0.0393, Train MSE: 0.0393, r (train): 0.7024, Test MSE: 0.0954, r (test): -0.0596
Epoch: 21, Training Loss: 0.0448, Train MSE: 0.0448, r (train): 0.6571, Test MSE: 0.1007, r (test): -0.0890
Epoch: 22, Training Loss: 0.0476, Train MSE: 0.0476, r (train): 0.6778, Test MSE: 0.1040, r (test): -0.0154
Epoch: 23, Training Loss: 0.0763, Train MSE: 0.0763, r (train): 0.6715, Test MSE: 0.1031, r (test): -0.0740
Epoch: 24, Training Loss: 0.0462, Train MSE: 0.0462, r (train): 0.6766, Test MSE: 0.0988, r (test): -0.0066
Epoch: 25, Training Loss: 0.0496, Train MSE: 0.0496, r (train): 0.6844, Test MSE: 0.1199, r (test): -0.0758
Epoch: 26, Training Loss: 0.0909, Train MSE: 0.0909, r (train): 0.6744, Test MSE: 0.1094, r (test): -0.1107
Epoch: 27, Training Loss: 0.1277, Train MSE: 0.1277, r (train): 0.6190, Test MSE: 0.2234, r (test): -0.0847
Epoch: 28, Training Loss: 0.1526, Train MSE: 0.1526, r (train): 0.6730, Test MSE: 0.1531, r (test): -0.1402
Epoch: 29, Training Loss: 0.0760, Train MSE: 0.0760, r (train): 0.6372, Test MSE: 0.1478, r (test): -0.0117
Epoch: 30, Training Loss: 0.0421, Train MSE: 0.0421, r (train): 0.6864, Test MSE: 0.0914, r (test): -0.0346
Epoch: 31, Training Loss: 0.0501, Train MSE: 0.0501, r (train): 0.6746, Test MSE: 0.0902, r (test): 0.0734
Epoch: 32, Training Loss: 0.0784, Train MSE: 0.0784, r (train): 0.7158, Test MSE: 0.1113, r (test): -0.1400
Epoch: 33, Training Loss: 0.1033, Train MSE: 0.1033, r (train): 0.6774, Test MSE: 0.1717, r (test): 0.0557
Epoch: 34, Training Loss: 0.2613, Train MSE: 0.2613, r (train): 0.6402, Test MSE: 0.2439, r (test): -0.2994
Epoch: 35, Training Loss: 0.0387, Train MSE: 0.0387, r (train): 0.6944, Test MSE: 0.0926, r (test): -0.0565
Epoch: 36, Training Loss: 0.2112, Train MSE: 0.2112, r (train): 0.6285, Test MSE: 0.3478, r (test): -0.1732
Epoch: 37, Training Loss: 2.0133, Train MSE: 2.0133, r (train): 0.5881, Test MSE: 1.9518, r (test): -0.1470
Epoch: 38, Training Loss: 0.0604, Train MSE: 0.0604, r (train): 0.6701, Test MSE: 0.1267, r (test): -0.0907
Epoch: 39, Training Loss: 0.0903, Train MSE: 0.0903, r (train): 0.6578, Test MSE: 0.1685, r (test): -0.1515
Epoch: 40, Training Loss: 0.0409, Train MSE: 0.0409, r (train): 0.6821, Test MSE: 0.0846, r (test): -0.0445
Epoch: 41, Training Loss: 0.0543, Train MSE: 0.0543, r (train): 0.6834, Test MSE: 0.0842, r (test): -0.0146
Epoch: 42, Training Loss: 0.0509, Train MSE: 0.0509, r (train): 0.6576, Test MSE: 0.0829, r (test): -0.0646
Epoch: 43, Training Loss: 0.1285, Train MSE: 0.1285, r (train): 0.6333, Test MSE: 0.2352, r (test): -0.1167
Epoch: 44, Training Loss: 0.1856, Train MSE: 0.1856, r (train): 0.6729, Test MSE: 0.1788, r (test): -0.0936
Epoch: 45, Training Loss: 0.0893, Train MSE: 0.0893, r (train): 0.6262, Test MSE: 0.1846, r (test): -0.1845
Epoch: 46, Training Loss: 0.0457, Train MSE: 0.0457, r (train): 0.7070, Test MSE: 0.0809, r (test): -0.0263
Epoch: 47, Training Loss: 0.0823, Train MSE: 0.0823, r (train): 0.6563, Test MSE: 0.1775, r (test): -0.1223
Epoch: 48, Training Loss: 0.0765, Train MSE: 0.0765, r (train): 0.6416, Test MSE: 0.1688, r (test): -0.2180
Epoch: 49, Training Loss: 0.0449, Train MSE: 0.0449, r (train): 0.6578, Test MSE: 0.0933, r (test): -0.1629
Epoch: 50, Training Loss: 0.0965, Train MSE: 0.0965, r (train): 0.6662, Test MSE: 0.1147, r (test): -0.0326
Epoch: 51, Training Loss: 0.0558, Train MSE: 0.0558, r (train): 0.6854, Test MSE: 0.1383, r (test): -0.1874
Epoch: 52, Training Loss: 0.1655, Train MSE: 0.1655, r (train): 0.4764, Test MSE: 0.2728, r (test): -0.0757
Epoch: 53, Training Loss: 0.0437, Train MSE: 0.0437, r (train): 0.6750, Test MSE: 0.1013, r (test): -0.1228
Epoch: 54, Training Loss: 0.0454, Train MSE: 0.0454, r (train): 0.6612, Test MSE: 0.0883, r (test): -0.0790
Epoch: 55, Training Loss: 0.0719, Train MSE: 0.0719, r (train): 0.6754, Test MSE: 0.0969, r (test): -0.1323
Epoch: 56, Training Loss: 0.0710, Train MSE: 0.0710, r (train): 0.6589, Test MSE: 0.0919, r (test): -0.0804
Epoch: 57, Training Loss: 0.0749, Train MSE: 0.0749, r (train): 0.6564, Test MSE: 0.1665, r (test): -0.1713
Epoch: 58, Training Loss: 0.1119, Train MSE: 0.1119, r (train): 0.6244, Test MSE: 0.2201, r (test): -0.1858
Epoch: 59, Training Loss: 0.0455, Train MSE: 0.0455, r (train): 0.6679, Test MSE: 0.0964, r (test): -0.1028
Epoch: 60, Training Loss: 0.1233, Train MSE: 0.1233, r (train): 0.6522, Test MSE: 0.1317, r (test): -0.0617
Epoch: 61, Training Loss: 0.0507, Train MSE: 0.0507, r (train): 0.6673, Test MSE: 0.0992, r (test): -0.1443
Epoch: 62, Training Loss: 0.1045, Train MSE: 0.1045, r (train): 0.6127, Test MSE: 0.2099, r (test): -0.1988
Epoch: 63, Training Loss: 0.0535, Train MSE: 0.0535, r (train): 0.6731, Test MSE: 0.1168, r (test): -0.1012
Epoch: 64, Training Loss: 0.0551, Train MSE: 0.0551, r (train): 0.6833, Test MSE: 0.0857, r (test): -0.0826
Epoch: 65, Training Loss: 0.0590, Train MSE: 0.0590, r (train): 0.6375, Test MSE: 0.1052, r (test): -0.1691
Epoch: 66, Training Loss: 0.0554, Train MSE: 0.0554, r (train): 0.6565, Test MSE: 0.1211, r (test): -0.1360
Epoch: 67, Training Loss: 0.0442, Train MSE: 0.0442, r (train): 0.6784, Test MSE: 0.0978, r (test): -0.0885
Epoch: 68, Training Loss: 0.0458, Train MSE: 0.0458, r (train): 0.6796, Test MSE: 0.1012, r (test): -0.1449
Epoch: 69, Training Loss: 0.0511, Train MSE: 0.0511, r (train): 0.6470, Test MSE: 0.1022, r (test): -0.1519
Epoch: 70, Training Loss: 0.0454, Train MSE: 0.0454, r (train): 0.6667, Test MSE: 0.0911, r (test): -0.0993
Epoch: 71, Training Loss: 0.0457, Train MSE: 0.0457, r (train): 0.6827, Test MSE: 0.1002, r (test): -0.1215
Epoch: 72, Training Loss: 0.0557, Train MSE: 0.0557, r (train): 0.6524, Test MSE: 0.1229, r (test): -0.1601
Epoch: 73, Training Loss: 0.0465, Train MSE: 0.0465, r (train): 0.6663, Test MSE: 0.1001, r (test): -0.1198
Epoch: 74, Training Loss: 0.0447, Train MSE: 0.0447, r (train): 0.6801, Test MSE: 0.0884, r (test): -0.1054
Epoch: 75, Training Loss: 0.0529, Train MSE: 0.0529, r (train): 0.6577, Test MSE: 0.1139, r (test): -0.1490
Epoch: 76, Training Loss: 0.0507, Train MSE: 0.0507, r (train): 0.6627, Test MSE: 0.1109, r (test): -0.1362
Epoch: 77, Training Loss: 0.0455, Train MSE: 0.0455, r (train): 0.6753, Test MSE: 0.0997, r (test): -0.1172
Epoch: 78, Training Loss: 0.0471, Train MSE: 0.0471, r (train): 0.6702, Test MSE: 0.1002, r (test): -0.1343
Epoch: 79, Training Loss: 0.0487, Train MSE: 0.0487, r (train): 0.6623, Test MSE: 0.1017, r (test): -0.1375
Epoch: 80, Training Loss: 0.0471, Train MSE: 0.0471, r (train): 0.6676, Test MSE: 0.0997, r (test): -0.1205
Epoch: 81, Training Loss: 0.0472, Train MSE: 0.0472, r (train): 0.6738, Test MSE: 0.1033, r (test): -0.1265
Epoch: 82, Training Loss: 0.0497, Train MSE: 0.0497, r (train): 0.6657, Test MSE: 0.1092, r (test): -0.1420
Epoch: 83, Training Loss: 0.0475, Train MSE: 0.0475, r (train): 0.6650, Test MSE: 0.1016, r (test): -0.1316
Epoch: 84, Training Loss: 0.0458, Train MSE: 0.0458, r (train): 0.6718, Test MSE: 0.0950, r (test): -0.1187
Epoch: 85, Training Loss: 0.0484, Train MSE: 0.0484, r (train): 0.6671, Test MSE: 0.1020, r (test): -0.1300
Epoch: 86, Training Loss: 0.0514, Train MSE: 0.0514, r (train): 0.6626, Test MSE: 0.1119, r (test): -0.1400
Epoch: 87, Training Loss: 0.0477, Train MSE: 0.0477, r (train): 0.6707, Test MSE: 0.1051, r (test): -0.1274
Epoch: 88, Training Loss: 0.0455, Train MSE: 0.0455, r (train): 0.6738, Test MSE: 0.0989, r (test): -0.1271
Epoch: 89, Training Loss: 0.0485, Train MSE: 0.0485, r (train): 0.6623, Test MSE: 0.0995, r (test): -0.1375
Epoch: 90, Training Loss: 0.0488, Train MSE: 0.0488, r (train): 0.6625, Test MSE: 0.1009, r (test): -0.1311
Epoch: 91, Training Loss: 0.0464, Train MSE: 0.0464, r (train): 0.6723, Test MSE: 0.0988, r (test): -0.1141
Epoch: 92, Training Loss: 0.0508, Train MSE: 0.0508, r (train): 0.6706, Test MSE: 0.1133, r (test): -0.1374
Epoch: 93, Training Loss: 0.0509, Train MSE: 0.0509, r (train): 0.6643, Test MSE: 0.1139, r (test): -0.1553
Epoch: 94, Training Loss: 0.0471, Train MSE: 0.0471, r (train): 0.6600, Test MSE: 0.0972, r (test): -0.1306
Epoch: 95, Training Loss: 0.0467, Train MSE: 0.0467, r (train): 0.6695, Test MSE: 0.0883, r (test): -0.1036
Epoch: 96, Training Loss: 0.0487, Train MSE: 0.0487, r (train): 0.6700, Test MSE: 0.0994, r (test): -0.1236
Epoch: 97, Training Loss: 0.0743, Train MSE: 0.0743, r (train): 0.6327, Test MSE: 0.1579, r (test): -0.1708
Epoch: 98, Training Loss: 0.0550, Train MSE: 0.0550, r (train): 0.6717, Test MSE: 0.1218, r (test): -0.1402
Epoch: 99, Training Loss: 0.0400, Train MSE: 0.0400, r (train): 0.6937, Test MSE: 0.0918, r (test): -0.1078
Predicted tensors for training set: 
tensor([0.6382, 0.0671, 0.5573, 0.4745, 0.7116, 0.4456, 0.2160, 0.5006, 0.6068,
        0.5219, 0.1292, 0.7862, 0.5436, 0.3991, 0.4739, 0.5393, 0.6282, 0.2456,
        0.4624, 1.0204, 0.5869, 0.6110, 0.3649, 0.1840, 0.6131, 0.4199, 0.4826,
        0.3395, 0.5930, 0.4098, 0.2998, 0.5322, 0.6305, 0.5851, 0.0461, 0.6230,
        1.0645, 0.5380, 0.1377, 0.1521, 0.4436, 0.2888, 0.7947, 0.5676, 0.5013,
        0.8434, 0.4474, 0.4620, 0.6136, 0.5467, 0.6329, 0.4739, 0.6117, 0.8374,
        0.6295, 0.0995, 0.4316, 0.1785, 0.6722, 0.6991, 0.2402, 0.3878, 0.6775,
        0.8227, 0.5321, 0.2803, 0.4796, 0.4826, 0.2989, 0.5379, 0.4782, 0.9250])
Target tensorsfor training set: 
tensor([0.8988, 0.1218, 0.7507, 0.6671, 0.8453, 0.5779, 0.2464, 0.5719, 0.5564,
        0.4513, 0.0478, 0.7791, 0.8391, 0.5658, 0.7372, 0.8556, 0.3309, 0.0246,
        0.2169, 0.4818, 0.9127, 0.9072, 0.5300, 0.2649, 0.9656, 0.6595, 0.7144,
        0.4993, 0.9215, 0.6465, 0.4640, 0.7901, 0.9492, 0.8418, 0.1493, 0.9117,
        0.8561, 0.4373, 0.0981, 0.1055, 0.2916, 0.1295, 0.6846, 0.4036, 0.3174,
        0.5780, 0.2255, 0.2594, 0.6240, 0.5220, 0.6577, 0.4341, 0.6576, 0.9535,
        0.7125, 0.1360, 0.5102, 0.2394, 0.8363, 0.8728, 0.0763, 0.2271, 0.5178,
        0.5573, 0.7497, 0.4440, 0.7371, 0.7171, 0.1294, 0.3829, 0.3077, 0.7270])
Correlation for training set: 0.6936674080551476
Predicted tensors for test set: 
tensor([0.3127, 0.5426, 0.4880, 0.3502, 0.3653, 0.5405, 0.5577, 0.4027, 0.4711,
        0.5788, 0.5329, 0.6042, 0.6096, 0.4424, 0.5105, 0.4461, 0.3410, 0.6132])
Target tensorsfor test set: 
tensor([0.5187, 0.5023, 0.7950, 0.8411, 0.4149, 0.9150, 0.6199, 0.6992, 0.0389,
        0.7596, 0.8524, 0.4526, 0.4654, 0.0636, 0.7462, 0.5783, 0.9621, 0.3453])
Correlation for test set: -0.10782385660039774
Validation set predictions (100 folds): [tensor([0.4035, 0.2894, 0.4883, 0.3570, 0.7143, 0.4777, 0.2938, 0.5886, 0.3624,
        0.4937, 0.3360, 0.3576, 0.5038, 0.4828, 0.4390, 0.5841, 0.5829, 0.5855]), tensor([0.5867, 0.6791, 0.6624, 0.4861, 0.5780, 0.5163, 0.4330, 0.4122, 0.4738,
        0.4667, 0.6342, 0.3306, 0.6025, 0.4889, 0.6268, 0.5318, 0.4699, 0.5822]), tensor([0.3742, 0.5084, 0.4615, 0.1184, 0.3014, 0.2070, 0.5026, 0.4341, 0.3727,
        0.3865, 0.3692, 0.5699, 0.5907, 0.3542, 0.2209, 0.3799, 0.4805, 0.3586]), tensor([0.3381, 0.4196, 0.4166, 0.4704, 0.2394, 0.2481, 0.4012, 0.2874, 0.2796,
        0.5552, 0.3568, 0.2319, 0.2505, 0.3837, 0.2151, 0.2914, 0.3081, 0.3407]), tensor([0.3127, 0.5426, 0.4880, 0.3502, 0.3653, 0.5405, 0.5577, 0.4027, 0.4711,
        0.5788, 0.5329, 0.6042, 0.6096, 0.4424, 0.5105, 0.4461, 0.3410, 0.6132])]
Validation set targets (100 folds): [tensor([0.8988, 0.1218, 0.7507, 0.6671, 0.8453, 0.5779, 0.2464, 0.5719, 0.5564,
        0.4513, 0.0478, 0.7791, 0.8391, 0.5658, 0.7372, 0.8556, 0.3309, 0.0246]), tensor([0.2169, 0.4818, 0.9127, 0.9072, 0.5300, 0.2649, 0.9656, 0.6595, 0.7144,
        0.4993, 0.9215, 0.6465, 0.4640, 0.7901, 0.9492, 0.8418, 0.1493, 0.9117]), tensor([0.8561, 0.4373, 0.0981, 0.1055, 0.2916, 0.1295, 0.6846, 0.4036, 0.3174,
        0.5780, 0.2255, 0.2594, 0.6240, 0.5220, 0.6577, 0.4341, 0.6576, 0.9535]), tensor([0.7125, 0.1360, 0.5102, 0.2394, 0.8363, 0.8728, 0.0763, 0.2271, 0.5178,
        0.5573, 0.7497, 0.4440, 0.7371, 0.7171, 0.1294, 0.3829, 0.3077, 0.7270]), tensor([0.5187, 0.5023, 0.7950, 0.8411, 0.4149, 0.9150, 0.6199, 0.6992, 0.0389,
        0.7596, 0.8524, 0.4526, 0.4654, 0.0636, 0.7462, 0.5783, 0.9621, 0.3453])]
Time taken: 18874.26454114914 seconds
