DenseNet_isthmuscingulate_08.py
/apps/monai/MONAI0.8.1/lib/python3.9/site-packages/torch/cuda/__init__.py:143: UserWarning: 
NVIDIA B200 with CUDA capability sm_100 is not compatible with the current PyTorch installation.
The current PyTorch install supports CUDA capabilities sm_37 sm_50 sm_60 sm_61 sm_70 sm_75 sm_80 sm_86 compute_37.
If you want to use the NVIDIA B200 GPU with PyTorch, please check the instructions at https://pytorch.org/get-started/locally/

  warnings.warn(incompatible_device_warn.format(device_name, capability, " ".join(arch_list), device_name))
90
Image shape: torch.Size([256, 256, 256])
Label: 0.259369175

Image shape: torch.Size([256, 256, 256])
Label: 0.845253622

Image shape: torch.Size([256, 256, 256])
Label: 0.518716963

Image shape: torch.Size([256, 256, 256])
Label: 0.684642475

Image shape: torch.Size([256, 256, 256])
Label: 0.949166278

Image shape: torch.Size([256, 256, 256])
Label: 0.098052496

Image shape: torch.Size([256, 256, 256])
Label: 0.382857646

Image shape: torch.Size([256, 256, 256])
Label: 0.437273408

Image shape: torch.Size([256, 256, 256])
Label: 0.246363884

Image shape: torch.Size([256, 256, 256])
Label: 0.330926406

Image shape: torch.Size([256, 256, 256])
Label: 0.907159832

Image shape: torch.Size([256, 256, 256])
Label: 0.790096101

Image shape: torch.Size([256, 256, 256])
Label: 0.024634435

Image shape: torch.Size([256, 256, 256])
Label: 0.717144575

Image shape: torch.Size([256, 256, 256])
Label: 0.46544507

Image shape: torch.Size([256, 256, 256])
Label: 0.794978716

Image shape: torch.Size([256, 256, 256])
Label: 0.737192172

Image shape: torch.Size([256, 256, 256])
Label: 0.578327051

Image shape: torch.Size([256, 256, 256])
Label: 0.699213269

Image shape: torch.Size([256, 256, 256])
Label: 0.962135747

Image shape: torch.Size([256, 256, 256])
Label: 0.038874365

Image shape: torch.Size([256, 256, 256])
Label: 0.714356234

Image shape: torch.Size([256, 256, 256])
Label: 0.31742745

Image shape: torch.Size([256, 256, 256])
Label: 0.136048492

Image shape: torch.Size([256, 256, 256])
Label: 0.852431609

Image shape: torch.Size([256, 256, 256])
Label: 0.063583908

Image shape: torch.Size([256, 256, 256])
Label: 0.517802514

Image shape: torch.Size([256, 256, 256])
Label: 0.129379513

Image shape: torch.Size([256, 256, 256])
Label: 0.047813956

Image shape: torch.Size([256, 256, 256])
Label: 0.291630426

Image shape: torch.Size([256, 256, 256])
Label: 0.43409457

Image shape: torch.Size([256, 256, 256])
Label: 0.463984431

Image shape: torch.Size([256, 256, 256])
Label: 0.667105602

Image shape: torch.Size([256, 256, 256])
Label: 0.227116465

Image shape: torch.Size([256, 256, 256])
Label: 0.749740575

Image shape: torch.Size([256, 256, 256])
Label: 0.746225617

Image shape: torch.Size([256, 256, 256])
Label: 0.34531344

Image shape: torch.Size([256, 256, 256])
Label: 0.414935686

Image shape: torch.Size([256, 256, 256])
Label: 0.91273199

Image shape: torch.Size([256, 256, 256])
Label: 0.92154251

Image shape: torch.Size([256, 256, 256])
Label: 0.502254367

Image shape: torch.Size([256, 256, 256])
Label: 0.076332172

Image shape: torch.Size([256, 256, 256])
Label: 0.841767741

Image shape: torch.Size([256, 256, 256])
Label: 0.759624831

Image shape: torch.Size([256, 256, 256])
Label: 0.55726975

Image shape: torch.Size([256, 256, 256])
Label: 0.444012353

Image shape: torch.Size([256, 256, 256])
Label: 0.225463904

Image shape: torch.Size([256, 256, 256])
Label: 0.657623403

Image shape: torch.Size([256, 256, 256])
Label: 0.239393515

Image shape: torch.Size([256, 256, 256])
Label: 0.619874898

Image shape: torch.Size([256, 256, 256])
Label: 0.565846925

Image shape: torch.Size([256, 256, 256])
Label: 0.836265129

Image shape: torch.Size([256, 256, 256])
Label: 0.953465465

Image shape: torch.Size([256, 256, 256])
Label: 0.105524477

Image shape: torch.Size([256, 256, 256])
Label: 0.577850585

Image shape: torch.Size([256, 256, 256])
Label: 0.48182514

Image shape: torch.Size([256, 256, 256])
Label: 0.779103135

Image shape: torch.Size([256, 256, 256])
Label: 0.856107326

Image shape: torch.Size([256, 256, 256])
Label: 0.965645278

Image shape: torch.Size([256, 256, 256])
Label: 0.898762669

Image shape: torch.Size([256, 256, 256])
Label: 0.841130428

Image shape: torch.Size([256, 256, 256])
Label: 0.499347098

Image shape: torch.Size([256, 256, 256])
Label: 0.712524369

Image shape: torch.Size([256, 256, 256])
Label: 0.727035333

Image shape: torch.Size([256, 256, 256])
Label: 0.571907479

Image shape: torch.Size([256, 256, 256])
Label: 0.659493008

Image shape: torch.Size([256, 256, 256])
Label: 0.855579732

Image shape: torch.Size([256, 256, 256])
Label: 0.451287356

Image shape: torch.Size([256, 256, 256])
Label: 0.911671093

Image shape: torch.Size([256, 256, 256])
Label: 0.129485328

Image shape: torch.Size([256, 256, 256])
Label: 0.510151238

Image shape: torch.Size([256, 256, 256])
Label: 0.91498566

Image shape: torch.Size([256, 256, 256])
Label: 0.522016133

Image shape: torch.Size([256, 256, 256])
Label: 0.216921218

Image shape: torch.Size([256, 256, 256])
Label: 0.623989995

Image shape: torch.Size([256, 256, 256])
Label: 0.872805901

Image shape: torch.Size([256, 256, 256])
Label: 0.452638778

Image shape: torch.Size([256, 256, 256])
Label: 0.657691961

Image shape: torch.Size([256, 256, 256])
Label: 0.750732335

Image shape: torch.Size([256, 256, 256])
Label: 0.839077585

Image shape: torch.Size([256, 256, 256])
Label: 0.403550924

Image shape: torch.Size([256, 256, 256])
Label: 0.121809436

Image shape: torch.Size([256, 256, 256])
Label: 0.737099236

Image shape: torch.Size([256, 256, 256])
Label: 0.14931566

Image shape: torch.Size([256, 256, 256])
Label: 0.307667842

Image shape: torch.Size([256, 256, 256])
Label: 0.646490545

Image shape: torch.Size([256, 256, 256])
Label: 0.57804499

Image shape: torch.Size([256, 256, 256])
Label: 0.529961465

Image shape: torch.Size([256, 256, 256])
Label: 0.55641775

Image shape: torch.Size([256, 256, 256])
Label: 0.26490909

18 5
Fold 1
Epoch: 00, Training Loss: 0.1257, Train MSE: 0.1257, r (train): -0.1602, Test MSE: 0.1241, r (test): -0.1907
Epoch: 01, Training Loss: 0.2118, Train MSE: 0.2118, r (train): 0.0747, Test MSE: 0.2083, r (test): -0.2542
Epoch: 02, Training Loss: 0.4520, Train MSE: 0.4520, r (train): 0.5277, Test MSE: 0.4503, r (test): 0.0216
Epoch: 03, Training Loss: 0.1921, Train MSE: 0.1921, r (train): 0.6927, Test MSE: 0.2380, r (test): 0.1636
Epoch: 04, Training Loss: 0.0990, Train MSE: 0.0990, r (train): 0.7305, Test MSE: 0.1533, r (test): -0.0016
Epoch: 05, Training Loss: 0.0643, Train MSE: 0.0643, r (train): 0.7415, Test MSE: 0.1100, r (test): 0.1958
Epoch: 06, Training Loss: 0.0609, Train MSE: 0.0609, r (train): 0.7565, Test MSE: 0.1220, r (test): 0.1409
Epoch: 07, Training Loss: 0.1059, Train MSE: 0.1059, r (train): 0.7603, Test MSE: 0.1472, r (test): 0.1976
Epoch: 08, Training Loss: 0.0318, Train MSE: 0.0318, r (train): 0.7746, Test MSE: 0.0928, r (test): 0.0660
Epoch: 09, Training Loss: 0.0340, Train MSE: 0.0340, r (train): 0.7853, Test MSE: 0.0881, r (test): 0.1473
Epoch: 10, Training Loss: 0.0305, Train MSE: 0.0305, r (train): 0.7746, Test MSE: 0.0802, r (test): 0.1801
Epoch: 11, Training Loss: 0.0290, Train MSE: 0.0290, r (train): 0.7929, Test MSE: 0.0923, r (test): 0.0222
Epoch: 12, Training Loss: 0.0359, Train MSE: 0.0359, r (train): 0.7762, Test MSE: 0.0843, r (test): 0.1707
Epoch: 13, Training Loss: 0.1689, Train MSE: 0.1689, r (train): 0.7955, Test MSE: 0.2203, r (test): 0.0916
Epoch: 14, Training Loss: 0.0275, Train MSE: 0.0275, r (train): 0.7957, Test MSE: 0.0811, r (test): 0.1431
Epoch: 15, Training Loss: 0.0465, Train MSE: 0.0465, r (train): 0.7986, Test MSE: 0.1002, r (test): 0.0876
Epoch: 16, Training Loss: 1.1385, Train MSE: 1.1385, r (train): 0.7263, Test MSE: 1.2072, r (test): -0.0088
Epoch: 17, Training Loss: 0.1582, Train MSE: 0.1582, r (train): 0.7527, Test MSE: 0.2088, r (test): 0.0979
Epoch: 18, Training Loss: 0.0789, Train MSE: 0.0789, r (train): 0.7889, Test MSE: 0.1256, r (test): 0.0993
Epoch: 19, Training Loss: 0.0301, Train MSE: 0.0301, r (train): 0.7819, Test MSE: 0.0857, r (test): 0.1018
Epoch: 20, Training Loss: 0.0404, Train MSE: 0.0404, r (train): 0.7707, Test MSE: 0.0976, r (test): 0.0205
Epoch: 21, Training Loss: 0.4440, Train MSE: 0.4440, r (train): 0.7353, Test MSE: 0.5212, r (test): 0.0614
Epoch: 22, Training Loss: 0.0311, Train MSE: 0.0311, r (train): 0.7917, Test MSE: 0.0846, r (test): 0.1201
Epoch: 23, Training Loss: 0.0317, Train MSE: 0.0317, r (train): 0.7655, Test MSE: 0.0842, r (test): 0.1033
Epoch: 24, Training Loss: 0.0967, Train MSE: 0.0967, r (train): 0.7660, Test MSE: 0.1495, r (test): 0.1191
Epoch: 25, Training Loss: 0.0391, Train MSE: 0.0391, r (train): 0.7626, Test MSE: 0.0908, r (test): 0.0928
Epoch: 26, Training Loss: 0.0303, Train MSE: 0.0303, r (train): 0.7798, Test MSE: 0.0845, r (test): 0.1102
Epoch: 27, Training Loss: 0.0421, Train MSE: 0.0421, r (train): 0.7496, Test MSE: 0.0921, r (test): 0.0816
Epoch: 28, Training Loss: 0.0383, Train MSE: 0.0383, r (train): 0.7517, Test MSE: 0.0873, r (test): 0.0923
Epoch: 29, Training Loss: 0.0335, Train MSE: 0.0335, r (train): 0.7530, Test MSE: 0.0767, r (test): 0.1775
Epoch: 30, Training Loss: 0.0347, Train MSE: 0.0347, r (train): 0.7560, Test MSE: 0.0885, r (test): 0.0882
Epoch: 31, Training Loss: 0.3082, Train MSE: 0.3082, r (train): 0.7225, Test MSE: 0.3570, r (test): 0.1022
Epoch: 32, Training Loss: 0.0367, Train MSE: 0.0367, r (train): 0.7585, Test MSE: 0.0903, r (test): 0.0633
Epoch: 33, Training Loss: 0.0392, Train MSE: 0.0392, r (train): 0.7651, Test MSE: 0.0885, r (test): 0.1232
Epoch: 34, Training Loss: 0.0325, Train MSE: 0.0325, r (train): 0.7523, Test MSE: 0.0908, r (test): 0.0202
Epoch: 35, Training Loss: 0.0453, Train MSE: 0.0453, r (train): 0.7424, Test MSE: 0.0946, r (test): 0.1512
Epoch: 36, Training Loss: 0.0341, Train MSE: 0.0341, r (train): 0.7667, Test MSE: 0.0892, r (test): 0.0467
Epoch: 37, Training Loss: 0.0535, Train MSE: 0.0535, r (train): 0.7662, Test MSE: 0.1078, r (test): 0.0824
Epoch: 38, Training Loss: 0.0453, Train MSE: 0.0453, r (train): 0.7289, Test MSE: 0.0925, r (test): 0.1315
Epoch: 39, Training Loss: 0.0487, Train MSE: 0.0487, r (train): 0.7235, Test MSE: 0.0949, r (test): 0.0431
Epoch: 40, Training Loss: 0.0882, Train MSE: 0.0882, r (train): 0.7577, Test MSE: 0.1410, r (test): 0.0916
Epoch: 41, Training Loss: 0.1480, Train MSE: 0.1480, r (train): 0.7553, Test MSE: 0.2052, r (test): -0.0292
Epoch: 42, Training Loss: 0.4893, Train MSE: 0.4893, r (train): 0.6927, Test MSE: 0.5406, r (test): 0.1173
Epoch: 43, Training Loss: 0.0318, Train MSE: 0.0318, r (train): 0.7539, Test MSE: 0.0869, r (test): 0.0416
Epoch: 44, Training Loss: 0.0496, Train MSE: 0.0496, r (train): 0.7532, Test MSE: 0.0962, r (test): 0.1215
Epoch: 45, Training Loss: 0.0409, Train MSE: 0.0409, r (train): 0.7462, Test MSE: 0.0930, r (test): 0.0541
Epoch: 46, Training Loss: 0.0532, Train MSE: 0.0532, r (train): 0.7408, Test MSE: 0.1062, r (test): 0.0733
Epoch: 47, Training Loss: 0.0394, Train MSE: 0.0394, r (train): 0.7396, Test MSE: 0.0841, r (test): 0.1147
Epoch: 48, Training Loss: 0.0335, Train MSE: 0.0335, r (train): 0.7643, Test MSE: 0.0829, r (test): 0.1230
Epoch: 49, Training Loss: 0.1599, Train MSE: 0.1599, r (train): 0.7575, Test MSE: 0.2158, r (test): 0.0689
Epoch: 50, Training Loss: 0.0366, Train MSE: 0.0366, r (train): 0.7431, Test MSE: 0.0959, r (test): 0.0092
Epoch: 51, Training Loss: 0.0532, Train MSE: 0.0532, r (train): 0.7428, Test MSE: 0.1017, r (test): 0.0788
Epoch: 52, Training Loss: 0.0330, Train MSE: 0.0330, r (train): 0.7605, Test MSE: 0.0839, r (test): 0.0877
Epoch: 53, Training Loss: 0.0403, Train MSE: 0.0403, r (train): 0.7344, Test MSE: 0.0895, r (test): 0.0993
Epoch: 54, Training Loss: 0.0444, Train MSE: 0.0444, r (train): 0.7447, Test MSE: 0.0911, r (test): 0.0623
Epoch: 55, Training Loss: 0.0500, Train MSE: 0.0500, r (train): 0.7744, Test MSE: 0.1048, r (test): 0.0776
Epoch: 56, Training Loss: 0.0331, Train MSE: 0.0331, r (train): 0.7744, Test MSE: 0.0901, r (test): 0.0315
Epoch: 57, Training Loss: 0.0487, Train MSE: 0.0487, r (train): 0.7544, Test MSE: 0.1038, r (test): 0.0577
Epoch: 58, Training Loss: 0.0377, Train MSE: 0.0377, r (train): 0.7376, Test MSE: 0.0847, r (test): 0.0741
Epoch: 59, Training Loss: 0.0693, Train MSE: 0.0693, r (train): 0.7576, Test MSE: 0.1210, r (test): 0.1320
Epoch: 60, Training Loss: 0.0445, Train MSE: 0.0445, r (train): 0.7638, Test MSE: 0.0997, r (test): 0.0135
Epoch: 61, Training Loss: 0.0846, Train MSE: 0.0846, r (train): 0.7582, Test MSE: 0.1307, r (test): 0.1061
Epoch: 62, Training Loss: 0.0434, Train MSE: 0.0434, r (train): 0.7686, Test MSE: 0.0941, r (test): 0.0773
Epoch: 63, Training Loss: 0.0315, Train MSE: 0.0315, r (train): 0.7666, Test MSE: 0.0814, r (test): 0.1233
Epoch: 64, Training Loss: 0.0380, Train MSE: 0.0380, r (train): 0.7562, Test MSE: 0.0859, r (test): 0.1233
Epoch: 65, Training Loss: 0.0592, Train MSE: 0.0592, r (train): 0.7648, Test MSE: 0.1087, r (test): 0.0729
Epoch: 66, Training Loss: 0.0658, Train MSE: 0.0658, r (train): 0.7776, Test MSE: 0.1249, r (test): 0.0413
Epoch: 67, Training Loss: 0.0328, Train MSE: 0.0328, r (train): 0.7616, Test MSE: 0.0858, r (test): 0.0506
Epoch: 68, Training Loss: 0.0857, Train MSE: 0.0857, r (train): 0.7402, Test MSE: 0.1396, r (test): 0.0731
Epoch: 69, Training Loss: 0.0548, Train MSE: 0.0548, r (train): 0.7654, Test MSE: 0.1057, r (test): 0.1072
Epoch: 70, Training Loss: 0.1225, Train MSE: 0.1225, r (train): 0.7619, Test MSE: 0.1820, r (test): 0.0189
Epoch: 71, Training Loss: 0.1177, Train MSE: 0.1177, r (train): 0.7585, Test MSE: 0.1686, r (test): 0.0760
Epoch: 72, Training Loss: 0.0469, Train MSE: 0.0469, r (train): 0.7700, Test MSE: 0.1009, r (test): 0.0626
Epoch: 73, Training Loss: 0.0315, Train MSE: 0.0315, r (train): 0.7686, Test MSE: 0.0800, r (test): 0.1183
Epoch: 74, Training Loss: 0.0325, Train MSE: 0.0325, r (train): 0.7626, Test MSE: 0.0804, r (test): 0.1307
Epoch: 75, Training Loss: 0.0376, Train MSE: 0.0376, r (train): 0.7695, Test MSE: 0.0875, r (test): 0.0768
Epoch: 76, Training Loss: 0.0534, Train MSE: 0.0534, r (train): 0.7866, Test MSE: 0.1129, r (test): 0.0135
Epoch: 77, Training Loss: 0.0408, Train MSE: 0.0408, r (train): 0.7665, Test MSE: 0.0961, r (test): 0.0607
Epoch: 78, Training Loss: 0.0849, Train MSE: 0.0849, r (train): 0.7361, Test MSE: 0.1358, r (test): 0.0885
Epoch: 79, Training Loss: 0.0314, Train MSE: 0.0314, r (train): 0.7724, Test MSE: 0.0813, r (test): 0.1129
Epoch: 80, Training Loss: 0.0384, Train MSE: 0.0384, r (train): 0.7779, Test MSE: 0.0958, r (test): 0.0400
Epoch: 81, Training Loss: 0.1339, Train MSE: 0.1339, r (train): 0.7676, Test MSE: 0.1870, r (test): -0.0112
Epoch: 82, Training Loss: 0.0368, Train MSE: 0.0368, r (train): 0.7665, Test MSE: 0.0910, r (test): 0.0397
Epoch: 83, Training Loss: 0.0374, Train MSE: 0.0374, r (train): 0.7719, Test MSE: 0.0922, r (test): 0.0202
Epoch: 84, Training Loss: 0.0331, Train MSE: 0.0331, r (train): 0.7590, Test MSE: 0.0811, r (test): 0.1352
Epoch: 85, Training Loss: 0.0301, Train MSE: 0.0301, r (train): 0.7722, Test MSE: 0.0912, r (test): -0.0181
Epoch: 86, Training Loss: 0.1033, Train MSE: 0.1033, r (train): 0.7776, Test MSE: 0.1626, r (test): 0.0070
Epoch: 87, Training Loss: 0.0364, Train MSE: 0.0364, r (train): 0.7791, Test MSE: 0.0949, r (test): 0.0003
Epoch: 88, Training Loss: 0.0360, Train MSE: 0.0360, r (train): 0.7472, Test MSE: 0.0830, r (test): 0.1100
Epoch: 89, Training Loss: 0.0359, Train MSE: 0.0359, r (train): 0.7564, Test MSE: 0.0824, r (test): 0.1188
Epoch: 90, Training Loss: 0.0410, Train MSE: 0.0410, r (train): 0.7828, Test MSE: 0.0950, r (test): 0.0925
Epoch: 91, Training Loss: 0.0551, Train MSE: 0.0551, r (train): 0.7830, Test MSE: 0.1173, r (test): -0.0456
Epoch: 92, Training Loss: 0.0743, Train MSE: 0.0743, r (train): 0.7538, Test MSE: 0.1227, r (test): 0.0600
Epoch: 93, Training Loss: 0.0539, Train MSE: 0.0539, r (train): 0.7437, Test MSE: 0.1054, r (test): 0.0413
Epoch: 94, Training Loss: 0.0357, Train MSE: 0.0357, r (train): 0.7615, Test MSE: 0.0822, r (test): 0.1284
Epoch: 95, Training Loss: 0.0491, Train MSE: 0.0491, r (train): 0.7506, Test MSE: 0.1001, r (test): 0.0949
Epoch: 96, Training Loss: 0.0375, Train MSE: 0.0375, r (train): 0.7814, Test MSE: 0.0989, r (test): -0.0174
Epoch: 97, Training Loss: 0.0362, Train MSE: 0.0362, r (train): 0.7571, Test MSE: 0.0885, r (test): 0.0352
Epoch: 98, Training Loss: 0.0325, Train MSE: 0.0325, r (train): 0.7574, Test MSE: 0.0853, r (test): 0.0313
Epoch: 99, Training Loss: 0.1575, Train MSE: 0.1575, r (train): 0.7274, Test MSE: 0.2087, r (test): 0.1577
Predicted tensors for training set: 
tensor([0.8027, 1.0924, 0.2044, 0.8789, 0.8965, 0.8805, 2.0198, 0.7061, 1.1235,
        0.7367, 0.6561, 1.0547, 0.8279, 0.8693, 1.0991, 0.6136, 1.2502, 1.3280,
        0.7831, 0.7933, 1.1885, 1.2290, 0.7480, 0.2668, 0.9671, 0.9216, 0.7599,
        0.6161, 0.7182, 1.3459, 0.8171, 1.2975, 0.9307, 1.0948, 1.4507, 0.4147,
        0.7409, 0.6924, 0.9708, 0.9827, 1.0114, 0.8525, 0.8644, 0.5383, 0.7628,
        0.7761, 0.6296, 0.6722, 1.2919, 0.8178, 1.3111, 0.4177, 0.9390, 1.2183,
        0.8669, 0.5102, 0.9639, 1.2217, 0.7748, 0.9387, 1.1935, 1.3418, 0.7984,
        0.5094, 0.9599, 0.3885, 0.5344, 0.8431, 0.8568, 0.8409, 0.8348, 0.5519])
Target tensorsfor training set: 
tensor([0.6992, 0.9621, 0.0389, 0.7144, 0.3174, 0.1360, 0.8524, 0.0636, 0.5178,
        0.1294, 0.0478, 0.2916, 0.4341, 0.4640, 0.6671, 0.2271, 0.7497, 0.7462,
        0.3453, 0.4149, 0.9127, 0.9215, 0.5023, 0.0763, 0.8418, 0.7596, 0.5573,
        0.4440, 0.2255, 0.6576, 0.2394, 0.6199, 0.5658, 0.8363, 0.9535, 0.1055,
        0.5779, 0.4818, 0.7791, 0.8561, 0.9656, 0.8988, 0.8411, 0.4993, 0.7125,
        0.7270, 0.5719, 0.6595, 0.8556, 0.4513, 0.9117, 0.1295, 0.5102, 0.9150,
        0.5220, 0.2169, 0.6240, 0.8728, 0.4526, 0.6577, 0.7507, 0.8391, 0.4036,
        0.1218, 0.7371, 0.1493, 0.3077, 0.6465, 0.5780, 0.5300, 0.5564, 0.2649])
Correlation for training set: 0.7273869802753229
Predicted tensors for test set: 
tensor([0.7808, 1.2580, 0.8847, 0.9802, 0.9459, 0.8824, 0.6244, 0.7240, 0.8119,
        1.0076, 0.8641, 0.8252, 1.0132, 0.7226, 1.0527, 1.0893, 0.6802, 0.9584])
Target tensorsfor test set: 
tensor([0.2594, 0.8453, 0.5187, 0.6846, 0.9492, 0.0981, 0.3829, 0.4373, 0.2464,
        0.3309, 0.9072, 0.7901, 0.0246, 0.7171, 0.4654, 0.7950, 0.7372, 0.5783])
Correlation for test set: 0.1576626836702166
18 5
Fold 2
Epoch: 00, Training Loss: 0.0684, Train MSE: 0.0684, r (train): -0.2554, Test MSE: 0.0921, r (test): -0.2394
Epoch: 01, Training Loss: 0.1044, Train MSE: 0.1044, r (train): -0.2236, Test MSE: 0.0919, r (test): -0.1654
Epoch: 02, Training Loss: 0.3045, Train MSE: 0.3045, r (train): 0.6995, Test MSE: 0.2203, r (test): 0.3289
Epoch: 03, Training Loss: 0.4178, Train MSE: 0.4178, r (train): 0.6970, Test MSE: 0.3080, r (test): 0.3399
Epoch: 04, Training Loss: 2.1638, Train MSE: 2.1638, r (train): 0.5587, Test MSE: 2.5346, r (test): 0.0523
Epoch: 05, Training Loss: 0.0553, Train MSE: 0.0553, r (train): 0.7814, Test MSE: 0.1784, r (test): 0.0802
Epoch: 06, Training Loss: 1.0119, Train MSE: 1.0119, r (train): 0.7307, Test MSE: 1.2913, r (test): 0.1262
Epoch: 07, Training Loss: 0.1223, Train MSE: 0.1223, r (train): 0.7393, Test MSE: 0.1177, r (test): 0.2682
Epoch: 08, Training Loss: 1.1785, Train MSE: 1.1785, r (train): 0.8084, Test MSE: 1.5501, r (test): 0.1091
Epoch: 09, Training Loss: 0.0644, Train MSE: 0.0644, r (train): 0.8425, Test MSE: 0.1972, r (test): 0.1193
Epoch: 10, Training Loss: 0.0246, Train MSE: 0.0246, r (train): 0.8523, Test MSE: 0.1283, r (test): 0.1718
Epoch: 11, Training Loss: 0.0226, Train MSE: 0.0226, r (train): 0.8473, Test MSE: 0.1278, r (test): 0.1630
Epoch: 12, Training Loss: 0.0463, Train MSE: 0.0463, r (train): 0.8499, Test MSE: 0.1760, r (test): 0.1362
Epoch: 13, Training Loss: 0.0271, Train MSE: 0.0271, r (train): 0.8398, Test MSE: 0.1000, r (test): 0.1829
Epoch: 14, Training Loss: 0.1519, Train MSE: 0.1519, r (train): 0.8199, Test MSE: 0.1644, r (test): 0.1904
Epoch: 15, Training Loss: 0.0219, Train MSE: 0.0219, r (train): 0.8513, Test MSE: 0.1229, r (test): 0.1595
Epoch: 16, Training Loss: 0.0259, Train MSE: 0.0259, r (train): 0.8478, Test MSE: 0.1307, r (test): 0.1378
Epoch: 17, Training Loss: 0.0302, Train MSE: 0.0302, r (train): 0.8345, Test MSE: 0.0970, r (test): 0.1545
Epoch: 18, Training Loss: 0.0250, Train MSE: 0.0250, r (train): 0.8446, Test MSE: 0.0968, r (test): 0.1541
Epoch: 19, Training Loss: 0.0220, Train MSE: 0.0220, r (train): 0.8553, Test MSE: 0.1260, r (test): 0.1281
Epoch: 20, Training Loss: 0.0213, Train MSE: 0.0213, r (train): 0.8421, Test MSE: 0.1000, r (test): 0.1493
Epoch: 21, Training Loss: 0.0281, Train MSE: 0.0281, r (train): 0.8310, Test MSE: 0.1035, r (test): 0.1342
Epoch: 22, Training Loss: 0.0218, Train MSE: 0.0218, r (train): 0.8459, Test MSE: 0.0987, r (test): 0.1402
Epoch: 23, Training Loss: 0.0228, Train MSE: 0.0228, r (train): 0.8408, Test MSE: 0.0983, r (test): 0.1418
Epoch: 24, Training Loss: 0.0258, Train MSE: 0.0258, r (train): 0.8271, Test MSE: 0.1018, r (test): 0.1568
Epoch: 25, Training Loss: 0.0265, Train MSE: 0.0265, r (train): 0.8348, Test MSE: 0.0981, r (test): 0.1321
Epoch: 26, Training Loss: 0.0212, Train MSE: 0.0212, r (train): 0.8402, Test MSE: 0.1151, r (test): 0.1359
Epoch: 27, Training Loss: 0.0497, Train MSE: 0.0497, r (train): 0.8064, Test MSE: 0.1005, r (test): 0.1529
Epoch: 28, Training Loss: 0.0401, Train MSE: 0.0401, r (train): 0.8341, Test MSE: 0.1392, r (test): 0.1676
Epoch: 29, Training Loss: 0.0257, Train MSE: 0.0257, r (train): 0.8193, Test MSE: 0.1131, r (test): 0.1363
Epoch: 30, Training Loss: 0.0233, Train MSE: 0.0233, r (train): 0.8349, Test MSE: 0.0962, r (test): 0.1476
Epoch: 31, Training Loss: 0.0250, Train MSE: 0.0250, r (train): 0.8130, Test MSE: 0.0994, r (test): 0.1013
Epoch: 32, Training Loss: 0.0456, Train MSE: 0.0456, r (train): 0.8135, Test MSE: 0.1474, r (test): 0.1791
Epoch: 33, Training Loss: 0.0308, Train MSE: 0.0308, r (train): 0.8248, Test MSE: 0.0946, r (test): 0.1442
Epoch: 34, Training Loss: 0.0237, Train MSE: 0.0237, r (train): 0.8321, Test MSE: 0.0979, r (test): 0.1380
Epoch: 35, Training Loss: 0.0215, Train MSE: 0.0215, r (train): 0.8332, Test MSE: 0.1119, r (test): 0.1132
Epoch: 36, Training Loss: 0.0802, Train MSE: 0.0802, r (train): 0.7900, Test MSE: 0.1181, r (test): 0.1370
Epoch: 37, Training Loss: 0.0629, Train MSE: 0.0629, r (train): 0.8190, Test MSE: 0.1825, r (test): 0.1259
Epoch: 38, Training Loss: 0.0260, Train MSE: 0.0260, r (train): 0.8338, Test MSE: 0.0966, r (test): 0.1367
Epoch: 39, Training Loss: 0.0248, Train MSE: 0.0248, r (train): 0.7996, Test MSE: 0.1024, r (test): 0.0929
Epoch: 40, Training Loss: 0.1731, Train MSE: 0.1731, r (train): 0.8171, Test MSE: 0.3396, r (test): 0.0971
Epoch: 41, Training Loss: 0.0460, Train MSE: 0.0460, r (train): 0.8095, Test MSE: 0.1552, r (test): 0.1116
Epoch: 42, Training Loss: 0.0303, Train MSE: 0.0303, r (train): 0.8309, Test MSE: 0.1424, r (test): 0.1134
Epoch: 43, Training Loss: 0.0877, Train MSE: 0.0877, r (train): 0.8345, Test MSE: 0.2426, r (test): 0.0802
Epoch: 44, Training Loss: 0.0244, Train MSE: 0.0244, r (train): 0.7980, Test MSE: 0.1077, r (test): 0.1113
Epoch: 45, Training Loss: 0.0276, Train MSE: 0.0276, r (train): 0.8154, Test MSE: 0.1011, r (test): 0.1314
Epoch: 46, Training Loss: 0.0241, Train MSE: 0.0241, r (train): 0.8237, Test MSE: 0.1098, r (test): 0.1136
Epoch: 47, Training Loss: 0.0201, Train MSE: 0.0201, r (train): 0.8358, Test MSE: 0.1049, r (test): 0.1211
Epoch: 48, Training Loss: 0.0511, Train MSE: 0.0511, r (train): 0.8024, Test MSE: 0.1018, r (test): 0.1344
Epoch: 49, Training Loss: 0.0315, Train MSE: 0.0315, r (train): 0.8073, Test MSE: 0.1004, r (test): 0.1297
Epoch: 50, Training Loss: 0.0248, Train MSE: 0.0248, r (train): 0.8101, Test MSE: 0.1038, r (test): 0.1211
Epoch: 51, Training Loss: 0.0275, Train MSE: 0.0275, r (train): 0.8140, Test MSE: 0.1246, r (test): 0.1259
Epoch: 52, Training Loss: 0.0401, Train MSE: 0.0401, r (train): 0.7683, Test MSE: 0.1041, r (test): 0.0772
Epoch: 53, Training Loss: 0.0974, Train MSE: 0.0974, r (train): 0.8139, Test MSE: 0.2247, r (test): 0.1017
Epoch: 54, Training Loss: 0.0335, Train MSE: 0.0335, r (train): 0.8168, Test MSE: 0.1437, r (test): 0.1050
Epoch: 55, Training Loss: 0.0243, Train MSE: 0.0243, r (train): 0.8068, Test MSE: 0.0959, r (test): 0.1651
Epoch: 56, Training Loss: 0.0358, Train MSE: 0.0358, r (train): 0.7907, Test MSE: 0.1013, r (test): 0.1106
Epoch: 57, Training Loss: 0.0270, Train MSE: 0.0270, r (train): 0.8057, Test MSE: 0.1020, r (test): 0.1227
Epoch: 58, Training Loss: 0.0364, Train MSE: 0.0364, r (train): 0.8194, Test MSE: 0.1468, r (test): 0.1085
Epoch: 59, Training Loss: 0.0270, Train MSE: 0.0270, r (train): 0.7969, Test MSE: 0.1054, r (test): 0.1334
Epoch: 60, Training Loss: 0.0470, Train MSE: 0.0470, r (train): 0.7911, Test MSE: 0.1425, r (test): 0.0882
Epoch: 61, Training Loss: 0.0575, Train MSE: 0.0575, r (train): 0.8250, Test MSE: 0.1842, r (test): 0.1122
Epoch: 62, Training Loss: 0.0287, Train MSE: 0.0287, r (train): 0.8083, Test MSE: 0.1284, r (test): 0.0858
Epoch: 63, Training Loss: 0.0851, Train MSE: 0.0851, r (train): 0.7866, Test MSE: 0.1223, r (test): 0.1508
Epoch: 64, Training Loss: 0.0300, Train MSE: 0.0300, r (train): 0.8032, Test MSE: 0.0977, r (test): 0.1195
Epoch: 65, Training Loss: 0.0323, Train MSE: 0.0323, r (train): 0.8174, Test MSE: 0.1374, r (test): 0.1035
Epoch: 66, Training Loss: 0.0310, Train MSE: 0.0310, r (train): 0.7928, Test MSE: 0.1170, r (test): 0.0980
Epoch: 67, Training Loss: 0.0615, Train MSE: 0.0615, r (train): 0.8042, Test MSE: 0.1745, r (test): 0.0892
Epoch: 68, Training Loss: 0.0473, Train MSE: 0.0473, r (train): 0.8251, Test MSE: 0.1678, r (test): 0.1002
Epoch: 69, Training Loss: 0.0254, Train MSE: 0.0254, r (train): 0.8012, Test MSE: 0.1112, r (test): 0.1087
Epoch: 70, Training Loss: 0.0777, Train MSE: 0.0777, r (train): 0.7861, Test MSE: 0.1183, r (test): 0.1436
Epoch: 71, Training Loss: 0.0296, Train MSE: 0.0296, r (train): 0.7972, Test MSE: 0.1010, r (test): 0.1035
Epoch: 72, Training Loss: 0.0378, Train MSE: 0.0378, r (train): 0.8224, Test MSE: 0.1474, r (test): 0.1060
Epoch: 73, Training Loss: 0.0490, Train MSE: 0.0490, r (train): 0.7922, Test MSE: 0.1596, r (test): 0.0744
Epoch: 74, Training Loss: 0.0644, Train MSE: 0.0644, r (train): 0.8050, Test MSE: 0.1802, r (test): 0.1141
Epoch: 75, Training Loss: 0.0376, Train MSE: 0.0376, r (train): 0.8021, Test MSE: 0.0972, r (test): 0.0939
Epoch: 76, Training Loss: 0.0283, Train MSE: 0.0283, r (train): 0.8170, Test MSE: 0.1282, r (test): 0.1143
Epoch: 77, Training Loss: 0.0540, Train MSE: 0.0540, r (train): 0.7821, Test MSE: 0.1018, r (test): 0.1395
Epoch: 78, Training Loss: 0.0509, Train MSE: 0.0509, r (train): 0.7993, Test MSE: 0.1608, r (test): 0.1154
Epoch: 79, Training Loss: 0.0381, Train MSE: 0.0381, r (train): 0.8227, Test MSE: 0.1556, r (test): 0.1062
Epoch: 80, Training Loss: 0.0528, Train MSE: 0.0528, r (train): 0.8082, Test MSE: 0.1758, r (test): 0.0835
Epoch: 81, Training Loss: 0.0796, Train MSE: 0.0796, r (train): 0.7607, Test MSE: 0.1179, r (test): 0.1595
Epoch: 82, Training Loss: 0.0375, Train MSE: 0.0375, r (train): 0.8026, Test MSE: 0.0971, r (test): 0.1407
Epoch: 83, Training Loss: 0.0280, Train MSE: 0.0280, r (train): 0.8121, Test MSE: 0.1250, r (test): 0.0941
Epoch: 84, Training Loss: 0.0814, Train MSE: 0.0814, r (train): 0.8179, Test MSE: 0.2138, r (test): 0.0975
Epoch: 85, Training Loss: 0.0418, Train MSE: 0.0418, r (train): 0.7794, Test MSE: 0.1361, r (test): 0.0725
Epoch: 86, Training Loss: 0.0285, Train MSE: 0.0285, r (train): 0.8059, Test MSE: 0.1012, r (test): 0.1519
Epoch: 87, Training Loss: 0.0232, Train MSE: 0.0232, r (train): 0.8129, Test MSE: 0.1041, r (test): 0.1036
Epoch: 88, Training Loss: 0.0295, Train MSE: 0.0295, r (train): 0.8161, Test MSE: 0.1276, r (test): 0.1060
Epoch: 89, Training Loss: 0.0915, Train MSE: 0.0915, r (train): 0.7361, Test MSE: 0.1281, r (test): 0.1311
Epoch: 90, Training Loss: 0.0691, Train MSE: 0.0691, r (train): 0.8239, Test MSE: 0.2040, r (test): 0.0976
Epoch: 91, Training Loss: 0.1130, Train MSE: 0.1130, r (train): 0.8145, Test MSE: 0.2700, r (test): 0.0839
Epoch: 92, Training Loss: 0.0284, Train MSE: 0.0284, r (train): 0.8156, Test MSE: 0.1215, r (test): 0.1371
Epoch: 93, Training Loss: 0.0755, Train MSE: 0.0755, r (train): 0.7862, Test MSE: 0.1153, r (test): 0.1371
Epoch: 94, Training Loss: 0.0292, Train MSE: 0.0292, r (train): 0.8121, Test MSE: 0.0951, r (test): 0.1490
Epoch: 95, Training Loss: 0.0262, Train MSE: 0.0262, r (train): 0.8173, Test MSE: 0.0925, r (test): 0.1552
Epoch: 96, Training Loss: 0.1273, Train MSE: 0.1273, r (train): 0.7944, Test MSE: 0.2723, r (test): 0.0603
Epoch: 97, Training Loss: 0.0426, Train MSE: 0.0426, r (train): 0.8158, Test MSE: 0.1545, r (test): 0.0993
Epoch: 98, Training Loss: 0.0249, Train MSE: 0.0249, r (train): 0.8141, Test MSE: 0.1166, r (test): 0.1234
Epoch: 99, Training Loss: 0.0243, Train MSE: 0.0243, r (train): 0.8187, Test MSE: 0.1180, r (test): 0.1132
Predicted tensors for training set: 
tensor([0.3007, 0.8819, 0.5490, 0.7032, 1.1142, 0.2091, 0.5652, 0.5493, 0.2279,
        0.3299, 0.8262, 0.7494, 0.2588, 1.0714, 0.7685, 1.1506, 0.8118, 0.6158,
        0.4355, 0.4777, 0.9338, 0.9199, 0.5205, 0.0841, 0.6675, 0.6133, 0.4668,
        0.3817, 0.5117, 1.0203, 0.5355, 0.9757, 0.6126, 0.8556, 0.9718, 0.1331,
        0.5100, 0.4636, 0.6820, 0.7551, 0.6094, 0.5539, 0.5383, 0.3167, 0.5341,
        0.5435, 0.4622, 0.4802, 0.8248, 0.5043, 0.8684, 0.1507, 0.5339, 0.9179,
        0.5358, 0.2572, 0.5944, 0.8067, 0.4514, 0.6201, 0.9077, 1.0290, 0.5359,
        0.2478, 0.9074, 0.2906, 0.4439, 0.7967, 0.7238, 0.5804, 0.6115, 0.3614])
Target tensorsfor training set: 
tensor([0.2594, 0.8453, 0.5187, 0.6846, 0.9492, 0.0981, 0.3829, 0.4373, 0.2464,
        0.3309, 0.9072, 0.7901, 0.0246, 0.7171, 0.4654, 0.7950, 0.7372, 0.5783,
        0.3453, 0.4149, 0.9127, 0.9215, 0.5023, 0.0763, 0.8418, 0.7596, 0.5573,
        0.4440, 0.2255, 0.6576, 0.2394, 0.6199, 0.5658, 0.8363, 0.9535, 0.1055,
        0.5779, 0.4818, 0.7791, 0.8561, 0.9656, 0.8988, 0.8411, 0.4993, 0.7125,
        0.7270, 0.5719, 0.6595, 0.8556, 0.4513, 0.9117, 0.1295, 0.5102, 0.9150,
        0.5220, 0.2169, 0.6240, 0.8728, 0.4526, 0.6577, 0.7507, 0.8391, 0.4036,
        0.1218, 0.7371, 0.1493, 0.3077, 0.6465, 0.5780, 0.5300, 0.5564, 0.2649])
Correlation for training set: 0.8186767693940783
Predicted tensors for test set: 
tensor([0.3799, 0.3746, 0.3571, 0.5431, 0.5765, 0.7961, 0.8587, 0.5808, 0.5490,
        0.4607, 0.7140, 0.5276, 0.6055, 0.6327, 0.4808, 0.4733, 0.8572, 0.7273])
Target tensorsfor test set: 
tensor([0.6992, 0.9621, 0.0389, 0.7144, 0.3174, 0.1360, 0.8524, 0.0636, 0.5178,
        0.1294, 0.0478, 0.2916, 0.4341, 0.4640, 0.6671, 0.2271, 0.7497, 0.7462])
Correlation for test set: 0.11318970001521583
18 5
Fold 3
Epoch: 00, Training Loss: 0.1781, Train MSE: 0.1781, r (train): -0.2347, Test MSE: 0.1868, r (test): -0.0595
Epoch: 01, Training Loss: 0.2794, Train MSE: 0.2794, r (train): 0.0531, Test MSE: 0.2902, r (test): 0.0720
Epoch: 02, Training Loss: 0.5079, Train MSE: 0.5079, r (train): 0.6657, Test MSE: 0.5225, r (test): 0.3689
Epoch: 03, Training Loss: 0.2403, Train MSE: 0.2403, r (train): 0.7328, Test MSE: 0.2713, r (test): 0.3612
Epoch: 04, Training Loss: 0.0542, Train MSE: 0.0542, r (train): 0.7212, Test MSE: 0.1022, r (test): 0.0501
Epoch: 05, Training Loss: 0.8063, Train MSE: 0.8063, r (train): 0.6457, Test MSE: 0.9075, r (test): 0.2481
Epoch: 06, Training Loss: 0.2196, Train MSE: 0.2196, r (train): 0.7954, Test MSE: 0.2698, r (test): 0.2901
Epoch: 07, Training Loss: 0.1426, Train MSE: 0.1426, r (train): 0.8208, Test MSE: 0.1579, r (test): 0.4057
Epoch: 08, Training Loss: 0.0319, Train MSE: 0.0319, r (train): 0.8100, Test MSE: 0.0716, r (test): 0.3488
Epoch: 09, Training Loss: 0.0241, Train MSE: 0.0241, r (train): 0.8145, Test MSE: 0.0731, r (test): 0.2421
Epoch: 10, Training Loss: 0.2505, Train MSE: 0.2505, r (train): 0.8088, Test MSE: 0.3039, r (test): 0.2557
Epoch: 11, Training Loss: 0.0622, Train MSE: 0.0622, r (train): 0.8229, Test MSE: 0.1273, r (test): 0.2110
Epoch: 12, Training Loss: 0.0318, Train MSE: 0.0318, r (train): 0.8311, Test MSE: 0.0846, r (test): 0.2706
Epoch: 13, Training Loss: 0.0214, Train MSE: 0.0214, r (train): 0.8422, Test MSE: 0.0697, r (test): 0.3009
Epoch: 14, Training Loss: 0.0282, Train MSE: 0.0282, r (train): 0.8347, Test MSE: 0.0817, r (test): 0.2337
Epoch: 15, Training Loss: 0.1020, Train MSE: 0.1020, r (train): 0.7590, Test MSE: 0.1704, r (test): 0.1390
Epoch: 16, Training Loss: 0.0362, Train MSE: 0.0362, r (train): 0.7859, Test MSE: 0.0855, r (test): 0.0534
Epoch: 17, Training Loss: 0.0779, Train MSE: 0.0779, r (train): 0.7535, Test MSE: 0.1351, r (test): 0.3377
Epoch: 18, Training Loss: 0.0255, Train MSE: 0.0255, r (train): 0.8207, Test MSE: 0.0679, r (test): 0.3520
Epoch: 19, Training Loss: 0.0375, Train MSE: 0.0375, r (train): 0.7700, Test MSE: 0.0858, r (test): 0.0938
Epoch: 20, Training Loss: 0.0863, Train MSE: 0.0863, r (train): 0.8089, Test MSE: 0.1256, r (test): 0.1750
Epoch: 21, Training Loss: 0.0509, Train MSE: 0.0509, r (train): 0.7661, Test MSE: 0.1130, r (test): 0.1118
Epoch: 22, Training Loss: 0.0769, Train MSE: 0.0769, r (train): 0.7461, Test MSE: 0.1418, r (test): 0.1839
Epoch: 23, Training Loss: 0.0332, Train MSE: 0.0332, r (train): 0.7986, Test MSE: 0.0760, r (test): 0.2320
Epoch: 24, Training Loss: 0.0386, Train MSE: 0.0386, r (train): 0.7907, Test MSE: 0.0795, r (test): 0.1931
Epoch: 25, Training Loss: 0.0318, Train MSE: 0.0318, r (train): 0.7896, Test MSE: 0.0748, r (test): 0.2025
Epoch: 26, Training Loss: 0.0306, Train MSE: 0.0306, r (train): 0.7895, Test MSE: 0.0723, r (test): 0.2568
Epoch: 27, Training Loss: 0.0312, Train MSE: 0.0312, r (train): 0.8052, Test MSE: 0.0728, r (test): 0.2741
Epoch: 28, Training Loss: 0.0396, Train MSE: 0.0396, r (train): 0.7714, Test MSE: 0.0950, r (test): 0.1965
Epoch: 29, Training Loss: 0.1372, Train MSE: 0.1372, r (train): 0.7939, Test MSE: 0.1832, r (test): 0.0199
Epoch: 30, Training Loss: 0.2099, Train MSE: 0.2099, r (train): 0.6570, Test MSE: 0.2790, r (test): 0.2188
Epoch: 31, Training Loss: 0.0919, Train MSE: 0.0919, r (train): 0.7894, Test MSE: 0.1271, r (test): 0.2411
Epoch: 32, Training Loss: 0.0343, Train MSE: 0.0343, r (train): 0.7964, Test MSE: 0.0743, r (test): 0.2884
Epoch: 33, Training Loss: 0.0316, Train MSE: 0.0316, r (train): 0.7895, Test MSE: 0.0774, r (test): 0.2577
Epoch: 34, Training Loss: 0.0568, Train MSE: 0.0568, r (train): 0.7938, Test MSE: 0.0964, r (test): 0.1488
Epoch: 35, Training Loss: 0.0449, Train MSE: 0.0449, r (train): 0.7868, Test MSE: 0.0815, r (test): 0.1429
Epoch: 36, Training Loss: 0.0357, Train MSE: 0.0357, r (train): 0.7683, Test MSE: 0.0916, r (test): 0.1233
Epoch: 37, Training Loss: 0.0270, Train MSE: 0.0270, r (train): 0.7894, Test MSE: 0.0693, r (test): 0.2991
Epoch: 38, Training Loss: 0.0353, Train MSE: 0.0353, r (train): 0.7854, Test MSE: 0.0831, r (test): 0.2481
Epoch: 39, Training Loss: 0.0443, Train MSE: 0.0443, r (train): 0.7547, Test MSE: 0.1053, r (test): 0.0210
Epoch: 40, Training Loss: 0.0485, Train MSE: 0.0485, r (train): 0.7830, Test MSE: 0.0900, r (test): 0.1325
Epoch: 41, Training Loss: 0.0447, Train MSE: 0.0447, r (train): 0.7572, Test MSE: 0.1047, r (test): 0.0894
Epoch: 42, Training Loss: 0.0352, Train MSE: 0.0352, r (train): 0.7739, Test MSE: 0.0765, r (test): 0.1781
Epoch: 43, Training Loss: 0.0298, Train MSE: 0.0298, r (train): 0.7789, Test MSE: 0.0697, r (test): 0.2821
Epoch: 44, Training Loss: 0.0312, Train MSE: 0.0312, r (train): 0.7699, Test MSE: 0.0777, r (test): 0.1909
Epoch: 45, Training Loss: 0.0636, Train MSE: 0.0636, r (train): 0.7741, Test MSE: 0.0969, r (test): 0.2653
Epoch: 46, Training Loss: 0.2176, Train MSE: 0.2176, r (train): 0.7727, Test MSE: 0.2434, r (test): 0.0437
Epoch: 47, Training Loss: 0.0544, Train MSE: 0.0544, r (train): 0.7317, Test MSE: 0.1203, r (test): 0.1037
Epoch: 48, Training Loss: 0.0324, Train MSE: 0.0324, r (train): 0.7757, Test MSE: 0.0725, r (test): 0.2532
Epoch: 49, Training Loss: 0.0264, Train MSE: 0.0264, r (train): 0.8002, Test MSE: 0.0704, r (test): 0.2633
Epoch: 50, Training Loss: 0.1019, Train MSE: 0.1019, r (train): 0.6994, Test MSE: 0.1676, r (test): 0.1093
Epoch: 51, Training Loss: 0.2314, Train MSE: 0.2314, r (train): 0.7609, Test MSE: 0.2756, r (test): 0.0840
Epoch: 52, Training Loss: 0.0384, Train MSE: 0.0384, r (train): 0.7682, Test MSE: 0.0875, r (test): 0.1820
Epoch: 53, Training Loss: 0.0291, Train MSE: 0.0291, r (train): 0.7743, Test MSE: 0.0747, r (test): 0.2080
Epoch: 54, Training Loss: 0.0899, Train MSE: 0.0899, r (train): 0.7854, Test MSE: 0.1202, r (test): 0.2362
Epoch: 55, Training Loss: 0.0348, Train MSE: 0.0348, r (train): 0.7725, Test MSE: 0.0763, r (test): 0.1740
Epoch: 56, Training Loss: 0.0451, Train MSE: 0.0451, r (train): 0.7809, Test MSE: 0.0895, r (test): 0.0843
Epoch: 57, Training Loss: 0.1896, Train MSE: 0.1896, r (train): 0.6760, Test MSE: 0.2599, r (test): 0.1811
Epoch: 58, Training Loss: 0.0568, Train MSE: 0.0568, r (train): 0.7877, Test MSE: 0.0999, r (test): 0.1595
Epoch: 59, Training Loss: 0.0332, Train MSE: 0.0332, r (train): 0.7733, Test MSE: 0.0879, r (test): 0.1021
Epoch: 60, Training Loss: 0.0346, Train MSE: 0.0346, r (train): 0.7920, Test MSE: 0.0809, r (test): 0.1917
Epoch: 61, Training Loss: 0.0816, Train MSE: 0.0816, r (train): 0.7834, Test MSE: 0.1206, r (test): 0.2065
Epoch: 62, Training Loss: 0.0989, Train MSE: 0.0989, r (train): 0.7790, Test MSE: 0.1404, r (test): 0.2225
Epoch: 63, Training Loss: 0.2250, Train MSE: 0.2250, r (train): 0.6362, Test MSE: 0.2678, r (test): 0.2843
Epoch: 64, Training Loss: 0.0493, Train MSE: 0.0493, r (train): 0.7730, Test MSE: 0.0915, r (test): 0.0357
Epoch: 65, Training Loss: 0.0528, Train MSE: 0.0528, r (train): 0.7710, Test MSE: 0.0932, r (test): 0.2097
Epoch: 66, Training Loss: 0.0302, Train MSE: 0.0302, r (train): 0.7696, Test MSE: 0.0744, r (test): 0.1805
Epoch: 67, Training Loss: 0.2108, Train MSE: 0.2108, r (train): 0.7735, Test MSE: 0.2471, r (test): 0.1741
Epoch: 68, Training Loss: 0.0836, Train MSE: 0.0836, r (train): 0.7589, Test MSE: 0.1173, r (test): -0.0179
Epoch: 69, Training Loss: 0.0887, Train MSE: 0.0887, r (train): 0.7191, Test MSE: 0.1591, r (test): -0.0436
Epoch: 70, Training Loss: 0.0326, Train MSE: 0.0326, r (train): 0.7818, Test MSE: 0.0903, r (test): 0.0129
Epoch: 71, Training Loss: 0.0368, Train MSE: 0.0368, r (train): 0.7822, Test MSE: 0.0846, r (test): 0.0836
Epoch: 72, Training Loss: 0.1277, Train MSE: 0.1277, r (train): 0.7651, Test MSE: 0.1728, r (test): 0.2056
Epoch: 73, Training Loss: 0.0855, Train MSE: 0.0855, r (train): 0.7884, Test MSE: 0.1254, r (test): 0.0843
Epoch: 74, Training Loss: 0.1163, Train MSE: 0.1163, r (train): 0.6936, Test MSE: 0.2037, r (test): -0.1309
Epoch: 75, Training Loss: 0.0624, Train MSE: 0.0624, r (train): 0.7639, Test MSE: 0.1337, r (test): 0.0172
Epoch: 76, Training Loss: 0.0280, Train MSE: 0.0280, r (train): 0.7875, Test MSE: 0.0763, r (test): 0.1354
Epoch: 77, Training Loss: 0.0333, Train MSE: 0.0333, r (train): 0.7773, Test MSE: 0.0798, r (test): 0.0921
Epoch: 78, Training Loss: 0.2714, Train MSE: 0.2714, r (train): 0.7866, Test MSE: 0.3160, r (test): 0.1236
Epoch: 79, Training Loss: 0.1130, Train MSE: 0.1130, r (train): 0.6929, Test MSE: 0.1985, r (test): 0.0103
Epoch: 80, Training Loss: 0.0296, Train MSE: 0.0296, r (train): 0.7966, Test MSE: 0.0824, r (test): 0.0942
Epoch: 81, Training Loss: 0.0355, Train MSE: 0.0355, r (train): 0.7724, Test MSE: 0.0916, r (test): 0.0859
Epoch: 82, Training Loss: 0.0306, Train MSE: 0.0306, r (train): 0.7816, Test MSE: 0.0824, r (test): 0.0435
Epoch: 83, Training Loss: 0.1834, Train MSE: 0.1834, r (train): 0.7926, Test MSE: 0.2208, r (test): 0.1541
Epoch: 84, Training Loss: 0.0682, Train MSE: 0.0682, r (train): 0.7538, Test MSE: 0.1339, r (test): 0.0880
Epoch: 85, Training Loss: 0.0505, Train MSE: 0.0505, r (train): 0.8023, Test MSE: 0.0982, r (test): 0.0823
Epoch: 86, Training Loss: 0.0779, Train MSE: 0.0779, r (train): 0.7432, Test MSE: 0.1450, r (test): 0.0915
Epoch: 87, Training Loss: 0.0356, Train MSE: 0.0356, r (train): 0.7755, Test MSE: 0.0921, r (test): 0.0803
Epoch: 88, Training Loss: 0.2033, Train MSE: 0.2033, r (train): 0.7815, Test MSE: 0.2415, r (test): 0.1747
Epoch: 89, Training Loss: 0.0372, Train MSE: 0.0372, r (train): 0.7920, Test MSE: 0.0968, r (test): 0.0413
Epoch: 90, Training Loss: 0.1051, Train MSE: 0.1051, r (train): 0.7767, Test MSE: 0.1501, r (test): 0.1900
Epoch: 91, Training Loss: 0.0303, Train MSE: 0.0303, r (train): 0.7893, Test MSE: 0.0826, r (test): 0.1301
Epoch: 92, Training Loss: 0.0271, Train MSE: 0.0271, r (train): 0.8047, Test MSE: 0.0783, r (test): 0.1386
Epoch: 93, Training Loss: 0.0397, Train MSE: 0.0397, r (train): 0.7815, Test MSE: 0.0898, r (test): 0.0234
Epoch: 94, Training Loss: 0.0393, Train MSE: 0.0393, r (train): 0.8028, Test MSE: 0.1052, r (test): 0.0107
Epoch: 95, Training Loss: 0.0315, Train MSE: 0.0315, r (train): 0.7962, Test MSE: 0.0785, r (test): 0.1801
Epoch: 96, Training Loss: 0.0347, Train MSE: 0.0347, r (train): 0.7682, Test MSE: 0.0790, r (test): 0.2103
Epoch: 97, Training Loss: 0.1410, Train MSE: 0.1410, r (train): 0.7830, Test MSE: 0.1818, r (test): -0.0283
Epoch: 98, Training Loss: 0.0808, Train MSE: 0.0808, r (train): 0.7519, Test MSE: 0.1610, r (test): -0.0655
Epoch: 99, Training Loss: 0.0278, Train MSE: 0.0278, r (train): 0.7986, Test MSE: 0.0746, r (test): 0.1905
Predicted tensors for training set: 
tensor([0.3345, 0.7611, 0.5440, 0.6658, 0.9206, 0.2692, 0.5849, 0.5609, 0.4189,
        0.5086, 0.7987, 0.7094, 0.1996, 0.8489, 0.6336, 0.8955, 0.5138, 0.4768,
        0.4688, 0.5818, 0.2890, 1.0945, 0.5654, 0.3809, 1.1093, 0.2863, 0.7280,
        0.3434, 0.3510, 0.6226, 0.7346, 0.7571, 0.6662, 0.3153, 0.7697, 0.7477,
        0.5013, 0.4683, 0.6819, 0.7112, 0.7081, 0.5898, 0.5790, 0.2958, 0.5968,
        0.6409, 0.5528, 0.5737, 0.7897, 0.4563, 0.8260, 0.1939, 0.5914, 0.9341,
        0.5797, 0.3230, 0.5651, 0.7367, 0.4559, 0.5817, 0.8100, 0.9134, 0.5597,
        0.3112, 0.7679, 0.3431, 0.4491, 0.7167, 0.6715, 0.5427, 0.6006, 0.3840])
Target tensorsfor training set: 
tensor([0.2594, 0.8453, 0.5187, 0.6846, 0.9492, 0.0981, 0.3829, 0.4373, 0.2464,
        0.3309, 0.9072, 0.7901, 0.0246, 0.7171, 0.4654, 0.7950, 0.7372, 0.5783,
        0.6992, 0.9621, 0.0389, 0.7144, 0.3174, 0.1360, 0.8524, 0.0636, 0.5178,
        0.1294, 0.0478, 0.2916, 0.4341, 0.4640, 0.6671, 0.2271, 0.7497, 0.7462,
        0.5779, 0.4818, 0.7791, 0.8561, 0.9656, 0.8988, 0.8411, 0.4993, 0.7125,
        0.7270, 0.5719, 0.6595, 0.8556, 0.4513, 0.9117, 0.1295, 0.5102, 0.9150,
        0.5220, 0.2169, 0.6240, 0.8728, 0.4526, 0.6577, 0.7507, 0.8391, 0.4036,
        0.1218, 0.7371, 0.1493, 0.3077, 0.6465, 0.5780, 0.5300, 0.5564, 0.2649])
Correlation for training set: 0.7986371690566195
Predicted tensors for test set: 
tensor([0.5807, 0.4888, 0.6080, 0.5919, 0.5999, 0.5485, 0.6391, 0.6061, 0.6048,
        0.5084, 0.6527, 0.6075, 0.7611, 0.6363, 0.5950, 0.5052, 0.6977, 0.4852])
Target tensorsfor test set: 
tensor([0.3453, 0.4149, 0.9127, 0.9215, 0.5023, 0.0763, 0.8418, 0.7596, 0.5573,
        0.4440, 0.2255, 0.6576, 0.2394, 0.6199, 0.5658, 0.8363, 0.9535, 0.1055])
Correlation for test set: 0.19052513296141763
18 5
Fold 4
Epoch: 00, Training Loss: 0.0775, Train MSE: 0.0775, r (train): -0.1727, Test MSE: 0.1021, r (test): -0.2795
Epoch: 01, Training Loss: 0.1097, Train MSE: 0.1097, r (train): -0.2014, Test MSE: 0.1771, r (test): -0.3157
Epoch: 02, Training Loss: 0.2822, Train MSE: 0.2822, r (train): 0.3412, Test MSE: 0.4458, r (test): -0.2939
Epoch: 03, Training Loss: 0.3018, Train MSE: 0.3018, r (train): 0.6994, Test MSE: 0.5095, r (test): 0.0470
Epoch: 04, Training Loss: 0.0887, Train MSE: 0.0887, r (train): 0.6060, Test MSE: 0.0762, r (test): -0.0928
Epoch: 05, Training Loss: 1.5393, Train MSE: 1.5393, r (train): 0.5678, Test MSE: 1.0973, r (test): 0.2818
Epoch: 06, Training Loss: 0.0346, Train MSE: 0.0346, r (train): 0.7326, Test MSE: 0.1298, r (test): -0.1210
Epoch: 07, Training Loss: 3.3872, Train MSE: 3.3872, r (train): 0.6255, Test MSE: 2.6968, r (test): 0.2757
Epoch: 08, Training Loss: 0.0402, Train MSE: 0.0402, r (train): 0.7835, Test MSE: 0.0963, r (test): 0.0046
Epoch: 09, Training Loss: 0.0556, Train MSE: 0.0556, r (train): 0.8011, Test MSE: 0.2309, r (test): -0.0478
Epoch: 10, Training Loss: 0.0389, Train MSE: 0.0389, r (train): 0.8051, Test MSE: 0.0976, r (test): 0.0714
Epoch: 11, Training Loss: 0.0321, Train MSE: 0.0321, r (train): 0.7923, Test MSE: 0.1500, r (test): -0.0294
Epoch: 12, Training Loss: 0.0578, Train MSE: 0.0578, r (train): 0.7979, Test MSE: 0.0565, r (test): 0.1352
Epoch: 13, Training Loss: 0.0442, Train MSE: 0.0442, r (train): 0.8117, Test MSE: 0.0636, r (test): 0.0994
Epoch: 14, Training Loss: 0.1267, Train MSE: 0.1267, r (train): 0.7959, Test MSE: 0.3563, r (test): -0.0861
Epoch: 15, Training Loss: 0.0382, Train MSE: 0.0382, r (train): 0.8206, Test MSE: 0.1054, r (test): 0.0031
Epoch: 16, Training Loss: 0.0303, Train MSE: 0.0303, r (train): 0.7982, Test MSE: 0.0963, r (test): -0.0182
Epoch: 17, Training Loss: 0.0437, Train MSE: 0.0437, r (train): 0.8029, Test MSE: 0.0618, r (test): 0.0759
Epoch: 18, Training Loss: 0.0300, Train MSE: 0.0300, r (train): 0.8102, Test MSE: 0.0827, r (test): 0.0787
Epoch: 19, Training Loss: 0.0870, Train MSE: 0.0870, r (train): 0.7965, Test MSE: 0.2858, r (test): -0.0303
Epoch: 20, Training Loss: 0.0426, Train MSE: 0.0426, r (train): 0.8042, Test MSE: 0.1938, r (test): -0.0102
Epoch: 21, Training Loss: 0.0348, Train MSE: 0.0348, r (train): 0.8137, Test MSE: 0.0853, r (test): 0.0156
Epoch: 22, Training Loss: 0.0382, Train MSE: 0.0382, r (train): 0.8117, Test MSE: 0.0652, r (test): 0.0346
Epoch: 23, Training Loss: 0.0285, Train MSE: 0.0285, r (train): 0.8177, Test MSE: 0.1414, r (test): 0.0364
Epoch: 24, Training Loss: 0.0588, Train MSE: 0.0588, r (train): 0.7958, Test MSE: 0.2349, r (test): -0.0383
Epoch: 25, Training Loss: 0.0292, Train MSE: 0.0292, r (train): 0.8148, Test MSE: 0.1378, r (test): 0.0204
Epoch: 26, Training Loss: 0.0277, Train MSE: 0.0277, r (train): 0.8077, Test MSE: 0.0975, r (test): -0.0097
Epoch: 27, Training Loss: 0.0440, Train MSE: 0.0440, r (train): 0.8123, Test MSE: 0.0607, r (test): 0.0199
Epoch: 28, Training Loss: 0.0308, Train MSE: 0.0308, r (train): 0.7980, Test MSE: 0.1412, r (test): -0.0003
Epoch: 29, Training Loss: 0.0505, Train MSE: 0.0505, r (train): 0.7884, Test MSE: 0.2125, r (test): -0.0628
Epoch: 30, Training Loss: 0.0282, Train MSE: 0.0282, r (train): 0.8096, Test MSE: 0.1044, r (test): 0.0154
Epoch: 31, Training Loss: 0.0329, Train MSE: 0.0329, r (train): 0.8030, Test MSE: 0.0832, r (test): -0.0380
Epoch: 32, Training Loss: 0.0365, Train MSE: 0.0365, r (train): 0.8166, Test MSE: 0.0655, r (test): -0.0087
Epoch: 33, Training Loss: 0.0304, Train MSE: 0.0304, r (train): 0.7926, Test MSE: 0.1058, r (test): 0.0130
Epoch: 34, Training Loss: 0.0320, Train MSE: 0.0320, r (train): 0.8054, Test MSE: 0.1054, r (test): -0.0369
Epoch: 35, Training Loss: 0.0297, Train MSE: 0.0297, r (train): 0.8030, Test MSE: 0.1078, r (test): 0.0001
Epoch: 36, Training Loss: 0.0324, Train MSE: 0.0324, r (train): 0.8032, Test MSE: 0.0782, r (test): -0.0425
Epoch: 37, Training Loss: 0.0434, Train MSE: 0.0434, r (train): 0.8094, Test MSE: 0.0604, r (test): 0.0168
Epoch: 38, Training Loss: 0.0285, Train MSE: 0.0285, r (train): 0.7841, Test MSE: 0.0980, r (test): -0.0023
Epoch: 39, Training Loss: 0.0443, Train MSE: 0.0443, r (train): 0.8045, Test MSE: 0.0652, r (test): 0.0156
Epoch: 40, Training Loss: 0.0654, Train MSE: 0.0654, r (train): 0.8040, Test MSE: 0.0661, r (test): 0.0310
Epoch: 41, Training Loss: 0.0353, Train MSE: 0.0353, r (train): 0.7943, Test MSE: 0.1059, r (test): -0.0273
Epoch: 42, Training Loss: 0.0342, Train MSE: 0.0342, r (train): 0.7967, Test MSE: 0.1467, r (test): -0.0137
Epoch: 43, Training Loss: 0.0324, Train MSE: 0.0324, r (train): 0.7976, Test MSE: 0.0845, r (test): -0.0061
Epoch: 44, Training Loss: 0.0522, Train MSE: 0.0522, r (train): 0.7897, Test MSE: 0.0602, r (test): 0.0301
Epoch: 45, Training Loss: 0.0383, Train MSE: 0.0383, r (train): 0.8147, Test MSE: 0.1400, r (test): 0.0115
Epoch: 46, Training Loss: 0.1014, Train MSE: 0.1014, r (train): 0.7642, Test MSE: 0.3035, r (test): -0.1206
Epoch: 47, Training Loss: 0.1795, Train MSE: 0.1795, r (train): 0.7942, Test MSE: 0.1031, r (test): 0.0851
Epoch: 48, Training Loss: 0.0316, Train MSE: 0.0316, r (train): 0.8007, Test MSE: 0.1050, r (test): -0.0737
Epoch: 49, Training Loss: 0.0844, Train MSE: 0.0844, r (train): 0.7717, Test MSE: 0.2919, r (test): -0.0317
Epoch: 50, Training Loss: 0.0321, Train MSE: 0.0321, r (train): 0.8054, Test MSE: 0.1112, r (test): -0.0395
Epoch: 51, Training Loss: 0.0303, Train MSE: 0.0303, r (train): 0.8057, Test MSE: 0.1433, r (test): 0.0113
Epoch: 52, Training Loss: 0.0461, Train MSE: 0.0461, r (train): 0.8027, Test MSE: 0.1983, r (test): 0.0004
Epoch: 53, Training Loss: 0.0583, Train MSE: 0.0583, r (train): 0.7787, Test MSE: 0.2242, r (test): -0.1028
Epoch: 54, Training Loss: 0.0527, Train MSE: 0.0527, r (train): 0.7893, Test MSE: 0.2101, r (test): 0.0009
Epoch: 55, Training Loss: 0.0609, Train MSE: 0.0609, r (train): 0.7728, Test MSE: 0.0955, r (test): -0.0874
Epoch: 56, Training Loss: 0.0502, Train MSE: 0.0502, r (train): 0.7944, Test MSE: 0.0539, r (test): 0.0392
Epoch: 57, Training Loss: 0.0342, Train MSE: 0.0342, r (train): 0.7492, Test MSE: 0.0905, r (test): 0.0480
Epoch: 58, Training Loss: 0.0265, Train MSE: 0.0265, r (train): 0.8121, Test MSE: 0.0913, r (test): 0.0196
Epoch: 59, Training Loss: 0.0368, Train MSE: 0.0368, r (train): 0.7998, Test MSE: 0.1041, r (test): -0.0029
Epoch: 60, Training Loss: 0.0341, Train MSE: 0.0341, r (train): 0.8058, Test MSE: 0.0765, r (test): -0.0174
Epoch: 61, Training Loss: 0.0461, Train MSE: 0.0461, r (train): 0.8057, Test MSE: 0.0648, r (test): 0.0453
Epoch: 62, Training Loss: 0.0456, Train MSE: 0.0456, r (train): 0.7999, Test MSE: 0.1998, r (test): -0.0387
Epoch: 63, Training Loss: 0.0552, Train MSE: 0.0552, r (train): 0.7989, Test MSE: 0.2232, r (test): -0.0598
Epoch: 64, Training Loss: 0.0256, Train MSE: 0.0256, r (train): 0.8097, Test MSE: 0.1015, r (test): 0.0068
Epoch: 65, Training Loss: 0.0364, Train MSE: 0.0364, r (train): 0.7989, Test MSE: 0.0654, r (test): 0.0362
Epoch: 66, Training Loss: 0.0430, Train MSE: 0.0430, r (train): 0.8044, Test MSE: 0.0712, r (test): 0.0440
Epoch: 67, Training Loss: 0.0717, Train MSE: 0.0717, r (train): 0.7974, Test MSE: 0.0610, r (test): 0.0543
Epoch: 68, Training Loss: 0.0304, Train MSE: 0.0304, r (train): 0.8032, Test MSE: 0.1298, r (test): 0.0003
Epoch: 69, Training Loss: 0.1887, Train MSE: 0.1887, r (train): 0.7687, Test MSE: 0.4920, r (test): -0.1281
Epoch: 70, Training Loss: 0.0291, Train MSE: 0.0291, r (train): 0.8104, Test MSE: 0.0765, r (test): 0.0226
Epoch: 71, Training Loss: 0.0283, Train MSE: 0.0283, r (train): 0.8050, Test MSE: 0.0793, r (test): 0.0006
Epoch: 72, Training Loss: 0.1192, Train MSE: 0.1192, r (train): 0.7818, Test MSE: 0.0648, r (test): 0.1439
Epoch: 73, Training Loss: 0.0683, Train MSE: 0.0683, r (train): 0.8051, Test MSE: 0.0705, r (test): 0.0507
Epoch: 74, Training Loss: 0.0541, Train MSE: 0.0541, r (train): 0.8157, Test MSE: 0.2215, r (test): -0.0105
Epoch: 75, Training Loss: 0.0407, Train MSE: 0.0407, r (train): 0.8213, Test MSE: 0.1828, r (test): 0.0124
Epoch: 76, Training Loss: 0.0342, Train MSE: 0.0342, r (train): 0.8042, Test MSE: 0.1545, r (test): 0.0248
Epoch: 77, Training Loss: 0.0264, Train MSE: 0.0264, r (train): 0.8186, Test MSE: 0.0940, r (test): 0.0100
Epoch: 78, Training Loss: 0.0467, Train MSE: 0.0467, r (train): 0.8026, Test MSE: 0.0644, r (test): 0.0573
Epoch: 79, Training Loss: 0.0283, Train MSE: 0.0283, r (train): 0.8194, Test MSE: 0.0857, r (test): 0.0489
Epoch: 80, Training Loss: 0.0366, Train MSE: 0.0366, r (train): 0.8198, Test MSE: 0.1518, r (test): 0.0328
Epoch: 81, Training Loss: 0.0290, Train MSE: 0.0290, r (train): 0.8232, Test MSE: 0.1254, r (test): 0.0305
Epoch: 82, Training Loss: 0.0247, Train MSE: 0.0247, r (train): 0.8217, Test MSE: 0.0992, r (test): 0.0134
Epoch: 83, Training Loss: 0.0316, Train MSE: 0.0316, r (train): 0.8002, Test MSE: 0.0818, r (test): 0.0572
Epoch: 84, Training Loss: 0.0274, Train MSE: 0.0274, r (train): 0.8155, Test MSE: 0.1060, r (test): 0.0337
Epoch: 85, Training Loss: 0.0315, Train MSE: 0.0315, r (train): 0.8156, Test MSE: 0.1150, r (test): 0.0309
Epoch: 86, Training Loss: 0.0281, Train MSE: 0.0281, r (train): 0.8176, Test MSE: 0.0894, r (test): 0.0274
Epoch: 87, Training Loss: 0.0278, Train MSE: 0.0278, r (train): 0.8247, Test MSE: 0.1257, r (test): 0.0086
Epoch: 88, Training Loss: 0.0298, Train MSE: 0.0298, r (train): 0.8117, Test MSE: 0.1092, r (test): 0.0399
Epoch: 89, Training Loss: 0.0268, Train MSE: 0.0268, r (train): 0.8227, Test MSE: 0.1122, r (test): 0.0163
Epoch: 90, Training Loss: 0.0279, Train MSE: 0.0279, r (train): 0.8100, Test MSE: 0.1162, r (test): 0.0348
Epoch: 91, Training Loss: 0.0264, Train MSE: 0.0264, r (train): 0.8128, Test MSE: 0.0952, r (test): 0.0438
Epoch: 92, Training Loss: 0.0365, Train MSE: 0.0365, r (train): 0.8161, Test MSE: 0.0699, r (test): 0.0532
Epoch: 93, Training Loss: 0.0335, Train MSE: 0.0335, r (train): 0.8181, Test MSE: 0.0818, r (test): 0.0397
Epoch: 94, Training Loss: 0.0285, Train MSE: 0.0285, r (train): 0.8281, Test MSE: 0.0895, r (test): 0.0236
Epoch: 95, Training Loss: 0.0349, Train MSE: 0.0349, r (train): 0.8134, Test MSE: 0.1641, r (test): 0.0002
Epoch: 96, Training Loss: 0.0311, Train MSE: 0.0311, r (train): 0.8127, Test MSE: 0.1373, r (test): 0.0206
Epoch: 97, Training Loss: 0.0266, Train MSE: 0.0266, r (train): 0.8132, Test MSE: 0.0816, r (test): 0.0546
Epoch: 98, Training Loss: 0.0432, Train MSE: 0.0432, r (train): 0.8051, Test MSE: 0.0624, r (test): 0.0671
Epoch: 99, Training Loss: 0.0371, Train MSE: 0.0371, r (train): 0.8255, Test MSE: 0.0747, r (test): 0.0385
Predicted tensors for training set: 
tensor([0.3798, 0.9537, 0.6231, 0.7875, 1.0025, 0.1901, 0.4621, 0.5305, 0.2429,
        0.3479, 0.8769, 0.7733, 0.0991, 1.0153, 0.7573, 1.1038, 0.4476, 0.2007,
        0.4543, 0.6336, 0.2056, 1.1730, 0.6188, 0.3697, 1.2673, 0.1218, 0.7950,
        0.2177, 0.4327, 0.7184, 0.8393, 0.9704, 0.7466, 0.2571, 0.7816, 0.7971,
        0.2525, 0.3304, 0.7975, 0.7931, 0.5294, 0.0111, 0.8911, 0.8142, 0.7919,
        0.6575, 0.4563, 0.8698, 0.2175, 0.6334, 0.5601, 0.8455, 1.2292, 0.1748,
        0.6921, 0.3453, 0.6483, 0.8851, 0.4699, 0.6652, 0.9139, 1.0387, 0.5724,
        0.1817, 0.7972, 0.2215, 0.4026, 0.7335, 0.6258, 0.5690, 0.6221, 0.3105])
Target tensorsfor training set: 
tensor([0.2594, 0.8453, 0.5187, 0.6846, 0.9492, 0.0981, 0.3829, 0.4373, 0.2464,
        0.3309, 0.9072, 0.7901, 0.0246, 0.7171, 0.4654, 0.7950, 0.7372, 0.5783,
        0.6992, 0.9621, 0.0389, 0.7144, 0.3174, 0.1360, 0.8524, 0.0636, 0.5178,
        0.1294, 0.0478, 0.2916, 0.4341, 0.4640, 0.6671, 0.2271, 0.7497, 0.7462,
        0.3453, 0.4149, 0.9127, 0.9215, 0.5023, 0.0763, 0.8418, 0.7596, 0.5573,
        0.4440, 0.2255, 0.6576, 0.2394, 0.6199, 0.5658, 0.8363, 0.9535, 0.1055,
        0.5220, 0.2169, 0.6240, 0.8728, 0.4526, 0.6577, 0.7507, 0.8391, 0.4036,
        0.1218, 0.7371, 0.1493, 0.3077, 0.6465, 0.5780, 0.5300, 0.5564, 0.2649])
Correlation for training set: 0.8255312225557762
Predicted tensors for test set: 
tensor([0.5968, 0.9534, 0.3876, 0.5162, 0.3685, 0.5736, 0.7714, 0.3433, 0.6648,
        0.7238, 0.4833, 0.5114, 0.7064, 0.6250, 0.7477, 0.5022, 0.5769, 0.5894])
Target tensorsfor test set: 
tensor([0.5779, 0.4818, 0.7791, 0.8561, 0.9656, 0.8988, 0.8411, 0.4993, 0.7125,
        0.7270, 0.5719, 0.6595, 0.8556, 0.4513, 0.9117, 0.1295, 0.5102, 0.9150])
Correlation for test set: 0.038479433494035806
18 5
Fold 5
Epoch: 00, Training Loss: 0.1275, Train MSE: 0.1275, r (train): -0.2398, Test MSE: 0.0815, r (test): -0.2821
Epoch: 01, Training Loss: 0.2468, Train MSE: 0.2468, r (train): -0.2574, Test MSE: 0.1835, r (test): -0.2655
Epoch: 02, Training Loss: 0.4333, Train MSE: 0.4333, r (train): 0.6593, Test MSE: 0.3581, r (test): 0.4101
Epoch: 03, Training Loss: 0.0825, Train MSE: 0.0825, r (train): 0.6620, Test MSE: 0.0750, r (test): 0.4770
Epoch: 04, Training Loss: 0.0451, Train MSE: 0.0451, r (train): 0.6557, Test MSE: 0.0414, r (test): 0.4197
Epoch: 05, Training Loss: 0.1866, Train MSE: 0.1866, r (train): 0.6944, Test MSE: 0.1807, r (test): 0.3523
Epoch: 06, Training Loss: 0.1331, Train MSE: 0.1331, r (train): 0.6997, Test MSE: 0.1161, r (test): 0.4325
Epoch: 07, Training Loss: 0.1111, Train MSE: 0.1111, r (train): 0.7331, Test MSE: 0.1140, r (test): 0.2845
Epoch: 08, Training Loss: 0.1853, Train MSE: 0.1853, r (train): 0.7264, Test MSE: 0.1900, r (test): 0.4369
Epoch: 09, Training Loss: 0.0914, Train MSE: 0.0914, r (train): 0.7373, Test MSE: 0.0965, r (test): 0.3237
Epoch: 10, Training Loss: 0.0350, Train MSE: 0.0350, r (train): 0.7620, Test MSE: 0.0475, r (test): 0.3277
Epoch: 11, Training Loss: 0.0985, Train MSE: 0.0985, r (train): 0.7689, Test MSE: 0.1095, r (test): 0.3659
Epoch: 12, Training Loss: 0.0355, Train MSE: 0.0355, r (train): 0.7910, Test MSE: 0.0548, r (test): 0.2602
Epoch: 13, Training Loss: 0.1355, Train MSE: 0.1355, r (train): 0.6918, Test MSE: 0.1360, r (test): 0.3817
Epoch: 14, Training Loss: 0.0316, Train MSE: 0.0316, r (train): 0.7832, Test MSE: 0.0461, r (test): 0.3154
Epoch: 15, Training Loss: 0.0324, Train MSE: 0.0324, r (train): 0.7763, Test MSE: 0.0444, r (test): 0.3467
Epoch: 16, Training Loss: 0.0400, Train MSE: 0.0400, r (train): 0.7847, Test MSE: 0.0586, r (test): 0.3082
Epoch: 17, Training Loss: 0.0519, Train MSE: 0.0519, r (train): 0.7407, Test MSE: 0.0621, r (test): 0.3380
Epoch: 18, Training Loss: 0.0603, Train MSE: 0.0603, r (train): 0.6924, Test MSE: 0.0696, r (test): 0.1864
Epoch: 19, Training Loss: 0.5800, Train MSE: 0.5800, r (train): 0.6945, Test MSE: 0.5807, r (test): 0.3862
Epoch: 20, Training Loss: 0.1244, Train MSE: 0.1244, r (train): 0.6810, Test MSE: 0.1267, r (test): 0.2724
Epoch: 21, Training Loss: 0.0393, Train MSE: 0.0393, r (train): 0.7730, Test MSE: 0.0519, r (test): 0.2350
Epoch: 22, Training Loss: 0.1291, Train MSE: 0.1291, r (train): 0.6118, Test MSE: 0.1304, r (test): 0.3274
Epoch: 23, Training Loss: 0.0689, Train MSE: 0.0689, r (train): 0.7575, Test MSE: 0.0959, r (test): 0.4308
Epoch: 24, Training Loss: 0.1498, Train MSE: 0.1498, r (train): 0.7564, Test MSE: 0.1692, r (test): 0.3463
Epoch: 25, Training Loss: 0.0298, Train MSE: 0.0298, r (train): 0.7961, Test MSE: 0.0533, r (test): 0.2338
Epoch: 26, Training Loss: 0.1134, Train MSE: 0.1134, r (train): 0.6671, Test MSE: 0.1241, r (test): 0.2010
Epoch: 27, Training Loss: 0.0745, Train MSE: 0.0745, r (train): 0.6929, Test MSE: 0.0926, r (test): 0.1505
Epoch: 28, Training Loss: 0.1440, Train MSE: 0.1440, r (train): 0.7538, Test MSE: 0.1715, r (test): 0.4106
Epoch: 29, Training Loss: 0.0272, Train MSE: 0.0272, r (train): 0.8428, Test MSE: 0.0511, r (test): 0.3015
Epoch: 30, Training Loss: 0.0318, Train MSE: 0.0318, r (train): 0.8446, Test MSE: 0.0482, r (test): 0.3686
Epoch: 31, Training Loss: 0.0347, Train MSE: 0.0347, r (train): 0.7892, Test MSE: 0.0569, r (test): 0.2481
Epoch: 32, Training Loss: 0.1073, Train MSE: 0.1073, r (train): 0.6476, Test MSE: 0.1199, r (test): 0.1762
Epoch: 33, Training Loss: 0.0261, Train MSE: 0.0261, r (train): 0.8219, Test MSE: 0.0505, r (test): 0.3060
Epoch: 34, Training Loss: 0.0642, Train MSE: 0.0642, r (train): 0.8208, Test MSE: 0.0902, r (test): 0.3564
Epoch: 35, Training Loss: 0.0480, Train MSE: 0.0480, r (train): 0.8115, Test MSE: 0.0794, r (test): 0.2483
Epoch: 36, Training Loss: 0.0560, Train MSE: 0.0560, r (train): 0.7097, Test MSE: 0.0696, r (test): 0.2368
Epoch: 37, Training Loss: 0.0446, Train MSE: 0.0446, r (train): 0.7564, Test MSE: 0.0613, r (test): 0.2294
Epoch: 38, Training Loss: 0.0260, Train MSE: 0.0260, r (train): 0.8182, Test MSE: 0.0521, r (test): 0.2374
Epoch: 39, Training Loss: 0.0395, Train MSE: 0.0395, r (train): 0.8194, Test MSE: 0.0714, r (test): 0.2793
Epoch: 40, Training Loss: 0.0661, Train MSE: 0.0661, r (train): 0.8092, Test MSE: 0.0994, r (test): 0.2642
Epoch: 41, Training Loss: 0.0328, Train MSE: 0.0328, r (train): 0.8252, Test MSE: 0.0608, r (test): 0.2416
Epoch: 42, Training Loss: 0.1054, Train MSE: 0.1054, r (train): 0.6841, Test MSE: 0.1186, r (test): 0.2261
Epoch: 43, Training Loss: 0.0463, Train MSE: 0.0463, r (train): 0.7614, Test MSE: 0.0656, r (test): 0.1986
Epoch: 44, Training Loss: 0.0399, Train MSE: 0.0399, r (train): 0.8290, Test MSE: 0.0695, r (test): 0.3961
Epoch: 45, Training Loss: 0.1209, Train MSE: 0.1209, r (train): 0.7948, Test MSE: 0.1435, r (test): 0.4050
Epoch: 46, Training Loss: 0.0413, Train MSE: 0.0413, r (train): 0.8393, Test MSE: 0.0773, r (test): 0.2491
Epoch: 47, Training Loss: 0.1557, Train MSE: 0.1557, r (train): 0.6106, Test MSE: 0.1599, r (test): 0.2191
Epoch: 48, Training Loss: 0.0307, Train MSE: 0.0307, r (train): 0.7927, Test MSE: 0.0483, r (test): 0.2831
Epoch: 49, Training Loss: 0.0271, Train MSE: 0.0271, r (train): 0.8400, Test MSE: 0.0470, r (test): 0.3727
Epoch: 50, Training Loss: 0.0917, Train MSE: 0.0917, r (train): 0.8207, Test MSE: 0.1238, r (test): 0.3854
Epoch: 51, Training Loss: 0.0414, Train MSE: 0.0414, r (train): 0.7857, Test MSE: 0.0611, r (test): 0.2150
Epoch: 52, Training Loss: 0.0602, Train MSE: 0.0602, r (train): 0.7336, Test MSE: 0.0732, r (test): 0.2671
Epoch: 53, Training Loss: 0.0270, Train MSE: 0.0270, r (train): 0.8161, Test MSE: 0.0450, r (test): 0.3295
Epoch: 54, Training Loss: 0.0597, Train MSE: 0.0597, r (train): 0.8210, Test MSE: 0.0933, r (test): 0.2856
Epoch: 55, Training Loss: 0.0423, Train MSE: 0.0423, r (train): 0.8082, Test MSE: 0.0630, r (test): 0.2616
Epoch: 56, Training Loss: 0.0286, Train MSE: 0.0286, r (train): 0.8118, Test MSE: 0.0502, r (test): 0.2698
Epoch: 57, Training Loss: 0.0306, Train MSE: 0.0306, r (train): 0.8157, Test MSE: 0.0508, r (test): 0.2775
Epoch: 58, Training Loss: 0.0324, Train MSE: 0.0324, r (train): 0.7948, Test MSE: 0.0507, r (test): 0.2746
Epoch: 59, Training Loss: 0.0335, Train MSE: 0.0335, r (train): 0.7914, Test MSE: 0.0500, r (test): 0.3235
Epoch: 60, Training Loss: 0.0569, Train MSE: 0.0569, r (train): 0.8316, Test MSE: 0.0890, r (test): 0.3501
Epoch: 61, Training Loss: 0.0307, Train MSE: 0.0307, r (train): 0.8140, Test MSE: 0.0536, r (test): 0.2480
Epoch: 62, Training Loss: 0.0371, Train MSE: 0.0371, r (train): 0.8072, Test MSE: 0.0587, r (test): 0.2338
Epoch: 63, Training Loss: 0.0359, Train MSE: 0.0359, r (train): 0.8085, Test MSE: 0.0534, r (test): 0.2713
Epoch: 64, Training Loss: 0.0334, Train MSE: 0.0334, r (train): 0.8305, Test MSE: 0.0572, r (test): 0.3888
Epoch: 65, Training Loss: 0.0429, Train MSE: 0.0429, r (train): 0.8278, Test MSE: 0.0746, r (test): 0.2919
Epoch: 66, Training Loss: 0.0489, Train MSE: 0.0489, r (train): 0.8129, Test MSE: 0.0785, r (test): 0.1512
Epoch: 67, Training Loss: 0.0719, Train MSE: 0.0719, r (train): 0.7545, Test MSE: 0.0865, r (test): 0.2566
Epoch: 68, Training Loss: 0.0231, Train MSE: 0.0231, r (train): 0.8418, Test MSE: 0.0475, r (test): 0.3442
Epoch: 69, Training Loss: 0.0754, Train MSE: 0.0754, r (train): 0.8305, Test MSE: 0.1145, r (test): 0.2725
Epoch: 70, Training Loss: 0.0383, Train MSE: 0.0383, r (train): 0.8028, Test MSE: 0.0573, r (test): 0.2605
Epoch: 71, Training Loss: 0.0388, Train MSE: 0.0388, r (train): 0.7986, Test MSE: 0.0568, r (test): 0.2471
Epoch: 72, Training Loss: 0.0234, Train MSE: 0.0234, r (train): 0.8381, Test MSE: 0.0455, r (test): 0.3587
Epoch: 73, Training Loss: 0.0240, Train MSE: 0.0240, r (train): 0.8356, Test MSE: 0.0493, r (test): 0.2926
Epoch: 74, Training Loss: 0.0345, Train MSE: 0.0345, r (train): 0.7900, Test MSE: 0.0539, r (test): 0.2717
Epoch: 75, Training Loss: 0.0349, Train MSE: 0.0349, r (train): 0.8128, Test MSE: 0.0564, r (test): 0.2944
Epoch: 76, Training Loss: 0.0232, Train MSE: 0.0232, r (train): 0.8426, Test MSE: 0.0492, r (test): 0.2687
Epoch: 77, Training Loss: 0.0231, Train MSE: 0.0231, r (train): 0.8412, Test MSE: 0.0505, r (test): 0.2574
Epoch: 78, Training Loss: 0.0409, Train MSE: 0.0409, r (train): 0.8261, Test MSE: 0.0700, r (test): 0.2637
Epoch: 79, Training Loss: 0.0294, Train MSE: 0.0294, r (train): 0.8288, Test MSE: 0.0552, r (test): 0.2969
Epoch: 80, Training Loss: 0.0432, Train MSE: 0.0432, r (train): 0.8122, Test MSE: 0.0630, r (test): 0.2910
Epoch: 81, Training Loss: 0.0241, Train MSE: 0.0241, r (train): 0.8369, Test MSE: 0.0499, r (test): 0.2645
Epoch: 82, Training Loss: 0.0258, Train MSE: 0.0258, r (train): 0.8465, Test MSE: 0.0558, r (test): 0.3385
Epoch: 83, Training Loss: 0.1364, Train MSE: 0.1364, r (train): 0.8180, Test MSE: 0.1793, r (test): 0.3440
Epoch: 84, Training Loss: 0.0979, Train MSE: 0.0979, r (train): 0.7643, Test MSE: 0.1137, r (test): 0.2666
Epoch: 85, Training Loss: 0.0390, Train MSE: 0.0390, r (train): 0.8066, Test MSE: 0.0600, r (test): 0.2304
Epoch: 86, Training Loss: 0.0301, Train MSE: 0.0301, r (train): 0.8588, Test MSE: 0.0640, r (test): 0.3590
Epoch: 87, Training Loss: 0.0645, Train MSE: 0.0645, r (train): 0.8417, Test MSE: 0.1017, r (test): 0.3740
Epoch: 88, Training Loss: 0.0375, Train MSE: 0.0375, r (train): 0.8004, Test MSE: 0.0636, r (test): 0.1910
Epoch: 89, Training Loss: 0.0342, Train MSE: 0.0342, r (train): 0.8094, Test MSE: 0.0535, r (test): 0.2870
Epoch: 90, Training Loss: 0.0330, Train MSE: 0.0330, r (train): 0.8343, Test MSE: 0.0530, r (test): 0.2858
Epoch: 91, Training Loss: 0.0338, Train MSE: 0.0338, r (train): 0.8504, Test MSE: 0.0675, r (test): 0.3111
Epoch: 92, Training Loss: 0.0752, Train MSE: 0.0752, r (train): 0.8449, Test MSE: 0.1161, r (test): 0.2935
Epoch: 93, Training Loss: 0.0479, Train MSE: 0.0479, r (train): 0.8032, Test MSE: 0.0657, r (test): 0.2815
Epoch: 94, Training Loss: 0.0302, Train MSE: 0.0302, r (train): 0.8352, Test MSE: 0.0507, r (test): 0.2976
Epoch: 95, Training Loss: 0.0246, Train MSE: 0.0246, r (train): 0.8312, Test MSE: 0.0462, r (test): 0.3208
Epoch: 96, Training Loss: 0.1147, Train MSE: 0.1147, r (train): 0.8376, Test MSE: 0.1570, r (test): 0.3710
Epoch: 97, Training Loss: 0.0330, Train MSE: 0.0330, r (train): 0.8237, Test MSE: 0.0536, r (test): 0.2781
Epoch: 98, Training Loss: 0.0485, Train MSE: 0.0485, r (train): 0.8080, Test MSE: 0.0648, r (test): 0.2702
Epoch: 99, Training Loss: 0.0220, Train MSE: 0.0220, r (train): 0.8489, Test MSE: 0.0459, r (test): 0.3367
Predicted tensors for training set: 
tensor([0.3388, 0.7646, 0.5236, 0.6452, 0.9069, 0.1385, 0.4378, 0.4815, 0.2788,
        0.3725, 0.7571, 0.7033, 0.0455, 0.8456, 0.5820, 0.9193, 0.4889, 0.3594,
        0.4564, 0.6247, 0.1676, 1.0133, 0.4730, 0.2592, 1.0375, 0.1166, 0.6453,
        0.1852, 0.2858, 0.5247, 0.6362, 0.6915, 0.6332, 0.2240, 0.7270, 0.7205,
        0.2331, 0.2673, 0.7626, 0.7655, 0.4896, 0.0690, 0.8276, 0.7504, 0.6256,
        0.5705, 0.3676, 0.7532, 0.2266, 0.5664, 0.5358, 0.7644, 1.0036, 0.1967,
        0.6485, 0.5841, 0.4712, 0.5172, 0.5970, 0.5368, 0.6712, 0.4376, 0.5444,
        0.5691, 0.4954, 0.5605, 0.7133, 0.4335, 0.8062, 0.1522, 0.4991, 0.7978])
Target tensorsfor training set: 
tensor([0.2594, 0.8453, 0.5187, 0.6846, 0.9492, 0.0981, 0.3829, 0.4373, 0.2464,
        0.3309, 0.9072, 0.7901, 0.0246, 0.7171, 0.4654, 0.7950, 0.7372, 0.5783,
        0.6992, 0.9621, 0.0389, 0.7144, 0.3174, 0.1360, 0.8524, 0.0636, 0.5178,
        0.1294, 0.0478, 0.2916, 0.4341, 0.4640, 0.6671, 0.2271, 0.7497, 0.7462,
        0.3453, 0.4149, 0.9127, 0.9215, 0.5023, 0.0763, 0.8418, 0.7596, 0.5573,
        0.4440, 0.2255, 0.6576, 0.2394, 0.6199, 0.5658, 0.8363, 0.9535, 0.1055,
        0.5779, 0.4818, 0.7791, 0.8561, 0.9656, 0.8988, 0.8411, 0.4993, 0.7125,
        0.7270, 0.5719, 0.6595, 0.8556, 0.4513, 0.9117, 0.1295, 0.5102, 0.9150])
Correlation for training set: 0.8488954239613673
Predicted tensors for test set: 
tensor([0.6834, 0.4276, 0.5465, 0.6469, 0.5546, 0.7178, 0.6941, 0.4044, 0.7037,
        0.4326, 0.5652, 0.4295, 0.5563, 0.5059, 0.4779, 0.3503, 0.5083, 0.5317])
Target tensorsfor test set: 
tensor([0.5220, 0.2169, 0.6240, 0.8728, 0.4526, 0.6577, 0.7507, 0.8391, 0.4036,
        0.1218, 0.7371, 0.1493, 0.3077, 0.6465, 0.5780, 0.5300, 0.5564, 0.2649])
Correlation for test set: 0.3367102619171963
Validation set predictions (100 folds): [tensor([0.7808, 1.2580, 0.8847, 0.9802, 0.9459, 0.8824, 0.6244, 0.7240, 0.8119,
        1.0076, 0.8641, 0.8252, 1.0132, 0.7226, 1.0527, 1.0893, 0.6802, 0.9584]), tensor([0.3799, 0.3746, 0.3571, 0.5431, 0.5765, 0.7961, 0.8587, 0.5808, 0.5490,
        0.4607, 0.7140, 0.5276, 0.6055, 0.6327, 0.4808, 0.4733, 0.8572, 0.7273]), tensor([0.5807, 0.4888, 0.6080, 0.5919, 0.5999, 0.5485, 0.6391, 0.6061, 0.6048,
        0.5084, 0.6527, 0.6075, 0.7611, 0.6363, 0.5950, 0.5052, 0.6977, 0.4852]), tensor([0.5968, 0.9534, 0.3876, 0.5162, 0.3685, 0.5736, 0.7714, 0.3433, 0.6648,
        0.7238, 0.4833, 0.5114, 0.7064, 0.6250, 0.7477, 0.5022, 0.5769, 0.5894]), tensor([0.6834, 0.4276, 0.5465, 0.6469, 0.5546, 0.7178, 0.6941, 0.4044, 0.7037,
        0.4326, 0.5652, 0.4295, 0.5563, 0.5059, 0.4779, 0.3503, 0.5083, 0.5317])]
Validation set targets (100 folds): [tensor([0.2594, 0.8453, 0.5187, 0.6846, 0.9492, 0.0981, 0.3829, 0.4373, 0.2464,
        0.3309, 0.9072, 0.7901, 0.0246, 0.7171, 0.4654, 0.7950, 0.7372, 0.5783]), tensor([0.6992, 0.9621, 0.0389, 0.7144, 0.3174, 0.1360, 0.8524, 0.0636, 0.5178,
        0.1294, 0.0478, 0.2916, 0.4341, 0.4640, 0.6671, 0.2271, 0.7497, 0.7462]), tensor([0.3453, 0.4149, 0.9127, 0.9215, 0.5023, 0.0763, 0.8418, 0.7596, 0.5573,
        0.4440, 0.2255, 0.6576, 0.2394, 0.6199, 0.5658, 0.8363, 0.9535, 0.1055]), tensor([0.5779, 0.4818, 0.7791, 0.8561, 0.9656, 0.8988, 0.8411, 0.4993, 0.7125,
        0.7270, 0.5719, 0.6595, 0.8556, 0.4513, 0.9117, 0.1295, 0.5102, 0.9150]), tensor([0.5220, 0.2169, 0.6240, 0.8728, 0.4526, 0.6577, 0.7507, 0.8391, 0.4036,
        0.1218, 0.7371, 0.1493, 0.3077, 0.6465, 0.5780, 0.5300, 0.5564, 0.2649])]
Time taken: 18418.232015371323 seconds
