DenseNet_hippocampus_37.py
/apps/monai/MONAI0.8.1/lib/python3.9/site-packages/torch/cuda/__init__.py:143: UserWarning: 
NVIDIA B200 with CUDA capability sm_100 is not compatible with the current PyTorch installation.
The current PyTorch install supports CUDA capabilities sm_37 sm_50 sm_60 sm_61 sm_70 sm_75 sm_80 sm_86 compute_37.
If you want to use the NVIDIA B200 GPU with PyTorch, please check the instructions at https://pytorch.org/get-started/locally/

  warnings.warn(incompatible_device_warn.format(device_name, capability, " ".join(arch_list), device_name))
90
Image shape: torch.Size([256, 256, 256])
Label: 0.737099236

Image shape: torch.Size([256, 256, 256])
Label: 0.667105602

Image shape: torch.Size([256, 256, 256])
Label: 0.063583908

Image shape: torch.Size([256, 256, 256])
Label: 0.437273408

Image shape: torch.Size([256, 256, 256])
Label: 0.714356234

Image shape: torch.Size([256, 256, 256])
Label: 0.34531344

Image shape: torch.Size([256, 256, 256])
Label: 0.646490545

Image shape: torch.Size([256, 256, 256])
Label: 0.225463904

Image shape: torch.Size([256, 256, 256])
Label: 0.307667842

Image shape: torch.Size([256, 256, 256])
Label: 0.794978716

Image shape: torch.Size([256, 256, 256])
Label: 0.965645278

Image shape: torch.Size([256, 256, 256])
Label: 0.216921218

Image shape: torch.Size([256, 256, 256])
Label: 0.57804499

Image shape: torch.Size([256, 256, 256])
Label: 0.463984431

Image shape: torch.Size([256, 256, 256])
Label: 0.759624831

Image shape: torch.Size([256, 256, 256])
Label: 0.727035333

Image shape: torch.Size([256, 256, 256])
Label: 0.657691961

Image shape: torch.Size([256, 256, 256])
Label: 0.841130428

Image shape: torch.Size([256, 256, 256])
Label: 0.953465465

Image shape: torch.Size([256, 256, 256])
Label: 0.26490909

Image shape: torch.Size([256, 256, 256])
Label: 0.43409457

Image shape: torch.Size([256, 256, 256])
Label: 0.291630426

Image shape: torch.Size([256, 256, 256])
Label: 0.518716963

Image shape: torch.Size([256, 256, 256])
Label: 0.522016133

Image shape: torch.Size([256, 256, 256])
Label: 0.444012353

Image shape: torch.Size([256, 256, 256])
Label: 0.038874365

Image shape: torch.Size([256, 256, 256])
Label: 0.872805901

Image shape: torch.Size([256, 256, 256])
Label: 0.790096101

Image shape: torch.Size([256, 256, 256])
Label: 0.510151238

Image shape: torch.Size([256, 256, 256])
Label: 0.55726975

Image shape: torch.Size([256, 256, 256])
Label: 0.121809436

Image shape: torch.Size([256, 256, 256])
Label: 0.659493008

Image shape: torch.Size([256, 256, 256])
Label: 0.499347098

Image shape: torch.Size([256, 256, 256])
Label: 0.699213269

Image shape: torch.Size([256, 256, 256])
Label: 0.246363884

Image shape: torch.Size([256, 256, 256])
Label: 0.403550924

Image shape: torch.Size([256, 256, 256])
Label: 0.845253622

Image shape: torch.Size([256, 256, 256])
Label: 0.856107326

Image shape: torch.Size([256, 256, 256])
Label: 0.14931566

Image shape: torch.Size([256, 256, 256])
Label: 0.712524369

Image shape: torch.Size([256, 256, 256])
Label: 0.330926406

Image shape: torch.Size([256, 256, 256])
Label: 0.717144575

Image shape: torch.Size([256, 256, 256])
Label: 0.259369175

Image shape: torch.Size([256, 256, 256])
Label: 0.129379513

Image shape: torch.Size([256, 256, 256])
Label: 0.91273199

Image shape: torch.Size([256, 256, 256])
Label: 0.024634435

Image shape: torch.Size([256, 256, 256])
Label: 0.239393515

Image shape: torch.Size([256, 256, 256])
Label: 0.517802514

Image shape: torch.Size([256, 256, 256])
Label: 0.949166278

Image shape: torch.Size([256, 256, 256])
Label: 0.076332172

Image shape: torch.Size([256, 256, 256])
Label: 0.623989995

Image shape: torch.Size([256, 256, 256])
Label: 0.684642475

Image shape: torch.Size([256, 256, 256])
Label: 0.31742745

Image shape: torch.Size([256, 256, 256])
Label: 0.839077585

Image shape: torch.Size([256, 256, 256])
Label: 0.382857646

Image shape: torch.Size([256, 256, 256])
Label: 0.578327051

Image shape: torch.Size([256, 256, 256])
Label: 0.836265129

Image shape: torch.Size([256, 256, 256])
Label: 0.502254367

Image shape: torch.Size([256, 256, 256])
Label: 0.750732335

Image shape: torch.Size([256, 256, 256])
Label: 0.855579732

Image shape: torch.Size([256, 256, 256])
Label: 0.749740575

Image shape: torch.Size([256, 256, 256])
Label: 0.098052496

Image shape: torch.Size([256, 256, 256])
Label: 0.136048492

Image shape: torch.Size([256, 256, 256])
Label: 0.737192172

Image shape: torch.Size([256, 256, 256])
Label: 0.619874898

Image shape: torch.Size([256, 256, 256])
Label: 0.898762669

Image shape: torch.Size([256, 256, 256])
Label: 0.911671093

Image shape: torch.Size([256, 256, 256])
Label: 0.414935686

Image shape: torch.Size([256, 256, 256])
Label: 0.571907479

Image shape: torch.Size([256, 256, 256])
Label: 0.451287356

Image shape: torch.Size([256, 256, 256])
Label: 0.48182514

Image shape: torch.Size([256, 256, 256])
Label: 0.047813956

Image shape: torch.Size([256, 256, 256])
Label: 0.779103135

Image shape: torch.Size([256, 256, 256])
Label: 0.565846925

Image shape: torch.Size([256, 256, 256])
Label: 0.529961465

Image shape: torch.Size([256, 256, 256])
Label: 0.962135747

Image shape: torch.Size([256, 256, 256])
Label: 0.452638778

Image shape: torch.Size([256, 256, 256])
Label: 0.92154251

Image shape: torch.Size([256, 256, 256])
Label: 0.852431609

Image shape: torch.Size([256, 256, 256])
Label: 0.46544507

Image shape: torch.Size([256, 256, 256])
Label: 0.55641775

Image shape: torch.Size([256, 256, 256])
Label: 0.577850585

Image shape: torch.Size([256, 256, 256])
Label: 0.105524477

Image shape: torch.Size([256, 256, 256])
Label: 0.746225617

Image shape: torch.Size([256, 256, 256])
Label: 0.841767741

Image shape: torch.Size([256, 256, 256])
Label: 0.91498566

Image shape: torch.Size([256, 256, 256])
Label: 0.907159832

Image shape: torch.Size([256, 256, 256])
Label: 0.129485328

Image shape: torch.Size([256, 256, 256])
Label: 0.657623403

Image shape: torch.Size([256, 256, 256])
Label: 0.227116465

18 5
Fold 1
Epoch: 00, Training Loss: 0.1258, Train MSE: 0.1258, r (train): -0.2744, Test MSE: 0.1180, r (test): -0.3451
Epoch: 01, Training Loss: 0.2061, Train MSE: 0.2061, r (train): -0.2350, Test MSE: 0.2036, r (test): -0.3162
Epoch: 02, Training Loss: 0.4209, Train MSE: 0.4209, r (train): 0.6021, Test MSE: 0.4294, r (test): -0.2575
Epoch: 03, Training Loss: 0.4192, Train MSE: 0.4192, r (train): 0.7539, Test MSE: 0.4349, r (test): 0.0235
Epoch: 04, Training Loss: 0.6619, Train MSE: 0.6619, r (train): 0.7321, Test MSE: 0.6639, r (test): 0.1506
Epoch: 05, Training Loss: 0.0417, Train MSE: 0.0417, r (train): 0.7938, Test MSE: 0.0791, r (test): -0.0368
Epoch: 06, Training Loss: 0.0353, Train MSE: 0.0353, r (train): 0.8829, Test MSE: 0.1335, r (test): -0.0348
Epoch: 07, Training Loss: 0.0199, Train MSE: 0.0199, r (train): 0.9055, Test MSE: 0.0916, r (test): 0.0193
Epoch: 08, Training Loss: 0.0699, Train MSE: 0.0699, r (train): 0.7360, Test MSE: 0.1203, r (test): 0.1496
Epoch: 09, Training Loss: 0.0200, Train MSE: 0.0200, r (train): 0.8847, Test MSE: 0.0953, r (test): -0.0724
Epoch: 10, Training Loss: 0.0239, Train MSE: 0.0239, r (train): 0.9129, Test MSE: 0.0864, r (test): 0.0733
Epoch: 11, Training Loss: 0.0589, Train MSE: 0.0589, r (train): 0.8913, Test MSE: 0.1139, r (test): 0.1712
Epoch: 12, Training Loss: 0.0754, Train MSE: 0.0754, r (train): 0.8863, Test MSE: 0.1155, r (test): -0.0006
Epoch: 13, Training Loss: 0.0183, Train MSE: 0.0183, r (train): 0.8925, Test MSE: 0.0782, r (test): 0.0142
Epoch: 14, Training Loss: 0.0387, Train MSE: 0.0387, r (train): 0.9047, Test MSE: 0.0922, r (test): -0.0053
Epoch: 15, Training Loss: 0.0117, Train MSE: 0.0117, r (train): 0.9210, Test MSE: 0.0711, r (test): 0.0293
Epoch: 16, Training Loss: 0.1968, Train MSE: 0.1968, r (train): 0.9162, Test MSE: 0.2924, r (test): 0.0165
Epoch: 17, Training Loss: 0.0242, Train MSE: 0.0242, r (train): 0.9182, Test MSE: 0.0755, r (test): 0.0430
Epoch: 18, Training Loss: 0.0366, Train MSE: 0.0366, r (train): 0.8894, Test MSE: 0.0981, r (test): 0.0106
Epoch: 19, Training Loss: 0.0894, Train MSE: 0.0894, r (train): 0.8790, Test MSE: 0.1406, r (test): -0.0745
Epoch: 20, Training Loss: 0.0159, Train MSE: 0.0159, r (train): 0.9133, Test MSE: 0.0667, r (test): 0.1487
Epoch: 21, Training Loss: 0.1039, Train MSE: 0.1039, r (train): 0.9199, Test MSE: 0.1855, r (test): 0.0965
Epoch: 22, Training Loss: 0.0792, Train MSE: 0.0792, r (train): 0.8786, Test MSE: 0.1357, r (test): -0.0438
Epoch: 23, Training Loss: 0.0248, Train MSE: 0.0248, r (train): 0.8977, Test MSE: 0.0832, r (test): 0.0105
Epoch: 24, Training Loss: 0.0135, Train MSE: 0.0135, r (train): 0.9132, Test MSE: 0.0698, r (test): 0.0215
Epoch: 25, Training Loss: 0.1454, Train MSE: 0.1454, r (train): 0.9200, Test MSE: 0.2384, r (test): 0.0945
Epoch: 26, Training Loss: 0.0337, Train MSE: 0.0337, r (train): 0.8889, Test MSE: 0.0927, r (test): -0.0222
Epoch: 27, Training Loss: 0.0423, Train MSE: 0.0423, r (train): 0.8858, Test MSE: 0.0982, r (test): -0.0130
Epoch: 28, Training Loss: 0.0184, Train MSE: 0.0184, r (train): 0.8935, Test MSE: 0.0671, r (test): 0.0579
Epoch: 29, Training Loss: 0.0139, Train MSE: 0.0139, r (train): 0.9135, Test MSE: 0.0631, r (test): 0.1758
Epoch: 30, Training Loss: 0.0689, Train MSE: 0.0689, r (train): 0.9166, Test MSE: 0.1584, r (test): -0.0445
Epoch: 31, Training Loss: 0.0316, Train MSE: 0.0316, r (train): 0.8760, Test MSE: 0.0857, r (test): -0.0344
Epoch: 32, Training Loss: 0.0194, Train MSE: 0.0194, r (train): 0.9081, Test MSE: 0.0725, r (test): 0.0559
Epoch: 33, Training Loss: 0.0361, Train MSE: 0.0361, r (train): 0.9133, Test MSE: 0.0959, r (test): 0.1101
Epoch: 34, Training Loss: 0.0125, Train MSE: 0.0125, r (train): 0.9170, Test MSE: 0.0734, r (test): 0.0113
Epoch: 35, Training Loss: 0.0286, Train MSE: 0.0286, r (train): 0.9019, Test MSE: 0.0826, r (test): 0.0464
Epoch: 36, Training Loss: 0.0254, Train MSE: 0.0254, r (train): 0.9103, Test MSE: 0.0883, r (test): -0.0232
Epoch: 37, Training Loss: 0.0144, Train MSE: 0.0144, r (train): 0.9226, Test MSE: 0.0735, r (test): 0.0620
Epoch: 38, Training Loss: 0.0174, Train MSE: 0.0174, r (train): 0.9023, Test MSE: 0.0707, r (test): 0.1067
Epoch: 39, Training Loss: 0.0237, Train MSE: 0.0237, r (train): 0.9031, Test MSE: 0.0905, r (test): -0.0614
Epoch: 40, Training Loss: 0.0141, Train MSE: 0.0141, r (train): 0.9080, Test MSE: 0.0674, r (test): 0.0539
Epoch: 41, Training Loss: 0.0226, Train MSE: 0.0226, r (train): 0.9086, Test MSE: 0.0729, r (test): 0.1366
Epoch: 42, Training Loss: 0.0132, Train MSE: 0.0132, r (train): 0.9084, Test MSE: 0.0685, r (test): 0.0602
Epoch: 43, Training Loss: 0.2011, Train MSE: 0.2011, r (train): 0.9073, Test MSE: 0.2839, r (test): 0.0334
Epoch: 44, Training Loss: 0.0157, Train MSE: 0.0157, r (train): 0.9103, Test MSE: 0.0850, r (test): -0.0622
Epoch: 45, Training Loss: 0.0192, Train MSE: 0.0192, r (train): 0.9253, Test MSE: 0.0819, r (test): 0.0251
Epoch: 46, Training Loss: 0.0350, Train MSE: 0.0350, r (train): 0.8978, Test MSE: 0.0810, r (test): 0.1780
Epoch: 47, Training Loss: 0.0194, Train MSE: 0.0194, r (train): 0.9127, Test MSE: 0.0808, r (test): -0.0239
Epoch: 48, Training Loss: 0.0158, Train MSE: 0.0158, r (train): 0.9111, Test MSE: 0.0737, r (test): 0.0540
Epoch: 49, Training Loss: 0.0655, Train MSE: 0.0655, r (train): 0.9232, Test MSE: 0.1428, r (test): 0.0345
Epoch: 50, Training Loss: 0.0412, Train MSE: 0.0412, r (train): 0.9008, Test MSE: 0.0935, r (test): 0.0239
Epoch: 51, Training Loss: 0.0181, Train MSE: 0.0181, r (train): 0.9047, Test MSE: 0.0781, r (test): 0.0396
Epoch: 52, Training Loss: 0.0220, Train MSE: 0.0220, r (train): 0.9120, Test MSE: 0.0770, r (test): 0.0356
Epoch: 53, Training Loss: 0.0218, Train MSE: 0.0218, r (train): 0.9145, Test MSE: 0.0845, r (test): 0.0055
Epoch: 54, Training Loss: 0.0307, Train MSE: 0.0307, r (train): 0.9050, Test MSE: 0.0828, r (test): 0.1087
Epoch: 55, Training Loss: 0.0210, Train MSE: 0.0210, r (train): 0.9136, Test MSE: 0.0852, r (test): 0.0194
Epoch: 56, Training Loss: 0.0324, Train MSE: 0.0324, r (train): 0.8905, Test MSE: 0.0885, r (test): 0.0287
Epoch: 57, Training Loss: 0.0133, Train MSE: 0.0133, r (train): 0.9120, Test MSE: 0.0695, r (test): 0.0271
Epoch: 58, Training Loss: 0.0654, Train MSE: 0.0654, r (train): 0.9162, Test MSE: 0.1361, r (test): 0.0046
Epoch: 59, Training Loss: 0.0471, Train MSE: 0.0471, r (train): 0.9291, Test MSE: 0.1141, r (test): 0.0919
Epoch: 60, Training Loss: 0.1070, Train MSE: 0.1070, r (train): 0.8797, Test MSE: 0.1588, r (test): 0.0918
Epoch: 61, Training Loss: 0.0634, Train MSE: 0.0634, r (train): 0.9115, Test MSE: 0.1254, r (test): 0.0119
Epoch: 62, Training Loss: 0.0551, Train MSE: 0.0551, r (train): 0.9214, Test MSE: 0.1317, r (test): -0.0242
Epoch: 63, Training Loss: 0.0344, Train MSE: 0.0344, r (train): 0.9292, Test MSE: 0.0981, r (test): 0.0897
Epoch: 64, Training Loss: 0.0203, Train MSE: 0.0203, r (train): 0.8989, Test MSE: 0.0760, r (test): 0.0342
Epoch: 65, Training Loss: 0.0168, Train MSE: 0.0168, r (train): 0.9034, Test MSE: 0.0709, r (test): 0.0584
Epoch: 66, Training Loss: 0.0126, Train MSE: 0.0126, r (train): 0.9147, Test MSE: 0.0673, r (test): 0.0622
Epoch: 67, Training Loss: 0.0164, Train MSE: 0.0164, r (train): 0.9261, Test MSE: 0.0758, r (test): 0.0653
Epoch: 68, Training Loss: 0.0142, Train MSE: 0.0142, r (train): 0.9129, Test MSE: 0.0739, r (test): 0.0115
Epoch: 69, Training Loss: 0.0700, Train MSE: 0.0700, r (train): 0.8600, Test MSE: 0.1247, r (test): 0.0608
Epoch: 70, Training Loss: 0.0336, Train MSE: 0.0336, r (train): 0.9100, Test MSE: 0.0971, r (test): 0.0099
Epoch: 71, Training Loss: 0.2921, Train MSE: 0.2921, r (train): 0.9210, Test MSE: 0.3847, r (test): 0.0928
Epoch: 72, Training Loss: 0.0130, Train MSE: 0.0130, r (train): 0.9282, Test MSE: 0.0712, r (test): 0.1081
Epoch: 73, Training Loss: 0.0270, Train MSE: 0.0270, r (train): 0.9001, Test MSE: 0.0841, r (test): -0.0130
Epoch: 74, Training Loss: 0.0162, Train MSE: 0.0162, r (train): 0.9118, Test MSE: 0.0683, r (test): 0.1142
Epoch: 75, Training Loss: 0.0240, Train MSE: 0.0240, r (train): 0.9274, Test MSE: 0.0846, r (test): 0.0670
Epoch: 76, Training Loss: 0.0147, Train MSE: 0.0147, r (train): 0.9133, Test MSE: 0.0690, r (test): 0.0478
Epoch: 77, Training Loss: 0.0626, Train MSE: 0.0626, r (train): 0.8808, Test MSE: 0.1177, r (test): 0.0892
Epoch: 78, Training Loss: 0.0132, Train MSE: 0.0132, r (train): 0.9091, Test MSE: 0.0698, r (test): -0.0082
Epoch: 79, Training Loss: 0.0332, Train MSE: 0.0332, r (train): 0.9228, Test MSE: 0.0925, r (test): 0.0961
Epoch: 80, Training Loss: 0.0123, Train MSE: 0.0123, r (train): 0.9192, Test MSE: 0.0687, r (test): 0.0661
Epoch: 81, Training Loss: 0.0220, Train MSE: 0.0220, r (train): 0.9079, Test MSE: 0.0780, r (test): 0.0155
Epoch: 82, Training Loss: 0.0132, Train MSE: 0.0132, r (train): 0.9222, Test MSE: 0.0634, r (test): 0.1754
Epoch: 83, Training Loss: 0.0442, Train MSE: 0.0442, r (train): 0.9341, Test MSE: 0.1145, r (test): 0.1319
Epoch: 84, Training Loss: 0.0171, Train MSE: 0.0171, r (train): 0.9157, Test MSE: 0.0761, r (test): 0.0200
Epoch: 85, Training Loss: 0.0135, Train MSE: 0.0135, r (train): 0.9135, Test MSE: 0.0708, r (test): 0.0696
Epoch: 86, Training Loss: 0.0115, Train MSE: 0.0115, r (train): 0.9213, Test MSE: 0.0650, r (test): 0.0908
Epoch: 87, Training Loss: 0.0169, Train MSE: 0.0169, r (train): 0.9224, Test MSE: 0.0757, r (test): 0.0847
Epoch: 88, Training Loss: 0.0845, Train MSE: 0.0845, r (train): 0.8642, Test MSE: 0.1408, r (test): 0.0819
Epoch: 89, Training Loss: 0.0153, Train MSE: 0.0153, r (train): 0.8997, Test MSE: 0.0721, r (test): -0.0051
Epoch: 90, Training Loss: 0.0248, Train MSE: 0.0248, r (train): 0.9101, Test MSE: 0.0733, r (test): 0.1982
Epoch: 91, Training Loss: 0.0706, Train MSE: 0.0706, r (train): 0.9269, Test MSE: 0.1439, r (test): 0.0355
Epoch: 92, Training Loss: 0.0155, Train MSE: 0.0155, r (train): 0.9185, Test MSE: 0.0681, r (test): 0.0739
Epoch: 93, Training Loss: 0.0143, Train MSE: 0.0143, r (train): 0.9086, Test MSE: 0.0697, r (test): 0.0899
Epoch: 94, Training Loss: 0.0280, Train MSE: 0.0280, r (train): 0.9251, Test MSE: 0.0933, r (test): 0.0537
Epoch: 95, Training Loss: 0.0391, Train MSE: 0.0391, r (train): 0.9263, Test MSE: 0.1043, r (test): 0.0767
Epoch: 96, Training Loss: 0.0355, Train MSE: 0.0355, r (train): 0.8977, Test MSE: 0.0886, r (test): 0.1243
Epoch: 97, Training Loss: 0.0591, Train MSE: 0.0591, r (train): 0.8780, Test MSE: 0.1077, r (test): 0.0226
Epoch: 98, Training Loss: 0.0159, Train MSE: 0.0159, r (train): 0.9012, Test MSE: 0.0625, r (test): 0.1721
Epoch: 99, Training Loss: 0.0637, Train MSE: 0.0637, r (train): 0.9261, Test MSE: 0.1345, r (test): 0.0739
Predicted tensors for training set: 
tensor([1.1084, 0.4704, 0.6384, 0.4390, 0.8659, 0.9244, 0.7284, 0.3301, 1.1075,
        0.9383, 0.6319, 0.7258, 0.3267, 0.8821, 0.7955, 0.8198, 0.3952, 0.6974,
        1.1598, 1.0434, 0.3808, 0.9790, 0.5431, 0.8846, 0.7377, 0.5973, 1.4575,
        0.4921, 0.6263, 0.8846, 1.3846, 0.3599, 0.8186, 0.8945, 0.5244, 0.9628,
        0.5338, 0.7469, 0.9273, 0.6392, 0.9725, 0.9555, 0.9766, 0.2537, 0.3263,
        0.9442, 0.8422, 1.1403, 1.1356, 0.6528, 0.8247, 0.6432, 0.7295, 0.2800,
        1.0338, 0.8134, 0.5652, 0.9285, 0.5350, 0.9053, 1.1893, 0.7630, 0.8303,
        0.8708, 0.3133, 0.9160, 1.0333, 1.0642, 1.1828, 0.3688, 0.9170, 0.4404])
Target tensorsfor training set: 
tensor([0.9535, 0.2649, 0.4341, 0.2916, 0.5187, 0.5220, 0.4440, 0.0389, 0.8728,
        0.7901, 0.5102, 0.5573, 0.1218, 0.6595, 0.4993, 0.6992, 0.2464, 0.4036,
        0.8453, 0.8561, 0.1493, 0.7125, 0.3309, 0.7171, 0.2594, 0.1294, 0.9127,
        0.0246, 0.2394, 0.5178, 0.9492, 0.0763, 0.6240, 0.6846, 0.3174, 0.8391,
        0.3829, 0.5783, 0.8363, 0.5023, 0.7507, 0.8556, 0.7497, 0.0981, 0.1360,
        0.7372, 0.6199, 0.8988, 0.9117, 0.4149, 0.5719, 0.4513, 0.4818, 0.0478,
        0.7791, 0.5658, 0.5300, 0.9621, 0.4526, 0.9215, 0.8524, 0.4654, 0.5564,
        0.5779, 0.1055, 0.7462, 0.8418, 0.9150, 0.9072, 0.1295, 0.6576, 0.2271])
Correlation for training set: 0.9261139530800611
Predicted tensors for test set: 
tensor([0.7259, 0.8835, 0.8179, 0.7434, 0.9199, 0.8528, 0.7834, 0.7119, 0.8731,
        0.9917, 0.7208, 0.8297, 0.9405, 0.8684, 0.8672, 0.5965, 0.6288, 1.0369])
Target tensorsfor test set: 
tensor([0.7371, 0.6671, 0.0636, 0.4373, 0.7144, 0.3453, 0.6465, 0.2255, 0.3077,
        0.7950, 0.9656, 0.2169, 0.5780, 0.4640, 0.7596, 0.7270, 0.6577, 0.8411])
Correlation for test set: 0.07388741075563245
18 5
Fold 2
Epoch: 00, Training Loss: 0.0845, Train MSE: 0.0845, r (train): -0.2289, Test MSE: 0.0582, r (test): -0.3663
Epoch: 01, Training Loss: 0.1370, Train MSE: 0.1370, r (train): -0.2621, Test MSE: 0.0885, r (test): -0.3804
Epoch: 02, Training Loss: 0.2721, Train MSE: 0.2721, r (train): 0.5729, Test MSE: 0.1982, r (test): 0.0742
Epoch: 03, Training Loss: 0.5313, Train MSE: 0.5313, r (train): 0.7495, Test MSE: 0.4446, r (test): 0.3511
Epoch: 04, Training Loss: 1.7855, Train MSE: 1.7855, r (train): 0.6066, Test MSE: 1.5615, r (test): 0.3693
Epoch: 05, Training Loss: 0.1466, Train MSE: 0.1466, r (train): 0.7395, Test MSE: 0.1465, r (test): 0.4083
Epoch: 06, Training Loss: 0.2432, Train MSE: 0.2432, r (train): 0.7066, Test MSE: 0.2335, r (test): 0.3704
Epoch: 07, Training Loss: 0.1307, Train MSE: 0.1307, r (train): 0.7610, Test MSE: 0.1484, r (test): 0.3900
Epoch: 08, Training Loss: 0.1136, Train MSE: 0.1136, r (train): 0.8145, Test MSE: 0.1396, r (test): 0.5064
Epoch: 09, Training Loss: 0.0708, Train MSE: 0.0708, r (train): 0.8166, Test MSE: 0.0964, r (test): 0.4384
Epoch: 10, Training Loss: 0.2743, Train MSE: 0.2743, r (train): 0.7948, Test MSE: 0.2814, r (test): 0.4021
Epoch: 11, Training Loss: 0.4296, Train MSE: 0.4296, r (train): 0.7938, Test MSE: 0.3997, r (test): 0.5234
Epoch: 12, Training Loss: 0.0530, Train MSE: 0.0530, r (train): 0.8630, Test MSE: 0.0806, r (test): 0.4790
Epoch: 13, Training Loss: 0.7423, Train MSE: 0.7423, r (train): 0.8364, Test MSE: 0.7231, r (test): 0.4478
Epoch: 14, Training Loss: 0.2593, Train MSE: 0.2593, r (train): 0.8160, Test MSE: 0.2545, r (test): 0.4935
Epoch: 15, Training Loss: 0.0199, Train MSE: 0.0199, r (train): 0.8718, Test MSE: 0.0510, r (test): 0.4920
Epoch: 16, Training Loss: 0.0584, Train MSE: 0.0584, r (train): 0.8658, Test MSE: 0.0987, r (test): 0.4479
Epoch: 17, Training Loss: 0.0189, Train MSE: 0.0189, r (train): 0.8698, Test MSE: 0.0522, r (test): 0.4667
Epoch: 18, Training Loss: 0.0691, Train MSE: 0.0691, r (train): 0.8632, Test MSE: 0.0959, r (test): 0.4858
Epoch: 19, Training Loss: 0.0186, Train MSE: 0.0186, r (train): 0.8805, Test MSE: 0.0528, r (test): 0.4730
Epoch: 20, Training Loss: 0.0185, Train MSE: 0.0185, r (train): 0.8754, Test MSE: 0.0521, r (test): 0.4540
Epoch: 21, Training Loss: 0.0752, Train MSE: 0.0752, r (train): 0.8468, Test MSE: 0.1011, r (test): 0.4889
Epoch: 22, Training Loss: 0.0191, Train MSE: 0.0191, r (train): 0.8699, Test MSE: 0.0495, r (test): 0.4706
Epoch: 23, Training Loss: 0.0206, Train MSE: 0.0206, r (train): 0.8821, Test MSE: 0.0520, r (test): 0.4747
Epoch: 24, Training Loss: 0.0257, Train MSE: 0.0257, r (train): 0.8554, Test MSE: 0.0558, r (test): 0.4739
Epoch: 25, Training Loss: 0.0273, Train MSE: 0.0273, r (train): 0.8492, Test MSE: 0.0554, r (test): 0.4653
Epoch: 26, Training Loss: 0.0340, Train MSE: 0.0340, r (train): 0.8450, Test MSE: 0.0607, r (test): 0.4581
Epoch: 27, Training Loss: 0.0456, Train MSE: 0.0456, r (train): 0.8706, Test MSE: 0.0786, r (test): 0.4448
Epoch: 28, Training Loss: 0.0190, Train MSE: 0.0190, r (train): 0.8664, Test MSE: 0.0502, r (test): 0.4447
Epoch: 29, Training Loss: 0.0490, Train MSE: 0.0490, r (train): 0.8272, Test MSE: 0.0755, r (test): 0.4662
Epoch: 30, Training Loss: 0.0386, Train MSE: 0.0386, r (train): 0.8542, Test MSE: 0.0646, r (test): 0.4245
Epoch: 31, Training Loss: 0.0248, Train MSE: 0.0248, r (train): 0.8780, Test MSE: 0.0587, r (test): 0.4565
Epoch: 32, Training Loss: 0.0271, Train MSE: 0.0271, r (train): 0.8692, Test MSE: 0.0612, r (test): 0.4224
Epoch: 33, Training Loss: 0.0914, Train MSE: 0.0914, r (train): 0.8308, Test MSE: 0.1098, r (test): 0.4677
Epoch: 34, Training Loss: 0.0303, Train MSE: 0.0303, r (train): 0.8650, Test MSE: 0.0612, r (test): 0.4578
Epoch: 35, Training Loss: 0.0214, Train MSE: 0.0214, r (train): 0.8553, Test MSE: 0.0516, r (test): 0.4247
Epoch: 36, Training Loss: 0.0469, Train MSE: 0.0469, r (train): 0.8793, Test MSE: 0.0821, r (test): 0.4509
Epoch: 37, Training Loss: 0.0637, Train MSE: 0.0637, r (train): 0.8723, Test MSE: 0.0991, r (test): 0.4151
Epoch: 38, Training Loss: 0.1423, Train MSE: 0.1423, r (train): 0.7885, Test MSE: 0.1561, r (test): 0.4709
Epoch: 39, Training Loss: 0.0792, Train MSE: 0.0792, r (train): 0.8638, Test MSE: 0.0992, r (test): 0.4376
Epoch: 40, Training Loss: 0.0596, Train MSE: 0.0596, r (train): 0.8737, Test MSE: 0.0954, r (test): 0.4177
Epoch: 41, Training Loss: 0.0218, Train MSE: 0.0218, r (train): 0.8585, Test MSE: 0.0532, r (test): 0.4314
Epoch: 42, Training Loss: 0.0370, Train MSE: 0.0370, r (train): 0.8445, Test MSE: 0.0657, r (test): 0.4478
Epoch: 43, Training Loss: 0.0308, Train MSE: 0.0308, r (train): 0.8641, Test MSE: 0.0604, r (test): 0.4124
Epoch: 44, Training Loss: 0.0323, Train MSE: 0.0323, r (train): 0.8616, Test MSE: 0.0656, r (test): 0.4116
Epoch: 45, Training Loss: 0.0946, Train MSE: 0.0946, r (train): 0.8820, Test MSE: 0.1349, r (test): 0.4093
Epoch: 46, Training Loss: 0.0383, Train MSE: 0.0383, r (train): 0.8428, Test MSE: 0.0629, r (test): 0.4355
Epoch: 47, Training Loss: 0.0269, Train MSE: 0.0269, r (train): 0.8624, Test MSE: 0.0562, r (test): 0.4132
Epoch: 48, Training Loss: 0.0599, Train MSE: 0.0599, r (train): 0.8732, Test MSE: 0.0987, r (test): 0.4042
Epoch: 49, Training Loss: 0.0256, Train MSE: 0.0256, r (train): 0.8665, Test MSE: 0.0609, r (test): 0.3799
Epoch: 50, Training Loss: 0.0468, Train MSE: 0.0468, r (train): 0.8742, Test MSE: 0.0872, r (test): 0.3988
Epoch: 51, Training Loss: 0.1052, Train MSE: 0.1052, r (train): 0.7920, Test MSE: 0.1119, r (test): 0.4646
Epoch: 52, Training Loss: 0.0748, Train MSE: 0.0748, r (train): 0.8668, Test MSE: 0.1111, r (test): 0.3931
Epoch: 53, Training Loss: 0.0195, Train MSE: 0.0195, r (train): 0.8650, Test MSE: 0.0484, r (test): 0.4721
Epoch: 54, Training Loss: 0.0355, Train MSE: 0.0355, r (train): 0.8296, Test MSE: 0.0592, r (test): 0.4207
Epoch: 55, Training Loss: 0.0548, Train MSE: 0.0548, r (train): 0.8529, Test MSE: 0.0782, r (test): 0.5030
Epoch: 56, Training Loss: 0.0483, Train MSE: 0.0483, r (train): 0.7945, Test MSE: 0.0701, r (test): 0.3982
Epoch: 57, Training Loss: 0.1003, Train MSE: 0.1003, r (train): 0.7874, Test MSE: 0.1115, r (test): 0.5190
Epoch: 58, Training Loss: 0.0420, Train MSE: 0.0420, r (train): 0.8152, Test MSE: 0.0594, r (test): 0.4597
Epoch: 59, Training Loss: 0.0389, Train MSE: 0.0389, r (train): 0.8593, Test MSE: 0.0784, r (test): 0.4141
Epoch: 60, Training Loss: 0.0372, Train MSE: 0.0372, r (train): 0.8291, Test MSE: 0.0572, r (test): 0.4427
Epoch: 61, Training Loss: 0.0207, Train MSE: 0.0207, r (train): 0.8630, Test MSE: 0.0500, r (test): 0.4332
Epoch: 62, Training Loss: 0.0206, Train MSE: 0.0206, r (train): 0.8694, Test MSE: 0.0542, r (test): 0.4041
Epoch: 63, Training Loss: 0.0355, Train MSE: 0.0355, r (train): 0.8782, Test MSE: 0.0755, r (test): 0.4245
Epoch: 64, Training Loss: 0.0967, Train MSE: 0.0967, r (train): 0.8781, Test MSE: 0.1456, r (test): 0.4322
Epoch: 65, Training Loss: 0.0256, Train MSE: 0.0256, r (train): 0.8530, Test MSE: 0.0482, r (test): 0.4715
Epoch: 66, Training Loss: 0.2144, Train MSE: 0.2144, r (train): 0.7100, Test MSE: 0.2002, r (test): 0.4731
Epoch: 67, Training Loss: 0.0884, Train MSE: 0.0884, r (train): 0.8615, Test MSE: 0.1126, r (test): 0.4410
Epoch: 68, Training Loss: 0.0229, Train MSE: 0.0229, r (train): 0.8593, Test MSE: 0.0514, r (test): 0.4427
Epoch: 69, Training Loss: 0.0340, Train MSE: 0.0340, r (train): 0.8755, Test MSE: 0.0730, r (test): 0.4359
Epoch: 70, Training Loss: 0.0182, Train MSE: 0.0182, r (train): 0.8702, Test MSE: 0.0474, r (test): 0.4438
Epoch: 71, Training Loss: 0.0525, Train MSE: 0.0525, r (train): 0.8793, Test MSE: 0.0904, r (test): 0.4472
Epoch: 72, Training Loss: 0.0352, Train MSE: 0.0352, r (train): 0.8806, Test MSE: 0.0727, r (test): 0.4624
Epoch: 73, Training Loss: 0.0306, Train MSE: 0.0306, r (train): 0.8622, Test MSE: 0.0535, r (test): 0.4889
Epoch: 74, Training Loss: 0.1379, Train MSE: 0.1379, r (train): 0.7823, Test MSE: 0.1476, r (test): 0.4908
Epoch: 75, Training Loss: 0.0214, Train MSE: 0.0214, r (train): 0.8653, Test MSE: 0.0477, r (test): 0.4538
Epoch: 76, Training Loss: 0.0309, Train MSE: 0.0309, r (train): 0.8784, Test MSE: 0.0683, r (test): 0.4305
Epoch: 77, Training Loss: 0.2341, Train MSE: 0.2341, r (train): 0.8660, Test MSE: 0.2808, r (test): 0.4364
Epoch: 78, Training Loss: 0.0905, Train MSE: 0.0905, r (train): 0.8755, Test MSE: 0.1344, r (test): 0.4530
Epoch: 79, Training Loss: 0.1780, Train MSE: 0.1780, r (train): 0.7058, Test MSE: 0.1709, r (test): 0.4546
Epoch: 80, Training Loss: 0.0558, Train MSE: 0.0558, r (train): 0.8069, Test MSE: 0.0757, r (test): 0.4572
Epoch: 81, Training Loss: 0.0205, Train MSE: 0.0205, r (train): 0.8657, Test MSE: 0.0522, r (test): 0.4306
Epoch: 82, Training Loss: 0.1175, Train MSE: 0.1175, r (train): 0.8689, Test MSE: 0.1614, r (test): 0.4218
Epoch: 83, Training Loss: 0.0690, Train MSE: 0.0690, r (train): 0.8701, Test MSE: 0.1094, r (test): 0.4532
Epoch: 84, Training Loss: 0.0276, Train MSE: 0.0276, r (train): 0.8522, Test MSE: 0.0495, r (test): 0.4818
Epoch: 85, Training Loss: 0.0400, Train MSE: 0.0400, r (train): 0.8504, Test MSE: 0.0606, r (test): 0.4573
Epoch: 86, Training Loss: 0.0247, Train MSE: 0.0247, r (train): 0.8596, Test MSE: 0.0499, r (test): 0.4503
Epoch: 87, Training Loss: 0.0267, Train MSE: 0.0267, r (train): 0.8570, Test MSE: 0.0521, r (test): 0.4490
Epoch: 88, Training Loss: 0.0199, Train MSE: 0.0199, r (train): 0.8700, Test MSE: 0.0494, r (test): 0.4387
Epoch: 89, Training Loss: 0.0725, Train MSE: 0.0725, r (train): 0.8770, Test MSE: 0.1199, r (test): 0.4204
Epoch: 90, Training Loss: 0.0777, Train MSE: 0.0777, r (train): 0.8735, Test MSE: 0.1216, r (test): 0.4572
Epoch: 91, Training Loss: 0.1017, Train MSE: 0.1017, r (train): 0.7875, Test MSE: 0.1114, r (test): 0.5121
Epoch: 92, Training Loss: 0.0766, Train MSE: 0.0766, r (train): 0.7899, Test MSE: 0.0920, r (test): 0.4730
Epoch: 93, Training Loss: 0.0475, Train MSE: 0.0475, r (train): 0.8209, Test MSE: 0.0676, r (test): 0.4389
Epoch: 94, Training Loss: 0.0319, Train MSE: 0.0319, r (train): 0.8740, Test MSE: 0.0709, r (test): 0.4149
Epoch: 95, Training Loss: 0.0628, Train MSE: 0.0628, r (train): 0.8714, Test MSE: 0.1099, r (test): 0.4147
Epoch: 96, Training Loss: 0.2534, Train MSE: 0.2534, r (train): 0.8652, Test MSE: 0.2990, r (test): 0.4331
Epoch: 97, Training Loss: 0.0298, Train MSE: 0.0298, r (train): 0.8414, Test MSE: 0.0497, r (test): 0.4844
Epoch: 98, Training Loss: 0.0690, Train MSE: 0.0690, r (train): 0.8085, Test MSE: 0.0816, r (test): 0.5012
Epoch: 99, Training Loss: 0.0592, Train MSE: 0.0592, r (train): 0.8334, Test MSE: 0.0760, r (test): 0.4793
Predicted tensors for training set: 
tensor([ 0.6295,  0.5548,  0.0745,  0.3287,  0.6217,  0.2950,  0.5229,  0.2228,
         0.1818,  0.4877,  0.6494,  0.0799,  0.4148,  0.2411,  0.4435,  0.5081,
         0.2894,  0.3086,  0.3203,  0.3549,  0.1039,  0.5593,  0.2011,  0.4523,
         0.3256,  0.2037,  1.1591,  0.1159,  0.1577,  0.3463,  0.8623,  0.0123,
         0.2814,  0.3306,  0.1101,  0.4777,  0.2287,  0.3503,  0.6519,  0.3195,
         0.3880,  0.5239,  0.3819, -0.0139,  0.0320,  0.4878,  0.3787,  0.7274,
         0.7008,  0.2809,  0.4197,  0.2872,  0.3327,  0.0433,  0.5922,  0.4033,
         0.1736,  0.4819,  0.1279,  0.4059,  0.5764,  0.2576,  0.3105,  0.3390,
         0.0047,  0.4593,  0.5317,  0.5995,  0.8992,  0.1163,  0.6067,  0.1950])
Target tensorsfor training set: 
tensor([0.7371, 0.6671, 0.0636, 0.4373, 0.7144, 0.3453, 0.6465, 0.2255, 0.3077,
        0.7950, 0.9656, 0.2169, 0.5780, 0.4640, 0.7596, 0.7270, 0.6577, 0.8411,
        0.8453, 0.8561, 0.1493, 0.7125, 0.3309, 0.7171, 0.2594, 0.1294, 0.9127,
        0.0246, 0.2394, 0.5178, 0.9492, 0.0763, 0.6240, 0.6846, 0.3174, 0.8391,
        0.3829, 0.5783, 0.8363, 0.5023, 0.7507, 0.8556, 0.7497, 0.0981, 0.1360,
        0.7372, 0.6199, 0.8988, 0.9117, 0.4149, 0.5719, 0.4513, 0.4818, 0.0478,
        0.7791, 0.5658, 0.5300, 0.9621, 0.4526, 0.9215, 0.8524, 0.4654, 0.5564,
        0.5779, 0.1055, 0.7462, 0.8418, 0.9150, 0.9072, 0.1295, 0.6576, 0.2271])
Correlation for training set: 0.8333626056251198
Predicted tensors for test set: 
tensor([0.4528, 0.2890, 0.4106, 0.2422, 0.2921, 0.3716, 0.1638, 0.1646, 0.4816,
        0.4288, 0.5400, 0.2283, 0.2962, 0.2678, 0.3390, 0.1212, 0.1543, 0.3719])
Target tensorsfor test set: 
tensor([0.9535, 0.2649, 0.4341, 0.2916, 0.5187, 0.5220, 0.4440, 0.0389, 0.8728,
        0.7901, 0.5102, 0.5573, 0.1218, 0.6595, 0.4993, 0.6992, 0.2464, 0.4036])
Correlation for test set: 0.479296084450838
18 5
Fold 3
Epoch: 00, Training Loss: 0.0809, Train MSE: 0.0809, r (train): -0.3090, Test MSE: 0.1015, r (test): -0.0126
Epoch: 01, Training Loss: 0.1396, Train MSE: 0.1396, r (train): -0.3437, Test MSE: 0.1460, r (test): -0.0941
Epoch: 02, Training Loss: 0.2955, Train MSE: 0.2955, r (train): 0.4019, Test MSE: 0.2813, r (test): 0.3152
Epoch: 03, Training Loss: 0.4449, Train MSE: 0.4449, r (train): 0.7976, Test MSE: 0.4241, r (test): 0.1494
Epoch: 04, Training Loss: 0.1619, Train MSE: 0.1619, r (train): 0.8412, Test MSE: 0.1903, r (test): 0.2683
Epoch: 05, Training Loss: 0.0367, Train MSE: 0.0367, r (train): 0.8346, Test MSE: 0.0835, r (test): 0.3779
Epoch: 06, Training Loss: 0.0595, Train MSE: 0.0595, r (train): 0.8272, Test MSE: 0.1851, r (test): 0.2302
Epoch: 07, Training Loss: 0.0429, Train MSE: 0.0429, r (train): 0.8435, Test MSE: 0.0920, r (test): 0.3956
Epoch: 08, Training Loss: 0.1003, Train MSE: 0.1003, r (train): 0.8911, Test MSE: 0.2217, r (test): 0.3010
Epoch: 09, Training Loss: 0.5854, Train MSE: 0.5854, r (train): 0.8787, Test MSE: 0.7446, r (test): 0.3270
Epoch: 10, Training Loss: 0.0805, Train MSE: 0.0805, r (train): 0.7304, Test MSE: 0.2126, r (test): 0.0214
Epoch: 11, Training Loss: 0.4776, Train MSE: 0.4776, r (train): 0.8403, Test MSE: 0.4870, r (test): 0.3895
Epoch: 12, Training Loss: 0.0126, Train MSE: 0.0126, r (train): 0.9229, Test MSE: 0.0876, r (test): 0.3090
Epoch: 13, Training Loss: 0.5807, Train MSE: 0.5807, r (train): 0.8290, Test MSE: 0.8022, r (test): 0.1030
Epoch: 14, Training Loss: 0.1347, Train MSE: 0.1347, r (train): 0.9122, Test MSE: 0.1916, r (test): 0.3429
Epoch: 15, Training Loss: 0.0467, Train MSE: 0.0467, r (train): 0.9293, Test MSE: 0.1098, r (test): 0.3170
Epoch: 16, Training Loss: 0.0307, Train MSE: 0.0307, r (train): 0.9071, Test MSE: 0.1077, r (test): 0.1433
Epoch: 17, Training Loss: 0.3902, Train MSE: 0.3902, r (train): 0.9132, Test MSE: 0.5593, r (test): 0.2623
Epoch: 18, Training Loss: 0.0577, Train MSE: 0.0577, r (train): 0.9222, Test MSE: 0.1158, r (test): 0.3782
Epoch: 19, Training Loss: 0.0121, Train MSE: 0.0121, r (train): 0.9210, Test MSE: 0.0913, r (test): 0.2739
Epoch: 20, Training Loss: 0.0189, Train MSE: 0.0189, r (train): 0.9236, Test MSE: 0.0913, r (test): 0.2822
Epoch: 21, Training Loss: 0.0260, Train MSE: 0.0260, r (train): 0.9267, Test MSE: 0.1175, r (test): 0.3049
Epoch: 22, Training Loss: 0.0113, Train MSE: 0.0113, r (train): 0.9183, Test MSE: 0.0885, r (test): 0.3158
Epoch: 23, Training Loss: 0.0094, Train MSE: 0.0094, r (train): 0.9311, Test MSE: 0.0910, r (test): 0.3441
Epoch: 24, Training Loss: 0.0632, Train MSE: 0.0632, r (train): 0.9094, Test MSE: 0.1315, r (test): 0.1928
Epoch: 25, Training Loss: 0.2108, Train MSE: 0.2108, r (train): 0.9089, Test MSE: 0.3495, r (test): 0.2839
Epoch: 26, Training Loss: 0.0105, Train MSE: 0.0105, r (train): 0.9299, Test MSE: 0.0851, r (test): 0.3483
Epoch: 27, Training Loss: 0.0155, Train MSE: 0.0155, r (train): 0.9224, Test MSE: 0.1128, r (test): 0.2346
Epoch: 28, Training Loss: 0.0852, Train MSE: 0.0852, r (train): 0.9199, Test MSE: 0.1435, r (test): 0.3058
Epoch: 29, Training Loss: 0.0119, Train MSE: 0.0119, r (train): 0.9293, Test MSE: 0.0851, r (test): 0.3492
Epoch: 30, Training Loss: 0.0124, Train MSE: 0.0124, r (train): 0.9248, Test MSE: 0.1039, r (test): 0.2723
Epoch: 31, Training Loss: 0.0267, Train MSE: 0.0267, r (train): 0.9285, Test MSE: 0.1242, r (test): 0.2982
Epoch: 32, Training Loss: 0.0548, Train MSE: 0.0548, r (train): 0.9202, Test MSE: 0.1219, r (test): 0.2945
Epoch: 33, Training Loss: 0.0667, Train MSE: 0.0667, r (train): 0.9133, Test MSE: 0.1770, r (test): 0.2802
Epoch: 34, Training Loss: 0.0115, Train MSE: 0.0115, r (train): 0.9290, Test MSE: 0.0960, r (test): 0.3504
Epoch: 35, Training Loss: 0.0180, Train MSE: 0.0180, r (train): 0.9160, Test MSE: 0.1166, r (test): 0.2175
Epoch: 36, Training Loss: 0.0689, Train MSE: 0.0689, r (train): 0.9175, Test MSE: 0.1294, r (test): 0.3099
Epoch: 37, Training Loss: 0.0145, Train MSE: 0.0145, r (train): 0.9304, Test MSE: 0.0868, r (test): 0.3365
Epoch: 38, Training Loss: 0.0144, Train MSE: 0.0144, r (train): 0.9213, Test MSE: 0.1093, r (test): 0.2442
Epoch: 39, Training Loss: 0.0200, Train MSE: 0.0200, r (train): 0.9224, Test MSE: 0.1150, r (test): 0.2742
Epoch: 40, Training Loss: 0.0200, Train MSE: 0.0200, r (train): 0.9281, Test MSE: 0.0900, r (test): 0.3502
Epoch: 41, Training Loss: 0.0199, Train MSE: 0.0199, r (train): 0.9226, Test MSE: 0.0910, r (test): 0.3036
Epoch: 42, Training Loss: 0.0117, Train MSE: 0.0117, r (train): 0.9342, Test MSE: 0.1006, r (test): 0.2941
Epoch: 43, Training Loss: 0.0233, Train MSE: 0.0233, r (train): 0.9194, Test MSE: 0.1224, r (test): 0.2266
Epoch: 44, Training Loss: 0.0282, Train MSE: 0.0282, r (train): 0.9124, Test MSE: 0.0954, r (test): 0.3145
Epoch: 45, Training Loss: 0.0090, Train MSE: 0.0090, r (train): 0.9321, Test MSE: 0.0862, r (test): 0.3433
Epoch: 46, Training Loss: 0.0140, Train MSE: 0.0140, r (train): 0.9286, Test MSE: 0.1044, r (test): 0.2704
Epoch: 47, Training Loss: 0.0165, Train MSE: 0.0165, r (train): 0.9082, Test MSE: 0.1096, r (test): 0.2009
Epoch: 48, Training Loss: 0.0180, Train MSE: 0.0180, r (train): 0.9257, Test MSE: 0.0860, r (test): 0.3744
Epoch: 49, Training Loss: 0.0094, Train MSE: 0.0094, r (train): 0.9276, Test MSE: 0.0936, r (test): 0.2855
Epoch: 50, Training Loss: 0.0125, Train MSE: 0.0125, r (train): 0.9217, Test MSE: 0.1020, r (test): 0.1988
Epoch: 51, Training Loss: 0.0186, Train MSE: 0.0186, r (train): 0.9289, Test MSE: 0.1063, r (test): 0.3261
Epoch: 52, Training Loss: 0.0123, Train MSE: 0.0123, r (train): 0.9234, Test MSE: 0.0883, r (test): 0.2996
Epoch: 53, Training Loss: 0.0276, Train MSE: 0.0276, r (train): 0.9331, Test MSE: 0.1269, r (test): 0.3019
Epoch: 54, Training Loss: 0.0486, Train MSE: 0.0486, r (train): 0.9265, Test MSE: 0.1543, r (test): 0.2191
Epoch: 55, Training Loss: 0.0136, Train MSE: 0.0136, r (train): 0.9254, Test MSE: 0.0907, r (test): 0.2683
Epoch: 56, Training Loss: 0.0090, Train MSE: 0.0090, r (train): 0.9357, Test MSE: 0.0864, r (test): 0.3286
Epoch: 57, Training Loss: 0.0255, Train MSE: 0.0255, r (train): 0.9342, Test MSE: 0.1243, r (test): 0.2616
Epoch: 58, Training Loss: 0.0219, Train MSE: 0.0219, r (train): 0.9172, Test MSE: 0.1194, r (test): 0.2346
Epoch: 59, Training Loss: 0.0100, Train MSE: 0.0100, r (train): 0.9299, Test MSE: 0.0870, r (test): 0.3301
Epoch: 60, Training Loss: 0.0140, Train MSE: 0.0140, r (train): 0.9331, Test MSE: 0.0858, r (test): 0.3401
Epoch: 61, Training Loss: 0.0107, Train MSE: 0.0107, r (train): 0.9155, Test MSE: 0.0960, r (test): 0.2072
Epoch: 62, Training Loss: 0.0207, Train MSE: 0.0207, r (train): 0.9236, Test MSE: 0.0869, r (test): 0.3590
Epoch: 63, Training Loss: 0.0099, Train MSE: 0.0099, r (train): 0.9272, Test MSE: 0.0835, r (test): 0.3705
Epoch: 64, Training Loss: 0.0135, Train MSE: 0.0135, r (train): 0.9121, Test MSE: 0.0935, r (test): 0.2243
Epoch: 65, Training Loss: 0.0188, Train MSE: 0.0188, r (train): 0.9221, Test MSE: 0.0872, r (test): 0.3353
Epoch: 66, Training Loss: 0.0094, Train MSE: 0.0094, r (train): 0.9287, Test MSE: 0.0835, r (test): 0.3799
Epoch: 67, Training Loss: 0.0325, Train MSE: 0.0325, r (train): 0.9044, Test MSE: 0.1365, r (test): 0.1816
Epoch: 68, Training Loss: 0.0168, Train MSE: 0.0168, r (train): 0.9198, Test MSE: 0.0842, r (test): 0.3702
Epoch: 69, Training Loss: 0.0453, Train MSE: 0.0453, r (train): 0.9312, Test MSE: 0.1525, r (test): 0.2541
Epoch: 70, Training Loss: 0.0233, Train MSE: 0.0233, r (train): 0.9253, Test MSE: 0.1234, r (test): 0.2382
Epoch: 71, Training Loss: 0.0209, Train MSE: 0.0209, r (train): 0.9232, Test MSE: 0.0889, r (test): 0.3481
Epoch: 72, Training Loss: 0.0189, Train MSE: 0.0189, r (train): 0.9278, Test MSE: 0.1206, r (test): 0.2190
Epoch: 73, Training Loss: 0.0092, Train MSE: 0.0092, r (train): 0.9316, Test MSE: 0.0909, r (test): 0.2868
Epoch: 74, Training Loss: 0.0137, Train MSE: 0.0137, r (train): 0.9315, Test MSE: 0.0889, r (test): 0.2956
Epoch: 75, Training Loss: 0.0186, Train MSE: 0.0186, r (train): 0.9248, Test MSE: 0.0870, r (test): 0.3420
Epoch: 76, Training Loss: 0.0086, Train MSE: 0.0086, r (train): 0.9324, Test MSE: 0.0882, r (test): 0.3291
Epoch: 77, Training Loss: 0.0382, Train MSE: 0.0382, r (train): 0.9252, Test MSE: 0.1463, r (test): 0.1924
Epoch: 78, Training Loss: 0.0148, Train MSE: 0.0148, r (train): 0.9270, Test MSE: 0.0920, r (test): 0.2564
Epoch: 79, Training Loss: 0.0102, Train MSE: 0.0102, r (train): 0.9315, Test MSE: 0.0932, r (test): 0.3024
Epoch: 80, Training Loss: 0.0219, Train MSE: 0.0219, r (train): 0.9323, Test MSE: 0.1238, r (test): 0.2756
Epoch: 81, Training Loss: 0.0344, Train MSE: 0.0344, r (train): 0.9320, Test MSE: 0.1379, r (test): 0.2719
Epoch: 82, Training Loss: 0.1513, Train MSE: 0.1513, r (train): 0.9128, Test MSE: 0.2098, r (test): 0.3163
Epoch: 83, Training Loss: 0.1471, Train MSE: 0.1471, r (train): 0.9210, Test MSE: 0.2834, r (test): 0.3087
Epoch: 84, Training Loss: 0.0275, Train MSE: 0.0275, r (train): 0.9349, Test MSE: 0.1297, r (test): 0.2852
Epoch: 85, Training Loss: 0.0093, Train MSE: 0.0093, r (train): 0.9294, Test MSE: 0.0946, r (test): 0.2348
Epoch: 86, Training Loss: 0.0162, Train MSE: 0.0162, r (train): 0.9227, Test MSE: 0.0903, r (test): 0.2852
Epoch: 87, Training Loss: 0.0230, Train MSE: 0.0230, r (train): 0.9316, Test MSE: 0.1268, r (test): 0.2551
Epoch: 88, Training Loss: 0.0666, Train MSE: 0.0666, r (train): 0.9300, Test MSE: 0.1865, r (test): 0.2678
Epoch: 89, Training Loss: 0.0509, Train MSE: 0.0509, r (train): 0.9153, Test MSE: 0.1168, r (test): 0.2790
Epoch: 90, Training Loss: 0.0197, Train MSE: 0.0197, r (train): 0.9319, Test MSE: 0.0894, r (test): 0.3292
Epoch: 91, Training Loss: 0.0111, Train MSE: 0.0111, r (train): 0.9347, Test MSE: 0.1003, r (test): 0.2917
Epoch: 92, Training Loss: 0.0905, Train MSE: 0.0905, r (train): 0.9120, Test MSE: 0.2197, r (test): 0.1598
Epoch: 93, Training Loss: 0.0352, Train MSE: 0.0352, r (train): 0.9254, Test MSE: 0.1050, r (test): 0.2946
Epoch: 94, Training Loss: 0.0089, Train MSE: 0.0089, r (train): 0.9333, Test MSE: 0.0905, r (test): 0.2957
Epoch: 95, Training Loss: 0.0433, Train MSE: 0.0433, r (train): 0.9197, Test MSE: 0.1600, r (test): 0.1777
Epoch: 96, Training Loss: 0.0269, Train MSE: 0.0269, r (train): 0.9305, Test MSE: 0.1297, r (test): 0.2945
Epoch: 97, Training Loss: 0.0768, Train MSE: 0.0768, r (train): 0.9222, Test MSE: 0.1402, r (test): 0.3527
Epoch: 98, Training Loss: 0.0121, Train MSE: 0.0121, r (train): 0.9278, Test MSE: 0.0880, r (test): 0.2949
Epoch: 99, Training Loss: 0.0381, Train MSE: 0.0381, r (train): 0.9333, Test MSE: 0.1436, r (test): 0.2898
Predicted tensors for training set: 
tensor([0.9457, 0.9072, 0.3141, 0.6592, 1.0156, 0.6472, 0.9132, 0.5029, 0.4263,
        0.9661, 1.0920, 0.3662, 0.7646, 0.6882, 0.9439, 0.8839, 0.7355, 0.9268,
        1.0364, 0.3857, 0.6785, 0.5660, 0.7559, 0.7686, 0.5689, 0.1693, 0.9228,
        0.8459, 0.8055, 0.7954, 0.4452, 0.9065, 0.6614, 0.7959, 0.4635, 0.6001,
        0.5463, 0.7573, 0.8901, 0.6328, 0.8596, 0.8930, 0.8519, 0.2024, 0.3419,
        0.9230, 0.7749, 1.0591, 1.0828, 0.6457, 0.7909, 0.6250, 0.7207, 0.2685,
        1.0336, 0.7767, 0.4701, 0.8275, 0.4147, 0.8255, 1.1120, 0.7401, 0.8000,
        0.8569, 0.2606, 0.8862, 0.9835, 1.0204, 1.1133, 0.3137, 0.9279, 0.4819])
Target tensorsfor training set: 
tensor([0.7371, 0.6671, 0.0636, 0.4373, 0.7144, 0.3453, 0.6465, 0.2255, 0.3077,
        0.7950, 0.9656, 0.2169, 0.5780, 0.4640, 0.7596, 0.7270, 0.6577, 0.8411,
        0.9535, 0.2649, 0.4341, 0.2916, 0.5187, 0.5220, 0.4440, 0.0389, 0.8728,
        0.7901, 0.5102, 0.5573, 0.1218, 0.6595, 0.4993, 0.6992, 0.2464, 0.4036,
        0.3829, 0.5783, 0.8363, 0.5023, 0.7507, 0.8556, 0.7497, 0.0981, 0.1360,
        0.7372, 0.6199, 0.8988, 0.9117, 0.4149, 0.5719, 0.4513, 0.4818, 0.0478,
        0.7791, 0.5658, 0.5300, 0.9621, 0.4526, 0.9215, 0.8524, 0.4654, 0.5564,
        0.5779, 0.1055, 0.7462, 0.8418, 0.9150, 0.9072, 0.1295, 0.6576, 0.2271])
Correlation for training set: 0.9332868234478261
Predicted tensors for test set: 
tensor([0.9824, 0.7962, 0.7391, 0.7956, 0.6024, 0.5069, 0.7029, 0.8300, 0.8636,
        0.8242, 0.7205, 0.6883, 0.8087, 0.5347, 0.8100, 0.7668, 0.7657, 0.6743])
Target tensorsfor test set: 
tensor([0.8453, 0.8561, 0.1493, 0.7125, 0.3309, 0.7171, 0.2594, 0.1294, 0.9127,
        0.0246, 0.2394, 0.5178, 0.9492, 0.0763, 0.6240, 0.6846, 0.3174, 0.8391])
Correlation for test set: 0.2897635179592378
18 5
Fold 4
Epoch: 00, Training Loss: 0.1214, Train MSE: 0.1214, r (train): -0.2085, Test MSE: 0.1219, r (test): -0.2989
Epoch: 01, Training Loss: 0.2034, Train MSE: 0.2034, r (train): -0.2844, Test MSE: 0.2068, r (test): -0.3438
Epoch: 02, Training Loss: 0.3503, Train MSE: 0.3503, r (train): 0.5038, Test MSE: 0.3585, r (test): 0.1366
Epoch: 03, Training Loss: 0.5276, Train MSE: 0.5276, r (train): 0.7378, Test MSE: 0.5455, r (test): 0.6100
Epoch: 04, Training Loss: 1.2758, Train MSE: 1.2758, r (train): 0.7839, Test MSE: 1.2560, r (test): 0.2256
Epoch: 05, Training Loss: 0.0748, Train MSE: 0.0748, r (train): 0.6902, Test MSE: 0.0803, r (test): 0.5391
Epoch: 06, Training Loss: 0.1910, Train MSE: 0.1910, r (train): 0.8297, Test MSE: 0.2466, r (test): 0.3467
Epoch: 07, Training Loss: 0.1901, Train MSE: 0.1901, r (train): 0.8254, Test MSE: 0.1603, r (test): 0.3827
Epoch: 08, Training Loss: 0.0855, Train MSE: 0.0855, r (train): 0.8706, Test MSE: 0.1122, r (test): 0.3224
Epoch: 09, Training Loss: 0.0604, Train MSE: 0.0604, r (train): 0.7450, Test MSE: 0.0906, r (test): 0.2959
Epoch: 10, Training Loss: 0.2065, Train MSE: 0.2065, r (train): 0.8896, Test MSE: 0.2910, r (test): 0.4582
Epoch: 11, Training Loss: 0.0311, Train MSE: 0.0311, r (train): 0.9016, Test MSE: 0.0634, r (test): 0.4275
Epoch: 12, Training Loss: 0.2001, Train MSE: 0.2001, r (train): 0.8730, Test MSE: 0.2179, r (test): 0.2970
Epoch: 13, Training Loss: 0.1810, Train MSE: 0.1810, r (train): 0.9040, Test MSE: 0.2654, r (test): 0.4607
Epoch: 14, Training Loss: 0.0310, Train MSE: 0.0310, r (train): 0.9055, Test MSE: 0.0853, r (test): 0.5196
Epoch: 15, Training Loss: 0.1569, Train MSE: 0.1569, r (train): 0.8898, Test MSE: 0.1757, r (test): 0.3877
Epoch: 16, Training Loss: 0.0324, Train MSE: 0.0324, r (train): 0.9098, Test MSE: 0.0951, r (test): 0.3971
Epoch: 17, Training Loss: 0.0535, Train MSE: 0.0535, r (train): 0.9037, Test MSE: 0.1179, r (test): 0.4271
Epoch: 18, Training Loss: 0.0127, Train MSE: 0.0127, r (train): 0.9120, Test MSE: 0.0558, r (test): 0.5131
Epoch: 19, Training Loss: 0.0311, Train MSE: 0.0311, r (train): 0.9125, Test MSE: 0.0659, r (test): 0.3967
Epoch: 20, Training Loss: 0.0437, Train MSE: 0.0437, r (train): 0.8957, Test MSE: 0.1044, r (test): 0.3829
Epoch: 21, Training Loss: 0.0268, Train MSE: 0.0268, r (train): 0.9058, Test MSE: 0.0810, r (test): 0.4977
Epoch: 22, Training Loss: 0.0144, Train MSE: 0.0144, r (train): 0.9112, Test MSE: 0.0632, r (test): 0.4456
Epoch: 23, Training Loss: 0.0590, Train MSE: 0.0590, r (train): 0.8950, Test MSE: 0.0938, r (test): 0.3081
Epoch: 24, Training Loss: 0.0661, Train MSE: 0.0661, r (train): 0.9056, Test MSE: 0.1372, r (test): 0.4618
Epoch: 25, Training Loss: 0.0156, Train MSE: 0.0156, r (train): 0.9050, Test MSE: 0.0640, r (test): 0.4360
Epoch: 26, Training Loss: 0.0330, Train MSE: 0.0330, r (train): 0.9053, Test MSE: 0.0709, r (test): 0.3773
Epoch: 27, Training Loss: 0.0384, Train MSE: 0.0384, r (train): 0.9101, Test MSE: 0.1051, r (test): 0.4435
Epoch: 28, Training Loss: 0.0146, Train MSE: 0.0146, r (train): 0.9000, Test MSE: 0.0625, r (test): 0.3718
Epoch: 29, Training Loss: 0.0117, Train MSE: 0.0117, r (train): 0.9170, Test MSE: 0.0568, r (test): 0.4708
Epoch: 30, Training Loss: 0.0182, Train MSE: 0.0182, r (train): 0.9125, Test MSE: 0.0686, r (test): 0.4737
Epoch: 31, Training Loss: 0.0418, Train MSE: 0.0418, r (train): 0.9083, Test MSE: 0.0768, r (test): 0.3470
Epoch: 32, Training Loss: 0.0779, Train MSE: 0.0779, r (train): 0.8942, Test MSE: 0.1534, r (test): 0.4161
Epoch: 33, Training Loss: 0.0192, Train MSE: 0.0192, r (train): 0.8961, Test MSE: 0.0575, r (test): 0.4295
Epoch: 34, Training Loss: 0.0726, Train MSE: 0.0726, r (train): 0.9071, Test MSE: 0.1020, r (test): 0.3963
Epoch: 35, Training Loss: 0.0928, Train MSE: 0.0928, r (train): 0.9034, Test MSE: 0.1661, r (test): 0.4554
Epoch: 36, Training Loss: 0.1778, Train MSE: 0.1778, r (train): 0.8963, Test MSE: 0.1908, r (test): 0.3315
Epoch: 37, Training Loss: 0.0142, Train MSE: 0.0142, r (train): 0.9024, Test MSE: 0.0586, r (test): 0.4670
Epoch: 38, Training Loss: 0.0213, Train MSE: 0.0213, r (train): 0.8777, Test MSE: 0.0641, r (test): 0.4266
Epoch: 39, Training Loss: 0.0614, Train MSE: 0.0614, r (train): 0.9014, Test MSE: 0.0969, r (test): 0.3324
Epoch: 40, Training Loss: 0.0924, Train MSE: 0.0924, r (train): 0.8986, Test MSE: 0.1748, r (test): 0.3946
Epoch: 41, Training Loss: 0.0153, Train MSE: 0.0153, r (train): 0.8974, Test MSE: 0.0615, r (test): 0.4207
Epoch: 42, Training Loss: 0.1062, Train MSE: 0.1062, r (train): 0.8772, Test MSE: 0.1360, r (test): 0.3302
Epoch: 43, Training Loss: 0.0426, Train MSE: 0.0426, r (train): 0.9121, Test MSE: 0.0729, r (test): 0.4471
Epoch: 44, Training Loss: 0.0463, Train MSE: 0.0463, r (train): 0.8981, Test MSE: 0.1048, r (test): 0.3703
Epoch: 45, Training Loss: 0.0221, Train MSE: 0.0221, r (train): 0.9039, Test MSE: 0.0738, r (test): 0.4678
Epoch: 46, Training Loss: 0.0587, Train MSE: 0.0587, r (train): 0.8876, Test MSE: 0.0974, r (test): 0.3196
Epoch: 47, Training Loss: 0.0187, Train MSE: 0.0187, r (train): 0.9162, Test MSE: 0.0745, r (test): 0.3849
Epoch: 48, Training Loss: 0.0539, Train MSE: 0.0539, r (train): 0.9086, Test MSE: 0.1216, r (test): 0.4292
Epoch: 49, Training Loss: 0.0200, Train MSE: 0.0200, r (train): 0.8985, Test MSE: 0.0611, r (test): 0.3808
Epoch: 50, Training Loss: 0.0122, Train MSE: 0.0122, r (train): 0.9158, Test MSE: 0.0601, r (test): 0.3743
Epoch: 51, Training Loss: 0.0291, Train MSE: 0.0291, r (train): 0.9153, Test MSE: 0.0898, r (test): 0.3969
Epoch: 52, Training Loss: 0.0139, Train MSE: 0.0139, r (train): 0.9073, Test MSE: 0.0643, r (test): 0.3750
Epoch: 53, Training Loss: 0.0118, Train MSE: 0.0118, r (train): 0.9160, Test MSE: 0.0594, r (test): 0.4036
Epoch: 54, Training Loss: 0.0230, Train MSE: 0.0230, r (train): 0.9078, Test MSE: 0.0826, r (test): 0.3545
Epoch: 55, Training Loss: 0.0245, Train MSE: 0.0245, r (train): 0.9026, Test MSE: 0.0829, r (test): 0.3599
Epoch: 56, Training Loss: 0.0134, Train MSE: 0.0134, r (train): 0.9110, Test MSE: 0.0586, r (test): 0.3925
Epoch: 57, Training Loss: 0.0191, Train MSE: 0.0191, r (train): 0.9035, Test MSE: 0.0749, r (test): 0.3278
Epoch: 58, Training Loss: 0.0425, Train MSE: 0.0425, r (train): 0.9064, Test MSE: 0.0690, r (test): 0.3970
Epoch: 59, Training Loss: 0.0190, Train MSE: 0.0190, r (train): 0.9013, Test MSE: 0.0795, r (test): 0.3098
Epoch: 60, Training Loss: 0.0288, Train MSE: 0.0288, r (train): 0.9056, Test MSE: 0.0650, r (test): 0.3796
Epoch: 61, Training Loss: 0.0141, Train MSE: 0.0141, r (train): 0.8995, Test MSE: 0.0663, r (test): 0.2810
Epoch: 62, Training Loss: 0.1567, Train MSE: 0.1567, r (train): 0.9156, Test MSE: 0.1512, r (test): 0.4039
Epoch: 63, Training Loss: 0.0220, Train MSE: 0.0220, r (train): 0.9012, Test MSE: 0.0829, r (test): 0.2879
Epoch: 64, Training Loss: 0.0154, Train MSE: 0.0154, r (train): 0.9150, Test MSE: 0.0694, r (test): 0.4025
Epoch: 65, Training Loss: 0.0353, Train MSE: 0.0353, r (train): 0.9041, Test MSE: 0.0739, r (test): 0.3325
Epoch: 66, Training Loss: 0.4843, Train MSE: 0.4843, r (train): 0.8878, Test MSE: 0.4996, r (test): 0.2447
Epoch: 67, Training Loss: 0.2410, Train MSE: 0.2410, r (train): 0.8977, Test MSE: 0.3215, r (test): 0.3952
Epoch: 68, Training Loss: 0.0455, Train MSE: 0.0455, r (train): 0.8967, Test MSE: 0.1159, r (test): 0.3292
Epoch: 69, Training Loss: 0.0170, Train MSE: 0.0170, r (train): 0.8936, Test MSE: 0.0606, r (test): 0.3539
Epoch: 70, Training Loss: 0.0627, Train MSE: 0.0627, r (train): 0.9116, Test MSE: 0.0996, r (test): 0.3225
Epoch: 71, Training Loss: 0.0176, Train MSE: 0.0176, r (train): 0.9175, Test MSE: 0.0753, r (test): 0.3933
Epoch: 72, Training Loss: 0.0192, Train MSE: 0.0192, r (train): 0.9142, Test MSE: 0.0782, r (test): 0.3611
Epoch: 73, Training Loss: 0.0207, Train MSE: 0.0207, r (train): 0.9139, Test MSE: 0.0599, r (test): 0.4046
Epoch: 74, Training Loss: 0.1843, Train MSE: 0.1843, r (train): 0.9057, Test MSE: 0.2082, r (test): 0.2972
Epoch: 75, Training Loss: 0.0763, Train MSE: 0.0763, r (train): 0.9125, Test MSE: 0.1495, r (test): 0.3587
Epoch: 76, Training Loss: 0.0498, Train MSE: 0.0498, r (train): 0.9106, Test MSE: 0.1148, r (test): 0.4065
Epoch: 77, Training Loss: 0.0212, Train MSE: 0.0212, r (train): 0.9022, Test MSE: 0.0741, r (test): 0.3592
Epoch: 78, Training Loss: 0.0418, Train MSE: 0.0418, r (train): 0.9204, Test MSE: 0.0768, r (test): 0.3343
Epoch: 79, Training Loss: 0.0119, Train MSE: 0.0119, r (train): 0.9209, Test MSE: 0.0649, r (test): 0.3656
Epoch: 80, Training Loss: 0.0289, Train MSE: 0.0289, r (train): 0.9218, Test MSE: 0.0682, r (test): 0.3752
Epoch: 81, Training Loss: 0.0240, Train MSE: 0.0240, r (train): 0.9239, Test MSE: 0.0637, r (test): 0.3751
Epoch: 82, Training Loss: 0.0200, Train MSE: 0.0200, r (train): 0.9206, Test MSE: 0.0802, r (test): 0.3803
Epoch: 83, Training Loss: 0.0112, Train MSE: 0.0112, r (train): 0.9204, Test MSE: 0.0603, r (test): 0.3931
Epoch: 84, Training Loss: 0.0169, Train MSE: 0.0169, r (train): 0.9155, Test MSE: 0.0729, r (test): 0.3634
Epoch: 85, Training Loss: 0.0436, Train MSE: 0.0436, r (train): 0.9130, Test MSE: 0.1120, r (test): 0.3604
Epoch: 86, Training Loss: 0.0255, Train MSE: 0.0255, r (train): 0.9113, Test MSE: 0.0866, r (test): 0.3756
Epoch: 87, Training Loss: 0.0162, Train MSE: 0.0162, r (train): 0.9125, Test MSE: 0.0623, r (test): 0.3317
Epoch: 88, Training Loss: 0.0444, Train MSE: 0.0444, r (train): 0.9233, Test MSE: 0.0740, r (test): 0.3740
Epoch: 89, Training Loss: 0.0118, Train MSE: 0.0118, r (train): 0.9211, Test MSE: 0.0605, r (test): 0.3805
Epoch: 90, Training Loss: 0.0210, Train MSE: 0.0210, r (train): 0.9167, Test MSE: 0.0643, r (test): 0.3531
Epoch: 91, Training Loss: 0.0123, Train MSE: 0.0123, r (train): 0.9174, Test MSE: 0.0601, r (test): 0.3699
Epoch: 92, Training Loss: 0.0932, Train MSE: 0.0932, r (train): 0.9043, Test MSE: 0.1771, r (test): 0.3574
Epoch: 93, Training Loss: 0.0275, Train MSE: 0.0275, r (train): 0.9025, Test MSE: 0.0873, r (test): 0.3427
Epoch: 94, Training Loss: 0.0126, Train MSE: 0.0126, r (train): 0.9115, Test MSE: 0.0612, r (test): 0.3617
Epoch: 95, Training Loss: 0.0712, Train MSE: 0.0712, r (train): 0.9239, Test MSE: 0.0992, r (test): 0.3335
Epoch: 96, Training Loss: 0.0162, Train MSE: 0.0162, r (train): 0.9200, Test MSE: 0.0594, r (test): 0.3814
Epoch: 97, Training Loss: 0.0123, Train MSE: 0.0123, r (train): 0.9170, Test MSE: 0.0591, r (test): 0.3857
Epoch: 98, Training Loss: 0.0153, Train MSE: 0.0153, r (train): 0.9135, Test MSE: 0.0635, r (test): 0.3111
Epoch: 99, Training Loss: 0.0661, Train MSE: 0.0661, r (train): 0.9120, Test MSE: 0.1402, r (test): 0.3752
Predicted tensors for training set: 
tensor([ 0.5176,  0.4270, -0.0827,  0.2557,  0.6517,  0.2603,  0.6185,  0.1412,
         0.0912,  0.5252,  0.6528,  0.0066,  0.3006,  0.2392,  0.4648,  0.4741,
         0.3638,  0.5262,  0.6715,  0.0204,  0.2082,  0.1077,  0.2959,  0.2827,
         0.1792, -0.1566,  0.5026,  0.4426,  0.3266,  0.3720,  0.0098,  0.5333,
         0.2074,  0.4141,  0.0421,  0.1235,  0.5489,  0.5913, -0.0374,  0.4471,
         0.2402,  0.6008,  0.1360,  0.0769,  0.9297, -0.0369,  0.1839,  0.4379,
         0.6020, -0.1201,  0.3174,  0.3788,  0.0622,  0.4650,  0.4244,  0.2648,
         0.0902,  0.3626,  0.0437,  0.3594,  0.5585,  0.2651,  0.3465,  0.3382,
        -0.0859,  0.4265,  0.5315,  0.6099,  0.7037,  0.0152,  0.5049,  0.0790])
Target tensorsfor training set: 
tensor([0.7371, 0.6671, 0.0636, 0.4373, 0.7144, 0.3453, 0.6465, 0.2255, 0.3077,
        0.7950, 0.9656, 0.2169, 0.5780, 0.4640, 0.7596, 0.7270, 0.6577, 0.8411,
        0.9535, 0.2649, 0.4341, 0.2916, 0.5187, 0.5220, 0.4440, 0.0389, 0.8728,
        0.7901, 0.5102, 0.5573, 0.1218, 0.6595, 0.4993, 0.6992, 0.2464, 0.4036,
        0.8453, 0.8561, 0.1493, 0.7125, 0.3309, 0.7171, 0.2594, 0.1294, 0.9127,
        0.0246, 0.2394, 0.5178, 0.9492, 0.0763, 0.6240, 0.6846, 0.3174, 0.8391,
        0.7791, 0.5658, 0.5300, 0.9621, 0.4526, 0.9215, 0.8524, 0.4654, 0.5564,
        0.5779, 0.1055, 0.7462, 0.8418, 0.9150, 0.9072, 0.1295, 0.6576, 0.2271])
Correlation for training set: 0.9119844385869987
Predicted tensors for test set: 
tensor([0.3560, 0.2072, 0.2338, 0.1933, 0.2943, 0.1044, 0.3493, 0.1064, 0.2655,
        0.4030, 0.3421, 0.2772, 0.3795, 0.2196, 0.3418, 0.3432, 0.3743, 0.1102])
Target tensorsfor test set: 
tensor([0.3829, 0.5783, 0.8363, 0.5023, 0.7507, 0.8556, 0.7497, 0.0981, 0.1360,
        0.7372, 0.6199, 0.8988, 0.9117, 0.4149, 0.5719, 0.4513, 0.4818, 0.0478])
Correlation for test set: 0.3752431131684961
18 5
Fold 5
Epoch: 00, Training Loss: 0.1989, Train MSE: 0.1989, r (train): -0.3079, Test MSE: 0.2710, r (test): -0.0371
Epoch: 01, Training Loss: 0.3752, Train MSE: 0.3752, r (train): 0.5025, Test MSE: 0.4829, r (test): 0.0653
Epoch: 02, Training Loss: 0.6066, Train MSE: 0.6066, r (train): 0.6633, Test MSE: 0.7464, r (test): 0.0653
Epoch: 03, Training Loss: 0.0573, Train MSE: 0.0573, r (train): 0.7676, Test MSE: 0.1226, r (test): 0.0079
Epoch: 04, Training Loss: 0.5055, Train MSE: 0.5055, r (train): 0.7675, Test MSE: 0.6317, r (test): 0.0396
Epoch: 05, Training Loss: 0.1821, Train MSE: 0.1821, r (train): 0.8040, Test MSE: 0.2834, r (test): 0.0089
Epoch: 06, Training Loss: 0.0623, Train MSE: 0.0623, r (train): 0.7477, Test MSE: 0.1586, r (test): -0.1521
Epoch: 07, Training Loss: 0.0284, Train MSE: 0.0284, r (train): 0.8288, Test MSE: 0.0858, r (test): -0.0492
Epoch: 08, Training Loss: 0.0229, Train MSE: 0.0229, r (train): 0.8385, Test MSE: 0.1021, r (test): -0.1301
Epoch: 09, Training Loss: 0.0238, Train MSE: 0.0238, r (train): 0.8469, Test MSE: 0.1125, r (test): -0.1937
Epoch: 10, Training Loss: 0.0295, Train MSE: 0.0295, r (train): 0.8495, Test MSE: 0.1207, r (test): -0.1383
Epoch: 11, Training Loss: 0.1201, Train MSE: 0.1201, r (train): 0.8631, Test MSE: 0.1705, r (test): -0.0962
Epoch: 12, Training Loss: 0.0535, Train MSE: 0.0535, r (train): 0.8711, Test MSE: 0.1460, r (test): -0.1625
Epoch: 13, Training Loss: 0.1303, Train MSE: 0.1303, r (train): 0.8712, Test MSE: 0.2459, r (test): -0.1636
Epoch: 14, Training Loss: 0.0172, Train MSE: 0.0172, r (train): 0.8799, Test MSE: 0.0921, r (test): -0.1323
Epoch: 15, Training Loss: 0.1004, Train MSE: 0.1004, r (train): 0.8662, Test MSE: 0.1596, r (test): -0.1034
Epoch: 16, Training Loss: 0.0703, Train MSE: 0.0703, r (train): 0.8823, Test MSE: 0.1710, r (test): -0.1817
Epoch: 17, Training Loss: 0.0755, Train MSE: 0.0755, r (train): 0.8768, Test MSE: 0.1797, r (test): -0.1477
Epoch: 18, Training Loss: 0.0187, Train MSE: 0.0187, r (train): 0.8785, Test MSE: 0.0882, r (test): -0.0980
Epoch: 19, Training Loss: 0.0588, Train MSE: 0.0588, r (train): 0.8718, Test MSE: 0.1212, r (test): -0.1249
Epoch: 20, Training Loss: 0.0778, Train MSE: 0.0778, r (train): 0.8797, Test MSE: 0.1824, r (test): -0.1856
Epoch: 21, Training Loss: 0.0244, Train MSE: 0.0244, r (train): 0.8862, Test MSE: 0.1109, r (test): -0.1078
Epoch: 22, Training Loss: 0.0206, Train MSE: 0.0206, r (train): 0.8553, Test MSE: 0.0851, r (test): -0.0574
Epoch: 23, Training Loss: 0.0212, Train MSE: 0.0212, r (train): 0.8870, Test MSE: 0.1033, r (test): -0.1562
Epoch: 24, Training Loss: 0.0447, Train MSE: 0.0447, r (train): 0.8844, Test MSE: 0.1390, r (test): -0.1153
Epoch: 25, Training Loss: 0.0178, Train MSE: 0.0178, r (train): 0.8680, Test MSE: 0.0899, r (test): -0.0851
Epoch: 26, Training Loss: 0.0188, Train MSE: 0.0188, r (train): 0.8802, Test MSE: 0.0945, r (test): -0.0774
Epoch: 27, Training Loss: 0.0318, Train MSE: 0.0318, r (train): 0.8835, Test MSE: 0.1247, r (test): -0.1596
Epoch: 28, Training Loss: 0.0175, Train MSE: 0.0175, r (train): 0.8735, Test MSE: 0.0913, r (test): -0.1344
Epoch: 29, Training Loss: 0.0176, Train MSE: 0.0176, r (train): 0.8777, Test MSE: 0.0909, r (test): -0.0563
Epoch: 30, Training Loss: 0.0453, Train MSE: 0.0453, r (train): 0.8773, Test MSE: 0.1353, r (test): -0.1165
Epoch: 31, Training Loss: 0.0388, Train MSE: 0.0388, r (train): 0.8603, Test MSE: 0.1029, r (test): -0.1783
Epoch: 32, Training Loss: 0.0178, Train MSE: 0.0178, r (train): 0.8772, Test MSE: 0.0982, r (test): -0.0899
Epoch: 33, Training Loss: 0.0504, Train MSE: 0.0504, r (train): 0.8712, Test MSE: 0.1361, r (test): -0.0280
Epoch: 34, Training Loss: 0.0197, Train MSE: 0.0197, r (train): 0.8524, Test MSE: 0.0923, r (test): -0.1497
Epoch: 35, Training Loss: 0.0345, Train MSE: 0.0345, r (train): 0.8789, Test MSE: 0.1094, r (test): -0.0764
Epoch: 36, Training Loss: 0.0255, Train MSE: 0.0255, r (train): 0.8753, Test MSE: 0.1089, r (test): -0.0629
Epoch: 37, Training Loss: 0.0174, Train MSE: 0.0174, r (train): 0.8778, Test MSE: 0.0959, r (test): -0.0963
Epoch: 38, Training Loss: 0.0210, Train MSE: 0.0210, r (train): 0.8710, Test MSE: 0.0924, r (test): -0.0982
Epoch: 39, Training Loss: 0.0184, Train MSE: 0.0184, r (train): 0.8667, Test MSE: 0.0807, r (test): 0.0046
Epoch: 40, Training Loss: 0.0210, Train MSE: 0.0210, r (train): 0.8660, Test MSE: 0.0988, r (test): -0.1317
Epoch: 41, Training Loss: 0.0190, Train MSE: 0.0190, r (train): 0.8793, Test MSE: 0.0991, r (test): -0.0757
Epoch: 42, Training Loss: 0.0206, Train MSE: 0.0206, r (train): 0.8637, Test MSE: 0.0832, r (test): -0.0443
Epoch: 43, Training Loss: 0.0197, Train MSE: 0.0197, r (train): 0.8661, Test MSE: 0.0859, r (test): -0.0978
Epoch: 44, Training Loss: 0.0394, Train MSE: 0.0394, r (train): 0.8747, Test MSE: 0.1112, r (test): -0.0737
Epoch: 45, Training Loss: 0.0212, Train MSE: 0.0212, r (train): 0.8622, Test MSE: 0.0990, r (test): -0.0756
Epoch: 46, Training Loss: 0.0533, Train MSE: 0.0533, r (train): 0.8719, Test MSE: 0.1181, r (test): -0.0531
Epoch: 47, Training Loss: 0.0236, Train MSE: 0.0236, r (train): 0.8752, Test MSE: 0.0929, r (test): 0.0150
Epoch: 48, Training Loss: 0.0244, Train MSE: 0.0244, r (train): 0.8644, Test MSE: 0.1099, r (test): -0.1249
Epoch: 49, Training Loss: 0.0274, Train MSE: 0.0274, r (train): 0.8796, Test MSE: 0.0988, r (test): -0.0892
Epoch: 50, Training Loss: 0.1445, Train MSE: 0.1445, r (train): 0.8635, Test MSE: 0.2009, r (test): -0.0558
Epoch: 51, Training Loss: 0.0315, Train MSE: 0.0315, r (train): 0.8644, Test MSE: 0.0975, r (test): -0.1222
Epoch: 52, Training Loss: 0.1335, Train MSE: 0.1335, r (train): 0.8610, Test MSE: 0.2366, r (test): -0.0441
Epoch: 53, Training Loss: 0.3895, Train MSE: 0.3895, r (train): 0.8786, Test MSE: 0.4612, r (test): -0.1327
Epoch: 54, Training Loss: 0.0243, Train MSE: 0.0243, r (train): 0.8727, Test MSE: 0.0929, r (test): -0.0766
Epoch: 55, Training Loss: 0.0320, Train MSE: 0.0320, r (train): 0.8741, Test MSE: 0.1035, r (test): -0.1120
Epoch: 56, Training Loss: 0.0233, Train MSE: 0.0233, r (train): 0.8701, Test MSE: 0.0991, r (test): -0.0287
Epoch: 57, Training Loss: 0.0213, Train MSE: 0.0213, r (train): 0.8654, Test MSE: 0.0958, r (test): -0.1090
Epoch: 58, Training Loss: 0.0202, Train MSE: 0.0202, r (train): 0.8738, Test MSE: 0.1010, r (test): -0.0614
Epoch: 59, Training Loss: 0.0747, Train MSE: 0.0747, r (train): 0.8660, Test MSE: 0.1564, r (test): -0.1769
Epoch: 60, Training Loss: 0.0312, Train MSE: 0.0312, r (train): 0.8644, Test MSE: 0.0898, r (test): -0.0430
Epoch: 61, Training Loss: 0.0258, Train MSE: 0.0258, r (train): 0.8554, Test MSE: 0.1112, r (test): -0.1428
Epoch: 62, Training Loss: 0.0246, Train MSE: 0.0246, r (train): 0.8835, Test MSE: 0.1137, r (test): -0.0554
Epoch: 63, Training Loss: 0.0221, Train MSE: 0.0221, r (train): 0.8350, Test MSE: 0.0971, r (test): -0.1312
Epoch: 64, Training Loss: 0.0358, Train MSE: 0.0358, r (train): 0.8359, Test MSE: 0.0910, r (test): -0.0509
Epoch: 65, Training Loss: 0.0578, Train MSE: 0.0578, r (train): 0.8672, Test MSE: 0.1415, r (test): -0.0185
Epoch: 66, Training Loss: 0.0183, Train MSE: 0.0183, r (train): 0.8723, Test MSE: 0.0957, r (test): -0.0965
Epoch: 67, Training Loss: 0.0278, Train MSE: 0.0278, r (train): 0.8602, Test MSE: 0.0937, r (test): -0.0831
Epoch: 68, Training Loss: 0.0590, Train MSE: 0.0590, r (train): 0.8725, Test MSE: 0.1541, r (test): -0.0615
Epoch: 69, Training Loss: 0.0271, Train MSE: 0.0271, r (train): 0.8707, Test MSE: 0.0888, r (test): -0.0460
Epoch: 70, Training Loss: 0.1901, Train MSE: 0.1901, r (train): 0.8677, Test MSE: 0.2575, r (test): -0.0508
Epoch: 71, Training Loss: 0.0292, Train MSE: 0.0292, r (train): 0.8758, Test MSE: 0.0988, r (test): -0.0870
Epoch: 72, Training Loss: 0.1320, Train MSE: 0.1320, r (train): 0.8476, Test MSE: 0.2481, r (test): -0.0703
Epoch: 73, Training Loss: 0.0250, Train MSE: 0.0250, r (train): 0.8781, Test MSE: 0.1064, r (test): -0.0713
Epoch: 74, Training Loss: 0.0174, Train MSE: 0.0174, r (train): 0.8716, Test MSE: 0.0839, r (test): -0.0315
Epoch: 75, Training Loss: 0.0215, Train MSE: 0.0215, r (train): 0.8727, Test MSE: 0.0953, r (test): -0.0923
Epoch: 76, Training Loss: 0.0366, Train MSE: 0.0366, r (train): 0.8703, Test MSE: 0.1224, r (test): -0.0692
Epoch: 77, Training Loss: 0.0581, Train MSE: 0.0581, r (train): 0.8732, Test MSE: 0.1159, r (test): -0.0351
Epoch: 78, Training Loss: 0.0292, Train MSE: 0.0292, r (train): 0.8638, Test MSE: 0.0963, r (test): -0.0818
Epoch: 79, Training Loss: 0.0314, Train MSE: 0.0314, r (train): 0.8637, Test MSE: 0.1154, r (test): -0.0777
Epoch: 80, Training Loss: 0.0165, Train MSE: 0.0165, r (train): 0.8766, Test MSE: 0.0869, r (test): -0.0642
Epoch: 81, Training Loss: 0.0209, Train MSE: 0.0209, r (train): 0.8731, Test MSE: 0.0983, r (test): -0.0660
Epoch: 82, Training Loss: 0.0276, Train MSE: 0.0276, r (train): 0.8769, Test MSE: 0.1144, r (test): -0.0952
Epoch: 83, Training Loss: 0.0182, Train MSE: 0.0182, r (train): 0.8811, Test MSE: 0.0848, r (test): -0.0287
Epoch: 84, Training Loss: 0.0596, Train MSE: 0.0596, r (train): 0.8731, Test MSE: 0.1208, r (test): -0.0407
Epoch: 85, Training Loss: 0.0204, Train MSE: 0.0204, r (train): 0.8609, Test MSE: 0.0940, r (test): -0.0962
Epoch: 86, Training Loss: 0.0237, Train MSE: 0.0237, r (train): 0.8680, Test MSE: 0.1023, r (test): -0.0701
Epoch: 87, Training Loss: 0.0185, Train MSE: 0.0185, r (train): 0.8710, Test MSE: 0.0939, r (test): -0.0951
Epoch: 88, Training Loss: 0.0332, Train MSE: 0.0332, r (train): 0.8774, Test MSE: 0.1210, r (test): -0.0678
Epoch: 89, Training Loss: 0.0193, Train MSE: 0.0193, r (train): 0.8791, Test MSE: 0.1009, r (test): -0.0969
Epoch: 90, Training Loss: 0.0330, Train MSE: 0.0330, r (train): 0.8800, Test MSE: 0.0954, r (test): -0.0330
Epoch: 91, Training Loss: 0.0615, Train MSE: 0.0615, r (train): 0.8698, Test MSE: 0.1253, r (test): -0.0736
Epoch: 92, Training Loss: 0.0307, Train MSE: 0.0307, r (train): 0.8471, Test MSE: 0.1122, r (test): -0.1027
Epoch: 93, Training Loss: 0.0178, Train MSE: 0.0178, r (train): 0.8751, Test MSE: 0.0916, r (test): -0.0702
Epoch: 94, Training Loss: 0.0380, Train MSE: 0.0380, r (train): 0.8733, Test MSE: 0.1241, r (test): -0.0621
Epoch: 95, Training Loss: 0.0184, Train MSE: 0.0184, r (train): 0.8768, Test MSE: 0.0971, r (test): -0.1127
Epoch: 96, Training Loss: 0.0159, Train MSE: 0.0159, r (train): 0.8834, Test MSE: 0.0915, r (test): -0.0527
Epoch: 97, Training Loss: 0.0501, Train MSE: 0.0501, r (train): 0.8646, Test MSE: 0.1059, r (test): -0.0428
Epoch: 98, Training Loss: 0.0239, Train MSE: 0.0239, r (train): 0.8508, Test MSE: 0.0955, r (test): -0.1136
Epoch: 99, Training Loss: 0.0431, Train MSE: 0.0431, r (train): 0.8586, Test MSE: 0.1311, r (test): -0.0913
Predicted tensors for training set: 
tensor([ 0.6718,  0.5924,  0.0118,  0.4165,  0.7061,  0.3341,  0.6764,  0.2417,
         0.1363,  0.5192,  0.6764,  0.0543,  0.3173,  0.2332,  0.4805,  0.4403,
         0.3275,  0.4974,  0.6269,  0.0255,  0.3492,  0.2159,  0.4265,  0.3836,
         0.2776, -0.0830,  0.6300,  0.5572,  0.4079,  0.4645,  0.0744,  0.6733,
         0.2945,  0.4767,  0.1191,  0.1854,  0.6238,  0.6564, -0.0077,  0.4934,
         0.2887,  0.6637,  0.2257,  0.1414,  0.9204, -0.0157,  0.1991,  0.5103,
         0.7734, -0.0573,  0.4590,  0.5225,  0.1599,  0.5490,  0.1874,  0.3477,
         0.3245,  0.1072,  0.2714,  0.3468,  0.7033,  0.0829,  0.1201,  0.7503,
         0.3129,  0.5292,  0.5436,  0.1460,  0.5585,  0.4572,  0.5235,  0.0939])
Target tensorsfor training set: 
tensor([0.7371, 0.6671, 0.0636, 0.4373, 0.7144, 0.3453, 0.6465, 0.2255, 0.3077,
        0.7950, 0.9656, 0.2169, 0.5780, 0.4640, 0.7596, 0.7270, 0.6577, 0.8411,
        0.9535, 0.2649, 0.4341, 0.2916, 0.5187, 0.5220, 0.4440, 0.0389, 0.8728,
        0.7901, 0.5102, 0.5573, 0.1218, 0.6595, 0.4993, 0.6992, 0.2464, 0.4036,
        0.8453, 0.8561, 0.1493, 0.7125, 0.3309, 0.7171, 0.2594, 0.1294, 0.9127,
        0.0246, 0.2394, 0.5178, 0.9492, 0.0763, 0.6240, 0.6846, 0.3174, 0.8391,
        0.3829, 0.5783, 0.8363, 0.5023, 0.7507, 0.8556, 0.7497, 0.0981, 0.1360,
        0.7372, 0.6199, 0.8988, 0.9117, 0.4149, 0.5719, 0.4513, 0.4818, 0.0478])
Correlation for training set: 0.8586324381190485
Predicted tensors for test set: 
tensor([0.4219, 0.2880, 0.2447, 0.1997, 0.3488, 0.4934, 0.3160, 0.5245, 0.4201,
        0.5251, 0.5018, 0.5037, 0.3968, 0.4874, 0.3661, 0.4181, 0.5779, 0.3115])
Target tensorsfor test set: 
tensor([0.7791, 0.5658, 0.5300, 0.9621, 0.4526, 0.9215, 0.8524, 0.4654, 0.5564,
        0.5779, 0.1055, 0.7462, 0.8418, 0.9150, 0.9072, 0.1295, 0.6576, 0.2271])
Correlation for test set: -0.09131655551068572
Validation set predictions (100 folds): [tensor([0.7259, 0.8835, 0.8179, 0.7434, 0.9199, 0.8528, 0.7834, 0.7119, 0.8731,
        0.9917, 0.7208, 0.8297, 0.9405, 0.8684, 0.8672, 0.5965, 0.6288, 1.0369]), tensor([0.4528, 0.2890, 0.4106, 0.2422, 0.2921, 0.3716, 0.1638, 0.1646, 0.4816,
        0.4288, 0.5400, 0.2283, 0.2962, 0.2678, 0.3390, 0.1212, 0.1543, 0.3719]), tensor([0.9824, 0.7962, 0.7391, 0.7956, 0.6024, 0.5069, 0.7029, 0.8300, 0.8636,
        0.8242, 0.7205, 0.6883, 0.8087, 0.5347, 0.8100, 0.7668, 0.7657, 0.6743]), tensor([0.3560, 0.2072, 0.2338, 0.1933, 0.2943, 0.1044, 0.3493, 0.1064, 0.2655,
        0.4030, 0.3421, 0.2772, 0.3795, 0.2196, 0.3418, 0.3432, 0.3743, 0.1102]), tensor([0.4219, 0.2880, 0.2447, 0.1997, 0.3488, 0.4934, 0.3160, 0.5245, 0.4201,
        0.5251, 0.5018, 0.5037, 0.3968, 0.4874, 0.3661, 0.4181, 0.5779, 0.3115])]
Validation set targets (100 folds): [tensor([0.7371, 0.6671, 0.0636, 0.4373, 0.7144, 0.3453, 0.6465, 0.2255, 0.3077,
        0.7950, 0.9656, 0.2169, 0.5780, 0.4640, 0.7596, 0.7270, 0.6577, 0.8411]), tensor([0.9535, 0.2649, 0.4341, 0.2916, 0.5187, 0.5220, 0.4440, 0.0389, 0.8728,
        0.7901, 0.5102, 0.5573, 0.1218, 0.6595, 0.4993, 0.6992, 0.2464, 0.4036]), tensor([0.8453, 0.8561, 0.1493, 0.7125, 0.3309, 0.7171, 0.2594, 0.1294, 0.9127,
        0.0246, 0.2394, 0.5178, 0.9492, 0.0763, 0.6240, 0.6846, 0.3174, 0.8391]), tensor([0.3829, 0.5783, 0.8363, 0.5023, 0.7507, 0.8556, 0.7497, 0.0981, 0.1360,
        0.7372, 0.6199, 0.8988, 0.9117, 0.4149, 0.5719, 0.4513, 0.4818, 0.0478]), tensor([0.7791, 0.5658, 0.5300, 0.9621, 0.4526, 0.9215, 0.8524, 0.4654, 0.5564,
        0.5779, 0.1055, 0.7462, 0.8418, 0.9150, 0.9072, 0.1295, 0.6576, 0.2271])]
Time taken: 18655.078006744385 seconds
