DenseNet_whole_brain_65.py
90
Image shape: torch.Size([256, 256, 256])
Label: 0.898762669

Image shape: torch.Size([256, 256, 256])
Label: 0.121809436

Image shape: torch.Size([256, 256, 256])
Label: 0.750732335

Image shape: torch.Size([256, 256, 256])
Label: 0.667105602

Image shape: torch.Size([256, 256, 256])
Label: 0.845253622

Image shape: torch.Size([256, 256, 256])
Label: 0.577850585

Image shape: torch.Size([256, 256, 256])
Label: 0.246363884

Image shape: torch.Size([256, 256, 256])
Label: 0.571907479

Image shape: torch.Size([256, 256, 256])
Label: 0.55641775

Image shape: torch.Size([256, 256, 256])
Label: 0.451287356

Image shape: torch.Size([256, 256, 256])
Label: 0.047813956

Image shape: torch.Size([256, 256, 256])
Label: 0.779103135

Image shape: torch.Size([256, 256, 256])
Label: 0.839077585

Image shape: torch.Size([256, 256, 256])
Label: 0.565846925

Image shape: torch.Size([256, 256, 256])
Label: 0.737192172

Image shape: torch.Size([256, 256, 256])
Label: 0.855579732

Image shape: torch.Size([256, 256, 256])
Label: 0.330926406

Image shape: torch.Size([256, 256, 256])
Label: 0.024634435

Image shape: torch.Size([256, 256, 256])
Label: 0.216921218

Image shape: torch.Size([256, 256, 256])
Label: 0.48182514

Image shape: torch.Size([256, 256, 256])
Label: 0.91273199

Image shape: torch.Size([256, 256, 256])
Label: 0.907159832

Image shape: torch.Size([256, 256, 256])
Label: 0.529961465

Image shape: torch.Size([256, 256, 256])
Label: 0.26490909

Image shape: torch.Size([256, 256, 256])
Label: 0.965645278

Image shape: torch.Size([256, 256, 256])
Label: 0.659493008

Image shape: torch.Size([256, 256, 256])
Label: 0.714356234

Image shape: torch.Size([256, 256, 256])
Label: 0.499347098

Image shape: torch.Size([256, 256, 256])
Label: 0.92154251

Image shape: torch.Size([256, 256, 256])
Label: 0.646490545

Image shape: torch.Size([256, 256, 256])
Label: 0.463984431

Image shape: torch.Size([256, 256, 256])
Label: 0.790096101

Image shape: torch.Size([256, 256, 256])
Label: 0.949166278

Image shape: torch.Size([256, 256, 256])
Label: 0.841767741

Image shape: torch.Size([256, 256, 256])
Label: 0.14931566

Image shape: torch.Size([256, 256, 256])
Label: 0.911671093

Image shape: torch.Size([256, 256, 256])
Label: 0.856107326

Image shape: torch.Size([256, 256, 256])
Label: 0.437273408

Image shape: torch.Size([256, 256, 256])
Label: 0.098052496

Image shape: torch.Size([256, 256, 256])
Label: 0.105524477

Image shape: torch.Size([256, 256, 256])
Label: 0.291630426

Image shape: torch.Size([256, 256, 256])
Label: 0.129485328

Image shape: torch.Size([256, 256, 256])
Label: 0.684642475

Image shape: torch.Size([256, 256, 256])
Label: 0.403550924

Image shape: torch.Size([256, 256, 256])
Label: 0.31742745

Image shape: torch.Size([256, 256, 256])
Label: 0.57804499

Image shape: torch.Size([256, 256, 256])
Label: 0.225463904

Image shape: torch.Size([256, 256, 256])
Label: 0.259369175

Image shape: torch.Size([256, 256, 256])
Label: 0.623989995

Image shape: torch.Size([256, 256, 256])
Label: 0.522016133

Image shape: torch.Size([256, 256, 256])
Label: 0.657691961

Image shape: torch.Size([256, 256, 256])
Label: 0.43409457

Image shape: torch.Size([256, 256, 256])
Label: 0.657623403

Image shape: torch.Size([256, 256, 256])
Label: 0.953465465

Image shape: torch.Size([256, 256, 256])
Label: 0.712524369

Image shape: torch.Size([256, 256, 256])
Label: 0.136048492

Image shape: torch.Size([256, 256, 256])
Label: 0.510151238

Image shape: torch.Size([256, 256, 256])
Label: 0.239393515

Image shape: torch.Size([256, 256, 256])
Label: 0.836265129

Image shape: torch.Size([256, 256, 256])
Label: 0.872805901

Image shape: torch.Size([256, 256, 256])
Label: 0.076332172

Image shape: torch.Size([256, 256, 256])
Label: 0.227116465

Image shape: torch.Size([256, 256, 256])
Label: 0.517802514

Image shape: torch.Size([256, 256, 256])
Label: 0.55726975

Image shape: torch.Size([256, 256, 256])
Label: 0.749740575

Image shape: torch.Size([256, 256, 256])
Label: 0.444012353

Image shape: torch.Size([256, 256, 256])
Label: 0.737099236

Image shape: torch.Size([256, 256, 256])
Label: 0.717144575

Image shape: torch.Size([256, 256, 256])
Label: 0.129379513

Image shape: torch.Size([256, 256, 256])
Label: 0.382857646

Image shape: torch.Size([256, 256, 256])
Label: 0.307667842

Image shape: torch.Size([256, 256, 256])
Label: 0.727035333

Image shape: torch.Size([256, 256, 256])
Label: 0.518716963

Image shape: torch.Size([256, 256, 256])
Label: 0.502254367

Image shape: torch.Size([256, 256, 256])
Label: 0.794978716

Image shape: torch.Size([256, 256, 256])
Label: 0.841130428

Image shape: torch.Size([256, 256, 256])
Label: 0.414935686

Image shape: torch.Size([256, 256, 256])
Label: 0.91498566

Image shape: torch.Size([256, 256, 256])
Label: 0.619874898

Image shape: torch.Size([256, 256, 256])
Label: 0.699213269

Image shape: torch.Size([256, 256, 256])
Label: 0.038874365

Image shape: torch.Size([256, 256, 256])
Label: 0.759624831

Image shape: torch.Size([256, 256, 256])
Label: 0.852431609

Image shape: torch.Size([256, 256, 256])
Label: 0.452638778

Image shape: torch.Size([256, 256, 256])
Label: 0.46544507

Image shape: torch.Size([256, 256, 256])
Label: 0.063583908

Image shape: torch.Size([256, 256, 256])
Label: 0.746225617

Image shape: torch.Size([256, 256, 256])
Label: 0.578327051

Image shape: torch.Size([256, 256, 256])
Label: 0.962135747

Image shape: torch.Size([256, 256, 256])
Label: 0.34531344

18 5
Fold 1
Epoch: 00, Training Loss: 0.0854, Train MSE: 0.0854, r (train): 0.1435, Test MSE: 0.0915, r (test): -0.0545
Epoch: 01, Training Loss: 0.0850, Train MSE: 0.0850, r (train): 0.3864, Test MSE: 0.0956, r (test): 0.0245
Epoch: 02, Training Loss: 0.1131, Train MSE: 0.1131, r (train): 0.3735, Test MSE: 0.2000, r (test): 0.0034
Epoch: 03, Training Loss: 0.0542, Train MSE: 0.0542, r (train): 0.5039, Test MSE: 0.0918, r (test): 0.2051
Epoch: 04, Training Loss: 0.0465, Train MSE: 0.0465, r (train): 0.5893, Test MSE: 0.0862, r (test): 0.2120
Epoch: 05, Training Loss: 0.0676, Train MSE: 0.0676, r (train): 0.5942, Test MSE: 0.1089, r (test): 0.2845
Epoch: 06, Training Loss: 0.3501, Train MSE: 0.3501, r (train): 0.4551, Test MSE: 0.4198, r (test): 0.4154
Epoch: 07, Training Loss: 0.3074, Train MSE: 0.3074, r (train): 0.5010, Test MSE: 0.3875, r (test): 0.4088
Epoch: 08, Training Loss: 0.0635, Train MSE: 0.0635, r (train): 0.6681, Test MSE: 0.1118, r (test): 0.3204
Epoch: 09, Training Loss: 1.3505, Train MSE: 1.3505, r (train): 0.3708, Test MSE: 1.6364, r (test): 0.4638
Epoch: 10, Training Loss: 1.6986, Train MSE: 1.6986, r (train): 0.2475, Test MSE: 1.9632, r (test): 0.4433
Epoch: 11, Training Loss: 0.4317, Train MSE: 0.4317, r (train): 0.5340, Test MSE: 0.5151, r (test): 0.3717
Epoch: 12, Training Loss: 0.0438, Train MSE: 0.0438, r (train): 0.6513, Test MSE: 0.1145, r (test): 0.1403
Epoch: 13, Training Loss: 0.0629, Train MSE: 0.0629, r (train): 0.6782, Test MSE: 0.1701, r (test): 0.0587
Epoch: 14, Training Loss: 0.1106, Train MSE: 0.1106, r (train): 0.6693, Test MSE: 0.2146, r (test): 0.1201
Epoch: 15, Training Loss: 0.6471, Train MSE: 0.6471, r (train): 0.5275, Test MSE: 0.9052, r (test): -0.1706
Epoch: 16, Training Loss: 0.1269, Train MSE: 0.1269, r (train): 0.7372, Test MSE: 0.2138, r (test): -0.0283
Epoch: 17, Training Loss: 0.0870, Train MSE: 0.0870, r (train): 0.8134, Test MSE: 0.1470, r (test): 0.0189
Epoch: 18, Training Loss: 0.2787, Train MSE: 0.2787, r (train): 0.6140, Test MSE: 0.3575, r (test): 0.3975
Epoch: 19, Training Loss: 0.0594, Train MSE: 0.0594, r (train): 0.7752, Test MSE: 0.1565, r (test): -0.0720
Epoch: 20, Training Loss: 0.0276, Train MSE: 0.0276, r (train): 0.8163, Test MSE: 0.1198, r (test): 0.1966
Epoch: 21, Training Loss: 0.0459, Train MSE: 0.0459, r (train): 0.8174, Test MSE: 0.1240, r (test): 0.2890
Epoch: 22, Training Loss: 0.0624, Train MSE: 0.0624, r (train): 0.8047, Test MSE: 0.1291, r (test): 0.2404
Epoch: 23, Training Loss: 0.0347, Train MSE: 0.0347, r (train): 0.7959, Test MSE: 0.1174, r (test): 0.0844
Epoch: 24, Training Loss: 0.0560, Train MSE: 0.0560, r (train): 0.8440, Test MSE: 0.1304, r (test): 0.1661
Epoch: 25, Training Loss: 0.1805, Train MSE: 0.1805, r (train): 0.7480, Test MSE: 0.2872, r (test): 0.3339
Epoch: 26, Training Loss: 0.0270, Train MSE: 0.0270, r (train): 0.8166, Test MSE: 0.1091, r (test): 0.1527
Epoch: 27, Training Loss: 0.0254, Train MSE: 0.0254, r (train): 0.8464, Test MSE: 0.0922, r (test): 0.2129
Epoch: 28, Training Loss: 0.0222, Train MSE: 0.0222, r (train): 0.8376, Test MSE: 0.0866, r (test): 0.1802
Epoch: 29, Training Loss: 0.0275, Train MSE: 0.0275, r (train): 0.8110, Test MSE: 0.1022, r (test): 0.1981
Epoch: 30, Training Loss: 0.0256, Train MSE: 0.0256, r (train): 0.8214, Test MSE: 0.1026, r (test): 0.2392
Epoch: 31, Training Loss: 0.0388, Train MSE: 0.0388, r (train): 0.8109, Test MSE: 0.1066, r (test): 0.2220
Epoch: 32, Training Loss: 0.0418, Train MSE: 0.0418, r (train): 0.8059, Test MSE: 0.1187, r (test): 0.1410
Epoch: 33, Training Loss: 0.0271, Train MSE: 0.0271, r (train): 0.8152, Test MSE: 0.0876, r (test): 0.2701
Epoch: 34, Training Loss: 0.0308, Train MSE: 0.0308, r (train): 0.7653, Test MSE: 0.1034, r (test): 0.2120
Epoch: 35, Training Loss: 0.0297, Train MSE: 0.0297, r (train): 0.8336, Test MSE: 0.1023, r (test): 0.1138
Epoch: 36, Training Loss: 0.1066, Train MSE: 0.1066, r (train): 0.7246, Test MSE: 0.1940, r (test): 0.3205
Epoch: 37, Training Loss: 0.0285, Train MSE: 0.0285, r (train): 0.7983, Test MSE: 0.0974, r (test): 0.0888
Epoch: 38, Training Loss: 0.0389, Train MSE: 0.0389, r (train): 0.8106, Test MSE: 0.0965, r (test): 0.1856
Epoch: 39, Training Loss: 0.0360, Train MSE: 0.0360, r (train): 0.7712, Test MSE: 0.1034, r (test): 0.2697
Epoch: 40, Training Loss: 0.0251, Train MSE: 0.0251, r (train): 0.8093, Test MSE: 0.1010, r (test): 0.1408
Epoch: 41, Training Loss: 0.0290, Train MSE: 0.0290, r (train): 0.7949, Test MSE: 0.0957, r (test): 0.2001
Epoch: 42, Training Loss: 0.0322, Train MSE: 0.0322, r (train): 0.7994, Test MSE: 0.0955, r (test): 0.1306
Epoch: 43, Training Loss: 0.0441, Train MSE: 0.0441, r (train): 0.8249, Test MSE: 0.1069, r (test): 0.0254
Epoch: 44, Training Loss: 0.3881, Train MSE: 0.3881, r (train): 0.5549, Test MSE: 0.5207, r (test): 0.3856
Epoch: 45, Training Loss: 0.0966, Train MSE: 0.0966, r (train): 0.7280, Test MSE: 0.2039, r (test): -0.0617
Epoch: 46, Training Loss: 0.0358, Train MSE: 0.0358, r (train): 0.7827, Test MSE: 0.0988, r (test): 0.1875
Epoch: 47, Training Loss: 0.0372, Train MSE: 0.0372, r (train): 0.8042, Test MSE: 0.1020, r (test): 0.2257
Epoch: 48, Training Loss: 0.0384, Train MSE: 0.0384, r (train): 0.7454, Test MSE: 0.0947, r (test): 0.2443
Epoch: 49, Training Loss: 0.0348, Train MSE: 0.0348, r (train): 0.8005, Test MSE: 0.1164, r (test): 0.0379
Epoch: 50, Training Loss: 0.0533, Train MSE: 0.0533, r (train): 0.7545, Test MSE: 0.1211, r (test): -0.0816
Epoch: 51, Training Loss: 0.0491, Train MSE: 0.0491, r (train): 0.7416, Test MSE: 0.1169, r (test): 0.2850
Epoch: 52, Training Loss: 0.0240, Train MSE: 0.0240, r (train): 0.8196, Test MSE: 0.0986, r (test): 0.1147
Epoch: 53, Training Loss: 0.0274, Train MSE: 0.0274, r (train): 0.7906, Test MSE: 0.0942, r (test): 0.1861
Epoch: 54, Training Loss: 0.0348, Train MSE: 0.0348, r (train): 0.7738, Test MSE: 0.1030, r (test): 0.2247
Epoch: 55, Training Loss: 0.0251, Train MSE: 0.0251, r (train): 0.8079, Test MSE: 0.0852, r (test): 0.2111
Epoch: 56, Training Loss: 0.0287, Train MSE: 0.0287, r (train): 0.8101, Test MSE: 0.0823, r (test): 0.1564
Epoch: 57, Training Loss: 0.1514, Train MSE: 0.1514, r (train): 0.6853, Test MSE: 0.2469, r (test): -0.0508
Epoch: 58, Training Loss: 0.0703, Train MSE: 0.0703, r (train): 0.7376, Test MSE: 0.1459, r (test): 0.3012
Epoch: 59, Training Loss: 0.0539, Train MSE: 0.0539, r (train): 0.7357, Test MSE: 0.1373, r (test): -0.0837
Epoch: 60, Training Loss: 0.0304, Train MSE: 0.0304, r (train): 0.7848, Test MSE: 0.1005, r (test): 0.1270
Epoch: 61, Training Loss: 0.0331, Train MSE: 0.0331, r (train): 0.7310, Test MSE: 0.0840, r (test): 0.3128
Epoch: 62, Training Loss: 0.0865, Train MSE: 0.0865, r (train): 0.7649, Test MSE: 0.1673, r (test): 0.2818
Epoch: 63, Training Loss: 0.0659, Train MSE: 0.0659, r (train): 0.7446, Test MSE: 0.1523, r (test): 0.0400
Epoch: 64, Training Loss: 0.0659, Train MSE: 0.0659, r (train): 0.7385, Test MSE: 0.1439, r (test): 0.2972
Epoch: 65, Training Loss: 0.0286, Train MSE: 0.0286, r (train): 0.7987, Test MSE: 0.0971, r (test): 0.1801
Epoch: 66, Training Loss: 0.0433, Train MSE: 0.0433, r (train): 0.7265, Test MSE: 0.1143, r (test): -0.0163
Epoch: 67, Training Loss: 0.0730, Train MSE: 0.0730, r (train): 0.7664, Test MSE: 0.1444, r (test): 0.3036
Epoch: 68, Training Loss: 0.0388, Train MSE: 0.0388, r (train): 0.7160, Test MSE: 0.1036, r (test): -0.0212
Epoch: 69, Training Loss: 0.0309, Train MSE: 0.0309, r (train): 0.7525, Test MSE: 0.0971, r (test): 0.1411
Epoch: 70, Training Loss: 0.1115, Train MSE: 0.1115, r (train): 0.7099, Test MSE: 0.1948, r (test): 0.2518
Epoch: 71, Training Loss: 0.0490, Train MSE: 0.0490, r (train): 0.6557, Test MSE: 0.1165, r (test): -0.0415
Epoch: 72, Training Loss: 0.0362, Train MSE: 0.0362, r (train): 0.7985, Test MSE: 0.1118, r (test): 0.1461
Epoch: 73, Training Loss: 0.0653, Train MSE: 0.0653, r (train): 0.7254, Test MSE: 0.1297, r (test): 0.3125
Epoch: 74, Training Loss: 0.0302, Train MSE: 0.0302, r (train): 0.7856, Test MSE: 0.1050, r (test): -0.1827
Epoch: 75, Training Loss: 0.1860, Train MSE: 0.1860, r (train): 0.6861, Test MSE: 0.2987, r (test): 0.3347
Epoch: 76, Training Loss: 0.5205, Train MSE: 0.5205, r (train): 0.7350, Test MSE: 0.6811, r (test): -0.0852
Epoch: 77, Training Loss: 0.0323, Train MSE: 0.0323, r (train): 0.7849, Test MSE: 0.0841, r (test): 0.2641
Epoch: 78, Training Loss: 0.1456, Train MSE: 0.1456, r (train): 0.7363, Test MSE: 0.2288, r (test): 0.2416
Epoch: 79, Training Loss: 0.0447, Train MSE: 0.0447, r (train): 0.6937, Test MSE: 0.1186, r (test): 0.0974
Epoch: 80, Training Loss: 0.0263, Train MSE: 0.0263, r (train): 0.8175, Test MSE: 0.0868, r (test): 0.1735
Epoch: 81, Training Loss: 0.0451, Train MSE: 0.0451, r (train): 0.7222, Test MSE: 0.1131, r (test): 0.1620
Epoch: 82, Training Loss: 0.0228, Train MSE: 0.0228, r (train): 0.8285, Test MSE: 0.1041, r (test): 0.0558
Epoch: 83, Training Loss: 0.0271, Train MSE: 0.0271, r (train): 0.8127, Test MSE: 0.1060, r (test): 0.2016
Epoch: 84, Training Loss: 0.0504, Train MSE: 0.0504, r (train): 0.8232, Test MSE: 0.1270, r (test): 0.1146
Epoch: 85, Training Loss: 0.0562, Train MSE: 0.0562, r (train): 0.7947, Test MSE: 0.1203, r (test): 0.1211
Epoch: 86, Training Loss: 0.0637, Train MSE: 0.0637, r (train): 0.7986, Test MSE: 0.1198, r (test): 0.2468
Epoch: 87, Training Loss: 0.0397, Train MSE: 0.0397, r (train): 0.7928, Test MSE: 0.1084, r (test): 0.0834
Epoch: 88, Training Loss: 0.0467, Train MSE: 0.0467, r (train): 0.7522, Test MSE: 0.1218, r (test): 0.2588
Epoch: 89, Training Loss: 0.0307, Train MSE: 0.0307, r (train): 0.8479, Test MSE: 0.1154, r (test): 0.1180
Epoch: 90, Training Loss: 0.0650, Train MSE: 0.0650, r (train): 0.7583, Test MSE: 0.1312, r (test): 0.1248
Epoch: 91, Training Loss: 0.0289, Train MSE: 0.0289, r (train): 0.8166, Test MSE: 0.0947, r (test): 0.0957
Epoch: 92, Training Loss: 0.0622, Train MSE: 0.0622, r (train): 0.7410, Test MSE: 0.1601, r (test): 0.2406
Epoch: 93, Training Loss: 0.0255, Train MSE: 0.0255, r (train): 0.8061, Test MSE: 0.1066, r (test): 0.1356
Epoch: 94, Training Loss: 0.0245, Train MSE: 0.0245, r (train): 0.8369, Test MSE: 0.0919, r (test): 0.0706
Epoch: 95, Training Loss: 0.0825, Train MSE: 0.0825, r (train): 0.7707, Test MSE: 0.1590, r (test): 0.2498
Epoch: 96, Training Loss: 0.2105, Train MSE: 0.2105, r (train): 0.6990, Test MSE: 0.3114, r (test): -0.2234
Epoch: 97, Training Loss: 0.1838, Train MSE: 0.1838, r (train): 0.7289, Test MSE: 0.3477, r (test): 0.2876
Epoch: 98, Training Loss: 0.0325, Train MSE: 0.0325, r (train): 0.8262, Test MSE: 0.1103, r (test): 0.1074
Epoch: 99, Training Loss: 0.0326, Train MSE: 0.0326, r (train): 0.7673, Test MSE: 0.0877, r (test): 0.0269
Predicted tensors for training set: 
tensor([0.3383, 0.4765, 0.7176, 0.7216, 0.4334, 0.3546, 0.8416, 0.5418, 0.6893,
        0.5676, 0.7489, 0.7296, 0.3410, 0.7014, 0.6333, 0.6066, 0.3422, 0.7511,
        0.7113, 0.4206, 0.4336, 0.7262, 0.7613, 0.4642, 0.7241, 0.4817, 0.5760,
        0.6601, 0.4773, 0.6143, 0.8247, 0.6181, 0.5050, 0.5404, 0.5426, 0.7114,
        0.7346, 0.4421, 0.7137, 0.5038, 0.7149, 0.7893, 0.2863, 0.4183, 0.5287,
        0.5033, 0.6321, 0.4875, 0.6963, 0.6668, 0.3080, 0.4917, 0.3391, 0.5685,
        0.5145, 0.4930, 0.6471, 0.6916, 0.4261, 0.7432, 0.5012, 0.6200, 0.1381,
        0.6864, 0.8049, 0.4979, 0.5312, 0.3293, 0.6212, 0.5712, 0.7667, 0.4516])
Target tensorsfor training set: 
tensor([0.2169, 0.4818, 0.9127, 0.9072, 0.5300, 0.2649, 0.9656, 0.6595, 0.7144,
        0.4993, 0.9215, 0.6465, 0.4640, 0.7901, 0.9492, 0.8418, 0.1493, 0.9117,
        0.8561, 0.4373, 0.0981, 0.1055, 0.2916, 0.1295, 0.6846, 0.4036, 0.3174,
        0.5780, 0.2255, 0.2594, 0.6240, 0.5220, 0.6577, 0.4341, 0.6576, 0.9535,
        0.7125, 0.1360, 0.5102, 0.2394, 0.8363, 0.8728, 0.0763, 0.2271, 0.5178,
        0.5573, 0.7497, 0.4440, 0.7371, 0.7171, 0.1294, 0.3829, 0.3077, 0.7270,
        0.5187, 0.5023, 0.7950, 0.8411, 0.4149, 0.9150, 0.6199, 0.6992, 0.0389,
        0.7596, 0.8524, 0.4526, 0.4654, 0.0636, 0.7462, 0.5783, 0.9621, 0.3453])
Correlation for training set: 0.7673082213093482
Predicted tensors for test set: 
tensor([0.4285, 0.4585, 0.6601, 0.4742, 0.6498, 0.6453, 0.5080, 0.6538, 0.4865,
        0.6115, 0.4680, 0.5728, 0.5638, 0.8089, 0.6338, 0.5727, 0.5283, 0.7777])
Target tensorsfor test set: 
tensor([0.8988, 0.1218, 0.7507, 0.6671, 0.8453, 0.5779, 0.2464, 0.5719, 0.5564,
        0.4513, 0.0478, 0.7791, 0.8391, 0.5658, 0.7372, 0.8556, 0.3309, 0.0246])
Correlation for test set: 0.026940398587077235
18 5
Fold 2
Epoch: 00, Training Loss: 0.1064, Train MSE: 0.1064, r (train): 0.0651, Test MSE: 0.1726, r (test): 0.1865
Epoch: 01, Training Loss: 0.1891, Train MSE: 0.1891, r (train): 0.0819, Test MSE: 0.1214, r (test): 0.1906
Epoch: 02, Training Loss: 0.0612, Train MSE: 0.0612, r (train): 0.4583, Test MSE: 0.0854, r (test): 0.1576
Epoch: 03, Training Loss: 0.0593, Train MSE: 0.0593, r (train): 0.4611, Test MSE: 0.0694, r (test): 0.2662
Epoch: 04, Training Loss: 0.0519, Train MSE: 0.0519, r (train): 0.5378, Test MSE: 0.0815, r (test): 0.2025
Epoch: 05, Training Loss: 0.0514, Train MSE: 0.0514, r (train): 0.5721, Test MSE: 0.0733, r (test): 0.2168
Epoch: 06, Training Loss: 0.0467, Train MSE: 0.0467, r (train): 0.6106, Test MSE: 0.0775, r (test): 0.2037
Epoch: 07, Training Loss: 0.0448, Train MSE: 0.0448, r (train): 0.6067, Test MSE: 0.0851, r (test): 0.1849
Epoch: 08, Training Loss: 0.0450, Train MSE: 0.0450, r (train): 0.6493, Test MSE: 0.0754, r (test): 0.1741
Epoch: 09, Training Loss: 0.0763, Train MSE: 0.0763, r (train): 0.6389, Test MSE: 0.0753, r (test): 0.1437
Epoch: 10, Training Loss: 0.0500, Train MSE: 0.0500, r (train): 0.6349, Test MSE: 0.0790, r (test): 0.1837
Epoch: 11, Training Loss: 0.0451, Train MSE: 0.0451, r (train): 0.6681, Test MSE: 0.0864, r (test): 0.0452
Epoch: 12, Training Loss: 0.0487, Train MSE: 0.0487, r (train): 0.6537, Test MSE: 0.0806, r (test): 0.1156
Epoch: 13, Training Loss: 0.0384, Train MSE: 0.0384, r (train): 0.6985, Test MSE: 0.1300, r (test): 0.0064
Epoch: 14, Training Loss: 0.2056, Train MSE: 0.2056, r (train): 0.6004, Test MSE: 0.1648, r (test): 0.0083
Epoch: 15, Training Loss: 0.0434, Train MSE: 0.0434, r (train): 0.6640, Test MSE: 0.1188, r (test): 0.1140
Epoch: 16, Training Loss: 0.2670, Train MSE: 0.2670, r (train): 0.6651, Test MSE: 0.5061, r (test): 0.0917
Epoch: 17, Training Loss: 0.0646, Train MSE: 0.0646, r (train): 0.4834, Test MSE: 0.0997, r (test): 0.0620
Epoch: 18, Training Loss: 0.0788, Train MSE: 0.0788, r (train): 0.6052, Test MSE: 0.0994, r (test): 0.0607
Epoch: 19, Training Loss: 0.2291, Train MSE: 0.2291, r (train): 0.6594, Test MSE: 0.1937, r (test): 0.0370
Epoch: 20, Training Loss: 0.2767, Train MSE: 0.2767, r (train): 0.6545, Test MSE: 0.2447, r (test): 0.0281
Epoch: 21, Training Loss: 0.2028, Train MSE: 0.2028, r (train): 0.6139, Test MSE: 0.1713, r (test): 0.0412
Epoch: 22, Training Loss: 0.3157, Train MSE: 0.3157, r (train): 0.5052, Test MSE: 0.2639, r (test): -0.2143
Epoch: 23, Training Loss: 0.2033, Train MSE: 0.2033, r (train): 0.7522, Test MSE: 0.1788, r (test): -0.0555
Epoch: 24, Training Loss: 0.0330, Train MSE: 0.0330, r (train): 0.7734, Test MSE: 0.1078, r (test): -0.1098
Epoch: 25, Training Loss: 0.1189, Train MSE: 0.1189, r (train): 0.7894, Test MSE: 0.2971, r (test): -0.0707
Epoch: 26, Training Loss: 0.0259, Train MSE: 0.0259, r (train): 0.7975, Test MSE: 0.1014, r (test): -0.0295
Epoch: 27, Training Loss: 0.0385, Train MSE: 0.0385, r (train): 0.8115, Test MSE: 0.0942, r (test): -0.1463
Epoch: 28, Training Loss: 0.0234, Train MSE: 0.0234, r (train): 0.8200, Test MSE: 0.1208, r (test): -0.0946
Epoch: 29, Training Loss: 0.0301, Train MSE: 0.0301, r (train): 0.8303, Test MSE: 0.1405, r (test): -0.0326
Epoch: 30, Training Loss: 0.0296, Train MSE: 0.0296, r (train): 0.8289, Test MSE: 0.0962, r (test): -0.1217
Epoch: 31, Training Loss: 0.0243, Train MSE: 0.0243, r (train): 0.8444, Test MSE: 0.1291, r (test): -0.0762
Epoch: 32, Training Loss: 0.0233, Train MSE: 0.0233, r (train): 0.8223, Test MSE: 0.1180, r (test): -0.0451
Epoch: 33, Training Loss: 0.0235, Train MSE: 0.0235, r (train): 0.8350, Test MSE: 0.0974, r (test): -0.0831
Epoch: 34, Training Loss: 0.0194, Train MSE: 0.0194, r (train): 0.8499, Test MSE: 0.1091, r (test): -0.0799
Epoch: 35, Training Loss: 0.0314, Train MSE: 0.0314, r (train): 0.8282, Test MSE: 0.1445, r (test): -0.0524
Epoch: 36, Training Loss: 0.0284, Train MSE: 0.0284, r (train): 0.8138, Test MSE: 0.0995, r (test): -0.0889
Epoch: 37, Training Loss: 0.0249, Train MSE: 0.0249, r (train): 0.8551, Test MSE: 0.0950, r (test): -0.0697
Epoch: 38, Training Loss: 0.0387, Train MSE: 0.0387, r (train): 0.8163, Test MSE: 0.1625, r (test): -0.0588
Epoch: 39, Training Loss: 0.0240, Train MSE: 0.0240, r (train): 0.8139, Test MSE: 0.1140, r (test): -0.0971
Epoch: 40, Training Loss: 0.0405, Train MSE: 0.0405, r (train): 0.8150, Test MSE: 0.0952, r (test): -0.0702
Epoch: 41, Training Loss: 0.0215, Train MSE: 0.0215, r (train): 0.8378, Test MSE: 0.1176, r (test): -0.0513
Epoch: 42, Training Loss: 0.0579, Train MSE: 0.0579, r (train): 0.8043, Test MSE: 0.1915, r (test): -0.0881
Epoch: 43, Training Loss: 0.0623, Train MSE: 0.0623, r (train): 0.7139, Test MSE: 0.1020, r (test): -0.1339
Epoch: 44, Training Loss: 0.0259, Train MSE: 0.0259, r (train): 0.8286, Test MSE: 0.0985, r (test): -0.0212
Epoch: 45, Training Loss: 0.0449, Train MSE: 0.0449, r (train): 0.7791, Test MSE: 0.1678, r (test): -0.1117
Epoch: 46, Training Loss: 0.0284, Train MSE: 0.0284, r (train): 0.7807, Test MSE: 0.1005, r (test): -0.1290
Epoch: 47, Training Loss: 0.0338, Train MSE: 0.0338, r (train): 0.8130, Test MSE: 0.0973, r (test): -0.0526
Epoch: 48, Training Loss: 0.0485, Train MSE: 0.0485, r (train): 0.7571, Test MSE: 0.1700, r (test): -0.1075
Epoch: 49, Training Loss: 0.0356, Train MSE: 0.0356, r (train): 0.7600, Test MSE: 0.0987, r (test): -0.1127
Epoch: 50, Training Loss: 0.0359, Train MSE: 0.0359, r (train): 0.7923, Test MSE: 0.0958, r (test): -0.0542
Epoch: 51, Training Loss: 0.0499, Train MSE: 0.0499, r (train): 0.7832, Test MSE: 0.1714, r (test): -0.0990
Epoch: 52, Training Loss: 0.0380, Train MSE: 0.0380, r (train): 0.7230, Test MSE: 0.0971, r (test): -0.0982
Epoch: 53, Training Loss: 0.0606, Train MSE: 0.0606, r (train): 0.7725, Test MSE: 0.1045, r (test): -0.0946
Epoch: 54, Training Loss: 0.0905, Train MSE: 0.0905, r (train): 0.7700, Test MSE: 0.2386, r (test): -0.0674
Epoch: 55, Training Loss: 0.0440, Train MSE: 0.0440, r (train): 0.6651, Test MSE: 0.1004, r (test): -0.1263
Epoch: 56, Training Loss: 0.0629, Train MSE: 0.0629, r (train): 0.8025, Test MSE: 0.0953, r (test): -0.0606
Epoch: 57, Training Loss: 0.0592, Train MSE: 0.0592, r (train): 0.7461, Test MSE: 0.1737, r (test): -0.1496
Epoch: 58, Training Loss: 0.0517, Train MSE: 0.0517, r (train): 0.6964, Test MSE: 0.0997, r (test): -0.1223
Epoch: 59, Training Loss: 0.0412, Train MSE: 0.0412, r (train): 0.7865, Test MSE: 0.0820, r (test): 0.0142
Epoch: 60, Training Loss: 0.1035, Train MSE: 0.1035, r (train): 0.7370, Test MSE: 0.2481, r (test): -0.0967
Epoch: 61, Training Loss: 0.0511, Train MSE: 0.0511, r (train): 0.6685, Test MSE: 0.0966, r (test): -0.0625
Epoch: 62, Training Loss: 0.0269, Train MSE: 0.0269, r (train): 0.8007, Test MSE: 0.0961, r (test): 0.0147
Epoch: 63, Training Loss: 0.0620, Train MSE: 0.0620, r (train): 0.7403, Test MSE: 0.1900, r (test): -0.1072
Epoch: 64, Training Loss: 0.0745, Train MSE: 0.0745, r (train): 0.6149, Test MSE: 0.1062, r (test): -0.1305
Epoch: 65, Training Loss: 0.0293, Train MSE: 0.0293, r (train): 0.7656, Test MSE: 0.1065, r (test): -0.1435
Epoch: 66, Training Loss: 0.0348, Train MSE: 0.0348, r (train): 0.7152, Test MSE: 0.1007, r (test): -0.1944
Epoch: 67, Training Loss: 0.0405, Train MSE: 0.0405, r (train): 0.7281, Test MSE: 0.1013, r (test): -0.0414
Epoch: 68, Training Loss: 0.0691, Train MSE: 0.0691, r (train): 0.7380, Test MSE: 0.1999, r (test): -0.0743
Epoch: 69, Training Loss: 0.0392, Train MSE: 0.0392, r (train): 0.6819, Test MSE: 0.1138, r (test): -0.1014
Epoch: 70, Training Loss: 0.0396, Train MSE: 0.0396, r (train): 0.7179, Test MSE: 0.0990, r (test): -0.1769
Epoch: 71, Training Loss: 0.0410, Train MSE: 0.0410, r (train): 0.6939, Test MSE: 0.0947, r (test): -0.1599
Epoch: 72, Training Loss: 0.0442, Train MSE: 0.0442, r (train): 0.7170, Test MSE: 0.0891, r (test): -0.0558
Epoch: 73, Training Loss: 0.0668, Train MSE: 0.0668, r (train): 0.7482, Test MSE: 0.1936, r (test): -0.0359
Epoch: 74, Training Loss: 0.0977, Train MSE: 0.0977, r (train): 0.7386, Test MSE: 0.2250, r (test): -0.0700
Epoch: 75, Training Loss: 0.0468, Train MSE: 0.0468, r (train): 0.6444, Test MSE: 0.1068, r (test): -0.1193
Epoch: 76, Training Loss: 0.0483, Train MSE: 0.0483, r (train): 0.7209, Test MSE: 0.0982, r (test): -0.1632
Epoch: 77, Training Loss: 0.0555, Train MSE: 0.0555, r (train): 0.6959, Test MSE: 0.0909, r (test): -0.1598
Epoch: 78, Training Loss: 0.0378, Train MSE: 0.0378, r (train): 0.7387, Test MSE: 0.1540, r (test): -0.0882
Epoch: 79, Training Loss: 0.1021, Train MSE: 0.1021, r (train): 0.7362, Test MSE: 0.2441, r (test): -0.0500
Epoch: 80, Training Loss: 0.2856, Train MSE: 0.2856, r (train): 0.6061, Test MSE: 0.2639, r (test): -0.0571
Epoch: 81, Training Loss: 0.0312, Train MSE: 0.0312, r (train): 0.7850, Test MSE: 0.0903, r (test): -0.0451
Epoch: 82, Training Loss: 0.0468, Train MSE: 0.0468, r (train): 0.7277, Test MSE: 0.1422, r (test): -0.0997
Epoch: 83, Training Loss: 0.0962, Train MSE: 0.0962, r (train): 0.6575, Test MSE: 0.1247, r (test): -0.0822
Epoch: 84, Training Loss: 0.0288, Train MSE: 0.0288, r (train): 0.7679, Test MSE: 0.1074, r (test): -0.0566
Epoch: 85, Training Loss: 0.0555, Train MSE: 0.0555, r (train): 0.7432, Test MSE: 0.1641, r (test): -0.0595
Epoch: 86, Training Loss: 0.0298, Train MSE: 0.0298, r (train): 0.7637, Test MSE: 0.0910, r (test): -0.0479
Epoch: 87, Training Loss: 0.0472, Train MSE: 0.0472, r (train): 0.7664, Test MSE: 0.0893, r (test): -0.1088
Epoch: 88, Training Loss: 0.0278, Train MSE: 0.0278, r (train): 0.7833, Test MSE: 0.0942, r (test): -0.0395
Epoch: 89, Training Loss: 0.0444, Train MSE: 0.0444, r (train): 0.7921, Test MSE: 0.0974, r (test): -0.0730
Epoch: 90, Training Loss: 0.0453, Train MSE: 0.0453, r (train): 0.7530, Test MSE: 0.1410, r (test): 0.0004
Epoch: 91, Training Loss: 0.0523, Train MSE: 0.0523, r (train): 0.6525, Test MSE: 0.1023, r (test): -0.1334
Epoch: 92, Training Loss: 0.0379, Train MSE: 0.0379, r (train): 0.7911, Test MSE: 0.0858, r (test): -0.0599
Epoch: 93, Training Loss: 0.0371, Train MSE: 0.0371, r (train): 0.7402, Test MSE: 0.1212, r (test): -0.0398
Epoch: 94, Training Loss: 0.0294, Train MSE: 0.0294, r (train): 0.7864, Test MSE: 0.1130, r (test): -0.0337
Epoch: 95, Training Loss: 0.0638, Train MSE: 0.0638, r (train): 0.7399, Test MSE: 0.0970, r (test): -0.1155
Epoch: 96, Training Loss: 0.0548, Train MSE: 0.0548, r (train): 0.7637, Test MSE: 0.0942, r (test): -0.1071
Epoch: 97, Training Loss: 0.0518, Train MSE: 0.0518, r (train): 0.7599, Test MSE: 0.1695, r (test): -0.0092
Epoch: 98, Training Loss: 0.0495, Train MSE: 0.0495, r (train): 0.7437, Test MSE: 0.1456, r (test): -0.0608
Epoch: 99, Training Loss: 0.0571, Train MSE: 0.0571, r (train): 0.6228, Test MSE: 0.1046, r (test): -0.1069
Predicted tensors for training set: 
tensor([0.7510, 0.0384, 0.6682, 0.5750, 0.9268, 0.8025, 0.5339, 0.6730, 0.6640,
        0.5967, 0.4254, 1.0474, 0.6881, 0.4898, 0.6308, 0.6683, 0.9113, 0.4866,
        0.9960, 0.6582, 0.4133, 0.7679, 1.2255, 0.4708, 0.8336, 0.5265, 0.7182,
        0.6043, 0.6139, 0.6491, 1.0305, 0.6353, 0.4776, 0.3012, 0.5785, 0.7474,
        0.9031, 0.4587, 0.7819, 0.5834, 0.8313, 0.9688, 0.3304, 0.4874, 0.5831,
        0.5313, 0.6931, 0.5417, 0.8058, 0.8335, 0.2820, 0.4644, 0.3272, 0.6960,
        0.5074, 0.5403, 0.7035, 0.6969, 0.3027, 0.7974, 0.6286, 0.6903, 0.1446,
        0.8254, 0.9087, 0.5336, 0.5011, 0.2026, 0.6756, 0.6072, 0.8139, 0.3262])
Target tensorsfor training set: 
tensor([0.8988, 0.1218, 0.7507, 0.6671, 0.8453, 0.5779, 0.2464, 0.5719, 0.5564,
        0.4513, 0.0478, 0.7791, 0.8391, 0.5658, 0.7372, 0.8556, 0.3309, 0.0246,
        0.8561, 0.4373, 0.0981, 0.1055, 0.2916, 0.1295, 0.6846, 0.4036, 0.3174,
        0.5780, 0.2255, 0.2594, 0.6240, 0.5220, 0.6577, 0.4341, 0.6576, 0.9535,
        0.7125, 0.1360, 0.5102, 0.2394, 0.8363, 0.8728, 0.0763, 0.2271, 0.5178,
        0.5573, 0.7497, 0.4440, 0.7371, 0.7171, 0.1294, 0.3829, 0.3077, 0.7270,
        0.5187, 0.5023, 0.7950, 0.8411, 0.4149, 0.9150, 0.6199, 0.6992, 0.0389,
        0.7596, 0.8524, 0.4526, 0.4654, 0.0636, 0.7462, 0.5783, 0.9621, 0.3453])
Correlation for training set: 0.6227686452559081
Predicted tensors for test set: 
tensor([0.6199, 0.9137, 0.6867, 0.2523, 0.6633, 0.6308, 0.6512, 0.6003, 0.9200,
        0.7847, 0.6702, 0.7436, 0.7003, 1.0508, 0.5521, 0.7035, 0.6748, 0.7470])
Target tensorsfor test set: 
tensor([0.2169, 0.4818, 0.9127, 0.9072, 0.5300, 0.2649, 0.9656, 0.6595, 0.7144,
        0.4993, 0.9215, 0.6465, 0.4640, 0.7901, 0.9492, 0.8418, 0.1493, 0.9117])
Correlation for test set: -0.1068677390672902
18 5
Fold 3
Epoch: 00, Training Loss: 0.0965, Train MSE: 0.0965, r (train): 0.0517, Test MSE: 0.0625, r (test): 0.0039
Epoch: 01, Training Loss: 0.1345, Train MSE: 0.1345, r (train): 0.1624, Test MSE: 0.1649, r (test): 0.1215
Epoch: 02, Training Loss: 0.0677, Train MSE: 0.0677, r (train): 0.4174, Test MSE: 0.0930, r (test): 0.3872
Epoch: 03, Training Loss: 0.0635, Train MSE: 0.0635, r (train): 0.4586, Test MSE: 0.0917, r (test): 0.3796
Epoch: 04, Training Loss: 0.0599, Train MSE: 0.0599, r (train): 0.5359, Test MSE: 0.0961, r (test): 0.3954
Epoch: 05, Training Loss: 0.0564, Train MSE: 0.0564, r (train): 0.5759, Test MSE: 0.0937, r (test): 0.4069
Epoch: 06, Training Loss: 0.0469, Train MSE: 0.0469, r (train): 0.6051, Test MSE: 0.0759, r (test): 0.4119
Epoch: 07, Training Loss: 0.0601, Train MSE: 0.0601, r (train): 0.5704, Test MSE: 0.1057, r (test): 0.3865
Epoch: 08, Training Loss: 0.0847, Train MSE: 0.0847, r (train): 0.5784, Test MSE: 0.1518, r (test): 0.3429
Epoch: 09, Training Loss: 0.0463, Train MSE: 0.0463, r (train): 0.6189, Test MSE: 0.0629, r (test): 0.3549
Epoch: 10, Training Loss: 0.0882, Train MSE: 0.0882, r (train): 0.5783, Test MSE: 0.1615, r (test): 0.2302
Epoch: 11, Training Loss: 0.0415, Train MSE: 0.0415, r (train): 0.6837, Test MSE: 0.0747, r (test): 0.3859
Epoch: 12, Training Loss: 0.2984, Train MSE: 0.2984, r (train): 0.5768, Test MSE: 0.4341, r (test): 0.3584
Epoch: 13, Training Loss: 0.3365, Train MSE: 0.3365, r (train): 0.4391, Test MSE: 0.4585, r (test): 0.1247
Epoch: 14, Training Loss: 0.4189, Train MSE: 0.4189, r (train): 0.5960, Test MSE: 0.5831, r (test): 0.2775
Epoch: 15, Training Loss: 0.3741, Train MSE: 0.3741, r (train): 0.4787, Test MSE: 0.4999, r (test): 0.1447
Epoch: 16, Training Loss: 0.5839, Train MSE: 0.5839, r (train): 0.4534, Test MSE: 0.7084, r (test): 0.2018
Epoch: 17, Training Loss: 0.6222, Train MSE: 0.6222, r (train): 0.6083, Test MSE: 0.8384, r (test): 0.2787
Epoch: 18, Training Loss: 0.0717, Train MSE: 0.0717, r (train): 0.7644, Test MSE: 0.0621, r (test): 0.4001
Epoch: 19, Training Loss: 0.2120, Train MSE: 0.2120, r (train): 0.6271, Test MSE: 0.1444, r (test): 0.3602
Epoch: 20, Training Loss: 0.1884, Train MSE: 0.1884, r (train): 0.7013, Test MSE: 0.1125, r (test): 0.3866
Epoch: 21, Training Loss: 0.0523, Train MSE: 0.0523, r (train): 0.7341, Test MSE: 0.1269, r (test): 0.3290
Epoch: 22, Training Loss: 0.0907, Train MSE: 0.0907, r (train): 0.7734, Test MSE: 0.1897, r (test): 0.2791
Epoch: 23, Training Loss: 0.0409, Train MSE: 0.0409, r (train): 0.7479, Test MSE: 0.0626, r (test): 0.2820
Epoch: 24, Training Loss: 0.0228, Train MSE: 0.0228, r (train): 0.8311, Test MSE: 0.0706, r (test): 0.4013
Epoch: 25, Training Loss: 0.0376, Train MSE: 0.0376, r (train): 0.8247, Test MSE: 0.1210, r (test): 0.4194
Epoch: 26, Training Loss: 0.0344, Train MSE: 0.0344, r (train): 0.8215, Test MSE: 0.0593, r (test): 0.3564
Epoch: 27, Training Loss: 0.0225, Train MSE: 0.0225, r (train): 0.8307, Test MSE: 0.0685, r (test): 0.3691
Epoch: 28, Training Loss: 0.0568, Train MSE: 0.0568, r (train): 0.8142, Test MSE: 0.1555, r (test): 0.4056
Epoch: 29, Training Loss: 0.0272, Train MSE: 0.0272, r (train): 0.8217, Test MSE: 0.0658, r (test): 0.4126
Epoch: 30, Training Loss: 0.0260, Train MSE: 0.0260, r (train): 0.8150, Test MSE: 0.0828, r (test): 0.3343
Epoch: 31, Training Loss: 0.0287, Train MSE: 0.0287, r (train): 0.8152, Test MSE: 0.0919, r (test): 0.4287
Epoch: 32, Training Loss: 0.0327, Train MSE: 0.0327, r (train): 0.7910, Test MSE: 0.0969, r (test): 0.4068
Epoch: 33, Training Loss: 0.0282, Train MSE: 0.0282, r (train): 0.8040, Test MSE: 0.0854, r (test): 0.3544
Epoch: 34, Training Loss: 0.0303, Train MSE: 0.0303, r (train): 0.8004, Test MSE: 0.0647, r (test): 0.4280
Epoch: 35, Training Loss: 0.0367, Train MSE: 0.0367, r (train): 0.7614, Test MSE: 0.0936, r (test): 0.4308
Epoch: 36, Training Loss: 0.0418, Train MSE: 0.0418, r (train): 0.7909, Test MSE: 0.1097, r (test): 0.4126
Epoch: 37, Training Loss: 0.0562, Train MSE: 0.0562, r (train): 0.7756, Test MSE: 0.0615, r (test): 0.4012
Epoch: 38, Training Loss: 0.0839, Train MSE: 0.0839, r (train): 0.7254, Test MSE: 0.1728, r (test): 0.4216
Epoch: 39, Training Loss: 0.0484, Train MSE: 0.0484, r (train): 0.7738, Test MSE: 0.1164, r (test): 0.4363
Epoch: 40, Training Loss: 0.0906, Train MSE: 0.0906, r (train): 0.7581, Test MSE: 0.0759, r (test): 0.3309
Epoch: 41, Training Loss: 0.0533, Train MSE: 0.0533, r (train): 0.7325, Test MSE: 0.1213, r (test): 0.4173
Epoch: 42, Training Loss: 0.0320, Train MSE: 0.0320, r (train): 0.7723, Test MSE: 0.0799, r (test): 0.4507
Epoch: 43, Training Loss: 0.0689, Train MSE: 0.0689, r (train): 0.7841, Test MSE: 0.1746, r (test): 0.3791
Epoch: 44, Training Loss: 0.0440, Train MSE: 0.0440, r (train): 0.7692, Test MSE: 0.1135, r (test): 0.3311
Epoch: 45, Training Loss: 0.0471, Train MSE: 0.0471, r (train): 0.7617, Test MSE: 0.1186, r (test): 0.4331
Epoch: 46, Training Loss: 0.0324, Train MSE: 0.0324, r (train): 0.7933, Test MSE: 0.0827, r (test): 0.3898
Epoch: 47, Training Loss: 0.0322, Train MSE: 0.0322, r (train): 0.7803, Test MSE: 0.0857, r (test): 0.4038
Epoch: 48, Training Loss: 0.0358, Train MSE: 0.0358, r (train): 0.7846, Test MSE: 0.0974, r (test): 0.4661
Epoch: 49, Training Loss: 0.0308, Train MSE: 0.0308, r (train): 0.7987, Test MSE: 0.0900, r (test): 0.3722
Epoch: 50, Training Loss: 0.0283, Train MSE: 0.0283, r (train): 0.7957, Test MSE: 0.0803, r (test): 0.3746
Epoch: 51, Training Loss: 0.0315, Train MSE: 0.0315, r (train): 0.7815, Test MSE: 0.0862, r (test): 0.4394
Epoch: 52, Training Loss: 0.0405, Train MSE: 0.0405, r (train): 0.7811, Test MSE: 0.1068, r (test): 0.3920
Epoch: 53, Training Loss: 0.0377, Train MSE: 0.0377, r (train): 0.7752, Test MSE: 0.1002, r (test): 0.4084
Epoch: 54, Training Loss: 0.0297, Train MSE: 0.0297, r (train): 0.7886, Test MSE: 0.0727, r (test): 0.4481
Epoch: 55, Training Loss: 0.0265, Train MSE: 0.0265, r (train): 0.8128, Test MSE: 0.0867, r (test): 0.3628
Epoch: 56, Training Loss: 0.0312, Train MSE: 0.0312, r (train): 0.8043, Test MSE: 0.0934, r (test): 0.3653
Epoch: 57, Training Loss: 0.0302, Train MSE: 0.0302, r (train): 0.7792, Test MSE: 0.0690, r (test): 0.4344
Epoch: 58, Training Loss: 0.0308, Train MSE: 0.0308, r (train): 0.8035, Test MSE: 0.0937, r (test): 0.3384
Epoch: 59, Training Loss: 0.0691, Train MSE: 0.0691, r (train): 0.7633, Test MSE: 0.1617, r (test): 0.4378
Epoch: 60, Training Loss: 0.0296, Train MSE: 0.0296, r (train): 0.7943, Test MSE: 0.0700, r (test): 0.3862
Epoch: 61, Training Loss: 0.0680, Train MSE: 0.0680, r (train): 0.7715, Test MSE: 0.0732, r (test): 0.2064
Epoch: 62, Training Loss: 0.0382, Train MSE: 0.0382, r (train): 0.7571, Test MSE: 0.1001, r (test): 0.3434
Epoch: 63, Training Loss: 0.0556, Train MSE: 0.0556, r (train): 0.7429, Test MSE: 0.1305, r (test): 0.3193
Epoch: 64, Training Loss: 0.0410, Train MSE: 0.0410, r (train): 0.8026, Test MSE: 0.1233, r (test): 0.2127
Epoch: 65, Training Loss: 0.0383, Train MSE: 0.0383, r (train): 0.7826, Test MSE: 0.0568, r (test): 0.3823
Epoch: 66, Training Loss: 0.0622, Train MSE: 0.0622, r (train): 0.7980, Test MSE: 0.1506, r (test): 0.2354
Epoch: 67, Training Loss: 0.0407, Train MSE: 0.0407, r (train): 0.7525, Test MSE: 0.0987, r (test): 0.3100
Epoch: 68, Training Loss: 0.0352, Train MSE: 0.0352, r (train): 0.7645, Test MSE: 0.0759, r (test): 0.2754
Epoch: 69, Training Loss: 0.0456, Train MSE: 0.0456, r (train): 0.7064, Test MSE: 0.1025, r (test): 0.2724
Epoch: 70, Training Loss: 0.0372, Train MSE: 0.0372, r (train): 0.7494, Test MSE: 0.0800, r (test): 0.3555
Epoch: 71, Training Loss: 0.1161, Train MSE: 0.1161, r (train): 0.7296, Test MSE: 0.2214, r (test): 0.1918
Epoch: 72, Training Loss: 0.0452, Train MSE: 0.0452, r (train): 0.6626, Test MSE: 0.0659, r (test): 0.3067
Epoch: 73, Training Loss: 0.0486, Train MSE: 0.0486, r (train): 0.7091, Test MSE: 0.1118, r (test): 0.1909
Epoch: 74, Training Loss: 0.0383, Train MSE: 0.0383, r (train): 0.7929, Test MSE: 0.0946, r (test): 0.2903
Epoch: 75, Training Loss: 0.0489, Train MSE: 0.0489, r (train): 0.7404, Test MSE: 0.1213, r (test): 0.2313
Epoch: 76, Training Loss: 0.1643, Train MSE: 0.1643, r (train): 0.7076, Test MSE: 0.1259, r (test): 0.2813
Epoch: 77, Training Loss: 0.0774, Train MSE: 0.0774, r (train): 0.6797, Test MSE: 0.1580, r (test): 0.2090
Epoch: 78, Training Loss: 0.0849, Train MSE: 0.0849, r (train): 0.7937, Test MSE: 0.1703, r (test): 0.3270
Epoch: 79, Training Loss: 0.0292, Train MSE: 0.0292, r (train): 0.7810, Test MSE: 0.0869, r (test): 0.2274
Epoch: 80, Training Loss: 0.2479, Train MSE: 0.2479, r (train): 0.7295, Test MSE: 0.1946, r (test): 0.2949
Epoch: 81, Training Loss: 0.0511, Train MSE: 0.0511, r (train): 0.6731, Test MSE: 0.0848, r (test): 0.1513
Epoch: 82, Training Loss: 0.1146, Train MSE: 0.1146, r (train): 0.6503, Test MSE: 0.2032, r (test): 0.1852
Epoch: 83, Training Loss: 0.0393, Train MSE: 0.0393, r (train): 0.7706, Test MSE: 0.1050, r (test): 0.3084
Epoch: 84, Training Loss: 0.0888, Train MSE: 0.0888, r (train): 0.7133, Test MSE: 0.0801, r (test): 0.2380
Epoch: 85, Training Loss: 0.0826, Train MSE: 0.0826, r (train): 0.6672, Test MSE: 0.1525, r (test): 0.2202
Epoch: 86, Training Loss: 0.1365, Train MSE: 0.1365, r (train): 0.7616, Test MSE: 0.1060, r (test): 0.3467
Epoch: 87, Training Loss: 0.0540, Train MSE: 0.0540, r (train): 0.7217, Test MSE: 0.0675, r (test): 0.3156
Epoch: 88, Training Loss: 0.0821, Train MSE: 0.0821, r (train): 0.7060, Test MSE: 0.0687, r (test): 0.3316
Epoch: 89, Training Loss: 0.0798, Train MSE: 0.0798, r (train): 0.7754, Test MSE: 0.1712, r (test): 0.4104
Epoch: 90, Training Loss: 0.0777, Train MSE: 0.0777, r (train): 0.7231, Test MSE: 0.0711, r (test): 0.3127
Epoch: 91, Training Loss: 0.0764, Train MSE: 0.0764, r (train): 0.7753, Test MSE: 0.1653, r (test): 0.2378
Epoch: 92, Training Loss: 0.0335, Train MSE: 0.0335, r (train): 0.7758, Test MSE: 0.0962, r (test): 0.2899
Epoch: 93, Training Loss: 0.1200, Train MSE: 0.1200, r (train): 0.7557, Test MSE: 0.2226, r (test): 0.2191
Epoch: 94, Training Loss: 0.0226, Train MSE: 0.0226, r (train): 0.8309, Test MSE: 0.0739, r (test): 0.3375
Epoch: 95, Training Loss: 0.0241, Train MSE: 0.0241, r (train): 0.8238, Test MSE: 0.0744, r (test): 0.2403
Epoch: 96, Training Loss: 0.0303, Train MSE: 0.0303, r (train): 0.8307, Test MSE: 0.0621, r (test): 0.2847
Epoch: 97, Training Loss: 0.0395, Train MSE: 0.0395, r (train): 0.8192, Test MSE: 0.0663, r (test): 0.2556
Epoch: 98, Training Loss: 0.0343, Train MSE: 0.0343, r (train): 0.7675, Test MSE: 0.0933, r (test): 0.3686
Epoch: 99, Training Loss: 0.0278, Train MSE: 0.0278, r (train): 0.8129, Test MSE: 0.0749, r (test): 0.3743
Predicted tensors for training set: 
tensor([ 0.7865, -0.0329,  0.5303,  0.5156,  0.9817,  0.6688,  0.2694,  0.6926,
         0.6812,  0.5873,  0.1384,  0.8835,  0.6738,  0.4367,  0.5540,  0.7286,
         0.7548,  0.3768,  0.4645,  0.9867,  0.8057,  0.7873,  0.3955,  0.1085,
         0.8358,  0.4543,  0.5368,  0.3429,  0.9220,  0.6460,  0.3269,  0.7848,
         0.8117,  0.6709, -0.2568,  0.7788,  1.0043,  0.3335,  0.8359,  0.5265,
         0.9713,  1.0553,  0.1738,  0.3408,  0.4192,  0.4662,  0.7674,  0.3487,
         0.7903,  0.8089,  0.0711,  0.3331,  0.2364,  0.7168,  0.3396,  0.4502,
         0.6529,  0.6651,  0.2344,  0.7465,  0.6871,  0.7174,  0.0459,  0.7888,
         0.9739,  0.5302,  0.5301,  0.2007,  0.7187,  0.5020,  0.8863,  0.4107])
Target tensorsfor training set: 
tensor([0.8988, 0.1218, 0.7507, 0.6671, 0.8453, 0.5779, 0.2464, 0.5719, 0.5564,
        0.4513, 0.0478, 0.7791, 0.8391, 0.5658, 0.7372, 0.8556, 0.3309, 0.0246,
        0.2169, 0.4818, 0.9127, 0.9072, 0.5300, 0.2649, 0.9656, 0.6595, 0.7144,
        0.4993, 0.9215, 0.6465, 0.4640, 0.7901, 0.9492, 0.8418, 0.1493, 0.9117,
        0.7125, 0.1360, 0.5102, 0.2394, 0.8363, 0.8728, 0.0763, 0.2271, 0.5178,
        0.5573, 0.7497, 0.4440, 0.7371, 0.7171, 0.1294, 0.3829, 0.3077, 0.7270,
        0.5187, 0.5023, 0.7950, 0.8411, 0.4149, 0.9150, 0.6199, 0.6992, 0.0389,
        0.7596, 0.8524, 0.4526, 0.4654, 0.0636, 0.7462, 0.5783, 0.9621, 0.3453])
Correlation for training set: 0.8129420690346668
Predicted tensors for test set: 
tensor([0.4457, 0.5953, 0.6826, 0.5930, 0.1918, 0.3263, 0.7697, 0.5941, 0.6088,
        0.6682, 0.4572, 0.6070, 0.7556, 0.8142, 0.5751, 0.2519, 0.8092, 0.7295])
Target tensorsfor test set: 
tensor([0.8561, 0.4373, 0.0981, 0.1055, 0.2916, 0.1295, 0.6846, 0.4036, 0.3174,
        0.5780, 0.2255, 0.2594, 0.6240, 0.5220, 0.6577, 0.4341, 0.6576, 0.9535])
Correlation for test set: 0.37429673849942463
18 5
Fold 4
Epoch: 00, Training Loss: 0.0760, Train MSE: 0.0760, r (train): 0.0506, Test MSE: 0.0835, r (test): -0.1613
Epoch: 01, Training Loss: 0.0701, Train MSE: 0.0701, r (train): 0.3185, Test MSE: 0.0612, r (test): 0.4607
Epoch: 02, Training Loss: 0.0966, Train MSE: 0.0966, r (train): 0.3183, Test MSE: 0.0997, r (test): 0.4211
Epoch: 03, Training Loss: 0.0583, Train MSE: 0.0583, r (train): 0.5960, Test MSE: 0.0765, r (test): 0.3350
Epoch: 04, Training Loss: 0.0507, Train MSE: 0.0507, r (train): 0.6771, Test MSE: 0.0713, r (test): 0.3654
Epoch: 05, Training Loss: 0.0554, Train MSE: 0.0554, r (train): 0.7002, Test MSE: 0.0805, r (test): 0.4070
Epoch: 06, Training Loss: 0.0390, Train MSE: 0.0390, r (train): 0.7318, Test MSE: 0.0635, r (test): 0.3198
Epoch: 07, Training Loss: 0.0404, Train MSE: 0.0404, r (train): 0.7407, Test MSE: 0.0713, r (test): 0.2954
Epoch: 08, Training Loss: 0.1632, Train MSE: 0.1632, r (train): 0.5081, Test MSE: 0.1617, r (test): -0.1883
Epoch: 09, Training Loss: 0.0487, Train MSE: 0.0487, r (train): 0.6453, Test MSE: 0.0645, r (test): 0.1953
Epoch: 10, Training Loss: 0.2046, Train MSE: 0.2046, r (train): 0.6419, Test MSE: 0.1971, r (test): 0.2758
Epoch: 11, Training Loss: 0.2590, Train MSE: 0.2590, r (train): 0.4506, Test MSE: 0.2474, r (test): 0.3184
Epoch: 12, Training Loss: 0.1603, Train MSE: 0.1603, r (train): 0.5397, Test MSE: 0.1750, r (test): 0.3312
Epoch: 13, Training Loss: 0.3397, Train MSE: 0.3397, r (train): 0.4557, Test MSE: 0.3138, r (test): 0.3284
Epoch: 14, Training Loss: 0.5844, Train MSE: 0.5844, r (train): 0.3599, Test MSE: 0.5970, r (test): 0.1777
Epoch: 15, Training Loss: 0.2350, Train MSE: 0.2350, r (train): 0.5484, Test MSE: 0.2855, r (test): -0.0322
Epoch: 16, Training Loss: 0.2280, Train MSE: 0.2280, r (train): 0.6008, Test MSE: 0.3102, r (test): -0.2195
Epoch: 17, Training Loss: 0.2633, Train MSE: 0.2633, r (train): 0.5354, Test MSE: 0.2374, r (test): -0.2533
Epoch: 18, Training Loss: 0.0269, Train MSE: 0.0269, r (train): 0.8023, Test MSE: 0.0882, r (test): -0.0633
Epoch: 19, Training Loss: 0.0452, Train MSE: 0.0452, r (train): 0.7784, Test MSE: 0.0923, r (test): 0.0421
Epoch: 20, Training Loss: 0.0409, Train MSE: 0.0409, r (train): 0.7919, Test MSE: 0.1033, r (test): -0.1509
Epoch: 21, Training Loss: 0.1343, Train MSE: 0.1343, r (train): 0.6373, Test MSE: 0.1625, r (test): 0.1008
Epoch: 22, Training Loss: 0.0439, Train MSE: 0.0439, r (train): 0.7779, Test MSE: 0.1081, r (test): -0.0703
Epoch: 23, Training Loss: 0.2115, Train MSE: 0.2115, r (train): 0.7250, Test MSE: 0.2314, r (test): -0.0384
Epoch: 24, Training Loss: 0.0362, Train MSE: 0.0362, r (train): 0.7631, Test MSE: 0.0739, r (test): 0.0709
Epoch: 25, Training Loss: 0.1498, Train MSE: 0.1498, r (train): 0.6618, Test MSE: 0.2031, r (test): -0.0896
Epoch: 26, Training Loss: 0.1982, Train MSE: 0.1982, r (train): 0.7261, Test MSE: 0.2125, r (test): -0.1461
Epoch: 27, Training Loss: 0.0683, Train MSE: 0.0683, r (train): 0.7475, Test MSE: 0.1110, r (test): 0.1557
Epoch: 28, Training Loss: 0.0564, Train MSE: 0.0564, r (train): 0.7635, Test MSE: 0.1248, r (test): -0.1725
Epoch: 29, Training Loss: 0.1082, Train MSE: 0.1082, r (train): 0.7704, Test MSE: 0.1479, r (test): -0.0646
Epoch: 30, Training Loss: 0.0466, Train MSE: 0.0466, r (train): 0.7405, Test MSE: 0.0964, r (test): -0.0007
Epoch: 31, Training Loss: 0.0501, Train MSE: 0.0501, r (train): 0.7260, Test MSE: 0.0980, r (test): -0.0281
Epoch: 32, Training Loss: 0.1172, Train MSE: 0.1172, r (train): 0.7669, Test MSE: 0.1602, r (test): -0.1599
Epoch: 33, Training Loss: 0.0410, Train MSE: 0.0410, r (train): 0.7736, Test MSE: 0.0916, r (test): 0.0721
Epoch: 34, Training Loss: 0.0663, Train MSE: 0.0663, r (train): 0.7085, Test MSE: 0.1149, r (test): -0.0215
Epoch: 35, Training Loss: 0.1151, Train MSE: 0.1151, r (train): 0.7979, Test MSE: 0.1532, r (test): -0.0900
Epoch: 36, Training Loss: 0.0617, Train MSE: 0.0617, r (train): 0.7369, Test MSE: 0.1040, r (test): 0.1286
Epoch: 37, Training Loss: 0.1076, Train MSE: 0.1076, r (train): 0.7780, Test MSE: 0.1734, r (test): -0.0382
Epoch: 38, Training Loss: 0.1538, Train MSE: 0.1538, r (train): 0.7794, Test MSE: 0.1750, r (test): -0.0831
Epoch: 39, Training Loss: 0.0693, Train MSE: 0.0693, r (train): 0.7109, Test MSE: 0.1075, r (test): 0.1380
Epoch: 40, Training Loss: 0.0283, Train MSE: 0.0283, r (train): 0.8102, Test MSE: 0.0859, r (test): -0.1284
Epoch: 41, Training Loss: 0.0441, Train MSE: 0.0441, r (train): 0.7503, Test MSE: 0.0876, r (test): 0.1167
Epoch: 42, Training Loss: 0.1147, Train MSE: 0.1147, r (train): 0.7607, Test MSE: 0.1556, r (test): -0.0772
Epoch: 43, Training Loss: 0.0377, Train MSE: 0.0377, r (train): 0.7833, Test MSE: 0.0947, r (test): -0.0133
Epoch: 44, Training Loss: 0.0336, Train MSE: 0.0336, r (train): 0.7371, Test MSE: 0.0814, r (test): -0.0238
Epoch: 45, Training Loss: 0.0800, Train MSE: 0.0800, r (train): 0.6620, Test MSE: 0.1200, r (test): 0.0403
Epoch: 46, Training Loss: 0.1302, Train MSE: 0.1302, r (train): 0.7538, Test MSE: 0.1695, r (test): -0.1706
Epoch: 47, Training Loss: 0.0296, Train MSE: 0.0296, r (train): 0.7746, Test MSE: 0.0786, r (test): 0.0743
Epoch: 48, Training Loss: 0.0881, Train MSE: 0.0881, r (train): 0.7271, Test MSE: 0.1399, r (test): -0.0151
Epoch: 49, Training Loss: 0.0538, Train MSE: 0.0538, r (train): 0.7736, Test MSE: 0.0973, r (test): -0.0658
Epoch: 50, Training Loss: 0.0322, Train MSE: 0.0322, r (train): 0.7763, Test MSE: 0.0834, r (test): 0.0379
Epoch: 51, Training Loss: 0.0286, Train MSE: 0.0286, r (train): 0.7856, Test MSE: 0.0843, r (test): -0.0900
Epoch: 52, Training Loss: 0.0350, Train MSE: 0.0350, r (train): 0.8064, Test MSE: 0.0930, r (test): -0.0093
Epoch: 53, Training Loss: 0.0394, Train MSE: 0.0394, r (train): 0.7735, Test MSE: 0.0999, r (test): -0.0575
Epoch: 54, Training Loss: 0.0682, Train MSE: 0.0682, r (train): 0.7350, Test MSE: 0.1196, r (test): 0.0238
Epoch: 55, Training Loss: 0.0293, Train MSE: 0.0293, r (train): 0.7869, Test MSE: 0.0833, r (test): -0.0083
Epoch: 56, Training Loss: 0.0296, Train MSE: 0.0296, r (train): 0.7906, Test MSE: 0.0880, r (test): 0.0030
Epoch: 57, Training Loss: 0.0469, Train MSE: 0.0469, r (train): 0.7857, Test MSE: 0.1006, r (test): 0.0205
Epoch: 58, Training Loss: 0.0407, Train MSE: 0.0407, r (train): 0.7781, Test MSE: 0.0816, r (test): -0.0506
Epoch: 59, Training Loss: 0.0489, Train MSE: 0.0489, r (train): 0.7882, Test MSE: 0.1132, r (test): -0.0399
Epoch: 60, Training Loss: 0.0575, Train MSE: 0.0575, r (train): 0.8034, Test MSE: 0.1127, r (test): -0.0517
Epoch: 61, Training Loss: 0.0879, Train MSE: 0.0879, r (train): 0.6760, Test MSE: 0.1258, r (test): 0.0977
Epoch: 62, Training Loss: 0.0602, Train MSE: 0.0602, r (train): 0.7942, Test MSE: 0.1331, r (test): 0.0028
Epoch: 63, Training Loss: 0.1119, Train MSE: 0.1119, r (train): 0.7638, Test MSE: 0.1414, r (test): -0.0411
Epoch: 64, Training Loss: 0.0948, Train MSE: 0.0948, r (train): 0.7296, Test MSE: 0.1406, r (test): 0.0153
Epoch: 65, Training Loss: 0.0319, Train MSE: 0.0319, r (train): 0.7690, Test MSE: 0.0824, r (test): -0.1106
Epoch: 66, Training Loss: 0.0649, Train MSE: 0.0649, r (train): 0.7934, Test MSE: 0.1259, r (test): -0.0678
Epoch: 67, Training Loss: 0.0347, Train MSE: 0.0347, r (train): 0.7420, Test MSE: 0.0871, r (test): 0.0299
Epoch: 68, Training Loss: 0.0386, Train MSE: 0.0386, r (train): 0.7775, Test MSE: 0.0985, r (test): -0.0526
Epoch: 69, Training Loss: 0.1107, Train MSE: 0.1107, r (train): 0.7587, Test MSE: 0.1675, r (test): 0.1291
Epoch: 70, Training Loss: 0.1011, Train MSE: 0.1011, r (train): 0.7309, Test MSE: 0.1173, r (test): -0.1079
Epoch: 71, Training Loss: 0.0644, Train MSE: 0.0644, r (train): 0.7560, Test MSE: 0.1242, r (test): -0.0623
Epoch: 72, Training Loss: 0.0345, Train MSE: 0.0345, r (train): 0.7312, Test MSE: 0.0831, r (test): -0.0132
Epoch: 73, Training Loss: 0.0335, Train MSE: 0.0335, r (train): 0.7438, Test MSE: 0.0885, r (test): -0.1015
Epoch: 74, Training Loss: 0.0645, Train MSE: 0.0645, r (train): 0.8080, Test MSE: 0.1158, r (test): 0.0078
Epoch: 75, Training Loss: 0.0623, Train MSE: 0.0623, r (train): 0.7241, Test MSE: 0.1055, r (test): 0.0740
Epoch: 76, Training Loss: 0.0604, Train MSE: 0.0604, r (train): 0.7898, Test MSE: 0.1223, r (test): -0.1099
Epoch: 77, Training Loss: 0.1119, Train MSE: 0.1119, r (train): 0.7785, Test MSE: 0.1379, r (test): -0.1026
Epoch: 78, Training Loss: 0.0560, Train MSE: 0.0560, r (train): 0.7671, Test MSE: 0.1118, r (test): 0.0364
Epoch: 79, Training Loss: 0.0642, Train MSE: 0.0642, r (train): 0.7677, Test MSE: 0.1237, r (test): -0.0319
Epoch: 80, Training Loss: 0.0890, Train MSE: 0.0890, r (train): 0.7673, Test MSE: 0.1432, r (test): 0.1843
Epoch: 81, Training Loss: 0.0655, Train MSE: 0.0655, r (train): 0.7787, Test MSE: 0.0965, r (test): -0.0853
Epoch: 82, Training Loss: 0.0454, Train MSE: 0.0454, r (train): 0.8034, Test MSE: 0.1101, r (test): -0.0295
Epoch: 83, Training Loss: 0.0388, Train MSE: 0.0388, r (train): 0.7748, Test MSE: 0.0939, r (test): -0.0337
Epoch: 84, Training Loss: 0.0408, Train MSE: 0.0408, r (train): 0.7759, Test MSE: 0.0984, r (test): -0.1554
Epoch: 85, Training Loss: 0.0436, Train MSE: 0.0436, r (train): 0.7776, Test MSE: 0.0967, r (test): 0.1028
Epoch: 86, Training Loss: 0.0670, Train MSE: 0.0670, r (train): 0.7899, Test MSE: 0.1413, r (test): 0.0106
Epoch: 87, Training Loss: 0.0303, Train MSE: 0.0303, r (train): 0.7955, Test MSE: 0.0693, r (test): 0.0931
Epoch: 88, Training Loss: 0.0364, Train MSE: 0.0364, r (train): 0.7431, Test MSE: 0.0744, r (test): 0.0326
Epoch: 89, Training Loss: 0.0482, Train MSE: 0.0482, r (train): 0.7731, Test MSE: 0.1173, r (test): -0.2715
Epoch: 90, Training Loss: 0.0846, Train MSE: 0.0846, r (train): 0.6630, Test MSE: 0.1210, r (test): 0.0832
Epoch: 91, Training Loss: 0.0276, Train MSE: 0.0276, r (train): 0.7956, Test MSE: 0.0934, r (test): 0.0226
Epoch: 92, Training Loss: 0.0497, Train MSE: 0.0497, r (train): 0.7593, Test MSE: 0.0956, r (test): 0.0352
Epoch: 93, Training Loss: 0.0492, Train MSE: 0.0492, r (train): 0.7255, Test MSE: 0.0871, r (test): 0.1017
Epoch: 94, Training Loss: 0.0372, Train MSE: 0.0372, r (train): 0.7384, Test MSE: 0.0845, r (test): -0.1513
Epoch: 95, Training Loss: 0.2132, Train MSE: 0.2132, r (train): 0.7536, Test MSE: 0.2440, r (test): -0.0453
Epoch: 96, Training Loss: 0.0324, Train MSE: 0.0324, r (train): 0.7931, Test MSE: 0.0887, r (test): 0.0897
Epoch: 97, Training Loss: 0.2248, Train MSE: 0.2248, r (train): 0.6502, Test MSE: 0.2584, r (test): 0.1325
Epoch: 98, Training Loss: 0.0439, Train MSE: 0.0439, r (train): 0.7861, Test MSE: 0.0858, r (test): -0.1077
Epoch: 99, Training Loss: 0.0656, Train MSE: 0.0656, r (train): 0.8007, Test MSE: 0.1102, r (test): -0.0516
Predicted tensors for training set: 
tensor([ 0.6700, -0.0427,  0.5635,  0.4010,  0.7210,  0.3887,  0.0383,  0.3897,
         0.5203,  0.3789, -0.0348,  0.7616,  0.3266,  0.1582,  0.3414,  0.4301,
         0.3463,  0.0663,  0.2837,  0.4882,  0.6719,  0.6263,  0.2753, -0.0382,
         0.4573,  0.2868,  0.2411,  0.1101,  0.7201,  0.3570,  0.2702,  0.4391,
         0.5046,  0.4035, -0.2791,  0.4200,  0.9007,  0.4873,  0.2051,  0.1326,
         0.1919,  0.1247,  0.6476,  0.3891,  0.3367,  0.5734,  0.2610,  0.2861,
         0.3675,  0.3662,  0.4636,  0.1894,  0.3869,  0.6812,  0.2186,  0.2960,
         0.4548,  0.4416,  0.0531,  0.5486,  0.5221,  0.5919, -0.0336,  0.6316,
         0.6387,  0.3767,  0.3140, -0.0475,  0.4636,  0.3667,  0.6290,  0.1190])
Target tensorsfor training set: 
tensor([0.8988, 0.1218, 0.7507, 0.6671, 0.8453, 0.5779, 0.2464, 0.5719, 0.5564,
        0.4513, 0.0478, 0.7791, 0.8391, 0.5658, 0.7372, 0.8556, 0.3309, 0.0246,
        0.2169, 0.4818, 0.9127, 0.9072, 0.5300, 0.2649, 0.9656, 0.6595, 0.7144,
        0.4993, 0.9215, 0.6465, 0.4640, 0.7901, 0.9492, 0.8418, 0.1493, 0.9117,
        0.8561, 0.4373, 0.0981, 0.1055, 0.2916, 0.1295, 0.6846, 0.4036, 0.3174,
        0.5780, 0.2255, 0.2594, 0.6240, 0.5220, 0.6577, 0.4341, 0.6576, 0.9535,
        0.5187, 0.5023, 0.7950, 0.8411, 0.4149, 0.9150, 0.6199, 0.6992, 0.0389,
        0.7596, 0.8524, 0.4526, 0.4654, 0.0636, 0.7462, 0.5783, 0.9621, 0.3453])
Correlation for training set: 0.800691246972605
Predicted tensors for test set: 
tensor([0.2533, 0.4861, 0.4598, 0.4422, 0.2736, 0.4075, 0.3917, 0.5669, 0.2081,
        0.5108, 0.3494, 0.0859, 0.5051, 0.2105, 0.1030, 0.2211, 0.3214, 0.3613])
Target tensorsfor test set: 
tensor([0.7125, 0.1360, 0.5102, 0.2394, 0.8363, 0.8728, 0.0763, 0.2271, 0.5178,
        0.5573, 0.7497, 0.4440, 0.7371, 0.7171, 0.1294, 0.3829, 0.3077, 0.7270])
Correlation for test set: -0.05156750146165745
18 5
Fold 5
Epoch: 00, Training Loss: 0.0780, Train MSE: 0.0780, r (train): 0.0450, Test MSE: 0.0817, r (test): -0.0785
Epoch: 01, Training Loss: 0.0728, Train MSE: 0.0728, r (train): 0.1672, Test MSE: 0.0684, r (test): 0.0878
Epoch: 02, Training Loss: 0.1285, Train MSE: 0.1285, r (train): 0.3026, Test MSE: 0.1129, r (test): 0.1064
Epoch: 03, Training Loss: 0.1088, Train MSE: 0.1088, r (train): 0.5089, Test MSE: 0.1043, r (test): 0.1565
Epoch: 04, Training Loss: 0.1339, Train MSE: 0.1339, r (train): 0.5414, Test MSE: 0.1305, r (test): 0.1213
Epoch: 05, Training Loss: 0.0433, Train MSE: 0.0433, r (train): 0.6522, Test MSE: 0.0844, r (test): -0.0348
Epoch: 06, Training Loss: 0.1257, Train MSE: 0.1257, r (train): 0.6334, Test MSE: 0.1481, r (test): -0.0264
Epoch: 07, Training Loss: 0.2007, Train MSE: 0.2007, r (train): 0.5568, Test MSE: 0.2156, r (test): 0.0319
Epoch: 08, Training Loss: 0.4590, Train MSE: 0.4590, r (train): 0.1384, Test MSE: 0.4967, r (test): -0.0427
Epoch: 09, Training Loss: 0.0619, Train MSE: 0.0619, r (train): 0.5728, Test MSE: 0.0912, r (test): 0.2176
Epoch: 10, Training Loss: 0.0491, Train MSE: 0.0491, r (train): 0.7246, Test MSE: 0.1041, r (test): 0.1650
Epoch: 11, Training Loss: 0.3266, Train MSE: 0.3266, r (train): 0.5538, Test MSE: 0.3057, r (test): 0.0487
Epoch: 12, Training Loss: 0.1569, Train MSE: 0.1569, r (train): 0.5204, Test MSE: 0.1628, r (test): 0.0137
Epoch: 13, Training Loss: 0.5625, Train MSE: 0.5625, r (train): 0.4963, Test MSE: 0.5127, r (test): 0.0752
Epoch: 14, Training Loss: 0.0512, Train MSE: 0.0512, r (train): 0.6654, Test MSE: 0.0717, r (test): 0.1109
Epoch: 15, Training Loss: 0.0859, Train MSE: 0.0859, r (train): 0.5736, Test MSE: 0.1323, r (test): 0.0857
Epoch: 16, Training Loss: 0.8923, Train MSE: 0.8923, r (train): 0.4442, Test MSE: 0.9227, r (test): 0.2360
Epoch: 17, Training Loss: 0.1256, Train MSE: 0.1256, r (train): 0.7170, Test MSE: 0.1401, r (test): 0.2165
Epoch: 18, Training Loss: 0.0575, Train MSE: 0.0575, r (train): 0.6820, Test MSE: 0.1074, r (test): 0.2745
Epoch: 19, Training Loss: 0.0511, Train MSE: 0.0511, r (train): 0.6783, Test MSE: 0.0894, r (test): 0.2904
Epoch: 20, Training Loss: 0.1131, Train MSE: 0.1131, r (train): 0.6535, Test MSE: 0.1397, r (test): 0.3013
Epoch: 21, Training Loss: 0.0655, Train MSE: 0.0655, r (train): 0.6900, Test MSE: 0.1031, r (test): 0.2849
Epoch: 22, Training Loss: 0.1314, Train MSE: 0.1314, r (train): 0.5231, Test MSE: 0.1364, r (test): -0.1247
Epoch: 23, Training Loss: 0.0945, Train MSE: 0.0945, r (train): 0.6461, Test MSE: 0.1143, r (test): 0.0195
Epoch: 24, Training Loss: 0.0518, Train MSE: 0.0518, r (train): 0.6348, Test MSE: 0.0772, r (test): -0.0714
Epoch: 25, Training Loss: 0.0886, Train MSE: 0.0886, r (train): 0.6673, Test MSE: 0.1246, r (test): 0.3232
Epoch: 26, Training Loss: 0.0566, Train MSE: 0.0566, r (train): 0.7404, Test MSE: 0.0875, r (test): 0.2694
Epoch: 27, Training Loss: 0.0437, Train MSE: 0.0437, r (train): 0.6978, Test MSE: 0.0740, r (test): 0.1596
Epoch: 28, Training Loss: 0.0352, Train MSE: 0.0352, r (train): 0.7383, Test MSE: 0.0647, r (test): 0.2181
Epoch: 29, Training Loss: 0.0573, Train MSE: 0.0573, r (train): 0.7007, Test MSE: 0.0869, r (test): 0.3551
Epoch: 30, Training Loss: 0.0412, Train MSE: 0.0412, r (train): 0.7128, Test MSE: 0.0702, r (test): 0.2170
Epoch: 31, Training Loss: 0.0747, Train MSE: 0.0747, r (train): 0.6475, Test MSE: 0.0861, r (test): 0.0745
Epoch: 32, Training Loss: 0.0539, Train MSE: 0.0539, r (train): 0.6946, Test MSE: 0.0817, r (test): 0.3510
Epoch: 33, Training Loss: 0.0400, Train MSE: 0.0400, r (train): 0.6935, Test MSE: 0.0739, r (test): 0.2597
Epoch: 34, Training Loss: 0.0664, Train MSE: 0.0664, r (train): 0.6363, Test MSE: 0.0792, r (test): 0.1236
Epoch: 35, Training Loss: 0.0390, Train MSE: 0.0390, r (train): 0.6945, Test MSE: 0.0604, r (test): 0.3517
Epoch: 36, Training Loss: 0.0604, Train MSE: 0.0604, r (train): 0.6350, Test MSE: 0.0826, r (test): 0.3194
Epoch: 37, Training Loss: 0.0528, Train MSE: 0.0528, r (train): 0.6373, Test MSE: 0.0883, r (test): 0.1562
Epoch: 38, Training Loss: 0.1164, Train MSE: 0.1164, r (train): 0.6258, Test MSE: 0.1181, r (test): 0.0485
Epoch: 39, Training Loss: 0.0764, Train MSE: 0.0764, r (train): 0.6396, Test MSE: 0.0990, r (test): 0.3549
Epoch: 40, Training Loss: 0.0438, Train MSE: 0.0438, r (train): 0.6394, Test MSE: 0.0710, r (test): 0.2412
Epoch: 41, Training Loss: 0.1017, Train MSE: 0.1017, r (train): 0.5726, Test MSE: 0.1084, r (test): 0.0096
Epoch: 42, Training Loss: 0.0532, Train MSE: 0.0532, r (train): 0.6549, Test MSE: 0.0735, r (test): 0.3616
Epoch: 43, Training Loss: 0.2247, Train MSE: 0.2247, r (train): 0.5529, Test MSE: 0.2377, r (test): 0.2981
Epoch: 44, Training Loss: 0.0451, Train MSE: 0.0451, r (train): 0.6206, Test MSE: 0.0749, r (test): 0.0150
Epoch: 45, Training Loss: 0.1347, Train MSE: 0.1347, r (train): 0.5917, Test MSE: 0.1327, r (test): 0.0592
Epoch: 46, Training Loss: 0.0557, Train MSE: 0.0557, r (train): 0.6032, Test MSE: 0.0657, r (test): 0.3128
Epoch: 47, Training Loss: 0.6775, Train MSE: 0.6775, r (train): 0.4826, Test MSE: 0.6801, r (test): 0.2908
Epoch: 48, Training Loss: 0.1908, Train MSE: 0.1908, r (train): 0.4308, Test MSE: 0.1688, r (test): -0.0895
Epoch: 49, Training Loss: 0.0459, Train MSE: 0.0459, r (train): 0.6465, Test MSE: 0.0741, r (test): 0.1367
Epoch: 50, Training Loss: 0.0640, Train MSE: 0.0640, r (train): 0.6107, Test MSE: 0.0798, r (test): 0.3007
Epoch: 51, Training Loss: 0.1304, Train MSE: 0.1304, r (train): 0.5842, Test MSE: 0.1594, r (test): 0.3140
Epoch: 52, Training Loss: 0.1289, Train MSE: 0.1289, r (train): 0.5822, Test MSE: 0.1282, r (test): -0.0146
Epoch: 53, Training Loss: 0.1138, Train MSE: 0.1138, r (train): 0.5385, Test MSE: 0.1061, r (test): 0.1126
Epoch: 54, Training Loss: 0.6279, Train MSE: 0.6279, r (train): 0.5130, Test MSE: 0.6424, r (test): 0.2576
Epoch: 55, Training Loss: 0.0886, Train MSE: 0.0886, r (train): 0.6630, Test MSE: 0.1006, r (test): 0.1846
Epoch: 56, Training Loss: 0.0569, Train MSE: 0.0569, r (train): 0.6071, Test MSE: 0.0876, r (test): 0.0091
Epoch: 57, Training Loss: 0.0427, Train MSE: 0.0427, r (train): 0.6585, Test MSE: 0.0619, r (test): 0.3055
Epoch: 58, Training Loss: 0.4099, Train MSE: 0.4099, r (train): 0.5543, Test MSE: 0.4148, r (test): 0.2403
Epoch: 59, Training Loss: 0.0479, Train MSE: 0.0479, r (train): 0.6352, Test MSE: 0.0853, r (test): 0.0320
Epoch: 60, Training Loss: 0.2216, Train MSE: 0.2216, r (train): 0.6312, Test MSE: 0.2058, r (test): 0.1035
Epoch: 61, Training Loss: 0.1179, Train MSE: 0.1179, r (train): 0.6024, Test MSE: 0.1441, r (test): 0.3315
Epoch: 62, Training Loss: 0.0800, Train MSE: 0.0800, r (train): 0.6473, Test MSE: 0.1230, r (test): 0.1514
Epoch: 63, Training Loss: 0.0509, Train MSE: 0.0509, r (train): 0.7233, Test MSE: 0.0739, r (test): 0.2440
Epoch: 64, Training Loss: 0.0367, Train MSE: 0.0367, r (train): 0.7112, Test MSE: 0.0668, r (test): 0.2625
Epoch: 65, Training Loss: 0.0455, Train MSE: 0.0455, r (train): 0.6725, Test MSE: 0.0754, r (test): 0.1867
Epoch: 66, Training Loss: 0.0497, Train MSE: 0.0497, r (train): 0.7328, Test MSE: 0.0916, r (test): 0.2883
Epoch: 67, Training Loss: 0.0438, Train MSE: 0.0438, r (train): 0.7618, Test MSE: 0.0804, r (test): 0.1913
Epoch: 68, Training Loss: 0.0393, Train MSE: 0.0393, r (train): 0.7046, Test MSE: 0.0762, r (test): 0.1978
Epoch: 69, Training Loss: 0.0584, Train MSE: 0.0584, r (train): 0.7327, Test MSE: 0.0985, r (test): 0.1451
Epoch: 70, Training Loss: 0.0463, Train MSE: 0.0463, r (train): 0.6945, Test MSE: 0.0724, r (test): 0.1548
Epoch: 71, Training Loss: 0.0495, Train MSE: 0.0495, r (train): 0.6974, Test MSE: 0.0943, r (test): 0.1814
Epoch: 72, Training Loss: 0.1044, Train MSE: 0.1044, r (train): 0.5841, Test MSE: 0.1127, r (test): 0.1290
Epoch: 73, Training Loss: 0.1094, Train MSE: 0.1094, r (train): 0.6572, Test MSE: 0.1247, r (test): 0.2155
Epoch: 74, Training Loss: 0.0791, Train MSE: 0.0791, r (train): 0.6181, Test MSE: 0.1095, r (test): 0.1713
Epoch: 75, Training Loss: 0.1598, Train MSE: 0.1598, r (train): 0.5222, Test MSE: 0.1725, r (test): 0.2342
Epoch: 76, Training Loss: 0.2099, Train MSE: 0.2099, r (train): 0.5709, Test MSE: 0.2698, r (test): 0.2268
Epoch: 77, Training Loss: 0.1306, Train MSE: 0.1306, r (train): 0.3160, Test MSE: 0.1199, r (test): -0.1916
Epoch: 78, Training Loss: 0.1334, Train MSE: 0.1334, r (train): 0.6922, Test MSE: 0.1386, r (test): 0.0600
Epoch: 79, Training Loss: 0.1761, Train MSE: 0.1761, r (train): 0.6147, Test MSE: 0.2026, r (test): 0.3284
Epoch: 80, Training Loss: 0.0721, Train MSE: 0.0721, r (train): 0.6608, Test MSE: 0.1189, r (test): 0.2082
Epoch: 81, Training Loss: 0.0486, Train MSE: 0.0486, r (train): 0.6905, Test MSE: 0.0707, r (test): 0.1890
Epoch: 82, Training Loss: 0.0481, Train MSE: 0.0481, r (train): 0.6969, Test MSE: 0.0761, r (test): 0.2820
Epoch: 83, Training Loss: 0.0486, Train MSE: 0.0486, r (train): 0.7060, Test MSE: 0.0789, r (test): 0.1780
Epoch: 84, Training Loss: 0.0425, Train MSE: 0.0425, r (train): 0.6822, Test MSE: 0.0699, r (test): 0.2136
Epoch: 85, Training Loss: 0.0399, Train MSE: 0.0399, r (train): 0.6756, Test MSE: 0.0729, r (test): 0.1082
Epoch: 86, Training Loss: 0.0439, Train MSE: 0.0439, r (train): 0.7308, Test MSE: 0.0699, r (test): 0.2093
Epoch: 87, Training Loss: 0.2319, Train MSE: 0.2319, r (train): 0.6271, Test MSE: 0.2430, r (test): 0.3564
Epoch: 88, Training Loss: 0.0479, Train MSE: 0.0479, r (train): 0.6557, Test MSE: 0.0836, r (test): 0.1400
Epoch: 89, Training Loss: 0.0370, Train MSE: 0.0370, r (train): 0.7056, Test MSE: 0.0634, r (test): 0.2705
Epoch: 90, Training Loss: 0.0392, Train MSE: 0.0392, r (train): 0.6957, Test MSE: 0.0693, r (test): 0.2044
Epoch: 91, Training Loss: 0.0603, Train MSE: 0.0603, r (train): 0.6964, Test MSE: 0.0916, r (test): 0.1829
Epoch: 92, Training Loss: 0.0592, Train MSE: 0.0592, r (train): 0.6238, Test MSE: 0.0961, r (test): 0.1197
Epoch: 93, Training Loss: 0.0908, Train MSE: 0.0908, r (train): 0.6864, Test MSE: 0.1473, r (test): 0.1393
Epoch: 94, Training Loss: 0.1777, Train MSE: 0.1777, r (train): 0.7155, Test MSE: 0.1942, r (test): -0.0124
Epoch: 95, Training Loss: 0.0503, Train MSE: 0.0503, r (train): 0.7102, Test MSE: 0.0806, r (test): 0.2473
Epoch: 96, Training Loss: 0.0390, Train MSE: 0.0390, r (train): 0.7178, Test MSE: 0.0775, r (test): 0.2241
Epoch: 97, Training Loss: 0.0529, Train MSE: 0.0529, r (train): 0.6759, Test MSE: 0.0814, r (test): 0.1038
Epoch: 98, Training Loss: 0.0530, Train MSE: 0.0530, r (train): 0.6585, Test MSE: 0.0917, r (test): 0.1820
Epoch: 99, Training Loss: 0.0654, Train MSE: 0.0654, r (train): 0.6998, Test MSE: 0.1088, r (test): 0.2448
Predicted tensors for training set: 
tensor([ 0.6665, -0.0357,  0.5096,  0.4432,  0.5364,  0.3373, -0.1897,  0.3011,
         0.5720,  0.4020, -0.0404,  0.6834,  0.3623,  0.2838,  0.4188,  0.5264,
         0.3057,  0.1375,  0.4200,  0.5413,  0.7215,  0.5787,  0.3512, -0.0396,
         0.4739,  0.3582,  0.3378,  0.1832,  0.6305,  0.3073,  0.3011,  0.4041,
         0.5617,  0.3946, -0.5959,  0.4423,  0.8894,  0.5740,  0.3111,  0.2065,
         0.2594,  0.2283,  0.6345,  0.4208,  0.3748,  0.5937,  0.3491,  0.3920,
         0.4214,  0.4141,  0.5312,  0.3037,  0.3719,  0.5906,  0.4431,  0.0959,
         0.3546,  0.1240,  0.6285,  0.5341,  0.2892,  0.3845,  0.5524,  0.6176,
         0.4875,  0.1075,  0.4812,  0.4056, -0.0267,  0.2515,  0.2241,  0.6956])
Target tensorsfor training set: 
tensor([0.8988, 0.1218, 0.7507, 0.6671, 0.8453, 0.5779, 0.2464, 0.5719, 0.5564,
        0.4513, 0.0478, 0.7791, 0.8391, 0.5658, 0.7372, 0.8556, 0.3309, 0.0246,
        0.2169, 0.4818, 0.9127, 0.9072, 0.5300, 0.2649, 0.9656, 0.6595, 0.7144,
        0.4993, 0.9215, 0.6465, 0.4640, 0.7901, 0.9492, 0.8418, 0.1493, 0.9117,
        0.8561, 0.4373, 0.0981, 0.1055, 0.2916, 0.1295, 0.6846, 0.4036, 0.3174,
        0.5780, 0.2255, 0.2594, 0.6240, 0.5220, 0.6577, 0.4341, 0.6576, 0.9535,
        0.7125, 0.1360, 0.5102, 0.2394, 0.8363, 0.8728, 0.0763, 0.2271, 0.5178,
        0.5573, 0.7497, 0.4440, 0.7371, 0.7171, 0.1294, 0.3829, 0.3077, 0.7270])
Correlation for training set: 0.6998250321958916
Predicted tensors for test set: 
tensor([0.0365, 0.4849, 0.4382, 0.4026, 0.2645, 0.3804, 0.5183, 0.4395, 0.2446,
        0.4565, 0.4170, 0.4976, 0.4322, 0.2675, 0.4516, 0.4870, 0.2196, 0.4178])
Target tensorsfor test set: 
tensor([0.5187, 0.5023, 0.7950, 0.8411, 0.4149, 0.9150, 0.6199, 0.6992, 0.0389,
        0.7596, 0.8524, 0.4526, 0.4654, 0.0636, 0.7462, 0.5783, 0.9621, 0.3453])
Correlation for test set: 0.24482239080798482
Validation set predictions (100 folds): [tensor([0.4285, 0.4585, 0.6601, 0.4742, 0.6498, 0.6453, 0.5080, 0.6538, 0.4865,
        0.6115, 0.4680, 0.5728, 0.5638, 0.8089, 0.6338, 0.5727, 0.5283, 0.7777]), tensor([0.6199, 0.9137, 0.6867, 0.2523, 0.6633, 0.6308, 0.6512, 0.6003, 0.9200,
        0.7847, 0.6702, 0.7436, 0.7003, 1.0508, 0.5521, 0.7035, 0.6748, 0.7470]), tensor([0.4457, 0.5953, 0.6826, 0.5930, 0.1918, 0.3263, 0.7697, 0.5941, 0.6088,
        0.6682, 0.4572, 0.6070, 0.7556, 0.8142, 0.5751, 0.2519, 0.8092, 0.7295]), tensor([0.2533, 0.4861, 0.4598, 0.4422, 0.2736, 0.4075, 0.3917, 0.5669, 0.2081,
        0.5108, 0.3494, 0.0859, 0.5051, 0.2105, 0.1030, 0.2211, 0.3214, 0.3613]), tensor([0.0365, 0.4849, 0.4382, 0.4026, 0.2645, 0.3804, 0.5183, 0.4395, 0.2446,
        0.4565, 0.4170, 0.4976, 0.4322, 0.2675, 0.4516, 0.4870, 0.2196, 0.4178])]
Validation set targets (100 folds): [tensor([0.8988, 0.1218, 0.7507, 0.6671, 0.8453, 0.5779, 0.2464, 0.5719, 0.5564,
        0.4513, 0.0478, 0.7791, 0.8391, 0.5658, 0.7372, 0.8556, 0.3309, 0.0246]), tensor([0.2169, 0.4818, 0.9127, 0.9072, 0.5300, 0.2649, 0.9656, 0.6595, 0.7144,
        0.4993, 0.9215, 0.6465, 0.4640, 0.7901, 0.9492, 0.8418, 0.1493, 0.9117]), tensor([0.8561, 0.4373, 0.0981, 0.1055, 0.2916, 0.1295, 0.6846, 0.4036, 0.3174,
        0.5780, 0.2255, 0.2594, 0.6240, 0.5220, 0.6577, 0.4341, 0.6576, 0.9535]), tensor([0.7125, 0.1360, 0.5102, 0.2394, 0.8363, 0.8728, 0.0763, 0.2271, 0.5178,
        0.5573, 0.7497, 0.4440, 0.7371, 0.7171, 0.1294, 0.3829, 0.3077, 0.7270]), tensor([0.5187, 0.5023, 0.7950, 0.8411, 0.4149, 0.9150, 0.6199, 0.6992, 0.0389,
        0.7596, 0.8524, 0.4526, 0.4654, 0.0636, 0.7462, 0.5783, 0.9621, 0.3453])]
Time taken: 15723.846883058548 seconds
