DenseNet_entorhinal_14.py
/apps/monai/MONAI0.8.1/lib/python3.9/site-packages/torch/cuda/__init__.py:143: UserWarning: 
NVIDIA B200 with CUDA capability sm_100 is not compatible with the current PyTorch installation.
The current PyTorch install supports CUDA capabilities sm_37 sm_50 sm_60 sm_61 sm_70 sm_75 sm_80 sm_86 compute_37.
If you want to use the NVIDIA B200 GPU with PyTorch, please check the instructions at https://pytorch.org/get-started/locally/

  warnings.warn(incompatible_device_warn.format(device_name, capability, " ".join(arch_list), device_name))
90
Image shape: torch.Size([256, 256, 256])
Label: 0.577850585

Image shape: torch.Size([256, 256, 256])
Label: 0.239393515

Image shape: torch.Size([256, 256, 256])
Label: 0.836265129

Image shape: torch.Size([256, 256, 256])
Label: 0.746225617

Image shape: torch.Size([256, 256, 256])
Label: 0.779103135

Image shape: torch.Size([256, 256, 256])
Label: 0.26490909

Image shape: torch.Size([256, 256, 256])
Label: 0.759624831

Image shape: torch.Size([256, 256, 256])
Label: 0.024634435

Image shape: torch.Size([256, 256, 256])
Label: 0.047813956

Image shape: torch.Size([256, 256, 256])
Label: 0.129379513

Image shape: torch.Size([256, 256, 256])
Label: 0.330926406

Image shape: torch.Size([256, 256, 256])
Label: 0.911671093

Image shape: torch.Size([256, 256, 256])
Label: 0.14931566

Image shape: torch.Size([256, 256, 256])
Label: 0.841130428

Image shape: torch.Size([256, 256, 256])
Label: 0.216921218

Image shape: torch.Size([256, 256, 256])
Label: 0.34531344

Image shape: torch.Size([256, 256, 256])
Label: 0.038874365

Image shape: torch.Size([256, 256, 256])
Label: 0.452638778

Image shape: torch.Size([256, 256, 256])
Label: 0.962135747

Image shape: torch.Size([256, 256, 256])
Label: 0.46544507

Image shape: torch.Size([256, 256, 256])
Label: 0.684642475

Image shape: torch.Size([256, 256, 256])
Label: 0.43409457

Image shape: torch.Size([256, 256, 256])
Label: 0.55641775

Image shape: torch.Size([256, 256, 256])
Label: 0.291630426

Image shape: torch.Size([256, 256, 256])
Label: 0.855579732

Image shape: torch.Size([256, 256, 256])
Label: 0.839077585

Image shape: torch.Size([256, 256, 256])
Label: 0.657691961

Image shape: torch.Size([256, 256, 256])
Label: 0.790096101

Image shape: torch.Size([256, 256, 256])
Label: 0.57804499

Image shape: torch.Size([256, 256, 256])
Label: 0.841767741

Image shape: torch.Size([256, 256, 256])
Label: 0.571907479

Image shape: torch.Size([256, 256, 256])
Label: 0.714356234

Image shape: torch.Size([256, 256, 256])
Label: 0.565846925

Image shape: torch.Size([256, 256, 256])
Label: 0.623989995

Image shape: torch.Size([256, 256, 256])
Label: 0.619874898

Image shape: torch.Size([256, 256, 256])
Label: 0.667105602

Image shape: torch.Size([256, 256, 256])
Label: 0.227116465

Image shape: torch.Size([256, 256, 256])
Label: 0.91498566

Image shape: torch.Size([256, 256, 256])
Label: 0.529961465

Image shape: torch.Size([256, 256, 256])
Label: 0.129485328

Image shape: torch.Size([256, 256, 256])
Label: 0.517802514

Image shape: torch.Size([256, 256, 256])
Label: 0.856107326

Image shape: torch.Size([256, 256, 256])
Label: 0.953465465

Image shape: torch.Size([256, 256, 256])
Label: 0.55726975

Image shape: torch.Size([256, 256, 256])
Label: 0.750732335

Image shape: torch.Size([256, 256, 256])
Label: 0.727035333

Image shape: torch.Size([256, 256, 256])
Label: 0.699213269

Image shape: torch.Size([256, 256, 256])
Label: 0.872805901

Image shape: torch.Size([256, 256, 256])
Label: 0.48182514

Image shape: torch.Size([256, 256, 256])
Label: 0.578327051

Image shape: torch.Size([256, 256, 256])
Label: 0.949166278

Image shape: torch.Size([256, 256, 256])
Label: 0.31742745

Image shape: torch.Size([256, 256, 256])
Label: 0.518716963

Image shape: torch.Size([256, 256, 256])
Label: 0.646490545

Image shape: torch.Size([256, 256, 256])
Label: 0.451287356

Image shape: torch.Size([256, 256, 256])
Label: 0.737099236

Image shape: torch.Size([256, 256, 256])
Label: 0.307667842

Image shape: torch.Size([256, 256, 256])
Label: 0.522016133

Image shape: torch.Size([256, 256, 256])
Label: 0.403550924

Image shape: torch.Size([256, 256, 256])
Label: 0.907159832

Image shape: torch.Size([256, 256, 256])
Label: 0.965645278

Image shape: torch.Size([256, 256, 256])
Label: 0.105524477

Image shape: torch.Size([256, 256, 256])
Label: 0.076332172

Image shape: torch.Size([256, 256, 256])
Label: 0.259369175

Image shape: torch.Size([256, 256, 256])
Label: 0.225463904

Image shape: torch.Size([256, 256, 256])
Label: 0.437273408

Image shape: torch.Size([256, 256, 256])
Label: 0.717144575

Image shape: torch.Size([256, 256, 256])
Label: 0.246363884

Image shape: torch.Size([256, 256, 256])
Label: 0.749740575

Image shape: torch.Size([256, 256, 256])
Label: 0.898762669

Image shape: torch.Size([256, 256, 256])
Label: 0.499347098

Image shape: torch.Size([256, 256, 256])
Label: 0.098052496

Image shape: torch.Size([256, 256, 256])
Label: 0.136048492

Image shape: torch.Size([256, 256, 256])
Label: 0.063583908

Image shape: torch.Size([256, 256, 256])
Label: 0.502254367

Image shape: torch.Size([256, 256, 256])
Label: 0.444012353

Image shape: torch.Size([256, 256, 256])
Label: 0.657623403

Image shape: torch.Size([256, 256, 256])
Label: 0.845253622

Image shape: torch.Size([256, 256, 256])
Label: 0.794978716

Image shape: torch.Size([256, 256, 256])
Label: 0.463984431

Image shape: torch.Size([256, 256, 256])
Label: 0.712524369

Image shape: torch.Size([256, 256, 256])
Label: 0.414935686

Image shape: torch.Size([256, 256, 256])
Label: 0.91273199

Image shape: torch.Size([256, 256, 256])
Label: 0.382857646

Image shape: torch.Size([256, 256, 256])
Label: 0.659493008

Image shape: torch.Size([256, 256, 256])
Label: 0.121809436

Image shape: torch.Size([256, 256, 256])
Label: 0.852431609

Image shape: torch.Size([256, 256, 256])
Label: 0.737192172

Image shape: torch.Size([256, 256, 256])
Label: 0.510151238

Image shape: torch.Size([256, 256, 256])
Label: 0.92154251

18 5
Fold 1
Epoch: 00, Training Loss: 0.0635, Train MSE: 0.0635, r (train): -0.2196, Test MSE: 0.1274, r (test): 0.0215
Epoch: 01, Training Loss: 0.0656, Train MSE: 0.0656, r (train): -0.2452, Test MSE: 0.1342, r (test): -0.1276
Epoch: 02, Training Loss: 0.0657, Train MSE: 0.0657, r (train): -0.2343, Test MSE: 0.1244, r (test): -0.1144
Epoch: 03, Training Loss: 0.0739, Train MSE: 0.0739, r (train): -0.0070, Test MSE: 0.0981, r (test): -0.0497
Epoch: 04, Training Loss: 0.0459, Train MSE: 0.0459, r (train): 0.6060, Test MSE: 0.0935, r (test): 0.2456
Epoch: 05, Training Loss: 0.3132, Train MSE: 0.3132, r (train): 0.6129, Test MSE: 0.5260, r (test): 0.2192
Epoch: 06, Training Loss: 0.2383, Train MSE: 0.2383, r (train): 0.1724, Test MSE: 0.1856, r (test): 0.0010
Epoch: 07, Training Loss: 0.6772, Train MSE: 0.6772, r (train): 0.5954, Test MSE: 0.9268, r (test): 0.2756
Epoch: 08, Training Loss: 0.0943, Train MSE: 0.0943, r (train): 0.5108, Test MSE: 0.1078, r (test): 0.0902
Epoch: 09, Training Loss: 0.1842, Train MSE: 0.1842, r (train): 0.2727, Test MSE: 0.1586, r (test): 0.0504
Epoch: 10, Training Loss: 0.1177, Train MSE: 0.1177, r (train): 0.4941, Test MSE: 0.2213, r (test): 0.0981
Epoch: 11, Training Loss: 0.0446, Train MSE: 0.0446, r (train): 0.6343, Test MSE: 0.0983, r (test): 0.1280
Epoch: 12, Training Loss: 0.0697, Train MSE: 0.0697, r (train): 0.6683, Test MSE: 0.1921, r (test): 0.3429
Epoch: 13, Training Loss: 0.0647, Train MSE: 0.0647, r (train): 0.5528, Test MSE: 0.0962, r (test): 0.1315
Epoch: 14, Training Loss: 0.0569, Train MSE: 0.0569, r (train): 0.6608, Test MSE: 0.1430, r (test): 0.2193
Epoch: 15, Training Loss: 0.0468, Train MSE: 0.0468, r (train): 0.6565, Test MSE: 0.0906, r (test): 0.2724
Epoch: 16, Training Loss: 0.0899, Train MSE: 0.0899, r (train): 0.4927, Test MSE: 0.1052, r (test): 0.0954
Epoch: 17, Training Loss: 0.1127, Train MSE: 0.1127, r (train): 0.4571, Test MSE: 0.1078, r (test): 0.1709
Epoch: 18, Training Loss: 0.2508, Train MSE: 0.2508, r (train): 0.6248, Test MSE: 0.4513, r (test): 0.2671
Epoch: 19, Training Loss: 0.2221, Train MSE: 0.2221, r (train): 0.5454, Test MSE: 0.2207, r (test): 0.0900
Epoch: 20, Training Loss: 0.0526, Train MSE: 0.0526, r (train): 0.5833, Test MSE: 0.0927, r (test): 0.1696
Epoch: 21, Training Loss: 0.0390, Train MSE: 0.0390, r (train): 0.6473, Test MSE: 0.0999, r (test): 0.1592
Epoch: 22, Training Loss: 0.0424, Train MSE: 0.0424, r (train): 0.6055, Test MSE: 0.0906, r (test): 0.2964
Epoch: 23, Training Loss: 0.0792, Train MSE: 0.0792, r (train): 0.6701, Test MSE: 0.1816, r (test): 0.1978
Epoch: 24, Training Loss: 0.0834, Train MSE: 0.0834, r (train): 0.6280, Test MSE: 0.0951, r (test): 0.2823
Epoch: 25, Training Loss: 0.0420, Train MSE: 0.0420, r (train): 0.6911, Test MSE: 0.0912, r (test): 0.2149
Epoch: 26, Training Loss: 0.0374, Train MSE: 0.0374, r (train): 0.6936, Test MSE: 0.1018, r (test): 0.2924
Epoch: 27, Training Loss: 0.0642, Train MSE: 0.0642, r (train): 0.5750, Test MSE: 0.0915, r (test): 0.2069
Epoch: 28, Training Loss: 0.0414, Train MSE: 0.0414, r (train): 0.6457, Test MSE: 0.1181, r (test): 0.1919
Epoch: 29, Training Loss: 0.0431, Train MSE: 0.0431, r (train): 0.5863, Test MSE: 0.0950, r (test): 0.2884
Epoch: 30, Training Loss: 0.0685, Train MSE: 0.0685, r (train): 0.6724, Test MSE: 0.1691, r (test): 0.2205
Epoch: 31, Training Loss: 0.0651, Train MSE: 0.0651, r (train): 0.6812, Test MSE: 0.0913, r (test): 0.2653
Epoch: 32, Training Loss: 0.0627, Train MSE: 0.0627, r (train): 0.6337, Test MSE: 0.0906, r (test): 0.2397
Epoch: 33, Training Loss: 0.0413, Train MSE: 0.0413, r (train): 0.6448, Test MSE: 0.0948, r (test): 0.2337
Epoch: 34, Training Loss: 0.0787, Train MSE: 0.0787, r (train): 0.6335, Test MSE: 0.1821, r (test): 0.2766
Epoch: 35, Training Loss: 0.0517, Train MSE: 0.0517, r (train): 0.5961, Test MSE: 0.0910, r (test): 0.2105
Epoch: 36, Training Loss: 0.0334, Train MSE: 0.0334, r (train): 0.6864, Test MSE: 0.1179, r (test): 0.1827
Epoch: 37, Training Loss: 0.0797, Train MSE: 0.0797, r (train): 0.6601, Test MSE: 0.1020, r (test): 0.2043
Epoch: 38, Training Loss: 0.1221, Train MSE: 0.1221, r (train): 0.5626, Test MSE: 0.1348, r (test): 0.1359
Epoch: 39, Training Loss: 0.0539, Train MSE: 0.0539, r (train): 0.5201, Test MSE: 0.0894, r (test): 0.2363
Epoch: 40, Training Loss: 0.1546, Train MSE: 0.1546, r (train): 0.6425, Test MSE: 0.3091, r (test): 0.2743
Epoch: 41, Training Loss: 0.0803, Train MSE: 0.0803, r (train): 0.6549, Test MSE: 0.1702, r (test): 0.1830
Epoch: 42, Training Loss: 0.1319, Train MSE: 0.1319, r (train): 0.5754, Test MSE: 0.1232, r (test): 0.2219
Epoch: 43, Training Loss: 0.0318, Train MSE: 0.0318, r (train): 0.7193, Test MSE: 0.1129, r (test): 0.2430
Epoch: 44, Training Loss: 0.0586, Train MSE: 0.0586, r (train): 0.6287, Test MSE: 0.0919, r (test): 0.2007
Epoch: 45, Training Loss: 0.0575, Train MSE: 0.0575, r (train): 0.5690, Test MSE: 0.0902, r (test): 0.1972
Epoch: 46, Training Loss: 0.0483, Train MSE: 0.0483, r (train): 0.6412, Test MSE: 0.1326, r (test): 0.2958
Epoch: 47, Training Loss: 0.0500, Train MSE: 0.0500, r (train): 0.6941, Test MSE: 0.1359, r (test): 0.2065
Epoch: 48, Training Loss: 0.0738, Train MSE: 0.0738, r (train): 0.6885, Test MSE: 0.0937, r (test): 0.2564
Epoch: 49, Training Loss: 0.0465, Train MSE: 0.0465, r (train): 0.6760, Test MSE: 0.0945, r (test): 0.1309
Epoch: 50, Training Loss: 0.0401, Train MSE: 0.0401, r (train): 0.6227, Test MSE: 0.0970, r (test): 0.2263
Epoch: 51, Training Loss: 0.0477, Train MSE: 0.0477, r (train): 0.5998, Test MSE: 0.1179, r (test): 0.2380
Epoch: 52, Training Loss: 0.0395, Train MSE: 0.0395, r (train): 0.6690, Test MSE: 0.0950, r (test): 0.2009
Epoch: 53, Training Loss: 0.0368, Train MSE: 0.0368, r (train): 0.7051, Test MSE: 0.0961, r (test): 0.2992
Epoch: 54, Training Loss: 0.1193, Train MSE: 0.1193, r (train): 0.5798, Test MSE: 0.1329, r (test): 0.0558
Epoch: 55, Training Loss: 0.0773, Train MSE: 0.0773, r (train): 0.6497, Test MSE: 0.1896, r (test): 0.1937
Epoch: 56, Training Loss: 0.0463, Train MSE: 0.0463, r (train): 0.5903, Test MSE: 0.0963, r (test): 0.2676
Epoch: 57, Training Loss: 0.0619, Train MSE: 0.0619, r (train): 0.6312, Test MSE: 0.0920, r (test): 0.2124
Epoch: 58, Training Loss: 0.0328, Train MSE: 0.0328, r (train): 0.7143, Test MSE: 0.1077, r (test): 0.2078
Epoch: 59, Training Loss: 0.0570, Train MSE: 0.0570, r (train): 0.6593, Test MSE: 0.0928, r (test): 0.1946
Epoch: 60, Training Loss: 0.0456, Train MSE: 0.0456, r (train): 0.6414, Test MSE: 0.1230, r (test): 0.1519
Epoch: 61, Training Loss: 0.0428, Train MSE: 0.0428, r (train): 0.6283, Test MSE: 0.1091, r (test): 0.2740
Epoch: 62, Training Loss: 0.0536, Train MSE: 0.0536, r (train): 0.6557, Test MSE: 0.0900, r (test): 0.2117
Epoch: 63, Training Loss: 0.0389, Train MSE: 0.0389, r (train): 0.7101, Test MSE: 0.1176, r (test): 0.2605
Epoch: 64, Training Loss: 0.0628, Train MSE: 0.0628, r (train): 0.6172, Test MSE: 0.0943, r (test): 0.1852
Epoch: 65, Training Loss: 0.0558, Train MSE: 0.0558, r (train): 0.6163, Test MSE: 0.1447, r (test): 0.1669
Epoch: 66, Training Loss: 0.0546, Train MSE: 0.0546, r (train): 0.6661, Test MSE: 0.1569, r (test): 0.2800
Epoch: 67, Training Loss: 0.0484, Train MSE: 0.0484, r (train): 0.6871, Test MSE: 0.0856, r (test): 0.2884
Epoch: 68, Training Loss: 0.0788, Train MSE: 0.0788, r (train): 0.5809, Test MSE: 0.1008, r (test): 0.1519
Epoch: 69, Training Loss: 0.0368, Train MSE: 0.0368, r (train): 0.6987, Test MSE: 0.1113, r (test): 0.2195
Epoch: 70, Training Loss: 0.1198, Train MSE: 0.1198, r (train): 0.6449, Test MSE: 0.2398, r (test): 0.1927
Epoch: 71, Training Loss: 0.0461, Train MSE: 0.0461, r (train): 0.6688, Test MSE: 0.0891, r (test): 0.2176
Epoch: 72, Training Loss: 0.0564, Train MSE: 0.0564, r (train): 0.6548, Test MSE: 0.0905, r (test): 0.2077
Epoch: 73, Training Loss: 0.0352, Train MSE: 0.0352, r (train): 0.6889, Test MSE: 0.1020, r (test): 0.1905
Epoch: 74, Training Loss: 0.0416, Train MSE: 0.0416, r (train): 0.6416, Test MSE: 0.0970, r (test): 0.2437
Epoch: 75, Training Loss: 0.0543, Train MSE: 0.0543, r (train): 0.6203, Test MSE: 0.0939, r (test): 0.1499
Epoch: 76, Training Loss: 0.0578, Train MSE: 0.0578, r (train): 0.7104, Test MSE: 0.1703, r (test): 0.2494
Epoch: 77, Training Loss: 0.0524, Train MSE: 0.0524, r (train): 0.6605, Test MSE: 0.0883, r (test): 0.2385
Epoch: 78, Training Loss: 0.0454, Train MSE: 0.0454, r (train): 0.6295, Test MSE: 0.0907, r (test): 0.1855
Epoch: 79, Training Loss: 0.0651, Train MSE: 0.0651, r (train): 0.6658, Test MSE: 0.1613, r (test): 0.2374
Epoch: 80, Training Loss: 0.0494, Train MSE: 0.0494, r (train): 0.6457, Test MSE: 0.1253, r (test): 0.2029
Epoch: 81, Training Loss: 0.0366, Train MSE: 0.0366, r (train): 0.7094, Test MSE: 0.0903, r (test): 0.2389
Epoch: 82, Training Loss: 0.0459, Train MSE: 0.0459, r (train): 0.6846, Test MSE: 0.0872, r (test): 0.2547
Epoch: 83, Training Loss: 0.0450, Train MSE: 0.0450, r (train): 0.6376, Test MSE: 0.0913, r (test): 0.1657
Epoch: 84, Training Loss: 0.0511, Train MSE: 0.0511, r (train): 0.6199, Test MSE: 0.1255, r (test): 0.2124
Epoch: 85, Training Loss: 0.0613, Train MSE: 0.0613, r (train): 0.5909, Test MSE: 0.0927, r (test): 0.1827
Epoch: 86, Training Loss: 0.0423, Train MSE: 0.0423, r (train): 0.7065, Test MSE: 0.1344, r (test): 0.1834
Epoch: 87, Training Loss: 0.0505, Train MSE: 0.0505, r (train): 0.6757, Test MSE: 0.0877, r (test): 0.2491
Epoch: 88, Training Loss: 0.0456, Train MSE: 0.0456, r (train): 0.6343, Test MSE: 0.0929, r (test): 0.1351
Epoch: 89, Training Loss: 0.0882, Train MSE: 0.0882, r (train): 0.6384, Test MSE: 0.2057, r (test): 0.1858
Epoch: 90, Training Loss: 0.0491, Train MSE: 0.0491, r (train): 0.6099, Test MSE: 0.0906, r (test): 0.1947
Epoch: 91, Training Loss: 0.0384, Train MSE: 0.0384, r (train): 0.6804, Test MSE: 0.0921, r (test): 0.2137
Epoch: 92, Training Loss: 0.0413, Train MSE: 0.0413, r (train): 0.6842, Test MSE: 0.0909, r (test): 0.2051
Epoch: 93, Training Loss: 0.0379, Train MSE: 0.0379, r (train): 0.6732, Test MSE: 0.1009, r (test): 0.1696
Epoch: 94, Training Loss: 0.0481, Train MSE: 0.0481, r (train): 0.6312, Test MSE: 0.1180, r (test): 0.1668
Epoch: 95, Training Loss: 0.0568, Train MSE: 0.0568, r (train): 0.5988, Test MSE: 0.0913, r (test): 0.1789
Epoch: 96, Training Loss: 0.0351, Train MSE: 0.0351, r (train): 0.6896, Test MSE: 0.1079, r (test): 0.2272
Epoch: 97, Training Loss: 0.0391, Train MSE: 0.0391, r (train): 0.6815, Test MSE: 0.0918, r (test): 0.2212
Epoch: 98, Training Loss: 0.0427, Train MSE: 0.0427, r (train): 0.6391, Test MSE: 0.0911, r (test): 0.2052
Epoch: 99, Training Loss: 0.0480, Train MSE: 0.0480, r (train): 0.6115, Test MSE: 0.0925, r (test): 0.1732
Predicted tensors for training set: 
tensor([0.8811, 0.3540, 0.5570, 0.2937, 0.3763, 0.1988, 0.6629, 0.6216, 0.3826,
        0.4834, 0.2988, 0.5903, 0.4842, 0.6542, 0.5010, 0.5362, 0.5012, 0.5167,
        0.1758, 0.7983, 0.6059, 0.2397, 0.6228, 0.9477, 0.7394, 0.4385, 0.5181,
        0.4964, 0.5525, 0.5738, 0.2830, 0.3731, 0.7818, 0.2486, 0.4092, 0.5227,
        0.4938, 0.6469, 0.3352, 0.4993, 0.3553, 0.8120, 0.8803, 0.0777, 0.3729,
        0.7427, 0.5796, 0.6730, 0.5649, 0.1510, 0.5835, 0.7266, 1.6303, 0.3878,
        0.3736, 0.3425, 0.4476, 0.3248, 0.5736, 0.7619, 0.7861, 0.3867, 0.6541,
        0.3010, 0.9169, 0.4146, 0.6686, 0.2196, 0.5357, 0.5255, 0.3520, 0.6391])
Target tensorsfor training set: 
tensor([0.9621, 0.4654, 0.6846, 0.4341, 0.5564, 0.2916, 0.8556, 0.8391, 0.6577,
        0.7901, 0.5780, 0.8418, 0.5719, 0.7144, 0.5658, 0.6240, 0.6199, 0.6671,
        0.2271, 0.9150, 0.5300, 0.1295, 0.5178, 0.8561, 0.9535, 0.5573, 0.7507,
        0.7270, 0.6992, 0.8728, 0.4818, 0.5783, 0.9492, 0.3174, 0.5187, 0.6465,
        0.4513, 0.7371, 0.3077, 0.5220, 0.4036, 0.9072, 0.9656, 0.1055, 0.0763,
        0.2594, 0.2255, 0.4373, 0.7171, 0.2464, 0.7497, 0.8988, 0.4993, 0.0981,
        0.1360, 0.0636, 0.5023, 0.4440, 0.6576, 0.8453, 0.7950, 0.4640, 0.7125,
        0.4149, 0.9127, 0.3829, 0.6595, 0.1218, 0.8524, 0.7372, 0.5102, 0.9215])
Correlation for training set: 0.6115335426842466
Predicted tensors for test set: 
tensor([0.4286, 0.4183, 0.4571, 0.5304, 0.4102, 0.4812, 0.5017, 0.5758, 0.3604,
        0.3791, 0.3292, 0.4694, 0.4548, 0.6571, 0.4156, 0.4091, 0.6150, 0.3546])
Target tensorsfor test set: 
tensor([0.5779, 0.2394, 0.8363, 0.7462, 0.7791, 0.2649, 0.7596, 0.0246, 0.0478,
        0.1294, 0.3309, 0.9117, 0.1493, 0.8411, 0.2169, 0.3453, 0.0389, 0.4526])
Correlation for test set: 0.17321018680054961
18 5
Fold 2
Epoch: 00, Training Loss: 0.0847, Train MSE: 0.0847, r (train): -0.2666, Test MSE: 0.0632, r (test): 0.3996
Epoch: 01, Training Loss: 0.0842, Train MSE: 0.0842, r (train): -0.2540, Test MSE: 0.0323, r (test): 0.4070
Epoch: 02, Training Loss: 0.0881, Train MSE: 0.0881, r (train): -0.1771, Test MSE: 0.0670, r (test): 0.3738
Epoch: 03, Training Loss: 0.1324, Train MSE: 0.1324, r (train): 0.2586, Test MSE: 0.1732, r (test): 0.2385
Epoch: 04, Training Loss: 0.0538, Train MSE: 0.0538, r (train): 0.7329, Test MSE: 0.0619, r (test): -0.2365
Epoch: 05, Training Loss: 0.0367, Train MSE: 0.0367, r (train): 0.7492, Test MSE: 0.0604, r (test): -0.1218
Epoch: 06, Training Loss: 0.1629, Train MSE: 0.1629, r (train): 0.6310, Test MSE: 0.1530, r (test): -0.1058
Epoch: 07, Training Loss: 0.1387, Train MSE: 0.1387, r (train): 0.6438, Test MSE: 0.0914, r (test): -0.1965
Epoch: 08, Training Loss: 0.0652, Train MSE: 0.0652, r (train): 0.6955, Test MSE: 0.1485, r (test): -0.0713
Epoch: 09, Training Loss: 0.0831, Train MSE: 0.0831, r (train): 0.5977, Test MSE: 0.1558, r (test): -0.0684
Epoch: 10, Training Loss: 0.8644, Train MSE: 0.8644, r (train): 0.6180, Test MSE: 0.8364, r (test): -0.2829
Epoch: 11, Training Loss: 0.0428, Train MSE: 0.0428, r (train): 0.7294, Test MSE: 0.0993, r (test): -0.0663
Epoch: 12, Training Loss: 0.0588, Train MSE: 0.0588, r (train): 0.7287, Test MSE: 0.1355, r (test): -0.0389
Epoch: 13, Training Loss: 0.0355, Train MSE: 0.0355, r (train): 0.7691, Test MSE: 0.0621, r (test): -0.1068
Epoch: 14, Training Loss: 0.1034, Train MSE: 0.1034, r (train): 0.6144, Test MSE: 0.2268, r (test): -0.0303
Epoch: 15, Training Loss: 0.0456, Train MSE: 0.0456, r (train): 0.7007, Test MSE: 0.0890, r (test): -0.1353
Epoch: 16, Training Loss: 0.0715, Train MSE: 0.0715, r (train): 0.7132, Test MSE: 0.0813, r (test): -0.1177
Epoch: 17, Training Loss: 0.0520, Train MSE: 0.0520, r (train): 0.7159, Test MSE: 0.0545, r (test): -0.1013
Epoch: 18, Training Loss: 0.0544, Train MSE: 0.0544, r (train): 0.6993, Test MSE: 0.1254, r (test): -0.0704
Epoch: 19, Training Loss: 0.0732, Train MSE: 0.0732, r (train): 0.6377, Test MSE: 0.1716, r (test): -0.0525
Epoch: 20, Training Loss: 0.0456, Train MSE: 0.0456, r (train): 0.7012, Test MSE: 0.0977, r (test): -0.1187
Epoch: 21, Training Loss: 0.0557, Train MSE: 0.0557, r (train): 0.6850, Test MSE: 0.0809, r (test): -0.0537
Epoch: 22, Training Loss: 0.0576, Train MSE: 0.0576, r (train): 0.7547, Test MSE: 0.0502, r (test): -0.0655
Epoch: 23, Training Loss: 0.0529, Train MSE: 0.0529, r (train): 0.7063, Test MSE: 0.1282, r (test): -0.0644
Epoch: 24, Training Loss: 0.0484, Train MSE: 0.0484, r (train): 0.7337, Test MSE: 0.0648, r (test): -0.0668
Epoch: 25, Training Loss: 0.0430, Train MSE: 0.0430, r (train): 0.7264, Test MSE: 0.0930, r (test): -0.0943
Epoch: 26, Training Loss: 0.0492, Train MSE: 0.0492, r (train): 0.7040, Test MSE: 0.1182, r (test): 0.0142
Epoch: 27, Training Loss: 0.0356, Train MSE: 0.0356, r (train): 0.7675, Test MSE: 0.0476, r (test): 0.0634
Epoch: 28, Training Loss: 0.0588, Train MSE: 0.0588, r (train): 0.7371, Test MSE: 0.1525, r (test): -0.0013
Epoch: 29, Training Loss: 0.1018, Train MSE: 0.1018, r (train): 0.7527, Test MSE: 0.0681, r (test): -0.0402
Epoch: 30, Training Loss: 0.0388, Train MSE: 0.0388, r (train): 0.7384, Test MSE: 0.0648, r (test): -0.0127
Epoch: 31, Training Loss: 0.0393, Train MSE: 0.0393, r (train): 0.7257, Test MSE: 0.0878, r (test): -0.0175
Epoch: 32, Training Loss: 0.0377, Train MSE: 0.0377, r (train): 0.7649, Test MSE: 0.1040, r (test): -0.0684
Epoch: 33, Training Loss: 0.0751, Train MSE: 0.0751, r (train): 0.7444, Test MSE: 0.0648, r (test): -0.1969
Epoch: 34, Training Loss: 0.0419, Train MSE: 0.0419, r (train): 0.7178, Test MSE: 0.0961, r (test): -0.0626
Epoch: 35, Training Loss: 0.1085, Train MSE: 0.1085, r (train): 0.7514, Test MSE: 0.0819, r (test): -0.2023
Epoch: 36, Training Loss: 0.0964, Train MSE: 0.0964, r (train): 0.6035, Test MSE: 0.1917, r (test): 0.0526
Epoch: 37, Training Loss: 0.0527, Train MSE: 0.0527, r (train): 0.7465, Test MSE: 0.1148, r (test): -0.0669
Epoch: 38, Training Loss: 0.0761, Train MSE: 0.0761, r (train): 0.7478, Test MSE: 0.0514, r (test): -0.0033
Epoch: 39, Training Loss: 0.1446, Train MSE: 0.1446, r (train): 0.5550, Test MSE: 0.2576, r (test): 0.2804
Epoch: 40, Training Loss: 0.0549, Train MSE: 0.0549, r (train): 0.6581, Test MSE: 0.1125, r (test): 0.0008
Epoch: 41, Training Loss: 0.1311, Train MSE: 0.1311, r (train): 0.7498, Test MSE: 0.0831, r (test): -0.1684
Epoch: 42, Training Loss: 0.0583, Train MSE: 0.0583, r (train): 0.6906, Test MSE: 0.1473, r (test): -0.1212
Epoch: 43, Training Loss: 0.1648, Train MSE: 0.1648, r (train): 0.7538, Test MSE: 0.1043, r (test): -0.1695
Epoch: 44, Training Loss: 0.0349, Train MSE: 0.0349, r (train): 0.7697, Test MSE: 0.0575, r (test): -0.0651
Epoch: 45, Training Loss: 0.0659, Train MSE: 0.0659, r (train): 0.7326, Test MSE: 0.1626, r (test): 0.0924
Epoch: 46, Training Loss: 0.0362, Train MSE: 0.0362, r (train): 0.7605, Test MSE: 0.0539, r (test): 0.1003
Epoch: 47, Training Loss: 0.0437, Train MSE: 0.0437, r (train): 0.7857, Test MSE: 0.0472, r (test): 0.0154
Epoch: 48, Training Loss: 0.0439, Train MSE: 0.0439, r (train): 0.7072, Test MSE: 0.1030, r (test): -0.0877
Epoch: 49, Training Loss: 0.0435, Train MSE: 0.0435, r (train): 0.7279, Test MSE: 0.0747, r (test): -0.1855
Epoch: 50, Training Loss: 0.0355, Train MSE: 0.0355, r (train): 0.7749, Test MSE: 0.0690, r (test): -0.0094
Epoch: 51, Training Loss: 0.0374, Train MSE: 0.0374, r (train): 0.7511, Test MSE: 0.0453, r (test): 0.1630
Epoch: 52, Training Loss: 0.0338, Train MSE: 0.0338, r (train): 0.7660, Test MSE: 0.0786, r (test): 0.0799
Epoch: 53, Training Loss: 0.0573, Train MSE: 0.0573, r (train): 0.6784, Test MSE: 0.1132, r (test): -0.1036
Epoch: 54, Training Loss: 0.0571, Train MSE: 0.0571, r (train): 0.7141, Test MSE: 0.0641, r (test): -0.1718
Epoch: 55, Training Loss: 0.0324, Train MSE: 0.0324, r (train): 0.7776, Test MSE: 0.0516, r (test): 0.0537
Epoch: 56, Training Loss: 0.0819, Train MSE: 0.0819, r (train): 0.6842, Test MSE: 0.1839, r (test): 0.0279
Epoch: 57, Training Loss: 0.0492, Train MSE: 0.0492, r (train): 0.7331, Test MSE: 0.0800, r (test): -0.0881
Epoch: 58, Training Loss: 0.0582, Train MSE: 0.0582, r (train): 0.7464, Test MSE: 0.0551, r (test): -0.1219
Epoch: 59, Training Loss: 0.0404, Train MSE: 0.0404, r (train): 0.7844, Test MSE: 0.0472, r (test): -0.0643
Epoch: 60, Training Loss: 0.0366, Train MSE: 0.0366, r (train): 0.7668, Test MSE: 0.0831, r (test): -0.0735
Epoch: 61, Training Loss: 0.0364, Train MSE: 0.0364, r (train): 0.7611, Test MSE: 0.0599, r (test): -0.0399
Epoch: 62, Training Loss: 0.0470, Train MSE: 0.0470, r (train): 0.7082, Test MSE: 0.1155, r (test): -0.0627
Epoch: 63, Training Loss: 0.0443, Train MSE: 0.0443, r (train): 0.7335, Test MSE: 0.0850, r (test): -0.1160
Epoch: 64, Training Loss: 0.0352, Train MSE: 0.0352, r (train): 0.7823, Test MSE: 0.0582, r (test): -0.0840
Epoch: 65, Training Loss: 0.0355, Train MSE: 0.0355, r (train): 0.7815, Test MSE: 0.0485, r (test): -0.0171
Epoch: 66, Training Loss: 0.0453, Train MSE: 0.0453, r (train): 0.7275, Test MSE: 0.1119, r (test): -0.0538
Epoch: 67, Training Loss: 0.0447, Train MSE: 0.0447, r (train): 0.7131, Test MSE: 0.0888, r (test): -0.0968
Epoch: 68, Training Loss: 0.0404, Train MSE: 0.0404, r (train): 0.7532, Test MSE: 0.0709, r (test): -0.0847
Epoch: 69, Training Loss: 0.0368, Train MSE: 0.0368, r (train): 0.7832, Test MSE: 0.0507, r (test): -0.0500
Epoch: 70, Training Loss: 0.0361, Train MSE: 0.0361, r (train): 0.7720, Test MSE: 0.0604, r (test): -0.0458
Epoch: 71, Training Loss: 0.0423, Train MSE: 0.0423, r (train): 0.7257, Test MSE: 0.0965, r (test): -0.0602
Epoch: 72, Training Loss: 0.0439, Train MSE: 0.0439, r (train): 0.7239, Test MSE: 0.0982, r (test): -0.0831
Epoch: 73, Training Loss: 0.0383, Train MSE: 0.0383, r (train): 0.7677, Test MSE: 0.0616, r (test): -0.0578
Epoch: 74, Training Loss: 0.0376, Train MSE: 0.0376, r (train): 0.7783, Test MSE: 0.0510, r (test): -0.0342
Epoch: 75, Training Loss: 0.0363, Train MSE: 0.0363, r (train): 0.7588, Test MSE: 0.0780, r (test): -0.0545
Epoch: 76, Training Loss: 0.0463, Train MSE: 0.0463, r (train): 0.7129, Test MSE: 0.1054, r (test): -0.0825
Epoch: 77, Training Loss: 0.0403, Train MSE: 0.0403, r (train): 0.7521, Test MSE: 0.0702, r (test): -0.0692
Epoch: 78, Training Loss: 0.0361, Train MSE: 0.0361, r (train): 0.7750, Test MSE: 0.0536, r (test): -0.0228
Epoch: 79, Training Loss: 0.0355, Train MSE: 0.0355, r (train): 0.7687, Test MSE: 0.0687, r (test): -0.0452
Epoch: 80, Training Loss: 0.0408, Train MSE: 0.0408, r (train): 0.7361, Test MSE: 0.0892, r (test): -0.0732
Epoch: 81, Training Loss: 0.0414, Train MSE: 0.0414, r (train): 0.7359, Test MSE: 0.0826, r (test): -0.0830
Epoch: 82, Training Loss: 0.0367, Train MSE: 0.0367, r (train): 0.7684, Test MSE: 0.0570, r (test): -0.0290
Epoch: 83, Training Loss: 0.0357, Train MSE: 0.0357, r (train): 0.7678, Test MSE: 0.0712, r (test): -0.0451
Epoch: 84, Training Loss: 0.0379, Train MSE: 0.0379, r (train): 0.7636, Test MSE: 0.0637, r (test): -0.0538
Epoch: 85, Training Loss: 0.0387, Train MSE: 0.0387, r (train): 0.7483, Test MSE: 0.0780, r (test): -0.0748
Epoch: 86, Training Loss: 0.0392, Train MSE: 0.0392, r (train): 0.7422, Test MSE: 0.0848, r (test): -0.0572
Epoch: 87, Training Loss: 0.0368, Train MSE: 0.0368, r (train): 0.7635, Test MSE: 0.0700, r (test): -0.0556
Epoch: 88, Training Loss: 0.0380, Train MSE: 0.0380, r (train): 0.7647, Test MSE: 0.0630, r (test): -0.0496
Epoch: 89, Training Loss: 0.0361, Train MSE: 0.0361, r (train): 0.7704, Test MSE: 0.0585, r (test): -0.0283
Epoch: 90, Training Loss: 0.0387, Train MSE: 0.0387, r (train): 0.7464, Test MSE: 0.0870, r (test): -0.0692
Epoch: 91, Training Loss: 0.0442, Train MSE: 0.0442, r (train): 0.7249, Test MSE: 0.0975, r (test): -0.0706
Epoch: 92, Training Loss: 0.0400, Train MSE: 0.0400, r (train): 0.7661, Test MSE: 0.0605, r (test): -0.0684
Epoch: 93, Training Loss: 0.0352, Train MSE: 0.0352, r (train): 0.7692, Test MSE: 0.0597, r (test): -0.0206
Epoch: 94, Training Loss: 0.0339, Train MSE: 0.0339, r (train): 0.7777, Test MSE: 0.0613, r (test): -0.0288
Epoch: 95, Training Loss: 0.0409, Train MSE: 0.0409, r (train): 0.7366, Test MSE: 0.0895, r (test): -0.0821
Epoch: 96, Training Loss: 0.0456, Train MSE: 0.0456, r (train): 0.7212, Test MSE: 0.0806, r (test): -0.0964
Epoch: 97, Training Loss: 0.0359, Train MSE: 0.0359, r (train): 0.7725, Test MSE: 0.0537, r (test): -0.0334
Epoch: 98, Training Loss: 0.0376, Train MSE: 0.0376, r (train): 0.7555, Test MSE: 0.0875, r (test): -0.0552
Epoch: 99, Training Loss: 0.0360, Train MSE: 0.0360, r (train): 0.7754, Test MSE: 0.0553, r (test): -0.0043
Predicted tensors for training set: 
tensor([0.5402, 0.2073, 0.7523, 0.6838, 0.9766, 0.4207, 0.9571, 0.2077, 0.1046,
        0.1976, 0.5615, 1.2272, 0.3089, 1.2451, 0.4117, 0.7090, 0.1319, 0.6270,
        0.3504, 1.0928, 0.6366, 0.2543, 0.6620, 0.9177, 0.8021, 0.5283, 0.6644,
        0.6257, 0.5497, 0.5972, 0.3728, 0.4335, 0.8272, 0.2607, 0.4753, 0.5449,
        0.5201, 0.7679, 0.3941, 0.5671, 0.3371, 0.8785, 0.9441, 0.0404, 0.4310,
        0.6907, 0.5923, 0.7213, 0.5467, 0.0826, 0.5310, 0.7418, 1.1653, 0.4200,
        0.4362, 0.4167, 0.4708, 0.3950, 0.5601, 0.7850, 0.7367, 0.4420, 0.6689,
        0.4031, 0.8453, 0.4145, 0.6668, 0.1913, 0.6680, 0.6103, 0.3521, 0.7340])
Target tensorsfor training set: 
tensor([0.5779, 0.2394, 0.8363, 0.7462, 0.7791, 0.2649, 0.7596, 0.0246, 0.0478,
        0.1294, 0.3309, 0.9117, 0.1493, 0.8411, 0.2169, 0.3453, 0.0389, 0.4526,
        0.2271, 0.9150, 0.5300, 0.1295, 0.5178, 0.8561, 0.9535, 0.5573, 0.7507,
        0.7270, 0.6992, 0.8728, 0.4818, 0.5783, 0.9492, 0.3174, 0.5187, 0.6465,
        0.4513, 0.7371, 0.3077, 0.5220, 0.4036, 0.9072, 0.9656, 0.1055, 0.0763,
        0.2594, 0.2255, 0.4373, 0.7171, 0.2464, 0.7497, 0.8988, 0.4993, 0.0981,
        0.1360, 0.0636, 0.5023, 0.4440, 0.6576, 0.8453, 0.7950, 0.4640, 0.7125,
        0.4149, 0.9127, 0.3829, 0.6595, 0.1218, 0.8524, 0.7372, 0.5102, 0.9215])
Correlation for training set: 0.7753729698571898
Predicted tensors for test set: 
tensor([0.5004, 0.7544, 0.6657, 0.6776, 0.5150, 0.3140, 0.4938, 0.5381, 0.2707,
        0.6050, 0.7048, 0.5892, 0.3673, 0.4581, 0.6698, 0.4585, 0.6253, 0.5864])
Target tensorsfor test set: 
tensor([0.9621, 0.4654, 0.6846, 0.4341, 0.5564, 0.2916, 0.8556, 0.8391, 0.6577,
        0.7901, 0.5780, 0.8418, 0.5719, 0.7144, 0.5658, 0.6240, 0.6199, 0.6671])
Correlation for test set: -0.0043301458191713485
18 5
Fold 3
Epoch: 00, Training Loss: 0.0749, Train MSE: 0.0749, r (train): -0.1813, Test MSE: 0.0678, r (test): -0.3668
Epoch: 01, Training Loss: 0.0810, Train MSE: 0.0810, r (train): -0.1976, Test MSE: 0.0575, r (test): -0.3553
Epoch: 02, Training Loss: 0.0790, Train MSE: 0.0790, r (train): -0.1394, Test MSE: 0.0791, r (test): -0.3579
Epoch: 03, Training Loss: 0.1355, Train MSE: 0.1355, r (train): 0.0654, Test MSE: 0.1753, r (test): -0.3460
Epoch: 04, Training Loss: 0.0940, Train MSE: 0.0940, r (train): 0.5916, Test MSE: 0.1477, r (test): 0.0878
Epoch: 05, Training Loss: 0.1466, Train MSE: 0.1466, r (train): 0.5880, Test MSE: 0.0943, r (test): 0.5599
Epoch: 06, Training Loss: 0.0788, Train MSE: 0.0788, r (train): 0.6038, Test MSE: 0.0637, r (test): 0.2993
Epoch: 07, Training Loss: 0.3050, Train MSE: 0.3050, r (train): 0.3653, Test MSE: 0.4044, r (test): -0.2992
Epoch: 08, Training Loss: 0.1102, Train MSE: 0.1102, r (train): 0.6467, Test MSE: 0.0684, r (test): 0.4767
Epoch: 09, Training Loss: 0.1052, Train MSE: 0.1052, r (train): 0.6650, Test MSE: 0.0664, r (test): 0.4049
Epoch: 10, Training Loss: 0.0636, Train MSE: 0.0636, r (train): 0.6062, Test MSE: 0.1028, r (test): 0.0396
Epoch: 11, Training Loss: 0.0458, Train MSE: 0.0458, r (train): 0.6619, Test MSE: 0.0446, r (test): 0.4824
Epoch: 12, Training Loss: 0.1628, Train MSE: 0.1628, r (train): 0.4555, Test MSE: 0.2477, r (test): -0.0999
Epoch: 13, Training Loss: 0.2187, Train MSE: 0.2187, r (train): 0.6312, Test MSE: 0.1340, r (test): 0.3215
Epoch: 14, Training Loss: 0.0916, Train MSE: 0.0916, r (train): 0.4640, Test MSE: 0.1425, r (test): -0.1020
Epoch: 15, Training Loss: 0.0827, Train MSE: 0.0827, r (train): 0.5745, Test MSE: 0.1351, r (test): 0.1659
Epoch: 16, Training Loss: 0.3918, Train MSE: 0.3918, r (train): 0.6323, Test MSE: 0.3048, r (test): 0.3664
Epoch: 17, Training Loss: 0.1456, Train MSE: 0.1456, r (train): 0.5103, Test MSE: 0.2190, r (test): -0.0540
Epoch: 18, Training Loss: 0.0621, Train MSE: 0.0621, r (train): 0.6615, Test MSE: 0.0511, r (test): 0.3429
Epoch: 19, Training Loss: 0.0625, Train MSE: 0.0625, r (train): 0.6274, Test MSE: 0.0677, r (test): 0.1684
Epoch: 20, Training Loss: 0.0526, Train MSE: 0.0526, r (train): 0.6343, Test MSE: 0.0912, r (test): 0.1415
Epoch: 21, Training Loss: 0.0403, Train MSE: 0.0403, r (train): 0.6902, Test MSE: 0.0689, r (test): 0.1775
Epoch: 22, Training Loss: 0.0519, Train MSE: 0.0519, r (train): 0.6662, Test MSE: 0.0873, r (test): 0.5669
Epoch: 23, Training Loss: 0.0895, Train MSE: 0.0895, r (train): 0.6654, Test MSE: 0.0828, r (test): 0.0663
Epoch: 24, Training Loss: 0.1360, Train MSE: 0.1360, r (train): 0.6586, Test MSE: 0.0802, r (test): 0.3606
Epoch: 25, Training Loss: 0.1054, Train MSE: 0.1054, r (train): 0.5630, Test MSE: 0.1714, r (test): -0.0239
Epoch: 26, Training Loss: 0.0403, Train MSE: 0.0403, r (train): 0.6874, Test MSE: 0.0607, r (test): 0.2377
Epoch: 27, Training Loss: 0.0385, Train MSE: 0.0385, r (train): 0.7244, Test MSE: 0.0459, r (test): 0.4838
Epoch: 28, Training Loss: 0.0504, Train MSE: 0.0504, r (train): 0.6688, Test MSE: 0.0874, r (test): 0.0550
Epoch: 29, Training Loss: 0.1241, Train MSE: 0.1241, r (train): 0.6712, Test MSE: 0.0770, r (test): 0.4139
Epoch: 30, Training Loss: 0.0624, Train MSE: 0.0624, r (train): 0.6289, Test MSE: 0.1079, r (test): 0.0094
Epoch: 31, Training Loss: 0.0391, Train MSE: 0.0391, r (train): 0.7068, Test MSE: 0.0492, r (test): 0.4102
Epoch: 32, Training Loss: 0.1830, Train MSE: 0.1830, r (train): 0.5527, Test MSE: 0.2806, r (test): 0.0485
Epoch: 33, Training Loss: 0.2101, Train MSE: 0.2101, r (train): 0.6650, Test MSE: 0.1438, r (test): 0.3134
Epoch: 34, Training Loss: 0.0648, Train MSE: 0.0648, r (train): 0.6209, Test MSE: 0.0621, r (test): 0.2483
Epoch: 35, Training Loss: 0.0456, Train MSE: 0.0456, r (train): 0.6455, Test MSE: 0.0693, r (test): 0.0735
Epoch: 36, Training Loss: 0.0906, Train MSE: 0.0906, r (train): 0.5710, Test MSE: 0.1276, r (test): 0.2448
Epoch: 37, Training Loss: 0.0981, Train MSE: 0.0981, r (train): 0.6334, Test MSE: 0.0951, r (test): -0.0827
Epoch: 38, Training Loss: 0.0675, Train MSE: 0.0675, r (train): 0.6481, Test MSE: 0.0467, r (test): 0.4244
Epoch: 39, Training Loss: 0.0708, Train MSE: 0.0708, r (train): 0.6339, Test MSE: 0.1170, r (test): 0.0506
Epoch: 40, Training Loss: 0.1044, Train MSE: 0.1044, r (train): 0.6225, Test MSE: 0.1784, r (test): 0.0498
Epoch: 41, Training Loss: 0.0428, Train MSE: 0.0428, r (train): 0.6546, Test MSE: 0.0641, r (test): 0.0805
Epoch: 42, Training Loss: 0.0461, Train MSE: 0.0461, r (train): 0.7069, Test MSE: 0.0881, r (test): 0.4000
Epoch: 43, Training Loss: 0.0418, Train MSE: 0.0418, r (train): 0.6909, Test MSE: 0.0744, r (test): 0.2927
Epoch: 44, Training Loss: 0.0665, Train MSE: 0.0665, r (train): 0.6453, Test MSE: 0.0584, r (test): 0.3478
Epoch: 45, Training Loss: 0.0495, Train MSE: 0.0495, r (train): 0.6570, Test MSE: 0.0624, r (test): 0.1282
Epoch: 46, Training Loss: 0.0429, Train MSE: 0.0429, r (train): 0.7033, Test MSE: 0.0542, r (test): 0.3015
Epoch: 47, Training Loss: 0.0599, Train MSE: 0.0599, r (train): 0.6843, Test MSE: 0.0578, r (test): 0.2599
Epoch: 48, Training Loss: 0.0450, Train MSE: 0.0450, r (train): 0.6865, Test MSE: 0.0809, r (test): 0.1595
Epoch: 49, Training Loss: 0.0384, Train MSE: 0.0384, r (train): 0.7090, Test MSE: 0.0646, r (test): 0.2181
Epoch: 50, Training Loss: 0.0465, Train MSE: 0.0465, r (train): 0.6900, Test MSE: 0.0882, r (test): 0.2503
Epoch: 51, Training Loss: 0.0405, Train MSE: 0.0405, r (train): 0.6929, Test MSE: 0.0538, r (test): 0.3887
Epoch: 52, Training Loss: 0.0918, Train MSE: 0.0918, r (train): 0.6010, Test MSE: 0.1653, r (test): 0.1049
Epoch: 53, Training Loss: 1.2490, Train MSE: 1.2490, r (train): 0.5464, Test MSE: 1.0885, r (test): 0.3702
Epoch: 54, Training Loss: 0.2906, Train MSE: 0.2906, r (train): 0.4726, Test MSE: 0.4401, r (test): -0.1740
Epoch: 55, Training Loss: 0.0441, Train MSE: 0.0441, r (train): 0.6565, Test MSE: 0.0662, r (test): 0.0772
Epoch: 56, Training Loss: 0.0357, Train MSE: 0.0357, r (train): 0.7244, Test MSE: 0.0549, r (test): 0.4150
Epoch: 57, Training Loss: 0.0963, Train MSE: 0.0963, r (train): 0.5855, Test MSE: 0.1698, r (test): 0.0513
Epoch: 58, Training Loss: 0.0661, Train MSE: 0.0661, r (train): 0.6422, Test MSE: 0.0575, r (test): 0.3477
Epoch: 59, Training Loss: 0.0468, Train MSE: 0.0468, r (train): 0.6957, Test MSE: 0.0601, r (test): 0.1104
Epoch: 60, Training Loss: 0.0364, Train MSE: 0.0364, r (train): 0.7212, Test MSE: 0.0580, r (test): 0.1735
Epoch: 61, Training Loss: 0.0490, Train MSE: 0.0490, r (train): 0.6922, Test MSE: 0.0912, r (test): 0.3070
Epoch: 62, Training Loss: 0.0488, Train MSE: 0.0488, r (train): 0.6652, Test MSE: 0.0726, r (test): 0.2639
Epoch: 63, Training Loss: 0.0494, Train MSE: 0.0494, r (train): 0.6815, Test MSE: 0.0899, r (test): 0.2007
Epoch: 64, Training Loss: 0.0438, Train MSE: 0.0438, r (train): 0.7114, Test MSE: 0.0578, r (test): 0.2163
Epoch: 65, Training Loss: 0.0583, Train MSE: 0.0583, r (train): 0.7118, Test MSE: 0.0596, r (test): 0.2247
Epoch: 66, Training Loss: 0.0422, Train MSE: 0.0422, r (train): 0.7099, Test MSE: 0.0616, r (test): 0.3020
Epoch: 67, Training Loss: 0.0559, Train MSE: 0.0559, r (train): 0.6546, Test MSE: 0.1002, r (test): 0.2391
Epoch: 68, Training Loss: 0.0419, Train MSE: 0.0419, r (train): 0.7042, Test MSE: 0.0713, r (test): 0.2034
Epoch: 69, Training Loss: 0.0522, Train MSE: 0.0522, r (train): 0.7127, Test MSE: 0.0592, r (test): 0.1776
Epoch: 70, Training Loss: 0.0463, Train MSE: 0.0463, r (train): 0.7244, Test MSE: 0.0553, r (test): 0.2759
Epoch: 71, Training Loss: 0.0530, Train MSE: 0.0530, r (train): 0.6682, Test MSE: 0.0904, r (test): 0.2529
Epoch: 72, Training Loss: 0.0440, Train MSE: 0.0440, r (train): 0.6887, Test MSE: 0.0787, r (test): 0.2206
Epoch: 73, Training Loss: 0.0387, Train MSE: 0.0387, r (train): 0.7172, Test MSE: 0.0578, r (test): 0.1927
Epoch: 74, Training Loss: 0.0503, Train MSE: 0.0503, r (train): 0.7120, Test MSE: 0.0603, r (test): 0.2053
Epoch: 75, Training Loss: 0.0463, Train MSE: 0.0463, r (train): 0.6976, Test MSE: 0.0663, r (test): 0.2475
Epoch: 76, Training Loss: 0.0456, Train MSE: 0.0456, r (train): 0.6912, Test MSE: 0.0801, r (test): 0.2257
Epoch: 77, Training Loss: 0.0377, Train MSE: 0.0377, r (train): 0.7134, Test MSE: 0.0620, r (test): 0.2156
Epoch: 78, Training Loss: 0.0437, Train MSE: 0.0437, r (train): 0.7062, Test MSE: 0.0623, r (test): 0.1866
Epoch: 79, Training Loss: 0.0448, Train MSE: 0.0448, r (train): 0.7095, Test MSE: 0.0620, r (test): 0.2174
Epoch: 80, Training Loss: 0.0494, Train MSE: 0.0494, r (train): 0.6904, Test MSE: 0.0793, r (test): 0.2397
Epoch: 81, Training Loss: 0.0407, Train MSE: 0.0407, r (train): 0.7076, Test MSE: 0.0666, r (test): 0.2253
Epoch: 82, Training Loss: 0.0386, Train MSE: 0.0386, r (train): 0.7141, Test MSE: 0.0603, r (test): 0.2008
Epoch: 83, Training Loss: 0.0423, Train MSE: 0.0423, r (train): 0.7078, Test MSE: 0.0640, r (test): 0.1990
Epoch: 84, Training Loss: 0.0488, Train MSE: 0.0488, r (train): 0.6907, Test MSE: 0.0754, r (test): 0.2207
Epoch: 85, Training Loss: 0.0465, Train MSE: 0.0465, r (train): 0.6950, Test MSE: 0.0706, r (test): 0.2306
Epoch: 86, Training Loss: 0.0374, Train MSE: 0.0374, r (train): 0.7166, Test MSE: 0.0626, r (test): 0.2087
Epoch: 87, Training Loss: 0.0404, Train MSE: 0.0404, r (train): 0.7131, Test MSE: 0.0596, r (test): 0.2300
Epoch: 88, Training Loss: 0.0472, Train MSE: 0.0472, r (train): 0.6939, Test MSE: 0.0685, r (test): 0.1936
Epoch: 89, Training Loss: 0.0459, Train MSE: 0.0459, r (train): 0.6905, Test MSE: 0.0729, r (test): 0.2068
Epoch: 90, Training Loss: 0.0415, Train MSE: 0.0415, r (train): 0.7069, Test MSE: 0.0671, r (test): 0.2245
Epoch: 91, Training Loss: 0.0408, Train MSE: 0.0408, r (train): 0.7132, Test MSE: 0.0631, r (test): 0.2192
Epoch: 92, Training Loss: 0.0448, Train MSE: 0.0448, r (train): 0.7062, Test MSE: 0.0595, r (test): 0.2270
Epoch: 93, Training Loss: 0.0418, Train MSE: 0.0418, r (train): 0.7036, Test MSE: 0.0644, r (test): 0.1866
Epoch: 94, Training Loss: 0.0443, Train MSE: 0.0443, r (train): 0.6967, Test MSE: 0.0782, r (test): 0.2032
Epoch: 95, Training Loss: 0.0490, Train MSE: 0.0490, r (train): 0.6916, Test MSE: 0.0686, r (test): 0.2518
Epoch: 96, Training Loss: 0.0413, Train MSE: 0.0413, r (train): 0.7065, Test MSE: 0.0711, r (test): 0.1753
Epoch: 97, Training Loss: 0.0396, Train MSE: 0.0396, r (train): 0.7193, Test MSE: 0.0559, r (test): 0.2418
Epoch: 98, Training Loss: 0.0419, Train MSE: 0.0419, r (train): 0.7075, Test MSE: 0.0663, r (test): 0.1888
Epoch: 99, Training Loss: 0.0504, Train MSE: 0.0504, r (train): 0.6817, Test MSE: 0.0762, r (test): 0.2218
Predicted tensors for training set: 
tensor([0.4550, 0.1546, 0.7391, 0.5972, 1.0587, 0.3009, 0.9817, 0.0907, 0.0312,
        0.1215, 0.3567, 1.2741, 0.2445, 1.2707, 0.3121, 0.5326, 0.0651, 0.5712,
        1.2490, 0.5390, 0.7163, 0.3745, 0.5460, 0.2389, 0.4119, 0.4118, 0.2860,
        0.3491, 0.3840, 0.6700, 0.3930, 0.5192, 0.4610, 0.4900, 0.4941, 0.5317,
        0.4359, 0.6717, 0.2902, 0.4581, 0.3196, 0.8225, 0.8795, 0.0771, 0.2655,
        0.6652, 0.4927, 0.6530, 0.4645, 0.0691, 0.4711, 0.6566, 1.4059, 0.3511,
        0.4176, 0.3237, 0.4000, 0.3069, 0.5041, 0.5710, 0.6375, 0.3846, 0.5956,
        0.3335, 0.8921, 0.4037, 0.6575, 0.1830, 0.5595, 0.5345, 0.2973, 0.6410])
Target tensorsfor training set: 
tensor([0.5779, 0.2394, 0.8363, 0.7462, 0.7791, 0.2649, 0.7596, 0.0246, 0.0478,
        0.1294, 0.3309, 0.9117, 0.1493, 0.8411, 0.2169, 0.3453, 0.0389, 0.4526,
        0.9621, 0.4654, 0.6846, 0.4341, 0.5564, 0.2916, 0.8556, 0.8391, 0.6577,
        0.7901, 0.5780, 0.8418, 0.5719, 0.7144, 0.5658, 0.6240, 0.6199, 0.6671,
        0.4513, 0.7371, 0.3077, 0.5220, 0.4036, 0.9072, 0.9656, 0.1055, 0.0763,
        0.2594, 0.2255, 0.4373, 0.7171, 0.2464, 0.7497, 0.8988, 0.4993, 0.0981,
        0.1360, 0.0636, 0.5023, 0.4440, 0.6576, 0.8453, 0.7950, 0.4640, 0.7125,
        0.4149, 0.9127, 0.3829, 0.6595, 0.1218, 0.8524, 0.7372, 0.5102, 0.9215])
Correlation for training set: 0.6817139920968769
Predicted tensors for test set: 
tensor([0.4239, 0.4299, 0.5655, 0.5104, 0.6449, 0.6709, 0.5501, 0.6070, 0.3102,
        0.6127, 0.4313, 0.3843, 0.3489, 0.4152, 0.6002, 0.3519, 0.2958, 0.6136])
Target tensorsfor test set: 
tensor([0.2271, 0.9150, 0.5300, 0.1295, 0.5178, 0.8561, 0.9535, 0.5573, 0.7507,
        0.7270, 0.6992, 0.8728, 0.4818, 0.5783, 0.9492, 0.3174, 0.5187, 0.6465])
Correlation for test set: 0.22177796594002053
18 5
Fold 4
Epoch: 00, Training Loss: 0.0855, Train MSE: 0.0855, r (train): -0.1919, Test MSE: 0.0821, r (test): -0.1203
Epoch: 01, Training Loss: 0.0741, Train MSE: 0.0741, r (train): -0.2472, Test MSE: 0.0811, r (test): -0.0718
Epoch: 02, Training Loss: 0.1061, Train MSE: 0.1061, r (train): -0.0828, Test MSE: 0.0913, r (test): -0.0476
Epoch: 03, Training Loss: 0.1574, Train MSE: 0.1574, r (train): 0.3804, Test MSE: 0.1291, r (test): 0.0209
Epoch: 04, Training Loss: 0.1136, Train MSE: 0.1136, r (train): 0.6529, Test MSE: 0.1250, r (test): -0.2068
Epoch: 05, Training Loss: 0.0517, Train MSE: 0.0517, r (train): 0.6987, Test MSE: 0.1449, r (test): -0.1798
Epoch: 06, Training Loss: 0.1665, Train MSE: 0.1665, r (train): 0.5810, Test MSE: 0.2803, r (test): -0.0144
Epoch: 07, Training Loss: 0.0990, Train MSE: 0.0990, r (train): 0.7419, Test MSE: 0.2165, r (test): -0.0356
Epoch: 08, Training Loss: 0.0329, Train MSE: 0.0329, r (train): 0.7453, Test MSE: 0.1009, r (test): -0.1018
Epoch: 09, Training Loss: 0.2717, Train MSE: 0.2717, r (train): 0.7365, Test MSE: 0.4489, r (test): -0.0309
Epoch: 10, Training Loss: 0.2184, Train MSE: 0.2184, r (train): 0.7111, Test MSE: 0.3803, r (test): -0.0805
Epoch: 11, Training Loss: 0.0492, Train MSE: 0.0492, r (train): 0.7205, Test MSE: 0.0912, r (test): -0.0853
Epoch: 12, Training Loss: 0.1502, Train MSE: 0.1502, r (train): 0.7778, Test MSE: 0.2868, r (test): -0.1104
Epoch: 13, Training Loss: 0.0492, Train MSE: 0.0492, r (train): 0.7068, Test MSE: 0.1091, r (test): -0.1080
Epoch: 14, Training Loss: 0.0691, Train MSE: 0.0691, r (train): 0.7120, Test MSE: 0.1048, r (test): -0.1239
Epoch: 15, Training Loss: 0.0340, Train MSE: 0.0340, r (train): 0.7937, Test MSE: 0.1331, r (test): -0.1414
Epoch: 16, Training Loss: 0.0310, Train MSE: 0.0310, r (train): 0.7709, Test MSE: 0.1185, r (test): -0.2529
Epoch: 17, Training Loss: 0.1187, Train MSE: 0.1187, r (train): 0.7755, Test MSE: 0.2576, r (test): -0.1363
Epoch: 18, Training Loss: 0.0289, Train MSE: 0.0289, r (train): 0.7691, Test MSE: 0.1182, r (test): -0.1323
Epoch: 19, Training Loss: 0.0563, Train MSE: 0.0563, r (train): 0.7970, Test MSE: 0.1109, r (test): -0.2087
Epoch: 20, Training Loss: 0.0658, Train MSE: 0.0658, r (train): 0.7318, Test MSE: 0.1188, r (test): -0.1880
Epoch: 21, Training Loss: 0.2787, Train MSE: 0.2787, r (train): 0.7820, Test MSE: 0.4646, r (test): -0.1028
Epoch: 22, Training Loss: 0.0271, Train MSE: 0.0271, r (train): 0.7892, Test MSE: 0.1173, r (test): -0.1124
Epoch: 23, Training Loss: 0.0262, Train MSE: 0.0262, r (train): 0.8119, Test MSE: 0.1230, r (test): -0.1597
Epoch: 24, Training Loss: 0.1297, Train MSE: 0.1297, r (train): 0.6469, Test MSE: 0.1567, r (test): -0.1996
Epoch: 25, Training Loss: 0.0861, Train MSE: 0.0861, r (train): 0.7734, Test MSE: 0.2022, r (test): -0.1408
Epoch: 26, Training Loss: 0.0383, Train MSE: 0.0383, r (train): 0.7897, Test MSE: 0.1408, r (test): -0.1069
Epoch: 27, Training Loss: 0.0292, Train MSE: 0.0292, r (train): 0.8067, Test MSE: 0.1291, r (test): -0.1502
Epoch: 28, Training Loss: 0.0930, Train MSE: 0.0930, r (train): 0.6691, Test MSE: 0.1346, r (test): -0.1619
Epoch: 29, Training Loss: 0.0838, Train MSE: 0.0838, r (train): 0.7728, Test MSE: 0.1992, r (test): -0.1105
Epoch: 30, Training Loss: 0.0376, Train MSE: 0.0376, r (train): 0.8009, Test MSE: 0.1438, r (test): -0.1006
Epoch: 31, Training Loss: 0.0408, Train MSE: 0.0408, r (train): 0.7477, Test MSE: 0.1092, r (test): -0.1977
Epoch: 32, Training Loss: 0.0378, Train MSE: 0.0378, r (train): 0.7501, Test MSE: 0.1128, r (test): -0.1719
Epoch: 33, Training Loss: 0.0361, Train MSE: 0.0361, r (train): 0.7490, Test MSE: 0.1150, r (test): -0.1297
Epoch: 34, Training Loss: 0.0325, Train MSE: 0.0325, r (train): 0.7999, Test MSE: 0.1310, r (test): -0.1041
Epoch: 35, Training Loss: 0.0493, Train MSE: 0.0493, r (train): 0.7326, Test MSE: 0.1101, r (test): -0.1893
Epoch: 36, Training Loss: 0.0351, Train MSE: 0.0351, r (train): 0.7712, Test MSE: 0.1199, r (test): -0.1431
Epoch: 37, Training Loss: 0.0336, Train MSE: 0.0336, r (train): 0.7794, Test MSE: 0.1262, r (test): -0.1448
Epoch: 38, Training Loss: 0.0295, Train MSE: 0.0295, r (train): 0.8066, Test MSE: 0.1301, r (test): -0.1229
Epoch: 39, Training Loss: 0.0278, Train MSE: 0.0278, r (train): 0.7967, Test MSE: 0.1243, r (test): -0.1375
Epoch: 40, Training Loss: 0.0306, Train MSE: 0.0306, r (train): 0.7997, Test MSE: 0.1308, r (test): -0.1252
Epoch: 41, Training Loss: 0.0325, Train MSE: 0.0325, r (train): 0.8117, Test MSE: 0.1446, r (test): -0.1401
Epoch: 42, Training Loss: 0.0349, Train MSE: 0.0349, r (train): 0.7739, Test MSE: 0.1035, r (test): -0.1779
Epoch: 43, Training Loss: 0.0294, Train MSE: 0.0294, r (train): 0.7878, Test MSE: 0.1235, r (test): -0.1654
Epoch: 44, Training Loss: 0.0422, Train MSE: 0.0422, r (train): 0.7072, Test MSE: 0.0961, r (test): -0.2230
Epoch: 45, Training Loss: 0.0396, Train MSE: 0.0396, r (train): 0.7233, Test MSE: 0.1189, r (test): -0.2387
Epoch: 46, Training Loss: 0.0344, Train MSE: 0.0344, r (train): 0.7228, Test MSE: 0.1115, r (test): -0.1226
Epoch: 47, Training Loss: 0.0318, Train MSE: 0.0318, r (train): 0.7654, Test MSE: 0.1130, r (test): -0.1647
Epoch: 48, Training Loss: 0.0433, Train MSE: 0.0433, r (train): 0.7180, Test MSE: 0.1002, r (test): -0.1867
Epoch: 49, Training Loss: 0.0491, Train MSE: 0.0491, r (train): 0.7884, Test MSE: 0.1500, r (test): -0.1152
Epoch: 50, Training Loss: 0.0345, Train MSE: 0.0345, r (train): 0.7922, Test MSE: 0.1040, r (test): -0.1619
Epoch: 51, Training Loss: 0.0268, Train MSE: 0.0268, r (train): 0.7914, Test MSE: 0.1143, r (test): -0.1308
Epoch: 52, Training Loss: 0.0866, Train MSE: 0.0866, r (train): 0.7682, Test MSE: 0.2051, r (test): -0.1107
Epoch: 53, Training Loss: 0.1187, Train MSE: 0.1187, r (train): 0.6462, Test MSE: 0.1480, r (test): -0.3480
Epoch: 54, Training Loss: 0.1867, Train MSE: 0.1867, r (train): 0.7808, Test MSE: 0.3379, r (test): -0.1271
Epoch: 55, Training Loss: 0.0360, Train MSE: 0.0360, r (train): 0.7593, Test MSE: 0.1220, r (test): -0.1771
Epoch: 56, Training Loss: 0.0274, Train MSE: 0.0274, r (train): 0.7925, Test MSE: 0.1177, r (test): -0.1538
Epoch: 57, Training Loss: 0.0274, Train MSE: 0.0274, r (train): 0.7949, Test MSE: 0.1117, r (test): -0.1822
Epoch: 58, Training Loss: 0.0281, Train MSE: 0.0281, r (train): 0.7967, Test MSE: 0.1105, r (test): -0.1666
Epoch: 59, Training Loss: 0.0239, Train MSE: 0.0239, r (train): 0.8131, Test MSE: 0.1128, r (test): -0.1711
Epoch: 60, Training Loss: 0.0278, Train MSE: 0.0278, r (train): 0.7892, Test MSE: 0.1065, r (test): -0.2191
Epoch: 61, Training Loss: 0.0725, Train MSE: 0.0725, r (train): 0.6663, Test MSE: 0.1105, r (test): -0.2575
Epoch: 62, Training Loss: 0.3824, Train MSE: 0.3824, r (train): 0.7669, Test MSE: 0.5947, r (test): -0.1344
Epoch: 63, Training Loss: 0.0438, Train MSE: 0.0438, r (train): 0.7321, Test MSE: 0.1062, r (test): -0.1309
Epoch: 64, Training Loss: 0.0234, Train MSE: 0.0234, r (train): 0.8170, Test MSE: 0.1232, r (test): -0.1039
Epoch: 65, Training Loss: 0.0241, Train MSE: 0.0241, r (train): 0.8162, Test MSE: 0.1064, r (test): -0.1944
Epoch: 66, Training Loss: 0.1121, Train MSE: 0.1121, r (train): 0.6689, Test MSE: 0.1475, r (test): -0.3369
Epoch: 67, Training Loss: 0.1753, Train MSE: 0.1753, r (train): 0.7822, Test MSE: 0.3418, r (test): -0.1600
Epoch: 68, Training Loss: 0.0353, Train MSE: 0.0353, r (train): 0.7816, Test MSE: 0.1412, r (test): -0.1486
Epoch: 69, Training Loss: 0.0307, Train MSE: 0.0307, r (train): 0.8101, Test MSE: 0.1373, r (test): -0.1608
Epoch: 70, Training Loss: 0.0286, Train MSE: 0.0286, r (train): 0.7994, Test MSE: 0.1144, r (test): -0.1940
Epoch: 71, Training Loss: 0.0311, Train MSE: 0.0311, r (train): 0.7772, Test MSE: 0.1097, r (test): -0.2038
Epoch: 72, Training Loss: 0.0384, Train MSE: 0.0384, r (train): 0.7522, Test MSE: 0.1049, r (test): -0.1925
Epoch: 73, Training Loss: 0.0307, Train MSE: 0.0307, r (train): 0.7934, Test MSE: 0.1351, r (test): -0.1481
Epoch: 74, Training Loss: 0.0340, Train MSE: 0.0340, r (train): 0.8157, Test MSE: 0.1458, r (test): -0.1561
Epoch: 75, Training Loss: 0.0288, Train MSE: 0.0288, r (train): 0.7964, Test MSE: 0.1104, r (test): -0.2206
Epoch: 76, Training Loss: 0.0724, Train MSE: 0.0724, r (train): 0.6878, Test MSE: 0.1184, r (test): -0.2683
Epoch: 77, Training Loss: 0.0448, Train MSE: 0.0448, r (train): 0.7750, Test MSE: 0.1571, r (test): -0.1770
Epoch: 78, Training Loss: 0.0565, Train MSE: 0.0565, r (train): 0.7882, Test MSE: 0.1813, r (test): -0.1277
Epoch: 79, Training Loss: 0.0256, Train MSE: 0.0256, r (train): 0.8106, Test MSE: 0.1213, r (test): -0.2129
Epoch: 80, Training Loss: 0.0471, Train MSE: 0.0471, r (train): 0.7547, Test MSE: 0.1113, r (test): -0.2348
Epoch: 81, Training Loss: 0.0382, Train MSE: 0.0382, r (train): 0.7412, Test MSE: 0.1033, r (test): -0.1800
Epoch: 82, Training Loss: 0.0417, Train MSE: 0.0417, r (train): 0.7839, Test MSE: 0.1546, r (test): -0.1195
Epoch: 83, Training Loss: 0.0688, Train MSE: 0.0688, r (train): 0.7968, Test MSE: 0.2000, r (test): -0.1795
Epoch: 84, Training Loss: 0.0929, Train MSE: 0.0929, r (train): 0.7333, Test MSE: 0.1396, r (test): -0.2668
Epoch: 85, Training Loss: 0.0342, Train MSE: 0.0342, r (train): 0.7663, Test MSE: 0.1117, r (test): -0.1590
Epoch: 86, Training Loss: 0.0282, Train MSE: 0.0282, r (train): 0.7837, Test MSE: 0.1183, r (test): -0.1296
Epoch: 87, Training Loss: 0.0648, Train MSE: 0.0648, r (train): 0.7902, Test MSE: 0.1916, r (test): -0.1336
Epoch: 88, Training Loss: 0.0396, Train MSE: 0.0396, r (train): 0.7688, Test MSE: 0.1063, r (test): -0.2287
Epoch: 89, Training Loss: 0.0355, Train MSE: 0.0355, r (train): 0.7635, Test MSE: 0.1022, r (test): -0.1603
Epoch: 90, Training Loss: 0.0287, Train MSE: 0.0287, r (train): 0.7855, Test MSE: 0.1053, r (test): -0.1154
Epoch: 91, Training Loss: 0.0409, Train MSE: 0.0409, r (train): 0.7976, Test MSE: 0.1490, r (test): -0.0919
Epoch: 92, Training Loss: 0.0409, Train MSE: 0.0409, r (train): 0.7988, Test MSE: 0.1501, r (test): -0.1697
Epoch: 93, Training Loss: 0.0527, Train MSE: 0.0527, r (train): 0.7427, Test MSE: 0.1102, r (test): -0.2439
Epoch: 94, Training Loss: 0.0324, Train MSE: 0.0324, r (train): 0.7701, Test MSE: 0.1068, r (test): -0.1522
Epoch: 95, Training Loss: 0.0303, Train MSE: 0.0303, r (train): 0.7969, Test MSE: 0.1264, r (test): -0.1104
Epoch: 96, Training Loss: 0.0483, Train MSE: 0.0483, r (train): 0.8020, Test MSE: 0.1639, r (test): -0.1519
Epoch: 97, Training Loss: 0.0403, Train MSE: 0.0403, r (train): 0.7636, Test MSE: 0.1084, r (test): -0.2408
Epoch: 98, Training Loss: 0.0333, Train MSE: 0.0333, r (train): 0.7661, Test MSE: 0.1049, r (test): -0.1876
Epoch: 99, Training Loss: 0.0296, Train MSE: 0.0296, r (train): 0.7982, Test MSE: 0.1237, r (test): -0.1282
Predicted tensors for training set: 
tensor([0.5668, 0.2525, 0.7432, 0.7232, 1.1230, 0.5394, 1.0866, 0.2806, 0.2156,
        0.3135, 0.6290, 1.3611, 0.3647, 1.2727, 0.4552, 0.7182, 0.1523, 0.6370,
        1.0795, 0.6410, 0.7812, 0.5410, 0.6348, 0.3946, 0.5562, 0.5399, 0.3960,
        0.5358, 0.5048, 0.7236, 0.4679, 0.6152, 0.6393, 0.6683, 0.6697, 0.7210,
        0.3651, 1.0619, 0.6644, 0.2751, 0.5233, 0.8440, 0.9572, 0.5522, 0.5808,
        0.5448, 0.5316, 0.7039, 0.5376, 0.6373, 1.0012, 0.3922, 0.7311, 0.9301,
        0.2862, 0.2274, 0.5195, 0.5037, 0.6866, 0.8930, 0.8173, 0.5314, 0.6983,
        0.5075, 0.8748, 0.4809, 0.6305, 0.2389, 0.7329, 0.6315, 0.4499, 0.8041])
Target tensorsfor training set: 
tensor([0.5779, 0.2394, 0.8363, 0.7462, 0.7791, 0.2649, 0.7596, 0.0246, 0.0478,
        0.1294, 0.3309, 0.9117, 0.1493, 0.8411, 0.2169, 0.3453, 0.0389, 0.4526,
        0.9621, 0.4654, 0.6846, 0.4341, 0.5564, 0.2916, 0.8556, 0.8391, 0.6577,
        0.7901, 0.5780, 0.8418, 0.5719, 0.7144, 0.5658, 0.6240, 0.6199, 0.6671,
        0.2271, 0.9150, 0.5300, 0.1295, 0.5178, 0.8561, 0.9535, 0.5573, 0.7507,
        0.7270, 0.6992, 0.8728, 0.4818, 0.5783, 0.9492, 0.3174, 0.5187, 0.6465,
        0.1360, 0.0636, 0.5023, 0.4440, 0.6576, 0.8453, 0.7950, 0.4640, 0.7125,
        0.4149, 0.9127, 0.3829, 0.6595, 0.1218, 0.8524, 0.7372, 0.5102, 0.9215])
Correlation for training set: 0.7981589870215534
Predicted tensors for test set: 
tensor([0.4342, 0.7176, 0.4206, 0.8214, 0.7103, 0.3945, 0.4850, 0.7247, 0.5742,
        0.5477, 0.6440, 0.5824, 0.4464, 0.6582, 0.8276, 0.6673, 0.6796, 0.6364])
Target tensorsfor test set: 
tensor([0.4513, 0.7371, 0.3077, 0.5220, 0.4036, 0.9072, 0.9656, 0.1055, 0.0763,
        0.2594, 0.2255, 0.4373, 0.7171, 0.2464, 0.7497, 0.8988, 0.4993, 0.0981])
Correlation for test set: -0.12817761874540406
18 5
Fold 5
Epoch: 00, Training Loss: 0.0854, Train MSE: 0.0854, r (train): -0.1724, Test MSE: 0.0865, r (test): -0.4454
Epoch: 01, Training Loss: 0.0758, Train MSE: 0.0758, r (train): -0.1276, Test MSE: 0.0724, r (test): -0.4666
Epoch: 02, Training Loss: 0.0891, Train MSE: 0.0891, r (train): 0.0027, Test MSE: 0.0922, r (test): -0.3552
Epoch: 03, Training Loss: 0.1179, Train MSE: 0.1179, r (train): 0.4668, Test MSE: 0.1328, r (test): -0.0090
Epoch: 04, Training Loss: 0.2519, Train MSE: 0.2519, r (train): 0.5637, Test MSE: 0.2963, r (test): -0.1410
Epoch: 05, Training Loss: 0.0426, Train MSE: 0.0426, r (train): 0.6461, Test MSE: 0.0742, r (test): 0.2759
Epoch: 06, Training Loss: 0.0468, Train MSE: 0.0468, r (train): 0.6587, Test MSE: 0.0638, r (test): 0.3254
Epoch: 07, Training Loss: 0.0428, Train MSE: 0.0428, r (train): 0.6874, Test MSE: 0.0552, r (test): 0.4556
Epoch: 08, Training Loss: 0.6670, Train MSE: 0.6670, r (train): 0.6541, Test MSE: 0.5494, r (test): 0.4320
Epoch: 09, Training Loss: 0.0437, Train MSE: 0.0437, r (train): 0.6906, Test MSE: 0.0895, r (test): 0.2056
Epoch: 10, Training Loss: 0.0610, Train MSE: 0.0610, r (train): 0.7522, Test MSE: 0.0687, r (test): 0.3677
Epoch: 11, Training Loss: 0.1989, Train MSE: 0.1989, r (train): 0.7533, Test MSE: 0.1643, r (test): 0.3053
Epoch: 12, Training Loss: 0.1139, Train MSE: 0.1139, r (train): 0.6325, Test MSE: 0.1764, r (test): -0.0641
Epoch: 13, Training Loss: 0.0342, Train MSE: 0.0342, r (train): 0.7557, Test MSE: 0.0703, r (test): 0.3027
Epoch: 14, Training Loss: 0.0630, Train MSE: 0.0630, r (train): 0.7501, Test MSE: 0.0777, r (test): 0.2185
Epoch: 15, Training Loss: 0.0741, Train MSE: 0.0741, r (train): 0.6761, Test MSE: 0.1408, r (test): -0.0023
Epoch: 16, Training Loss: 0.0490, Train MSE: 0.0490, r (train): 0.7060, Test MSE: 0.0826, r (test): 0.1829
Epoch: 17, Training Loss: 0.0380, Train MSE: 0.0380, r (train): 0.7131, Test MSE: 0.0859, r (test): 0.0530
Epoch: 18, Training Loss: 0.1054, Train MSE: 0.1054, r (train): 0.7297, Test MSE: 0.1018, r (test): 0.3150
Epoch: 19, Training Loss: 0.0854, Train MSE: 0.0854, r (train): 0.7014, Test MSE: 0.1311, r (test): 0.2820
Epoch: 20, Training Loss: 0.0518, Train MSE: 0.0518, r (train): 0.6875, Test MSE: 0.0915, r (test): 0.0216
Epoch: 21, Training Loss: 0.0455, Train MSE: 0.0455, r (train): 0.7356, Test MSE: 0.0677, r (test): 0.2658
Epoch: 22, Training Loss: 0.0388, Train MSE: 0.0388, r (train): 0.7144, Test MSE: 0.0748, r (test): 0.1389
Epoch: 23, Training Loss: 0.0885, Train MSE: 0.0885, r (train): 0.7313, Test MSE: 0.0960, r (test): 0.2950
Epoch: 24, Training Loss: 0.0416, Train MSE: 0.0416, r (train): 0.7310, Test MSE: 0.0897, r (test): 0.2294
Epoch: 25, Training Loss: 0.0551, Train MSE: 0.0551, r (train): 0.6932, Test MSE: 0.1206, r (test): -0.0222
Epoch: 26, Training Loss: 0.0676, Train MSE: 0.0676, r (train): 0.7501, Test MSE: 0.0890, r (test): 0.1500
Epoch: 27, Training Loss: 0.0606, Train MSE: 0.0606, r (train): 0.7479, Test MSE: 0.0819, r (test): 0.2249
Epoch: 28, Training Loss: 0.0821, Train MSE: 0.0821, r (train): 0.7166, Test MSE: 0.1460, r (test): 0.1443
Epoch: 29, Training Loss: 0.0617, Train MSE: 0.0617, r (train): 0.6770, Test MSE: 0.1164, r (test): 0.0369
Epoch: 30, Training Loss: 0.0416, Train MSE: 0.0416, r (train): 0.7336, Test MSE: 0.0736, r (test): 0.1321
Epoch: 31, Training Loss: 0.3817, Train MSE: 0.3817, r (train): 0.7175, Test MSE: 0.3410, r (test): 0.2530
Epoch: 32, Training Loss: 0.0980, Train MSE: 0.0980, r (train): 0.7041, Test MSE: 0.1672, r (test): 0.0434
Epoch: 33, Training Loss: 0.0462, Train MSE: 0.0462, r (train): 0.7106, Test MSE: 0.0936, r (test): 0.0303
Epoch: 34, Training Loss: 0.0422, Train MSE: 0.0422, r (train): 0.7455, Test MSE: 0.0757, r (test): 0.1250
Epoch: 35, Training Loss: 0.0371, Train MSE: 0.0371, r (train): 0.7464, Test MSE: 0.0779, r (test): 0.1223
Epoch: 36, Training Loss: 0.0437, Train MSE: 0.0437, r (train): 0.7511, Test MSE: 0.0770, r (test): 0.1310
Epoch: 37, Training Loss: 0.0425, Train MSE: 0.0425, r (train): 0.7344, Test MSE: 0.0952, r (test): 0.0627
Epoch: 38, Training Loss: 0.0373, Train MSE: 0.0373, r (train): 0.7578, Test MSE: 0.0739, r (test): 0.1561
Epoch: 39, Training Loss: 0.0464, Train MSE: 0.0464, r (train): 0.7489, Test MSE: 0.0793, r (test): 0.0833
Epoch: 40, Training Loss: 0.0497, Train MSE: 0.0497, r (train): 0.7253, Test MSE: 0.1068, r (test): 0.0259
Epoch: 41, Training Loss: 0.0358, Train MSE: 0.0358, r (train): 0.7412, Test MSE: 0.0826, r (test): 0.1107
Epoch: 42, Training Loss: 0.0559, Train MSE: 0.0559, r (train): 0.7603, Test MSE: 0.0766, r (test): 0.2735
Epoch: 43, Training Loss: 0.0368, Train MSE: 0.0368, r (train): 0.7460, Test MSE: 0.0813, r (test): 0.0866
Epoch: 44, Training Loss: 0.0504, Train MSE: 0.0504, r (train): 0.7112, Test MSE: 0.1041, r (test): 0.0945
Epoch: 45, Training Loss: 0.0578, Train MSE: 0.0578, r (train): 0.7289, Test MSE: 0.0850, r (test): 0.0622
Epoch: 46, Training Loss: 0.0363, Train MSE: 0.0363, r (train): 0.7481, Test MSE: 0.0761, r (test): 0.1007
Epoch: 47, Training Loss: 0.0362, Train MSE: 0.0362, r (train): 0.7462, Test MSE: 0.0768, r (test): 0.1486
Epoch: 48, Training Loss: 0.0468, Train MSE: 0.0468, r (train): 0.7647, Test MSE: 0.0715, r (test): 0.2136
Epoch: 49, Training Loss: 0.0630, Train MSE: 0.0630, r (train): 0.7121, Test MSE: 0.1296, r (test): -0.0173
Epoch: 50, Training Loss: 0.0431, Train MSE: 0.0431, r (train): 0.7370, Test MSE: 0.0817, r (test): 0.0430
Epoch: 51, Training Loss: 0.0406, Train MSE: 0.0406, r (train): 0.7370, Test MSE: 0.0916, r (test): 0.0326
Epoch: 52, Training Loss: 0.0368, Train MSE: 0.0368, r (train): 0.7558, Test MSE: 0.0743, r (test): 0.1304
Epoch: 53, Training Loss: 0.0852, Train MSE: 0.0852, r (train): 0.7635, Test MSE: 0.1013, r (test): 0.2387
Epoch: 54, Training Loss: 0.1025, Train MSE: 0.1025, r (train): 0.7110, Test MSE: 0.1659, r (test): 0.0192
Epoch: 55, Training Loss: 0.0658, Train MSE: 0.0658, r (train): 0.7229, Test MSE: 0.0892, r (test): 0.0418
Epoch: 56, Training Loss: 0.0376, Train MSE: 0.0376, r (train): 0.7462, Test MSE: 0.0727, r (test): 0.1927
Epoch: 57, Training Loss: 0.0379, Train MSE: 0.0379, r (train): 0.7345, Test MSE: 0.0877, r (test): 0.0212
Epoch: 58, Training Loss: 0.0552, Train MSE: 0.0552, r (train): 0.7551, Test MSE: 0.0796, r (test): 0.2178
Epoch: 59, Training Loss: 0.0437, Train MSE: 0.0437, r (train): 0.7527, Test MSE: 0.0987, r (test): 0.1824
Epoch: 60, Training Loss: 0.0979, Train MSE: 0.0979, r (train): 0.6858, Test MSE: 0.1710, r (test): -0.0352
Epoch: 61, Training Loss: 0.0508, Train MSE: 0.0508, r (train): 0.7348, Test MSE: 0.0828, r (test): 0.0507
Epoch: 62, Training Loss: 0.0388, Train MSE: 0.0388, r (train): 0.7575, Test MSE: 0.0754, r (test): 0.1026
Epoch: 63, Training Loss: 0.1079, Train MSE: 0.1079, r (train): 0.7412, Test MSE: 0.1239, r (test): 0.2038
Epoch: 64, Training Loss: 0.0431, Train MSE: 0.0431, r (train): 0.7448, Test MSE: 0.0963, r (test): 0.1064
Epoch: 65, Training Loss: 0.0568, Train MSE: 0.0568, r (train): 0.7091, Test MSE: 0.1086, r (test): -0.0289
Epoch: 66, Training Loss: 0.0499, Train MSE: 0.0499, r (train): 0.7496, Test MSE: 0.0811, r (test): 0.1192
Epoch: 67, Training Loss: 0.0335, Train MSE: 0.0335, r (train): 0.7578, Test MSE: 0.0743, r (test): 0.1141
Epoch: 68, Training Loss: 0.0388, Train MSE: 0.0388, r (train): 0.7623, Test MSE: 0.0772, r (test): 0.0887
Epoch: 69, Training Loss: 0.0418, Train MSE: 0.0418, r (train): 0.7421, Test MSE: 0.0846, r (test): 0.0482
Epoch: 70, Training Loss: 0.0391, Train MSE: 0.0391, r (train): 0.7435, Test MSE: 0.0948, r (test): 0.0001
Epoch: 71, Training Loss: 0.0446, Train MSE: 0.0446, r (train): 0.7655, Test MSE: 0.0786, r (test): 0.1066
Epoch: 72, Training Loss: 0.0376, Train MSE: 0.0376, r (train): 0.7575, Test MSE: 0.0880, r (test): 0.0560
Epoch: 73, Training Loss: 0.0445, Train MSE: 0.0445, r (train): 0.7498, Test MSE: 0.0926, r (test): 0.0661
Epoch: 74, Training Loss: 0.0501, Train MSE: 0.0501, r (train): 0.7549, Test MSE: 0.0842, r (test): 0.0439
Epoch: 75, Training Loss: 0.0346, Train MSE: 0.0346, r (train): 0.7605, Test MSE: 0.0802, r (test): 0.0553
Epoch: 76, Training Loss: 0.0324, Train MSE: 0.0324, r (train): 0.7684, Test MSE: 0.0794, r (test): 0.0667
Epoch: 77, Training Loss: 0.0671, Train MSE: 0.0671, r (train): 0.7482, Test MSE: 0.1316, r (test): 0.0346
Epoch: 78, Training Loss: 0.0603, Train MSE: 0.0603, r (train): 0.7655, Test MSE: 0.0890, r (test): 0.0777
Epoch: 79, Training Loss: 0.0414, Train MSE: 0.0414, r (train): 0.7580, Test MSE: 0.0793, r (test): 0.0953
Epoch: 80, Training Loss: 0.0501, Train MSE: 0.0501, r (train): 0.7655, Test MSE: 0.0847, r (test): 0.0910
Epoch: 81, Training Loss: 0.0834, Train MSE: 0.0834, r (train): 0.7306, Test MSE: 0.1581, r (test): -0.0489
Epoch: 82, Training Loss: 0.0411, Train MSE: 0.0411, r (train): 0.7541, Test MSE: 0.0873, r (test): 0.0780
Epoch: 83, Training Loss: 0.0382, Train MSE: 0.0382, r (train): 0.7576, Test MSE: 0.0772, r (test): 0.0853
Epoch: 84, Training Loss: 0.0767, Train MSE: 0.0767, r (train): 0.7666, Test MSE: 0.1030, r (test): 0.1430
Epoch: 85, Training Loss: 0.0402, Train MSE: 0.0402, r (train): 0.7508, Test MSE: 0.0890, r (test): 0.0110
Epoch: 86, Training Loss: 0.0469, Train MSE: 0.0469, r (train): 0.7494, Test MSE: 0.1025, r (test): 0.0486
Epoch: 87, Training Loss: 0.0373, Train MSE: 0.0373, r (train): 0.7597, Test MSE: 0.0787, r (test): 0.0884
Epoch: 88, Training Loss: 0.0410, Train MSE: 0.0410, r (train): 0.7663, Test MSE: 0.0757, r (test): 0.1130
Epoch: 89, Training Loss: 0.0418, Train MSE: 0.0418, r (train): 0.7649, Test MSE: 0.0782, r (test): 0.0596
Epoch: 90, Training Loss: 0.0428, Train MSE: 0.0428, r (train): 0.7549, Test MSE: 0.0950, r (test): 0.0229
Epoch: 91, Training Loss: 0.0377, Train MSE: 0.0377, r (train): 0.7599, Test MSE: 0.0840, r (test): 0.0639
Epoch: 92, Training Loss: 0.0362, Train MSE: 0.0362, r (train): 0.7655, Test MSE: 0.0759, r (test): 0.1041
Epoch: 93, Training Loss: 0.0407, Train MSE: 0.0407, r (train): 0.7680, Test MSE: 0.0762, r (test): 0.0926
Epoch: 94, Training Loss: 0.0384, Train MSE: 0.0384, r (train): 0.7601, Test MSE: 0.0834, r (test): 0.0362
Epoch: 95, Training Loss: 0.0389, Train MSE: 0.0389, r (train): 0.7595, Test MSE: 0.0859, r (test): 0.0489
Epoch: 96, Training Loss: 0.0361, Train MSE: 0.0361, r (train): 0.7627, Test MSE: 0.0797, r (test): 0.0784
Epoch: 97, Training Loss: 0.0377, Train MSE: 0.0377, r (train): 0.7680, Test MSE: 0.0752, r (test): 0.1025
Epoch: 98, Training Loss: 0.0378, Train MSE: 0.0378, r (train): 0.7647, Test MSE: 0.0779, r (test): 0.0618
Epoch: 99, Training Loss: 0.0386, Train MSE: 0.0386, r (train): 0.7597, Test MSE: 0.0840, r (test): 0.0438
Predicted tensors for training set: 
tensor([0.4719, 0.1688, 0.7498, 0.6193, 1.0272, 0.3666, 0.9984, 0.1173, 0.1510,
        0.2466, 0.5178, 1.4334, 0.2077, 1.1549, 0.2843, 0.4438, 0.0810, 0.5147,
        1.1586, 0.5242, 0.7681, 0.4957, 0.6229, 0.3576, 0.4424, 0.4488, 0.2908,
        0.4016, 0.3317, 0.5501, 0.3361, 0.4430, 0.5353, 0.5439, 0.5779, 0.5938,
        0.3100, 1.1066, 0.6729, 0.2259, 0.3388, 0.6159, 0.6965, 0.3614, 0.3628,
        0.3593, 0.3693, 0.4679, 0.3874, 0.4734, 0.7538, 0.2659, 0.3816, 0.5078,
        0.3494, 0.5294, 0.3162, 0.5431, 0.4235, 0.9418, 1.2954, 0.1734, 0.1353,
        0.3528, 0.3254, 0.5274, 0.9160, 0.3499, 0.6878, 0.8736, 0.4252, 0.0558])
Target tensorsfor training set: 
tensor([0.5779, 0.2394, 0.8363, 0.7462, 0.7791, 0.2649, 0.7596, 0.0246, 0.0478,
        0.1294, 0.3309, 0.9117, 0.1493, 0.8411, 0.2169, 0.3453, 0.0389, 0.4526,
        0.9621, 0.4654, 0.6846, 0.4341, 0.5564, 0.2916, 0.8556, 0.8391, 0.6577,
        0.7901, 0.5780, 0.8418, 0.5719, 0.7144, 0.5658, 0.6240, 0.6199, 0.6671,
        0.2271, 0.9150, 0.5300, 0.1295, 0.5178, 0.8561, 0.9535, 0.5573, 0.7507,
        0.7270, 0.6992, 0.8728, 0.4818, 0.5783, 0.9492, 0.3174, 0.5187, 0.6465,
        0.4513, 0.7371, 0.3077, 0.5220, 0.4036, 0.9072, 0.9656, 0.1055, 0.0763,
        0.2594, 0.2255, 0.4373, 0.7171, 0.2464, 0.7497, 0.8988, 0.4993, 0.0981])
Correlation for training set: 0.759672434579404
Predicted tensors for test set: 
tensor([0.3413, 0.4557, 0.2991, 0.3872, 0.5003, 0.5685, 0.4210, 0.5619, 0.3096,
        0.4540, 0.4923, 0.5409, 0.4407, 0.6803, 0.4751, 0.5570, 0.5847, 0.5817])
Target tensorsfor test set: 
tensor([0.1360, 0.0636, 0.5023, 0.4440, 0.6576, 0.8453, 0.7950, 0.4640, 0.7125,
        0.4149, 0.9127, 0.3829, 0.6595, 0.1218, 0.8524, 0.7372, 0.5102, 0.9215])
Correlation for test set: 0.04380032041600101
Validation set predictions (100 folds): [tensor([0.4286, 0.4183, 0.4571, 0.5304, 0.4102, 0.4812, 0.5017, 0.5758, 0.3604,
        0.3791, 0.3292, 0.4694, 0.4548, 0.6571, 0.4156, 0.4091, 0.6150, 0.3546]), tensor([0.5004, 0.7544, 0.6657, 0.6776, 0.5150, 0.3140, 0.4938, 0.5381, 0.2707,
        0.6050, 0.7048, 0.5892, 0.3673, 0.4581, 0.6698, 0.4585, 0.6253, 0.5864]), tensor([0.4239, 0.4299, 0.5655, 0.5104, 0.6449, 0.6709, 0.5501, 0.6070, 0.3102,
        0.6127, 0.4313, 0.3843, 0.3489, 0.4152, 0.6002, 0.3519, 0.2958, 0.6136]), tensor([0.4342, 0.7176, 0.4206, 0.8214, 0.7103, 0.3945, 0.4850, 0.7247, 0.5742,
        0.5477, 0.6440, 0.5824, 0.4464, 0.6582, 0.8276, 0.6673, 0.6796, 0.6364]), tensor([0.3413, 0.4557, 0.2991, 0.3872, 0.5003, 0.5685, 0.4210, 0.5619, 0.3096,
        0.4540, 0.4923, 0.5409, 0.4407, 0.6803, 0.4751, 0.5570, 0.5847, 0.5817])]
Validation set targets (100 folds): [tensor([0.5779, 0.2394, 0.8363, 0.7462, 0.7791, 0.2649, 0.7596, 0.0246, 0.0478,
        0.1294, 0.3309, 0.9117, 0.1493, 0.8411, 0.2169, 0.3453, 0.0389, 0.4526]), tensor([0.9621, 0.4654, 0.6846, 0.4341, 0.5564, 0.2916, 0.8556, 0.8391, 0.6577,
        0.7901, 0.5780, 0.8418, 0.5719, 0.7144, 0.5658, 0.6240, 0.6199, 0.6671]), tensor([0.2271, 0.9150, 0.5300, 0.1295, 0.5178, 0.8561, 0.9535, 0.5573, 0.7507,
        0.7270, 0.6992, 0.8728, 0.4818, 0.5783, 0.9492, 0.3174, 0.5187, 0.6465]), tensor([0.4513, 0.7371, 0.3077, 0.5220, 0.4036, 0.9072, 0.9656, 0.1055, 0.0763,
        0.2594, 0.2255, 0.4373, 0.7171, 0.2464, 0.7497, 0.8988, 0.4993, 0.0981]), tensor([0.1360, 0.0636, 0.5023, 0.4440, 0.6576, 0.8453, 0.7950, 0.4640, 0.7125,
        0.4149, 0.9127, 0.3829, 0.6595, 0.1218, 0.8524, 0.7372, 0.5102, 0.9215])]
Time taken: 18190.600171089172 seconds
