DenseNet_hippocampus_65.py
/apps/monai/MONAI0.8.1/lib/python3.9/site-packages/torch/cuda/__init__.py:143: UserWarning: 
NVIDIA B200 with CUDA capability sm_100 is not compatible with the current PyTorch installation.
The current PyTorch install supports CUDA capabilities sm_37 sm_50 sm_60 sm_61 sm_70 sm_75 sm_80 sm_86 compute_37.
If you want to use the NVIDIA B200 GPU with PyTorch, please check the instructions at https://pytorch.org/get-started/locally/

  warnings.warn(incompatible_device_warn.format(device_name, capability, " ".join(arch_list), device_name))
90
Image shape: torch.Size([256, 256, 256])
Label: 0.898762669

Image shape: torch.Size([256, 256, 256])
Label: 0.121809436

Image shape: torch.Size([256, 256, 256])
Label: 0.750732335

Image shape: torch.Size([256, 256, 256])
Label: 0.667105602

Image shape: torch.Size([256, 256, 256])
Label: 0.845253622

Image shape: torch.Size([256, 256, 256])
Label: 0.577850585

Image shape: torch.Size([256, 256, 256])
Label: 0.246363884

Image shape: torch.Size([256, 256, 256])
Label: 0.571907479

Image shape: torch.Size([256, 256, 256])
Label: 0.55641775

Image shape: torch.Size([256, 256, 256])
Label: 0.451287356

Image shape: torch.Size([256, 256, 256])
Label: 0.047813956

Image shape: torch.Size([256, 256, 256])
Label: 0.779103135

Image shape: torch.Size([256, 256, 256])
Label: 0.839077585

Image shape: torch.Size([256, 256, 256])
Label: 0.565846925

Image shape: torch.Size([256, 256, 256])
Label: 0.737192172

Image shape: torch.Size([256, 256, 256])
Label: 0.855579732

Image shape: torch.Size([256, 256, 256])
Label: 0.330926406

Image shape: torch.Size([256, 256, 256])
Label: 0.024634435

Image shape: torch.Size([256, 256, 256])
Label: 0.216921218

Image shape: torch.Size([256, 256, 256])
Label: 0.48182514

Image shape: torch.Size([256, 256, 256])
Label: 0.91273199

Image shape: torch.Size([256, 256, 256])
Label: 0.907159832

Image shape: torch.Size([256, 256, 256])
Label: 0.529961465

Image shape: torch.Size([256, 256, 256])
Label: 0.26490909

Image shape: torch.Size([256, 256, 256])
Label: 0.965645278

Image shape: torch.Size([256, 256, 256])
Label: 0.659493008

Image shape: torch.Size([256, 256, 256])
Label: 0.714356234

Image shape: torch.Size([256, 256, 256])
Label: 0.499347098

Image shape: torch.Size([256, 256, 256])
Label: 0.92154251

Image shape: torch.Size([256, 256, 256])
Label: 0.646490545

Image shape: torch.Size([256, 256, 256])
Label: 0.463984431

Image shape: torch.Size([256, 256, 256])
Label: 0.790096101

Image shape: torch.Size([256, 256, 256])
Label: 0.949166278

Image shape: torch.Size([256, 256, 256])
Label: 0.841767741

Image shape: torch.Size([256, 256, 256])
Label: 0.14931566

Image shape: torch.Size([256, 256, 256])
Label: 0.911671093

Image shape: torch.Size([256, 256, 256])
Label: 0.856107326

Image shape: torch.Size([256, 256, 256])
Label: 0.437273408

Image shape: torch.Size([256, 256, 256])
Label: 0.098052496

Image shape: torch.Size([256, 256, 256])
Label: 0.105524477

Image shape: torch.Size([256, 256, 256])
Label: 0.291630426

Image shape: torch.Size([256, 256, 256])
Label: 0.129485328

Image shape: torch.Size([256, 256, 256])
Label: 0.684642475

Image shape: torch.Size([256, 256, 256])
Label: 0.403550924

Image shape: torch.Size([256, 256, 256])
Label: 0.31742745

Image shape: torch.Size([256, 256, 256])
Label: 0.57804499

Image shape: torch.Size([256, 256, 256])
Label: 0.225463904

Image shape: torch.Size([256, 256, 256])
Label: 0.259369175

Image shape: torch.Size([256, 256, 256])
Label: 0.623989995

Image shape: torch.Size([256, 256, 256])
Label: 0.522016133

Image shape: torch.Size([256, 256, 256])
Label: 0.657691961

Image shape: torch.Size([256, 256, 256])
Label: 0.43409457

Image shape: torch.Size([256, 256, 256])
Label: 0.657623403

Image shape: torch.Size([256, 256, 256])
Label: 0.953465465

Image shape: torch.Size([256, 256, 256])
Label: 0.712524369

Image shape: torch.Size([256, 256, 256])
Label: 0.136048492

Image shape: torch.Size([256, 256, 256])
Label: 0.510151238

Image shape: torch.Size([256, 256, 256])
Label: 0.239393515

Image shape: torch.Size([256, 256, 256])
Label: 0.836265129

Image shape: torch.Size([256, 256, 256])
Label: 0.872805901

Image shape: torch.Size([256, 256, 256])
Label: 0.076332172

Image shape: torch.Size([256, 256, 256])
Label: 0.227116465

Image shape: torch.Size([256, 256, 256])
Label: 0.517802514

Image shape: torch.Size([256, 256, 256])
Label: 0.55726975

Image shape: torch.Size([256, 256, 256])
Label: 0.749740575

Image shape: torch.Size([256, 256, 256])
Label: 0.444012353

Image shape: torch.Size([256, 256, 256])
Label: 0.737099236

Image shape: torch.Size([256, 256, 256])
Label: 0.717144575

Image shape: torch.Size([256, 256, 256])
Label: 0.129379513

Image shape: torch.Size([256, 256, 256])
Label: 0.382857646

Image shape: torch.Size([256, 256, 256])
Label: 0.307667842

Image shape: torch.Size([256, 256, 256])
Label: 0.727035333

Image shape: torch.Size([256, 256, 256])
Label: 0.518716963

Image shape: torch.Size([256, 256, 256])
Label: 0.502254367

Image shape: torch.Size([256, 256, 256])
Label: 0.794978716

Image shape: torch.Size([256, 256, 256])
Label: 0.841130428

Image shape: torch.Size([256, 256, 256])
Label: 0.414935686

Image shape: torch.Size([256, 256, 256])
Label: 0.91498566

Image shape: torch.Size([256, 256, 256])
Label: 0.619874898

Image shape: torch.Size([256, 256, 256])
Label: 0.699213269

Image shape: torch.Size([256, 256, 256])
Label: 0.038874365

Image shape: torch.Size([256, 256, 256])
Label: 0.759624831

Image shape: torch.Size([256, 256, 256])
Label: 0.852431609

Image shape: torch.Size([256, 256, 256])
Label: 0.452638778

Image shape: torch.Size([256, 256, 256])
Label: 0.46544507

Image shape: torch.Size([256, 256, 256])
Label: 0.063583908

Image shape: torch.Size([256, 256, 256])
Label: 0.746225617

Image shape: torch.Size([256, 256, 256])
Label: 0.578327051

Image shape: torch.Size([256, 256, 256])
Label: 0.962135747

Image shape: torch.Size([256, 256, 256])
Label: 0.34531344

18 5
Fold 1
Epoch: 00, Training Loss: 0.1174, Train MSE: 0.1174, r (train): -0.0077, Test MSE: 0.1234, r (test): -0.0617
Epoch: 01, Training Loss: 0.2818, Train MSE: 0.2818, r (train): -0.1957, Test MSE: 0.2876, r (test): -0.1450
Epoch: 02, Training Loss: 0.4632, Train MSE: 0.4632, r (train): 0.5554, Test MSE: 0.4702, r (test): 0.1731
Epoch: 03, Training Loss: 0.4808, Train MSE: 0.4808, r (train): 0.7599, Test MSE: 0.5007, r (test): 0.1471
Epoch: 04, Training Loss: 0.1335, Train MSE: 0.1335, r (train): 0.7627, Test MSE: 0.1640, r (test): 0.2246
Epoch: 05, Training Loss: 1.2180, Train MSE: 1.2180, r (train): 0.6752, Test MSE: 1.3683, r (test): 0.1897
Epoch: 06, Training Loss: 0.0481, Train MSE: 0.0481, r (train): 0.7878, Test MSE: 0.1165, r (test): 0.1594
Epoch: 07, Training Loss: 0.0855, Train MSE: 0.0855, r (train): 0.7792, Test MSE: 0.1282, r (test): 0.2110
Epoch: 08, Training Loss: 0.0526, Train MSE: 0.0526, r (train): 0.7595, Test MSE: 0.1182, r (test): 0.2109
Epoch: 09, Training Loss: 0.1157, Train MSE: 0.1157, r (train): 0.7202, Test MSE: 0.1782, r (test): 0.2187
Epoch: 10, Training Loss: 0.0839, Train MSE: 0.0839, r (train): 0.8306, Test MSE: 0.1779, r (test): 0.0431
Epoch: 11, Training Loss: 0.0278, Train MSE: 0.0278, r (train): 0.8164, Test MSE: 0.0905, r (test): 0.1718
Epoch: 12, Training Loss: 0.0856, Train MSE: 0.0856, r (train): 0.7697, Test MSE: 0.1344, r (test): 0.1991
Epoch: 13, Training Loss: 0.0699, Train MSE: 0.0699, r (train): 0.8503, Test MSE: 0.1510, r (test): 0.0291
Epoch: 14, Training Loss: 0.0237, Train MSE: 0.0237, r (train): 0.8401, Test MSE: 0.0879, r (test): 0.1506
Epoch: 15, Training Loss: 0.0311, Train MSE: 0.0311, r (train): 0.8443, Test MSE: 0.0972, r (test): 0.1021
Epoch: 16, Training Loss: 0.0243, Train MSE: 0.0243, r (train): 0.8435, Test MSE: 0.0909, r (test): 0.0839
Epoch: 17, Training Loss: 0.0234, Train MSE: 0.0234, r (train): 0.8359, Test MSE: 0.0871, r (test): 0.1394
Epoch: 18, Training Loss: 0.0641, Train MSE: 0.0641, r (train): 0.8341, Test MSE: 0.1304, r (test): 0.1227
Epoch: 19, Training Loss: 0.0318, Train MSE: 0.0318, r (train): 0.8392, Test MSE: 0.0956, r (test): 0.1239
Epoch: 20, Training Loss: 0.0209, Train MSE: 0.0209, r (train): 0.8440, Test MSE: 0.0859, r (test): 0.0721
Epoch: 21, Training Loss: 0.0265, Train MSE: 0.0265, r (train): 0.8255, Test MSE: 0.0856, r (test): 0.1197
Epoch: 22, Training Loss: 0.0274, Train MSE: 0.0274, r (train): 0.8168, Test MSE: 0.0907, r (test): 0.1010
Epoch: 23, Training Loss: 0.0835, Train MSE: 0.0835, r (train): 0.8022, Test MSE: 0.1447, r (test): 0.1389
Epoch: 24, Training Loss: 0.0251, Train MSE: 0.0251, r (train): 0.8308, Test MSE: 0.0870, r (test): 0.0965
Epoch: 25, Training Loss: 0.0354, Train MSE: 0.0354, r (train): 0.8104, Test MSE: 0.1002, r (test): 0.1276
Epoch: 26, Training Loss: 0.0300, Train MSE: 0.0300, r (train): 0.8221, Test MSE: 0.0923, r (test): 0.0899
Epoch: 27, Training Loss: 0.0487, Train MSE: 0.0487, r (train): 0.8011, Test MSE: 0.1101, r (test): 0.1286
Epoch: 28, Training Loss: 0.0270, Train MSE: 0.0270, r (train): 0.7902, Test MSE: 0.0884, r (test): 0.0625
Epoch: 29, Training Loss: 0.0299, Train MSE: 0.0299, r (train): 0.7917, Test MSE: 0.0863, r (test): 0.0912
Epoch: 30, Training Loss: 0.0982, Train MSE: 0.0982, r (train): 0.7970, Test MSE: 0.1675, r (test): 0.0899
Epoch: 31, Training Loss: 0.0332, Train MSE: 0.0332, r (train): 0.7773, Test MSE: 0.0943, r (test): 0.0459
Epoch: 32, Training Loss: 0.0322, Train MSE: 0.0322, r (train): 0.7890, Test MSE: 0.0925, r (test): 0.0436
Epoch: 33, Training Loss: 0.0313, Train MSE: 0.0313, r (train): 0.7859, Test MSE: 0.0841, r (test): 0.1703
Epoch: 34, Training Loss: 0.2598, Train MSE: 0.2598, r (train): 0.7883, Test MSE: 0.3401, r (test): -0.0245
Epoch: 35, Training Loss: 0.0247, Train MSE: 0.0247, r (train): 0.8209, Test MSE: 0.0850, r (test): 0.1379
Epoch: 36, Training Loss: 0.0341, Train MSE: 0.0341, r (train): 0.7712, Test MSE: 0.0956, r (test): 0.0966
Epoch: 37, Training Loss: 0.0321, Train MSE: 0.0321, r (train): 0.8114, Test MSE: 0.0990, r (test): -0.0081
Epoch: 38, Training Loss: 0.0754, Train MSE: 0.0754, r (train): 0.8156, Test MSE: 0.1389, r (test): 0.0663
Epoch: 39, Training Loss: 0.0526, Train MSE: 0.0526, r (train): 0.8154, Test MSE: 0.1019, r (test): 0.2278
Epoch: 40, Training Loss: 0.3334, Train MSE: 0.3334, r (train): 0.8179, Test MSE: 0.4184, r (test): -0.0201
Epoch: 41, Training Loss: 0.0237, Train MSE: 0.0237, r (train): 0.8319, Test MSE: 0.0884, r (test): 0.1518
Epoch: 42, Training Loss: 0.0383, Train MSE: 0.0383, r (train): 0.8389, Test MSE: 0.0965, r (test): 0.0941
Epoch: 43, Training Loss: 0.0932, Train MSE: 0.0932, r (train): 0.8466, Test MSE: 0.1495, r (test): 0.1566
Epoch: 44, Training Loss: 0.0220, Train MSE: 0.0220, r (train): 0.8324, Test MSE: 0.0904, r (test): 0.0634
Epoch: 45, Training Loss: 0.0227, Train MSE: 0.0227, r (train): 0.8280, Test MSE: 0.0846, r (test): 0.0782
Epoch: 46, Training Loss: 0.0321, Train MSE: 0.0321, r (train): 0.8089, Test MSE: 0.0945, r (test): 0.0729
Epoch: 47, Training Loss: 0.0349, Train MSE: 0.0349, r (train): 0.7720, Test MSE: 0.0908, r (test): 0.1340
Epoch: 48, Training Loss: 0.0335, Train MSE: 0.0335, r (train): 0.7608, Test MSE: 0.0858, r (test): 0.1176
Epoch: 49, Training Loss: 0.0348, Train MSE: 0.0348, r (train): 0.7570, Test MSE: 0.0890, r (test): 0.0798
Epoch: 50, Training Loss: 0.1568, Train MSE: 0.1568, r (train): 0.7822, Test MSE: 0.2321, r (test): 0.0287
Epoch: 51, Training Loss: 0.0978, Train MSE: 0.0978, r (train): 0.8324, Test MSE: 0.1733, r (test): 0.1320
Epoch: 52, Training Loss: 0.0318, Train MSE: 0.0318, r (train): 0.8284, Test MSE: 0.0902, r (test): 0.1065
Epoch: 53, Training Loss: 0.0204, Train MSE: 0.0204, r (train): 0.8539, Test MSE: 0.0887, r (test): 0.0974
Epoch: 54, Training Loss: 0.0365, Train MSE: 0.0365, r (train): 0.8395, Test MSE: 0.1013, r (test): 0.0425
Epoch: 55, Training Loss: 0.0250, Train MSE: 0.0250, r (train): 0.8160, Test MSE: 0.0869, r (test): 0.1347
Epoch: 56, Training Loss: 0.0427, Train MSE: 0.0427, r (train): 0.7956, Test MSE: 0.0957, r (test): 0.1099
Epoch: 57, Training Loss: 0.1101, Train MSE: 0.1101, r (train): 0.7837, Test MSE: 0.1761, r (test): 0.0624
Epoch: 58, Training Loss: 0.0825, Train MSE: 0.0825, r (train): 0.8184, Test MSE: 0.1415, r (test): 0.1483
Epoch: 59, Training Loss: 0.0544, Train MSE: 0.0544, r (train): 0.8787, Test MSE: 0.1154, r (test): 0.0899
Epoch: 60, Training Loss: 0.0259, Train MSE: 0.0259, r (train): 0.8581, Test MSE: 0.0899, r (test): 0.1202
Epoch: 61, Training Loss: 0.0196, Train MSE: 0.0196, r (train): 0.8535, Test MSE: 0.0889, r (test): 0.0772
Epoch: 62, Training Loss: 0.0261, Train MSE: 0.0261, r (train): 0.8024, Test MSE: 0.0852, r (test): 0.1019
Epoch: 63, Training Loss: 0.0831, Train MSE: 0.0831, r (train): 0.7845, Test MSE: 0.1395, r (test): 0.0851
Epoch: 64, Training Loss: 0.0181, Train MSE: 0.0181, r (train): 0.8635, Test MSE: 0.0888, r (test): 0.1070
Epoch: 65, Training Loss: 0.0241, Train MSE: 0.0241, r (train): 0.8658, Test MSE: 0.0968, r (test): 0.1002
Epoch: 66, Training Loss: 0.0217, Train MSE: 0.0217, r (train): 0.8405, Test MSE: 0.0869, r (test): 0.0793
Epoch: 67, Training Loss: 0.0296, Train MSE: 0.0296, r (train): 0.7845, Test MSE: 0.0879, r (test): 0.0968
Epoch: 68, Training Loss: 0.0584, Train MSE: 0.0584, r (train): 0.7942, Test MSE: 0.1167, r (test): 0.0844
Epoch: 69, Training Loss: 0.0303, Train MSE: 0.0303, r (train): 0.8615, Test MSE: 0.0971, r (test): 0.0610
Epoch: 70, Training Loss: 0.0875, Train MSE: 0.0875, r (train): 0.8382, Test MSE: 0.1656, r (test): 0.1784
Epoch: 71, Training Loss: 0.4958, Train MSE: 0.4958, r (train): 0.7966, Test MSE: 0.5583, r (test): 0.0554
Epoch: 72, Training Loss: 0.0799, Train MSE: 0.0799, r (train): 0.8270, Test MSE: 0.1495, r (test): 0.0298
Epoch: 73, Training Loss: 0.0720, Train MSE: 0.0720, r (train): 0.7653, Test MSE: 0.1409, r (test): 0.0268
Epoch: 74, Training Loss: 0.0646, Train MSE: 0.0646, r (train): 0.8487, Test MSE: 0.1396, r (test): 0.1665
Epoch: 75, Training Loss: 0.0256, Train MSE: 0.0256, r (train): 0.8507, Test MSE: 0.1007, r (test): 0.1539
Epoch: 76, Training Loss: 0.0210, Train MSE: 0.0210, r (train): 0.8511, Test MSE: 0.0896, r (test): 0.0387
Epoch: 77, Training Loss: 0.0878, Train MSE: 0.0878, r (train): 0.8234, Test MSE: 0.1554, r (test): 0.0047
Epoch: 78, Training Loss: 0.0296, Train MSE: 0.0296, r (train): 0.7992, Test MSE: 0.0907, r (test): 0.1069
Epoch: 79, Training Loss: 0.0223, Train MSE: 0.0223, r (train): 0.8555, Test MSE: 0.0915, r (test): 0.1404
Epoch: 80, Training Loss: 0.0259, Train MSE: 0.0259, r (train): 0.8713, Test MSE: 0.0913, r (test): 0.0714
Epoch: 81, Training Loss: 0.2108, Train MSE: 0.2108, r (train): 0.8082, Test MSE: 0.2701, r (test): 0.2347
Epoch: 82, Training Loss: 0.2393, Train MSE: 0.2393, r (train): 0.7873, Test MSE: 0.2765, r (test): 0.0926
Epoch: 83, Training Loss: 0.2391, Train MSE: 0.2391, r (train): 0.8105, Test MSE: 0.2994, r (test): 0.0731
Epoch: 84, Training Loss: 0.0523, Train MSE: 0.0523, r (train): 0.8571, Test MSE: 0.1202, r (test): 0.0760
Epoch: 85, Training Loss: 0.1018, Train MSE: 0.1018, r (train): 0.8389, Test MSE: 0.1861, r (test): 0.2031
Epoch: 86, Training Loss: 0.0421, Train MSE: 0.0421, r (train): 0.8186, Test MSE: 0.1109, r (test): 0.1280
Epoch: 87, Training Loss: 0.0292, Train MSE: 0.0292, r (train): 0.8104, Test MSE: 0.0915, r (test): 0.0418
Epoch: 88, Training Loss: 0.1310, Train MSE: 0.1310, r (train): 0.7931, Test MSE: 0.1934, r (test): 0.0053
Epoch: 89, Training Loss: 0.0344, Train MSE: 0.0344, r (train): 0.8558, Test MSE: 0.1008, r (test): 0.0785
Epoch: 90, Training Loss: 0.0415, Train MSE: 0.0415, r (train): 0.8442, Test MSE: 0.1158, r (test): 0.1354
Epoch: 91, Training Loss: 0.0830, Train MSE: 0.0830, r (train): 0.8069, Test MSE: 0.1506, r (test): 0.1449
Epoch: 92, Training Loss: 0.0350, Train MSE: 0.0350, r (train): 0.8094, Test MSE: 0.0936, r (test): 0.0583
Epoch: 93, Training Loss: 0.1309, Train MSE: 0.1309, r (train): 0.8355, Test MSE: 0.1869, r (test): 0.0431
Epoch: 94, Training Loss: 0.0382, Train MSE: 0.0382, r (train): 0.8736, Test MSE: 0.1036, r (test): 0.0788
Epoch: 95, Training Loss: 0.1070, Train MSE: 0.1070, r (train): 0.8230, Test MSE: 0.1743, r (test): 0.1724
Epoch: 96, Training Loss: 0.0872, Train MSE: 0.0872, r (train): 0.7894, Test MSE: 0.1568, r (test): 0.1646
Epoch: 97, Training Loss: 0.0382, Train MSE: 0.0382, r (train): 0.8007, Test MSE: 0.0914, r (test): 0.1116
Epoch: 98, Training Loss: 0.3509, Train MSE: 0.3509, r (train): 0.8354, Test MSE: 0.4035, r (test): 0.0281
Epoch: 99, Training Loss: 0.0724, Train MSE: 0.0724, r (train): 0.8571, Test MSE: 0.1266, r (test): 0.1079
Predicted tensors for training set: 
tensor([0.3065, 0.6859, 1.3616, 1.2225, 0.5431, 0.2573, 0.9449, 0.6251, 0.8230,
        0.5660, 1.2354, 0.8146, 0.5341, 0.9195, 1.0050, 0.8047, 0.2919, 1.2593,
        1.1724, 0.6324, 0.4669, 0.6098, 0.8635, 0.6761, 1.0996, 0.8026, 0.6301,
        0.8817, 0.4683, 0.6932, 1.0602, 0.8460, 0.8525, 0.4973, 0.9027, 1.3104,
        1.1600, 0.4988, 1.0163, 0.5821, 0.9968, 1.0350, 0.1940, 0.4041, 0.6289,
        0.6452, 1.0131, 0.4789, 0.9961, 0.9451, 0.3245, 0.5818, 0.4302, 0.8469,
        0.6131, 0.6284, 0.9788, 0.9865, 0.5224, 0.9892, 0.9013, 0.9672, 0.2380,
        1.0557, 1.2911, 0.8376, 0.8359, 0.3727, 0.8798, 0.6581, 1.0404, 0.4024])
Target tensorsfor training set: 
tensor([0.2169, 0.4818, 0.9127, 0.9072, 0.5300, 0.2649, 0.9656, 0.6595, 0.7144,
        0.4993, 0.9215, 0.6465, 0.4640, 0.7901, 0.9492, 0.8418, 0.1493, 0.9117,
        0.8561, 0.4373, 0.0981, 0.1055, 0.2916, 0.1295, 0.6846, 0.4036, 0.3174,
        0.5780, 0.2255, 0.2594, 0.6240, 0.5220, 0.6577, 0.4341, 0.6576, 0.9535,
        0.7125, 0.1360, 0.5102, 0.2394, 0.8363, 0.8728, 0.0763, 0.2271, 0.5178,
        0.5573, 0.7497, 0.4440, 0.7371, 0.7171, 0.1294, 0.3829, 0.3077, 0.7270,
        0.5187, 0.5023, 0.7950, 0.8411, 0.4149, 0.9150, 0.6199, 0.6992, 0.0389,
        0.7596, 0.8524, 0.4526, 0.4654, 0.0636, 0.7462, 0.5783, 0.9621, 0.3453])
Correlation for training set: 0.8570965438165657
Predicted tensors for test set: 
tensor([0.6448, 0.6272, 0.8340, 0.6906, 1.0171, 0.9813, 0.6511, 0.8049, 0.7029,
        0.6388, 0.5378, 0.8029, 0.5956, 0.9729, 0.7049, 0.4787, 0.5510, 0.9338])
Target tensorsfor test set: 
tensor([0.8988, 0.1218, 0.7507, 0.6671, 0.8453, 0.5779, 0.2464, 0.5719, 0.5564,
        0.4513, 0.0478, 0.7791, 0.8391, 0.5658, 0.7372, 0.8556, 0.3309, 0.0246])
Correlation for test set: 0.10789482975292765
18 5
Fold 2
Epoch: 00, Training Loss: 0.0802, Train MSE: 0.0802, r (train): -0.2336, Test MSE: 0.1237, r (test): -0.2532
Epoch: 01, Training Loss: 0.2442, Train MSE: 0.2442, r (train): 0.1755, Test MSE: 0.3737, r (test): -0.0918
Epoch: 02, Training Loss: 0.3838, Train MSE: 0.3838, r (train): 0.5495, Test MSE: 0.5549, r (test): 0.0680
Epoch: 03, Training Loss: 0.4523, Train MSE: 0.4523, r (train): 0.6689, Test MSE: 0.6555, r (test): 0.1025
Epoch: 04, Training Loss: 0.0414, Train MSE: 0.0414, r (train): 0.6823, Test MSE: 0.1371, r (test): 0.0920
Epoch: 05, Training Loss: 0.0397, Train MSE: 0.0397, r (train): 0.7422, Test MSE: 0.1423, r (test): 0.1907
Epoch: 06, Training Loss: 0.0820, Train MSE: 0.0820, r (train): 0.6270, Test MSE: 0.0779, r (test): 0.0959
Epoch: 07, Training Loss: 0.0440, Train MSE: 0.0440, r (train): 0.8057, Test MSE: 0.0827, r (test): 0.0626
Epoch: 08, Training Loss: 0.1904, Train MSE: 0.1904, r (train): 0.7879, Test MSE: 0.1223, r (test): 0.1581
Epoch: 09, Training Loss: 0.4464, Train MSE: 0.4464, r (train): 0.7717, Test MSE: 0.3203, r (test): -0.0390
Epoch: 10, Training Loss: 0.0924, Train MSE: 0.0924, r (train): 0.7682, Test MSE: 0.2569, r (test): -0.0503
Epoch: 11, Training Loss: 0.0532, Train MSE: 0.0532, r (train): 0.7361, Test MSE: 0.1770, r (test): 0.1565
Epoch: 12, Training Loss: 0.0243, Train MSE: 0.0243, r (train): 0.8217, Test MSE: 0.1009, r (test): -0.1307
Epoch: 13, Training Loss: 0.0725, Train MSE: 0.0725, r (train): 0.7838, Test MSE: 0.2143, r (test): 0.1313
Epoch: 14, Training Loss: 0.0469, Train MSE: 0.0469, r (train): 0.8191, Test MSE: 0.1836, r (test): -0.0082
Epoch: 15, Training Loss: 0.0279, Train MSE: 0.0279, r (train): 0.8259, Test MSE: 0.0919, r (test): 0.0155
Epoch: 16, Training Loss: 0.0456, Train MSE: 0.0456, r (train): 0.8034, Test MSE: 0.1818, r (test): 0.0579
Epoch: 17, Training Loss: 0.0271, Train MSE: 0.0271, r (train): 0.8239, Test MSE: 0.1348, r (test): 0.0103
Epoch: 18, Training Loss: 0.0236, Train MSE: 0.0236, r (train): 0.8174, Test MSE: 0.1161, r (test): 0.0342
Epoch: 19, Training Loss: 0.0360, Train MSE: 0.0360, r (train): 0.7960, Test MSE: 0.1564, r (test): 0.0358
Epoch: 20, Training Loss: 0.0379, Train MSE: 0.0379, r (train): 0.8012, Test MSE: 0.1641, r (test): 0.0016
Epoch: 21, Training Loss: 0.0273, Train MSE: 0.0273, r (train): 0.8016, Test MSE: 0.1247, r (test): 0.0847
Epoch: 22, Training Loss: 0.0269, Train MSE: 0.0269, r (train): 0.7841, Test MSE: 0.1083, r (test): 0.0381
Epoch: 23, Training Loss: 0.0475, Train MSE: 0.0475, r (train): 0.7494, Test MSE: 0.1743, r (test): -0.1342
Epoch: 24, Training Loss: 0.0975, Train MSE: 0.0975, r (train): 0.7725, Test MSE: 0.0946, r (test): 0.0863
Epoch: 25, Training Loss: 0.0268, Train MSE: 0.0268, r (train): 0.7879, Test MSE: 0.1136, r (test): 0.0745
Epoch: 26, Training Loss: 0.0334, Train MSE: 0.0334, r (train): 0.7765, Test MSE: 0.1404, r (test): -0.0054
Epoch: 27, Training Loss: 0.0386, Train MSE: 0.0386, r (train): 0.7296, Test MSE: 0.1478, r (test): -0.0138
Epoch: 28, Training Loss: 0.0471, Train MSE: 0.0471, r (train): 0.7425, Test MSE: 0.1775, r (test): -0.1054
Epoch: 29, Training Loss: 0.0692, Train MSE: 0.0692, r (train): 0.7477, Test MSE: 0.0849, r (test): 0.0526
Epoch: 30, Training Loss: 0.0509, Train MSE: 0.0509, r (train): 0.7406, Test MSE: 0.0850, r (test): -0.0568
Epoch: 31, Training Loss: 0.0378, Train MSE: 0.0378, r (train): 0.7656, Test MSE: 0.0880, r (test): -0.0509
Epoch: 32, Training Loss: 0.0299, Train MSE: 0.0299, r (train): 0.7603, Test MSE: 0.1169, r (test): 0.0599
Epoch: 33, Training Loss: 0.5760, Train MSE: 0.5760, r (train): 0.7828, Test MSE: 0.3841, r (test): -0.0395
Epoch: 34, Training Loss: 0.0477, Train MSE: 0.0477, r (train): 0.7936, Test MSE: 0.1720, r (test): 0.0910
Epoch: 35, Training Loss: 0.0290, Train MSE: 0.0290, r (train): 0.7757, Test MSE: 0.1110, r (test): 0.1158
Epoch: 36, Training Loss: 0.0511, Train MSE: 0.0511, r (train): 0.8087, Test MSE: 0.0798, r (test): -0.0543
Epoch: 37, Training Loss: 0.0310, Train MSE: 0.0310, r (train): 0.7765, Test MSE: 0.1329, r (test): -0.0861
Epoch: 38, Training Loss: 0.0535, Train MSE: 0.0535, r (train): 0.6963, Test MSE: 0.1709, r (test): 0.0925
Epoch: 39, Training Loss: 0.1703, Train MSE: 0.1703, r (train): 0.7516, Test MSE: 0.1284, r (test): -0.1106
Epoch: 40, Training Loss: 0.0943, Train MSE: 0.0943, r (train): 0.7232, Test MSE: 0.2493, r (test): 0.1028
Epoch: 41, Training Loss: 0.0509, Train MSE: 0.0509, r (train): 0.7666, Test MSE: 0.0824, r (test): -0.0089
Epoch: 42, Training Loss: 0.0432, Train MSE: 0.0432, r (train): 0.8006, Test MSE: 0.0816, r (test): -0.0830
Epoch: 43, Training Loss: 0.0400, Train MSE: 0.0400, r (train): 0.7959, Test MSE: 0.0784, r (test): 0.1000
Epoch: 44, Training Loss: 0.0427, Train MSE: 0.0427, r (train): 0.8083, Test MSE: 0.0841, r (test): -0.0106
Epoch: 45, Training Loss: 0.0281, Train MSE: 0.0281, r (train): 0.7961, Test MSE: 0.0903, r (test): 0.0625
Epoch: 46, Training Loss: 0.0329, Train MSE: 0.0329, r (train): 0.7733, Test MSE: 0.1326, r (test): 0.0750
Epoch: 47, Training Loss: 0.0331, Train MSE: 0.0331, r (train): 0.7672, Test MSE: 0.1363, r (test): -0.0815
Epoch: 48, Training Loss: 0.0571, Train MSE: 0.0571, r (train): 0.7469, Test MSE: 0.0850, r (test): 0.0239
Epoch: 49, Training Loss: 0.0390, Train MSE: 0.0390, r (train): 0.7669, Test MSE: 0.0894, r (test): -0.0063
Epoch: 50, Training Loss: 0.0519, Train MSE: 0.0519, r (train): 0.8065, Test MSE: 0.0754, r (test): 0.0573
Epoch: 51, Training Loss: 0.0309, Train MSE: 0.0309, r (train): 0.7747, Test MSE: 0.0921, r (test): 0.1860
Epoch: 52, Training Loss: 0.4651, Train MSE: 0.4651, r (train): 0.8016, Test MSE: 0.3263, r (test): -0.0162
Epoch: 53, Training Loss: 0.0428, Train MSE: 0.0428, r (train): 0.7727, Test MSE: 0.1703, r (test): 0.0572
Epoch: 54, Training Loss: 0.0313, Train MSE: 0.0313, r (train): 0.7645, Test MSE: 0.1043, r (test): 0.0706
Epoch: 55, Training Loss: 0.0295, Train MSE: 0.0295, r (train): 0.7648, Test MSE: 0.0992, r (test): -0.0353
Epoch: 56, Training Loss: 0.0339, Train MSE: 0.0339, r (train): 0.7939, Test MSE: 0.0837, r (test): 0.0256
Epoch: 57, Training Loss: 0.0283, Train MSE: 0.0283, r (train): 0.8011, Test MSE: 0.0932, r (test): 0.0295
Epoch: 58, Training Loss: 0.0411, Train MSE: 0.0411, r (train): 0.8001, Test MSE: 0.0858, r (test): 0.0133
Epoch: 59, Training Loss: 0.0286, Train MSE: 0.0286, r (train): 0.7945, Test MSE: 0.0900, r (test): 0.0523
Epoch: 60, Training Loss: 0.0323, Train MSE: 0.0323, r (train): 0.7516, Test MSE: 0.1296, r (test): -0.0902
Epoch: 61, Training Loss: 0.0373, Train MSE: 0.0373, r (train): 0.7457, Test MSE: 0.1484, r (test): 0.0106
Epoch: 62, Training Loss: 0.0613, Train MSE: 0.0613, r (train): 0.7753, Test MSE: 0.0806, r (test): -0.0046
Epoch: 63, Training Loss: 0.1838, Train MSE: 0.1838, r (train): 0.8171, Test MSE: 0.1264, r (test): 0.0740
Epoch: 64, Training Loss: 0.0751, Train MSE: 0.0751, r (train): 0.7232, Test MSE: 0.1970, r (test): 0.1539
Epoch: 65, Training Loss: 0.0498, Train MSE: 0.0498, r (train): 0.7937, Test MSE: 0.0882, r (test): -0.0279
Epoch: 66, Training Loss: 0.0328, Train MSE: 0.0328, r (train): 0.7538, Test MSE: 0.1304, r (test): 0.0251
Epoch: 67, Training Loss: 0.0326, Train MSE: 0.0326, r (train): 0.7809, Test MSE: 0.0874, r (test): 0.0206
Epoch: 68, Training Loss: 0.1632, Train MSE: 0.1632, r (train): 0.8155, Test MSE: 0.1228, r (test): -0.0263
Epoch: 69, Training Loss: 0.0283, Train MSE: 0.0283, r (train): 0.7852, Test MSE: 0.1285, r (test): 0.0046
Epoch: 70, Training Loss: 0.0281, Train MSE: 0.0281, r (train): 0.7910, Test MSE: 0.1293, r (test): 0.0244
Epoch: 71, Training Loss: 0.0261, Train MSE: 0.0261, r (train): 0.7921, Test MSE: 0.1087, r (test): 0.0000
Epoch: 72, Training Loss: 0.0298, Train MSE: 0.0298, r (train): 0.7641, Test MSE: 0.1136, r (test): 0.0228
Epoch: 73, Training Loss: 0.0513, Train MSE: 0.0513, r (train): 0.8055, Test MSE: 0.0804, r (test): 0.0093
Epoch: 74, Training Loss: 0.0683, Train MSE: 0.0683, r (train): 0.8202, Test MSE: 0.0752, r (test): 0.0717
Epoch: 75, Training Loss: 0.0288, Train MSE: 0.0288, r (train): 0.7830, Test MSE: 0.0898, r (test): 0.0848
Epoch: 76, Training Loss: 0.2002, Train MSE: 0.2002, r (train): 0.6819, Test MSE: 0.4053, r (test): 0.0036
Epoch: 77, Training Loss: 0.1292, Train MSE: 0.1292, r (train): 0.7428, Test MSE: 0.1030, r (test): 0.0183
Epoch: 78, Training Loss: 0.0819, Train MSE: 0.0819, r (train): 0.7820, Test MSE: 0.0819, r (test): -0.0216
Epoch: 79, Training Loss: 0.1980, Train MSE: 0.1980, r (train): 0.8183, Test MSE: 0.1453, r (test): -0.0086
Epoch: 80, Training Loss: 0.0258, Train MSE: 0.0258, r (train): 0.8042, Test MSE: 0.1207, r (test): 0.0984
Epoch: 81, Training Loss: 0.0732, Train MSE: 0.0732, r (train): 0.7426, Test MSE: 0.2219, r (test): 0.0297
Epoch: 82, Training Loss: 0.0426, Train MSE: 0.0426, r (train): 0.7484, Test MSE: 0.1601, r (test): -0.0145
Epoch: 83, Training Loss: 0.0435, Train MSE: 0.0435, r (train): 0.7687, Test MSE: 0.1613, r (test): 0.0723
Epoch: 84, Training Loss: 0.3611, Train MSE: 0.3611, r (train): 0.8151, Test MSE: 0.2454, r (test): 0.0107
Epoch: 85, Training Loss: 0.0303, Train MSE: 0.0303, r (train): 0.8023, Test MSE: 0.0935, r (test): -0.0403
Epoch: 86, Training Loss: 0.0445, Train MSE: 0.0445, r (train): 0.7660, Test MSE: 0.1714, r (test): 0.0316
Epoch: 87, Training Loss: 0.0527, Train MSE: 0.0527, r (train): 0.7160, Test MSE: 0.1825, r (test): -0.0199
Epoch: 88, Training Loss: 0.0444, Train MSE: 0.0444, r (train): 0.7692, Test MSE: 0.1725, r (test): 0.0064
Epoch: 89, Training Loss: 0.3796, Train MSE: 0.3796, r (train): 0.8140, Test MSE: 0.2595, r (test): 0.0884
Epoch: 90, Training Loss: 0.0545, Train MSE: 0.0545, r (train): 0.8112, Test MSE: 0.0801, r (test): -0.0863
Epoch: 91, Training Loss: 0.0594, Train MSE: 0.0594, r (train): 0.7579, Test MSE: 0.2035, r (test): 0.0050
Epoch: 92, Training Loss: 0.0453, Train MSE: 0.0453, r (train): 0.7287, Test MSE: 0.0974, r (test): -0.0208
Epoch: 93, Training Loss: 0.0708, Train MSE: 0.0708, r (train): 0.7716, Test MSE: 0.2228, r (test): 0.0026
Epoch: 94, Training Loss: 0.1689, Train MSE: 0.1689, r (train): 0.8269, Test MSE: 0.1292, r (test): 0.0728
Epoch: 95, Training Loss: 0.1288, Train MSE: 0.1288, r (train): 0.8098, Test MSE: 0.1078, r (test): -0.0908
Epoch: 96, Training Loss: 0.0386, Train MSE: 0.0386, r (train): 0.7449, Test MSE: 0.1541, r (test): 0.0103
Epoch: 97, Training Loss: 0.0322, Train MSE: 0.0322, r (train): 0.7440, Test MSE: 0.1200, r (test): 0.0276
Epoch: 98, Training Loss: 0.0260, Train MSE: 0.0260, r (train): 0.7921, Test MSE: 0.1083, r (test): 0.0121
Epoch: 99, Training Loss: 0.1273, Train MSE: 0.1273, r (train): 0.8243, Test MSE: 0.1053, r (test): -0.0124
Predicted tensors for training set: 
tensor([1.1196, 0.3891, 0.8911, 0.9610, 1.2505, 0.8801, 0.5509, 1.0300, 1.0242,
        0.7785, 0.4999, 1.1070, 0.8711, 0.6956, 0.8308, 0.9516, 0.8107, 0.5591,
        1.3145, 0.8723, 0.6704, 0.7580, 0.9058, 0.7578, 1.0515, 0.9019, 0.7709,
        1.0654, 0.7554, 0.7022, 1.0280, 0.9706, 0.9017, 0.7927, 0.8504, 1.0272,
        1.1438, 0.6906, 0.9111, 0.8195, 1.0832, 1.1325, 0.3865, 0.5228, 0.8418,
        0.7814, 0.9939, 0.6773, 1.0400, 0.9757, 0.4705, 0.7253, 0.6780, 0.8931,
        0.7776, 0.7451, 0.8961, 0.9106, 0.5687, 0.9294, 0.8919, 0.8748, 0.2670,
        0.9895, 1.3202, 0.8502, 0.8896, 0.4075, 0.9686, 0.7833, 1.1362, 0.6081])
Target tensorsfor training set: 
tensor([0.8988, 0.1218, 0.7507, 0.6671, 0.8453, 0.5779, 0.2464, 0.5719, 0.5564,
        0.4513, 0.0478, 0.7791, 0.8391, 0.5658, 0.7372, 0.8556, 0.3309, 0.0246,
        0.8561, 0.4373, 0.0981, 0.1055, 0.2916, 0.1295, 0.6846, 0.4036, 0.3174,
        0.5780, 0.2255, 0.2594, 0.6240, 0.5220, 0.6577, 0.4341, 0.6576, 0.9535,
        0.7125, 0.1360, 0.5102, 0.2394, 0.8363, 0.8728, 0.0763, 0.2271, 0.5178,
        0.5573, 0.7497, 0.4440, 0.7371, 0.7171, 0.1294, 0.3829, 0.3077, 0.7270,
        0.5187, 0.5023, 0.7950, 0.8411, 0.4149, 0.9150, 0.6199, 0.6992, 0.0389,
        0.7596, 0.8524, 0.4526, 0.4654, 0.0636, 0.7462, 0.5783, 0.9621, 0.3453])
Correlation for training set: 0.8242928988887571
Predicted tensors for test set: 
tensor([0.8762, 0.8280, 0.9596, 0.5915, 0.8345, 0.6144, 0.7085, 0.8970, 0.9991,
        0.9135, 0.8636, 0.7492, 0.8826, 0.7593, 0.7325, 0.8378, 0.7910, 0.8858])
Target tensorsfor test set: 
tensor([0.2169, 0.4818, 0.9127, 0.9072, 0.5300, 0.2649, 0.9656, 0.6595, 0.7144,
        0.4993, 0.9215, 0.6465, 0.4640, 0.7901, 0.9492, 0.8418, 0.1493, 0.9117])
Correlation for test set: -0.012442642760709577
18 5
Fold 3
Epoch: 00, Training Loss: 0.1174, Train MSE: 0.1174, r (train): -0.2487, Test MSE: 0.0702, r (test): -0.5195
Epoch: 01, Training Loss: 0.2442, Train MSE: 0.2442, r (train): -0.2046, Test MSE: 0.1511, r (test): -0.4927
Epoch: 02, Training Loss: 0.4170, Train MSE: 0.4170, r (train): 0.5597, Test MSE: 0.2839, r (test): 0.4575
Epoch: 03, Training Loss: 0.1992, Train MSE: 0.1992, r (train): 0.7246, Test MSE: 0.1188, r (test): 0.5226
Epoch: 04, Training Loss: 0.6003, Train MSE: 0.6003, r (train): 0.6468, Test MSE: 0.8778, r (test): 0.4828
Epoch: 05, Training Loss: 0.1013, Train MSE: 0.1013, r (train): 0.6931, Test MSE: 0.0556, r (test): 0.6468
Epoch: 06, Training Loss: 0.1792, Train MSE: 0.1792, r (train): 0.7673, Test MSE: 0.3052, r (test): 0.5088
Epoch: 07, Training Loss: 0.1312, Train MSE: 0.1312, r (train): 0.7346, Test MSE: 0.2519, r (test): 0.4572
Epoch: 08, Training Loss: 0.6520, Train MSE: 0.6520, r (train): 0.7090, Test MSE: 0.9142, r (test): 0.5327
Epoch: 09, Training Loss: 0.0370, Train MSE: 0.0370, r (train): 0.7439, Test MSE: 0.0683, r (test): 0.5396
Epoch: 10, Training Loss: 0.0482, Train MSE: 0.0482, r (train): 0.7571, Test MSE: 0.0570, r (test): 0.3089
Epoch: 11, Training Loss: 0.0751, Train MSE: 0.0751, r (train): 0.7776, Test MSE: 0.0514, r (test): 0.5216
Epoch: 12, Training Loss: 0.0341, Train MSE: 0.0341, r (train): 0.7935, Test MSE: 0.0449, r (test): 0.5233
Epoch: 13, Training Loss: 0.0516, Train MSE: 0.0516, r (train): 0.8016, Test MSE: 0.1338, r (test): 0.4571
Epoch: 14, Training Loss: 0.0270, Train MSE: 0.0270, r (train): 0.8058, Test MSE: 0.0726, r (test): 0.4694
Epoch: 15, Training Loss: 0.0585, Train MSE: 0.0585, r (train): 0.7796, Test MSE: 0.0498, r (test): 0.4799
Epoch: 16, Training Loss: 0.0318, Train MSE: 0.0318, r (train): 0.7827, Test MSE: 0.0588, r (test): 0.4143
Epoch: 17, Training Loss: 0.0518, Train MSE: 0.0518, r (train): 0.7539, Test MSE: 0.0500, r (test): 0.4257
Epoch: 18, Training Loss: 0.0437, Train MSE: 0.0437, r (train): 0.7517, Test MSE: 0.0433, r (test): 0.5487
Epoch: 19, Training Loss: 0.0428, Train MSE: 0.0428, r (train): 0.7456, Test MSE: 0.0462, r (test): 0.5168
Epoch: 20, Training Loss: 0.0650, Train MSE: 0.0650, r (train): 0.7219, Test MSE: 0.1245, r (test): 0.5898
Epoch: 21, Training Loss: 0.4381, Train MSE: 0.4381, r (train): 0.7317, Test MSE: 0.5986, r (test): 0.3022
Epoch: 22, Training Loss: 0.0382, Train MSE: 0.0382, r (train): 0.7225, Test MSE: 0.0651, r (test): 0.4319
Epoch: 23, Training Loss: 0.1136, Train MSE: 0.1136, r (train): 0.6800, Test MSE: 0.0758, r (test): 0.4995
Epoch: 24, Training Loss: 0.1135, Train MSE: 0.1135, r (train): 0.7419, Test MSE: 0.2066, r (test): 0.2809
Epoch: 25, Training Loss: 0.0548, Train MSE: 0.0548, r (train): 0.7123, Test MSE: 0.0431, r (test): 0.5472
Epoch: 26, Training Loss: 0.0748, Train MSE: 0.0748, r (train): 0.6858, Test MSE: 0.0534, r (test): 0.5537
Epoch: 27, Training Loss: 0.1334, Train MSE: 0.1334, r (train): 0.7711, Test MSE: 0.2307, r (test): 0.5162
Epoch: 28, Training Loss: 0.0361, Train MSE: 0.0361, r (train): 0.7391, Test MSE: 0.0613, r (test): 0.5694
Epoch: 29, Training Loss: 0.0327, Train MSE: 0.0327, r (train): 0.7654, Test MSE: 0.0513, r (test): 0.4880
Epoch: 30, Training Loss: 0.0412, Train MSE: 0.0412, r (train): 0.7244, Test MSE: 0.0462, r (test): 0.5281
Epoch: 31, Training Loss: 0.0323, Train MSE: 0.0323, r (train): 0.7790, Test MSE: 0.0679, r (test): 0.4434
Epoch: 32, Training Loss: 0.0815, Train MSE: 0.0815, r (train): 0.7041, Test MSE: 0.0540, r (test): 0.6156
Epoch: 33, Training Loss: 1.7309, Train MSE: 1.7309, r (train): 0.7317, Test MSE: 2.0548, r (test): 0.5460
Epoch: 34, Training Loss: 0.2302, Train MSE: 0.2302, r (train): 0.4218, Test MSE: 0.1359, r (test): 0.5679
Epoch: 35, Training Loss: 25.9394, Train MSE: 25.9394, r (train): 0.5861, Test MSE: 26.9648, r (test): 0.5707
Epoch: 36, Training Loss: 0.2175, Train MSE: 0.2175, r (train): 0.5720, Test MSE: 0.1520, r (test): 0.5519
Epoch: 37, Training Loss: 0.2366, Train MSE: 0.2366, r (train): 0.5004, Test MSE: 0.1712, r (test): 0.4861
Epoch: 38, Training Loss: 0.0362, Train MSE: 0.0362, r (train): 0.7457, Test MSE: 0.0541, r (test): 0.3486
Epoch: 39, Training Loss: 0.0507, Train MSE: 0.0507, r (train): 0.7097, Test MSE: 0.0538, r (test): 0.3448
Epoch: 40, Training Loss: 0.0384, Train MSE: 0.0384, r (train): 0.7134, Test MSE: 0.0621, r (test): 0.4441
Epoch: 41, Training Loss: 0.1222, Train MSE: 0.1222, r (train): 0.7441, Test MSE: 0.2070, r (test): 0.3927
Epoch: 42, Training Loss: 0.1045, Train MSE: 0.1045, r (train): 0.6274, Test MSE: 0.0728, r (test): 0.3866
Epoch: 43, Training Loss: 0.0440, Train MSE: 0.0440, r (train): 0.7047, Test MSE: 0.0472, r (test): 0.5232
Epoch: 44, Training Loss: 0.0398, Train MSE: 0.0398, r (train): 0.7305, Test MSE: 0.0704, r (test): 0.5272
Epoch: 45, Training Loss: 0.0379, Train MSE: 0.0379, r (train): 0.7090, Test MSE: 0.0441, r (test): 0.6445
Epoch: 46, Training Loss: 0.0721, Train MSE: 0.0721, r (train): 0.7212, Test MSE: 0.1083, r (test): 0.5408
Epoch: 47, Training Loss: 0.0544, Train MSE: 0.0544, r (train): 0.7017, Test MSE: 0.0521, r (test): 0.3927
Epoch: 48, Training Loss: 0.0374, Train MSE: 0.0374, r (train): 0.7306, Test MSE: 0.0483, r (test): 0.5155
Epoch: 49, Training Loss: 0.0435, Train MSE: 0.0435, r (train): 0.7230, Test MSE: 0.0459, r (test): 0.5230
Epoch: 50, Training Loss: 0.0473, Train MSE: 0.0473, r (train): 0.6754, Test MSE: 0.0440, r (test): 0.5457
Epoch: 51, Training Loss: 0.0706, Train MSE: 0.0706, r (train): 0.7384, Test MSE: 0.1044, r (test): 0.5055
Epoch: 52, Training Loss: 0.1015, Train MSE: 0.1015, r (train): 0.7595, Test MSE: 0.1914, r (test): 0.5432
Epoch: 53, Training Loss: 0.0396, Train MSE: 0.0396, r (train): 0.7431, Test MSE: 0.0726, r (test): 0.4152
Epoch: 54, Training Loss: 0.0400, Train MSE: 0.0400, r (train): 0.7202, Test MSE: 0.0510, r (test): 0.4446
Epoch: 55, Training Loss: 0.0365, Train MSE: 0.0365, r (train): 0.7309, Test MSE: 0.0574, r (test): 0.4963
Epoch: 56, Training Loss: 0.0546, Train MSE: 0.0546, r (train): 0.6952, Test MSE: 0.0477, r (test): 0.5050
Epoch: 57, Training Loss: 0.0431, Train MSE: 0.0431, r (train): 0.7337, Test MSE: 0.0452, r (test): 0.5111
Epoch: 58, Training Loss: 0.0379, Train MSE: 0.0379, r (train): 0.7530, Test MSE: 0.0660, r (test): 0.5007
Epoch: 59, Training Loss: 0.0380, Train MSE: 0.0380, r (train): 0.7505, Test MSE: 0.0718, r (test): 0.5152
Epoch: 60, Training Loss: 0.0384, Train MSE: 0.0384, r (train): 0.7213, Test MSE: 0.0515, r (test): 0.4910
Epoch: 61, Training Loss: 0.0651, Train MSE: 0.0651, r (train): 0.6693, Test MSE: 0.0522, r (test): 0.4762
Epoch: 62, Training Loss: 0.0318, Train MSE: 0.0318, r (train): 0.7639, Test MSE: 0.0517, r (test): 0.5670
Epoch: 63, Training Loss: 0.0373, Train MSE: 0.0373, r (train): 0.7489, Test MSE: 0.0664, r (test): 0.5011
Epoch: 64, Training Loss: 0.0471, Train MSE: 0.0471, r (train): 0.7479, Test MSE: 0.0816, r (test): 0.5258
Epoch: 65, Training Loss: 0.0400, Train MSE: 0.0400, r (train): 0.7246, Test MSE: 0.0614, r (test): 0.4867
Epoch: 66, Training Loss: 0.0426, Train MSE: 0.0426, r (train): 0.7170, Test MSE: 0.0461, r (test): 0.5075
Epoch: 67, Training Loss: 0.0581, Train MSE: 0.0581, r (train): 0.7126, Test MSE: 0.0483, r (test): 0.5200
Epoch: 68, Training Loss: 0.0424, Train MSE: 0.0424, r (train): 0.7254, Test MSE: 0.0470, r (test): 0.4875
Epoch: 69, Training Loss: 0.0479, Train MSE: 0.0479, r (train): 0.7544, Test MSE: 0.0910, r (test): 0.5406
Epoch: 70, Training Loss: 0.0603, Train MSE: 0.0603, r (train): 0.7473, Test MSE: 0.1060, r (test): 0.4971
Epoch: 71, Training Loss: 0.0644, Train MSE: 0.0644, r (train): 0.6706, Test MSE: 0.0512, r (test): 0.4567
Epoch: 72, Training Loss: 0.0478, Train MSE: 0.0478, r (train): 0.7312, Test MSE: 0.0460, r (test): 0.5006
Epoch: 73, Training Loss: 0.0420, Train MSE: 0.0420, r (train): 0.7337, Test MSE: 0.0446, r (test): 0.5360
Epoch: 74, Training Loss: 0.0434, Train MSE: 0.0434, r (train): 0.7377, Test MSE: 0.0675, r (test): 0.5017
Epoch: 75, Training Loss: 0.0475, Train MSE: 0.0475, r (train): 0.7155, Test MSE: 0.0665, r (test): 0.4511
Epoch: 76, Training Loss: 0.0363, Train MSE: 0.0363, r (train): 0.7560, Test MSE: 0.0710, r (test): 0.5279
Epoch: 77, Training Loss: 0.0355, Train MSE: 0.0355, r (train): 0.7412, Test MSE: 0.0567, r (test): 0.4967
Epoch: 78, Training Loss: 0.0664, Train MSE: 0.0664, r (train): 0.6818, Test MSE: 0.0556, r (test): 0.4426
Epoch: 79, Training Loss: 0.0352, Train MSE: 0.0352, r (train): 0.7438, Test MSE: 0.0542, r (test): 0.5533
Epoch: 80, Training Loss: 0.0352, Train MSE: 0.0352, r (train): 0.7504, Test MSE: 0.0627, r (test): 0.5038
Epoch: 81, Training Loss: 0.0467, Train MSE: 0.0467, r (train): 0.7122, Test MSE: 0.0445, r (test): 0.5273
Epoch: 82, Training Loss: 0.0381, Train MSE: 0.0381, r (train): 0.7418, Test MSE: 0.0538, r (test): 0.4715
Epoch: 83, Training Loss: 0.0346, Train MSE: 0.0346, r (train): 0.7520, Test MSE: 0.0485, r (test): 0.5229
Epoch: 84, Training Loss: 0.0362, Train MSE: 0.0362, r (train): 0.7371, Test MSE: 0.0484, r (test): 0.5127
Epoch: 85, Training Loss: 0.0380, Train MSE: 0.0380, r (train): 0.7293, Test MSE: 0.0516, r (test): 0.5021
Epoch: 86, Training Loss: 0.0397, Train MSE: 0.0397, r (train): 0.7464, Test MSE: 0.0641, r (test): 0.5270
Epoch: 87, Training Loss: 0.0319, Train MSE: 0.0319, r (train): 0.7644, Test MSE: 0.0551, r (test): 0.5288
Epoch: 88, Training Loss: 0.0382, Train MSE: 0.0382, r (train): 0.7405, Test MSE: 0.0511, r (test): 0.4743
Epoch: 89, Training Loss: 0.0380, Train MSE: 0.0380, r (train): 0.7357, Test MSE: 0.0489, r (test): 0.4894
Epoch: 90, Training Loss: 0.0333, Train MSE: 0.0333, r (train): 0.7471, Test MSE: 0.0569, r (test): 0.5028
Epoch: 91, Training Loss: 0.0395, Train MSE: 0.0395, r (train): 0.7216, Test MSE: 0.0467, r (test): 0.5228
Epoch: 92, Training Loss: 0.0567, Train MSE: 0.0567, r (train): 0.6880, Test MSE: 0.0506, r (test): 0.4580
Epoch: 93, Training Loss: 0.0315, Train MSE: 0.0315, r (train): 0.7696, Test MSE: 0.0562, r (test): 0.5340
Epoch: 94, Training Loss: 0.0492, Train MSE: 0.0492, r (train): 0.7682, Test MSE: 0.1024, r (test): 0.4900
Epoch: 95, Training Loss: 0.0394, Train MSE: 0.0394, r (train): 0.7253, Test MSE: 0.0494, r (test): 0.4483
Epoch: 96, Training Loss: 0.0376, Train MSE: 0.0376, r (train): 0.7294, Test MSE: 0.0537, r (test): 0.5450
Epoch: 97, Training Loss: 0.0370, Train MSE: 0.0370, r (train): 0.7253, Test MSE: 0.0502, r (test): 0.5081
Epoch: 98, Training Loss: 0.0559, Train MSE: 0.0559, r (train): 0.7155, Test MSE: 0.0474, r (test): 0.5542
Epoch: 99, Training Loss: 0.0414, Train MSE: 0.0414, r (train): 0.7429, Test MSE: 0.0473, r (test): 0.4841
Predicted tensors for training set: 
tensor([ 0.7871,  0.0368,  0.6197,  0.6220,  0.8566,  0.6579,  0.2670,  0.5412,
         0.6968,  0.5802,  0.0548,  0.9841,  0.5442,  0.2705,  0.4049,  0.5073,
         0.8391,  0.1821,  0.4804,  1.1544,  0.6543,  0.6565,  0.2705,  0.0672,
         0.6547,  0.3615,  0.3929,  0.2145,  0.6842,  0.3979,  0.2453,  0.5439,
         0.7100,  0.6231, -0.0236,  0.6596,  1.0309,  0.1631,  0.7000,  0.2811,
         0.7850,  0.8806, -0.0033,  0.1431,  0.5234,  0.5859,  0.8068,  0.5098,
         0.7345,  0.7223,  0.1058,  0.3570,  0.2159,  0.6110,  0.4309,  0.3943,
         0.5868,  0.6538,  0.2376,  0.6953,  0.6009,  0.6456, -0.0112,  0.7449,
         1.1396,  0.6431,  0.6632,  0.1408,  0.6072,  0.4664,  0.7884,  0.2281])
Target tensorsfor training set: 
tensor([0.8988, 0.1218, 0.7507, 0.6671, 0.8453, 0.5779, 0.2464, 0.5719, 0.5564,
        0.4513, 0.0478, 0.7791, 0.8391, 0.5658, 0.7372, 0.8556, 0.3309, 0.0246,
        0.2169, 0.4818, 0.9127, 0.9072, 0.5300, 0.2649, 0.9656, 0.6595, 0.7144,
        0.4993, 0.9215, 0.6465, 0.4640, 0.7901, 0.9492, 0.8418, 0.1493, 0.9117,
        0.7125, 0.1360, 0.5102, 0.2394, 0.8363, 0.8728, 0.0763, 0.2271, 0.5178,
        0.5573, 0.7497, 0.4440, 0.7371, 0.7171, 0.1294, 0.3829, 0.3077, 0.7270,
        0.5187, 0.5023, 0.7950, 0.8411, 0.4149, 0.9150, 0.6199, 0.6992, 0.0389,
        0.7596, 0.8524, 0.4526, 0.4654, 0.0636, 0.7462, 0.5783, 0.9621, 0.3453])
Correlation for training set: 0.7429387830821841
Predicted tensors for test set: 
tensor([0.7145, 0.4303, 0.3438, 0.6297, 0.3766, 0.5006, 0.5538, 0.4677, 0.4517,
        0.4651, 0.5219, 0.3087, 0.5888, 0.4640, 0.4732, 0.3279, 0.5982, 0.5583])
Target tensorsfor test set: 
tensor([0.8561, 0.4373, 0.0981, 0.1055, 0.2916, 0.1295, 0.6846, 0.4036, 0.3174,
        0.5780, 0.2255, 0.2594, 0.6240, 0.5220, 0.6577, 0.4341, 0.6576, 0.9535])
Correlation for test set: 0.4840734183494215
18 5
Fold 4
Epoch: 00, Training Loss: 0.0939, Train MSE: 0.0939, r (train): -0.2523, Test MSE: 0.0702, r (test): -0.1506
Epoch: 01, Training Loss: 0.2284, Train MSE: 0.2284, r (train): -0.2851, Test MSE: 0.1701, r (test): -0.1582
Epoch: 02, Training Loss: 0.4328, Train MSE: 0.4328, r (train): 0.4703, Test MSE: 0.3507, r (test): -0.0636
Epoch: 03, Training Loss: 0.4228, Train MSE: 0.4228, r (train): 0.5866, Test MSE: 0.3667, r (test): 0.1407
Epoch: 04, Training Loss: 0.0591, Train MSE: 0.0591, r (train): 0.5788, Test MSE: 0.0858, r (test): 0.1862
Epoch: 05, Training Loss: 0.0927, Train MSE: 0.0927, r (train): 0.6304, Test MSE: 0.1457, r (test): 0.1729
Epoch: 06, Training Loss: 2.5010, Train MSE: 2.5010, r (train): 0.5589, Test MSE: 2.7296, r (test): 0.0738
Epoch: 07, Training Loss: 0.1106, Train MSE: 0.1106, r (train): 0.6569, Test MSE: 0.1844, r (test): 0.0795
Epoch: 08, Training Loss: 0.0686, Train MSE: 0.0686, r (train): 0.6112, Test MSE: 0.0895, r (test): 0.1912
Epoch: 09, Training Loss: 0.0515, Train MSE: 0.0515, r (train): 0.7256, Test MSE: 0.1094, r (test): 0.0584
Epoch: 10, Training Loss: 0.2602, Train MSE: 0.2602, r (train): 0.6815, Test MSE: 0.3702, r (test): 0.0786
Epoch: 11, Training Loss: 0.0389, Train MSE: 0.0389, r (train): 0.7270, Test MSE: 0.0705, r (test): 0.2226
Epoch: 12, Training Loss: 0.0464, Train MSE: 0.0464, r (train): 0.6929, Test MSE: 0.0784, r (test): 0.0650
Epoch: 13, Training Loss: 0.0484, Train MSE: 0.0484, r (train): 0.7016, Test MSE: 0.0761, r (test): 0.1532
Epoch: 14, Training Loss: 0.0406, Train MSE: 0.0406, r (train): 0.7225, Test MSE: 0.0706, r (test): 0.1814
Epoch: 15, Training Loss: 0.0533, Train MSE: 0.0533, r (train): 0.6719, Test MSE: 0.0810, r (test): 0.0577
Epoch: 16, Training Loss: 0.0768, Train MSE: 0.0768, r (train): 0.6649, Test MSE: 0.0939, r (test): 0.1436
Epoch: 17, Training Loss: 0.0442, Train MSE: 0.0442, r (train): 0.6743, Test MSE: 0.0715, r (test): 0.1369
Epoch: 18, Training Loss: 0.0420, Train MSE: 0.0420, r (train): 0.6679, Test MSE: 0.0730, r (test): 0.1563
Epoch: 19, Training Loss: 0.0514, Train MSE: 0.0514, r (train): 0.6220, Test MSE: 0.0788, r (test): 0.1100
Epoch: 20, Training Loss: 0.0602, Train MSE: 0.0602, r (train): 0.6454, Test MSE: 0.0797, r (test): 0.1557
Epoch: 21, Training Loss: 0.0482, Train MSE: 0.0482, r (train): 0.6134, Test MSE: 0.0714, r (test): 0.1719
Epoch: 22, Training Loss: 0.0460, Train MSE: 0.0460, r (train): 0.6716, Test MSE: 0.0841, r (test): 0.1163
Epoch: 23, Training Loss: 0.0532, Train MSE: 0.0532, r (train): 0.5971, Test MSE: 0.0734, r (test): 0.1591
Epoch: 24, Training Loss: 0.0472, Train MSE: 0.0472, r (train): 0.6310, Test MSE: 0.0653, r (test): 0.2275
Epoch: 25, Training Loss: 0.0747, Train MSE: 0.0747, r (train): 0.6366, Test MSE: 0.1162, r (test): 0.1249
Epoch: 26, Training Loss: 0.0567, Train MSE: 0.0567, r (train): 0.6109, Test MSE: 0.0743, r (test): 0.1540
Epoch: 27, Training Loss: 0.0629, Train MSE: 0.0629, r (train): 0.6342, Test MSE: 0.0905, r (test): 0.2302
Epoch: 28, Training Loss: 0.0461, Train MSE: 0.0461, r (train): 0.6434, Test MSE: 0.0705, r (test): 0.1257
Epoch: 29, Training Loss: 0.0880, Train MSE: 0.0880, r (train): 0.5912, Test MSE: 0.1278, r (test): 0.1134
Epoch: 30, Training Loss: 0.0451, Train MSE: 0.0451, r (train): 0.6558, Test MSE: 0.0669, r (test): 0.2785
Epoch: 31, Training Loss: 0.0431, Train MSE: 0.0431, r (train): 0.6702, Test MSE: 0.0704, r (test): 0.1975
Epoch: 32, Training Loss: 0.1591, Train MSE: 0.1591, r (train): 0.6483, Test MSE: 0.2210, r (test): 0.1638
Epoch: 33, Training Loss: 0.0528, Train MSE: 0.0528, r (train): 0.6436, Test MSE: 0.0675, r (test): 0.2821
Epoch: 34, Training Loss: 0.1043, Train MSE: 0.1043, r (train): 0.6918, Test MSE: 0.1593, r (test): 0.1689
Epoch: 35, Training Loss: 0.0647, Train MSE: 0.0647, r (train): 0.6788, Test MSE: 0.0989, r (test): 0.2319
Epoch: 36, Training Loss: 0.1176, Train MSE: 0.1176, r (train): 0.6493, Test MSE: 0.1722, r (test): 0.2273
Epoch: 37, Training Loss: 0.4726, Train MSE: 0.4726, r (train): 0.6991, Test MSE: 0.5473, r (test): 0.2394
Epoch: 38, Training Loss: 0.0485, Train MSE: 0.0485, r (train): 0.6820, Test MSE: 0.0662, r (test): 0.2235
Epoch: 39, Training Loss: 2.2806, Train MSE: 2.2806, r (train): 0.6577, Test MSE: 2.4440, r (test): 0.2197
Epoch: 40, Training Loss: 0.7227, Train MSE: 0.7227, r (train): 0.6224, Test MSE: 0.8399, r (test): 0.2723
Epoch: 41, Training Loss: 0.2341, Train MSE: 0.2341, r (train): 0.6905, Test MSE: 0.3145, r (test): 0.1134
Epoch: 42, Training Loss: 0.0382, Train MSE: 0.0382, r (train): 0.7294, Test MSE: 0.0695, r (test): 0.2149
Epoch: 43, Training Loss: 0.1950, Train MSE: 0.1950, r (train): 0.6612, Test MSE: 0.2622, r (test): 0.2265
Epoch: 44, Training Loss: 0.0468, Train MSE: 0.0468, r (train): 0.6754, Test MSE: 0.0923, r (test): 0.1527
Epoch: 45, Training Loss: 0.2136, Train MSE: 0.2136, r (train): 0.5822, Test MSE: 0.2110, r (test): 0.0787
Epoch: 46, Training Loss: 0.0709, Train MSE: 0.0709, r (train): 0.5805, Test MSE: 0.0858, r (test): 0.1387
Epoch: 47, Training Loss: 0.0431, Train MSE: 0.0431, r (train): 0.6419, Test MSE: 0.0701, r (test): 0.1409
Epoch: 48, Training Loss: 0.0560, Train MSE: 0.0560, r (train): 0.6508, Test MSE: 0.0948, r (test): 0.0648
Epoch: 49, Training Loss: 0.0674, Train MSE: 0.0674, r (train): 0.6110, Test MSE: 0.0892, r (test): 0.1407
Epoch: 50, Training Loss: 0.1103, Train MSE: 0.1103, r (train): 0.6622, Test MSE: 0.1455, r (test): 0.1695
Epoch: 51, Training Loss: 0.0520, Train MSE: 0.0520, r (train): 0.6648, Test MSE: 0.0801, r (test): 0.1488
Epoch: 52, Training Loss: 0.0607, Train MSE: 0.0607, r (train): 0.6377, Test MSE: 0.0832, r (test): 0.1414
Epoch: 53, Training Loss: 0.0461, Train MSE: 0.0461, r (train): 0.6362, Test MSE: 0.0696, r (test): 0.1701
Epoch: 54, Training Loss: 0.0496, Train MSE: 0.0496, r (train): 0.6612, Test MSE: 0.0762, r (test): 0.1406
Epoch: 55, Training Loss: 0.0425, Train MSE: 0.0425, r (train): 0.6719, Test MSE: 0.0713, r (test): 0.1566
Epoch: 56, Training Loss: 0.0598, Train MSE: 0.0598, r (train): 0.6675, Test MSE: 0.0946, r (test): 0.1334
Epoch: 57, Training Loss: 0.0525, Train MSE: 0.0525, r (train): 0.6617, Test MSE: 0.0811, r (test): 0.1605
Epoch: 58, Training Loss: 0.0724, Train MSE: 0.0724, r (train): 0.6282, Test MSE: 0.0905, r (test): 0.1600
Epoch: 59, Training Loss: 0.0462, Train MSE: 0.0462, r (train): 0.6434, Test MSE: 0.0682, r (test): 0.2004
Epoch: 60, Training Loss: 0.0457, Train MSE: 0.0457, r (train): 0.6665, Test MSE: 0.0721, r (test): 0.1668
Epoch: 61, Training Loss: 0.0462, Train MSE: 0.0462, r (train): 0.6514, Test MSE: 0.0743, r (test): 0.1324
Epoch: 62, Training Loss: 0.0577, Train MSE: 0.0577, r (train): 0.6689, Test MSE: 0.0923, r (test): 0.1403
Epoch: 63, Training Loss: 0.0526, Train MSE: 0.0526, r (train): 0.6462, Test MSE: 0.0764, r (test): 0.1478
Epoch: 64, Training Loss: 0.0456, Train MSE: 0.0456, r (train): 0.6533, Test MSE: 0.0712, r (test): 0.1624
Epoch: 65, Training Loss: 0.0467, Train MSE: 0.0467, r (train): 0.6622, Test MSE: 0.0724, r (test): 0.1880
Epoch: 66, Training Loss: 0.0494, Train MSE: 0.0494, r (train): 0.6465, Test MSE: 0.0761, r (test): 0.1262
Epoch: 67, Training Loss: 0.0456, Train MSE: 0.0456, r (train): 0.6608, Test MSE: 0.0738, r (test): 0.1504
Epoch: 68, Training Loss: 0.0460, Train MSE: 0.0460, r (train): 0.6515, Test MSE: 0.0726, r (test): 0.1397
Epoch: 69, Training Loss: 0.0469, Train MSE: 0.0469, r (train): 0.6572, Test MSE: 0.0722, r (test): 0.1540
Epoch: 70, Training Loss: 0.0461, Train MSE: 0.0461, r (train): 0.6659, Test MSE: 0.0724, r (test): 0.1728
Epoch: 71, Training Loss: 0.0472, Train MSE: 0.0472, r (train): 0.6484, Test MSE: 0.0738, r (test): 0.1337
Epoch: 72, Training Loss: 0.0477, Train MSE: 0.0477, r (train): 0.6545, Test MSE: 0.0727, r (test): 0.1557
Epoch: 73, Training Loss: 0.0451, Train MSE: 0.0451, r (train): 0.6596, Test MSE: 0.0702, r (test): 0.1710
Epoch: 74, Training Loss: 0.0467, Train MSE: 0.0467, r (train): 0.6472, Test MSE: 0.0722, r (test): 0.1415
Epoch: 75, Training Loss: 0.0454, Train MSE: 0.0454, r (train): 0.6639, Test MSE: 0.0711, r (test): 0.1699
Epoch: 76, Training Loss: 0.0459, Train MSE: 0.0459, r (train): 0.6624, Test MSE: 0.0730, r (test): 0.1539
Epoch: 77, Training Loss: 0.0485, Train MSE: 0.0485, r (train): 0.6426, Test MSE: 0.0746, r (test): 0.1193
Epoch: 78, Training Loss: 0.0448, Train MSE: 0.0448, r (train): 0.6697, Test MSE: 0.0701, r (test): 0.1823
Epoch: 79, Training Loss: 0.0454, Train MSE: 0.0454, r (train): 0.6553, Test MSE: 0.0713, r (test): 0.1493
Epoch: 80, Training Loss: 0.0460, Train MSE: 0.0460, r (train): 0.6557, Test MSE: 0.0720, r (test): 0.1534
Epoch: 81, Training Loss: 0.0450, Train MSE: 0.0450, r (train): 0.6774, Test MSE: 0.0713, r (test): 0.1874
Epoch: 82, Training Loss: 0.0472, Train MSE: 0.0472, r (train): 0.6485, Test MSE: 0.0745, r (test): 0.1142
Epoch: 83, Training Loss: 0.0456, Train MSE: 0.0456, r (train): 0.6589, Test MSE: 0.0715, r (test): 0.1576
Epoch: 84, Training Loss: 0.0442, Train MSE: 0.0442, r (train): 0.6731, Test MSE: 0.0703, r (test): 0.1729
Epoch: 85, Training Loss: 0.0478, Train MSE: 0.0478, r (train): 0.6445, Test MSE: 0.0734, r (test): 0.1187
Epoch: 86, Training Loss: 0.0482, Train MSE: 0.0482, r (train): 0.6768, Test MSE: 0.0741, r (test): 0.2042
Epoch: 87, Training Loss: 0.0457, Train MSE: 0.0457, r (train): 0.6754, Test MSE: 0.0734, r (test): 0.1544
Epoch: 88, Training Loss: 0.0504, Train MSE: 0.0504, r (train): 0.6476, Test MSE: 0.0761, r (test): 0.1155
Epoch: 89, Training Loss: 0.0444, Train MSE: 0.0444, r (train): 0.6779, Test MSE: 0.0709, r (test): 0.2063
Epoch: 90, Training Loss: 0.0521, Train MSE: 0.0521, r (train): 0.6449, Test MSE: 0.0768, r (test): 0.1077
Epoch: 91, Training Loss: 0.0478, Train MSE: 0.0478, r (train): 0.6639, Test MSE: 0.0721, r (test): 0.1677
Epoch: 92, Training Loss: 0.0526, Train MSE: 0.0526, r (train): 0.6795, Test MSE: 0.0790, r (test): 0.2008
Epoch: 93, Training Loss: 0.0487, Train MSE: 0.0487, r (train): 0.6597, Test MSE: 0.0773, r (test): 0.1132
Epoch: 94, Training Loss: 0.0439, Train MSE: 0.0439, r (train): 0.6816, Test MSE: 0.0706, r (test): 0.1835
Epoch: 95, Training Loss: 0.0441, Train MSE: 0.0441, r (train): 0.6590, Test MSE: 0.0715, r (test): 0.1316
Epoch: 96, Training Loss: 0.0510, Train MSE: 0.0510, r (train): 0.6420, Test MSE: 0.0727, r (test): 0.1504
Epoch: 97, Training Loss: 0.0516, Train MSE: 0.0516, r (train): 0.6784, Test MSE: 0.0762, r (test): 0.1793
Epoch: 98, Training Loss: 0.0449, Train MSE: 0.0449, r (train): 0.6475, Test MSE: 0.0713, r (test): 0.1304
Epoch: 99, Training Loss: 0.0730, Train MSE: 0.0730, r (train): 0.6826, Test MSE: 0.1040, r (test): 0.1918
Predicted tensors for training set: 
tensor([0.9370, 0.2163, 0.8441, 0.7470, 1.0811, 0.7599, 0.3961, 0.7781, 0.9060,
        0.6992, 0.3250, 1.1477, 0.6728, 0.4854, 0.5934, 0.7571, 0.9535, 0.5223,
        0.7186, 1.2169, 0.9826, 0.9153, 0.5512, 0.3078, 0.8706, 0.5965, 0.7172,
        0.5504, 0.9403, 0.6924, 0.5225, 0.8079, 0.8393, 0.7247, 0.1587, 0.8902,
        1.4433, 0.9198, 0.5355, 0.5520, 0.6656, 0.4583, 1.0578, 0.7876, 0.7989,
        1.1054, 0.7328, 0.7557, 0.7740, 0.6994, 0.7862, 0.5813, 0.7536, 1.0537,
        0.5485, 0.5579, 0.8462, 0.8507, 0.4479, 0.8863, 0.7237, 0.7935, 0.1575,
        0.8531, 1.2820, 0.7686, 0.7896, 0.3038, 0.8147, 0.5988, 0.9980, 0.4001])
Target tensorsfor training set: 
tensor([0.8988, 0.1218, 0.7507, 0.6671, 0.8453, 0.5779, 0.2464, 0.5719, 0.5564,
        0.4513, 0.0478, 0.7791, 0.8391, 0.5658, 0.7372, 0.8556, 0.3309, 0.0246,
        0.2169, 0.4818, 0.9127, 0.9072, 0.5300, 0.2649, 0.9656, 0.6595, 0.7144,
        0.4993, 0.9215, 0.6465, 0.4640, 0.7901, 0.9492, 0.8418, 0.1493, 0.9117,
        0.8561, 0.4373, 0.0981, 0.1055, 0.2916, 0.1295, 0.6846, 0.4036, 0.3174,
        0.5780, 0.2255, 0.2594, 0.6240, 0.5220, 0.6577, 0.4341, 0.6576, 0.9535,
        0.5187, 0.5023, 0.7950, 0.8411, 0.4149, 0.9150, 0.6199, 0.6992, 0.0389,
        0.7596, 0.8524, 0.4526, 0.4654, 0.0636, 0.7462, 0.5783, 0.9621, 0.3453])
Correlation for training set: 0.6825664157133747
Predicted tensors for test set: 
tensor([0.6179, 0.6896, 0.9006, 0.6819, 0.6436, 0.7301, 0.3969, 0.4181, 0.7356,
        0.7349, 0.8211, 0.5584, 0.6728, 0.7273, 0.9651, 0.5853, 0.7022, 0.6049])
Target tensorsfor test set: 
tensor([0.7125, 0.1360, 0.5102, 0.2394, 0.8363, 0.8728, 0.0763, 0.2271, 0.5178,
        0.5573, 0.7497, 0.4440, 0.7371, 0.7171, 0.1294, 0.3829, 0.3077, 0.7270])
Correlation for test set: 0.19178847559072978
18 5
Fold 5
Epoch: 00, Training Loss: 0.0732, Train MSE: 0.0732, r (train): -0.2370, Test MSE: 0.0691, r (test): -0.1850
Epoch: 01, Training Loss: 0.0980, Train MSE: 0.0980, r (train): -0.3415, Test MSE: 0.1088, r (test): -0.2250
Epoch: 02, Training Loss: 0.2082, Train MSE: 0.2082, r (train): 0.4442, Test MSE: 0.2396, r (test): 0.3033
Epoch: 03, Training Loss: 0.2228, Train MSE: 0.2228, r (train): 0.6934, Test MSE: 0.2725, r (test): 0.4238
Epoch: 04, Training Loss: 0.1909, Train MSE: 0.1909, r (train): 0.5858, Test MSE: 0.1800, r (test): 0.3799
Epoch: 05, Training Loss: 0.0354, Train MSE: 0.0354, r (train): 0.7388, Test MSE: 0.0656, r (test): 0.3670
Epoch: 06, Training Loss: 1.0759, Train MSE: 1.0759, r (train): 0.5220, Test MSE: 0.9351, r (test): 0.4569
Epoch: 07, Training Loss: 0.1652, Train MSE: 0.1652, r (train): 0.6866, Test MSE: 0.1372, r (test): 0.4335
Epoch: 08, Training Loss: 0.0615, Train MSE: 0.0615, r (train): 0.7193, Test MSE: 0.0891, r (test): 0.3509
Epoch: 09, Training Loss: 0.0489, Train MSE: 0.0489, r (train): 0.6613, Test MSE: 0.0760, r (test): 0.4804
Epoch: 10, Training Loss: 0.1011, Train MSE: 0.1011, r (train): 0.7357, Test MSE: 0.1066, r (test): 0.4183
Epoch: 11, Training Loss: 0.0324, Train MSE: 0.0324, r (train): 0.7473, Test MSE: 0.0636, r (test): 0.4181
Epoch: 12, Training Loss: 0.0839, Train MSE: 0.0839, r (train): 0.6907, Test MSE: 0.1298, r (test): 0.5046
Epoch: 13, Training Loss: 0.0385, Train MSE: 0.0385, r (train): 0.7452, Test MSE: 0.0628, r (test): 0.4356
Epoch: 14, Training Loss: 0.0390, Train MSE: 0.0390, r (train): 0.7111, Test MSE: 0.0663, r (test): 0.4696
Epoch: 15, Training Loss: 0.0539, Train MSE: 0.0539, r (train): 0.7108, Test MSE: 0.0872, r (test): 0.4982
Epoch: 16, Training Loss: 0.0345, Train MSE: 0.0345, r (train): 0.7292, Test MSE: 0.0615, r (test): 0.4341
Epoch: 17, Training Loss: 0.0449, Train MSE: 0.0449, r (train): 0.6685, Test MSE: 0.0671, r (test): 0.5081
Epoch: 18, Training Loss: 0.0607, Train MSE: 0.0607, r (train): 0.6873, Test MSE: 0.0922, r (test): 0.5160
Epoch: 19, Training Loss: 0.0407, Train MSE: 0.0407, r (train): 0.6854, Test MSE: 0.0556, r (test): 0.4895
Epoch: 20, Training Loss: 0.0552, Train MSE: 0.0552, r (train): 0.6379, Test MSE: 0.0735, r (test): 0.5438
Epoch: 21, Training Loss: 0.0391, Train MSE: 0.0391, r (train): 0.6968, Test MSE: 0.0663, r (test): 0.4432
Epoch: 22, Training Loss: 0.0656, Train MSE: 0.0656, r (train): 0.6762, Test MSE: 0.0649, r (test): 0.4602
Epoch: 23, Training Loss: 0.0513, Train MSE: 0.0513, r (train): 0.6210, Test MSE: 0.0603, r (test): 0.5714
Epoch: 24, Training Loss: 0.0445, Train MSE: 0.0445, r (train): 0.6748, Test MSE: 0.0579, r (test): 0.4447
Epoch: 25, Training Loss: 0.0559, Train MSE: 0.0559, r (train): 0.6638, Test MSE: 0.0794, r (test): 0.5046
Epoch: 26, Training Loss: 0.2370, Train MSE: 0.2370, r (train): 0.6651, Test MSE: 0.1814, r (test): 0.4024
Epoch: 27, Training Loss: 0.0500, Train MSE: 0.0500, r (train): 0.6821, Test MSE: 0.0610, r (test): 0.4604
Epoch: 28, Training Loss: 0.0547, Train MSE: 0.0547, r (train): 0.6702, Test MSE: 0.0890, r (test): 0.4591
Epoch: 29, Training Loss: 0.0638, Train MSE: 0.0638, r (train): 0.6618, Test MSE: 0.0666, r (test): 0.4449
Epoch: 30, Training Loss: 0.0442, Train MSE: 0.0442, r (train): 0.6738, Test MSE: 0.0576, r (test): 0.4072
Epoch: 31, Training Loss: 0.0772, Train MSE: 0.0772, r (train): 0.6782, Test MSE: 0.1160, r (test): 0.4416
Epoch: 32, Training Loss: 0.1878, Train MSE: 0.1878, r (train): 0.7026, Test MSE: 0.1650, r (test): 0.4077
Epoch: 33, Training Loss: 0.3425, Train MSE: 0.3425, r (train): 0.6641, Test MSE: 0.2972, r (test): 0.4133
Epoch: 34, Training Loss: 0.0407, Train MSE: 0.0407, r (train): 0.7131, Test MSE: 0.0629, r (test): 0.3550
Epoch: 35, Training Loss: 0.1508, Train MSE: 0.1508, r (train): 0.6975, Test MSE: 0.1383, r (test): 0.4450
Epoch: 36, Training Loss: 0.1037, Train MSE: 0.1037, r (train): 0.6822, Test MSE: 0.1040, r (test): 0.2789
Epoch: 37, Training Loss: 0.2307, Train MSE: 0.2307, r (train): 0.7009, Test MSE: 0.2293, r (test): 0.4332
Epoch: 38, Training Loss: 0.0592, Train MSE: 0.0592, r (train): 0.5791, Test MSE: 0.0746, r (test): 0.5461
Epoch: 39, Training Loss: 0.0457, Train MSE: 0.0457, r (train): 0.6561, Test MSE: 0.0640, r (test): 0.4827
Epoch: 40, Training Loss: 0.0437, Train MSE: 0.0437, r (train): 0.6705, Test MSE: 0.0616, r (test): 0.5157
Epoch: 41, Training Loss: 0.0660, Train MSE: 0.0660, r (train): 0.5963, Test MSE: 0.0862, r (test): 0.5676
Epoch: 42, Training Loss: 0.0433, Train MSE: 0.0433, r (train): 0.6714, Test MSE: 0.0608, r (test): 0.4591
Epoch: 43, Training Loss: 0.0480, Train MSE: 0.0480, r (train): 0.6604, Test MSE: 0.0777, r (test): 0.4316
Epoch: 44, Training Loss: 0.0844, Train MSE: 0.0844, r (train): 0.6412, Test MSE: 0.0708, r (test): 0.4941
Epoch: 45, Training Loss: 0.1097, Train MSE: 0.1097, r (train): 0.7177, Test MSE: 0.1053, r (test): 0.4088
Epoch: 46, Training Loss: 0.0569, Train MSE: 0.0569, r (train): 0.6155, Test MSE: 0.0684, r (test): 0.5776
Epoch: 47, Training Loss: 0.0450, Train MSE: 0.0450, r (train): 0.6626, Test MSE: 0.0588, r (test): 0.5395
Epoch: 48, Training Loss: 0.1296, Train MSE: 0.1296, r (train): 0.6763, Test MSE: 0.1867, r (test): 0.4059
Epoch: 49, Training Loss: 0.1516, Train MSE: 0.1516, r (train): 0.6420, Test MSE: 0.1153, r (test): 0.4624
Epoch: 50, Training Loss: 0.1238, Train MSE: 0.1238, r (train): 0.6976, Test MSE: 0.1093, r (test): 0.4437
Epoch: 51, Training Loss: 0.0968, Train MSE: 0.0968, r (train): 0.6698, Test MSE: 0.0813, r (test): 0.5035
Epoch: 52, Training Loss: 0.0634, Train MSE: 0.0634, r (train): 0.6343, Test MSE: 0.0830, r (test): 0.5750
Epoch: 53, Training Loss: 0.1842, Train MSE: 0.1842, r (train): 0.6419, Test MSE: 0.2563, r (test): 0.4508
Epoch: 54, Training Loss: 0.0601, Train MSE: 0.0601, r (train): 0.6710, Test MSE: 0.1003, r (test): 0.4126
Epoch: 55, Training Loss: 0.2713, Train MSE: 0.2713, r (train): 0.6853, Test MSE: 0.2341, r (test): 0.4495
Epoch: 56, Training Loss: 0.0464, Train MSE: 0.0464, r (train): 0.6792, Test MSE: 0.0528, r (test): 0.5056
Epoch: 57, Training Loss: 0.0481, Train MSE: 0.0481, r (train): 0.6366, Test MSE: 0.0471, r (test): 0.5617
Epoch: 58, Training Loss: 0.0406, Train MSE: 0.0406, r (train): 0.6732, Test MSE: 0.0602, r (test): 0.4527
Epoch: 59, Training Loss: 0.1329, Train MSE: 0.1329, r (train): 0.6438, Test MSE: 0.1912, r (test): 0.4379
Epoch: 60, Training Loss: 0.1099, Train MSE: 0.1099, r (train): 0.6647, Test MSE: 0.0836, r (test): 0.5074
Epoch: 61, Training Loss: 0.0824, Train MSE: 0.0824, r (train): 0.6563, Test MSE: 0.0684, r (test): 0.5034
Epoch: 62, Training Loss: 0.0453, Train MSE: 0.0453, r (train): 0.6740, Test MSE: 0.0516, r (test): 0.4993
Epoch: 63, Training Loss: 0.0544, Train MSE: 0.0544, r (train): 0.6562, Test MSE: 0.0825, r (test): 0.4858
Epoch: 64, Training Loss: 0.0415, Train MSE: 0.0415, r (train): 0.6774, Test MSE: 0.0562, r (test): 0.4613
Epoch: 65, Training Loss: 0.0467, Train MSE: 0.0467, r (train): 0.6461, Test MSE: 0.0548, r (test): 0.5301
Epoch: 66, Training Loss: 0.0434, Train MSE: 0.0434, r (train): 0.6801, Test MSE: 0.0580, r (test): 0.4976
Epoch: 67, Training Loss: 0.0439, Train MSE: 0.0439, r (train): 0.6659, Test MSE: 0.0596, r (test): 0.4935
Epoch: 68, Training Loss: 0.0434, Train MSE: 0.0434, r (train): 0.6629, Test MSE: 0.0572, r (test): 0.4901
Epoch: 69, Training Loss: 0.0670, Train MSE: 0.0670, r (train): 0.6680, Test MSE: 0.1100, r (test): 0.4494
Epoch: 70, Training Loss: 0.0479, Train MSE: 0.0479, r (train): 0.6483, Test MSE: 0.0623, r (test): 0.5260
Epoch: 71, Training Loss: 0.0734, Train MSE: 0.0734, r (train): 0.6739, Test MSE: 0.0653, r (test): 0.4784
Epoch: 72, Training Loss: 0.0438, Train MSE: 0.0438, r (train): 0.6721, Test MSE: 0.0563, r (test): 0.4829
Epoch: 73, Training Loss: 0.0456, Train MSE: 0.0456, r (train): 0.6500, Test MSE: 0.0567, r (test): 0.5040
Epoch: 74, Training Loss: 0.0445, Train MSE: 0.0445, r (train): 0.6777, Test MSE: 0.0547, r (test): 0.4648
Epoch: 75, Training Loss: 0.0849, Train MSE: 0.0849, r (train): 0.6392, Test MSE: 0.1257, r (test): 0.5127
Epoch: 76, Training Loss: 0.0482, Train MSE: 0.0482, r (train): 0.6631, Test MSE: 0.0515, r (test): 0.4978
Epoch: 77, Training Loss: 0.0566, Train MSE: 0.0566, r (train): 0.6693, Test MSE: 0.0575, r (test): 0.4667
Epoch: 78, Training Loss: 0.0532, Train MSE: 0.0532, r (train): 0.6552, Test MSE: 0.0521, r (test): 0.4998
Epoch: 79, Training Loss: 0.0659, Train MSE: 0.0659, r (train): 0.6486, Test MSE: 0.0970, r (test): 0.5067
Epoch: 80, Training Loss: 0.0500, Train MSE: 0.0500, r (train): 0.6550, Test MSE: 0.0730, r (test): 0.5042
Epoch: 81, Training Loss: 0.0444, Train MSE: 0.0444, r (train): 0.6652, Test MSE: 0.0528, r (test): 0.4936
Epoch: 82, Training Loss: 0.0426, Train MSE: 0.0426, r (train): 0.6817, Test MSE: 0.0587, r (test): 0.4532
Epoch: 83, Training Loss: 0.0473, Train MSE: 0.0473, r (train): 0.6580, Test MSE: 0.0504, r (test): 0.5057
Epoch: 84, Training Loss: 0.0804, Train MSE: 0.0804, r (train): 0.6692, Test MSE: 0.0730, r (test): 0.4909
Epoch: 85, Training Loss: 0.0997, Train MSE: 0.0997, r (train): 0.6505, Test MSE: 0.1437, r (test): 0.5189
Epoch: 86, Training Loss: 0.0626, Train MSE: 0.0626, r (train): 0.6482, Test MSE: 0.0946, r (test): 0.5022
Epoch: 87, Training Loss: 0.0493, Train MSE: 0.0493, r (train): 0.6854, Test MSE: 0.0566, r (test): 0.4402
Epoch: 88, Training Loss: 0.0564, Train MSE: 0.0564, r (train): 0.6763, Test MSE: 0.0595, r (test): 0.4483
Epoch: 89, Training Loss: 0.0483, Train MSE: 0.0483, r (train): 0.6512, Test MSE: 0.0622, r (test): 0.5257
Epoch: 90, Training Loss: 0.0444, Train MSE: 0.0444, r (train): 0.6763, Test MSE: 0.0505, r (test): 0.5037
Epoch: 91, Training Loss: 0.0761, Train MSE: 0.0761, r (train): 0.6335, Test MSE: 0.1077, r (test): 0.5422
Epoch: 92, Training Loss: 0.0433, Train MSE: 0.0433, r (train): 0.6839, Test MSE: 0.0667, r (test): 0.4650
Epoch: 93, Training Loss: 0.0515, Train MSE: 0.0515, r (train): 0.6819, Test MSE: 0.0557, r (test): 0.4566
Epoch: 94, Training Loss: 0.0780, Train MSE: 0.0780, r (train): 0.6543, Test MSE: 0.0670, r (test): 0.5032
Epoch: 95, Training Loss: 0.0512, Train MSE: 0.0512, r (train): 0.6819, Test MSE: 0.0762, r (test): 0.4998
Epoch: 96, Training Loss: 0.0702, Train MSE: 0.0702, r (train): 0.6454, Test MSE: 0.0978, r (test): 0.5506
Epoch: 97, Training Loss: 0.0412, Train MSE: 0.0412, r (train): 0.6799, Test MSE: 0.0648, r (test): 0.4312
Epoch: 98, Training Loss: 0.0426, Train MSE: 0.0426, r (train): 0.6876, Test MSE: 0.0725, r (test): 0.4261
Epoch: 99, Training Loss: 0.0457, Train MSE: 0.0457, r (train): 0.6596, Test MSE: 0.0539, r (test): 0.5206
Predicted tensors for training set: 
tensor([0.8734, 0.0531, 0.5791, 0.5588, 0.9165, 0.6157, 0.2862, 0.6686, 0.7246,
        0.6032, 0.1441, 0.9242, 0.5142, 0.2005, 0.3783, 0.4346, 0.7197, 0.3327,
        0.5630, 0.8978, 0.6501, 0.7334, 0.3471, 0.1237, 0.7547, 0.4509, 0.4259,
        0.2421, 0.6110, 0.3860, 0.2500, 0.5306, 0.7498, 0.6536, 0.0092, 0.7039,
        1.2061, 0.6882, 0.2999, 0.2807, 0.4159, 0.2548, 0.8798, 0.5206, 0.5904,
        0.9417, 0.5036, 0.5137, 0.6542, 0.5445, 0.7134, 0.4813, 0.5484, 0.8196,
        0.5863, 0.0535, 0.4294, 0.1978, 0.7486, 0.7887, 0.2281, 0.3768, 0.6608,
        0.7299, 0.5014, 0.2650, 0.4993, 0.4948, 0.2680, 0.5689, 0.5234, 1.0250])
Target tensorsfor training set: 
tensor([0.8988, 0.1218, 0.7507, 0.6671, 0.8453, 0.5779, 0.2464, 0.5719, 0.5564,
        0.4513, 0.0478, 0.7791, 0.8391, 0.5658, 0.7372, 0.8556, 0.3309, 0.0246,
        0.2169, 0.4818, 0.9127, 0.9072, 0.5300, 0.2649, 0.9656, 0.6595, 0.7144,
        0.4993, 0.9215, 0.6465, 0.4640, 0.7901, 0.9492, 0.8418, 0.1493, 0.9117,
        0.8561, 0.4373, 0.0981, 0.1055, 0.2916, 0.1295, 0.6846, 0.4036, 0.3174,
        0.5780, 0.2255, 0.2594, 0.6240, 0.5220, 0.6577, 0.4341, 0.6576, 0.9535,
        0.7125, 0.1360, 0.5102, 0.2394, 0.8363, 0.8728, 0.0763, 0.2271, 0.5178,
        0.5573, 0.7497, 0.4440, 0.7371, 0.7171, 0.1294, 0.3829, 0.3077, 0.7270])
Correlation for training set: 0.659583091329436
Predicted tensors for test set: 
tensor([0.3515, 0.5583, 0.6444, 0.7151, 0.4621, 0.5938, 0.5097, 0.3703, 0.2287,
        0.5829, 0.7928, 0.4735, 0.4959, 0.4020, 0.7840, 0.4822, 0.3041, 0.5567])
Target tensorsfor test set: 
tensor([0.5187, 0.5023, 0.7950, 0.8411, 0.4149, 0.9150, 0.6199, 0.6992, 0.0389,
        0.7596, 0.8524, 0.4526, 0.4654, 0.0636, 0.7462, 0.5783, 0.9621, 0.3453])
Correlation for test set: 0.5205527354200703
Validation set predictions (100 folds): [tensor([0.6448, 0.6272, 0.8340, 0.6906, 1.0171, 0.9813, 0.6511, 0.8049, 0.7029,
        0.6388, 0.5378, 0.8029, 0.5956, 0.9729, 0.7049, 0.4787, 0.5510, 0.9338]), tensor([0.8762, 0.8280, 0.9596, 0.5915, 0.8345, 0.6144, 0.7085, 0.8970, 0.9991,
        0.9135, 0.8636, 0.7492, 0.8826, 0.7593, 0.7325, 0.8378, 0.7910, 0.8858]), tensor([0.7145, 0.4303, 0.3438, 0.6297, 0.3766, 0.5006, 0.5538, 0.4677, 0.4517,
        0.4651, 0.5219, 0.3087, 0.5888, 0.4640, 0.4732, 0.3279, 0.5982, 0.5583]), tensor([0.6179, 0.6896, 0.9006, 0.6819, 0.6436, 0.7301, 0.3969, 0.4181, 0.7356,
        0.7349, 0.8211, 0.5584, 0.6728, 0.7273, 0.9651, 0.5853, 0.7022, 0.6049]), tensor([0.3515, 0.5583, 0.6444, 0.7151, 0.4621, 0.5938, 0.5097, 0.3703, 0.2287,
        0.5829, 0.7928, 0.4735, 0.4959, 0.4020, 0.7840, 0.4822, 0.3041, 0.5567])]
Validation set targets (100 folds): [tensor([0.8988, 0.1218, 0.7507, 0.6671, 0.8453, 0.5779, 0.2464, 0.5719, 0.5564,
        0.4513, 0.0478, 0.7791, 0.8391, 0.5658, 0.7372, 0.8556, 0.3309, 0.0246]), tensor([0.2169, 0.4818, 0.9127, 0.9072, 0.5300, 0.2649, 0.9656, 0.6595, 0.7144,
        0.4993, 0.9215, 0.6465, 0.4640, 0.7901, 0.9492, 0.8418, 0.1493, 0.9117]), tensor([0.8561, 0.4373, 0.0981, 0.1055, 0.2916, 0.1295, 0.6846, 0.4036, 0.3174,
        0.5780, 0.2255, 0.2594, 0.6240, 0.5220, 0.6577, 0.4341, 0.6576, 0.9535]), tensor([0.7125, 0.1360, 0.5102, 0.2394, 0.8363, 0.8728, 0.0763, 0.2271, 0.5178,
        0.5573, 0.7497, 0.4440, 0.7371, 0.7171, 0.1294, 0.3829, 0.3077, 0.7270]), tensor([0.5187, 0.5023, 0.7950, 0.8411, 0.4149, 0.9150, 0.6199, 0.6992, 0.0389,
        0.7596, 0.8524, 0.4526, 0.4654, 0.0636, 0.7462, 0.5783, 0.9621, 0.3453])]
Time taken: 18689.738475561142 seconds
