DenseNet_entorhinal_01.py
/apps/monai/MONAI0.8.1/lib/python3.9/site-packages/torch/cuda/__init__.py:143: UserWarning: 
NVIDIA B200 with CUDA capability sm_100 is not compatible with the current PyTorch installation.
The current PyTorch install supports CUDA capabilities sm_37 sm_50 sm_60 sm_61 sm_70 sm_75 sm_80 sm_86 compute_37.
If you want to use the NVIDIA B200 GPU with PyTorch, please check the instructions at https://pytorch.org/get-started/locally/

  warnings.warn(incompatible_device_warn.format(device_name, capability, " ".join(arch_list), device_name))
90
Image shape: torch.Size([256, 256, 256])
Label: 0.578327051

Image shape: torch.Size([256, 256, 256])
Label: 0.55726975

Image shape: torch.Size([256, 256, 256])
Label: 0.105524477

Image shape: torch.Size([256, 256, 256])
Label: 0.414935686

Image shape: torch.Size([256, 256, 256])
Label: 0.499347098

Image shape: torch.Size([256, 256, 256])
Label: 0.46544507

Image shape: torch.Size([256, 256, 256])
Label: 0.749740575

Image shape: torch.Size([256, 256, 256])
Label: 0.646490545

Image shape: torch.Size([256, 256, 256])
Label: 0.856107326

Image shape: torch.Size([256, 256, 256])
Label: 0.717144575

Image shape: torch.Size([256, 256, 256])
Label: 0.750732335

Image shape: torch.Size([256, 256, 256])
Label: 0.517802514

Image shape: torch.Size([256, 256, 256])
Label: 0.227116465

Image shape: torch.Size([256, 256, 256])
Label: 0.14931566

Image shape: torch.Size([256, 256, 256])
Label: 0.91273199

Image shape: torch.Size([256, 256, 256])
Label: 0.852431609

Image shape: torch.Size([256, 256, 256])
Label: 0.451287356

Image shape: torch.Size([256, 256, 256])
Label: 0.714356234

Image shape: torch.Size([256, 256, 256])
Label: 0.307667842

Image shape: torch.Size([256, 256, 256])
Label: 0.038874365

Image shape: torch.Size([256, 256, 256])
Label: 0.518716963

Image shape: torch.Size([256, 256, 256])
Label: 0.463984431

Image shape: torch.Size([256, 256, 256])
Label: 0.55641775

Image shape: torch.Size([256, 256, 256])
Label: 0.098052496

Image shape: torch.Size([256, 256, 256])
Label: 0.43409457

Image shape: torch.Size([256, 256, 256])
Label: 0.452638778

Image shape: torch.Size([256, 256, 256])
Label: 0.57804499

Image shape: torch.Size([256, 256, 256])
Label: 0.623989995

Image shape: torch.Size([256, 256, 256])
Label: 0.91498566

Image shape: torch.Size([256, 256, 256])
Label: 0.911671093

Image shape: torch.Size([256, 256, 256])
Label: 0.565846925

Image shape: torch.Size([256, 256, 256])
Label: 0.836265129

Image shape: torch.Size([256, 256, 256])
Label: 0.246363884

Image shape: torch.Size([256, 256, 256])
Label: 0.907159832

Image shape: torch.Size([256, 256, 256])
Label: 0.962135747

Image shape: torch.Size([256, 256, 256])
Label: 0.024634435

Image shape: torch.Size([256, 256, 256])
Label: 0.779103135

Image shape: torch.Size([256, 256, 256])
Label: 0.225463904

Image shape: torch.Size([256, 256, 256])
Label: 0.965645278

Image shape: torch.Size([256, 256, 256])
Label: 0.31742745

Image shape: torch.Size([256, 256, 256])
Label: 0.129485328

Image shape: torch.Size([256, 256, 256])
Label: 0.48182514

Image shape: torch.Size([256, 256, 256])
Label: 0.076332172

Image shape: torch.Size([256, 256, 256])
Label: 0.34531344

Image shape: torch.Size([256, 256, 256])
Label: 0.577850585

Image shape: torch.Size([256, 256, 256])
Label: 0.794978716

Image shape: torch.Size([256, 256, 256])
Label: 0.047813956

Image shape: torch.Size([256, 256, 256])
Label: 0.841130428

Image shape: torch.Size([256, 256, 256])
Label: 0.845253622

Image shape: torch.Size([256, 256, 256])
Label: 0.699213269

Image shape: torch.Size([256, 256, 256])
Label: 0.571907479

Image shape: torch.Size([256, 256, 256])
Label: 0.330926406

Image shape: torch.Size([256, 256, 256])
Label: 0.949166278

Image shape: torch.Size([256, 256, 256])
Label: 0.437273408

Image shape: torch.Size([256, 256, 256])
Label: 0.121809436

Image shape: torch.Size([256, 256, 256])
Label: 0.063583908

Image shape: torch.Size([256, 256, 256])
Label: 0.403550924

Image shape: torch.Size([256, 256, 256])
Label: 0.129379513

Image shape: torch.Size([256, 256, 256])
Label: 0.502254367

Image shape: torch.Size([256, 256, 256])
Label: 0.746225617

Image shape: torch.Size([256, 256, 256])
Label: 0.898762669

Image shape: torch.Size([256, 256, 256])
Label: 0.759624831

Image shape: torch.Size([256, 256, 256])
Label: 0.510151238

Image shape: torch.Size([256, 256, 256])
Label: 0.291630426

Image shape: torch.Size([256, 256, 256])
Label: 0.841767741

Image shape: torch.Size([256, 256, 256])
Label: 0.259369175

Image shape: torch.Size([256, 256, 256])
Label: 0.239393515

Image shape: torch.Size([256, 256, 256])
Label: 0.855579732

Image shape: torch.Size([256, 256, 256])
Label: 0.657623403

Image shape: torch.Size([256, 256, 256])
Label: 0.136048492

Image shape: torch.Size([256, 256, 256])
Label: 0.92154251

Image shape: torch.Size([256, 256, 256])
Label: 0.26490909

Image shape: torch.Size([256, 256, 256])
Label: 0.659493008

Image shape: torch.Size([256, 256, 256])
Label: 0.737192172

Image shape: torch.Size([256, 256, 256])
Label: 0.684642475

Image shape: torch.Size([256, 256, 256])
Label: 0.619874898

Image shape: torch.Size([256, 256, 256])
Label: 0.216921218

Image shape: torch.Size([256, 256, 256])
Label: 0.657691961

Image shape: torch.Size([256, 256, 256])
Label: 0.872805901

Image shape: torch.Size([256, 256, 256])
Label: 0.667105602

Image shape: torch.Size([256, 256, 256])
Label: 0.839077585

Image shape: torch.Size([256, 256, 256])
Label: 0.529961465

Image shape: torch.Size([256, 256, 256])
Label: 0.727035333

Image shape: torch.Size([256, 256, 256])
Label: 0.712524369

Image shape: torch.Size([256, 256, 256])
Label: 0.522016133

Image shape: torch.Size([256, 256, 256])
Label: 0.444012353

Image shape: torch.Size([256, 256, 256])
Label: 0.382857646

Image shape: torch.Size([256, 256, 256])
Label: 0.790096101

Image shape: torch.Size([256, 256, 256])
Label: 0.953465465

Image shape: torch.Size([256, 256, 256])
Label: 0.737099236

18 5
Fold 1
Epoch: 00, Training Loss: 0.0866, Train MSE: 0.0866, r (train): -0.2491, Test MSE: 0.0593, r (test): -0.2043
Epoch: 01, Training Loss: 0.0868, Train MSE: 0.0868, r (train): -0.2468, Test MSE: 0.0587, r (test): -0.1556
Epoch: 02, Training Loss: 0.0805, Train MSE: 0.0805, r (train): -0.1672, Test MSE: 0.0565, r (test): -0.1562
Epoch: 03, Training Loss: 0.0596, Train MSE: 0.0596, r (train): 0.6367, Test MSE: 0.0570, r (test): 0.1210
Epoch: 04, Training Loss: 0.0448, Train MSE: 0.0448, r (train): 0.6647, Test MSE: 0.0584, r (test): 0.1700
Epoch: 05, Training Loss: 0.0883, Train MSE: 0.0883, r (train): 0.6714, Test MSE: 0.0960, r (test): 0.3111
Epoch: 06, Training Loss: 0.0600, Train MSE: 0.0600, r (train): 0.7118, Test MSE: 0.0904, r (test): -0.0031
Epoch: 07, Training Loss: 0.1423, Train MSE: 0.1423, r (train): 0.7111, Test MSE: 0.2285, r (test): 0.1423
Epoch: 08, Training Loss: 0.0970, Train MSE: 0.0970, r (train): 0.7736, Test MSE: 0.1644, r (test): 0.0760
Epoch: 09, Training Loss: 0.3393, Train MSE: 0.3393, r (train): 0.7266, Test MSE: 0.4790, r (test): 0.1733
Epoch: 10, Training Loss: 0.0732, Train MSE: 0.0732, r (train): 0.6863, Test MSE: 0.1045, r (test): 0.2153
Epoch: 11, Training Loss: 0.1411, Train MSE: 0.1411, r (train): 0.6687, Test MSE: 0.1822, r (test): 0.1784
Epoch: 12, Training Loss: 0.1627, Train MSE: 0.1627, r (train): 0.7192, Test MSE: 0.2601, r (test): 0.2136
Epoch: 13, Training Loss: 0.0338, Train MSE: 0.0338, r (train): 0.7552, Test MSE: 0.0638, r (test): 0.1770
Epoch: 14, Training Loss: 0.0757, Train MSE: 0.0757, r (train): 0.6823, Test MSE: 0.1020, r (test): 0.1732
Epoch: 15, Training Loss: 0.1571, Train MSE: 0.1571, r (train): 0.7252, Test MSE: 0.2207, r (test): 0.1818
Epoch: 16, Training Loss: 0.0838, Train MSE: 0.0838, r (train): 0.6746, Test MSE: 0.1279, r (test): 0.1745
Epoch: 17, Training Loss: 0.0518, Train MSE: 0.0518, r (train): 0.6728, Test MSE: 0.0719, r (test): 0.2423
Epoch: 18, Training Loss: 0.1624, Train MSE: 0.1624, r (train): 0.7041, Test MSE: 0.2464, r (test): 0.2450
Epoch: 19, Training Loss: 0.0474, Train MSE: 0.0474, r (train): 0.7272, Test MSE: 0.0765, r (test): 0.3005
Epoch: 20, Training Loss: 0.0370, Train MSE: 0.0370, r (train): 0.7432, Test MSE: 0.0549, r (test): 0.2166
Epoch: 21, Training Loss: 0.1663, Train MSE: 0.1663, r (train): 0.6540, Test MSE: 0.2074, r (test): 0.2325
Epoch: 22, Training Loss: 0.3277, Train MSE: 0.3277, r (train): 0.2343, Test MSE: 0.3614, r (test): 0.0667
Epoch: 23, Training Loss: 0.9658, Train MSE: 0.9658, r (train): 0.6937, Test MSE: 1.1792, r (test): 0.2354
Epoch: 24, Training Loss: 0.1243, Train MSE: 0.1243, r (train): 0.5569, Test MSE: 0.1665, r (test): 0.2053
Epoch: 25, Training Loss: 0.0525, Train MSE: 0.0525, r (train): 0.7294, Test MSE: 0.0825, r (test): 0.2529
Epoch: 26, Training Loss: 0.1132, Train MSE: 0.1132, r (train): 0.7326, Test MSE: 0.1598, r (test): 0.2395
Epoch: 27, Training Loss: 0.0859, Train MSE: 0.0859, r (train): 0.6275, Test MSE: 0.1285, r (test): 0.2035
Epoch: 28, Training Loss: 0.2216, Train MSE: 0.2216, r (train): 0.7121, Test MSE: 0.3079, r (test): 0.2375
Epoch: 29, Training Loss: 0.0401, Train MSE: 0.0401, r (train): 0.7181, Test MSE: 0.0611, r (test): 0.2156
Epoch: 30, Training Loss: 0.1127, Train MSE: 0.1127, r (train): 0.7195, Test MSE: 0.1565, r (test): 0.2066
Epoch: 31, Training Loss: 0.0395, Train MSE: 0.0395, r (train): 0.7291, Test MSE: 0.0733, r (test): 0.1937
Epoch: 32, Training Loss: 0.0445, Train MSE: 0.0445, r (train): 0.6800, Test MSE: 0.0678, r (test): 0.1936
Epoch: 33, Training Loss: 0.0431, Train MSE: 0.0431, r (train): 0.7206, Test MSE: 0.0728, r (test): 0.2391
Epoch: 34, Training Loss: 0.1284, Train MSE: 0.1284, r (train): 0.7220, Test MSE: 0.1785, r (test): 0.2078
Epoch: 35, Training Loss: 0.0656, Train MSE: 0.0656, r (train): 0.6523, Test MSE: 0.0982, r (test): 0.1759
Epoch: 36, Training Loss: 0.0825, Train MSE: 0.0825, r (train): 0.6187, Test MSE: 0.1217, r (test): 0.2083
Epoch: 37, Training Loss: 2.0106, Train MSE: 2.0106, r (train): 0.6019, Test MSE: 2.4503, r (test): 0.2345
Epoch: 38, Training Loss: 0.2416, Train MSE: 0.2416, r (train): 0.4569, Test MSE: 0.3078, r (test): 0.1723
Epoch: 39, Training Loss: 0.1181, Train MSE: 0.1181, r (train): 0.7206, Test MSE: 0.1615, r (test): 0.2044
Epoch: 40, Training Loss: 0.0364, Train MSE: 0.0364, r (train): 0.7315, Test MSE: 0.0637, r (test): 0.1930
Epoch: 41, Training Loss: 0.1380, Train MSE: 0.1380, r (train): 0.7140, Test MSE: 0.1857, r (test): 0.2320
Epoch: 42, Training Loss: 0.0559, Train MSE: 0.0559, r (train): 0.7026, Test MSE: 0.0991, r (test): 0.2078
Epoch: 43, Training Loss: 0.0874, Train MSE: 0.0874, r (train): 0.5967, Test MSE: 0.1281, r (test): 0.2684
Epoch: 44, Training Loss: 0.0504, Train MSE: 0.0504, r (train): 0.6785, Test MSE: 0.0787, r (test): 0.2294
Epoch: 45, Training Loss: 0.1070, Train MSE: 0.1070, r (train): 0.7384, Test MSE: 0.1571, r (test): 0.1919
Epoch: 46, Training Loss: 0.0740, Train MSE: 0.0740, r (train): 0.7438, Test MSE: 0.1212, r (test): 0.1662
Epoch: 47, Training Loss: 0.1502, Train MSE: 0.1502, r (train): 0.7372, Test MSE: 0.2230, r (test): 0.1549
Epoch: 48, Training Loss: 0.1045, Train MSE: 0.1045, r (train): 0.6207, Test MSE: 0.1585, r (test): 0.2537
Epoch: 49, Training Loss: 0.0623, Train MSE: 0.0623, r (train): 0.6470, Test MSE: 0.0946, r (test): 0.2673
Epoch: 50, Training Loss: 0.0378, Train MSE: 0.0378, r (train): 0.7300, Test MSE: 0.0668, r (test): 0.1787
Epoch: 51, Training Loss: 0.0758, Train MSE: 0.0758, r (train): 0.7543, Test MSE: 0.1182, r (test): 0.1561
Epoch: 52, Training Loss: 0.1433, Train MSE: 0.1433, r (train): 0.7344, Test MSE: 0.2089, r (test): 0.1789
Epoch: 53, Training Loss: 0.0453, Train MSE: 0.0453, r (train): 0.7230, Test MSE: 0.0847, r (test): 0.1994
Epoch: 54, Training Loss: 0.1575, Train MSE: 0.1575, r (train): 0.4885, Test MSE: 0.2069, r (test): 0.2256
Epoch: 55, Training Loss: 0.1456, Train MSE: 0.1456, r (train): 0.7250, Test MSE: 0.2076, r (test): 0.2164
Epoch: 56, Training Loss: 0.1135, Train MSE: 0.1135, r (train): 0.7532, Test MSE: 0.1731, r (test): 0.1593
Epoch: 57, Training Loss: 0.0523, Train MSE: 0.0523, r (train): 0.7608, Test MSE: 0.0927, r (test): 0.1562
Epoch: 58, Training Loss: 0.0360, Train MSE: 0.0360, r (train): 0.7589, Test MSE: 0.0707, r (test): 0.1761
Epoch: 59, Training Loss: 0.1319, Train MSE: 0.1319, r (train): 0.5558, Test MSE: 0.1844, r (test): 0.2150
Epoch: 60, Training Loss: 0.0346, Train MSE: 0.0346, r (train): 0.7477, Test MSE: 0.0599, r (test): 0.1847
Epoch: 61, Training Loss: 0.0690, Train MSE: 0.0690, r (train): 0.7614, Test MSE: 0.1185, r (test): 0.1054
Epoch: 62, Training Loss: 0.1295, Train MSE: 0.1295, r (train): 0.7630, Test MSE: 0.1978, r (test): 0.1529
Epoch: 63, Training Loss: 0.0711, Train MSE: 0.0711, r (train): 0.6397, Test MSE: 0.1160, r (test): 0.1979
Epoch: 64, Training Loss: 0.0523, Train MSE: 0.0523, r (train): 0.7040, Test MSE: 0.0837, r (test): 0.2282
Epoch: 65, Training Loss: 0.0380, Train MSE: 0.0380, r (train): 0.7518, Test MSE: 0.0642, r (test): 0.1415
Epoch: 66, Training Loss: 0.3344, Train MSE: 0.3344, r (train): 0.7175, Test MSE: 0.4454, r (test): 0.1613
Epoch: 67, Training Loss: 0.0378, Train MSE: 0.0378, r (train): 0.7759, Test MSE: 0.0842, r (test): 0.1183
Epoch: 68, Training Loss: 0.0724, Train MSE: 0.0724, r (train): 0.6554, Test MSE: 0.1152, r (test): 0.2269
Epoch: 69, Training Loss: 0.0346, Train MSE: 0.0346, r (train): 0.7552, Test MSE: 0.0633, r (test): 0.1629
Epoch: 70, Training Loss: 0.0351, Train MSE: 0.0351, r (train): 0.7657, Test MSE: 0.0757, r (test): 0.1298
Epoch: 71, Training Loss: 0.2567, Train MSE: 0.2567, r (train): 0.7614, Test MSE: 0.3902, r (test): 0.1369
Epoch: 72, Training Loss: 0.0572, Train MSE: 0.0572, r (train): 0.6982, Test MSE: 0.0905, r (test): 0.2158
Epoch: 73, Training Loss: 0.0545, Train MSE: 0.0545, r (train): 0.7572, Test MSE: 0.0864, r (test): 0.1919
Epoch: 74, Training Loss: 0.1288, Train MSE: 0.1288, r (train): 0.5966, Test MSE: 0.1921, r (test): 0.1601
Epoch: 75, Training Loss: 0.0778, Train MSE: 0.0778, r (train): 0.7853, Test MSE: 0.1309, r (test): 0.1358
Epoch: 76, Training Loss: 0.0706, Train MSE: 0.0706, r (train): 0.7773, Test MSE: 0.1263, r (test): 0.1688
Epoch: 77, Training Loss: 0.0401, Train MSE: 0.0401, r (train): 0.7548, Test MSE: 0.0802, r (test): 0.1625
Epoch: 78, Training Loss: 0.0389, Train MSE: 0.0389, r (train): 0.7703, Test MSE: 0.0767, r (test): 0.1836
Epoch: 79, Training Loss: 0.0556, Train MSE: 0.0556, r (train): 0.7204, Test MSE: 0.0973, r (test): 0.1858
Epoch: 80, Training Loss: 0.0583, Train MSE: 0.0583, r (train): 0.7906, Test MSE: 0.1078, r (test): 0.1104
Epoch: 81, Training Loss: 0.0366, Train MSE: 0.0366, r (train): 0.7941, Test MSE: 0.0811, r (test): 0.1476
Epoch: 82, Training Loss: 0.0361, Train MSE: 0.0361, r (train): 0.7604, Test MSE: 0.0709, r (test): 0.2016
Epoch: 83, Training Loss: 0.0379, Train MSE: 0.0379, r (train): 0.7784, Test MSE: 0.0715, r (test): 0.2017
Epoch: 84, Training Loss: 0.1356, Train MSE: 0.1356, r (train): 0.5813, Test MSE: 0.1984, r (test): 0.1439
Epoch: 85, Training Loss: 0.0855, Train MSE: 0.0855, r (train): 0.7891, Test MSE: 0.1535, r (test): 0.1368
Epoch: 86, Training Loss: 0.0382, Train MSE: 0.0382, r (train): 0.7821, Test MSE: 0.0780, r (test): 0.1853
Epoch: 87, Training Loss: 0.0451, Train MSE: 0.0451, r (train): 0.7825, Test MSE: 0.0881, r (test): 0.1854
Epoch: 88, Training Loss: 0.0338, Train MSE: 0.0338, r (train): 0.7724, Test MSE: 0.0738, r (test): 0.1695
Epoch: 89, Training Loss: 0.0509, Train MSE: 0.0509, r (train): 0.7163, Test MSE: 0.0986, r (test): 0.1772
Epoch: 90, Training Loss: 0.0390, Train MSE: 0.0390, r (train): 0.7852, Test MSE: 0.0782, r (test): 0.1643
Epoch: 91, Training Loss: 0.0362, Train MSE: 0.0362, r (train): 0.7824, Test MSE: 0.0759, r (test): 0.1651
Epoch: 92, Training Loss: 0.0360, Train MSE: 0.0360, r (train): 0.7841, Test MSE: 0.0764, r (test): 0.1684
Epoch: 93, Training Loss: 0.0319, Train MSE: 0.0319, r (train): 0.7748, Test MSE: 0.0694, r (test): 0.1595
Epoch: 94, Training Loss: 0.0360, Train MSE: 0.0360, r (train): 0.7613, Test MSE: 0.0761, r (test): 0.1490
Epoch: 95, Training Loss: 0.0330, Train MSE: 0.0330, r (train): 0.7801, Test MSE: 0.0706, r (test): 0.1644
Epoch: 96, Training Loss: 0.0398, Train MSE: 0.0398, r (train): 0.7838, Test MSE: 0.0815, r (test): 0.1673
Epoch: 97, Training Loss: 0.0316, Train MSE: 0.0316, r (train): 0.7774, Test MSE: 0.0690, r (test): 0.1580
Epoch: 98, Training Loss: 0.0328, Train MSE: 0.0328, r (train): 0.7763, Test MSE: 0.0722, r (test): 0.1525
Epoch: 99, Training Loss: 0.0326, Train MSE: 0.0326, r (train): 0.7714, Test MSE: 0.0691, r (test): 0.1598
Predicted tensors for training set: 
tensor([ 0.4766,  0.2726,  0.6779,  0.5798,  0.7933,  0.2418,  0.6424,  0.7219,
         0.3328,  0.4027,  0.6984,  0.6428,  0.3996,  0.6978,  0.1132,  0.7194,
         1.1620,  0.0836,  0.9613,  0.3052,  0.8961,  0.2964,  0.1726,  0.4224,
         0.1364,  0.4105,  0.7218,  1.0009, -0.0471,  0.8303,  0.8293,  0.6838,
         0.4372,  0.2066,  0.8361,  0.3775,  0.4384,  0.3760,  1.0513,  0.5547,
         0.3277,  0.4530,  0.6067,  0.4819,  0.6098,  0.4210,  0.9392,  0.3810,
         0.2707,  1.0074,  0.7698,  0.1508,  0.7281,  0.2074,  0.5375,  0.5770,
         0.6859,  0.6442,  0.2682,  0.6611,  0.6582,  0.5127,  0.6477,  0.4040,
         0.6935,  0.7052,  0.4806,  0.4314,  0.2783,  0.6261,  0.7605,  0.5681])
Target tensorsfor training set: 
tensor([0.3077, 0.0389, 0.5187, 0.4640, 0.5564, 0.0981, 0.4341, 0.4526, 0.5780,
        0.6240, 0.9150, 0.9117, 0.5658, 0.8363, 0.2464, 0.9072, 0.9621, 0.0246,
        0.7791, 0.2255, 0.9656, 0.3174, 0.1295, 0.4818, 0.0763, 0.3453, 0.5779,
        0.7950, 0.0478, 0.8411, 0.8453, 0.6992, 0.5719, 0.3309, 0.9492, 0.4373,
        0.1218, 0.0636, 0.4036, 0.1294, 0.5023, 0.7462, 0.8988, 0.7596, 0.5102,
        0.2916, 0.8418, 0.2594, 0.2394, 0.8556, 0.6576, 0.1360, 0.9215, 0.2649,
        0.6595, 0.7372, 0.6846, 0.6199, 0.2169, 0.6577, 0.8728, 0.6671, 0.8391,
        0.5300, 0.7270, 0.7125, 0.5220, 0.4440, 0.3829, 0.7901, 0.9535, 0.7371])
Correlation for training set: 0.7713988105018805
Predicted tensors for test set: 
tensor([0.3555, 0.5329, 0.6332, 0.4685, 0.5911, 0.6775, 0.9521, 0.7145, 0.6249,
        0.2109, 0.4486, 0.4164, 0.5067, 0.5006, 0.7259, 0.4784, 0.3341, 0.6069])
Target tensorsfor test set: 
tensor([0.5783, 0.5573, 0.1055, 0.4149, 0.4993, 0.4654, 0.7497, 0.6465, 0.8561,
        0.7171, 0.7507, 0.5178, 0.2271, 0.1493, 0.9127, 0.8524, 0.4513, 0.7144])
Correlation for test set: 0.15977313725000097
18 5
Fold 2
Epoch: 00, Training Loss: 0.0924, Train MSE: 0.0924, r (train): -0.3350, Test MSE: 0.1022, r (test): -0.0073
Epoch: 01, Training Loss: 0.0807, Train MSE: 0.0807, r (train): -0.2911, Test MSE: 0.0928, r (test): -0.0518
Epoch: 02, Training Loss: 0.0940, Train MSE: 0.0940, r (train): -0.1938, Test MSE: 0.1020, r (test): -0.0399
Epoch: 03, Training Loss: 0.0796, Train MSE: 0.0796, r (train): 0.6042, Test MSE: 0.1045, r (test): -0.0438
Epoch: 04, Training Loss: 0.0943, Train MSE: 0.0943, r (train): 0.6877, Test MSE: 0.1362, r (test): 0.0213
Epoch: 05, Training Loss: 0.9323, Train MSE: 0.9323, r (train): 0.6117, Test MSE: 0.9686, r (test): 0.0321
Epoch: 06, Training Loss: 0.1472, Train MSE: 0.1472, r (train): 0.6460, Test MSE: 0.1719, r (test): 0.0891
Epoch: 07, Training Loss: 2.3450, Train MSE: 2.3450, r (train): 0.5285, Test MSE: 2.2593, r (test): -0.0058
Epoch: 08, Training Loss: 0.1340, Train MSE: 0.1340, r (train): 0.7167, Test MSE: 0.1761, r (test): 0.0454
Epoch: 09, Training Loss: 0.0861, Train MSE: 0.0861, r (train): 0.7558, Test MSE: 0.1693, r (test): 0.0272
Epoch: 10, Training Loss: 0.0260, Train MSE: 0.0260, r (train): 0.8021, Test MSE: 0.1074, r (test): 0.0253
Epoch: 11, Training Loss: 0.0830, Train MSE: 0.0830, r (train): 0.7596, Test MSE: 0.1505, r (test): -0.0531
Epoch: 12, Training Loss: 0.1177, Train MSE: 0.1177, r (train): 0.7759, Test MSE: 0.2083, r (test): -0.0179
Epoch: 13, Training Loss: 0.0617, Train MSE: 0.0617, r (train): 0.7778, Test MSE: 0.1250, r (test): 0.0538
Epoch: 14, Training Loss: 0.0248, Train MSE: 0.0248, r (train): 0.8079, Test MSE: 0.1137, r (test): -0.0387
Epoch: 15, Training Loss: 0.0329, Train MSE: 0.0329, r (train): 0.7954, Test MSE: 0.1110, r (test): -0.0260
Epoch: 16, Training Loss: 0.0263, Train MSE: 0.0263, r (train): 0.8032, Test MSE: 0.1174, r (test): -0.0577
Epoch: 17, Training Loss: 0.0287, Train MSE: 0.0287, r (train): 0.7857, Test MSE: 0.1174, r (test): -0.0449
Epoch: 18, Training Loss: 0.0393, Train MSE: 0.0393, r (train): 0.7751, Test MSE: 0.1214, r (test): 0.0048
Epoch: 19, Training Loss: 0.0302, Train MSE: 0.0302, r (train): 0.7848, Test MSE: 0.1194, r (test): -0.0476
Epoch: 20, Training Loss: 0.0330, Train MSE: 0.0330, r (train): 0.8006, Test MSE: 0.1051, r (test): -0.0187
Epoch: 21, Training Loss: 0.0258, Train MSE: 0.0258, r (train): 0.8337, Test MSE: 0.1112, r (test): -0.0384
Epoch: 22, Training Loss: 0.0423, Train MSE: 0.0423, r (train): 0.7796, Test MSE: 0.1213, r (test): -0.0388
Epoch: 23, Training Loss: 0.0732, Train MSE: 0.0732, r (train): 0.7724, Test MSE: 0.1862, r (test): -0.1188
Epoch: 24, Training Loss: 0.1671, Train MSE: 0.1671, r (train): 0.7150, Test MSE: 0.2403, r (test): -0.0585
Epoch: 25, Training Loss: 0.1397, Train MSE: 0.1397, r (train): 0.7219, Test MSE: 0.2047, r (test): -0.0541
Epoch: 26, Training Loss: 0.0409, Train MSE: 0.0409, r (train): 0.7955, Test MSE: 0.1380, r (test): -0.0834
Epoch: 27, Training Loss: 0.0491, Train MSE: 0.0491, r (train): 0.7717, Test MSE: 0.1518, r (test): -0.0892
Epoch: 28, Training Loss: 0.0984, Train MSE: 0.0984, r (train): 0.6933, Test MSE: 0.1670, r (test): -0.0195
Epoch: 29, Training Loss: 0.1227, Train MSE: 0.1227, r (train): 0.7645, Test MSE: 0.2155, r (test): -0.0597
Epoch: 30, Training Loss: 0.0458, Train MSE: 0.0458, r (train): 0.8003, Test MSE: 0.1299, r (test): -0.0331
Epoch: 31, Training Loss: 0.0515, Train MSE: 0.0515, r (train): 0.7724, Test MSE: 0.1453, r (test): -0.0371
Epoch: 32, Training Loss: 0.0533, Train MSE: 0.0533, r (train): 0.7608, Test MSE: 0.1382, r (test): -0.0168
Epoch: 33, Training Loss: 0.1223, Train MSE: 0.1223, r (train): 0.7380, Test MSE: 0.2137, r (test): -0.0122
Epoch: 34, Training Loss: 0.0373, Train MSE: 0.0373, r (train): 0.7665, Test MSE: 0.1296, r (test): -0.0514
Epoch: 35, Training Loss: 0.0318, Train MSE: 0.0318, r (train): 0.7744, Test MSE: 0.1001, r (test): 0.0438
Epoch: 36, Training Loss: 1.0252, Train MSE: 1.0252, r (train): 0.5943, Test MSE: 1.0741, r (test): -0.0151
Epoch: 37, Training Loss: 0.0966, Train MSE: 0.0966, r (train): 0.8104, Test MSE: 0.2163, r (test): -0.1213
Epoch: 38, Training Loss: 0.0502, Train MSE: 0.0502, r (train): 0.7997, Test MSE: 0.1545, r (test): -0.0331
Epoch: 39, Training Loss: 0.1470, Train MSE: 0.1470, r (train): 0.6528, Test MSE: 0.2109, r (test): 0.0192
Epoch: 40, Training Loss: 0.0314, Train MSE: 0.0314, r (train): 0.8165, Test MSE: 0.1068, r (test): 0.0064
Epoch: 41, Training Loss: 0.0255, Train MSE: 0.0255, r (train): 0.8460, Test MSE: 0.1074, r (test): -0.0683
Epoch: 42, Training Loss: 0.0564, Train MSE: 0.0564, r (train): 0.8465, Test MSE: 0.1647, r (test): -0.0865
Epoch: 43, Training Loss: 0.2211, Train MSE: 0.2211, r (train): 0.7754, Test MSE: 0.3139, r (test): -0.0948
Epoch: 44, Training Loss: 0.0939, Train MSE: 0.0939, r (train): 0.7050, Test MSE: 0.1553, r (test): 0.0761
Epoch: 45, Training Loss: 0.0240, Train MSE: 0.0240, r (train): 0.8401, Test MSE: 0.1190, r (test): -0.0687
Epoch: 46, Training Loss: 0.0410, Train MSE: 0.0410, r (train): 0.8219, Test MSE: 0.1442, r (test): -0.0944
Epoch: 47, Training Loss: 0.0490, Train MSE: 0.0490, r (train): 0.7984, Test MSE: 0.1442, r (test): -0.0542
Epoch: 48, Training Loss: 0.1535, Train MSE: 0.1535, r (train): 0.8062, Test MSE: 0.2533, r (test): -0.0880
Epoch: 49, Training Loss: 0.0250, Train MSE: 0.0250, r (train): 0.8420, Test MSE: 0.1341, r (test): -0.0832
Epoch: 50, Training Loss: 0.0229, Train MSE: 0.0229, r (train): 0.8293, Test MSE: 0.1320, r (test): -0.0668
Epoch: 51, Training Loss: 0.0373, Train MSE: 0.0373, r (train): 0.7941, Test MSE: 0.1219, r (test): -0.0194
Epoch: 52, Training Loss: 0.0253, Train MSE: 0.0253, r (train): 0.8394, Test MSE: 0.1149, r (test): -0.0696
Epoch: 53, Training Loss: 0.0427, Train MSE: 0.0427, r (train): 0.8580, Test MSE: 0.1532, r (test): -0.1037
Epoch: 54, Training Loss: 0.0762, Train MSE: 0.0762, r (train): 0.8073, Test MSE: 0.1865, r (test): -0.0897
Epoch: 55, Training Loss: 0.0285, Train MSE: 0.0285, r (train): 0.8263, Test MSE: 0.1155, r (test): -0.0034
Epoch: 56, Training Loss: 0.0298, Train MSE: 0.0298, r (train): 0.8307, Test MSE: 0.1225, r (test): -0.0632
Epoch: 57, Training Loss: 0.0196, Train MSE: 0.0196, r (train): 0.8532, Test MSE: 0.1387, r (test): -0.1288
Epoch: 58, Training Loss: 0.0280, Train MSE: 0.0280, r (train): 0.8326, Test MSE: 0.1454, r (test): -0.0988
Epoch: 59, Training Loss: 0.0371, Train MSE: 0.0371, r (train): 0.8190, Test MSE: 0.1341, r (test): -0.0512
Epoch: 60, Training Loss: 0.0206, Train MSE: 0.0206, r (train): 0.8470, Test MSE: 0.1148, r (test): -0.0636
Epoch: 61, Training Loss: 0.0225, Train MSE: 0.0225, r (train): 0.8235, Test MSE: 0.1330, r (test): -0.1163
Epoch: 62, Training Loss: 0.0226, Train MSE: 0.0226, r (train): 0.8428, Test MSE: 0.1390, r (test): -0.0978
Epoch: 63, Training Loss: 0.0202, Train MSE: 0.0202, r (train): 0.8445, Test MSE: 0.1281, r (test): -0.1112
Epoch: 64, Training Loss: 0.0195, Train MSE: 0.0195, r (train): 0.8474, Test MSE: 0.1290, r (test): -0.0940
Epoch: 65, Training Loss: 0.0462, Train MSE: 0.0462, r (train): 0.8145, Test MSE: 0.1512, r (test): -0.0746
Epoch: 66, Training Loss: 0.0193, Train MSE: 0.0193, r (train): 0.8484, Test MSE: 0.1228, r (test): -0.0663
Epoch: 67, Training Loss: 0.0194, Train MSE: 0.0194, r (train): 0.8636, Test MSE: 0.1323, r (test): -0.1014
Epoch: 68, Training Loss: 0.0396, Train MSE: 0.0396, r (train): 0.8353, Test MSE: 0.1588, r (test): -0.1175
Epoch: 69, Training Loss: 0.0333, Train MSE: 0.0333, r (train): 0.8258, Test MSE: 0.1336, r (test): -0.0790
Epoch: 70, Training Loss: 0.0466, Train MSE: 0.0466, r (train): 0.8233, Test MSE: 0.1466, r (test): -0.0809
Epoch: 71, Training Loss: 0.0279, Train MSE: 0.0279, r (train): 0.8517, Test MSE: 0.1486, r (test): -0.0870
Epoch: 72, Training Loss: 0.0489, Train MSE: 0.0489, r (train): 0.8197, Test MSE: 0.1637, r (test): -0.0872
Epoch: 73, Training Loss: 0.0206, Train MSE: 0.0206, r (train): 0.8529, Test MSE: 0.1217, r (test): -0.0820
Epoch: 74, Training Loss: 0.0351, Train MSE: 0.0351, r (train): 0.8328, Test MSE: 0.1379, r (test): -0.1084
Epoch: 75, Training Loss: 0.0285, Train MSE: 0.0285, r (train): 0.8346, Test MSE: 0.1466, r (test): -0.1032
Epoch: 76, Training Loss: 0.0239, Train MSE: 0.0239, r (train): 0.8364, Test MSE: 0.1350, r (test): -0.0868
Epoch: 77, Training Loss: 0.0189, Train MSE: 0.0189, r (train): 0.8532, Test MSE: 0.1262, r (test): -0.0797
Epoch: 78, Training Loss: 0.0219, Train MSE: 0.0219, r (train): 0.8463, Test MSE: 0.1359, r (test): -0.1011
Epoch: 79, Training Loss: 0.0208, Train MSE: 0.0208, r (train): 0.8402, Test MSE: 0.1298, r (test): -0.0803
Epoch: 80, Training Loss: 0.0226, Train MSE: 0.0226, r (train): 0.8447, Test MSE: 0.1322, r (test): -0.0916
Epoch: 81, Training Loss: 0.0195, Train MSE: 0.0195, r (train): 0.8504, Test MSE: 0.1327, r (test): -0.0891
Epoch: 82, Training Loss: 0.0204, Train MSE: 0.0204, r (train): 0.8451, Test MSE: 0.1330, r (test): -0.0874
Epoch: 83, Training Loss: 0.0198, Train MSE: 0.0198, r (train): 0.8473, Test MSE: 0.1291, r (test): -0.0859
Epoch: 84, Training Loss: 0.0209, Train MSE: 0.0209, r (train): 0.8471, Test MSE: 0.1302, r (test): -0.0878
Epoch: 85, Training Loss: 0.0211, Train MSE: 0.0211, r (train): 0.8466, Test MSE: 0.1345, r (test): -0.0945
Epoch: 86, Training Loss: 0.0202, Train MSE: 0.0202, r (train): 0.8455, Test MSE: 0.1318, r (test): -0.0867
Epoch: 87, Training Loss: 0.0198, Train MSE: 0.0198, r (train): 0.8483, Test MSE: 0.1300, r (test): -0.0873
Epoch: 88, Training Loss: 0.0201, Train MSE: 0.0201, r (train): 0.8484, Test MSE: 0.1311, r (test): -0.0910
Epoch: 89, Training Loss: 0.0210, Train MSE: 0.0210, r (train): 0.8459, Test MSE: 0.1320, r (test): -0.0888
Epoch: 90, Training Loss: 0.0208, Train MSE: 0.0208, r (train): 0.8462, Test MSE: 0.1322, r (test): -0.0904
Epoch: 91, Training Loss: 0.0200, Train MSE: 0.0200, r (train): 0.8476, Test MSE: 0.1311, r (test): -0.0878
Epoch: 92, Training Loss: 0.0200, Train MSE: 0.0200, r (train): 0.8480, Test MSE: 0.1319, r (test): -0.0896
Epoch: 93, Training Loss: 0.0200, Train MSE: 0.0200, r (train): 0.8472, Test MSE: 0.1309, r (test): -0.0879
Epoch: 94, Training Loss: 0.0207, Train MSE: 0.0207, r (train): 0.8468, Test MSE: 0.1305, r (test): -0.0878
Epoch: 95, Training Loss: 0.0209, Train MSE: 0.0209, r (train): 0.8473, Test MSE: 0.1322, r (test): -0.0916
Epoch: 96, Training Loss: 0.0206, Train MSE: 0.0206, r (train): 0.8461, Test MSE: 0.1327, r (test): -0.0898
Epoch: 97, Training Loss: 0.0201, Train MSE: 0.0201, r (train): 0.8470, Test MSE: 0.1320, r (test): -0.0887
Epoch: 98, Training Loss: 0.0196, Train MSE: 0.0196, r (train): 0.8483, Test MSE: 0.1298, r (test): -0.0873
Epoch: 99, Training Loss: 0.0203, Train MSE: 0.0203, r (train): 0.8485, Test MSE: 0.1303, r (test): -0.0896
Predicted tensors for training set: 
tensor([ 0.7647,  0.6752,  0.1684,  0.5466,  0.6147,  0.5719,  0.9067,  0.7678,
         0.7411,  0.6037,  0.6570,  0.4334,  0.2517,  0.1684,  0.9494,  0.8879,
         0.4862,  0.7026,  0.7685,  0.2873,  0.9505,  0.2897,  0.1418,  0.4700,
         0.1892,  0.5418,  0.7827,  1.0818, -0.0368,  0.7672,  0.7797,  0.6463,
         0.6247,  0.4336,  1.0037,  0.4747,  0.4090,  0.3409,  1.0609,  0.4975,
         0.4277,  0.6085,  0.7276,  0.6109,  0.5277,  0.3174,  0.8729,  0.2915,
         0.2272,  0.9568,  0.7081,  0.1203,  0.7767,  0.2076,  0.5504,  0.6142,
         0.7338,  0.6790,  0.2713,  0.7034,  0.7490,  0.5664,  0.7158,  0.4311,
         0.7782,  0.7466,  0.6128,  0.5239,  0.2810,  0.6180,  0.7653,  0.5539])
Target tensorsfor training set: 
tensor([0.5783, 0.5573, 0.1055, 0.4149, 0.4993, 0.4654, 0.7497, 0.6465, 0.8561,
        0.7171, 0.7507, 0.5178, 0.2271, 0.1493, 0.9127, 0.8524, 0.4513, 0.7144,
        0.7791, 0.2255, 0.9656, 0.3174, 0.1295, 0.4818, 0.0763, 0.3453, 0.5779,
        0.7950, 0.0478, 0.8411, 0.8453, 0.6992, 0.5719, 0.3309, 0.9492, 0.4373,
        0.1218, 0.0636, 0.4036, 0.1294, 0.5023, 0.7462, 0.8988, 0.7596, 0.5102,
        0.2916, 0.8418, 0.2594, 0.2394, 0.8556, 0.6576, 0.1360, 0.9215, 0.2649,
        0.6595, 0.7372, 0.6846, 0.6199, 0.2169, 0.6577, 0.8728, 0.6671, 0.8391,
        0.5300, 0.7270, 0.7125, 0.5220, 0.4440, 0.3829, 0.7901, 0.9535, 0.7371])
Correlation for training set: 0.8484684392826377
Predicted tensors for test set: 
tensor([0.5543, 0.4647, 0.3704, 0.5973, 0.6602, 0.4851, 0.4759, 0.6901, 0.7129,
        0.3410, 0.3192, 0.7561, 0.8392, 0.5349, 0.2141, 0.2283, 0.5838, 0.7975])
Target tensorsfor test set: 
tensor([0.3077, 0.0389, 0.5187, 0.4640, 0.5564, 0.0981, 0.4341, 0.4526, 0.5780,
        0.6240, 0.9150, 0.9117, 0.5658, 0.8363, 0.2464, 0.9072, 0.9621, 0.0246])
Correlation for test set: -0.08959197714853785
18 5
Fold 3
Epoch: 00, Training Loss: 0.0744, Train MSE: 0.0744, r (train): -0.1976, Test MSE: 0.0881, r (test): -0.3241
Epoch: 01, Training Loss: 0.0693, Train MSE: 0.0693, r (train): -0.1836, Test MSE: 0.0888, r (test): -0.2594
Epoch: 02, Training Loss: 0.0823, Train MSE: 0.0823, r (train): -0.1694, Test MSE: 0.0952, r (test): -0.2137
Epoch: 03, Training Loss: 0.1185, Train MSE: 0.1185, r (train): 0.5557, Test MSE: 0.1332, r (test): -0.1460
Epoch: 04, Training Loss: 0.0487, Train MSE: 0.0487, r (train): 0.7116, Test MSE: 0.1082, r (test): 0.2603
Epoch: 05, Training Loss: 0.0447, Train MSE: 0.0447, r (train): 0.6508, Test MSE: 0.0917, r (test): 0.2496
Epoch: 06, Training Loss: 0.5884, Train MSE: 0.5884, r (train): 0.1843, Test MSE: 0.5902, r (test): -0.2397
Epoch: 07, Training Loss: 1.1789, Train MSE: 1.1789, r (train): 0.5925, Test MSE: 1.2664, r (test): 0.1979
Epoch: 08, Training Loss: 1.8186, Train MSE: 1.8186, r (train): 0.5838, Test MSE: 1.9422, r (test): 0.1083
Epoch: 09, Training Loss: 0.0321, Train MSE: 0.0321, r (train): 0.7552, Test MSE: 0.1467, r (test): -0.2721
Epoch: 10, Training Loss: 0.0735, Train MSE: 0.0735, r (train): 0.7511, Test MSE: 0.1578, r (test): -0.0895
Epoch: 11, Training Loss: 0.0311, Train MSE: 0.0311, r (train): 0.7668, Test MSE: 0.1140, r (test): -0.1292
Epoch: 12, Training Loss: 0.0368, Train MSE: 0.0368, r (train): 0.8018, Test MSE: 0.1345, r (test): -0.1424
Epoch: 13, Training Loss: 0.1094, Train MSE: 0.1094, r (train): 0.7848, Test MSE: 0.2084, r (test): 0.0731
Epoch: 14, Training Loss: 0.0597, Train MSE: 0.0597, r (train): 0.7644, Test MSE: 0.1517, r (test): -0.2462
Epoch: 15, Training Loss: 0.0247, Train MSE: 0.0247, r (train): 0.8031, Test MSE: 0.1091, r (test): 0.0348
Epoch: 16, Training Loss: 0.0249, Train MSE: 0.0249, r (train): 0.8007, Test MSE: 0.1128, r (test): -0.0780
Epoch: 17, Training Loss: 0.0296, Train MSE: 0.0296, r (train): 0.7886, Test MSE: 0.1206, r (test): -0.1426
Epoch: 18, Training Loss: 0.0269, Train MSE: 0.0269, r (train): 0.7953, Test MSE: 0.1137, r (test): 0.0054
Epoch: 19, Training Loss: 0.0366, Train MSE: 0.0366, r (train): 0.7592, Test MSE: 0.1272, r (test): -0.1994
Epoch: 20, Training Loss: 0.0336, Train MSE: 0.0336, r (train): 0.7830, Test MSE: 0.1191, r (test): -0.0204
Epoch: 21, Training Loss: 0.0462, Train MSE: 0.0462, r (train): 0.7710, Test MSE: 0.1234, r (test): 0.0503
Epoch: 22, Training Loss: 0.0368, Train MSE: 0.0368, r (train): 0.7644, Test MSE: 0.1328, r (test): -0.2551
Epoch: 23, Training Loss: 0.0453, Train MSE: 0.0453, r (train): 0.7800, Test MSE: 0.1338, r (test): 0.0261
Epoch: 24, Training Loss: 0.0698, Train MSE: 0.0698, r (train): 0.7225, Test MSE: 0.1645, r (test): -0.2307
Epoch: 25, Training Loss: 0.0496, Train MSE: 0.0496, r (train): 0.7697, Test MSE: 0.1282, r (test): 0.0104
Epoch: 26, Training Loss: 0.1338, Train MSE: 0.1338, r (train): 0.7460, Test MSE: 0.2218, r (test): 0.0852
Epoch: 27, Training Loss: 0.1264, Train MSE: 0.1264, r (train): 0.6988, Test MSE: 0.2193, r (test): -0.2939
Epoch: 28, Training Loss: 0.1666, Train MSE: 0.1666, r (train): 0.7733, Test MSE: 0.2577, r (test): 0.0312
Epoch: 29, Training Loss: 0.0589, Train MSE: 0.0589, r (train): 0.7245, Test MSE: 0.1432, r (test): -0.1902
Epoch: 30, Training Loss: 0.0365, Train MSE: 0.0365, r (train): 0.7568, Test MSE: 0.1099, r (test): -0.0124
Epoch: 31, Training Loss: 0.2005, Train MSE: 0.2005, r (train): 0.7443, Test MSE: 0.2881, r (test): 0.0982
Epoch: 32, Training Loss: 0.1206, Train MSE: 0.1206, r (train): 0.7169, Test MSE: 0.2252, r (test): -0.2677
Epoch: 33, Training Loss: 0.0693, Train MSE: 0.0693, r (train): 0.7777, Test MSE: 0.1534, r (test): 0.0194
Epoch: 34, Training Loss: 0.0276, Train MSE: 0.0276, r (train): 0.7786, Test MSE: 0.1047, r (test): -0.0407
Epoch: 35, Training Loss: 0.0269, Train MSE: 0.0269, r (train): 0.7957, Test MSE: 0.1073, r (test): 0.0146
Epoch: 36, Training Loss: 0.0676, Train MSE: 0.0676, r (train): 0.7663, Test MSE: 0.1613, r (test): -0.1210
Epoch: 37, Training Loss: 0.0281, Train MSE: 0.0281, r (train): 0.7833, Test MSE: 0.1318, r (test): -0.1772
Epoch: 38, Training Loss: 0.0346, Train MSE: 0.0346, r (train): 0.7727, Test MSE: 0.1219, r (test): -0.0912
Epoch: 39, Training Loss: 0.0280, Train MSE: 0.0280, r (train): 0.7699, Test MSE: 0.1142, r (test): -0.0699
Epoch: 40, Training Loss: 0.0334, Train MSE: 0.0334, r (train): 0.7217, Test MSE: 0.1253, r (test): -0.1750
Epoch: 41, Training Loss: 0.0903, Train MSE: 0.0903, r (train): 0.7393, Test MSE: 0.1766, r (test): -0.0603
Epoch: 42, Training Loss: 0.0553, Train MSE: 0.0553, r (train): 0.6589, Test MSE: 0.1529, r (test): -0.3171
Epoch: 43, Training Loss: 0.3729, Train MSE: 0.3729, r (train): 0.7678, Test MSE: 0.4863, r (test): -0.0268
Epoch: 44, Training Loss: 0.0612, Train MSE: 0.0612, r (train): 0.7864, Test MSE: 0.1581, r (test): -0.1005
Epoch: 45, Training Loss: 0.1740, Train MSE: 0.1740, r (train): 0.7258, Test MSE: 0.2569, r (test): 0.1262
Epoch: 46, Training Loss: 0.1889, Train MSE: 0.1889, r (train): 0.6777, Test MSE: 0.2997, r (test): -0.2655
Epoch: 47, Training Loss: 0.0629, Train MSE: 0.0629, r (train): 0.7277, Test MSE: 0.1709, r (test): -0.2786
Epoch: 48, Training Loss: 0.0873, Train MSE: 0.0873, r (train): 0.7401, Test MSE: 0.1605, r (test): 0.0132
Epoch: 49, Training Loss: 0.1023, Train MSE: 0.1023, r (train): 0.7768, Test MSE: 0.1979, r (test): -0.0536
Epoch: 50, Training Loss: 0.0257, Train MSE: 0.0257, r (train): 0.7918, Test MSE: 0.1142, r (test): -0.1308
Epoch: 51, Training Loss: 0.0673, Train MSE: 0.0673, r (train): 0.7871, Test MSE: 0.1531, r (test): 0.0427
Epoch: 52, Training Loss: 0.0653, Train MSE: 0.0653, r (train): 0.7630, Test MSE: 0.1660, r (test): -0.2184
Epoch: 53, Training Loss: 0.0276, Train MSE: 0.0276, r (train): 0.7839, Test MSE: 0.1234, r (test): -0.1395
Epoch: 54, Training Loss: 0.0412, Train MSE: 0.0412, r (train): 0.7964, Test MSE: 0.1369, r (test): -0.1108
Epoch: 55, Training Loss: 0.0645, Train MSE: 0.0645, r (train): 0.7932, Test MSE: 0.1513, r (test): -0.0167
Epoch: 56, Training Loss: 0.0268, Train MSE: 0.0268, r (train): 0.7908, Test MSE: 0.1172, r (test): -0.0827
Epoch: 57, Training Loss: 0.0307, Train MSE: 0.0307, r (train): 0.7704, Test MSE: 0.1208, r (test): -0.1538
Epoch: 58, Training Loss: 0.0321, Train MSE: 0.0321, r (train): 0.7817, Test MSE: 0.1274, r (test): -0.1350
Epoch: 59, Training Loss: 0.0328, Train MSE: 0.0328, r (train): 0.7967, Test MSE: 0.1303, r (test): -0.1098
Epoch: 60, Training Loss: 0.0431, Train MSE: 0.0431, r (train): 0.7920, Test MSE: 0.1338, r (test): -0.0253
Epoch: 61, Training Loss: 0.0285, Train MSE: 0.0285, r (train): 0.7747, Test MSE: 0.1177, r (test): -0.1219
Epoch: 62, Training Loss: 0.0337, Train MSE: 0.0337, r (train): 0.7863, Test MSE: 0.1261, r (test): -0.1049
Epoch: 63, Training Loss: 0.0265, Train MSE: 0.0265, r (train): 0.7886, Test MSE: 0.1287, r (test): -0.1778
Epoch: 64, Training Loss: 0.0288, Train MSE: 0.0288, r (train): 0.7916, Test MSE: 0.1212, r (test): -0.0609
Epoch: 65, Training Loss: 0.0310, Train MSE: 0.0310, r (train): 0.7802, Test MSE: 0.1194, r (test): -0.0758
Epoch: 66, Training Loss: 0.0324, Train MSE: 0.0324, r (train): 0.7876, Test MSE: 0.1240, r (test): -0.0711
Epoch: 67, Training Loss: 0.0278, Train MSE: 0.0278, r (train): 0.7845, Test MSE: 0.1297, r (test): -0.1738
Epoch: 68, Training Loss: 0.0255, Train MSE: 0.0255, r (train): 0.7939, Test MSE: 0.1186, r (test): -0.1137
Epoch: 69, Training Loss: 0.0472, Train MSE: 0.0472, r (train): 0.7882, Test MSE: 0.1345, r (test): -0.0177
Epoch: 70, Training Loss: 0.0313, Train MSE: 0.0313, r (train): 0.7768, Test MSE: 0.1287, r (test): -0.1352
Epoch: 71, Training Loss: 0.0300, Train MSE: 0.0300, r (train): 0.7775, Test MSE: 0.1229, r (test): -0.1297
Epoch: 72, Training Loss: 0.0311, Train MSE: 0.0311, r (train): 0.7940, Test MSE: 0.1136, r (test): -0.0083
Epoch: 73, Training Loss: 0.0249, Train MSE: 0.0249, r (train): 0.8014, Test MSE: 0.1153, r (test): -0.0652
Epoch: 74, Training Loss: 0.0276, Train MSE: 0.0276, r (train): 0.7841, Test MSE: 0.1250, r (test): -0.1614
Epoch: 75, Training Loss: 0.0749, Train MSE: 0.0749, r (train): 0.7704, Test MSE: 0.1580, r (test): 0.0422
Epoch: 76, Training Loss: 0.0257, Train MSE: 0.0257, r (train): 0.7918, Test MSE: 0.1217, r (test): -0.1528
Epoch: 77, Training Loss: 0.0258, Train MSE: 0.0258, r (train): 0.7984, Test MSE: 0.1207, r (test): -0.0935
Epoch: 78, Training Loss: 0.0264, Train MSE: 0.0264, r (train): 0.7930, Test MSE: 0.1132, r (test): -0.0634
Epoch: 79, Training Loss: 0.0248, Train MSE: 0.0248, r (train): 0.7990, Test MSE: 0.1139, r (test): -0.0947
Epoch: 80, Training Loss: 0.0422, Train MSE: 0.0422, r (train): 0.7977, Test MSE: 0.1314, r (test): -0.0324
Epoch: 81, Training Loss: 0.0260, Train MSE: 0.0260, r (train): 0.7917, Test MSE: 0.1196, r (test): -0.1220
Epoch: 82, Training Loss: 0.0259, Train MSE: 0.0259, r (train): 0.8013, Test MSE: 0.1118, r (test): -0.0471
Epoch: 83, Training Loss: 0.0250, Train MSE: 0.0250, r (train): 0.8007, Test MSE: 0.1128, r (test): -0.0435
Epoch: 84, Training Loss: 0.0322, Train MSE: 0.0322, r (train): 0.7880, Test MSE: 0.1288, r (test): -0.1506
Epoch: 85, Training Loss: 0.0457, Train MSE: 0.0457, r (train): 0.7889, Test MSE: 0.1301, r (test): -0.0114
Epoch: 86, Training Loss: 0.0381, Train MSE: 0.0381, r (train): 0.7987, Test MSE: 0.1276, r (test): -0.0652
Epoch: 87, Training Loss: 0.0274, Train MSE: 0.0274, r (train): 0.7986, Test MSE: 0.1243, r (test): -0.1228
Epoch: 88, Training Loss: 0.0272, Train MSE: 0.0272, r (train): 0.7917, Test MSE: 0.1191, r (test): -0.1136
Epoch: 89, Training Loss: 0.0276, Train MSE: 0.0276, r (train): 0.7992, Test MSE: 0.1117, r (test): -0.0310
Epoch: 90, Training Loss: 0.0320, Train MSE: 0.0320, r (train): 0.7994, Test MSE: 0.1218, r (test): -0.0646
Epoch: 91, Training Loss: 0.0274, Train MSE: 0.0274, r (train): 0.7952, Test MSE: 0.1193, r (test): -0.0983
Epoch: 92, Training Loss: 0.0323, Train MSE: 0.0323, r (train): 0.7967, Test MSE: 0.1168, r (test): -0.0314
Epoch: 93, Training Loss: 0.0254, Train MSE: 0.0254, r (train): 0.7989, Test MSE: 0.1162, r (test): -0.0855
Epoch: 94, Training Loss: 0.0306, Train MSE: 0.0306, r (train): 0.7871, Test MSE: 0.1284, r (test): -0.1398
Epoch: 95, Training Loss: 0.0353, Train MSE: 0.0353, r (train): 0.7839, Test MSE: 0.1186, r (test): -0.0367
Epoch: 96, Training Loss: 0.0431, Train MSE: 0.0431, r (train): 0.7999, Test MSE: 0.1312, r (test): -0.0626
Epoch: 97, Training Loss: 0.0277, Train MSE: 0.0277, r (train): 0.8018, Test MSE: 0.1204, r (test): -0.0708
Epoch: 98, Training Loss: 0.0399, Train MSE: 0.0399, r (train): 0.7717, Test MSE: 0.1382, r (test): -0.1810
Epoch: 99, Training Loss: 0.0253, Train MSE: 0.0253, r (train): 0.7967, Test MSE: 0.1084, r (test): -0.0469
Predicted tensors for training set: 
tensor([0.5993, 0.5631, 0.2351, 0.4584, 0.6261, 0.5638, 0.8625, 0.7247, 0.8107,
        0.6672, 0.7230, 0.5265, 0.2562, 0.1816, 0.8994, 0.8293, 0.6602, 0.8513,
        0.5456, 0.2942, 0.6808, 0.6173, 0.7157, 0.3071, 0.5896, 0.6626, 0.6633,
        0.8135, 0.6641, 0.6643, 0.3143, 0.5983, 0.2979, 1.0049, 1.0515, 0.0469,
        0.5022, 0.4757, 0.7606, 0.6291, 0.3905, 0.5925, 0.6874, 0.6175, 0.5122,
        0.3277, 0.8254, 0.3078, 0.2520, 0.8395, 0.6509, 0.1760, 0.7258, 0.2032,
        0.5163, 0.5868, 0.6120, 0.5758, 0.2162, 0.5747, 0.7390, 0.5224, 0.6890,
        0.4062, 0.7224, 0.6825, 0.5591, 0.4924, 0.2756, 0.6205, 0.8032, 0.5597])
Target tensorsfor training set: 
tensor([0.5783, 0.5573, 0.1055, 0.4149, 0.4993, 0.4654, 0.7497, 0.6465, 0.8561,
        0.7171, 0.7507, 0.5178, 0.2271, 0.1493, 0.9127, 0.8524, 0.4513, 0.7144,
        0.3077, 0.0389, 0.5187, 0.4640, 0.5564, 0.0981, 0.4341, 0.4526, 0.5780,
        0.6240, 0.9150, 0.9117, 0.5658, 0.8363, 0.2464, 0.9072, 0.9621, 0.0246,
        0.1218, 0.0636, 0.4036, 0.1294, 0.5023, 0.7462, 0.8988, 0.7596, 0.5102,
        0.2916, 0.8418, 0.2594, 0.2394, 0.8556, 0.6576, 0.1360, 0.9215, 0.2649,
        0.6595, 0.7372, 0.6846, 0.6199, 0.2169, 0.6577, 0.8728, 0.6671, 0.8391,
        0.5300, 0.7270, 0.7125, 0.5220, 0.4440, 0.3829, 0.7901, 0.9535, 0.7371])
Correlation for training set: 0.796687044123574
Predicted tensors for test set: 
tensor([0.5184, 0.7140, 0.4477, 0.3154, 0.5326, 0.3195, 0.7068, 0.5488, 0.4510,
        0.6364, 0.5580, 0.6916, 0.6511, 0.2512, 0.6112, 0.3628, 0.5451, 0.5800])
Target tensorsfor test set: 
tensor([0.7791, 0.2255, 0.9656, 0.3174, 0.1295, 0.4818, 0.0763, 0.3453, 0.5779,
        0.7950, 0.0478, 0.8411, 0.8453, 0.6992, 0.5719, 0.3309, 0.9492, 0.4373])
Correlation for test set: -0.046876598520027755
18 5
Fold 4
Epoch: 00, Training Loss: 0.0694, Train MSE: 0.0694, r (train): -0.1892, Test MSE: 0.0885, r (test): -0.0839
Epoch: 01, Training Loss: 0.0898, Train MSE: 0.0898, r (train): -0.1980, Test MSE: 0.0905, r (test): -0.0932
Epoch: 02, Training Loss: 0.0848, Train MSE: 0.0848, r (train): -0.0235, Test MSE: 0.0889, r (test): -0.1033
Epoch: 03, Training Loss: 0.1200, Train MSE: 0.1200, r (train): 0.4417, Test MSE: 0.1111, r (test): -0.2829
Epoch: 04, Training Loss: 1.0526, Train MSE: 1.0526, r (train): 0.4418, Test MSE: 1.1722, r (test): 0.1257
Epoch: 05, Training Loss: 0.2672, Train MSE: 0.2672, r (train): 0.6335, Test MSE: 0.2242, r (test): -0.0221
Epoch: 06, Training Loss: 0.0395, Train MSE: 0.0395, r (train): 0.7637, Test MSE: 0.1435, r (test): 0.0145
Epoch: 07, Training Loss: 0.4227, Train MSE: 0.4227, r (train): 0.6732, Test MSE: 0.6195, r (test): 0.1186
Epoch: 08, Training Loss: 0.2537, Train MSE: 0.2537, r (train): 0.5880, Test MSE: 0.2136, r (test): -0.1719
Epoch: 09, Training Loss: 0.0618, Train MSE: 0.0618, r (train): 0.7725, Test MSE: 0.1925, r (test): 0.0284
Epoch: 10, Training Loss: 0.3005, Train MSE: 0.3005, r (train): 0.6897, Test MSE: 0.4592, r (test): 0.0456
Epoch: 11, Training Loss: 0.0521, Train MSE: 0.0521, r (train): 0.7607, Test MSE: 0.1552, r (test): 0.1720
Epoch: 12, Training Loss: 0.1699, Train MSE: 0.1699, r (train): 0.6322, Test MSE: 0.1502, r (test): -0.3130
Epoch: 13, Training Loss: 0.0248, Train MSE: 0.0248, r (train): 0.8225, Test MSE: 0.0918, r (test): 0.1487
Epoch: 14, Training Loss: 0.0956, Train MSE: 0.0956, r (train): 0.7902, Test MSE: 0.2497, r (test): 0.0635
Epoch: 15, Training Loss: 0.0670, Train MSE: 0.0670, r (train): 0.7605, Test MSE: 0.1076, r (test): -0.2577
Epoch: 16, Training Loss: 0.0246, Train MSE: 0.0246, r (train): 0.7999, Test MSE: 0.1086, r (test): -0.0055
Epoch: 17, Training Loss: 0.0519, Train MSE: 0.0519, r (train): 0.7497, Test MSE: 0.0999, r (test): -0.1504
Epoch: 18, Training Loss: 0.0294, Train MSE: 0.0294, r (train): 0.7824, Test MSE: 0.1181, r (test): -0.0024
Epoch: 19, Training Loss: 0.0450, Train MSE: 0.0450, r (train): 0.7803, Test MSE: 0.1744, r (test): -0.0298
Epoch: 20, Training Loss: 0.0527, Train MSE: 0.0527, r (train): 0.7316, Test MSE: 0.0978, r (test): -0.2285
Epoch: 21, Training Loss: 0.0954, Train MSE: 0.0954, r (train): 0.7911, Test MSE: 0.2530, r (test): 0.0816
Epoch: 22, Training Loss: 0.0279, Train MSE: 0.0279, r (train): 0.7743, Test MSE: 0.1204, r (test): -0.0828
Epoch: 23, Training Loss: 0.0357, Train MSE: 0.0357, r (train): 0.7560, Test MSE: 0.0992, r (test): -0.0990
Epoch: 24, Training Loss: 0.0356, Train MSE: 0.0356, r (train): 0.7759, Test MSE: 0.1433, r (test): 0.0509
Epoch: 25, Training Loss: 0.0405, Train MSE: 0.0405, r (train): 0.7745, Test MSE: 0.1689, r (test): -0.1475
Epoch: 26, Training Loss: 0.0359, Train MSE: 0.0359, r (train): 0.7562, Test MSE: 0.0979, r (test): -0.0273
Epoch: 27, Training Loss: 0.0673, Train MSE: 0.0673, r (train): 0.7631, Test MSE: 0.2095, r (test): -0.1205
Epoch: 28, Training Loss: 0.0317, Train MSE: 0.0317, r (train): 0.7554, Test MSE: 0.1081, r (test): 0.0351
Epoch: 29, Training Loss: 0.0390, Train MSE: 0.0390, r (train): 0.7693, Test MSE: 0.1603, r (test): -0.0736
Epoch: 30, Training Loss: 0.0317, Train MSE: 0.0317, r (train): 0.7721, Test MSE: 0.1357, r (test): -0.0411
Epoch: 31, Training Loss: 0.0281, Train MSE: 0.0281, r (train): 0.7806, Test MSE: 0.1276, r (test): -0.0395
Epoch: 32, Training Loss: 0.0321, Train MSE: 0.0321, r (train): 0.7707, Test MSE: 0.1024, r (test): -0.0256
Epoch: 33, Training Loss: 0.0269, Train MSE: 0.0269, r (train): 0.7866, Test MSE: 0.1212, r (test): 0.0457
Epoch: 34, Training Loss: 0.0260, Train MSE: 0.0260, r (train): 0.7940, Test MSE: 0.1232, r (test): -0.0272
Epoch: 35, Training Loss: 0.0665, Train MSE: 0.0665, r (train): 0.7479, Test MSE: 0.1014, r (test): 0.0155
Epoch: 36, Training Loss: 0.0352, Train MSE: 0.0352, r (train): 0.7548, Test MSE: 0.1424, r (test): -0.0937
Epoch: 37, Training Loss: 0.0337, Train MSE: 0.0337, r (train): 0.7210, Test MSE: 0.1129, r (test): -0.2857
Epoch: 38, Training Loss: 0.1332, Train MSE: 0.1332, r (train): 0.7391, Test MSE: 0.3026, r (test): -0.0221
Epoch: 39, Training Loss: 0.0457, Train MSE: 0.0457, r (train): 0.7414, Test MSE: 0.1622, r (test): 0.0005
Epoch: 40, Training Loss: 0.0307, Train MSE: 0.0307, r (train): 0.7449, Test MSE: 0.1337, r (test): -0.2945
Epoch: 41, Training Loss: 0.1204, Train MSE: 0.1204, r (train): 0.7415, Test MSE: 0.2708, r (test): 0.1061
Epoch: 42, Training Loss: 0.0449, Train MSE: 0.0449, r (train): 0.7726, Test MSE: 0.1012, r (test): -0.1405
Epoch: 43, Training Loss: 0.0350, Train MSE: 0.0350, r (train): 0.7817, Test MSE: 0.1393, r (test): 0.0904
Epoch: 44, Training Loss: 0.0670, Train MSE: 0.0670, r (train): 0.7444, Test MSE: 0.1045, r (test): -0.1290
Epoch: 45, Training Loss: 0.0417, Train MSE: 0.0417, r (train): 0.7700, Test MSE: 0.1612, r (test): -0.0060
Epoch: 46, Training Loss: 0.0472, Train MSE: 0.0472, r (train): 0.7673, Test MSE: 0.1708, r (test): -0.0672
Epoch: 47, Training Loss: 0.0933, Train MSE: 0.0933, r (train): 0.7787, Test MSE: 0.2502, r (test): 0.0332
Epoch: 48, Training Loss: 0.0575, Train MSE: 0.0575, r (train): 0.8079, Test MSE: 0.2066, r (test): -0.0230
Epoch: 49, Training Loss: 0.1909, Train MSE: 0.1909, r (train): 0.6722, Test MSE: 0.1698, r (test): -0.1247
Epoch: 50, Training Loss: 0.0301, Train MSE: 0.0301, r (train): 0.7948, Test MSE: 0.1408, r (test): -0.0264
Epoch: 51, Training Loss: 0.0340, Train MSE: 0.0340, r (train): 0.7372, Test MSE: 0.1038, r (test): -0.0697
Epoch: 52, Training Loss: 0.0256, Train MSE: 0.0256, r (train): 0.7911, Test MSE: 0.1202, r (test): 0.0197
Epoch: 53, Training Loss: 0.3316, Train MSE: 0.3316, r (train): 0.7025, Test MSE: 0.5292, r (test): -0.0020
Epoch: 54, Training Loss: 0.0451, Train MSE: 0.0451, r (train): 0.7769, Test MSE: 0.0965, r (test): -0.0696
Epoch: 55, Training Loss: 0.0303, Train MSE: 0.0303, r (train): 0.7854, Test MSE: 0.1055, r (test): -0.0464
Epoch: 56, Training Loss: 0.0916, Train MSE: 0.0916, r (train): 0.6786, Test MSE: 0.1156, r (test): -0.2053
Epoch: 57, Training Loss: 0.1039, Train MSE: 0.1039, r (train): 0.7765, Test MSE: 0.2779, r (test): 0.0639
Epoch: 58, Training Loss: 0.1598, Train MSE: 0.1598, r (train): 0.7290, Test MSE: 0.3330, r (test): -0.1136
Epoch: 59, Training Loss: 0.0271, Train MSE: 0.0271, r (train): 0.7983, Test MSE: 0.1350, r (test): -0.0093
Epoch: 60, Training Loss: 0.0694, Train MSE: 0.0694, r (train): 0.7227, Test MSE: 0.1041, r (test): -0.0881
Epoch: 61, Training Loss: 0.0394, Train MSE: 0.0394, r (train): 0.7413, Test MSE: 0.1076, r (test): -0.1220
Epoch: 62, Training Loss: 0.0555, Train MSE: 0.0555, r (train): 0.7619, Test MSE: 0.1747, r (test): 0.0900
Epoch: 63, Training Loss: 0.0930, Train MSE: 0.0930, r (train): 0.7781, Test MSE: 0.2636, r (test): -0.1582
Epoch: 64, Training Loss: 0.0510, Train MSE: 0.0510, r (train): 0.7641, Test MSE: 0.1061, r (test): -0.0631
Epoch: 65, Training Loss: 0.0323, Train MSE: 0.0323, r (train): 0.7528, Test MSE: 0.1451, r (test): -0.1149
Epoch: 66, Training Loss: 0.0319, Train MSE: 0.0319, r (train): 0.7748, Test MSE: 0.0944, r (test): 0.1059
Epoch: 67, Training Loss: 0.1605, Train MSE: 0.1605, r (train): 0.7684, Test MSE: 0.3551, r (test): 0.0256
Epoch: 68, Training Loss: 0.0320, Train MSE: 0.0320, r (train): 0.7840, Test MSE: 0.1166, r (test): -0.1332
Epoch: 69, Training Loss: 0.0256, Train MSE: 0.0256, r (train): 0.7880, Test MSE: 0.1164, r (test): -0.0804
Epoch: 70, Training Loss: 0.0260, Train MSE: 0.0260, r (train): 0.7857, Test MSE: 0.1108, r (test): -0.0693
Epoch: 71, Training Loss: 0.0335, Train MSE: 0.0335, r (train): 0.7963, Test MSE: 0.1513, r (test): 0.0217
Epoch: 72, Training Loss: 0.0338, Train MSE: 0.0338, r (train): 0.8065, Test MSE: 0.1600, r (test): -0.0196
Epoch: 73, Training Loss: 0.0240, Train MSE: 0.0240, r (train): 0.8037, Test MSE: 0.1262, r (test): -0.0780
Epoch: 74, Training Loss: 0.0279, Train MSE: 0.0279, r (train): 0.7923, Test MSE: 0.1181, r (test): -0.1609
Epoch: 75, Training Loss: 0.0257, Train MSE: 0.0257, r (train): 0.7861, Test MSE: 0.1188, r (test): -0.0625
Epoch: 76, Training Loss: 0.0383, Train MSE: 0.0383, r (train): 0.8009, Test MSE: 0.1566, r (test): 0.0933
Epoch: 77, Training Loss: 0.0269, Train MSE: 0.0269, r (train): 0.8091, Test MSE: 0.1396, r (test): -0.0446
Epoch: 78, Training Loss: 0.0261, Train MSE: 0.0261, r (train): 0.8023, Test MSE: 0.1339, r (test): -0.1011
Epoch: 79, Training Loss: 0.0281, Train MSE: 0.0281, r (train): 0.7738, Test MSE: 0.1199, r (test): -0.2152
Epoch: 80, Training Loss: 0.0310, Train MSE: 0.0310, r (train): 0.7993, Test MSE: 0.1419, r (test): 0.0299
Epoch: 81, Training Loss: 0.0412, Train MSE: 0.0412, r (train): 0.8064, Test MSE: 0.1659, r (test): 0.0534
Epoch: 82, Training Loss: 0.0382, Train MSE: 0.0382, r (train): 0.7796, Test MSE: 0.1031, r (test): -0.1022
Epoch: 83, Training Loss: 0.0352, Train MSE: 0.0352, r (train): 0.7996, Test MSE: 0.1686, r (test): -0.1349
Epoch: 84, Training Loss: 0.0252, Train MSE: 0.0252, r (train): 0.7928, Test MSE: 0.1218, r (test): -0.1112
Epoch: 85, Training Loss: 0.0683, Train MSE: 0.0683, r (train): 0.8061, Test MSE: 0.2249, r (test): -0.0051
Epoch: 86, Training Loss: 0.0240, Train MSE: 0.0240, r (train): 0.8022, Test MSE: 0.1167, r (test): -0.0053
Epoch: 87, Training Loss: 0.0292, Train MSE: 0.0292, r (train): 0.7891, Test MSE: 0.1077, r (test): -0.1184
Epoch: 88, Training Loss: 0.0321, Train MSE: 0.0321, r (train): 0.8019, Test MSE: 0.1651, r (test): -0.1461
Epoch: 89, Training Loss: 0.0352, Train MSE: 0.0352, r (train): 0.8068, Test MSE: 0.1668, r (test): -0.0574
Epoch: 90, Training Loss: 0.0476, Train MSE: 0.0476, r (train): 0.8034, Test MSE: 0.1915, r (test): -0.0479
Epoch: 91, Training Loss: 0.0337, Train MSE: 0.0337, r (train): 0.7867, Test MSE: 0.1022, r (test): -0.0437
Epoch: 92, Training Loss: 0.0282, Train MSE: 0.0282, r (train): 0.7793, Test MSE: 0.1175, r (test): -0.1493
Epoch: 93, Training Loss: 0.0440, Train MSE: 0.0440, r (train): 0.8011, Test MSE: 0.1759, r (test): -0.0809
Epoch: 94, Training Loss: 0.0403, Train MSE: 0.0403, r (train): 0.8171, Test MSE: 0.1836, r (test): -0.0710
Epoch: 95, Training Loss: 0.0619, Train MSE: 0.0619, r (train): 0.7591, Test MSE: 0.1044, r (test): -0.0996
Epoch: 96, Training Loss: 0.0297, Train MSE: 0.0297, r (train): 0.7875, Test MSE: 0.1427, r (test): -0.0785
Epoch: 97, Training Loss: 0.0282, Train MSE: 0.0282, r (train): 0.8050, Test MSE: 0.1497, r (test): -0.1478
Epoch: 98, Training Loss: 0.0998, Train MSE: 0.0998, r (train): 0.8107, Test MSE: 0.2954, r (test): -0.0771
Epoch: 99, Training Loss: 0.0289, Train MSE: 0.0289, r (train): 0.7848, Test MSE: 0.1103, r (test): -0.1393
Predicted tensors for training set: 
tensor([0.6977, 0.6169, 0.2321, 0.4526, 0.4340, 0.4441, 0.6148, 0.5632, 0.5948,
        0.6012, 0.4957, 0.3593, 0.2615, 0.1837, 0.9050, 0.8044, 0.6660, 0.8761,
        0.5063, 0.2437, 0.6511, 0.5305, 0.6321, 0.2714, 0.5177, 0.4597, 0.6318,
        0.7109, 0.6034, 0.5456, 0.2422, 0.5800, 0.2421, 0.9839, 1.0198, 0.0197,
        0.5812, 0.1904, 0.8014, 0.2322, 0.3915, 0.8220, 0.2567, 0.5408, 0.4924,
        0.6598, 0.0076, 0.7847, 0.7681, 0.6511, 0.4777, 0.2641, 0.6298, 0.2881,
        0.4483, 0.4844, 0.6214, 0.5676, 0.2373, 0.5595, 0.5981, 0.4770, 0.6908,
        0.3497, 0.5855, 0.6106, 0.4047, 0.3965, 0.2011, 0.4803, 0.5902, 0.4302])
Target tensorsfor training set: 
tensor([0.5783, 0.5573, 0.1055, 0.4149, 0.4993, 0.4654, 0.7497, 0.6465, 0.8561,
        0.7171, 0.7507, 0.5178, 0.2271, 0.1493, 0.9127, 0.8524, 0.4513, 0.7144,
        0.3077, 0.0389, 0.5187, 0.4640, 0.5564, 0.0981, 0.4341, 0.4526, 0.5780,
        0.6240, 0.9150, 0.9117, 0.5658, 0.8363, 0.2464, 0.9072, 0.9621, 0.0246,
        0.7791, 0.2255, 0.9656, 0.3174, 0.1295, 0.4818, 0.0763, 0.3453, 0.5779,
        0.7950, 0.0478, 0.8411, 0.8453, 0.6992, 0.5719, 0.3309, 0.9492, 0.4373,
        0.6595, 0.7372, 0.6846, 0.6199, 0.2169, 0.6577, 0.8728, 0.6671, 0.8391,
        0.5300, 0.7270, 0.7125, 0.5220, 0.4440, 0.3829, 0.7901, 0.9535, 0.7371])
Correlation for training set: 0.7847799848748374
Predicted tensors for test set: 
tensor([0.6371, 0.4774, 0.7306, 0.4596, 0.4707, 0.6427, 0.4611, 0.4725, 0.5737,
        0.4905, 0.4586, 0.5606, 0.7461, 0.4956, 0.6904, 0.5963, 0.6095, 0.5275])
Target tensorsfor test set: 
tensor([0.1218, 0.0636, 0.4036, 0.1294, 0.5023, 0.7462, 0.8988, 0.7596, 0.5102,
        0.2916, 0.8418, 0.2594, 0.2394, 0.8556, 0.6576, 0.1360, 0.9215, 0.2649])
Correlation for test set: -0.13930153768235953
18 5
Fold 5
Epoch: 00, Training Loss: 0.0799, Train MSE: 0.0799, r (train): -0.1549, Test MSE: 0.0558, r (test): -0.4142
Epoch: 01, Training Loss: 0.0923, Train MSE: 0.0923, r (train): -0.1787, Test MSE: 0.0323, r (test): -0.4075
Epoch: 02, Training Loss: 0.0810, Train MSE: 0.0810, r (train): -0.0651, Test MSE: 0.0465, r (test): -0.3876
Epoch: 03, Training Loss: 0.0698, Train MSE: 0.0698, r (train): 0.5840, Test MSE: 0.0797, r (test): -0.0449
Epoch: 04, Training Loss: 0.5505, Train MSE: 0.5505, r (train): 0.6461, Test MSE: 0.4260, r (test): 0.3342
Epoch: 05, Training Loss: 0.3828, Train MSE: 0.3828, r (train): 0.4990, Test MSE: 0.5274, r (test): -0.0638
Epoch: 06, Training Loss: 0.0738, Train MSE: 0.0738, r (train): 0.7812, Test MSE: 0.0550, r (test): 0.2408
Epoch: 07, Training Loss: 1.4472, Train MSE: 1.4472, r (train): 0.5640, Test MSE: 1.2262, r (test): 0.4125
Epoch: 08, Training Loss: 0.0858, Train MSE: 0.0858, r (train): 0.8100, Test MSE: 0.0700, r (test): 0.2887
Epoch: 09, Training Loss: 0.3799, Train MSE: 0.3799, r (train): 0.4641, Test MSE: 0.5368, r (test): -0.2513
Epoch: 10, Training Loss: 0.0417, Train MSE: 0.0417, r (train): 0.7890, Test MSE: 0.0930, r (test): 0.1986
Epoch: 11, Training Loss: 0.4459, Train MSE: 0.4459, r (train): 0.7795, Test MSE: 0.3367, r (test): 0.3589
Epoch: 12, Training Loss: 0.0889, Train MSE: 0.0889, r (train): 0.7689, Test MSE: 0.1764, r (test): -0.0405
Epoch: 13, Training Loss: 0.0314, Train MSE: 0.0314, r (train): 0.8182, Test MSE: 0.0792, r (test): 0.1394
Epoch: 14, Training Loss: 0.0317, Train MSE: 0.0317, r (train): 0.7772, Test MSE: 0.0637, r (test): 0.0664
Epoch: 15, Training Loss: 0.0274, Train MSE: 0.0274, r (train): 0.8299, Test MSE: 0.0411, r (test): 0.1535
Epoch: 16, Training Loss: 0.0419, Train MSE: 0.0419, r (train): 0.8246, Test MSE: 0.0462, r (test): 0.1952
Epoch: 17, Training Loss: 0.0958, Train MSE: 0.0958, r (train): 0.7354, Test MSE: 0.1972, r (test): -0.1066
Epoch: 18, Training Loss: 0.0387, Train MSE: 0.0387, r (train): 0.8083, Test MSE: 0.0499, r (test): 0.0915
Epoch: 19, Training Loss: 0.0338, Train MSE: 0.0338, r (train): 0.7602, Test MSE: 0.0621, r (test): 0.0648
Epoch: 20, Training Loss: 0.0991, Train MSE: 0.0991, r (train): 0.8097, Test MSE: 0.0764, r (test): 0.2486
Epoch: 21, Training Loss: 0.0523, Train MSE: 0.0523, r (train): 0.7558, Test MSE: 0.1161, r (test): 0.0277
Epoch: 22, Training Loss: 0.0361, Train MSE: 0.0361, r (train): 0.7815, Test MSE: 0.0868, r (test): -0.0392
Epoch: 23, Training Loss: 0.0328, Train MSE: 0.0328, r (train): 0.8048, Test MSE: 0.0485, r (test): 0.1333
Epoch: 24, Training Loss: 0.0324, Train MSE: 0.0324, r (train): 0.7792, Test MSE: 0.0658, r (test): -0.0127
Epoch: 25, Training Loss: 0.1020, Train MSE: 0.1020, r (train): 0.8032, Test MSE: 0.0779, r (test): 0.2474
Epoch: 26, Training Loss: 0.0351, Train MSE: 0.0351, r (train): 0.7779, Test MSE: 0.0791, r (test): 0.0148
Epoch: 27, Training Loss: 0.0313, Train MSE: 0.0313, r (train): 0.7955, Test MSE: 0.0619, r (test): 0.0049
Epoch: 28, Training Loss: 0.0329, Train MSE: 0.0329, r (train): 0.7998, Test MSE: 0.0443, r (test): 0.1451
Epoch: 29, Training Loss: 0.0792, Train MSE: 0.0792, r (train): 0.6677, Test MSE: 0.1520, r (test): -0.1710
Epoch: 30, Training Loss: 0.2516, Train MSE: 0.2516, r (train): 0.7700, Test MSE: 0.2018, r (test): 0.2960
Epoch: 31, Training Loss: 0.2058, Train MSE: 0.2058, r (train): 0.6191, Test MSE: 0.3259, r (test): -0.1435
Epoch: 32, Training Loss: 0.0413, Train MSE: 0.0413, r (train): 0.8047, Test MSE: 0.0531, r (test): -0.0324
Epoch: 33, Training Loss: 0.0468, Train MSE: 0.0468, r (train): 0.7561, Test MSE: 0.0977, r (test): 0.0161
Epoch: 34, Training Loss: 0.0633, Train MSE: 0.0633, r (train): 0.7276, Test MSE: 0.1421, r (test): -0.1042
Epoch: 35, Training Loss: 0.0426, Train MSE: 0.0426, r (train): 0.8118, Test MSE: 0.0501, r (test): 0.0247
Epoch: 36, Training Loss: 0.0726, Train MSE: 0.0726, r (train): 0.7342, Test MSE: 0.1366, r (test): -0.0207
Epoch: 37, Training Loss: 0.2463, Train MSE: 0.2463, r (train): 0.7668, Test MSE: 0.2064, r (test): 0.2903
Epoch: 38, Training Loss: 0.0860, Train MSE: 0.0860, r (train): 0.7117, Test MSE: 0.1739, r (test): -0.0624
Epoch: 39, Training Loss: 0.1997, Train MSE: 0.1997, r (train): 0.8041, Test MSE: 0.1692, r (test): 0.2347
Epoch: 40, Training Loss: 0.0342, Train MSE: 0.0342, r (train): 0.7925, Test MSE: 0.0597, r (test): 0.1266
Epoch: 41, Training Loss: 0.0303, Train MSE: 0.0303, r (train): 0.7942, Test MSE: 0.0581, r (test): 0.1380
Epoch: 42, Training Loss: 0.0762, Train MSE: 0.0762, r (train): 0.8000, Test MSE: 0.0634, r (test): 0.2077
Epoch: 43, Training Loss: 0.0986, Train MSE: 0.0986, r (train): 0.7192, Test MSE: 0.1755, r (test): -0.0915
Epoch: 44, Training Loss: 0.0518, Train MSE: 0.0518, r (train): 0.7564, Test MSE: 0.1081, r (test): -0.0770
Epoch: 45, Training Loss: 0.0365, Train MSE: 0.0365, r (train): 0.7773, Test MSE: 0.0759, r (test): 0.0000
Epoch: 46, Training Loss: 0.0302, Train MSE: 0.0302, r (train): 0.8151, Test MSE: 0.0455, r (test): 0.0870
Epoch: 47, Training Loss: 0.0907, Train MSE: 0.0907, r (train): 0.7980, Test MSE: 0.0825, r (test): 0.2121
Epoch: 48, Training Loss: 0.0396, Train MSE: 0.0396, r (train): 0.7778, Test MSE: 0.0835, r (test): 0.0011
Epoch: 49, Training Loss: 0.0303, Train MSE: 0.0303, r (train): 0.8009, Test MSE: 0.0636, r (test): 0.0432
Epoch: 50, Training Loss: 0.0893, Train MSE: 0.0893, r (train): 0.7285, Test MSE: 0.1671, r (test): -0.0870
Epoch: 51, Training Loss: 0.0711, Train MSE: 0.0711, r (train): 0.7440, Test MSE: 0.1457, r (test): -0.0895
Epoch: 52, Training Loss: 0.0871, Train MSE: 0.0871, r (train): 0.8010, Test MSE: 0.0738, r (test): 0.2443
Epoch: 53, Training Loss: 0.0581, Train MSE: 0.0581, r (train): 0.8078, Test MSE: 0.0558, r (test): 0.1532
Epoch: 54, Training Loss: 0.0338, Train MSE: 0.0338, r (train): 0.8134, Test MSE: 0.0442, r (test): 0.1385
Epoch: 55, Training Loss: 0.0941, Train MSE: 0.0941, r (train): 0.7309, Test MSE: 0.1717, r (test): -0.0783
Epoch: 56, Training Loss: 0.0912, Train MSE: 0.0912, r (train): 0.7094, Test MSE: 0.1721, r (test): -0.1388
Epoch: 57, Training Loss: 0.0312, Train MSE: 0.0312, r (train): 0.8211, Test MSE: 0.0419, r (test): 0.1595
Epoch: 58, Training Loss: 0.1479, Train MSE: 0.1479, r (train): 0.7883, Test MSE: 0.1199, r (test): 0.2758
Epoch: 59, Training Loss: 0.0320, Train MSE: 0.0320, r (train): 0.7963, Test MSE: 0.0587, r (test): 0.0615
Epoch: 60, Training Loss: 0.0448, Train MSE: 0.0448, r (train): 0.7769, Test MSE: 0.0910, r (test): -0.0283
Epoch: 61, Training Loss: 0.0624, Train MSE: 0.0624, r (train): 0.7502, Test MSE: 0.1278, r (test): -0.0630
Epoch: 62, Training Loss: 0.0285, Train MSE: 0.0285, r (train): 0.8095, Test MSE: 0.0593, r (test): 0.0471
Epoch: 63, Training Loss: 0.0413, Train MSE: 0.0413, r (train): 0.8050, Test MSE: 0.0510, r (test): 0.0964
Epoch: 64, Training Loss: 0.0314, Train MSE: 0.0314, r (train): 0.8118, Test MSE: 0.0437, r (test): 0.1032
Epoch: 65, Training Loss: 0.0319, Train MSE: 0.0319, r (train): 0.8067, Test MSE: 0.0428, r (test): 0.1304
Epoch: 66, Training Loss: 0.0558, Train MSE: 0.0558, r (train): 0.7669, Test MSE: 0.1149, r (test): -0.0394
Epoch: 67, Training Loss: 0.0445, Train MSE: 0.0445, r (train): 0.7700, Test MSE: 0.0996, r (test): -0.0143
Epoch: 68, Training Loss: 0.0319, Train MSE: 0.0319, r (train): 0.7854, Test MSE: 0.0658, r (test): 0.0061
Epoch: 69, Training Loss: 0.0603, Train MSE: 0.0603, r (train): 0.8147, Test MSE: 0.0517, r (test): 0.1933
Epoch: 70, Training Loss: 0.0315, Train MSE: 0.0315, r (train): 0.8021, Test MSE: 0.0480, r (test): 0.1090
Epoch: 71, Training Loss: 0.0487, Train MSE: 0.0487, r (train): 0.7721, Test MSE: 0.1018, r (test): -0.0684
Epoch: 72, Training Loss: 0.0389, Train MSE: 0.0389, r (train): 0.7799, Test MSE: 0.0881, r (test): 0.0030
Epoch: 73, Training Loss: 0.0297, Train MSE: 0.0297, r (train): 0.8171, Test MSE: 0.0479, r (test): 0.0539
Epoch: 74, Training Loss: 0.0393, Train MSE: 0.0393, r (train): 0.8079, Test MSE: 0.0514, r (test): 0.1074
Epoch: 75, Training Loss: 0.0324, Train MSE: 0.0324, r (train): 0.7948, Test MSE: 0.0658, r (test): -0.0107
Epoch: 76, Training Loss: 0.0308, Train MSE: 0.0308, r (train): 0.7997, Test MSE: 0.0618, r (test): 0.0478
Epoch: 77, Training Loss: 0.0279, Train MSE: 0.0279, r (train): 0.8128, Test MSE: 0.0515, r (test): 0.0746
Epoch: 78, Training Loss: 0.0307, Train MSE: 0.0307, r (train): 0.8044, Test MSE: 0.0569, r (test): 0.0622
Epoch: 79, Training Loss: 0.0327, Train MSE: 0.0327, r (train): 0.7862, Test MSE: 0.0702, r (test): -0.0041
Epoch: 80, Training Loss: 0.0292, Train MSE: 0.0292, r (train): 0.8122, Test MSE: 0.0454, r (test): 0.0698
Epoch: 81, Training Loss: 0.0295, Train MSE: 0.0295, r (train): 0.8099, Test MSE: 0.0470, r (test): 0.0795
Epoch: 82, Training Loss: 0.0349, Train MSE: 0.0349, r (train): 0.7945, Test MSE: 0.0716, r (test): 0.0040
Epoch: 83, Training Loss: 0.0353, Train MSE: 0.0353, r (train): 0.7882, Test MSE: 0.0765, r (test): -0.0037
Epoch: 84, Training Loss: 0.0280, Train MSE: 0.0280, r (train): 0.8091, Test MSE: 0.0558, r (test): 0.0519
Epoch: 85, Training Loss: 0.0403, Train MSE: 0.0403, r (train): 0.8086, Test MSE: 0.0517, r (test): 0.0918
Epoch: 86, Training Loss: 0.0370, Train MSE: 0.0370, r (train): 0.7830, Test MSE: 0.0787, r (test): -0.0547
Epoch: 87, Training Loss: 0.0284, Train MSE: 0.0284, r (train): 0.8071, Test MSE: 0.0521, r (test): 0.0724
Epoch: 88, Training Loss: 0.0301, Train MSE: 0.0301, r (train): 0.8006, Test MSE: 0.0597, r (test): 0.0048
Epoch: 89, Training Loss: 0.0350, Train MSE: 0.0350, r (train): 0.8169, Test MSE: 0.0459, r (test): 0.1526
Epoch: 90, Training Loss: 0.0384, Train MSE: 0.0384, r (train): 0.7696, Test MSE: 0.0853, r (test): -0.0443
Epoch: 91, Training Loss: 0.0277, Train MSE: 0.0277, r (train): 0.8078, Test MSE: 0.0557, r (test): 0.0299
Epoch: 92, Training Loss: 0.0345, Train MSE: 0.0345, r (train): 0.8135, Test MSE: 0.0458, r (test): 0.1133
Epoch: 93, Training Loss: 0.0446, Train MSE: 0.0446, r (train): 0.7813, Test MSE: 0.0931, r (test): -0.0856
Epoch: 94, Training Loss: 0.0339, Train MSE: 0.0339, r (train): 0.7969, Test MSE: 0.0703, r (test): 0.0270
Epoch: 95, Training Loss: 0.0321, Train MSE: 0.0321, r (train): 0.7958, Test MSE: 0.0699, r (test): -0.0403
Epoch: 96, Training Loss: 0.0554, Train MSE: 0.0554, r (train): 0.8098, Test MSE: 0.0550, r (test): 0.1820
Epoch: 97, Training Loss: 0.0299, Train MSE: 0.0299, r (train): 0.8014, Test MSE: 0.0615, r (test): -0.0067
Epoch: 98, Training Loss: 0.0385, Train MSE: 0.0385, r (train): 0.7858, Test MSE: 0.0863, r (test): -0.0130
Epoch: 99, Training Loss: 0.0306, Train MSE: 0.0306, r (train): 0.8067, Test MSE: 0.0672, r (test): -0.0070
Predicted tensors for training set: 
tensor([ 0.5657,  0.5508,  0.1424,  0.4193,  0.4188,  0.4264,  0.7452,  0.5694,
         0.6632,  0.5002,  0.4896,  0.3139,  0.1296,  0.0984,  0.7698,  0.6519,
         0.6417,  0.8683,  0.5390,  0.2974,  0.6032,  0.5878,  0.6381,  0.3124,
         0.3976,  0.3702,  0.5421,  0.5680,  0.4597,  0.4474,  0.1469,  0.4497,
         0.0940,  0.8127,  0.8502, -0.1071,  0.6238,  0.2053,  0.7991,  0.2758,
         0.3461,  0.7850,  0.2748,  0.6562,  0.5129,  0.7230, -0.0783,  0.8039,
         0.6261,  0.5904,  0.3957,  0.1476,  1.0981,  0.5450,  0.2345,  0.1769,
         0.5237,  0.2535,  0.5617,  0.8562,  0.7325,  0.5741,  0.3701,  0.1556,
         0.6411,  0.1061,  0.0538,  0.6095,  0.6331,  0.1315,  0.8979,  0.2815])
Target tensorsfor training set: 
tensor([0.5783, 0.5573, 0.1055, 0.4149, 0.4993, 0.4654, 0.7497, 0.6465, 0.8561,
        0.7171, 0.7507, 0.5178, 0.2271, 0.1493, 0.9127, 0.8524, 0.4513, 0.7144,
        0.3077, 0.0389, 0.5187, 0.4640, 0.5564, 0.0981, 0.4341, 0.4526, 0.5780,
        0.6240, 0.9150, 0.9117, 0.5658, 0.8363, 0.2464, 0.9072, 0.9621, 0.0246,
        0.7791, 0.2255, 0.9656, 0.3174, 0.1295, 0.4818, 0.0763, 0.3453, 0.5779,
        0.7950, 0.0478, 0.8411, 0.8453, 0.6992, 0.5719, 0.3309, 0.9492, 0.4373,
        0.1218, 0.0636, 0.4036, 0.1294, 0.5023, 0.7462, 0.8988, 0.7596, 0.5102,
        0.2916, 0.8418, 0.2594, 0.2394, 0.8556, 0.6576, 0.1360, 0.9215, 0.2649])
Correlation for training set: 0.8066500231728129
Predicted tensors for test set: 
tensor([0.3106, 0.6235, 0.7042, 0.5069, 0.5015, 0.4169, 0.2991, 0.7392, 0.3781,
        0.7564, 0.6480, 0.5189, 0.4410, 0.3967, 0.4468, 0.6131, 0.5130, 0.5292])
Target tensorsfor test set: 
tensor([0.6595, 0.7372, 0.6846, 0.6199, 0.2169, 0.6577, 0.8728, 0.6671, 0.8391,
        0.5300, 0.7270, 0.7125, 0.5220, 0.4440, 0.3829, 0.7901, 0.9535, 0.7371])
Correlation for test set: -0.007046446655181013
Validation set predictions (100 folds): [tensor([0.3555, 0.5329, 0.6332, 0.4685, 0.5911, 0.6775, 0.9521, 0.7145, 0.6249,
        0.2109, 0.4486, 0.4164, 0.5067, 0.5006, 0.7259, 0.4784, 0.3341, 0.6069]), tensor([0.5543, 0.4647, 0.3704, 0.5973, 0.6602, 0.4851, 0.4759, 0.6901, 0.7129,
        0.3410, 0.3192, 0.7561, 0.8392, 0.5349, 0.2141, 0.2283, 0.5838, 0.7975]), tensor([0.5184, 0.7140, 0.4477, 0.3154, 0.5326, 0.3195, 0.7068, 0.5488, 0.4510,
        0.6364, 0.5580, 0.6916, 0.6511, 0.2512, 0.6112, 0.3628, 0.5451, 0.5800]), tensor([0.6371, 0.4774, 0.7306, 0.4596, 0.4707, 0.6427, 0.4611, 0.4725, 0.5737,
        0.4905, 0.4586, 0.5606, 0.7461, 0.4956, 0.6904, 0.5963, 0.6095, 0.5275]), tensor([0.3106, 0.6235, 0.7042, 0.5069, 0.5015, 0.4169, 0.2991, 0.7392, 0.3781,
        0.7564, 0.6480, 0.5189, 0.4410, 0.3967, 0.4468, 0.6131, 0.5130, 0.5292])]
Validation set targets (100 folds): [tensor([0.5783, 0.5573, 0.1055, 0.4149, 0.4993, 0.4654, 0.7497, 0.6465, 0.8561,
        0.7171, 0.7507, 0.5178, 0.2271, 0.1493, 0.9127, 0.8524, 0.4513, 0.7144]), tensor([0.3077, 0.0389, 0.5187, 0.4640, 0.5564, 0.0981, 0.4341, 0.4526, 0.5780,
        0.6240, 0.9150, 0.9117, 0.5658, 0.8363, 0.2464, 0.9072, 0.9621, 0.0246]), tensor([0.7791, 0.2255, 0.9656, 0.3174, 0.1295, 0.4818, 0.0763, 0.3453, 0.5779,
        0.7950, 0.0478, 0.8411, 0.8453, 0.6992, 0.5719, 0.3309, 0.9492, 0.4373]), tensor([0.1218, 0.0636, 0.4036, 0.1294, 0.5023, 0.7462, 0.8988, 0.7596, 0.5102,
        0.2916, 0.8418, 0.2594, 0.2394, 0.8556, 0.6576, 0.1360, 0.9215, 0.2649]), tensor([0.6595, 0.7372, 0.6846, 0.6199, 0.2169, 0.6577, 0.8728, 0.6671, 0.8391,
        0.5300, 0.7270, 0.7125, 0.5220, 0.4440, 0.3829, 0.7901, 0.9535, 0.7371])]
Time taken: 18486.7767868042 seconds
