DenseNet_hippocampus_14.py
/apps/monai/MONAI0.8.1/lib/python3.9/site-packages/torch/cuda/__init__.py:143: UserWarning: 
NVIDIA B200 with CUDA capability sm_100 is not compatible with the current PyTorch installation.
The current PyTorch install supports CUDA capabilities sm_37 sm_50 sm_60 sm_61 sm_70 sm_75 sm_80 sm_86 compute_37.
If you want to use the NVIDIA B200 GPU with PyTorch, please check the instructions at https://pytorch.org/get-started/locally/

  warnings.warn(incompatible_device_warn.format(device_name, capability, " ".join(arch_list), device_name))
90
Image shape: torch.Size([256, 256, 256])
Label: 0.577850585

Image shape: torch.Size([256, 256, 256])
Label: 0.239393515

Image shape: torch.Size([256, 256, 256])
Label: 0.836265129

Image shape: torch.Size([256, 256, 256])
Label: 0.746225617

Image shape: torch.Size([256, 256, 256])
Label: 0.779103135

Image shape: torch.Size([256, 256, 256])
Label: 0.26490909

Image shape: torch.Size([256, 256, 256])
Label: 0.759624831

Image shape: torch.Size([256, 256, 256])
Label: 0.024634435

Image shape: torch.Size([256, 256, 256])
Label: 0.047813956

Image shape: torch.Size([256, 256, 256])
Label: 0.129379513

Image shape: torch.Size([256, 256, 256])
Label: 0.330926406

Image shape: torch.Size([256, 256, 256])
Label: 0.911671093

Image shape: torch.Size([256, 256, 256])
Label: 0.14931566

Image shape: torch.Size([256, 256, 256])
Label: 0.841130428

Image shape: torch.Size([256, 256, 256])
Label: 0.216921218

Image shape: torch.Size([256, 256, 256])
Label: 0.34531344

Image shape: torch.Size([256, 256, 256])
Label: 0.038874365

Image shape: torch.Size([256, 256, 256])
Label: 0.452638778

Image shape: torch.Size([256, 256, 256])
Label: 0.962135747

Image shape: torch.Size([256, 256, 256])
Label: 0.46544507

Image shape: torch.Size([256, 256, 256])
Label: 0.684642475

Image shape: torch.Size([256, 256, 256])
Label: 0.43409457

Image shape: torch.Size([256, 256, 256])
Label: 0.55641775

Image shape: torch.Size([256, 256, 256])
Label: 0.291630426

Image shape: torch.Size([256, 256, 256])
Label: 0.855579732

Image shape: torch.Size([256, 256, 256])
Label: 0.839077585

Image shape: torch.Size([256, 256, 256])
Label: 0.657691961

Image shape: torch.Size([256, 256, 256])
Label: 0.790096101

Image shape: torch.Size([256, 256, 256])
Label: 0.57804499

Image shape: torch.Size([256, 256, 256])
Label: 0.841767741

Image shape: torch.Size([256, 256, 256])
Label: 0.571907479

Image shape: torch.Size([256, 256, 256])
Label: 0.714356234

Image shape: torch.Size([256, 256, 256])
Label: 0.565846925

Image shape: torch.Size([256, 256, 256])
Label: 0.623989995

Image shape: torch.Size([256, 256, 256])
Label: 0.619874898

Image shape: torch.Size([256, 256, 256])
Label: 0.667105602

Image shape: torch.Size([256, 256, 256])
Label: 0.227116465

Image shape: torch.Size([256, 256, 256])
Label: 0.91498566

Image shape: torch.Size([256, 256, 256])
Label: 0.529961465

Image shape: torch.Size([256, 256, 256])
Label: 0.129485328

Image shape: torch.Size([256, 256, 256])
Label: 0.517802514

Image shape: torch.Size([256, 256, 256])
Label: 0.856107326

Image shape: torch.Size([256, 256, 256])
Label: 0.953465465

Image shape: torch.Size([256, 256, 256])
Label: 0.55726975

Image shape: torch.Size([256, 256, 256])
Label: 0.750732335

Image shape: torch.Size([256, 256, 256])
Label: 0.727035333

Image shape: torch.Size([256, 256, 256])
Label: 0.699213269

Image shape: torch.Size([256, 256, 256])
Label: 0.872805901

Image shape: torch.Size([256, 256, 256])
Label: 0.48182514

Image shape: torch.Size([256, 256, 256])
Label: 0.578327051

Image shape: torch.Size([256, 256, 256])
Label: 0.949166278

Image shape: torch.Size([256, 256, 256])
Label: 0.31742745

Image shape: torch.Size([256, 256, 256])
Label: 0.518716963

Image shape: torch.Size([256, 256, 256])
Label: 0.646490545

Image shape: torch.Size([256, 256, 256])
Label: 0.451287356

Image shape: torch.Size([256, 256, 256])
Label: 0.737099236

Image shape: torch.Size([256, 256, 256])
Label: 0.307667842

Image shape: torch.Size([256, 256, 256])
Label: 0.522016133

Image shape: torch.Size([256, 256, 256])
Label: 0.403550924

Image shape: torch.Size([256, 256, 256])
Label: 0.907159832

Image shape: torch.Size([256, 256, 256])
Label: 0.965645278

Image shape: torch.Size([256, 256, 256])
Label: 0.105524477

Image shape: torch.Size([256, 256, 256])
Label: 0.076332172

Image shape: torch.Size([256, 256, 256])
Label: 0.259369175

Image shape: torch.Size([256, 256, 256])
Label: 0.225463904

Image shape: torch.Size([256, 256, 256])
Label: 0.437273408

Image shape: torch.Size([256, 256, 256])
Label: 0.717144575

Image shape: torch.Size([256, 256, 256])
Label: 0.246363884

Image shape: torch.Size([256, 256, 256])
Label: 0.749740575

Image shape: torch.Size([256, 256, 256])
Label: 0.898762669

Image shape: torch.Size([256, 256, 256])
Label: 0.499347098

Image shape: torch.Size([256, 256, 256])
Label: 0.098052496

Image shape: torch.Size([256, 256, 256])
Label: 0.136048492

Image shape: torch.Size([256, 256, 256])
Label: 0.063583908

Image shape: torch.Size([256, 256, 256])
Label: 0.502254367

Image shape: torch.Size([256, 256, 256])
Label: 0.444012353

Image shape: torch.Size([256, 256, 256])
Label: 0.657623403

Image shape: torch.Size([256, 256, 256])
Label: 0.845253622

Image shape: torch.Size([256, 256, 256])
Label: 0.794978716

Image shape: torch.Size([256, 256, 256])
Label: 0.463984431

Image shape: torch.Size([256, 256, 256])
Label: 0.712524369

Image shape: torch.Size([256, 256, 256])
Label: 0.414935686

Image shape: torch.Size([256, 256, 256])
Label: 0.91273199

Image shape: torch.Size([256, 256, 256])
Label: 0.382857646

Image shape: torch.Size([256, 256, 256])
Label: 0.659493008

Image shape: torch.Size([256, 256, 256])
Label: 0.121809436

Image shape: torch.Size([256, 256, 256])
Label: 0.852431609

Image shape: torch.Size([256, 256, 256])
Label: 0.737192172

Image shape: torch.Size([256, 256, 256])
Label: 0.510151238

Image shape: torch.Size([256, 256, 256])
Label: 0.92154251

18 5
Fold 1
Epoch: 00, Training Loss: 0.0626, Train MSE: 0.0626, r (train): -0.3049, Test MSE: 0.1191, r (test): -0.2461
Epoch: 01, Training Loss: 0.0870, Train MSE: 0.0870, r (train): -0.3114, Test MSE: 0.0936, r (test): -0.1439
Epoch: 02, Training Loss: 0.1595, Train MSE: 0.1595, r (train): 0.2966, Test MSE: 0.1177, r (test): 0.2441
Epoch: 03, Training Loss: 0.1455, Train MSE: 0.1455, r (train): 0.6180, Test MSE: 0.1072, r (test): 0.3143
Epoch: 04, Training Loss: 0.2075, Train MSE: 0.2075, r (train): 0.7258, Test MSE: 0.4549, r (test): 0.2351
Epoch: 05, Training Loss: 0.0652, Train MSE: 0.0652, r (train): 0.6694, Test MSE: 0.2151, r (test): 0.2954
Epoch: 06, Training Loss: 0.0330, Train MSE: 0.0330, r (train): 0.6886, Test MSE: 0.1405, r (test): 0.1396
Epoch: 07, Training Loss: 0.0627, Train MSE: 0.0627, r (train): 0.6332, Test MSE: 0.0984, r (test): 0.1268
Epoch: 08, Training Loss: 1.4596, Train MSE: 1.4596, r (train): 0.7304, Test MSE: 2.0046, r (test): 0.1507
Epoch: 09, Training Loss: 0.5074, Train MSE: 0.5074, r (train): 0.7104, Test MSE: 0.8765, r (test): 0.3024
Epoch: 10, Training Loss: 0.0345, Train MSE: 0.0345, r (train): 0.7054, Test MSE: 0.0933, r (test): 0.3402
Epoch: 11, Training Loss: 0.0369, Train MSE: 0.0369, r (train): 0.6736, Test MSE: 0.1080, r (test): 0.1846
Epoch: 12, Training Loss: 0.0343, Train MSE: 0.0343, r (train): 0.7253, Test MSE: 0.0963, r (test): 0.2646
Epoch: 13, Training Loss: 0.0269, Train MSE: 0.0269, r (train): 0.7585, Test MSE: 0.1050, r (test): 0.3177
Epoch: 14, Training Loss: 0.0341, Train MSE: 0.0341, r (train): 0.7136, Test MSE: 0.1164, r (test): 0.1096
Epoch: 15, Training Loss: 0.0491, Train MSE: 0.0491, r (train): 0.7298, Test MSE: 0.0804, r (test): 0.3715
Epoch: 16, Training Loss: 0.0433, Train MSE: 0.0433, r (train): 0.7628, Test MSE: 0.1800, r (test): 0.2512
Epoch: 17, Training Loss: 0.0659, Train MSE: 0.0659, r (train): 0.7092, Test MSE: 0.0948, r (test): 0.2039
Epoch: 18, Training Loss: 0.0327, Train MSE: 0.0327, r (train): 0.7286, Test MSE: 0.1347, r (test): 0.2709
Epoch: 19, Training Loss: 0.0489, Train MSE: 0.0489, r (train): 0.7323, Test MSE: 0.0886, r (test): 0.2651
Epoch: 20, Training Loss: 0.0406, Train MSE: 0.0406, r (train): 0.6762, Test MSE: 0.1411, r (test): 0.2771
Epoch: 21, Training Loss: 0.0604, Train MSE: 0.0604, r (train): 0.6735, Test MSE: 0.2141, r (test): 0.0953
Epoch: 22, Training Loss: 0.0373, Train MSE: 0.0373, r (train): 0.7306, Test MSE: 0.1764, r (test): 0.0975
Epoch: 23, Training Loss: 0.0589, Train MSE: 0.0589, r (train): 0.5672, Test MSE: 0.0739, r (test): 0.4744
Epoch: 24, Training Loss: 0.0491, Train MSE: 0.0491, r (train): 0.7114, Test MSE: 0.1911, r (test): 0.0972
Epoch: 25, Training Loss: 0.0395, Train MSE: 0.0395, r (train): 0.7103, Test MSE: 0.0951, r (test): 0.2169
Epoch: 26, Training Loss: 0.0418, Train MSE: 0.0418, r (train): 0.6404, Test MSE: 0.1167, r (test): 0.3513
Epoch: 27, Training Loss: 0.0819, Train MSE: 0.0819, r (train): 0.7292, Test MSE: 0.2463, r (test): 0.2571
Epoch: 28, Training Loss: 0.0863, Train MSE: 0.0863, r (train): 0.6449, Test MSE: 0.1059, r (test): 0.1527
Epoch: 29, Training Loss: 0.0334, Train MSE: 0.0334, r (train): 0.7158, Test MSE: 0.1072, r (test): 0.2222
Epoch: 30, Training Loss: 0.0354, Train MSE: 0.0354, r (train): 0.6920, Test MSE: 0.0892, r (test): 0.3561
Epoch: 31, Training Loss: 0.0355, Train MSE: 0.0355, r (train): 0.7364, Test MSE: 0.1571, r (test): 0.0885
Epoch: 32, Training Loss: 0.1060, Train MSE: 0.1060, r (train): 0.6682, Test MSE: 0.2799, r (test): 0.1920
Epoch: 33, Training Loss: 0.0287, Train MSE: 0.0287, r (train): 0.7393, Test MSE: 0.1174, r (test): 0.2399
Epoch: 34, Training Loss: 0.0922, Train MSE: 0.0922, r (train): 0.6156, Test MSE: 0.0877, r (test): 0.3893
Epoch: 35, Training Loss: 0.0390, Train MSE: 0.0390, r (train): 0.7295, Test MSE: 0.0980, r (test): 0.1950
Epoch: 36, Training Loss: 0.0382, Train MSE: 0.0382, r (train): 0.6896, Test MSE: 0.0889, r (test): 0.3145
Epoch: 37, Training Loss: 0.0456, Train MSE: 0.0456, r (train): 0.7573, Test MSE: 0.1825, r (test): 0.1846
Epoch: 38, Training Loss: 0.0477, Train MSE: 0.0477, r (train): 0.6075, Test MSE: 0.1263, r (test): 0.3263
Epoch: 39, Training Loss: 0.0657, Train MSE: 0.0657, r (train): 0.7458, Test MSE: 0.2132, r (test): 0.1799
Epoch: 40, Training Loss: 0.0846, Train MSE: 0.0846, r (train): 0.7010, Test MSE: 0.0954, r (test): 0.2462
Epoch: 41, Training Loss: 0.0887, Train MSE: 0.0887, r (train): 0.6692, Test MSE: 0.0908, r (test): 0.3133
Epoch: 42, Training Loss: 0.3202, Train MSE: 0.3202, r (train): 0.7382, Test MSE: 0.5937, r (test): 0.2456
Epoch: 43, Training Loss: 0.0703, Train MSE: 0.0703, r (train): 0.7362, Test MSE: 0.2414, r (test): 0.1658
Epoch: 44, Training Loss: 0.1667, Train MSE: 0.1667, r (train): 0.6040, Test MSE: 0.1304, r (test): 0.3749
Epoch: 45, Training Loss: 0.0430, Train MSE: 0.0430, r (train): 0.7177, Test MSE: 0.0892, r (test): 0.2697
Epoch: 46, Training Loss: 0.0459, Train MSE: 0.0459, r (train): 0.7044, Test MSE: 0.0882, r (test): 0.2732
Epoch: 47, Training Loss: 0.0777, Train MSE: 0.0777, r (train): 0.7680, Test MSE: 0.2532, r (test): 0.1971
Epoch: 48, Training Loss: 0.0350, Train MSE: 0.0350, r (train): 0.7235, Test MSE: 0.0989, r (test): 0.2607
Epoch: 49, Training Loss: 0.0305, Train MSE: 0.0305, r (train): 0.7173, Test MSE: 0.1194, r (test): 0.2292
Epoch: 50, Training Loss: 0.0561, Train MSE: 0.0561, r (train): 0.7205, Test MSE: 0.0846, r (test): 0.3041
Epoch: 51, Training Loss: 0.0316, Train MSE: 0.0316, r (train): 0.7414, Test MSE: 0.1273, r (test): 0.2538
Epoch: 52, Training Loss: 0.0284, Train MSE: 0.0284, r (train): 0.7393, Test MSE: 0.1226, r (test): 0.1892
Epoch: 53, Training Loss: 0.0504, Train MSE: 0.0504, r (train): 0.7182, Test MSE: 0.0964, r (test): 0.1764
Epoch: 54, Training Loss: 0.0329, Train MSE: 0.0329, r (train): 0.7367, Test MSE: 0.1308, r (test): 0.2793
Epoch: 55, Training Loss: 0.0418, Train MSE: 0.0418, r (train): 0.7599, Test MSE: 0.1705, r (test): 0.1850
Epoch: 56, Training Loss: 0.0303, Train MSE: 0.0303, r (train): 0.7434, Test MSE: 0.1002, r (test): 0.2690
Epoch: 57, Training Loss: 0.0383, Train MSE: 0.0383, r (train): 0.7153, Test MSE: 0.0955, r (test): 0.2258
Epoch: 58, Training Loss: 0.0346, Train MSE: 0.0346, r (train): 0.7477, Test MSE: 0.0935, r (test): 0.2402
Epoch: 59, Training Loss: 0.0298, Train MSE: 0.0298, r (train): 0.7521, Test MSE: 0.1290, r (test): 0.2196
Epoch: 60, Training Loss: 0.0328, Train MSE: 0.0328, r (train): 0.7276, Test MSE: 0.1151, r (test): 0.1510
Epoch: 61, Training Loss: 0.0338, Train MSE: 0.0338, r (train): 0.7455, Test MSE: 0.0917, r (test): 0.2829
Epoch: 62, Training Loss: 0.0287, Train MSE: 0.0287, r (train): 0.7344, Test MSE: 0.1054, r (test): 0.3125
Epoch: 63, Training Loss: 0.0297, Train MSE: 0.0297, r (train): 0.7307, Test MSE: 0.1185, r (test): 0.1703
Epoch: 64, Training Loss: 0.0300, Train MSE: 0.0300, r (train): 0.7628, Test MSE: 0.0983, r (test): 0.2205
Epoch: 65, Training Loss: 0.0295, Train MSE: 0.0295, r (train): 0.7501, Test MSE: 0.1028, r (test): 0.2146
Epoch: 66, Training Loss: 0.0307, Train MSE: 0.0307, r (train): 0.7431, Test MSE: 0.1303, r (test): 0.1622
Epoch: 67, Training Loss: 0.0409, Train MSE: 0.0409, r (train): 0.7327, Test MSE: 0.0847, r (test): 0.3269
Epoch: 68, Training Loss: 0.0310, Train MSE: 0.0310, r (train): 0.7360, Test MSE: 0.1343, r (test): 0.2299
Epoch: 69, Training Loss: 0.0469, Train MSE: 0.0469, r (train): 0.7339, Test MSE: 0.0885, r (test): 0.2406
Epoch: 70, Training Loss: 0.0268, Train MSE: 0.0268, r (train): 0.7571, Test MSE: 0.1173, r (test): 0.2189
Epoch: 71, Training Loss: 0.0555, Train MSE: 0.0555, r (train): 0.7209, Test MSE: 0.1873, r (test): 0.1499
Epoch: 72, Training Loss: 0.0583, Train MSE: 0.0583, r (train): 0.6857, Test MSE: 0.0857, r (test): 0.3098
Epoch: 73, Training Loss: 0.0295, Train MSE: 0.0295, r (train): 0.7307, Test MSE: 0.1044, r (test): 0.2802
Epoch: 74, Training Loss: 0.0423, Train MSE: 0.0423, r (train): 0.7227, Test MSE: 0.0819, r (test): 0.3866
Epoch: 75, Training Loss: 0.0816, Train MSE: 0.0816, r (train): 0.7439, Test MSE: 0.2525, r (test): 0.1780
Epoch: 76, Training Loss: 0.1360, Train MSE: 0.1360, r (train): 0.6736, Test MSE: 0.1251, r (test): 0.2460
Epoch: 77, Training Loss: 0.0366, Train MSE: 0.0366, r (train): 0.6944, Test MSE: 0.0899, r (test): 0.3239
Epoch: 78, Training Loss: 0.1004, Train MSE: 0.1004, r (train): 0.7304, Test MSE: 0.2725, r (test): 0.2511
Epoch: 79, Training Loss: 0.0644, Train MSE: 0.0644, r (train): 0.6624, Test MSE: 0.0861, r (test): 0.2893
Epoch: 80, Training Loss: 0.0380, Train MSE: 0.0380, r (train): 0.7454, Test MSE: 0.1649, r (test): 0.1550
Epoch: 81, Training Loss: 0.0498, Train MSE: 0.0498, r (train): 0.7172, Test MSE: 0.0856, r (test): 0.3008
Epoch: 82, Training Loss: 0.0310, Train MSE: 0.0310, r (train): 0.7480, Test MSE: 0.1024, r (test): 0.1678
Epoch: 83, Training Loss: 0.0447, Train MSE: 0.0447, r (train): 0.7491, Test MSE: 0.1840, r (test): 0.1522
Epoch: 84, Training Loss: 0.0382, Train MSE: 0.0382, r (train): 0.7271, Test MSE: 0.0866, r (test): 0.3201
Epoch: 85, Training Loss: 0.0351, Train MSE: 0.0351, r (train): 0.7295, Test MSE: 0.1415, r (test): 0.2300
Epoch: 86, Training Loss: 0.0376, Train MSE: 0.0376, r (train): 0.7342, Test MSE: 0.0876, r (test): 0.3032
Epoch: 87, Training Loss: 0.0345, Train MSE: 0.0345, r (train): 0.7538, Test MSE: 0.0897, r (test): 0.2801
Epoch: 88, Training Loss: 0.0781, Train MSE: 0.0781, r (train): 0.7266, Test MSE: 0.1018, r (test): 0.1835
Epoch: 89, Training Loss: 0.0418, Train MSE: 0.0418, r (train): 0.7185, Test MSE: 0.0887, r (test): 0.2889
Epoch: 90, Training Loss: 0.0439, Train MSE: 0.0439, r (train): 0.7131, Test MSE: 0.1602, r (test): 0.3067
Epoch: 91, Training Loss: 0.0338, Train MSE: 0.0338, r (train): 0.7294, Test MSE: 0.1420, r (test): 0.2275
Epoch: 92, Training Loss: 0.0330, Train MSE: 0.0330, r (train): 0.7555, Test MSE: 0.1344, r (test): 0.3195
Epoch: 93, Training Loss: 0.1660, Train MSE: 0.1660, r (train): 0.7048, Test MSE: 0.1505, r (test): 0.2247
Epoch: 94, Training Loss: 0.0418, Train MSE: 0.0418, r (train): 0.7020, Test MSE: 0.0984, r (test): 0.1652
Epoch: 95, Training Loss: 0.0387, Train MSE: 0.0387, r (train): 0.7175, Test MSE: 0.1506, r (test): 0.2542
Epoch: 96, Training Loss: 0.0571, Train MSE: 0.0571, r (train): 0.6914, Test MSE: 0.1772, r (test): 0.3482
Epoch: 97, Training Loss: 0.0803, Train MSE: 0.0803, r (train): 0.7450, Test MSE: 0.2410, r (test): 0.2693
Epoch: 98, Training Loss: 0.0428, Train MSE: 0.0428, r (train): 0.7344, Test MSE: 0.1009, r (test): 0.1312
Epoch: 99, Training Loss: 0.0835, Train MSE: 0.0835, r (train): 0.7199, Test MSE: 0.0913, r (test): 0.3363
Predicted tensors for training set: 
tensor([0.5348, 0.2653, 0.4025, 0.2144, 0.2502, 0.0750, 0.4081, 0.3458, 0.2486,
        0.3786, 0.2127, 0.3842, 0.3376, 0.4647, 0.4044, 0.4440, 0.3590, 0.3346,
        0.0957, 0.5463, 0.3481, 0.1020, 0.3264, 0.5967, 0.4776, 0.2488, 0.3254,
        0.3165, 0.3493, 0.4589, 0.1997, 0.2605, 0.5877, 0.1455, 0.2728, 0.3606,
        0.2895, 0.5316, 0.2125, 0.3868, 0.2395, 0.6201, 0.6766, 0.0142, 0.2366,
        0.3928, 0.3155, 0.4986, 0.3141, 0.0500, 0.3370, 0.4585, 0.6731, 0.3105,
        0.3471, 0.3206, 0.2581, 0.1762, 0.3441, 0.4927, 0.5663, 0.3419, 0.5121,
        0.2651, 0.6960, 0.2250, 0.4074, 0.0620, 0.4089, 0.3482, 0.2427, 0.5207])
Target tensorsfor training set: 
tensor([0.9621, 0.4654, 0.6846, 0.4341, 0.5564, 0.2916, 0.8556, 0.8391, 0.6577,
        0.7901, 0.5780, 0.8418, 0.5719, 0.7144, 0.5658, 0.6240, 0.6199, 0.6671,
        0.2271, 0.9150, 0.5300, 0.1295, 0.5178, 0.8561, 0.9535, 0.5573, 0.7507,
        0.7270, 0.6992, 0.8728, 0.4818, 0.5783, 0.9492, 0.3174, 0.5187, 0.6465,
        0.4513, 0.7371, 0.3077, 0.5220, 0.4036, 0.9072, 0.9656, 0.1055, 0.0763,
        0.2594, 0.2255, 0.4373, 0.7171, 0.2464, 0.7497, 0.8988, 0.4993, 0.0981,
        0.1360, 0.0636, 0.5023, 0.4440, 0.6576, 0.8453, 0.7950, 0.4640, 0.7125,
        0.4149, 0.9127, 0.3829, 0.6595, 0.1218, 0.8524, 0.7372, 0.5102, 0.9215])
Correlation for training set: 0.7199066112956054
Predicted tensors for test set: 
tensor([0.3852, 0.3804, 0.3518, 0.4594, 0.1583, 0.2443, 0.3346, 0.4436, 0.2079,
        0.2885, 0.2097, 0.4345, 0.2627, 0.4398, 0.3406, 0.3747, 0.2487, 0.4610])
Target tensorsfor test set: 
tensor([0.5779, 0.2394, 0.8363, 0.7462, 0.7791, 0.2649, 0.7596, 0.0246, 0.0478,
        0.1294, 0.3309, 0.9117, 0.1493, 0.8411, 0.2169, 0.3453, 0.0389, 0.4526])
Correlation for test set: 0.3363083786604544
18 5
Fold 2
Epoch: 00, Training Loss: 0.0806, Train MSE: 0.0806, r (train): -0.2002, Test MSE: 0.0400, r (test): 0.1712
Epoch: 01, Training Loss: 0.1240, Train MSE: 0.1240, r (train): -0.2798, Test MSE: 0.1386, r (test): 0.2734
Epoch: 02, Training Loss: 0.2173, Train MSE: 0.2173, r (train): 0.3748, Test MSE: 0.2769, r (test): 0.2648
Epoch: 03, Training Loss: 0.1929, Train MSE: 0.1929, r (train): 0.6895, Test MSE: 0.2671, r (test): -0.1250
Epoch: 04, Training Loss: 0.0588, Train MSE: 0.0588, r (train): 0.7999, Test MSE: 0.0477, r (test): -0.2512
Epoch: 05, Training Loss: 0.5067, Train MSE: 0.5067, r (train): 0.7140, Test MSE: 0.3740, r (test): -0.1406
Epoch: 06, Training Loss: 0.0374, Train MSE: 0.0374, r (train): 0.7543, Test MSE: 0.0603, r (test): -0.1733
Epoch: 07, Training Loss: 1.1502, Train MSE: 1.1502, r (train): 0.7637, Test MSE: 0.8273, r (test): -0.2341
Epoch: 08, Training Loss: 0.0544, Train MSE: 0.0544, r (train): 0.8141, Test MSE: 0.0481, r (test): -0.1067
Epoch: 09, Training Loss: 0.0309, Train MSE: 0.0309, r (train): 0.7958, Test MSE: 0.0889, r (test): -0.2173
Epoch: 10, Training Loss: 0.0635, Train MSE: 0.0635, r (train): 0.7494, Test MSE: 0.0538, r (test): -0.1201
Epoch: 11, Training Loss: 0.1444, Train MSE: 0.1444, r (train): 0.8246, Test MSE: 0.0780, r (test): -0.1360
Epoch: 12, Training Loss: 0.0847, Train MSE: 0.0847, r (train): 0.8182, Test MSE: 0.2047, r (test): -0.2715
Epoch: 13, Training Loss: 0.0620, Train MSE: 0.0620, r (train): 0.7826, Test MSE: 0.0567, r (test): -0.1424
Epoch: 14, Training Loss: 0.0278, Train MSE: 0.0278, r (train): 0.8119, Test MSE: 0.0771, r (test): -0.1204
Epoch: 15, Training Loss: 0.0291, Train MSE: 0.0291, r (train): 0.8120, Test MSE: 0.0919, r (test): -0.1438
Epoch: 16, Training Loss: 0.0540, Train MSE: 0.0540, r (train): 0.7271, Test MSE: 0.1379, r (test): -0.1208
Epoch: 17, Training Loss: 0.0682, Train MSE: 0.0682, r (train): 0.7957, Test MSE: 0.0521, r (test): -0.1345
Epoch: 18, Training Loss: 0.0507, Train MSE: 0.0507, r (train): 0.7613, Test MSE: 0.1266, r (test): -0.1533
Epoch: 19, Training Loss: 0.0420, Train MSE: 0.0420, r (train): 0.7151, Test MSE: 0.0827, r (test): -0.0645
Epoch: 20, Training Loss: 0.0369, Train MSE: 0.0369, r (train): 0.7740, Test MSE: 0.0601, r (test): -0.1053
Epoch: 21, Training Loss: 0.0381, Train MSE: 0.0381, r (train): 0.7262, Test MSE: 0.0735, r (test): -0.0447
Epoch: 22, Training Loss: 0.0379, Train MSE: 0.0379, r (train): 0.7399, Test MSE: 0.0871, r (test): -0.0943
Epoch: 23, Training Loss: 0.0708, Train MSE: 0.0708, r (train): 0.7828, Test MSE: 0.0515, r (test): -0.1413
Epoch: 24, Training Loss: 0.0652, Train MSE: 0.0652, r (train): 0.7423, Test MSE: 0.0538, r (test): -0.0797
Epoch: 25, Training Loss: 0.0397, Train MSE: 0.0397, r (train): 0.7251, Test MSE: 0.0939, r (test): -0.1426
Epoch: 26, Training Loss: 0.0428, Train MSE: 0.0428, r (train): 0.7664, Test MSE: 0.0543, r (test): -0.1768
Epoch: 27, Training Loss: 0.0387, Train MSE: 0.0387, r (train): 0.7283, Test MSE: 0.0821, r (test): 0.0089
Epoch: 28, Training Loss: 0.0591, Train MSE: 0.0591, r (train): 0.6827, Test MSE: 0.1195, r (test): -0.0404
Epoch: 29, Training Loss: 0.5515, Train MSE: 0.5515, r (train): 0.7553, Test MSE: 0.3378, r (test): -0.1302
Epoch: 30, Training Loss: 0.2576, Train MSE: 0.2576, r (train): 0.5725, Test MSE: 0.4030, r (test): 0.0867
Epoch: 31, Training Loss: 0.0756, Train MSE: 0.0756, r (train): 0.7793, Test MSE: 0.0482, r (test): -0.0889
Epoch: 32, Training Loss: 0.1149, Train MSE: 0.1149, r (train): 0.7816, Test MSE: 0.0580, r (test): -0.1335
Epoch: 33, Training Loss: 0.0418, Train MSE: 0.0418, r (train): 0.7182, Test MSE: 0.0951, r (test): -0.0744
Epoch: 34, Training Loss: 0.0405, Train MSE: 0.0405, r (train): 0.7232, Test MSE: 0.0782, r (test): -0.0878
Epoch: 35, Training Loss: 0.0376, Train MSE: 0.0376, r (train): 0.7397, Test MSE: 0.0735, r (test): -0.0393
Epoch: 36, Training Loss: 0.2873, Train MSE: 0.2873, r (train): 0.7993, Test MSE: 0.1637, r (test): -0.1689
Epoch: 37, Training Loss: 0.0532, Train MSE: 0.0532, r (train): 0.7415, Test MSE: 0.1521, r (test): -0.1415
Epoch: 38, Training Loss: 0.0454, Train MSE: 0.0454, r (train): 0.7381, Test MSE: 0.0521, r (test): -0.0897
Epoch: 39, Training Loss: 0.0385, Train MSE: 0.0385, r (train): 0.7261, Test MSE: 0.0670, r (test): -0.0571
Epoch: 40, Training Loss: 0.0391, Train MSE: 0.0391, r (train): 0.8025, Test MSE: 0.0523, r (test): -0.1384
Epoch: 41, Training Loss: 0.0597, Train MSE: 0.0597, r (train): 0.7761, Test MSE: 0.0568, r (test): -0.0814
Epoch: 42, Training Loss: 0.0392, Train MSE: 0.0392, r (train): 0.7251, Test MSE: 0.0829, r (test): -0.0470
Epoch: 43, Training Loss: 0.0366, Train MSE: 0.0366, r (train): 0.7438, Test MSE: 0.0774, r (test): -0.0788
Epoch: 44, Training Loss: 0.0390, Train MSE: 0.0390, r (train): 0.7294, Test MSE: 0.0938, r (test): -0.0556
Epoch: 45, Training Loss: 0.0840, Train MSE: 0.0840, r (train): 0.7467, Test MSE: 0.1439, r (test): -0.1049
Epoch: 46, Training Loss: 2.1964, Train MSE: 2.1964, r (train): 0.7637, Test MSE: 1.6176, r (test): -0.2220
Epoch: 47, Training Loss: 0.0844, Train MSE: 0.0844, r (train): 0.6660, Test MSE: 0.1758, r (test): 0.0492
Epoch: 48, Training Loss: 0.0646, Train MSE: 0.0646, r (train): 0.7616, Test MSE: 0.0443, r (test): -0.0553
Epoch: 49, Training Loss: 0.0407, Train MSE: 0.0407, r (train): 0.7163, Test MSE: 0.0652, r (test): 0.0148
Epoch: 50, Training Loss: 0.0754, Train MSE: 0.0754, r (train): 0.5745, Test MSE: 0.1308, r (test): 0.0828
Epoch: 51, Training Loss: 0.0399, Train MSE: 0.0399, r (train): 0.7408, Test MSE: 0.0755, r (test): 0.0450
Epoch: 52, Training Loss: 0.1572, Train MSE: 0.1572, r (train): 0.5703, Test MSE: 0.2723, r (test): 0.0689
Epoch: 53, Training Loss: 0.0448, Train MSE: 0.0448, r (train): 0.6669, Test MSE: 0.0585, r (test): 0.1177
Epoch: 54, Training Loss: 0.0708, Train MSE: 0.0708, r (train): 0.7340, Test MSE: 0.0391, r (test): -0.0746
Epoch: 55, Training Loss: 0.1822, Train MSE: 0.1822, r (train): 0.7891, Test MSE: 0.0790, r (test): -0.0651
Epoch: 56, Training Loss: 0.0432, Train MSE: 0.0432, r (train): 0.7177, Test MSE: 0.0935, r (test): 0.0697
Epoch: 57, Training Loss: 0.0364, Train MSE: 0.0364, r (train): 0.7441, Test MSE: 0.0819, r (test): 0.0415
Epoch: 58, Training Loss: 0.0377, Train MSE: 0.0377, r (train): 0.7453, Test MSE: 0.0951, r (test): 0.0600
Epoch: 59, Training Loss: 0.0375, Train MSE: 0.0375, r (train): 0.7763, Test MSE: 0.0692, r (test): 0.0373
Epoch: 60, Training Loss: 0.0347, Train MSE: 0.0347, r (train): 0.7667, Test MSE: 0.0788, r (test): 0.0140
Epoch: 61, Training Loss: 0.0412, Train MSE: 0.0412, r (train): 0.7435, Test MSE: 0.0692, r (test): 0.0254
Epoch: 62, Training Loss: 0.0418, Train MSE: 0.0418, r (train): 0.7355, Test MSE: 0.0909, r (test): 0.0193
Epoch: 63, Training Loss: 0.0400, Train MSE: 0.0400, r (train): 0.7399, Test MSE: 0.1038, r (test): 0.0287
Epoch: 64, Training Loss: 0.0381, Train MSE: 0.0381, r (train): 0.7332, Test MSE: 0.0761, r (test): 0.0948
Epoch: 65, Training Loss: 0.0403, Train MSE: 0.0403, r (train): 0.7790, Test MSE: 0.0647, r (test): 0.0054
Epoch: 66, Training Loss: 0.0397, Train MSE: 0.0397, r (train): 0.7490, Test MSE: 0.1142, r (test): -0.0326
Epoch: 67, Training Loss: 0.0432, Train MSE: 0.0432, r (train): 0.7375, Test MSE: 0.0596, r (test): 0.0305
Epoch: 68, Training Loss: 0.0360, Train MSE: 0.0360, r (train): 0.7643, Test MSE: 0.0688, r (test): 0.0287
Epoch: 69, Training Loss: 0.0356, Train MSE: 0.0356, r (train): 0.7566, Test MSE: 0.0789, r (test): 0.0677
Epoch: 70, Training Loss: 0.0364, Train MSE: 0.0364, r (train): 0.7630, Test MSE: 0.0733, r (test): 0.0531
Epoch: 71, Training Loss: 0.0382, Train MSE: 0.0382, r (train): 0.7485, Test MSE: 0.0968, r (test): 0.0275
Epoch: 72, Training Loss: 0.0390, Train MSE: 0.0390, r (train): 0.7499, Test MSE: 0.0754, r (test): 0.0294
Epoch: 73, Training Loss: 0.0378, Train MSE: 0.0378, r (train): 0.7590, Test MSE: 0.0645, r (test): 0.0342
Epoch: 74, Training Loss: 0.0368, Train MSE: 0.0368, r (train): 0.7595, Test MSE: 0.0670, r (test): 0.0627
Epoch: 75, Training Loss: 0.0372, Train MSE: 0.0372, r (train): 0.7546, Test MSE: 0.0823, r (test): 0.0515
Epoch: 76, Training Loss: 0.0383, Train MSE: 0.0383, r (train): 0.7454, Test MSE: 0.0949, r (test): 0.0280
Epoch: 77, Training Loss: 0.0382, Train MSE: 0.0382, r (train): 0.7455, Test MSE: 0.0776, r (test): 0.0388
Epoch: 78, Training Loss: 0.0384, Train MSE: 0.0384, r (train): 0.7633, Test MSE: 0.0637, r (test): 0.0382
Epoch: 79, Training Loss: 0.0365, Train MSE: 0.0365, r (train): 0.7611, Test MSE: 0.0738, r (test): 0.0527
Epoch: 80, Training Loss: 0.0377, Train MSE: 0.0377, r (train): 0.7509, Test MSE: 0.0814, r (test): 0.0494
Epoch: 81, Training Loss: 0.0378, Train MSE: 0.0378, r (train): 0.7459, Test MSE: 0.0868, r (test): 0.0345
Epoch: 82, Training Loss: 0.0379, Train MSE: 0.0379, r (train): 0.7479, Test MSE: 0.0784, r (test): 0.0368
Epoch: 83, Training Loss: 0.0373, Train MSE: 0.0373, r (train): 0.7582, Test MSE: 0.0690, r (test): 0.0412
Epoch: 84, Training Loss: 0.0370, Train MSE: 0.0370, r (train): 0.7626, Test MSE: 0.0684, r (test): 0.0515
Epoch: 85, Training Loss: 0.0380, Train MSE: 0.0380, r (train): 0.7541, Test MSE: 0.0774, r (test): 0.0557
Epoch: 86, Training Loss: 0.0382, Train MSE: 0.0382, r (train): 0.7458, Test MSE: 0.0899, r (test): 0.0363
Epoch: 87, Training Loss: 0.0386, Train MSE: 0.0386, r (train): 0.7414, Test MSE: 0.0858, r (test): 0.0297
Epoch: 88, Training Loss: 0.0374, Train MSE: 0.0374, r (train): 0.7513, Test MSE: 0.0700, r (test): 0.0434
Epoch: 89, Training Loss: 0.0377, Train MSE: 0.0377, r (train): 0.7670, Test MSE: 0.0634, r (test): 0.0464
Epoch: 90, Training Loss: 0.0382, Train MSE: 0.0382, r (train): 0.7596, Test MSE: 0.0731, r (test): 0.0602
Epoch: 91, Training Loss: 0.0380, Train MSE: 0.0380, r (train): 0.7492, Test MSE: 0.0852, r (test): 0.0465
Epoch: 92, Training Loss: 0.0387, Train MSE: 0.0387, r (train): 0.7389, Test MSE: 0.0908, r (test): 0.0316
Epoch: 93, Training Loss: 0.0389, Train MSE: 0.0389, r (train): 0.7388, Test MSE: 0.0782, r (test): 0.0444
Epoch: 94, Training Loss: 0.0372, Train MSE: 0.0372, r (train): 0.7652, Test MSE: 0.0635, r (test): 0.0365
Epoch: 95, Training Loss: 0.0360, Train MSE: 0.0360, r (train): 0.7633, Test MSE: 0.0738, r (test): 0.0504
Epoch: 96, Training Loss: 0.0438, Train MSE: 0.0438, r (train): 0.7561, Test MSE: 0.0593, r (test): 0.0740
Epoch: 97, Training Loss: 0.0365, Train MSE: 0.0365, r (train): 0.7548, Test MSE: 0.0847, r (test): 0.0214
Epoch: 98, Training Loss: 0.0427, Train MSE: 0.0427, r (train): 0.7324, Test MSE: 0.1084, r (test): 0.0205
Epoch: 99, Training Loss: 0.0398, Train MSE: 0.0398, r (train): 0.7283, Test MSE: 0.0808, r (test): 0.0373
Predicted tensors for training set: 
tensor([0.5155, 0.2104, 0.7396, 0.6570, 0.8298, 0.3504, 0.8257, 0.1064, 0.1685,
        0.2426, 0.4864, 1.1688, 0.3403, 1.1464, 0.4284, 0.5620, 0.1437, 0.5752,
        0.3110, 1.0320, 0.4654, 0.1864, 0.4839, 0.7319, 0.5183, 0.3606, 0.3612,
        0.4343, 0.4885, 0.5942, 0.2894, 0.3562, 0.7964, 0.1582, 0.4066, 0.4462,
        0.4794, 0.7523, 0.4243, 0.5249, 0.3027, 0.8519, 0.9319, 0.0087, 0.3729,
        0.6381, 0.5398, 0.7261, 0.4904, 0.0241, 0.3567, 0.6966, 0.9525, 0.3639,
        0.4268, 0.3736, 0.4138, 0.2906, 0.4434, 0.6611, 0.6670, 0.4167, 0.5985,
        0.3745, 0.8431, 0.4386, 0.6706, 0.1913, 0.5984, 0.5605, 0.1927, 0.6454])
Target tensorsfor training set: 
tensor([0.5779, 0.2394, 0.8363, 0.7462, 0.7791, 0.2649, 0.7596, 0.0246, 0.0478,
        0.1294, 0.3309, 0.9117, 0.1493, 0.8411, 0.2169, 0.3453, 0.0389, 0.4526,
        0.2271, 0.9150, 0.5300, 0.1295, 0.5178, 0.8561, 0.9535, 0.5573, 0.7507,
        0.7270, 0.6992, 0.8728, 0.4818, 0.5783, 0.9492, 0.3174, 0.5187, 0.6465,
        0.4513, 0.7371, 0.3077, 0.5220, 0.4036, 0.9072, 0.9656, 0.1055, 0.0763,
        0.2594, 0.2255, 0.4373, 0.7171, 0.2464, 0.7497, 0.8988, 0.4993, 0.0981,
        0.1360, 0.0636, 0.5023, 0.4440, 0.6576, 0.8453, 0.7950, 0.4640, 0.7125,
        0.4149, 0.9127, 0.3829, 0.6595, 0.1218, 0.8524, 0.7372, 0.5102, 0.9215])
Correlation for training set: 0.7283190773163691
Predicted tensors for test set: 
tensor([0.3189, 0.4540, 0.4239, 0.5399, 0.4855, 0.1706, 0.3106, 0.3767, 0.5326,
        0.5545, 0.4925, 0.4268, 0.4593, 0.6024, 0.3637, 0.5092, 0.5251, 0.3632])
Target tensorsfor test set: 
tensor([0.9621, 0.4654, 0.6846, 0.4341, 0.5564, 0.2916, 0.8556, 0.8391, 0.6577,
        0.7901, 0.5780, 0.8418, 0.5719, 0.7144, 0.5658, 0.6240, 0.6199, 0.6671])
Correlation for test set: 0.03726460888071398
18 5
Fold 3
Epoch: 00, Training Loss: 0.0828, Train MSE: 0.0828, r (train): -0.2197, Test MSE: 0.0895, r (test): -0.5029
Epoch: 01, Training Loss: 0.0985, Train MSE: 0.0985, r (train): -0.1351, Test MSE: 0.1171, r (test): -0.3685
Epoch: 02, Training Loss: 0.1475, Train MSE: 0.1475, r (train): 0.3632, Test MSE: 0.1894, r (test): 0.0846
Epoch: 03, Training Loss: 0.1204, Train MSE: 0.1204, r (train): 0.5874, Test MSE: 0.1697, r (test): 0.3747
Epoch: 04, Training Loss: 0.0922, Train MSE: 0.0922, r (train): 0.7285, Test MSE: 0.1535, r (test): 0.3606
Epoch: 05, Training Loss: 1.8340, Train MSE: 1.8340, r (train): 0.5972, Test MSE: 1.3473, r (test): 0.5008
Epoch: 06, Training Loss: 0.1368, Train MSE: 0.1368, r (train): 0.5904, Test MSE: 0.1915, r (test): 0.4240
Epoch: 07, Training Loss: 0.2694, Train MSE: 0.2694, r (train): 0.7622, Test MSE: 0.1959, r (test): 0.3573
Epoch: 08, Training Loss: 0.4375, Train MSE: 0.4375, r (train): 0.6431, Test MSE: 0.2670, r (test): 0.2553
Epoch: 09, Training Loss: 0.0908, Train MSE: 0.0908, r (train): 0.7073, Test MSE: 0.0465, r (test): 0.5710
Epoch: 10, Training Loss: 0.0706, Train MSE: 0.0706, r (train): 0.6749, Test MSE: 0.0553, r (test): 0.4891
Epoch: 11, Training Loss: 0.0406, Train MSE: 0.0406, r (train): 0.7591, Test MSE: 0.0839, r (test): 0.3133
Epoch: 12, Training Loss: 0.1955, Train MSE: 0.1955, r (train): 0.7389, Test MSE: 0.1117, r (test): 0.4275
Epoch: 13, Training Loss: 0.1002, Train MSE: 0.1002, r (train): 0.7350, Test MSE: 0.0813, r (test): 0.4343
Epoch: 14, Training Loss: 0.0990, Train MSE: 0.0990, r (train): 0.7155, Test MSE: 0.1706, r (test): 0.1483
Epoch: 15, Training Loss: 0.0301, Train MSE: 0.0301, r (train): 0.7736, Test MSE: 0.0516, r (test): 0.4550
Epoch: 16, Training Loss: 0.0454, Train MSE: 0.0454, r (train): 0.7729, Test MSE: 0.0487, r (test): 0.4088
Epoch: 17, Training Loss: 0.0583, Train MSE: 0.0583, r (train): 0.7219, Test MSE: 0.1090, r (test): 0.3556
Epoch: 18, Training Loss: 0.0353, Train MSE: 0.0353, r (train): 0.7381, Test MSE: 0.0501, r (test): 0.3983
Epoch: 19, Training Loss: 0.0417, Train MSE: 0.0417, r (train): 0.7234, Test MSE: 0.0781, r (test): 0.3510
Epoch: 20, Training Loss: 0.0417, Train MSE: 0.0417, r (train): 0.7372, Test MSE: 0.0402, r (test): 0.5391
Epoch: 21, Training Loss: 0.0473, Train MSE: 0.0473, r (train): 0.6823, Test MSE: 0.0782, r (test): 0.3112
Epoch: 22, Training Loss: 0.0427, Train MSE: 0.0427, r (train): 0.6941, Test MSE: 0.0519, r (test): 0.3833
Epoch: 23, Training Loss: 0.0385, Train MSE: 0.0385, r (train): 0.6974, Test MSE: 0.0500, r (test): 0.5101
Epoch: 24, Training Loss: 0.0458, Train MSE: 0.0458, r (train): 0.6585, Test MSE: 0.0773, r (test): 0.2433
Epoch: 25, Training Loss: 0.0782, Train MSE: 0.0782, r (train): 0.7095, Test MSE: 0.0465, r (test): 0.5515
Epoch: 26, Training Loss: 0.0469, Train MSE: 0.0469, r (train): 0.6571, Test MSE: 0.0641, r (test): 0.4474
Epoch: 27, Training Loss: 0.0901, Train MSE: 0.0901, r (train): 0.6805, Test MSE: 0.0633, r (test): 0.3345
Epoch: 28, Training Loss: 0.0458, Train MSE: 0.0458, r (train): 0.6705, Test MSE: 0.0678, r (test): 0.4135
Epoch: 29, Training Loss: 0.0435, Train MSE: 0.0435, r (train): 0.6676, Test MSE: 0.0670, r (test): 0.5459
Epoch: 30, Training Loss: 0.2739, Train MSE: 0.2739, r (train): 0.7203, Test MSE: 0.1867, r (test): 0.4568
Epoch: 31, Training Loss: 0.0624, Train MSE: 0.0624, r (train): 0.6214, Test MSE: 0.0959, r (test): 0.3110
Epoch: 32, Training Loss: 0.0485, Train MSE: 0.0485, r (train): 0.6755, Test MSE: 0.0469, r (test): 0.4386
Epoch: 33, Training Loss: 0.0679, Train MSE: 0.0679, r (train): 0.6906, Test MSE: 0.0484, r (test): 0.4457
Epoch: 34, Training Loss: 0.0430, Train MSE: 0.0430, r (train): 0.6596, Test MSE: 0.0620, r (test): 0.2929
Epoch: 35, Training Loss: 0.0750, Train MSE: 0.0750, r (train): 0.6911, Test MSE: 0.0446, r (test): 0.5257
Epoch: 36, Training Loss: 0.0466, Train MSE: 0.0466, r (train): 0.6615, Test MSE: 0.0633, r (test): 0.3468
Epoch: 37, Training Loss: 0.0502, Train MSE: 0.0502, r (train): 0.6642, Test MSE: 0.0515, r (test): 0.4085
Epoch: 38, Training Loss: 0.0675, Train MSE: 0.0675, r (train): 0.6504, Test MSE: 0.0464, r (test): 0.4574
Epoch: 39, Training Loss: 0.0608, Train MSE: 0.0608, r (train): 0.6235, Test MSE: 0.1048, r (test): 0.2095
Epoch: 40, Training Loss: 0.0475, Train MSE: 0.0475, r (train): 0.6385, Test MSE: 0.0647, r (test): 0.4782
Epoch: 41, Training Loss: 0.0994, Train MSE: 0.0994, r (train): 0.6555, Test MSE: 0.0636, r (test): 0.4592
Epoch: 42, Training Loss: 0.2065, Train MSE: 0.2065, r (train): 0.5783, Test MSE: 0.2824, r (test): 0.0827
Epoch: 43, Training Loss: 0.0509, Train MSE: 0.0509, r (train): 0.5765, Test MSE: 0.0665, r (test): 0.4174
Epoch: 44, Training Loss: 0.1617, Train MSE: 0.1617, r (train): 0.6333, Test MSE: 0.0820, r (test): 0.4528
Epoch: 45, Training Loss: 0.0541, Train MSE: 0.0541, r (train): 0.5954, Test MSE: 0.0581, r (test): 0.2480
Epoch: 46, Training Loss: 0.0532, Train MSE: 0.0532, r (train): 0.5767, Test MSE: 0.0865, r (test): -0.0025
Epoch: 47, Training Loss: 0.1138, Train MSE: 0.1138, r (train): 0.6605, Test MSE: 0.0655, r (test): 0.6104
Epoch: 48, Training Loss: 0.0659, Train MSE: 0.0659, r (train): 0.6224, Test MSE: 0.1133, r (test): 0.2195
Epoch: 49, Training Loss: 0.0570, Train MSE: 0.0570, r (train): 0.7038, Test MSE: 0.0344, r (test): 0.6501
Epoch: 50, Training Loss: 0.0602, Train MSE: 0.0602, r (train): 0.6697, Test MSE: 0.0507, r (test): 0.4563
Epoch: 51, Training Loss: 0.0582, Train MSE: 0.0582, r (train): 0.6100, Test MSE: 0.0881, r (test): 0.2873
Epoch: 52, Training Loss: 0.0444, Train MSE: 0.0444, r (train): 0.6776, Test MSE: 0.0616, r (test): 0.4092
Epoch: 53, Training Loss: 0.0412, Train MSE: 0.0412, r (train): 0.6911, Test MSE: 0.0584, r (test): 0.3677
Epoch: 54, Training Loss: 0.0429, Train MSE: 0.0429, r (train): 0.6911, Test MSE: 0.0453, r (test): 0.4335
Epoch: 55, Training Loss: 0.0420, Train MSE: 0.0420, r (train): 0.6742, Test MSE: 0.0455, r (test): 0.5304
Epoch: 56, Training Loss: 0.0615, Train MSE: 0.0615, r (train): 0.6594, Test MSE: 0.0542, r (test): 0.2951
Epoch: 57, Training Loss: 0.0520, Train MSE: 0.0520, r (train): 0.5969, Test MSE: 0.0783, r (test): 0.3654
Epoch: 58, Training Loss: 0.0441, Train MSE: 0.0441, r (train): 0.6904, Test MSE: 0.0448, r (test): 0.4670
Epoch: 59, Training Loss: 0.0796, Train MSE: 0.0796, r (train): 0.6299, Test MSE: 0.1289, r (test): 0.3678
Epoch: 60, Training Loss: 0.0498, Train MSE: 0.0498, r (train): 0.6384, Test MSE: 0.0706, r (test): 0.3024
Epoch: 61, Training Loss: 0.0567, Train MSE: 0.0567, r (train): 0.6660, Test MSE: 0.0440, r (test): 0.4714
Epoch: 62, Training Loss: 0.0474, Train MSE: 0.0474, r (train): 0.6636, Test MSE: 0.0538, r (test): 0.3893
Epoch: 63, Training Loss: 0.0479, Train MSE: 0.0479, r (train): 0.6456, Test MSE: 0.0568, r (test): 0.3699
Epoch: 64, Training Loss: 0.0442, Train MSE: 0.0442, r (train): 0.6503, Test MSE: 0.0688, r (test): 0.2594
Epoch: 65, Training Loss: 0.0438, Train MSE: 0.0438, r (train): 0.6567, Test MSE: 0.0629, r (test): 0.3451
Epoch: 66, Training Loss: 0.0914, Train MSE: 0.0914, r (train): 0.6735, Test MSE: 0.0509, r (test): 0.5470
Epoch: 67, Training Loss: 0.0560, Train MSE: 0.0560, r (train): 0.6511, Test MSE: 0.0661, r (test): 0.3447
Epoch: 68, Training Loss: 0.0481, Train MSE: 0.0481, r (train): 0.6578, Test MSE: 0.0575, r (test): 0.3807
Epoch: 69, Training Loss: 0.0448, Train MSE: 0.0448, r (train): 0.6677, Test MSE: 0.0541, r (test): 0.3066
Epoch: 70, Training Loss: 0.0457, Train MSE: 0.0457, r (train): 0.6505, Test MSE: 0.0541, r (test): 0.4109
Epoch: 71, Training Loss: 0.0511, Train MSE: 0.0511, r (train): 0.6377, Test MSE: 0.0644, r (test): 0.3908
Epoch: 72, Training Loss: 0.0531, Train MSE: 0.0531, r (train): 0.6638, Test MSE: 0.0516, r (test): 0.4439
Epoch: 73, Training Loss: 0.0455, Train MSE: 0.0455, r (train): 0.6816, Test MSE: 0.0606, r (test): 0.2824
Epoch: 74, Training Loss: 0.0448, Train MSE: 0.0448, r (train): 0.6575, Test MSE: 0.0651, r (test): 0.2956
Epoch: 75, Training Loss: 0.0458, Train MSE: 0.0458, r (train): 0.6481, Test MSE: 0.0491, r (test): 0.4287
Epoch: 76, Training Loss: 0.0649, Train MSE: 0.0649, r (train): 0.6021, Test MSE: 0.0992, r (test): 0.3732
Epoch: 77, Training Loss: 0.0506, Train MSE: 0.0506, r (train): 0.6717, Test MSE: 0.0565, r (test): 0.3747
Epoch: 78, Training Loss: 0.0586, Train MSE: 0.0586, r (train): 0.6869, Test MSE: 0.0475, r (test): 0.4199
Epoch: 79, Training Loss: 0.0526, Train MSE: 0.0526, r (train): 0.6597, Test MSE: 0.0481, r (test): 0.4043
Epoch: 80, Training Loss: 0.0478, Train MSE: 0.0478, r (train): 0.6295, Test MSE: 0.0628, r (test): 0.3670
Epoch: 81, Training Loss: 0.0473, Train MSE: 0.0473, r (train): 0.6389, Test MSE: 0.0661, r (test): 0.3892
Epoch: 82, Training Loss: 0.0483, Train MSE: 0.0483, r (train): 0.6849, Test MSE: 0.0455, r (test): 0.4480
Epoch: 83, Training Loss: 0.0547, Train MSE: 0.0547, r (train): 0.6677, Test MSE: 0.0503, r (test): 0.3963
Epoch: 84, Training Loss: 0.0501, Train MSE: 0.0501, r (train): 0.6489, Test MSE: 0.0580, r (test): 0.3665
Epoch: 85, Training Loss: 0.0516, Train MSE: 0.0516, r (train): 0.6347, Test MSE: 0.0693, r (test): 0.3896
Epoch: 86, Training Loss: 0.0481, Train MSE: 0.0481, r (train): 0.6556, Test MSE: 0.0656, r (test): 0.3833
Epoch: 87, Training Loss: 0.0504, Train MSE: 0.0504, r (train): 0.6780, Test MSE: 0.0465, r (test): 0.4251
Epoch: 88, Training Loss: 0.0547, Train MSE: 0.0547, r (train): 0.6641, Test MSE: 0.0474, r (test): 0.4073
Epoch: 89, Training Loss: 0.0556, Train MSE: 0.0556, r (train): 0.6315, Test MSE: 0.0739, r (test): 0.3734
Epoch: 90, Training Loss: 0.0572, Train MSE: 0.0572, r (train): 0.6293, Test MSE: 0.0840, r (test): 0.3331
Epoch: 91, Training Loss: 0.0467, Train MSE: 0.0467, r (train): 0.6757, Test MSE: 0.0464, r (test): 0.4428
Epoch: 92, Training Loss: 0.0608, Train MSE: 0.0608, r (train): 0.6759, Test MSE: 0.0447, r (test): 0.4553
Epoch: 93, Training Loss: 0.0530, Train MSE: 0.0530, r (train): 0.6449, Test MSE: 0.0585, r (test): 0.3731
Epoch: 94, Training Loss: 0.0545, Train MSE: 0.0545, r (train): 0.6269, Test MSE: 0.0756, r (test): 0.3462
Epoch: 95, Training Loss: 0.0474, Train MSE: 0.0474, r (train): 0.6541, Test MSE: 0.0632, r (test): 0.3849
Epoch: 96, Training Loss: 0.0497, Train MSE: 0.0497, r (train): 0.6750, Test MSE: 0.0451, r (test): 0.4699
Epoch: 97, Training Loss: 0.0527, Train MSE: 0.0527, r (train): 0.6626, Test MSE: 0.0505, r (test): 0.3921
Epoch: 98, Training Loss: 0.0498, Train MSE: 0.0498, r (train): 0.6466, Test MSE: 0.0562, r (test): 0.4036
Epoch: 99, Training Loss: 0.0512, Train MSE: 0.0512, r (train): 0.6441, Test MSE: 0.0649, r (test): 0.3601
Predicted tensors for training set: 
tensor([0.5107, 0.1767, 0.7698, 0.6738, 0.9790, 0.3433, 0.9070, 0.1276, 0.1312,
        0.2113, 0.4451, 1.1592, 0.3169, 1.1557, 0.3924, 0.5508, 0.0128, 0.4196,
        1.0419, 0.4366, 0.6793, 0.4250, 0.5612, 0.2958, 0.3610, 0.3624, 0.1892,
        0.3001, 0.3695, 0.6335, 0.3163, 0.4993, 0.4474, 0.5104, 0.5172, 0.5551,
        0.4968, 0.7484, 0.4061, 0.5721, 0.3398, 0.8888, 0.9399, 0.0317, 0.4001,
        0.6563, 0.5689, 0.8066, 0.3952, 0.0249, 0.3740, 0.6027, 1.1717, 0.4138,
        0.4997, 0.3853, 0.4108, 0.3420, 0.5200, 0.6894, 0.6639, 0.3760, 0.5809,
        0.3179, 0.8341, 0.3756, 0.6153, 0.1465, 0.5763, 0.5180, 0.2253, 0.6531])
Target tensorsfor training set: 
tensor([0.5779, 0.2394, 0.8363, 0.7462, 0.7791, 0.2649, 0.7596, 0.0246, 0.0478,
        0.1294, 0.3309, 0.9117, 0.1493, 0.8411, 0.2169, 0.3453, 0.0389, 0.4526,
        0.9621, 0.4654, 0.6846, 0.4341, 0.5564, 0.2916, 0.8556, 0.8391, 0.6577,
        0.7901, 0.5780, 0.8418, 0.5719, 0.7144, 0.5658, 0.6240, 0.6199, 0.6671,
        0.4513, 0.7371, 0.3077, 0.5220, 0.4036, 0.9072, 0.9656, 0.1055, 0.0763,
        0.2594, 0.2255, 0.4373, 0.7171, 0.2464, 0.7497, 0.8988, 0.4993, 0.0981,
        0.1360, 0.0636, 0.5023, 0.4440, 0.6576, 0.8453, 0.7950, 0.4640, 0.7125,
        0.4149, 0.9127, 0.3829, 0.6595, 0.1218, 0.8524, 0.7372, 0.5102, 0.9215])
Correlation for training set: 0.644099134699652
Predicted tensors for test set: 
tensor([0.4860, 0.5220, 0.6668, 0.3091, 0.5324, 0.6977, 0.4615, 0.4664, 0.3985,
        0.3830, 0.4084, 0.6619, 0.4260, 0.4916, 0.6439, 0.5326, 0.5473, 0.3348])
Target tensorsfor test set: 
tensor([0.2271, 0.9150, 0.5300, 0.1295, 0.5178, 0.8561, 0.9535, 0.5573, 0.7507,
        0.7270, 0.6992, 0.8728, 0.4818, 0.5783, 0.9492, 0.3174, 0.5187, 0.6465])
Correlation for test set: 0.3600864047215852
18 5
Fold 4
Epoch: 00, Training Loss: 0.0889, Train MSE: 0.0889, r (train): -0.2455, Test MSE: 0.0833, r (test): 0.0299
Epoch: 01, Training Loss: 0.1827, Train MSE: 0.1827, r (train): 0.1592, Test MSE: 0.1428, r (test): -0.2924
Epoch: 02, Training Loss: 0.2612, Train MSE: 0.2612, r (train): 0.6144, Test MSE: 0.2086, r (test): -0.0190
Epoch: 03, Training Loss: 0.2119, Train MSE: 0.2119, r (train): 0.7327, Test MSE: 0.1887, r (test): 0.1142
Epoch: 04, Training Loss: 0.0518, Train MSE: 0.0518, r (train): 0.7449, Test MSE: 0.0989, r (test): 0.0511
Epoch: 05, Training Loss: 0.0515, Train MSE: 0.0515, r (train): 0.7246, Test MSE: 0.0851, r (test): 0.1821
Epoch: 06, Training Loss: 0.8963, Train MSE: 0.8963, r (train): 0.7771, Test MSE: 1.1532, r (test): 0.1314
Epoch: 07, Training Loss: 0.0287, Train MSE: 0.0287, r (train): 0.7671, Test MSE: 0.0828, r (test): 0.2045
Epoch: 08, Training Loss: 0.1779, Train MSE: 0.1779, r (train): 0.7306, Test MSE: 0.3161, r (test): 0.1617
Epoch: 09, Training Loss: 0.0781, Train MSE: 0.0781, r (train): 0.7366, Test MSE: 0.1931, r (test): 0.0608
Epoch: 10, Training Loss: 0.1534, Train MSE: 0.1534, r (train): 0.7514, Test MSE: 0.1595, r (test): 0.0026
Epoch: 11, Training Loss: 0.0548, Train MSE: 0.0548, r (train): 0.8099, Test MSE: 0.1454, r (test): 0.1111
Epoch: 12, Training Loss: 0.0403, Train MSE: 0.0403, r (train): 0.7433, Test MSE: 0.1024, r (test): 0.0310
Epoch: 13, Training Loss: 0.0416, Train MSE: 0.0416, r (train): 0.7184, Test MSE: 0.0895, r (test): 0.0548
Epoch: 14, Training Loss: 0.0311, Train MSE: 0.0311, r (train): 0.7665, Test MSE: 0.1009, r (test): 0.0446
Epoch: 15, Training Loss: 0.0412, Train MSE: 0.0412, r (train): 0.7733, Test MSE: 0.1405, r (test): -0.0547
Epoch: 16, Training Loss: 0.0344, Train MSE: 0.0344, r (train): 0.7508, Test MSE: 0.0925, r (test): 0.0581
Epoch: 17, Training Loss: 0.0318, Train MSE: 0.0318, r (train): 0.7515, Test MSE: 0.1024, r (test): -0.0465
Epoch: 18, Training Loss: 0.0337, Train MSE: 0.0337, r (train): 0.7995, Test MSE: 0.1212, r (test): 0.0198
Epoch: 19, Training Loss: 0.0337, Train MSE: 0.0337, r (train): 0.7682, Test MSE: 0.0953, r (test): 0.0204
Epoch: 20, Training Loss: 0.0355, Train MSE: 0.0355, r (train): 0.8049, Test MSE: 0.1163, r (test): 0.0337
Epoch: 21, Training Loss: 0.0240, Train MSE: 0.0240, r (train): 0.8294, Test MSE: 0.1097, r (test): 0.0071
Epoch: 22, Training Loss: 0.0408, Train MSE: 0.0408, r (train): 0.8255, Test MSE: 0.1312, r (test): -0.0400
Epoch: 23, Training Loss: 0.2021, Train MSE: 0.2021, r (train): 0.4810, Test MSE: 0.1689, r (test): -0.1511
Epoch: 24, Training Loss: 3.7843, Train MSE: 3.7843, r (train): 0.7575, Test MSE: 4.2438, r (test): 0.1316
Epoch: 25, Training Loss: 3.8646, Train MSE: 3.8646, r (train): 0.7539, Test MSE: 4.4698, r (test): 0.1089
Epoch: 26, Training Loss: 0.3356, Train MSE: 0.3356, r (train): 0.4628, Test MSE: 0.2877, r (test): -0.3111
Epoch: 27, Training Loss: 0.0550, Train MSE: 0.0550, r (train): 0.6780, Test MSE: 0.1027, r (test): -0.0791
Epoch: 28, Training Loss: 0.0445, Train MSE: 0.0445, r (train): 0.7693, Test MSE: 0.1405, r (test): -0.0973
Epoch: 29, Training Loss: 0.0346, Train MSE: 0.0346, r (train): 0.7507, Test MSE: 0.1102, r (test): -0.1165
Epoch: 30, Training Loss: 0.0365, Train MSE: 0.0365, r (train): 0.7560, Test MSE: 0.1002, r (test): -0.0506
Epoch: 31, Training Loss: 0.0332, Train MSE: 0.0332, r (train): 0.7884, Test MSE: 0.1213, r (test): -0.0482
Epoch: 32, Training Loss: 0.0220, Train MSE: 0.0220, r (train): 0.8264, Test MSE: 0.1071, r (test): -0.0591
Epoch: 33, Training Loss: 0.0493, Train MSE: 0.0493, r (train): 0.8381, Test MSE: 0.1667, r (test): -0.0522
Epoch: 34, Training Loss: 0.0278, Train MSE: 0.0278, r (train): 0.7913, Test MSE: 0.1000, r (test): -0.1379
Epoch: 35, Training Loss: 0.0632, Train MSE: 0.0632, r (train): 0.7071, Test MSE: 0.1041, r (test): -0.0510
Epoch: 36, Training Loss: 0.0972, Train MSE: 0.0972, r (train): 0.7560, Test MSE: 0.2058, r (test): -0.0625
Epoch: 37, Training Loss: 0.0265, Train MSE: 0.0265, r (train): 0.7834, Test MSE: 0.1085, r (test): -0.0495
Epoch: 38, Training Loss: 0.0669, Train MSE: 0.0669, r (train): 0.8316, Test MSE: 0.1985, r (test): -0.0359
Epoch: 39, Training Loss: 0.0352, Train MSE: 0.0352, r (train): 0.7904, Test MSE: 0.1046, r (test): -0.0701
Epoch: 40, Training Loss: 0.0289, Train MSE: 0.0289, r (train): 0.7920, Test MSE: 0.1017, r (test): -0.0610
Epoch: 41, Training Loss: 0.0260, Train MSE: 0.0260, r (train): 0.8112, Test MSE: 0.1161, r (test): -0.0793
Epoch: 42, Training Loss: 0.0357, Train MSE: 0.0357, r (train): 0.7743, Test MSE: 0.1020, r (test): -0.0811
Epoch: 43, Training Loss: 0.0436, Train MSE: 0.0436, r (train): 0.7584, Test MSE: 0.1005, r (test): -0.0428
Epoch: 44, Training Loss: 0.0248, Train MSE: 0.0248, r (train): 0.8348, Test MSE: 0.1214, r (test): -0.0270
Epoch: 45, Training Loss: 0.0679, Train MSE: 0.0679, r (train): 0.8446, Test MSE: 0.1984, r (test): -0.0182
Epoch: 46, Training Loss: 0.0481, Train MSE: 0.0481, r (train): 0.7575, Test MSE: 0.1069, r (test): -0.1286
Epoch: 47, Training Loss: 0.0502, Train MSE: 0.0502, r (train): 0.7081, Test MSE: 0.0979, r (test): -0.0393
Epoch: 48, Training Loss: 0.0372, Train MSE: 0.0372, r (train): 0.7670, Test MSE: 0.1145, r (test): -0.0457
Epoch: 49, Training Loss: 0.0372, Train MSE: 0.0372, r (train): 0.8303, Test MSE: 0.1457, r (test): -0.0011
Epoch: 50, Training Loss: 0.0428, Train MSE: 0.0428, r (train): 0.8374, Test MSE: 0.1619, r (test): -0.0308
Epoch: 51, Training Loss: 0.0348, Train MSE: 0.0348, r (train): 0.7824, Test MSE: 0.1026, r (test): -0.0814
Epoch: 52, Training Loss: 0.0506, Train MSE: 0.0506, r (train): 0.7348, Test MSE: 0.1031, r (test): -0.0842
Epoch: 53, Training Loss: 0.0330, Train MSE: 0.0330, r (train): 0.7755, Test MSE: 0.1014, r (test): -0.0544
Epoch: 54, Training Loss: 0.0259, Train MSE: 0.0259, r (train): 0.8164, Test MSE: 0.1135, r (test): -0.0081
Epoch: 55, Training Loss: 0.1608, Train MSE: 0.1608, r (train): 0.8410, Test MSE: 0.3303, r (test): 0.0176
Epoch: 56, Training Loss: 0.0926, Train MSE: 0.0926, r (train): 0.7379, Test MSE: 0.1308, r (test): -0.1256
Epoch: 57, Training Loss: 0.0390, Train MSE: 0.0390, r (train): 0.7798, Test MSE: 0.1278, r (test): -0.0925
Epoch: 58, Training Loss: 0.0664, Train MSE: 0.0664, r (train): 0.7223, Test MSE: 0.1099, r (test): -0.0686
Epoch: 59, Training Loss: 0.0292, Train MSE: 0.0292, r (train): 0.8248, Test MSE: 0.1280, r (test): -0.0120
Epoch: 60, Training Loss: 0.1392, Train MSE: 0.1392, r (train): 0.8388, Test MSE: 0.2954, r (test): 0.0309
Epoch: 61, Training Loss: 0.0407, Train MSE: 0.0407, r (train): 0.7923, Test MSE: 0.1029, r (test): -0.0919
Epoch: 62, Training Loss: 0.0462, Train MSE: 0.0462, r (train): 0.7555, Test MSE: 0.1062, r (test): -0.1185
Epoch: 63, Training Loss: 0.0306, Train MSE: 0.0306, r (train): 0.7914, Test MSE: 0.1031, r (test): -0.0797
Epoch: 64, Training Loss: 0.0231, Train MSE: 0.0231, r (train): 0.8283, Test MSE: 0.1164, r (test): -0.0583
Epoch: 65, Training Loss: 0.2423, Train MSE: 0.2423, r (train): 0.8352, Test MSE: 0.4212, r (test): 0.0379
Epoch: 66, Training Loss: 0.0293, Train MSE: 0.0293, r (train): 0.8078, Test MSE: 0.1047, r (test): -0.0570
Epoch: 67, Training Loss: 0.0530, Train MSE: 0.0530, r (train): 0.7438, Test MSE: 0.1068, r (test): -0.1023
Epoch: 68, Training Loss: 0.0233, Train MSE: 0.0233, r (train): 0.8194, Test MSE: 0.1040, r (test): -0.0597
Epoch: 69, Training Loss: 0.0301, Train MSE: 0.0301, r (train): 0.8317, Test MSE: 0.1368, r (test): -0.0642
Epoch: 70, Training Loss: 0.2216, Train MSE: 0.2216, r (train): 0.8391, Test MSE: 0.4083, r (test): -0.0061
Epoch: 71, Training Loss: 0.0506, Train MSE: 0.0506, r (train): 0.7768, Test MSE: 0.1064, r (test): -0.0828
Epoch: 72, Training Loss: 0.0472, Train MSE: 0.0472, r (train): 0.7616, Test MSE: 0.1019, r (test): -0.0704
Epoch: 73, Training Loss: 0.0304, Train MSE: 0.0304, r (train): 0.8502, Test MSE: 0.1370, r (test): -0.0330
Epoch: 74, Training Loss: 0.0408, Train MSE: 0.0408, r (train): 0.8402, Test MSE: 0.1604, r (test): -0.0528
Epoch: 75, Training Loss: 0.0653, Train MSE: 0.0653, r (train): 0.8320, Test MSE: 0.1906, r (test): -0.0325
Epoch: 76, Training Loss: 0.0323, Train MSE: 0.0323, r (train): 0.7861, Test MSE: 0.1037, r (test): -0.0485
Epoch: 77, Training Loss: 0.0566, Train MSE: 0.0566, r (train): 0.7811, Test MSE: 0.1057, r (test): -0.0585
Epoch: 78, Training Loss: 0.0212, Train MSE: 0.0212, r (train): 0.8569, Test MSE: 0.1175, r (test): -0.0272
Epoch: 79, Training Loss: 0.0245, Train MSE: 0.0245, r (train): 0.8460, Test MSE: 0.1233, r (test): -0.0461
Epoch: 80, Training Loss: 0.2180, Train MSE: 0.2180, r (train): 0.8348, Test MSE: 0.4174, r (test): -0.0026
Epoch: 81, Training Loss: 0.0372, Train MSE: 0.0372, r (train): 0.7707, Test MSE: 0.0987, r (test): -0.0255
Epoch: 82, Training Loss: 0.0516, Train MSE: 0.0516, r (train): 0.7934, Test MSE: 0.1011, r (test): -0.0134
Epoch: 83, Training Loss: 0.0189, Train MSE: 0.0189, r (train): 0.8718, Test MSE: 0.1121, r (test): -0.0019
Epoch: 84, Training Loss: 0.0207, Train MSE: 0.0207, r (train): 0.8362, Test MSE: 0.1019, r (test): -0.0786
Epoch: 85, Training Loss: 0.2950, Train MSE: 0.2950, r (train): 0.8413, Test MSE: 0.5208, r (test): 0.0009
Epoch: 86, Training Loss: 0.0452, Train MSE: 0.0452, r (train): 0.7634, Test MSE: 0.1012, r (test): -0.0562
Epoch: 87, Training Loss: 0.0191, Train MSE: 0.0191, r (train): 0.8507, Test MSE: 0.1004, r (test): -0.0074
Epoch: 88, Training Loss: 0.0405, Train MSE: 0.0405, r (train): 0.8595, Test MSE: 0.1485, r (test): 0.0029
Epoch: 89, Training Loss: 0.1568, Train MSE: 0.1568, r (train): 0.7344, Test MSE: 0.1768, r (test): -0.1709
Epoch: 90, Training Loss: 0.5308, Train MSE: 0.5308, r (train): 0.8341, Test MSE: 0.7954, r (test): 0.0280
Epoch: 91, Training Loss: 0.0297, Train MSE: 0.0297, r (train): 0.8003, Test MSE: 0.1013, r (test): -0.0554
Epoch: 92, Training Loss: 0.0338, Train MSE: 0.0338, r (train): 0.8594, Test MSE: 0.1496, r (test): 0.0064
Epoch: 93, Training Loss: 0.0381, Train MSE: 0.0381, r (train): 0.8526, Test MSE: 0.1532, r (test): -0.0195
Epoch: 94, Training Loss: 0.0961, Train MSE: 0.0961, r (train): 0.7746, Test MSE: 0.1304, r (test): -0.0875
Epoch: 95, Training Loss: 0.0345, Train MSE: 0.0345, r (train): 0.7907, Test MSE: 0.0985, r (test): -0.0724
Epoch: 96, Training Loss: 0.0245, Train MSE: 0.0245, r (train): 0.8276, Test MSE: 0.1084, r (test): -0.0204
Epoch: 97, Training Loss: 0.1362, Train MSE: 0.1362, r (train): 0.8491, Test MSE: 0.2905, r (test): 0.0348
Epoch: 98, Training Loss: 0.0412, Train MSE: 0.0412, r (train): 0.8304, Test MSE: 0.1545, r (test): -0.0611
Epoch: 99, Training Loss: 0.0784, Train MSE: 0.0784, r (train): 0.7776, Test MSE: 0.1209, r (test): -0.1190
Predicted tensors for training set: 
tensor([ 0.3351,  0.0732,  0.6416,  0.4862,  0.7717,  0.1980,  0.7152, -0.0136,
         0.0075,  0.0281,  0.2316,  0.9547,  0.1144,  1.0556,  0.1267,  0.2638,
        -0.0049,  0.2702,  0.8358,  0.2763,  0.4762,  0.2291,  0.3128,  0.1146,
         0.3105,  0.2945,  0.1871,  0.2194,  0.2803,  0.4544,  0.2271,  0.3474,
         0.2972,  0.3704,  0.3848,  0.4007,  0.2002,  0.7700,  0.4038,  0.1114,
         0.2561,  0.4360,  0.4661,  0.2700,  0.2228,  0.2237,  0.2839,  0.2667,
         0.2981,  0.3837,  0.6301,  0.1978,  0.4422,  0.6894,  0.0792,  0.0554,
         0.2962,  0.2428,  0.3456,  0.4935,  0.4062,  0.2078,  0.3729,  0.1733,
         0.6149,  0.2203,  0.4452,  0.0740,  0.4849,  0.4130,  0.2071,  0.5513])
Target tensorsfor training set: 
tensor([0.5779, 0.2394, 0.8363, 0.7462, 0.7791, 0.2649, 0.7596, 0.0246, 0.0478,
        0.1294, 0.3309, 0.9117, 0.1493, 0.8411, 0.2169, 0.3453, 0.0389, 0.4526,
        0.9621, 0.4654, 0.6846, 0.4341, 0.5564, 0.2916, 0.8556, 0.8391, 0.6577,
        0.7901, 0.5780, 0.8418, 0.5719, 0.7144, 0.5658, 0.6240, 0.6199, 0.6671,
        0.2271, 0.9150, 0.5300, 0.1295, 0.5178, 0.8561, 0.9535, 0.5573, 0.7507,
        0.7270, 0.6992, 0.8728, 0.4818, 0.5783, 0.9492, 0.3174, 0.5187, 0.6465,
        0.1360, 0.0636, 0.5023, 0.4440, 0.6576, 0.8453, 0.7950, 0.4640, 0.7125,
        0.4149, 0.9127, 0.3829, 0.6595, 0.1218, 0.8524, 0.7372, 0.5102, 0.9215])
Correlation for training set: 0.7776076942589505
Predicted tensors for test set: 
tensor([0.2951, 0.3375, 0.2780, 0.5540, 0.3045, 0.2196, 0.1620, 0.3779, 0.2117,
        0.3056, 0.2993, 0.3626, 0.3701, 0.2760, 0.4390, 0.2148, 0.3382, 0.3105])
Target tensorsfor test set: 
tensor([0.4513, 0.7371, 0.3077, 0.5220, 0.4036, 0.9072, 0.9656, 0.1055, 0.0763,
        0.2594, 0.2255, 0.4373, 0.7171, 0.2464, 0.7497, 0.8988, 0.4993, 0.0981])
Correlation for test set: -0.11897437781746746
18 5
Fold 5
Epoch: 00, Training Loss: 0.0757, Train MSE: 0.0757, r (train): -0.1762, Test MSE: 0.0747, r (test): -0.4222
Epoch: 01, Training Loss: 0.1223, Train MSE: 0.1223, r (train): 0.0153, Test MSE: 0.1273, r (test): -0.1099
Epoch: 02, Training Loss: 0.2015, Train MSE: 0.2015, r (train): 0.4614, Test MSE: 0.2106, r (test): 0.4227
Epoch: 03, Training Loss: 0.3619, Train MSE: 0.3619, r (train): 0.5753, Test MSE: 0.3817, r (test): 0.3721
Epoch: 04, Training Loss: 0.0311, Train MSE: 0.0311, r (train): 0.7618, Test MSE: 0.0766, r (test): 0.1606
Epoch: 05, Training Loss: 0.5636, Train MSE: 0.5636, r (train): 0.6916, Test MSE: 0.5324, r (test): 0.1880
Epoch: 06, Training Loss: 0.0448, Train MSE: 0.0448, r (train): 0.6840, Test MSE: 0.0542, r (test): 0.5284
Epoch: 07, Training Loss: 0.0360, Train MSE: 0.0360, r (train): 0.7435, Test MSE: 0.0684, r (test): 0.2437
Epoch: 08, Training Loss: 1.0805, Train MSE: 1.0805, r (train): 0.6907, Test MSE: 1.0384, r (test): -0.0327
Epoch: 09, Training Loss: 0.0492, Train MSE: 0.0492, r (train): 0.7372, Test MSE: 0.1027, r (test): 0.1087
Epoch: 10, Training Loss: 0.0355, Train MSE: 0.0355, r (train): 0.7694, Test MSE: 0.0820, r (test): 0.1835
Epoch: 11, Training Loss: 0.0576, Train MSE: 0.0576, r (train): 0.7301, Test MSE: 0.1486, r (test): -0.2670
Epoch: 12, Training Loss: 0.0436, Train MSE: 0.0436, r (train): 0.7700, Test MSE: 0.1094, r (test): 0.0199
Epoch: 13, Training Loss: 0.0309, Train MSE: 0.0309, r (train): 0.7810, Test MSE: 0.0874, r (test): -0.0830
Epoch: 14, Training Loss: 0.0327, Train MSE: 0.0327, r (train): 0.7566, Test MSE: 0.1031, r (test): -0.1561
Epoch: 15, Training Loss: 0.0438, Train MSE: 0.0438, r (train): 0.7587, Test MSE: 0.0798, r (test): 0.0923
Epoch: 16, Training Loss: 0.0669, Train MSE: 0.0669, r (train): 0.7214, Test MSE: 0.1347, r (test): -0.1262
Epoch: 17, Training Loss: 0.0376, Train MSE: 0.0376, r (train): 0.7485, Test MSE: 0.0935, r (test): -0.0699
Epoch: 18, Training Loss: 0.0448, Train MSE: 0.0448, r (train): 0.7481, Test MSE: 0.1056, r (test): -0.0036
Epoch: 19, Training Loss: 0.0433, Train MSE: 0.0433, r (train): 0.7438, Test MSE: 0.1092, r (test): -0.1115
Epoch: 20, Training Loss: 0.0294, Train MSE: 0.0294, r (train): 0.7898, Test MSE: 0.0839, r (test): 0.0108
Epoch: 21, Training Loss: 0.0275, Train MSE: 0.0275, r (train): 0.7911, Test MSE: 0.0832, r (test): -0.0422
Epoch: 22, Training Loss: 0.4074, Train MSE: 0.4074, r (train): 0.7607, Test MSE: 0.3992, r (test): 0.0895
Epoch: 23, Training Loss: 0.0799, Train MSE: 0.0799, r (train): 0.7173, Test MSE: 0.1540, r (test): -0.0928
Epoch: 24, Training Loss: 0.0384, Train MSE: 0.0384, r (train): 0.7711, Test MSE: 0.0998, r (test): -0.0173
Epoch: 25, Training Loss: 0.0273, Train MSE: 0.0273, r (train): 0.7957, Test MSE: 0.0822, r (test): 0.0035
Epoch: 26, Training Loss: 0.0365, Train MSE: 0.0365, r (train): 0.8003, Test MSE: 0.0808, r (test): 0.0904
Epoch: 27, Training Loss: 0.0844, Train MSE: 0.0844, r (train): 0.7058, Test MSE: 0.1479, r (test): -0.1833
Epoch: 28, Training Loss: 0.3840, Train MSE: 0.3840, r (train): 0.7472, Test MSE: 0.3835, r (test): -0.0083
Epoch: 29, Training Loss: 0.0727, Train MSE: 0.0727, r (train): 0.6865, Test MSE: 0.1338, r (test): -0.0334
Epoch: 30, Training Loss: 0.0358, Train MSE: 0.0358, r (train): 0.7659, Test MSE: 0.0933, r (test): 0.0093
Epoch: 31, Training Loss: 0.0333, Train MSE: 0.0333, r (train): 0.7639, Test MSE: 0.0922, r (test): -0.0818
Epoch: 32, Training Loss: 0.1136, Train MSE: 0.1136, r (train): 0.6873, Test MSE: 0.1867, r (test): -0.0617
Epoch: 33, Training Loss: 0.1610, Train MSE: 0.1610, r (train): 0.7451, Test MSE: 0.1819, r (test): -0.0515
Epoch: 34, Training Loss: 0.0312, Train MSE: 0.0312, r (train): 0.7734, Test MSE: 0.0799, r (test): 0.0351
Epoch: 35, Training Loss: 0.0268, Train MSE: 0.0268, r (train): 0.7973, Test MSE: 0.0800, r (test): 0.0339
Epoch: 36, Training Loss: 0.0419, Train MSE: 0.0419, r (train): 0.7775, Test MSE: 0.1081, r (test): -0.0782
Epoch: 37, Training Loss: 0.0556, Train MSE: 0.0556, r (train): 0.7418, Test MSE: 0.1248, r (test): -0.0913
Epoch: 38, Training Loss: 0.0497, Train MSE: 0.0497, r (train): 0.7711, Test MSE: 0.1036, r (test): -0.0469
Epoch: 39, Training Loss: 0.0393, Train MSE: 0.0393, r (train): 0.7877, Test MSE: 0.0903, r (test): 0.0058
Epoch: 40, Training Loss: 0.0499, Train MSE: 0.0499, r (train): 0.8042, Test MSE: 0.0950, r (test): 0.0888
Epoch: 41, Training Loss: 0.0371, Train MSE: 0.0371, r (train): 0.7629, Test MSE: 0.1061, r (test): -0.1863
Epoch: 42, Training Loss: 0.0491, Train MSE: 0.0491, r (train): 0.7745, Test MSE: 0.1144, r (test): 0.0123
Epoch: 43, Training Loss: 0.0468, Train MSE: 0.0468, r (train): 0.7421, Test MSE: 0.1155, r (test): -0.1498
Epoch: 44, Training Loss: 0.0321, Train MSE: 0.0321, r (train): 0.8004, Test MSE: 0.0848, r (test): 0.0083
Epoch: 45, Training Loss: 0.0370, Train MSE: 0.0370, r (train): 0.7978, Test MSE: 0.0864, r (test): 0.0211
Epoch: 46, Training Loss: 0.0367, Train MSE: 0.0367, r (train): 0.7988, Test MSE: 0.0889, r (test): -0.0437
Epoch: 47, Training Loss: 0.0306, Train MSE: 0.0306, r (train): 0.7935, Test MSE: 0.0868, r (test): -0.0037
Epoch: 48, Training Loss: 0.0719, Train MSE: 0.0719, r (train): 0.7389, Test MSE: 0.1518, r (test): -0.2062
Epoch: 49, Training Loss: 0.0406, Train MSE: 0.0406, r (train): 0.7888, Test MSE: 0.0934, r (test): -0.0205
Epoch: 50, Training Loss: 0.0379, Train MSE: 0.0379, r (train): 0.7665, Test MSE: 0.1021, r (test): -0.0725
Epoch: 51, Training Loss: 0.0324, Train MSE: 0.0324, r (train): 0.8100, Test MSE: 0.0805, r (test): 0.0741
Epoch: 52, Training Loss: 0.0283, Train MSE: 0.0283, r (train): 0.7887, Test MSE: 0.0797, r (test): 0.0078
Epoch: 53, Training Loss: 0.0963, Train MSE: 0.0963, r (train): 0.7406, Test MSE: 0.1825, r (test): -0.2326
Epoch: 54, Training Loss: 0.0582, Train MSE: 0.0582, r (train): 0.7811, Test MSE: 0.1025, r (test): 0.0147
Epoch: 55, Training Loss: 0.0409, Train MSE: 0.0409, r (train): 0.7407, Test MSE: 0.1067, r (test): -0.1526
Epoch: 56, Training Loss: 0.0761, Train MSE: 0.0761, r (train): 0.8033, Test MSE: 0.1253, r (test): 0.0115
Epoch: 57, Training Loss: 0.0259, Train MSE: 0.0259, r (train): 0.8148, Test MSE: 0.0772, r (test): 0.0695
Epoch: 58, Training Loss: 0.0330, Train MSE: 0.0330, r (train): 0.7751, Test MSE: 0.0994, r (test): -0.1447
Epoch: 59, Training Loss: 0.1668, Train MSE: 0.1668, r (train): 0.7055, Test MSE: 0.2532, r (test): -0.1650
Epoch: 60, Training Loss: 0.2507, Train MSE: 0.2507, r (train): 0.7982, Test MSE: 0.2822, r (test): 0.0672
Epoch: 61, Training Loss: 0.0277, Train MSE: 0.0277, r (train): 0.7931, Test MSE: 0.0867, r (test): -0.0281
Epoch: 62, Training Loss: 0.0502, Train MSE: 0.0502, r (train): 0.8018, Test MSE: 0.0924, r (test): 0.1324
Epoch: 63, Training Loss: 0.0831, Train MSE: 0.0831, r (train): 0.7392, Test MSE: 0.1671, r (test): -0.2356
Epoch: 64, Training Loss: 0.0402, Train MSE: 0.0402, r (train): 0.7672, Test MSE: 0.1003, r (test): 0.0207
Epoch: 65, Training Loss: 0.0421, Train MSE: 0.0421, r (train): 0.7560, Test MSE: 0.1073, r (test): -0.1117
Epoch: 66, Training Loss: 0.0819, Train MSE: 0.0819, r (train): 0.8164, Test MSE: 0.1262, r (test): 0.1157
Epoch: 67, Training Loss: 0.0657, Train MSE: 0.0657, r (train): 0.7967, Test MSE: 0.1110, r (test): 0.0636
Epoch: 68, Training Loss: 0.2356, Train MSE: 0.2356, r (train): 0.7016, Test MSE: 0.3387, r (test): -0.2600
Epoch: 69, Training Loss: 0.0399, Train MSE: 0.0399, r (train): 0.7672, Test MSE: 0.0937, r (test): -0.0238
Epoch: 70, Training Loss: 0.0505, Train MSE: 0.0505, r (train): 0.8021, Test MSE: 0.1013, r (test): 0.0078
Epoch: 71, Training Loss: 0.0719, Train MSE: 0.0719, r (train): 0.8138, Test MSE: 0.1159, r (test): 0.1248
Epoch: 72, Training Loss: 0.0549, Train MSE: 0.0549, r (train): 0.7767, Test MSE: 0.1324, r (test): -0.1170
Epoch: 73, Training Loss: 0.0846, Train MSE: 0.0846, r (train): 0.7561, Test MSE: 0.1692, r (test): -0.0914
Epoch: 74, Training Loss: 0.0364, Train MSE: 0.0364, r (train): 0.7834, Test MSE: 0.0899, r (test): -0.0494
Epoch: 75, Training Loss: 0.0832, Train MSE: 0.0832, r (train): 0.8144, Test MSE: 0.1247, r (test): 0.1301
Epoch: 76, Training Loss: 0.0308, Train MSE: 0.0308, r (train): 0.7853, Test MSE: 0.0872, r (test): -0.0534
Epoch: 77, Training Loss: 0.1760, Train MSE: 0.1760, r (train): 0.7228, Test MSE: 0.2753, r (test): -0.1658
Epoch: 78, Training Loss: 0.0411, Train MSE: 0.0411, r (train): 0.7774, Test MSE: 0.0875, r (test): -0.0394
Epoch: 79, Training Loss: 0.0856, Train MSE: 0.0856, r (train): 0.8097, Test MSE: 0.1244, r (test): 0.1238
Epoch: 80, Training Loss: 0.0634, Train MSE: 0.0634, r (train): 0.8051, Test MSE: 0.1095, r (test): 0.0416
Epoch: 81, Training Loss: 0.1093, Train MSE: 0.1093, r (train): 0.7462, Test MSE: 0.1958, r (test): -0.0990
Epoch: 82, Training Loss: 0.0374, Train MSE: 0.0374, r (train): 0.7754, Test MSE: 0.0983, r (test): -0.0217
Epoch: 83, Training Loss: 0.0353, Train MSE: 0.0353, r (train): 0.8006, Test MSE: 0.0816, r (test): 0.0309
Epoch: 84, Training Loss: 0.0741, Train MSE: 0.0741, r (train): 0.8035, Test MSE: 0.1147, r (test): 0.0570
Epoch: 85, Training Loss: 0.0319, Train MSE: 0.0319, r (train): 0.7873, Test MSE: 0.0874, r (test): -0.0307
Epoch: 86, Training Loss: 0.0842, Train MSE: 0.0842, r (train): 0.7499, Test MSE: 0.1679, r (test): -0.0972
Epoch: 87, Training Loss: 0.0375, Train MSE: 0.0375, r (train): 0.7749, Test MSE: 0.0982, r (test): -0.0298
Epoch: 88, Training Loss: 0.0625, Train MSE: 0.0625, r (train): 0.8054, Test MSE: 0.1005, r (test): 0.1058
Epoch: 89, Training Loss: 0.1062, Train MSE: 0.1062, r (train): 0.7927, Test MSE: 0.1453, r (test): 0.0194
Epoch: 90, Training Loss: 0.0814, Train MSE: 0.0814, r (train): 0.7510, Test MSE: 0.1616, r (test): -0.0957
Epoch: 91, Training Loss: 0.0406, Train MSE: 0.0406, r (train): 0.7645, Test MSE: 0.1024, r (test): -0.0627
Epoch: 92, Training Loss: 0.0375, Train MSE: 0.0375, r (train): 0.7965, Test MSE: 0.0816, r (test): 0.0549
Epoch: 93, Training Loss: 0.0712, Train MSE: 0.0712, r (train): 0.7958, Test MSE: 0.1122, r (test): 0.0322
Epoch: 94, Training Loss: 0.0547, Train MSE: 0.0547, r (train): 0.7708, Test MSE: 0.1297, r (test): -0.1053
Epoch: 95, Training Loss: 0.0432, Train MSE: 0.0432, r (train): 0.7716, Test MSE: 0.1087, r (test): -0.0636
Epoch: 96, Training Loss: 0.0308, Train MSE: 0.0308, r (train): 0.7909, Test MSE: 0.0861, r (test): -0.0179
Epoch: 97, Training Loss: 0.0490, Train MSE: 0.0490, r (train): 0.8013, Test MSE: 0.0890, r (test): 0.0845
Epoch: 98, Training Loss: 0.0459, Train MSE: 0.0459, r (train): 0.7914, Test MSE: 0.0919, r (test): -0.0132
Epoch: 99, Training Loss: 0.0448, Train MSE: 0.0448, r (train): 0.7719, Test MSE: 0.1130, r (test): -0.0830
Predicted tensors for training set: 
tensor([ 0.4469,  0.1078,  0.7040,  0.5754,  0.9781,  0.3169,  0.9056,  0.0481,
         0.0353,  0.1037,  0.3435,  1.2254,  0.2084,  1.2871,  0.2828,  0.4436,
         0.0030,  0.3835,  1.0496,  0.4030,  0.5536,  0.3123,  0.4056,  0.2007,
         0.4168,  0.3881,  0.2677,  0.3367,  0.3117,  0.5150,  0.2988,  0.4561,
         0.4301,  0.5036,  0.4957,  0.4957,  0.2906,  0.9809,  0.5750,  0.1909,
         0.2849,  0.4847,  0.5728,  0.2837,  0.3515,  0.3132,  0.3364,  0.3780,
         0.3371,  0.4193,  0.7010,  0.2212,  0.3141,  0.4339,  0.3101,  0.4619,
         0.2911,  0.5011,  0.3828,  0.9298,  1.1647,  0.1435,  0.1084,  0.2996,
         0.2480,  0.4556,  0.7401,  0.2982,  0.6293,  0.8452,  0.3541, -0.0121])
Target tensorsfor training set: 
tensor([0.5779, 0.2394, 0.8363, 0.7462, 0.7791, 0.2649, 0.7596, 0.0246, 0.0478,
        0.1294, 0.3309, 0.9117, 0.1493, 0.8411, 0.2169, 0.3453, 0.0389, 0.4526,
        0.9621, 0.4654, 0.6846, 0.4341, 0.5564, 0.2916, 0.8556, 0.8391, 0.6577,
        0.7901, 0.5780, 0.8418, 0.5719, 0.7144, 0.5658, 0.6240, 0.6199, 0.6671,
        0.2271, 0.9150, 0.5300, 0.1295, 0.5178, 0.8561, 0.9535, 0.5573, 0.7507,
        0.7270, 0.6992, 0.8728, 0.4818, 0.5783, 0.9492, 0.3174, 0.5187, 0.6465,
        0.4513, 0.7371, 0.3077, 0.5220, 0.4036, 0.9072, 0.9656, 0.1055, 0.0763,
        0.2594, 0.2255, 0.4373, 0.7171, 0.2464, 0.7497, 0.8988, 0.4993, 0.0981])
Correlation for training set: 0.7718718747897936
Predicted tensors for test set: 
tensor([0.1489, 0.4521, 0.4842, 0.2946, 0.5793, 0.2842, 0.4269, 0.3992, 0.2494,
        0.3376, 0.4654, 0.4255, 0.3977, 0.6642, 0.3855, 0.4445, 0.4729, 0.3648])
Target tensorsfor test set: 
tensor([0.1360, 0.0636, 0.5023, 0.4440, 0.6576, 0.8453, 0.7950, 0.4640, 0.7125,
        0.4149, 0.9127, 0.3829, 0.6595, 0.1218, 0.8524, 0.7372, 0.5102, 0.9215])
Correlation for test set: -0.08297668911151655
Validation set predictions (100 folds): [tensor([0.3852, 0.3804, 0.3518, 0.4594, 0.1583, 0.2443, 0.3346, 0.4436, 0.2079,
        0.2885, 0.2097, 0.4345, 0.2627, 0.4398, 0.3406, 0.3747, 0.2487, 0.4610]), tensor([0.3189, 0.4540, 0.4239, 0.5399, 0.4855, 0.1706, 0.3106, 0.3767, 0.5326,
        0.5545, 0.4925, 0.4268, 0.4593, 0.6024, 0.3637, 0.5092, 0.5251, 0.3632]), tensor([0.4860, 0.5220, 0.6668, 0.3091, 0.5324, 0.6977, 0.4615, 0.4664, 0.3985,
        0.3830, 0.4084, 0.6619, 0.4260, 0.4916, 0.6439, 0.5326, 0.5473, 0.3348]), tensor([0.2951, 0.3375, 0.2780, 0.5540, 0.3045, 0.2196, 0.1620, 0.3779, 0.2117,
        0.3056, 0.2993, 0.3626, 0.3701, 0.2760, 0.4390, 0.2148, 0.3382, 0.3105]), tensor([0.1489, 0.4521, 0.4842, 0.2946, 0.5793, 0.2842, 0.4269, 0.3992, 0.2494,
        0.3376, 0.4654, 0.4255, 0.3977, 0.6642, 0.3855, 0.4445, 0.4729, 0.3648])]
Validation set targets (100 folds): [tensor([0.5779, 0.2394, 0.8363, 0.7462, 0.7791, 0.2649, 0.7596, 0.0246, 0.0478,
        0.1294, 0.3309, 0.9117, 0.1493, 0.8411, 0.2169, 0.3453, 0.0389, 0.4526]), tensor([0.9621, 0.4654, 0.6846, 0.4341, 0.5564, 0.2916, 0.8556, 0.8391, 0.6577,
        0.7901, 0.5780, 0.8418, 0.5719, 0.7144, 0.5658, 0.6240, 0.6199, 0.6671]), tensor([0.2271, 0.9150, 0.5300, 0.1295, 0.5178, 0.8561, 0.9535, 0.5573, 0.7507,
        0.7270, 0.6992, 0.8728, 0.4818, 0.5783, 0.9492, 0.3174, 0.5187, 0.6465]), tensor([0.4513, 0.7371, 0.3077, 0.5220, 0.4036, 0.9072, 0.9656, 0.1055, 0.0763,
        0.2594, 0.2255, 0.4373, 0.7171, 0.2464, 0.7497, 0.8988, 0.4993, 0.0981]), tensor([0.1360, 0.0636, 0.5023, 0.4440, 0.6576, 0.8453, 0.7950, 0.4640, 0.7125,
        0.4149, 0.9127, 0.3829, 0.6595, 0.1218, 0.8524, 0.7372, 0.5102, 0.9215])]
Time taken: 18017.485837459564 seconds
