DenseNet_amygdala_65.py
/apps/monai/MONAI0.8.1/lib/python3.9/site-packages/torch/cuda/__init__.py:143: UserWarning: 
NVIDIA B200 with CUDA capability sm_100 is not compatible with the current PyTorch installation.
The current PyTorch install supports CUDA capabilities sm_37 sm_50 sm_60 sm_61 sm_70 sm_75 sm_80 sm_86 compute_37.
If you want to use the NVIDIA B200 GPU with PyTorch, please check the instructions at https://pytorch.org/get-started/locally/

  warnings.warn(incompatible_device_warn.format(device_name, capability, " ".join(arch_list), device_name))
90
Image shape: torch.Size([256, 256, 256])
Label: 0.898762669

Image shape: torch.Size([256, 256, 256])
Label: 0.121809436

Image shape: torch.Size([256, 256, 256])
Label: 0.750732335

Image shape: torch.Size([256, 256, 256])
Label: 0.667105602

Image shape: torch.Size([256, 256, 256])
Label: 0.845253622

Image shape: torch.Size([256, 256, 256])
Label: 0.577850585

Image shape: torch.Size([256, 256, 256])
Label: 0.246363884

Image shape: torch.Size([256, 256, 256])
Label: 0.571907479

Image shape: torch.Size([256, 256, 256])
Label: 0.55641775

Image shape: torch.Size([256, 256, 256])
Label: 0.451287356

Image shape: torch.Size([256, 256, 256])
Label: 0.047813956

Image shape: torch.Size([256, 256, 256])
Label: 0.779103135

Image shape: torch.Size([256, 256, 256])
Label: 0.839077585

Image shape: torch.Size([256, 256, 256])
Label: 0.565846925

Image shape: torch.Size([256, 256, 256])
Label: 0.737192172

Image shape: torch.Size([256, 256, 256])
Label: 0.855579732

Image shape: torch.Size([256, 256, 256])
Label: 0.330926406

Image shape: torch.Size([256, 256, 256])
Label: 0.024634435

Image shape: torch.Size([256, 256, 256])
Label: 0.216921218

Image shape: torch.Size([256, 256, 256])
Label: 0.48182514

Image shape: torch.Size([256, 256, 256])
Label: 0.91273199

Image shape: torch.Size([256, 256, 256])
Label: 0.907159832

Image shape: torch.Size([256, 256, 256])
Label: 0.529961465

Image shape: torch.Size([256, 256, 256])
Label: 0.26490909

Image shape: torch.Size([256, 256, 256])
Label: 0.965645278

Image shape: torch.Size([256, 256, 256])
Label: 0.659493008

Image shape: torch.Size([256, 256, 256])
Label: 0.714356234

Image shape: torch.Size([256, 256, 256])
Label: 0.499347098

Image shape: torch.Size([256, 256, 256])
Label: 0.92154251

Image shape: torch.Size([256, 256, 256])
Label: 0.646490545

Image shape: torch.Size([256, 256, 256])
Label: 0.463984431

Image shape: torch.Size([256, 256, 256])
Label: 0.790096101

Image shape: torch.Size([256, 256, 256])
Label: 0.949166278

Image shape: torch.Size([256, 256, 256])
Label: 0.841767741

Image shape: torch.Size([256, 256, 256])
Label: 0.14931566

Image shape: torch.Size([256, 256, 256])
Label: 0.911671093

Image shape: torch.Size([256, 256, 256])
Label: 0.856107326

Image shape: torch.Size([256, 256, 256])
Label: 0.437273408

Image shape: torch.Size([256, 256, 256])
Label: 0.098052496

Image shape: torch.Size([256, 256, 256])
Label: 0.105524477

Image shape: torch.Size([256, 256, 256])
Label: 0.291630426

Image shape: torch.Size([256, 256, 256])
Label: 0.129485328

Image shape: torch.Size([256, 256, 256])
Label: 0.684642475

Image shape: torch.Size([256, 256, 256])
Label: 0.403550924

Image shape: torch.Size([256, 256, 256])
Label: 0.31742745

Image shape: torch.Size([256, 256, 256])
Label: 0.57804499

Image shape: torch.Size([256, 256, 256])
Label: 0.225463904

Image shape: torch.Size([256, 256, 256])
Label: 0.259369175

Image shape: torch.Size([256, 256, 256])
Label: 0.623989995

Image shape: torch.Size([256, 256, 256])
Label: 0.522016133

Image shape: torch.Size([256, 256, 256])
Label: 0.657691961

Image shape: torch.Size([256, 256, 256])
Label: 0.43409457

Image shape: torch.Size([256, 256, 256])
Label: 0.657623403

Image shape: torch.Size([256, 256, 256])
Label: 0.953465465

Image shape: torch.Size([256, 256, 256])
Label: 0.712524369

Image shape: torch.Size([256, 256, 256])
Label: 0.136048492

Image shape: torch.Size([256, 256, 256])
Label: 0.510151238

Image shape: torch.Size([256, 256, 256])
Label: 0.239393515

Image shape: torch.Size([256, 256, 256])
Label: 0.836265129

Image shape: torch.Size([256, 256, 256])
Label: 0.872805901

Image shape: torch.Size([256, 256, 256])
Label: 0.076332172

Image shape: torch.Size([256, 256, 256])
Label: 0.227116465

Image shape: torch.Size([256, 256, 256])
Label: 0.517802514

Image shape: torch.Size([256, 256, 256])
Label: 0.55726975

Image shape: torch.Size([256, 256, 256])
Label: 0.749740575

Image shape: torch.Size([256, 256, 256])
Label: 0.444012353

Image shape: torch.Size([256, 256, 256])
Label: 0.737099236

Image shape: torch.Size([256, 256, 256])
Label: 0.717144575

Image shape: torch.Size([256, 256, 256])
Label: 0.129379513

Image shape: torch.Size([256, 256, 256])
Label: 0.382857646

Image shape: torch.Size([256, 256, 256])
Label: 0.307667842

Image shape: torch.Size([256, 256, 256])
Label: 0.727035333

Image shape: torch.Size([256, 256, 256])
Label: 0.518716963

Image shape: torch.Size([256, 256, 256])
Label: 0.502254367

Image shape: torch.Size([256, 256, 256])
Label: 0.794978716

Image shape: torch.Size([256, 256, 256])
Label: 0.841130428

Image shape: torch.Size([256, 256, 256])
Label: 0.414935686

Image shape: torch.Size([256, 256, 256])
Label: 0.91498566

Image shape: torch.Size([256, 256, 256])
Label: 0.619874898

Image shape: torch.Size([256, 256, 256])
Label: 0.699213269

Image shape: torch.Size([256, 256, 256])
Label: 0.038874365

Image shape: torch.Size([256, 256, 256])
Label: 0.759624831

Image shape: torch.Size([256, 256, 256])
Label: 0.852431609

Image shape: torch.Size([256, 256, 256])
Label: 0.452638778

Image shape: torch.Size([256, 256, 256])
Label: 0.46544507

Image shape: torch.Size([256, 256, 256])
Label: 0.063583908

Image shape: torch.Size([256, 256, 256])
Label: 0.746225617

Image shape: torch.Size([256, 256, 256])
Label: 0.578327051

Image shape: torch.Size([256, 256, 256])
Label: 0.962135747

Image shape: torch.Size([256, 256, 256])
Label: 0.34531344

18 5
Fold 1
Epoch: 00, Training Loss: 0.0728, Train MSE: 0.0728, r (train): -0.2443, Test MSE: 0.0790, r (test): -0.2301
Epoch: 01, Training Loss: 0.0954, Train MSE: 0.0954, r (train): -0.2994, Test MSE: 0.1013, r (test): -0.1581
Epoch: 02, Training Loss: 0.1360, Train MSE: 0.1360, r (train): -0.2336, Test MSE: 0.1416, r (test): -0.0965
Epoch: 03, Training Loss: 0.2299, Train MSE: 0.2299, r (train): 0.7379, Test MSE: 0.2428, r (test): 0.3634
Epoch: 04, Training Loss: 0.1637, Train MSE: 0.1637, r (train): 0.7473, Test MSE: 0.1952, r (test): 0.2352
Epoch: 05, Training Loss: 0.0300, Train MSE: 0.0300, r (train): 0.7663, Test MSE: 0.0826, r (test): 0.2067
Epoch: 06, Training Loss: 0.0622, Train MSE: 0.0622, r (train): 0.7787, Test MSE: 0.1148, r (test): 0.1729
Epoch: 07, Training Loss: 0.0218, Train MSE: 0.0218, r (train): 0.8330, Test MSE: 0.1007, r (test): 0.0954
Epoch: 08, Training Loss: 0.1662, Train MSE: 0.1662, r (train): 0.7813, Test MSE: 0.2259, r (test): 0.1377
Epoch: 09, Training Loss: 0.0203, Train MSE: 0.0203, r (train): 0.8463, Test MSE: 0.0805, r (test): 0.2509
Epoch: 10, Training Loss: 0.0208, Train MSE: 0.0208, r (train): 0.8519, Test MSE: 0.0846, r (test): 0.1566
Epoch: 11, Training Loss: 0.0176, Train MSE: 0.0176, r (train): 0.8726, Test MSE: 0.0848, r (test): 0.2044
Epoch: 12, Training Loss: 0.0364, Train MSE: 0.0364, r (train): 0.8720, Test MSE: 0.1195, r (test): 0.1082
Epoch: 13, Training Loss: 0.0642, Train MSE: 0.0642, r (train): 0.8579, Test MSE: 0.1288, r (test): 0.2115
Epoch: 14, Training Loss: 0.0370, Train MSE: 0.0370, r (train): 0.8559, Test MSE: 0.0996, r (test): 0.1792
Epoch: 15, Training Loss: 0.0220, Train MSE: 0.0220, r (train): 0.8495, Test MSE: 0.0889, r (test): 0.1205
Epoch: 16, Training Loss: 0.0525, Train MSE: 0.0525, r (train): 0.8644, Test MSE: 0.1259, r (test): 0.1316
Epoch: 17, Training Loss: 0.0295, Train MSE: 0.0295, r (train): 0.8677, Test MSE: 0.0990, r (test): 0.1674
Epoch: 18, Training Loss: 0.0176, Train MSE: 0.0176, r (train): 0.8721, Test MSE: 0.0862, r (test): 0.1686
Epoch: 19, Training Loss: 0.0187, Train MSE: 0.0187, r (train): 0.8678, Test MSE: 0.0945, r (test): 0.1092
Epoch: 20, Training Loss: 0.0261, Train MSE: 0.0261, r (train): 0.8557, Test MSE: 0.1060, r (test): 0.0831
Epoch: 21, Training Loss: 0.0241, Train MSE: 0.0241, r (train): 0.8597, Test MSE: 0.0942, r (test): 0.1474
Epoch: 22, Training Loss: 0.0181, Train MSE: 0.0181, r (train): 0.8677, Test MSE: 0.0906, r (test): 0.1223
Epoch: 23, Training Loss: 0.0226, Train MSE: 0.0226, r (train): 0.8520, Test MSE: 0.1029, r (test): 0.0560
Epoch: 24, Training Loss: 0.0205, Train MSE: 0.0205, r (train): 0.8477, Test MSE: 0.0969, r (test): 0.1191
Epoch: 25, Training Loss: 0.0198, Train MSE: 0.0198, r (train): 0.8493, Test MSE: 0.0964, r (test): 0.0753
Epoch: 26, Training Loss: 0.0189, Train MSE: 0.0189, r (train): 0.8610, Test MSE: 0.0926, r (test): 0.1172
Epoch: 27, Training Loss: 0.0204, Train MSE: 0.0204, r (train): 0.8515, Test MSE: 0.1014, r (test): 0.0614
Epoch: 28, Training Loss: 0.0224, Train MSE: 0.0224, r (train): 0.8411, Test MSE: 0.1055, r (test): 0.0655
Epoch: 29, Training Loss: 0.0212, Train MSE: 0.0212, r (train): 0.8386, Test MSE: 0.0823, r (test): 0.1942
Epoch: 30, Training Loss: 0.0513, Train MSE: 0.0513, r (train): 0.8558, Test MSE: 0.1268, r (test): 0.1211
Epoch: 31, Training Loss: 0.1229, Train MSE: 0.1229, r (train): 0.8372, Test MSE: 0.2009, r (test): 0.0749
Epoch: 32, Training Loss: 0.1014, Train MSE: 0.1014, r (train): 0.8297, Test MSE: 0.1801, r (test): 0.0485
Epoch: 33, Training Loss: 0.0190, Train MSE: 0.0190, r (train): 0.8591, Test MSE: 0.1087, r (test): 0.0343
Epoch: 34, Training Loss: 0.0192, Train MSE: 0.0192, r (train): 0.8594, Test MSE: 0.0815, r (test): 0.2045
Epoch: 35, Training Loss: 0.0204, Train MSE: 0.0204, r (train): 0.8461, Test MSE: 0.0997, r (test): 0.0398
Epoch: 36, Training Loss: 0.0623, Train MSE: 0.0623, r (train): 0.8509, Test MSE: 0.1468, r (test): 0.0449
Epoch: 37, Training Loss: 0.0925, Train MSE: 0.0925, r (train): 0.8016, Test MSE: 0.1663, r (test): 0.0074
Epoch: 38, Training Loss: 0.0852, Train MSE: 0.0852, r (train): 0.8312, Test MSE: 0.1753, r (test): 0.0623
Epoch: 39, Training Loss: 0.0388, Train MSE: 0.0388, r (train): 0.8218, Test MSE: 0.1066, r (test): 0.0679
Epoch: 40, Training Loss: 0.0281, Train MSE: 0.0281, r (train): 0.8200, Test MSE: 0.1033, r (test): 0.0644
Epoch: 41, Training Loss: 0.0531, Train MSE: 0.0531, r (train): 0.7869, Test MSE: 0.1242, r (test): 0.0455
Epoch: 42, Training Loss: 0.0316, Train MSE: 0.0316, r (train): 0.8250, Test MSE: 0.1065, r (test): 0.1022
Epoch: 43, Training Loss: 0.0574, Train MSE: 0.0574, r (train): 0.8441, Test MSE: 0.1287, r (test): 0.0882
Epoch: 44, Training Loss: 0.0293, Train MSE: 0.0293, r (train): 0.8562, Test MSE: 0.1004, r (test): 0.1199
Epoch: 45, Training Loss: 0.0264, Train MSE: 0.0264, r (train): 0.8336, Test MSE: 0.1197, r (test): 0.0023
Epoch: 46, Training Loss: 0.0226, Train MSE: 0.0226, r (train): 0.8401, Test MSE: 0.0911, r (test): 0.1399
Epoch: 47, Training Loss: 0.0271, Train MSE: 0.0271, r (train): 0.8572, Test MSE: 0.1002, r (test): 0.0581
Epoch: 48, Training Loss: 0.0424, Train MSE: 0.0424, r (train): 0.8163, Test MSE: 0.1213, r (test): 0.0361
Epoch: 49, Training Loss: 0.0632, Train MSE: 0.0632, r (train): 0.8405, Test MSE: 0.1462, r (test): 0.0512
Epoch: 50, Training Loss: 0.0397, Train MSE: 0.0397, r (train): 0.8425, Test MSE: 0.1132, r (test): 0.1121
Epoch: 51, Training Loss: 0.0236, Train MSE: 0.0236, r (train): 0.8242, Test MSE: 0.1018, r (test): 0.0410
Epoch: 52, Training Loss: 0.0318, Train MSE: 0.0318, r (train): 0.8334, Test MSE: 0.1161, r (test): 0.0665
Epoch: 53, Training Loss: 0.0282, Train MSE: 0.0282, r (train): 0.8479, Test MSE: 0.1013, r (test): 0.0951
Epoch: 54, Training Loss: 0.0374, Train MSE: 0.0374, r (train): 0.8394, Test MSE: 0.1170, r (test): 0.0573
Epoch: 55, Training Loss: 0.0395, Train MSE: 0.0395, r (train): 0.8212, Test MSE: 0.1270, r (test): 0.0057
Epoch: 56, Training Loss: 0.0261, Train MSE: 0.0261, r (train): 0.8510, Test MSE: 0.0956, r (test): 0.1277
Epoch: 57, Training Loss: 0.1035, Train MSE: 0.1035, r (train): 0.7976, Test MSE: 0.1845, r (test): -0.0335
Epoch: 58, Training Loss: 0.0229, Train MSE: 0.0229, r (train): 0.8459, Test MSE: 0.1063, r (test): 0.0586
Epoch: 59, Training Loss: 0.0405, Train MSE: 0.0405, r (train): 0.8319, Test MSE: 0.1191, r (test): 0.0549
Epoch: 60, Training Loss: 0.0268, Train MSE: 0.0268, r (train): 0.8380, Test MSE: 0.1034, r (test): 0.0589
Epoch: 61, Training Loss: 0.0209, Train MSE: 0.0209, r (train): 0.8483, Test MSE: 0.1054, r (test): 0.0447
Epoch: 62, Training Loss: 0.0212, Train MSE: 0.0212, r (train): 0.8493, Test MSE: 0.1007, r (test): 0.0480
Epoch: 63, Training Loss: 0.0223, Train MSE: 0.0223, r (train): 0.8304, Test MSE: 0.0999, r (test): 0.0514
Epoch: 64, Training Loss: 0.0408, Train MSE: 0.0408, r (train): 0.8153, Test MSE: 0.1287, r (test): -0.0154
Epoch: 65, Training Loss: 0.0278, Train MSE: 0.0278, r (train): 0.8525, Test MSE: 0.1003, r (test): 0.1094
Epoch: 66, Training Loss: 0.0578, Train MSE: 0.0578, r (train): 0.7916, Test MSE: 0.1458, r (test): -0.0698
Epoch: 67, Training Loss: 0.0235, Train MSE: 0.0235, r (train): 0.8342, Test MSE: 0.1061, r (test): 0.0606
Epoch: 68, Training Loss: 0.0352, Train MSE: 0.0352, r (train): 0.8309, Test MSE: 0.1078, r (test): 0.0837
Epoch: 69, Training Loss: 0.0217, Train MSE: 0.0217, r (train): 0.8345, Test MSE: 0.1020, r (test): 0.0177
Epoch: 70, Training Loss: 0.0208, Train MSE: 0.0208, r (train): 0.8496, Test MSE: 0.1035, r (test): 0.0597
Epoch: 71, Training Loss: 0.0315, Train MSE: 0.0315, r (train): 0.8307, Test MSE: 0.1204, r (test): -0.0204
Epoch: 72, Training Loss: 0.0280, Train MSE: 0.0280, r (train): 0.8428, Test MSE: 0.0998, r (test): 0.1297
Epoch: 73, Training Loss: 0.0226, Train MSE: 0.0226, r (train): 0.8295, Test MSE: 0.1031, r (test): 0.0464
Epoch: 74, Training Loss: 0.0227, Train MSE: 0.0227, r (train): 0.8493, Test MSE: 0.0960, r (test): 0.1141
Epoch: 75, Training Loss: 0.0285, Train MSE: 0.0285, r (train): 0.8243, Test MSE: 0.1153, r (test): -0.0177
Epoch: 76, Training Loss: 0.0305, Train MSE: 0.0305, r (train): 0.8302, Test MSE: 0.1152, r (test): 0.0445
Epoch: 77, Training Loss: 0.0238, Train MSE: 0.0238, r (train): 0.8386, Test MSE: 0.0964, r (test): 0.1084
Epoch: 78, Training Loss: 0.0319, Train MSE: 0.0319, r (train): 0.8394, Test MSE: 0.1085, r (test): 0.0881
Epoch: 79, Training Loss: 0.0232, Train MSE: 0.0232, r (train): 0.8366, Test MSE: 0.1084, r (test): 0.0365
Epoch: 80, Training Loss: 0.0236, Train MSE: 0.0236, r (train): 0.8362, Test MSE: 0.1066, r (test): 0.0345
Epoch: 81, Training Loss: 0.0214, Train MSE: 0.0214, r (train): 0.8399, Test MSE: 0.0961, r (test): 0.0901
Epoch: 82, Training Loss: 0.0227, Train MSE: 0.0227, r (train): 0.8329, Test MSE: 0.1030, r (test): 0.0522
Epoch: 83, Training Loss: 0.0211, Train MSE: 0.0211, r (train): 0.8445, Test MSE: 0.0978, r (test): 0.0884
Epoch: 84, Training Loss: 0.0224, Train MSE: 0.0224, r (train): 0.8409, Test MSE: 0.1012, r (test): 0.0613
Epoch: 85, Training Loss: 0.0256, Train MSE: 0.0256, r (train): 0.8313, Test MSE: 0.1086, r (test): 0.0401
Epoch: 86, Training Loss: 0.0231, Train MSE: 0.0231, r (train): 0.8364, Test MSE: 0.1009, r (test): 0.0647
Epoch: 87, Training Loss: 0.0221, Train MSE: 0.0221, r (train): 0.8417, Test MSE: 0.0966, r (test): 0.0902
Epoch: 88, Training Loss: 0.0217, Train MSE: 0.0217, r (train): 0.8387, Test MSE: 0.1020, r (test): 0.0569
Epoch: 89, Training Loss: 0.0215, Train MSE: 0.0215, r (train): 0.8392, Test MSE: 0.1021, r (test): 0.0571
Epoch: 90, Training Loss: 0.0210, Train MSE: 0.0210, r (train): 0.8402, Test MSE: 0.0969, r (test): 0.0762
Epoch: 91, Training Loss: 0.0229, Train MSE: 0.0229, r (train): 0.8333, Test MSE: 0.1020, r (test): 0.0561
Epoch: 92, Training Loss: 0.0214, Train MSE: 0.0214, r (train): 0.8396, Test MSE: 0.1000, r (test): 0.0694
Epoch: 93, Training Loss: 0.0218, Train MSE: 0.0218, r (train): 0.8436, Test MSE: 0.0986, r (test): 0.0784
Epoch: 94, Training Loss: 0.0216, Train MSE: 0.0216, r (train): 0.8385, Test MSE: 0.1015, r (test): 0.0569
Epoch: 95, Training Loss: 0.0249, Train MSE: 0.0249, r (train): 0.8330, Test MSE: 0.1068, r (test): 0.0448
Epoch: 96, Training Loss: 0.0208, Train MSE: 0.0208, r (train): 0.8409, Test MSE: 0.0945, r (test): 0.0918
Epoch: 97, Training Loss: 0.0215, Train MSE: 0.0215, r (train): 0.8373, Test MSE: 0.0993, r (test): 0.0637
Epoch: 98, Training Loss: 0.0212, Train MSE: 0.0212, r (train): 0.8414, Test MSE: 0.1018, r (test): 0.0632
Epoch: 99, Training Loss: 0.0209, Train MSE: 0.0209, r (train): 0.8437, Test MSE: 0.0999, r (test): 0.0657
Predicted tensors for training set: 
tensor([0.1408, 0.3804, 0.7636, 0.7916, 0.5354, 0.2925, 0.9280, 0.6609, 0.6174,
        0.4325, 0.7883, 0.5412, 0.3206, 0.5946, 0.7109, 0.6304, 0.1203, 0.8630,
        0.8092, 0.4067, 0.3590, 0.3797, 0.6878, 0.4856, 0.7718, 0.4397, 0.3789,
        0.6624, 0.3845, 0.4234, 0.8459, 0.6927, 0.6186, 0.4221, 0.6616, 0.9062,
        0.8694, 0.2429, 0.6354, 0.3766, 0.9303, 0.9786, 0.1206, 0.2658, 0.5980,
        0.6397, 0.8183, 0.5003, 0.7604, 0.7372, 0.1338, 0.4081, 0.2221, 0.4965,
        0.3592, 0.3651, 0.5277, 0.5692, 0.2347, 0.6575, 0.7347, 0.8097, 0.1011,
        0.8916, 1.0962, 0.6455, 0.6346, 0.2000, 0.7326, 0.5605, 0.9334, 0.3225])
Target tensorsfor training set: 
tensor([0.2169, 0.4818, 0.9127, 0.9072, 0.5300, 0.2649, 0.9656, 0.6595, 0.7144,
        0.4993, 0.9215, 0.6465, 0.4640, 0.7901, 0.9492, 0.8418, 0.1493, 0.9117,
        0.8561, 0.4373, 0.0981, 0.1055, 0.2916, 0.1295, 0.6846, 0.4036, 0.3174,
        0.5780, 0.2255, 0.2594, 0.6240, 0.5220, 0.6577, 0.4341, 0.6576, 0.9535,
        0.7125, 0.1360, 0.5102, 0.2394, 0.8363, 0.8728, 0.0763, 0.2271, 0.5178,
        0.5573, 0.7497, 0.4440, 0.7371, 0.7171, 0.1294, 0.3829, 0.3077, 0.7270,
        0.5187, 0.5023, 0.7950, 0.8411, 0.4149, 0.9150, 0.6199, 0.6992, 0.0389,
        0.7596, 0.8524, 0.4526, 0.4654, 0.0636, 0.7462, 0.5783, 0.9621, 0.3453])
Correlation for training set: 0.8436536829392406
Predicted tensors for test set: 
tensor([0.6684, 0.4901, 0.6461, 0.3547, 0.4751, 0.4716, 0.3607, 0.7722, 0.4329,
        0.4379, 0.3760, 0.5032, 0.4962, 0.9244, 0.7176, 0.5173, 0.4164, 0.8806])
Target tensorsfor test set: 
tensor([0.8988, 0.1218, 0.7507, 0.6671, 0.8453, 0.5779, 0.2464, 0.5719, 0.5564,
        0.4513, 0.0478, 0.7791, 0.8391, 0.5658, 0.7372, 0.8556, 0.3309, 0.0246])
Correlation for test set: 0.06565646286992313
18 5
Fold 2
Epoch: 00, Training Loss: 0.0699, Train MSE: 0.0699, r (train): -0.1402, Test MSE: 0.0835, r (test): -0.5648
Epoch: 01, Training Loss: 0.0700, Train MSE: 0.0700, r (train): -0.1267, Test MSE: 0.0859, r (test): -0.5335
Epoch: 02, Training Loss: 0.0753, Train MSE: 0.0753, r (train): 0.2220, Test MSE: 0.1155, r (test): -0.4156
Epoch: 03, Training Loss: 0.0952, Train MSE: 0.0952, r (train): 0.6542, Test MSE: 0.1719, r (test): 0.0039
Epoch: 04, Training Loss: 0.1247, Train MSE: 0.1247, r (train): 0.7478, Test MSE: 0.2544, r (test): 0.0751
Epoch: 05, Training Loss: 0.1635, Train MSE: 0.1635, r (train): 0.6090, Test MSE: 0.3440, r (test): -0.0840
Epoch: 06, Training Loss: 0.0677, Train MSE: 0.0677, r (train): 0.7399, Test MSE: 0.0962, r (test): 0.1658
Epoch: 07, Training Loss: 0.1419, Train MSE: 0.1419, r (train): 0.7867, Test MSE: 0.3197, r (test): 0.0035
Epoch: 08, Training Loss: 0.1294, Train MSE: 0.1294, r (train): 0.8023, Test MSE: 0.1170, r (test): 0.2532
Epoch: 09, Training Loss: 0.1222, Train MSE: 0.1222, r (train): 0.8266, Test MSE: 0.1185, r (test): 0.2473
Epoch: 10, Training Loss: 0.0731, Train MSE: 0.0731, r (train): 0.8195, Test MSE: 0.2174, r (test): -0.0063
Epoch: 11, Training Loss: 0.0215, Train MSE: 0.0215, r (train): 0.8352, Test MSE: 0.1020, r (test): 0.1328
Epoch: 12, Training Loss: 0.0377, Train MSE: 0.0377, r (train): 0.8489, Test MSE: 0.1539, r (test): 0.0955
Epoch: 13, Training Loss: 0.0212, Train MSE: 0.0212, r (train): 0.8383, Test MSE: 0.1052, r (test): 0.1022
Epoch: 14, Training Loss: 0.0251, Train MSE: 0.0251, r (train): 0.8331, Test MSE: 0.1185, r (test): 0.1480
Epoch: 15, Training Loss: 0.0222, Train MSE: 0.0222, r (train): 0.8298, Test MSE: 0.1025, r (test): 0.0857
Epoch: 16, Training Loss: 0.0212, Train MSE: 0.0212, r (train): 0.8341, Test MSE: 0.0945, r (test): 0.1645
Epoch: 17, Training Loss: 0.0720, Train MSE: 0.0720, r (train): 0.8466, Test MSE: 0.2116, r (test): -0.0411
Epoch: 18, Training Loss: 0.0226, Train MSE: 0.0226, r (train): 0.8420, Test MSE: 0.0860, r (test): 0.1272
Epoch: 19, Training Loss: 0.0390, Train MSE: 0.0390, r (train): 0.8250, Test MSE: 0.1580, r (test): 0.1036
Epoch: 20, Training Loss: 0.1501, Train MSE: 0.1501, r (train): 0.8150, Test MSE: 0.1472, r (test): 0.2036
Epoch: 21, Training Loss: 0.0249, Train MSE: 0.0249, r (train): 0.8265, Test MSE: 0.1173, r (test): 0.0870
Epoch: 22, Training Loss: 0.0520, Train MSE: 0.0520, r (train): 0.8359, Test MSE: 0.0793, r (test): 0.1717
Epoch: 23, Training Loss: 0.0702, Train MSE: 0.0702, r (train): 0.8026, Test MSE: 0.2080, r (test): 0.0084
Epoch: 24, Training Loss: 0.0186, Train MSE: 0.0186, r (train): 0.8657, Test MSE: 0.0840, r (test): 0.1282
Epoch: 25, Training Loss: 0.0314, Train MSE: 0.0314, r (train): 0.8288, Test MSE: 0.0797, r (test): 0.1979
Epoch: 26, Training Loss: 0.0242, Train MSE: 0.0242, r (train): 0.8400, Test MSE: 0.0916, r (test): 0.1060
Epoch: 27, Training Loss: 0.0816, Train MSE: 0.0816, r (train): 0.8426, Test MSE: 0.0992, r (test): 0.2159
Epoch: 28, Training Loss: 0.0255, Train MSE: 0.0255, r (train): 0.8741, Test MSE: 0.0733, r (test): 0.1232
Epoch: 29, Training Loss: 0.0670, Train MSE: 0.0670, r (train): 0.8213, Test MSE: 0.2013, r (test): -0.0417
Epoch: 30, Training Loss: 0.1008, Train MSE: 0.1008, r (train): 0.8178, Test MSE: 0.0923, r (test): 0.2890
Epoch: 31, Training Loss: 0.0410, Train MSE: 0.0410, r (train): 0.8580, Test MSE: 0.1583, r (test): 0.0892
Epoch: 32, Training Loss: 0.0556, Train MSE: 0.0556, r (train): 0.8127, Test MSE: 0.1879, r (test): 0.1277
Epoch: 33, Training Loss: 0.0306, Train MSE: 0.0306, r (train): 0.8625, Test MSE: 0.0753, r (test): 0.2353
Epoch: 34, Training Loss: 0.0198, Train MSE: 0.0198, r (train): 0.8484, Test MSE: 0.0923, r (test): 0.1602
Epoch: 35, Training Loss: 0.0207, Train MSE: 0.0207, r (train): 0.8553, Test MSE: 0.0981, r (test): 0.1145
Epoch: 36, Training Loss: 0.4203, Train MSE: 0.4203, r (train): 0.7732, Test MSE: 0.3650, r (test): 0.2697
Epoch: 37, Training Loss: 0.3781, Train MSE: 0.3781, r (train): 0.6417, Test MSE: 0.5986, r (test): -0.2617
Epoch: 38, Training Loss: 0.5742, Train MSE: 0.5742, r (train): 0.7585, Test MSE: 0.4902, r (test): 0.3163
Epoch: 39, Training Loss: 0.0338, Train MSE: 0.0338, r (train): 0.8384, Test MSE: 0.0704, r (test): 0.1829
Epoch: 40, Training Loss: 0.0219, Train MSE: 0.0219, r (train): 0.8821, Test MSE: 0.0772, r (test): 0.1240
Epoch: 41, Training Loss: 0.0237, Train MSE: 0.0237, r (train): 0.8400, Test MSE: 0.0859, r (test): 0.1752
Epoch: 42, Training Loss: 0.0237, Train MSE: 0.0237, r (train): 0.8742, Test MSE: 0.1210, r (test): 0.1738
Epoch: 43, Training Loss: 0.0220, Train MSE: 0.0220, r (train): 0.8511, Test MSE: 0.0771, r (test): 0.2026
Epoch: 44, Training Loss: 0.0386, Train MSE: 0.0386, r (train): 0.8684, Test MSE: 0.1516, r (test): 0.0787
Epoch: 45, Training Loss: 0.0332, Train MSE: 0.0332, r (train): 0.8414, Test MSE: 0.0775, r (test): 0.2080
Epoch: 46, Training Loss: 0.0302, Train MSE: 0.0302, r (train): 0.8366, Test MSE: 0.1306, r (test): 0.1701
Epoch: 47, Training Loss: 0.0259, Train MSE: 0.0259, r (train): 0.8569, Test MSE: 0.0708, r (test): 0.2324
Epoch: 48, Training Loss: 0.0951, Train MSE: 0.0951, r (train): 0.8407, Test MSE: 0.1041, r (test): 0.2298
Epoch: 49, Training Loss: 0.1294, Train MSE: 0.1294, r (train): 0.8235, Test MSE: 0.3149, r (test): -0.0158
Epoch: 50, Training Loss: 0.0242, Train MSE: 0.0242, r (train): 0.8686, Test MSE: 0.0762, r (test): 0.1750
Epoch: 51, Training Loss: 0.0214, Train MSE: 0.0214, r (train): 0.8708, Test MSE: 0.1134, r (test): 0.1150
Epoch: 52, Training Loss: 0.0205, Train MSE: 0.0205, r (train): 0.8579, Test MSE: 0.0818, r (test): 0.1854
Epoch: 53, Training Loss: 0.0526, Train MSE: 0.0526, r (train): 0.8637, Test MSE: 0.0804, r (test): 0.2151
Epoch: 54, Training Loss: 0.0597, Train MSE: 0.0597, r (train): 0.8435, Test MSE: 0.0848, r (test): 0.2480
Epoch: 55, Training Loss: 0.0941, Train MSE: 0.0941, r (train): 0.8538, Test MSE: 0.2528, r (test): 0.0510
Epoch: 56, Training Loss: 0.0169, Train MSE: 0.0169, r (train): 0.8840, Test MSE: 0.1006, r (test): 0.0676
Epoch: 57, Training Loss: 0.0292, Train MSE: 0.0292, r (train): 0.8571, Test MSE: 0.0703, r (test): 0.1898
Epoch: 58, Training Loss: 0.0729, Train MSE: 0.0729, r (train): 0.8477, Test MSE: 0.0882, r (test): 0.2235
Epoch: 59, Training Loss: 0.0368, Train MSE: 0.0368, r (train): 0.8193, Test MSE: 0.1459, r (test): 0.1630
Epoch: 60, Training Loss: 0.0285, Train MSE: 0.0285, r (train): 0.8886, Test MSE: 0.1262, r (test): 0.1032
Epoch: 61, Training Loss: 0.0312, Train MSE: 0.0312, r (train): 0.8532, Test MSE: 0.1404, r (test): 0.0967
Epoch: 62, Training Loss: 0.0291, Train MSE: 0.0291, r (train): 0.8684, Test MSE: 0.0691, r (test): 0.2106
Epoch: 63, Training Loss: 0.1806, Train MSE: 0.1806, r (train): 0.8161, Test MSE: 0.1644, r (test): 0.2549
Epoch: 64, Training Loss: 0.0206, Train MSE: 0.0206, r (train): 0.8761, Test MSE: 0.1077, r (test): 0.1334
Epoch: 65, Training Loss: 0.0273, Train MSE: 0.0273, r (train): 0.8611, Test MSE: 0.1276, r (test): 0.1025
Epoch: 66, Training Loss: 0.0196, Train MSE: 0.0196, r (train): 0.8543, Test MSE: 0.0888, r (test): 0.1795
Epoch: 67, Training Loss: 0.0198, Train MSE: 0.0198, r (train): 0.8497, Test MSE: 0.0887, r (test): 0.1894
Epoch: 68, Training Loss: 0.0763, Train MSE: 0.0763, r (train): 0.8427, Test MSE: 0.0877, r (test): 0.2469
Epoch: 69, Training Loss: 0.0175, Train MSE: 0.0175, r (train): 0.8667, Test MSE: 0.0913, r (test): 0.1672
Epoch: 70, Training Loss: 0.0323, Train MSE: 0.0323, r (train): 0.8553, Test MSE: 0.1408, r (test): 0.0868
Epoch: 71, Training Loss: 0.0193, Train MSE: 0.0193, r (train): 0.8635, Test MSE: 0.0988, r (test): 0.1771
Epoch: 72, Training Loss: 0.0207, Train MSE: 0.0207, r (train): 0.8520, Test MSE: 0.1041, r (test): 0.1371
Epoch: 73, Training Loss: 0.0827, Train MSE: 0.0827, r (train): 0.8444, Test MSE: 0.0935, r (test): 0.2360
Epoch: 74, Training Loss: 0.0201, Train MSE: 0.0201, r (train): 0.8669, Test MSE: 0.1058, r (test): 0.1071
Epoch: 75, Training Loss: 0.0191, Train MSE: 0.0191, r (train): 0.8676, Test MSE: 0.0948, r (test): 0.1725
Epoch: 76, Training Loss: 0.0218, Train MSE: 0.0218, r (train): 0.8623, Test MSE: 0.1122, r (test): 0.1180
Epoch: 77, Training Loss: 0.0333, Train MSE: 0.0333, r (train): 0.8606, Test MSE: 0.0706, r (test): 0.1933
Epoch: 78, Training Loss: 0.0257, Train MSE: 0.0257, r (train): 0.8640, Test MSE: 0.0750, r (test): 0.1920
Epoch: 79, Training Loss: 0.0290, Train MSE: 0.0290, r (train): 0.8754, Test MSE: 0.1298, r (test): 0.0979
Epoch: 80, Training Loss: 0.0188, Train MSE: 0.0188, r (train): 0.8728, Test MSE: 0.0969, r (test): 0.1496
Epoch: 81, Training Loss: 0.0228, Train MSE: 0.0228, r (train): 0.8497, Test MSE: 0.0765, r (test): 0.1741
Epoch: 82, Training Loss: 0.0275, Train MSE: 0.0275, r (train): 0.8496, Test MSE: 0.0735, r (test): 0.2168
Epoch: 83, Training Loss: 0.0156, Train MSE: 0.0156, r (train): 0.8815, Test MSE: 0.0832, r (test): 0.1254
Epoch: 84, Training Loss: 0.0268, Train MSE: 0.0268, r (train): 0.8474, Test MSE: 0.0710, r (test): 0.1984
Epoch: 85, Training Loss: 0.0280, Train MSE: 0.0280, r (train): 0.8563, Test MSE: 0.1366, r (test): 0.0917
Epoch: 86, Training Loss: 0.0216, Train MSE: 0.0216, r (train): 0.8515, Test MSE: 0.0840, r (test): 0.1943
Epoch: 87, Training Loss: 0.0165, Train MSE: 0.0165, r (train): 0.8850, Test MSE: 0.0769, r (test): 0.1616
Epoch: 88, Training Loss: 0.0227, Train MSE: 0.0227, r (train): 0.8511, Test MSE: 0.0779, r (test): 0.1699
Epoch: 89, Training Loss: 0.0190, Train MSE: 0.0190, r (train): 0.8786, Test MSE: 0.1014, r (test): 0.1306
Epoch: 90, Training Loss: 0.0198, Train MSE: 0.0198, r (train): 0.8575, Test MSE: 0.0808, r (test): 0.1967
Epoch: 91, Training Loss: 0.0192, Train MSE: 0.0192, r (train): 0.8728, Test MSE: 0.0759, r (test): 0.1708
Epoch: 92, Training Loss: 0.0183, Train MSE: 0.0183, r (train): 0.8635, Test MSE: 0.0914, r (test): 0.1861
Epoch: 93, Training Loss: 0.0194, Train MSE: 0.0194, r (train): 0.8801, Test MSE: 0.0752, r (test): 0.1573
Epoch: 94, Training Loss: 0.0172, Train MSE: 0.0172, r (train): 0.8704, Test MSE: 0.0893, r (test): 0.1595
Epoch: 95, Training Loss: 0.0181, Train MSE: 0.0181, r (train): 0.8650, Test MSE: 0.0847, r (test): 0.1587
Epoch: 96, Training Loss: 0.0187, Train MSE: 0.0187, r (train): 0.8622, Test MSE: 0.0966, r (test): 0.1790
Epoch: 97, Training Loss: 0.0156, Train MSE: 0.0156, r (train): 0.8868, Test MSE: 0.0777, r (test): 0.1725
Epoch: 98, Training Loss: 0.0195, Train MSE: 0.0195, r (train): 0.8782, Test MSE: 0.0731, r (test): 0.1786
Epoch: 99, Training Loss: 0.0192, Train MSE: 0.0192, r (train): 0.8695, Test MSE: 0.0811, r (test): 0.1688
Predicted tensors for training set: 
tensor([0.7782, 0.0967, 0.5769, 0.5387, 1.0211, 0.7106, 0.3848, 0.7621, 0.6260,
        0.5243, 0.1153, 0.8659, 0.7267, 0.4569, 0.6145, 0.7186, 0.4714, 0.0755,
        1.1198, 0.5512, 0.2878, 0.2798, 0.6441, 0.4356, 0.8650, 0.4932, 0.4448,
        0.7378, 0.4023, 0.4147, 0.8759, 0.7384, 0.5899, 0.3869, 0.5981, 0.8365,
        0.9342, 0.2579, 0.6629, 0.4337, 0.9127, 0.9766, 0.0459, 0.2159, 0.5446,
        0.5894, 0.7492, 0.4719, 0.7771, 0.7453, 0.1909, 0.4309, 0.2377, 0.5781,
        0.4151, 0.4102, 0.5512, 0.6004, 0.2553, 0.7029, 0.6648, 0.7457, 0.0599,
        0.8447, 1.0708, 0.5412, 0.5382, 0.1152, 0.7060, 0.5031, 0.9148, 0.2883])
Target tensorsfor training set: 
tensor([0.8988, 0.1218, 0.7507, 0.6671, 0.8453, 0.5779, 0.2464, 0.5719, 0.5564,
        0.4513, 0.0478, 0.7791, 0.8391, 0.5658, 0.7372, 0.8556, 0.3309, 0.0246,
        0.8561, 0.4373, 0.0981, 0.1055, 0.2916, 0.1295, 0.6846, 0.4036, 0.3174,
        0.5780, 0.2255, 0.2594, 0.6240, 0.5220, 0.6577, 0.4341, 0.6576, 0.9535,
        0.7125, 0.1360, 0.5102, 0.2394, 0.8363, 0.8728, 0.0763, 0.2271, 0.5178,
        0.5573, 0.7497, 0.4440, 0.7371, 0.7171, 0.1294, 0.3829, 0.3077, 0.7270,
        0.5187, 0.5023, 0.7950, 0.8411, 0.4149, 0.9150, 0.6199, 0.6992, 0.0389,
        0.7596, 0.8524, 0.4526, 0.4654, 0.0636, 0.7462, 0.5783, 0.9621, 0.3453])
Correlation for training set: 0.8694709612422081
Predicted tensors for test set: 
tensor([0.6540, 0.3457, 0.7075, 0.4024, 0.6772, 0.2931, 0.6382, 0.5487, 0.6191,
        0.4955, 0.5637, 0.7549, 0.7751, 0.6460, 0.3679, 0.7421, 0.5462, 0.7121])
Target tensorsfor test set: 
tensor([0.2169, 0.4818, 0.9127, 0.9072, 0.5300, 0.2649, 0.9656, 0.6595, 0.7144,
        0.4993, 0.9215, 0.6465, 0.4640, 0.7901, 0.9492, 0.8418, 0.1493, 0.9117])
Correlation for test set: 0.16879710969620276
18 5
Fold 3
Epoch: 00, Training Loss: 0.0774, Train MSE: 0.0774, r (train): -0.2393, Test MSE: 0.0626, r (test): -0.2308
Epoch: 01, Training Loss: 0.1115, Train MSE: 0.1115, r (train): -0.3077, Test MSE: 0.0677, r (test): -0.3112
Epoch: 02, Training Loss: 0.2356, Train MSE: 0.2356, r (train): 0.1421, Test MSE: 0.1445, r (test): 0.2408
Epoch: 03, Training Loss: 0.2517, Train MSE: 0.2517, r (train): 0.7115, Test MSE: 0.1552, r (test): 0.3932
Epoch: 04, Training Loss: 0.0381, Train MSE: 0.0381, r (train): 0.7616, Test MSE: 0.0718, r (test): 0.2088
Epoch: 05, Training Loss: 0.0342, Train MSE: 0.0342, r (train): 0.7308, Test MSE: 0.0843, r (test): 0.3260
Epoch: 06, Training Loss: 0.1443, Train MSE: 0.1443, r (train): 0.7522, Test MSE: 0.3382, r (test): 0.3389
Epoch: 07, Training Loss: 0.2025, Train MSE: 0.2025, r (train): 0.7760, Test MSE: 0.4424, r (test): 0.2620
Epoch: 08, Training Loss: 0.1501, Train MSE: 0.1501, r (train): 0.7870, Test MSE: 0.0860, r (test): 0.4185
Epoch: 09, Training Loss: 0.0501, Train MSE: 0.0501, r (train): 0.7863, Test MSE: 0.0613, r (test): 0.2709
Epoch: 10, Training Loss: 0.1300, Train MSE: 0.1300, r (train): 0.7860, Test MSE: 0.3388, r (test): 0.3453
Epoch: 11, Training Loss: 0.0672, Train MSE: 0.0672, r (train): 0.8167, Test MSE: 0.2142, r (test): 0.3083
Epoch: 12, Training Loss: 0.0743, Train MSE: 0.0743, r (train): 0.8117, Test MSE: 0.0612, r (test): 0.3418
Epoch: 13, Training Loss: 0.0294, Train MSE: 0.0294, r (train): 0.8256, Test MSE: 0.0674, r (test): 0.3438
Epoch: 14, Training Loss: 0.0403, Train MSE: 0.0403, r (train): 0.8166, Test MSE: 0.0556, r (test): 0.3787
Epoch: 15, Training Loss: 0.0243, Train MSE: 0.0243, r (train): 0.8202, Test MSE: 0.0769, r (test): 0.3708
Epoch: 16, Training Loss: 0.0525, Train MSE: 0.0525, r (train): 0.8037, Test MSE: 0.1620, r (test): 0.3490
Epoch: 17, Training Loss: 0.1185, Train MSE: 0.1185, r (train): 0.7765, Test MSE: 0.0770, r (test): 0.3549
Epoch: 18, Training Loss: 0.0295, Train MSE: 0.0295, r (train): 0.7947, Test MSE: 0.0648, r (test): 0.3999
Epoch: 19, Training Loss: 0.0344, Train MSE: 0.0344, r (train): 0.7960, Test MSE: 0.1219, r (test): 0.3824
Epoch: 20, Training Loss: 0.0352, Train MSE: 0.0352, r (train): 0.7775, Test MSE: 0.0626, r (test): 0.3546
Epoch: 21, Training Loss: 0.0352, Train MSE: 0.0352, r (train): 0.7983, Test MSE: 0.1218, r (test): 0.3402
Epoch: 22, Training Loss: 0.0408, Train MSE: 0.0408, r (train): 0.7942, Test MSE: 0.0550, r (test): 0.3761
Epoch: 23, Training Loss: 0.0369, Train MSE: 0.0369, r (train): 0.7863, Test MSE: 0.0547, r (test): 0.4228
Epoch: 24, Training Loss: 0.0903, Train MSE: 0.0903, r (train): 0.7833, Test MSE: 0.2282, r (test): 0.3459
Epoch: 25, Training Loss: 0.0438, Train MSE: 0.0438, r (train): 0.7968, Test MSE: 0.0568, r (test): 0.3657
Epoch: 26, Training Loss: 0.0339, Train MSE: 0.0339, r (train): 0.7905, Test MSE: 0.0592, r (test): 0.3860
Epoch: 27, Training Loss: 0.0719, Train MSE: 0.0719, r (train): 0.7933, Test MSE: 0.0552, r (test): 0.3957
Epoch: 28, Training Loss: 0.5053, Train MSE: 0.5053, r (train): 0.7726, Test MSE: 0.8749, r (test): 0.3424
Epoch: 29, Training Loss: 0.0855, Train MSE: 0.0855, r (train): 0.7711, Test MSE: 0.0631, r (test): 0.3678
Epoch: 30, Training Loss: 0.0285, Train MSE: 0.0285, r (train): 0.8018, Test MSE: 0.0719, r (test): 0.3520
Epoch: 31, Training Loss: 0.0288, Train MSE: 0.0288, r (train): 0.8103, Test MSE: 0.0685, r (test): 0.3392
Epoch: 32, Training Loss: 0.0461, Train MSE: 0.0461, r (train): 0.7926, Test MSE: 0.0530, r (test): 0.3776
Epoch: 33, Training Loss: 0.1731, Train MSE: 0.1731, r (train): 0.7637, Test MSE: 0.4032, r (test): 0.2892
Epoch: 34, Training Loss: 0.0481, Train MSE: 0.0481, r (train): 0.7712, Test MSE: 0.0538, r (test): 0.4050
Epoch: 35, Training Loss: 0.1304, Train MSE: 0.1304, r (train): 0.7371, Test MSE: 0.0912, r (test): 0.2774
Epoch: 36, Training Loss: 0.0486, Train MSE: 0.0486, r (train): 0.7988, Test MSE: 0.1565, r (test): 0.3676
Epoch: 37, Training Loss: 0.0733, Train MSE: 0.0733, r (train): 0.7708, Test MSE: 0.2069, r (test): 0.3682
Epoch: 38, Training Loss: 0.0293, Train MSE: 0.0293, r (train): 0.7798, Test MSE: 0.0743, r (test): 0.3974
Epoch: 39, Training Loss: 0.0626, Train MSE: 0.0626, r (train): 0.7647, Test MSE: 0.0522, r (test): 0.4520
Epoch: 40, Training Loss: 0.0657, Train MSE: 0.0657, r (train): 0.7226, Test MSE: 0.0529, r (test): 0.4245
Epoch: 41, Training Loss: 0.0265, Train MSE: 0.0265, r (train): 0.8018, Test MSE: 0.0843, r (test): 0.3877
Epoch: 42, Training Loss: 0.0390, Train MSE: 0.0390, r (train): 0.8057, Test MSE: 0.1264, r (test): 0.4821
Epoch: 43, Training Loss: 0.2120, Train MSE: 0.2120, r (train): 0.7881, Test MSE: 0.4495, r (test): 0.3879
Epoch: 44, Training Loss: 0.0342, Train MSE: 0.0342, r (train): 0.7799, Test MSE: 0.0715, r (test): 0.4067
Epoch: 45, Training Loss: 0.0250, Train MSE: 0.0250, r (train): 0.8147, Test MSE: 0.0872, r (test): 0.3794
Epoch: 46, Training Loss: 0.0336, Train MSE: 0.0336, r (train): 0.7773, Test MSE: 0.1130, r (test): 0.3990
Epoch: 47, Training Loss: 0.1201, Train MSE: 0.1201, r (train): 0.6950, Test MSE: 0.0726, r (test): 0.4910
Epoch: 48, Training Loss: 0.0784, Train MSE: 0.0784, r (train): 0.7868, Test MSE: 0.2002, r (test): 0.3904
Epoch: 49, Training Loss: 0.0322, Train MSE: 0.0322, r (train): 0.8185, Test MSE: 0.1173, r (test): 0.3994
Epoch: 50, Training Loss: 0.0675, Train MSE: 0.0675, r (train): 0.7957, Test MSE: 0.2058, r (test): 0.3797
Epoch: 51, Training Loss: 0.0316, Train MSE: 0.0316, r (train): 0.8021, Test MSE: 0.0666, r (test): 0.4099
Epoch: 52, Training Loss: 0.0377, Train MSE: 0.0377, r (train): 0.7865, Test MSE: 0.0574, r (test): 0.4029
Epoch: 53, Training Loss: 0.0338, Train MSE: 0.0338, r (train): 0.7879, Test MSE: 0.0556, r (test): 0.4352
Epoch: 54, Training Loss: 0.0342, Train MSE: 0.0342, r (train): 0.7893, Test MSE: 0.0543, r (test): 0.4460
Epoch: 55, Training Loss: 0.0426, Train MSE: 0.0426, r (train): 0.8024, Test MSE: 0.1389, r (test): 0.3879
Epoch: 56, Training Loss: 0.0377, Train MSE: 0.0377, r (train): 0.7993, Test MSE: 0.1348, r (test): 0.3985
Epoch: 57, Training Loss: 0.0276, Train MSE: 0.0276, r (train): 0.7948, Test MSE: 0.0823, r (test): 0.4341
Epoch: 58, Training Loss: 0.0697, Train MSE: 0.0697, r (train): 0.7235, Test MSE: 0.0524, r (test): 0.4517
Epoch: 59, Training Loss: 0.0328, Train MSE: 0.0328, r (train): 0.7915, Test MSE: 0.0634, r (test): 0.3863
Epoch: 60, Training Loss: 0.0400, Train MSE: 0.0400, r (train): 0.8000, Test MSE: 0.1399, r (test): 0.3736
Epoch: 61, Training Loss: 0.0406, Train MSE: 0.0406, r (train): 0.8020, Test MSE: 0.1391, r (test): 0.4008
Epoch: 62, Training Loss: 0.0306, Train MSE: 0.0306, r (train): 0.7899, Test MSE: 0.0751, r (test): 0.3992
Epoch: 63, Training Loss: 0.0269, Train MSE: 0.0269, r (train): 0.8035, Test MSE: 0.0840, r (test): 0.3982
Epoch: 64, Training Loss: 0.0286, Train MSE: 0.0286, r (train): 0.7985, Test MSE: 0.0730, r (test): 0.4180
Epoch: 65, Training Loss: 0.0404, Train MSE: 0.0404, r (train): 0.7910, Test MSE: 0.0559, r (test): 0.3963
Epoch: 66, Training Loss: 0.0316, Train MSE: 0.0316, r (train): 0.8053, Test MSE: 0.1141, r (test): 0.3833
Epoch: 67, Training Loss: 0.0281, Train MSE: 0.0281, r (train): 0.8007, Test MSE: 0.0856, r (test): 0.4158
Epoch: 68, Training Loss: 0.0316, Train MSE: 0.0316, r (train): 0.7883, Test MSE: 0.0670, r (test): 0.4186
Epoch: 69, Training Loss: 0.0344, Train MSE: 0.0344, r (train): 0.8058, Test MSE: 0.0585, r (test): 0.4005
Epoch: 70, Training Loss: 0.0272, Train MSE: 0.0272, r (train): 0.8014, Test MSE: 0.0917, r (test): 0.3931
Epoch: 71, Training Loss: 0.0286, Train MSE: 0.0286, r (train): 0.8057, Test MSE: 0.0909, r (test): 0.4079
Epoch: 72, Training Loss: 0.0288, Train MSE: 0.0288, r (train): 0.8057, Test MSE: 0.0861, r (test): 0.4116
Epoch: 73, Training Loss: 0.0262, Train MSE: 0.0262, r (train): 0.8098, Test MSE: 0.0769, r (test): 0.4114
Epoch: 74, Training Loss: 0.0267, Train MSE: 0.0267, r (train): 0.8077, Test MSE: 0.0829, r (test): 0.4073
Epoch: 75, Training Loss: 0.0403, Train MSE: 0.0403, r (train): 0.7946, Test MSE: 0.0554, r (test): 0.3893
Epoch: 76, Training Loss: 0.0344, Train MSE: 0.0344, r (train): 0.8099, Test MSE: 0.1255, r (test): 0.3842
Epoch: 77, Training Loss: 0.0257, Train MSE: 0.0257, r (train): 0.8083, Test MSE: 0.0744, r (test): 0.4044
Epoch: 78, Training Loss: 0.0299, Train MSE: 0.0299, r (train): 0.7990, Test MSE: 0.0717, r (test): 0.4203
Epoch: 79, Training Loss: 0.0276, Train MSE: 0.0276, r (train): 0.8170, Test MSE: 0.0710, r (test): 0.3971
Epoch: 80, Training Loss: 0.0272, Train MSE: 0.0272, r (train): 0.7929, Test MSE: 0.0824, r (test): 0.3872
Epoch: 81, Training Loss: 0.0284, Train MSE: 0.0284, r (train): 0.8112, Test MSE: 0.0971, r (test): 0.3922
Epoch: 82, Training Loss: 0.0357, Train MSE: 0.0357, r (train): 0.7833, Test MSE: 0.0562, r (test): 0.4038
Epoch: 83, Training Loss: 0.0268, Train MSE: 0.0268, r (train): 0.8187, Test MSE: 0.0879, r (test): 0.3880
Epoch: 84, Training Loss: 0.0292, Train MSE: 0.0292, r (train): 0.8056, Test MSE: 0.1057, r (test): 0.4168
Epoch: 85, Training Loss: 0.0273, Train MSE: 0.0273, r (train): 0.8026, Test MSE: 0.0842, r (test): 0.4132
Epoch: 86, Training Loss: 0.0282, Train MSE: 0.0282, r (train): 0.8033, Test MSE: 0.0865, r (test): 0.3917
Epoch: 87, Training Loss: 0.0263, Train MSE: 0.0263, r (train): 0.8108, Test MSE: 0.0708, r (test): 0.3739
Epoch: 88, Training Loss: 0.0270, Train MSE: 0.0270, r (train): 0.8082, Test MSE: 0.0696, r (test): 0.3886
Epoch: 89, Training Loss: 0.0285, Train MSE: 0.0285, r (train): 0.8083, Test MSE: 0.0806, r (test): 0.4104
Epoch: 90, Training Loss: 0.0304, Train MSE: 0.0304, r (train): 0.8006, Test MSE: 0.0639, r (test): 0.4144
Epoch: 91, Training Loss: 0.0343, Train MSE: 0.0343, r (train): 0.8073, Test MSE: 0.1207, r (test): 0.4152
Epoch: 92, Training Loss: 0.0282, Train MSE: 0.0282, r (train): 0.7994, Test MSE: 0.0699, r (test): 0.3787
Epoch: 93, Training Loss: 0.0371, Train MSE: 0.0371, r (train): 0.7939, Test MSE: 0.0579, r (test): 0.3842
Epoch: 94, Training Loss: 0.0250, Train MSE: 0.0250, r (train): 0.8161, Test MSE: 0.0754, r (test): 0.3866
Epoch: 95, Training Loss: 0.0290, Train MSE: 0.0290, r (train): 0.7957, Test MSE: 0.0979, r (test): 0.4321
Epoch: 96, Training Loss: 0.0322, Train MSE: 0.0322, r (train): 0.8085, Test MSE: 0.1034, r (test): 0.4050
Epoch: 97, Training Loss: 0.0285, Train MSE: 0.0285, r (train): 0.7993, Test MSE: 0.0689, r (test): 0.3864
Epoch: 98, Training Loss: 0.0251, Train MSE: 0.0251, r (train): 0.8195, Test MSE: 0.0918, r (test): 0.3726
Epoch: 99, Training Loss: 0.0271, Train MSE: 0.0271, r (train): 0.8066, Test MSE: 0.0745, r (test): 0.4031
Predicted tensors for training set: 
tensor([0.7045, 0.0814, 0.5716, 0.4804, 0.9660, 0.6890, 0.3184, 0.6636, 0.7061,
        0.5942, 0.1920, 1.0176, 0.5924, 0.3616, 0.4774, 0.5714, 0.7039, 0.1819,
        0.3799, 0.9122, 0.7385, 0.7484, 0.4193, 0.1853, 0.7488, 0.4864, 0.5394,
        0.3303, 0.8117, 0.5422, 0.3979, 0.6760, 0.7163, 0.6522, 0.0466, 0.7021,
        0.8145, 0.2154, 0.5818, 0.3900, 0.9735, 1.0434, 0.1241, 0.2757, 0.4416,
        0.4961, 0.6534, 0.3898, 0.7612, 0.7351, 0.1628, 0.4101, 0.2635, 0.6209,
        0.4391, 0.4356, 0.5026, 0.5474, 0.2131, 0.5989, 0.8432, 0.8872, 0.1014,
        0.9646, 1.0437, 0.5779, 0.5639, 0.1368, 0.7346, 0.5634, 0.9125, 0.3056])
Target tensorsfor training set: 
tensor([0.8988, 0.1218, 0.7507, 0.6671, 0.8453, 0.5779, 0.2464, 0.5719, 0.5564,
        0.4513, 0.0478, 0.7791, 0.8391, 0.5658, 0.7372, 0.8556, 0.3309, 0.0246,
        0.2169, 0.4818, 0.9127, 0.9072, 0.5300, 0.2649, 0.9656, 0.6595, 0.7144,
        0.4993, 0.9215, 0.6465, 0.4640, 0.7901, 0.9492, 0.8418, 0.1493, 0.9117,
        0.7125, 0.1360, 0.5102, 0.2394, 0.8363, 0.8728, 0.0763, 0.2271, 0.5178,
        0.5573, 0.7497, 0.4440, 0.7371, 0.7171, 0.1294, 0.3829, 0.3077, 0.7270,
        0.5187, 0.5023, 0.7950, 0.8411, 0.4149, 0.9150, 0.6199, 0.6992, 0.0389,
        0.7596, 0.8524, 0.4526, 0.4654, 0.0636, 0.7462, 0.5783, 0.9621, 0.3453])
Correlation for training set: 0.806581707141954
Predicted tensors for test set: 
tensor([0.6662, 0.7756, 0.5565, 0.5859, 0.4266, 0.2468, 0.3253, 0.7258, 0.6956,
        0.6603, 0.5463, 0.5761, 0.5946, 0.8365, 0.5048, 0.4762, 0.7041, 0.8804])
Target tensorsfor test set: 
tensor([0.8561, 0.4373, 0.0981, 0.1055, 0.2916, 0.1295, 0.6846, 0.4036, 0.3174,
        0.5780, 0.2255, 0.2594, 0.6240, 0.5220, 0.6577, 0.4341, 0.6576, 0.9535])
Correlation for test set: 0.40314621879562956
18 5
Fold 4
Epoch: 00, Training Loss: 0.1099, Train MSE: 0.1099, r (train): -0.2989, Test MSE: 0.0796, r (test): -0.0541
Epoch: 01, Training Loss: 0.2053, Train MSE: 0.2053, r (train): -0.3444, Test MSE: 0.1501, r (test): 0.0033
Epoch: 02, Training Loss: 0.3786, Train MSE: 0.3786, r (train): 0.4682, Test MSE: 0.3003, r (test): 0.1544
Epoch: 03, Training Loss: 0.4494, Train MSE: 0.4494, r (train): 0.7018, Test MSE: 0.3885, r (test): 0.0056
Epoch: 04, Training Loss: 0.0465, Train MSE: 0.0465, r (train): 0.6773, Test MSE: 0.0786, r (test): 0.0606
Epoch: 05, Training Loss: 0.0445, Train MSE: 0.0445, r (train): 0.7115, Test MSE: 0.0938, r (test): 0.0116
Epoch: 06, Training Loss: 0.1978, Train MSE: 0.1978, r (train): 0.7471, Test MSE: 0.2304, r (test): 0.0974
Epoch: 07, Training Loss: 0.0993, Train MSE: 0.0993, r (train): 0.7612, Test MSE: 0.1629, r (test): 0.0401
Epoch: 08, Training Loss: 0.1116, Train MSE: 0.1116, r (train): 0.8077, Test MSE: 0.1474, r (test): 0.1749
Epoch: 09, Training Loss: 0.0420, Train MSE: 0.0420, r (train): 0.7509, Test MSE: 0.0845, r (test): 0.0428
Epoch: 10, Training Loss: 0.0444, Train MSE: 0.0444, r (train): 0.7900, Test MSE: 0.0869, r (test): 0.1182
Epoch: 11, Training Loss: 0.0529, Train MSE: 0.0529, r (train): 0.7946, Test MSE: 0.0958, r (test): 0.1551
Epoch: 12, Training Loss: 0.0628, Train MSE: 0.0628, r (train): 0.7480, Test MSE: 0.0987, r (test): 0.0572
Epoch: 13, Training Loss: 0.0792, Train MSE: 0.0792, r (train): 0.7778, Test MSE: 0.1146, r (test): 0.1432
Epoch: 14, Training Loss: 0.0298, Train MSE: 0.0298, r (train): 0.7798, Test MSE: 0.0715, r (test): 0.1413
Epoch: 15, Training Loss: 0.0378, Train MSE: 0.0378, r (train): 0.7549, Test MSE: 0.0754, r (test): 0.0872
Epoch: 16, Training Loss: 0.0332, Train MSE: 0.0332, r (train): 0.7689, Test MSE: 0.0683, r (test): 0.1657
Epoch: 17, Training Loss: 0.0890, Train MSE: 0.0890, r (train): 0.7825, Test MSE: 0.1350, r (test): 0.1136
Epoch: 18, Training Loss: 0.1158, Train MSE: 0.1158, r (train): 0.7032, Test MSE: 0.1379, r (test): 0.0717
Epoch: 19, Training Loss: 0.0866, Train MSE: 0.0866, r (train): 0.7569, Test MSE: 0.1280, r (test): 0.1154
Epoch: 20, Training Loss: 0.0816, Train MSE: 0.0816, r (train): 0.7215, Test MSE: 0.1200, r (test): 0.0968
Epoch: 21, Training Loss: 0.0380, Train MSE: 0.0380, r (train): 0.7617, Test MSE: 0.0744, r (test): 0.1772
Epoch: 22, Training Loss: 0.0326, Train MSE: 0.0326, r (train): 0.7460, Test MSE: 0.0725, r (test): 0.0993
Epoch: 23, Training Loss: 0.0340, Train MSE: 0.0340, r (train): 0.7451, Test MSE: 0.0683, r (test): 0.1885
Epoch: 24, Training Loss: 0.0327, Train MSE: 0.0327, r (train): 0.7690, Test MSE: 0.0716, r (test): 0.1295
Epoch: 25, Training Loss: 0.0798, Train MSE: 0.0798, r (train): 0.7193, Test MSE: 0.1060, r (test): 0.1326
Epoch: 26, Training Loss: 0.0418, Train MSE: 0.0418, r (train): 0.7656, Test MSE: 0.0799, r (test): 0.1563
Epoch: 27, Training Loss: 0.0368, Train MSE: 0.0368, r (train): 0.7641, Test MSE: 0.0728, r (test): 0.1869
Epoch: 28, Training Loss: 0.0338, Train MSE: 0.0338, r (train): 0.7783, Test MSE: 0.0700, r (test): 0.2215
Epoch: 29, Training Loss: 0.0617, Train MSE: 0.0617, r (train): 0.7191, Test MSE: 0.0928, r (test): 0.1163
Epoch: 30, Training Loss: 0.0509, Train MSE: 0.0509, r (train): 0.7633, Test MSE: 0.0844, r (test): 0.1992
Epoch: 31, Training Loss: 0.0531, Train MSE: 0.0531, r (train): 0.7712, Test MSE: 0.0899, r (test): 0.1819
Epoch: 32, Training Loss: 0.0278, Train MSE: 0.0278, r (train): 0.7944, Test MSE: 0.0652, r (test): 0.2362
Epoch: 33, Training Loss: 0.0278, Train MSE: 0.0278, r (train): 0.7940, Test MSE: 0.0634, r (test): 0.2564
Epoch: 34, Training Loss: 0.0619, Train MSE: 0.0619, r (train): 0.7738, Test MSE: 0.0937, r (test): 0.2049
Epoch: 35, Training Loss: 0.0383, Train MSE: 0.0383, r (train): 0.7487, Test MSE: 0.0629, r (test): 0.3275
Epoch: 36, Training Loss: 0.0311, Train MSE: 0.0311, r (train): 0.7610, Test MSE: 0.0681, r (test): 0.1474
Epoch: 37, Training Loss: 0.1406, Train MSE: 0.1406, r (train): 0.7543, Test MSE: 0.1589, r (test): 0.2506
Epoch: 38, Training Loss: 0.0505, Train MSE: 0.0505, r (train): 0.7336, Test MSE: 0.0787, r (test): 0.1991
Epoch: 39, Training Loss: 0.0603, Train MSE: 0.0603, r (train): 0.7251, Test MSE: 0.0733, r (test): 0.3262
Epoch: 40, Training Loss: 0.2343, Train MSE: 0.2343, r (train): 0.6475, Test MSE: 0.2368, r (test): 0.2533
Epoch: 41, Training Loss: 0.0814, Train MSE: 0.0814, r (train): 0.7067, Test MSE: 0.1062, r (test): 0.2500
Epoch: 42, Training Loss: 0.0441, Train MSE: 0.0441, r (train): 0.7506, Test MSE: 0.0724, r (test): 0.3098
Epoch: 43, Training Loss: 0.0393, Train MSE: 0.0393, r (train): 0.7397, Test MSE: 0.0641, r (test): 0.3054
Epoch: 44, Training Loss: 0.1166, Train MSE: 0.1166, r (train): 0.7874, Test MSE: 0.1362, r (test): 0.3214
Epoch: 45, Training Loss: 0.0369, Train MSE: 0.0369, r (train): 0.7351, Test MSE: 0.0610, r (test): 0.3216
Epoch: 46, Training Loss: 0.0328, Train MSE: 0.0328, r (train): 0.7462, Test MSE: 0.0569, r (test): 0.3518
Epoch: 47, Training Loss: 0.0470, Train MSE: 0.0470, r (train): 0.7551, Test MSE: 0.0723, r (test): 0.3591
Epoch: 48, Training Loss: 0.0349, Train MSE: 0.0349, r (train): 0.7562, Test MSE: 0.0602, r (test): 0.3459
Epoch: 49, Training Loss: 0.0405, Train MSE: 0.0405, r (train): 0.7526, Test MSE: 0.0629, r (test): 0.3709
Epoch: 50, Training Loss: 0.1370, Train MSE: 0.1370, r (train): 0.7653, Test MSE: 0.1463, r (test): 0.3546
Epoch: 51, Training Loss: 0.1299, Train MSE: 0.1299, r (train): 0.6618, Test MSE: 0.1466, r (test): 0.2893
Epoch: 52, Training Loss: 0.0786, Train MSE: 0.0786, r (train): 0.7261, Test MSE: 0.0987, r (test): 0.2880
Epoch: 53, Training Loss: 0.0464, Train MSE: 0.0464, r (train): 0.7627, Test MSE: 0.0729, r (test): 0.3142
Epoch: 54, Training Loss: 0.0910, Train MSE: 0.0910, r (train): 0.7648, Test MSE: 0.1030, r (test): 0.3618
Epoch: 55, Training Loss: 0.0344, Train MSE: 0.0344, r (train): 0.7403, Test MSE: 0.0587, r (test): 0.3220
Epoch: 56, Training Loss: 0.0319, Train MSE: 0.0319, r (train): 0.7547, Test MSE: 0.0561, r (test): 0.3659
Epoch: 57, Training Loss: 0.0433, Train MSE: 0.0433, r (train): 0.7610, Test MSE: 0.0672, r (test): 0.3766
Epoch: 58, Training Loss: 0.0325, Train MSE: 0.0325, r (train): 0.7558, Test MSE: 0.0567, r (test): 0.3638
Epoch: 59, Training Loss: 0.0337, Train MSE: 0.0337, r (train): 0.7486, Test MSE: 0.0582, r (test): 0.3307
Epoch: 60, Training Loss: 0.0476, Train MSE: 0.0476, r (train): 0.7538, Test MSE: 0.0715, r (test): 0.3245
Epoch: 61, Training Loss: 0.0336, Train MSE: 0.0336, r (train): 0.7582, Test MSE: 0.0584, r (test): 0.3588
Epoch: 62, Training Loss: 0.0330, Train MSE: 0.0330, r (train): 0.7620, Test MSE: 0.0592, r (test): 0.3398
Epoch: 63, Training Loss: 0.0341, Train MSE: 0.0341, r (train): 0.7515, Test MSE: 0.0587, r (test): 0.3492
Epoch: 64, Training Loss: 0.0400, Train MSE: 0.0400, r (train): 0.7222, Test MSE: 0.0595, r (test): 0.3302
Epoch: 65, Training Loss: 0.0371, Train MSE: 0.0371, r (train): 0.7473, Test MSE: 0.0632, r (test): 0.3157
Epoch: 66, Training Loss: 0.0398, Train MSE: 0.0398, r (train): 0.7728, Test MSE: 0.0687, r (test): 0.3341
Epoch: 67, Training Loss: 0.0579, Train MSE: 0.0579, r (train): 0.7318, Test MSE: 0.0805, r (test): 0.3587
Epoch: 68, Training Loss: 0.0358, Train MSE: 0.0358, r (train): 0.7375, Test MSE: 0.0607, r (test): 0.3137
Epoch: 69, Training Loss: 0.0724, Train MSE: 0.0724, r (train): 0.7694, Test MSE: 0.1014, r (test): 0.3174
Epoch: 70, Training Loss: 0.0324, Train MSE: 0.0324, r (train): 0.7662, Test MSE: 0.0562, r (test): 0.3803
Epoch: 71, Training Loss: 0.0366, Train MSE: 0.0366, r (train): 0.7496, Test MSE: 0.0605, r (test): 0.3468
Epoch: 72, Training Loss: 0.0321, Train MSE: 0.0321, r (train): 0.7720, Test MSE: 0.0587, r (test): 0.3573
Epoch: 73, Training Loss: 0.0309, Train MSE: 0.0309, r (train): 0.7782, Test MSE: 0.0566, r (test): 0.3686
Epoch: 74, Training Loss: 0.0309, Train MSE: 0.0309, r (train): 0.7667, Test MSE: 0.0572, r (test): 0.3494
Epoch: 75, Training Loss: 0.0297, Train MSE: 0.0297, r (train): 0.7760, Test MSE: 0.0569, r (test): 0.3536
Epoch: 76, Training Loss: 0.0309, Train MSE: 0.0309, r (train): 0.7734, Test MSE: 0.0561, r (test): 0.3714
Epoch: 77, Training Loss: 0.0329, Train MSE: 0.0329, r (train): 0.7638, Test MSE: 0.0581, r (test): 0.3610
Epoch: 78, Training Loss: 0.0316, Train MSE: 0.0316, r (train): 0.7726, Test MSE: 0.0582, r (test): 0.3594
Epoch: 79, Training Loss: 0.0304, Train MSE: 0.0304, r (train): 0.7742, Test MSE: 0.0566, r (test): 0.3596
Epoch: 80, Training Loss: 0.0310, Train MSE: 0.0310, r (train): 0.7720, Test MSE: 0.0572, r (test): 0.3567
Epoch: 81, Training Loss: 0.0310, Train MSE: 0.0310, r (train): 0.7696, Test MSE: 0.0566, r (test): 0.3636
Epoch: 82, Training Loss: 0.0322, Train MSE: 0.0322, r (train): 0.7688, Test MSE: 0.0577, r (test): 0.3675
Epoch: 83, Training Loss: 0.0311, Train MSE: 0.0311, r (train): 0.7709, Test MSE: 0.0575, r (test): 0.3594
Epoch: 84, Training Loss: 0.0302, Train MSE: 0.0302, r (train): 0.7755, Test MSE: 0.0570, r (test): 0.3542
Epoch: 85, Training Loss: 0.0313, Train MSE: 0.0313, r (train): 0.7723, Test MSE: 0.0572, r (test): 0.3597
Epoch: 86, Training Loss: 0.0322, Train MSE: 0.0322, r (train): 0.7645, Test MSE: 0.0571, r (test): 0.3633
Epoch: 87, Training Loss: 0.0332, Train MSE: 0.0332, r (train): 0.7675, Test MSE: 0.0589, r (test): 0.3646
Epoch: 88, Training Loss: 0.0306, Train MSE: 0.0306, r (train): 0.7730, Test MSE: 0.0571, r (test): 0.3607
Epoch: 89, Training Loss: 0.0310, Train MSE: 0.0310, r (train): 0.7747, Test MSE: 0.0572, r (test): 0.3574
Epoch: 90, Training Loss: 0.0313, Train MSE: 0.0313, r (train): 0.7704, Test MSE: 0.0573, r (test): 0.3578
Epoch: 91, Training Loss: 0.0322, Train MSE: 0.0322, r (train): 0.7647, Test MSE: 0.0567, r (test): 0.3676
Epoch: 92, Training Loss: 0.0368, Train MSE: 0.0368, r (train): 0.7599, Test MSE: 0.0615, r (test): 0.3667
Epoch: 93, Training Loss: 0.0322, Train MSE: 0.0322, r (train): 0.7704, Test MSE: 0.0588, r (test): 0.3565
Epoch: 94, Training Loss: 0.0317, Train MSE: 0.0317, r (train): 0.7767, Test MSE: 0.0579, r (test): 0.3571
Epoch: 95, Training Loss: 0.0330, Train MSE: 0.0330, r (train): 0.7682, Test MSE: 0.0582, r (test): 0.3594
Epoch: 96, Training Loss: 0.0342, Train MSE: 0.0342, r (train): 0.7569, Test MSE: 0.0577, r (test): 0.3656
Epoch: 97, Training Loss: 0.0343, Train MSE: 0.0343, r (train): 0.7615, Test MSE: 0.0587, r (test): 0.3705
Epoch: 98, Training Loss: 0.0355, Train MSE: 0.0355, r (train): 0.7681, Test MSE: 0.0617, r (test): 0.3658
Epoch: 99, Training Loss: 0.0304, Train MSE: 0.0304, r (train): 0.7774, Test MSE: 0.0565, r (test): 0.3663
Predicted tensors for training set: 
tensor([0.7976, 0.0774, 0.7010, 0.5938, 0.9572, 0.6937, 0.3085, 0.7156, 0.6637,
        0.5805, 0.1673, 0.9076, 0.6374, 0.4036, 0.5390, 0.6602, 0.6832, 0.2644,
        0.4615, 0.8464, 0.8638, 0.7911, 0.4490, 0.2172, 0.7142, 0.4355, 0.5447,
        0.3517, 0.7493, 0.4909, 0.3405, 0.6410, 0.7809, 0.6749, 0.0508, 0.7652,
        1.2505, 0.7047, 0.2901, 0.3225, 0.4356, 0.2735, 0.8361, 0.5388, 0.6382,
        0.9657, 0.5982, 0.6067, 0.6449, 0.5279, 0.5781, 0.4044, 0.5312, 0.7707,
        0.3726, 0.3832, 0.7016, 0.7458, 0.3292, 0.7825, 0.7031, 0.7918, 0.1351,
        0.8138, 1.0574, 0.6111, 0.5987, 0.1840, 0.7492, 0.5486, 0.9710, 0.3350])
Target tensorsfor training set: 
tensor([0.8988, 0.1218, 0.7507, 0.6671, 0.8453, 0.5779, 0.2464, 0.5719, 0.5564,
        0.4513, 0.0478, 0.7791, 0.8391, 0.5658, 0.7372, 0.8556, 0.3309, 0.0246,
        0.2169, 0.4818, 0.9127, 0.9072, 0.5300, 0.2649, 0.9656, 0.6595, 0.7144,
        0.4993, 0.9215, 0.6465, 0.4640, 0.7901, 0.9492, 0.8418, 0.1493, 0.9117,
        0.8561, 0.4373, 0.0981, 0.1055, 0.2916, 0.1295, 0.6846, 0.4036, 0.3174,
        0.5780, 0.2255, 0.2594, 0.6240, 0.5220, 0.6577, 0.4341, 0.6576, 0.9535,
        0.5187, 0.5023, 0.7950, 0.8411, 0.4149, 0.9150, 0.6199, 0.6992, 0.0389,
        0.7596, 0.8524, 0.4526, 0.4654, 0.0636, 0.7462, 0.5783, 0.9621, 0.3453])
Correlation for training set: 0.7773608722659837
Predicted tensors for test set: 
tensor([0.4860, 0.4019, 0.4720, 0.4006, 0.4925, 0.6773, 0.5350, 0.3343, 0.5278,
        0.7430, 0.6779, 0.5066, 0.3989, 0.4423, 0.5714, 0.4429, 0.5203, 0.6169])
Target tensorsfor test set: 
tensor([0.7125, 0.1360, 0.5102, 0.2394, 0.8363, 0.8728, 0.0763, 0.2271, 0.5178,
        0.5573, 0.7497, 0.4440, 0.7371, 0.7171, 0.1294, 0.3829, 0.3077, 0.7270])
Correlation for test set: 0.3663140660190787
18 5
Fold 5
Epoch: 00, Training Loss: 0.3267, Train MSE: 0.3267, r (train): -0.2387, Test MSE: 0.3714, r (test): -0.1113
Epoch: 01, Training Loss: 0.3182, Train MSE: 0.3182, r (train): -0.1963, Test MSE: 0.3621, r (test): -0.0866
Epoch: 02, Training Loss: 0.5071, Train MSE: 0.5071, r (train): 0.5710, Test MSE: 0.5688, r (test): 0.2141
Epoch: 03, Training Loss: 0.5045, Train MSE: 0.5045, r (train): 0.6278, Test MSE: 0.5695, r (test): 0.2728
Epoch: 04, Training Loss: 0.0506, Train MSE: 0.0506, r (train): 0.6603, Test MSE: 0.0879, r (test): 0.2277
Epoch: 05, Training Loss: 0.0353, Train MSE: 0.0353, r (train): 0.7244, Test MSE: 0.0637, r (test): 0.2962
Epoch: 06, Training Loss: 0.1566, Train MSE: 0.1566, r (train): 0.6561, Test MSE: 0.1612, r (test): 0.2128
Epoch: 07, Training Loss: 0.1190, Train MSE: 0.1190, r (train): 0.7155, Test MSE: 0.1624, r (test): 0.3354
Epoch: 08, Training Loss: 0.6294, Train MSE: 0.6294, r (train): 0.7391, Test MSE: 0.6183, r (test): 0.2011
Epoch: 09, Training Loss: 0.0433, Train MSE: 0.0433, r (train): 0.7437, Test MSE: 0.0732, r (test): 0.2310
Epoch: 10, Training Loss: 0.0390, Train MSE: 0.0390, r (train): 0.7455, Test MSE: 0.0840, r (test): 0.2253
Epoch: 11, Training Loss: 0.0484, Train MSE: 0.0484, r (train): 0.7249, Test MSE: 0.0752, r (test): 0.2758
Epoch: 12, Training Loss: 0.1250, Train MSE: 0.1250, r (train): 0.6726, Test MSE: 0.1961, r (test): 0.3273
Epoch: 13, Training Loss: 0.0411, Train MSE: 0.0411, r (train): 0.7189, Test MSE: 0.0864, r (test): 0.1675
Epoch: 14, Training Loss: 0.1007, Train MSE: 0.1007, r (train): 0.6462, Test MSE: 0.1509, r (test): 0.3565
Epoch: 15, Training Loss: 0.0414, Train MSE: 0.0414, r (train): 0.7198, Test MSE: 0.0653, r (test): 0.3219
Epoch: 16, Training Loss: 0.0506, Train MSE: 0.0506, r (train): 0.6763, Test MSE: 0.0905, r (test): 0.3060
Epoch: 17, Training Loss: 0.0568, Train MSE: 0.0568, r (train): 0.6404, Test MSE: 0.0987, r (test): 0.3842
Epoch: 18, Training Loss: 0.0773, Train MSE: 0.0773, r (train): 0.6573, Test MSE: 0.1255, r (test): 0.3212
Epoch: 19, Training Loss: 0.1032, Train MSE: 0.1032, r (train): 0.7250, Test MSE: 0.1206, r (test): 0.3197
Epoch: 20, Training Loss: 0.0598, Train MSE: 0.0598, r (train): 0.6722, Test MSE: 0.0998, r (test): 0.3475
Epoch: 21, Training Loss: 0.0747, Train MSE: 0.0747, r (train): 0.7300, Test MSE: 0.0949, r (test): 0.2344
Epoch: 22, Training Loss: 0.0361, Train MSE: 0.0361, r (train): 0.7443, Test MSE: 0.0797, r (test): 0.2888
Epoch: 23, Training Loss: 0.0325, Train MSE: 0.0325, r (train): 0.7534, Test MSE: 0.0799, r (test): 0.1883
Epoch: 24, Training Loss: 0.3639, Train MSE: 0.3639, r (train): 0.7511, Test MSE: 0.4099, r (test): 0.1787
Epoch: 25, Training Loss: 0.1513, Train MSE: 0.1513, r (train): 0.6266, Test MSE: 0.2281, r (test): 0.3510
Epoch: 26, Training Loss: 0.1087, Train MSE: 0.1087, r (train): 0.6763, Test MSE: 0.1391, r (test): 0.2361
Epoch: 27, Training Loss: 0.2433, Train MSE: 0.2433, r (train): 0.4235, Test MSE: 0.3030, r (test): 0.5334
Epoch: 28, Training Loss: 0.2495, Train MSE: 0.2495, r (train): 0.7050, Test MSE: 0.2790, r (test): 0.1941
Epoch: 29, Training Loss: 0.0402, Train MSE: 0.0402, r (train): 0.6923, Test MSE: 0.0706, r (test): 0.2780
Epoch: 30, Training Loss: 0.0349, Train MSE: 0.0349, r (train): 0.7395, Test MSE: 0.0734, r (test): 0.2500
Epoch: 31, Training Loss: 0.0346, Train MSE: 0.0346, r (train): 0.7453, Test MSE: 0.0726, r (test): 0.2646
Epoch: 32, Training Loss: 0.0774, Train MSE: 0.0774, r (train): 0.7001, Test MSE: 0.1419, r (test): 0.3483
Epoch: 33, Training Loss: 0.0371, Train MSE: 0.0371, r (train): 0.7389, Test MSE: 0.0738, r (test): 0.2979
Epoch: 34, Training Loss: 0.0502, Train MSE: 0.0502, r (train): 0.7255, Test MSE: 0.0827, r (test): 0.2921
Epoch: 35, Training Loss: 0.0373, Train MSE: 0.0373, r (train): 0.7498, Test MSE: 0.0722, r (test): 0.2814
Epoch: 36, Training Loss: 0.0815, Train MSE: 0.0815, r (train): 0.6375, Test MSE: 0.1494, r (test): 0.3855
Epoch: 37, Training Loss: 0.0383, Train MSE: 0.0383, r (train): 0.7333, Test MSE: 0.0833, r (test): 0.2650
Epoch: 38, Training Loss: 0.0373, Train MSE: 0.0373, r (train): 0.7334, Test MSE: 0.0693, r (test): 0.2988
Epoch: 39, Training Loss: 0.0356, Train MSE: 0.0356, r (train): 0.7390, Test MSE: 0.0699, r (test): 0.3131
Epoch: 40, Training Loss: 0.0353, Train MSE: 0.0353, r (train): 0.7333, Test MSE: 0.0713, r (test): 0.2953
Epoch: 41, Training Loss: 0.0442, Train MSE: 0.0442, r (train): 0.7412, Test MSE: 0.0793, r (test): 0.2724
Epoch: 42, Training Loss: 0.0525, Train MSE: 0.0525, r (train): 0.7118, Test MSE: 0.1011, r (test): 0.3537
Epoch: 43, Training Loss: 0.0842, Train MSE: 0.0842, r (train): 0.6587, Test MSE: 0.1521, r (test): 0.4216
Epoch: 44, Training Loss: 0.0337, Train MSE: 0.0337, r (train): 0.7392, Test MSE: 0.0666, r (test): 0.3089
Epoch: 45, Training Loss: 0.0882, Train MSE: 0.0882, r (train): 0.7291, Test MSE: 0.1206, r (test): 0.3003
Epoch: 46, Training Loss: 0.0418, Train MSE: 0.0418, r (train): 0.7198, Test MSE: 0.0823, r (test): 0.3379
Epoch: 47, Training Loss: 0.0511, Train MSE: 0.0511, r (train): 0.7015, Test MSE: 0.0991, r (test): 0.3459
Epoch: 48, Training Loss: 0.0433, Train MSE: 0.0433, r (train): 0.7358, Test MSE: 0.0875, r (test): 0.3195
Epoch: 49, Training Loss: 0.0359, Train MSE: 0.0359, r (train): 0.7386, Test MSE: 0.0714, r (test): 0.3219
Epoch: 50, Training Loss: 0.0354, Train MSE: 0.0354, r (train): 0.7433, Test MSE: 0.0671, r (test): 0.3124
Epoch: 51, Training Loss: 0.0626, Train MSE: 0.0626, r (train): 0.7354, Test MSE: 0.0975, r (test): 0.2899
Epoch: 52, Training Loss: 0.0400, Train MSE: 0.0400, r (train): 0.7270, Test MSE: 0.0784, r (test): 0.3253
Epoch: 53, Training Loss: 0.1258, Train MSE: 0.1258, r (train): 0.5876, Test MSE: 0.1957, r (test): 0.4684
Epoch: 54, Training Loss: 0.0356, Train MSE: 0.0356, r (train): 0.7385, Test MSE: 0.0717, r (test): 0.3307
Epoch: 55, Training Loss: 0.0839, Train MSE: 0.0839, r (train): 0.7352, Test MSE: 0.1159, r (test): 0.3063
Epoch: 56, Training Loss: 0.0351, Train MSE: 0.0351, r (train): 0.7429, Test MSE: 0.0698, r (test): 0.3177
Epoch: 57, Training Loss: 0.0408, Train MSE: 0.0408, r (train): 0.7223, Test MSE: 0.0820, r (test): 0.3239
Epoch: 58, Training Loss: 0.0491, Train MSE: 0.0491, r (train): 0.7363, Test MSE: 0.0972, r (test): 0.3452
Epoch: 59, Training Loss: 0.0409, Train MSE: 0.0409, r (train): 0.7301, Test MSE: 0.0803, r (test): 0.3499
Epoch: 60, Training Loss: 0.0350, Train MSE: 0.0350, r (train): 0.7487, Test MSE: 0.0741, r (test): 0.3428
Epoch: 61, Training Loss: 0.0841, Train MSE: 0.0841, r (train): 0.7235, Test MSE: 0.1182, r (test): 0.2922
Epoch: 62, Training Loss: 0.0334, Train MSE: 0.0334, r (train): 0.7552, Test MSE: 0.0669, r (test): 0.3101
Epoch: 63, Training Loss: 0.0823, Train MSE: 0.0823, r (train): 0.6533, Test MSE: 0.1414, r (test): 0.4013
Epoch: 64, Training Loss: 0.0921, Train MSE: 0.0921, r (train): 0.6642, Test MSE: 0.1560, r (test): 0.4426
Epoch: 65, Training Loss: 0.0476, Train MSE: 0.0476, r (train): 0.7357, Test MSE: 0.0767, r (test): 0.3150
Epoch: 66, Training Loss: 0.0418, Train MSE: 0.0418, r (train): 0.7624, Test MSE: 0.0739, r (test): 0.3091
Epoch: 67, Training Loss: 0.0360, Train MSE: 0.0360, r (train): 0.7424, Test MSE: 0.0697, r (test): 0.2961
Epoch: 68, Training Loss: 0.0349, Train MSE: 0.0349, r (train): 0.7501, Test MSE: 0.0735, r (test): 0.2937
Epoch: 69, Training Loss: 0.0365, Train MSE: 0.0365, r (train): 0.7423, Test MSE: 0.0702, r (test): 0.3495
Epoch: 70, Training Loss: 0.1223, Train MSE: 0.1223, r (train): 0.6243, Test MSE: 0.2020, r (test): 0.4709
Epoch: 71, Training Loss: 0.0522, Train MSE: 0.0522, r (train): 0.7420, Test MSE: 0.0814, r (test): 0.3070
Epoch: 72, Training Loss: 0.0384, Train MSE: 0.0384, r (train): 0.7645, Test MSE: 0.0689, r (test): 0.3159
Epoch: 73, Training Loss: 0.0891, Train MSE: 0.0891, r (train): 0.7508, Test MSE: 0.1316, r (test): 0.2706
Epoch: 74, Training Loss: 0.1424, Train MSE: 0.1424, r (train): 0.5788, Test MSE: 0.2204, r (test): 0.4747
Epoch: 75, Training Loss: 0.0521, Train MSE: 0.0521, r (train): 0.7341, Test MSE: 0.0926, r (test): 0.3659
Epoch: 76, Training Loss: 0.0385, Train MSE: 0.0385, r (train): 0.7350, Test MSE: 0.0755, r (test): 0.3969
Epoch: 77, Training Loss: 0.0408, Train MSE: 0.0408, r (train): 0.7692, Test MSE: 0.0773, r (test): 0.2848
Epoch: 78, Training Loss: 0.0417, Train MSE: 0.0417, r (train): 0.7701, Test MSE: 0.0741, r (test): 0.2940
Epoch: 79, Training Loss: 0.0319, Train MSE: 0.0319, r (train): 0.7653, Test MSE: 0.0719, r (test): 0.2847
Epoch: 80, Training Loss: 0.0333, Train MSE: 0.0333, r (train): 0.7567, Test MSE: 0.0696, r (test): 0.2859
Epoch: 81, Training Loss: 0.1090, Train MSE: 0.1090, r (train): 0.6712, Test MSE: 0.1950, r (test): 0.4304
Epoch: 82, Training Loss: 0.0330, Train MSE: 0.0330, r (train): 0.7541, Test MSE: 0.0650, r (test): 0.3133
Epoch: 83, Training Loss: 0.0368, Train MSE: 0.0368, r (train): 0.7657, Test MSE: 0.0671, r (test): 0.3141
Epoch: 84, Training Loss: 0.0381, Train MSE: 0.0381, r (train): 0.7459, Test MSE: 0.0820, r (test): 0.3506
Epoch: 85, Training Loss: 0.0374, Train MSE: 0.0374, r (train): 0.7434, Test MSE: 0.0777, r (test): 0.3170
Epoch: 86, Training Loss: 0.0517, Train MSE: 0.0517, r (train): 0.7469, Test MSE: 0.0969, r (test): 0.3460
Epoch: 87, Training Loss: 0.0375, Train MSE: 0.0375, r (train): 0.7376, Test MSE: 0.0641, r (test): 0.3422
Epoch: 88, Training Loss: 0.0890, Train MSE: 0.0890, r (train): 0.6662, Test MSE: 0.1580, r (test): 0.4435
Epoch: 89, Training Loss: 0.0664, Train MSE: 0.0664, r (train): 0.7582, Test MSE: 0.0991, r (test): 0.2776
Epoch: 90, Training Loss: 0.0295, Train MSE: 0.0295, r (train): 0.7820, Test MSE: 0.0654, r (test): 0.2912
Epoch: 91, Training Loss: 0.0348, Train MSE: 0.0348, r (train): 0.7669, Test MSE: 0.0679, r (test): 0.3168
Epoch: 92, Training Loss: 0.0706, Train MSE: 0.0706, r (train): 0.7203, Test MSE: 0.1401, r (test): 0.4083
Epoch: 93, Training Loss: 0.0331, Train MSE: 0.0331, r (train): 0.7585, Test MSE: 0.0702, r (test): 0.3282
Epoch: 94, Training Loss: 0.0318, Train MSE: 0.0318, r (train): 0.7631, Test MSE: 0.0618, r (test): 0.3354
Epoch: 95, Training Loss: 0.0335, Train MSE: 0.0335, r (train): 0.7512, Test MSE: 0.0675, r (test): 0.3536
Epoch: 96, Training Loss: 0.0378, Train MSE: 0.0378, r (train): 0.7515, Test MSE: 0.0839, r (test): 0.3160
Epoch: 97, Training Loss: 0.0305, Train MSE: 0.0305, r (train): 0.7683, Test MSE: 0.0652, r (test): 0.3034
Epoch: 98, Training Loss: 0.0359, Train MSE: 0.0359, r (train): 0.7564, Test MSE: 0.0720, r (test): 0.3356
Epoch: 99, Training Loss: 0.0330, Train MSE: 0.0330, r (train): 0.7551, Test MSE: 0.0673, r (test): 0.3470
Predicted tensors for training set: 
tensor([0.6620, 0.0625, 0.5749, 0.4605, 1.0712, 0.7403, 0.3634, 0.7292, 0.6399,
        0.5414, 0.1125, 0.9288, 0.5912, 0.3593, 0.4837, 0.6067, 0.6679, 0.1922,
        0.4406, 0.8682, 0.7543, 0.7418, 0.4066, 0.1641, 0.5879, 0.3802, 0.4449,
        0.2332, 0.7048, 0.4393, 0.2755, 0.5743, 0.8180, 0.7040, 0.0564, 0.7818,
        1.1381, 0.5496, 0.1563, 0.1656, 0.4653, 0.1779, 0.8851, 0.5544, 0.6196,
        0.8663, 0.5177, 0.5272, 0.5600, 0.4338, 0.5758, 0.3985, 0.5483, 0.8212,
        0.5980, 0.0923, 0.4196, 0.1680, 0.7266, 0.7354, 0.1678, 0.3156, 0.6476,
        0.6919, 0.6391, 0.3478, 0.6148, 0.5842, 0.2386, 0.5348, 0.4430, 0.9459])
Target tensorsfor training set: 
tensor([0.8988, 0.1218, 0.7507, 0.6671, 0.8453, 0.5779, 0.2464, 0.5719, 0.5564,
        0.4513, 0.0478, 0.7791, 0.8391, 0.5658, 0.7372, 0.8556, 0.3309, 0.0246,
        0.2169, 0.4818, 0.9127, 0.9072, 0.5300, 0.2649, 0.9656, 0.6595, 0.7144,
        0.4993, 0.9215, 0.6465, 0.4640, 0.7901, 0.9492, 0.8418, 0.1493, 0.9117,
        0.8561, 0.4373, 0.0981, 0.1055, 0.2916, 0.1295, 0.6846, 0.4036, 0.3174,
        0.5780, 0.2255, 0.2594, 0.6240, 0.5220, 0.6577, 0.4341, 0.6576, 0.9535,
        0.7125, 0.1360, 0.5102, 0.2394, 0.8363, 0.8728, 0.0763, 0.2271, 0.5178,
        0.5573, 0.7497, 0.4440, 0.7371, 0.7171, 0.1294, 0.3829, 0.3077, 0.7270])
Correlation for training set: 0.7551461000626738
Predicted tensors for test set: 
tensor([0.1399, 0.4168, 0.4077, 0.5554, 0.5801, 0.4653, 0.5812, 0.4711, 0.3372,
        0.7550, 0.4292, 0.5691, 0.5725, 0.4329, 0.6696, 0.7484, 0.7083, 0.4728])
Target tensorsfor test set: 
tensor([0.5187, 0.5023, 0.7950, 0.8411, 0.4149, 0.9150, 0.6199, 0.6992, 0.0389,
        0.7596, 0.8524, 0.4526, 0.4654, 0.0636, 0.7462, 0.5783, 0.9621, 0.3453])
Correlation for test set: 0.34703006929913316
Validation set predictions (100 folds): [tensor([0.6684, 0.4901, 0.6461, 0.3547, 0.4751, 0.4716, 0.3607, 0.7722, 0.4329,
        0.4379, 0.3760, 0.5032, 0.4962, 0.9244, 0.7176, 0.5173, 0.4164, 0.8806]), tensor([0.6540, 0.3457, 0.7075, 0.4024, 0.6772, 0.2931, 0.6382, 0.5487, 0.6191,
        0.4955, 0.5637, 0.7549, 0.7751, 0.6460, 0.3679, 0.7421, 0.5462, 0.7121]), tensor([0.6662, 0.7756, 0.5565, 0.5859, 0.4266, 0.2468, 0.3253, 0.7258, 0.6956,
        0.6603, 0.5463, 0.5761, 0.5946, 0.8365, 0.5048, 0.4762, 0.7041, 0.8804]), tensor([0.4860, 0.4019, 0.4720, 0.4006, 0.4925, 0.6773, 0.5350, 0.3343, 0.5278,
        0.7430, 0.6779, 0.5066, 0.3989, 0.4423, 0.5714, 0.4429, 0.5203, 0.6169]), tensor([0.1399, 0.4168, 0.4077, 0.5554, 0.5801, 0.4653, 0.5812, 0.4711, 0.3372,
        0.7550, 0.4292, 0.5691, 0.5725, 0.4329, 0.6696, 0.7484, 0.7083, 0.4728])]
Validation set targets (100 folds): [tensor([0.8988, 0.1218, 0.7507, 0.6671, 0.8453, 0.5779, 0.2464, 0.5719, 0.5564,
        0.4513, 0.0478, 0.7791, 0.8391, 0.5658, 0.7372, 0.8556, 0.3309, 0.0246]), tensor([0.2169, 0.4818, 0.9127, 0.9072, 0.5300, 0.2649, 0.9656, 0.6595, 0.7144,
        0.4993, 0.9215, 0.6465, 0.4640, 0.7901, 0.9492, 0.8418, 0.1493, 0.9117]), tensor([0.8561, 0.4373, 0.0981, 0.1055, 0.2916, 0.1295, 0.6846, 0.4036, 0.3174,
        0.5780, 0.2255, 0.2594, 0.6240, 0.5220, 0.6577, 0.4341, 0.6576, 0.9535]), tensor([0.7125, 0.1360, 0.5102, 0.2394, 0.8363, 0.8728, 0.0763, 0.2271, 0.5178,
        0.5573, 0.7497, 0.4440, 0.7371, 0.7171, 0.1294, 0.3829, 0.3077, 0.7270]), tensor([0.5187, 0.5023, 0.7950, 0.8411, 0.4149, 0.9150, 0.6199, 0.6992, 0.0389,
        0.7596, 0.8524, 0.4526, 0.4654, 0.0636, 0.7462, 0.5783, 0.9621, 0.3453])]
Time taken: 17616.246094703674 seconds
