DenseNet_whole_brain_08.py
90
Image shape: torch.Size([256, 256, 256])
Label: 0.259369175

Image shape: torch.Size([256, 256, 256])
Label: 0.845253622

Image shape: torch.Size([256, 256, 256])
Label: 0.518716963

Image shape: torch.Size([256, 256, 256])
Label: 0.684642475

Image shape: torch.Size([256, 256, 256])
Label: 0.949166278

Image shape: torch.Size([256, 256, 256])
Label: 0.098052496

Image shape: torch.Size([256, 256, 256])
Label: 0.382857646

Image shape: torch.Size([256, 256, 256])
Label: 0.437273408

Image shape: torch.Size([256, 256, 256])
Label: 0.246363884

Image shape: torch.Size([256, 256, 256])
Label: 0.330926406

Image shape: torch.Size([256, 256, 256])
Label: 0.907159832

Image shape: torch.Size([256, 256, 256])
Label: 0.790096101

Image shape: torch.Size([256, 256, 256])
Label: 0.024634435

Image shape: torch.Size([256, 256, 256])
Label: 0.717144575

Image shape: torch.Size([256, 256, 256])
Label: 0.46544507

Image shape: torch.Size([256, 256, 256])
Label: 0.794978716

Image shape: torch.Size([256, 256, 256])
Label: 0.737192172

Image shape: torch.Size([256, 256, 256])
Label: 0.578327051

Image shape: torch.Size([256, 256, 256])
Label: 0.699213269

Image shape: torch.Size([256, 256, 256])
Label: 0.962135747

Image shape: torch.Size([256, 256, 256])
Label: 0.038874365

Image shape: torch.Size([256, 256, 256])
Label: 0.714356234

Image shape: torch.Size([256, 256, 256])
Label: 0.31742745

Image shape: torch.Size([256, 256, 256])
Label: 0.136048492

Image shape: torch.Size([256, 256, 256])
Label: 0.852431609

Image shape: torch.Size([256, 256, 256])
Label: 0.063583908

Image shape: torch.Size([256, 256, 256])
Label: 0.517802514

Image shape: torch.Size([256, 256, 256])
Label: 0.129379513

Image shape: torch.Size([256, 256, 256])
Label: 0.047813956

Image shape: torch.Size([256, 256, 256])
Label: 0.291630426

Image shape: torch.Size([256, 256, 256])
Label: 0.43409457

Image shape: torch.Size([256, 256, 256])
Label: 0.463984431

Image shape: torch.Size([256, 256, 256])
Label: 0.667105602

Image shape: torch.Size([256, 256, 256])
Label: 0.227116465

Image shape: torch.Size([256, 256, 256])
Label: 0.749740575

Image shape: torch.Size([256, 256, 256])
Label: 0.746225617

Image shape: torch.Size([256, 256, 256])
Label: 0.34531344

Image shape: torch.Size([256, 256, 256])
Label: 0.414935686

Image shape: torch.Size([256, 256, 256])
Label: 0.91273199

Image shape: torch.Size([256, 256, 256])
Label: 0.92154251

Image shape: torch.Size([256, 256, 256])
Label: 0.502254367

Image shape: torch.Size([256, 256, 256])
Label: 0.076332172

Image shape: torch.Size([256, 256, 256])
Label: 0.841767741

Image shape: torch.Size([256, 256, 256])
Label: 0.759624831

Image shape: torch.Size([256, 256, 256])
Label: 0.55726975

Image shape: torch.Size([256, 256, 256])
Label: 0.444012353

Image shape: torch.Size([256, 256, 256])
Label: 0.225463904

Image shape: torch.Size([256, 256, 256])
Label: 0.657623403

Image shape: torch.Size([256, 256, 256])
Label: 0.239393515

Image shape: torch.Size([256, 256, 256])
Label: 0.619874898

Image shape: torch.Size([256, 256, 256])
Label: 0.565846925

Image shape: torch.Size([256, 256, 256])
Label: 0.836265129

Image shape: torch.Size([256, 256, 256])
Label: 0.953465465

Image shape: torch.Size([256, 256, 256])
Label: 0.105524477

Image shape: torch.Size([256, 256, 256])
Label: 0.577850585

Image shape: torch.Size([256, 256, 256])
Label: 0.48182514

Image shape: torch.Size([256, 256, 256])
Label: 0.779103135

Image shape: torch.Size([256, 256, 256])
Label: 0.856107326

Image shape: torch.Size([256, 256, 256])
Label: 0.965645278

Image shape: torch.Size([256, 256, 256])
Label: 0.898762669

Image shape: torch.Size([256, 256, 256])
Label: 0.841130428

Image shape: torch.Size([256, 256, 256])
Label: 0.499347098

Image shape: torch.Size([256, 256, 256])
Label: 0.712524369

Image shape: torch.Size([256, 256, 256])
Label: 0.727035333

Image shape: torch.Size([256, 256, 256])
Label: 0.571907479

Image shape: torch.Size([256, 256, 256])
Label: 0.659493008

Image shape: torch.Size([256, 256, 256])
Label: 0.855579732

Image shape: torch.Size([256, 256, 256])
Label: 0.451287356

Image shape: torch.Size([256, 256, 256])
Label: 0.911671093

Image shape: torch.Size([256, 256, 256])
Label: 0.129485328

Image shape: torch.Size([256, 256, 256])
Label: 0.510151238

Image shape: torch.Size([256, 256, 256])
Label: 0.91498566

Image shape: torch.Size([256, 256, 256])
Label: 0.522016133

Image shape: torch.Size([256, 256, 256])
Label: 0.216921218

Image shape: torch.Size([256, 256, 256])
Label: 0.623989995

Image shape: torch.Size([256, 256, 256])
Label: 0.872805901

Image shape: torch.Size([256, 256, 256])
Label: 0.452638778

Image shape: torch.Size([256, 256, 256])
Label: 0.657691961

Image shape: torch.Size([256, 256, 256])
Label: 0.750732335

Image shape: torch.Size([256, 256, 256])
Label: 0.839077585

Image shape: torch.Size([256, 256, 256])
Label: 0.403550924

Image shape: torch.Size([256, 256, 256])
Label: 0.121809436

Image shape: torch.Size([256, 256, 256])
Label: 0.737099236

Image shape: torch.Size([256, 256, 256])
Label: 0.14931566

Image shape: torch.Size([256, 256, 256])
Label: 0.307667842

Image shape: torch.Size([256, 256, 256])
Label: 0.646490545

Image shape: torch.Size([256, 256, 256])
Label: 0.57804499

Image shape: torch.Size([256, 256, 256])
Label: 0.529961465

Image shape: torch.Size([256, 256, 256])
Label: 0.55641775

Image shape: torch.Size([256, 256, 256])
Label: 0.26490909

18 5
Fold 1
Epoch: 00, Training Loss: 0.0722, Train MSE: 0.0722, r (train): -0.1540, Test MSE: 0.0740, r (test): -0.0635
Epoch: 01, Training Loss: 0.0699, Train MSE: 0.0699, r (train): 0.1818, Test MSE: 0.0759, r (test): -0.0308
Epoch: 02, Training Loss: 0.0687, Train MSE: 0.0687, r (train): 0.4061, Test MSE: 0.0861, r (test): -0.0118
Epoch: 03, Training Loss: 0.0526, Train MSE: 0.0526, r (train): 0.6067, Test MSE: 0.0810, r (test): 0.0338
Epoch: 04, Training Loss: 0.0520, Train MSE: 0.0520, r (train): 0.6605, Test MSE: 0.0950, r (test): 0.0189
Epoch: 05, Training Loss: 0.0606, Train MSE: 0.0606, r (train): 0.7491, Test MSE: 0.1120, r (test): -0.0113
Epoch: 06, Training Loss: 0.1036, Train MSE: 0.1036, r (train): 0.8047, Test MSE: 0.1680, r (test): -0.0315
Epoch: 07, Training Loss: 0.1800, Train MSE: 0.1800, r (train): 0.7503, Test MSE: 0.2652, r (test): -0.0693
Epoch: 08, Training Loss: 0.2135, Train MSE: 0.2135, r (train): 0.7044, Test MSE: 0.2916, r (test): -0.0432
Epoch: 09, Training Loss: 0.1031, Train MSE: 0.1031, r (train): 0.7590, Test MSE: 0.1953, r (test): -0.0043
Epoch: 10, Training Loss: 0.0833, Train MSE: 0.0833, r (train): 0.7513, Test MSE: 0.1807, r (test): 0.0213
Epoch: 11, Training Loss: 0.0468, Train MSE: 0.0468, r (train): 0.8504, Test MSE: 0.1334, r (test): 0.0378
Epoch: 12, Training Loss: 0.9115, Train MSE: 0.9115, r (train): 0.5777, Test MSE: 1.1024, r (test): -0.0543
Epoch: 13, Training Loss: 0.4300, Train MSE: 0.4300, r (train): 0.5785, Test MSE: 0.5590, r (test): 0.0466
Epoch: 14, Training Loss: 0.0290, Train MSE: 0.0290, r (train): 0.8225, Test MSE: 0.1148, r (test): -0.0109
Epoch: 15, Training Loss: 0.0507, Train MSE: 0.0507, r (train): 0.7797, Test MSE: 0.1801, r (test): 0.0682
Epoch: 16, Training Loss: 0.1181, Train MSE: 0.1181, r (train): 0.8205, Test MSE: 0.2067, r (test): 0.1508
Epoch: 17, Training Loss: 0.0299, Train MSE: 0.0299, r (train): 0.8172, Test MSE: 0.0986, r (test): 0.1213
Epoch: 18, Training Loss: 0.1178, Train MSE: 0.1178, r (train): 0.7462, Test MSE: 0.2225, r (test): 0.0338
Epoch: 19, Training Loss: 0.1581, Train MSE: 0.1581, r (train): 0.8795, Test MSE: 0.2518, r (test): 0.0536
Epoch: 20, Training Loss: 0.2464, Train MSE: 0.2464, r (train): 0.7753, Test MSE: 0.4180, r (test): 0.1002
Epoch: 21, Training Loss: 0.0483, Train MSE: 0.0483, r (train): 0.8583, Test MSE: 0.1356, r (test): 0.1281
Epoch: 22, Training Loss: 0.0763, Train MSE: 0.0763, r (train): 0.8640, Test MSE: 0.1511, r (test): 0.0739
Epoch: 23, Training Loss: 0.0214, Train MSE: 0.0214, r (train): 0.8600, Test MSE: 0.1334, r (test): 0.0622
Epoch: 24, Training Loss: 0.0334, Train MSE: 0.0334, r (train): 0.8817, Test MSE: 0.1328, r (test): 0.1106
Epoch: 25, Training Loss: 0.0285, Train MSE: 0.0285, r (train): 0.8923, Test MSE: 0.1161, r (test): 0.0615
Epoch: 26, Training Loss: 0.0258, Train MSE: 0.0258, r (train): 0.8795, Test MSE: 0.1421, r (test): 0.0708
Epoch: 27, Training Loss: 0.0733, Train MSE: 0.0733, r (train): 0.8604, Test MSE: 0.1677, r (test): 0.0957
Epoch: 28, Training Loss: 0.0162, Train MSE: 0.0162, r (train): 0.8939, Test MSE: 0.1191, r (test): 0.0598
Epoch: 29, Training Loss: 0.0183, Train MSE: 0.0183, r (train): 0.8829, Test MSE: 0.1201, r (test): 0.1052
Epoch: 30, Training Loss: 0.0658, Train MSE: 0.0658, r (train): 0.8819, Test MSE: 0.1590, r (test): 0.0704
Epoch: 31, Training Loss: 0.0225, Train MSE: 0.0225, r (train): 0.8964, Test MSE: 0.1252, r (test): 0.0758
Epoch: 32, Training Loss: 0.0146, Train MSE: 0.0146, r (train): 0.8960, Test MSE: 0.1167, r (test): 0.1109
Epoch: 33, Training Loss: 0.0353, Train MSE: 0.0353, r (train): 0.8926, Test MSE: 0.1232, r (test): 0.0777
Epoch: 34, Training Loss: 0.0365, Train MSE: 0.0365, r (train): 0.8960, Test MSE: 0.1391, r (test): 0.0610
Epoch: 35, Training Loss: 0.0316, Train MSE: 0.0316, r (train): 0.9022, Test MSE: 0.1382, r (test): 0.0934
Epoch: 36, Training Loss: 0.0218, Train MSE: 0.0218, r (train): 0.8829, Test MSE: 0.1055, r (test): 0.0925
Epoch: 37, Training Loss: 0.0216, Train MSE: 0.0216, r (train): 0.9039, Test MSE: 0.1304, r (test): 0.0338
Epoch: 38, Training Loss: 0.0173, Train MSE: 0.0173, r (train): 0.8985, Test MSE: 0.1209, r (test): 0.1153
Epoch: 39, Training Loss: 0.0177, Train MSE: 0.0177, r (train): 0.8741, Test MSE: 0.0976, r (test): 0.0961
Epoch: 40, Training Loss: 0.0121, Train MSE: 0.0121, r (train): 0.9138, Test MSE: 0.1224, r (test): 0.0433
Epoch: 41, Training Loss: 0.0158, Train MSE: 0.0158, r (train): 0.9003, Test MSE: 0.1127, r (test): 0.1186
Epoch: 42, Training Loss: 0.0159, Train MSE: 0.0159, r (train): 0.8872, Test MSE: 0.0983, r (test): 0.0989
Epoch: 43, Training Loss: 0.0130, Train MSE: 0.0130, r (train): 0.9080, Test MSE: 0.1192, r (test): 0.0609
Epoch: 44, Training Loss: 0.0175, Train MSE: 0.0175, r (train): 0.9007, Test MSE: 0.1127, r (test): 0.0995
Epoch: 45, Training Loss: 0.0138, Train MSE: 0.0138, r (train): 0.9029, Test MSE: 0.1022, r (test): 0.0963
Epoch: 46, Training Loss: 0.0139, Train MSE: 0.0139, r (train): 0.9099, Test MSE: 0.1125, r (test): 0.0645
Epoch: 47, Training Loss: 0.0168, Train MSE: 0.0168, r (train): 0.8801, Test MSE: 0.1046, r (test): 0.1072
Epoch: 48, Training Loss: 0.0171, Train MSE: 0.0171, r (train): 0.9029, Test MSE: 0.1258, r (test): 0.0793
Epoch: 49, Training Loss: 0.0290, Train MSE: 0.0290, r (train): 0.8828, Test MSE: 0.1135, r (test): 0.0958
Epoch: 50, Training Loss: 0.1332, Train MSE: 0.1332, r (train): 0.8112, Test MSE: 0.2259, r (test): 0.0518
Epoch: 51, Training Loss: 0.0383, Train MSE: 0.0383, r (train): 0.8699, Test MSE: 0.1628, r (test): 0.0914
Epoch: 52, Training Loss: 0.0223, Train MSE: 0.0223, r (train): 0.8768, Test MSE: 0.1041, r (test): 0.0941
Epoch: 53, Training Loss: 0.0664, Train MSE: 0.0664, r (train): 0.8701, Test MSE: 0.1542, r (test): 0.0680
Epoch: 54, Training Loss: 0.0180, Train MSE: 0.0180, r (train): 0.8996, Test MSE: 0.1192, r (test): 0.1060
Epoch: 55, Training Loss: 0.0193, Train MSE: 0.0193, r (train): 0.8986, Test MSE: 0.1139, r (test): 0.0919
Epoch: 56, Training Loss: 0.0626, Train MSE: 0.0626, r (train): 0.8754, Test MSE: 0.1472, r (test): 0.0590
Epoch: 57, Training Loss: 0.0228, Train MSE: 0.0228, r (train): 0.8925, Test MSE: 0.1331, r (test): 0.1067
Epoch: 58, Training Loss: 0.0333, Train MSE: 0.0333, r (train): 0.9053, Test MSE: 0.1283, r (test): 0.0766
Epoch: 59, Training Loss: 0.0184, Train MSE: 0.0184, r (train): 0.8962, Test MSE: 0.1065, r (test): 0.0736
Epoch: 60, Training Loss: 0.0235, Train MSE: 0.0235, r (train): 0.9084, Test MSE: 0.1302, r (test): 0.0732
Epoch: 61, Training Loss: 0.0528, Train MSE: 0.0528, r (train): 0.8656, Test MSE: 0.1411, r (test): 0.0767
Epoch: 62, Training Loss: 0.0201, Train MSE: 0.0201, r (train): 0.8891, Test MSE: 0.1142, r (test): 0.0543
Epoch: 63, Training Loss: 0.0818, Train MSE: 0.0818, r (train): 0.8517, Test MSE: 0.1837, r (test): 0.1344
Epoch: 64, Training Loss: 0.1798, Train MSE: 0.1798, r (train): 0.8650, Test MSE: 0.2769, r (test): 0.0662
Epoch: 65, Training Loss: 0.0380, Train MSE: 0.0380, r (train): 0.8486, Test MSE: 0.1227, r (test): 0.0920
Epoch: 66, Training Loss: 0.0148, Train MSE: 0.0148, r (train): 0.8976, Test MSE: 0.1183, r (test): 0.0480
Epoch: 67, Training Loss: 0.0181, Train MSE: 0.0181, r (train): 0.8675, Test MSE: 0.1020, r (test): 0.1153
Epoch: 68, Training Loss: 0.0195, Train MSE: 0.0195, r (train): 0.8827, Test MSE: 0.0994, r (test): 0.0709
Epoch: 69, Training Loss: 0.0128, Train MSE: 0.0128, r (train): 0.9125, Test MSE: 0.1145, r (test): 0.0911
Epoch: 70, Training Loss: 0.0518, Train MSE: 0.0518, r (train): 0.8929, Test MSE: 0.1435, r (test): 0.0941
Epoch: 71, Training Loss: 0.0189, Train MSE: 0.0189, r (train): 0.9022, Test MSE: 0.1174, r (test): 0.0729
Epoch: 72, Training Loss: 0.0146, Train MSE: 0.0146, r (train): 0.8975, Test MSE: 0.1049, r (test): 0.1078
Epoch: 73, Training Loss: 0.0244, Train MSE: 0.0244, r (train): 0.8723, Test MSE: 0.1077, r (test): 0.0852
Epoch: 74, Training Loss: 0.0225, Train MSE: 0.0225, r (train): 0.8944, Test MSE: 0.1347, r (test): 0.0332
Epoch: 75, Training Loss: 0.0213, Train MSE: 0.0213, r (train): 0.8869, Test MSE: 0.1317, r (test): 0.1267
Epoch: 76, Training Loss: 0.0471, Train MSE: 0.0471, r (train): 0.8480, Test MSE: 0.1185, r (test): 0.1306
Epoch: 77, Training Loss: 0.0147, Train MSE: 0.0147, r (train): 0.8962, Test MSE: 0.1150, r (test): 0.0389
Epoch: 78, Training Loss: 0.0182, Train MSE: 0.0182, r (train): 0.8914, Test MSE: 0.1071, r (test): 0.1118
Epoch: 79, Training Loss: 0.0611, Train MSE: 0.0611, r (train): 0.8793, Test MSE: 0.1417, r (test): 0.1065
Epoch: 80, Training Loss: 0.0435, Train MSE: 0.0435, r (train): 0.8950, Test MSE: 0.1581, r (test): 0.0889
Epoch: 81, Training Loss: 0.0346, Train MSE: 0.0346, r (train): 0.8825, Test MSE: 0.1197, r (test): 0.1077
Epoch: 82, Training Loss: 0.0163, Train MSE: 0.0163, r (train): 0.8883, Test MSE: 0.0971, r (test): 0.0924
Epoch: 83, Training Loss: 0.0225, Train MSE: 0.0225, r (train): 0.8822, Test MSE: 0.1222, r (test): 0.0523
Epoch: 84, Training Loss: 0.0470, Train MSE: 0.0470, r (train): 0.8851, Test MSE: 0.1461, r (test): 0.1091
Epoch: 85, Training Loss: 0.0318, Train MSE: 0.0318, r (train): 0.8609, Test MSE: 0.1200, r (test): 0.1191
Epoch: 86, Training Loss: 0.0171, Train MSE: 0.0171, r (train): 0.8957, Test MSE: 0.1030, r (test): 0.0674
Epoch: 87, Training Loss: 0.0373, Train MSE: 0.0373, r (train): 0.8750, Test MSE: 0.1231, r (test): 0.1101
Epoch: 88, Training Loss: 0.0254, Train MSE: 0.0254, r (train): 0.8871, Test MSE: 0.1367, r (test): 0.1143
Epoch: 89, Training Loss: 0.0177, Train MSE: 0.0177, r (train): 0.8863, Test MSE: 0.0994, r (test): 0.1273
Epoch: 90, Training Loss: 0.0151, Train MSE: 0.0151, r (train): 0.8997, Test MSE: 0.0954, r (test): 0.1103
Epoch: 91, Training Loss: 0.0255, Train MSE: 0.0255, r (train): 0.9061, Test MSE: 0.1191, r (test): 0.0370
Epoch: 92, Training Loss: 0.0179, Train MSE: 0.0179, r (train): 0.8760, Test MSE: 0.1063, r (test): 0.1230
Epoch: 93, Training Loss: 0.0511, Train MSE: 0.0511, r (train): 0.8801, Test MSE: 0.1551, r (test): 0.1007
Epoch: 94, Training Loss: 0.0440, Train MSE: 0.0440, r (train): 0.8957, Test MSE: 0.1368, r (test): 0.0590
Epoch: 95, Training Loss: 0.0236, Train MSE: 0.0236, r (train): 0.8751, Test MSE: 0.1057, r (test): 0.1425
Epoch: 96, Training Loss: 0.0394, Train MSE: 0.0394, r (train): 0.9107, Test MSE: 0.1381, r (test): 0.0794
Epoch: 97, Training Loss: 0.0188, Train MSE: 0.0188, r (train): 0.8913, Test MSE: 0.1035, r (test): 0.1271
Epoch: 98, Training Loss: 0.0181, Train MSE: 0.0181, r (train): 0.8997, Test MSE: 0.0997, r (test): 0.1123
Epoch: 99, Training Loss: 0.0277, Train MSE: 0.0277, r (train): 0.9054, Test MSE: 0.1227, r (test): 0.0496
Predicted tensors for training set: 
tensor([0.6508, 0.8851, 0.1857, 0.7435, 0.6703, 0.3900, 1.1579, 0.3445, 0.7495,
        0.3820, 0.3026, 0.5725, 0.6075, 0.6616, 0.8625, 0.4219, 0.9228, 0.9024,
        0.5280, 0.5700, 1.0016, 1.0660, 0.6674, 0.3338, 0.8738, 0.8357, 0.5563,
        0.5326, 0.3936, 0.8723, 0.5025, 0.8043, 0.7705, 0.9067, 1.0897, 0.3758,
        0.6369, 0.5719, 0.7931, 0.8458, 0.8319, 0.7095, 0.7372, 0.4567, 0.6351,
        0.6216, 0.6096, 0.5825, 0.8760, 0.5302, 0.9751, 0.2617, 0.8081, 1.0568,
        0.7802, 0.4803, 0.7097, 0.9358, 0.5397, 0.6815, 0.8429, 0.8792, 0.4989,
        0.2168, 0.8493, 0.3589, 0.4120, 0.7931, 0.7746, 0.6701, 0.7011, 0.4685])
Target tensorsfor training set: 
tensor([0.6992, 0.9621, 0.0389, 0.7144, 0.3174, 0.1360, 0.8524, 0.0636, 0.5178,
        0.1294, 0.0478, 0.2916, 0.4341, 0.4640, 0.6671, 0.2271, 0.7497, 0.7462,
        0.3453, 0.4149, 0.9127, 0.9215, 0.5023, 0.0763, 0.8418, 0.7596, 0.5573,
        0.4440, 0.2255, 0.6576, 0.2394, 0.6199, 0.5658, 0.8363, 0.9535, 0.1055,
        0.5779, 0.4818, 0.7791, 0.8561, 0.9656, 0.8988, 0.8411, 0.4993, 0.7125,
        0.7270, 0.5719, 0.6595, 0.8556, 0.4513, 0.9117, 0.1295, 0.5102, 0.9150,
        0.5220, 0.2169, 0.6240, 0.8728, 0.4526, 0.6577, 0.7507, 0.8391, 0.4036,
        0.1218, 0.7371, 0.1493, 0.3077, 0.6465, 0.5780, 0.5300, 0.5564, 0.2649])
Correlation for training set: 0.9054237013973966
Predicted tensors for test set: 
tensor([0.6748, 1.0308, 0.3508, 0.8800, 0.5816, 0.6349, 0.5962, 0.6292, 0.4301,
        0.4632, 0.2120, 0.7064, 0.8596, 0.4605, 0.6276, 0.9278, 0.7328, 0.8621])
Target tensorsfor test set: 
tensor([0.2594, 0.8453, 0.5187, 0.6846, 0.9492, 0.0981, 0.3829, 0.4373, 0.2464,
        0.3309, 0.9072, 0.7901, 0.0246, 0.7171, 0.4654, 0.7950, 0.7372, 0.5783])
Correlation for test set: 0.049562109136291985
18 5
Fold 2
Epoch: 00, Training Loss: 0.0731, Train MSE: 0.0731, r (train): 0.0662, Test MSE: 0.1305, r (test): 0.4470
Epoch: 01, Training Loss: 0.0800, Train MSE: 0.0800, r (train): 0.2224, Test MSE: 0.1366, r (test): 0.4119
Epoch: 02, Training Loss: 0.0642, Train MSE: 0.0642, r (train): 0.4115, Test MSE: 0.1149, r (test): 0.3798
Epoch: 03, Training Loss: 0.0942, Train MSE: 0.0942, r (train): 0.4453, Test MSE: 0.1683, r (test): 0.3038
Epoch: 04, Training Loss: 0.0559, Train MSE: 0.0559, r (train): 0.5954, Test MSE: 0.1249, r (test): 0.1477
Epoch: 05, Training Loss: 0.0859, Train MSE: 0.0859, r (train): 0.6618, Test MSE: 0.1865, r (test): 0.1415
Epoch: 06, Training Loss: 0.2216, Train MSE: 0.2216, r (train): 0.7245, Test MSE: 0.3662, r (test): 0.1694
Epoch: 07, Training Loss: 0.4147, Train MSE: 0.4147, r (train): 0.6807, Test MSE: 0.6367, r (test): -0.2952
Epoch: 08, Training Loss: 0.4394, Train MSE: 0.4394, r (train): 0.5472, Test MSE: 0.4623, r (test): 0.4043
Epoch: 09, Training Loss: 2.3436, Train MSE: 2.3436, r (train): 0.5421, Test MSE: 2.6545, r (test): -0.2943
Epoch: 10, Training Loss: 0.1578, Train MSE: 0.1578, r (train): 0.7115, Test MSE: 0.2871, r (test): 0.0441
Epoch: 11, Training Loss: 0.1920, Train MSE: 0.1920, r (train): 0.7080, Test MSE: 0.3193, r (test): 0.0919
Epoch: 12, Training Loss: 1.0483, Train MSE: 1.0483, r (train): 0.6683, Test MSE: 1.2804, r (test): -0.3945
Epoch: 13, Training Loss: 0.1015, Train MSE: 0.1015, r (train): 0.6435, Test MSE: 0.1396, r (test): 0.0005
Epoch: 14, Training Loss: 0.4280, Train MSE: 0.4280, r (train): 0.6192, Test MSE: 0.3591, r (test): 0.0112
Epoch: 15, Training Loss: 0.0812, Train MSE: 0.0812, r (train): 0.6624, Test MSE: 0.1931, r (test): 0.2337
Epoch: 16, Training Loss: 0.0378, Train MSE: 0.0378, r (train): 0.7803, Test MSE: 0.1164, r (test): 0.2836
Epoch: 17, Training Loss: 0.3731, Train MSE: 0.3731, r (train): 0.7462, Test MSE: 0.5343, r (test): 0.0415
Epoch: 18, Training Loss: 0.0262, Train MSE: 0.0262, r (train): 0.7860, Test MSE: 0.1338, r (test): -0.4641
Epoch: 19, Training Loss: 0.0261, Train MSE: 0.0261, r (train): 0.8067, Test MSE: 0.1180, r (test): 0.1464
Epoch: 20, Training Loss: 0.0323, Train MSE: 0.0323, r (train): 0.8005, Test MSE: 0.1029, r (test): 0.3380
Epoch: 21, Training Loss: 0.0196, Train MSE: 0.0196, r (train): 0.8374, Test MSE: 0.1228, r (test): -0.1366
Epoch: 22, Training Loss: 0.0269, Train MSE: 0.0269, r (train): 0.8493, Test MSE: 0.0985, r (test): 0.1270
Epoch: 23, Training Loss: 0.1789, Train MSE: 0.1789, r (train): 0.8398, Test MSE: 0.3063, r (test): 0.2464
Epoch: 24, Training Loss: 0.0249, Train MSE: 0.0249, r (train): 0.8565, Test MSE: 0.1029, r (test): -0.0220
Epoch: 25, Training Loss: 0.0193, Train MSE: 0.0193, r (train): 0.8569, Test MSE: 0.0942, r (test): 0.2518
Epoch: 26, Training Loss: 0.0175, Train MSE: 0.0175, r (train): 0.8623, Test MSE: 0.1129, r (test): 0.0224
Epoch: 27, Training Loss: 0.0295, Train MSE: 0.0295, r (train): 0.8907, Test MSE: 0.1330, r (test): 0.1762
Epoch: 28, Training Loss: 0.0330, Train MSE: 0.0330, r (train): 0.8435, Test MSE: 0.0988, r (test): 0.2022
Epoch: 29, Training Loss: 0.0260, Train MSE: 0.0260, r (train): 0.8580, Test MSE: 0.0960, r (test): 0.0881
Epoch: 30, Training Loss: 0.0959, Train MSE: 0.0959, r (train): 0.8571, Test MSE: 0.2299, r (test): 0.0359
Epoch: 31, Training Loss: 0.0203, Train MSE: 0.0203, r (train): 0.8599, Test MSE: 0.0984, r (test): 0.1800
Epoch: 32, Training Loss: 0.0675, Train MSE: 0.0675, r (train): 0.8020, Test MSE: 0.1044, r (test): 0.2294
Epoch: 33, Training Loss: 0.1322, Train MSE: 0.1322, r (train): 0.7992, Test MSE: 0.2811, r (test): -0.0685
Epoch: 34, Training Loss: 0.0199, Train MSE: 0.0199, r (train): 0.8611, Test MSE: 0.0964, r (test): 0.1744
Epoch: 35, Training Loss: 0.0512, Train MSE: 0.0512, r (train): 0.8333, Test MSE: 0.0997, r (test): 0.2167
Epoch: 36, Training Loss: 0.1181, Train MSE: 0.1181, r (train): 0.8286, Test MSE: 0.2576, r (test): 0.0132
Epoch: 37, Training Loss: 0.1048, Train MSE: 0.1048, r (train): 0.7906, Test MSE: 0.1387, r (test): 0.1404
Epoch: 38, Training Loss: 0.0688, Train MSE: 0.0688, r (train): 0.8512, Test MSE: 0.1819, r (test): 0.1286
Epoch: 39, Training Loss: 0.0449, Train MSE: 0.0449, r (train): 0.8823, Test MSE: 0.1562, r (test): 0.1844
Epoch: 40, Training Loss: 0.1024, Train MSE: 0.1024, r (train): 0.8177, Test MSE: 0.1363, r (test): 0.0956
Epoch: 41, Training Loss: 0.1130, Train MSE: 0.1130, r (train): 0.8514, Test MSE: 0.2411, r (test): 0.0879
Epoch: 42, Training Loss: 0.0478, Train MSE: 0.0478, r (train): 0.8371, Test MSE: 0.0990, r (test): 0.1601
Epoch: 43, Training Loss: 0.0229, Train MSE: 0.0229, r (train): 0.8662, Test MSE: 0.1186, r (test): 0.1281
Epoch: 44, Training Loss: 0.0152, Train MSE: 0.0152, r (train): 0.8771, Test MSE: 0.1032, r (test): 0.0933
Epoch: 45, Training Loss: 0.0159, Train MSE: 0.0159, r (train): 0.8755, Test MSE: 0.0950, r (test): 0.1678
Epoch: 46, Training Loss: 0.0170, Train MSE: 0.0170, r (train): 0.8771, Test MSE: 0.1122, r (test): 0.0824
Epoch: 47, Training Loss: 0.0292, Train MSE: 0.0292, r (train): 0.8632, Test MSE: 0.0938, r (test): 0.1410
Epoch: 48, Training Loss: 0.0269, Train MSE: 0.0269, r (train): 0.8774, Test MSE: 0.1283, r (test): 0.1469
Epoch: 49, Training Loss: 0.0412, Train MSE: 0.0412, r (train): 0.8579, Test MSE: 0.1055, r (test): 0.0569
Epoch: 50, Training Loss: 0.0225, Train MSE: 0.0225, r (train): 0.8808, Test MSE: 0.1204, r (test): 0.1659
Epoch: 51, Training Loss: 0.0154, Train MSE: 0.0154, r (train): 0.8809, Test MSE: 0.1087, r (test): 0.0942
Epoch: 52, Training Loss: 0.0214, Train MSE: 0.0214, r (train): 0.8653, Test MSE: 0.0984, r (test): 0.1112
Epoch: 53, Training Loss: 0.0173, Train MSE: 0.0173, r (train): 0.8855, Test MSE: 0.1123, r (test): 0.1475
Epoch: 54, Training Loss: 0.0147, Train MSE: 0.0147, r (train): 0.8825, Test MSE: 0.1053, r (test): 0.0950
Epoch: 55, Training Loss: 0.0178, Train MSE: 0.0178, r (train): 0.8727, Test MSE: 0.1049, r (test): 0.1687
Epoch: 56, Training Loss: 0.0185, Train MSE: 0.0185, r (train): 0.8776, Test MSE: 0.0960, r (test): 0.1061
Epoch: 57, Training Loss: 0.0192, Train MSE: 0.0192, r (train): 0.8891, Test MSE: 0.1167, r (test): 0.1385
Epoch: 58, Training Loss: 0.0187, Train MSE: 0.0187, r (train): 0.8615, Test MSE: 0.0972, r (test): 0.1685
Epoch: 59, Training Loss: 0.0181, Train MSE: 0.0181, r (train): 0.8773, Test MSE: 0.0971, r (test): 0.0924
Epoch: 60, Training Loss: 0.0177, Train MSE: 0.0177, r (train): 0.8799, Test MSE: 0.1083, r (test): 0.1858
Epoch: 61, Training Loss: 0.0265, Train MSE: 0.0265, r (train): 0.8481, Test MSE: 0.0909, r (test): 0.1857
Epoch: 62, Training Loss: 0.0252, Train MSE: 0.0252, r (train): 0.8615, Test MSE: 0.1294, r (test): 0.0421
Epoch: 63, Training Loss: 0.0186, Train MSE: 0.0186, r (train): 0.8664, Test MSE: 0.1056, r (test): 0.2220
Epoch: 64, Training Loss: 0.0202, Train MSE: 0.0202, r (train): 0.8476, Test MSE: 0.0917, r (test): 0.2014
Epoch: 65, Training Loss: 0.0368, Train MSE: 0.0368, r (train): 0.8493, Test MSE: 0.1532, r (test): -0.0486
Epoch: 66, Training Loss: 0.0389, Train MSE: 0.0389, r (train): 0.8347, Test MSE: 0.0987, r (test): 0.1910
Epoch: 67, Training Loss: 0.0228, Train MSE: 0.0228, r (train): 0.8436, Test MSE: 0.1064, r (test): 0.2310
Epoch: 68, Training Loss: 0.0465, Train MSE: 0.0465, r (train): 0.8575, Test MSE: 0.1673, r (test): -0.0439
Epoch: 69, Training Loss: 0.0602, Train MSE: 0.0602, r (train): 0.8318, Test MSE: 0.1069, r (test): 0.1638
Epoch: 70, Training Loss: 0.0841, Train MSE: 0.0841, r (train): 0.8526, Test MSE: 0.1990, r (test): 0.1493
Epoch: 71, Training Loss: 0.0168, Train MSE: 0.0168, r (train): 0.8656, Test MSE: 0.0956, r (test): 0.1494
Epoch: 72, Training Loss: 0.0181, Train MSE: 0.0181, r (train): 0.8586, Test MSE: 0.0966, r (test): 0.1364
Epoch: 73, Training Loss: 0.0671, Train MSE: 0.0671, r (train): 0.8594, Test MSE: 0.1830, r (test): 0.1229
Epoch: 74, Training Loss: 0.0493, Train MSE: 0.0493, r (train): 0.8265, Test MSE: 0.1025, r (test): 0.0932
Epoch: 75, Training Loss: 0.0276, Train MSE: 0.0276, r (train): 0.8503, Test MSE: 0.1139, r (test): 0.2467
Epoch: 76, Training Loss: 0.0243, Train MSE: 0.0243, r (train): 0.8598, Test MSE: 0.1281, r (test): 0.0456
Epoch: 77, Training Loss: 0.0575, Train MSE: 0.0575, r (train): 0.8109, Test MSE: 0.1021, r (test): 0.1229
Epoch: 78, Training Loss: 0.0347, Train MSE: 0.0347, r (train): 0.8261, Test MSE: 0.1174, r (test): 0.3180
Epoch: 79, Training Loss: 0.1150, Train MSE: 0.1150, r (train): 0.8314, Test MSE: 0.2471, r (test): 0.0888
Epoch: 80, Training Loss: 0.2613, Train MSE: 0.2613, r (train): 0.7590, Test MSE: 0.2491, r (test): 0.0824
Epoch: 81, Training Loss: 0.0672, Train MSE: 0.0672, r (train): 0.8073, Test MSE: 0.1666, r (test): 0.2447
Epoch: 82, Training Loss: 0.0540, Train MSE: 0.0540, r (train): 0.8202, Test MSE: 0.1747, r (test): -0.1014
Epoch: 83, Training Loss: 0.0395, Train MSE: 0.0395, r (train): 0.8355, Test MSE: 0.0985, r (test): 0.1171
Epoch: 84, Training Loss: 0.0629, Train MSE: 0.0629, r (train): 0.8169, Test MSE: 0.1609, r (test): 0.1815
Epoch: 85, Training Loss: 0.0436, Train MSE: 0.0436, r (train): 0.8372, Test MSE: 0.1012, r (test): 0.0664
Epoch: 86, Training Loss: 0.0334, Train MSE: 0.0334, r (train): 0.8596, Test MSE: 0.1354, r (test): 0.1367
Epoch: 87, Training Loss: 0.0209, Train MSE: 0.0209, r (train): 0.8609, Test MSE: 0.1152, r (test): 0.1094
Epoch: 88, Training Loss: 0.0199, Train MSE: 0.0199, r (train): 0.8492, Test MSE: 0.0952, r (test): 0.1322
Epoch: 89, Training Loss: 0.0219, Train MSE: 0.0219, r (train): 0.8583, Test MSE: 0.1173, r (test): 0.1073
Epoch: 90, Training Loss: 0.0189, Train MSE: 0.0189, r (train): 0.8482, Test MSE: 0.1020, r (test): 0.0858
Epoch: 91, Training Loss: 0.0515, Train MSE: 0.0515, r (train): 0.8190, Test MSE: 0.0970, r (test): 0.1810
Epoch: 92, Training Loss: 0.0895, Train MSE: 0.0895, r (train): 0.8331, Test MSE: 0.2057, r (test): 0.1742
Epoch: 93, Training Loss: 0.0230, Train MSE: 0.0230, r (train): 0.8261, Test MSE: 0.1186, r (test): -0.0224
Epoch: 94, Training Loss: 0.1598, Train MSE: 0.1598, r (train): 0.8042, Test MSE: 0.1729, r (test): 0.2180
Epoch: 95, Training Loss: 0.0707, Train MSE: 0.0707, r (train): 0.8236, Test MSE: 0.1753, r (test): 0.1975
Epoch: 96, Training Loss: 0.0200, Train MSE: 0.0200, r (train): 0.8404, Test MSE: 0.1132, r (test): -0.0379
Epoch: 97, Training Loss: 0.0238, Train MSE: 0.0238, r (train): 0.8483, Test MSE: 0.0868, r (test): 0.2470
Epoch: 98, Training Loss: 0.0266, Train MSE: 0.0266, r (train): 0.8400, Test MSE: 0.1265, r (test): 0.0302
Epoch: 99, Training Loss: 0.0315, Train MSE: 0.0315, r (train): 0.8398, Test MSE: 0.0928, r (test): 0.1762
Predicted tensors for training set: 
tensor([ 0.2346,  0.7167,  0.3876,  0.5461,  0.8511,  0.1996,  0.3404,  0.4627,
        -0.0047,  0.0552,  0.6414,  0.5167, -0.0154,  0.6743,  0.4855,  0.7884,
         0.7242,  0.5356,  0.3513,  0.3812,  0.8176,  0.7636,  0.5057,  0.2031,
         0.6396,  0.5645,  0.4296,  0.2478,  0.2773,  0.7235,  0.3236,  0.6966,
         0.4462,  0.7583,  0.7945, -0.0887,  0.3459,  0.1970,  0.5379,  0.6367,
         0.4505,  0.5696,  0.3828,  0.0322,  0.4017,  0.5081,  0.2487,  0.4313,
         0.7099,  0.3655,  0.7514,  0.0905,  0.5892,  0.9202,  0.5965,  0.3885,
         0.4622,  0.6435,  0.2884,  0.4865,  0.7278,  0.7785,  0.4260,  0.1290,
         0.6335,  0.0975,  0.2510,  0.5439,  0.5425,  0.5071,  0.5544,  0.2646])
Target tensorsfor training set: 
tensor([0.2594, 0.8453, 0.5187, 0.6846, 0.9492, 0.0981, 0.3829, 0.4373, 0.2464,
        0.3309, 0.9072, 0.7901, 0.0246, 0.7171, 0.4654, 0.7950, 0.7372, 0.5783,
        0.3453, 0.4149, 0.9127, 0.9215, 0.5023, 0.0763, 0.8418, 0.7596, 0.5573,
        0.4440, 0.2255, 0.6576, 0.2394, 0.6199, 0.5658, 0.8363, 0.9535, 0.1055,
        0.5779, 0.4818, 0.7791, 0.8561, 0.9656, 0.8988, 0.8411, 0.4993, 0.7125,
        0.7270, 0.5719, 0.6595, 0.8556, 0.4513, 0.9117, 0.1295, 0.5102, 0.9150,
        0.5220, 0.2169, 0.6240, 0.8728, 0.4526, 0.6577, 0.7507, 0.8391, 0.4036,
        0.1218, 0.7371, 0.1493, 0.3077, 0.6465, 0.5780, 0.5300, 0.5564, 0.2649])
Correlation for training set: 0.8397663211324108
Predicted tensors for test set: 
tensor([0.5376, 0.3658, 0.3438, 0.3196, 0.5336, 0.6488, 0.6071, 0.3146, 0.4551,
        0.3859, 0.1345, 0.2992, 0.2658, 0.6268, 0.2795, 0.6104, 0.4665, 0.4339])
Target tensorsfor test set: 
tensor([0.6992, 0.9621, 0.0389, 0.7144, 0.3174, 0.1360, 0.8524, 0.0636, 0.5178,
        0.1294, 0.0478, 0.2916, 0.4341, 0.4640, 0.6671, 0.2271, 0.7497, 0.7462])
Correlation for test set: 0.17619953655435514
18 5
Fold 3
Epoch: 00, Training Loss: 0.0827, Train MSE: 0.0827, r (train): 0.1947, Test MSE: 0.0869, r (test): -0.3393
Epoch: 01, Training Loss: 0.1564, Train MSE: 0.1564, r (train): 0.2950, Test MSE: 0.1729, r (test): -0.1080
Epoch: 02, Training Loss: 0.0584, Train MSE: 0.0584, r (train): 0.4620, Test MSE: 0.0691, r (test): 0.3091
Epoch: 03, Training Loss: 0.0637, Train MSE: 0.0637, r (train): 0.5836, Test MSE: 0.0870, r (test): 0.1171
Epoch: 04, Training Loss: 0.0951, Train MSE: 0.0951, r (train): 0.3673, Test MSE: 0.1232, r (test): -0.1641
Epoch: 05, Training Loss: 0.0677, Train MSE: 0.0677, r (train): 0.4916, Test MSE: 0.1016, r (test): -0.0989
Epoch: 06, Training Loss: 0.0436, Train MSE: 0.0436, r (train): 0.7592, Test MSE: 0.0913, r (test): 0.0929
Epoch: 07, Training Loss: 0.0751, Train MSE: 0.0751, r (train): 0.4453, Test MSE: 0.1120, r (test): -0.1625
Epoch: 08, Training Loss: 0.0630, Train MSE: 0.0630, r (train): 0.6076, Test MSE: 0.1243, r (test): -0.0762
Epoch: 09, Training Loss: 0.0600, Train MSE: 0.0600, r (train): 0.7063, Test MSE: 0.1223, r (test): 0.0456
Epoch: 10, Training Loss: 0.3763, Train MSE: 0.3763, r (train): 0.2052, Test MSE: 0.3835, r (test): -0.1448
Epoch: 11, Training Loss: 0.1206, Train MSE: 0.1206, r (train): 0.3523, Test MSE: 0.1514, r (test): -0.1241
Epoch: 12, Training Loss: 0.4374, Train MSE: 0.4374, r (train): 0.3117, Test MSE: 0.4577, r (test): -0.1010
Epoch: 13, Training Loss: 0.0348, Train MSE: 0.0348, r (train): 0.7290, Test MSE: 0.0761, r (test): 0.1596
Epoch: 14, Training Loss: 0.4229, Train MSE: 0.4229, r (train): 0.4815, Test MSE: 0.4896, r (test): -0.0329
Epoch: 15, Training Loss: 0.7919, Train MSE: 0.7919, r (train): 0.4508, Test MSE: 0.8852, r (test): -0.0239
Epoch: 16, Training Loss: 0.1174, Train MSE: 0.1174, r (train): 0.7857, Test MSE: 0.1851, r (test): 0.1551
Epoch: 17, Training Loss: 0.2170, Train MSE: 0.2170, r (train): 0.5984, Test MSE: 0.2068, r (test): 0.3165
Epoch: 18, Training Loss: 0.1264, Train MSE: 0.1264, r (train): 0.7518, Test MSE: 0.2131, r (test): 0.2811
Epoch: 19, Training Loss: 0.0306, Train MSE: 0.0306, r (train): 0.8167, Test MSE: 0.1039, r (test): 0.1585
Epoch: 20, Training Loss: 0.0307, Train MSE: 0.0307, r (train): 0.7576, Test MSE: 0.0862, r (test): 0.0610
Epoch: 21, Training Loss: 0.0622, Train MSE: 0.0622, r (train): 0.8291, Test MSE: 0.0999, r (test): 0.2584
Epoch: 22, Training Loss: 0.1010, Train MSE: 0.1010, r (train): 0.7954, Test MSE: 0.2072, r (test): 0.2304
Epoch: 23, Training Loss: 0.0853, Train MSE: 0.0853, r (train): 0.7964, Test MSE: 0.1168, r (test): 0.1741
Epoch: 24, Training Loss: 0.0828, Train MSE: 0.0828, r (train): 0.7885, Test MSE: 0.1661, r (test): 0.0331
Epoch: 25, Training Loss: 0.0410, Train MSE: 0.0410, r (train): 0.8512, Test MSE: 0.0823, r (test): 0.2644
Epoch: 26, Training Loss: 0.0270, Train MSE: 0.0270, r (train): 0.8097, Test MSE: 0.0906, r (test): 0.2385
Epoch: 27, Training Loss: 0.0290, Train MSE: 0.0290, r (train): 0.7732, Test MSE: 0.0854, r (test): 0.0913
Epoch: 28, Training Loss: 0.0586, Train MSE: 0.0586, r (train): 0.8448, Test MSE: 0.1410, r (test): 0.1484
Epoch: 29, Training Loss: 0.1292, Train MSE: 0.1292, r (train): 0.8039, Test MSE: 0.1506, r (test): 0.2766
Epoch: 30, Training Loss: 0.0724, Train MSE: 0.0724, r (train): 0.8096, Test MSE: 0.1556, r (test): 0.0855
Epoch: 31, Training Loss: 0.0256, Train MSE: 0.0256, r (train): 0.8442, Test MSE: 0.0902, r (test): 0.2020
Epoch: 32, Training Loss: 0.1807, Train MSE: 0.1807, r (train): 0.7917, Test MSE: 0.1965, r (test): 0.2747
Epoch: 33, Training Loss: 0.1185, Train MSE: 0.1185, r (train): 0.7910, Test MSE: 0.2135, r (test): 0.0709
Epoch: 34, Training Loss: 0.0245, Train MSE: 0.0245, r (train): 0.8528, Test MSE: 0.0912, r (test): 0.2205
Epoch: 35, Training Loss: 0.1958, Train MSE: 0.1958, r (train): 0.7780, Test MSE: 0.2141, r (test): 0.2631
Epoch: 36, Training Loss: 0.1307, Train MSE: 0.1307, r (train): 0.7524, Test MSE: 0.2243, r (test): 0.0072
Epoch: 37, Training Loss: 0.0284, Train MSE: 0.0284, r (train): 0.8351, Test MSE: 0.0742, r (test): 0.2606
Epoch: 38, Training Loss: 0.1208, Train MSE: 0.1208, r (train): 0.7684, Test MSE: 0.1493, r (test): 0.2359
Epoch: 39, Training Loss: 0.1630, Train MSE: 0.1630, r (train): 0.7538, Test MSE: 0.2654, r (test): 0.0411
Epoch: 40, Training Loss: 0.0500, Train MSE: 0.0500, r (train): 0.8128, Test MSE: 0.0868, r (test): 0.2306
Epoch: 41, Training Loss: 0.0452, Train MSE: 0.0452, r (train): 0.7882, Test MSE: 0.0880, r (test): 0.1568
Epoch: 42, Training Loss: 0.0802, Train MSE: 0.0802, r (train): 0.8076, Test MSE: 0.1651, r (test): 0.0779
Epoch: 43, Training Loss: 0.1121, Train MSE: 0.1121, r (train): 0.8076, Test MSE: 0.1394, r (test): 0.2211
Epoch: 44, Training Loss: 0.0672, Train MSE: 0.0672, r (train): 0.7964, Test MSE: 0.1480, r (test): 0.0970
Epoch: 45, Training Loss: 0.0242, Train MSE: 0.0242, r (train): 0.8249, Test MSE: 0.0839, r (test): 0.1825
Epoch: 46, Training Loss: 0.0691, Train MSE: 0.0691, r (train): 0.8135, Test MSE: 0.1065, r (test): 0.2007
Epoch: 47, Training Loss: 0.0926, Train MSE: 0.0926, r (train): 0.7960, Test MSE: 0.1880, r (test): 0.0908
Epoch: 48, Training Loss: 0.0389, Train MSE: 0.0389, r (train): 0.8088, Test MSE: 0.0808, r (test): 0.1963
Epoch: 49, Training Loss: 0.0363, Train MSE: 0.0363, r (train): 0.7887, Test MSE: 0.1051, r (test): 0.0161
Epoch: 50, Training Loss: 0.0412, Train MSE: 0.0412, r (train): 0.8369, Test MSE: 0.0860, r (test): 0.2281
Epoch: 51, Training Loss: 0.0635, Train MSE: 0.0635, r (train): 0.8168, Test MSE: 0.1562, r (test): 0.1484
Epoch: 52, Training Loss: 0.0309, Train MSE: 0.0309, r (train): 0.7695, Test MSE: 0.0884, r (test): 0.0780
Epoch: 53, Training Loss: 0.0214, Train MSE: 0.0214, r (train): 0.8384, Test MSE: 0.0794, r (test): 0.2139
Epoch: 54, Training Loss: 0.0405, Train MSE: 0.0405, r (train): 0.8193, Test MSE: 0.0881, r (test): 0.2256
Epoch: 55, Training Loss: 0.0947, Train MSE: 0.0947, r (train): 0.8179, Test MSE: 0.1843, r (test): 0.1252
Epoch: 56, Training Loss: 0.1054, Train MSE: 0.1054, r (train): 0.7421, Test MSE: 0.1251, r (test): 0.2818
Epoch: 57, Training Loss: 0.0215, Train MSE: 0.0215, r (train): 0.8384, Test MSE: 0.0764, r (test): 0.2606
Epoch: 58, Training Loss: 0.1110, Train MSE: 0.1110, r (train): 0.7944, Test MSE: 0.2103, r (test): 0.0801
Epoch: 59, Training Loss: 0.1021, Train MSE: 0.1021, r (train): 0.7715, Test MSE: 0.1254, r (test): 0.2977
Epoch: 60, Training Loss: 0.0333, Train MSE: 0.0333, r (train): 0.8024, Test MSE: 0.0957, r (test): 0.1396
Epoch: 61, Training Loss: 0.0590, Train MSE: 0.0590, r (train): 0.8249, Test MSE: 0.1455, r (test): 0.1211
Epoch: 62, Training Loss: 0.0299, Train MSE: 0.0299, r (train): 0.8088, Test MSE: 0.0745, r (test): 0.2176
Epoch: 63, Training Loss: 0.0725, Train MSE: 0.0725, r (train): 0.7929, Test MSE: 0.1085, r (test): 0.1787
Epoch: 64, Training Loss: 0.0536, Train MSE: 0.0536, r (train): 0.7630, Test MSE: 0.1229, r (test): 0.0560
Epoch: 65, Training Loss: 0.0471, Train MSE: 0.0471, r (train): 0.8129, Test MSE: 0.1255, r (test): 0.1229
Epoch: 66, Training Loss: 0.3130, Train MSE: 0.3130, r (train): 0.7142, Test MSE: 0.3272, r (test): 0.1878
Epoch: 67, Training Loss: 0.0755, Train MSE: 0.0755, r (train): 0.7561, Test MSE: 0.1559, r (test): 0.0818
Epoch: 68, Training Loss: 0.0628, Train MSE: 0.0628, r (train): 0.7387, Test MSE: 0.1336, r (test): 0.0111
Epoch: 69, Training Loss: 0.1588, Train MSE: 0.1588, r (train): 0.7451, Test MSE: 0.1804, r (test): 0.1763
Epoch: 70, Training Loss: 0.1026, Train MSE: 0.1026, r (train): 0.7673, Test MSE: 0.1896, r (test): 0.1104
Epoch: 71, Training Loss: 0.0874, Train MSE: 0.0874, r (train): 0.7604, Test MSE: 0.1712, r (test): 0.0428
Epoch: 72, Training Loss: 0.1077, Train MSE: 0.1077, r (train): 0.7721, Test MSE: 0.1386, r (test): 0.2065
Epoch: 73, Training Loss: 0.0372, Train MSE: 0.0372, r (train): 0.8104, Test MSE: 0.1084, r (test): 0.1912
Epoch: 74, Training Loss: 0.0306, Train MSE: 0.0306, r (train): 0.7622, Test MSE: 0.0793, r (test): 0.2255
Epoch: 75, Training Loss: 0.0253, Train MSE: 0.0253, r (train): 0.8206, Test MSE: 0.0835, r (test): 0.1076
Epoch: 76, Training Loss: 0.0280, Train MSE: 0.0280, r (train): 0.7889, Test MSE: 0.0792, r (test): 0.1540
Epoch: 77, Training Loss: 0.0275, Train MSE: 0.0275, r (train): 0.7970, Test MSE: 0.0729, r (test): 0.2363
Epoch: 78, Training Loss: 0.0418, Train MSE: 0.0418, r (train): 0.8078, Test MSE: 0.1154, r (test): 0.1291
Epoch: 79, Training Loss: 0.0396, Train MSE: 0.0396, r (train): 0.7918, Test MSE: 0.0806, r (test): 0.1832
Epoch: 80, Training Loss: 0.0335, Train MSE: 0.0335, r (train): 0.8066, Test MSE: 0.0813, r (test): 0.1370
Epoch: 81, Training Loss: 0.1109, Train MSE: 0.1109, r (train): 0.7661, Test MSE: 0.2046, r (test): 0.0598
Epoch: 82, Training Loss: 0.0295, Train MSE: 0.0295, r (train): 0.8006, Test MSE: 0.0831, r (test): 0.2314
Epoch: 83, Training Loss: 0.0292, Train MSE: 0.0292, r (train): 0.7803, Test MSE: 0.0853, r (test): 0.2261
Epoch: 84, Training Loss: 0.0401, Train MSE: 0.0401, r (train): 0.7585, Test MSE: 0.0727, r (test): 0.3143
Epoch: 85, Training Loss: 0.0293, Train MSE: 0.0293, r (train): 0.8123, Test MSE: 0.0875, r (test): 0.2356
Epoch: 86, Training Loss: 0.0310, Train MSE: 0.0310, r (train): 0.7980, Test MSE: 0.0731, r (test): 0.2722
Epoch: 87, Training Loss: 0.0419, Train MSE: 0.0419, r (train): 0.7677, Test MSE: 0.0955, r (test): 0.1644
Epoch: 88, Training Loss: 0.0527, Train MSE: 0.0527, r (train): 0.8174, Test MSE: 0.1227, r (test): 0.1154
Epoch: 89, Training Loss: 0.1353, Train MSE: 0.1353, r (train): 0.7672, Test MSE: 0.1519, r (test): 0.2809
Epoch: 90, Training Loss: 0.0287, Train MSE: 0.0287, r (train): 0.7760, Test MSE: 0.0809, r (test): 0.0979
Epoch: 91, Training Loss: 0.0862, Train MSE: 0.0862, r (train): 0.7918, Test MSE: 0.1693, r (test): 0.0552
Epoch: 92, Training Loss: 0.0636, Train MSE: 0.0636, r (train): 0.8015, Test MSE: 0.0947, r (test): 0.2917
Epoch: 93, Training Loss: 0.0458, Train MSE: 0.0458, r (train): 0.7471, Test MSE: 0.1074, r (test): 0.1375
Epoch: 94, Training Loss: 0.0310, Train MSE: 0.0310, r (train): 0.8206, Test MSE: 0.0896, r (test): 0.1686
Epoch: 95, Training Loss: 0.0715, Train MSE: 0.0715, r (train): 0.7729, Test MSE: 0.1027, r (test): 0.2355
Epoch: 96, Training Loss: 0.0443, Train MSE: 0.0443, r (train): 0.7751, Test MSE: 0.1066, r (test): 0.1727
Epoch: 97, Training Loss: 0.0430, Train MSE: 0.0430, r (train): 0.8160, Test MSE: 0.1124, r (test): 0.1708
Epoch: 98, Training Loss: 0.0437, Train MSE: 0.0437, r (train): 0.7807, Test MSE: 0.0827, r (test): 0.1640
Epoch: 99, Training Loss: 0.0336, Train MSE: 0.0336, r (train): 0.7691, Test MSE: 0.0799, r (test): 0.1356
Predicted tensors for training set: 
tensor([0.1298, 0.6419, 0.4027, 0.5435, 0.8008, 0.1639, 0.4198, 0.4659, 0.1766,
        0.2753, 0.6687, 0.6338, 0.0239, 0.7802, 0.4702, 0.7896, 0.4067, 0.1861,
        0.3960, 0.6419, 0.3156, 0.9223, 0.5842, 0.3511, 0.8078, 0.2326, 0.6734,
        0.3031, 0.2609, 0.5509, 0.6493, 0.4756, 0.6612, 0.1268, 0.5812, 0.5659,
        0.3614, 0.2689, 0.5277, 0.5863, 0.6731, 0.5782, 0.4433, 0.0203, 0.5664,
        0.5823, 0.3959, 0.6414, 0.6895, 0.3742, 0.7187, 0.1316, 0.5455, 0.8793,
        0.5325, 0.4011, 0.4117, 0.6319, 0.2580, 0.4880, 0.7037, 0.8215, 0.3655,
        0.1896, 0.6422, 0.1807, 0.2769, 0.5449, 0.6047, 0.5520, 0.5488, 0.3774])
Target tensorsfor training set: 
tensor([0.2594, 0.8453, 0.5187, 0.6846, 0.9492, 0.0981, 0.3829, 0.4373, 0.2464,
        0.3309, 0.9072, 0.7901, 0.0246, 0.7171, 0.4654, 0.7950, 0.7372, 0.5783,
        0.6992, 0.9621, 0.0389, 0.7144, 0.3174, 0.1360, 0.8524, 0.0636, 0.5178,
        0.1294, 0.0478, 0.2916, 0.4341, 0.4640, 0.6671, 0.2271, 0.7497, 0.7462,
        0.5779, 0.4818, 0.7791, 0.8561, 0.9656, 0.8988, 0.8411, 0.4993, 0.7125,
        0.7270, 0.5719, 0.6595, 0.8556, 0.4513, 0.9117, 0.1295, 0.5102, 0.9150,
        0.5220, 0.2169, 0.6240, 0.8728, 0.4526, 0.6577, 0.7507, 0.8391, 0.4036,
        0.1218, 0.7371, 0.1493, 0.3077, 0.6465, 0.5780, 0.5300, 0.5564, 0.2649])
Correlation for training set: 0.7691096885971788
Predicted tensors for test set: 
tensor([0.5770, 0.4376, 0.3539, 0.5143, 0.5440, 0.4853, 0.6073, 0.4228, 0.3910,
        0.5270, 0.3825, 0.6814, 0.4988, 0.5632, 0.7700, 0.4669, 0.5901, 0.4645])
Target tensorsfor test set: 
tensor([0.3453, 0.4149, 0.9127, 0.9215, 0.5023, 0.0763, 0.8418, 0.7596, 0.5573,
        0.4440, 0.2255, 0.6576, 0.2394, 0.6199, 0.5658, 0.8363, 0.9535, 0.1055])
Correlation for test set: 0.13563585730746353
18 5
Fold 4
Epoch: 00, Training Loss: 0.1263, Train MSE: 0.1263, r (train): 0.0062, Test MSE: 0.0491, r (test): 0.0369
Epoch: 01, Training Loss: 0.7454, Train MSE: 0.7454, r (train): 0.2047, Test MSE: 0.5625, r (test): 0.0518
Epoch: 02, Training Loss: 0.5444, Train MSE: 0.5444, r (train): 0.3650, Test MSE: 0.5137, r (test): -0.0688
Epoch: 03, Training Loss: 0.3237, Train MSE: 0.3237, r (train): 0.4697, Test MSE: 0.3520, r (test): -0.1255
Epoch: 04, Training Loss: 0.0873, Train MSE: 0.0873, r (train): 0.6003, Test MSE: 0.1357, r (test): -0.1312
Epoch: 05, Training Loss: 0.1919, Train MSE: 0.1919, r (train): 0.4042, Test MSE: 0.4018, r (test): -0.1539
Epoch: 06, Training Loss: 0.2598, Train MSE: 0.2598, r (train): 0.6034, Test MSE: 0.2628, r (test): -0.0563
Epoch: 07, Training Loss: 0.1599, Train MSE: 0.1599, r (train): 0.6345, Test MSE: 0.3323, r (test): -0.2050
Epoch: 08, Training Loss: 0.0980, Train MSE: 0.0980, r (train): 0.6853, Test MSE: 0.0898, r (test): -0.1715
Epoch: 09, Training Loss: 0.1642, Train MSE: 0.1642, r (train): 0.6560, Test MSE: 0.3467, r (test): -0.1693
Epoch: 10, Training Loss: 0.2625, Train MSE: 0.2625, r (train): 0.5828, Test MSE: 0.4204, r (test): -0.1892
Epoch: 11, Training Loss: 0.0647, Train MSE: 0.0647, r (train): 0.5902, Test MSE: 0.1539, r (test): -0.0689
Epoch: 12, Training Loss: 0.1884, Train MSE: 0.1884, r (train): 0.4396, Test MSE: 0.0858, r (test): -0.0071
Epoch: 13, Training Loss: 1.1739, Train MSE: 1.1739, r (train): 0.2601, Test MSE: 0.8415, r (test): 0.0100
Epoch: 14, Training Loss: 0.3886, Train MSE: 0.3886, r (train): 0.1929, Test MSE: 0.1612, r (test): 0.0699
Epoch: 15, Training Loss: 0.0591, Train MSE: 0.0591, r (train): 0.4495, Test MSE: 0.0809, r (test): 0.1666
Epoch: 16, Training Loss: 0.0599, Train MSE: 0.0599, r (train): 0.5492, Test MSE: 0.0629, r (test): 0.0498
Epoch: 17, Training Loss: 0.1009, Train MSE: 0.1009, r (train): 0.4916, Test MSE: 0.2158, r (test): 0.0268
Epoch: 18, Training Loss: 0.1311, Train MSE: 0.1311, r (train): 0.7195, Test MSE: 0.0908, r (test): -0.0801
Epoch: 19, Training Loss: 0.1136, Train MSE: 0.1136, r (train): 0.6930, Test MSE: 0.2628, r (test): -0.1884
Epoch: 20, Training Loss: 0.0392, Train MSE: 0.0392, r (train): 0.7625, Test MSE: 0.1253, r (test): -0.1160
Epoch: 21, Training Loss: 0.1065, Train MSE: 0.1065, r (train): 0.6481, Test MSE: 0.2341, r (test): -0.1641
Epoch: 22, Training Loss: 0.1082, Train MSE: 0.1082, r (train): 0.7187, Test MSE: 0.1640, r (test): -0.1505
Epoch: 23, Training Loss: 0.0859, Train MSE: 0.0859, r (train): 0.7548, Test MSE: 0.0795, r (test): -0.1137
Epoch: 24, Training Loss: 0.0627, Train MSE: 0.0627, r (train): 0.7494, Test MSE: 0.0860, r (test): -0.1196
Epoch: 25, Training Loss: 0.0318, Train MSE: 0.0318, r (train): 0.7726, Test MSE: 0.0965, r (test): -0.0411
Epoch: 26, Training Loss: 0.0330, Train MSE: 0.0330, r (train): 0.7450, Test MSE: 0.0905, r (test): -0.1334
Epoch: 27, Training Loss: 0.1065, Train MSE: 0.1065, r (train): 0.6805, Test MSE: 0.1759, r (test): -0.0886
Epoch: 28, Training Loss: 0.1613, Train MSE: 0.1613, r (train): 0.7515, Test MSE: 0.3559, r (test): -0.1454
Epoch: 29, Training Loss: 0.0504, Train MSE: 0.0504, r (train): 0.7460, Test MSE: 0.0774, r (test): -0.1301
Epoch: 30, Training Loss: 0.0864, Train MSE: 0.0864, r (train): 0.7505, Test MSE: 0.1066, r (test): -0.1344
Epoch: 31, Training Loss: 0.1527, Train MSE: 0.1527, r (train): 0.7482, Test MSE: 0.3318, r (test): -0.1840
Epoch: 32, Training Loss: 0.0323, Train MSE: 0.0323, r (train): 0.7535, Test MSE: 0.1025, r (test): -0.1361
Epoch: 33, Training Loss: 0.1855, Train MSE: 0.1855, r (train): 0.7212, Test MSE: 0.1611, r (test): -0.0900
Epoch: 34, Training Loss: 0.1647, Train MSE: 0.1647, r (train): 0.7263, Test MSE: 0.3601, r (test): -0.1942
Epoch: 35, Training Loss: 0.0321, Train MSE: 0.0321, r (train): 0.7560, Test MSE: 0.1053, r (test): -0.1398
Epoch: 36, Training Loss: 0.1532, Train MSE: 0.1532, r (train): 0.7100, Test MSE: 0.1547, r (test): -0.0776
Epoch: 37, Training Loss: 0.1854, Train MSE: 0.1854, r (train): 0.7400, Test MSE: 0.3899, r (test): -0.2240
Epoch: 38, Training Loss: 0.0368, Train MSE: 0.0368, r (train): 0.7391, Test MSE: 0.0928, r (test): -0.1224
Epoch: 39, Training Loss: 0.1222, Train MSE: 0.1222, r (train): 0.7155, Test MSE: 0.1328, r (test): -0.0943
Epoch: 40, Training Loss: 0.1181, Train MSE: 0.1181, r (train): 0.7382, Test MSE: 0.2834, r (test): -0.1942
Epoch: 41, Training Loss: 0.0321, Train MSE: 0.0321, r (train): 0.7580, Test MSE: 0.1014, r (test): -0.1004
Epoch: 42, Training Loss: 0.1663, Train MSE: 0.1663, r (train): 0.6873, Test MSE: 0.1703, r (test): -0.0888
Epoch: 43, Training Loss: 0.1617, Train MSE: 0.1617, r (train): 0.7266, Test MSE: 0.3512, r (test): -0.2432
Epoch: 44, Training Loss: 0.0341, Train MSE: 0.0341, r (train): 0.7492, Test MSE: 0.0927, r (test): -0.1103
Epoch: 45, Training Loss: 0.1523, Train MSE: 0.1523, r (train): 0.6953, Test MSE: 0.1632, r (test): -0.1117
Epoch: 46, Training Loss: 0.1476, Train MSE: 0.1476, r (train): 0.7334, Test MSE: 0.3202, r (test): -0.1831
Epoch: 47, Training Loss: 0.0326, Train MSE: 0.0326, r (train): 0.7506, Test MSE: 0.0918, r (test): -0.1847
Epoch: 48, Training Loss: 0.1013, Train MSE: 0.1013, r (train): 0.6867, Test MSE: 0.1065, r (test): -0.0912
Epoch: 49, Training Loss: 0.2170, Train MSE: 0.2170, r (train): 0.7510, Test MSE: 0.4277, r (test): -0.2713
Epoch: 50, Training Loss: 0.0720, Train MSE: 0.0720, r (train): 0.7420, Test MSE: 0.0934, r (test): -0.1403
Epoch: 51, Training Loss: 0.1106, Train MSE: 0.1106, r (train): 0.7175, Test MSE: 0.1062, r (test): -0.0866
Epoch: 52, Training Loss: 0.0592, Train MSE: 0.0592, r (train): 0.7081, Test MSE: 0.1723, r (test): -0.1392
Epoch: 53, Training Loss: 0.0335, Train MSE: 0.0335, r (train): 0.7402, Test MSE: 0.1079, r (test): -0.2156
Epoch: 54, Training Loss: 0.0741, Train MSE: 0.0741, r (train): 0.7521, Test MSE: 0.0858, r (test): -0.1120
Epoch: 55, Training Loss: 0.1357, Train MSE: 0.1357, r (train): 0.7566, Test MSE: 0.3124, r (test): -0.2343
Epoch: 56, Training Loss: 0.0746, Train MSE: 0.0746, r (train): 0.7692, Test MSE: 0.1000, r (test): -0.1426
Epoch: 57, Training Loss: 0.0796, Train MSE: 0.0796, r (train): 0.7652, Test MSE: 0.1073, r (test): -0.1132
Epoch: 58, Training Loss: 0.0429, Train MSE: 0.0429, r (train): 0.7489, Test MSE: 0.1230, r (test): -0.1355
Epoch: 59, Training Loss: 0.0381, Train MSE: 0.0381, r (train): 0.7413, Test MSE: 0.1272, r (test): -0.1655
Epoch: 60, Training Loss: 0.0934, Train MSE: 0.0934, r (train): 0.7505, Test MSE: 0.0974, r (test): -0.1479
Epoch: 61, Training Loss: 0.0325, Train MSE: 0.0325, r (train): 0.7522, Test MSE: 0.0877, r (test): -0.1553
Epoch: 62, Training Loss: 0.0605, Train MSE: 0.0605, r (train): 0.7525, Test MSE: 0.1320, r (test): -0.1203
Epoch: 63, Training Loss: 0.0789, Train MSE: 0.0789, r (train): 0.6845, Test MSE: 0.2213, r (test): -0.2249
Epoch: 64, Training Loss: 0.1171, Train MSE: 0.1171, r (train): 0.7413, Test MSE: 0.1311, r (test): -0.0583
Epoch: 65, Training Loss: 0.1370, Train MSE: 0.1370, r (train): 0.7070, Test MSE: 0.1254, r (test): -0.0748
Epoch: 66, Training Loss: 0.2342, Train MSE: 0.2342, r (train): 0.6388, Test MSE: 0.4814, r (test): -0.1118
Epoch: 67, Training Loss: 0.0473, Train MSE: 0.0473, r (train): 0.7227, Test MSE: 0.0815, r (test): -0.0530
Epoch: 68, Training Loss: 0.1522, Train MSE: 0.1522, r (train): 0.6253, Test MSE: 0.0696, r (test): 0.0658
Epoch: 69, Training Loss: 0.0639, Train MSE: 0.0639, r (train): 0.7086, Test MSE: 0.1852, r (test): -0.0979
Epoch: 70, Training Loss: 0.0709, Train MSE: 0.0709, r (train): 0.6408, Test MSE: 0.1972, r (test): -0.0837
Epoch: 71, Training Loss: 0.1081, Train MSE: 0.1081, r (train): 0.6930, Test MSE: 0.1450, r (test): -0.0533
Epoch: 72, Training Loss: 0.0579, Train MSE: 0.0579, r (train): 0.7679, Test MSE: 0.1838, r (test): -0.0992
Epoch: 73, Training Loss: 0.0959, Train MSE: 0.0959, r (train): 0.7234, Test MSE: 0.2360, r (test): -0.1517
Epoch: 74, Training Loss: 0.1464, Train MSE: 0.1464, r (train): 0.6655, Test MSE: 0.0891, r (test): -0.0824
Epoch: 75, Training Loss: 0.1475, Train MSE: 0.1475, r (train): 0.6911, Test MSE: 0.3358, r (test): -0.1505
Epoch: 76, Training Loss: 0.0388, Train MSE: 0.0388, r (train): 0.7242, Test MSE: 0.1048, r (test): -0.0775
Epoch: 77, Training Loss: 0.1336, Train MSE: 0.1336, r (train): 0.6800, Test MSE: 0.1041, r (test): -0.0959
Epoch: 78, Training Loss: 0.0949, Train MSE: 0.0949, r (train): 0.7501, Test MSE: 0.2367, r (test): -0.1223
Epoch: 79, Training Loss: 0.0457, Train MSE: 0.0457, r (train): 0.7176, Test MSE: 0.0996, r (test): -0.0907
Epoch: 80, Training Loss: 0.0707, Train MSE: 0.0707, r (train): 0.7401, Test MSE: 0.0715, r (test): -0.1489
Epoch: 81, Training Loss: 0.1816, Train MSE: 0.1816, r (train): 0.7025, Test MSE: 0.3974, r (test): -0.2457
Epoch: 82, Training Loss: 0.3022, Train MSE: 0.3022, r (train): 0.6789, Test MSE: 0.2780, r (test): -0.0506
Epoch: 83, Training Loss: 0.0398, Train MSE: 0.0398, r (train): 0.7700, Test MSE: 0.1432, r (test): -0.1607
Epoch: 84, Training Loss: 0.0317, Train MSE: 0.0317, r (train): 0.7782, Test MSE: 0.0899, r (test): -0.0858
Epoch: 85, Training Loss: 0.0527, Train MSE: 0.0527, r (train): 0.7513, Test MSE: 0.0746, r (test): -0.0481
Epoch: 86, Training Loss: 0.0833, Train MSE: 0.0833, r (train): 0.7407, Test MSE: 0.2385, r (test): -0.1572
Epoch: 87, Training Loss: 0.0650, Train MSE: 0.0650, r (train): 0.6974, Test MSE: 0.1289, r (test): -0.0616
Epoch: 88, Training Loss: 0.0347, Train MSE: 0.0347, r (train): 0.7561, Test MSE: 0.1175, r (test): -0.0764
Epoch: 89, Training Loss: 0.0307, Train MSE: 0.0307, r (train): 0.7676, Test MSE: 0.0877, r (test): -0.0940
Epoch: 90, Training Loss: 0.1198, Train MSE: 0.1198, r (train): 0.7471, Test MSE: 0.2999, r (test): -0.2200
Epoch: 91, Training Loss: 0.0708, Train MSE: 0.0708, r (train): 0.7118, Test MSE: 0.1266, r (test): -0.1104
Epoch: 92, Training Loss: 0.0559, Train MSE: 0.0559, r (train): 0.7634, Test MSE: 0.0822, r (test): -0.1106
Epoch: 93, Training Loss: 0.0320, Train MSE: 0.0320, r (train): 0.7733, Test MSE: 0.1169, r (test): -0.1590
Epoch: 94, Training Loss: 0.0302, Train MSE: 0.0302, r (train): 0.7787, Test MSE: 0.1092, r (test): -0.1285
Epoch: 95, Training Loss: 0.0844, Train MSE: 0.0844, r (train): 0.7486, Test MSE: 0.0861, r (test): -0.0840
Epoch: 96, Training Loss: 0.1245, Train MSE: 0.1245, r (train): 0.7415, Test MSE: 0.2950, r (test): -0.1466
Epoch: 97, Training Loss: 0.0687, Train MSE: 0.0687, r (train): 0.7077, Test MSE: 0.1204, r (test): -0.0729
Epoch: 98, Training Loss: 0.0356, Train MSE: 0.0356, r (train): 0.7179, Test MSE: 0.0934, r (test): -0.0156
Epoch: 99, Training Loss: 0.0376, Train MSE: 0.0376, r (train): 0.7395, Test MSE: 0.1368, r (test): -0.1429
Predicted tensors for training set: 
tensor([ 0.3153,  0.8798,  0.3175,  0.7117,  0.8069,  0.1720,  0.2768,  0.4210,
        -0.1129, -0.0653,  0.5926,  0.4620,  0.3944,  0.6711,  0.6639,  0.9486,
         0.3102, -0.0078,  0.2521,  0.5449,  0.1940,  0.9481,  0.5258,  0.4853,
         0.9173,  0.1305,  0.5164,  0.1629,  0.0391,  0.3525,  0.4720,  0.5356,
         0.5884,  0.1447,  0.5834,  0.6675,  0.2881,  0.2304,  0.7709,  0.7587,
         0.4787,  0.2142,  0.6119,  0.5165,  0.5829,  0.4291,  0.2076,  0.6397,
         0.5923,  0.7533,  0.7198,  0.7685,  1.0476,  0.3869,  0.7375,  0.4160,
         0.5980,  0.6891,  0.3064,  0.4854,  0.7884,  0.7532,  0.3779, -0.0456,
         0.6977,  0.1629,  0.3076,  0.5415,  0.7123,  0.5542,  0.5905,  0.2797])
Target tensorsfor training set: 
tensor([0.2594, 0.8453, 0.5187, 0.6846, 0.9492, 0.0981, 0.3829, 0.4373, 0.2464,
        0.3309, 0.9072, 0.7901, 0.0246, 0.7171, 0.4654, 0.7950, 0.7372, 0.5783,
        0.6992, 0.9621, 0.0389, 0.7144, 0.3174, 0.1360, 0.8524, 0.0636, 0.5178,
        0.1294, 0.0478, 0.2916, 0.4341, 0.4640, 0.6671, 0.2271, 0.7497, 0.7462,
        0.3453, 0.4149, 0.9127, 0.9215, 0.5023, 0.0763, 0.8418, 0.7596, 0.5573,
        0.4440, 0.2255, 0.6576, 0.2394, 0.6199, 0.5658, 0.8363, 0.9535, 0.1055,
        0.5220, 0.2169, 0.6240, 0.8728, 0.4526, 0.6577, 0.7507, 0.8391, 0.4036,
        0.1218, 0.7371, 0.1493, 0.3077, 0.6465, 0.5780, 0.5300, 0.5564, 0.2649])
Correlation for training set: 0.7395118439215325
Predicted tensors for test set: 
tensor([ 0.4962,  0.7483,  0.2236,  0.4675, -0.0567,  0.3778,  0.7345,  0.6223,
         0.7707,  0.7114,  0.6713,  0.2776,  0.5726,  0.5276,  0.7606,  0.2974,
         0.6624,  0.4019])
Target tensorsfor test set: 
tensor([0.5779, 0.4818, 0.7791, 0.8561, 0.9656, 0.8988, 0.8411, 0.4993, 0.7125,
        0.7270, 0.5719, 0.6595, 0.8556, 0.4513, 0.9117, 0.1295, 0.5102, 0.9150])
Correlation for test set: -0.1429498201844286
18 5
Fold 5
Epoch: 00, Training Loss: 0.0910, Train MSE: 0.0910, r (train): 0.1757, Test MSE: 0.0773, r (test): -0.1211
Epoch: 01, Training Loss: 0.2299, Train MSE: 0.2299, r (train): 0.2533, Test MSE: 0.2302, r (test): 0.5181
Epoch: 02, Training Loss: 0.1756, Train MSE: 0.1756, r (train): 0.3575, Test MSE: 0.1739, r (test): 0.4486
Epoch: 03, Training Loss: 0.0648, Train MSE: 0.0648, r (train): 0.4724, Test MSE: 0.0679, r (test): 0.0188
Epoch: 04, Training Loss: 0.0689, Train MSE: 0.0689, r (train): 0.4952, Test MSE: 0.0830, r (test): 0.2078
Epoch: 05, Training Loss: 0.0546, Train MSE: 0.0546, r (train): 0.5556, Test MSE: 0.0738, r (test): -0.1029
Epoch: 06, Training Loss: 0.0922, Train MSE: 0.0922, r (train): 0.3372, Test MSE: 0.1099, r (test): -0.3821
Epoch: 07, Training Loss: 0.4304, Train MSE: 0.4304, r (train): 0.4086, Test MSE: 0.4139, r (test): -0.2209
Epoch: 08, Training Loss: 0.1078, Train MSE: 0.1078, r (train): 0.6455, Test MSE: 0.1488, r (test): 0.2718
Epoch: 09, Training Loss: 0.0677, Train MSE: 0.0677, r (train): 0.5519, Test MSE: 0.0837, r (test): 0.3132
Epoch: 10, Training Loss: 0.5703, Train MSE: 0.5703, r (train): 0.0110, Test MSE: 0.5904, r (test): -0.1770
Epoch: 11, Training Loss: 0.0681, Train MSE: 0.0681, r (train): 0.6001, Test MSE: 0.0766, r (test): 0.3688
Epoch: 12, Training Loss: 0.1001, Train MSE: 0.1001, r (train): 0.5210, Test MSE: 0.1273, r (test): 0.1003
Epoch: 13, Training Loss: 0.2472, Train MSE: 0.2472, r (train): 0.2348, Test MSE: 0.2700, r (test): 0.0165
Epoch: 14, Training Loss: 0.3761, Train MSE: 0.3761, r (train): 0.1232, Test MSE: 0.4251, r (test): -0.0789
Epoch: 15, Training Loss: 0.2725, Train MSE: 0.2725, r (train): 0.4176, Test MSE: 0.2976, r (test): 0.3559
Epoch: 16, Training Loss: 0.1472, Train MSE: 0.1472, r (train): 0.5260, Test MSE: 0.1714, r (test): 0.2805
Epoch: 17, Training Loss: 0.1709, Train MSE: 0.1709, r (train): 0.6061, Test MSE: 0.2221, r (test): 0.3940
Epoch: 18, Training Loss: 0.2498, Train MSE: 0.2498, r (train): 0.5969, Test MSE: 0.2516, r (test): 0.0694
Epoch: 19, Training Loss: 0.1131, Train MSE: 0.1131, r (train): 0.6436, Test MSE: 0.1055, r (test): 0.0892
Epoch: 20, Training Loss: 0.0770, Train MSE: 0.0770, r (train): 0.5732, Test MSE: 0.1016, r (test): 0.3259
Epoch: 21, Training Loss: 0.4270, Train MSE: 0.4270, r (train): 0.6018, Test MSE: 0.5124, r (test): 0.4183
Epoch: 22, Training Loss: 0.2337, Train MSE: 0.2337, r (train): 0.5349, Test MSE: 0.2769, r (test): 0.1884
Epoch: 23, Training Loss: 0.0608, Train MSE: 0.0608, r (train): 0.5473, Test MSE: 0.0794, r (test): -0.0248
Epoch: 24, Training Loss: 0.0938, Train MSE: 0.0938, r (train): 0.6712, Test MSE: 0.0931, r (test): 0.1745
Epoch: 25, Training Loss: 0.1559, Train MSE: 0.1559, r (train): 0.6511, Test MSE: 0.2006, r (test): 0.3728
Epoch: 26, Training Loss: 0.0821, Train MSE: 0.0821, r (train): 0.5311, Test MSE: 0.1018, r (test): 0.0781
Epoch: 27, Training Loss: 0.0398, Train MSE: 0.0398, r (train): 0.7126, Test MSE: 0.0639, r (test): 0.2096
Epoch: 28, Training Loss: 0.0953, Train MSE: 0.0953, r (train): 0.6293, Test MSE: 0.1311, r (test): 0.3738
Epoch: 29, Training Loss: 0.0536, Train MSE: 0.0536, r (train): 0.6020, Test MSE: 0.0649, r (test): 0.0157
Epoch: 30, Training Loss: 0.0468, Train MSE: 0.0468, r (train): 0.6947, Test MSE: 0.0584, r (test): 0.2029
Epoch: 31, Training Loss: 0.0806, Train MSE: 0.0806, r (train): 0.6370, Test MSE: 0.1055, r (test): 0.2742
Epoch: 32, Training Loss: 0.0889, Train MSE: 0.0889, r (train): 0.6422, Test MSE: 0.1194, r (test): 0.2347
Epoch: 33, Training Loss: 0.0659, Train MSE: 0.0659, r (train): 0.7294, Test MSE: 0.0828, r (test): 0.1977
Epoch: 34, Training Loss: 0.0571, Train MSE: 0.0571, r (train): 0.6567, Test MSE: 0.0846, r (test): 0.2707
Epoch: 35, Training Loss: 0.1293, Train MSE: 0.1293, r (train): 0.4329, Test MSE: 0.1383, r (test): 0.1337
Epoch: 36, Training Loss: 0.1588, Train MSE: 0.1588, r (train): 0.6480, Test MSE: 0.2031, r (test): 0.3378
Epoch: 37, Training Loss: 0.1066, Train MSE: 0.1066, r (train): 0.6828, Test MSE: 0.1138, r (test): 0.1227
Epoch: 38, Training Loss: 0.0453, Train MSE: 0.0453, r (train): 0.6522, Test MSE: 0.0581, r (test): 0.2449
Epoch: 39, Training Loss: 0.2108, Train MSE: 0.2108, r (train): 0.4165, Test MSE: 0.2270, r (test): 0.1904
Epoch: 40, Training Loss: 0.0616, Train MSE: 0.0616, r (train): 0.7122, Test MSE: 0.0788, r (test): 0.1343
Epoch: 41, Training Loss: 0.0460, Train MSE: 0.0460, r (train): 0.6729, Test MSE: 0.0626, r (test): 0.2527
Epoch: 42, Training Loss: 0.1837, Train MSE: 0.1837, r (train): 0.4343, Test MSE: 0.2003, r (test): 0.1695
Epoch: 43, Training Loss: 0.0526, Train MSE: 0.0526, r (train): 0.6889, Test MSE: 0.0704, r (test): 0.1233
Epoch: 44, Training Loss: 0.0487, Train MSE: 0.0487, r (train): 0.6799, Test MSE: 0.0636, r (test): 0.2322
Epoch: 45, Training Loss: 0.1198, Train MSE: 0.1198, r (train): 0.5629, Test MSE: 0.1421, r (test): 0.2263
Epoch: 46, Training Loss: 0.0485, Train MSE: 0.0485, r (train): 0.6549, Test MSE: 0.0604, r (test): 0.0908
Epoch: 47, Training Loss: 0.0779, Train MSE: 0.0779, r (train): 0.6519, Test MSE: 0.1100, r (test): 0.3046
Epoch: 48, Training Loss: 0.0832, Train MSE: 0.0832, r (train): 0.5095, Test MSE: 0.0985, r (test): 0.0376
Epoch: 49, Training Loss: 0.0559, Train MSE: 0.0559, r (train): 0.6936, Test MSE: 0.0712, r (test): 0.0763
Epoch: 50, Training Loss: 0.1564, Train MSE: 0.1564, r (train): 0.6352, Test MSE: 0.1969, r (test): 0.3887
Epoch: 51, Training Loss: 0.0910, Train MSE: 0.0910, r (train): 0.4368, Test MSE: 0.1017, r (test): -0.0632
Epoch: 52, Training Loss: 0.0408, Train MSE: 0.0408, r (train): 0.7182, Test MSE: 0.0610, r (test): 0.1736
Epoch: 53, Training Loss: 0.1094, Train MSE: 0.1094, r (train): 0.6602, Test MSE: 0.1582, r (test): 0.3472
Epoch: 54, Training Loss: 0.0861, Train MSE: 0.0861, r (train): 0.4269, Test MSE: 0.0981, r (test): -0.1009
Epoch: 55, Training Loss: 0.0483, Train MSE: 0.0483, r (train): 0.7227, Test MSE: 0.0779, r (test): 0.3035
Epoch: 56, Training Loss: 0.0578, Train MSE: 0.0578, r (train): 0.6911, Test MSE: 0.0962, r (test): 0.2534
Epoch: 57, Training Loss: 0.0535, Train MSE: 0.0535, r (train): 0.5756, Test MSE: 0.0634, r (test): 0.0719
Epoch: 58, Training Loss: 0.0977, Train MSE: 0.0977, r (train): 0.5870, Test MSE: 0.1229, r (test): 0.1970
Epoch: 59, Training Loss: 0.0640, Train MSE: 0.0640, r (train): 0.6894, Test MSE: 0.0838, r (test): 0.0991
Epoch: 60, Training Loss: 0.0750, Train MSE: 0.0750, r (train): 0.6997, Test MSE: 0.1161, r (test): 0.3141
Epoch: 61, Training Loss: 0.1175, Train MSE: 0.1175, r (train): 0.4793, Test MSE: 0.1398, r (test): 0.0872
Epoch: 62, Training Loss: 0.0368, Train MSE: 0.0368, r (train): 0.7275, Test MSE: 0.0579, r (test): 0.1907
Epoch: 63, Training Loss: 0.0680, Train MSE: 0.0680, r (train): 0.7033, Test MSE: 0.1183, r (test): 0.2724
Epoch: 64, Training Loss: 0.1069, Train MSE: 0.1069, r (train): 0.6706, Test MSE: 0.1468, r (test): 0.2573
Epoch: 65, Training Loss: 0.0472, Train MSE: 0.0472, r (train): 0.7261, Test MSE: 0.0830, r (test): 0.2776
Epoch: 66, Training Loss: 0.0487, Train MSE: 0.0487, r (train): 0.6891, Test MSE: 0.0821, r (test): 0.2129
Epoch: 67, Training Loss: 0.0842, Train MSE: 0.0842, r (train): 0.6677, Test MSE: 0.1224, r (test): 0.2145
Epoch: 68, Training Loss: 0.0482, Train MSE: 0.0482, r (train): 0.6443, Test MSE: 0.0639, r (test): 0.1772
Epoch: 69, Training Loss: 0.0552, Train MSE: 0.0552, r (train): 0.6451, Test MSE: 0.0754, r (test): 0.2324
Epoch: 70, Training Loss: 0.0521, Train MSE: 0.0521, r (train): 0.5924, Test MSE: 0.0603, r (test): 0.1036
Epoch: 71, Training Loss: 0.0536, Train MSE: 0.0536, r (train): 0.6019, Test MSE: 0.0669, r (test): 0.1152
Epoch: 72, Training Loss: 0.0707, Train MSE: 0.0707, r (train): 0.6329, Test MSE: 0.0891, r (test): 0.2284
Epoch: 73, Training Loss: 0.0463, Train MSE: 0.0463, r (train): 0.6852, Test MSE: 0.0632, r (test): 0.1497
Epoch: 74, Training Loss: 0.0470, Train MSE: 0.0470, r (train): 0.6582, Test MSE: 0.0684, r (test): 0.0659
Epoch: 75, Training Loss: 0.1422, Train MSE: 0.1422, r (train): 0.5657, Test MSE: 0.1743, r (test): 0.1919
Epoch: 76, Training Loss: 0.6846, Train MSE: 0.6846, r (train): 0.5292, Test MSE: 0.7485, r (test): 0.4369
Epoch: 77, Training Loss: 0.0961, Train MSE: 0.0961, r (train): 0.5596, Test MSE: 0.0923, r (test): -0.2448
Epoch: 78, Training Loss: 0.0562, Train MSE: 0.0562, r (train): 0.6347, Test MSE: 0.0712, r (test): 0.1777
Epoch: 79, Training Loss: 0.1672, Train MSE: 0.1672, r (train): 0.5312, Test MSE: 0.1970, r (test): 0.2534
Epoch: 80, Training Loss: 0.0553, Train MSE: 0.0553, r (train): 0.5584, Test MSE: 0.0661, r (test): -0.0006
Epoch: 81, Training Loss: 0.0501, Train MSE: 0.0501, r (train): 0.6594, Test MSE: 0.0668, r (test): 0.2137
Epoch: 82, Training Loss: 0.0569, Train MSE: 0.0569, r (train): 0.6458, Test MSE: 0.0765, r (test): 0.2272
Epoch: 83, Training Loss: 0.0450, Train MSE: 0.0450, r (train): 0.6640, Test MSE: 0.0607, r (test): 0.1128
Epoch: 84, Training Loss: 0.0654, Train MSE: 0.0654, r (train): 0.6825, Test MSE: 0.0959, r (test): 0.2376
Epoch: 85, Training Loss: 0.0743, Train MSE: 0.0743, r (train): 0.6600, Test MSE: 0.1172, r (test): 0.1411
Epoch: 86, Training Loss: 0.0408, Train MSE: 0.0408, r (train): 0.7008, Test MSE: 0.0668, r (test): 0.1625
Epoch: 87, Training Loss: 0.2872, Train MSE: 0.2872, r (train): 0.6050, Test MSE: 0.3583, r (test): 0.3811
Epoch: 88, Training Loss: 0.0643, Train MSE: 0.0643, r (train): 0.5282, Test MSE: 0.0661, r (test): -0.1042
Epoch: 89, Training Loss: 0.0627, Train MSE: 0.0627, r (train): 0.5703, Test MSE: 0.0760, r (test): 0.1153
Epoch: 90, Training Loss: 0.0431, Train MSE: 0.0431, r (train): 0.6700, Test MSE: 0.0589, r (test): 0.1550
Epoch: 91, Training Loss: 0.0433, Train MSE: 0.0433, r (train): 0.7013, Test MSE: 0.0649, r (test): 0.0949
Epoch: 92, Training Loss: 0.1160, Train MSE: 0.1160, r (train): 0.6868, Test MSE: 0.1656, r (test): 0.2577
Epoch: 93, Training Loss: 0.1621, Train MSE: 0.1621, r (train): 0.6005, Test MSE: 0.2080, r (test): 0.1759
Epoch: 94, Training Loss: 0.0422, Train MSE: 0.0422, r (train): 0.6901, Test MSE: 0.0648, r (test): 0.1786
Epoch: 95, Training Loss: 0.0579, Train MSE: 0.0579, r (train): 0.6203, Test MSE: 0.0744, r (test): 0.1604
Epoch: 96, Training Loss: 0.0630, Train MSE: 0.0630, r (train): 0.5865, Test MSE: 0.0786, r (test): 0.1027
Epoch: 97, Training Loss: 0.0434, Train MSE: 0.0434, r (train): 0.6636, Test MSE: 0.0583, r (test): 0.1552
Epoch: 98, Training Loss: 0.0456, Train MSE: 0.0456, r (train): 0.6577, Test MSE: 0.0701, r (test): 0.0355
Epoch: 99, Training Loss: 0.1661, Train MSE: 0.1661, r (train): 0.6746, Test MSE: 0.2218, r (test): 0.2466
Predicted tensors for training set: 
tensor([0.5077, 1.2930, 0.8579, 1.1360, 1.2981, 0.4474, 0.7056, 0.7533, 0.4094,
        0.5570, 0.8156, 1.0668, 0.6700, 1.3394, 1.0949, 1.5004, 0.6755, 0.4511,
        0.6662, 0.8778, 0.5736, 1.5002, 0.9444, 0.6634, 1.4461, 0.5608, 1.0995,
        0.7060, 0.6970, 1.0375, 1.0781, 0.7687, 1.0279, 0.4862, 1.2266, 1.1509,
        0.6039, 0.7954, 1.1562, 1.1937, 0.7313, 0.3375, 1.1019, 1.0429, 0.9222,
        0.9425, 0.6691, 1.0716, 0.8854, 1.2104, 1.2101, 1.1903, 1.3724, 0.5342,
        0.9678, 0.8801, 0.6474, 0.7042, 0.9567, 0.7057, 1.1456, 0.8325, 1.0334,
        0.9718, 0.8256, 0.7655, 1.0576, 0.6160, 1.1921, 0.2768, 0.7678, 1.0803])
Target tensorsfor training set: 
tensor([0.2594, 0.8453, 0.5187, 0.6846, 0.9492, 0.0981, 0.3829, 0.4373, 0.2464,
        0.3309, 0.9072, 0.7901, 0.0246, 0.7171, 0.4654, 0.7950, 0.7372, 0.5783,
        0.6992, 0.9621, 0.0389, 0.7144, 0.3174, 0.1360, 0.8524, 0.0636, 0.5178,
        0.1294, 0.0478, 0.2916, 0.4341, 0.4640, 0.6671, 0.2271, 0.7497, 0.7462,
        0.3453, 0.4149, 0.9127, 0.9215, 0.5023, 0.0763, 0.8418, 0.7596, 0.5573,
        0.4440, 0.2255, 0.6576, 0.2394, 0.6199, 0.5658, 0.8363, 0.9535, 0.1055,
        0.5779, 0.4818, 0.7791, 0.8561, 0.9656, 0.8988, 0.8411, 0.4993, 0.7125,
        0.7270, 0.5719, 0.6595, 0.8556, 0.4513, 0.9117, 0.1295, 0.5102, 0.9150])
Correlation for training set: 0.6745615755940606
Predicted tensors for test set: 
tensor([1.2489, 0.8224, 1.0236, 1.2087, 1.0437, 0.8003, 1.2219, 0.8647, 1.1352,
        0.6190, 0.6029, 0.9800, 0.6233, 0.7958, 0.7402, 0.8851, 0.7396, 0.9244])
Target tensorsfor test set: 
tensor([0.5220, 0.2169, 0.6240, 0.8728, 0.4526, 0.6577, 0.7507, 0.8391, 0.4036,
        0.1218, 0.7371, 0.1493, 0.3077, 0.6465, 0.5780, 0.5300, 0.5564, 0.2649])
Correlation for test set: 0.2465500534219142
Validation set predictions (100 folds): [tensor([0.6748, 1.0308, 0.3508, 0.8800, 0.5816, 0.6349, 0.5962, 0.6292, 0.4301,
        0.4632, 0.2120, 0.7064, 0.8596, 0.4605, 0.6276, 0.9278, 0.7328, 0.8621]), tensor([0.5376, 0.3658, 0.3438, 0.3196, 0.5336, 0.6488, 0.6071, 0.3146, 0.4551,
        0.3859, 0.1345, 0.2992, 0.2658, 0.6268, 0.2795, 0.6104, 0.4665, 0.4339]), tensor([0.5770, 0.4376, 0.3539, 0.5143, 0.5440, 0.4853, 0.6073, 0.4228, 0.3910,
        0.5270, 0.3825, 0.6814, 0.4988, 0.5632, 0.7700, 0.4669, 0.5901, 0.4645]), tensor([ 0.4962,  0.7483,  0.2236,  0.4675, -0.0567,  0.3778,  0.7345,  0.6223,
         0.7707,  0.7114,  0.6713,  0.2776,  0.5726,  0.5276,  0.7606,  0.2974,
         0.6624,  0.4019]), tensor([1.2489, 0.8224, 1.0236, 1.2087, 1.0437, 0.8003, 1.2219, 0.8647, 1.1352,
        0.6190, 0.6029, 0.9800, 0.6233, 0.7958, 0.7402, 0.8851, 0.7396, 0.9244])]
Validation set targets (100 folds): [tensor([0.2594, 0.8453, 0.5187, 0.6846, 0.9492, 0.0981, 0.3829, 0.4373, 0.2464,
        0.3309, 0.9072, 0.7901, 0.0246, 0.7171, 0.4654, 0.7950, 0.7372, 0.5783]), tensor([0.6992, 0.9621, 0.0389, 0.7144, 0.3174, 0.1360, 0.8524, 0.0636, 0.5178,
        0.1294, 0.0478, 0.2916, 0.4341, 0.4640, 0.6671, 0.2271, 0.7497, 0.7462]), tensor([0.3453, 0.4149, 0.9127, 0.9215, 0.5023, 0.0763, 0.8418, 0.7596, 0.5573,
        0.4440, 0.2255, 0.6576, 0.2394, 0.6199, 0.5658, 0.8363, 0.9535, 0.1055]), tensor([0.5779, 0.4818, 0.7791, 0.8561, 0.9656, 0.8988, 0.8411, 0.4993, 0.7125,
        0.7270, 0.5719, 0.6595, 0.8556, 0.4513, 0.9117, 0.1295, 0.5102, 0.9150]), tensor([0.5220, 0.2169, 0.6240, 0.8728, 0.4526, 0.6577, 0.7507, 0.8391, 0.4036,
        0.1218, 0.7371, 0.1493, 0.3077, 0.6465, 0.5780, 0.5300, 0.5564, 0.2649])]
Time taken: 17282.04322361946 seconds
