DenseNet_isthmuscingulate_01.py
/apps/monai/MONAI0.8.1/lib/python3.9/site-packages/torch/cuda/__init__.py:143: UserWarning: 
NVIDIA B200 with CUDA capability sm_100 is not compatible with the current PyTorch installation.
The current PyTorch install supports CUDA capabilities sm_37 sm_50 sm_60 sm_61 sm_70 sm_75 sm_80 sm_86 compute_37.
If you want to use the NVIDIA B200 GPU with PyTorch, please check the instructions at https://pytorch.org/get-started/locally/

  warnings.warn(incompatible_device_warn.format(device_name, capability, " ".join(arch_list), device_name))
90
Image shape: torch.Size([256, 256, 256])
Label: 0.578327051

Image shape: torch.Size([256, 256, 256])
Label: 0.55726975

Image shape: torch.Size([256, 256, 256])
Label: 0.105524477

Image shape: torch.Size([256, 256, 256])
Label: 0.414935686

Image shape: torch.Size([256, 256, 256])
Label: 0.499347098

Image shape: torch.Size([256, 256, 256])
Label: 0.46544507

Image shape: torch.Size([256, 256, 256])
Label: 0.749740575

Image shape: torch.Size([256, 256, 256])
Label: 0.646490545

Image shape: torch.Size([256, 256, 256])
Label: 0.856107326

Image shape: torch.Size([256, 256, 256])
Label: 0.717144575

Image shape: torch.Size([256, 256, 256])
Label: 0.750732335

Image shape: torch.Size([256, 256, 256])
Label: 0.517802514

Image shape: torch.Size([256, 256, 256])
Label: 0.227116465

Image shape: torch.Size([256, 256, 256])
Label: 0.14931566

Image shape: torch.Size([256, 256, 256])
Label: 0.91273199

Image shape: torch.Size([256, 256, 256])
Label: 0.852431609

Image shape: torch.Size([256, 256, 256])
Label: 0.451287356

Image shape: torch.Size([256, 256, 256])
Label: 0.714356234

Image shape: torch.Size([256, 256, 256])
Label: 0.307667842

Image shape: torch.Size([256, 256, 256])
Label: 0.038874365

Image shape: torch.Size([256, 256, 256])
Label: 0.518716963

Image shape: torch.Size([256, 256, 256])
Label: 0.463984431

Image shape: torch.Size([256, 256, 256])
Label: 0.55641775

Image shape: torch.Size([256, 256, 256])
Label: 0.098052496

Image shape: torch.Size([256, 256, 256])
Label: 0.43409457

Image shape: torch.Size([256, 256, 256])
Label: 0.452638778

Image shape: torch.Size([256, 256, 256])
Label: 0.57804499

Image shape: torch.Size([256, 256, 256])
Label: 0.623989995

Image shape: torch.Size([256, 256, 256])
Label: 0.91498566

Image shape: torch.Size([256, 256, 256])
Label: 0.911671093

Image shape: torch.Size([256, 256, 256])
Label: 0.565846925

Image shape: torch.Size([256, 256, 256])
Label: 0.836265129

Image shape: torch.Size([256, 256, 256])
Label: 0.246363884

Image shape: torch.Size([256, 256, 256])
Label: 0.907159832

Image shape: torch.Size([256, 256, 256])
Label: 0.962135747

Image shape: torch.Size([256, 256, 256])
Label: 0.024634435

Image shape: torch.Size([256, 256, 256])
Label: 0.779103135

Image shape: torch.Size([256, 256, 256])
Label: 0.225463904

Image shape: torch.Size([256, 256, 256])
Label: 0.965645278

Image shape: torch.Size([256, 256, 256])
Label: 0.31742745

Image shape: torch.Size([256, 256, 256])
Label: 0.129485328

Image shape: torch.Size([256, 256, 256])
Label: 0.48182514

Image shape: torch.Size([256, 256, 256])
Label: 0.076332172

Image shape: torch.Size([256, 256, 256])
Label: 0.34531344

Image shape: torch.Size([256, 256, 256])
Label: 0.577850585

Image shape: torch.Size([256, 256, 256])
Label: 0.794978716

Image shape: torch.Size([256, 256, 256])
Label: 0.047813956

Image shape: torch.Size([256, 256, 256])
Label: 0.841130428

Image shape: torch.Size([256, 256, 256])
Label: 0.845253622

Image shape: torch.Size([256, 256, 256])
Label: 0.699213269

Image shape: torch.Size([256, 256, 256])
Label: 0.571907479

Image shape: torch.Size([256, 256, 256])
Label: 0.330926406

Image shape: torch.Size([256, 256, 256])
Label: 0.949166278

Image shape: torch.Size([256, 256, 256])
Label: 0.437273408

Image shape: torch.Size([256, 256, 256])
Label: 0.121809436

Image shape: torch.Size([256, 256, 256])
Label: 0.063583908

Image shape: torch.Size([256, 256, 256])
Label: 0.403550924

Image shape: torch.Size([256, 256, 256])
Label: 0.129379513

Image shape: torch.Size([256, 256, 256])
Label: 0.502254367

Image shape: torch.Size([256, 256, 256])
Label: 0.746225617

Image shape: torch.Size([256, 256, 256])
Label: 0.898762669

Image shape: torch.Size([256, 256, 256])
Label: 0.759624831

Image shape: torch.Size([256, 256, 256])
Label: 0.510151238

Image shape: torch.Size([256, 256, 256])
Label: 0.291630426

Image shape: torch.Size([256, 256, 256])
Label: 0.841767741

Image shape: torch.Size([256, 256, 256])
Label: 0.259369175

Image shape: torch.Size([256, 256, 256])
Label: 0.239393515

Image shape: torch.Size([256, 256, 256])
Label: 0.855579732

Image shape: torch.Size([256, 256, 256])
Label: 0.657623403

Image shape: torch.Size([256, 256, 256])
Label: 0.136048492

Image shape: torch.Size([256, 256, 256])
Label: 0.92154251

Image shape: torch.Size([256, 256, 256])
Label: 0.26490909

Image shape: torch.Size([256, 256, 256])
Label: 0.659493008

Image shape: torch.Size([256, 256, 256])
Label: 0.737192172

Image shape: torch.Size([256, 256, 256])
Label: 0.684642475

Image shape: torch.Size([256, 256, 256])
Label: 0.619874898

Image shape: torch.Size([256, 256, 256])
Label: 0.216921218

Image shape: torch.Size([256, 256, 256])
Label: 0.657691961

Image shape: torch.Size([256, 256, 256])
Label: 0.872805901

Image shape: torch.Size([256, 256, 256])
Label: 0.667105602

Image shape: torch.Size([256, 256, 256])
Label: 0.839077585

Image shape: torch.Size([256, 256, 256])
Label: 0.529961465

Image shape: torch.Size([256, 256, 256])
Label: 0.727035333

Image shape: torch.Size([256, 256, 256])
Label: 0.712524369

Image shape: torch.Size([256, 256, 256])
Label: 0.522016133

Image shape: torch.Size([256, 256, 256])
Label: 0.444012353

Image shape: torch.Size([256, 256, 256])
Label: 0.382857646

Image shape: torch.Size([256, 256, 256])
Label: 0.790096101

Image shape: torch.Size([256, 256, 256])
Label: 0.953465465

Image shape: torch.Size([256, 256, 256])
Label: 0.737099236

18 5
Fold 1
Epoch: 00, Training Loss: 0.1483, Train MSE: 0.1483, r (train): -0.1687, Test MSE: 0.1361, r (test): -0.1567
Epoch: 01, Training Loss: 0.2790, Train MSE: 0.2790, r (train): -0.2316, Test MSE: 0.2743, r (test): -0.1157
Epoch: 02, Training Loss: 0.4975, Train MSE: 0.4975, r (train): 0.4319, Test MSE: 0.4996, r (test): 0.3666
Epoch: 03, Training Loss: 0.0638, Train MSE: 0.0638, r (train): 0.6490, Test MSE: 0.0697, r (test): 0.0930
Epoch: 04, Training Loss: 0.1413, Train MSE: 0.1413, r (train): 0.5732, Test MSE: 0.1348, r (test): 0.0288
Epoch: 05, Training Loss: 0.0664, Train MSE: 0.0664, r (train): 0.7262, Test MSE: 0.1493, r (test): -0.1334
Epoch: 06, Training Loss: 0.4544, Train MSE: 0.4544, r (train): 0.6986, Test MSE: 0.6458, r (test): -0.3217
Epoch: 07, Training Loss: 0.3073, Train MSE: 0.3073, r (train): 0.7527, Test MSE: 0.4540, r (test): -0.2775
Epoch: 08, Training Loss: 0.0363, Train MSE: 0.0363, r (train): 0.7280, Test MSE: 0.0707, r (test): -0.0038
Epoch: 09, Training Loss: 0.0625, Train MSE: 0.0625, r (train): 0.7731, Test MSE: 0.0941, r (test): -0.1521
Epoch: 10, Training Loss: 0.0679, Train MSE: 0.0679, r (train): 0.7714, Test MSE: 0.1317, r (test): -0.2787
Epoch: 11, Training Loss: 0.0981, Train MSE: 0.0981, r (train): 0.7633, Test MSE: 0.1318, r (test): -0.1961
Epoch: 12, Training Loss: 0.0759, Train MSE: 0.0759, r (train): 0.7710, Test MSE: 0.1299, r (test): -0.1585
Epoch: 13, Training Loss: 0.1004, Train MSE: 0.1004, r (train): 0.7288, Test MSE: 0.1142, r (test): 0.0687
Epoch: 14, Training Loss: 0.2485, Train MSE: 0.2485, r (train): 0.7590, Test MSE: 0.3510, r (test): -0.4344
Epoch: 15, Training Loss: 0.2686, Train MSE: 0.2686, r (train): 0.6863, Test MSE: 0.2898, r (test): 0.0240
Epoch: 16, Training Loss: 0.0762, Train MSE: 0.0762, r (train): 0.7573, Test MSE: 0.1252, r (test): -0.1394
Epoch: 17, Training Loss: 0.0650, Train MSE: 0.0650, r (train): 0.7464, Test MSE: 0.1076, r (test): -0.0988
Epoch: 18, Training Loss: 0.0544, Train MSE: 0.0544, r (train): 0.7236, Test MSE: 0.0849, r (test): -0.0917
Epoch: 19, Training Loss: 0.0517, Train MSE: 0.0517, r (train): 0.7437, Test MSE: 0.0961, r (test): -0.3682
Epoch: 20, Training Loss: 0.0543, Train MSE: 0.0543, r (train): 0.6982, Test MSE: 0.0791, r (test): -0.0387
Epoch: 21, Training Loss: 0.0463, Train MSE: 0.0463, r (train): 0.6793, Test MSE: 0.0734, r (test): -0.0833
Epoch: 22, Training Loss: 0.0339, Train MSE: 0.0339, r (train): 0.7569, Test MSE: 0.0706, r (test): -0.1851
Epoch: 23, Training Loss: 0.0453, Train MSE: 0.0453, r (train): 0.7272, Test MSE: 0.0821, r (test): -0.3010
Epoch: 24, Training Loss: 0.0387, Train MSE: 0.0387, r (train): 0.7281, Test MSE: 0.0725, r (test): -0.1856
Epoch: 25, Training Loss: 0.0471, Train MSE: 0.0471, r (train): 0.7548, Test MSE: 0.0925, r (test): -0.2945
Epoch: 26, Training Loss: 0.2152, Train MSE: 0.2152, r (train): 0.7707, Test MSE: 0.2973, r (test): -0.4278
Epoch: 27, Training Loss: 0.0763, Train MSE: 0.0763, r (train): 0.7647, Test MSE: 0.1290, r (test): -0.3611
Epoch: 28, Training Loss: 0.0504, Train MSE: 0.0504, r (train): 0.7712, Test MSE: 0.0993, r (test): -0.2283
Epoch: 29, Training Loss: 0.0387, Train MSE: 0.0387, r (train): 0.7517, Test MSE: 0.0720, r (test): -0.0626
Epoch: 30, Training Loss: 0.0549, Train MSE: 0.0549, r (train): 0.7286, Test MSE: 0.0962, r (test): -0.3075
Epoch: 31, Training Loss: 0.0582, Train MSE: 0.0582, r (train): 0.7086, Test MSE: 0.0973, r (test): -0.2437
Epoch: 32, Training Loss: 0.0408, Train MSE: 0.0408, r (train): 0.7134, Test MSE: 0.0697, r (test): -0.1801
Epoch: 33, Training Loss: 0.0709, Train MSE: 0.0709, r (train): 0.7308, Test MSE: 0.1223, r (test): -0.2961
Epoch: 34, Training Loss: 0.0689, Train MSE: 0.0689, r (train): 0.7725, Test MSE: 0.1183, r (test): -0.3957
Epoch: 35, Training Loss: 0.0496, Train MSE: 0.0496, r (train): 0.7720, Test MSE: 0.0970, r (test): -0.3268
Epoch: 36, Training Loss: 0.0360, Train MSE: 0.0360, r (train): 0.7423, Test MSE: 0.0758, r (test): -0.2547
Epoch: 37, Training Loss: 0.0811, Train MSE: 0.0811, r (train): 0.7172, Test MSE: 0.1256, r (test): -0.2012
Epoch: 38, Training Loss: 0.0490, Train MSE: 0.0490, r (train): 0.7233, Test MSE: 0.0859, r (test): -0.2410
Epoch: 39, Training Loss: 0.0421, Train MSE: 0.0421, r (train): 0.7347, Test MSE: 0.0809, r (test): -0.2813
Epoch: 40, Training Loss: 0.0421, Train MSE: 0.0421, r (train): 0.7319, Test MSE: 0.0871, r (test): -0.2995
Epoch: 41, Training Loss: 0.2375, Train MSE: 0.2375, r (train): 0.7580, Test MSE: 0.3074, r (test): -0.3433
Epoch: 42, Training Loss: 0.0754, Train MSE: 0.0754, r (train): 0.7726, Test MSE: 0.1298, r (test): -0.3361
Epoch: 43, Training Loss: 0.0393, Train MSE: 0.0393, r (train): 0.7322, Test MSE: 0.0788, r (test): -0.2323
Epoch: 44, Training Loss: 0.1528, Train MSE: 0.1528, r (train): 0.6823, Test MSE: 0.1984, r (test): -0.1393
Epoch: 45, Training Loss: 0.0359, Train MSE: 0.0359, r (train): 0.7438, Test MSE: 0.0775, r (test): -0.2822
Epoch: 46, Training Loss: 0.0353, Train MSE: 0.0353, r (train): 0.7384, Test MSE: 0.0745, r (test): -0.2869
Epoch: 47, Training Loss: 0.4847, Train MSE: 0.4847, r (train): 0.7350, Test MSE: 0.5864, r (test): -0.3157
Epoch: 48, Training Loss: 0.0554, Train MSE: 0.0554, r (train): 0.7622, Test MSE: 0.1052, r (test): -0.3967
Epoch: 49, Training Loss: 0.0757, Train MSE: 0.0757, r (train): 0.7224, Test MSE: 0.1152, r (test): -0.2086
Epoch: 50, Training Loss: 0.0339, Train MSE: 0.0339, r (train): 0.7571, Test MSE: 0.0725, r (test): -0.3032
Epoch: 51, Training Loss: 0.0714, Train MSE: 0.0714, r (train): 0.7026, Test MSE: 0.1101, r (test): -0.2074
Epoch: 52, Training Loss: 0.0409, Train MSE: 0.0409, r (train): 0.7513, Test MSE: 0.0872, r (test): -0.3611
Epoch: 53, Training Loss: 0.1099, Train MSE: 0.1099, r (train): 0.7523, Test MSE: 0.1602, r (test): -0.3063
Epoch: 54, Training Loss: 0.2475, Train MSE: 0.2475, r (train): 0.7247, Test MSE: 0.3364, r (test): -0.3164
Epoch: 55, Training Loss: 0.0481, Train MSE: 0.0481, r (train): 0.7195, Test MSE: 0.0929, r (test): -0.3176
Epoch: 56, Training Loss: 0.1236, Train MSE: 0.1236, r (train): 0.6641, Test MSE: 0.1613, r (test): -0.0887
Epoch: 57, Training Loss: 0.0349, Train MSE: 0.0349, r (train): 0.7408, Test MSE: 0.0681, r (test): -0.1896
Epoch: 58, Training Loss: 0.0860, Train MSE: 0.0860, r (train): 0.7353, Test MSE: 0.1352, r (test): -0.2775
Epoch: 59, Training Loss: 0.1555, Train MSE: 0.1555, r (train): 0.7571, Test MSE: 0.2097, r (test): -0.4235
Epoch: 60, Training Loss: 0.0380, Train MSE: 0.0380, r (train): 0.7297, Test MSE: 0.0756, r (test): -0.3078
Epoch: 61, Training Loss: 0.0418, Train MSE: 0.0418, r (train): 0.7181, Test MSE: 0.0754, r (test): -0.2699
Epoch: 62, Training Loss: 0.0729, Train MSE: 0.0729, r (train): 0.7032, Test MSE: 0.1106, r (test): -0.1604
Epoch: 63, Training Loss: 0.0915, Train MSE: 0.0915, r (train): 0.7382, Test MSE: 0.1322, r (test): -0.2917
Epoch: 64, Training Loss: 0.1281, Train MSE: 0.1281, r (train): 0.7556, Test MSE: 0.1878, r (test): -0.3928
Epoch: 65, Training Loss: 0.0446, Train MSE: 0.0446, r (train): 0.7371, Test MSE: 0.0864, r (test): -0.3204
Epoch: 66, Training Loss: 0.1029, Train MSE: 0.1029, r (train): 0.7025, Test MSE: 0.1555, r (test): -0.3234
Epoch: 67, Training Loss: 0.0427, Train MSE: 0.0427, r (train): 0.7185, Test MSE: 0.0832, r (test): -0.2542
Epoch: 68, Training Loss: 0.0335, Train MSE: 0.0335, r (train): 0.7532, Test MSE: 0.0775, r (test): -0.2341
Epoch: 69, Training Loss: 0.2248, Train MSE: 0.2248, r (train): 0.7376, Test MSE: 0.3023, r (test): -0.2759
Epoch: 70, Training Loss: 0.0431, Train MSE: 0.0431, r (train): 0.7257, Test MSE: 0.0838, r (test): -0.3779
Epoch: 71, Training Loss: 0.0550, Train MSE: 0.0550, r (train): 0.7394, Test MSE: 0.1058, r (test): -0.4103
Epoch: 72, Training Loss: 0.0415, Train MSE: 0.0415, r (train): 0.7263, Test MSE: 0.0837, r (test): -0.3010
Epoch: 73, Training Loss: 0.0384, Train MSE: 0.0384, r (train): 0.7349, Test MSE: 0.0773, r (test): -0.1461
Epoch: 74, Training Loss: 0.1268, Train MSE: 0.1268, r (train): 0.7358, Test MSE: 0.1856, r (test): -0.3506
Epoch: 75, Training Loss: 0.0643, Train MSE: 0.0643, r (train): 0.6898, Test MSE: 0.1037, r (test): -0.3222
Epoch: 76, Training Loss: 0.0361, Train MSE: 0.0361, r (train): 0.7466, Test MSE: 0.0754, r (test): -0.4284
Epoch: 77, Training Loss: 0.0731, Train MSE: 0.0731, r (train): 0.6801, Test MSE: 0.0997, r (test): -0.1733
Epoch: 78, Training Loss: 0.1080, Train MSE: 0.1080, r (train): 0.7458, Test MSE: 0.1544, r (test): -0.2811
Epoch: 79, Training Loss: 0.0543, Train MSE: 0.0543, r (train): 0.7261, Test MSE: 0.0984, r (test): -0.2523
Epoch: 80, Training Loss: 0.0384, Train MSE: 0.0384, r (train): 0.7321, Test MSE: 0.0777, r (test): -0.3820
Epoch: 81, Training Loss: 0.0942, Train MSE: 0.0942, r (train): 0.6883, Test MSE: 0.1300, r (test): -0.1622
Epoch: 82, Training Loss: 0.0513, Train MSE: 0.0513, r (train): 0.7168, Test MSE: 0.1033, r (test): -0.2224
Epoch: 83, Training Loss: 0.1260, Train MSE: 0.1260, r (train): 0.7537, Test MSE: 0.1789, r (test): -0.3195
Epoch: 84, Training Loss: 0.2182, Train MSE: 0.2182, r (train): 0.7254, Test MSE: 0.2935, r (test): -0.3529
Epoch: 85, Training Loss: 0.0393, Train MSE: 0.0393, r (train): 0.7382, Test MSE: 0.0860, r (test): -0.5064
Epoch: 86, Training Loss: 0.0481, Train MSE: 0.0481, r (train): 0.7178, Test MSE: 0.0902, r (test): -0.2921
Epoch: 87, Training Loss: 0.0362, Train MSE: 0.0362, r (train): 0.7542, Test MSE: 0.0788, r (test): -0.2996
Epoch: 88, Training Loss: 0.0351, Train MSE: 0.0351, r (train): 0.7529, Test MSE: 0.0796, r (test): -0.2796
Epoch: 89, Training Loss: 0.1226, Train MSE: 0.1226, r (train): 0.7124, Test MSE: 0.1900, r (test): -0.3621
Epoch: 90, Training Loss: 0.0339, Train MSE: 0.0339, r (train): 0.7583, Test MSE: 0.0831, r (test): -0.5013
Epoch: 91, Training Loss: 0.0406, Train MSE: 0.0406, r (train): 0.7061, Test MSE: 0.0803, r (test): -0.2614
Epoch: 92, Training Loss: 0.0516, Train MSE: 0.0516, r (train): 0.7349, Test MSE: 0.0990, r (test): -0.2825
Epoch: 93, Training Loss: 0.1220, Train MSE: 0.1220, r (train): 0.7438, Test MSE: 0.1844, r (test): -0.2972
Epoch: 94, Training Loss: 0.0408, Train MSE: 0.0408, r (train): 0.7443, Test MSE: 0.0897, r (test): -0.5104
Epoch: 95, Training Loss: 0.0723, Train MSE: 0.0723, r (train): 0.7470, Test MSE: 0.1253, r (test): -0.4801
Epoch: 96, Training Loss: 0.0519, Train MSE: 0.0519, r (train): 0.6137, Test MSE: 0.0783, r (test): -0.1785
Epoch: 97, Training Loss: 0.0668, Train MSE: 0.0668, r (train): 0.7278, Test MSE: 0.1251, r (test): -0.3565
Epoch: 98, Training Loss: 0.0983, Train MSE: 0.0983, r (train): 0.7276, Test MSE: 0.1482, r (test): -0.1264
Epoch: 99, Training Loss: 0.2260, Train MSE: 0.2260, r (train): 0.7304, Test MSE: 0.3138, r (test): -0.3905
Predicted tensors for training set: 
tensor([0.9069, 0.7286, 1.1947, 1.2256, 1.0582, 0.7255, 0.9878, 1.0136, 0.8258,
        0.9585, 1.0717, 1.2325, 0.9042, 1.0639, 0.6380, 1.1183, 1.5078, 0.5758,
        1.4884, 0.7524, 1.3735, 0.7801, 0.4986, 1.0096, 0.6390, 0.9385, 1.1427,
        1.3233, 0.4683, 1.1734, 1.2942, 0.8964, 0.9408, 0.8222, 1.1464, 0.7484,
        0.9568, 0.9186, 1.2654, 1.0526, 0.7879, 0.9729, 1.0737, 1.0266, 1.0912,
        0.8867, 1.3306, 0.8171, 0.8465, 1.5078, 1.3492, 0.7779, 1.1762, 0.5148,
        0.8644, 0.9477, 1.1196, 1.0727, 0.6587, 1.0528, 1.1088, 0.9011, 1.0723,
        0.7360, 0.9740, 0.9664, 0.8599, 0.8197, 0.6255, 1.0398, 1.2796, 0.8968])
Target tensorsfor training set: 
tensor([0.3077, 0.0389, 0.5187, 0.4640, 0.5564, 0.0981, 0.4341, 0.4526, 0.5780,
        0.6240, 0.9150, 0.9117, 0.5658, 0.8363, 0.2464, 0.9072, 0.9621, 0.0246,
        0.7791, 0.2255, 0.9656, 0.3174, 0.1295, 0.4818, 0.0763, 0.3453, 0.5779,
        0.7950, 0.0478, 0.8411, 0.8453, 0.6992, 0.5719, 0.3309, 0.9492, 0.4373,
        0.1218, 0.0636, 0.4036, 0.1294, 0.5023, 0.7462, 0.8988, 0.7596, 0.5102,
        0.2916, 0.8418, 0.2594, 0.2394, 0.8556, 0.6576, 0.1360, 0.9215, 0.2649,
        0.6595, 0.7372, 0.6846, 0.6199, 0.2169, 0.6577, 0.8728, 0.6671, 0.8391,
        0.5300, 0.7270, 0.7125, 0.5220, 0.4440, 0.3829, 0.7901, 0.9535, 0.7371])
Correlation for training set: 0.730426652115876
Predicted tensors for test set: 
tensor([1.0867, 0.8871, 1.1690, 1.0268, 1.2267, 1.1386, 1.0241, 1.0687, 0.9906,
        0.9355, 0.9355, 1.0986, 1.2029, 0.9632, 0.8826, 1.2016, 1.0164, 0.9274])
Target tensorsfor test set: 
tensor([0.5783, 0.5573, 0.1055, 0.4149, 0.4993, 0.4654, 0.7497, 0.6465, 0.8561,
        0.7171, 0.7507, 0.5178, 0.2271, 0.1493, 0.9127, 0.8524, 0.4513, 0.7144])
Correlation for test set: -0.3904913622980221
18 5
Fold 2
Epoch: 00, Training Loss: 0.3835, Train MSE: 0.3835, r (train): -0.0519, Test MSE: 0.3689, r (test): 0.0757
Epoch: 01, Training Loss: 0.6652, Train MSE: 0.6652, r (train): 0.3813, Test MSE: 0.6384, r (test): 0.0556
Epoch: 02, Training Loss: 0.7732, Train MSE: 0.7732, r (train): 0.5063, Test MSE: 0.7467, r (test): -0.0224
Epoch: 03, Training Loss: 0.5129, Train MSE: 0.5129, r (train): 0.7043, Test MSE: 0.5151, r (test): 0.1419
Epoch: 04, Training Loss: 0.0614, Train MSE: 0.0614, r (train): 0.6664, Test MSE: 0.1081, r (test): 0.1049
Epoch: 05, Training Loss: 0.0952, Train MSE: 0.0952, r (train): 0.7251, Test MSE: 0.1317, r (test): 0.2059
Epoch: 06, Training Loss: 1.5484, Train MSE: 1.5484, r (train): 0.7233, Test MSE: 1.6709, r (test): 0.1829
Epoch: 07, Training Loss: 0.0388, Train MSE: 0.0388, r (train): 0.7019, Test MSE: 0.0868, r (test): 0.1799
Epoch: 08, Training Loss: 0.1379, Train MSE: 0.1379, r (train): 0.7863, Test MSE: 0.2188, r (test): 0.2649
Epoch: 09, Training Loss: 0.0265, Train MSE: 0.0265, r (train): 0.7920, Test MSE: 0.0853, r (test): 0.2307
Epoch: 10, Training Loss: 0.0267, Train MSE: 0.0267, r (train): 0.7857, Test MSE: 0.0890, r (test): 0.2319
Epoch: 11, Training Loss: 0.0687, Train MSE: 0.0687, r (train): 0.8041, Test MSE: 0.1495, r (test): 0.1577
Epoch: 12, Training Loss: 0.1105, Train MSE: 0.1105, r (train): 0.8233, Test MSE: 0.1551, r (test): 0.2965
Epoch: 13, Training Loss: 0.0447, Train MSE: 0.0447, r (train): 0.8156, Test MSE: 0.0966, r (test): 0.2774
Epoch: 14, Training Loss: 0.0271, Train MSE: 0.0271, r (train): 0.8117, Test MSE: 0.0932, r (test): 0.2128
Epoch: 15, Training Loss: 0.0817, Train MSE: 0.0817, r (train): 0.8122, Test MSE: 0.1617, r (test): 0.2569
Epoch: 16, Training Loss: 0.1644, Train MSE: 0.1644, r (train): 0.8036, Test MSE: 0.2079, r (test): 0.2749
Epoch: 17, Training Loss: 0.0285, Train MSE: 0.0285, r (train): 0.8091, Test MSE: 0.0832, r (test): 0.2777
Epoch: 18, Training Loss: 0.0246, Train MSE: 0.0246, r (train): 0.8162, Test MSE: 0.0924, r (test): 0.1840
Epoch: 19, Training Loss: 0.0273, Train MSE: 0.0273, r (train): 0.8327, Test MSE: 0.0941, r (test): 0.2654
Epoch: 20, Training Loss: 0.0873, Train MSE: 0.0873, r (train): 0.8059, Test MSE: 0.1359, r (test): 0.2798
Epoch: 21, Training Loss: 0.0268, Train MSE: 0.0268, r (train): 0.8130, Test MSE: 0.0822, r (test): 0.2840
Epoch: 22, Training Loss: 0.0484, Train MSE: 0.0484, r (train): 0.8154, Test MSE: 0.1205, r (test): 0.2209
Epoch: 23, Training Loss: 0.0447, Train MSE: 0.0447, r (train): 0.8017, Test MSE: 0.0980, r (test): 0.2773
Epoch: 24, Training Loss: 0.0288, Train MSE: 0.0288, r (train): 0.8067, Test MSE: 0.0898, r (test): 0.2841
Epoch: 25, Training Loss: 0.0472, Train MSE: 0.0472, r (train): 0.7888, Test MSE: 0.0969, r (test): 0.2750
Epoch: 26, Training Loss: 0.1651, Train MSE: 0.1651, r (train): 0.7950, Test MSE: 0.2551, r (test): 0.2009
Epoch: 27, Training Loss: 0.0281, Train MSE: 0.0281, r (train): 0.7990, Test MSE: 0.0863, r (test): 0.2755
Epoch: 28, Training Loss: 0.0291, Train MSE: 0.0291, r (train): 0.7813, Test MSE: 0.0818, r (test): 0.2758
Epoch: 29, Training Loss: 0.0354, Train MSE: 0.0354, r (train): 0.7700, Test MSE: 0.0990, r (test): 0.1953
Epoch: 30, Training Loss: 0.0293, Train MSE: 0.0293, r (train): 0.7850, Test MSE: 0.0929, r (test): 0.2075
Epoch: 31, Training Loss: 0.0727, Train MSE: 0.0727, r (train): 0.8166, Test MSE: 0.1377, r (test): 0.2905
Epoch: 32, Training Loss: 0.0470, Train MSE: 0.0470, r (train): 0.7875, Test MSE: 0.0974, r (test): 0.2338
Epoch: 33, Training Loss: 0.0279, Train MSE: 0.0279, r (train): 0.7931, Test MSE: 0.0931, r (test): 0.1497
Epoch: 34, Training Loss: 0.0276, Train MSE: 0.0276, r (train): 0.8226, Test MSE: 0.0942, r (test): 0.2406
Epoch: 35, Training Loss: 0.0228, Train MSE: 0.0228, r (train): 0.8199, Test MSE: 0.0818, r (test): 0.2768
Epoch: 36, Training Loss: 0.0246, Train MSE: 0.0246, r (train): 0.8157, Test MSE: 0.0901, r (test): 0.2245
Epoch: 37, Training Loss: 0.0962, Train MSE: 0.0962, r (train): 0.8165, Test MSE: 0.1741, r (test): 0.2496
Epoch: 38, Training Loss: 0.0507, Train MSE: 0.0507, r (train): 0.7706, Test MSE: 0.1102, r (test): 0.0679
Epoch: 39, Training Loss: 0.2491, Train MSE: 0.2491, r (train): 0.8201, Test MSE: 0.3284, r (test): 0.2682
Epoch: 40, Training Loss: 0.1012, Train MSE: 0.1012, r (train): 0.7589, Test MSE: 0.1500, r (test): 0.0926
Epoch: 41, Training Loss: 0.0712, Train MSE: 0.0712, r (train): 0.7795, Test MSE: 0.1399, r (test): 0.2491
Epoch: 42, Training Loss: 0.0280, Train MSE: 0.0280, r (train): 0.7713, Test MSE: 0.0910, r (test): 0.1262
Epoch: 43, Training Loss: 0.0478, Train MSE: 0.0478, r (train): 0.8184, Test MSE: 0.1130, r (test): 0.2663
Epoch: 44, Training Loss: 0.0420, Train MSE: 0.0420, r (train): 0.7457, Test MSE: 0.0910, r (test): 0.2235
Epoch: 45, Training Loss: 0.0325, Train MSE: 0.0325, r (train): 0.7698, Test MSE: 0.0842, r (test): 0.2789
Epoch: 46, Training Loss: 0.0298, Train MSE: 0.0298, r (train): 0.8075, Test MSE: 0.0933, r (test): 0.2584
Epoch: 47, Training Loss: 0.0273, Train MSE: 0.0273, r (train): 0.7862, Test MSE: 0.0799, r (test): 0.3105
Epoch: 48, Training Loss: 0.0293, Train MSE: 0.0293, r (train): 0.7961, Test MSE: 0.0930, r (test): 0.2172
Epoch: 49, Training Loss: 0.0286, Train MSE: 0.0286, r (train): 0.7771, Test MSE: 0.0789, r (test): 0.3192
Epoch: 50, Training Loss: 0.0712, Train MSE: 0.0712, r (train): 0.8103, Test MSE: 0.1456, r (test): 0.2217
Epoch: 51, Training Loss: 0.1260, Train MSE: 0.1260, r (train): 0.7906, Test MSE: 0.2156, r (test): 0.1201
Epoch: 52, Training Loss: 0.0275, Train MSE: 0.0275, r (train): 0.7887, Test MSE: 0.0903, r (test): 0.1507
Epoch: 53, Training Loss: 0.1042, Train MSE: 0.1042, r (train): 0.7536, Test MSE: 0.1590, r (test): 0.2323
Epoch: 54, Training Loss: 0.0522, Train MSE: 0.0522, r (train): 0.8093, Test MSE: 0.1195, r (test): 0.2725
Epoch: 55, Training Loss: 0.3167, Train MSE: 0.3167, r (train): 0.7816, Test MSE: 0.4083, r (test): 0.2938
Epoch: 56, Training Loss: 0.0307, Train MSE: 0.0307, r (train): 0.7865, Test MSE: 0.0882, r (test): 0.2108
Epoch: 57, Training Loss: 0.0351, Train MSE: 0.0351, r (train): 0.7770, Test MSE: 0.0890, r (test): 0.2363
Epoch: 58, Training Loss: 0.0419, Train MSE: 0.0419, r (train): 0.7762, Test MSE: 0.0978, r (test): 0.1597
Epoch: 59, Training Loss: 0.0354, Train MSE: 0.0354, r (train): 0.8268, Test MSE: 0.1046, r (test): 0.1547
Epoch: 60, Training Loss: 0.0438, Train MSE: 0.0438, r (train): 0.8182, Test MSE: 0.1058, r (test): 0.2697
Epoch: 61, Training Loss: 0.0244, Train MSE: 0.0244, r (train): 0.8172, Test MSE: 0.0876, r (test): 0.2448
Epoch: 62, Training Loss: 0.0248, Train MSE: 0.0248, r (train): 0.8115, Test MSE: 0.0886, r (test): 0.2325
Epoch: 63, Training Loss: 0.0452, Train MSE: 0.0452, r (train): 0.8009, Test MSE: 0.1124, r (test): 0.1279
Epoch: 64, Training Loss: 0.0228, Train MSE: 0.0228, r (train): 0.8193, Test MSE: 0.0882, r (test): 0.1784
Epoch: 65, Training Loss: 0.0764, Train MSE: 0.0764, r (train): 0.8211, Test MSE: 0.1447, r (test): 0.2364
Epoch: 66, Training Loss: 0.0315, Train MSE: 0.0315, r (train): 0.8104, Test MSE: 0.0972, r (test): 0.2446
Epoch: 67, Training Loss: 0.0766, Train MSE: 0.0766, r (train): 0.7569, Test MSE: 0.1333, r (test): 0.1539
Epoch: 68, Training Loss: 0.0217, Train MSE: 0.0217, r (train): 0.8314, Test MSE: 0.0881, r (test): 0.1690
Epoch: 69, Training Loss: 0.1190, Train MSE: 0.1190, r (train): 0.8136, Test MSE: 0.1840, r (test): 0.2630
Epoch: 70, Training Loss: 0.0268, Train MSE: 0.0268, r (train): 0.8112, Test MSE: 0.0863, r (test): 0.2551
Epoch: 71, Training Loss: 0.0475, Train MSE: 0.0475, r (train): 0.7856, Test MSE: 0.1015, r (test): 0.2549
Epoch: 72, Training Loss: 0.0278, Train MSE: 0.0278, r (train): 0.8111, Test MSE: 0.0894, r (test): 0.1780
Epoch: 73, Training Loss: 0.0594, Train MSE: 0.0594, r (train): 0.8262, Test MSE: 0.1284, r (test): 0.1456
Epoch: 74, Training Loss: 0.0464, Train MSE: 0.0464, r (train): 0.8208, Test MSE: 0.1070, r (test): 0.2611
Epoch: 75, Training Loss: 0.0331, Train MSE: 0.0331, r (train): 0.7973, Test MSE: 0.0889, r (test): 0.2613
Epoch: 76, Training Loss: 0.0283, Train MSE: 0.0283, r (train): 0.8134, Test MSE: 0.0857, r (test): 0.2644
Epoch: 77, Training Loss: 0.0225, Train MSE: 0.0225, r (train): 0.8238, Test MSE: 0.0866, r (test): 0.2027
Epoch: 78, Training Loss: 0.0904, Train MSE: 0.0904, r (train): 0.8244, Test MSE: 0.1524, r (test): 0.2526
Epoch: 79, Training Loss: 0.0257, Train MSE: 0.0257, r (train): 0.8019, Test MSE: 0.0844, r (test): 0.2521
Epoch: 80, Training Loss: 0.0294, Train MSE: 0.0294, r (train): 0.8030, Test MSE: 0.0846, r (test): 0.2885
Epoch: 81, Training Loss: 0.0261, Train MSE: 0.0261, r (train): 0.8195, Test MSE: 0.0853, r (test): 0.2775
Epoch: 82, Training Loss: 0.0644, Train MSE: 0.0644, r (train): 0.8135, Test MSE: 0.1278, r (test): 0.2199
Epoch: 83, Training Loss: 0.0385, Train MSE: 0.0385, r (train): 0.8135, Test MSE: 0.1012, r (test): 0.2026
Epoch: 84, Training Loss: 0.0534, Train MSE: 0.0534, r (train): 0.7737, Test MSE: 0.1057, r (test): 0.2783
Epoch: 85, Training Loss: 0.0226, Train MSE: 0.0226, r (train): 0.8192, Test MSE: 0.0797, r (test): 0.2966
Epoch: 86, Training Loss: 0.0510, Train MSE: 0.0510, r (train): 0.8171, Test MSE: 0.1124, r (test): 0.2403
Epoch: 87, Training Loss: 0.0258, Train MSE: 0.0258, r (train): 0.8036, Test MSE: 0.0872, r (test): 0.2027
Epoch: 88, Training Loss: 0.0312, Train MSE: 0.0312, r (train): 0.7918, Test MSE: 0.0889, r (test): 0.2354
Epoch: 89, Training Loss: 0.0240, Train MSE: 0.0240, r (train): 0.8083, Test MSE: 0.0832, r (test): 0.2526
Epoch: 90, Training Loss: 0.0412, Train MSE: 0.0412, r (train): 0.8319, Test MSE: 0.1005, r (test): 0.2728
Epoch: 91, Training Loss: 0.0298, Train MSE: 0.0298, r (train): 0.8095, Test MSE: 0.0902, r (test): 0.2136
Epoch: 92, Training Loss: 0.0262, Train MSE: 0.0262, r (train): 0.7979, Test MSE: 0.0865, r (test): 0.2047
Epoch: 93, Training Loss: 0.0240, Train MSE: 0.0240, r (train): 0.8127, Test MSE: 0.0838, r (test): 0.2499
Epoch: 94, Training Loss: 0.0247, Train MSE: 0.0247, r (train): 0.8271, Test MSE: 0.0857, r (test): 0.2551
Epoch: 95, Training Loss: 0.0255, Train MSE: 0.0255, r (train): 0.8214, Test MSE: 0.0865, r (test): 0.2510
Epoch: 96, Training Loss: 0.0286, Train MSE: 0.0286, r (train): 0.8138, Test MSE: 0.0883, r (test): 0.2476
Epoch: 97, Training Loss: 0.0267, Train MSE: 0.0267, r (train): 0.7993, Test MSE: 0.0847, r (test): 0.2517
Epoch: 98, Training Loss: 0.0239, Train MSE: 0.0239, r (train): 0.8144, Test MSE: 0.0838, r (test): 0.2486
Epoch: 99, Training Loss: 0.0233, Train MSE: 0.0233, r (train): 0.8127, Test MSE: 0.0845, r (test): 0.2245
Predicted tensors for training set: 
tensor([0.6785, 0.6674, 0.2833, 0.4985, 0.5974, 0.5641, 0.8912, 0.7639, 0.6601,
        0.5175, 0.5372, 0.3583, 0.2871, 0.1950, 1.0082, 0.8944, 0.4162, 0.6543,
        0.7439, 0.2426, 0.9495, 0.3842, 0.1785, 0.5361, 0.1909, 0.4332, 0.6926,
        0.9087, 0.0741, 0.7920, 0.8137, 0.6776, 0.5373, 0.3163, 0.8219, 0.4124,
        0.5104, 0.4674, 0.7789, 0.5082, 0.4443, 0.5677, 0.7081, 0.6121, 0.5449,
        0.3426, 0.8765, 0.3436, 0.3579, 1.0890, 0.8680, 0.2565, 0.6864, 0.1687,
        0.4934, 0.5413, 0.7116, 0.6399, 0.2781, 0.6905, 0.6406, 0.4752, 0.6160,
        0.3367, 0.6493, 0.6421, 0.4485, 0.3782, 0.2368, 0.6014, 0.7428, 0.5297])
Target tensorsfor training set: 
tensor([0.5783, 0.5573, 0.1055, 0.4149, 0.4993, 0.4654, 0.7497, 0.6465, 0.8561,
        0.7171, 0.7507, 0.5178, 0.2271, 0.1493, 0.9127, 0.8524, 0.4513, 0.7144,
        0.7791, 0.2255, 0.9656, 0.3174, 0.1295, 0.4818, 0.0763, 0.3453, 0.5779,
        0.7950, 0.0478, 0.8411, 0.8453, 0.6992, 0.5719, 0.3309, 0.9492, 0.4373,
        0.1218, 0.0636, 0.4036, 0.1294, 0.5023, 0.7462, 0.8988, 0.7596, 0.5102,
        0.2916, 0.8418, 0.2594, 0.2394, 0.8556, 0.6576, 0.1360, 0.9215, 0.2649,
        0.6595, 0.7372, 0.6846, 0.6199, 0.2169, 0.6577, 0.8728, 0.6671, 0.8391,
        0.5300, 0.7270, 0.7125, 0.5220, 0.4440, 0.3829, 0.7901, 0.9535, 0.7371])
Correlation for training set: 0.8126993117833584
Predicted tensors for test set: 
tensor([0.4961, 0.3748, 0.4206, 0.5197, 0.5243, 0.5599, 0.3903, 0.7784, 0.4761,
        0.4959, 0.5277, 0.8149, 0.5431, 0.4470, 0.4310, 0.4943, 0.4730, 0.5302])
Target tensorsfor test set: 
tensor([0.3077, 0.0389, 0.5187, 0.4640, 0.5564, 0.0981, 0.4341, 0.4526, 0.5780,
        0.6240, 0.9150, 0.9117, 0.5658, 0.8363, 0.2464, 0.9072, 0.9621, 0.0246])
Correlation for test set: 0.22449827889299204
18 5
Fold 3
Epoch: 00, Training Loss: 0.0686, Train MSE: 0.0686, r (train): -0.0753, Test MSE: 0.0878, r (test): -0.5095
Epoch: 01, Training Loss: 0.0875, Train MSE: 0.0875, r (train): -0.0713, Test MSE: 0.0982, r (test): -0.5113
Epoch: 02, Training Loss: 0.1808, Train MSE: 0.1808, r (train): 0.7032, Test MSE: 0.1802, r (test): -0.3242
Epoch: 03, Training Loss: 0.2063, Train MSE: 0.2063, r (train): 0.6709, Test MSE: 0.2162, r (test): 0.1817
Epoch: 04, Training Loss: 0.3459, Train MSE: 0.3459, r (train): 0.6788, Test MSE: 0.4123, r (test): 0.2041
Epoch: 05, Training Loss: 0.2129, Train MSE: 0.2129, r (train): 0.6528, Test MSE: 0.2768, r (test): 0.3353
Epoch: 06, Training Loss: 0.0658, Train MSE: 0.0658, r (train): 0.7360, Test MSE: 0.1173, r (test): 0.0715
Epoch: 07, Training Loss: 0.0765, Train MSE: 0.0765, r (train): 0.7699, Test MSE: 0.1352, r (test): 0.1640
Epoch: 08, Training Loss: 0.0733, Train MSE: 0.0733, r (train): 0.7644, Test MSE: 0.1563, r (test): -0.2098
Epoch: 09, Training Loss: 0.1339, Train MSE: 0.1339, r (train): 0.7566, Test MSE: 0.2116, r (test): 0.0933
Epoch: 10, Training Loss: 0.3184, Train MSE: 0.3184, r (train): 0.7562, Test MSE: 0.3946, r (test): 0.1345
Epoch: 11, Training Loss: 0.0237, Train MSE: 0.0237, r (train): 0.8118, Test MSE: 0.1066, r (test): -0.1008
Epoch: 12, Training Loss: 0.0467, Train MSE: 0.0467, r (train): 0.8058, Test MSE: 0.1179, r (test): -0.0040
Epoch: 13, Training Loss: 0.0292, Train MSE: 0.0292, r (train): 0.8111, Test MSE: 0.1089, r (test): -0.1207
Epoch: 14, Training Loss: 0.0240, Train MSE: 0.0240, r (train): 0.8068, Test MSE: 0.0994, r (test): -0.0085
Epoch: 15, Training Loss: 0.0324, Train MSE: 0.0324, r (train): 0.8018, Test MSE: 0.1096, r (test): -0.1073
Epoch: 16, Training Loss: 0.0653, Train MSE: 0.0653, r (train): 0.7712, Test MSE: 0.1440, r (test): -0.1964
Epoch: 17, Training Loss: 0.0452, Train MSE: 0.0452, r (train): 0.7671, Test MSE: 0.1205, r (test): -0.1365
Epoch: 18, Training Loss: 0.0312, Train MSE: 0.0312, r (train): 0.7732, Test MSE: 0.1096, r (test): -0.1218
Epoch: 19, Training Loss: 0.0399, Train MSE: 0.0399, r (train): 0.7520, Test MSE: 0.1097, r (test): 0.0370
Epoch: 20, Training Loss: 0.2015, Train MSE: 0.2015, r (train): 0.7376, Test MSE: 0.2376, r (test): 0.0176
Epoch: 21, Training Loss: 0.2029, Train MSE: 0.2029, r (train): 0.7627, Test MSE: 0.2996, r (test): -0.0468
Epoch: 22, Training Loss: 0.0500, Train MSE: 0.0500, r (train): 0.7214, Test MSE: 0.1170, r (test): -0.0490
Epoch: 23, Training Loss: 0.0384, Train MSE: 0.0384, r (train): 0.7563, Test MSE: 0.1196, r (test): -0.1269
Epoch: 24, Training Loss: 0.0443, Train MSE: 0.0443, r (train): 0.7458, Test MSE: 0.1163, r (test): 0.0188
Epoch: 25, Training Loss: 0.0589, Train MSE: 0.0589, r (train): 0.7215, Test MSE: 0.1327, r (test): -0.1581
Epoch: 26, Training Loss: 0.0365, Train MSE: 0.0365, r (train): 0.7406, Test MSE: 0.1109, r (test): -0.0838
Epoch: 27, Training Loss: 0.0341, Train MSE: 0.0341, r (train): 0.7380, Test MSE: 0.1052, r (test): -0.0914
Epoch: 28, Training Loss: 0.1440, Train MSE: 0.1440, r (train): 0.7392, Test MSE: 0.2239, r (test): 0.1044
Epoch: 29, Training Loss: 0.0348, Train MSE: 0.0348, r (train): 0.7453, Test MSE: 0.1005, r (test): 0.0189
Epoch: 30, Training Loss: 0.0765, Train MSE: 0.0765, r (train): 0.6996, Test MSE: 0.1507, r (test): -0.1617
Epoch: 31, Training Loss: 0.1176, Train MSE: 0.1176, r (train): 0.7469, Test MSE: 0.2011, r (test): 0.0175
Epoch: 32, Training Loss: 0.1003, Train MSE: 0.1003, r (train): 0.7676, Test MSE: 0.1879, r (test): 0.0371
Epoch: 33, Training Loss: 0.0685, Train MSE: 0.0685, r (train): 0.7273, Test MSE: 0.1384, r (test): -0.1583
Epoch: 34, Training Loss: 0.0542, Train MSE: 0.0542, r (train): 0.7657, Test MSE: 0.1317, r (test): -0.0174
Epoch: 35, Training Loss: 0.0344, Train MSE: 0.0344, r (train): 0.7711, Test MSE: 0.1039, r (test): -0.0517
Epoch: 36, Training Loss: 0.0302, Train MSE: 0.0302, r (train): 0.7652, Test MSE: 0.0989, r (test): -0.0133
Epoch: 37, Training Loss: 0.0717, Train MSE: 0.0717, r (train): 0.7843, Test MSE: 0.1491, r (test): 0.1042
Epoch: 38, Training Loss: 0.0873, Train MSE: 0.0873, r (train): 0.7803, Test MSE: 0.1423, r (test): 0.0132
Epoch: 39, Training Loss: 0.0768, Train MSE: 0.0768, r (train): 0.8029, Test MSE: 0.1536, r (test): 0.1207
Epoch: 40, Training Loss: 0.0305, Train MSE: 0.0305, r (train): 0.7683, Test MSE: 0.1083, r (test): -0.0078
Epoch: 41, Training Loss: 0.0698, Train MSE: 0.0698, r (train): 0.7838, Test MSE: 0.1533, r (test): -0.0473
Epoch: 42, Training Loss: 0.0305, Train MSE: 0.0305, r (train): 0.7503, Test MSE: 0.0994, r (test): 0.0094
Epoch: 43, Training Loss: 0.0863, Train MSE: 0.0863, r (train): 0.7674, Test MSE: 0.1676, r (test): 0.0025
Epoch: 44, Training Loss: 0.0420, Train MSE: 0.0420, r (train): 0.7506, Test MSE: 0.1157, r (test): 0.0385
Epoch: 45, Training Loss: 0.2650, Train MSE: 0.2650, r (train): 0.5616, Test MSE: 0.3283, r (test): -0.2584
Epoch: 46, Training Loss: 0.0908, Train MSE: 0.0908, r (train): 0.7033, Test MSE: 0.1829, r (test): -0.1675
Epoch: 47, Training Loss: 0.0576, Train MSE: 0.0576, r (train): 0.6861, Test MSE: 0.1335, r (test): -0.1481
Epoch: 48, Training Loss: 0.0457, Train MSE: 0.0457, r (train): 0.7569, Test MSE: 0.1406, r (test): -0.1693
Epoch: 49, Training Loss: 0.1284, Train MSE: 0.1284, r (train): 0.7127, Test MSE: 0.2100, r (test): -0.0606
Epoch: 50, Training Loss: 0.3683, Train MSE: 0.3683, r (train): 0.7041, Test MSE: 0.4569, r (test): 0.1450
Epoch: 51, Training Loss: 0.0429, Train MSE: 0.0429, r (train): 0.6879, Test MSE: 0.1054, r (test): -0.1286
Epoch: 52, Training Loss: 0.0390, Train MSE: 0.0390, r (train): 0.8018, Test MSE: 0.1321, r (test): -0.0273
Epoch: 53, Training Loss: 0.0334, Train MSE: 0.0334, r (train): 0.7485, Test MSE: 0.1116, r (test): -0.1450
Epoch: 54, Training Loss: 0.0289, Train MSE: 0.0289, r (train): 0.7615, Test MSE: 0.1070, r (test): -0.1537
Epoch: 55, Training Loss: 0.0337, Train MSE: 0.0337, r (train): 0.7703, Test MSE: 0.1183, r (test): -0.1164
Epoch: 56, Training Loss: 0.1311, Train MSE: 0.1311, r (train): 0.7531, Test MSE: 0.2320, r (test): 0.0250
Epoch: 57, Training Loss: 0.0334, Train MSE: 0.0334, r (train): 0.7668, Test MSE: 0.1076, r (test): -0.0732
Epoch: 58, Training Loss: 0.0340, Train MSE: 0.0340, r (train): 0.7800, Test MSE: 0.1088, r (test): -0.0711
Epoch: 59, Training Loss: 0.0349, Train MSE: 0.0349, r (train): 0.7620, Test MSE: 0.1094, r (test): -0.1691
Epoch: 60, Training Loss: 0.0431, Train MSE: 0.0431, r (train): 0.7833, Test MSE: 0.1315, r (test): -0.0895
Epoch: 61, Training Loss: 0.2010, Train MSE: 0.2010, r (train): 0.7592, Test MSE: 0.3092, r (test): 0.0930
Epoch: 62, Training Loss: 0.0703, Train MSE: 0.0703, r (train): 0.7492, Test MSE: 0.1412, r (test): -0.1656
Epoch: 63, Training Loss: 0.0409, Train MSE: 0.0409, r (train): 0.7735, Test MSE: 0.1160, r (test): -0.1464
Epoch: 64, Training Loss: 0.0348, Train MSE: 0.0348, r (train): 0.7883, Test MSE: 0.1136, r (test): -0.0127
Epoch: 65, Training Loss: 0.1518, Train MSE: 0.1518, r (train): 0.7889, Test MSE: 0.2660, r (test): 0.0413
Epoch: 66, Training Loss: 0.0555, Train MSE: 0.0555, r (train): 0.7526, Test MSE: 0.1316, r (test): -0.1955
Epoch: 67, Training Loss: 0.0300, Train MSE: 0.0300, r (train): 0.7805, Test MSE: 0.1072, r (test): -0.1173
Epoch: 68, Training Loss: 0.0255, Train MSE: 0.0255, r (train): 0.7939, Test MSE: 0.1038, r (test): -0.0634
Epoch: 69, Training Loss: 0.0390, Train MSE: 0.0390, r (train): 0.7930, Test MSE: 0.1326, r (test): -0.0972
Epoch: 70, Training Loss: 0.0280, Train MSE: 0.0280, r (train): 0.7918, Test MSE: 0.1131, r (test): -0.0841
Epoch: 71, Training Loss: 0.0273, Train MSE: 0.0273, r (train): 0.7819, Test MSE: 0.1092, r (test): -0.1070
Epoch: 72, Training Loss: 0.0264, Train MSE: 0.0264, r (train): 0.7948, Test MSE: 0.1124, r (test): -0.1189
Epoch: 73, Training Loss: 0.0294, Train MSE: 0.0294, r (train): 0.7946, Test MSE: 0.1163, r (test): -0.0891
Epoch: 74, Training Loss: 0.0320, Train MSE: 0.0320, r (train): 0.7960, Test MSE: 0.1200, r (test): -0.0592
Epoch: 75, Training Loss: 0.0316, Train MSE: 0.0316, r (train): 0.7781, Test MSE: 0.1141, r (test): -0.1548
Epoch: 76, Training Loss: 0.0262, Train MSE: 0.0262, r (train): 0.7933, Test MSE: 0.1113, r (test): -0.1208
Epoch: 77, Training Loss: 0.0304, Train MSE: 0.0304, r (train): 0.7987, Test MSE: 0.1184, r (test): -0.0817
Epoch: 78, Training Loss: 0.0287, Train MSE: 0.0287, r (train): 0.7959, Test MSE: 0.1168, r (test): -0.0936
Epoch: 79, Training Loss: 0.0281, Train MSE: 0.0281, r (train): 0.7878, Test MSE: 0.1119, r (test): -0.1361
Epoch: 80, Training Loss: 0.0269, Train MSE: 0.0269, r (train): 0.7842, Test MSE: 0.1101, r (test): -0.1258
Epoch: 81, Training Loss: 0.0314, Train MSE: 0.0314, r (train): 0.7986, Test MSE: 0.1216, r (test): -0.0938
Epoch: 82, Training Loss: 0.0290, Train MSE: 0.0290, r (train): 0.7981, Test MSE: 0.1188, r (test): -0.1072
Epoch: 83, Training Loss: 0.0263, Train MSE: 0.0263, r (train): 0.7952, Test MSE: 0.1121, r (test): -0.1100
Epoch: 84, Training Loss: 0.0271, Train MSE: 0.0271, r (train): 0.7841, Test MSE: 0.1112, r (test): -0.1313
Epoch: 85, Training Loss: 0.0277, Train MSE: 0.0277, r (train): 0.7891, Test MSE: 0.1147, r (test): -0.1192
Epoch: 86, Training Loss: 0.0280, Train MSE: 0.0280, r (train): 0.7957, Test MSE: 0.1163, r (test): -0.1101
Epoch: 87, Training Loss: 0.0283, Train MSE: 0.0283, r (train): 0.7987, Test MSE: 0.1166, r (test): -0.0930
Epoch: 88, Training Loss: 0.0264, Train MSE: 0.0264, r (train): 0.7930, Test MSE: 0.1123, r (test): -0.1207
Epoch: 89, Training Loss: 0.0273, Train MSE: 0.0273, r (train): 0.7857, Test MSE: 0.1129, r (test): -0.1409
Epoch: 90, Training Loss: 0.0278, Train MSE: 0.0278, r (train): 0.7919, Test MSE: 0.1154, r (test): -0.1138
Epoch: 91, Training Loss: 0.0285, Train MSE: 0.0285, r (train): 0.7958, Test MSE: 0.1168, r (test): -0.1040
Epoch: 92, Training Loss: 0.0271, Train MSE: 0.0271, r (train): 0.7987, Test MSE: 0.1152, r (test): -0.1064
Epoch: 93, Training Loss: 0.0265, Train MSE: 0.0265, r (train): 0.7908, Test MSE: 0.1119, r (test): -0.1340
Epoch: 94, Training Loss: 0.0271, Train MSE: 0.0271, r (train): 0.7887, Test MSE: 0.1133, r (test): -0.1210
Epoch: 95, Training Loss: 0.0283, Train MSE: 0.0283, r (train): 0.7911, Test MSE: 0.1166, r (test): -0.1190
Epoch: 96, Training Loss: 0.0277, Train MSE: 0.0277, r (train): 0.7950, Test MSE: 0.1162, r (test): -0.1200
Epoch: 97, Training Loss: 0.0265, Train MSE: 0.0265, r (train): 0.7989, Test MSE: 0.1139, r (test): -0.1102
Epoch: 98, Training Loss: 0.0269, Train MSE: 0.0269, r (train): 0.7914, Test MSE: 0.1126, r (test): -0.1146
Epoch: 99, Training Loss: 0.0276, Train MSE: 0.0276, r (train): 0.7890, Test MSE: 0.1156, r (test): -0.1310
Predicted tensors for training set: 
tensor([0.7321, 0.7001, 0.2388, 0.5245, 0.5184, 0.5012, 0.7957, 0.6735, 0.6602,
        0.5738, 0.5875, 0.3840, 0.2605, 0.1727, 1.0822, 1.0335, 0.6621, 1.0227,
        0.4779, 0.2037, 0.6344, 0.5121, 0.6465, 0.1950, 0.5152, 0.5526, 0.6870,
        0.7373, 0.7192, 0.7044, 0.4012, 0.6447, 0.3313, 1.1005, 1.1846, 0.0725,
        0.5605, 0.4558, 0.8418, 0.5063, 0.3945, 0.6120, 0.7498, 0.6180, 0.5223,
        0.3315, 0.8868, 0.2916, 0.2872, 1.1258, 0.8516, 0.1636, 0.7689, 0.2119,
        0.5435, 0.6129, 0.7298, 0.6680, 0.2511, 0.7055, 0.6801, 0.5111, 0.6616,
        0.3784, 0.6056, 0.6022, 0.4072, 0.3414, 0.2540, 0.6078, 0.7422, 0.5515])
Target tensorsfor training set: 
tensor([0.5783, 0.5573, 0.1055, 0.4149, 0.4993, 0.4654, 0.7497, 0.6465, 0.8561,
        0.7171, 0.7507, 0.5178, 0.2271, 0.1493, 0.9127, 0.8524, 0.4513, 0.7144,
        0.3077, 0.0389, 0.5187, 0.4640, 0.5564, 0.0981, 0.4341, 0.4526, 0.5780,
        0.6240, 0.9150, 0.9117, 0.5658, 0.8363, 0.2464, 0.9072, 0.9621, 0.0246,
        0.1218, 0.0636, 0.4036, 0.1294, 0.5023, 0.7462, 0.8988, 0.7596, 0.5102,
        0.2916, 0.8418, 0.2594, 0.2394, 0.8556, 0.6576, 0.1360, 0.9215, 0.2649,
        0.6595, 0.7372, 0.6846, 0.6199, 0.2169, 0.6577, 0.8728, 0.6671, 0.8391,
        0.5300, 0.7270, 0.7125, 0.5220, 0.4440, 0.3829, 0.7901, 0.9535, 0.7371])
Correlation for training set: 0.7889865260222072
Predicted tensors for test set: 
tensor([0.5733, 0.6300, 0.4128, 0.3196, 0.4082, 0.8060, 0.7010, 0.6020, 0.3680,
        0.5747, 0.6518, 0.6422, 0.6279, 0.4983, 0.7263, 0.7317, 0.5581, 0.5271])
Target tensorsfor test set: 
tensor([0.7791, 0.2255, 0.9656, 0.3174, 0.1295, 0.4818, 0.0763, 0.3453, 0.5779,
        0.7950, 0.0478, 0.8411, 0.8453, 0.6992, 0.5719, 0.3309, 0.9492, 0.4373])
Correlation for test set: -0.13098768190914226
18 5
Fold 4
Epoch: 00, Training Loss: 0.0843, Train MSE: 0.0843, r (train): -0.2417, Test MSE: 0.0886, r (test): -0.1725
Epoch: 01, Training Loss: 0.2123, Train MSE: 0.2123, r (train): -0.1879, Test MSE: 0.1728, r (test): -0.2544
Epoch: 02, Training Loss: 0.3698, Train MSE: 0.3698, r (train): 0.5467, Test MSE: 0.3017, r (test): 0.1707
Epoch: 03, Training Loss: 0.2566, Train MSE: 0.2566, r (train): 0.6105, Test MSE: 0.2160, r (test): 0.4238
Epoch: 04, Training Loss: 0.2331, Train MSE: 0.2331, r (train): 0.5172, Test MSE: 0.3407, r (test): 0.2046
Epoch: 05, Training Loss: 0.3705, Train MSE: 0.3705, r (train): 0.6631, Test MSE: 0.4652, r (test): 0.4188
Epoch: 06, Training Loss: 0.2283, Train MSE: 0.2283, r (train): 0.7002, Test MSE: 0.2987, r (test): 0.4922
Epoch: 07, Training Loss: 0.0328, Train MSE: 0.0328, r (train): 0.7382, Test MSE: 0.0715, r (test): 0.5062
Epoch: 08, Training Loss: 0.0656, Train MSE: 0.0656, r (train): 0.7179, Test MSE: 0.0880, r (test): 0.5055
Epoch: 09, Training Loss: 0.0335, Train MSE: 0.0335, r (train): 0.7597, Test MSE: 0.0781, r (test): 0.4373
Epoch: 10, Training Loss: 0.0727, Train MSE: 0.0727, r (train): 0.7489, Test MSE: 0.1354, r (test): 0.4248
Epoch: 11, Training Loss: 0.0671, Train MSE: 0.0671, r (train): 0.7593, Test MSE: 0.0944, r (test): 0.4399
Epoch: 12, Training Loss: 0.0317, Train MSE: 0.0317, r (train): 0.7646, Test MSE: 0.0699, r (test): 0.4531
Epoch: 13, Training Loss: 0.1282, Train MSE: 0.1282, r (train): 0.7256, Test MSE: 0.1462, r (test): 0.4420
Epoch: 14, Training Loss: 0.0477, Train MSE: 0.0477, r (train): 0.7446, Test MSE: 0.1116, r (test): 0.4218
Epoch: 15, Training Loss: 0.0584, Train MSE: 0.0584, r (train): 0.7305, Test MSE: 0.0880, r (test): 0.4211
Epoch: 16, Training Loss: 0.0667, Train MSE: 0.0667, r (train): 0.7479, Test MSE: 0.1254, r (test): 0.4201
Epoch: 17, Training Loss: 0.1345, Train MSE: 0.1345, r (train): 0.6862, Test MSE: 0.1496, r (test): 0.4646
Epoch: 18, Training Loss: 0.0332, Train MSE: 0.0332, r (train): 0.7215, Test MSE: 0.0761, r (test): 0.4228
Epoch: 19, Training Loss: 0.0494, Train MSE: 0.0494, r (train): 0.7292, Test MSE: 0.0807, r (test): 0.4348
Epoch: 20, Training Loss: 0.0453, Train MSE: 0.0453, r (train): 0.7023, Test MSE: 0.0759, r (test): 0.4428
Epoch: 21, Training Loss: 0.0510, Train MSE: 0.0510, r (train): 0.6687, Test MSE: 0.0801, r (test): 0.4277
Epoch: 22, Training Loss: 0.0770, Train MSE: 0.0770, r (train): 0.6914, Test MSE: 0.1280, r (test): 0.3734
Epoch: 23, Training Loss: 0.1012, Train MSE: 0.1012, r (train): 0.6240, Test MSE: 0.1213, r (test): 0.3764
Epoch: 24, Training Loss: 0.3014, Train MSE: 0.3014, r (train): 0.6805, Test MSE: 0.3479, r (test): 0.3556
Epoch: 25, Training Loss: 0.0457, Train MSE: 0.0457, r (train): 0.6328, Test MSE: 0.0755, r (test): 0.3751
Epoch: 26, Training Loss: 0.0812, Train MSE: 0.0812, r (train): 0.6476, Test MSE: 0.1095, r (test): 0.3991
Epoch: 27, Training Loss: 0.0605, Train MSE: 0.0605, r (train): 0.6609, Test MSE: 0.0881, r (test): 0.4005
Epoch: 28, Training Loss: 0.0548, Train MSE: 0.0548, r (train): 0.6573, Test MSE: 0.0821, r (test): 0.3861
Epoch: 29, Training Loss: 0.0481, Train MSE: 0.0481, r (train): 0.6537, Test MSE: 0.0777, r (test): 0.4021
Epoch: 30, Training Loss: 0.0510, Train MSE: 0.0510, r (train): 0.6487, Test MSE: 0.0847, r (test): 0.4250
Epoch: 31, Training Loss: 0.1411, Train MSE: 0.1411, r (train): 0.6931, Test MSE: 0.1819, r (test): 0.3705
Epoch: 32, Training Loss: 0.2420, Train MSE: 0.2420, r (train): 0.6678, Test MSE: 0.2769, r (test): 0.3820
Epoch: 33, Training Loss: 0.0517, Train MSE: 0.0517, r (train): 0.6360, Test MSE: 0.0808, r (test): 0.3371
Epoch: 34, Training Loss: 0.1443, Train MSE: 0.1443, r (train): 0.6754, Test MSE: 0.1690, r (test): 0.3713
Epoch: 35, Training Loss: 0.0498, Train MSE: 0.0498, r (train): 0.6157, Test MSE: 0.0781, r (test): 0.3176
Epoch: 36, Training Loss: 0.6509, Train MSE: 0.6509, r (train): 0.6780, Test MSE: 0.7396, r (test): 0.2762
Epoch: 37, Training Loss: 0.0382, Train MSE: 0.0382, r (train): 0.7057, Test MSE: 0.0782, r (test): 0.3665
Epoch: 38, Training Loss: 0.0562, Train MSE: 0.0562, r (train): 0.7127, Test MSE: 0.1108, r (test): 0.3818
Epoch: 39, Training Loss: 0.0348, Train MSE: 0.0348, r (train): 0.7084, Test MSE: 0.0729, r (test): 0.4584
Epoch: 40, Training Loss: 1.6321, Train MSE: 1.6321, r (train): 0.7249, Test MSE: 1.4173, r (test): 0.4180
Epoch: 41, Training Loss: 0.0702, Train MSE: 0.0702, r (train): 0.6691, Test MSE: 0.1061, r (test): 0.3703
Epoch: 42, Training Loss: 0.0405, Train MSE: 0.0405, r (train): 0.7109, Test MSE: 0.0859, r (test): 0.3886
Epoch: 43, Training Loss: 0.1244, Train MSE: 0.1244, r (train): 0.6536, Test MSE: 0.1520, r (test): 0.4140
Epoch: 44, Training Loss: 0.0547, Train MSE: 0.0547, r (train): 0.6727, Test MSE: 0.0829, r (test): 0.3218
Epoch: 45, Training Loss: 0.0488, Train MSE: 0.0488, r (train): 0.6655, Test MSE: 0.0757, r (test): 0.3987
Epoch: 46, Training Loss: 0.0447, Train MSE: 0.0447, r (train): 0.6670, Test MSE: 0.0829, r (test): 0.3536
Epoch: 47, Training Loss: 0.0352, Train MSE: 0.0352, r (train): 0.7162, Test MSE: 0.0747, r (test): 0.3801
Epoch: 48, Training Loss: 0.0632, Train MSE: 0.0632, r (train): 0.6698, Test MSE: 0.1053, r (test): 0.3873
Epoch: 49, Training Loss: 0.0706, Train MSE: 0.0706, r (train): 0.7082, Test MSE: 0.1047, r (test): 0.4093
Epoch: 50, Training Loss: 0.0406, Train MSE: 0.0406, r (train): 0.6764, Test MSE: 0.0751, r (test): 0.3808
Epoch: 51, Training Loss: 0.0544, Train MSE: 0.0544, r (train): 0.6591, Test MSE: 0.0786, r (test): 0.3371
Epoch: 52, Training Loss: 0.1165, Train MSE: 0.1165, r (train): 0.6910, Test MSE: 0.1367, r (test): 0.3276
Epoch: 53, Training Loss: 0.0582, Train MSE: 0.0582, r (train): 0.6995, Test MSE: 0.1053, r (test): 0.3098
Epoch: 54, Training Loss: 0.0376, Train MSE: 0.0376, r (train): 0.6979, Test MSE: 0.0797, r (test): 0.3395
Epoch: 55, Training Loss: 0.0396, Train MSE: 0.0396, r (train): 0.7014, Test MSE: 0.0747, r (test): 0.3934
Epoch: 56, Training Loss: 0.0496, Train MSE: 0.0496, r (train): 0.6396, Test MSE: 0.0765, r (test): 0.3447
Epoch: 57, Training Loss: 0.0565, Train MSE: 0.0565, r (train): 0.7158, Test MSE: 0.1000, r (test): 0.3497
Epoch: 58, Training Loss: 0.0400, Train MSE: 0.0400, r (train): 0.6804, Test MSE: 0.0812, r (test): 0.3188
Epoch: 59, Training Loss: 0.0442, Train MSE: 0.0442, r (train): 0.6882, Test MSE: 0.0760, r (test): 0.3562
Epoch: 60, Training Loss: 0.0462, Train MSE: 0.0462, r (train): 0.6844, Test MSE: 0.0739, r (test): 0.4072
Epoch: 61, Training Loss: 0.0735, Train MSE: 0.0735, r (train): 0.6894, Test MSE: 0.1092, r (test): 0.3739
Epoch: 62, Training Loss: 0.0595, Train MSE: 0.0595, r (train): 0.7383, Test MSE: 0.1007, r (test): 0.3428
Epoch: 63, Training Loss: 0.0644, Train MSE: 0.0644, r (train): 0.6241, Test MSE: 0.1046, r (test): 0.2781
Epoch: 64, Training Loss: 0.0744, Train MSE: 0.0744, r (train): 0.7172, Test MSE: 0.1187, r (test): 0.3321
Epoch: 65, Training Loss: 0.0442, Train MSE: 0.0442, r (train): 0.6720, Test MSE: 0.0761, r (test): 0.3889
Epoch: 66, Training Loss: 0.0455, Train MSE: 0.0455, r (train): 0.7246, Test MSE: 0.0795, r (test): 0.3899
Epoch: 67, Training Loss: 0.0436, Train MSE: 0.0436, r (train): 0.6912, Test MSE: 0.0816, r (test): 0.3406
Epoch: 68, Training Loss: 0.0380, Train MSE: 0.0380, r (train): 0.6972, Test MSE: 0.0738, r (test): 0.4028
Epoch: 69, Training Loss: 0.0402, Train MSE: 0.0402, r (train): 0.6985, Test MSE: 0.0737, r (test): 0.4058
Epoch: 70, Training Loss: 0.0497, Train MSE: 0.0497, r (train): 0.7250, Test MSE: 0.0833, r (test): 0.4100
Epoch: 71, Training Loss: 0.0624, Train MSE: 0.0624, r (train): 0.7327, Test MSE: 0.1025, r (test): 0.3981
Epoch: 72, Training Loss: 0.0498, Train MSE: 0.0498, r (train): 0.6554, Test MSE: 0.0869, r (test): 0.3640
Epoch: 73, Training Loss: 0.0430, Train MSE: 0.0430, r (train): 0.6937, Test MSE: 0.0847, r (test): 0.3231
Epoch: 74, Training Loss: 0.0772, Train MSE: 0.0772, r (train): 0.6968, Test MSE: 0.1054, r (test): 0.3699
Epoch: 75, Training Loss: 0.0354, Train MSE: 0.0354, r (train): 0.7398, Test MSE: 0.0774, r (test): 0.4093
Epoch: 76, Training Loss: 0.0496, Train MSE: 0.0496, r (train): 0.6762, Test MSE: 0.0928, r (test): 0.3220
Epoch: 77, Training Loss: 0.0518, Train MSE: 0.0518, r (train): 0.7143, Test MSE: 0.0942, r (test): 0.3674
Epoch: 78, Training Loss: 0.0469, Train MSE: 0.0469, r (train): 0.6877, Test MSE: 0.0825, r (test): 0.3998
Epoch: 79, Training Loss: 0.0597, Train MSE: 0.0597, r (train): 0.7232, Test MSE: 0.0944, r (test): 0.3501
Epoch: 80, Training Loss: 0.0944, Train MSE: 0.0944, r (train): 0.7093, Test MSE: 0.1423, r (test): 0.3817
Epoch: 81, Training Loss: 0.0483, Train MSE: 0.0483, r (train): 0.6600, Test MSE: 0.0842, r (test): 0.3292
Epoch: 82, Training Loss: 0.0464, Train MSE: 0.0464, r (train): 0.6538, Test MSE: 0.0778, r (test): 0.3941
Epoch: 83, Training Loss: 0.5659, Train MSE: 0.5659, r (train): 0.6595, Test MSE: 0.6155, r (test): 0.2078
Epoch: 84, Training Loss: 0.0539, Train MSE: 0.0539, r (train): 0.7320, Test MSE: 0.0994, r (test): 0.3356
Epoch: 85, Training Loss: 0.0427, Train MSE: 0.0427, r (train): 0.6453, Test MSE: 0.0786, r (test): 0.3566
Epoch: 86, Training Loss: 0.0591, Train MSE: 0.0591, r (train): 0.6855, Test MSE: 0.0940, r (test): 0.3610
Epoch: 87, Training Loss: 0.0548, Train MSE: 0.0548, r (train): 0.6506, Test MSE: 0.0777, r (test): 0.3824
Epoch: 88, Training Loss: 0.1046, Train MSE: 0.1046, r (train): 0.7045, Test MSE: 0.1507, r (test): 0.2913
Epoch: 89, Training Loss: 0.2267, Train MSE: 0.2267, r (train): 0.6998, Test MSE: 0.3088, r (test): 0.3125
Epoch: 90, Training Loss: 0.1822, Train MSE: 0.1822, r (train): 0.5576, Test MSE: 0.1795, r (test): 0.1178
Epoch: 91, Training Loss: 0.2238, Train MSE: 0.2238, r (train): 0.6649, Test MSE: 0.2441, r (test): 0.3222
Epoch: 92, Training Loss: 0.0619, Train MSE: 0.0619, r (train): 0.6859, Test MSE: 0.0943, r (test): 0.3556
Epoch: 93, Training Loss: 0.2661, Train MSE: 0.2661, r (train): 0.7013, Test MSE: 0.3492, r (test): 0.3145
Epoch: 94, Training Loss: 0.0369, Train MSE: 0.0369, r (train): 0.7252, Test MSE: 0.0799, r (test): 0.3860
Epoch: 95, Training Loss: 0.0832, Train MSE: 0.0832, r (train): 0.6293, Test MSE: 0.1345, r (test): 0.2836
Epoch: 96, Training Loss: 0.0451, Train MSE: 0.0451, r (train): 0.6686, Test MSE: 0.0826, r (test): 0.3609
Epoch: 97, Training Loss: 0.0566, Train MSE: 0.0566, r (train): 0.7217, Test MSE: 0.1044, r (test): 0.3589
Epoch: 98, Training Loss: 0.0881, Train MSE: 0.0881, r (train): 0.7417, Test MSE: 0.1261, r (test): 0.3420
Epoch: 99, Training Loss: 0.0888, Train MSE: 0.0888, r (train): 0.7323, Test MSE: 0.1254, r (test): 0.3140
Predicted tensors for training set: 
tensor([1.0681, 0.9950, 0.4309, 0.8751, 0.7898, 0.7069, 1.0135, 0.9617, 0.8943,
        0.7807, 0.7465, 0.5414, 0.5219, 0.4502, 1.3937, 1.3229, 1.0021, 1.3696,
        0.8088, 0.4096, 0.8793, 0.8150, 0.9180, 0.3379, 0.6975, 0.6882, 0.8940,
        0.8948, 0.8145, 0.8792, 0.5048, 0.7799, 0.4069, 1.1716, 1.3116, 0.0959,
        0.9178, 0.3104, 1.0769, 0.4598, 0.6845, 1.3937, 0.5172, 0.9677, 0.8473,
        1.1538, 0.1621, 1.1788, 1.1000, 0.8587, 0.7394, 0.4694, 1.0247, 0.4935,
        0.7613, 0.7751, 0.9645, 0.8673, 0.3850, 0.8996, 0.8743, 0.7205, 0.8666,
        0.5550, 0.8793, 0.8677, 0.6331, 0.5504, 0.2672, 0.7417, 0.8876, 0.6518])
Target tensorsfor training set: 
tensor([0.5783, 0.5573, 0.1055, 0.4149, 0.4993, 0.4654, 0.7497, 0.6465, 0.8561,
        0.7171, 0.7507, 0.5178, 0.2271, 0.1493, 0.9127, 0.8524, 0.4513, 0.7144,
        0.3077, 0.0389, 0.5187, 0.4640, 0.5564, 0.0981, 0.4341, 0.4526, 0.5780,
        0.6240, 0.9150, 0.9117, 0.5658, 0.8363, 0.2464, 0.9072, 0.9621, 0.0246,
        0.7791, 0.2255, 0.9656, 0.3174, 0.1295, 0.4818, 0.0763, 0.3453, 0.5779,
        0.7950, 0.0478, 0.8411, 0.8453, 0.6992, 0.5719, 0.3309, 0.9492, 0.4373,
        0.6595, 0.7372, 0.6846, 0.6199, 0.2169, 0.6577, 0.8728, 0.6671, 0.8391,
        0.5300, 0.7270, 0.7125, 0.5220, 0.4440, 0.3829, 0.7901, 0.9535, 0.7371])
Correlation for training set: 0.7322735805972084
Predicted tensors for test set: 
tensor([0.5400, 0.7290, 0.9401, 0.5294, 0.6439, 0.9197, 0.7666, 0.7196, 0.8021,
        0.6608, 0.5907, 0.6824, 0.5706, 0.7259, 0.7659, 0.7373, 0.6284, 0.5339])
Target tensorsfor test set: 
tensor([0.1218, 0.0636, 0.4036, 0.1294, 0.5023, 0.7462, 0.8988, 0.7596, 0.5102,
        0.2916, 0.8418, 0.2594, 0.2394, 0.8556, 0.6576, 0.1360, 0.9215, 0.2649])
Correlation for test set: 0.3140442472665917
18 5
Fold 5
Epoch: 00, Training Loss: 0.0815, Train MSE: 0.0815, r (train): -0.1850, Test MSE: 0.0378, r (test): -0.3656
Epoch: 01, Training Loss: 0.0967, Train MSE: 0.0967, r (train): -0.1880, Test MSE: 0.0990, r (test): -0.4084
Epoch: 02, Training Loss: 0.2129, Train MSE: 0.2129, r (train): 0.5470, Test MSE: 0.2794, r (test): -0.4405
Epoch: 03, Training Loss: 0.3167, Train MSE: 0.3167, r (train): 0.8343, Test MSE: 0.4667, r (test): -0.5537
Epoch: 04, Training Loss: 0.5494, Train MSE: 0.5494, r (train): 0.7236, Test MSE: 0.2208, r (test): 0.3784
Epoch: 05, Training Loss: 0.0561, Train MSE: 0.0561, r (train): 0.8015, Test MSE: 0.0429, r (test): 0.1773
Epoch: 06, Training Loss: 0.0264, Train MSE: 0.0264, r (train): 0.8396, Test MSE: 0.0764, r (test): -0.0999
Epoch: 07, Training Loss: 0.2701, Train MSE: 0.2701, r (train): 0.8249, Test MSE: 0.0895, r (test): 0.1358
Epoch: 08, Training Loss: 0.0327, Train MSE: 0.0327, r (train): 0.8690, Test MSE: 0.0585, r (test): 0.1015
Epoch: 09, Training Loss: 0.0225, Train MSE: 0.0225, r (train): 0.8476, Test MSE: 0.0899, r (test): 0.1571
Epoch: 10, Training Loss: 0.0214, Train MSE: 0.0214, r (train): 0.8903, Test MSE: 0.0731, r (test): 0.0833
Epoch: 11, Training Loss: 0.0239, Train MSE: 0.0239, r (train): 0.8911, Test MSE: 0.1370, r (test): 0.0607
Epoch: 12, Training Loss: 0.0227, Train MSE: 0.0227, r (train): 0.9008, Test MSE: 0.0586, r (test): 0.1143
Epoch: 13, Training Loss: 0.0150, Train MSE: 0.0150, r (train): 0.9108, Test MSE: 0.0810, r (test): 0.1161
Epoch: 14, Training Loss: 0.0481, Train MSE: 0.0481, r (train): 0.9048, Test MSE: 0.2045, r (test): 0.0230
Epoch: 15, Training Loss: 0.0185, Train MSE: 0.0185, r (train): 0.9086, Test MSE: 0.1236, r (test): 0.0754
Epoch: 16, Training Loss: 0.0179, Train MSE: 0.0179, r (train): 0.9043, Test MSE: 0.1077, r (test): 0.0511
Epoch: 17, Training Loss: 0.0161, Train MSE: 0.0161, r (train): 0.9007, Test MSE: 0.0746, r (test): 0.1746
Epoch: 18, Training Loss: 0.0459, Train MSE: 0.0459, r (train): 0.8886, Test MSE: 0.2066, r (test): 0.0208
Epoch: 19, Training Loss: 0.0281, Train MSE: 0.0281, r (train): 0.8777, Test MSE: 0.1398, r (test): 0.0479
Epoch: 20, Training Loss: 0.0193, Train MSE: 0.0193, r (train): 0.8861, Test MSE: 0.0758, r (test): 0.1144
Epoch: 21, Training Loss: 0.0181, Train MSE: 0.0181, r (train): 0.8845, Test MSE: 0.0807, r (test): 0.1302
Epoch: 22, Training Loss: 0.0198, Train MSE: 0.0198, r (train): 0.8906, Test MSE: 0.1318, r (test): 0.1543
Epoch: 23, Training Loss: 0.0247, Train MSE: 0.0247, r (train): 0.8893, Test MSE: 0.1414, r (test): 0.0365
Epoch: 24, Training Loss: 0.0178, Train MSE: 0.0178, r (train): 0.8896, Test MSE: 0.0875, r (test): 0.1232
Epoch: 25, Training Loss: 0.0485, Train MSE: 0.0485, r (train): 0.8791, Test MSE: 0.1890, r (test): 0.0326
Epoch: 26, Training Loss: 0.0214, Train MSE: 0.0214, r (train): 0.8836, Test MSE: 0.0725, r (test): 0.1956
Epoch: 27, Training Loss: 0.0214, Train MSE: 0.0214, r (train): 0.8773, Test MSE: 0.1134, r (test): 0.0601
Epoch: 28, Training Loss: 0.0189, Train MSE: 0.0189, r (train): 0.8802, Test MSE: 0.0818, r (test): 0.1736
Epoch: 29, Training Loss: 0.0526, Train MSE: 0.0526, r (train): 0.8682, Test MSE: 0.2035, r (test): -0.0002
Epoch: 30, Training Loss: 0.0754, Train MSE: 0.0754, r (train): 0.8745, Test MSE: 0.0344, r (test): 0.2412
Epoch: 31, Training Loss: 0.0300, Train MSE: 0.0300, r (train): 0.8633, Test MSE: 0.1375, r (test): 0.0771
Epoch: 32, Training Loss: 0.0217, Train MSE: 0.0217, r (train): 0.8743, Test MSE: 0.1028, r (test): 0.1301
Epoch: 33, Training Loss: 0.0204, Train MSE: 0.0204, r (train): 0.8674, Test MSE: 0.0735, r (test): 0.2513
Epoch: 34, Training Loss: 0.0198, Train MSE: 0.0198, r (train): 0.8741, Test MSE: 0.0858, r (test): 0.1227
Epoch: 35, Training Loss: 0.0198, Train MSE: 0.0198, r (train): 0.8698, Test MSE: 0.0784, r (test): 0.1683
Epoch: 36, Training Loss: 0.0254, Train MSE: 0.0254, r (train): 0.8697, Test MSE: 0.1150, r (test): 0.0778
Epoch: 37, Training Loss: 0.0669, Train MSE: 0.0669, r (train): 0.8653, Test MSE: 0.0326, r (test): 0.2469
Epoch: 38, Training Loss: 0.0219, Train MSE: 0.0219, r (train): 0.8739, Test MSE: 0.1200, r (test): 0.1717
Epoch: 39, Training Loss: 0.0244, Train MSE: 0.0244, r (train): 0.8718, Test MSE: 0.0542, r (test): 0.1679
Epoch: 40, Training Loss: 0.0290, Train MSE: 0.0290, r (train): 0.8644, Test MSE: 0.1289, r (test): 0.2045
Epoch: 41, Training Loss: 0.0201, Train MSE: 0.0201, r (train): 0.8712, Test MSE: 0.0976, r (test): 0.1576
Epoch: 42, Training Loss: 0.0231, Train MSE: 0.0231, r (train): 0.8607, Test MSE: 0.1117, r (test): 0.1982
Epoch: 43, Training Loss: 0.0204, Train MSE: 0.0204, r (train): 0.8734, Test MSE: 0.1097, r (test): 0.1327
Epoch: 44, Training Loss: 0.0210, Train MSE: 0.0210, r (train): 0.8634, Test MSE: 0.0672, r (test): 0.1654
Epoch: 45, Training Loss: 0.0197, Train MSE: 0.0197, r (train): 0.8713, Test MSE: 0.0906, r (test): 0.1812
Epoch: 46, Training Loss: 0.0498, Train MSE: 0.0498, r (train): 0.8680, Test MSE: 0.2068, r (test): 0.0948
Epoch: 47, Training Loss: 0.0777, Train MSE: 0.0777, r (train): 0.8699, Test MSE: 0.0353, r (test): 0.1908
Epoch: 48, Training Loss: 0.0370, Train MSE: 0.0370, r (train): 0.8679, Test MSE: 0.1543, r (test): 0.1330
Epoch: 49, Training Loss: 0.0252, Train MSE: 0.0252, r (train): 0.8685, Test MSE: 0.1239, r (test): 0.0776
Epoch: 50, Training Loss: 0.0279, Train MSE: 0.0279, r (train): 0.8691, Test MSE: 0.1282, r (test): 0.1702
Epoch: 51, Training Loss: 0.0381, Train MSE: 0.0381, r (train): 0.8666, Test MSE: 0.1655, r (test): 0.0424
Epoch: 52, Training Loss: 0.0213, Train MSE: 0.0213, r (train): 0.8657, Test MSE: 0.1014, r (test): 0.1624
Epoch: 53, Training Loss: 0.0345, Train MSE: 0.0345, r (train): 0.8640, Test MSE: 0.1467, r (test): 0.1457
Epoch: 54, Training Loss: 0.0209, Train MSE: 0.0209, r (train): 0.8643, Test MSE: 0.0690, r (test): 0.1672
Epoch: 55, Training Loss: 0.0245, Train MSE: 0.0245, r (train): 0.8412, Test MSE: 0.0922, r (test): 0.2207
Epoch: 56, Training Loss: 0.0383, Train MSE: 0.0383, r (train): 0.8274, Test MSE: 0.0432, r (test): 0.2860
Epoch: 57, Training Loss: 0.0725, Train MSE: 0.0725, r (train): 0.8646, Test MSE: 0.2286, r (test): 0.0121
Epoch: 58, Training Loss: 0.0375, Train MSE: 0.0375, r (train): 0.8452, Test MSE: 0.0379, r (test): 0.2848
Epoch: 59, Training Loss: 0.8140, Train MSE: 0.8140, r (train): 0.7672, Test MSE: 0.4215, r (test): 0.4257
Epoch: 60, Training Loss: 0.0229, Train MSE: 0.0229, r (train): 0.8685, Test MSE: 0.0597, r (test): 0.1268
Epoch: 61, Training Loss: 0.0227, Train MSE: 0.0227, r (train): 0.8521, Test MSE: 0.0644, r (test): 0.1648
Epoch: 62, Training Loss: 0.0334, Train MSE: 0.0334, r (train): 0.8744, Test MSE: 0.0400, r (test): 0.2561
Epoch: 63, Training Loss: 0.0478, Train MSE: 0.0478, r (train): 0.8700, Test MSE: 0.0363, r (test): 0.2197
Epoch: 64, Training Loss: 0.1436, Train MSE: 0.1436, r (train): 0.8358, Test MSE: 0.2851, r (test): -0.1049
Epoch: 65, Training Loss: 0.2063, Train MSE: 0.2063, r (train): 0.8687, Test MSE: 0.0649, r (test): 0.2151
Epoch: 66, Training Loss: 0.0383, Train MSE: 0.0383, r (train): 0.8666, Test MSE: 0.1626, r (test): 0.1584
Epoch: 67, Training Loss: 0.0436, Train MSE: 0.0436, r (train): 0.8579, Test MSE: 0.0339, r (test): 0.2445
Epoch: 68, Training Loss: 0.0592, Train MSE: 0.0592, r (train): 0.8384, Test MSE: 0.1949, r (test): 0.1750
Epoch: 69, Training Loss: 0.0217, Train MSE: 0.0217, r (train): 0.8736, Test MSE: 0.0880, r (test): 0.1859
Epoch: 70, Training Loss: 0.0258, Train MSE: 0.0258, r (train): 0.8705, Test MSE: 0.0508, r (test): 0.1671
Epoch: 71, Training Loss: 0.0222, Train MSE: 0.0222, r (train): 0.8748, Test MSE: 0.0585, r (test): 0.1636
Epoch: 72, Training Loss: 0.0671, Train MSE: 0.0671, r (train): 0.8391, Test MSE: 0.2188, r (test): 0.1108
Epoch: 73, Training Loss: 0.0312, Train MSE: 0.0312, r (train): 0.8705, Test MSE: 0.1374, r (test): 0.1837
Epoch: 74, Training Loss: 0.0197, Train MSE: 0.0197, r (train): 0.8737, Test MSE: 0.0775, r (test): 0.2758
Epoch: 75, Training Loss: 0.0869, Train MSE: 0.0869, r (train): 0.8635, Test MSE: 0.0335, r (test): 0.2709
Epoch: 76, Training Loss: 0.0243, Train MSE: 0.0243, r (train): 0.8745, Test MSE: 0.0612, r (test): 0.1760
Epoch: 77, Training Loss: 0.0223, Train MSE: 0.0223, r (train): 0.8629, Test MSE: 0.1033, r (test): 0.2181
Epoch: 78, Training Loss: 0.0453, Train MSE: 0.0453, r (train): 0.8540, Test MSE: 0.1715, r (test): 0.1519
Epoch: 79, Training Loss: 0.0777, Train MSE: 0.0777, r (train): 0.8440, Test MSE: 0.2285, r (test): 0.1604
Epoch: 80, Training Loss: 0.0390, Train MSE: 0.0390, r (train): 0.8750, Test MSE: 0.0347, r (test): 0.2596
Epoch: 81, Training Loss: 0.0692, Train MSE: 0.0692, r (train): 0.8713, Test MSE: 0.0342, r (test): 0.1953
Epoch: 82, Training Loss: 0.0234, Train MSE: 0.0234, r (train): 0.8635, Test MSE: 0.0717, r (test): 0.2260
Epoch: 83, Training Loss: 0.0708, Train MSE: 0.0708, r (train): 0.8472, Test MSE: 0.2251, r (test): 0.1453
Epoch: 84, Training Loss: 0.0357, Train MSE: 0.0357, r (train): 0.8629, Test MSE: 0.1404, r (test): 0.2344
Epoch: 85, Training Loss: 0.0210, Train MSE: 0.0210, r (train): 0.8802, Test MSE: 0.0512, r (test): 0.2467
Epoch: 86, Training Loss: 0.0478, Train MSE: 0.0478, r (train): 0.8694, Test MSE: 0.0390, r (test): 0.1970
Epoch: 87, Training Loss: 0.0225, Train MSE: 0.0225, r (train): 0.8711, Test MSE: 0.0647, r (test): 0.1732
Epoch: 88, Training Loss: 0.0267, Train MSE: 0.0267, r (train): 0.8623, Test MSE: 0.1174, r (test): 0.2237
Epoch: 89, Training Loss: 0.0464, Train MSE: 0.0464, r (train): 0.8521, Test MSE: 0.1738, r (test): 0.2069
Epoch: 90, Training Loss: 0.0183, Train MSE: 0.0183, r (train): 0.8795, Test MSE: 0.0791, r (test): 0.1947
Epoch: 91, Training Loss: 0.0319, Train MSE: 0.0319, r (train): 0.8683, Test MSE: 0.0425, r (test): 0.1644
Epoch: 92, Training Loss: 0.0297, Train MSE: 0.0297, r (train): 0.8719, Test MSE: 0.0473, r (test): 0.1859
Epoch: 93, Training Loss: 0.0588, Train MSE: 0.0588, r (train): 0.8449, Test MSE: 0.1999, r (test): 0.1839
Epoch: 94, Training Loss: 0.0252, Train MSE: 0.0252, r (train): 0.8715, Test MSE: 0.1145, r (test): 0.2238
Epoch: 95, Training Loss: 0.0194, Train MSE: 0.0194, r (train): 0.8699, Test MSE: 0.0804, r (test): 0.1809
Epoch: 96, Training Loss: 0.0366, Train MSE: 0.0366, r (train): 0.8655, Test MSE: 0.0465, r (test): 0.1791
Epoch: 97, Training Loss: 0.0197, Train MSE: 0.0197, r (train): 0.8721, Test MSE: 0.0877, r (test): 0.1386
Epoch: 98, Training Loss: 0.0213, Train MSE: 0.0213, r (train): 0.8645, Test MSE: 0.0909, r (test): 0.2370
Epoch: 99, Training Loss: 0.0203, Train MSE: 0.0203, r (train): 0.8678, Test MSE: 0.0874, r (test): 0.2517
Predicted tensors for training set: 
tensor([ 0.5230,  0.5392,  0.1319,  0.4012,  0.4416,  0.4352,  0.7181,  0.6264,
         0.6218,  0.5340,  0.5315,  0.3075,  0.2412,  0.1545,  0.9885,  0.9145,
         0.6366,  0.9070,  0.4619,  0.2267,  0.5857,  0.4613,  0.5584,  0.1531,
         0.4064,  0.3877,  0.5284,  0.5535,  0.5702,  0.5351,  0.2723,  0.5156,
         0.1701,  0.8889,  0.9682, -0.0434,  0.6562,  0.1762,  0.8591,  0.2610,
         0.3918,  0.8608,  0.2823,  0.5679,  0.5631,  0.7869,  0.0475,  0.8175,
         0.6934,  0.5708,  0.4747,  0.2829,  1.1635,  0.5491,  0.2391,  0.1596,
         0.4592,  0.2218,  0.5501,  0.8102,  0.7188,  0.5555,  0.3149,  0.1743,
         0.8023,  0.2115,  0.1799,  0.8403,  0.7478,  0.1481,  1.0619,  0.2730])
Target tensorsfor training set: 
tensor([0.5783, 0.5573, 0.1055, 0.4149, 0.4993, 0.4654, 0.7497, 0.6465, 0.8561,
        0.7171, 0.7507, 0.5178, 0.2271, 0.1493, 0.9127, 0.8524, 0.4513, 0.7144,
        0.3077, 0.0389, 0.5187, 0.4640, 0.5564, 0.0981, 0.4341, 0.4526, 0.5780,
        0.6240, 0.9150, 0.9117, 0.5658, 0.8363, 0.2464, 0.9072, 0.9621, 0.0246,
        0.7791, 0.2255, 0.9656, 0.3174, 0.1295, 0.4818, 0.0763, 0.3453, 0.5779,
        0.7950, 0.0478, 0.8411, 0.8453, 0.6992, 0.5719, 0.3309, 0.9492, 0.4373,
        0.1218, 0.0636, 0.4036, 0.1294, 0.5023, 0.7462, 0.8988, 0.7596, 0.5102,
        0.2916, 0.8418, 0.2594, 0.2394, 0.8556, 0.6576, 0.1360, 0.9215, 0.2649])
Correlation for training set: 0.8678131854116347
Predicted tensors for test set: 
tensor([0.4182, 0.3197, 0.2152, 0.5415, 0.3654, 0.5178, 0.5892, 0.3881, 0.4370,
        0.2624, 0.5485, 0.3960, 0.5783, 0.3161, 0.4168, 0.3830, 0.4798, 0.3661])
Target tensorsfor test set: 
tensor([0.6595, 0.7372, 0.6846, 0.6199, 0.2169, 0.6577, 0.8728, 0.6671, 0.8391,
        0.5300, 0.7270, 0.7125, 0.5220, 0.4440, 0.3829, 0.7901, 0.9535, 0.7371])
Correlation for test set: 0.25165323997031536
Validation set predictions (100 folds): [tensor([1.0867, 0.8871, 1.1690, 1.0268, 1.2267, 1.1386, 1.0241, 1.0687, 0.9906,
        0.9355, 0.9355, 1.0986, 1.2029, 0.9632, 0.8826, 1.2016, 1.0164, 0.9274]), tensor([0.4961, 0.3748, 0.4206, 0.5197, 0.5243, 0.5599, 0.3903, 0.7784, 0.4761,
        0.4959, 0.5277, 0.8149, 0.5431, 0.4470, 0.4310, 0.4943, 0.4730, 0.5302]), tensor([0.5733, 0.6300, 0.4128, 0.3196, 0.4082, 0.8060, 0.7010, 0.6020, 0.3680,
        0.5747, 0.6518, 0.6422, 0.6279, 0.4983, 0.7263, 0.7317, 0.5581, 0.5271]), tensor([0.5400, 0.7290, 0.9401, 0.5294, 0.6439, 0.9197, 0.7666, 0.7196, 0.8021,
        0.6608, 0.5907, 0.6824, 0.5706, 0.7259, 0.7659, 0.7373, 0.6284, 0.5339]), tensor([0.4182, 0.3197, 0.2152, 0.5415, 0.3654, 0.5178, 0.5892, 0.3881, 0.4370,
        0.2624, 0.5485, 0.3960, 0.5783, 0.3161, 0.4168, 0.3830, 0.4798, 0.3661])]
Validation set targets (100 folds): [tensor([0.5783, 0.5573, 0.1055, 0.4149, 0.4993, 0.4654, 0.7497, 0.6465, 0.8561,
        0.7171, 0.7507, 0.5178, 0.2271, 0.1493, 0.9127, 0.8524, 0.4513, 0.7144]), tensor([0.3077, 0.0389, 0.5187, 0.4640, 0.5564, 0.0981, 0.4341, 0.4526, 0.5780,
        0.6240, 0.9150, 0.9117, 0.5658, 0.8363, 0.2464, 0.9072, 0.9621, 0.0246]), tensor([0.7791, 0.2255, 0.9656, 0.3174, 0.1295, 0.4818, 0.0763, 0.3453, 0.5779,
        0.7950, 0.0478, 0.8411, 0.8453, 0.6992, 0.5719, 0.3309, 0.9492, 0.4373]), tensor([0.1218, 0.0636, 0.4036, 0.1294, 0.5023, 0.7462, 0.8988, 0.7596, 0.5102,
        0.2916, 0.8418, 0.2594, 0.2394, 0.8556, 0.6576, 0.1360, 0.9215, 0.2649]), tensor([0.6595, 0.7372, 0.6846, 0.6199, 0.2169, 0.6577, 0.8728, 0.6671, 0.8391,
        0.5300, 0.7270, 0.7125, 0.5220, 0.4440, 0.3829, 0.7901, 0.9535, 0.7371])]
Time taken: 18000.787320375443 seconds
