DenseNet_hippocampus_37.py
/apps/monai/MONAI0.8.1/lib/python3.9/site-packages/torch/cuda/__init__.py:143: UserWarning: 
NVIDIA B200 with CUDA capability sm_100 is not compatible with the current PyTorch installation.
The current PyTorch install supports CUDA capabilities sm_37 sm_50 sm_60 sm_61 sm_70 sm_75 sm_80 sm_86 compute_37.
If you want to use the NVIDIA B200 GPU with PyTorch, please check the instructions at https://pytorch.org/get-started/locally/

  warnings.warn(incompatible_device_warn.format(device_name, capability, " ".join(arch_list), device_name))
90
Image shape: torch.Size([256, 256, 256])
Label: 0.737099236

Image shape: torch.Size([256, 256, 256])
Label: 0.667105602

Image shape: torch.Size([256, 256, 256])
Label: 0.063583908

Image shape: torch.Size([256, 256, 256])
Label: 0.437273408

Image shape: torch.Size([256, 256, 256])
Label: 0.714356234

Image shape: torch.Size([256, 256, 256])
Label: 0.34531344

Image shape: torch.Size([256, 256, 256])
Label: 0.646490545

Image shape: torch.Size([256, 256, 256])
Label: 0.225463904

Image shape: torch.Size([256, 256, 256])
Label: 0.307667842

Image shape: torch.Size([256, 256, 256])
Label: 0.794978716

Image shape: torch.Size([256, 256, 256])
Label: 0.965645278

Image shape: torch.Size([256, 256, 256])
Label: 0.216921218

Image shape: torch.Size([256, 256, 256])
Label: 0.57804499

Image shape: torch.Size([256, 256, 256])
Label: 0.463984431

Image shape: torch.Size([256, 256, 256])
Label: 0.759624831

Image shape: torch.Size([256, 256, 256])
Label: 0.727035333

Image shape: torch.Size([256, 256, 256])
Label: 0.657691961

Image shape: torch.Size([256, 256, 256])
Label: 0.841130428

Image shape: torch.Size([256, 256, 256])
Label: 0.953465465

Image shape: torch.Size([256, 256, 256])
Label: 0.26490909

Image shape: torch.Size([256, 256, 256])
Label: 0.43409457

Image shape: torch.Size([256, 256, 256])
Label: 0.291630426

Image shape: torch.Size([256, 256, 256])
Label: 0.518716963

Image shape: torch.Size([256, 256, 256])
Label: 0.522016133

Image shape: torch.Size([256, 256, 256])
Label: 0.444012353

Image shape: torch.Size([256, 256, 256])
Label: 0.038874365

Image shape: torch.Size([256, 256, 256])
Label: 0.872805901

Image shape: torch.Size([256, 256, 256])
Label: 0.790096101

Image shape: torch.Size([256, 256, 256])
Label: 0.510151238

Image shape: torch.Size([256, 256, 256])
Label: 0.55726975

Image shape: torch.Size([256, 256, 256])
Label: 0.121809436

Image shape: torch.Size([256, 256, 256])
Label: 0.659493008

Image shape: torch.Size([256, 256, 256])
Label: 0.499347098

Image shape: torch.Size([256, 256, 256])
Label: 0.699213269

Image shape: torch.Size([256, 256, 256])
Label: 0.246363884

Image shape: torch.Size([256, 256, 256])
Label: 0.403550924

Image shape: torch.Size([256, 256, 256])
Label: 0.845253622

Image shape: torch.Size([256, 256, 256])
Label: 0.856107326

Image shape: torch.Size([256, 256, 256])
Label: 0.14931566

Image shape: torch.Size([256, 256, 256])
Label: 0.712524369

Image shape: torch.Size([256, 256, 256])
Label: 0.330926406

Image shape: torch.Size([256, 256, 256])
Label: 0.717144575

Image shape: torch.Size([256, 256, 256])
Label: 0.259369175

Image shape: torch.Size([256, 256, 256])
Label: 0.129379513

Image shape: torch.Size([256, 256, 256])
Label: 0.91273199

Image shape: torch.Size([256, 256, 256])
Label: 0.024634435

Image shape: torch.Size([256, 256, 256])
Label: 0.239393515

Image shape: torch.Size([256, 256, 256])
Label: 0.517802514

Image shape: torch.Size([256, 256, 256])
Label: 0.949166278

Image shape: torch.Size([256, 256, 256])
Label: 0.076332172

Image shape: torch.Size([256, 256, 256])
Label: 0.623989995

Image shape: torch.Size([256, 256, 256])
Label: 0.684642475

Image shape: torch.Size([256, 256, 256])
Label: 0.31742745

Image shape: torch.Size([256, 256, 256])
Label: 0.839077585

Image shape: torch.Size([256, 256, 256])
Label: 0.382857646

Image shape: torch.Size([256, 256, 256])
Label: 0.578327051

Image shape: torch.Size([256, 256, 256])
Label: 0.836265129

Image shape: torch.Size([256, 256, 256])
Label: 0.502254367

Image shape: torch.Size([256, 256, 256])
Label: 0.750732335

Image shape: torch.Size([256, 256, 256])
Label: 0.855579732

Image shape: torch.Size([256, 256, 256])
Label: 0.749740575

Image shape: torch.Size([256, 256, 256])
Label: 0.098052496

Image shape: torch.Size([256, 256, 256])
Label: 0.136048492

Image shape: torch.Size([256, 256, 256])
Label: 0.737192172

Image shape: torch.Size([256, 256, 256])
Label: 0.619874898

Image shape: torch.Size([256, 256, 256])
Label: 0.898762669

Image shape: torch.Size([256, 256, 256])
Label: 0.911671093

Image shape: torch.Size([256, 256, 256])
Label: 0.414935686

Image shape: torch.Size([256, 256, 256])
Label: 0.571907479

Image shape: torch.Size([256, 256, 256])
Label: 0.451287356

Image shape: torch.Size([256, 256, 256])
Label: 0.48182514

Image shape: torch.Size([256, 256, 256])
Label: 0.047813956

Image shape: torch.Size([256, 256, 256])
Label: 0.779103135

Image shape: torch.Size([256, 256, 256])
Label: 0.565846925

Image shape: torch.Size([256, 256, 256])
Label: 0.529961465

Image shape: torch.Size([256, 256, 256])
Label: 0.962135747

Image shape: torch.Size([256, 256, 256])
Label: 0.452638778

Image shape: torch.Size([256, 256, 256])
Label: 0.92154251

Image shape: torch.Size([256, 256, 256])
Label: 0.852431609

Image shape: torch.Size([256, 256, 256])
Label: 0.46544507

Image shape: torch.Size([256, 256, 256])
Label: 0.55641775

Image shape: torch.Size([256, 256, 256])
Label: 0.577850585

Image shape: torch.Size([256, 256, 256])
Label: 0.105524477

Image shape: torch.Size([256, 256, 256])
Label: 0.746225617

Image shape: torch.Size([256, 256, 256])
Label: 0.841767741

Image shape: torch.Size([256, 256, 256])
Label: 0.91498566

Image shape: torch.Size([256, 256, 256])
Label: 0.907159832

Image shape: torch.Size([256, 256, 256])
Label: 0.129485328

Image shape: torch.Size([256, 256, 256])
Label: 0.657623403

Image shape: torch.Size([256, 256, 256])
Label: 0.227116465

18 5
Fold 1
Epoch: 00, Training Loss: 0.1798, Train MSE: 0.1798, r (train): -0.2891, Test MSE: 0.1759, r (test): -0.2287
Epoch: 01, Training Loss: 0.2519, Train MSE: 0.2519, r (train): -0.1001, Test MSE: 0.2519, r (test): -0.1126
Epoch: 02, Training Loss: 0.3878, Train MSE: 0.3878, r (train): 0.6494, Test MSE: 0.3943, r (test): 0.0105
Epoch: 03, Training Loss: 0.4686, Train MSE: 0.4686, r (train): 0.6855, Test MSE: 0.4744, r (test): -0.0001
Epoch: 04, Training Loss: 0.1638, Train MSE: 0.1638, r (train): 0.7919, Test MSE: 0.2417, r (test): 0.0887
Epoch: 05, Training Loss: 0.1760, Train MSE: 0.1760, r (train): 0.6531, Test MSE: 0.2175, r (test): 0.1694
Epoch: 06, Training Loss: 0.1207, Train MSE: 0.1207, r (train): 0.7798, Test MSE: 0.1872, r (test): 0.2981
Epoch: 07, Training Loss: 0.1887, Train MSE: 0.1887, r (train): 0.8189, Test MSE: 0.3728, r (test): 0.0502
Epoch: 08, Training Loss: 0.0168, Train MSE: 0.0168, r (train): 0.8852, Test MSE: 0.0620, r (test): 0.2628
Epoch: 09, Training Loss: 0.0311, Train MSE: 0.0311, r (train): 0.7771, Test MSE: 0.0631, r (test): 0.2683
Epoch: 10, Training Loss: 0.0350, Train MSE: 0.0350, r (train): 0.8740, Test MSE: 0.1132, r (test): 0.1233
Epoch: 11, Training Loss: 0.0320, Train MSE: 0.0320, r (train): 0.8841, Test MSE: 0.0724, r (test): 0.2084
Epoch: 12, Training Loss: 0.0179, Train MSE: 0.0179, r (train): 0.8781, Test MSE: 0.0595, r (test): 0.2352
Epoch: 13, Training Loss: 0.0416, Train MSE: 0.0416, r (train): 0.8910, Test MSE: 0.0843, r (test): 0.1358
Epoch: 14, Training Loss: 0.0172, Train MSE: 0.0172, r (train): 0.8975, Test MSE: 0.0686, r (test): 0.1648
Epoch: 15, Training Loss: 0.0187, Train MSE: 0.0187, r (train): 0.9060, Test MSE: 0.0652, r (test): 0.1895
Epoch: 16, Training Loss: 0.0159, Train MSE: 0.0159, r (train): 0.9098, Test MSE: 0.0637, r (test): 0.1897
Epoch: 17, Training Loss: 0.0392, Train MSE: 0.0392, r (train): 0.9057, Test MSE: 0.0962, r (test): 0.2105
Epoch: 18, Training Loss: 0.0642, Train MSE: 0.0642, r (train): 0.8843, Test MSE: 0.1064, r (test): 0.1921
Epoch: 19, Training Loss: 0.0246, Train MSE: 0.0246, r (train): 0.8946, Test MSE: 0.0777, r (test): 0.1688
Epoch: 20, Training Loss: 0.0948, Train MSE: 0.0948, r (train): 0.8555, Test MSE: 0.1309, r (test): 0.2004
Epoch: 21, Training Loss: 0.0485, Train MSE: 0.0485, r (train): 0.8933, Test MSE: 0.1101, r (test): 0.2042
Epoch: 22, Training Loss: 0.1108, Train MSE: 0.1108, r (train): 0.8986, Test MSE: 0.1799, r (test): 0.2205
Epoch: 23, Training Loss: 0.0400, Train MSE: 0.0400, r (train): 0.8863, Test MSE: 0.0862, r (test): 0.2077
Epoch: 24, Training Loss: 0.0576, Train MSE: 0.0576, r (train): 0.8851, Test MSE: 0.1017, r (test): 0.1612
Epoch: 25, Training Loss: 0.0208, Train MSE: 0.0208, r (train): 0.8894, Test MSE: 0.0660, r (test): 0.2100
Epoch: 26, Training Loss: 0.0185, Train MSE: 0.0185, r (train): 0.9100, Test MSE: 0.0762, r (test): 0.1793
Epoch: 27, Training Loss: 0.0145, Train MSE: 0.0145, r (train): 0.9084, Test MSE: 0.0693, r (test): 0.1560
Epoch: 28, Training Loss: 0.0364, Train MSE: 0.0364, r (train): 0.8857, Test MSE: 0.0815, r (test): 0.2011
Epoch: 29, Training Loss: 0.0143, Train MSE: 0.0143, r (train): 0.9068, Test MSE: 0.0639, r (test): 0.1974
Epoch: 30, Training Loss: 0.0177, Train MSE: 0.0177, r (train): 0.9017, Test MSE: 0.0663, r (test): 0.1841
Epoch: 31, Training Loss: 0.0168, Train MSE: 0.0168, r (train): 0.9129, Test MSE: 0.0689, r (test): 0.2326
Epoch: 32, Training Loss: 0.0202, Train MSE: 0.0202, r (train): 0.8974, Test MSE: 0.0724, r (test): 0.1561
Epoch: 33, Training Loss: 0.0340, Train MSE: 0.0340, r (train): 0.8858, Test MSE: 0.0779, r (test): 0.1827
Epoch: 34, Training Loss: 0.0151, Train MSE: 0.0151, r (train): 0.9112, Test MSE: 0.0653, r (test): 0.2193
Epoch: 35, Training Loss: 0.0707, Train MSE: 0.0707, r (train): 0.9072, Test MSE: 0.1297, r (test): 0.1823
Epoch: 36, Training Loss: 0.0343, Train MSE: 0.0343, r (train): 0.8967, Test MSE: 0.0807, r (test): 0.1921
Epoch: 37, Training Loss: 0.0202, Train MSE: 0.0202, r (train): 0.8971, Test MSE: 0.0693, r (test): 0.1738
Epoch: 38, Training Loss: 0.0180, Train MSE: 0.0180, r (train): 0.9092, Test MSE: 0.0707, r (test): 0.1919
Epoch: 39, Training Loss: 0.0208, Train MSE: 0.0208, r (train): 0.9125, Test MSE: 0.0719, r (test): 0.1990
Epoch: 40, Training Loss: 0.0140, Train MSE: 0.0140, r (train): 0.9092, Test MSE: 0.0661, r (test): 0.1815
Epoch: 41, Training Loss: 0.0217, Train MSE: 0.0217, r (train): 0.8957, Test MSE: 0.0696, r (test): 0.1713
Epoch: 42, Training Loss: 0.0143, Train MSE: 0.0143, r (train): 0.9023, Test MSE: 0.0609, r (test): 0.2133
Epoch: 43, Training Loss: 0.0221, Train MSE: 0.0221, r (train): 0.9040, Test MSE: 0.0678, r (test): 0.2440
Epoch: 44, Training Loss: 0.0162, Train MSE: 0.0162, r (train): 0.9083, Test MSE: 0.0706, r (test): 0.1534
Epoch: 45, Training Loss: 0.0332, Train MSE: 0.0332, r (train): 0.8791, Test MSE: 0.0808, r (test): 0.1807
Epoch: 46, Training Loss: 0.0169, Train MSE: 0.0169, r (train): 0.9059, Test MSE: 0.0695, r (test): 0.1994
Epoch: 47, Training Loss: 0.0312, Train MSE: 0.0312, r (train): 0.9069, Test MSE: 0.0814, r (test): 0.2201
Epoch: 48, Training Loss: 0.0149, Train MSE: 0.0149, r (train): 0.8986, Test MSE: 0.0644, r (test): 0.1887
Epoch: 49, Training Loss: 0.0244, Train MSE: 0.0244, r (train): 0.9033, Test MSE: 0.0820, r (test): 0.1395
Epoch: 50, Training Loss: 0.0203, Train MSE: 0.0203, r (train): 0.8960, Test MSE: 0.0670, r (test): 0.1668
Epoch: 51, Training Loss: 0.0238, Train MSE: 0.0238, r (train): 0.9092, Test MSE: 0.0728, r (test): 0.2665
Epoch: 52, Training Loss: 0.0310, Train MSE: 0.0310, r (train): 0.8857, Test MSE: 0.0829, r (test): 0.1342
Epoch: 53, Training Loss: 0.0913, Train MSE: 0.0913, r (train): 0.8993, Test MSE: 0.1677, r (test): 0.0975
Epoch: 54, Training Loss: 0.0223, Train MSE: 0.0223, r (train): 0.9004, Test MSE: 0.0705, r (test): 0.1749
Epoch: 55, Training Loss: 0.0213, Train MSE: 0.0213, r (train): 0.8969, Test MSE: 0.0682, r (test): 0.1817
Epoch: 56, Training Loss: 0.1054, Train MSE: 0.1054, r (train): 0.9067, Test MSE: 0.1800, r (test): 0.1550
Epoch: 57, Training Loss: 0.0926, Train MSE: 0.0926, r (train): 0.8601, Test MSE: 0.1428, r (test): 0.1712
Epoch: 58, Training Loss: 0.0292, Train MSE: 0.0292, r (train): 0.9037, Test MSE: 0.0887, r (test): 0.1315
Epoch: 59, Training Loss: 0.0132, Train MSE: 0.0132, r (train): 0.9137, Test MSE: 0.0649, r (test): 0.2165
Epoch: 60, Training Loss: 0.0149, Train MSE: 0.0149, r (train): 0.9126, Test MSE: 0.0694, r (test): 0.1371
Epoch: 61, Training Loss: 0.0234, Train MSE: 0.0234, r (train): 0.8990, Test MSE: 0.0703, r (test): 0.2091
Epoch: 62, Training Loss: 0.0497, Train MSE: 0.0497, r (train): 0.8760, Test MSE: 0.0994, r (test): 0.1597
Epoch: 63, Training Loss: 0.0154, Train MSE: 0.0154, r (train): 0.8952, Test MSE: 0.0637, r (test): 0.1982
Epoch: 64, Training Loss: 0.0205, Train MSE: 0.0205, r (train): 0.9025, Test MSE: 0.0642, r (test): 0.2345
Epoch: 65, Training Loss: 0.0348, Train MSE: 0.0348, r (train): 0.9050, Test MSE: 0.0910, r (test): 0.1737
Epoch: 66, Training Loss: 0.0740, Train MSE: 0.0740, r (train): 0.8417, Test MSE: 0.1248, r (test): 0.2365
Epoch: 67, Training Loss: 0.0246, Train MSE: 0.0246, r (train): 0.8918, Test MSE: 0.0770, r (test): 0.1497
Epoch: 68, Training Loss: 0.0251, Train MSE: 0.0251, r (train): 0.8713, Test MSE: 0.0674, r (test): 0.1530
Epoch: 69, Training Loss: 0.0159, Train MSE: 0.0159, r (train): 0.8947, Test MSE: 0.0560, r (test): 0.2852
Epoch: 70, Training Loss: 0.0161, Train MSE: 0.0161, r (train): 0.9026, Test MSE: 0.0652, r (test): 0.1440
Epoch: 71, Training Loss: 0.0771, Train MSE: 0.0771, r (train): 0.8882, Test MSE: 0.1141, r (test): 0.3584
Epoch: 72, Training Loss: 0.0266, Train MSE: 0.0266, r (train): 0.9127, Test MSE: 0.0728, r (test): 0.2056
Epoch: 73, Training Loss: 0.0307, Train MSE: 0.0307, r (train): 0.9128, Test MSE: 0.0821, r (test): 0.2234
Epoch: 74, Training Loss: 0.0201, Train MSE: 0.0201, r (train): 0.8795, Test MSE: 0.0629, r (test): 0.2561
Epoch: 75, Training Loss: 0.0472, Train MSE: 0.0472, r (train): 0.8935, Test MSE: 0.1087, r (test): 0.1968
Epoch: 76, Training Loss: 0.0230, Train MSE: 0.0230, r (train): 0.9073, Test MSE: 0.0723, r (test): 0.1528
Epoch: 77, Training Loss: 0.0167, Train MSE: 0.0167, r (train): 0.8871, Test MSE: 0.0552, r (test): 0.2950
Epoch: 78, Training Loss: 0.1512, Train MSE: 0.1512, r (train): 0.9103, Test MSE: 0.2272, r (test): 0.1139
Epoch: 79, Training Loss: 0.0951, Train MSE: 0.0951, r (train): 0.8538, Test MSE: 0.1486, r (test): 0.1838
Epoch: 80, Training Loss: 0.0214, Train MSE: 0.0214, r (train): 0.8917, Test MSE: 0.0664, r (test): 0.1945
Epoch: 81, Training Loss: 0.0139, Train MSE: 0.0139, r (train): 0.9055, Test MSE: 0.0577, r (test): 0.2285
Epoch: 82, Training Loss: 0.0792, Train MSE: 0.0792, r (train): 0.9156, Test MSE: 0.1332, r (test): 0.2126
Epoch: 83, Training Loss: 0.0138, Train MSE: 0.0138, r (train): 0.9143, Test MSE: 0.0610, r (test): 0.2266
Epoch: 84, Training Loss: 0.0203, Train MSE: 0.0203, r (train): 0.9192, Test MSE: 0.0725, r (test): 0.1812
Epoch: 85, Training Loss: 0.0313, Train MSE: 0.0313, r (train): 0.9221, Test MSE: 0.0848, r (test): 0.2107
Epoch: 86, Training Loss: 0.0180, Train MSE: 0.0180, r (train): 0.9128, Test MSE: 0.0697, r (test): 0.1469
Epoch: 87, Training Loss: 0.0326, Train MSE: 0.0326, r (train): 0.8965, Test MSE: 0.0834, r (test): 0.1715
Epoch: 88, Training Loss: 0.0140, Train MSE: 0.0140, r (train): 0.9057, Test MSE: 0.0609, r (test): 0.1975
Epoch: 89, Training Loss: 0.0182, Train MSE: 0.0182, r (train): 0.9172, Test MSE: 0.0657, r (test): 0.2485
Epoch: 90, Training Loss: 0.0131, Train MSE: 0.0131, r (train): 0.9163, Test MSE: 0.0561, r (test): 0.2989
Epoch: 91, Training Loss: 0.0190, Train MSE: 0.0190, r (train): 0.9160, Test MSE: 0.0685, r (test): 0.1948
Epoch: 92, Training Loss: 0.0140, Train MSE: 0.0140, r (train): 0.9112, Test MSE: 0.0639, r (test): 0.1927
Epoch: 93, Training Loss: 0.0127, Train MSE: 0.0127, r (train): 0.9174, Test MSE: 0.0646, r (test): 0.1629
Epoch: 94, Training Loss: 0.0147, Train MSE: 0.0147, r (train): 0.9163, Test MSE: 0.0654, r (test): 0.1832
Epoch: 95, Training Loss: 0.0154, Train MSE: 0.0154, r (train): 0.9055, Test MSE: 0.0637, r (test): 0.1819
Epoch: 96, Training Loss: 0.0185, Train MSE: 0.0185, r (train): 0.9153, Test MSE: 0.0663, r (test): 0.2268
Epoch: 97, Training Loss: 0.0318, Train MSE: 0.0318, r (train): 0.9191, Test MSE: 0.0791, r (test): 0.2658
Epoch: 98, Training Loss: 0.0682, Train MSE: 0.0682, r (train): 0.8698, Test MSE: 0.1213, r (test): 0.1946
Epoch: 99, Training Loss: 0.0385, Train MSE: 0.0385, r (train): 0.9149, Test MSE: 0.0936, r (test): 0.1462
Predicted tensors for training set: 
tensor([1.1463, 0.3181, 0.5476, 0.3890, 0.8062, 0.7556, 0.7418, 0.1021, 0.9880,
        0.9198, 0.5377, 0.6207, 0.1438, 0.7592, 0.5068, 0.8018, 0.3962, 0.5638,
        1.1808, 1.2185, 0.1805, 0.8259, 0.4119, 0.8416, 0.6518, 0.5066, 1.7807,
        0.2328, 0.3601, 0.7580, 1.3588, 0.1724, 0.7012, 0.7900, 0.3613, 0.9390,
        0.4267, 0.6368, 0.9422, 0.5694, 0.8149, 0.9169, 0.7813, 0.0722, 0.1735,
        0.9508, 0.8036, 1.1679, 1.0613, 0.5426, 0.7398, 0.5562, 0.7073, 0.1289,
        0.9317, 0.7150, 0.4715, 0.8616, 0.3658, 0.8100, 1.0509, 0.6599, 0.7806,
        0.7555, 0.1224, 0.8939, 0.9790, 1.0217, 1.1505, 0.2360, 0.8544, 0.3138])
Target tensorsfor training set: 
tensor([0.9535, 0.2649, 0.4341, 0.2916, 0.5187, 0.5220, 0.4440, 0.0389, 0.8728,
        0.7901, 0.5102, 0.5573, 0.1218, 0.6595, 0.4993, 0.6992, 0.2464, 0.4036,
        0.8453, 0.8561, 0.1493, 0.7125, 0.3309, 0.7171, 0.2594, 0.1294, 0.9127,
        0.0246, 0.2394, 0.5178, 0.9492, 0.0763, 0.6240, 0.6846, 0.3174, 0.8391,
        0.3829, 0.5783, 0.8363, 0.5023, 0.7507, 0.8556, 0.7497, 0.0981, 0.1360,
        0.7372, 0.6199, 0.8988, 0.9117, 0.4149, 0.5719, 0.4513, 0.4818, 0.0478,
        0.7791, 0.5658, 0.5300, 0.9621, 0.4526, 0.9215, 0.8524, 0.4654, 0.5564,
        0.5779, 0.1055, 0.7462, 0.8418, 0.9150, 0.9072, 0.1295, 0.6576, 0.2271])
Correlation for training set: 0.9149399435943435
Predicted tensors for test set: 
tensor([0.5600, 0.4485, 0.6054, 0.6708, 0.8037, 0.8161, 0.7155, 0.6529, 0.6133,
        0.8971, 0.5873, 0.7757, 0.9988, 0.7147, 0.8820, 0.6058, 0.6439, 0.9527])
Target tensorsfor test set: 
tensor([0.7371, 0.6671, 0.0636, 0.4373, 0.7144, 0.3453, 0.6465, 0.2255, 0.3077,
        0.7950, 0.9656, 0.2169, 0.5780, 0.4640, 0.7596, 0.7270, 0.6577, 0.8411])
Correlation for test set: 0.14617020414410062
18 5
Fold 2
Epoch: 00, Training Loss: 0.1046, Train MSE: 0.1046, r (train): -0.2130, Test MSE: 0.0673, r (test): -0.3907
Epoch: 01, Training Loss: 0.1538, Train MSE: 0.1538, r (train): -0.2333, Test MSE: 0.1002, r (test): -0.2791
Epoch: 02, Training Loss: 0.3017, Train MSE: 0.3017, r (train): 0.3913, Test MSE: 0.2205, r (test): -0.1517
Epoch: 03, Training Loss: 0.2385, Train MSE: 0.2385, r (train): 0.7631, Test MSE: 0.2077, r (test): 0.3277
Epoch: 04, Training Loss: 0.1148, Train MSE: 0.1148, r (train): 0.6978, Test MSE: 0.1271, r (test): 0.2865
Epoch: 05, Training Loss: 0.2014, Train MSE: 0.2014, r (train): 0.6954, Test MSE: 0.1801, r (test): 0.4137
Epoch: 06, Training Loss: 0.1819, Train MSE: 0.1819, r (train): 0.7990, Test MSE: 0.1982, r (test): 0.4569
Epoch: 07, Training Loss: 0.0274, Train MSE: 0.0274, r (train): 0.8589, Test MSE: 0.0572, r (test): 0.4817
Epoch: 08, Training Loss: 0.2247, Train MSE: 0.2247, r (train): 0.8206, Test MSE: 0.2204, r (test): 0.3978
Epoch: 09, Training Loss: 0.0413, Train MSE: 0.0413, r (train): 0.8098, Test MSE: 0.0749, r (test): 0.3931
Epoch: 10, Training Loss: 0.1099, Train MSE: 0.1099, r (train): 0.8173, Test MSE: 0.1179, r (test): 0.4428
Epoch: 11, Training Loss: 0.1599, Train MSE: 0.1599, r (train): 0.8230, Test MSE: 0.1648, r (test): 0.4384
Epoch: 12, Training Loss: 0.0253, Train MSE: 0.0253, r (train): 0.8546, Test MSE: 0.0538, r (test): 0.4636
Epoch: 13, Training Loss: 0.1345, Train MSE: 0.1345, r (train): 0.8323, Test MSE: 0.1579, r (test): 0.4247
Epoch: 14, Training Loss: 0.3170, Train MSE: 0.3170, r (train): 0.7958, Test MSE: 0.3003, r (test): 0.4630
Epoch: 15, Training Loss: 0.0289, Train MSE: 0.0289, r (train): 0.8566, Test MSE: 0.0517, r (test): 0.4935
Epoch: 16, Training Loss: 0.0543, Train MSE: 0.0543, r (train): 0.8797, Test MSE: 0.0849, r (test): 0.4577
Epoch: 17, Training Loss: 0.0277, Train MSE: 0.0277, r (train): 0.8724, Test MSE: 0.0610, r (test): 0.4711
Epoch: 18, Training Loss: 0.1043, Train MSE: 0.1043, r (train): 0.8368, Test MSE: 0.1230, r (test): 0.4961
Epoch: 19, Training Loss: 0.0262, Train MSE: 0.0262, r (train): 0.8550, Test MSE: 0.0506, r (test): 0.4787
Epoch: 20, Training Loss: 0.0749, Train MSE: 0.0749, r (train): 0.8763, Test MSE: 0.1046, r (test): 0.4817
Epoch: 21, Training Loss: 0.0386, Train MSE: 0.0386, r (train): 0.8541, Test MSE: 0.0667, r (test): 0.4398
Epoch: 22, Training Loss: 0.0695, Train MSE: 0.0695, r (train): 0.8363, Test MSE: 0.0955, r (test): 0.4624
Epoch: 23, Training Loss: 0.0223, Train MSE: 0.0223, r (train): 0.8570, Test MSE: 0.0501, r (test): 0.4656
Epoch: 24, Training Loss: 0.1092, Train MSE: 0.1092, r (train): 0.8682, Test MSE: 0.1382, r (test): 0.4523
Epoch: 25, Training Loss: 0.0521, Train MSE: 0.0521, r (train): 0.8331, Test MSE: 0.0746, r (test): 0.4539
Epoch: 26, Training Loss: 0.0449, Train MSE: 0.0449, r (train): 0.8243, Test MSE: 0.0707, r (test): 0.4569
Epoch: 27, Training Loss: 0.0250, Train MSE: 0.0250, r (train): 0.8513, Test MSE: 0.0512, r (test): 0.4472
Epoch: 28, Training Loss: 0.2361, Train MSE: 0.2361, r (train): 0.8659, Test MSE: 0.2692, r (test): 0.4791
Epoch: 29, Training Loss: 0.0596, Train MSE: 0.0596, r (train): 0.8192, Test MSE: 0.0793, r (test): 0.4203
Epoch: 30, Training Loss: 0.0292, Train MSE: 0.0292, r (train): 0.8330, Test MSE: 0.0503, r (test): 0.4497
Epoch: 31, Training Loss: 0.0319, Train MSE: 0.0319, r (train): 0.8503, Test MSE: 0.0624, r (test): 0.4370
Epoch: 32, Training Loss: 0.0538, Train MSE: 0.0538, r (train): 0.8527, Test MSE: 0.0824, r (test): 0.4216
Epoch: 33, Training Loss: 0.0255, Train MSE: 0.0255, r (train): 0.8541, Test MSE: 0.0521, r (test): 0.4707
Epoch: 34, Training Loss: 0.0225, Train MSE: 0.0225, r (train): 0.8504, Test MSE: 0.0500, r (test): 0.4667
Epoch: 35, Training Loss: 0.0459, Train MSE: 0.0459, r (train): 0.8614, Test MSE: 0.0743, r (test): 0.4561
Epoch: 36, Training Loss: 0.0249, Train MSE: 0.0249, r (train): 0.8738, Test MSE: 0.0533, r (test): 0.5017
Epoch: 37, Training Loss: 0.0229, Train MSE: 0.0229, r (train): 0.8638, Test MSE: 0.0509, r (test): 0.4621
Epoch: 38, Training Loss: 0.0193, Train MSE: 0.0193, r (train): 0.8654, Test MSE: 0.0430, r (test): 0.5182
Epoch: 39, Training Loss: 0.0872, Train MSE: 0.0872, r (train): 0.8625, Test MSE: 0.1115, r (test): 0.4677
Epoch: 40, Training Loss: 0.0237, Train MSE: 0.0237, r (train): 0.8527, Test MSE: 0.0464, r (test): 0.4907
Epoch: 41, Training Loss: 0.0213, Train MSE: 0.0213, r (train): 0.8593, Test MSE: 0.0468, r (test): 0.4788
Epoch: 42, Training Loss: 0.0193, Train MSE: 0.0193, r (train): 0.8620, Test MSE: 0.0439, r (test): 0.4974
Epoch: 43, Training Loss: 0.0388, Train MSE: 0.0388, r (train): 0.8615, Test MSE: 0.0678, r (test): 0.4697
Epoch: 44, Training Loss: 0.0705, Train MSE: 0.0705, r (train): 0.8321, Test MSE: 0.0826, r (test): 0.4937
Epoch: 45, Training Loss: 0.0719, Train MSE: 0.0719, r (train): 0.7492, Test MSE: 0.0831, r (test): 0.4373
Epoch: 46, Training Loss: 0.2273, Train MSE: 0.2273, r (train): 0.8429, Test MSE: 0.2243, r (test): 0.4857
Epoch: 47, Training Loss: 0.3043, Train MSE: 0.3043, r (train): 0.8577, Test MSE: 0.3364, r (test): 0.4586
Epoch: 48, Training Loss: 0.0270, Train MSE: 0.0270, r (train): 0.8490, Test MSE: 0.0490, r (test): 0.4657
Epoch: 49, Training Loss: 0.0542, Train MSE: 0.0542, r (train): 0.8136, Test MSE: 0.0722, r (test): 0.4562
Epoch: 50, Training Loss: 0.1296, Train MSE: 0.1296, r (train): 0.7431, Test MSE: 0.1375, r (test): 0.4270
Epoch: 51, Training Loss: 0.0255, Train MSE: 0.0255, r (train): 0.8327, Test MSE: 0.0476, r (test): 0.4412
Epoch: 52, Training Loss: 0.1445, Train MSE: 0.1445, r (train): 0.8685, Test MSE: 0.1932, r (test): 0.4299
Epoch: 53, Training Loss: 0.0200, Train MSE: 0.0200, r (train): 0.8582, Test MSE: 0.0457, r (test): 0.4665
Epoch: 54, Training Loss: 0.0387, Train MSE: 0.0387, r (train): 0.8222, Test MSE: 0.0578, r (test): 0.4647
Epoch: 55, Training Loss: 0.0245, Train MSE: 0.0245, r (train): 0.8417, Test MSE: 0.0461, r (test): 0.4857
Epoch: 56, Training Loss: 0.0419, Train MSE: 0.0419, r (train): 0.8701, Test MSE: 0.0744, r (test): 0.4689
Epoch: 57, Training Loss: 0.0224, Train MSE: 0.0224, r (train): 0.8515, Test MSE: 0.0451, r (test): 0.5003
Epoch: 58, Training Loss: 0.0425, Train MSE: 0.0425, r (train): 0.8144, Test MSE: 0.0629, r (test): 0.4487
Epoch: 59, Training Loss: 0.0303, Train MSE: 0.0303, r (train): 0.8362, Test MSE: 0.0524, r (test): 0.4712
Epoch: 60, Training Loss: 0.0767, Train MSE: 0.0767, r (train): 0.8725, Test MSE: 0.1133, r (test): 0.4477
Epoch: 61, Training Loss: 0.0255, Train MSE: 0.0255, r (train): 0.8501, Test MSE: 0.0498, r (test): 0.4485
Epoch: 62, Training Loss: 0.0330, Train MSE: 0.0330, r (train): 0.8341, Test MSE: 0.0543, r (test): 0.4492
Epoch: 63, Training Loss: 0.0257, Train MSE: 0.0257, r (train): 0.8628, Test MSE: 0.0545, r (test): 0.4522
Epoch: 64, Training Loss: 0.0419, Train MSE: 0.0419, r (train): 0.8744, Test MSE: 0.0717, r (test): 0.4949
Epoch: 65, Training Loss: 0.0215, Train MSE: 0.0215, r (train): 0.8551, Test MSE: 0.0444, r (test): 0.4917
Epoch: 66, Training Loss: 0.0483, Train MSE: 0.0483, r (train): 0.8528, Test MSE: 0.0678, r (test): 0.4824
Epoch: 67, Training Loss: 0.0337, Train MSE: 0.0337, r (train): 0.8389, Test MSE: 0.0549, r (test): 0.4953
Epoch: 68, Training Loss: 0.0257, Train MSE: 0.0257, r (train): 0.8529, Test MSE: 0.0491, r (test): 0.4717
Epoch: 69, Training Loss: 0.0661, Train MSE: 0.0661, r (train): 0.8032, Test MSE: 0.0840, r (test): 0.4443
Epoch: 70, Training Loss: 0.0353, Train MSE: 0.0353, r (train): 0.8215, Test MSE: 0.0549, r (test): 0.4466
Epoch: 71, Training Loss: 0.0493, Train MSE: 0.0493, r (train): 0.8700, Test MSE: 0.0880, r (test): 0.4405
Epoch: 72, Training Loss: 0.0194, Train MSE: 0.0194, r (train): 0.8639, Test MSE: 0.0441, r (test): 0.4897
Epoch: 73, Training Loss: 0.0817, Train MSE: 0.0817, r (train): 0.8605, Test MSE: 0.1029, r (test): 0.4912
Epoch: 74, Training Loss: 0.0279, Train MSE: 0.0279, r (train): 0.8345, Test MSE: 0.0481, r (test): 0.5032
Epoch: 75, Training Loss: 0.0223, Train MSE: 0.0223, r (train): 0.8577, Test MSE: 0.0453, r (test): 0.5031
Epoch: 76, Training Loss: 0.0290, Train MSE: 0.0290, r (train): 0.8572, Test MSE: 0.0537, r (test): 0.4842
Epoch: 77, Training Loss: 0.0845, Train MSE: 0.0845, r (train): 0.7862, Test MSE: 0.1003, r (test): 0.4343
Epoch: 78, Training Loss: 0.0371, Train MSE: 0.0371, r (train): 0.8190, Test MSE: 0.0557, r (test): 0.4584
Epoch: 79, Training Loss: 0.0469, Train MSE: 0.0469, r (train): 0.8750, Test MSE: 0.0816, r (test): 0.4743
Epoch: 80, Training Loss: 0.0359, Train MSE: 0.0359, r (train): 0.8700, Test MSE: 0.0664, r (test): 0.4773
Epoch: 81, Training Loss: 0.0938, Train MSE: 0.0938, r (train): 0.8565, Test MSE: 0.1154, r (test): 0.4934
Epoch: 82, Training Loss: 0.0363, Train MSE: 0.0363, r (train): 0.8213, Test MSE: 0.0562, r (test): 0.4842
Epoch: 83, Training Loss: 0.0215, Train MSE: 0.0215, r (train): 0.8552, Test MSE: 0.0446, r (test): 0.4951
Epoch: 84, Training Loss: 0.0247, Train MSE: 0.0247, r (train): 0.8618, Test MSE: 0.0505, r (test): 0.4782
Epoch: 85, Training Loss: 0.0358, Train MSE: 0.0358, r (train): 0.8248, Test MSE: 0.0567, r (test): 0.4347
Epoch: 86, Training Loss: 0.0477, Train MSE: 0.0477, r (train): 0.8180, Test MSE: 0.0670, r (test): 0.4536
Epoch: 87, Training Loss: 0.0235, Train MSE: 0.0235, r (train): 0.8561, Test MSE: 0.0465, r (test): 0.4802
Epoch: 88, Training Loss: 0.1867, Train MSE: 0.1867, r (train): 0.8702, Test MSE: 0.2255, r (test): 0.4832
Epoch: 89, Training Loss: 0.0273, Train MSE: 0.0273, r (train): 0.8395, Test MSE: 0.0483, r (test): 0.4855
Epoch: 90, Training Loss: 0.1044, Train MSE: 0.1044, r (train): 0.8522, Test MSE: 0.1237, r (test): 0.4886
Epoch: 91, Training Loss: 0.0498, Train MSE: 0.0498, r (train): 0.8391, Test MSE: 0.0680, r (test): 0.5016
Epoch: 92, Training Loss: 0.0230, Train MSE: 0.0230, r (train): 0.8481, Test MSE: 0.0457, r (test): 0.4596
Epoch: 93, Training Loss: 0.0307, Train MSE: 0.0307, r (train): 0.8607, Test MSE: 0.0577, r (test): 0.4651
Epoch: 94, Training Loss: 0.0705, Train MSE: 0.0705, r (train): 0.8137, Test MSE: 0.0872, r (test): 0.4564
Epoch: 95, Training Loss: 0.0214, Train MSE: 0.0214, r (train): 0.8621, Test MSE: 0.0457, r (test): 0.5011
Epoch: 96, Training Loss: 0.0220, Train MSE: 0.0220, r (train): 0.8610, Test MSE: 0.0467, r (test): 0.4911
Epoch: 97, Training Loss: 0.0832, Train MSE: 0.0832, r (train): 0.8577, Test MSE: 0.1070, r (test): 0.4948
Epoch: 98, Training Loss: 0.0448, Train MSE: 0.0448, r (train): 0.8164, Test MSE: 0.0627, r (test): 0.4655
Epoch: 99, Training Loss: 0.0545, Train MSE: 0.0545, r (train): 0.8188, Test MSE: 0.0742, r (test): 0.4280
Predicted tensors for training set: 
tensor([ 0.6389,  0.5868,  0.0816,  0.3756,  0.5505,  0.2511,  0.5034,  0.1731,
         0.2272,  0.5780,  0.8441,  0.1375,  0.3848,  0.2319,  0.5122,  0.4613,
         0.2649,  0.3578,  0.3473,  0.4035,  0.0403,  0.4023,  0.1779,  0.4716,
         0.3588,  0.2608,  1.3851,  0.0909,  0.1745,  0.4622,  1.0293,  0.0228,
         0.3286,  0.3603,  0.1018,  0.4930,  0.1331,  0.2779,  0.5220,  0.1776,
         0.4454,  0.6105,  0.4473, -0.0331,  0.0356,  0.5372,  0.4263,  0.7471,
         0.6490,  0.2239,  0.3580,  0.2468,  0.3665,  0.0581,  0.6526,  0.4539,
         0.2166,  0.5142,  0.1559,  0.4759,  0.6360,  0.3130,  0.3796,  0.4188,
         0.0131,  0.4890,  0.6064,  0.6369,  0.9185,  0.1714,  0.6442,  0.2459])
Target tensorsfor training set: 
tensor([0.7371, 0.6671, 0.0636, 0.4373, 0.7144, 0.3453, 0.6465, 0.2255, 0.3077,
        0.7950, 0.9656, 0.2169, 0.5780, 0.4640, 0.7596, 0.7270, 0.6577, 0.8411,
        0.8453, 0.8561, 0.1493, 0.7125, 0.3309, 0.7171, 0.2594, 0.1294, 0.9127,
        0.0246, 0.2394, 0.5178, 0.9492, 0.0763, 0.6240, 0.6846, 0.3174, 0.8391,
        0.3829, 0.5783, 0.8363, 0.5023, 0.7507, 0.8556, 0.7497, 0.0981, 0.1360,
        0.7372, 0.6199, 0.8988, 0.9117, 0.4149, 0.5719, 0.4513, 0.4818, 0.0478,
        0.7791, 0.5658, 0.5300, 0.9621, 0.4526, 0.9215, 0.8524, 0.4654, 0.5564,
        0.5779, 0.1055, 0.7462, 0.8418, 0.9150, 0.9072, 0.1295, 0.6576, 0.2271])
Correlation for training set: 0.8188075509110536
Predicted tensors for test set: 
tensor([0.3626, 0.3960, 0.2361, 0.2231, 0.2936, 0.5788, 0.3232, 0.1085, 0.4035,
        0.4061, 0.5869, 0.2394, 0.2527, 0.3129, 0.3123, 0.2561, 0.2575, 0.3098])
Target tensorsfor test set: 
tensor([0.9535, 0.2649, 0.4341, 0.2916, 0.5187, 0.5220, 0.4440, 0.0389, 0.8728,
        0.7901, 0.5102, 0.5573, 0.1218, 0.6595, 0.4993, 0.6992, 0.2464, 0.4036])
Correlation for test set: 0.4279842120007714
18 5
Fold 3
Epoch: 00, Training Loss: 0.1193, Train MSE: 0.1193, r (train): -0.3353, Test MSE: 0.1295, r (test): 0.0856
Epoch: 01, Training Loss: 0.2018, Train MSE: 0.2018, r (train): -0.3072, Test MSE: 0.1987, r (test): 0.0059
Epoch: 02, Training Loss: 0.3861, Train MSE: 0.3861, r (train): 0.4932, Test MSE: 0.3637, r (test): 0.2672
Epoch: 03, Training Loss: 0.2121, Train MSE: 0.2121, r (train): 0.8001, Test MSE: 0.2408, r (test): 0.0965
Epoch: 04, Training Loss: 0.1005, Train MSE: 0.1005, r (train): 0.6951, Test MSE: 0.2250, r (test): 0.0647
Epoch: 05, Training Loss: 0.0198, Train MSE: 0.0198, r (train): 0.8650, Test MSE: 0.0980, r (test): 0.3079
Epoch: 06, Training Loss: 0.2961, Train MSE: 0.2961, r (train): 0.8132, Test MSE: 0.4503, r (test): 0.3428
Epoch: 07, Training Loss: 0.1117, Train MSE: 0.1117, r (train): 0.8569, Test MSE: 0.2142, r (test): 0.3109
Epoch: 08, Training Loss: 0.1487, Train MSE: 0.1487, r (train): 0.7407, Test MSE: 0.2736, r (test): 0.0382
Epoch: 09, Training Loss: 0.0392, Train MSE: 0.0392, r (train): 0.8736, Test MSE: 0.0929, r (test): 0.4631
Epoch: 10, Training Loss: 0.0191, Train MSE: 0.0191, r (train): 0.8915, Test MSE: 0.1062, r (test): 0.2706
Epoch: 11, Training Loss: 0.1296, Train MSE: 0.1296, r (train): 0.8573, Test MSE: 0.2509, r (test): 0.2175
Epoch: 12, Training Loss: 0.1865, Train MSE: 0.1865, r (train): 0.8963, Test MSE: 0.2407, r (test): 0.3374
Epoch: 13, Training Loss: 0.0584, Train MSE: 0.0584, r (train): 0.9085, Test MSE: 0.1118, r (test): 0.4028
Epoch: 14, Training Loss: 0.1053, Train MSE: 0.1053, r (train): 0.8987, Test MSE: 0.2239, r (test): 0.2651
Epoch: 15, Training Loss: 0.0148, Train MSE: 0.0148, r (train): 0.9128, Test MSE: 0.0887, r (test): 0.3226
Epoch: 16, Training Loss: 0.0368, Train MSE: 0.0368, r (train): 0.9156, Test MSE: 0.0988, r (test): 0.3873
Epoch: 17, Training Loss: 0.0113, Train MSE: 0.0113, r (train): 0.9120, Test MSE: 0.0933, r (test): 0.3027
Epoch: 18, Training Loss: 0.0108, Train MSE: 0.0108, r (train): 0.9160, Test MSE: 0.0907, r (test): 0.3386
Epoch: 19, Training Loss: 0.0254, Train MSE: 0.0254, r (train): 0.9151, Test MSE: 0.1131, r (test): 0.3424
Epoch: 20, Training Loss: 0.0669, Train MSE: 0.0669, r (train): 0.9042, Test MSE: 0.1261, r (test): 0.3259
Epoch: 21, Training Loss: 0.0106, Train MSE: 0.0106, r (train): 0.9166, Test MSE: 0.0892, r (test): 0.3601
Epoch: 22, Training Loss: 0.0199, Train MSE: 0.0199, r (train): 0.9106, Test MSE: 0.1138, r (test): 0.2600
Epoch: 23, Training Loss: 0.0305, Train MSE: 0.0305, r (train): 0.9117, Test MSE: 0.0963, r (test): 0.3450
Epoch: 24, Training Loss: 0.0176, Train MSE: 0.0176, r (train): 0.9175, Test MSE: 0.0858, r (test): 0.3745
Epoch: 25, Training Loss: 0.0212, Train MSE: 0.0212, r (train): 0.9174, Test MSE: 0.1153, r (test): 0.3094
Epoch: 26, Training Loss: 0.0198, Train MSE: 0.0198, r (train): 0.9119, Test MSE: 0.0911, r (test): 0.3009
Epoch: 27, Training Loss: 0.0269, Train MSE: 0.0269, r (train): 0.9147, Test MSE: 0.0913, r (test): 0.3856
Epoch: 28, Training Loss: 0.0164, Train MSE: 0.0164, r (train): 0.9131, Test MSE: 0.0882, r (test): 0.3322
Epoch: 29, Training Loss: 0.0245, Train MSE: 0.0245, r (train): 0.9167, Test MSE: 0.1173, r (test): 0.3376
Epoch: 30, Training Loss: 0.0308, Train MSE: 0.0308, r (train): 0.9082, Test MSE: 0.0961, r (test): 0.3425
Epoch: 31, Training Loss: 0.0117, Train MSE: 0.0117, r (train): 0.9161, Test MSE: 0.0893, r (test): 0.3577
Epoch: 32, Training Loss: 0.0110, Train MSE: 0.0110, r (train): 0.9181, Test MSE: 0.0890, r (test): 0.3857
Epoch: 33, Training Loss: 0.0230, Train MSE: 0.0230, r (train): 0.9122, Test MSE: 0.1168, r (test): 0.2702
Epoch: 34, Training Loss: 0.1081, Train MSE: 0.1081, r (train): 0.9060, Test MSE: 0.1567, r (test): 0.3664
Epoch: 35, Training Loss: 0.0106, Train MSE: 0.0106, r (train): 0.9236, Test MSE: 0.0854, r (test): 0.3975
Epoch: 36, Training Loss: 0.0171, Train MSE: 0.0171, r (train): 0.9244, Test MSE: 0.1060, r (test): 0.3360
Epoch: 37, Training Loss: 0.0215, Train MSE: 0.0215, r (train): 0.9154, Test MSE: 0.0903, r (test): 0.3249
Epoch: 38, Training Loss: 0.0400, Train MSE: 0.0400, r (train): 0.9164, Test MSE: 0.1024, r (test): 0.4030
Epoch: 39, Training Loss: 0.0127, Train MSE: 0.0127, r (train): 0.9175, Test MSE: 0.0850, r (test): 0.3514
Epoch: 40, Training Loss: 0.0512, Train MSE: 0.0512, r (train): 0.9182, Test MSE: 0.1520, r (test): 0.3339
Epoch: 41, Training Loss: 0.0120, Train MSE: 0.0120, r (train): 0.9159, Test MSE: 0.0892, r (test): 0.3158
Epoch: 42, Training Loss: 0.0149, Train MSE: 0.0149, r (train): 0.8994, Test MSE: 0.0862, r (test): 0.3411
Epoch: 43, Training Loss: 0.0120, Train MSE: 0.0120, r (train): 0.9139, Test MSE: 0.0901, r (test): 0.3881
Epoch: 44, Training Loss: 0.0436, Train MSE: 0.0436, r (train): 0.9071, Test MSE: 0.1448, r (test): 0.2641
Epoch: 45, Training Loss: 0.0321, Train MSE: 0.0321, r (train): 0.9054, Test MSE: 0.1052, r (test): 0.2385
Epoch: 46, Training Loss: 0.0162, Train MSE: 0.0162, r (train): 0.9149, Test MSE: 0.0885, r (test): 0.3483
Epoch: 47, Training Loss: 0.0646, Train MSE: 0.0646, r (train): 0.9021, Test MSE: 0.1773, r (test): 0.2696
Epoch: 48, Training Loss: 0.0370, Train MSE: 0.0370, r (train): 0.9086, Test MSE: 0.1334, r (test): 0.2612
Epoch: 49, Training Loss: 0.0121, Train MSE: 0.0121, r (train): 0.9197, Test MSE: 0.0872, r (test): 0.3484
Epoch: 50, Training Loss: 0.0112, Train MSE: 0.0112, r (train): 0.9126, Test MSE: 0.0941, r (test): 0.2579
Epoch: 51, Training Loss: 0.0716, Train MSE: 0.0716, r (train): 0.9105, Test MSE: 0.1786, r (test): 0.2993
Epoch: 52, Training Loss: 0.0107, Train MSE: 0.0107, r (train): 0.9179, Test MSE: 0.0917, r (test): 0.2928
Epoch: 53, Training Loss: 0.0154, Train MSE: 0.0154, r (train): 0.9200, Test MSE: 0.1020, r (test): 0.2957
Epoch: 54, Training Loss: 0.0277, Train MSE: 0.0277, r (train): 0.9232, Test MSE: 0.1199, r (test): 0.3438
Epoch: 55, Training Loss: 0.0384, Train MSE: 0.0384, r (train): 0.9142, Test MSE: 0.1330, r (test): 0.2960
Epoch: 56, Training Loss: 0.0791, Train MSE: 0.0791, r (train): 0.9196, Test MSE: 0.1387, r (test): 0.3634
Epoch: 57, Training Loss: 0.0203, Train MSE: 0.0203, r (train): 0.9182, Test MSE: 0.1059, r (test): 0.3654
Epoch: 58, Training Loss: 0.0126, Train MSE: 0.0126, r (train): 0.9155, Test MSE: 0.0843, r (test): 0.3604
Epoch: 59, Training Loss: 0.0474, Train MSE: 0.0474, r (train): 0.9192, Test MSE: 0.1087, r (test): 0.3782
Epoch: 60, Training Loss: 0.0282, Train MSE: 0.0282, r (train): 0.9068, Test MSE: 0.0890, r (test): 0.4137
Epoch: 61, Training Loss: 0.0226, Train MSE: 0.0226, r (train): 0.9136, Test MSE: 0.0890, r (test): 0.3611
Epoch: 62, Training Loss: 0.0151, Train MSE: 0.0151, r (train): 0.9109, Test MSE: 0.0905, r (test): 0.3848
Epoch: 63, Training Loss: 0.0502, Train MSE: 0.0502, r (train): 0.9157, Test MSE: 0.1413, r (test): 0.3595
Epoch: 64, Training Loss: 0.0703, Train MSE: 0.0703, r (train): 0.9150, Test MSE: 0.1350, r (test): 0.3193
Epoch: 65, Training Loss: 0.0289, Train MSE: 0.0289, r (train): 0.9156, Test MSE: 0.1214, r (test): 0.3303
Epoch: 66, Training Loss: 0.3159, Train MSE: 0.3159, r (train): 0.8992, Test MSE: 0.4472, r (test): 0.2799
Epoch: 67, Training Loss: 0.0469, Train MSE: 0.0469, r (train): 0.9179, Test MSE: 0.1145, r (test): 0.3284
Epoch: 68, Training Loss: 0.0265, Train MSE: 0.0265, r (train): 0.9183, Test MSE: 0.0927, r (test): 0.3658
Epoch: 69, Training Loss: 0.0308, Train MSE: 0.0308, r (train): 0.9151, Test MSE: 0.1268, r (test): 0.3024
Epoch: 70, Training Loss: 0.0334, Train MSE: 0.0334, r (train): 0.9036, Test MSE: 0.0985, r (test): 0.3410
Epoch: 71, Training Loss: 0.0284, Train MSE: 0.0284, r (train): 0.9132, Test MSE: 0.0967, r (test): 0.3550
Epoch: 72, Training Loss: 0.0108, Train MSE: 0.0108, r (train): 0.9193, Test MSE: 0.0913, r (test): 0.3271
Epoch: 73, Training Loss: 0.0224, Train MSE: 0.0224, r (train): 0.9098, Test MSE: 0.1135, r (test): 0.2562
Epoch: 74, Training Loss: 0.0594, Train MSE: 0.0594, r (train): 0.9210, Test MSE: 0.1525, r (test): 0.3176
Epoch: 75, Training Loss: 0.0183, Train MSE: 0.0183, r (train): 0.9220, Test MSE: 0.0910, r (test): 0.3237
Epoch: 76, Training Loss: 0.0268, Train MSE: 0.0268, r (train): 0.9229, Test MSE: 0.1237, r (test): 0.2667
Epoch: 77, Training Loss: 0.0127, Train MSE: 0.0127, r (train): 0.9125, Test MSE: 0.0869, r (test): 0.3303
Epoch: 78, Training Loss: 0.0456, Train MSE: 0.0456, r (train): 0.9146, Test MSE: 0.1078, r (test): 0.3877
Epoch: 79, Training Loss: 0.0105, Train MSE: 0.0105, r (train): 0.9204, Test MSE: 0.0898, r (test): 0.3366
Epoch: 80, Training Loss: 0.0271, Train MSE: 0.0271, r (train): 0.9081, Test MSE: 0.0982, r (test): 0.3046
Epoch: 81, Training Loss: 0.0137, Train MSE: 0.0137, r (train): 0.9175, Test MSE: 0.0853, r (test): 0.3638
Epoch: 82, Training Loss: 0.0317, Train MSE: 0.0317, r (train): 0.9222, Test MSE: 0.1254, r (test): 0.3038
Epoch: 83, Training Loss: 0.0128, Train MSE: 0.0128, r (train): 0.9167, Test MSE: 0.1029, r (test): 0.2283
Epoch: 84, Training Loss: 0.0227, Train MSE: 0.0227, r (train): 0.9259, Test MSE: 0.1076, r (test): 0.3300
Epoch: 85, Training Loss: 0.0126, Train MSE: 0.0126, r (train): 0.9191, Test MSE: 0.0982, r (test): 0.2870
Epoch: 86, Training Loss: 0.0226, Train MSE: 0.0226, r (train): 0.9199, Test MSE: 0.1108, r (test): 0.3236
Epoch: 87, Training Loss: 0.0700, Train MSE: 0.0700, r (train): 0.9081, Test MSE: 0.1315, r (test): 0.3646
Epoch: 88, Training Loss: 0.0317, Train MSE: 0.0317, r (train): 0.9133, Test MSE: 0.0994, r (test): 0.3445
Epoch: 89, Training Loss: 0.0143, Train MSE: 0.0143, r (train): 0.9163, Test MSE: 0.0963, r (test): 0.3287
Epoch: 90, Training Loss: 0.0124, Train MSE: 0.0124, r (train): 0.9111, Test MSE: 0.0962, r (test): 0.2450
Epoch: 91, Training Loss: 0.0169, Train MSE: 0.0169, r (train): 0.9217, Test MSE: 0.1014, r (test): 0.3282
Epoch: 92, Training Loss: 0.0363, Train MSE: 0.0363, r (train): 0.9256, Test MSE: 0.1303, r (test): 0.3229
Epoch: 93, Training Loss: 0.0110, Train MSE: 0.0110, r (train): 0.9145, Test MSE: 0.0961, r (test): 0.2291
Epoch: 94, Training Loss: 0.0132, Train MSE: 0.0132, r (train): 0.9167, Test MSE: 0.0849, r (test): 0.3604
Epoch: 95, Training Loss: 0.0129, Train MSE: 0.0129, r (train): 0.9243, Test MSE: 0.0955, r (test): 0.3493
Epoch: 96, Training Loss: 0.0182, Train MSE: 0.0182, r (train): 0.9133, Test MSE: 0.0894, r (test): 0.3232
Epoch: 97, Training Loss: 0.0327, Train MSE: 0.0327, r (train): 0.9127, Test MSE: 0.1010, r (test): 0.3560
Epoch: 98, Training Loss: 0.0138, Train MSE: 0.0138, r (train): 0.9215, Test MSE: 0.0988, r (test): 0.2944
Epoch: 99, Training Loss: 0.0362, Train MSE: 0.0362, r (train): 0.9128, Test MSE: 0.1327, r (test): 0.2538
Predicted tensors for training set: 
tensor([1.0522, 0.9812, 0.3725, 0.6981, 0.9632, 0.6076, 0.9487, 0.5202, 0.4797,
        0.8937, 0.9725, 0.3813, 0.8169, 0.6517, 0.9202, 0.9080, 0.6310, 0.8402,
        0.9819, 0.3356, 0.6371, 0.4816, 0.6421, 0.7096, 0.4970, 0.2150, 0.8285,
        0.7631, 0.7693, 0.7256, 0.3521, 0.7962, 0.7597, 0.7858, 0.5144, 0.6429,
        0.5304, 0.7155, 0.9221, 0.6208, 0.8213, 0.8523, 0.8721, 0.2291, 0.4130,
        0.9316, 0.8123, 1.0380, 1.0745, 0.6057, 0.7762, 0.5556, 0.7009, 0.3013,
        1.0029, 0.8012, 0.5207, 0.8385, 0.5135, 0.8608, 1.1890, 0.7800, 0.8408,
        0.9149, 0.2447, 0.8108, 0.8918, 0.9718, 1.0618, 0.3190, 0.8154, 0.3949])
Target tensorsfor training set: 
tensor([0.7371, 0.6671, 0.0636, 0.4373, 0.7144, 0.3453, 0.6465, 0.2255, 0.3077,
        0.7950, 0.9656, 0.2169, 0.5780, 0.4640, 0.7596, 0.7270, 0.6577, 0.8411,
        0.9535, 0.2649, 0.4341, 0.2916, 0.5187, 0.5220, 0.4440, 0.0389, 0.8728,
        0.7901, 0.5102, 0.5573, 0.1218, 0.6595, 0.4993, 0.6992, 0.2464, 0.4036,
        0.3829, 0.5783, 0.8363, 0.5023, 0.7507, 0.8556, 0.7497, 0.0981, 0.1360,
        0.7372, 0.6199, 0.8988, 0.9117, 0.4149, 0.5719, 0.4513, 0.4818, 0.0478,
        0.7791, 0.5658, 0.5300, 0.9621, 0.4526, 0.9215, 0.8524, 0.4654, 0.5564,
        0.5779, 0.1055, 0.7462, 0.8418, 0.9150, 0.9072, 0.1295, 0.6576, 0.2271])
Correlation for training set: 0.9127987995404198
Predicted tensors for test set: 
tensor([0.8520, 0.9480, 0.7144, 0.7699, 0.5088, 0.4549, 0.6957, 0.8447, 0.8838,
        0.7562, 0.7845, 0.6943, 0.7349, 0.3860, 0.8250, 0.6380, 0.6616, 0.5438])
Target tensorsfor test set: 
tensor([0.8453, 0.8561, 0.1493, 0.7125, 0.3309, 0.7171, 0.2594, 0.1294, 0.9127,
        0.0246, 0.2394, 0.5178, 0.9492, 0.0763, 0.6240, 0.6846, 0.3174, 0.8391])
Correlation for test set: 0.2538118887736888
18 5
Fold 4
Epoch: 00, Training Loss: 0.1603, Train MSE: 0.1603, r (train): -0.2161, Test MSE: 0.1624, r (test): -0.4084
Epoch: 01, Training Loss: 0.2174, Train MSE: 0.2174, r (train): -0.2583, Test MSE: 0.2213, r (test): -0.3379
Epoch: 02, Training Loss: 0.3884, Train MSE: 0.3884, r (train): 0.6255, Test MSE: 0.3966, r (test): 0.2136
Epoch: 03, Training Loss: 0.3310, Train MSE: 0.3310, r (train): 0.8304, Test MSE: 0.3515, r (test): 0.5156
Epoch: 04, Training Loss: 0.1665, Train MSE: 0.1665, r (train): 0.7793, Test MSE: 0.2248, r (test): 0.2577
Epoch: 05, Training Loss: 0.0338, Train MSE: 0.0338, r (train): 0.7896, Test MSE: 0.0615, r (test): 0.4008
Epoch: 06, Training Loss: 0.0815, Train MSE: 0.0815, r (train): 0.8402, Test MSE: 0.1503, r (test): 0.1747
Epoch: 07, Training Loss: 0.4227, Train MSE: 0.4227, r (train): 0.8462, Test MSE: 0.5095, r (test): 0.2886
Epoch: 08, Training Loss: 0.4387, Train MSE: 0.4387, r (train): 0.8228, Test MSE: 0.4991, r (test): 0.3335
Epoch: 09, Training Loss: 0.0590, Train MSE: 0.0590, r (train): 0.8599, Test MSE: 0.0911, r (test): 0.5949
Epoch: 10, Training Loss: 0.0494, Train MSE: 0.0494, r (train): 0.8695, Test MSE: 0.0950, r (test): 0.3282
Epoch: 11, Training Loss: 0.0141, Train MSE: 0.0141, r (train): 0.8987, Test MSE: 0.0669, r (test): 0.2709
Epoch: 12, Training Loss: 0.0616, Train MSE: 0.0616, r (train): 0.8983, Test MSE: 0.1101, r (test): 0.2802
Epoch: 13, Training Loss: 0.0241, Train MSE: 0.0241, r (train): 0.8913, Test MSE: 0.0695, r (test): 0.4973
Epoch: 14, Training Loss: 0.1918, Train MSE: 0.1918, r (train): 0.8741, Test MSE: 0.2271, r (test): 0.3810
Epoch: 15, Training Loss: 0.0639, Train MSE: 0.0639, r (train): 0.8869, Test MSE: 0.1122, r (test): 0.2735
Epoch: 16, Training Loss: 0.0256, Train MSE: 0.0256, r (train): 0.9203, Test MSE: 0.0798, r (test): 0.3567
Epoch: 17, Training Loss: 0.0934, Train MSE: 0.0934, r (train): 0.9108, Test MSE: 0.1352, r (test): 0.3969
Epoch: 18, Training Loss: 0.0248, Train MSE: 0.0248, r (train): 0.9130, Test MSE: 0.0695, r (test): 0.4097
Epoch: 19, Training Loss: 0.0710, Train MSE: 0.0710, r (train): 0.9183, Test MSE: 0.1330, r (test): 0.3716
Epoch: 20, Training Loss: 0.0141, Train MSE: 0.0141, r (train): 0.9078, Test MSE: 0.0635, r (test): 0.3348
Epoch: 21, Training Loss: 0.0398, Train MSE: 0.0398, r (train): 0.9268, Test MSE: 0.0777, r (test): 0.4841
Epoch: 22, Training Loss: 0.0179, Train MSE: 0.0179, r (train): 0.9169, Test MSE: 0.0685, r (test): 0.4028
Epoch: 23, Training Loss: 0.0781, Train MSE: 0.0781, r (train): 0.9140, Test MSE: 0.1353, r (test): 0.3400
Epoch: 24, Training Loss: 0.0106, Train MSE: 0.0106, r (train): 0.9256, Test MSE: 0.0551, r (test): 0.4778
Epoch: 25, Training Loss: 0.2362, Train MSE: 0.2362, r (train): 0.8954, Test MSE: 0.2809, r (test): 0.3842
Epoch: 26, Training Loss: 0.2592, Train MSE: 0.2592, r (train): 0.9030, Test MSE: 0.3269, r (test): 0.3786
Epoch: 27, Training Loss: 0.0211, Train MSE: 0.0211, r (train): 0.9226, Test MSE: 0.0667, r (test): 0.3750
Epoch: 28, Training Loss: 0.0781, Train MSE: 0.0781, r (train): 0.9197, Test MSE: 0.1215, r (test): 0.4377
Epoch: 29, Training Loss: 0.0113, Train MSE: 0.0113, r (train): 0.9267, Test MSE: 0.0595, r (test): 0.4197
Epoch: 30, Training Loss: 0.0734, Train MSE: 0.0734, r (train): 0.9141, Test MSE: 0.1351, r (test): 0.3536
Epoch: 31, Training Loss: 0.0115, Train MSE: 0.0115, r (train): 0.9257, Test MSE: 0.0578, r (test): 0.4495
Epoch: 32, Training Loss: 0.0572, Train MSE: 0.0572, r (train): 0.9243, Test MSE: 0.0947, r (test): 0.4543
Epoch: 33, Training Loss: 0.0136, Train MSE: 0.0136, r (train): 0.9251, Test MSE: 0.0616, r (test): 0.3515
Epoch: 34, Training Loss: 0.0864, Train MSE: 0.0864, r (train): 0.9146, Test MSE: 0.1468, r (test): 0.3665
Epoch: 35, Training Loss: 0.0238, Train MSE: 0.0238, r (train): 0.9230, Test MSE: 0.0714, r (test): 0.4947
Epoch: 36, Training Loss: 0.4982, Train MSE: 0.4982, r (train): 0.9092, Test MSE: 0.5510, r (test): 0.3828
Epoch: 37, Training Loss: 0.0983, Train MSE: 0.0983, r (train): 0.9148, Test MSE: 0.1589, r (test): 0.3385
Epoch: 38, Training Loss: 0.0550, Train MSE: 0.0550, r (train): 0.9092, Test MSE: 0.1146, r (test): 0.4089
Epoch: 39, Training Loss: 0.0153, Train MSE: 0.0153, r (train): 0.8944, Test MSE: 0.0558, r (test): 0.4400
Epoch: 40, Training Loss: 0.0301, Train MSE: 0.0301, r (train): 0.9227, Test MSE: 0.0761, r (test): 0.3714
Epoch: 41, Training Loss: 0.0111, Train MSE: 0.0111, r (train): 0.9237, Test MSE: 0.0574, r (test): 0.4093
Epoch: 42, Training Loss: 0.0220, Train MSE: 0.0220, r (train): 0.9015, Test MSE: 0.0679, r (test): 0.3687
Epoch: 43, Training Loss: 0.0580, Train MSE: 0.0580, r (train): 0.9181, Test MSE: 0.1174, r (test): 0.4320
Epoch: 44, Training Loss: 0.0174, Train MSE: 0.0174, r (train): 0.9261, Test MSE: 0.0631, r (test): 0.3978
Epoch: 45, Training Loss: 0.0309, Train MSE: 0.0309, r (train): 0.9228, Test MSE: 0.0833, r (test): 0.3953
Epoch: 46, Training Loss: 0.0148, Train MSE: 0.0148, r (train): 0.9312, Test MSE: 0.0654, r (test): 0.4402
Epoch: 47, Training Loss: 0.0139, Train MSE: 0.0139, r (train): 0.9178, Test MSE: 0.0628, r (test): 0.3800
Epoch: 48, Training Loss: 0.0161, Train MSE: 0.0161, r (train): 0.9254, Test MSE: 0.0675, r (test): 0.3947
Epoch: 49, Training Loss: 0.0375, Train MSE: 0.0375, r (train): 0.9189, Test MSE: 0.0933, r (test): 0.4027
Epoch: 50, Training Loss: 0.0111, Train MSE: 0.0111, r (train): 0.9236, Test MSE: 0.0581, r (test): 0.4107
Epoch: 51, Training Loss: 0.0253, Train MSE: 0.0253, r (train): 0.9232, Test MSE: 0.0759, r (test): 0.4406
Epoch: 52, Training Loss: 0.1876, Train MSE: 0.1876, r (train): 0.9251, Test MSE: 0.2203, r (test): 0.3821
Epoch: 53, Training Loss: 0.0567, Train MSE: 0.0567, r (train): 0.9097, Test MSE: 0.1139, r (test): 0.3123
Epoch: 54, Training Loss: 0.0142, Train MSE: 0.0142, r (train): 0.9126, Test MSE: 0.0591, r (test): 0.5051
Epoch: 55, Training Loss: 0.0444, Train MSE: 0.0444, r (train): 0.8996, Test MSE: 0.0855, r (test): 0.3923
Epoch: 56, Training Loss: 0.1160, Train MSE: 0.1160, r (train): 0.9158, Test MSE: 0.1709, r (test): 0.3554
Epoch: 57, Training Loss: 0.0588, Train MSE: 0.0588, r (train): 0.9108, Test MSE: 0.1214, r (test): 0.3528
Epoch: 58, Training Loss: 0.0141, Train MSE: 0.0141, r (train): 0.8985, Test MSE: 0.0589, r (test): 0.3804
Epoch: 59, Training Loss: 0.0637, Train MSE: 0.0637, r (train): 0.9094, Test MSE: 0.1062, r (test): 0.3787
Epoch: 60, Training Loss: 0.0125, Train MSE: 0.0125, r (train): 0.9148, Test MSE: 0.0577, r (test): 0.4057
Epoch: 61, Training Loss: 0.0532, Train MSE: 0.0532, r (train): 0.9124, Test MSE: 0.1054, r (test): 0.3917
Epoch: 62, Training Loss: 0.0164, Train MSE: 0.0164, r (train): 0.9232, Test MSE: 0.0654, r (test): 0.4550
Epoch: 63, Training Loss: 0.0228, Train MSE: 0.0228, r (train): 0.9117, Test MSE: 0.0637, r (test): 0.4124
Epoch: 64, Training Loss: 0.1154, Train MSE: 0.1154, r (train): 0.9093, Test MSE: 0.1734, r (test): 0.3797
Epoch: 65, Training Loss: 0.0546, Train MSE: 0.0546, r (train): 0.9163, Test MSE: 0.0933, r (test): 0.3974
Epoch: 66, Training Loss: 0.0220, Train MSE: 0.0220, r (train): 0.9099, Test MSE: 0.0718, r (test): 0.4509
Epoch: 67, Training Loss: 0.0440, Train MSE: 0.0440, r (train): 0.9094, Test MSE: 0.0924, r (test): 0.3846
Epoch: 68, Training Loss: 0.0279, Train MSE: 0.0279, r (train): 0.9228, Test MSE: 0.0822, r (test): 0.4272
Epoch: 69, Training Loss: 0.0507, Train MSE: 0.0507, r (train): 0.9140, Test MSE: 0.0869, r (test): 0.4018
Epoch: 70, Training Loss: 0.1579, Train MSE: 0.1579, r (train): 0.9113, Test MSE: 0.2072, r (test): 0.4248
Epoch: 71, Training Loss: 0.0324, Train MSE: 0.0324, r (train): 0.9161, Test MSE: 0.0811, r (test): 0.4252
Epoch: 72, Training Loss: 0.0109, Train MSE: 0.0109, r (train): 0.9279, Test MSE: 0.0584, r (test): 0.3994
Epoch: 73, Training Loss: 0.0113, Train MSE: 0.0113, r (train): 0.9204, Test MSE: 0.0572, r (test): 0.4157
Epoch: 74, Training Loss: 0.1947, Train MSE: 0.1947, r (train): 0.9156, Test MSE: 0.2240, r (test): 0.4939
Epoch: 75, Training Loss: 0.0816, Train MSE: 0.0816, r (train): 0.9126, Test MSE: 0.1382, r (test): 0.4218
Epoch: 76, Training Loss: 0.0429, Train MSE: 0.0429, r (train): 0.9112, Test MSE: 0.1011, r (test): 0.3587
Epoch: 77, Training Loss: 0.0119, Train MSE: 0.0119, r (train): 0.9191, Test MSE: 0.0586, r (test): 0.4512
Epoch: 78, Training Loss: 0.1617, Train MSE: 0.1617, r (train): 0.9108, Test MSE: 0.2081, r (test): 0.3546
Epoch: 79, Training Loss: 0.0480, Train MSE: 0.0480, r (train): 0.9129, Test MSE: 0.1084, r (test): 0.3843
Epoch: 80, Training Loss: 0.0156, Train MSE: 0.0156, r (train): 0.9180, Test MSE: 0.0603, r (test): 0.3877
Epoch: 81, Training Loss: 0.1404, Train MSE: 0.1404, r (train): 0.9113, Test MSE: 0.1828, r (test): 0.4227
Epoch: 82, Training Loss: 0.0472, Train MSE: 0.0472, r (train): 0.9146, Test MSE: 0.1034, r (test): 0.4257
Epoch: 83, Training Loss: 0.0545, Train MSE: 0.0545, r (train): 0.9121, Test MSE: 0.1114, r (test): 0.4214
Epoch: 84, Training Loss: 0.0130, Train MSE: 0.0130, r (train): 0.9229, Test MSE: 0.0604, r (test): 0.4438
Epoch: 85, Training Loss: 0.0252, Train MSE: 0.0252, r (train): 0.9308, Test MSE: 0.0687, r (test): 0.3939
Epoch: 86, Training Loss: 0.0143, Train MSE: 0.0143, r (train): 0.9213, Test MSE: 0.0640, r (test): 0.3986
Epoch: 87, Training Loss: 0.0584, Train MSE: 0.0584, r (train): 0.9237, Test MSE: 0.0994, r (test): 0.4404
Epoch: 88, Training Loss: 0.0658, Train MSE: 0.0658, r (train): 0.9168, Test MSE: 0.1105, r (test): 0.3913
Epoch: 89, Training Loss: 0.1329, Train MSE: 0.1329, r (train): 0.9031, Test MSE: 0.2014, r (test): 0.4022
Epoch: 90, Training Loss: 0.0144, Train MSE: 0.0144, r (train): 0.9128, Test MSE: 0.0615, r (test): 0.4441
Epoch: 91, Training Loss: 0.0271, Train MSE: 0.0271, r (train): 0.9241, Test MSE: 0.0699, r (test): 0.4405
Epoch: 92, Training Loss: 0.0152, Train MSE: 0.0152, r (train): 0.9130, Test MSE: 0.0649, r (test): 0.4097
Epoch: 93, Training Loss: 0.0216, Train MSE: 0.0216, r (train): 0.9187, Test MSE: 0.0656, r (test): 0.3853
Epoch: 94, Training Loss: 0.1236, Train MSE: 0.1236, r (train): 0.9170, Test MSE: 0.1636, r (test): 0.4320
Epoch: 95, Training Loss: 0.0359, Train MSE: 0.0359, r (train): 0.9180, Test MSE: 0.0899, r (test): 0.4201
Epoch: 96, Training Loss: 0.0931, Train MSE: 0.0931, r (train): 0.9070, Test MSE: 0.1543, r (test): 0.3813
Epoch: 97, Training Loss: 0.0192, Train MSE: 0.0192, r (train): 0.9224, Test MSE: 0.0702, r (test): 0.4400
Epoch: 98, Training Loss: 0.0409, Train MSE: 0.0409, r (train): 0.9297, Test MSE: 0.0827, r (test): 0.4169
Epoch: 99, Training Loss: 0.0120, Train MSE: 0.0120, r (train): 0.9236, Test MSE: 0.0579, r (test): 0.3983
Predicted tensors for training set: 
tensor([0.8585, 0.7415, 0.0951, 0.4495, 0.9428, 0.4769, 0.9078, 0.3641, 0.3064,
        0.8104, 1.0052, 0.2199, 0.5633, 0.3869, 0.7364, 0.7853, 0.5798, 0.7742,
        0.9015, 0.1742, 0.5211, 0.3642, 0.6122, 0.5985, 0.4450, 0.0189, 0.9065,
        0.7851, 0.5512, 0.6504, 0.1653, 0.7585, 0.4874, 0.7006, 0.2614, 0.4217,
        0.8198, 0.7796, 0.1136, 0.6869, 0.4200, 0.8248, 0.2789, 0.2226, 1.1192,
        0.1483, 0.3467, 0.6343, 0.9570, 0.0552, 0.5867, 0.6462, 0.2488, 0.7042,
        0.6831, 0.4832, 0.3166, 0.6794, 0.2619, 0.6064, 0.9459, 0.5458, 0.6226,
        0.6256, 0.1138, 0.7674, 0.8731, 0.9454, 1.1977, 0.2609, 0.8595, 0.3409])
Target tensorsfor training set: 
tensor([0.7371, 0.6671, 0.0636, 0.4373, 0.7144, 0.3453, 0.6465, 0.2255, 0.3077,
        0.7950, 0.9656, 0.2169, 0.5780, 0.4640, 0.7596, 0.7270, 0.6577, 0.8411,
        0.9535, 0.2649, 0.4341, 0.2916, 0.5187, 0.5220, 0.4440, 0.0389, 0.8728,
        0.7901, 0.5102, 0.5573, 0.1218, 0.6595, 0.4993, 0.6992, 0.2464, 0.4036,
        0.8453, 0.8561, 0.1493, 0.7125, 0.3309, 0.7171, 0.2594, 0.1294, 0.9127,
        0.0246, 0.2394, 0.5178, 0.9492, 0.0763, 0.6240, 0.6846, 0.3174, 0.8391,
        0.7791, 0.5658, 0.5300, 0.9621, 0.4526, 0.9215, 0.8524, 0.4654, 0.5564,
        0.5779, 0.1055, 0.7462, 0.8418, 0.9150, 0.9072, 0.1295, 0.6576, 0.2271])
Correlation for training set: 0.9236286486897766
Predicted tensors for test set: 
tensor([0.6605, 0.4960, 0.5230, 0.5316, 0.6268, 0.4179, 0.5555, 0.3100, 0.5217,
        0.6685, 0.5831, 0.6276, 0.6667, 0.4309, 0.6188, 0.6569, 0.7423, 0.4594])
Target tensorsfor test set: 
tensor([0.3829, 0.5783, 0.8363, 0.5023, 0.7507, 0.8556, 0.7497, 0.0981, 0.1360,
        0.7372, 0.6199, 0.8988, 0.9117, 0.4149, 0.5719, 0.4513, 0.4818, 0.0478])
Correlation for test set: 0.39830200661987936
18 5
Fold 5
Epoch: 00, Training Loss: 0.1550, Train MSE: 0.1550, r (train): -0.2148, Test MSE: 0.2147, r (test): -0.3099
Epoch: 01, Training Loss: 0.2929, Train MSE: 0.2929, r (train): -0.0800, Test MSE: 0.3859, r (test): -0.2133
Epoch: 02, Training Loss: 0.4682, Train MSE: 0.4682, r (train): 0.7451, Test MSE: 0.5913, r (test): -0.0213
Epoch: 03, Training Loss: 0.0447, Train MSE: 0.0447, r (train): 0.6986, Test MSE: 0.0958, r (test): 0.0492
Epoch: 04, Training Loss: 0.4864, Train MSE: 0.4864, r (train): 0.7114, Test MSE: 0.5979, r (test): 0.0394
Epoch: 05, Training Loss: 0.2345, Train MSE: 0.2345, r (train): 0.8144, Test MSE: 0.2496, r (test): 0.0008
Epoch: 06, Training Loss: 0.0383, Train MSE: 0.0383, r (train): 0.7668, Test MSE: 0.1248, r (test): -0.0118
Epoch: 07, Training Loss: 0.0874, Train MSE: 0.0874, r (train): 0.8038, Test MSE: 0.1207, r (test): -0.0286
Epoch: 08, Training Loss: 0.1017, Train MSE: 0.1017, r (train): 0.8059, Test MSE: 0.1912, r (test): -0.1934
Epoch: 09, Training Loss: 0.0340, Train MSE: 0.0340, r (train): 0.8674, Test MSE: 0.1057, r (test): -0.0808
Epoch: 10, Training Loss: 0.0178, Train MSE: 0.0178, r (train): 0.8711, Test MSE: 0.1017, r (test): -0.0600
Epoch: 11, Training Loss: 0.0234, Train MSE: 0.0234, r (train): 0.8753, Test MSE: 0.1147, r (test): -0.1667
Epoch: 12, Training Loss: 0.0205, Train MSE: 0.0205, r (train): 0.8720, Test MSE: 0.1021, r (test): -0.1178
Epoch: 13, Training Loss: 0.0332, Train MSE: 0.0332, r (train): 0.8909, Test MSE: 0.1359, r (test): -0.1312
Epoch: 14, Training Loss: 0.0254, Train MSE: 0.0254, r (train): 0.8915, Test MSE: 0.1205, r (test): -0.1029
Epoch: 15, Training Loss: 0.0158, Train MSE: 0.0158, r (train): 0.8837, Test MSE: 0.0973, r (test): -0.0898
Epoch: 16, Training Loss: 0.0183, Train MSE: 0.0183, r (train): 0.8928, Test MSE: 0.1025, r (test): -0.1228
Epoch: 17, Training Loss: 0.0469, Train MSE: 0.0469, r (train): 0.8823, Test MSE: 0.1583, r (test): -0.1438
Epoch: 18, Training Loss: 0.1167, Train MSE: 0.1167, r (train): 0.8637, Test MSE: 0.2346, r (test): -0.0665
Epoch: 19, Training Loss: 0.0260, Train MSE: 0.0260, r (train): 0.8708, Test MSE: 0.0879, r (test): -0.0198
Epoch: 20, Training Loss: 0.3659, Train MSE: 0.3659, r (train): 0.8420, Test MSE: 0.4081, r (test): -0.1718
Epoch: 21, Training Loss: 0.0549, Train MSE: 0.0549, r (train): 0.8844, Test MSE: 0.1623, r (test): -0.0993
Epoch: 22, Training Loss: 0.0644, Train MSE: 0.0644, r (train): 0.8749, Test MSE: 0.1725, r (test): -0.0696
Epoch: 23, Training Loss: 0.0176, Train MSE: 0.0176, r (train): 0.8745, Test MSE: 0.0919, r (test): -0.0308
Epoch: 24, Training Loss: 0.0251, Train MSE: 0.0251, r (train): 0.8807, Test MSE: 0.0994, r (test): -0.0855
Epoch: 25, Training Loss: 0.0230, Train MSE: 0.0230, r (train): 0.8806, Test MSE: 0.1229, r (test): -0.1335
Epoch: 26, Training Loss: 0.0388, Train MSE: 0.0388, r (train): 0.8734, Test MSE: 0.1362, r (test): -0.0477
Epoch: 27, Training Loss: 0.0167, Train MSE: 0.0167, r (train): 0.8789, Test MSE: 0.0887, r (test): 0.0047
Epoch: 28, Training Loss: 0.0219, Train MSE: 0.0219, r (train): 0.8711, Test MSE: 0.1080, r (test): -0.1955
Epoch: 29, Training Loss: 0.0202, Train MSE: 0.0202, r (train): 0.8816, Test MSE: 0.1128, r (test): -0.0533
Epoch: 30, Training Loss: 0.0239, Train MSE: 0.0239, r (train): 0.8814, Test MSE: 0.1167, r (test): -0.0839
Epoch: 31, Training Loss: 0.0264, Train MSE: 0.0264, r (train): 0.8604, Test MSE: 0.1066, r (test): -0.0749
Epoch: 32, Training Loss: 0.0429, Train MSE: 0.0429, r (train): 0.8794, Test MSE: 0.1083, r (test): -0.0697
Epoch: 33, Training Loss: 0.0271, Train MSE: 0.0271, r (train): 0.8764, Test MSE: 0.1239, r (test): -0.1202
Epoch: 34, Training Loss: 0.0150, Train MSE: 0.0150, r (train): 0.8886, Test MSE: 0.0963, r (test): -0.0816
Epoch: 35, Training Loss: 0.0295, Train MSE: 0.0295, r (train): 0.8633, Test MSE: 0.1148, r (test): -0.0211
Epoch: 36, Training Loss: 0.0186, Train MSE: 0.0186, r (train): 0.8742, Test MSE: 0.1096, r (test): -0.1651
Epoch: 37, Training Loss: 0.0222, Train MSE: 0.0222, r (train): 0.8844, Test MSE: 0.1174, r (test): -0.0888
Epoch: 38, Training Loss: 0.0227, Train MSE: 0.0227, r (train): 0.8587, Test MSE: 0.1056, r (test): -0.0930
Epoch: 39, Training Loss: 0.0178, Train MSE: 0.0178, r (train): 0.8690, Test MSE: 0.1000, r (test): -0.1182
Epoch: 40, Training Loss: 0.1196, Train MSE: 0.1196, r (train): 0.8731, Test MSE: 0.1777, r (test): -0.1573
Epoch: 41, Training Loss: 0.0504, Train MSE: 0.0504, r (train): 0.8348, Test MSE: 0.1522, r (test): -0.1037
Epoch: 42, Training Loss: 0.0160, Train MSE: 0.0160, r (train): 0.8823, Test MSE: 0.0992, r (test): -0.1121
Epoch: 43, Training Loss: 0.0425, Train MSE: 0.0425, r (train): 0.8321, Test MSE: 0.1322, r (test): -0.1658
Epoch: 44, Training Loss: 0.0902, Train MSE: 0.0902, r (train): 0.8540, Test MSE: 0.1472, r (test): -0.1433
Epoch: 45, Training Loss: 0.0617, Train MSE: 0.0617, r (train): 0.8603, Test MSE: 0.1695, r (test): -0.1631
Epoch: 46, Training Loss: 0.0405, Train MSE: 0.0405, r (train): 0.8644, Test MSE: 0.1134, r (test): -0.1816
Epoch: 47, Training Loss: 0.0198, Train MSE: 0.0198, r (train): 0.8669, Test MSE: 0.1018, r (test): -0.0960
Epoch: 48, Training Loss: 0.0433, Train MSE: 0.0433, r (train): 0.8513, Test MSE: 0.1154, r (test): -0.1615
Epoch: 49, Training Loss: 0.0225, Train MSE: 0.0225, r (train): 0.8416, Test MSE: 0.1064, r (test): -0.1442
Epoch: 50, Training Loss: 0.1278, Train MSE: 0.1278, r (train): 0.8708, Test MSE: 0.1948, r (test): -0.1757
Epoch: 51, Training Loss: 0.0443, Train MSE: 0.0443, r (train): 0.8353, Test MSE: 0.1418, r (test): -0.1278
Epoch: 52, Training Loss: 0.0192, Train MSE: 0.0192, r (train): 0.8685, Test MSE: 0.0975, r (test): -0.1343
Epoch: 53, Training Loss: 0.0591, Train MSE: 0.0591, r (train): 0.8251, Test MSE: 0.1090, r (test): -0.0908
Epoch: 54, Training Loss: 0.2379, Train MSE: 0.2379, r (train): 0.8366, Test MSE: 0.3313, r (test): -0.1654
Epoch: 55, Training Loss: 0.0213, Train MSE: 0.0213, r (train): 0.8514, Test MSE: 0.1095, r (test): -0.0965
Epoch: 56, Training Loss: 0.0816, Train MSE: 0.0816, r (train): 0.8449, Test MSE: 0.1886, r (test): -0.0648
Epoch: 57, Training Loss: 0.0345, Train MSE: 0.0345, r (train): 0.8689, Test MSE: 0.1039, r (test): -0.0754
Epoch: 58, Training Loss: 0.0981, Train MSE: 0.0981, r (train): 0.8287, Test MSE: 0.1417, r (test): -0.0557
Epoch: 59, Training Loss: 0.0421, Train MSE: 0.0421, r (train): 0.8436, Test MSE: 0.1366, r (test): -0.0888
Epoch: 60, Training Loss: 0.1025, Train MSE: 0.1025, r (train): 0.8448, Test MSE: 0.2198, r (test): -0.0950
Epoch: 61, Training Loss: 0.0191, Train MSE: 0.0191, r (train): 0.8565, Test MSE: 0.0932, r (test): -0.0567
Epoch: 62, Training Loss: 0.0562, Train MSE: 0.0562, r (train): 0.8283, Test MSE: 0.1384, r (test): -0.0907
Epoch: 63, Training Loss: 0.2129, Train MSE: 0.2129, r (train): 0.8765, Test MSE: 0.2761, r (test): -0.1623
Epoch: 64, Training Loss: 0.0193, Train MSE: 0.0193, r (train): 0.8704, Test MSE: 0.0947, r (test): -0.0845
Epoch: 65, Training Loss: 0.0556, Train MSE: 0.0556, r (train): 0.8692, Test MSE: 0.1208, r (test): -0.1033
Epoch: 66, Training Loss: 0.0534, Train MSE: 0.0534, r (train): 0.8537, Test MSE: 0.1472, r (test): -0.0388
Epoch: 67, Training Loss: 0.0200, Train MSE: 0.0200, r (train): 0.8606, Test MSE: 0.0959, r (test): -0.0655
Epoch: 68, Training Loss: 0.0887, Train MSE: 0.0887, r (train): 0.8814, Test MSE: 0.1569, r (test): -0.1138
Epoch: 69, Training Loss: 0.0732, Train MSE: 0.0732, r (train): 0.8363, Test MSE: 0.1721, r (test): -0.0594
Epoch: 70, Training Loss: 0.0301, Train MSE: 0.0301, r (train): 0.8652, Test MSE: 0.1258, r (test): -0.1371
Epoch: 71, Training Loss: 0.0194, Train MSE: 0.0194, r (train): 0.8783, Test MSE: 0.0954, r (test): -0.0920
Epoch: 72, Training Loss: 0.0169, Train MSE: 0.0169, r (train): 0.8738, Test MSE: 0.1011, r (test): -0.1163
Epoch: 73, Training Loss: 0.0181, Train MSE: 0.0181, r (train): 0.8733, Test MSE: 0.1040, r (test): -0.1052
Epoch: 74, Training Loss: 0.0323, Train MSE: 0.0323, r (train): 0.8704, Test MSE: 0.1015, r (test): -0.0894
Epoch: 75, Training Loss: 0.0197, Train MSE: 0.0197, r (train): 0.8547, Test MSE: 0.1004, r (test): -0.1112
Epoch: 76, Training Loss: 0.0410, Train MSE: 0.0410, r (train): 0.8496, Test MSE: 0.1388, r (test): -0.1208
Epoch: 77, Training Loss: 0.0190, Train MSE: 0.0190, r (train): 0.8737, Test MSE: 0.0989, r (test): -0.1135
Epoch: 78, Training Loss: 0.0170, Train MSE: 0.0170, r (train): 0.8750, Test MSE: 0.1034, r (test): -0.1209
Epoch: 79, Training Loss: 0.0179, Train MSE: 0.0179, r (train): 0.8717, Test MSE: 0.1043, r (test): -0.1314
Epoch: 80, Training Loss: 0.0203, Train MSE: 0.0203, r (train): 0.8649, Test MSE: 0.0954, r (test): -0.0903
Epoch: 81, Training Loss: 0.0221, Train MSE: 0.0221, r (train): 0.8504, Test MSE: 0.1075, r (test): -0.1184
Epoch: 82, Training Loss: 0.0192, Train MSE: 0.0192, r (train): 0.8608, Test MSE: 0.1030, r (test): -0.1255
Epoch: 83, Training Loss: 0.0172, Train MSE: 0.0172, r (train): 0.8729, Test MSE: 0.1010, r (test): -0.1136
Epoch: 84, Training Loss: 0.0176, Train MSE: 0.0176, r (train): 0.8724, Test MSE: 0.1029, r (test): -0.1286
Epoch: 85, Training Loss: 0.0193, Train MSE: 0.0193, r (train): 0.8694, Test MSE: 0.1004, r (test): -0.1197
Epoch: 86, Training Loss: 0.0213, Train MSE: 0.0213, r (train): 0.8546, Test MSE: 0.1043, r (test): -0.0784
Epoch: 87, Training Loss: 0.0196, Train MSE: 0.0196, r (train): 0.8565, Test MSE: 0.1013, r (test): -0.1127
Epoch: 88, Training Loss: 0.0249, Train MSE: 0.0249, r (train): 0.8705, Test MSE: 0.1025, r (test): -0.1197
Epoch: 89, Training Loss: 0.0197, Train MSE: 0.0197, r (train): 0.8715, Test MSE: 0.1115, r (test): -0.1360
Epoch: 90, Training Loss: 0.0190, Train MSE: 0.0190, r (train): 0.8654, Test MSE: 0.1023, r (test): -0.1179
Epoch: 91, Training Loss: 0.0192, Train MSE: 0.0192, r (train): 0.8564, Test MSE: 0.0961, r (test): -0.0664
Epoch: 92, Training Loss: 0.0208, Train MSE: 0.0208, r (train): 0.8509, Test MSE: 0.1047, r (test): -0.1206
Epoch: 93, Training Loss: 0.0207, Train MSE: 0.0207, r (train): 0.8692, Test MSE: 0.1107, r (test): -0.1082
Epoch: 94, Training Loss: 0.0247, Train MSE: 0.0247, r (train): 0.8678, Test MSE: 0.1041, r (test): -0.1209
Epoch: 95, Training Loss: 0.0200, Train MSE: 0.0200, r (train): 0.8544, Test MSE: 0.1005, r (test): -0.1205
Epoch: 96, Training Loss: 0.0242, Train MSE: 0.0242, r (train): 0.8436, Test MSE: 0.1061, r (test): -0.0632
Epoch: 97, Training Loss: 0.0259, Train MSE: 0.0259, r (train): 0.8563, Test MSE: 0.1040, r (test): -0.1253
Epoch: 98, Training Loss: 0.0885, Train MSE: 0.0885, r (train): 0.8613, Test MSE: 0.1334, r (test): -0.0076
Epoch: 99, Training Loss: 0.0332, Train MSE: 0.0332, r (train): 0.8381, Test MSE: 0.1125, r (test): -0.0960
Predicted tensors for training set: 
tensor([0.6952, 0.6317, 0.1599, 0.3663, 0.7336, 0.4363, 0.5653, 0.3131, 0.2502,
        0.5952, 0.7325, 0.2002, 0.4449, 0.3236, 0.4905, 0.6342, 0.4026, 0.5593,
        0.6587, 0.1228, 0.4339, 0.2972, 0.4393, 0.4502, 0.2929, 0.0694, 0.6210,
        0.5428, 0.4153, 0.4566, 0.1842, 0.5077, 0.4293, 0.3863, 0.2231, 0.3630,
        0.6153, 0.5561, 0.1854, 0.5050, 0.3739, 0.6068, 0.3856, 0.2785, 0.8055,
        0.2231, 0.3859, 0.5240, 0.6460, 0.0581, 0.4673, 0.5117, 0.2550, 0.5000,
        0.2808, 0.3932, 0.3939, 0.2130, 0.4111, 0.4321, 0.8113, 0.1920, 0.2489,
        0.8068, 0.3619, 0.5455, 0.5952, 0.2478, 0.5621, 0.5455, 0.4650, 0.1799])
Target tensorsfor training set: 
tensor([0.7371, 0.6671, 0.0636, 0.4373, 0.7144, 0.3453, 0.6465, 0.2255, 0.3077,
        0.7950, 0.9656, 0.2169, 0.5780, 0.4640, 0.7596, 0.7270, 0.6577, 0.8411,
        0.9535, 0.2649, 0.4341, 0.2916, 0.5187, 0.5220, 0.4440, 0.0389, 0.8728,
        0.7901, 0.5102, 0.5573, 0.1218, 0.6595, 0.4993, 0.6992, 0.2464, 0.4036,
        0.8453, 0.8561, 0.1493, 0.7125, 0.3309, 0.7171, 0.2594, 0.1294, 0.9127,
        0.0246, 0.2394, 0.5178, 0.9492, 0.0763, 0.6240, 0.6846, 0.3174, 0.8391,
        0.3829, 0.5783, 0.8363, 0.5023, 0.7507, 0.8556, 0.7497, 0.0981, 0.1360,
        0.7372, 0.6199, 0.8988, 0.9117, 0.4149, 0.5719, 0.4513, 0.4818, 0.0478])
Correlation for training set: 0.8380772863093854
Predicted tensors for test set: 
tensor([0.4330, 0.4051, 0.3278, 0.1949, 0.4709, 0.4340, 0.4347, 0.6012, 0.4737,
        0.5902, 0.5899, 0.6470, 0.4842, 0.5280, 0.4366, 0.3295, 0.6205, 0.3925])
Target tensorsfor test set: 
tensor([0.7791, 0.5658, 0.5300, 0.9621, 0.4526, 0.9215, 0.8524, 0.4654, 0.5564,
        0.5779, 0.1055, 0.7462, 0.8418, 0.9150, 0.9072, 0.1295, 0.6576, 0.2271])
Correlation for test set: -0.09603334999033203
Validation set predictions (100 folds): [tensor([0.5600, 0.4485, 0.6054, 0.6708, 0.8037, 0.8161, 0.7155, 0.6529, 0.6133,
        0.8971, 0.5873, 0.7757, 0.9988, 0.7147, 0.8820, 0.6058, 0.6439, 0.9527]), tensor([0.3626, 0.3960, 0.2361, 0.2231, 0.2936, 0.5788, 0.3232, 0.1085, 0.4035,
        0.4061, 0.5869, 0.2394, 0.2527, 0.3129, 0.3123, 0.2561, 0.2575, 0.3098]), tensor([0.8520, 0.9480, 0.7144, 0.7699, 0.5088, 0.4549, 0.6957, 0.8447, 0.8838,
        0.7562, 0.7845, 0.6943, 0.7349, 0.3860, 0.8250, 0.6380, 0.6616, 0.5438]), tensor([0.6605, 0.4960, 0.5230, 0.5316, 0.6268, 0.4179, 0.5555, 0.3100, 0.5217,
        0.6685, 0.5831, 0.6276, 0.6667, 0.4309, 0.6188, 0.6569, 0.7423, 0.4594]), tensor([0.4330, 0.4051, 0.3278, 0.1949, 0.4709, 0.4340, 0.4347, 0.6012, 0.4737,
        0.5902, 0.5899, 0.6470, 0.4842, 0.5280, 0.4366, 0.3295, 0.6205, 0.3925])]
Validation set targets (100 folds): [tensor([0.7371, 0.6671, 0.0636, 0.4373, 0.7144, 0.3453, 0.6465, 0.2255, 0.3077,
        0.7950, 0.9656, 0.2169, 0.5780, 0.4640, 0.7596, 0.7270, 0.6577, 0.8411]), tensor([0.9535, 0.2649, 0.4341, 0.2916, 0.5187, 0.5220, 0.4440, 0.0389, 0.8728,
        0.7901, 0.5102, 0.5573, 0.1218, 0.6595, 0.4993, 0.6992, 0.2464, 0.4036]), tensor([0.8453, 0.8561, 0.1493, 0.7125, 0.3309, 0.7171, 0.2594, 0.1294, 0.9127,
        0.0246, 0.2394, 0.5178, 0.9492, 0.0763, 0.6240, 0.6846, 0.3174, 0.8391]), tensor([0.3829, 0.5783, 0.8363, 0.5023, 0.7507, 0.8556, 0.7497, 0.0981, 0.1360,
        0.7372, 0.6199, 0.8988, 0.9117, 0.4149, 0.5719, 0.4513, 0.4818, 0.0478]), tensor([0.7791, 0.5658, 0.5300, 0.9621, 0.4526, 0.9215, 0.8524, 0.4654, 0.5564,
        0.5779, 0.1055, 0.7462, 0.8418, 0.9150, 0.9072, 0.1295, 0.6576, 0.2271])]
Time taken: 18534.204838991165 seconds
