DenseNet_thalamus_01.py
/apps/monai/MONAI0.8.1/lib/python3.9/site-packages/torch/cuda/__init__.py:143: UserWarning: 
NVIDIA B200 with CUDA capability sm_100 is not compatible with the current PyTorch installation.
The current PyTorch install supports CUDA capabilities sm_37 sm_50 sm_60 sm_61 sm_70 sm_75 sm_80 sm_86 compute_37.
If you want to use the NVIDIA B200 GPU with PyTorch, please check the instructions at https://pytorch.org/get-started/locally/

  warnings.warn(incompatible_device_warn.format(device_name, capability, " ".join(arch_list), device_name))
90
Image shape: torch.Size([256, 256, 256])
Label: 0.578327051

Image shape: torch.Size([256, 256, 256])
Label: 0.55726975

Image shape: torch.Size([256, 256, 256])
Label: 0.105524477

Image shape: torch.Size([256, 256, 256])
Label: 0.414935686

Image shape: torch.Size([256, 256, 256])
Label: 0.499347098

Image shape: torch.Size([256, 256, 256])
Label: 0.46544507

Image shape: torch.Size([256, 256, 256])
Label: 0.749740575

Image shape: torch.Size([256, 256, 256])
Label: 0.646490545

Image shape: torch.Size([256, 256, 256])
Label: 0.856107326

Image shape: torch.Size([256, 256, 256])
Label: 0.717144575

Image shape: torch.Size([256, 256, 256])
Label: 0.750732335

Image shape: torch.Size([256, 256, 256])
Label: 0.517802514

Image shape: torch.Size([256, 256, 256])
Label: 0.227116465

Image shape: torch.Size([256, 256, 256])
Label: 0.14931566

Image shape: torch.Size([256, 256, 256])
Label: 0.91273199

Image shape: torch.Size([256, 256, 256])
Label: 0.852431609

Image shape: torch.Size([256, 256, 256])
Label: 0.451287356

Image shape: torch.Size([256, 256, 256])
Label: 0.714356234

Image shape: torch.Size([256, 256, 256])
Label: 0.307667842

Image shape: torch.Size([256, 256, 256])
Label: 0.038874365

Image shape: torch.Size([256, 256, 256])
Label: 0.518716963

Image shape: torch.Size([256, 256, 256])
Label: 0.463984431

Image shape: torch.Size([256, 256, 256])
Label: 0.55641775

Image shape: torch.Size([256, 256, 256])
Label: 0.098052496

Image shape: torch.Size([256, 256, 256])
Label: 0.43409457

Image shape: torch.Size([256, 256, 256])
Label: 0.452638778

Image shape: torch.Size([256, 256, 256])
Label: 0.57804499

Image shape: torch.Size([256, 256, 256])
Label: 0.623989995

Image shape: torch.Size([256, 256, 256])
Label: 0.91498566

Image shape: torch.Size([256, 256, 256])
Label: 0.911671093

Image shape: torch.Size([256, 256, 256])
Label: 0.565846925

Image shape: torch.Size([256, 256, 256])
Label: 0.836265129

Image shape: torch.Size([256, 256, 256])
Label: 0.246363884

Image shape: torch.Size([256, 256, 256])
Label: 0.907159832

Image shape: torch.Size([256, 256, 256])
Label: 0.962135747

Image shape: torch.Size([256, 256, 256])
Label: 0.024634435

Image shape: torch.Size([256, 256, 256])
Label: 0.779103135

Image shape: torch.Size([256, 256, 256])
Label: 0.225463904

Image shape: torch.Size([256, 256, 256])
Label: 0.965645278

Image shape: torch.Size([256, 256, 256])
Label: 0.31742745

Image shape: torch.Size([256, 256, 256])
Label: 0.129485328

Image shape: torch.Size([256, 256, 256])
Label: 0.48182514

Image shape: torch.Size([256, 256, 256])
Label: 0.076332172

Image shape: torch.Size([256, 256, 256])
Label: 0.34531344

Image shape: torch.Size([256, 256, 256])
Label: 0.577850585

Image shape: torch.Size([256, 256, 256])
Label: 0.794978716

Image shape: torch.Size([256, 256, 256])
Label: 0.047813956

Image shape: torch.Size([256, 256, 256])
Label: 0.841130428

Image shape: torch.Size([256, 256, 256])
Label: 0.845253622

Image shape: torch.Size([256, 256, 256])
Label: 0.699213269

Image shape: torch.Size([256, 256, 256])
Label: 0.571907479

Image shape: torch.Size([256, 256, 256])
Label: 0.330926406

Image shape: torch.Size([256, 256, 256])
Label: 0.949166278

Image shape: torch.Size([256, 256, 256])
Label: 0.437273408

Image shape: torch.Size([256, 256, 256])
Label: 0.121809436

Image shape: torch.Size([256, 256, 256])
Label: 0.063583908

Image shape: torch.Size([256, 256, 256])
Label: 0.403550924

Image shape: torch.Size([256, 256, 256])
Label: 0.129379513

Image shape: torch.Size([256, 256, 256])
Label: 0.502254367

Image shape: torch.Size([256, 256, 256])
Label: 0.746225617

Image shape: torch.Size([256, 256, 256])
Label: 0.898762669

Image shape: torch.Size([256, 256, 256])
Label: 0.759624831

Image shape: torch.Size([256, 256, 256])
Label: 0.510151238

Image shape: torch.Size([256, 256, 256])
Label: 0.291630426

Image shape: torch.Size([256, 256, 256])
Label: 0.841767741

Image shape: torch.Size([256, 256, 256])
Label: 0.259369175

Image shape: torch.Size([256, 256, 256])
Label: 0.239393515

Image shape: torch.Size([256, 256, 256])
Label: 0.855579732

Image shape: torch.Size([256, 256, 256])
Label: 0.657623403

Image shape: torch.Size([256, 256, 256])
Label: 0.136048492

Image shape: torch.Size([256, 256, 256])
Label: 0.92154251

Image shape: torch.Size([256, 256, 256])
Label: 0.26490909

Image shape: torch.Size([256, 256, 256])
Label: 0.659493008

Image shape: torch.Size([256, 256, 256])
Label: 0.737192172

Image shape: torch.Size([256, 256, 256])
Label: 0.684642475

Image shape: torch.Size([256, 256, 256])
Label: 0.619874898

Image shape: torch.Size([256, 256, 256])
Label: 0.216921218

Image shape: torch.Size([256, 256, 256])
Label: 0.657691961

Image shape: torch.Size([256, 256, 256])
Label: 0.872805901

Image shape: torch.Size([256, 256, 256])
Label: 0.667105602

Image shape: torch.Size([256, 256, 256])
Label: 0.839077585

Image shape: torch.Size([256, 256, 256])
Label: 0.529961465

Image shape: torch.Size([256, 256, 256])
Label: 0.727035333

Image shape: torch.Size([256, 256, 256])
Label: 0.712524369

Image shape: torch.Size([256, 256, 256])
Label: 0.522016133

Image shape: torch.Size([256, 256, 256])
Label: 0.444012353

Image shape: torch.Size([256, 256, 256])
Label: 0.382857646

Image shape: torch.Size([256, 256, 256])
Label: 0.790096101

Image shape: torch.Size([256, 256, 256])
Label: 0.953465465

Image shape: torch.Size([256, 256, 256])
Label: 0.737099236

18 5
Fold 1
Epoch: 00, Training Loss: 0.0953, Train MSE: 0.0953, r (train): -0.3465, Test MSE: 0.0776, r (test): -0.2969
Epoch: 01, Training Loss: 0.2670, Train MSE: 0.2670, r (train): 0.1987, Test MSE: 0.2622, r (test): 0.2783
Epoch: 02, Training Loss: 0.4021, Train MSE: 0.4021, r (train): 0.5898, Test MSE: 0.4004, r (test): 0.4441
Epoch: 03, Training Loss: 0.3475, Train MSE: 0.3475, r (train): 0.7405, Test MSE: 0.3551, r (test): 0.2786
Epoch: 04, Training Loss: 1.2325, Train MSE: 1.2325, r (train): 0.7416, Test MSE: 1.5071, r (test): 0.2402
Epoch: 05, Training Loss: 2.7870, Train MSE: 2.7870, r (train): 0.7192, Test MSE: 3.2570, r (test): 0.2520
Epoch: 06, Training Loss: 0.1794, Train MSE: 0.1794, r (train): 0.7620, Test MSE: 0.2251, r (test): 0.2745
Epoch: 07, Training Loss: 0.1311, Train MSE: 0.1311, r (train): 0.7683, Test MSE: 0.1613, r (test): 0.2366
Epoch: 08, Training Loss: 0.0417, Train MSE: 0.0417, r (train): 0.8086, Test MSE: 0.0696, r (test): 0.2647
Epoch: 09, Training Loss: 0.0314, Train MSE: 0.0314, r (train): 0.8090, Test MSE: 0.0689, r (test): 0.2468
Epoch: 10, Training Loss: 0.2852, Train MSE: 0.2852, r (train): 0.7947, Test MSE: 0.3526, r (test): 0.2585
Epoch: 11, Training Loss: 0.0499, Train MSE: 0.0499, r (train): 0.8361, Test MSE: 0.0928, r (test): 0.2710
Epoch: 12, Training Loss: 0.0738, Train MSE: 0.0738, r (train): 0.8098, Test MSE: 0.1042, r (test): 0.3297
Epoch: 13, Training Loss: 0.0456, Train MSE: 0.0456, r (train): 0.8288, Test MSE: 0.0748, r (test): 0.3240
Epoch: 14, Training Loss: 0.0285, Train MSE: 0.0285, r (train): 0.8411, Test MSE: 0.0652, r (test): 0.2832
Epoch: 15, Training Loss: 0.1410, Train MSE: 0.1410, r (train): 0.8348, Test MSE: 0.1786, r (test): 0.3120
Epoch: 16, Training Loss: 0.2306, Train MSE: 0.2306, r (train): 0.7599, Test MSE: 0.2789, r (test): 0.2437
Epoch: 17, Training Loss: 0.0613, Train MSE: 0.0613, r (train): 0.8253, Test MSE: 0.0892, r (test): 0.3294
Epoch: 18, Training Loss: 0.0479, Train MSE: 0.0479, r (train): 0.8383, Test MSE: 0.0796, r (test): 0.2975
Epoch: 19, Training Loss: 0.3047, Train MSE: 0.3047, r (train): 0.8329, Test MSE: 0.3545, r (test): 0.3212
Epoch: 20, Training Loss: 0.1673, Train MSE: 0.1673, r (train): 0.7684, Test MSE: 0.2065, r (test): 0.2766
Epoch: 21, Training Loss: 0.0262, Train MSE: 0.0262, r (train): 0.8331, Test MSE: 0.0463, r (test): 0.4165
Epoch: 22, Training Loss: 0.1154, Train MSE: 0.1154, r (train): 0.8400, Test MSE: 0.1522, r (test): 0.3236
Epoch: 23, Training Loss: 0.0890, Train MSE: 0.0890, r (train): 0.7812, Test MSE: 0.1181, r (test): 0.3198
Epoch: 24, Training Loss: 0.0640, Train MSE: 0.0640, r (train): 0.8002, Test MSE: 0.0890, r (test): 0.3298
Epoch: 25, Training Loss: 0.0559, Train MSE: 0.0559, r (train): 0.8202, Test MSE: 0.0831, r (test): 0.3386
Epoch: 26, Training Loss: 0.0298, Train MSE: 0.0298, r (train): 0.7973, Test MSE: 0.0497, r (test): 0.3530
Epoch: 27, Training Loss: 0.0632, Train MSE: 0.0632, r (train): 0.7869, Test MSE: 0.0913, r (test): 0.2747
Epoch: 28, Training Loss: 0.0412, Train MSE: 0.0412, r (train): 0.8191, Test MSE: 0.0684, r (test): 0.3216
Epoch: 29, Training Loss: 0.0842, Train MSE: 0.0842, r (train): 0.7684, Test MSE: 0.0916, r (test): 0.3751
Epoch: 30, Training Loss: 0.0275, Train MSE: 0.0275, r (train): 0.8194, Test MSE: 0.0582, r (test): 0.2614
Epoch: 31, Training Loss: 0.1224, Train MSE: 0.1224, r (train): 0.8118, Test MSE: 0.1474, r (test): 0.3168
Epoch: 32, Training Loss: 0.0283, Train MSE: 0.0283, r (train): 0.8092, Test MSE: 0.0534, r (test): 0.2928
Epoch: 33, Training Loss: 0.0764, Train MSE: 0.0764, r (train): 0.8209, Test MSE: 0.1018, r (test): 0.3195
Epoch: 34, Training Loss: 0.0321, Train MSE: 0.0321, r (train): 0.8226, Test MSE: 0.0560, r (test): 0.3428
Epoch: 35, Training Loss: 0.0540, Train MSE: 0.0540, r (train): 0.7824, Test MSE: 0.0803, r (test): 0.3503
Epoch: 36, Training Loss: 0.0493, Train MSE: 0.0493, r (train): 0.8046, Test MSE: 0.0787, r (test): 0.2899
Epoch: 37, Training Loss: 0.9063, Train MSE: 0.9063, r (train): 0.7866, Test MSE: 0.9608, r (test): 0.3297
Epoch: 38, Training Loss: 0.0418, Train MSE: 0.0418, r (train): 0.7489, Test MSE: 0.0607, r (test): 0.4236
Epoch: 39, Training Loss: 0.0796, Train MSE: 0.0796, r (train): 0.8075, Test MSE: 0.1181, r (test): 0.3449
Epoch: 40, Training Loss: 0.0263, Train MSE: 0.0263, r (train): 0.8165, Test MSE: 0.0490, r (test): 0.3629
Epoch: 41, Training Loss: 0.0709, Train MSE: 0.0709, r (train): 0.7984, Test MSE: 0.0873, r (test): 0.3711
Epoch: 42, Training Loss: 0.0262, Train MSE: 0.0262, r (train): 0.8135, Test MSE: 0.0496, r (test): 0.3469
Epoch: 43, Training Loss: 0.0324, Train MSE: 0.0324, r (train): 0.7805, Test MSE: 0.0578, r (test): 0.2816
Epoch: 44, Training Loss: 0.0629, Train MSE: 0.0629, r (train): 0.7948, Test MSE: 0.0896, r (test): 0.2865
Epoch: 45, Training Loss: 0.0334, Train MSE: 0.0334, r (train): 0.7737, Test MSE: 0.0542, r (test): 0.2685
Epoch: 46, Training Loss: 0.5402, Train MSE: 0.5402, r (train): 0.8059, Test MSE: 0.5777, r (test): 0.3146
Epoch: 47, Training Loss: 0.0388, Train MSE: 0.0388, r (train): 0.7904, Test MSE: 0.0665, r (test): 0.3070
Epoch: 48, Training Loss: 0.0570, Train MSE: 0.0570, r (train): 0.8084, Test MSE: 0.0953, r (test): 0.3366
Epoch: 49, Training Loss: 0.0532, Train MSE: 0.0532, r (train): 0.8234, Test MSE: 0.0932, r (test): 0.2552
Epoch: 50, Training Loss: 0.4156, Train MSE: 0.4156, r (train): 0.7951, Test MSE: 0.4024, r (test): 0.3436
Epoch: 51, Training Loss: 0.1628, Train MSE: 0.1628, r (train): 0.8000, Test MSE: 0.1766, r (test): 0.3027
Epoch: 52, Training Loss: 0.1895, Train MSE: 0.1895, r (train): 0.7737, Test MSE: 0.2308, r (test): 0.2614
Epoch: 53, Training Loss: 0.0320, Train MSE: 0.0320, r (train): 0.8058, Test MSE: 0.0536, r (test): 0.3571
Epoch: 54, Training Loss: 0.0341, Train MSE: 0.0341, r (train): 0.7926, Test MSE: 0.0517, r (test): 0.3518
Epoch: 55, Training Loss: 0.0286, Train MSE: 0.0286, r (train): 0.8354, Test MSE: 0.0619, r (test): 0.2757
Epoch: 56, Training Loss: 0.0669, Train MSE: 0.0669, r (train): 0.8071, Test MSE: 0.0864, r (test): 0.3515
Epoch: 57, Training Loss: 0.0305, Train MSE: 0.0305, r (train): 0.8313, Test MSE: 0.0580, r (test): 0.3376
Epoch: 58, Training Loss: 0.1616, Train MSE: 0.1616, r (train): 0.8339, Test MSE: 0.1921, r (test): 0.3447
Epoch: 59, Training Loss: 0.0497, Train MSE: 0.0497, r (train): 0.8016, Test MSE: 0.0856, r (test): 0.3318
Epoch: 60, Training Loss: 0.0267, Train MSE: 0.0267, r (train): 0.8117, Test MSE: 0.0500, r (test): 0.3561
Epoch: 61, Training Loss: 0.0291, Train MSE: 0.0291, r (train): 0.8212, Test MSE: 0.0538, r (test): 0.2867
Epoch: 62, Training Loss: 0.0273, Train MSE: 0.0273, r (train): 0.8172, Test MSE: 0.0565, r (test): 0.3233
Epoch: 63, Training Loss: 0.0420, Train MSE: 0.0420, r (train): 0.8162, Test MSE: 0.0720, r (test): 0.2947
Epoch: 64, Training Loss: 0.0977, Train MSE: 0.0977, r (train): 0.8074, Test MSE: 0.1137, r (test): 0.3746
Epoch: 65, Training Loss: 0.0664, Train MSE: 0.0664, r (train): 0.8286, Test MSE: 0.0870, r (test): 0.3457
Epoch: 66, Training Loss: 0.0623, Train MSE: 0.0623, r (train): 0.7926, Test MSE: 0.1006, r (test): 0.2930
Epoch: 67, Training Loss: 0.0275, Train MSE: 0.0275, r (train): 0.8308, Test MSE: 0.0591, r (test): 0.3026
Epoch: 68, Training Loss: 0.0467, Train MSE: 0.0467, r (train): 0.8075, Test MSE: 0.0717, r (test): 0.3059
Epoch: 69, Training Loss: 0.0669, Train MSE: 0.0669, r (train): 0.8114, Test MSE: 0.0847, r (test): 0.3549
Epoch: 70, Training Loss: 0.0478, Train MSE: 0.0478, r (train): 0.8078, Test MSE: 0.0828, r (test): 0.3300
Epoch: 71, Training Loss: 0.0467, Train MSE: 0.0467, r (train): 0.8295, Test MSE: 0.0701, r (test): 0.3439
Epoch: 72, Training Loss: 0.0370, Train MSE: 0.0370, r (train): 0.8258, Test MSE: 0.0664, r (test): 0.2710
Epoch: 73, Training Loss: 0.0309, Train MSE: 0.0309, r (train): 0.7978, Test MSE: 0.0554, r (test): 0.3102
Epoch: 74, Training Loss: 0.0323, Train MSE: 0.0323, r (train): 0.8275, Test MSE: 0.0596, r (test): 0.3369
Epoch: 75, Training Loss: 0.0468, Train MSE: 0.0468, r (train): 0.8128, Test MSE: 0.0686, r (test): 0.3426
Epoch: 76, Training Loss: 0.0249, Train MSE: 0.0249, r (train): 0.8276, Test MSE: 0.0530, r (test): 0.3008
Epoch: 77, Training Loss: 0.0496, Train MSE: 0.0496, r (train): 0.8136, Test MSE: 0.0889, r (test): 0.2956
Epoch: 78, Training Loss: 0.0360, Train MSE: 0.0360, r (train): 0.7959, Test MSE: 0.0563, r (test): 0.3282
Epoch: 79, Training Loss: 0.0851, Train MSE: 0.0851, r (train): 0.8212, Test MSE: 0.1133, r (test): 0.3235
Epoch: 80, Training Loss: 0.0534, Train MSE: 0.0534, r (train): 0.7871, Test MSE: 0.0889, r (test): 0.3668
Epoch: 81, Training Loss: 0.0326, Train MSE: 0.0326, r (train): 0.8304, Test MSE: 0.0589, r (test): 0.3296
Epoch: 82, Training Loss: 0.0262, Train MSE: 0.0262, r (train): 0.8343, Test MSE: 0.0579, r (test): 0.2642
Epoch: 83, Training Loss: 0.0299, Train MSE: 0.0299, r (train): 0.7895, Test MSE: 0.0531, r (test): 0.3221
Epoch: 84, Training Loss: 0.0258, Train MSE: 0.0258, r (train): 0.8182, Test MSE: 0.0544, r (test): 0.3181
Epoch: 85, Training Loss: 0.0345, Train MSE: 0.0345, r (train): 0.8068, Test MSE: 0.0535, r (test): 0.3580
Epoch: 86, Training Loss: 0.0311, Train MSE: 0.0311, r (train): 0.8308, Test MSE: 0.0577, r (test): 0.3041
Epoch: 87, Training Loss: 0.0540, Train MSE: 0.0540, r (train): 0.8193, Test MSE: 0.0918, r (test): 0.2733
Epoch: 88, Training Loss: 0.0516, Train MSE: 0.0516, r (train): 0.7989, Test MSE: 0.0695, r (test): 0.3242
Epoch: 89, Training Loss: 0.0316, Train MSE: 0.0316, r (train): 0.8146, Test MSE: 0.0579, r (test): 0.3139
Epoch: 90, Training Loss: 0.0365, Train MSE: 0.0365, r (train): 0.8137, Test MSE: 0.0576, r (test): 0.3443
Epoch: 91, Training Loss: 0.0241, Train MSE: 0.0241, r (train): 0.8287, Test MSE: 0.0525, r (test): 0.3242
Epoch: 92, Training Loss: 0.0247, Train MSE: 0.0247, r (train): 0.8335, Test MSE: 0.0571, r (test): 0.2991
Epoch: 93, Training Loss: 0.0280, Train MSE: 0.0280, r (train): 0.7980, Test MSE: 0.0530, r (test): 0.2999
Epoch: 94, Training Loss: 0.0355, Train MSE: 0.0355, r (train): 0.7923, Test MSE: 0.0586, r (test): 0.3029
Epoch: 95, Training Loss: 0.0311, Train MSE: 0.0311, r (train): 0.8096, Test MSE: 0.0542, r (test): 0.3317
Epoch: 96, Training Loss: 0.0319, Train MSE: 0.0319, r (train): 0.8278, Test MSE: 0.0637, r (test): 0.3254
Epoch: 97, Training Loss: 0.0293, Train MSE: 0.0293, r (train): 0.8367, Test MSE: 0.0567, r (test): 0.3194
Epoch: 98, Training Loss: 0.0578, Train MSE: 0.0578, r (train): 0.7720, Test MSE: 0.0895, r (test): 0.2825
Epoch: 99, Training Loss: 0.0509, Train MSE: 0.0509, r (train): 0.8142, Test MSE: 0.0791, r (test): 0.2892
Predicted tensors for training set: 
tensor([0.5960, 0.3630, 0.9155, 0.7710, 0.8291, 0.3246, 0.7360, 0.7217, 0.4936,
        0.5967, 0.8777, 0.9405, 0.6256, 0.8604, 0.2121, 0.9878, 1.3385, 0.1393,
        1.1481, 0.3994, 1.1868, 0.4637, 0.2504, 0.6107, 0.3035, 0.6058, 0.8584,
        1.1376, 0.0869, 1.0170, 1.0500, 0.8751, 0.7009, 0.4202, 1.0281, 0.5260,
        0.7446, 0.6248, 1.0004, 0.7565, 0.4525, 0.7233, 0.8257, 0.7003, 0.7621,
        0.5499, 1.1698, 0.5117, 0.4691, 1.0898, 0.8972, 0.3023, 0.9463, 0.2182,
        0.6580, 0.7366, 0.8130, 0.7208, 0.3439, 0.7554, 0.8802, 0.6195, 0.8055,
        0.5418, 0.7625, 0.7712, 0.5746, 0.4886, 0.3447, 0.8386, 0.9896, 0.7529])
Target tensorsfor training set: 
tensor([0.3077, 0.0389, 0.5187, 0.4640, 0.5564, 0.0981, 0.4341, 0.4526, 0.5780,
        0.6240, 0.9150, 0.9117, 0.5658, 0.8363, 0.2464, 0.9072, 0.9621, 0.0246,
        0.7791, 0.2255, 0.9656, 0.3174, 0.1295, 0.4818, 0.0763, 0.3453, 0.5779,
        0.7950, 0.0478, 0.8411, 0.8453, 0.6992, 0.5719, 0.3309, 0.9492, 0.4373,
        0.1218, 0.0636, 0.4036, 0.1294, 0.5023, 0.7462, 0.8988, 0.7596, 0.5102,
        0.2916, 0.8418, 0.2594, 0.2394, 0.8556, 0.6576, 0.1360, 0.9215, 0.2649,
        0.6595, 0.7372, 0.6846, 0.6199, 0.2169, 0.6577, 0.8728, 0.6671, 0.8391,
        0.5300, 0.7270, 0.7125, 0.5220, 0.4440, 0.3829, 0.7901, 0.9535, 0.7371])
Correlation for training set: 0.8141695668507749
Predicted tensors for test set: 
tensor([1.0329, 0.5680, 0.5512, 0.6972, 0.8492, 0.6758, 0.8611, 0.5795, 0.6374,
        0.5554, 0.8172, 0.3417, 0.8421, 0.6441, 0.8379, 0.8985, 0.5304, 0.8061])
Target tensorsfor test set: 
tensor([0.5783, 0.5573, 0.1055, 0.4149, 0.4993, 0.4654, 0.7497, 0.6465, 0.8561,
        0.7171, 0.7507, 0.5178, 0.2271, 0.1493, 0.9127, 0.8524, 0.4513, 0.7144])
Correlation for test set: 0.28923587951303137
18 5
Fold 2
Epoch: 00, Training Loss: 0.3122, Train MSE: 0.3122, r (train): -0.2374, Test MSE: 0.3016, r (test): -0.0434
Epoch: 01, Training Loss: 0.8091, Train MSE: 0.8091, r (train): 0.6169, Test MSE: 0.7806, r (test): -0.0065
Epoch: 02, Training Loss: 0.7826, Train MSE: 0.7826, r (train): 0.7216, Test MSE: 0.7757, r (test): -0.0678
Epoch: 03, Training Loss: 0.2109, Train MSE: 0.2109, r (train): 0.8101, Test MSE: 0.2834, r (test): -0.0399
Epoch: 04, Training Loss: 0.0461, Train MSE: 0.0461, r (train): 0.7939, Test MSE: 0.1309, r (test): -0.0602
Epoch: 05, Training Loss: 0.3491, Train MSE: 0.3491, r (train): 0.7976, Test MSE: 0.4399, r (test): -0.0496
Epoch: 06, Training Loss: 0.0563, Train MSE: 0.0563, r (train): 0.7906, Test MSE: 0.1478, r (test): -0.0246
Epoch: 07, Training Loss: 0.0402, Train MSE: 0.0402, r (train): 0.8142, Test MSE: 0.1322, r (test): -0.0750
Epoch: 08, Training Loss: 0.0657, Train MSE: 0.0657, r (train): 0.8103, Test MSE: 0.1553, r (test): -0.0158
Epoch: 09, Training Loss: 0.0544, Train MSE: 0.0544, r (train): 0.8126, Test MSE: 0.1565, r (test): -0.0713
Epoch: 10, Training Loss: 0.0332, Train MSE: 0.0332, r (train): 0.8261, Test MSE: 0.1141, r (test): 0.0453
Epoch: 11, Training Loss: 0.0497, Train MSE: 0.0497, r (train): 0.8301, Test MSE: 0.1427, r (test): -0.0377
Epoch: 12, Training Loss: 0.0397, Train MSE: 0.0397, r (train): 0.8320, Test MSE: 0.1369, r (test): -0.0180
Epoch: 13, Training Loss: 0.1149, Train MSE: 0.1149, r (train): 0.8253, Test MSE: 0.1934, r (test): 0.0062
Epoch: 14, Training Loss: 0.0621, Train MSE: 0.0621, r (train): 0.8314, Test MSE: 0.1550, r (test): -0.0204
Epoch: 15, Training Loss: 0.0269, Train MSE: 0.0269, r (train): 0.8368, Test MSE: 0.1143, r (test): 0.0058
Epoch: 16, Training Loss: 0.0664, Train MSE: 0.0664, r (train): 0.8360, Test MSE: 0.1511, r (test): 0.0133
Epoch: 17, Training Loss: 0.0377, Train MSE: 0.0377, r (train): 0.8314, Test MSE: 0.1336, r (test): -0.0367
Epoch: 18, Training Loss: 0.1179, Train MSE: 0.1179, r (train): 0.8178, Test MSE: 0.2045, r (test): -0.0245
Epoch: 19, Training Loss: 0.0385, Train MSE: 0.0385, r (train): 0.8192, Test MSE: 0.1146, r (test): 0.0464
Epoch: 20, Training Loss: 0.1948, Train MSE: 0.1948, r (train): 0.8110, Test MSE: 0.2743, r (test): 0.0057
Epoch: 21, Training Loss: 0.0218, Train MSE: 0.0218, r (train): 0.8311, Test MSE: 0.1125, r (test): -0.0044
Epoch: 22, Training Loss: 0.1069, Train MSE: 0.1069, r (train): 0.8190, Test MSE: 0.1931, r (test): -0.0203
Epoch: 23, Training Loss: 0.0225, Train MSE: 0.0225, r (train): 0.8287, Test MSE: 0.1093, r (test): 0.0126
Epoch: 24, Training Loss: 0.0710, Train MSE: 0.0710, r (train): 0.8209, Test MSE: 0.1522, r (test): 0.0019
Epoch: 25, Training Loss: 0.0446, Train MSE: 0.0446, r (train): 0.8307, Test MSE: 0.1396, r (test): -0.0409
Epoch: 26, Training Loss: 0.0282, Train MSE: 0.0282, r (train): 0.8237, Test MSE: 0.1218, r (test): -0.0211
Epoch: 27, Training Loss: 0.0271, Train MSE: 0.0271, r (train): 0.8213, Test MSE: 0.1012, r (test): 0.0609
Epoch: 28, Training Loss: 0.0283, Train MSE: 0.0283, r (train): 0.8214, Test MSE: 0.1149, r (test): -0.0256
Epoch: 29, Training Loss: 0.0301, Train MSE: 0.0301, r (train): 0.8208, Test MSE: 0.1208, r (test): -0.0330
Epoch: 30, Training Loss: 0.0217, Train MSE: 0.0217, r (train): 0.8304, Test MSE: 0.1021, r (test): 0.0315
Epoch: 31, Training Loss: 0.0282, Train MSE: 0.0282, r (train): 0.8041, Test MSE: 0.1161, r (test): -0.0333
Epoch: 32, Training Loss: 0.0219, Train MSE: 0.0219, r (train): 0.8241, Test MSE: 0.1060, r (test): 0.0136
Epoch: 33, Training Loss: 0.0292, Train MSE: 0.0292, r (train): 0.8231, Test MSE: 0.1090, r (test): -0.0043
Epoch: 34, Training Loss: 0.0280, Train MSE: 0.0280, r (train): 0.8050, Test MSE: 0.1169, r (test): -0.0183
Epoch: 35, Training Loss: 0.0334, Train MSE: 0.0334, r (train): 0.8076, Test MSE: 0.1137, r (test): -0.0065
Epoch: 36, Training Loss: 0.0285, Train MSE: 0.0285, r (train): 0.7914, Test MSE: 0.1057, r (test): 0.0077
Epoch: 37, Training Loss: 0.0418, Train MSE: 0.0418, r (train): 0.8134, Test MSE: 0.1209, r (test): -0.0044
Epoch: 38, Training Loss: 0.0621, Train MSE: 0.0621, r (train): 0.7819, Test MSE: 0.1449, r (test): -0.0301
Epoch: 39, Training Loss: 0.0347, Train MSE: 0.0347, r (train): 0.7897, Test MSE: 0.1134, r (test): -0.0133
Epoch: 40, Training Loss: 0.0816, Train MSE: 0.0816, r (train): 0.7643, Test MSE: 0.1570, r (test): -0.0062
Epoch: 41, Training Loss: 0.1965, Train MSE: 0.1965, r (train): 0.7831, Test MSE: 0.2636, r (test): 0.0186
Epoch: 42, Training Loss: 0.0277, Train MSE: 0.0277, r (train): 0.7785, Test MSE: 0.1040, r (test): -0.0246
Epoch: 43, Training Loss: 0.1101, Train MSE: 0.1101, r (train): 0.7976, Test MSE: 0.1770, r (test): -0.0241
Epoch: 44, Training Loss: 0.0507, Train MSE: 0.0507, r (train): 0.7809, Test MSE: 0.1353, r (test): -0.0275
Epoch: 45, Training Loss: 0.0256, Train MSE: 0.0256, r (train): 0.7946, Test MSE: 0.1040, r (test): 0.0014
Epoch: 46, Training Loss: 0.1791, Train MSE: 0.1791, r (train): 0.7846, Test MSE: 0.2572, r (test): -0.0816
Epoch: 47, Training Loss: 0.1727, Train MSE: 0.1727, r (train): 0.8003, Test MSE: 0.2461, r (test): -0.0328
Epoch: 48, Training Loss: 0.0840, Train MSE: 0.0840, r (train): 0.8204, Test MSE: 0.1686, r (test): 0.0373
Epoch: 49, Training Loss: 0.0860, Train MSE: 0.0860, r (train): 0.7932, Test MSE: 0.1617, r (test): 0.0323
Epoch: 50, Training Loss: 0.0342, Train MSE: 0.0342, r (train): 0.7965, Test MSE: 0.1186, r (test): -0.0526
Epoch: 51, Training Loss: 0.1884, Train MSE: 0.1884, r (train): 0.8166, Test MSE: 0.2612, r (test): -0.0400
Epoch: 52, Training Loss: 0.0665, Train MSE: 0.0665, r (train): 0.8078, Test MSE: 0.1519, r (test): -0.0171
Epoch: 53, Training Loss: 0.0409, Train MSE: 0.0409, r (train): 0.7992, Test MSE: 0.1326, r (test): -0.0390
Epoch: 54, Training Loss: 0.0382, Train MSE: 0.0382, r (train): 0.8036, Test MSE: 0.1181, r (test): 0.0405
Epoch: 55, Training Loss: 0.0591, Train MSE: 0.0591, r (train): 0.8068, Test MSE: 0.1318, r (test): 0.0001
Epoch: 56, Training Loss: 0.1712, Train MSE: 0.1712, r (train): 0.8175, Test MSE: 0.2505, r (test): -0.0294
Epoch: 57, Training Loss: 0.0484, Train MSE: 0.0484, r (train): 0.7798, Test MSE: 0.1208, r (test): 0.0430
Epoch: 58, Training Loss: 0.1383, Train MSE: 0.1383, r (train): 0.7941, Test MSE: 0.1995, r (test): -0.0132
Epoch: 59, Training Loss: 0.0318, Train MSE: 0.0318, r (train): 0.8237, Test MSE: 0.1151, r (test): -0.0185
Epoch: 60, Training Loss: 0.0236, Train MSE: 0.0236, r (train): 0.8116, Test MSE: 0.1069, r (test): -0.0223
Epoch: 61, Training Loss: 0.0396, Train MSE: 0.0396, r (train): 0.8186, Test MSE: 0.1251, r (test): -0.0489
Epoch: 62, Training Loss: 0.0264, Train MSE: 0.0264, r (train): 0.8181, Test MSE: 0.1119, r (test): -0.0117
Epoch: 63, Training Loss: 0.0310, Train MSE: 0.0310, r (train): 0.8255, Test MSE: 0.1105, r (test): 0.0017
Epoch: 64, Training Loss: 0.1327, Train MSE: 0.1327, r (train): 0.8268, Test MSE: 0.2104, r (test): 0.0199
Epoch: 65, Training Loss: 0.1009, Train MSE: 0.1009, r (train): 0.7833, Test MSE: 0.1739, r (test): -0.0208
Epoch: 66, Training Loss: 0.0301, Train MSE: 0.0301, r (train): 0.7979, Test MSE: 0.1155, r (test): -0.0265
Epoch: 67, Training Loss: 0.0305, Train MSE: 0.0305, r (train): 0.8007, Test MSE: 0.1087, r (test): -0.0006
Epoch: 68, Training Loss: 0.3614, Train MSE: 0.3614, r (train): 0.8067, Test MSE: 0.4286, r (test): -0.0307
Epoch: 69, Training Loss: 0.0393, Train MSE: 0.0393, r (train): 0.8121, Test MSE: 0.1232, r (test): -0.0577
Epoch: 70, Training Loss: 0.0432, Train MSE: 0.0432, r (train): 0.8046, Test MSE: 0.1289, r (test): -0.0363
Epoch: 71, Training Loss: 0.0253, Train MSE: 0.0253, r (train): 0.7994, Test MSE: 0.1028, r (test): -0.0081
Epoch: 72, Training Loss: 0.1459, Train MSE: 0.1459, r (train): 0.8091, Test MSE: 0.2201, r (test): -0.0453
Epoch: 73, Training Loss: 0.0256, Train MSE: 0.0256, r (train): 0.8239, Test MSE: 0.1153, r (test): -0.0327
Epoch: 74, Training Loss: 0.0372, Train MSE: 0.0372, r (train): 0.8302, Test MSE: 0.1196, r (test): -0.0261
Epoch: 75, Training Loss: 0.0436, Train MSE: 0.0436, r (train): 0.8135, Test MSE: 0.1222, r (test): -0.0416
Epoch: 76, Training Loss: 0.0256, Train MSE: 0.0256, r (train): 0.7942, Test MSE: 0.1100, r (test): -0.0900
Epoch: 77, Training Loss: 0.0390, Train MSE: 0.0390, r (train): 0.7979, Test MSE: 0.1198, r (test): -0.0302
Epoch: 78, Training Loss: 0.0511, Train MSE: 0.0511, r (train): 0.8104, Test MSE: 0.1308, r (test): -0.0231
Epoch: 79, Training Loss: 0.1408, Train MSE: 0.1408, r (train): 0.8121, Test MSE: 0.2108, r (test): -0.0426
Epoch: 80, Training Loss: 0.0954, Train MSE: 0.0954, r (train): 0.7824, Test MSE: 0.1699, r (test): -0.0475
Epoch: 81, Training Loss: 0.0325, Train MSE: 0.0325, r (train): 0.7794, Test MSE: 0.1129, r (test): -0.0863
Epoch: 82, Training Loss: 0.0360, Train MSE: 0.0360, r (train): 0.8040, Test MSE: 0.1140, r (test): -0.0344
Epoch: 83, Training Loss: 0.0638, Train MSE: 0.0638, r (train): 0.8172, Test MSE: 0.1437, r (test): -0.0410
Epoch: 84, Training Loss: 0.0250, Train MSE: 0.0250, r (train): 0.8223, Test MSE: 0.1109, r (test): -0.0348
Epoch: 85, Training Loss: 0.0256, Train MSE: 0.0256, r (train): 0.8173, Test MSE: 0.1099, r (test): -0.0321
Epoch: 86, Training Loss: 0.0340, Train MSE: 0.0340, r (train): 0.7839, Test MSE: 0.1154, r (test): -0.0409
Epoch: 87, Training Loss: 0.0545, Train MSE: 0.0545, r (train): 0.8041, Test MSE: 0.1346, r (test): -0.0754
Epoch: 88, Training Loss: 0.0369, Train MSE: 0.0369, r (train): 0.8178, Test MSE: 0.1169, r (test): -0.0240
Epoch: 89, Training Loss: 0.1352, Train MSE: 0.1352, r (train): 0.8040, Test MSE: 0.2060, r (test): -0.0285
Epoch: 90, Training Loss: 0.0980, Train MSE: 0.0980, r (train): 0.8161, Test MSE: 0.1834, r (test): -0.0231
Epoch: 91, Training Loss: 0.1048, Train MSE: 0.1048, r (train): 0.7561, Test MSE: 0.1748, r (test): -0.1324
Epoch: 92, Training Loss: 0.0643, Train MSE: 0.0643, r (train): 0.8046, Test MSE: 0.1432, r (test): -0.0513
Epoch: 93, Training Loss: 0.2061, Train MSE: 0.2061, r (train): 0.8157, Test MSE: 0.2870, r (test): -0.0555
Epoch: 94, Training Loss: 0.0270, Train MSE: 0.0270, r (train): 0.8102, Test MSE: 0.1164, r (test): -0.0543
Epoch: 95, Training Loss: 0.0670, Train MSE: 0.0670, r (train): 0.8027, Test MSE: 0.1554, r (test): -0.0357
Epoch: 96, Training Loss: 0.0347, Train MSE: 0.0347, r (train): 0.8036, Test MSE: 0.1078, r (test): 0.0163
Epoch: 97, Training Loss: 0.3915, Train MSE: 0.3915, r (train): 0.8080, Test MSE: 0.4518, r (test): -0.0717
Epoch: 98, Training Loss: 0.0305, Train MSE: 0.0305, r (train): 0.8250, Test MSE: 0.1159, r (test): -0.0621
Epoch: 99, Training Loss: 0.0300, Train MSE: 0.0300, r (train): 0.8133, Test MSE: 0.1162, r (test): -0.0477
Predicted tensors for training set: 
tensor([ 0.6379,  0.6000,  0.1757,  0.5241,  0.5364,  0.4810,  0.7263,  0.5730,
         0.4739,  0.4065,  0.4188,  0.2405,  0.2871,  0.2136,  1.0184,  0.9636,
         0.4358,  0.6898,  0.7108,  0.2190,  0.8173,  0.2422,  0.0852,  0.3628,
         0.1110,  0.3418,  0.5743,  0.7480, -0.0049,  0.8026,  0.7636,  0.6457,
         0.4279,  0.2021,  0.7923,  0.3089,  0.4272,  0.3684,  0.6824,  0.4177,
         0.2616,  0.4345,  0.6261,  0.4607,  0.4102,  0.2143,  0.7348,  0.2090,
         0.3061,  0.8956,  0.6974,  0.1890,  0.6517,  0.1161,  0.4440,  0.5279,
         0.5339,  0.5135,  0.1535,  0.5429,  0.6170,  0.4498,  0.6122,  0.2846,
         0.5801,  0.5882,  0.3760,  0.3121,  0.1930,  0.5393,  0.6106,  0.4871])
Target tensorsfor training set: 
tensor([0.5783, 0.5573, 0.1055, 0.4149, 0.4993, 0.4654, 0.7497, 0.6465, 0.8561,
        0.7171, 0.7507, 0.5178, 0.2271, 0.1493, 0.9127, 0.8524, 0.4513, 0.7144,
        0.7791, 0.2255, 0.9656, 0.3174, 0.1295, 0.4818, 0.0763, 0.3453, 0.5779,
        0.7950, 0.0478, 0.8411, 0.8453, 0.6992, 0.5719, 0.3309, 0.9492, 0.4373,
        0.1218, 0.0636, 0.4036, 0.1294, 0.5023, 0.7462, 0.8988, 0.7596, 0.5102,
        0.2916, 0.8418, 0.2594, 0.2394, 0.8556, 0.6576, 0.1360, 0.9215, 0.2649,
        0.6595, 0.7372, 0.6846, 0.6199, 0.2169, 0.6577, 0.8728, 0.6671, 0.8391,
        0.5300, 0.7270, 0.7125, 0.5220, 0.4440, 0.3829, 0.7901, 0.9535, 0.7371])
Correlation for training set: 0.8133275236156664
Predicted tensors for test set: 
tensor([0.3492, 0.1690, 0.3425, 0.5456, 0.3391, 0.5087, 0.3893, 0.5325, 0.5493,
        0.3958, 0.3964, 0.5119, 0.5691, 0.4637, 0.2551, 0.3648, 0.2765, 0.6778])
Target tensorsfor test set: 
tensor([0.3077, 0.0389, 0.5187, 0.4640, 0.5564, 0.0981, 0.4341, 0.4526, 0.5780,
        0.6240, 0.9150, 0.9117, 0.5658, 0.8363, 0.2464, 0.9072, 0.9621, 0.0246])
Correlation for test set: -0.04773961337930436
18 5
Fold 3
Epoch: 00, Training Loss: 0.1181, Train MSE: 0.1181, r (train): -0.2663, Test MSE: 0.1229, r (test): -0.6185
Epoch: 01, Training Loss: 0.1924, Train MSE: 0.1924, r (train): 0.2914, Test MSE: 0.1877, r (test): 0.4931
Epoch: 02, Training Loss: 0.2429, Train MSE: 0.2429, r (train): 0.4826, Test MSE: 0.2315, r (test): 0.6883
Epoch: 03, Training Loss: 0.1273, Train MSE: 0.1273, r (train): 0.7081, Test MSE: 0.1441, r (test): 0.5583
Epoch: 04, Training Loss: 0.0548, Train MSE: 0.0548, r (train): 0.7260, Test MSE: 0.0669, r (test): 0.6946
Epoch: 05, Training Loss: 0.1307, Train MSE: 0.1307, r (train): 0.6852, Test MSE: 0.1456, r (test): 0.4683
Epoch: 06, Training Loss: 0.0307, Train MSE: 0.0307, r (train): 0.7653, Test MSE: 0.0575, r (test): 0.6149
Epoch: 07, Training Loss: 0.0965, Train MSE: 0.0965, r (train): 0.6397, Test MSE: 0.1241, r (test): 0.3755
Epoch: 08, Training Loss: 0.1301, Train MSE: 0.1301, r (train): 0.7481, Test MSE: 0.1522, r (test): 0.4893
Epoch: 09, Training Loss: 0.0368, Train MSE: 0.0368, r (train): 0.7493, Test MSE: 0.0782, r (test): 0.4456
Epoch: 10, Training Loss: 1.0766, Train MSE: 1.0766, r (train): 0.7228, Test MSE: 1.1078, r (test): 0.5782
Epoch: 11, Training Loss: 0.2355, Train MSE: 0.2355, r (train): 0.7053, Test MSE: 0.2763, r (test): 0.3641
Epoch: 12, Training Loss: 0.0681, Train MSE: 0.0681, r (train): 0.7259, Test MSE: 0.1059, r (test): 0.4172
Epoch: 13, Training Loss: 0.0650, Train MSE: 0.0650, r (train): 0.7685, Test MSE: 0.0942, r (test): 0.5699
Epoch: 14, Training Loss: 0.0299, Train MSE: 0.0299, r (train): 0.7551, Test MSE: 0.0669, r (test): 0.4783
Epoch: 15, Training Loss: 0.0562, Train MSE: 0.0562, r (train): 0.7717, Test MSE: 0.0923, r (test): 0.5041
Epoch: 16, Training Loss: 0.1415, Train MSE: 0.1415, r (train): 0.7419, Test MSE: 0.1788, r (test): 0.4201
Epoch: 17, Training Loss: 0.0756, Train MSE: 0.0756, r (train): 0.7715, Test MSE: 0.1097, r (test): 0.5170
Epoch: 18, Training Loss: 0.0449, Train MSE: 0.0449, r (train): 0.7395, Test MSE: 0.0823, r (test): 0.4509
Epoch: 19, Training Loss: 0.0289, Train MSE: 0.0289, r (train): 0.7802, Test MSE: 0.0684, r (test): 0.4733
Epoch: 20, Training Loss: 0.0605, Train MSE: 0.0605, r (train): 0.7334, Test MSE: 0.1061, r (test): 0.3691
Epoch: 21, Training Loss: 0.0332, Train MSE: 0.0332, r (train): 0.7423, Test MSE: 0.0728, r (test): 0.4299
Epoch: 22, Training Loss: 0.0341, Train MSE: 0.0341, r (train): 0.7121, Test MSE: 0.0641, r (test): 0.5070
Epoch: 23, Training Loss: 0.0519, Train MSE: 0.0519, r (train): 0.7377, Test MSE: 0.0918, r (test): 0.4029
Epoch: 24, Training Loss: 0.0507, Train MSE: 0.0507, r (train): 0.7097, Test MSE: 0.0877, r (test): 0.3470
Epoch: 25, Training Loss: 0.1008, Train MSE: 0.1008, r (train): 0.6989, Test MSE: 0.1391, r (test): 0.4018
Epoch: 26, Training Loss: 0.0337, Train MSE: 0.0337, r (train): 0.7145, Test MSE: 0.0655, r (test): 0.4956
Epoch: 27, Training Loss: 0.0389, Train MSE: 0.0389, r (train): 0.6993, Test MSE: 0.0760, r (test): 0.3986
Epoch: 28, Training Loss: 0.0485, Train MSE: 0.0485, r (train): 0.6946, Test MSE: 0.0824, r (test): 0.3839
Epoch: 29, Training Loss: 0.1189, Train MSE: 0.1189, r (train): 0.7364, Test MSE: 0.1588, r (test): 0.4302
Epoch: 30, Training Loss: 0.0619, Train MSE: 0.0619, r (train): 0.6580, Test MSE: 0.0913, r (test): 0.4192
Epoch: 31, Training Loss: 0.0362, Train MSE: 0.0362, r (train): 0.7044, Test MSE: 0.0774, r (test): 0.3699
Epoch: 32, Training Loss: 0.0498, Train MSE: 0.0498, r (train): 0.6880, Test MSE: 0.0845, r (test): 0.4205
Epoch: 33, Training Loss: 0.0525, Train MSE: 0.0525, r (train): 0.7319, Test MSE: 0.0881, r (test): 0.4373
Epoch: 34, Training Loss: 0.0369, Train MSE: 0.0369, r (train): 0.7010, Test MSE: 0.0760, r (test): 0.3798
Epoch: 35, Training Loss: 0.0480, Train MSE: 0.0480, r (train): 0.6601, Test MSE: 0.0867, r (test): 0.3054
Epoch: 36, Training Loss: 0.1028, Train MSE: 0.1028, r (train): 0.6968, Test MSE: 0.1498, r (test): 0.4058
Epoch: 37, Training Loss: 0.0570, Train MSE: 0.0570, r (train): 0.7800, Test MSE: 0.0931, r (test): 0.5691
Epoch: 38, Training Loss: 0.0413, Train MSE: 0.0413, r (train): 0.6535, Test MSE: 0.0848, r (test): 0.2787
Epoch: 39, Training Loss: 0.0325, Train MSE: 0.0325, r (train): 0.7784, Test MSE: 0.0734, r (test): 0.4411
Epoch: 40, Training Loss: 0.1211, Train MSE: 0.1211, r (train): 0.7454, Test MSE: 0.1582, r (test): 0.4822
Epoch: 41, Training Loss: 0.0670, Train MSE: 0.0670, r (train): 0.7765, Test MSE: 0.1102, r (test): 0.5101
Epoch: 42, Training Loss: 0.0372, Train MSE: 0.0372, r (train): 0.7472, Test MSE: 0.0852, r (test): 0.3652
Epoch: 43, Training Loss: 0.2980, Train MSE: 0.2980, r (train): 0.7717, Test MSE: 0.3373, r (test): 0.5635
Epoch: 44, Training Loss: 0.2877, Train MSE: 0.2877, r (train): 0.7636, Test MSE: 0.3475, r (test): 0.4413
Epoch: 45, Training Loss: 0.0689, Train MSE: 0.0689, r (train): 0.7700, Test MSE: 0.1200, r (test): 0.4303
Epoch: 46, Training Loss: 0.0509, Train MSE: 0.0509, r (train): 0.6745, Test MSE: 0.0837, r (test): 0.4022
Epoch: 47, Training Loss: 0.3450, Train MSE: 0.3450, r (train): 0.7246, Test MSE: 0.3974, r (test): 0.5480
Epoch: 48, Training Loss: 0.0574, Train MSE: 0.0574, r (train): 0.6538, Test MSE: 0.0819, r (test): 0.4102
Epoch: 49, Training Loss: 0.2018, Train MSE: 0.2018, r (train): 0.5205, Test MSE: 0.2309, r (test): 0.1308
Epoch: 50, Training Loss: 0.2077, Train MSE: 0.2077, r (train): 0.6884, Test MSE: 0.2393, r (test): 0.3909
Epoch: 51, Training Loss: 0.0389, Train MSE: 0.0389, r (train): 0.7128, Test MSE: 0.0662, r (test): 0.5148
Epoch: 52, Training Loss: 0.2454, Train MSE: 0.2454, r (train): 0.7400, Test MSE: 0.3018, r (test): 0.4531
Epoch: 53, Training Loss: 0.0805, Train MSE: 0.0805, r (train): 0.7119, Test MSE: 0.1282, r (test): 0.2365
Epoch: 54, Training Loss: 0.1267, Train MSE: 0.1267, r (train): 0.7662, Test MSE: 0.1774, r (test): 0.4422
Epoch: 55, Training Loss: 0.0862, Train MSE: 0.0862, r (train): 0.6652, Test MSE: 0.1272, r (test): 0.4018
Epoch: 56, Training Loss: 0.0513, Train MSE: 0.0513, r (train): 0.7701, Test MSE: 0.0978, r (test): 0.4974
Epoch: 57, Training Loss: 0.0356, Train MSE: 0.0356, r (train): 0.7322, Test MSE: 0.0807, r (test): 0.3208
Epoch: 58, Training Loss: 0.0296, Train MSE: 0.0296, r (train): 0.7631, Test MSE: 0.0804, r (test): 0.3509
Epoch: 59, Training Loss: 0.0950, Train MSE: 0.0950, r (train): 0.7755, Test MSE: 0.1524, r (test): 0.4269
Epoch: 60, Training Loss: 0.0854, Train MSE: 0.0854, r (train): 0.6587, Test MSE: 0.1212, r (test): 0.2694
Epoch: 61, Training Loss: 0.0623, Train MSE: 0.0623, r (train): 0.7589, Test MSE: 0.1094, r (test): 0.4628
Epoch: 62, Training Loss: 0.0552, Train MSE: 0.0552, r (train): 0.7016, Test MSE: 0.1019, r (test): 0.2259
Epoch: 63, Training Loss: 0.0382, Train MSE: 0.0382, r (train): 0.7655, Test MSE: 0.0903, r (test): 0.3680
Epoch: 64, Training Loss: 0.0292, Train MSE: 0.0292, r (train): 0.7615, Test MSE: 0.0719, r (test): 0.4114
Epoch: 65, Training Loss: 0.0705, Train MSE: 0.0705, r (train): 0.7323, Test MSE: 0.1173, r (test): 0.4149
Epoch: 66, Training Loss: 0.0472, Train MSE: 0.0472, r (train): 0.7016, Test MSE: 0.0895, r (test): 0.4107
Epoch: 67, Training Loss: 0.0322, Train MSE: 0.0322, r (train): 0.7593, Test MSE: 0.0764, r (test): 0.4208
Epoch: 68, Training Loss: 0.0359, Train MSE: 0.0359, r (train): 0.7521, Test MSE: 0.0823, r (test): 0.4373
Epoch: 69, Training Loss: 0.0550, Train MSE: 0.0550, r (train): 0.7662, Test MSE: 0.0992, r (test): 0.3512
Epoch: 70, Training Loss: 0.0334, Train MSE: 0.0334, r (train): 0.7347, Test MSE: 0.0722, r (test): 0.4097
Epoch: 71, Training Loss: 0.1390, Train MSE: 0.1390, r (train): 0.7525, Test MSE: 0.1980, r (test): 0.4538
Epoch: 72, Training Loss: 0.0555, Train MSE: 0.0555, r (train): 0.7381, Test MSE: 0.0994, r (test): 0.4172
Epoch: 73, Training Loss: 0.0298, Train MSE: 0.0298, r (train): 0.7818, Test MSE: 0.0699, r (test): 0.4643
Epoch: 74, Training Loss: 0.0558, Train MSE: 0.0558, r (train): 0.7287, Test MSE: 0.0991, r (test): 0.3142
Epoch: 75, Training Loss: 0.0377, Train MSE: 0.0377, r (train): 0.7319, Test MSE: 0.0816, r (test): 0.4012
Epoch: 76, Training Loss: 0.0736, Train MSE: 0.0736, r (train): 0.7738, Test MSE: 0.1230, r (test): 0.4551
Epoch: 77, Training Loss: 0.0443, Train MSE: 0.0443, r (train): 0.7371, Test MSE: 0.0887, r (test): 0.3426
Epoch: 78, Training Loss: 0.0280, Train MSE: 0.0280, r (train): 0.7708, Test MSE: 0.0717, r (test): 0.4176
Epoch: 79, Training Loss: 0.0403, Train MSE: 0.0403, r (train): 0.7606, Test MSE: 0.0870, r (test): 0.4394
Epoch: 80, Training Loss: 0.0488, Train MSE: 0.0488, r (train): 0.7233, Test MSE: 0.0954, r (test): 0.3531
Epoch: 81, Training Loss: 0.0553, Train MSE: 0.0553, r (train): 0.7918, Test MSE: 0.1028, r (test): 0.4218
Epoch: 82, Training Loss: 0.0291, Train MSE: 0.0291, r (train): 0.7670, Test MSE: 0.0722, r (test): 0.4360
Epoch: 83, Training Loss: 0.0296, Train MSE: 0.0296, r (train): 0.7540, Test MSE: 0.0709, r (test): 0.4254
Epoch: 84, Training Loss: 0.0328, Train MSE: 0.0328, r (train): 0.7443, Test MSE: 0.0820, r (test): 0.3206
Epoch: 85, Training Loss: 0.0355, Train MSE: 0.0355, r (train): 0.7163, Test MSE: 0.0852, r (test): 0.2921
Epoch: 86, Training Loss: 0.0456, Train MSE: 0.0456, r (train): 0.7656, Test MSE: 0.0918, r (test): 0.4376
Epoch: 87, Training Loss: 0.0390, Train MSE: 0.0390, r (train): 0.7763, Test MSE: 0.0862, r (test): 0.4445
Epoch: 88, Training Loss: 0.0311, Train MSE: 0.0311, r (train): 0.7547, Test MSE: 0.0817, r (test): 0.3183
Epoch: 89, Training Loss: 0.0383, Train MSE: 0.0383, r (train): 0.7264, Test MSE: 0.0893, r (test): 0.3018
Epoch: 90, Training Loss: 0.0399, Train MSE: 0.0399, r (train): 0.7247, Test MSE: 0.0799, r (test): 0.3673
Epoch: 91, Training Loss: 0.0464, Train MSE: 0.0464, r (train): 0.7763, Test MSE: 0.0960, r (test): 0.4298
Epoch: 92, Training Loss: 0.0337, Train MSE: 0.0337, r (train): 0.7618, Test MSE: 0.0836, r (test): 0.3474
Epoch: 93, Training Loss: 0.0393, Train MSE: 0.0393, r (train): 0.7506, Test MSE: 0.0917, r (test): 0.3161
Epoch: 94, Training Loss: 0.0537, Train MSE: 0.0537, r (train): 0.6776, Test MSE: 0.0890, r (test): 0.3336
Epoch: 95, Training Loss: 0.0586, Train MSE: 0.0586, r (train): 0.7747, Test MSE: 0.1083, r (test): 0.4266
Epoch: 96, Training Loss: 0.0419, Train MSE: 0.0419, r (train): 0.7770, Test MSE: 0.0940, r (test): 0.3917
Epoch: 97, Training Loss: 0.0356, Train MSE: 0.0356, r (train): 0.7472, Test MSE: 0.0843, r (test): 0.3416
Epoch: 98, Training Loss: 0.0388, Train MSE: 0.0388, r (train): 0.7025, Test MSE: 0.0793, r (test): 0.3539
Epoch: 99, Training Loss: 0.0357, Train MSE: 0.0357, r (train): 0.7432, Test MSE: 0.0819, r (test): 0.3442
Predicted tensors for training set: 
tensor([ 0.6465,  0.6755,  0.2163,  0.4493,  0.4701,  0.3920,  0.7248,  0.6079,
         0.5793,  0.4782,  0.4678,  0.3054,  0.2426,  0.1493,  1.1121,  1.0657,
         0.5682,  0.8099,  0.4510,  0.0974,  0.6886,  0.4896,  0.6326,  0.1292,
         0.3718,  0.3829,  0.5607,  0.6376,  0.6297,  0.6507,  0.2454,  0.5734,
         0.1359,  0.8602,  0.9380, -0.0403,  0.5415,  0.3922,  0.6362,  0.5346,
         0.2459,  0.4248,  0.6276,  0.4770,  0.4979,  0.2938,  0.8848,  0.2873,
         0.3422,  1.0682,  0.7919,  0.1805,  0.6068,  0.0962,  0.3984,  0.5008,
         0.6208,  0.5328,  0.1633,  0.5464,  0.6824,  0.5221,  0.6883,  0.3586,
         0.5069,  0.5005,  0.3517,  0.3028,  0.1870,  0.5038,  0.5960,  0.4670])
Target tensorsfor training set: 
tensor([0.5783, 0.5573, 0.1055, 0.4149, 0.4993, 0.4654, 0.7497, 0.6465, 0.8561,
        0.7171, 0.7507, 0.5178, 0.2271, 0.1493, 0.9127, 0.8524, 0.4513, 0.7144,
        0.3077, 0.0389, 0.5187, 0.4640, 0.5564, 0.0981, 0.4341, 0.4526, 0.5780,
        0.6240, 0.9150, 0.9117, 0.5658, 0.8363, 0.2464, 0.9072, 0.9621, 0.0246,
        0.1218, 0.0636, 0.4036, 0.1294, 0.5023, 0.7462, 0.8988, 0.7596, 0.5102,
        0.2916, 0.8418, 0.2594, 0.2394, 0.8556, 0.6576, 0.1360, 0.9215, 0.2649,
        0.6595, 0.7372, 0.6846, 0.6199, 0.2169, 0.6577, 0.8728, 0.6671, 0.8391,
        0.5300, 0.7270, 0.7125, 0.5220, 0.4440, 0.3829, 0.7901, 0.9535, 0.7371])
Correlation for training set: 0.7432311276788205
Predicted tensors for test set: 
tensor([0.8072, 0.6658, 0.3774, 0.5364, 0.2488, 0.2735, 0.2329, 0.5296, 0.5817,
        0.4975, 0.2880, 0.5556, 0.4442, 0.5825, 0.5325, 0.3978, 0.3490, 0.4229])
Target tensorsfor test set: 
tensor([0.7791, 0.2255, 0.9656, 0.3174, 0.1295, 0.4818, 0.0763, 0.3453, 0.5779,
        0.7950, 0.0478, 0.8411, 0.8453, 0.6992, 0.5719, 0.3309, 0.9492, 0.4373])
Correlation for test set: 0.3441697056110565
18 5
Fold 4
Epoch: 00, Training Loss: 0.0755, Train MSE: 0.0755, r (train): -0.3569, Test MSE: 0.0871, r (test): -0.3604
Epoch: 01, Training Loss: 0.1676, Train MSE: 0.1676, r (train): -0.1704, Test MSE: 0.1395, r (test): -0.4197
Epoch: 02, Training Loss: 0.2331, Train MSE: 0.2331, r (train): 0.6326, Test MSE: 0.1900, r (test): 0.3024
Epoch: 03, Training Loss: 0.2770, Train MSE: 0.2770, r (train): 0.7614, Test MSE: 0.2320, r (test): 0.2220
Epoch: 04, Training Loss: 0.0265, Train MSE: 0.0265, r (train): 0.7855, Test MSE: 0.1001, r (test): 0.2959
Epoch: 05, Training Loss: 1.1834, Train MSE: 1.1834, r (train): 0.6885, Test MSE: 1.4574, r (test): 0.5190
Epoch: 06, Training Loss: 3.2787, Train MSE: 3.2787, r (train): 0.7197, Test MSE: 3.6031, r (test): 0.4645
Epoch: 07, Training Loss: 0.0831, Train MSE: 0.0831, r (train): 0.8317, Test MSE: 0.0934, r (test): 0.3975
Epoch: 08, Training Loss: 0.0248, Train MSE: 0.0248, r (train): 0.7983, Test MSE: 0.0852, r (test): 0.4251
Epoch: 09, Training Loss: 0.7850, Train MSE: 0.7850, r (train): 0.8257, Test MSE: 0.9986, r (test): 0.5176
Epoch: 10, Training Loss: 0.1090, Train MSE: 0.1090, r (train): 0.8465, Test MSE: 0.1111, r (test): 0.4658
Epoch: 11, Training Loss: 0.0229, Train MSE: 0.0229, r (train): 0.8414, Test MSE: 0.1030, r (test): 0.3036
Epoch: 12, Training Loss: 0.0282, Train MSE: 0.0282, r (train): 0.8665, Test MSE: 0.1059, r (test): 0.4868
Epoch: 13, Training Loss: 0.0487, Train MSE: 0.0487, r (train): 0.8540, Test MSE: 0.0823, r (test): 0.3390
Epoch: 14, Training Loss: 0.0893, Train MSE: 0.0893, r (train): 0.8626, Test MSE: 0.2019, r (test): 0.4969
Epoch: 15, Training Loss: 0.0347, Train MSE: 0.0347, r (train): 0.8739, Test MSE: 0.0745, r (test): 0.4148
Epoch: 16, Training Loss: 0.0851, Train MSE: 0.0851, r (train): 0.8489, Test MSE: 0.1036, r (test): 0.3466
Epoch: 17, Training Loss: 0.0162, Train MSE: 0.0162, r (train): 0.8765, Test MSE: 0.0745, r (test): 0.4644
Epoch: 18, Training Loss: 0.0170, Train MSE: 0.0170, r (train): 0.8727, Test MSE: 0.0802, r (test): 0.3537
Epoch: 19, Training Loss: 0.0215, Train MSE: 0.0215, r (train): 0.8648, Test MSE: 0.0733, r (test): 0.4117
Epoch: 20, Training Loss: 0.0992, Train MSE: 0.0992, r (train): 0.8559, Test MSE: 0.1135, r (test): 0.3574
Epoch: 21, Training Loss: 0.0532, Train MSE: 0.0532, r (train): 0.8562, Test MSE: 0.0897, r (test): 0.2669
Epoch: 22, Training Loss: 0.0183, Train MSE: 0.0183, r (train): 0.8665, Test MSE: 0.0910, r (test): 0.4248
Epoch: 23, Training Loss: 0.0208, Train MSE: 0.0208, r (train): 0.8648, Test MSE: 0.0959, r (test): 0.4381
Epoch: 24, Training Loss: 0.0918, Train MSE: 0.0918, r (train): 0.8324, Test MSE: 0.1161, r (test): 0.2523
Epoch: 25, Training Loss: 0.0799, Train MSE: 0.0799, r (train): 0.8365, Test MSE: 0.1036, r (test): 0.2920
Epoch: 26, Training Loss: 0.0195, Train MSE: 0.0195, r (train): 0.8549, Test MSE: 0.0831, r (test): 0.2892
Epoch: 27, Training Loss: 0.1425, Train MSE: 0.1425, r (train): 0.8624, Test MSE: 0.2777, r (test): 0.3487
Epoch: 28, Training Loss: 0.1493, Train MSE: 0.1493, r (train): 0.8483, Test MSE: 0.1532, r (test): 0.3361
Epoch: 29, Training Loss: 0.0480, Train MSE: 0.0480, r (train): 0.8176, Test MSE: 0.0896, r (test): 0.2121
Epoch: 30, Training Loss: 0.0203, Train MSE: 0.0203, r (train): 0.8587, Test MSE: 0.0999, r (test): 0.2903
Epoch: 31, Training Loss: 0.0212, Train MSE: 0.0212, r (train): 0.8485, Test MSE: 0.0800, r (test): 0.3113
Epoch: 32, Training Loss: 0.0306, Train MSE: 0.0306, r (train): 0.7969, Test MSE: 0.0854, r (test): 0.1894
Epoch: 33, Training Loss: 0.0211, Train MSE: 0.0211, r (train): 0.8296, Test MSE: 0.0814, r (test): 0.3307
Epoch: 34, Training Loss: 0.0332, Train MSE: 0.0332, r (train): 0.7792, Test MSE: 0.0896, r (test): 0.1174
Epoch: 35, Training Loss: 0.0324, Train MSE: 0.0324, r (train): 0.7783, Test MSE: 0.0790, r (test): 0.2999
Epoch: 36, Training Loss: 0.0283, Train MSE: 0.0283, r (train): 0.8127, Test MSE: 0.1116, r (test): 0.1386
Epoch: 37, Training Loss: 0.0672, Train MSE: 0.0672, r (train): 0.7951, Test MSE: 0.1860, r (test): 0.0386
Epoch: 38, Training Loss: 0.0534, Train MSE: 0.0534, r (train): 0.8307, Test MSE: 0.1393, r (test): 0.3982
Epoch: 39, Training Loss: 0.0269, Train MSE: 0.0269, r (train): 0.8194, Test MSE: 0.1087, r (test): 0.1788
Epoch: 40, Training Loss: 0.0508, Train MSE: 0.0508, r (train): 0.8191, Test MSE: 0.1410, r (test): 0.2737
Epoch: 41, Training Loss: 0.1143, Train MSE: 0.1143, r (train): 0.8605, Test MSE: 0.2415, r (test): 0.3157
Epoch: 42, Training Loss: 0.0305, Train MSE: 0.0305, r (train): 0.8183, Test MSE: 0.0807, r (test): 0.2696
Epoch: 43, Training Loss: 0.1764, Train MSE: 0.1764, r (train): 0.8642, Test MSE: 0.3065, r (test): 0.3275
Epoch: 44, Training Loss: 0.0316, Train MSE: 0.0316, r (train): 0.8668, Test MSE: 0.1164, r (test): 0.3420
Epoch: 45, Training Loss: 0.1786, Train MSE: 0.1786, r (train): 0.8080, Test MSE: 0.1796, r (test): 0.3445
Epoch: 46, Training Loss: 0.0500, Train MSE: 0.0500, r (train): 0.8533, Test MSE: 0.1440, r (test): 0.3356
Epoch: 47, Training Loss: 0.0219, Train MSE: 0.0219, r (train): 0.8311, Test MSE: 0.0863, r (test): 0.3165
Epoch: 48, Training Loss: 0.0384, Train MSE: 0.0384, r (train): 0.8324, Test MSE: 0.1240, r (test): 0.2572
Epoch: 49, Training Loss: 0.0961, Train MSE: 0.0961, r (train): 0.7848, Test MSE: 0.1299, r (test): 0.2052
Epoch: 50, Training Loss: 0.0350, Train MSE: 0.0350, r (train): 0.8291, Test MSE: 0.0926, r (test): 0.0979
Epoch: 51, Training Loss: 0.1028, Train MSE: 0.1028, r (train): 0.8406, Test MSE: 0.1996, r (test): 0.3415
Epoch: 52, Training Loss: 0.1556, Train MSE: 0.1556, r (train): 0.8494, Test MSE: 0.2748, r (test): 0.3197
Epoch: 53, Training Loss: 0.1102, Train MSE: 0.1102, r (train): 0.8460, Test MSE: 0.2176, r (test): 0.2911
Epoch: 54, Training Loss: 0.1440, Train MSE: 0.1440, r (train): 0.8166, Test MSE: 0.1566, r (test): 0.3511
Epoch: 55, Training Loss: 0.0263, Train MSE: 0.0263, r (train): 0.8271, Test MSE: 0.0940, r (test): 0.0767
Epoch: 56, Training Loss: 0.0663, Train MSE: 0.0663, r (train): 0.8110, Test MSE: 0.1533, r (test): 0.2815
Epoch: 57, Training Loss: 0.1613, Train MSE: 0.1613, r (train): 0.8415, Test MSE: 0.2831, r (test): 0.3125
Epoch: 58, Training Loss: 0.0518, Train MSE: 0.0518, r (train): 0.8344, Test MSE: 0.0975, r (test): 0.1669
Epoch: 59, Training Loss: 0.0243, Train MSE: 0.0243, r (train): 0.8670, Test MSE: 0.0951, r (test): 0.3027
Epoch: 60, Training Loss: 0.0440, Train MSE: 0.0440, r (train): 0.8120, Test MSE: 0.0833, r (test): 0.3481
Epoch: 61, Training Loss: 0.0370, Train MSE: 0.0370, r (train): 0.8197, Test MSE: 0.0892, r (test): 0.1524
Epoch: 62, Training Loss: 0.1801, Train MSE: 0.1801, r (train): 0.8360, Test MSE: 0.2848, r (test): 0.2892
Epoch: 63, Training Loss: 0.0316, Train MSE: 0.0316, r (train): 0.8473, Test MSE: 0.1168, r (test): 0.2168
Epoch: 64, Training Loss: 0.0454, Train MSE: 0.0454, r (train): 0.8660, Test MSE: 0.1372, r (test): 0.2438
Epoch: 65, Training Loss: 0.0580, Train MSE: 0.0580, r (train): 0.8537, Test MSE: 0.1429, r (test): 0.3242
Epoch: 66, Training Loss: 0.1300, Train MSE: 0.1300, r (train): 0.7855, Test MSE: 0.1641, r (test): 0.1248
Epoch: 67, Training Loss: 0.0583, Train MSE: 0.0583, r (train): 0.8000, Test MSE: 0.1042, r (test): 0.1453
Epoch: 68, Training Loss: 0.0602, Train MSE: 0.0602, r (train): 0.8651, Test MSE: 0.1493, r (test): 0.2900
Epoch: 69, Training Loss: 0.0852, Train MSE: 0.0852, r (train): 0.8659, Test MSE: 0.1801, r (test): 0.3041
Epoch: 70, Training Loss: 0.0209, Train MSE: 0.0209, r (train): 0.8481, Test MSE: 0.0930, r (test): 0.2027
Epoch: 71, Training Loss: 0.0719, Train MSE: 0.0719, r (train): 0.7667, Test MSE: 0.1095, r (test): 0.2115
Epoch: 72, Training Loss: 0.0380, Train MSE: 0.0380, r (train): 0.8404, Test MSE: 0.1187, r (test): 0.2955
Epoch: 73, Training Loss: 0.0233, Train MSE: 0.0233, r (train): 0.8545, Test MSE: 0.1011, r (test): 0.2128
Epoch: 74, Training Loss: 0.0402, Train MSE: 0.0402, r (train): 0.8451, Test MSE: 0.0932, r (test): 0.2063
Epoch: 75, Training Loss: 0.0243, Train MSE: 0.0243, r (train): 0.8361, Test MSE: 0.0941, r (test): 0.2913
Epoch: 76, Training Loss: 0.0187, Train MSE: 0.0187, r (train): 0.8546, Test MSE: 0.0880, r (test): 0.2561
Epoch: 77, Training Loss: 0.0195, Train MSE: 0.0195, r (train): 0.8588, Test MSE: 0.0909, r (test): 0.2231
Epoch: 78, Training Loss: 0.0231, Train MSE: 0.0231, r (train): 0.8605, Test MSE: 0.0988, r (test): 0.2861
Epoch: 79, Training Loss: 0.0203, Train MSE: 0.0203, r (train): 0.8501, Test MSE: 0.0941, r (test): 0.2512
Epoch: 80, Training Loss: 0.0205, Train MSE: 0.0205, r (train): 0.8400, Test MSE: 0.0804, r (test): 0.2903
Epoch: 81, Training Loss: 0.0169, Train MSE: 0.0169, r (train): 0.8658, Test MSE: 0.0860, r (test): 0.2718
Epoch: 82, Training Loss: 0.0278, Train MSE: 0.0278, r (train): 0.8653, Test MSE: 0.1104, r (test): 0.2520
Epoch: 83, Training Loss: 0.0216, Train MSE: 0.0216, r (train): 0.8533, Test MSE: 0.0832, r (test): 0.2319
Epoch: 84, Training Loss: 0.0191, Train MSE: 0.0191, r (train): 0.8464, Test MSE: 0.0871, r (test): 0.2532
Epoch: 85, Training Loss: 0.0223, Train MSE: 0.0223, r (train): 0.8567, Test MSE: 0.0899, r (test): 0.3472
Epoch: 86, Training Loss: 0.0199, Train MSE: 0.0199, r (train): 0.8587, Test MSE: 0.0835, r (test): 0.2325
Epoch: 87, Training Loss: 0.0186, Train MSE: 0.0186, r (train): 0.8577, Test MSE: 0.0924, r (test): 0.2313
Epoch: 88, Training Loss: 0.0207, Train MSE: 0.0207, r (train): 0.8590, Test MSE: 0.0927, r (test): 0.2933
Epoch: 89, Training Loss: 0.0232, Train MSE: 0.0232, r (train): 0.8530, Test MSE: 0.0936, r (test): 0.2915
Epoch: 90, Training Loss: 0.0293, Train MSE: 0.0293, r (train): 0.8403, Test MSE: 0.0859, r (test): 0.2311
Epoch: 91, Training Loss: 0.0189, Train MSE: 0.0189, r (train): 0.8487, Test MSE: 0.0848, r (test): 0.2387
Epoch: 92, Training Loss: 0.0478, Train MSE: 0.0478, r (train): 0.8641, Test MSE: 0.1393, r (test): 0.2911
Epoch: 93, Training Loss: 0.0271, Train MSE: 0.0271, r (train): 0.8479, Test MSE: 0.0865, r (test): 0.2118
Epoch: 94, Training Loss: 0.0186, Train MSE: 0.0186, r (train): 0.8546, Test MSE: 0.0827, r (test): 0.3026
Epoch: 95, Training Loss: 0.0299, Train MSE: 0.0299, r (train): 0.8548, Test MSE: 0.1116, r (test): 0.2385
Epoch: 96, Training Loss: 0.0270, Train MSE: 0.0270, r (train): 0.8525, Test MSE: 0.1000, r (test): 0.2793
Epoch: 97, Training Loss: 0.0193, Train MSE: 0.0193, r (train): 0.8636, Test MSE: 0.0933, r (test): 0.2463
Epoch: 98, Training Loss: 0.0166, Train MSE: 0.0166, r (train): 0.8674, Test MSE: 0.0837, r (test): 0.2849
Epoch: 99, Training Loss: 0.0222, Train MSE: 0.0222, r (train): 0.8536, Test MSE: 0.0845, r (test): 0.2046
Predicted tensors for training set: 
tensor([0.6693, 0.6509, 0.2881, 0.5094, 0.4021, 0.3871, 0.6057, 0.5624, 0.5752,
        0.5030, 0.4798, 0.3136, 0.3043, 0.2242, 0.9255, 0.8647, 0.5472, 0.7722,
        0.4339, 0.1907, 0.6335, 0.5160, 0.5940, 0.2018, 0.3668, 0.3634, 0.4623,
        0.4811, 0.6587, 0.6431, 0.3467, 0.5844, 0.2525, 0.9274, 0.9816, 0.0302,
        0.7909, 0.2446, 0.9280, 0.3475, 0.3312, 0.6272, 0.2120, 0.4485, 0.5463,
        0.7353, 0.0738, 0.7798, 0.8029, 0.6526, 0.5420, 0.2945, 0.6278, 0.2399,
        0.4081, 0.4694, 0.6097, 0.5400, 0.2012, 0.6177, 0.6083, 0.4512, 0.6128,
        0.2917, 0.6157, 0.6166, 0.4529, 0.4206, 0.2014, 0.5538, 0.6872, 0.5054])
Target tensorsfor training set: 
tensor([0.5783, 0.5573, 0.1055, 0.4149, 0.4993, 0.4654, 0.7497, 0.6465, 0.8561,
        0.7171, 0.7507, 0.5178, 0.2271, 0.1493, 0.9127, 0.8524, 0.4513, 0.7144,
        0.3077, 0.0389, 0.5187, 0.4640, 0.5564, 0.0981, 0.4341, 0.4526, 0.5780,
        0.6240, 0.9150, 0.9117, 0.5658, 0.8363, 0.2464, 0.9072, 0.9621, 0.0246,
        0.7791, 0.2255, 0.9656, 0.3174, 0.1295, 0.4818, 0.0763, 0.3453, 0.5779,
        0.7950, 0.0478, 0.8411, 0.8453, 0.6992, 0.5719, 0.3309, 0.9492, 0.4373,
        0.6595, 0.7372, 0.6846, 0.6199, 0.2169, 0.6577, 0.8728, 0.6671, 0.8391,
        0.5300, 0.7270, 0.7125, 0.5220, 0.4440, 0.3829, 0.7901, 0.9535, 0.7371])
Correlation for training set: 0.853596150633212
Predicted tensors for test set: 
tensor([0.5370, 0.5183, 0.5086, 0.3893, 0.4692, 0.6146, 0.3940, 0.3726, 0.3762,
        0.3101, 0.5846, 0.3712, 0.6347, 0.4593, 0.5895, 0.4090, 0.5497, 0.3769])
Target tensorsfor test set: 
tensor([0.1218, 0.0636, 0.4036, 0.1294, 0.5023, 0.7462, 0.8988, 0.7596, 0.5102,
        0.2916, 0.8418, 0.2594, 0.2394, 0.8556, 0.6576, 0.1360, 0.9215, 0.2649])
Correlation for test set: 0.20459687451990943
18 5
Fold 5
Epoch: 00, Training Loss: 0.2147, Train MSE: 0.2147, r (train): 0.2738, Test MSE: 0.2796, r (test): -0.3729
Epoch: 01, Training Loss: 0.4235, Train MSE: 0.4235, r (train): 0.5726, Test MSE: 0.5488, r (test): 0.3609
Epoch: 02, Training Loss: 0.5507, Train MSE: 0.5507, r (train): 0.7350, Test MSE: 0.7264, r (test): 0.3843
Epoch: 03, Training Loss: 0.0552, Train MSE: 0.0552, r (train): 0.8438, Test MSE: 0.0319, r (test): 0.3867
Epoch: 04, Training Loss: 0.1198, Train MSE: 0.1198, r (train): 0.8417, Test MSE: 0.2494, r (test): 0.2242
Epoch: 05, Training Loss: 0.0897, Train MSE: 0.0897, r (train): 0.8652, Test MSE: 0.0537, r (test): 0.2326
Epoch: 06, Training Loss: 0.3654, Train MSE: 0.3654, r (train): 0.8331, Test MSE: 0.1995, r (test): 0.3765
Epoch: 07, Training Loss: 0.0816, Train MSE: 0.0816, r (train): 0.8790, Test MSE: 0.0425, r (test): 0.3534
Epoch: 08, Training Loss: 0.3908, Train MSE: 0.3908, r (train): 0.8870, Test MSE: 0.2227, r (test): 0.2253
Epoch: 09, Training Loss: 0.6395, Train MSE: 0.6395, r (train): 0.8641, Test MSE: 0.4286, r (test): 0.3439
Epoch: 10, Training Loss: 0.4633, Train MSE: 0.4633, r (train): 0.8784, Test MSE: 0.7048, r (test): 0.2058
Epoch: 11, Training Loss: 0.0919, Train MSE: 0.0919, r (train): 0.8901, Test MSE: 0.0481, r (test): 0.2566
Epoch: 12, Training Loss: 0.3956, Train MSE: 0.3956, r (train): 0.8789, Test MSE: 0.2570, r (test): 0.3588
Epoch: 13, Training Loss: 0.3145, Train MSE: 0.3145, r (train): 0.8858, Test MSE: 0.5254, r (test): 0.2031
Epoch: 14, Training Loss: 0.0174, Train MSE: 0.0174, r (train): 0.8929, Test MSE: 0.0582, r (test): 0.1841
Epoch: 15, Training Loss: 0.0133, Train MSE: 0.0133, r (train): 0.9159, Test MSE: 0.0574, r (test): 0.2385
Epoch: 16, Training Loss: 0.0252, Train MSE: 0.0252, r (train): 0.9069, Test MSE: 0.1084, r (test): 0.1935
Epoch: 17, Training Loss: 0.0151, Train MSE: 0.0151, r (train): 0.9057, Test MSE: 0.0612, r (test): 0.2269
Epoch: 18, Training Loss: 0.2164, Train MSE: 0.2164, r (train): 0.8757, Test MSE: 0.4081, r (test): 0.2004
Epoch: 19, Training Loss: 0.0206, Train MSE: 0.0206, r (train): 0.9016, Test MSE: 0.0933, r (test): 0.2251
Epoch: 20, Training Loss: 0.0170, Train MSE: 0.0170, r (train): 0.8988, Test MSE: 0.0544, r (test): 0.2586
Epoch: 21, Training Loss: 0.7209, Train MSE: 0.7209, r (train): 0.8829, Test MSE: 0.5115, r (test): 0.3649
Epoch: 22, Training Loss: 0.1379, Train MSE: 0.1379, r (train): 0.8804, Test MSE: 0.2951, r (test): 0.2424
Epoch: 23, Training Loss: 0.0807, Train MSE: 0.0807, r (train): 0.8792, Test MSE: 0.2101, r (test): 0.1863
Epoch: 24, Training Loss: 0.0165, Train MSE: 0.0165, r (train): 0.8925, Test MSE: 0.0699, r (test): 0.2388
Epoch: 25, Training Loss: 0.0173, Train MSE: 0.0173, r (train): 0.8859, Test MSE: 0.0639, r (test): 0.2692
Epoch: 26, Training Loss: 0.0700, Train MSE: 0.0700, r (train): 0.8740, Test MSE: 0.1993, r (test): 0.2225
Epoch: 27, Training Loss: 0.0195, Train MSE: 0.0195, r (train): 0.8937, Test MSE: 0.0489, r (test): 0.2462
Epoch: 28, Training Loss: 0.0164, Train MSE: 0.0164, r (train): 0.8929, Test MSE: 0.0630, r (test): 0.2282
Epoch: 29, Training Loss: 0.0215, Train MSE: 0.0215, r (train): 0.8693, Test MSE: 0.0531, r (test): 0.2127
Epoch: 30, Training Loss: 0.0456, Train MSE: 0.0456, r (train): 0.8887, Test MSE: 0.0400, r (test): 0.2687
Epoch: 31, Training Loss: 0.0379, Train MSE: 0.0379, r (train): 0.8712, Test MSE: 0.1259, r (test): 0.2170
Epoch: 32, Training Loss: 0.0501, Train MSE: 0.0501, r (train): 0.8897, Test MSE: 0.1632, r (test): 0.2741
Epoch: 33, Training Loss: 0.4697, Train MSE: 0.4697, r (train): 0.8600, Test MSE: 0.3196, r (test): 0.2875
Epoch: 34, Training Loss: 0.1042, Train MSE: 0.1042, r (train): 0.8897, Test MSE: 0.2468, r (test): 0.3263
Epoch: 35, Training Loss: 0.0237, Train MSE: 0.0237, r (train): 0.8434, Test MSE: 0.0748, r (test): 0.1897
Epoch: 36, Training Loss: 0.0255, Train MSE: 0.0255, r (train): 0.8921, Test MSE: 0.0424, r (test): 0.3174
Epoch: 37, Training Loss: 0.0508, Train MSE: 0.0508, r (train): 0.8614, Test MSE: 0.0365, r (test): 0.2468
Epoch: 38, Training Loss: 0.0197, Train MSE: 0.0197, r (train): 0.8968, Test MSE: 0.0484, r (test): 0.3050
Epoch: 39, Training Loss: 0.2942, Train MSE: 0.2942, r (train): 0.8589, Test MSE: 0.1863, r (test): 0.3050
Epoch: 40, Training Loss: 0.1094, Train MSE: 0.1094, r (train): 0.8883, Test MSE: 0.2634, r (test): 0.3091
Epoch: 41, Training Loss: 0.0250, Train MSE: 0.0250, r (train): 0.8481, Test MSE: 0.0826, r (test): 0.2273
Epoch: 42, Training Loss: 0.0176, Train MSE: 0.0176, r (train): 0.8850, Test MSE: 0.0722, r (test): 0.2719
Epoch: 43, Training Loss: 0.0502, Train MSE: 0.0502, r (train): 0.8666, Test MSE: 0.1485, r (test): 0.2981
Epoch: 44, Training Loss: 0.3877, Train MSE: 0.3877, r (train): 0.8894, Test MSE: 0.2423, r (test): 0.3157
Epoch: 45, Training Loss: 0.1070, Train MSE: 0.1070, r (train): 0.8763, Test MSE: 0.2622, r (test): 0.2772
Epoch: 46, Training Loss: 0.0196, Train MSE: 0.0196, r (train): 0.8874, Test MSE: 0.0465, r (test): 0.2898
Epoch: 47, Training Loss: 0.0177, Train MSE: 0.0177, r (train): 0.8969, Test MSE: 0.0638, r (test): 0.2956
Epoch: 48, Training Loss: 0.3080, Train MSE: 0.3080, r (train): 0.8742, Test MSE: 0.1964, r (test): 0.2695
Epoch: 49, Training Loss: 0.0454, Train MSE: 0.0454, r (train): 0.9039, Test MSE: 0.0382, r (test): 0.3588
Epoch: 50, Training Loss: 0.0228, Train MSE: 0.0228, r (train): 0.8859, Test MSE: 0.0927, r (test): 0.3006
Epoch: 51, Training Loss: 0.0579, Train MSE: 0.0579, r (train): 0.8838, Test MSE: 0.0436, r (test): 0.2708
Epoch: 52, Training Loss: 0.0613, Train MSE: 0.0613, r (train): 0.9018, Test MSE: 0.1860, r (test): 0.3735
Epoch: 53, Training Loss: 0.0802, Train MSE: 0.0802, r (train): 0.8772, Test MSE: 0.0487, r (test): 0.2563
Epoch: 54, Training Loss: 0.0539, Train MSE: 0.0539, r (train): 0.8809, Test MSE: 0.0375, r (test): 0.2938
Epoch: 55, Training Loss: 0.0499, Train MSE: 0.0499, r (train): 0.8417, Test MSE: 0.1536, r (test): 0.3720
Epoch: 56, Training Loss: 0.0317, Train MSE: 0.0317, r (train): 0.8669, Test MSE: 0.1037, r (test): 0.3348
Epoch: 57, Training Loss: 0.0241, Train MSE: 0.0241, r (train): 0.8869, Test MSE: 0.1014, r (test): 0.3835
Epoch: 58, Training Loss: 0.0542, Train MSE: 0.0542, r (train): 0.8768, Test MSE: 0.0350, r (test): 0.2867
Epoch: 59, Training Loss: 0.0479, Train MSE: 0.0479, r (train): 0.8820, Test MSE: 0.1611, r (test): 0.3192
Epoch: 60, Training Loss: 0.0303, Train MSE: 0.0303, r (train): 0.8912, Test MSE: 0.0382, r (test): 0.3103
Epoch: 61, Training Loss: 0.0609, Train MSE: 0.0609, r (train): 0.8920, Test MSE: 0.0402, r (test): 0.2769
Epoch: 62, Training Loss: 0.0330, Train MSE: 0.0330, r (train): 0.8721, Test MSE: 0.0391, r (test): 0.2673
Epoch: 63, Training Loss: 0.0228, Train MSE: 0.0228, r (train): 0.8805, Test MSE: 0.0537, r (test): 0.2592
Epoch: 64, Training Loss: 0.0277, Train MSE: 0.0277, r (train): 0.8757, Test MSE: 0.0384, r (test): 0.3241
Epoch: 65, Training Loss: 0.0169, Train MSE: 0.0169, r (train): 0.8881, Test MSE: 0.0725, r (test): 0.3031
Epoch: 66, Training Loss: 0.0814, Train MSE: 0.0814, r (train): 0.8788, Test MSE: 0.2222, r (test): 0.2788
Epoch: 67, Training Loss: 0.0163, Train MSE: 0.0163, r (train): 0.8924, Test MSE: 0.0609, r (test): 0.3217
Epoch: 68, Training Loss: 0.0176, Train MSE: 0.0176, r (train): 0.8878, Test MSE: 0.0724, r (test): 0.3103
Epoch: 69, Training Loss: 0.0959, Train MSE: 0.0959, r (train): 0.8475, Test MSE: 0.0475, r (test): 0.2145
Epoch: 70, Training Loss: 0.0554, Train MSE: 0.0554, r (train): 0.8877, Test MSE: 0.0366, r (test): 0.3186
Epoch: 71, Training Loss: 0.0172, Train MSE: 0.0172, r (train): 0.8854, Test MSE: 0.0676, r (test): 0.2706
Epoch: 72, Training Loss: 0.0152, Train MSE: 0.0152, r (train): 0.8988, Test MSE: 0.0649, r (test): 0.3094
Epoch: 73, Training Loss: 0.0922, Train MSE: 0.0922, r (train): 0.8756, Test MSE: 0.2332, r (test): 0.2960
Epoch: 74, Training Loss: 0.0259, Train MSE: 0.0259, r (train): 0.8713, Test MSE: 0.1010, r (test): 0.2594
Epoch: 75, Training Loss: 0.0529, Train MSE: 0.0529, r (train): 0.8892, Test MSE: 0.0364, r (test): 0.3028
Epoch: 76, Training Loss: 0.0582, Train MSE: 0.0582, r (train): 0.8873, Test MSE: 0.0371, r (test): 0.2698
Epoch: 77, Training Loss: 0.0720, Train MSE: 0.0720, r (train): 0.8911, Test MSE: 0.2102, r (test): 0.3326
Epoch: 78, Training Loss: 0.0402, Train MSE: 0.0402, r (train): 0.8894, Test MSE: 0.1388, r (test): 0.3137
Epoch: 79, Training Loss: 0.0288, Train MSE: 0.0288, r (train): 0.8617, Test MSE: 0.1044, r (test): 0.3277
Epoch: 80, Training Loss: 0.1408, Train MSE: 0.1408, r (train): 0.8834, Test MSE: 0.0721, r (test): 0.3164
Epoch: 81, Training Loss: 0.0174, Train MSE: 0.0174, r (train): 0.8856, Test MSE: 0.0692, r (test): 0.2810
Epoch: 82, Training Loss: 0.0167, Train MSE: 0.0167, r (train): 0.8932, Test MSE: 0.0549, r (test): 0.3133
Epoch: 83, Training Loss: 0.0949, Train MSE: 0.0949, r (train): 0.8904, Test MSE: 0.2324, r (test): 0.3154
Epoch: 84, Training Loss: 0.0438, Train MSE: 0.0438, r (train): 0.8556, Test MSE: 0.0357, r (test): 0.3084
Epoch: 85, Training Loss: 0.0585, Train MSE: 0.0585, r (train): 0.8897, Test MSE: 0.0367, r (test): 0.3331
Epoch: 86, Training Loss: 0.0409, Train MSE: 0.0409, r (train): 0.8881, Test MSE: 0.0354, r (test): 0.2810
Epoch: 87, Training Loss: 0.0199, Train MSE: 0.0199, r (train): 0.8878, Test MSE: 0.0493, r (test): 0.2972
Epoch: 88, Training Loss: 0.0874, Train MSE: 0.0874, r (train): 0.8824, Test MSE: 0.2265, r (test): 0.3145
Epoch: 89, Training Loss: 0.0374, Train MSE: 0.0374, r (train): 0.8738, Test MSE: 0.1290, r (test): 0.3129
Epoch: 90, Training Loss: 0.0790, Train MSE: 0.0790, r (train): 0.8829, Test MSE: 0.0399, r (test): 0.3432
Epoch: 91, Training Loss: 0.0237, Train MSE: 0.0237, r (train): 0.8896, Test MSE: 0.0431, r (test): 0.3097
Epoch: 92, Training Loss: 0.0227, Train MSE: 0.0227, r (train): 0.8916, Test MSE: 0.0973, r (test): 0.3193
Epoch: 93, Training Loss: 0.0361, Train MSE: 0.0361, r (train): 0.8967, Test MSE: 0.1284, r (test): 0.3283
Epoch: 94, Training Loss: 0.0200, Train MSE: 0.0200, r (train): 0.8888, Test MSE: 0.0839, r (test): 0.3412
Epoch: 95, Training Loss: 0.0310, Train MSE: 0.0310, r (train): 0.8851, Test MSE: 0.0371, r (test): 0.3472
Epoch: 96, Training Loss: 0.0249, Train MSE: 0.0249, r (train): 0.8961, Test MSE: 0.0400, r (test): 0.3328
Epoch: 97, Training Loss: 0.0182, Train MSE: 0.0182, r (train): 0.8922, Test MSE: 0.0481, r (test): 0.3208
Epoch: 98, Training Loss: 0.0702, Train MSE: 0.0702, r (train): 0.8952, Test MSE: 0.1990, r (test): 0.3534
Epoch: 99, Training Loss: 0.0237, Train MSE: 0.0237, r (train): 0.8656, Test MSE: 0.0921, r (test): 0.2787
Predicted tensors for training set: 
tensor([ 0.6409,  0.5797,  0.1352,  0.4804,  0.3230,  0.3281,  0.5759,  0.4180,
         0.4887,  0.3584,  0.4137,  0.2180,  0.2248,  0.1717,  1.0161,  0.9909,
         0.4817,  0.6880,  0.3368,  0.0684,  0.6435,  0.4622,  0.6112,  0.1203,
         0.3409,  0.2947,  0.4400,  0.4880,  0.6162,  0.5803,  0.2253,  0.4929,
         0.1426,  0.7815,  0.8301, -0.0695,  0.8133,  0.2258,  1.0121,  0.2910,
         0.2658,  0.6335,  0.1683,  0.4120,  0.5790,  0.7189,  0.0601,  0.8046,
         0.7177,  0.6341,  0.5002,  0.2401,  0.9825,  0.4245,  0.2009,  0.1046,
         0.4775,  0.2388,  0.6138,  0.8177,  0.5663,  0.4728,  0.2374,  0.0899,
         0.7475,  0.2222,  0.1910,  0.7678,  0.7669,  0.1581,  0.9576,  0.3111])
Target tensorsfor training set: 
tensor([0.5783, 0.5573, 0.1055, 0.4149, 0.4993, 0.4654, 0.7497, 0.6465, 0.8561,
        0.7171, 0.7507, 0.5178, 0.2271, 0.1493, 0.9127, 0.8524, 0.4513, 0.7144,
        0.3077, 0.0389, 0.5187, 0.4640, 0.5564, 0.0981, 0.4341, 0.4526, 0.5780,
        0.6240, 0.9150, 0.9117, 0.5658, 0.8363, 0.2464, 0.9072, 0.9621, 0.0246,
        0.7791, 0.2255, 0.9656, 0.3174, 0.1295, 0.4818, 0.0763, 0.3453, 0.5779,
        0.7950, 0.0478, 0.8411, 0.8453, 0.6992, 0.5719, 0.3309, 0.9492, 0.4373,
        0.1218, 0.0636, 0.4036, 0.1294, 0.5023, 0.7462, 0.8988, 0.7596, 0.5102,
        0.2916, 0.8418, 0.2594, 0.2394, 0.8556, 0.6576, 0.1360, 0.9215, 0.2649])
Correlation for training set: 0.8656060386874281
Predicted tensors for test set: 
tensor([0.2728, 0.4039, 0.3457, 0.4387, 0.3964, 0.2048, 0.6768, 0.5386, 0.4301,
        0.3814, 0.3281, 0.5590, 0.4723, 0.2548, 0.4394, 0.3610, 0.4769, 0.3737])
Target tensorsfor test set: 
tensor([0.6595, 0.7372, 0.6846, 0.6199, 0.2169, 0.6577, 0.8728, 0.6671, 0.8391,
        0.5300, 0.7270, 0.7125, 0.5220, 0.4440, 0.3829, 0.7901, 0.9535, 0.7371])
Correlation for test set: 0.278732571680872
Validation set predictions (100 folds): [tensor([1.0329, 0.5680, 0.5512, 0.6972, 0.8492, 0.6758, 0.8611, 0.5795, 0.6374,
        0.5554, 0.8172, 0.3417, 0.8421, 0.6441, 0.8379, 0.8985, 0.5304, 0.8061]), tensor([0.3492, 0.1690, 0.3425, 0.5456, 0.3391, 0.5087, 0.3893, 0.5325, 0.5493,
        0.3958, 0.3964, 0.5119, 0.5691, 0.4637, 0.2551, 0.3648, 0.2765, 0.6778]), tensor([0.8072, 0.6658, 0.3774, 0.5364, 0.2488, 0.2735, 0.2329, 0.5296, 0.5817,
        0.4975, 0.2880, 0.5556, 0.4442, 0.5825, 0.5325, 0.3978, 0.3490, 0.4229]), tensor([0.5370, 0.5183, 0.5086, 0.3893, 0.4692, 0.6146, 0.3940, 0.3726, 0.3762,
        0.3101, 0.5846, 0.3712, 0.6347, 0.4593, 0.5895, 0.4090, 0.5497, 0.3769]), tensor([0.2728, 0.4039, 0.3457, 0.4387, 0.3964, 0.2048, 0.6768, 0.5386, 0.4301,
        0.3814, 0.3281, 0.5590, 0.4723, 0.2548, 0.4394, 0.3610, 0.4769, 0.3737])]
Validation set targets (100 folds): [tensor([0.5783, 0.5573, 0.1055, 0.4149, 0.4993, 0.4654, 0.7497, 0.6465, 0.8561,
        0.7171, 0.7507, 0.5178, 0.2271, 0.1493, 0.9127, 0.8524, 0.4513, 0.7144]), tensor([0.3077, 0.0389, 0.5187, 0.4640, 0.5564, 0.0981, 0.4341, 0.4526, 0.5780,
        0.6240, 0.9150, 0.9117, 0.5658, 0.8363, 0.2464, 0.9072, 0.9621, 0.0246]), tensor([0.7791, 0.2255, 0.9656, 0.3174, 0.1295, 0.4818, 0.0763, 0.3453, 0.5779,
        0.7950, 0.0478, 0.8411, 0.8453, 0.6992, 0.5719, 0.3309, 0.9492, 0.4373]), tensor([0.1218, 0.0636, 0.4036, 0.1294, 0.5023, 0.7462, 0.8988, 0.7596, 0.5102,
        0.2916, 0.8418, 0.2594, 0.2394, 0.8556, 0.6576, 0.1360, 0.9215, 0.2649]), tensor([0.6595, 0.7372, 0.6846, 0.6199, 0.2169, 0.6577, 0.8728, 0.6671, 0.8391,
        0.5300, 0.7270, 0.7125, 0.5220, 0.4440, 0.3829, 0.7901, 0.9535, 0.7371])]
Time taken: 18454.641843795776 seconds
